   278 32.48 5.74 5.74    CAKMJL020000003.1     12548     12756  (10335) +               Kuruka     Unspecified    4388    4596  (4237)    
  2053 33.21 2.30 2.39           OV656835.1    521287    522458 (100701553) C               Kuruka     Unspecified  (4175)    4658    3488    
   428 32.11 2.79 3.20           OV656835.1   6469740   6469990 (94754021) C               Kuruka     Unspecified  (4297)    4536    4287    
   390 35.19 0.00 0.00           OV656835.1   6705051   6705212 (94518799) +               Kuruka     Unspecified    3575    3736  (5097)    
   591 32.89 4.01 3.23           OV656835.1   7767362   7767760 (93456251) C               Kuruka     Unspecified  (4967)    3866    3465    
   226 37.53 4.53 4.22           OV656835.1  15934041  15934702 (85289309) C               Kuruka     Unspecified  (4237)    4596    3933    
   446 33.12 0.00 0.00           OV656835.1  15934896  15935049 (85288962) C               Kuruka     Unspecified  (5097)    3736    3583    
   269 31.57 2.99 0.73           OV656835.1  15975061  15975194 (85248817) C               Kuruka     Unspecified  (4500)    4333    4197    
   307 33.51 3.57 4.10           OV656835.1  17638269  17638464 (83585547) +               Kuruka     Unspecified    4272    4466  (4367)    
   301 36.51 2.43 2.93           OV656835.1  19798317  19798522 (81425489) C               Kuruka     Unspecified  (4324)    4509    4305    
   305 29.18 3.33 4.03           OV656835.1  21488530  21488679 (79735332) C               Kuruka     Unspecified  (4455)    4378    4230    
   397 31.54 3.59 4.00           OV656835.1  22368846  22369096 (78854915) C               Kuruka     Unspecified  (4297)    4536    4287    
   306 26.58 4.00 4.70           OV656835.1  22927832  22927981 (78296030) +               Kuruka     Unspecified    4230    4378  (4455)    
   274 35.74 2.49 2.49           OV656835.1  23853419  23853659 (77370352) C               Kuruka     Unspecified  (4297)    4536    4296    
   431 30.34 5.94 6.27           OV656835.1  24320997  24321316 (76902695) C               Kuruka     Unspecified  (4297)    4536    4218    
   264 19.67 0.00 3.57           OV656835.1  25790679  25790736 (75433275) +               Kuruka     Unspecified    2445    2500  (6333)    
   358 31.68 7.33 2.50           OV656835.1  27895589  27895779 (73328232) +               Kuruka     Unspecified    3585    3784  (5049)    
  1467 35.36 3.31 3.23           OV656835.1  27989889  27991095 (73232916) +               Kuruka     Unspecified    3554    4761  (4072)    
   309 26.58 4.00 4.70           OV656835.1  31590008  31590157 (69633854) C               Kuruka     Unspecified  (4455)    4378    4230    
   306 26.58 4.00 4.70           OV656835.1  32628899  32629048 (68594963) C               Kuruka     Unspecified  (4455)    4378    4230    
   304 35.77 3.75 3.32           OV656835.1  33863059  33863298 (67360713) C               Kuruka     Unspecified  (4311)    4522    4282    
   261 32.06 4.21 4.76           OV656835.1  36045432  36045621 (65178390) +               Kuruka     Unspecified    4308    4496  (4337)    
   359 28.58 4.71 5.33           OV656835.1  37439332  37439501 (63784510) +               Kuruka     Unspecified    4273    4441  (4392)    
  1085 35.82 2.05 3.34           OV656835.1  38623986  38624863 (62599148) +               Kuruka     Unspecified    3488    4354  (4479)    
   262 23.67 3.09 4.17           OV656835.1  40453475  40453571 (60770440) +               Kuruka     Unspecified    4282    4377  (4456)    
   281 35.66 2.90 3.15           OV656835.1  40856032  40856445 (60367566) +               Kuruka     Unspecified    3966    4378  (4455)    
   461 33.95 0.00 0.00           OV656835.1  41276900  41277061 (59946950) +               Kuruka     Unspecified    3575    3736  (5097)    
   349 37.57 4.23 3.92           OV656835.1  41277255  41277916 (59946095) +               Kuruka     Unspecified    3933    4596  (4237)    
   244 24.59 0.00 0.00           OV656835.1  47671419  47671479 (53552532) +               Kuruka     Unspecified    4284    4344  (4489)    
   634 33.46 6.48 5.61           OV656835.1  47683912  47684883 (53539128) +               Kuruka     Unspecified    3465    4444  (4389)    
   267 29.63 0.91 1.83           OV656835.1  49416812  49416921 (51807090) +               Kuruka     Unspecified    4270    4378  (4455)    
   316 33.34 3.55 4.08           OV656835.1  49438332  49438528 (51785483) C               Kuruka     Unspecified  (4366)    4467    4272    
   254 28.71 0.91 1.83           OV656835.1  50238545  50238654 (50985357) C               Kuruka     Unspecified  (4455)    4378    4270    
   286 26.17 1.82 2.75           OV656835.1  51036534  51036643 (50187368) C               Kuruka     Unspecified  (4455)    4378    4270    
   310 31.67 1.64 1.64           OV656835.1  53467782  53467903 (47756108) C               Kuruka     Unspecified  (4479)    4354    4233    
   294 29.55 2.27 0.00           OV656835.1  54597710  54597797 (46626214) C               Kuruka     Unspecified  (4479)    4354    4265    
   483 34.07 2.53 2.53           OV656835.1  57054048  57054324 (44169687) C               Kuruka     Unspecified  (5095)    3738    3462    
   233 35.48 0.00 0.00           OV656835.1  57510050  57510142 (43713869) C               Kuruka     Unspecified  (5154)    3679    3587    
   484 31.25 1.24 0.62           OV656835.1  57569589  57569749 (43654262) +               Kuruka     Unspecified    3575    3736  (5097)    
   331 37.73 4.22 4.22           OV656835.1  57569944  57570607 (43653404) +               Kuruka     Unspecified    3933    4596  (4237)    
   284 28.71 0.91 1.83           OV656835.1  58104672  58104781 (43119230) C               Kuruka     Unspecified  (4455)    4378    4270    
   295 36.51 2.43 2.93           OV656835.1  58822774  58822979 (42401032) C               Kuruka     Unspecified  (4324)    4509    4305    
   301 29.18 3.33 4.03           OV656835.1  58911156  58911305 (42312706) +               Kuruka     Unspecified    4230    4378  (4455)    
   459 37.71 1.74 4.16           OV656835.1  60193988  60194676 (41029335) C               Kuruka     Unspecified  (4222)    4611    3939    
   335 35.99 2.31 2.31           OV656835.1  60194781  60195127 (41028884) C               Kuruka     Unspecified  (4999)    3834    3488    
   416 31.86 6.88 2.02           OV656835.1  62303544  62303732 (38920279) +               Kuruka     Unspecified    3587    3784  (5049)    
   274 29.22 5.30 1.46           OV656835.1  64534934  64535065 (36688946) C               Kuruka     Unspecified  (4500)    4333    4197    
   306 26.58 4.00 4.70           OV656835.1  65960963  65961112 (35262899) C               Kuruka     Unspecified  (4455)    4378    4230    
   465 33.95 0.00 0.00           OV656835.1  70421663  70421824 (30802187) +               Kuruka     Unspecified    3575    3736  (5097)    
   278 37.48 4.38 4.07           OV656835.1  70422019  70422680 (30801331) +               Kuruka     Unspecified    3933    4596  (4237)    
   294 29.55 2.27 0.00           OV656835.1  71298632  71298719 (29925292) +               Kuruka     Unspecified    4265    4354  (4479)    
   340 34.38 1.74 2.63           OV656835.1  74053321  74053550 (27170461) +               Kuruka     Unspecified    4220    4447  (4386)    
   235 31.78 5.06 7.29           OV656835.1  76428603  76428938 (24795073) +               Kuruka     Unspecified    4196    4524  (4309)    
   256 32.33 2.99 0.73           OV656835.1  82189648  82189781 (19034230) +               Kuruka     Unspecified    4197    4333  (4500)    
   293 13.46 1.89 1.89           OV656835.1  83370305  83370357 (17853654) +               Kuruka     Unspecified    4281    4333  (4500)    
   305 29.18 3.33 4.03           OV656835.1  84003591  84003740 (17220271) C               Kuruka     Unspecified  (4455)    4378    4230    
   225 36.92 1.52 1.52           OV656835.1  84274923  84275054 (16948957) +               Kuruka     Unspecified    4223    4354  (4479)    
   253 32.58 0.00 0.00           OV656835.1  87913605  87913693 (13310318) C               Kuruka     Unspecified  (4479)    4354    4266    
   431 33.23 3.27 3.61           OV656835.1  92294176  92294481 (8929530) C               Kuruka     Unspecified  (4297)    4536    4232    
   235 31.78 5.06 7.29           OV656835.1  94142881  94143216 (7080795) +               Kuruka     Unspecified    4196    4524  (4309)    
   437 35.44 3.19 3.53           OV656835.1 100948597 100948909 (275102) +               Kuruka     Unspecified    4225    4536  (4297)    
   264 19.67 0.00 3.57           OV656836.1   1194880   1194937 (26720413) +               Kuruka     Unspecified    2445    2500  (6333)    
  2018 35.57 1.76 1.84           OV656836.1   1196040   1197345 (26718005) +               Kuruka     Unspecified    3461    4765  (4068)    
   242 34.85 2.37 3.60           OV656836.1   8837493   8837745 (19077605) +               Kuruka     Unspecified    3582    3831  (5002)    
   262 23.67 3.09 4.17           OV656836.1  11748276  11748372 (16166978) C               Kuruka     Unspecified  (4456)    4377    4282    
   250 34.85 2.37 3.60           OV656836.1  12761734  12761986 (15153364) +               Kuruka     Unspecified    3582    3831  (5002)    
   292 35.30 3.40 3.79           OV656836.1  16875402  16875666 (11039684) C               Kuruka     Unspecified  (4297)    4536    4273    
   301 29.18 3.33 4.03           OV656836.1  19629084  19629233 (8286117) +               Kuruka     Unspecified    4230    4378  (4455)    
   327 36.26 3.08 3.47           OV656836.1  20793228  20793487 (7121863) +               Kuruka     Unspecified    4287    4545  (4288)    
   282 31.63 4.00 4.46           OV656836.1  20874147  20874371 (7040979) +               Kuruka     Unspecified    4287    4510  (4323)    
   290 30.91 2.92 3.53           OV656836.1  21564005  21564175 (6351175) C               Kuruka     Unspecified  (4390)    4443    4274    
   439 31.69 2.79 3.20           OV656836.1  21939407  21939657 (5975693) C               Kuruka     Unspecified  (4297)    4536    4287    
   409 33.95 0.00 0.00           OV656836.1  24831096  24831257 (3084093) C               Kuruka     Unspecified  (5097)    3736    3575    
   492 32.81 1.93 2.33           OV656836.1  25947995  25948253 (1967097) +               Kuruka     Unspecified    4264    4521  (4312)    
   313 28.48 3.33 4.03           OV656837.1   4634906   4635055 (20897871) +               Kuruka     Unspecified    4230    4378  (4455)    
   282 35.66 4.55 4.98           OV656837.1  10842604  10842845 (14690081) +               Kuruka     Unspecified    4296    4536  (4297)    
   305 29.18 3.33 4.03           OV656837.1  15341517  15341666 (10191260) C               Kuruka     Unspecified  (4455)    4378    4230    
   293 13.46 1.89 1.89           OV656837.1  17412097  17412149 (8120777) C               Kuruka     Unspecified  (4500)    4333    4281    
   235 31.78 5.06 7.29           OV656837.1  20091899  20092234 (5440692) C               Kuruka     Unspecified  (4309)    4524    4196    
   428 32.11 2.79 3.20           OV656837.1  20539207  20539457 (4993469) +               Kuruka     Unspecified    4287    4536  (4297)    
   370 34.57 0.00 0.00           OV656837.1  20608055  20608216 (4924710) +               Kuruka     Unspecified    3575    3736  (5097)    
   254 35.05 1.83 2.29           OV656837.1  20668784  20669002 (4863924) +               Kuruka     Unspecified    4305    4522  (4311)    
  1975 32.57 2.82 2.91           OV656837.1  25051561  25052730 (480196) C               Kuruka     Unspecified  (4177)    4656    3488    
  1449 33.39 3.06 3.15           OV656838.1    205558    206732 (24549333) +               Kuruka     Unspecified    3441    4614  (4219)    
   280 30.85 3.31 3.31           OV656838.1    412725    412905 (24343160) C               Kuruka     Unspecified  (5197)    3636    3456    
   306 26.58 4.00 4.70           OV656838.1   4441029   4441178 (20314887) +               Kuruka     Unspecified    4230    4378  (4455)    
   232 26.60 2.06 3.12           OV656838.1   4474493   4474589 (20281476) +               Kuruka     Unspecified    4282    4377  (4456)    
   237 28.17 0.00 0.00           OV656838.1   4682828   4682898 (20073167) C               Kuruka     Unspecified  (4479)    4354    4284    
   258 28.71 0.91 1.83           OV656838.1   7133014   7133123 (17622942) C               Kuruka     Unspecified  (4455)    4378    4270    
   243 24.22 2.04 3.09           OV656838.1   9695182   9695279 (15060786) C               Kuruka     Unspecified  (1375)    7458    7362    
   246 35.08 2.90 2.90           OV656838.1  11328171  11328308 (13427757) +               Kuruka     Unspecified    3953    4090  (4743)    
   266 33.34 2.63 3.31           OV656838.1  11328511  11328662 (13427403) +               Kuruka     Unspecified    4293    4443  (4390)    
   233 34.82 0.88 0.88           OV656838.1  14160756  14160868 (10595197) C               Kuruka     Unspecified  (5133)    3700    3588    
   265 19.67 0.00 3.57           OV656838.1  17095568  17095625 (7660440) +               Kuruka     Unspecified    2445    2500  (6333)    
  2104 35.29 1.84 1.92           OV656838.1  17096728  17098033 (7658032) +               Kuruka     Unspecified    3461    4765  (4068)    
   321 27.06 0.00 0.00           OV656838.1  20784347  20784431 (3971634) +               Kuruka     Unspecified    4270    4354  (4479)    
   384 33.20 1.89 2.27           OV656838.1  23446668  23446932 (1309133) C               Kuruka     Unspecified  (4297)    4536    4273    
   241 34.18 2.77 4.00           OV656838.1  23659422  23659674 (1096391) +               Kuruka     Unspecified    3582    3831  (5002)    
   284 28.71 0.91 1.83           OV656838.1  24009668  24009777 (746288) C               Kuruka     Unspecified  (4455)    4378    4270    
   255 25.42 0.00 0.00           OV656839.1   3862995   3863053 (20775372) +               Kuruka     Unspecified    4274    4332  (4501)    
  2105 35.65 1.76 1.84           OV656839.1   7183235   7184540 (17453885) C               Kuruka     Unspecified  (4068)    4765    3461    
   265 19.67 0.00 3.57           OV656839.1   7185642   7185699 (17452726) C               Kuruka     Unspecified  (6333)    2500    2445    
   315 28.96 1.71 2.59           OV656839.1   9300040   9300156 (15338269) +               Kuruka     Unspecified    4282    4397  (4436)    
   309 29.27 0.00 0.00           OV656839.1  18078780  18078861 (6559564) C               Kuruka     Unspecified  (4479)    4354    4273    
   259 27.11 1.82 2.75           OV656839.1  19056271  19056380 (5582045) +               Kuruka     Unspecified    4270    4378  (4455)    
   269 31.57 2.99 0.73           OV656839.1  19730919  19731052 (4907373) C               Kuruka     Unspecified  (4500)    4333    4197    
   294 29.55 2.27 0.00           OV656839.1  19740187  19740274 (4898151) +               Kuruka     Unspecified    4265    4354  (4479)    
   293 29.55 2.27 0.00           OV656839.1  22981247  22981334 (1657091) C               Kuruka     Unspecified  (4479)    4354    4265    
   228 18.87 1.85 1.85           OV656840.1    192353    192406 (23652583) C               Kuruka     Unspecified  (4500)    4333    4280    
   237 28.17 0.00 0.00           OV656840.1    620214    620284 (23224705) C               Kuruka     Unspecified  (4479)    4354    4284    
   251 29.40 5.26 6.51           OV656840.1   1000921   1001091 (22843898) +               Kuruka     Unspecified    4291    4459  (4374)    
   283 34.70 3.91 4.31           OV656840.1   2397336   2397591 (21447398) +               Kuruka     Unspecified    4273    4527  (4306)    
   306 26.58 4.00 4.70           OV656840.1   2589862   2590011 (21254978) +               Kuruka     Unspecified    4230    4378  (4455)    
   251 29.40 5.26 6.51           OV656840.1   6650939   6651109 (17193880) C               Kuruka     Unspecified  (4374)    4459    4291    
   336 33.91 2.20 2.76           OV656840.1   7695699   7695880 (16149109) C               Kuruka     Unspecified  (4387)    4446    4266    
   251 25.42 0.00 0.00           OV656840.1   9320072   9320130 (14524859) C               Kuruka     Unspecified  (4501)    4332    4274    
   288 35.66 4.55 4.98           OV656840.1  10988135  10988376 (12856613) C               Kuruka     Unspecified  (4297)    4536    4296    
   438 31.43 3.91 4.31           OV656840.1  11925435  11925690 (11919299) C               Kuruka     Unspecified  (4306)    4527    4273    
   438 31.43 3.91 4.31           OV656840.1  11938005  11938260 (11906729) C               Kuruka     Unspecified  (4306)    4527    4273    
   251 25.42 0.00 0.00           OV656840.1  16078758  16078816 (7766173) +               Kuruka     Unspecified    4274    4332  (4501)    
   268 20.87 4.35 1.05           OV656840.1  16906218  16906309 (6938680) C               Kuruka     Unspecified   (852)    7981    7887    
   451 32.16 3.03 3.42           OV656840.1  17520907  17521170 (6323819) +               Kuruka     Unspecified    4274    4536  (4297)    
   229 31.57 2.99 0.73           OV656840.1  17682958  17683091 (6161898) +               Kuruka     Unspecified    4197    4333  (4500)    
   261 25.00 0.00 0.00           OV656840.1  20076537  20076604 (3768385) +               Kuruka     Unspecified    4287    4354  (4479)    
   278 35.20 4.46 4.46           OV656840.1  21257298  21257633 (2587356) C               Kuruka     Unspecified  (5037)    3796    3461    
   246 19.67 0.00 3.57           OV656840.1  23395133  23395190 (449799) +               Kuruka     Unspecified    2445    2500  (6333)    
  1676 34.85 1.87 1.95           OV656840.1  23396363  23397591 (447398) +               Kuruka     Unspecified    3531    4758  (4075)    
   282 35.66 4.55 4.98           OV656841.1   1632275   1632516 (21863289) +               Kuruka     Unspecified    4296    4536  (4297)    
   229 34.82 0.88 0.88           OV656841.1   2418964   2419076 (21076729) C               Kuruka     Unspecified  (5133)    3700    3588    
   281 35.66 4.55 4.98           OV656841.1   9746225   9746466 (13749339) +               Kuruka     Unspecified    4296    4536  (4297)    
   294 29.55 2.27 0.00           OV656841.1  12361520  12361607 (11134198) +               Kuruka     Unspecified    4265    4354  (4479)    
   457 32.16 3.03 3.42           OV656841.1  13487743  13488006 (10007799) +               Kuruka     Unspecified    4274    4536  (4297)    
   270 34.75 3.27 3.69           OV656841.1  16126023  16126267 (7369538) C               Kuruka     Unspecified  (4297)    4536    4293    
   250 35.08 2.90 2.90           OV656841.1  16126470  16126607 (7369198) C               Kuruka     Unspecified  (4743)    4090    3953    
   265 19.67 0.00 3.57           OV656841.1  19345250  19345307 (4150498) +               Kuruka     Unspecified    2445    2500  (6333)    
  2098 35.65 1.76 1.84           OV656841.1  19346410  19347715 (4148090) +               Kuruka     Unspecified    3461    4765  (4068)    
   270 30.48 5.95 8.21           OV656841.1  22165440  22165775 (1330030) C               Kuruka     Unspecified  (4309)    4524    4196    
   253 35.35 2.34 2.75           OV656841.1  22319061  22319316 (1176489) +               Kuruka     Unspecified    4282    4536  (4297)    
  1588 34.52 1.87 1.96           OV656841.1  23053289  23054411 (441394) C               Kuruka     Unspecified  (4177)    4656    3535    
   262 27.27 0.00 0.00           OV656841.1  23232428  23232504 (263301) +               Kuruka     Unspecified    4278    4354  (4479)    
  1995 35.65 1.76 1.84           OV656842.1   6092258   6093563 (17390297) C               Kuruka     Unspecified  (4068)    4765    3461    
   264 19.67 0.00 3.57           OV656842.1   6094666   6094723 (17389137) C               Kuruka     Unspecified  (6333)    2500    2445    
   268 26.26 4.96 2.42           OV656842.1   7460624   7460744 (16023116) +               Kuruka     Unspecified    4255    4378  (4455)    
  2028 34.82 1.86 1.94           OV656842.1  15968554  15969789 (7514071) C               Kuruka     Unspecified  (4068)    4765    3531    
   264 19.67 0.00 3.57           OV656842.1  15970962  15971019 (7512841) C               Kuruka     Unspecified  (6333)    2500    2445    
   667 36.75 4.00 3.81           OV656842.1  17393120  17394194 (6089666) +               Kuruka     Unspecified    3465    4541  (4292)    
   250 35.08 2.90 2.90           OV656842.1  17619829  17619966 (5863894) +               Kuruka     Unspecified    3953    4090  (4743)    
   253 35.18 3.27 3.69           OV656842.1  17620169  17620413 (5863447) +               Kuruka     Unspecified    4293    4536  (4297)    
   325 33.81 2.74 2.74           OV656842.1  20087970  20088188 (3395672) +               Kuruka     Unspecified    3456    3674  (5159)    
   409 33.24 5.44 4.69           OV656843.1   1108566   1108988 (22361231) C               Kuruka     Unspecified  (4851)    3982    3557    
   517 34.38 5.96 4.74           OV656843.1   2671128   2671982 (20798237) +               Kuruka     Unspecified    3580    4444  (4389)    
   265 19.67 0.00 3.57           OV656843.1   2741629   2741686 (20728533) +               Kuruka     Unspecified    2445    2500  (6333)    
  2105 35.49 1.76 1.92           OV656843.1   2742789   2744095 (20726124) +               Kuruka     Unspecified    3461    4765  (4068)    
   463 29.72 3.18 3.65           OV656843.1   3425772   3425991 (20044228) +               Kuruka     Unspecified    4282    4500  (4333)    
   235 31.78 5.06 7.29           OV656843.1   5026042   5026377 (18443842) C               Kuruka     Unspecified  (4309)    4524    4196    
   301 29.18 3.33 4.03           OV656843.1   5688208   5688357 (17781862) C               Kuruka     Unspecified  (4455)    4378    4230    
   244 31.76 0.00 0.00           OV656843.1   5688935   5689019 (17781200) C               Kuruka     Unspecified  (5178)    3655    3571    
   300 37.92 4.30 3.98           OV656843.1   5779310   5779960 (17690259) C               Kuruka     Unspecified  (4237)    4596    3944    
   329 30.43 0.00 0.00           OV656843.1   5779967   5780058 (17690161) C               Kuruka     Unspecified  (5167)    3666    3575    
  2018 35.57 1.76 1.84           OV656843.1  10359109  10360414 (13109805) C               Kuruka     Unspecified  (4068)    4765    3461    
   264 19.67 0.00 3.57           OV656843.1  10361517  10361574 (13108645) C               Kuruka     Unspecified  (6333)    2500    2445    
   283 31.81 5.22 5.68           OV656843.1  17530356  17530585 (5939634) +               Kuruka     Unspecified    4308    4536  (4297)    
   592 32.89 4.01 3.23           OV656843.1  19420334  19420732 (4049487) C               Kuruka     Unspecified  (4967)    3866    3465    
   251 37.06 1.56 1.96           OV656844.1   7646509   7646764 (15185938) C               Kuruka     Unspecified  (4297)    4536    4282    
   488 32.42 1.93 2.33           OV656844.1   9744137   9744395 (13088307) +               Kuruka     Unspecified    4264    4521  (4312)    
  2002 32.84 2.56 2.65           OV656844.1  10416007  10417176 (12415526) C               Kuruka     Unspecified  (4177)    4656    3488    
   233 35.48 0.00 0.00           OV656844.1  10491780  10491872 (12340830) +               Kuruka     Unspecified    3587    3679  (5154)    
  1989 34.65 1.85 2.35           OV656844.1  11485851  11487091 (11345611) C               Kuruka     Unspecified  (4068)    4765    3531    
   264 19.67 0.00 3.57           OV656844.1  11488264  11488321 (11344381) C               Kuruka     Unspecified  (6333)    2500    2445    
   329 33.88 3.91 4.31           OV656844.1  14626395  14626650 (8206052) C               Kuruka     Unspecified  (4306)    4527    4273    
   271 36.10 4.55 4.98           OV656844.1  19666679  19666920 (3165782) +               Kuruka     Unspecified    4296    4536  (4297)    
   261 31.73 3.31 4.00           OV656844.1  20388951  20389101 (2443601) +               Kuruka     Unspecified    4291    4440  (4393)    
   518 31.18 3.32 2.94           OV656844.1  21539931  21540201 (1292501) C               Kuruka     Unspecified  (4297)    4536    4265    
   277 31.57 2.99 0.73           OV656845.1   1591781   1591914 (21184712) C               Kuruka     Unspecified  (4500)    4333    4197    
   233 35.48 0.00 0.00           OV656845.1   3873638   3873730 (18902896) +               Kuruka     Unspecified    3587    3679  (5154)    
   324 31.19 4.37 4.82           OV656845.1   4003627   4003855 (18772771) C               Kuruka     Unspecified  (4328)    4505    4278    
  1958 34.71 2.31 2.38           OV656845.1   4567848   4569190 (18207436) +               Kuruka     Unspecified    3507    4848  (3985)    
  1373 34.08 5.17 2.38           OV656845.1   4574950   4576013 (18200613) +               Kuruka     Unspecified    3756    4848  (3985)    
  1373 34.08 5.17 2.38           OV656845.1   4582116   4583179 (18193447) +               Kuruka     Unspecified    3756    4848  (3985)    
  1373 34.08 5.17 2.38           OV656845.1   4589282   4590345 (18186281) +               Kuruka     Unspecified    3756    4848  (3985)    
  1373 34.08 5.17 2.38           OV656845.1   4599673   4600736 (18175890) +               Kuruka     Unspecified    3756    4848  (3985)    
  1373 34.08 5.17 2.38           OV656845.1   4606839   4607902 (18168724) +               Kuruka     Unspecified    3756    4848  (3985)    
  1373 34.08 5.17 2.38           OV656845.1   4614005   4615068 (18161558) +               Kuruka     Unspecified    3756    4848  (3985)    
   358 29.67 5.79 6.67           OV656845.1   4710303   4710544 (18066082) C               Kuruka     Unspecified  (4376)    4457    4218    
   592 32.89 4.01 3.23           OV656845.1   5114214   5114612 (17662014) C               Kuruka     Unspecified  (4967)    3866    3465    
   264 32.48 5.74 5.74           OV656845.1   8460604   8460812 (14315814) C               Kuruka     Unspecified  (4237)    4596    4388    
   398 35.19 0.00 0.00           OV656845.1   8461448   8461609 (14315017) C               Kuruka     Unspecified  (5097)    3736    3575    
   301 33.34 1.17 1.76           OV656845.1   9224820   9224990 (13551636) C               Kuruka     Unspecified  (4390)    4443    4274    
   397 34.90 4.99 4.49           OV656845.1  10913507  10914127 (11862499) +               Kuruka     Unspecified    3557    4180  (4653)    
   419 33.75 1.25 0.00           OV656845.1  10925657  10925816 (11850810) +               Kuruka     Unspecified    3575    3736  (5097)    
   271 37.22 4.53 4.22           OV656845.1  10926010  10926671 (11849955) +               Kuruka     Unspecified    3933    4596  (4237)    
  1825 33.95 3.03 3.10           OV656845.1  11261695  11263016 (11513610) C               Kuruka     Unspecified  (4072)    4761    3441    
   473 32.72 0.00 0.62           OV656845.1  11605983  11606145 (11170481) +               Kuruka     Unspecified    3575    3736  (5097)    
   281 27.28 4.00 4.70           OV656845.1  12679502  12679651 (10096975) +               Kuruka     Unspecified    4230    4378  (4455)    
   264 19.67 0.00 3.57           OV656845.1  15677633  15677690 (7098936) +               Kuruka     Unspecified    2445    2500  (6333)    
  2039 34.82 1.86 1.94           OV656845.1  15678863  15680098 (7096528) +               Kuruka     Unspecified    3531    4765  (4068)    
   521 34.08 1.85 1.47           OV656845.1  16167806  16168076 (6608550) C               Kuruka     Unspecified  (4297)    4536    4265    
   652 33.83 6.59 5.61           OV656845.1  16450440  16451410 (6325216) C               Kuruka     Unspecified  (4389)    4444    3465    
   232 26.60 2.06 3.12           OV656845.1  16514654  16514750 (6261876) C               Kuruka     Unspecified  (4456)    4377    4282    
   259 29.06 3.25 3.92           OV656845.1  16812013  16812166 (5964460) C               Kuruka     Unspecified  (4390)    4443    4291    
   342 34.15 2.37 2.78           OV656845.1  17525915  17526167 (5250459) C               Kuruka     Unspecified  (4300)    4533    4282    
   260 21.15 0.00 0.00           OV656845.1  21240180  21240231 (1536395) +               Kuruka     Unspecified    2445    2496  (6337)    
   264 19.67 0.00 3.57           OV656845.1  21242783  21242840 (1533786) +               Kuruka     Unspecified    2445    2500  (6333)    
  2028 34.82 1.86 1.94           OV656845.1  21244013  21245248 (1531378) +               Kuruka     Unspecified    3531    4765  (4068)    
  1791 35.03 2.31 2.38           OV656845.1  21288896  21290196 (1486430) +               Kuruka     Unspecified    3462    4761  (4072)    
   277 31.57 2.99 0.73           OV656845.1  21557157  21557290 (1219336) +               Kuruka     Unspecified    4197    4333  (4500)    
   293 13.46 1.89 1.89           OV656845.1  21564101  21564153 (1212473) C               Kuruka     Unspecified  (4500)    4333    4281    
   314 31.45 5.37 5.37           OV656845.1  21576405  21576609 (1200017) C               Kuruka     Unspecified  (5168)    3665    3461    
   373 30.28 1.40 0.69           OV656845.1  21622530  21622672 (1153954) +               Kuruka     Unspecified    3557    3700  (5133)    
   240 28.70 6.47 7.25           OV656845.1  21659426  21659564 (1117062) C               Kuruka     Unspecified  (4388)    4445    4308    
  2002 32.84 2.56 2.65           OV656846.1   1271680   1272849 (21502309) +               Kuruka     Unspecified    3488    4656  (4177)    
  2018 35.57 1.76 1.84           OV656846.1   3653199   3654504 (19120654) C               Kuruka     Unspecified  (4068)    4765    3461    
   264 19.67 0.00 3.57           OV656846.1   3655607   3655664 (19119494) C               Kuruka     Unspecified  (6333)    2500    2445    
   325 33.81 2.74 2.74           OV656846.1   4655928   4656146 (18119012) +               Kuruka     Unspecified    3456    3674  (5159)    
   419 37.80 1.87 5.20           OV656846.1  12874802  12875496 (9899662) C               Kuruka     Unspecified  (4222)    4611    3939    
   358 35.69 2.31 2.31           OV656846.1  12875601  12875947 (9899211) C               Kuruka     Unspecified  (4999)    3834    3488    
   260 32.81 2.29 2.29           OV656846.1  13387630  13387760 (9387398) C               Kuruka     Unspecified  (4479)    4354    4224    
   399 29.72 3.18 3.65           OV656846.1  14550802  14551021 (8224137) C               Kuruka     Unspecified  (4333)    4500    4282    
   299 35.95 3.02 3.41           OV656846.1  14772356  14772620 (8002538) +               Kuruka     Unspecified    4273    4536  (4297)    
   234 31.39 1.15 1.15           OV656846.1  15252731  15252817 (7522341) C               Kuruka     Unspecified  (4695)    4138    4052    
   256 32.76 2.52 2.52           OV656846.1  21587111  21587229 (1187929) C               Kuruka     Unspecified  (4459)    4374    4256    
   305 32.58 3.95 4.41           OV656847.1    168706    168933 (22017327) +               Kuruka     Unspecified    4284    4510  (4323)    
   428 32.11 2.79 3.20           OV656847.1   4914989   4915239 (17271021) +               Kuruka     Unspecified    4287    4536  (4297)    
   264 19.67 0.00 3.57           OV656847.1  10425604  10425661 (11760599) +               Kuruka     Unspecified    2445    2500  (6333)    
  2028 34.82 1.86 1.94           OV656847.1  10426834  10428069 (11758191) +               Kuruka     Unspecified    3531    4765  (4068)    
  2034 34.45 1.77 1.87           OV656847.1  10426834  10427960 (11758300) +               Kuruka     Unspecified    3531    4656  (4177)    
   244 33.35 2.52 3.82           OV656847.1  12789357  12789515 (9396745) +               Kuruka     Unspecified    4296    4452  (4381)    
   229 34.82 0.88 0.88           OV656847.1  14470988  14471100 (7715160) C               Kuruka     Unspecified  (5133)    3700    3588    
   229 34.82 0.88 0.88           OV656847.1  14476500  14476612 (7709648) C               Kuruka     Unspecified  (5133)    3700    3588    
   306 26.58 4.00 4.70           OV656847.1  14693851  14694000 (7492260) C               Kuruka     Unspecified  (4455)    4378    4230    
   264 19.67 0.00 3.57           OV656847.1  16531326  16531383 (5654877) +               Kuruka     Unspecified    2445    2500  (6333)    
  2028 34.82 1.86 1.94           OV656847.1  16532556  16533791 (5652469) +               Kuruka     Unspecified    3531    4765  (4068)    
   295 34.79 1.82 2.44           OV656847.1  20736611  20736775 (1449485) C               Kuruka     Unspecified  (4446)    4387    4224    
   463 29.72 3.18 3.65           OV656848.1   4108589   4108808 (18015251) C               Kuruka     Unspecified  (4333)    4500    4282    
  1904 33.43 3.17 3.25           OV656848.1   9219556   9220724 (12903335) C               Kuruka     Unspecified  (4177)    4656    3489    
   266 33.34 2.63 3.31           OV656848.1   9892267   9892418 (12231641) C               Kuruka     Unspecified  (4390)    4443    4293    
   246 35.08 2.90 2.90           OV656848.1   9892621   9892758 (12231301) C               Kuruka     Unspecified  (4743)    4090    3953    
   253 29.23 3.25 6.71           OV656848.1   9976715   9976868 (12147191) C               Kuruka     Unspecified  (4455)    4378    4230    
   231 31.76 0.00 0.00           OV656848.1   9977446   9977530 (12146529) C               Kuruka     Unspecified  (5178)    3655    3571    
   301 33.34 1.17 1.76           OV656848.1  10025521  10025691 (12098368) +               Kuruka     Unspecified    4274    4443  (4390)    
   229 28.43 2.04 3.09           OV656848.1  10589620  10589717 (11534342) C               Kuruka     Unspecified  (5154)    3679    3583    
   276 35.74 2.49 2.49           OV656848.1  10881410  10881650 (11242409) +               Kuruka     Unspecified    4296    4536  (4297)    
   282 31.63 4.00 4.46           OV656848.1  12640748  12640972 (9483087) C               Kuruka     Unspecified  (4323)    4510    4287    
   266 25.00 0.00 0.00           OV656849.1   3152355   3152414 (18563524) +               Kuruka     Unspecified    4273    4332  (4501)    
   407 32.12 3.52 3.92           OV656849.1   6951747   6952002 (14763936) C               Kuruka     Unspecified  (4297)    4536    4282    
   468 33.36 0.99 3.37           OV656849.1  10975147  10975450 (10740488) C               Kuruka     Unspecified  (4272)    4561    4265    
   409 33.95 0.00 0.00           OV656849.1  11194812  11194973 (10520965) C               Kuruka     Unspecified  (5097)    3736    3575    
   385 34.24 5.96 5.45           OV656849.1  13847963  13848583 (7867355) +               Kuruka     Unspecified    3557    4180  (4653)    
   259 29.06 3.25 3.92           OV656849.1  14900350  14900503 (6815435) C               Kuruka     Unspecified  (4390)    4443    4291    
   240 28.70 6.47 7.25           OV656849.1  17299660  17299798 (4416140) +               Kuruka     Unspecified    4308    4445  (4388)    
   295 34.79 1.82 2.44           OV656849.1  18162847  18163011 (3552927) +               Kuruka     Unspecified    4224    4387  (4446)    
   304 29.32 8.26 2.75           OV656850.1   1730592   1730833 (19813509) C               Kuruka     Unspecified  (4297)    4536    4282    
   468 32.46 1.64 4.03           OV656850.1   8138580   8138884 (13405458) +               Kuruka     Unspecified    4264    4561  (4272)    
   255 25.42 0.00 0.00           OV656850.1  13353119  13353177 (8191165) +               Kuruka     Unspecified    4274    4332  (4501)    
   262 23.67 3.09 4.17           OV656850.1  14048426  14048522 (7495820) +               Kuruka     Unspecified    4282    4377  (4456)    
   228 31.39 1.15 1.15           OV656850.1  14589180  14589266 (6955076) +               Kuruka     Unspecified    4052    4138  (4695)    
   228 31.39 1.15 1.15           OV656850.1  14614516  14614602 (6929740) +               Kuruka     Unspecified    4052    4138  (4695)    
   354 32.11 2.79 3.20           OV656850.1  18639198  18639448 (2904894) +               Kuruka     Unspecified    4287    4536  (4297)    
   315 28.66 5.79 6.35           OV656851.1    615870    616059 (20892411) +               Kuruka     Unspecified    4308    4496  (4337)    
   406 34.74 2.23 2.61           OV656851.1   2176000   2176268 (19332202) C               Kuruka     Unspecified  (4300)    4533    4266    
   264 19.67 0.00 3.57           OV656851.1   2178179   2178236 (19330234) +               Kuruka     Unspecified    2445    2500  (6333)    
  1994 35.57 1.76 1.92           OV656851.1   2179339   2180645 (19327825) +               Kuruka     Unspecified    3461    4765  (4068)    
   232 26.60 2.06 3.12           OV656851.1   3100225   3100321 (18408149) +               Kuruka     Unspecified    4282    4377  (4456)    
  1639 34.78 3.14 3.23           OV656851.1   3135612   3136820 (18371650) C               Kuruka     Unspecified  (4072)    4761    3554    
   287 34.46 1.32 2.00           OV656851.1   3987898   3988048 (17520422) C               Kuruka     Unspecified  (4397)    4436    4287    
   233 34.82 0.88 0.88           OV656851.1   9729519   9729631 (11778839) C               Kuruka     Unspecified  (5133)    3700    3588    
   274 29.63 0.91 1.83           OV656851.1  11791679  11791788 (9716682) C               Kuruka     Unspecified  (4455)    4378    4270    
   239 31.76 0.00 0.00           OV656851.1  11792406  11792490 (9715980) C               Kuruka     Unspecified  (5178)    3655    3571    
   284 28.71 0.91 1.83           OV656851.1  13233999  13234108 (8274362) C               Kuruka     Unspecified  (4455)    4378    4270    
   231 31.76 0.00 0.00           OV656851.1  13234726  13234810 (8273660) C               Kuruka     Unspecified  (5178)    3655    3571    
   259 29.06 3.25 3.92           OV656851.1  14435839  14435992 (7072478) C               Kuruka     Unspecified  (4390)    4443    4291    
   274 29.63 0.91 1.83           OV656852.1   4369095   4369204 (16629470) C               Kuruka     Unspecified  (4455)    4378    4270    
  1962 32.92 2.56 2.65           OV656852.1   8008510   8009679 (12988995) +               Kuruka     Unspecified    3488    4656  (4177)    
   264 19.67 0.00 3.57           OV656852.1  12815070  12815127 (8183547) +               Kuruka     Unspecified    2445    2500  (6333)    
  1998 34.98 1.86 1.94           OV656852.1  12816300  12817535 (8181139) +               Kuruka     Unspecified    3531    4765  (4068)    
   274 13.46 1.89 1.89           OV656852.1  15134606  15134658 (5864016) C               Kuruka     Unspecified  (4500)    4333    4281    
  2100 35.65 1.76 1.84           OV656852.1  16951516  16952821 (4045853) C               Kuruka     Unspecified  (4068)    4765    3461    
   265 19.67 0.00 3.57           OV656852.1  16953924  16953981 (4044693) C               Kuruka     Unspecified  (6333)    2500    2445    
   260 30.45 4.68 5.92           OV656852.1  19173077  19173247 (1825427) +               Kuruka     Unspecified    4291    4459  (4374)    
   238 25.01 1.30 1.30           OV656853.1   1031736   1031812 (19615367) +               Kuruka     Unspecified    4270    4346  (4487)    
   229 34.82 0.88 0.88           OV656853.1   3148753   3148865 (17498314) C               Kuruka     Unspecified  (5133)    3700    3588    
   265 19.67 0.00 3.57           OV656853.1   3220929   3220986 (17426193) +               Kuruka     Unspecified    2445    2500  (6333)    
  2098 35.65 1.76 1.84           OV656853.1   3222089   3223394 (17423785) +               Kuruka     Unspecified    3461    4765  (4068)    
   262 29.18 3.33 4.03           OV656853.1   3707335   3707484 (16939695) C               Kuruka     Unspecified  (4455)    4378    4230    
   296 33.69 2.05 2.58           OV656853.1   5625693   5625887 (15021292) C               Kuruka     Unspecified  (4332)    4501    4308    
   295 34.79 1.82 2.44           OV656853.1   8762782   8762946 (11884233) +               Kuruka     Unspecified    4224    4387  (4446)    
   262 23.67 3.09 4.17           OV656853.1  10741188  10741284 (9905895) +               Kuruka     Unspecified    4282    4377  (4456)    
   301 36.01 3.46 3.86           OV656853.1  15383231  15383490 (5263689) +               Kuruka     Unspecified    4287    4545  (4288)    
  2084 35.73 1.76 1.84           OV656853.1  17622082  17623387 (3023792) C               Kuruka     Unspecified  (4068)    4765    3461    
   265 19.67 0.00 3.57           OV656853.1  17624490  17624547 (3022632) C               Kuruka     Unspecified  (6333)    2500    2445    
   318 33.88 3.91 4.31           OV656853.1  18465964  18466219 (2180960) +               Kuruka     Unspecified    4273    4527  (4306)    
   356 35.04 2.89 3.32           OV656853.1  20128311  20128552 (518627) C               Kuruka     Unspecified  (4311)    4522    4282    
   292 32.50 1.64 1.64           OV656853.1  20168014  20168135 (479044) +               Kuruka     Unspecified    4233    4354  (4479)    
  1599 36.61 2.27 2.34           OV656854.1    647745    649067 (19093571) C               Kuruka     Unspecified  (4068)    4765    3444    
   287 32.36 2.14 2.88           OV656854.1    966198    966337 (18776301) C               Kuruka     Unspecified  (4387)    4446    4308    
   247 27.73 4.80 4.80           OV656854.1   3690101   3690225 (16052413) +               Kuruka     Unspecified    4209    4333  (4500)    
   269 25.54 2.06 3.12           OV656854.1   3780076   3780172 (15962466) +               Kuruka     Unspecified    4282    4377  (4456)    
   458 33.33 0.00 0.00           OV656854.1   4367417   4367578 (15375060) C               Kuruka     Unspecified  (5097)    3736    3575    
   346 30.77 0.69 0.69           OV656854.1   6026190   6026333 (13716305) +               Kuruka     Unspecified    3557    3700  (5133)    
   321 31.47 0.69 0.69           OV656854.1   6031036   6031179 (13711459) C               Kuruka     Unspecified  (5133)    3700    3557    
   406 34.74 2.23 2.61           OV656854.1   8395441   8395709 (11346929) C               Kuruka     Unspecified  (4300)    4533    4266    
   310 35.95 3.02 3.41           OV656854.1   8912188   8912452 (10830186) +               Kuruka     Unspecified    4273    4536  (4297)    
  2002 32.84 2.56 2.65           OV656854.1  10825495  10826664 (8915974) C               Kuruka     Unspecified  (4177)    4656    3488    
   271 31.78 4.47 5.06           OV656854.1  11651396  11651574 (8091064) +               Kuruka     Unspecified    4200    4377  (4456)    
   253 35.18 3.27 3.69           OV656854.1  17074542  17074786 (2667852) C               Kuruka     Unspecified  (4297)    4536    4293    
   250 35.08 2.90 2.90           OV656854.1  17074989  17075126 (2667512) C               Kuruka     Unspecified  (4743)    4090    3953    
   253 31.12 3.49 4.71           OV656855.1    213648    213819 (19302776) +               Kuruka     Unspecified    4208    4377  (4456)    
   372 34.16 0.62 0.62           OV656855.1   3438370   3438531 (16078064) +               Kuruka     Unspecified    3575    3736  (5097)    
   271 23.18 3.49 4.71           OV656855.1   3520331   3520416 (15996179) C               Kuruka     Unspecified  (4456)    4377    4293    
   246 35.08 2.90 2.90           OV656855.1   3539807   3539944 (15976651) +               Kuruka     Unspecified    3953    4090  (4743)    
   266 33.34 2.63 3.31           OV656855.1   3540147   3540298 (15976297) +               Kuruka     Unspecified    4293    4443  (4390)    
   293 29.55 2.27 0.00           OV656855.1   6562830   6562917 (12953678) C               Kuruka     Unspecified  (4479)    4354    4265    
   296 33.69 2.05 2.58           OV656855.1   7795536   7795730 (11720865) C               Kuruka     Unspecified  (4332)    4501    4308    
  1463 35.74 1.77 1.88           OV656855.1   9860023   9860980 (9655615) C               Kuruka     Unspecified  (4068)    4765    3809    
   558 35.07 1.71 1.71           OV656855.1   9861123   9861473 (9655122) C               Kuruka     Unspecified  (5022)    3811    3461    
   264 19.67 0.00 3.57           OV656855.1   9862576   9862633 (9653962) C               Kuruka     Unspecified  (6333)    2500    2445    
   232 18.87 1.85 1.85           OV656856.1    232324    232377 (19097224) C               Kuruka     Unspecified  (4500)    4333    4280    
   301 29.18 3.33 4.03           OV656856.1    373459    373608 (18955993) C               Kuruka     Unspecified  (4455)    4378    4230    
   245 31.78 0.00 0.93           OV656856.1    374163    374270 (18955331) C               Kuruka     Unspecified  (5156)    3677    3571    
   286 26.17 1.82 2.75           OV656856.1   1611346   1611455 (17718146) C               Kuruka     Unspecified  (4455)    4378    4270    
  1471 33.54 2.98 3.07           OV656856.1   3987316   3988490 (15341111) +               Kuruka     Unspecified    3441    4614  (4219)    
   283 39.41 0.42 0.84           OV656856.1   5400874   5401111 (13928490) C               Kuruka     Unspecified  (4298)    4535    4299    
   240 28.70 6.47 7.25           OV656856.1   6794232   6794370 (12535231) +               Kuruka     Unspecified    4308    4445  (4388)    
   246 19.67 0.00 3.57           OV656856.1  17206262  17206319 (2123282) +               Kuruka     Unspecified    2445    2500  (6333)    
  1690 34.77 1.87 1.95           OV656856.1  17207492  17208720 (2120881) +               Kuruka     Unspecified    3531    4758  (4075)    
   225 25.00 0.00 0.00           OV656856.1  17390123  17390186 (1939415) C               Kuruka     Unspecified  (4479)    4354    4291    
   260 32.65 3.06 0.00           OV656857.1   1825994   1826091 (16001609) C               Kuruka     Unspecified  (4769)    4064    3964    
   298 31.25 2.29 2.29           OV656857.1   3543282   3543412 (14284288) +               Kuruka     Unspecified    4224    4354  (4479)    
   301 29.18 3.33 4.03           OV656857.1   7854781   7854930 (9972770) C               Kuruka     Unspecified  (4455)    4378    4230    
   231 31.76 0.00 0.00           OV656857.1   7855497   7855581 (9972119) C               Kuruka     Unspecified  (5178)    3655    3571    
   265 19.67 0.00 3.57           OV656857.1   9536109   9536166 (8291534) +               Kuruka     Unspecified    2445    2500  (6333)    
  2100 35.65 1.76 1.84           OV656857.1   9537218   9538523 (8289177) +               Kuruka     Unspecified    3461    4765  (4068)    
   293 29.55 2.27 0.00           OV656857.1  15301836  15301923 (2525777) C               Kuruka     Unspecified  (4479)    4354    4265    
   439 31.69 2.79 3.20           OV656858.1   1768100   1768350 (15022075) C               Kuruka     Unspecified  (4297)    4536    4287    
   597 32.89 4.01 3.23           OV656858.1   2404643   2405041 (14385384) C               Kuruka     Unspecified  (4967)    3866    3465    
   237 36.28 0.00 0.00           OV656858.1   5633040   5633152 (11157273) C               Kuruka     Unspecified  (4695)    4138    4026    
   301 29.18 3.33 4.03           OV656858.1   7068964   7069113 (9721312) C               Kuruka     Unspecified  (4455)    4378    4230    
   285 26.17 1.82 2.75           OV656858.1   7142781   7142890 (9647535) +               Kuruka     Unspecified    4270    4378  (4455)    
   251 25.42 0.00 0.00           OV656858.1  12094819  12094877 (4695548) C               Kuruka     Unspecified  (4501)    4332    4274    
  2092 35.85 1.68 1.76           OV656858.1  14824192  14825497 (1964928) C               Kuruka     Unspecified  (4068)    4765    3461    
   265 19.67 0.00 3.57           OV656858.1  14826600  14826657 (1963768) C               Kuruka     Unspecified  (6333)    2500    2445    
   265 19.67 0.00 3.57           OV656858.1  14829284  14829341 (1961084) +               Kuruka     Unspecified    2445    2500  (6333)    
   374 34.89 1.83 1.83           OV656858.1  14830444  14830662 (1959763) +               Kuruka     Unspecified    3461    3679  (5154)    
  1767 35.57 1.70 1.61           OV656858.1  14834264  14835320 (1955105) +               Kuruka     Unspecified    3708    4765  (4068)    
   270 37.99 4.08 3.77           OV656859.1    156722    157383 (14991586) C               Kuruka     Unspecified  (4237)    4596    3933    
   448 33.95 0.00 0.00           OV656859.1    157577    157738 (14991231) C               Kuruka     Unspecified  (5097)    3736    3575    
   270 29.47 6.32 0.00           OV656859.1   2581669   2581763 (12567206) +               Kuruka     Unspecified    4230    4330  (4503)    
   492 32.81 1.93 2.33           OV656859.1   4333113   4333371 (10815598) +               Kuruka     Unspecified    4264    4521  (4312)    
   253 35.18 3.27 3.69           OV656859.1   6260478   6260722 (8888247) C               Kuruka     Unspecified  (4297)    4536    4293    
   250 35.08 2.90 2.90           OV656859.1   6260925   6261062 (8887907) C               Kuruka     Unspecified  (4743)    4090    3953    
   301 29.18 3.33 4.03           OV656859.1   6464191   6464340 (8684629) C               Kuruka     Unspecified  (4455)    4378    4230    
   262 23.67 3.09 4.17           OV656859.1   7797949   7798045 (7350924) C               Kuruka     Unspecified  (4456)    4377    4282    
   275 29.79 3.40 4.11           OV656859.1  12465970  12466116 (2682853) C               Kuruka     Unspecified  (4458)    4375    4230    
   237 29.79 3.40 4.11           OV656859.1  12519876  12520022 (2628947) C               Kuruka     Unspecified  (4458)    4375    4230    
   259 28.66 5.79 6.35           OV656860.1  13856686  13856875 (850582) +               Kuruka     Unspecified    4308    4496  (4337)    
   321 33.88 3.91 4.31           OV656861.1   2347262   2347517 (11189113) +               Kuruka     Unspecified    4273    4527  (4306)    
   235 31.78 5.06 7.29           OV656861.1   3469422   3469757 (10066873) C               Kuruka     Unspecified  (4309)    4524    4196    
   315 28.96 1.71 2.59           OV656861.1   4158159   4158275 (9378355) C               Kuruka     Unspecified  (4436)    4397    4282    
   383 31.42 5.43 5.43           OV656861.1   5320356   5320631 (8215999) +               Kuruka     Unspecified    3461    3736  (5097)    
   245 35.97 5.45 4.82           OV656861.1   5320827   5321486 (8215144) +               Kuruka     Unspecified    3933    4596  (4237)    
   303 37.57 4.23 3.92           OV656861.1   5379492   5380153 (8156477) C               Kuruka     Unspecified  (4237)    4596    3933    
   427 32.92 0.62 0.62           OV656861.1   5380347   5380508 (8156122) C               Kuruka     Unspecified  (5097)    3736    3575    
   259 30.16 5.95 8.21           OV656861.1   5385507   5385842 (8150788) C               Kuruka     Unspecified  (4309)    4524    4196    
   264 19.67 0.00 3.57           OV656861.1   7165267   7165324 (6371306) +               Kuruka     Unspecified    2445    2500  (6333)    
  1994 35.57 1.76 1.92           OV656861.1   7166427   7167733 (6368897) +               Kuruka     Unspecified    3461    4765  (4068)    
   232 26.60 2.06 3.12           OV656862.1   5848044   5848140 (7186184) +               Kuruka     Unspecified    4282    4377  (4456)    
   237 28.17 0.00 0.00           OV656862.1   6504970   6505040 (6529284) C               Kuruka     Unspecified  (4479)    4354    4284    
   246 30.53 6.32 0.00           OV656862.1   6685945   6686039 (6348285) +               Kuruka     Unspecified    4230    4330  (4503)    
   282 31.63 4.00 4.46           OV656862.1   7259043   7259267 (5775057) C               Kuruka     Unspecified  (4323)    4510    4287    
   246 19.67 0.00 3.57           OV656862.1   7514228   7514285 (5520039) +               Kuruka     Unspecified    2445    2500  (6333)    
  1702 34.77 1.87 1.95           OV656862.1   7515458   7516686 (5517638) +               Kuruka     Unspecified    3531    4758  (4075)    
   287 32.36 2.14 2.88           OV656862.1   8063197   8063336 (4970988) +               Kuruka     Unspecified    4308    4446  (4387)    
  1602 36.61 2.27 2.34           OV656862.1  10495642  10496964 (2537360) C               Kuruka     Unspecified  (4068)    4765    3444    
   268 26.26 4.96 2.42           OV656863.1   3620104   3620224 (9338041) +               Kuruka     Unspecified    4255    4378  (4455)    
   461 33.95 0.00 0.00           OV656863.1  10560796  10560957 (2397308) +               Kuruka     Unspecified    3575    3736  (5097)    
   349 37.57 4.23 3.92           OV656863.1  10561153  10561814 (2396451) +               Kuruka     Unspecified    3933    4596  (4237)    
   274 31.30 1.99 2.67           OV656863.1  11353227  11353377 (1604888) C               Kuruka     Unspecified  (4378)    4455    4306    
   262 29.18 3.33 4.03           OV656864.1    365063    365212 (10925135) +               Kuruka     Unspecified    4230    4378  (4455)    
