  243 31.18  4.91  5.56            OX335668.1 14788863 14789025 (87576943)  +          Kuruka  Unspecified (87576943) 14788863 14789025
  300 35.87  2.18  2.63            OX335668.1 17153447 17153675 (85212293)  +          Kuruka  Unspecified (85212293) 17153447 17153675
  260 31.58  6.32  0.00            OX335668.1 18051816 18051910 (84314058)  +          Kuruka  Unspecified (84314058) 18051816 18051910
  373 25.23  1.75  2.65            OX335668.1 20829714 20829827 (81536141)  +          Kuruka  Unspecified (81536141) 20829714 20829827
  672 31.76  0.93  0.93            OX335668.1 24423692 24424012 (77941956)  +          Kuruka  Unspecified (77941956) 24423692 24424012
  328 31.66  2.10  2.82            OX335668.1 26182787 26182929 (76183039)  +          Kuruka  Unspecified (76183039) 26182787 26182929
  316 36.28  1.83  1.83            OX335668.1 26297129 26297347 (76068621)  +          Kuruka  Unspecified (76068621) 26297129 26297347
  410 31.23  3.06  3.51            OX335668.1 29298474 29298702 (73067266)  +          Kuruka  Unspecified (73067266) 29298474 29298702
  281 29.31  2.78  3.35            OX335668.1 30350987 30351166 (72014802)  +          Kuruka  Unspecified (72014802) 30350987 30351166
  690 37.54  3.10  3.61            OX335668.1 31573938 31574744 (70791224)  +          Kuruka  Unspecified (70791224) 31573938 31574744
  518 35.62  4.00  3.82            OX335668.1 31760290 31760864 (70605104)  +          Kuruka  Unspecified (70605104) 31760290 31760864
  407 34.49  6.90  4.33            OX335668.1 33466972 33467377 (68898591)  +          Kuruka  Unspecified (68898591) 33466972 33467377
  651 36.40  8.81  1.80            OX335668.1 33472253 33472876 (68893092)  +          Kuruka  Unspecified (68893092) 33472253 33472876
 1193 36.96  3.51  2.48            OX335668.1 33867582 33868777 (68497191)  +          Kuruka  Unspecified (68497191) 33867582 33868777
  237 20.45  0.00  0.00            OX335668.1 34380241 34380284 (67985684)  +          Kuruka  Unspecified (67985684) 34380241 34380284
  343 32.24  4.69  5.02            OX335668.1 34965154 34965473 (67400495)  +          Kuruka  Unspecified (67400495) 34965154 34965473
  242 26.37  4.35  4.35            OX335668.1 35311657 35311771 (67054197)  +          Kuruka  Unspecified (67054197) 35311657 35311771
  382 35.26  2.11  2.46            OX335668.1 36438441 36438725 (65927243)  +          Kuruka  Unspecified (65927243) 36438441 36438725
  405 36.68  0.65  0.65            OX335668.1 36504188 36505196 (65861627)  +          Kuruka  Unspecified (65861627) 36504188 36505196
  605 36.43  1.45  1.45            OX335668.1 36515665 36516836 (65849890)  +          Kuruka  Unspecified (65849890) 36515665 36516836
  357 36.37  2.13  2.49            OX335668.1 36873774 36874055 (65491913)  +          Kuruka  Unspecified (65491913) 36873774 36874055
  587 34.17  0.00  0.00            OX335668.1 36887365 36887604 (65478364)  +          Kuruka  Unspecified (65478364) 36887365 36887604
  507 31.92  2.62  3.79            OX335668.1 36889474 36889740 (65476228)  +          Kuruka  Unspecified (65476228) 36889474 36889740
  238 32.73  0.00  0.00            OX335668.1 38346999 38347108 (64018860)  +          Kuruka  Unspecified (64018860) 38346999 38347108
  226 28.98  1.82  2.75            OX335668.1 38347702 38347811 (64018157)  +          Kuruka  Unspecified (64018157) 38347702 38347811
  317 34.29  1.85  2.80            OX335668.1 40505523 40505738 (61860230)  +          Kuruka  Unspecified (61860230) 40505523 40505738
  879 35.23  3.92  4.01            OX335668.1 40918438 40919534 (61446434)  +          Kuruka  Unspecified (61446434) 40918438 40919534
  263 36.58  1.81  2.27            OX335668.1 43106506 43106726 (59259242)  +          Kuruka  Unspecified (59259242) 43106506 43106726
  228 33.03  0.91  0.91            OX335668.1 43604120 43604229 (58761739)  +          Kuruka  Unspecified (58761739) 43604120 43604229
  300 28.74  2.78  3.35            OX335668.1 44147491 44147670 (58218298)  +          Kuruka  Unspecified (58218298) 44147491 44147670
  414 34.34  2.54  2.54            OX335668.1 44900461 44900696 (57465272)  +          Kuruka  Unspecified (57465272) 44900461 44900696
  324 35.26  2.11  2.46            OX335668.1 45554895 45555179 (56810789)  +          Kuruka  Unspecified (56810789) 45554895 45555179
  252 28.74  1.14  1.14            OX335668.1 46289368 46289455 (56076513)  +          Kuruka  Unspecified (56076513) 46289368 46289455
  243 30.28  0.91  0.91            OX335668.1 48326889 48326998 (54038970)  +          Kuruka  Unspecified (54038970) 48326889 48326998
  374 34.42  3.94  2.11            OX335668.1 48491627 48491905 (53874063)  +          Kuruka  Unspecified (53874063) 48491627 48491905
  382 34.53  2.11  2.46            OX335668.1 50169613 50169897 (52196071)  +          Kuruka  Unspecified (52196071) 50169613 50169897
  964 31.81  1.79  1.79            OX335668.1 50882714 50883807 (51482864)  +          Kuruka  Unspecified (51482864) 50882714 50883807
  317 34.07  3.87  3.87            OX335668.1 51113565 51113848 (51252120)  +          Kuruka  Unspecified (51252120) 51113565 51113848
 1479 34.97  3.39  3.48            OX335668.1 56152156 56153364 (46212604)  +          Kuruka  Unspecified (46212604) 56152156 56153364
  396 35.03  2.46  2.82            OX335668.1 56653871 56654155 (45711813)  +          Kuruka  Unspecified (45711813) 56653871 56654155
  388 34.42  2.81  3.17            OX335668.1 59703737 59704021 (42661947)  +          Kuruka  Unspecified (42661947) 59703737 59704021
  226 14.29  0.00  0.00            OX335668.1 61549811 61549845 (40816123)  +          Kuruka  Unspecified (40816123) 61549811 61549845
  332 24.82  6.47  7.25            OX335668.1 63026812 63026950 (39339018)  +          Kuruka  Unspecified (39339018) 63026812 63026950
  238 26.96  0.00  5.97            OX335668.1 64279483 64279553 (38086415)  +          Kuruka  Unspecified (38086415) 64279483 64279553
  366 36.87  2.34  0.86            OX335668.1 64285508 64285849 (38080119)  +          Kuruka  Unspecified (38080119) 64285508 64285849
  765 36.59  2.73  2.83            OX335668.1 64302148 64303244 (38062724)  +          Kuruka  Unspecified (38062724) 64302148 64303244
  227 34.03  3.94  4.46            OX335668.1 65469364 65469566 (36896402)  +          Kuruka  Unspecified (36896402) 65469364 65469566
  310 36.69  2.11  2.46            OX335668.1 67030987 67031271 (35334697)  +          Kuruka  Unspecified (35334697) 67030987 67031271
  284 32.77  0.84  0.00            OX335668.1 68013542 68013660 (34352308)  +          Kuruka  Unspecified (34352308) 68013542 68013660
  370 35.97  2.11  2.46            OX335668.1 69810820 69811104 (32554864)  +          Kuruka  Unspecified (32554864) 69810820 69811104
  375 35.97  2.11  2.46            OX335668.1 72898219 72898503 (29467465)  +          Kuruka  Unspecified (29467465) 72898219 72898503
  270 34.13  5.80  2.34            OX335668.1 73722423 73722629 (28643339)  +          Kuruka  Unspecified (28643339) 73722423 73722629
  409 35.14  0.00  0.00            OX335668.1 76638098 76638282 (25727686)  +          Kuruka  Unspecified (25727686) 76638098 76638282
  280 30.12  0.00  1.20            OX335668.1 77029477 77029560 (25336408)  +          Kuruka  Unspecified (25336408) 77029477 77029560
  286 33.94  3.51  3.87            OX335668.1 77758727 77759011 (24606957)  +          Kuruka  Unspecified (24606957) 77758727 77759011
  259 29.98  3.57  1.75            OX335668.1 80707642 80707753 (21658215)  +          Kuruka  Unspecified (21658215) 80707642 80707753
  322 33.33  2.62  3.07            OX335668.1 82077539 82077767 (20288201)  +          Kuruka  Unspecified (20288201) 82077539 82077767
  384 35.62  2.11  2.46            OX335668.1 86449613 86449897 (15916071)  +          Kuruka  Unspecified (15916071) 86449613 86449897
  359 34.49  3.32  3.64            OX335668.1 89397086 89397416 (12968552)  +          Kuruka  Unspecified (12968552) 89397086 89397416
  235 31.18  4.91  5.56            OX335668.1 21356059 21356221 (81009747)  C          Kuruka  Unspecified (81009747) 21356059 21356221
  357 36.33  2.11  2.46            OX335668.1 24439264 24439548 (77926420)  C          Kuruka  Unspecified (77926420) 24439264 24439548
  340 36.47  2.46  2.82            OX335668.1 24972619 24972903 (77393065)  C          Kuruka  Unspecified (77393065) 24972619 24972903
  286 35.95  2.41  2.82            OX335668.1 31337872 31338120 (71027848)  C          Kuruka  Unspecified (71027848) 31337872 31338120
  275 34.41  3.17  2.70            OX335668.1 32635681 32635901 (69730067)  C          Kuruka  Unspecified (69730067) 32635681 32635901
  296 34.57  2.15  4.39            OX335668.1 32669121 32669353 (69696615)  C          Kuruka  Unspecified (69696615) 32669121 32669353
  385 36.66  1.05  1.41            OX335668.1 33557764 33558048 (68807920)  C          Kuruka  Unspecified (68807920) 33557764 33558048
  244 28.03  4.35  4.35            OX335668.1 34269635 34269772 (68096196)  C          Kuruka  Unspecified (68096196) 34269635 34269772
  249 31.19  0.91  0.91            OX335668.1 34270312 34270421 (68095547)  C          Kuruka  Unspecified (68095547) 34270312 34270421
  249 24.63  3.70  9.80            OX335668.1 34380435 34380542 (67985426)  C          Kuruka  Unspecified (67985426) 34380435 34380542
  390 33.57  3.52  3.52            OX335668.1 40142925 40143208 (62222760)  C          Kuruka  Unspecified (62222760) 40142925 40143208
  295 31.52  7.43  4.92            OX335668.1 40385915 40386291 (61979677)  C          Kuruka  Unspecified (61979677) 40385915 40386291
 1824 35.28  2.54  2.46            OX335668.1 41272075 41273373 (61092595)  C          Kuruka  Unspecified (61092595) 41272075 41273373
  855 36.99  2.55  2.65            OX335668.1 41712139 41713235 (60652733)  C          Kuruka  Unspecified (60652733) 41712139 41713235
  584 32.89  4.01  3.23            OX335668.1 42382620 42383018 (59982950)  C          Kuruka  Unspecified (59982950) 42382620 42383018
  395 35.09  0.87  1.30            OX335668.1 42663831 42664061 (59701907)  C          Kuruka  Unspecified (59701907) 42663831 42664061
 1556 35.62  1.98  2.07            OX335668.1 43504134 43505343 (58860625)  C          Kuruka  Unspecified (58860625) 43504134 43505343
  380 35.41  2.64  3.03            OX335668.1 43653330 43653594 (58712374)  C          Kuruka  Unspecified (58712374) 43653330 43653594
  353 32.95  2.57  3.76            OX335668.1 44138483 44138832 (58227136)  C          Kuruka  Unspecified (58227136) 44138483 44138832
  401 35.26  2.11  2.46            OX335668.1 44693418 44693702 (57672266)  C          Kuruka  Unspecified (57672266) 44693418 44693702
  360 34.07  6.09  3.12            OX335668.1 45594424 45594735 (56771233)  C          Kuruka  Unspecified (56771233) 45594424 45594735
  762 37.27  2.47  2.56            OX335668.1 47277105 47278197 (55087771)  C          Kuruka  Unspecified (55087771) 47277105 47278197
  252 30.53  4.91  5.56            OX335668.1 50275830 50275992 (52089976)  C          Kuruka  Unspecified (52089976) 50275830 50275992
  249 31.19  0.91  0.91            OX335668.1 50276532 50276641 (52089327)  C          Kuruka  Unspecified (52089327) 50276532 50276641
  249 30.68  5.03  5.70            OX335668.1 52154933 52155091 (50210877)  C          Kuruka  Unspecified (50210877) 52154933 52155091
  254 31.53  0.89  0.89            OX335668.1 52155635 52155746 (50210222)  C          Kuruka  Unspecified (50210222) 52155635 52155746
  496 33.75  3.76  2.73            OX335668.1 56225863 56226261 (46139707)  C          Kuruka  Unspecified (46139707) 56225863 56226261
  248 31.20  0.00  0.92            OX335668.1 56401692 56401801 (45964167)  C          Kuruka  Unspecified (45964167) 56401692 56401801
  309 34.98  2.18  2.63            OX335668.1 59895591 59895819 (42470149)  C          Kuruka  Unspecified (42470149) 59895591 59895819
  231 31.14  5.00  5.66            OX335668.1 65340084 65340243 (37025725)  C          Kuruka  Unspecified (37025725) 65340084 65340243
  267 30.28  0.91  0.91            OX335668.1 65341403 65341512 (37024456)  C          Kuruka  Unspecified (37024456) 65341403 65341512
  354 33.54  0.62  0.00            OX335668.1 68014480 68014640 (34351328)  C          Kuruka  Unspecified (34351328) 68014480 68014640
  233 27.27  5.47  5.47            OX335668.1 69469589 69469716 (32896252)  C          Kuruka  Unspecified (32896252) 69469589 69469716
  300 30.69  2.75  3.31            OX335668.1 70816086 70816267 (31549701)  C          Kuruka  Unspecified (31549701) 70816086 70816267
  305 34.89  2.26  2.73            OX335668.1 70956606 70956826 (31409142)  C          Kuruka  Unspecified (31409142) 70956606 70956826
  332 33.76  3.21  3.63            OX335668.1 71738282 71738530 (30627438)  C          Kuruka  Unspecified (30627438) 71738282 71738530
  344 36.33  2.11  2.46            OX335668.1 73407806 73408090 (28957878)  C          Kuruka  Unspecified (28957878) 73407806 73408090
  423 34.05  2.99  3.30            OX335668.1 76112950 76113283 (26252685)  C          Kuruka  Unspecified (26252685) 76112950 76113283
  294 33.50  2.36  2.84            OX335668.1 77675251 77675462 (24690506)  C          Kuruka  Unspecified (24690506) 77675251 77675462
  239 33.33  1.87  1.87            OX335668.1 78413441 78413547 (23952421)  C          Kuruka  Unspecified (23952421) 78413441 78413547
  275 35.49  2.73  3.14            OX335668.1 80007256 80007511 (22358457)  C          Kuruka  Unspecified (22358457) 80007256 80007511
  368 36.92  1.75  2.11            OX335668.1 83592505 83592789 (18773179)  C          Kuruka  Unspecified (18773179) 83592505 83592789
  334 36.40  2.15  2.52            OX335668.1 84432677 84432955 (17933013)  C          Kuruka  Unspecified (17933013) 84432677 84432955
  401 33.58  3.51  3.87            OX335668.1 86024070 86024354 (16341614)  C          Kuruka  Unspecified (16341614) 86024070 86024354
  231 28.46  5.80  5.80            OX335668.1 87959600 87959737 (14406231)  C          Kuruka  Unspecified (14406231) 87959600 87959737
  231 32.43  0.89  0.89            OX335668.1 87960277 87960388 (14405580)  C          Kuruka  Unspecified (14405580) 87960277 87960388
  259 34.98  2.18  2.63            OX335668.1 91202678 91202906 (11163062)  C          Kuruka  Unspecified (11163062) 91202678 91202906
  426 34.55  2.93  3.24            OX335668.1 94427906 94428246 (7937722)  C          Kuruka  Unspecified (7937722) 94427906 94428246
  298 28.66  2.82  3.41            OX335668.1 96558070 96558246 (5807722)  C          Kuruka  Unspecified (5807722) 96558070 96558246
  753 36.50  3.01  3.10            OX335668.1 96581044 96582140 (5783828)  C          Kuruka  Unspecified (5783828) 96581044 96582140
  302 33.13  2.87  2.87            OX335668.1 98706151 98706324 (3659644)  C          Kuruka  Unspecified (3659644) 98706151 98706324
  384 35.62  2.11  2.46            OX335669.1  3387678  3387962 (26893170)  +          Kuruka  Unspecified (26893170)  3387678  3387962
  334 32.52  0.00  2.50            OX335669.1 15406184 15406306 (14874826)  +          Kuruka  Unspecified (14874826) 15406184 15406306
  383 35.14  0.00  0.00            OX335669.1 19557727 19557911 (10723221)  +          Kuruka  Unspecified (10723221) 19557727 19557911
  254 36.07  4.57  5.05            OX335669.1 24293072 24293290 (5987842)  +          Kuruka  Unspecified (5987842) 24293072 24293290
  246 34.00  3.75  4.40            OX335669.1 24433712 24433871 (5847261)  +          Kuruka  Unspecified (5847261) 24433712 24433871
  312 35.62  2.11  2.46            OX335669.1 27530595 27530879 (2750253)  +          Kuruka  Unspecified (2750253) 27530595 27530879
  233 34.31  1.43  2.16            OX335669.1 28226688 28226827 (2054305)  +          Kuruka  Unspecified (2054305) 28226688 28226827
  251 31.60  5.80  1.39            OX335669.1 28247317 28247454 (2033678)  +          Kuruka  Unspecified (2033678) 28247317 28247454
 1424 33.36  4.68  4.28            OX335669.1 28523447 28524727 (1756405)  +          Kuruka  Unspecified (1756405) 28523447 28524727
  343 28.93  1.63  1.63            OX335669.1 30190952 30191074  (90058)  +          Kuruka  Unspecified  (90058) 30190952 30191074
  254 36.07  4.57  5.05            OX335669.1  4322349  4322567 (25958565)  C          Kuruka  Unspecified (25958565)  4322349  4322567
  438 31.71  3.52  3.92            OX335669.1  6510942  6511197 (23769935)  C          Kuruka  Unspecified (23769935)  6510942  6511197
  230 29.42  4.86  5.59            OX335669.1  6615083  6615226 (23665906)  C          Kuruka  Unspecified (23665906)  6615083  6615226
  500 34.87  1.13  1.52            OX335669.1  9448308  9448572 (20832560)  C          Kuruka  Unspecified (20832560)  9448308  9448572
  384 35.62  2.11  2.46            OX335669.1  9737434  9737718 (20543414)  C          Kuruka  Unspecified (20543414)  9737434  9737718
  315 31.31  2.93  3.43            OX335669.1 12023275 12023479 (18257653)  C          Kuruka  Unspecified (18257653) 12023275 12023479
  401 30.07  0.69  0.69            OX335669.1 13240757 13240900 (17040232)  C          Kuruka  Unspecified (17040232) 13240757 13240900
  335 34.20  3.14  4.23            OX335669.1 14057080 14057366 (16223766)  C          Kuruka  Unspecified (16223766) 14057080 14057366
  274 37.38  2.36  2.84            OX335669.1 16343428 16343639 (13937493)  C          Kuruka  Unspecified (13937493) 16343428 16343639
  373 31.91  4.69  5.02            OX335669.1 16542581 16542900 (13738232)  C          Kuruka  Unspecified (13738232) 16542581 16542900
 1414 33.36  4.68  4.28            OX335669.1 17407537 17408817 (12872315)  C          Kuruka  Unspecified (12872315) 17407537 17408817
  402 32.25  3.91  4.31            OX335669.1 19113524 19113779 (11167353)  C          Kuruka  Unspecified (11167353) 19113524 19113779
  370 35.97  2.11  2.46            OX335669.1 24696239 24696523 (5584609)  C          Kuruka  Unspecified (5584609) 24696239 24696523
 2005 34.58  2.10  2.59            OX335669.1 28033816 28035056 (2246076)  C          Kuruka  Unspecified (2246076) 28033816 28035056
  371 33.48  3.77  4.17            OX335669.1 29880352 29880616 (400516)  C          Kuruka  Unspecified (400516) 29880352 29880616
  304 28.83  0.89  0.89            OX335669.1 29933345 29933456 (347676)  C          Kuruka  Unspecified (347676) 29933345 29933456
  402 35.26  2.11  2.46            OX335670.1    59442    59726 (27386204)  +          Kuruka  Unspecified (27386204)    59442    59726
  324 35.26  2.11  2.46            OX335670.1   787246   787530 (26658400)  +          Kuruka  Unspecified (26658400)   787246   787530
  233 34.31  1.43  2.16            OX335670.1  1072549  1072688 (26373242)  +          Kuruka  Unspecified (26373242)  1072549  1072688
  304 22.06  0.00  0.00            OX335670.1  2047334  2047401 (25398529)  +          Kuruka  Unspecified (25398529)  2047334  2047401
  261 33.34  0.77  0.77            OX335670.1  7531945  7532074 (19913856)  +          Kuruka  Unspecified (19913856)  7531945  7532074
  252 30.53  4.91  5.56            OX335670.1  7870204  7870366 (19575564)  +          Kuruka  Unspecified (19575564)  7870204  7870366
  799 34.27  3.50  2.60            OX335670.1  8244965  8245650 (19200280)  +          Kuruka  Unspecified (19200280)  8244965  8245650
  698 32.98  2.65  2.24            OX335670.1  8325815  8326304 (19119626)  +          Kuruka  Unspecified (19119626)  8325815  8326304
  261 30.63  0.89  0.89            OX335670.1  8601733  8601844 (18844086)  +          Kuruka  Unspecified (18844086)  8601733  8601844
  235 31.18  4.91  5.56            OX335670.1  8602384  8602546 (18843384)  +          Kuruka  Unspecified (18843384)  8602384  8602546
  328 31.66  2.10  2.82            OX335670.1  9000548  9000690 (18445240)  +          Kuruka  Unspecified (18445240)  9000548  9000690
  387 35.97  2.11  2.46            OX335670.1 14357958 14358242 (13087688)  +          Kuruka  Unspecified (13087688) 14357958 14358242
  322 27.06  0.00  0.00            OX335670.1 22025172 22025256 (5420674)  +          Kuruka  Unspecified (5420674) 22025172 22025256
  400 34.67  2.99  3.30            OX335670.1 26269711 26270044 (1175886)  +          Kuruka  Unspecified (1175886) 26269711 26270044
  793 34.30  1.63  1.22            OX335670.1  8338796  8339285 (19106645)  C          Kuruka  Unspecified (19106645)  8338796  8339285
  245 32.72  0.90  0.90            OX335670.1  8702700  8702810 (18743120)  C          Kuruka  Unspecified (18743120)  8702700  8702810
  347 29.90  2.63  3.17            OX335670.1  8981330  8981519 (18464411)  C          Kuruka  Unspecified (18464411)  8981330  8981519
  261 30.53  4.91  5.56            OX335670.1 11606446 11606608 (15839322)  C          Kuruka  Unspecified (15839322) 11606446 11606608
  254 31.53  0.89  0.89            OX335670.1 11607148 11607259 (15838671)  C          Kuruka  Unspecified (15838671) 11607148 11607259
  370 35.97  2.11  2.46            OX335670.1 15709785 15710069 (11735861)  C          Kuruka  Unspecified (11735861) 15709785 15710069
  335 30.82  2.93  3.43            OX335670.1 17466054 17466258 (9979672)  C          Kuruka  Unspecified (9979672) 17466054 17466258
  251 31.60  5.80  1.39            OX335670.1 19022035 19022172 (8423758)  C          Kuruka  Unspecified (8423758) 19022035 19022172
  251 31.60  5.80  1.39            OX335670.1 19075924 19076061 (8369869)  C          Kuruka  Unspecified (8369869) 19075924 19076061
  345 30.42  3.82  7.55            OX335670.1 19427284 19427571 (8018359)  C          Kuruka  Unspecified (8018359) 19427284 19427571
  345 30.42  3.82  7.55            OX335670.1 19433054 19433341 (8012589)  C          Kuruka  Unspecified (8012589) 19433054 19433341
  231 28.79  0.00  0.00            OX335670.1 27049000 27049065 (396865)  C          Kuruka  Unspecified (396865) 27049000 27049065
  370 35.97  2.11  2.46            OX335671.1    70425    70709 (26544412)  +          Kuruka  Unspecified (26544412)    70425    70709
  413 35.03  2.46  2.82            OX335671.1  2573998  2574282 (24040839)  +          Kuruka  Unspecified (24040839)  2573998  2574282
  384 35.62  2.11  2.46            OX335671.1  4425322  4425606 (22189515)  +          Kuruka  Unspecified (22189515)  4425322  4425606
  511 30.42  2.03  4.50            OX335671.1  8289949  8290244 (18324877)  +          Kuruka  Unspecified (18324877)  8289949  8290244
  294 35.97  2.11  2.46            OX335671.1 11372781 11373065 (15242056)  +          Kuruka  Unspecified (15242056) 11372781 11373065
  269 33.62  5.26  6.06            OX335671.1 12631463 12631728 (13983393)  +          Kuruka  Unspecified (13983393) 12631463 12631728
  351 37.65  1.54  1.93            OX335671.1 23652437 23652696 (2962425)  +          Kuruka  Unspecified (2962425) 23652437 23652696
 1579 36.62  1.69  1.85            OX335671.1 24019513 24020814 (2594307)  +          Kuruka  Unspecified (2594307) 24019513 24020814
  258 31.53  0.89  0.89            OX335671.1 26423410 26423521 (191600)  +          Kuruka  Unspecified (191600) 26423410 26423521
  245 27.20  6.02  6.02            OX335671.1 26424061 26424193 (190928)  +          Kuruka  Unspecified (190928) 26424061 26424193
  409 35.26  2.11  2.46            OX335671.1   127338   127622 (26487499)  C          Kuruka  Unspecified (26487499)   127338   127622
  762 36.52  2.83  2.83            OX335671.1  1421926  1423021 (25192100)  C          Kuruka  Unspecified (25192100)  1421926  1423021
  384 35.62  2.11  2.46            OX335671.1 12516248 12516532 (14098589)  C          Kuruka  Unspecified (14098589) 12516248 12516532
  306 35.62  2.11  2.46            OX335671.1 16557464 16557748 (10057373)  C          Kuruka  Unspecified (10057373) 16557464 16557748
  239 35.67  1.25  1.89            OX335671.1 17363532 17363691 (9251430)  C          Kuruka  Unspecified (9251430) 17363532 17363691
  306 35.62  2.11  2.46            OX335671.1 19297422 19297706 (7317415)  C          Kuruka  Unspecified (7317415) 19297422 19297706
  272 27.67  3.40  4.11            OX335671.1 19667351 19667497 (6947624)  C          Kuruka  Unspecified (6947624) 19667351 19667497
  293 35.36  2.26  2.73            OX335671.1 21705562 21705782 (4909339)  C          Kuruka  Unspecified (4909339) 21705562 21705782
  384 35.62  2.11  2.46            OX335671.1 24447721 24448005 (2167116)  C          Kuruka  Unspecified (2167116) 24447721 24448005
  241 37.87  2.36  2.84            OX335672.1  1391722  1391933 (24364127)  +          Kuruka  Unspecified (24364127)  1391722  1391933
  406 35.62  2.11  2.46            OX335672.1  2914881  2915165 (22840895)  +          Kuruka  Unspecified (22840895)  2914881  2915165
  265 36.17  2.49  2.49            OX335672.1  7971046  7971286 (17784774)  +          Kuruka  Unspecified (17784774)  7971046  7971286
  298 30.74  8.37  6.67            OX335672.1  9356395  9356645 (16399415)  +          Kuruka  Unspecified (16399415)  9356395  9356645
  371 31.91  4.69  5.02            OX335672.1 10074432 10074751 (15681309)  +          Kuruka  Unspecified (15681309) 10074432 10074751
  233 34.31  1.43  2.16            OX335672.1 10550079 10550218 (15205842)  +          Kuruka  Unspecified (15205842) 10550079 10550218
  382 26.34  3.47  7.83            OX335672.1 14232102 14232274 (11523786)  +          Kuruka  Unspecified (11523786) 14232102 14232274
  233 34.31  1.43  2.16            OX335672.1 14272691 14272830 (11483230)  +          Kuruka  Unspecified (11483230) 14272691 14272830
  607 32.63  4.01  3.23            OX335672.1 14451828 14452226 (11303834)  +          Kuruka  Unspecified (11303834) 14451828 14452226
  239 40.68  0.42  0.84            OX335672.1 15308484 15308721 (10447339)  +          Kuruka  Unspecified (10447339) 15308484 15308721
  359 35.97  2.11  2.46            OX335672.1 16913960 16914244 (8841816)  +          Kuruka  Unspecified (8841816) 16913960 16914244
  263 15.09  1.85  1.85            OX335672.1 24289588 24289641 (1466419)  +          Kuruka  Unspecified (1466419) 24289588 24289641
  312 33.04  2.30  3.74            OX335672.1  9216816  9217032 (16539028)  C          Kuruka  Unspecified (16539028)  9216816  9217032
  316 36.56  1.75  2.11            OX335672.1 11044983 11045267 (14710793)  C          Kuruka  Unspecified (14710793) 11044983 11045267
  399 34.74  2.23  2.61            OX335672.1 13996120 13996388 (11759672)  C          Kuruka  Unspecified (11759672) 13996120 13996388
  324 35.26  2.11  2.46            OX335672.1 21033124 21033408 (4722652)  C          Kuruka  Unspecified (4722652) 21033124 21033408
  402 35.26  2.11  2.46            OX335673.1  1355776  1356060 (22294088)  +          Kuruka  Unspecified (22294088)  1355776  1356060
  750 36.59  2.73  2.83            OX335673.1  6425035  6426131 (17224017)  +          Kuruka  Unspecified (17224017)  6425035  6426131
  230 29.42  4.86  5.59            OX335673.1  9249982  9250125 (14400023)  +          Kuruka  Unspecified (14400023)  9249982  9250125
  241 28.69  4.69  4.69            OX335673.1  9576410  9576537 (14073611)  +          Kuruka  Unspecified (14073611)  9576410  9576537
  368 26.97  3.47  7.83            OX335673.1 11169588 11169760 (12480388)  +          Kuruka  Unspecified (12480388) 11169588 11169760
  274 36.95  2.83  2.46            OX335673.1 13812450 13812732 (9837416)  +          Kuruka  Unspecified (9837416) 13812450 13812732
  315 31.31  2.93  3.43            OX335673.1 16384448 16384652 (7265496)  +          Kuruka  Unspecified (7265496) 16384448 16384652
  343 22.11  2.04  3.09            OX335673.1 18061749 18061846 (5588302)  +          Kuruka  Unspecified (5588302) 18061749 18061846
  765 36.59  2.73  2.83            OX335673.1 18896322 18897418 (4752730)  +          Kuruka  Unspecified (4752730) 18896322 18897418
  418 32.12  3.52  3.92            OX335673.1   393219   393474 (23256674)  C          Kuruka  Unspecified (23256674)   393219   393474
  345 30.42  3.82  7.55            OX335673.1  4892836  4893123 (18757025)  C          Kuruka  Unspecified (18757025)  4892836  4893123
  753 34.48  1.42  1.60            OX335673.1  7256365  7256927 (16393221)  C          Kuruka  Unspecified (16393221)  7256365  7256927
  330 36.91  3.78  1.73            OX335673.1  7258407  7258803 (16391345)  C          Kuruka  Unspecified (16391345)  7258407  7258803
  349 35.39  2.46  2.82            OX335673.1 11488216 11488500 (12161648)  C          Kuruka  Unspecified (12161648) 11488216 11488500
  373 35.62  2.11  2.46            OX335673.1 11518522 11518806 (12131342)  C          Kuruka  Unspecified (12131342) 11518522 11518806
  836 37.18  2.55  2.65            OX335673.1 16294239 16295335 (7354813)  C          Kuruka  Unspecified (7354813) 16294239 16295335
  250 31.71  0.00  0.00            OX335673.1 17355063 17355144 (6295004)  C          Kuruka  Unspecified (6295004) 17355063 17355144
  304 22.06  0.00  0.00            OX335673.1 19668415 19668482 (3981666)  C          Kuruka  Unspecified (3981666) 19668415 19668482
  261 30.53  4.91  5.56            OX335673.1 22081270 22081432 (1568716)  C          Kuruka  Unspecified (1568716) 22081270 22081432
  343 34.32  3.30  3.79            OX335673.1 22218015 22218226 (1431922)  C          Kuruka  Unspecified (1431922) 22218015 22218226
  357 36.37  2.13  2.49            OX335673.1 22403739 22404020 (1246128)  C          Kuruka  Unspecified (1246128) 22403739 22404020
  268 37.12  3.02  3.41            OX335673.1 22442647 22442911 (1207237)  C          Kuruka  Unspecified (1207237) 22442647 22442911
  304 22.06  0.00  0.00            OX335674.1   403502   403569 (23188382)  +          Kuruka  Unspecified (23188382)   403502   403569
  249 31.13  0.93  0.93            OX335674.1   419881   419987 (23171964)  +          Kuruka  Unspecified (23171964)   419881   419987
  256 31.37  4.49  5.08            OX335674.1   420512   420689 (23171262)  +          Kuruka  Unspecified (23171262)   420512   420689
  363 34.53  2.18  2.63            OX335674.1   914080   914308 (22677643)  +          Kuruka  Unspecified (22677643)   914080   914308
  438 31.71  3.52  3.92            OX335674.1  1181353  1181608 (22410343)  +          Kuruka  Unspecified (22410343)  1181353  1181608
  387 35.62  2.11  2.46            OX335674.1  2087624  2087908 (21504043)  +          Kuruka  Unspecified (21504043)  2087624  2087908
  336 33.18  2.18  2.63            OX335674.1  9366064  9366292 (14225659)  +          Kuruka  Unspecified (14225659)  9366064  9366292
  259 37.02  2.80  2.80            OX335674.1 10005502 10005715 (13586236)  +          Kuruka  Unspecified (13586236) 10005502 10005715
  306 35.62  2.11  2.46            OX335674.1 12842745 12843029 (10748922)  +          Kuruka  Unspecified (10748922) 12842745 12843029
  254 36.07  4.57  5.05            OX335674.1 16982581 16982799 (6609152)  +          Kuruka  Unspecified (6609152) 16982581 16982799
  401 32.30  5.25  5.59            OX335674.1 20285470 20285774 (3306177)  +          Kuruka  Unspecified (3306177) 20285470 20285774
 1440 33.27  4.68  4.28            OX335674.1  7064208  7065488 (16526463)  C          Kuruka  Unspecified (16526463)  7064208  7065488
  383 35.49  3.11  3.54            OX335674.1  9505963  9506444 (14085507)  C          Kuruka  Unspecified (14085507)  9505963  9506444
 1420 33.36  4.68  4.28            OX335674.1 10937294 10938574 (12653377)  C          Kuruka  Unspecified (12653377) 10937294 10938574
  249 31.19  0.91  0.91            OX335674.1 12188404 12188513 (11403438)  C          Kuruka  Unspecified (11403438) 12188404 12188513
  367 32.30  5.25  5.59            OX335674.1 18868879 18869183 (4722768)  C          Kuruka  Unspecified (4722768) 18868879 18869183
  248 31.53  0.89  0.89            OX335674.1 23222699 23222810 (369141)  C          Kuruka  Unspecified (369141) 23222699 23222810
  379 35.26  2.11  2.46            OX335675.1  3939532  3939816 (19099097)  +          Kuruka  Unspecified (19099097)  3939532  3939816
  315 34.44  2.81  3.23            OX335675.1 22880069 22880317 (158596)  +          Kuruka  Unspecified (158596) 22880069 22880317
  425 34.87  1.13  1.52            OX335675.1   150090   150354 (22888559)  C          Kuruka  Unspecified (22888559)   150090   150354
  400 35.27  0.88  1.33            OX335675.1  3738823  3739049 (19299864)  C          Kuruka  Unspecified (19299864)  3738823  3739049
  231 31.83  4.91  5.56            OX335675.1  7755706  7755868 (15283045)  C          Kuruka  Unspecified (15283045)  7755706  7755868
  254 31.53  0.89  0.89            OX335675.1  7756408  7756519 (15282394)  C          Kuruka  Unspecified (15282394)  7756408  7756519
 1090 34.58  4.30  2.66            OX335675.1  7761543  7762356 (15276557)  C          Kuruka  Unspecified (15276557)  7761543  7762356
  831 37.18  2.55  2.65            OX335675.1  9185429  9186525 (13852388)  C          Kuruka  Unspecified (13852388)  9185429  9186525
  255 31.60  5.80  1.39            OX335675.1 12797504 12797641 (10241272)  C          Kuruka  Unspecified (10241272) 12797504 12797641
  301 35.53  1.49  3.65            OX335675.1 15413636 15413971 (7624942)  C          Kuruka  Unspecified (7624942) 15413636 15413971
  370 35.14  2.83  2.46            OX335675.1 16578045 16578327 (6460586)  C          Kuruka  Unspecified (6460586) 16578045 16578327
  261 30.53  4.91  5.56            OX335675.1 22569027 22569189 (469724)  C          Kuruka  Unspecified (469724) 22569027 22569189
  254 31.53  0.89  0.89            OX335675.1 22569729 22569840 (469073)  C          Kuruka  Unspecified (469073) 22569729 22569840
  280 36.33  2.11  2.46            OX335676.1  2231255  2231539 (20519479)  +          Kuruka  Unspecified (20519479)  2231255  2231539
  234 34.31  1.43  2.16            OX335676.1  5347193  5347332 (17403686)  +          Kuruka  Unspecified (17403686)  5347193  5347332
  258 25.78  6.92  4.51            OX335676.1  9370504  9370633 (13380385)  +          Kuruka  Unspecified (13380385)  9370504  9370633
  378 33.60  3.02  3.41            OX335676.1 14879992 14880256 (7870762)  +          Kuruka  Unspecified (7870762) 14879992 14880256
  304 34.74  1.55  2.07            OX335676.1 17424349 17424542 (5326476)  +          Kuruka  Unspecified (5326476) 17424349 17424542
  273 31.71  0.00  0.00            OX335676.1 19818482 19818563 (2932455)  +          Kuruka  Unspecified (2932455) 19818482 19818563
  257 30.53  4.91  5.56            OX335676.1   203571   203733 (22547285)  C          Kuruka  Unspecified (22547285)   203571   203733
  259 31.53  0.89  0.89            OX335676.1   204273   204384 (22546634)  C          Kuruka  Unspecified (22546634)   204273   204384
  343 32.16  5.94  5.59            OX335676.1  1991078  1991380 (20759638)  C          Kuruka  Unspecified (20759638)  1991078  1991380
  241 37.87  2.36  2.84            OX335676.1  2734572  2734783 (20016235)  C          Kuruka  Unspecified (20016235)  2734572  2734783
  287 35.22  1.49  3.65            OX335676.1  8132682  8133017 (14618001)  C          Kuruka  Unspecified (14618001)  8132682  8133017
  387 32.96  5.26  1.01            OX335676.1  9802348  9802537 (12948481)  C          Kuruka  Unspecified (12948481)  9802348  9802537
  309 33.03  2.67  3.12            OX335677.1  3329954  3330178 (18777686)  +          Kuruka  Unspecified (18777686)  3329954  3330178
  372 35.97  2.11  2.46            OX335677.1  4583125  4583409 (17524455)  +          Kuruka  Unspecified (17524455)  4583125  4583409
  438 31.71  3.52  3.92            OX335677.1  4989565  4989820 (17118044)  +          Kuruka  Unspecified (17118044)  4989565  4989820
  263 15.09  1.85  1.85            OX335677.1 20403548 20403601 (1704263)  +          Kuruka  Unspecified (1704263) 20403548 20403601
  340 34.32  3.30  3.79            OX335677.1  3022079  3022290 (19085574)  C          Kuruka  Unspecified (19085574)  3022079  3022290
  357 36.33  2.11  2.46            OX335677.1  5041843  5042127 (17065737)  C          Kuruka  Unspecified (17065737)  5041843  5042127
  370 35.97  2.11  2.46            OX335677.1 10989924 10990208 (11117656)  C          Kuruka  Unspecified (11117656) 10989924 10990208
  384 35.62  2.11  2.46            OX335677.1 12655959 12656243 (9451621)  C          Kuruka  Unspecified (9451621) 12655959 12656243
  365 36.33  2.11  2.46            OX335677.1 15735986 15736270 (6371594)  C          Kuruka  Unspecified (6371594) 15735986 15736270
  287 34.53  2.18  2.63            OX335677.1 15792135 15792363 (6315501)  C          Kuruka  Unspecified (6315501) 15792135 15792363
  816 37.98  2.46  2.55            OX335677.1 21947767 21948863 (159001)  C          Kuruka  Unspecified (159001) 21947767 21948863
  225 32.43  0.89  0.89            OX335678.1   352495   352606 (21633753)  +          Kuruka  Unspecified (21633753)   352495   352606
  235 31.18  4.91  5.56            OX335678.1   353146   353308 (21633051)  +          Kuruka  Unspecified (21633051)   353146   353308
  328 31.66  2.10  2.82            OX335678.1  5355414  5355556 (16630803)  +          Kuruka  Unspecified (16630803)  5355414  5355556
  252 30.53  4.91  5.56            OX335678.1  4144486  4144648 (17841711)  C          Kuruka  Unspecified (17841711)  4144486  4144648
  231 32.43  0.89  0.89            OX335678.1  4145188  4145299 (17841060)  C          Kuruka  Unspecified (17841060)  4145188  4145299
  248 31.53  0.89  0.89            OX335678.1  4535499  4535610 (17450749)  C          Kuruka  Unspecified (17450749)  4535499  4535610
  370 35.97  2.11  2.46            OX335678.1 11354359 11354643 (10631716)  C          Kuruka  Unspecified (10631716) 11354359 11354643
  362 33.86  3.77  4.17            OX335678.1 18609698 18609962 (3376397)  C          Kuruka  Unspecified (3376397) 18609698 18609962
  377 34.09  2.18  2.63            OX335678.1 19554115 19554343 (2432016)  C          Kuruka  Unspecified (2432016) 19554115 19554343
  383 34.09  2.18  2.63            OX335678.1 19567060 19567288 (2419071)  C          Kuruka  Unspecified (2419071) 19567060 19567288
  319 33.83  1.46  1.96            OX335678.1 20487181 20487385 (1498974)  C          Kuruka  Unspecified (1498974) 20487181 20487385
  343 33.33  1.46  1.96            OX335678.1 20492355 20492559 (1493800)  C          Kuruka  Unspecified (1493800) 20492355 20492559
  379 34.15  7.38  4.49            OX335679.1  1693588  1693912 (19201331)  +          Kuruka  Unspecified (19201331)  1693588  1693912
  362 33.86  3.77  4.17            OX335679.1  8644260  8644524 (12250719)  +          Kuruka  Unspecified (12250719)  8644260  8644524
  316 34.10  4.03  4.41            OX335679.1 16607011 16607283 (4287960)  +          Kuruka  Unspecified (4287960) 16607011 16607283
  361 32.03  7.41  2.53            OX335679.1 17782882 17783070 (3112173)  +          Kuruka  Unspecified (3112173) 17782882 17783070
  435 31.71  3.52  3.92            OX335679.1  6953393  6953648 (13941595)  C          Kuruka  Unspecified (13941595)  6953393  6953648
  384 35.62  2.11  2.46            OX335679.1  9977670  9977954 (10917289)  C          Kuruka  Unspecified (10917289)  9977670  9977954
  287 35.22  1.49  3.65            OX335679.1 11999855 12000190 (8895053)  C          Kuruka  Unspecified (8895053) 11999855 12000190
  248 39.13  1.08  1.08            OX335679.1 16919595 16919873 (3975370)  C          Kuruka  Unspecified (3975370) 16919595 16919873
  249 34.98  2.18  2.63            OX335679.1 17845467 17845695 (3049548)  C          Kuruka  Unspecified (3049548) 17845467 17845695
  243 29.46  2.65  0.87            OX335680.1   960162   960274 (19783933)  +          Kuruka  Unspecified (19783933)   960162   960274
  300 34.89  2.26  2.73            OX335680.1  2103334  2103554 (18640653)  +          Kuruka  Unspecified (18640653)  2103334  2103554
  380 35.62  2.11  2.46            OX335680.1  6005783  6006067 (14738140)  +          Kuruka  Unspecified (14738140)  6005783  6006067
  765 36.59  2.73  2.83            OX335680.1 10766132 10767228 (9976979)  +          Kuruka  Unspecified (9976979) 10766132 10767228
  269 30.20  2.44  3.07            OX335680.1   923691   923854 (19820353)  C          Kuruka  Unspecified (19820353)   923691   923854
  387 35.62  2.11  2.46            OX335680.1  9581626  9581910 (11162297)  C          Kuruka  Unspecified (11162297)  9581626  9581910
  370 35.97  2.11  2.46            OX335680.1 11372566 11372850 (9371357)  C          Kuruka  Unspecified (9371357) 11372566 11372850
  377 35.97  2.11  2.46            OX335680.1 12270087 12270371 (8473836)  C          Kuruka  Unspecified (8473836) 12270087 12270371
  287 36.17  2.49  2.49            OX335680.1 19372585 19372825 (1371382)  C          Kuruka  Unspecified (1371382) 19372585 19372825
  364 31.71  3.52  3.92            OX335680.1 20179976 20180231 (563976)  C          Kuruka  Unspecified (563976) 20179976 20180231
  279 31.89  4.46  6.69            OX335681.1  3120802  3121137 (17310222)  +          Kuruka  Unspecified (17310222)  3120802  3121137
  371 33.33  2.82  2.82            OX335681.1  9016077  9016360 (11414999)  +          Kuruka  Unspecified (11414999)  9016077  9016360
  260 36.17  2.49  2.49            OX335681.1 10144503 10144743 (10286616)  +          Kuruka  Unspecified (10286616) 10144503 10144743
  249 31.19  0.91  0.91            OX335681.1 13131637 13131746 (7299613)  +          Kuruka  Unspecified (7299613) 13131637 13131746
  252 30.53  4.91  5.56            OX335681.1 13132286 13132448 (7298911)  +          Kuruka  Unspecified (7298911) 13132286 13132448
  248 31.53  0.89  0.89            OX335681.1 15215744 15215855 (5215504)  +          Kuruka  Unspecified (5215504) 15215744 15215855
  245 32.26  4.29  4.94            OX335681.1 15216395 15216557 (5214802)  +          Kuruka  Unspecified (5214802) 15216395 15216557
  325 35.23  3.42  3.78            OX335681.1 15600364 15600655 (4830704)  +          Kuruka  Unspecified (4830704) 15600364 15600655
  309 33.03  2.67  3.12            OX335681.1  1421772  1421996 (19009363)  C          Kuruka  Unspecified (19009363)  1421772  1421996
  306 35.62  2.11  2.46            OX335681.1  3007786  3008070 (17423289)  C          Kuruka  Unspecified (17423289)  3007786  3008070
  386 35.62  2.11  2.46            OX335681.1  5052703  5052987 (15378372)  C          Kuruka  Unspecified (15378372)  5052703  5052987
 2001 35.48  2.00  2.08            OX335681.1 16442171 16443471 (3987888)  C          Kuruka  Unspecified (3987888) 16442171 16443471
 2089 33.99  2.10  2.19            OX335682.1   892199   893434 (18750317)  +          Kuruka  Unspecified (18750317)   892199   893434
  252 30.53  4.91  5.56            OX335682.1  2288627  2288789 (17354962)  +          Kuruka  Unspecified (17354962)  2288627  2288789
  300 28.74  2.78  3.35            OX335682.1  4314513  4314692 (15329059)  +          Kuruka  Unspecified (15329059)  4314513  4314692
  423 34.05  2.99  3.30            OX335682.1  5329080  5329413 (14314338)  +          Kuruka  Unspecified (14314338)  5329080  5329413
  255 31.60  5.80  1.39            OX335682.1  5658344  5658481 (13985270)  +          Kuruka  Unspecified (13985270)  5658344  5658481
 1405 33.44  4.68  4.28            OX335682.1 15381142 15382422 (4261329)  +          Kuruka  Unspecified (4261329) 15381142 15382422
  252 30.53  4.91  5.56            OX335682.1 15706970 15707132 (3936619)  +          Kuruka  Unspecified (3936619) 15706970 15707132
  700 36.66  2.73  2.73            OX335682.1 19385327 19386058 (257693)  +          Kuruka  Unspecified (257693) 19385327 19386058
  682 28.91  1.86  1.86            OX335682.1 19386327 19386541 (257210)  +          Kuruka  Unspecified (257210) 19386327 19386541
  495 31.91  2.64  3.03            OX335682.1  1186428  1186692 (18457059)  C          Kuruka  Unspecified (18457059)  1186428  1186692
  362 35.75  2.46  2.82            OX335682.1  1880732  1881016 (17762735)  C          Kuruka  Unspecified (17762735)  1880732  1881016
  370 35.97  2.11  2.46            OX335682.1  6052432  6052716 (13591035)  C          Kuruka  Unspecified (13591035)  6052432  6052716
  251 25.42  0.00  0.00            OX335682.1 12707550 12707608 (6936143)  C          Kuruka  Unspecified (6936143) 12707550 12707608
  419 34.90  2.11  2.46            OX335682.1 16625219 16625503 (3018248)  C          Kuruka  Unspecified (3018248) 16625219 16625503
  409 35.13  2.41  2.82            OX335682.1 19474779 19475027 (168724)  C          Kuruka  Unspecified (168724) 19474779 19475027
  397 34.71  2.41  2.82            OX335683.1  3491579  3491827 (16143959)  +          Kuruka  Unspecified (16143959)  3491579  3491827
  341 33.56  5.73  3.87            OX335683.1 14332647 14332925 (5302861)  +          Kuruka  Unspecified (5302861) 14332647 14332925
  251 31.60  5.80  1.39            OX335683.1 14602018 14602155 (5033631)  +          Kuruka  Unspecified (5033631) 14602018 14602155
  241 37.87  2.36  2.84            OX335683.1 16250536 16250747 (3385039)  +          Kuruka  Unspecified (3385039) 16250536 16250747
  304 34.10  4.03  4.41            OX335683.1 19072696 19072968 (562818)  +          Kuruka  Unspecified (562818) 19072696 19072968
  233 34.31  1.43  2.16            OX335683.1   774804   774943 (18860843)  C          Kuruka  Unspecified (18860843)   774804   774943
  382 26.34  3.47  7.83            OX335683.1  4531566  4531738 (15104048)  C          Kuruka  Unspecified (15104048)  4531566  4531738
  308 35.62  2.11  2.46            OX335683.1  9171986  9172270 (10463516)  C          Kuruka  Unspecified (10463516)  9171986  9172270
  345 30.42  3.82  7.55            OX335683.1  9803579  9803866 (9831920)  C          Kuruka  Unspecified (9831920)  9803579  9803866
  250 32.48  0.85  0.85            OX335683.1 11109276 11109393 (8526393)  C          Kuruka  Unspecified (8526393) 11109276 11109393
  312 35.62  2.11  2.46            OX335683.1 12058681 12058965 (7576821)  C          Kuruka  Unspecified (7576821) 12058681 12058965
  425 32.12  3.52  3.92            OX335684.1   892282   892537 (18584657)  +          Kuruka  Unspecified (18584657)   892282   892537
  230 27.42  6.06  6.06            OX335684.1  8955943  8956074 (10521120)  +          Kuruka  Unspecified (10521120)  8955943  8956074
  306 35.62  2.11  2.46            OX335684.1   485280   485564 (18991630)  C          Kuruka  Unspecified (18991630)   485280   485564
  384 35.62  2.11  2.46            OX335684.1 16727441 16727725 (2749469)  C          Kuruka  Unspecified (2749469) 16727441 16727725
  261 35.39  2.46  2.82            OX335685.1 10224063 10224347 (9050374)  +          Kuruka  Unspecified (9050374) 10224063 10224347
  388 34.69  0.00  0.00            OX335685.1 18412576 18413124 (861976)  +          Kuruka  Unspecified (861976) 18412576 18413124
  874 27.89  1.79  3.95            OX335685.1 18413809 18414144 (860577)  +          Kuruka  Unspecified (860577) 18413809 18414144
  243 31.18  4.91  5.56            OX335685.1  3251916  3252078 (16022643)  C          Kuruka  Unspecified (16022643)  3251916  3252078
  396 35.03  2.46  2.82            OX335685.1  4440724  4441008 (14833713)  C          Kuruka  Unspecified (14833713)  4440724  4441008
  304 22.06  0.00  0.00            OX335685.1  5578060  5578127 (13696594)  C          Kuruka  Unspecified (13696594)  5578060  5578127
  287 36.17  2.49  2.49            OX335685.1 12681814 12682054 (6592667)  C          Kuruka  Unspecified (6592667) 12681814 12682054
  285 35.97  2.11  2.46            OX335685.1 14940693 14940977 (4333744)  C          Kuruka  Unspecified (4333744) 14940693 14940977
 1192 36.85  1.91  1.99            OX335685.1 18549799 18551005 (723716)  C          Kuruka  Unspecified (723716) 18549799 18551005
  386 35.62  2.11  2.46            OX335686.1  3362006  3362290 (15725152)  +          Kuruka  Unspecified (15725152)  3362006  3362290
  310 36.01  2.06  4.58            OX335686.1  3692742  3693032 (15394410)  +          Kuruka  Unspecified (15394410)  3692742  3693032
 1420 33.36  4.68  4.28            OX335686.1  6296313  6297593 (12789849)  +          Kuruka  Unspecified (12789849)  6296313  6297593
  377 32.30  5.25  5.59            OX335686.1 11107997 11108301 (7979141)  +          Kuruka  Unspecified (7979141) 11107997 11108301
  519 34.48  1.13  1.52            OX335686.1 13740201 13740465 (5346977)  +          Kuruka  Unspecified (5346977) 13740201 13740465
 1295 33.33  4.30  3.81            OX335686.1 14760947 14762016 (4325426)  +          Kuruka  Unspecified (4325426) 14760947 14762016
 2029 33.91  2.09  2.75            OX335686.1 15076840 15078082 (4009360)  +          Kuruka  Unspecified (4009360) 15076840 15078082
  244 31.19  0.91  0.91            OX335686.1 17304325 17304434 (1783008)  +          Kuruka  Unspecified (1783008) 17304325 17304434
  248 30.53  4.91  5.56            OX335686.1 17306009 17306171 (1781271)  +          Kuruka  Unspecified (1781271) 17306009 17306171
  349 37.26  1.54  1.93            OX335686.1 17678541 17678800 (1408642)  +          Kuruka  Unspecified (1408642) 17678541 17678800
  290 35.23  1.03  1.03            OX335686.1 18451041 18451235 (636207)  +          Kuruka  Unspecified (636207) 18451041 18451235
 1273 34.04  1.63  1.79            OX335686.1 18451566 18452477 (635204)  +          Kuruka  Unspecified (635204) 18451566 18452477
 1409 34.42  2.28  2.61            OX335686.1 18479786 18480823 (606735)  +          Kuruka  Unspecified (606735) 18479786 18480823
  245 15.09  1.85  1.85            OX335686.1  4007092  4007145 (15080297)  C          Kuruka  Unspecified (15080297)  4007092  4007145
  481 31.39  2.62  2.62            OX335686.1  4049277  4049505 (15037937)  C          Kuruka  Unspecified (15037937)  4049277  4049505
  281 28.40  0.00  0.00            OX335686.1  4064449  4064529 (15022913)  C          Kuruka  Unspecified (15022913)  4064449  4064529
  358 33.86  3.77  4.17            OX335686.1  8145541  8145805 (10941637)  C          Kuruka  Unspecified (10941637)  8145541  8145805
  384 35.62  2.11  2.46            OX335686.1 12423992 12424276 (6663166)  C          Kuruka  Unspecified (6663166) 12423992 12424276
 1283 35.69  2.64  2.73            OX335686.1 14314490 14315664 (4771778)  C          Kuruka  Unspecified (4771778) 14314490 14315664
  246 34.12  1.35  1.35            OX335686.1 14464610 14465307 (4622610)  C          Kuruka  Unspecified (4622610) 14464610 14465307
  233 27.27  5.47  5.47            OX335686.1 14478936 14479063 (4608379)  C          Kuruka  Unspecified (4608379) 14478936 14479063
  352 36.33  2.11  2.46            OX335686.1 16554313 16554597 (2532845)  C          Kuruka  Unspecified (2532845) 16554313 16554597
  370 35.97  2.11  2.46            OX335686.1 17326597 17326881 (1760561)  C          Kuruka  Unspecified (1760561) 17326597 17326881
  375 31.49  7.41  2.53            OX335686.1 18858802 18858990 (228452)  C          Kuruka  Unspecified (228452) 18858802 18858990
  233 27.27  5.47  5.47            OX335686.1 18870371 18870498 (216944)  C          Kuruka  Unspecified (216944) 18870371 18870498
  260 33.92  1.35  1.35            OX335686.1 18949626 18950323 (137594)  C          Kuruka  Unspecified (137594) 18949626 18950323
  317 34.10  4.03  4.41            OX335687.1   938587   938859 (16956636)  +          Kuruka  Unspecified (16956636)   938587   938859
  419 34.90  2.11  2.46            OX335687.1  3415467  3415751 (14479744)  +          Kuruka  Unspecified (14479744)  3415467  3415751
  384 35.62  2.11  2.46            OX335687.1  5116997  5117281 (12778214)  +          Kuruka  Unspecified (12778214)  5116997  5117281
  384 35.62  2.11  2.46            OX335687.1  7729588  7729872 (10165623)  +          Kuruka  Unspecified (10165623)  7729588  7729872
  306 35.62  2.11  2.46            OX335687.1 11158777 11159061 (6736434)  +          Kuruka  Unspecified (6736434) 11158777 11159061
  390 35.62  2.11  2.46            OX335687.1 11418823 11419107 (6476388)  C          Kuruka  Unspecified (6476388) 11418823 11419107
  335 36.93  1.74  2.82            OX335688.1  8610014  8610300 (9267000)  +          Kuruka  Unspecified (9267000)  8610014  8610300
  232 26.98  0.00  0.00            OX335688.1  9016377  9016439 (8860861)  +          Kuruka  Unspecified (8860861)  9016377  9016439
  306 35.62  2.11  2.46            OX335688.1  9437933  9438217 (8439083)  +          Kuruka  Unspecified (8439083)  9437933  9438217
 1565 35.87  2.64  2.73            OX335688.1  9957287  9958461 (7918839)  +          Kuruka  Unspecified (7918839)  9957287  9958461
  778 36.49  2.73  2.83            OX335688.1  9968755  9969851 (7907449)  +          Kuruka  Unspecified (7907449)  9968755  9969851
 1403 34.74  3.73  3.73            OX335688.1 10323182 10324389 (7552911)  +          Kuruka  Unspecified (7552911) 10323182 10324389
  251 25.42  0.00  0.00            OX335688.1 14467121 14467179 (3410121)  +          Kuruka  Unspecified (3410121) 14467121 14467179
  459 31.39  2.62  2.62            OX335688.1  5878576  5878804 (11998496)  C          Kuruka  Unspecified (11998496)  5878576  5878804
  234 33.11  7.07  3.14            OX335688.1 10192119 10192302 (7684998)  C          Kuruka  Unspecified (7684998) 10192119 10192302
  230 31.58  6.32  0.00            OX335688.1 10631299 10631393 (7245907)  C          Kuruka  Unspecified (7245907) 10631299 10631393
  357 36.37  2.13  2.49            OX335689.1   768145   768426 (16865698)  +          Kuruka  Unspecified (16865698)   768145   768426
  447 33.20  1.89  2.27            OX335689.1  1636480  1636744 (15997380)  +          Kuruka  Unspecified (15997380)  1636480  1636744
  370 35.97  2.11  2.46            OX335689.1 11014100 11014384 (6619740)  +          Kuruka  Unspecified (6619740) 11014100 11014384
  233 27.27  5.47  5.47            OX335689.1 14285248 14285375 (3348749)  +          Kuruka  Unspecified (3348749) 14285248 14285375
 1929 33.67  2.69  2.60            OX335689.1 14294556 14295784 (3338340)  +          Kuruka  Unspecified (3338340) 14294556 14295784
  610 32.89  4.01  3.23            OX335689.1 14356613 14357011 (3277113)  +          Kuruka  Unspecified (3277113) 14356613 14357011
  384 35.62  2.11  2.46            OX335689.1  7480917  7481201 (10152923)  C          Kuruka  Unspecified (10152923)  7480917  7481201
  370 35.97  2.11  2.46            OX335689.1  7909376  7909660 (9724464)  C          Kuruka  Unspecified (9724464)  7909376  7909660
  314 33.63  2.18  2.63            OX335689.1  8517334  8517562 (9116562)  C          Kuruka  Unspecified (9116562)  8517334  8517562
  292 35.97  2.11  2.46            OX335689.1 11132321 11132605 (6501519)  C          Kuruka  Unspecified (6501519) 11132321 11132605
  351 28.33  5.00  0.00            OX335689.1 12066031 12066150 (5567974)  C          Kuruka  Unspecified (5567974) 12066031 12066150
  230 31.58  6.32  0.00            OX335689.1 14633570 14633664 (3000460)  C          Kuruka  Unspecified (3000460) 14633570 14633664
  354 35.97  2.11  2.46            OX335689.1 17364827 17365111 (269013)  C          Kuruka  Unspecified (269013) 17364827 17365111
  327 31.88  3.83  4.93            OX335690.1 11253082 11253368 (5449942)  +          Kuruka  Unspecified (5449942) 11253082 11253368
  391 33.56  4.37  4.58            OX335690.1 11330569 11331049 (5372261)  +          Kuruka  Unspecified (5372261) 11330569 11331049
  414 32.92  0.62  0.62            OX335691.1  1417260  1417421 (14096538)  +          Kuruka  Unspecified (14096538)  1417260  1417421
  401 35.26  2.11  2.46            OX335691.1  1780459  1780743 (13733216)  +          Kuruka  Unspecified (13733216)  1780459  1780743
  357 36.33  2.11  2.46            OX335691.1  6165159  6165443 (9348516)  +          Kuruka  Unspecified (9348516)  6165159  6165443
  312 35.62  2.11  2.46            OX335691.1 10961211 10961495 (4552464)  +          Kuruka  Unspecified (4552464) 10961211 10961495
  366 32.30  5.25  5.59            OX335691.1 15054804 15055108 (458851)  +          Kuruka  Unspecified (458851) 15054804 15055108
  289 29.31  2.78  3.35            OX335691.1  4879288  4879467 (10634492)  C          Kuruka  Unspecified (10634492)  4879288  4879467
  309 34.09  2.18  2.63            OX335691.1  8876930  8877158 (6636801)  C          Kuruka  Unspecified (6636801)  8876930  8877158
  258 33.76  3.64  4.07            OX335691.1  9335447  9335693 (6178266)  C          Kuruka  Unspecified (6178266)  9335447  9335693
  300 28.74  2.78  3.35            OX335691.1 10941944 10942123 (4571836)  C          Kuruka  Unspecified (4571836) 10941944 10942123
  348 35.61  2.12  1.76            OX335691.1 15177241 15177523 (336436)  C          Kuruka  Unspecified (336436) 15177241 15177523
  284 36.96  2.82  2.82            OX335692.1  6093418  6093701 (9379338)  +          Kuruka  Unspecified (9379338)  6093418  6093701
  248 39.13  1.08  1.08            OX335692.1  6627817  6628095 (8844944)  +          Kuruka  Unspecified (8844944)  6627817  6628095
  361 30.93  8.47  2.50            OX335692.1  9078706  9078894 (6394145)  +          Kuruka  Unspecified (6394145)  9078706  9078894
  384 35.62  2.11  2.46            OX335692.1  8727506  8727790 (6745249)  C          Kuruka  Unspecified (6745249)  8727506  8727790
  348 36.33  2.11  2.46            OX335692.1 11988185 11988469 (3484570)  C          Kuruka  Unspecified (3484570) 11988185 11988469
  352 35.97  2.11  2.46            OX335692.1 14734140 14734424 (738615)  C          Kuruka  Unspecified (738615) 14734140 14734424
  362 33.07  3.15  3.97            OX335692.1 15123558 15123938 (349101)  C          Kuruka  Unspecified (349101) 15123558 15123938
  251 25.42  0.00  0.00            OX335693.1  5186266  5186324 (9346980)  +          Kuruka  Unspecified (9346980)  5186266  5186324
  398 35.62  2.11  2.46            OX335693.1  7501850  7502134 (7031170)  +          Kuruka  Unspecified (7031170)  7501850  7502134
  398 35.62  2.11  2.46            OX335693.1  7507565  7507849 (7025455)  +          Kuruka  Unspecified (7025455)  7507565  7507849
  299 34.09  2.18  2.63            OX335693.1 10293376 10293604 (4239700)  +          Kuruka  Unspecified (4239700) 10293376 10293604
  357 36.33  2.11  2.46            OX335693.1  6891261  6891545 (7641759)  C          Kuruka  Unspecified (7641759)  6891261  6891545
 1663 33.73  2.52  2.62            OX335693.1  8319598  8320629 (6212675)  C          Kuruka  Unspecified (6212675)  8319598  8320629
  306 35.62  2.11  2.46            OX335693.1  9883680  9883964 (4649340)  C          Kuruka  Unspecified (4649340)  9883680  9883964
  483 35.57  2.97  3.11            OX335693.1 11674066 11674805 (2858499)  C          Kuruka  Unspecified (2858499) 11674066 11674805
  892 34.86  4.19  4.29            OX335693.1 11728372 11729468 (2803836)  C          Kuruka  Unspecified (2803836) 11728372 11729468
  496 36.41  3.01  3.10            OX335693.1 12595738 12596834 (1936470)  C          Kuruka  Unspecified (1936470) 12595738 12596834
  502 31.13  2.03  4.50            OX335694.1  1690357  1690652 (12002397)  +          Kuruka  Unspecified (12002397)  1690357  1690652
  313 35.26  2.11  2.46            OX335694.1  3325843  3326127 (10366922)  +          Kuruka  Unspecified (10366922)  3325843  3326127
  248 31.53  0.89  0.89            OX335694.1  9103678  9103789 (4589260)  +          Kuruka  Unspecified (4589260)  9103678  9103789
  252 30.53  4.91  5.56            OX335694.1  9104329  9104491 (4588558)  +          Kuruka  Unspecified (4588558)  9104329  9104491
  481 32.80  3.15  3.97            OX335694.1 13307496 13307876 (385173)  +          Kuruka  Unspecified (385173) 13307496 13307876
 2023 33.92  2.07  2.25            OX335694.1   621698   622855 (13070194)  C          Kuruka  Unspecified (13070194)   621698   622855
  251 25.42  0.00  0.00            OX335694.1  4566905  4566963 (9126086)  C          Kuruka  Unspecified (9126086)  4566905  4566963
  764 36.50  3.01  3.10            OX335694.1 10807716 10808812 (2884237)  C          Kuruka  Unspecified (2884237) 10807716 10808812
  281 33.34  3.64  4.07            OX335694.1 11565536 11565782 (2127267)  C          Kuruka  Unspecified (2127267) 11565536 11565782
  347 29.79  4.17  7.91            OX335695.1    70583    70870 (13442900)  +          Kuruka  Unspecified (13442900)    70583    70870
  325 31.66  2.10  2.82            OX335695.1   861915   862057 (12651713)  +          Kuruka  Unspecified (12651713)   861915   862057
  325 31.66  2.10  2.82            OX335695.1  1791311  1791453 (11722317)  +          Kuruka  Unspecified (11722317)  1791311  1791453
  237 33.49  3.16  4.40            OX335695.1  2755917  2756169 (10757601)  +          Kuruka  Unspecified (10757601)  2755917  2756169
  306 35.62  2.11  2.46            OX335695.1  3135665  3135949 (10377821)  +          Kuruka  Unspecified (10377821)  3135665  3135949
  540 32.07  7.02  4.27            OX335695.1  5435437  5435778 (8077992)  +          Kuruka  Unspecified (8077992)  5435437  5435778
  419 35.26  2.11  2.46            OX335695.1 10168747 10169031 (3344739)  +          Kuruka  Unspecified (3344739) 10168747 10169031
  241 29.02  5.71  6.47            OX335695.1 11466121 11466260 (2047510)  +          Kuruka  Unspecified (2047510) 11466121 11466260
  390 35.97  2.11  2.46            OX335695.1 11861076 11861360 (1652410)  +          Kuruka  Unspecified (1652410) 11861076 11861360
  385 32.70  4.66  4.66            OX335695.1 13254163 13254441 (259329)  +          Kuruka  Unspecified (259329) 13254163 13254441
  229 31.53  0.89  0.89            OX335695.1 13254749 13254860 (258910)  +          Kuruka  Unspecified (258910) 13254749 13254860
  266 36.89  4.27  3.95            OX335695.1  2419887  2420895 (11093228)  C          Kuruka  Unspecified (11093228)  2419887  2420895
  324 27.06  0.00  0.00            OX335695.1  9526954  9527038 (3986732)  C          Kuruka  Unspecified (3986732)  9526954  9527038
 1659 34.71  3.06  3.15            OX335695.1 11541588 11542762 (1971008)  C          Kuruka  Unspecified (1971008) 11541588 11542762
  465 36.59  3.01  3.10            OX335696.1  2795679  2796775 (8873789)  +          Kuruka  Unspecified (8873789)  2795679  2796775
  742 36.68  2.73  2.83            OX335696.1  6928298  6929394 (4741170)  C          Kuruka  Unspecified (4741170)  6928298  6929394
  514 36.22  3.28  3.38            OX335696.1  8075685  8076781 (3593783)  C          Kuruka  Unspecified (3593783)  8075685  8076781
  424 32.94  3.41  3.41            OX335696.1 10376069 10376332 (1294232)  C          Kuruka  Unspecified (1294232) 10376069 10376332
  399 34.37  1.30  1.74            OX335696.1 11178244 11178474 (492090)  C          Kuruka  Unspecified (492090) 11178244 11178474
  261 32.15  0.70  2.13            OX335697.1  3711948  3712090 (7331955)  +          Kuruka  Unspecified (7331955)  3711948  3712090
  406 35.62  2.11  2.46            OX335697.1   142890   143174 (10900871)  C          Kuruka  Unspecified (10900871)   142890   143174
  318 30.82  2.93  3.43            OX335697.1  3687883  3688087 (7355958)  C          Kuruka  Unspecified (7355958)  3687883  3688087
