  257 26.61  5.07  7.41     CASCJX010000006.1    26016    26153   (1465)  C          Kuruka  Unspecified   (1465)    26016    26153
  972 33.33  3.83  2.42            OX424490.1  2264620  2265271 (33461320)  +          Kuruka  Unspecified (33461320)  2264620  2265271
  230 34.11  1.53  1.53            OX424490.1  8559223  8559353 (27167238)  +          Kuruka  Unspecified (27167238)  8559223  8559353
  352 35.25  0.00  2.59            OX424490.1 19996278 19996475 (15730116)  +          Kuruka  Unspecified (15730116) 19996278 19996475
 1856 35.64  1.47  1.55            OX424490.1 20771164 20772323 (14954268)  +          Kuruka  Unspecified (14954268) 20771164 20772323
  249 24.25  0.00  1.52            OX424490.1 21085637 21085703 (14640888)  +          Kuruka  Unspecified (14640888) 21085637 21085703
 1150 34.34  3.43  3.51            OX424490.1 21092277 21093559 (14633032)  +          Kuruka  Unspecified (14633032) 21092277 21093559
 1905 33.29  2.25  3.21            OX424490.1 22762049 22763339 (12963252)  +          Kuruka  Unspecified (12963252) 22762049 22763339
  229 25.42  0.00  0.00            OX424490.1 25345017 25345075 (10381516)  +          Kuruka  Unspecified (10381516) 25345017 25345075
  229 25.42  0.00  0.00            OX424490.1 25495722 25495780 (10230811)  +          Kuruka  Unspecified (10230811) 25495722 25495780
  229 25.42  0.00  0.00            OX424490.1 25576755 25576813 (10149778)  +          Kuruka  Unspecified (10149778) 25576755 25576813
 1573 34.03  2.98  3.06            OX424490.1 27713627 27714802 (8011789)  +          Kuruka  Unspecified (8011789) 27713627 27714802
  250 28.19  1.85  4.76            OX424490.1 28655666 28655773 (7070818)  +          Kuruka  Unspecified (7070818) 28655666 28655773
  341 34.37  3.71  3.71            OX424490.1 28951705 28952827 (6774537)  +          Kuruka  Unspecified (6774537) 28951705 28952827
  262 30.49  0.00  0.00            OX424490.1 30094989 30095070 (5631521)  +          Kuruka  Unspecified (5631521) 30094989 30095070
  265 32.40  2.72  3.42            OX424490.1  1237843  1237989 (34488602)  C          Kuruka  Unspecified (34488602)  1237843  1237989
  245 26.56  4.27  9.91            OX424490.1  1739162  1739278 (33987313)  C          Kuruka  Unspecified (33987313)  1739162  1739278
  917 38.66  4.70  1.07            OX424490.1 15360801 15361885 (20364706)  C          Kuruka  Unspecified (20364706) 15360801 15361885
  376 33.09  3.30  3.68            OX424490.1 15469970 15470242 (20256349)  C          Kuruka  Unspecified (20256349) 15469970 15470242
  345 35.99  2.04  2.46            OX424490.1 16075356 16075600 (19650991)  C          Kuruka  Unspecified (19650991) 16075356 16075600
 1164 34.25  3.43  3.51            OX424490.1 20721735 20723017 (15003574)  C          Kuruka  Unspecified (15003574) 20721735 20723017
  249 24.25  0.00  1.52            OX424490.1 20729591 20729657 (14996934)  C          Kuruka  Unspecified (14996934) 20729591 20729657
 1919 34.66  2.32  2.40            OX424490.1 21406858 21408066 (14318525)  C          Kuruka  Unspecified (14318525) 21406858 21408066
  228 25.71  2.41  6.25            OX424490.1 22891120 22891202 (12835389)  C          Kuruka  Unspecified (12835389) 22891120 22891202
  229 25.42  0.00  0.00            OX424490.1 25427507 25427565 (10299026)  C          Kuruka  Unspecified (10299026) 25427507 25427565
  229 25.42  0.00  0.00            OX424490.1 25555512 25555570 (10171021)  C          Kuruka  Unspecified (10171021) 25555512 25555570
  302 26.04  4.13  1.61            OX424490.1 27823311 27823431 (7903160)  C          Kuruka  Unspecified (7903160) 27823311 27823431
  242 29.08  0.00  1.16            OX424490.1 27944653 27944739 (7781852)  C          Kuruka  Unspecified (7781852) 27944653 27944739
 1644 36.69  2.54  2.16            OX424490.1 28185767 28187106 (7539485)  C          Kuruka  Unspecified (7539485) 28185767 28187106
 1644 36.69  2.54  2.16            OX424490.1 28216267 28217606 (7508985)  C          Kuruka  Unspecified (7508985) 28216267 28217606
  499 36.17  4.56  3.78            OX424490.1 28607468 28608674 (7117917)  C          Kuruka  Unspecified (7117917) 28607468 28608674
 2459 32.20  2.47  2.95            OX424490.1 29271291 29272583 (6454008)  C          Kuruka  Unspecified (6454008) 29271291 29272583
  994 35.52  1.91  2.05            OX424490.1 29774793 29775525 (5951066)  C          Kuruka  Unspecified (5951066) 29774793 29775525
  346 34.56  0.52  1.04            OX424490.1 29775784 29775976 (5950615)  C          Kuruka  Unspecified (5950615) 29775784 29775976
  235 33.03  4.31  0.83            OX424491.1   270937   271052 (32195846)  +          Kuruka  Unspecified (32195846)   270937   271052
  256 33.95  1.82  1.82            OX424491.1  4694329  4694493 (27772405)  +          Kuruka  Unspecified (27772405)  4694329  4694493
  306 25.00  0.00  0.00            OX424491.1 12197207 12197282 (20269616)  +          Kuruka  Unspecified (20269616) 12197207 12197282
  280 33.33  1.53  1.53            OX424491.1 22911110 22911240 (9555658)  +          Kuruka  Unspecified (9555658) 22911110 22911240
 1590 33.76  3.13  1.44            OX424491.1   249802   250823 (32216075)  C          Kuruka  Unspecified (32216075)   249802   250823
  235 33.03  4.31  0.83            OX424491.1   263838   263953 (32202945)  C          Kuruka  Unspecified (32202945)   263838   263953
 1225 35.07  2.96  2.39            OX424491.1  1021391  1022471 (31444427)  C          Kuruka  Unspecified (31444427)  1021391  1022471
 2169 33.98  2.26  2.49            OX424491.1 12913941 12915268 (19551630)  C          Kuruka  Unspecified (19551630) 12913941 12915268
  355 33.09  3.30  3.68            OX424491.1 26998652 26998924 (5467974)  C          Kuruka  Unspecified (5467974) 26998652 26998924
  227 25.00  0.00  0.00            OX424492.1   582049   582108 (27627427)  +          Kuruka  Unspecified (27627427)   582049   582108
  306 25.00  0.00  0.00            OX424492.1  3189916  3189991 (25019544)  +          Kuruka  Unspecified (25019544)  3189916  3189991
  264 25.62  4.27  9.91            OX424492.1  4380666  4380782 (23828753)  +          Kuruka  Unspecified (23828753)  4380666  4380782
  616 35.91  1.05  0.70            OX424492.1  9575554  9575839 (18633696)  +          Kuruka  Unspecified (18633696)  9575554  9575839
  230 35.93  5.43  0.74            OX424492.1    75918    76046 (28133489)  C          Kuruka  Unspecified (28133489)    75918    76046
 1053 35.52  1.91  2.05            OX424492.1   491627   492359 (27717176)  C          Kuruka  Unspecified (27717176)   491627   492359
  352 34.56  0.52  1.04            OX424492.1   492618   492810 (27716725)  C          Kuruka  Unspecified (27716725)   492618   492810
  318 34.57  2.01  2.42            OX424492.1  1249615  1249863 (26959672)  C          Kuruka  Unspecified (26959672)  1249615  1249863
  250 28.19  1.85  4.76            OX424492.1  9495616  9495723 (18713812)  C          Kuruka  Unspecified (18713812)  9495616  9495723
  272 33.76  4.08  4.51            OX424492.1 19960487 19960731 (8248804)  C          Kuruka  Unspecified (8248804) 19960487 19960731
 1399 34.67  3.71  3.64            OX424492.1 25872933 25874306 (2335229)  C          Kuruka  Unspecified (2335229) 25872933 25874306
  269 24.25  0.00  1.52            OX424492.1 25875518 25875584 (2333951)  C          Kuruka  Unspecified (2333951) 25875518 25875584
 1053 34.47  2.87  1.76            OX424492.1 26589676 26590839 (1619128)  C          Kuruka  Unspecified (1619128) 26589676 26590839
  439 31.63  2.49  2.92            OX424493.1   275801   276041 (27124993)  +          Kuruka  Unspecified (27124993)   275801   276041
  345 27.16  4.12  4.73            OX424493.1 11522735 11522904 (15878130)  +          Kuruka  Unspecified (15878130) 11522735 11522904
  352 34.56  0.52  1.04            OX424493.1 18571451 18571643 (8829391)  +          Kuruka  Unspecified (8829391) 18571451 18571643
 1053 35.52  1.91  2.05            OX424493.1 18571902 18572634 (8828400)  +          Kuruka  Unspecified (8828400) 18571902 18572634
  374 33.91  1.26  2.12            OX424493.1 26360141 26360378 (1040656)  +          Kuruka  Unspecified (1040656) 26360141 26360378
 1599 34.53  3.03  4.62            OX424493.1 27130110 27131427 (269607)  +          Kuruka  Unspecified (269607) 27130110 27131427
  312 26.34  5.33  7.88            OX424493.1   150866   151034 (27250000)  C          Kuruka  Unspecified (27250000)   150866   151034
 1237 34.03  2.98  3.06            OX424493.1 25958258 25959433 (1441601)  C          Kuruka  Unspecified (1441601) 25958258 25959433
 1670 32.41  4.12  2.54            OX424493.1 26819284 26820448 (580586)  C          Kuruka  Unspecified (580586) 26819284 26820448
  243 34.56  0.00  0.00            OX424494.1  2595276  2595903 (24804605)  +          Kuruka  Unspecified (24804605)  2595276  2595903
 1831 34.60  1.91  2.00            OX424494.1  2663912  2665061 (24734989)  +          Kuruka  Unspecified (24734989)  2663912  2665061
  353 34.56  0.52  1.04            OX424494.1  6941292  6941484 (20458566)  +          Kuruka  Unspecified (20458566)  6941292  6941484
 1035 35.65  1.91  2.05            OX424494.1  6941743  6942475 (20457575)  +          Kuruka  Unspecified (20457575)  6941743  6942475
  252 32.19  0.97  0.00            OX424494.1 15038379 15039006 (12361569)  +          Kuruka  Unspecified (12361569) 15038379 15039006
 1705 34.01  3.22  2.77            OX424494.1 15750899 15752047 (11648003)  +          Kuruka  Unspecified (11648003) 15750899 15752047
  278 33.21  3.21  4.47            OX424494.1 21802937 21803185 (5596865)  +          Kuruka  Unspecified (5596865) 21802937 21803185
 2213 33.78  1.89  1.98            OX424494.1 24539104 24540317 (2859733)  +          Kuruka  Unspecified (2859733) 24539104 24540317
  679 34.42  2.30  2.30            OX424494.1 26642331 26643551 (757329)  +          Kuruka  Unspecified (757329) 26642331 26643551
  379 34.21  2.69  4.88            OX424494.1 26818123 26818457 (581593)  +          Kuruka  Unspecified (581593) 26818123 26818457
 1254 33.88  4.11  3.10            OX424494.1  2434883  2436000 (24964050)  C          Kuruka  Unspecified (24964050)  2434883  2436000
 2129 32.76  1.78  2.25            OX424494.1  3391425  3392717 (24007333)  C          Kuruka  Unspecified (24007333)  3391425  3392717
  720 34.63  0.30  0.60            OX424494.1  7284478  7284814 (20115236)  C          Kuruka  Unspecified (20115236)  7284478  7284814
  261 34.81  1.24  1.88            OX424494.1 11942041 11942201 (15457849)  C          Kuruka  Unspecified (15457849) 11942041 11942201
  348 33.09  3.30  3.68            OX424494.1 13399919 13400191 (13999859)  C          Kuruka  Unspecified (13999859) 13399919 13400191
  268 31.43  5.71  0.00            OX424494.1 16172706 16172810 (11227240)  C          Kuruka  Unspecified (11227240) 16172706 16172810
 1573 34.03  2.98  3.06            OX424494.1 18753953 18755128 (8644922)  C          Kuruka  Unspecified (8644922) 18753953 18755128
  445 36.71  0.55  2.23            OX424494.1 23038274 23038638 (4361412)  C          Kuruka  Unspecified (4361412) 23038274 23038638
  234 32.83  4.35  4.35            OX424494.1 23045788 23045994 (4354056)  C          Kuruka  Unspecified (4354056) 23045788 23045994
 1659 33.11  2.48  2.82            OX424494.1 23122189 23123397 (4276653)  C          Kuruka  Unspecified (4276653) 23122189 23123397
  784 35.70  3.79  2.29            OX424494.1 23258837 23259653 (4140397)  C          Kuruka  Unspecified (4140397) 23258837 23259653
 2455 32.84  1.78  2.25            OX424494.1 23297811 23299103 (4100947)  C          Kuruka  Unspecified (4100947) 23297811 23299103
  457 34.74  2.48  2.48            OX424494.1 23539086 23539327 (3860723)  C          Kuruka  Unspecified (3860723) 23539086 23539327
  260 34.81  1.24  1.88            OX424495.1  3056395  3056555 (23648440)  +          Kuruka  Unspecified (23648440)  3056395  3056555
  354 32.04  4.13  4.56            OX424495.1  9286270  9286511 (17418484)  +          Kuruka  Unspecified (17418484)  9286270  9286511
  383 32.70  3.30  3.68            OX424495.1 11502089 11502361 (15202634)  +          Kuruka  Unspecified (15202634) 11502089 11502361
  236 35.77  1.60  1.60            OX424495.1 11978199 11978323 (14726672)  +          Kuruka  Unspecified (14726672) 11978199 11978323
  280 28.10  1.32  3.38            OX424495.1 21528175 21528325 (5176670)  +          Kuruka  Unspecified (5176670) 21528175 21528325
 2097 34.21  1.89  1.98            OX424495.1 25612430 25613643 (1091352)  +          Kuruka  Unspecified (1091352) 25612430 25613643
 1555 34.79  1.91  2.00            OX424495.1 18442477 18443626 (8261369)  C          Kuruka  Unspecified (8261369) 18442477 18443626
  231 31.40  0.00  0.00            OX424496.1    24174    24259 (26608229)  +          Kuruka  Unspecified (26608229)    24174    24259
  245 26.56  4.27  9.91            OX424496.1 18345946 18346062 (8286426)  +          Kuruka  Unspecified (8286426) 18345946 18346062
 1913 33.00  2.37  2.84            OX424496.1 26140001 26141098 (491390)  +          Kuruka  Unspecified (491390) 26140001 26141098
  338 32.47  4.13  4.56            OX424496.1  3670903  3671144 (22961344)  C          Kuruka  Unspecified (22961344)  3670903  3671144
 2063 34.91  2.16  2.24            OX424496.1  9292101  9293398 (17339090)  C          Kuruka  Unspecified (17339090)  9292101  9293398
 1451 34.35  3.69  2.89            OX424497.1   386645   387810 (26126390)  +          Kuruka  Unspecified (26126390)   386645   387810
 1336 34.33  2.89  2.99            OX424497.1   939356   940358 (25573842)  +          Kuruka  Unspecified (25573842)   939356   940358
  250 28.19  1.85  4.76            OX424497.1  4879925  4880032 (21634168)  +          Kuruka  Unspecified (21634168)  4879925  4880032
 1251 33.44  3.61  4.73            OX424497.1  6983485  6984702 (19529498)  +          Kuruka  Unspecified (19529498)  6983485  6984702
 1574 34.03  2.98  3.06            OX424497.1 19439315 19440490 (7073710)  +          Kuruka  Unspecified (7073710) 19439315 19440490
 1304 33.91  4.60  4.44            OX424497.1  3490006  3491332 (23022868)  C          Kuruka  Unspecified (23022868)  3490006  3491332
  269 24.25  0.00  1.52            OX424497.1  3492575  3492641 (23021559)  C          Kuruka  Unspecified (23021559)  3492575  3492641
  247 27.85  2.53  0.00            OX424497.1  8326678  8326756 (18187444)  C          Kuruka  Unspecified (18187444)  8326678  8326756
  283 37.75  2.36  1.96            OX424497.1 25759056 25759309 (754891)  C          Kuruka  Unspecified (754891) 25759056 25759309
  263 36.02  3.27  3.69            OX424497.1 26205569 26205813 (308387)  C          Kuruka  Unspecified (308387) 26205569 26205813
  228 26.23  0.00  0.00            OX424498.1   451253   451313 (26034885)  +          Kuruka  Unspecified (26034885)   451253   451313
  232 23.34  0.00  1.67            OX424498.1  1577192  1577252 (24908946)  +          Kuruka  Unspecified (24908946)  1577192  1577252
 1659 34.96  2.40  1.83            OX424498.1 17500470 17501553 (8984645)  +          Kuruka  Unspecified (8984645) 17500470 17501553
  348 33.09  3.30  3.68            OX424498.1 24440686 24440958 (2045240)  +          Kuruka  Unspecified (2045240) 24440686 24440958
  268 32.40  2.72  3.42            OX424498.1 15172680 15172826 (11313372)  C          Kuruka  Unspecified (11313372) 15172680 15172826
 1815 32.16  2.40  2.60            OX424498.1 25858447 25859487 (626711)  C          Kuruka  Unspecified (626711) 25858447 25859487
  273 34.81  1.24  1.88            OX424499.1   208587   208747 (26269827)  +          Kuruka  Unspecified (26269827)   208587   208747
  494 28.48  3.75  6.96            OX424499.1  9071287  9071686 (17406888)  C          Kuruka  Unspecified (17406888)  9071287  9071686
 1656 35.75  2.91  2.53            OX424499.1 25996007 25997346 (481228)  C          Kuruka  Unspecified (481228) 25996007 25997346
 1809 34.27  2.05  2.44            OX424500.1 25880693 25882011 (435769)  +          Kuruka  Unspecified (435769) 25880693 25882011
  280 37.41  2.67  3.07            OX424500.1 25924850 25925111 (392669)  +          Kuruka  Unspecified (392669) 25924850 25925111
 2158 34.36  2.03  2.26            OX424500.1 26103108 26104435 (213345)  +          Kuruka  Unspecified (213345) 26103108 26104435
  225 27.28  0.00  1.52            OX424500.1 25936952 25937018 (380762)  C          Kuruka  Unspecified (380762) 25936952 25937018
  280 33.33  1.53  1.53            OX424501.1   900227   900357 (25192753)  +          Kuruka  Unspecified (25192753)   900227   900357
 2141 34.00  2.33  2.57            OX424501.1  4242051  4243378 (21849732)  +          Kuruka  Unspecified (21849732)  4242051  4243378
  234 29.27  2.41  1.19            OX424501.1  8573541  8573623 (17519487)  +          Kuruka  Unspecified (17519487)  8573541  8573623
 1632 34.37  3.22  2.77            OX424501.1  8598108  8599256 (17493854)  +          Kuruka  Unspecified (17493854)  8598108  8599256
  549 35.48  4.16  5.25            OX424501.1  8618030  8618606 (17474504)  +          Kuruka  Unspecified (17474504)  8618030  8618606
  280 30.19  5.66  0.00            OX424501.1  8698135  8698240 (17394870)  +          Kuruka  Unspecified (17394870)  8698135  8698240
  250 28.19  1.85  4.76            OX424501.1  8702596  8702703 (17390407)  +          Kuruka  Unspecified (17390407)  8702596  8702703
  254 25.76  0.00  1.52            OX424501.1  8805500  8805566 (17287544)  +          Kuruka  Unspecified (17287544)  8805500  8805566
  680 34.82  1.12  1.12            OX424501.1  9056683  9057471 (17036072)  +          Kuruka  Unspecified (17036072)  9056683  9057471
  323 35.54  3.49  3.89            OX424501.1  9347257  9348365 (16745596)  +          Kuruka  Unspecified (16745596)  9347257  9348365
 1825 34.60  1.91  2.00            OX424501.1 23918191 23919340 (2173770)  +          Kuruka  Unspecified (2173770) 23918191 23919340
  305 23.53  0.00  0.00            OX424501.1  5404152  5404219 (20688891)  C          Kuruka  Unspecified (20688891)  5404152  5404219
  265 32.40  2.72  3.42            OX424501.1  7171419  7171565 (18921545)  C          Kuruka  Unspecified (18921545)  7171419  7171565
  269 24.25  0.00  1.52            OX424501.1  7686234  7686300 (18406810)  C          Kuruka  Unspecified (18406810)  7686234  7686300
  761 33.02  6.02  1.77            OX424501.1  7701366  7701963 (18391147)  C          Kuruka  Unspecified (18391147)  7701366  7701963
 2262 33.38  2.52  2.20            OX424501.1  7777194  7778461 (18314649)  C          Kuruka  Unspecified (18314649)  7777194  7778461
  343 27.66  0.00  0.00            OX424501.1  8056177  8056270 (18036840)  C          Kuruka  Unspecified (18036840)  8056177  8056270
  909 34.31  1.62  1.62            OX424501.1 10444037 10444593 (15648517)  C          Kuruka  Unspecified (15648517) 10444037 10444593
  245 26.56  4.27  9.91            OX424501.1 10605827 10605943 (15487167)  C          Kuruka  Unspecified (15487167) 10605827 10605943
  280 34.32  4.06  4.39            OX424501.1 10785191 10785510 (15307600)  C          Kuruka  Unspecified (15307600) 10785191 10785510
  338 32.47  4.13  4.56            OX424501.1 19819902 19820143 (6272967)  C          Kuruka  Unspecified (6272967) 19819902 19820143
  332 33.75 12.64  1.24            OX424502.1  5653626  5654060 (20085849)  +          Kuruka  Unspecified (20085849)  5653626  5654060
  233 30.49  5.15  5.93            OX424502.1  8256011  8256146 (17483763)  +          Kuruka  Unspecified (17483763)  8256011  8256146
  351 35.84  2.03  2.45            OX424502.1 25538808 25539053 (200856)  +          Kuruka  Unspecified (200856) 25538808 25539053
 1118 36.82  1.90  1.97            OX424502.1   154441   155759 (25584150)  C          Kuruka  Unspecified (25584150)   154441   155759
  652 33.94  3.58  2.94            OX424502.1   335577   336857 (25403523)  C          Kuruka  Unspecified (25403523)   335577   336857
  263 28.19  1.85  4.76            OX424502.1  1609834  1609941 (24129968)  C          Kuruka  Unspecified (24129968)  1609834  1609941
 1533 34.87  1.91  2.00            OX424502.1  6463867  6465016 (19274893)  C          Kuruka  Unspecified (19274893)  6463867  6465016
  376 33.08  3.33  3.72            OX424502.1  9718116  9718385 (16021524)  C          Kuruka  Unspecified (16021524)  9718116  9718385
  351 35.84  2.03  2.45            OX424502.1 25559477 25559722 (180187)  C          Kuruka  Unspecified (180187) 25559477 25559722
 1592 34.69  3.02  3.10            OX424503.1   391345   392668 (24943244)  +          Kuruka  Unspecified (24943244)   391345   392668
  850 31.83  3.84  3.49            OX424503.1 19915279 19915877 (5420035)  +          Kuruka  Unspecified (5420035) 19915279 19915877
  408 35.52  3.39  2.78            OX424503.1 19932768 19933268 (5402644)  +          Kuruka  Unspecified (5402644) 19932768 19933268
  682 30.03  2.69  1.33            OX424503.1 19966261 19966557 (5369355)  +          Kuruka  Unspecified (5369355) 19966261 19966557
  229 25.82  0.00  1.61            OX424503.1 24005607 24005669 (1330243)  +          Kuruka  Unspecified (1330243) 24005607 24005669
 1573 34.03  2.98  3.06            OX424503.1  4176972  4178147 (21157765)  C          Kuruka  Unspecified (21157765)  4176972  4178147
  280 33.33  1.53  1.53            OX424503.1 22151874 22152004 (3183908)  C          Kuruka  Unspecified (3183908) 22151874 22152004
  284 34.78 10.17  3.50            OX424503.1 24036435 24036729 (1299183)  C          Kuruka  Unspecified (1299183) 24036435 24036729
  284 35.40  2.01  2.42            OX424503.1 25123397 25123645 (212267)  C          Kuruka  Unspecified (212267) 25123397 25123645
  237 30.35  3.52  5.64            OX424504.1   624620   624818 (24490069)  +          Kuruka  Unspecified (24490069)   624620   624818
  244 33.33  1.53  1.53            OX424504.1   883716   883846 (24231041)  +          Kuruka  Unspecified (24231041)   883716   883846
  285 30.48  5.71  0.00            OX424504.1 19643699 19643803 (5471084)  +          Kuruka  Unspecified (5471084) 19643699 19643803
 2455 32.84  1.78  2.25            OX424504.1 21630711 21632003 (3482884)  +          Kuruka  Unspecified (3482884) 21630711 21632003
 1589 33.95  2.98  3.06            OX424504.1 22860493 22861668 (2253219)  +          Kuruka  Unspecified (2253219) 22860493 22861668
 1808 34.49  2.05  2.13            OX424504.1   568377   569691 (24545196)  C          Kuruka  Unspecified (24545196)   568377   569691
  280 28.10  1.32  3.38            OX424504.1  1465740  1465890 (23648997)  C          Kuruka  Unspecified (23648997)  1465740  1465890
  250 28.19  1.85  4.76            OX424504.1  8969624  8969731 (16145156)  C          Kuruka  Unspecified (16145156)  8969624  8969731
  280 34.18  1.24  1.88            OX424504.1 16428965 16429125 (8685762)  C          Kuruka  Unspecified (8685762) 16428965 16429125
 2438 32.27  2.47  2.95            OX424504.1 16531248 16532540 (8582347)  C          Kuruka  Unspecified (8582347) 16531248 16532540
 1688 33.37  2.23  2.57            OX424504.1 16893610 16894818 (8220069)  C          Kuruka  Unspecified (8220069) 16893610 16894818
  259 30.73  3.02  5.13            OX424504.1 24573409 24573607 (541280)  C          Kuruka  Unspecified (541280) 24573409 24573607
 2190 33.45  2.14  2.23            OX424505.1   585615   586828 (24296866)  +          Kuruka  Unspecified (24296866)   585615   586828
  344 34.56  0.52  1.04            OX424505.1  4000352  4000544 (20883150)  +          Kuruka  Unspecified (20883150)  4000352  4000544
  994 35.52  1.91  2.05            OX424505.1  4000803  4001535 (20882159)  +          Kuruka  Unspecified (20882159)  4000803  4001535
  269 24.25  0.00  1.52            OX424505.1 13582167 13582233 (11301461)  +          Kuruka  Unspecified (11301461) 13582167 13582233
 1461 34.62  3.56  3.64            OX424505.1 13583430 13584805 (11298889)  +          Kuruka  Unspecified (11298889) 13583430 13584805
 2193 34.20  2.03  2.26            OX424505.1 13931690 13933017 (10950677)  C          Kuruka  Unspecified (10950677) 13931690 13933017
 1544 34.70  3.43  3.11            OX424505.1 16609421 16610702 (8272992)  C          Kuruka  Unspecified (8272992) 16609421 16610702
  233 30.49  5.15  5.93            OX424505.1 20336671 20336806 (4546888)  C          Kuruka  Unspecified (4546888) 20336671 20336806
  230 34.11  1.53  1.53            OX424505.1 24659942 24660072 (223622)  C          Kuruka  Unspecified (223622) 24659942 24660072
  908 34.86  1.74  1.60            OX424505.1 24686519 24687206 (196488)  C          Kuruka  Unspecified (196488) 24686519 24687206
  252 32.92  2.44  1.82            OX424505.1 24694504 24694667 (189027)  C          Kuruka  Unspecified (189027) 24694504 24694667
 1447 35.30  1.61  1.61            OX424506.1  8999324  9000443 (15808214)  +          Kuruka  Unspecified (15808214)  8999324  9000443
 1925 33.47  2.98  3.28            OX424506.1 24302204 24303581 (505076)  +          Kuruka  Unspecified (505076) 24302204 24303581
  903 32.61  2.74  2.52            OX424506.1  2197954  2198428 (22610229)  C          Kuruka  Unspecified (22610229)  2197954  2198428
  768 33.42  2.31  2.57            OX424506.1  2199939  2200328 (22608329)  C          Kuruka  Unspecified (22608329)  2199939  2200328
 1572 32.58  3.80  2.63            OX424506.1  2761584  2762636 (22046021)  C          Kuruka  Unspecified (22046021)  2761584  2762636
 1606 34.77  3.25  3.33            OX424506.1 19233040 19234363 (5574294)  C          Kuruka  Unspecified (5574294) 19233040 19234363
  277 34.81  1.24  1.88            OX424507.1   239646   239806 (24544842)  +          Kuruka  Unspecified (24544842)   239646   239806
  416 37.25  0.00  0.00            OX424507.1 10172461 10172664 (14611984)  +          Kuruka  Unspecified (14611984) 10172461 10172664
 2128 34.19  2.18  2.42            OX424507.1 13666107 13667434 (11117214)  +          Kuruka  Unspecified (11117214) 13666107 13667434
  265 32.40  2.72  3.42            OX424507.1  3846718  3846864 (20937784)  C          Kuruka  Unspecified (20937784)  3846718  3846864
  900 35.02  4.03  3.65            OX424507.1 10171562 10172379 (14612269)  C          Kuruka  Unspecified (14612269) 10171562 10172379
  561 33.76  4.89  2.88            OX424507.1 12361015 12361627 (12423021)  C          Kuruka  Unspecified (12423021) 12361015 12361627
  799 35.58  5.07  3.02            OX424507.1 23428721 23429824 (1354824)  C          Kuruka  Unspecified (1354824) 23428721 23429824
  289 32.72  1.82  1.82            OX424508.1    64181    64345 (24374991)  +          Kuruka  Unspecified (24374991)    64181    64345
  229 30.61  5.16  5.16            OX424508.1  6189045  6189199 (18250137)  +          Kuruka  Unspecified (18250137)  6189045  6189199
  225 32.29  0.96  0.00            OX424508.1  6739033  6739660 (17700200)  +          Kuruka  Unspecified (17700200)  6739033  6739660
 1120 33.29  2.16  2.75            OX424508.1 19377769 19378463 (5060873)  +          Kuruka  Unspecified (5060873) 19377769 19378463
  252 26.04  4.13  1.61            OX424508.1   143921   144041 (24295295)  C          Kuruka  Unspecified (24295295)   143921   144041
  555 34.68  1.71  5.30            OX424508.1   271260   271728 (24167608)  C          Kuruka  Unspecified (24167608)   271260   271728
  309 35.57  2.00  2.00            OX424508.1   284202   284876 (24154885)  C          Kuruka  Unspecified (24154885)   284202   284876
  419 32.51  2.88  4.08            OX424508.1  6732187  6732808 (17706803)  C          Kuruka  Unspecified (17706803)  6732187  6732808
 1589 34.37  3.43  3.03            OX424509.1   903906   905186 (23164475)  +          Kuruka  Unspecified (23164475)   903906   905186
  451 37.10  0.28  0.28            OX424509.1  3207706  3208837 (20861605)  +          Kuruka  Unspecified (20861605)  3207706  3208837
  286 34.78  0.00  0.00            OX424509.1  3544618  3545245 (20524874)  +          Kuruka  Unspecified (20524874)  3544618  3545245
  422 35.64  3.39  2.24            OX424509.1  3707025  3707466 (20362195)  +          Kuruka  Unspecified (20362195)  3707025  3707466
 1803 34.69  1.91  2.00            OX424509.1 13695952 13697101 (10372560)  +          Kuruka  Unspecified (10372560) 13695952 13697101
 2438 32.27  2.47  2.95            OX424509.1 16400545 16401837 (7667824)  +          Kuruka  Unspecified (7667824) 16400545 16401837
 2438 32.27  2.47  2.95            OX424509.1 16407808 16409100 (7660561)  +          Kuruka  Unspecified (7660561) 16407808 16409100
  341 34.37  3.71  3.71            OX424509.1 23526980 23528102 (542332)  +          Kuruka  Unspecified (542332) 23526980 23528102
  285 30.48  5.71  0.00            OX424509.1 15745459 15745563 (8324098)  C          Kuruka  Unspecified (8324098) 15745459 15745563
 1367 34.77  2.48  2.57            OX424509.1 18583873 18585041 (5484620)  C          Kuruka  Unspecified (5484620) 18583873 18585041
 1834 33.22  2.17  2.26            OX424509.1 20759438 20760635 (3309026)  C          Kuruka  Unspecified (3309026) 20759438 20760635
  902 33.94  3.58  2.94            OX424509.1 23329082 23330362 (739770)  C          Kuruka  Unspecified (739770) 23329082 23330362
 2167 32.57  2.49  2.57            OX424509.1 23778806 23780012 (289649)  C          Kuruka  Unspecified (289649) 23778806 23780012
  727 31.82  1.04  1.04            OX424509.1 23907220 23907508 (162153)  C          Kuruka  Unspecified (162153) 23907220 23907508
  248 31.95  6.64  7.06            OX424510.1   699020   699275 (23290310)  +          Kuruka  Unspecified (23290310)   699020   699275
  785 36.54  3.28  3.37            OX424510.1  4686105  4687231 (19302354)  +          Kuruka  Unspecified (19302354)  4686105  4687231
  613 38.12  2.87  3.39            OX424510.1  8714898  8715698 (15273887)  +          Kuruka  Unspecified (15273887)  8714898  8715698
 1075 39.38  1.57  1.65            OX424510.1 11544915 11546187 (12443398)  +          Kuruka  Unspecified (12443398) 11544915 11546187
  592 30.93  2.34  2.75            OX424510.1 12919220 12919475 (11070110)  +          Kuruka  Unspecified (11070110) 12919220 12919475
  250 28.19  1.85  4.76            OX424510.1 23095166 23095273 (894312)  +          Kuruka  Unspecified (894312) 23095166 23095273
  499 37.66  0.88  2.09            OX424510.1  8707197  8707535 (15282050)  C          Kuruka  Unspecified (15282050)  8707197  8707535
  244 33.33  1.53  1.53            OX424510.1 10745759 10745889 (13243696)  C          Kuruka  Unspecified (13243696) 10745759 10745889
  282 34.18  1.24  1.88            OX424510.1 18708542 18708702 (5280883)  C          Kuruka  Unspecified (5280883) 18708542 18708702
  341 34.16  2.01  2.42            OX424511.1   304971   305219 (23181171)  +          Kuruka  Unspecified (23181171)   304971   305219
 1578 33.70  2.49  2.49            OX424511.1  6995228  6996432 (16489958)  +          Kuruka  Unspecified (16489958)  6995228  6996432
 2302 33.31  2.41  2.33            OX424511.1 13007773 13009057 (10477333)  +          Kuruka  Unspecified (10477333) 13007773 13009057
  276 24.25  0.00  1.52            OX424511.1 23192458 23192524 (293866)  +          Kuruka  Unspecified (293866) 23192458 23192524
 1508 33.17  4.22  5.96            OX424511.1 23193726 23195123 (291267)  +          Kuruka  Unspecified (291267) 23193726 23195123
 1943 34.66  2.45  1.56            OX424511.1   455942   457084 (23029306)  C          Kuruka  Unspecified (23029306)   455942   457084
  233 30.49  5.15  5.93            OX424511.1  5796985  5797120 (17689270)  C          Kuruka  Unspecified (17689270)  5796985  5797120
 1564 33.66  2.60  2.80            OX424511.1  6142850  6143888 (17342502)  C          Kuruka  Unspecified (17342502)  6142850  6143888
  285 30.48  5.71  0.00            OX424512.1 18903061 18903165 (3087205)  +          Kuruka  Unspecified (3087205) 18903061 18903165
  370 29.84  1.59  1.59            OX424512.1  1592477  1592602 (20397768)  C          Kuruka  Unspecified (20397768)  1592477  1592602
  291 35.10  4.65  7.80            OX424512.1 11099677 11100257 (10890113)  C          Kuruka  Unspecified (10890113) 11099677 11100257
  472 31.56  4.14  4.14            OX424512.1 11100469 11100782 (10889588)  C          Kuruka  Unspecified (10889588) 11100469 11100782
 1573 34.03  2.98  3.06            OX424512.1 16409210 16410385 (5579985)  C          Kuruka  Unspecified (5579985) 16409210 16410385
 2348 32.43  2.29  2.38            OX424512.1 17980132 17981268 (4009102)  C          Kuruka  Unspecified (4009102) 17980132 17981268
  513 33.83  3.29  3.86            OX424512.1 18075516 18076143 (3914490)  C          Kuruka  Unspecified (3914490) 18075516 18076143
 1015 34.79  2.45  1.76            OX424512.1 20586980 20588200 (1402656)  C          Kuruka  Unspecified (1402656) 20586980 20588200
 1841 33.62  1.84  1.92            OX424513.1  3110830  3112027 (18666680)  C          Kuruka  Unspecified (18666680)  3110830  3112027
  248 10.56 11.49  2.11            OX424513.1  6306018  6306104 (15472603)  C          Kuruka  Unspecified (15472603)  6306018  6306104
  231 33.58  5.43  0.74            OX424513.1 11903783 11903911 (9874796)  C          Kuruka  Unspecified (9874796) 11903783 11903911
  249 32.64  2.04  2.04            OX424513.1 11904653 11904799 (9873908)  C          Kuruka  Unspecified (9873908) 11904653 11904799
  335 31.39  3.45  3.90            OX424513.1 12880098 12880329 (8898378)  C          Kuruka  Unspecified (8898378) 12880098 12880329
 1645 35.36  3.04  2.64            OX424513.1 13146596 13147876 (8630831)  C          Kuruka  Unspecified (8630831) 13146596 13147876
  305 23.53  0.00  0.00            OX424514.1 11598716 11598783 (9739894)  +          Kuruka  Unspecified (9739894) 11598716 11598783
  242 36.20  3.06  3.51            OX424514.1 20830616 20830844 (507833)  +          Kuruka  Unspecified (507833) 20830616 20830844
  434 32.07  2.88  4.08            OX424514.1   327485   328112 (21010846)  C          Kuruka  Unspecified (21010846)   327485   328112
 1982 33.22  2.32  2.66            OX424514.1   439599   440807 (20897870)  C          Kuruka  Unspecified (20897870)   439599   440807
  239 30.48  5.71  0.00            OX424514.1 20215184 20215288 (1123389)  C          Kuruka  Unspecified (1123389) 20215184 20215288
  286 28.05  0.00  0.00            OX424515.1   109750   109831 (19326739)  +          Kuruka  Unspecified (19326739)   109750   109831
  841 36.38  3.30  3.30            OX424515.1  4961430  4962549 (14474021)  +          Kuruka  Unspecified (14474021)  4961430  4962549
  592 30.93  2.34  2.75            OX424515.1 13890475 13890730 (5545840)  +          Kuruka  Unspecified (5545840) 13890475 13890730
  241 25.49  7.27  7.27            OX424515.1 19148154 19148263 (288307)  +          Kuruka  Unspecified (288307) 19148154 19148263
 1848 34.52  1.91  2.00            OX424515.1  4398329  4399478 (15037092)  C          Kuruka  Unspecified (15037092)  4398329  4399478
 1329 34.57  4.09  3.78            OX424515.1  4835097  4836440 (14600130)  C          Kuruka  Unspecified (14600130)  4835097  4836440
  253 27.41  0.00  1.37            OX424515.1  4838208  4838281 (14598289)  C          Kuruka  Unspecified (14598289)  4838208  4838281
  974 35.40  3.20  3.30            OX424515.1  5140624  5141593 (14294977)  C          Kuruka  Unspecified (14294977)  5140624  5141593
  681 32.00  2.78  2.78            OX424515.1  5157502  5157861 (14278709)  C          Kuruka  Unspecified (14278709)  5157502  5157861
  679 34.60  2.30  2.30            OX424516.1  8364387  8365607 (10243428)  +          Kuruka  Unspecified (10243428)  8364387  8365607
 1820 34.42  2.05  2.13            OX424516.1 15946747 15948061 (2660144)  +          Kuruka  Unspecified (2660144) 15946747 15948061
  259 30.73  3.02  5.13            OX424516.1  3089311  3089509 (15518696)  C          Kuruka  Unspecified (15518696)  3089311  3089509
  790 35.57  2.05  2.05            OX424517.1   595529   596260 (17180787)  C          Kuruka  Unspecified (17180787)   595529   596260
  266 25.54  1.04  2.11            OX424517.1   596519   596614 (17180433)  C          Kuruka  Unspecified (17180433)   596519   596614
  260 26.56  4.27  9.91            OX424517.1 15883650 15883766 (1893281)  C          Kuruka  Unspecified (1893281) 15883650 15883766
  927 36.24  3.19  3.29            OX424517.1 16770330 16771456 (1005591)  C          Kuruka  Unspecified (1005591) 16770330 16771456
  255 24.25  0.00  1.52            OX424518.1   613531   613597 (16535746)  +          Kuruka  Unspecified (16535746)   613531   613597
  552 33.27  4.35  4.35            OX424518.1   615067   615572 (16533771)  +          Kuruka  Unspecified (16533771)   615067   615572
  800 34.43  2.84  3.02            OX424518.1   615958   616520 (16532823)  +          Kuruka  Unspecified (16532823)   615958   616520
 1778 32.81  2.62  2.54            OX424518.1  2768506  2769687 (14379656)  +          Kuruka  Unspecified (14379656)  2768506  2769687
  592 30.93  2.34  2.75            OX424518.1 15186816 15187071 (1962272)  +          Kuruka  Unspecified (1962272) 15186816 15187071
  443 28.81  2.83  5.83            OX424518.1   405949   406195 (16743148)  C          Kuruka  Unspecified (16743148)   405949   406195
  292 25.00  0.00  0.00            OX424518.1  3378758  3378825 (13770518)  C          Kuruka  Unspecified (13770518)  3378758  3378825
 1143 33.29  2.48  2.71            OX424518.1 10025291 10026176 (7123167)  C          Kuruka  Unspecified (7123167) 10025291 10026176
  256 30.36  4.58  5.26            OX424518.1 10641876 10642028 (6507315)  C          Kuruka  Unspecified (6507315) 10641876 10642028
 1613 33.69  6.09  1.90            OX424518.1 13665620 13666784 (3482559)  C          Kuruka  Unspecified (3482559) 13665620 13666784
  837 33.25  2.84  3.10            OX424518.1 15963286 15963673 (1185670)  C          Kuruka  Unspecified (1185670) 15963286 15963673
  280 33.33  1.53  1.53            OX424519.1  1262659  1262789 (15549744)  +          Kuruka  Unspecified (15549744)  1262659  1262789
  437 40.67  1.42  1.42            OX424519.1  7273494  7274341 (9538192)  +          Kuruka  Unspecified (9538192)  7273494  7274341
 1077 39.33  1.16  1.25            OX424519.1  7274563  7275687 (9536846)  +          Kuruka  Unspecified (9536846)  7274563  7275687
  225 27.69  0.00  0.00            OX424519.1 14007854 14007918 (2804615)  +          Kuruka  Unspecified (2804615) 14007854 14007918
 2009 33.37  2.23  2.57            OX424519.1  3343433  3344641 (13467892)  C          Kuruka  Unspecified (13467892)  3343433  3344641
 1659 33.31  2.32  2.66            OX424519.1  9864874  9866082 (6946451)  C          Kuruka  Unspecified (6946451)  9864874  9866082
 2455 32.84  1.78  2.25            OX424519.1  9920288  9921580 (6890953)  C          Kuruka  Unspecified (6890953)  9920288  9921580
 1636 34.23  4.35  1.81            OX424519.1 10391887 10392966 (6419567)  C          Kuruka  Unspecified (6419567) 10391887 10392966
 2284 33.10  2.42  2.50            OX424519.1 10434259 10435538 (6376995)  C          Kuruka  Unspecified (6376995) 10434259 10435538
  335 31.59  5.07  2.24            OX424520.1   752414   752630 (15938688)  +          Kuruka  Unspecified (15938688)   752414   752630
  250 28.19  1.85  4.76            OX424520.1  3467563  3467670 (13223648)  +          Kuruka  Unspecified (13223648)  3467563  3467670
 1909 33.70  1.89  1.98            OX424520.1  4308504  4309717 (12381601)  +          Kuruka  Unspecified (12381601)  4308504  4309717
  596 35.57  3.28  3.85            OX424520.1  5092034  5092764 (11598554)  +          Kuruka  Unspecified (11598554)  5092034  5092764
  341 31.55  4.40  4.78            OX424520.1  5331856  5332128 (11359190)  +          Kuruka  Unspecified (11359190)  5331856  5332128
  326 32.76  3.72  4.15            OX424520.1  5615466  5615707 (11075611)  +          Kuruka  Unspecified (11075611)  5615466  5615707
 2348 33.39  2.34  2.42            OX424520.1  5651531  5652810 (11038508)  +          Kuruka  Unspecified (11038508)  5651531  5652810
  260 37.41  2.67  3.07            OX424520.1  6062798  6063059 (10628259)  +          Kuruka  Unspecified (10628259)  6062798  6063059
  826 39.33  1.03  1.29            OX424520.1  6296154  6296931 (10394387)  +          Kuruka  Unspecified (10394387)  6296154  6296931
  245 33.63  3.21  4.47            OX424520.1  6533927  6534175 (10157143)  +          Kuruka  Unspecified (10157143)  6533927  6534175
  286 34.33  0.00  0.00            OX424520.1  6570725  6571352 (10120424)  +          Kuruka  Unspecified (10120424)  6570725  6571352
 1533 34.87  1.91  2.00            OX424520.1  6727129  6728278 (9963040)  +          Kuruka  Unspecified (9963040)  6727129  6728278
  346 33.09  3.30  3.68            OX424520.1  8099364  8099636 (8591682)  +          Kuruka  Unspecified (8591682)  8099364  8099636
  786 39.20  1.03  1.29            OX424520.1  8406287  8407064 (8284254)  +          Kuruka  Unspecified (8284254)  8406287  8407064
  265 32.40  2.72  3.42            OX424520.1  8418970  8419116 (8272202)  +          Kuruka  Unspecified (8272202)  8418970  8419116
  228 25.71  2.41  6.25            OX424520.1  8931885  8931967 (7759351)  +          Kuruka  Unspecified (7759351)  8931885  8931967
  971 33.50  3.23  4.55            OX424520.1  8951003  8951715 (7739603)  +          Kuruka  Unspecified (7739603)  8951003  8951715
  757 34.96  2.29  1.01            OX424520.1  8955505  8955897 (7735421)  +          Kuruka  Unspecified (7735421)  8955505  8955897
  786 39.20  1.03  1.29            OX424520.1  9079507  9080284 (7611034)  +          Kuruka  Unspecified (7611034)  9079507  9080284
  241 34.88  1.53  1.53            OX424520.1 10056560 10056690 (6634628)  +          Kuruka  Unspecified (6634628) 10056560 10056690
  302 31.25  3.02  5.13            OX424520.1 10111199 10111397 (6579921)  +          Kuruka  Unspecified (6579921) 10111199 10111397
  291 22.58  0.00  0.00            OX424520.1 11985730 11985791 (4705527)  +          Kuruka  Unspecified (4705527) 11985730 11985791
  259 33.21  3.33  4.64            OX424520.1 14401863 14402102 (2289216)  +          Kuruka  Unspecified (2289216) 14401863 14402102
  280 34.32  4.06  4.39            OX424520.1 14635498 14635817 (2055501)  +          Kuruka  Unspecified (2055501) 14635498 14635817
 1830 35.81  2.54  2.12            OX424520.1 14718795 14720015 (1971303)  +          Kuruka  Unspecified (1971303) 14718795 14720015
  766 33.20  3.26  3.46            OX424520.1 14993622 14994142 (1697176)  +          Kuruka  Unspecified (1697176) 14993622 14994142
  280 33.76  0.00  0.00            OX424520.1 14994486 14995038 (1696763)  +          Kuruka  Unspecified (1696763) 14994486 14995038
  733 34.88  1.45  0.57            OX424520.1 15248113 15248458 (1442860)  +          Kuruka  Unspecified (1442860) 15248113 15248458
 1623 32.81  2.98  2.98            OX424520.1 15248950 15249923 (1441395)  +          Kuruka  Unspecified (1441395) 15248950 15249923
  335 35.43  2.61  3.06            OX424520.1 15413695 15413924 (1277394)  +          Kuruka  Unspecified (1277394) 15413695 15413924
  283 29.64  1.20  3.05            OX424520.1 15551908 15552074 (1139244)  +          Kuruka  Unspecified (1139244) 15551908 15552074
 2348 33.39  2.34  2.42            OX424520.1   641959   643238 (16048080)  C          Kuruka  Unspecified (16048080)   641959   643238
 1211 34.50  2.45  1.76            OX424520.1  1803855  1805075 (14886729)  C          Kuruka  Unspecified (14886729)  1803855  1805075
 2245 33.20  2.50  2.50            OX424520.1  2158234  2159512 (14531806)  C          Kuruka  Unspecified (14531806)  2158234  2159512
  284 37.62  1.30  1.75            OX424520.1  3529900  3530129 (13161189)  C          Kuruka  Unspecified (13161189)  3529900  3530129
  229 32.36  6.64  7.06            OX424520.1  4076563  4076818 (12614500)  C          Kuruka  Unspecified (12614500)  4076563  4076818
  495 31.33  2.34  2.75            OX424520.1  4324628  4324883 (12366435)  C          Kuruka  Unspecified (12366435)  4324628  4324883
 1485 34.64  3.64  3.64            OX424520.1  5656183  5657557 (11033761)  C          Kuruka  Unspecified (11033761)  5656183  5657557
  269 24.25  0.00  1.52            OX424520.1  5658754  5658820 (11032498)  C          Kuruka  Unspecified (11032498)  5658754  5658820
  277 34.81  1.24  1.88            OX424520.1  6083887  6084047 (10607271)  C          Kuruka  Unspecified (10607271)  6083887  6084047
  764 39.33  1.03  1.29            OX424520.1  6552188  6552965 (10138353)  C          Kuruka  Unspecified (10138353)  6552188  6552965
  233 30.14  0.00  0.00            OX424520.1  6629770  6629842 (10061476)  C          Kuruka  Unspecified (10061476)  6629770  6629842
 1082 34.47  3.34  3.74            OX424520.1  6970318  6971604 (9719714)  C          Kuruka  Unspecified (9719714)  6970318  6971604
  249 24.25  0.00  1.52            OX424520.1  6972760  6972826 (9718492)  C          Kuruka  Unspecified (9718492)  6972760  6972826
  786 39.20  1.03  1.29            OX424520.1  8557401  8558178 (8133140)  C          Kuruka  Unspecified (8133140)  8557401  8558178
  678 35.52  0.30  0.60            OX424520.1  9210090  9210426 (7480892)  C          Kuruka  Unspecified (7480892)  9210090  9210426
 1592 34.79  2.92  2.49            OX424520.1  9341057  9342256 (7349062)  C          Kuruka  Unspecified (7349062)  9341057  9342256
  325 30.83  3.92  4.61            OX424520.1  9603178  9603330 (7087988)  C          Kuruka  Unspecified (7087988)  9603178  9603330
 1259 35.52  2.67  2.20            OX424520.1  9687729  9688816 (7002502)  C          Kuruka  Unspecified (7002502)  9687729  9688816
 1629 34.28  3.22  2.77            OX424520.1  9795313  9796461 (6894857)  C          Kuruka  Unspecified (6894857)  9795313  9796461
  358 35.18  3.27  3.69            OX424520.1 10016867 10017111 (6674207)  C          Kuruka  Unspecified (6674207) 10016867 10017111
  372 32.75  3.88  6.10            OX424520.1 12455986 12456320 (4234998)  C          Kuruka  Unspecified (4234998) 12455986 12456320
  682 32.99  2.05  2.31            OX424520.1 14457821 14458211 (2233107)  C          Kuruka  Unspecified (2233107) 14457821 14458211
  940 34.30  3.33  2.55            OX424520.1 14700712 14701372 (1989946)  C          Kuruka  Unspecified (1989946) 14700712 14701372
  761 35.74  1.54  1.73            OX424520.1 14702430 14702950 (1988368)  C          Kuruka  Unspecified (1988368) 14702430 14702950
  310 34.84  2.65  4.03            OX424520.1 14888908 14889209 (1802109)  C          Kuruka  Unspecified (1802109) 14888908 14889209
 1763 35.81  2.54  2.12            OX424520.1 14973259 14974479 (1716839)  C          Kuruka  Unspecified (1716839) 14973259 14974479
 2234 31.84  3.54  3.61            OX424520.1 15926372 15927756 (763562)  C          Kuruka  Unspecified (763562) 15926372 15927756
  250 28.19  1.85  4.76            OX424521.1  3985932  3986039 (12417964)  +          Kuruka  Unspecified (12417964)  3985932  3986039
 1558 34.12  2.98  3.06            OX424521.1  2381994  2383169 (14020834)  C          Kuruka  Unspecified (14020834)  2381994  2383169
  277 33.51  1.03  1.55            OX424521.1  4015572  4015765 (12388238)  C          Kuruka  Unspecified (12388238)  4015572  4015765
  350 32.22  4.14  4.14            OX424521.1  4016214  4016527 (12387476)  C          Kuruka  Unspecified (12387476)  4016214  4016527
