   276 35.32 2.07 2.50           OY796847.1   2850978   2851218 (32017342) C               Kuruka     Unspecified  (4313)    4520    4281    
  1633 34.87 2.87 2.95           OY796847.1   6420847   6422170 (28446390) C               Kuruka     Unspecified  (4072)    4761    3439    
   264 32.73 3.54 4.00           OY796847.1   8362288   8362513 (26506047) C               Kuruka     Unspecified  (4294)    4539    4315    
   234 11.76 0.00 0.00           OY796847.1   9196862   9196895 (25671665) C               Kuruka     Unspecified  (4516)    4317    4284    
   273 33.30 6.40 3.85           OY796847.1  12119393  12119595 (22748965) +               Kuruka     Unspecified    4209    4416  (4417)    
  1209 34.21 2.70 3.49           OY796847.1  12187344  12188527 (22680033) +               Kuruka     Unspecified    3439    4613  (4220)    
   254 26.60 1.04 2.11           OY796847.1  21565342  21565437 (13303123) +               Kuruka     Unspecified    3585    3679  (5154)    
   758 36.12 2.05 2.19           OY796847.1  21565696  21566428 (13302132) +               Kuruka     Unspecified    3939    4670  (4163)    
   758 36.12 2.05 2.19           OY796847.1  21647844  21648576 (13219984) C               Kuruka     Unspecified  (4163)    4670    3939    
   254 26.60 1.04 2.11           OY796847.1  21648835  21648930 (13219630) C               Kuruka     Unspecified  (5154)    3679    3585    
  2260 33.17 2.37 2.37           OY796847.1  21893019  21894241 (12974319) C               Kuruka     Unspecified  (4059)    4774    3552    
   648 37.37 1.59 2.13           OY796847.1  22167414  22167979 (12700581) +               Kuruka     Unspecified    3994    4556  (4277)    
   329 36.07 2.39 2.80           OY796847.1  22976478  22976728 (11891832) +               Kuruka     Unspecified    4287    4536  (4297)    
   263 36.69 0.59 0.59           OY796847.1  24623407  24623576 (10244984) +               Kuruka     Unspecified    3933    4102  (4731)    
   510 33.24 3.01 3.58           OY796847.1  24623670  24624034 (10244526) +               Kuruka     Unspecified    4194    4556  (4277)    
  2245 33.33 2.42 2.50           OY796847.1  25598631  25599910 (9268650) +               Kuruka     Unspecified    3480    4758  (4075)    
   382 31.65 4.03 4.45           OY796847.1  32001944  32002191 (2866369) C               Kuruka     Unspecified  (4300)    4533    4287    
   790 33.20 2.90 2.90           OY796847.1  32083883  32084400 (2784160) +               Kuruka     Unspecified    3462    3979  (4854)    
  1104 33.87 2.19 2.35           OY796847.1  32087746  32088383 (2780177) +               Kuruka     Unspecified    3978    4614  (4219)    
   491 35.86 1.15 1.15           OY796847.1  32110073  32110419 (2758141) +               Kuruka     Unspecified    3465    3811  (5022)    
   597 31.40 3.72 3.72           OY796847.1  32113780  32114209 (2754351) +               Kuruka     Unspecified    3819    4248  (4585)    
   680 32.47 2.28 2.54           OY796847.1  32114447  32114841 (2753719) +               Kuruka     Unspecified    4277    4670  (4163)    
  1312 32.97 3.40 3.60           OY796847.1  32397037  32398065 (2470495) +               Kuruka     Unspecified    3554    4580  (4253)    
   243 20.55 1.12 12.50           OY796847.1  34706881  34706969 (161591) C               Kuruka     Unspecified  (4491)    4342    4263    
   316 37.17 1.30 1.75           OY796848.1  12731055  12731284 (20747942) C               Kuruka     Unspecified  (4297)    4536    4308    
  1782 33.33 2.91 2.74           OY796848.1  13040430  13041632 (20437594) +               Kuruka     Unspecified    3554    4758  (4075)    
   347 30.15 3.92 4.61           OY796848.1  13208365  13208517 (20270709) C               Kuruka     Unspecified  (4387)    4446    4295    
   319 22.06 0.00 0.00           OY796848.1  16352683  16352750 (17126476) +               Kuruka     Unspecified    4287    4354  (4479)    
   451 30.60 5.19 5.58           OY796848.1  17603453  17603722 (15875504) C               Kuruka     Unspecified  (4389)    4444    4176    
   511 29.51 4.30 4.71           OY796848.1  31475910  31476165 (2003061) +               Kuruka     Unspecified    4282    4536  (4297)    
   239 29.09 2.44 5.00           OY796848.1  32533610  32533732 (945494) +               Kuruka     Unspecified    3689    3808  (5025)    
   805 35.87 1.70 2.04           OY796848.1  32890802  32891390 (587836) C               Kuruka     Unspecified  (4253)    4580    3994    
   295 22.06 0.00 0.00           OY796849.1    438025    438092 (29008791) +               Kuruka     Unspecified    4287    4354  (4479)    
   319 34.57 3.51 4.61           OY796849.1   1133353   1133637 (28313246) +               Kuruka     Unspecified    3462    3743  (5090)    
   295 22.06 0.00 0.00           OY796849.1  10707693  10707760 (18739123) C               Kuruka     Unspecified  (4479)    4354    4287    
   609 29.10 4.30 4.71           OY796849.1  11470389  11470644 (17976239) C               Kuruka     Unspecified  (4297)    4536    4282    
  1868 34.83 2.07 2.15           OY796849.1  17355768  17356976 (12089907) +               Kuruka     Unspecified    3551    4758  (4075)    
   342 31.11 5.07 2.24           OY796849.1  17437309  17437525 (12009358) C               Kuruka     Unspecified  (5028)    3805    3583    
   719 35.54 1.96 2.17           OY796849.1  27674740  27675248 (1771635) C               Kuruka     Unspecified  (4387)    4446    3939    
   344 34.56 0.52 1.04           OY796849.1  27675507  27675699 (1771184) C               Kuruka     Unspecified  (5154)    3679    3488    
   831 34.01 2.48 2.48           OY796849.1  29151599  29152002 (294881) +               Kuruka     Unspecified    3447    3850  (4983)    
  1090 35.49 3.21 2.63           OY796849.1  29152494  29153364 (293519) +               Kuruka     Unspecified    3982    4857  (3976)    
   676 36.09 1.36 1.70           OY796849.1  29292412  29293000 (153883) C               Kuruka     Unspecified  (4253)    4580    3994    
  1379 33.12 4.22 3.03           OY796849.1  29389007  29390049  (56834) C               Kuruka     Unspecified  (4314)    4519    3465    
   228 32.93 0.00 0.00           OY796850.1    271954    272035 (28773883) C               Kuruka     Unspecified  (4479)    4354    4273    
   346 34.56 0.52 1.04           OY796850.1    336473    336665 (28709253) +               Kuruka     Unspecified    3488    3679  (5154)    
  1049 34.87 2.05 2.19           OY796850.1    336924    337656 (28708262) +               Kuruka     Unspecified    3939    4670  (4163)    
   272 33.49 4.60 5.04           OY796850.1    473472    473710 (28572208) C               Kuruka     Unspecified  (4288)    4545    4308    
   375 35.99 2.04 2.46           OY796850.1    661199    661443 (28384475) C               Kuruka     Unspecified  (4297)    4536    4293    
   295 34.44 2.02 2.44           OY796850.1    670471    670717 (28375201) C               Kuruka     Unspecified  (4315)    4518    4273    
  2130 34.35 2.28 2.36           OY796850.1   4905911   4907225 (24138693) +               Kuruka     Unspecified    3447    4760  (4073)    
  1019 35.15 2.05 2.19           OY796850.1   6649989   6650721 (22395197) C               Kuruka     Unspecified  (4163)    4670    3939    
   346 34.56 0.52 1.04           OY796850.1   6650980   6651172 (22394746) C               Kuruka     Unspecified  (5154)    3679    3488    
  1310 34.88 2.72 2.16           OY796850.1  12347522  12348441 (16697477) C               Kuruka     Unspecified  (3976)    4857    3933    
   795 34.18 2.23 2.23           OY796850.1  12348524  12348927 (16696991) C               Kuruka     Unspecified  (4983)    3850    3447    
   498 29.93 4.30 4.71           OY796850.1  15842584  15842839 (13203079) C               Kuruka     Unspecified  (4297)    4536    4282    
   836 35.91 3.33 2.70           OY796850.1  21095141  21095950 (7949968) C               Kuruka     Unspecified  (4087)    4746    3932    
   983 31.77 1.54 1.54           OY796850.1  21096032  21096421 (7949497) C               Kuruka     Unspecified  (4983)    3850    3461    
  1699 35.71 2.99 2.60           OY796850.1  23375491  23376830 (5669088) +               Kuruka     Unspecified    3510    4854  (3979)    
   266 27.55 3.88 1.52           OY796850.1  26131345  26131473 (2914445) C               Kuruka     Unspecified  (4479)    4354    4223    
   852 32.74 4.54 2.98           OY796850.1  28908088  28908616 (137302) +               Kuruka     Unspecified    4125    4661  (4172)    
   306 32.51 5.86 6.27           OY796851.1    250876    251131 (28517869) C               Kuruka     Unspecified  (4297)    4536    4282    
  1919 32.98 3.92 3.49           OY796851.1  10347964  10349163 (18419837) +               Kuruka     Unspecified    3554    4758  (4075)    
   585 29.51 4.30 4.71           OY796851.1  14331572  14331827 (14437173) +               Kuruka     Unspecified    4282    4536  (4297)    
   227 30.85 0.93 0.93           OY796851.1  15992791  15992898 (12776102) +               Kuruka     Unspecified    3587    3694  (5139)    
   573 29.93 4.30 4.71           OY796851.1  25119547  25119802 (3649198) +               Kuruka     Unspecified    4282    4536  (4297)    
  1670 35.27 2.75 2.29           OY796851.1  26424470  26425598 (2343402) C               Kuruka     Unspecified  (4190)    4643    3510    
   241 26.72 1.71 7.21           OY796851.1  28386553  28386669 (382331) C               Kuruka     Unspecified  (4491)    4342    4232    
  2259 33.97 2.19 2.27           OY796851.1  28676967  28678246  (90754) C               Kuruka     Unspecified  (4075)    4758    3480    
  1322 34.85 2.55 2.64           OY796852.1     27657     28832 (28192710) +               Kuruka     Unspecified    3439    4613  (4220)    
  1856 34.91 2.07 2.15           OY796852.1  12069059  12070267 (16151275) +               Kuruka     Unspecified    3551    4758  (4075)    
   488 34.19 1.09 1.09           OY796852.1  13734254  13734528 (14487014) C               Kuruka     Unspecified  (5097)    3736    3462    
   228 29.96 2.44 5.00           OY796852.1  18510969  18511091 (9710451) +               Kuruka     Unspecified    3689    3808  (5025)    
   807 35.59 1.87 2.21           OY796852.1  20577859  20578447 (7643095) +               Kuruka     Unspecified    3994    4580  (4253)    
   515 34.55 1.42 3.78           OY796852.1  24703817  24704168 (3517374) +               Kuruka     Unspecified    3489    3832  (5001)    
   258 34.19 3.30 3.58           OY796852.1  27795164  27795527 (426015) C               Kuruka     Unspecified  (4247)    4586    4224    
   396 32.64 3.71 3.71           OY796852.1  27795937  27796286 (425256) C               Kuruka     Unspecified  (5019)    3814    3465    
   230 31.51 0.00 0.00           OY796852.1  27830367  27830439 (391103) C               Kuruka     Unspecified  (4479)    4354    4282    
  1593 34.91 3.36 2.95           OY796853.1   8373983   8375263 (19747125) +               Kuruka     Unspecified    3461    4746  (4087)    
  1658 35.28 3.04 2.64           OY796853.1   9069683   9070963 (19051425) C               Kuruka     Unspecified  (4087)    4746    3461    
   491 32.05 3.70 4.00           OY796853.1  10512267  10512617 (17609771) +               Kuruka     Unspecified    3465    3814  (5019)    
   378 34.83 4.69 4.85           OY796853.1  10512792  10513473 (17608915) +               Kuruka     Unspecified    3990    4670  (4163)    
   306 31.62 0.00 0.00           OY796853.1  10717028  10717144 (17405244) +               Kuruka     Unspecified    3584    3700  (5133)    
   285 29.31 0.65 4.73           OY796853.1  11666635  11666788 (16455600) C               Kuruka     Unspecified  (4498)    4335    4188    
  2012 34.93 1.54 1.85           OY796853.1  15046184  15047484 (13074904) C               Kuruka     Unspecified  (4072)    4761    3465    
   434 33.25 2.59 3.79           OY796853.1  16193640  16193986 (11928402) C               Kuruka     Unspecified  (4277)    4556    4214    
   225 30.77 0.96 0.00           OY796853.1  16194164  16194267 (11928121) C               Kuruka     Unspecified  (4796)    4037    3933    
  1515 34.69 1.23 1.57           OY796853.1  16659712  16660604 (11461784) +               Kuruka     Unspecified    3465    4354  (4479)    
   287 36.99 1.59 2.00           OY796853.1  18044099  18044349 (10078039) C               Kuruka     Unspecified  (4297)    4536    4287    
   308 31.12 4.24 4.68           OY796853.1  27255347  27255582 (866806) C               Kuruka     Unspecified  (4312)    4521    4287    
   232 31.19 0.91 0.91           OY796853.1  27690377  27690486 (431902) +               Kuruka     Unspecified    3585    3694  (5139)    
   241 26.72 1.71 7.21           OY796854.1   1954965   1955081 (26031756) C               Kuruka     Unspecified  (4491)    4342    4232    
   361 33.04 6.30 5.47           OY796854.1   2285872   2286252 (25700585) C               Kuruka     Unspecified  (4988)    3845    3462    
  1910 33.86 3.46 3.06           OY796854.1   5068998   5070298 (22916539) C               Kuruka     Unspecified  (4075)    4758    3453    
   353 35.79 4.26 4.40           OY796854.1   5128325   5129075 (22857762) C               Kuruka     Unspecified  (4163)    4670    3921    
   491 32.05 3.70 4.00           OY796854.1   5129181   5129531 (22857306) C               Kuruka     Unspecified  (5019)    3814    3465    
   366 34.97 4.70 4.70           OY796854.1   5207443   5208123 (22778714) C               Kuruka     Unspecified  (4163)    4670    3990    
   509 31.75 3.70 4.00           OY796854.1   5208298   5208648 (22778189) C               Kuruka     Unspecified  (5019)    3814    3465    
  1884 32.92 3.75 3.32           OY796854.1   7524985   7526184 (20460653) C               Kuruka     Unspecified  (4075)    4758    3554    
   930 34.89 3.40 3.06           OY796854.1   8496511   8497128 (19489709) +               Kuruka     Unspecified    3932    4551  (4282)    
   228 29.96 2.44 5.00           OY796854.1  10464356  10464478 (17522359) C               Kuruka     Unspecified  (5025)    3808    3689    
   242 18.18 0.00 0.00           OY796854.1  15793687  15793730 (12193107) +               Kuruka     Unspecified    3868    3911  (4922)    
   533 35.62 3.42 3.99           OY796854.1  17460664  17461394 (10525443) C               Kuruka     Unspecified  (4174)    4659    3933    
  1349 34.63 1.28 1.28           OY796854.1  17496672  17497373 (10489464) C               Kuruka     Unspecified  (4581)    4252    3551    
  1998 34.52 1.28 1.63           OY796854.1  17512883  17514054 (10472783) C               Kuruka     Unspecified  (4201)    4632    3465    
   267 26.72 1.71 7.21           OY796854.1  17910407  17910523 (10076314) C               Kuruka     Unspecified  (4491)    4342    4232    
  1898 33.94 3.46 3.06           OY796854.1  18259310  18260610 (9726227) C               Kuruka     Unspecified  (4075)    4758    3453    
  1665 35.28 3.04 2.64           OY796854.1  18769175  18770455 (9216382) +               Kuruka     Unspecified    3461    4746  (4087)    
  1338 34.32 4.26 3.78           OY796854.1  19129831  19131120 (8855717) C               Kuruka     Unspecified  (4073)    4760    3465    
   269 24.25 0.00 1.52           OY796854.1  19132245  19132311 (8854526) C               Kuruka     Unspecified  (6334)    2499    2434    
   833 32.53 1.83 1.30           OY796854.1  19203064  19203446 (8783391) C               Kuruka     Unspecified  (4960)    3873    3489    
  1931 33.91 3.38 2.99           OY796854.1  20762095  20763395 (7223442) C               Kuruka     Unspecified  (4075)    4758    3453    
   559 34.19 1.09 1.09           OY796854.1  23400619  23400893 (4585944) C               Kuruka     Unspecified  (5097)    3736    3462    
   508 33.08 1.53 1.92           OY796854.1  26483523  26483784 (1503053) C               Kuruka     Unspecified  (4300)    4533    4273    
  1577 34.94 1.90 1.99           OY796854.1  27361554  27362762 (624075) C               Kuruka     Unspecified  (4075)    4758    3551    
   276 35.32 2.07 2.50           OY796855.1   1420169   1420409 (26519653) +               Kuruka     Unspecified    4281    4520  (4313)    
  1898 34.66 2.07 2.15           OY796855.1   1758830   1760038 (26180024) C               Kuruka     Unspecified  (4075)    4758    3551    
  1931 32.98 3.92 3.49           OY796855.1   3976504   3977703 (23962359) +               Kuruka     Unspecified    3554    4758  (4075)    
   293 32.17 4.03 1.97           OY796855.1   4067865   4068013 (23872049) C               Kuruka     Unspecified  (4387)    4446    4295    
   624 30.90 1.59 2.00           OY796855.1   4269878   4270128 (23669934) +               Kuruka     Unspecified    3932    4181  (4652)    
   362 33.29 6.91 3.34           OY796855.1   4976586   4976961 (22963101) +               Kuruka     Unspecified    3444    3832  (5001)    
   581 38.42 2.18 2.88           OY796855.1   4977563   4978157 (22961905) +               Kuruka     Unspecified    3964    4554  (4279)    
   263 36.69 0.59 0.59           OY796855.1   4994704   4994873 (22945189) +               Kuruka     Unspecified    3933    4102  (4731)    
   513 32.78 3.29 3.86           OY796855.1   4994967   4995331 (22944731) +               Kuruka     Unspecified    4194    4556  (4277)    
  1878 34.83 2.07 2.15           OY796855.1   6316594   6317802 (21622260) C               Kuruka     Unspecified  (4075)    4758    3551    
   255 36.69 0.59 0.59           OY796855.1  11397740  11397909 (16542153) +               Kuruka     Unspecified    3933    4102  (4731)    
   510 33.24 3.01 3.58           OY796855.1  11398003  11398367 (16541695) +               Kuruka     Unspecified    4194    4556  (4277)    
   255 34.97 1.81 1.81           OY796855.1  11804212  11804377 (16135685) C               Kuruka     Unspecified  (4376)    4457    4292    
  1861 34.26 3.69 3.29           OY796855.1  11993521  11994821 (15945241) C               Kuruka     Unspecified  (4075)    4758    3453    
   736 37.36 4.18 3.24           OY796855.1  12285794  12286894 (15653168) +               Kuruka     Unspecified    3444    4554  (4279)    
  1882 32.62 2.09 1.90           OY796855.1  12523366  12524468 (15415594) +               Kuruka     Unspecified    3552    4656  (4177)    
   234 11.76 0.00 0.00           OY796855.1  21069133  21069166 (6870896) C               Kuruka     Unspecified  (4516)    4317    4284    
  1854 32.95 3.83 3.40           OY796855.1  21660798  21661997 (6278065) C               Kuruka     Unspecified  (4075)    4758    3554    
   263 36.69 0.59 0.59           OY796855.1  24579419  24579588 (3360474) +               Kuruka     Unspecified    3933    4102  (4731)    
   516 33.04 2.69 3.94           OY796855.1  24579713  24580046 (3360016) +               Kuruka     Unspecified    4227    4556  (4277)    
  2292 33.10 2.42 2.50           OY796855.1  25029936  25031215 (2908847) C               Kuruka     Unspecified  (4075)    4758    3480    
  1904 33.76 2.27 2.35           OY796855.1  25698776  25700055 (2240007) C               Kuruka     Unspecified  (4075)    4758    3480    
   225 30.77 0.96 0.00           OY796856.1   5042692   5042795 (22890533) +               Kuruka     Unspecified    3933    4037  (4796)    
   434 33.04 2.69 3.94           OY796856.1   5042986   5043319 (22890009) +               Kuruka     Unspecified    4227    4556  (4277)    
   559 34.19 1.09 1.09           OY796856.1   5224954   5225228 (22708100) C               Kuruka     Unspecified  (5097)    3736    3462    
  1591 34.97 2.95 2.95           OY796856.1   6845280   6846602 (21086726) C               Kuruka     Unspecified  (4072)    4761    3439    
  1571 33.17 4.81 3.07           OY796856.1   7229990   7231174 (20702154) +               Kuruka     Unspecified    3554    4758  (4075)    
   230 28.17 2.82 0.00           OY796856.1   8621284   8621354 (19311974) C               Kuruka     Unspecified  (1040)    7793    7721    
  1310 34.88 2.72 2.16           OY796856.1  16216344  16217263 (11716065) C               Kuruka     Unspecified  (3976)    4857    3933    
   780 34.43 2.23 2.23           OY796856.1  16217346  16217749 (11715579) C               Kuruka     Unspecified  (4983)    3850    3447    
   326 35.63 4.57 4.17           OY796856.1  21718032  21718819 (6214509) C               Kuruka     Unspecified  (4581)    4252    3462    
   264 32.73 3.54 4.00           OY796856.1  23144835  23145060 (4788268) C               Kuruka     Unspecified  (4294)    4539    4315    
   302 30.83 3.92 4.61           OY796856.1  27446810  27446962 (486366) +               Kuruka     Unspecified    4295    4446  (4387)    
   436 35.79 1.46 1.09           OY796856.1  27772734  27773007 (160321) +               Kuruka     Unspecified    3462    3736  (5097)    
   302 29.27 0.00 0.00           OY796857.1    380503    380584 (27513204) +               Kuruka     Unspecified    4273    4354  (4479)    
   236 31.51 0.00 0.00           OY796857.1    694863    694935 (27198853) +               Kuruka     Unspecified    4282    4354  (4479)    
   316 33.88 3.91 4.31           OY796857.1  11815091  11815346 (16078442) C               Kuruka     Unspecified  (4297)    4536    4282    
  1061 34.87 2.05 2.19           OY796857.1  24509662  24510394 (3383394) C               Kuruka     Unspecified  (4163)    4670    3939    
   346 34.56 0.52 1.04           OY796857.1  24510653  24510845 (3382943) C               Kuruka     Unspecified  (5154)    3679    3488    
   258 34.96 1.60 1.60           OY796857.1  27511361  27511485 (382303) +               Kuruka     Unspecified    4230    4354  (4479)    
   260 22.81 0.00 0.00           OY796858.1    269396    269452 (27028466) C               Kuruka     Unspecified  (4479)    4354    4298    
   345 32.43 6.28 1.50           OY796858.1    672531    672721 (26625197) C               Kuruka     Unspecified  (5050)    3783    3584    
   241 26.72 1.71 7.21           OY796858.1   1265161   1265277 (26032641) +               Kuruka     Unspecified    4232    4342  (4491)    
   264 30.99 2.72 3.42           OY796858.1   7019695   7019841 (20278077) +               Kuruka     Unspecified    4292    4437  (4396)    
  1558 34.81 0.91 1.02           OY796858.1  18027613  18028596 (9269322) +               Kuruka     Unspecified    3551    4533  (4300)    
  1795 34.47 1.39 1.76           OY796858.1  21229798  21230878 (6067040) +               Kuruka     Unspecified    3465    4541  (4292)    
  2018 34.84 1.54 1.85           OY796858.1  21232426  21233726 (6064192) C               Kuruka     Unspecified  (4072)    4761    3465    
  1110 34.49 2.45 1.76           OY796858.1  26587687  26588421 (709497) C               Kuruka     Unspecified  (4161)    4672    3933    
   704 33.33 2.56 2.56           OY796858.1  26588517  26588907 (709011) C               Kuruka     Unspecified  (4996)    3837    3447    
   271 35.63 1.23 1.85           OY796858.1  27074029  27074191 (223727) C               Kuruka     Unspecified  (4380)    4453    4292    
  1016 35.15 2.05 2.19           OY796859.1   4336687   4337419 (22625621) C               Kuruka     Unspecified  (4163)    4670    3939    
   321 35.08 0.52 1.04           OY796859.1   4337678   4337870 (22625170) C               Kuruka     Unspecified  (5154)    3679    3488    
  1814 33.88 3.22 3.53           OY796859.1  15046980  15048313 (11914727) C               Kuruka     Unspecified  (4060)    4773    3444    
   316 35.14 3.04 3.49           OY796859.1  15056545  15056774 (11906266) +               Kuruka     Unspecified    4308    4536  (4297)    
   449 30.21 5.19 5.58           OY796859.1  15653704  15653973 (11309067) +               Kuruka     Unspecified    4176    4444  (4389)    
  1517 34.94 3.43 3.03           OY796859.1  17564011  17565291 (9397749) +               Kuruka     Unspecified    3461    4746  (4087)    
   290 32.51 5.86 6.27           OY796859.1  18122647  18122902 (8840138) +               Kuruka     Unspecified    4282    4536  (4297)    
  1233 35.73 1.54 1.98           OY796859.1  19636400  19637310 (7325730) +               Kuruka     Unspecified    3855    4761  (4072)    
  1148 34.89 1.62 1.62           OY796859.1  19638481  19639159 (7323881) C               Kuruka     Unspecified  (4690)    4143    3465    
   879 31.52 1.54 1.54           OY796859.1  20938336  20938725 (6024315) +               Kuruka     Unspecified    3461    3850  (4983)    
   650 35.78 3.33 2.70           OY796859.1  20938807  20939616 (6023424) +               Kuruka     Unspecified    3932    4746  (4087)    
  1362 35.42 2.04 2.40           OY796859.1  21291516  21292643 (5670397) +               Kuruka     Unspecified    3490    4613  (4220)    
   676 33.43 5.10 3.57           OY796859.1  21330784  21331391 (5631649) +               Kuruka     Unspecified    3968    4584  (4249)    
   865 39.11 0.98 1.10           OY796859.1  21340010  21340826 (5622214) +               Kuruka     Unspecified    3945    4760  (4073)    
   716 32.59 3.40 4.67           OY796859.1  21382155  21382566 (5580474) +               Kuruka     Unspecified    4173    4579  (4254)    
   225 31.40 0.00 0.00           OY796859.1  24009137  24009222 (2953818) +               Kuruka     Unspecified    4266    4351  (4482)    
   236 26.88 4.13 1.61           OY796859.1  26040902  26041022 (922018) +               Kuruka     Unspecified    4223    4346  (4487)    
   398 28.75 2.91 2.91           OY796859.1  26163693  26163864 (799176) C               Kuruka     Unspecified  (4249)    4584    4413    
   326 26.05 3.25 3.25           OY796859.1  26164114  26164236 (798804) C               Kuruka     Unspecified  (5001)    3832    3710    
   451 35.23 0.00 0.00           OY796859.1  26164798  26164990 (798050) C               Kuruka     Unspecified  (5152)    3681    3489    
   229 28.09 1.11 1.11           OY796859.1  26766994  26767083 (195957) +               Kuruka     Unspecified    4094    4183  (4650)    
   247 31.76 0.00 0.00           OY796859.1  26767365  26767449 (195591) +               Kuruka     Unspecified    4469    4553  (4280)    
   306 25.00 0.00 0.00           OY796860.1    168671    168746 (26300360) C               Kuruka     Unspecified  (4485)    4348    4273    
   854 35.01 2.05 2.19           OY796860.1    430452    431184 (26037922) C               Kuruka     Unspecified  (4163)    4670    3939    
   263 35.60 0.52 1.04           OY796860.1    431443    431635 (26037471) C               Kuruka     Unspecified  (5154)    3679    3488    
   304 35.89 4.57 4.17           OY796860.1  11221246  11222033 (15247073) +               Kuruka     Unspecified    3462    4252  (4581)    
   271 26.72 1.71 7.21           OY796860.1  11746325  11746441 (14722665) +               Kuruka     Unspecified    4232    4342  (4491)    
   319 22.06 0.00 0.00           OY796860.1  13496813  13496880 (12972226) C               Kuruka     Unspecified  (4479)    4354    4287    
  1581 34.09 3.43 2.64           OY796860.1  20287310  20288475 (6180631) +               Kuruka     Unspecified    3439    4613  (4220)    
  1198 32.67 4.47 3.93           OY796860.1  21141929  21142890 (5326216) C               Kuruka     Unspecified  (4075)    4758    3792    
   382 33.33 1.77 1.77           OY796860.1  21149530  21149755 (5319351) C               Kuruka     Unspecified  (5054)    3779    3554    
  2021 33.92 2.69 3.01           OY796860.1  22986208  22987508 (3481598) +               Kuruka     Unspecified    3462    4758  (4075)    
   296 32.92 5.86 6.27           OY796860.1  26217109  26217364 (251742) +               Kuruka     Unspecified    4282    4536  (4297)    
  1878 34.83 2.07 2.15           OY796861.1    193900    195108 (26234921) C               Kuruka     Unspecified  (4075)    4758    3551    
  2080 34.52 2.62 2.70           OY796861.1   2113712   2115009 (24315020) C               Kuruka     Unspecified  (4075)    4758    3462    
   384 31.65 4.03 4.45           OY796861.1   4052750   4052997 (22377032) +               Kuruka     Unspecified    4287    4533  (4300)    
  1598 34.29 2.72 2.81           OY796861.1   9856796   9857971 (16572058) +               Kuruka     Unspecified    3439    4613  (4220)    
   633 35.91 3.33 2.70           OY796861.1  11848505  11849314 (14580715) C               Kuruka     Unspecified  (4087)    4746    3932    
   869 31.52 1.54 1.54           OY796861.1  11849396  11849785 (14580244) C               Kuruka     Unspecified  (4983)    3850    3461    
   236 26.88 4.13 1.61           OY796861.1  14400197  14400317 (12029712) +               Kuruka     Unspecified    4223    4346  (4487)    
   310 30.99 2.72 3.42           OY796861.1  22923354  22923500 (3506529) C               Kuruka     Unspecified  (4396)    4437    4292    
   798 35.76 1.87 2.21           OY796862.1   7047804   7048392 (19320055) +               Kuruka     Unspecified    3994    4580  (4253)    
   585 29.51 4.30 4.71           OY796862.1   7246001   7246256 (19122191) +               Kuruka     Unspecified    4282    4536  (4297)    
   264 32.73 3.54 4.00           OY796862.1  16884014  16884239 (9484208) +               Kuruka     Unspecified    4315    4539  (4294)    
   271 26.72 1.71 7.21           OY796862.1  17126505  17126621 (9241826) C               Kuruka     Unspecified  (4491)    4342    4232    
   347 35.90 2.73 3.14           OY796862.1  21436769  21437024 (4931423) C               Kuruka     Unspecified  (4297)    4536    4282    
   384 31.65 4.03 4.45           OY796863.1   3025654   3025901 (23313362) +               Kuruka     Unspecified    4287    4533  (4300)    
   358 32.76 6.30 5.47           OY796863.1   3990245   3990625 (22348638) +               Kuruka     Unspecified    3462    3845  (4988)    
   234 20.62 6.15 2.99           OY796863.1   4411226   4411290 (21927973) C               Kuruka     Unspecified  (2561)    6272    6206    
  2021 34.44 2.62 2.70           OY796863.1   4541180   4542477 (21796786) +               Kuruka     Unspecified    3462    4758  (4075)    
  1964 34.47 2.70 2.78           OY796863.1   7990053   7991350 (18347913) C               Kuruka     Unspecified  (4075)    4758    3462    
   597 29.10 4.30 4.71           OY796863.1  14673356  14673611 (11665652) C               Kuruka     Unspecified  (4297)    4536    4282    
   271 26.72 1.71 7.21           OY796863.1  22817889  22818005 (3521258) C               Kuruka     Unspecified  (4491)    4342    4232    
   524 33.08 1.53 1.92           OY796863.1  25859425  25859686 (479577) C               Kuruka     Unspecified  (4300)    4533    4273    
   264 30.99 2.72 3.42           OY796864.1    181929    182075 (26097410) +               Kuruka     Unspecified    4292    4437  (4396)    
  1974 35.01 1.54 1.85           OY796864.1   4171354   4172654 (22106831) +               Kuruka     Unspecified    3465    4761  (4072)    
  1559 34.77 3.43 3.03           OY796864.1   5346141   5347421 (20932064) +               Kuruka     Unspecified    3461    4746  (4087)    
  1695 35.71 2.99 2.60           OY796864.1   9025773   9027112 (17252373) C               Kuruka     Unspecified  (3979)    4854    3510    
  1019 35.15 2.05 2.19           OY796864.1  20264797  20265529 (6013956) C               Kuruka     Unspecified  (4163)    4670    3939    
   344 34.56 0.52 1.04           OY796864.1  20265788  20265980 (6013505) C               Kuruka     Unspecified  (5154)    3679    3488    
  1918 33.86 3.46 3.06           OY796864.1  22310660  22311960 (3967525) +               Kuruka     Unspecified    3453    4758  (4075)    
  1809 33.59 2.00 2.09           OY796864.1  23251042  23252239 (3027246) +               Kuruka     Unspecified    3447    4643  (4190)    
   230 17.33 9.64 9.64           OY796865.1    245830    245912 (25915094) C               Kuruka     Unspecified  (5164)    3669    3587    
   787 37.24 4.08 3.24           OY796865.1   2238573   2239674 (23921332) C               Kuruka     Unspecified  (4279)    4554    3444    
   810 35.87 1.70 2.04           OY796865.1   4347702   4348290 (21812716) C               Kuruka     Unspecified  (4253)    4580    3994    
  1878 34.83 2.07 2.15           OY796865.1   6625545   6626753 (19534253) C               Kuruka     Unspecified  (4075)    4758    3551    
   228 29.96 2.44 5.00           OY796865.1  10590065  10590187 (15570819) C               Kuruka     Unspecified  (5025)    3808    3689    
  1600 34.29 2.72 2.81           OY796865.1  15810126  15811301 (10349705) +               Kuruka     Unspecified    3439    4613  (4220)    
   241 26.72 1.71 7.21           OY796865.1  16892523  16892639 (9268367) +               Kuruka     Unspecified    4232    4342  (4491)    
   550 37.36 1.75 2.40           OY796866.1    307388    308015 (25120317) C               Kuruka     Unspecified  (4277)    4556    3933    
  2116 34.21 2.36 2.44           OY796866.1   6069147   6070461 (19357871) +               Kuruka     Unspecified    3447    4760  (4073)    
   329 33.94 2.69 2.23           OY796866.1   6229534   6229756 (19198576) +               Kuruka     Unspecified    3558    3781  (5052)    
   261 32.93 1.22 1.84           OY796866.1   6230173   6230336 (19197996) +               Kuruka     Unspecified    4218    4380  (4453)    
  1795 34.33 2.72 1.47           OY796866.1   8140354   8141565 (17286767) C               Kuruka     Unspecified  (4163)    4670    3444    
   319 22.06 0.00 0.00           OY796866.1  10188665  10188732 (15239600) +               Kuruka     Unspecified    4287    4354  (4479)    
   317 31.23 4.78 2.55           OY796866.1  10701236  10701465 (14726867) +               Kuruka     Unspecified    3571    3805  (5028)    
   346 34.56 0.52 1.04           OY796866.1  13577130  13577322 (11851010) +               Kuruka     Unspecified    3488    3679  (5154)    
  1047 35.01 2.05 2.19           OY796866.1  13577581  13578313 (11850019) +               Kuruka     Unspecified    3939    4670  (4163)    
   377 32.70 3.30 3.68           OY796866.1  20583371  20583643 (4844689) C               Kuruka     Unspecified  (4289)    4544    4273    
   393 32.70 3.30 3.68           OY796866.1  25210231  25210503 (217829) C               Kuruka     Unspecified  (4289)    4544    4273    
   429 30.66 5.38 5.05           OY796867.1   6884219   6884534 (18533333) +               Kuruka     Unspecified    3465    3781  (5052)    
  1042 35.01 2.05 2.19           OY796867.1   7204321   7205053 (18212814) C               Kuruka     Unspecified  (4163)    4670    3939    
   346 34.56 0.52 1.04           OY796867.1   7205312   7205504 (18212363) C               Kuruka     Unspecified  (5154)    3679    3488    
  1681 35.78 2.99 2.60           OY796867.1   7409508   7410847 (18007020) +               Kuruka     Unspecified    3510    4854  (3979)    
   585 29.51 4.30 4.71           OY796867.1  10353893  10354148 (15063719) +               Kuruka     Unspecified    4282    4536  (4297)    
   228 32.93 0.00 0.00           OY796867.1  20842078  20842159 (4575708) C               Kuruka     Unspecified  (4479)    4354    4273    
  1295 35.00 2.72 2.16           OY796867.1  21079435  21080354 (4337513) C               Kuruka     Unspecified  (3976)    4857    3933    
   793 33.61 2.42 2.42           OY796867.1  21080437  21080808 (4337059) C               Kuruka     Unspecified  (4983)    3850    3479    
  1878 34.83 2.07 2.15           OY796868.1   2704494   2705702 (22198337) +               Kuruka     Unspecified    3551    4758  (4075)    
   993 33.05 2.50 2.50           OY796868.1   6492061   6492780 (18411259) +               Kuruka     Unspecified    3439    4158  (4675)    
   363 31.69 0.70 0.70           OY796868.1   6495261   6495403 (18408636) +               Kuruka     Unspecified    4471    4613  (4220)    
   491 32.05 3.70 4.00           OY796868.1  10833570  10833920 (14070119) +               Kuruka     Unspecified    3465    3814  (5019)    
   378 34.83 4.69 4.85           OY796868.1  10834095  10834776 (14069263) +               Kuruka     Unspecified    3990    4670  (4163)    
  2295 33.10 2.42 2.50           OY796868.1  14482010  14483289 (10420750) +               Kuruka     Unspecified    3480    4758  (4075)    
   245 31.76 0.00 0.00           OY796868.1  16818012  16818096 (8085943) C               Kuruka     Unspecified  (4280)    4553    4469    
   226 28.09 1.11 1.11           OY796868.1  16818383  16818472 (8085567) C               Kuruka     Unspecified  (4650)    4183    4094    
  1908 34.68 2.15 2.32           OY796868.1  17762284  17763493 (7140546) +               Kuruka     Unspecified    3551    4758  (4075)    
   513 32.78 3.29 3.86           OY796868.1  19578979  19579343 (5324696) C               Kuruka     Unspecified  (4277)    4556    4194    
   255 36.69 0.59 0.59           OY796868.1  19579437  19579606 (5324433) C               Kuruka     Unspecified  (4731)    4102    3933    
   879 31.52 1.54 1.54           OY796868.1  24564879  24565268 (338771) +               Kuruka     Unspecified    3461    3850  (4983)    
   650 36.32 2.72 2.09           OY796868.1  24565350  24566159 (337880) +               Kuruka     Unspecified    3932    4746  (4087)    
   282 26.88 4.13 1.61           OY796868.1  24728970  24729090 (174949) +               Kuruka     Unspecified    4223    4346  (4487)    
  1216 34.75 4.42 4.00           OY796869.1   4106654   4107897 (20519940) C               Kuruka     Unspecified  (4132)    4701    3453    
  1821 33.53 2.09 2.17           OY796869.1  10164873  10166070 (14461767) C               Kuruka     Unspecified  (4190)    4643    3447    
  1850 33.18 3.75 3.32           OY796869.1  11683113  11684312 (12943525) C               Kuruka     Unspecified  (4075)    4758    3554    
   633 35.91 3.33 2.70           OY796869.1  17084498  17085307 (7542530) C               Kuruka     Unspecified  (4087)    4746    3932    
   868 31.52 1.54 1.54           OY796869.1  17085389  17085778 (7542059) C               Kuruka     Unspecified  (4983)    3850    3461    
   228 29.96 2.44 5.00           OY796869.1  17787726  17787848 (6839989) +               Kuruka     Unspecified    3689    3808  (5025)    
   533 32.69 1.53 1.92           OY796869.1  21587588  21587849 (3039988) C               Kuruka     Unspecified  (4300)    4533    4273    
   241 26.72 1.71 7.21           OY796869.1  23046329  23046445 (1581392) +               Kuruka     Unspecified    4232    4342  (4491)    
   269 24.25 0.00 1.52           OY796870.1    291643    291709 (23227779) +               Kuruka     Unspecified    2434    2499  (6334)    
   230 34.42 0.75 6.80           OY796870.1    500151    500415 (23019073) C               Kuruka     Unspecified  (4297)    4536    4287    
   402 31.03 5.41 4.20           OY796870.1   4361125   4361383 (19158105) C               Kuruka     Unspecified  (4988)    3845    3584    
   535 30.91 5.03 6.00           OY796870.1   5264997   5265433 (18254055) C               Kuruka     Unspecified  (4174)    4659    4227    
   264 36.69 0.59 0.59           OY796870.1   5265558   5265727 (18253761) C               Kuruka     Unspecified  (4731)    4102    3933    
   436 38.45 2.36 3.51           OY796870.1   5705798   5706603 (17812885) C               Kuruka     Unspecified  (4279)    4554    3758    
   273 31.81 2.55 1.90           OY796870.1   5706748   5706904 (17812584) C               Kuruka     Unspecified  (5232)    3601    3444    
  1222 34.75 4.42 4.00           OY796870.1   8867510   8868753 (14650735) C               Kuruka     Unspecified  (4132)    4701    3453    
   458 32.69 1.53 1.92           OY796870.1  13859361  13859622 (9659866) C               Kuruka     Unspecified  (4300)    4533    4273    
   249 35.60 0.52 1.04           OY796870.1  14704510  14704702 (8814786) +               Kuruka     Unspecified    3488    3679  (5154)    
   829 35.29 2.05 2.19           OY796870.1  14704961  14705693 (8813795) +               Kuruka     Unspecified    3939    4670  (4163)    
   642 29.67 2.33 3.70           OY796870.1  21820648  21820948 (1698540) C               Kuruka     Unspecified  (4311)    4522    4226    
   323 34.16 2.01 2.42           OY796870.1  23168766  23169014 (350474) C               Kuruka     Unspecified  (4313)    4520    4273    
   343 31.11 5.07 2.24           OY796870.1  23270783  23270999 (248489) C               Kuruka     Unspecified  (5028)    3805    3583    
  1576 35.02 2.87 3.02           OY796870.1  23305027  23306351 (213137) C               Kuruka     Unspecified  (4072)    4761    3439    
   479 29.81 5.19 5.58           OY796871.1   8974970   8975239 (14017450) +               Kuruka     Unspecified    4176    4444  (4389)    
  1061 34.87 2.05 2.19           OY796871.1  10331419  10332151 (12660538) C               Kuruka     Unspecified  (4163)    4670    3939    
   346 34.56 0.52 1.04           OY796871.1  10332410  10332602 (12660087) C               Kuruka     Unspecified  (5154)    3679    3488    
  2265 33.17 2.42 2.50           OY796871.1  13500491  13501770 (9490919) C               Kuruka     Unspecified  (4075)    4758    3480    
   346 34.56 0.52 1.04           OY796871.1  15503997  15504189 (7488500) +               Kuruka     Unspecified    3488    3679  (5154)    
  1061 34.87 2.05 2.19           OY796871.1  15504448  15505180 (7487509) +               Kuruka     Unspecified    3939    4670  (4163)    
   231 31.51 0.00 0.00           OY796871.1  16418903  16418975 (6573714) +               Kuruka     Unspecified    4282    4354  (4479)    
   263 36.69 0.59 0.59           OY796871.1  18780300  18780469 (4212220) +               Kuruka     Unspecified    3933    4102  (4731)    
   517 32.52 2.99 4.24           OY796871.1  18780594  18780927 (4211762) +               Kuruka     Unspecified    4227    4556  (4277)    
   331 35.08 0.52 1.04           OY796872.1   1032111   1032303 (19081415) +               Kuruka     Unspecified    3488    3679  (5154)    
   977 35.05 2.18 2.32           OY796872.1   1032562   1033294 (19080424) +               Kuruka     Unspecified    3939    4670  (4163)    
   798 35.76 1.87 2.21           OY796872.1   3737630   3738218 (16375500) C               Kuruka     Unspecified  (4253)    4580    3994    
  1703 34.75 2.62 2.93           OY796872.1   4497732   4499065 (15614653) C               Kuruka     Unspecified  (4060)    4773    3444    
   449 30.21 5.19 5.58           OY796872.1   5458808   5459077 (14654641) +               Kuruka     Unspecified    4176    4444  (4389)    
   228 29.96 2.44 5.00           OY796872.1   9430357   9430479 (10683239) +               Kuruka     Unspecified    3689    3808  (5025)    
   228 29.96 2.44 5.00           OY796872.1  15978859  15978981 (4134737) C               Kuruka     Unspecified  (5025)    3808    3689    
  1019 35.15 2.05 2.19           OY796873.1   1582675   1583407 (17474771) C               Kuruka     Unspecified  (4163)    4670    3939    
   302 35.60 0.52 1.04           OY796873.1   1583666   1583858 (17474320) C               Kuruka     Unspecified  (5154)    3679    3488    
  2088 34.50 2.28 2.36           OY796873.1  10250872  10252186 (8805992) +               Kuruka     Unspecified    3447    4760  (4073)    
  2308 33.00 2.37 2.37           OY796873.1  11933254  11934476 (7123702) +               Kuruka     Unspecified    3552    4774  (4059)    
  1914 33.99 3.38 2.99           OY796873.1  18742461  18743761 (314417) C               Kuruka     Unspecified  (4075)    4758    3453    
  1403 35.08 2.75 2.29           OY796874.1   2597621   2598749 (15411909) +               Kuruka     Unspecified    3510    4643  (4190)    
  1660 35.76 3.13 2.75           OY796874.1   8350655   8351994 (9658664) C               Kuruka     Unspecified  (3979)    4854    3510    
  2276 33.17 2.42 2.50           OY796874.1  17844793  17846072 (164586) +               Kuruka     Unspecified    3480    4758  (4075)    
   878 36.09 1.36 1.70           OY796875.1   2457118   2457706 (15278042) C               Kuruka     Unspecified  (4253)    4580    3994    
  1796 33.12 4.62 3.32           OY796875.1   4878693   4879882 (12855866) +               Kuruka     Unspecified    3554    4758  (4075)    
   294 34.98 2.79 3.20           OY796875.1   7525021   7525271 (10210477) C               Kuruka     Unspecified  (4297)    4536    4287    
  1569 34.47 2.72 2.81           OY796875.1   8118035   8119210 (9616538) C               Kuruka     Unspecified  (4220)    4613    3439    
   533 33.34 3.05 3.62           OY796875.1  10018537  10018897 (7716851) +               Kuruka     Unspecified    4413    4771  (4062)    
   298 34.34 2.90 3.33           OY796875.1  12408078  12408318 (5327430) +               Kuruka     Unspecified    4281    4520  (4313)    
   249 35.81 0.67 0.67           OY796875.1  12748945  12749093 (4986655) +               Kuruka     Unspecified    4397    4545  (4288)    
  1636 33.20 3.78 4.31           OY796875.1  17104940  17105918 (629830) +               Kuruka     Unspecified    3578    4551  (4282)    
   225 31.40 0.00 0.00           OY796875.1  17115159  17115244 (620504) +               Kuruka     Unspecified    4266    4351  (4482)    
  1927 34.27 2.40 2.48           OY796876.1    234236    235444 (16906952) C               Kuruka     Unspecified  (4075)    4758    3551    
  1601 34.29 2.72 2.81           OY796876.1   2353210   2354385 (14788011) C               Kuruka     Unspecified  (4220)    4613    3439    
  1554 34.71 2.55 2.87           OY796876.1   4352861   4353839 (12788557) C               Kuruka     Unspecified  (4405)    4428    3453    
   287 30.64 5.07 2.24           OY796876.1  11209997  11210213 (5932183) C               Kuruka     Unspecified  (5028)    3805    3583    
   260 35.30 0.73 0.73           OY796877.1   3171734   3171870 (12768234) +               Kuruka     Unspecified    3966    4102  (4731)    
   510 33.24 3.01 3.58           OY796877.1   3171964   3172328 (12767776) +               Kuruka     Unspecified    4194    4556  (4277)    
   795 34.18 2.23 2.23           OY796877.1   3817219   3817622 (12122482) +               Kuruka     Unspecified    3447    3850  (4983)    
  1282 35.00 2.72 2.16           OY796877.1   3817705   3818624 (12121480) +               Kuruka     Unspecified    3933    4857  (3976)    
   810 35.59 1.87 2.21           OY796877.1   5823443   5824031 (10116073) C               Kuruka     Unspecified  (4253)    4580    3994    
   306 25.00 0.00 0.00           OY796877.1   7315071   7315146 (8624958) C               Kuruka     Unspecified  (4485)    4348    4273    
   274 35.46 2.59 1.84           OY796877.1  10428968  10429237 (5510867) C               Kuruka     Unspecified  (4339)    4494    4223    
   702 33.51 2.30 2.30           OY796877.1  13555597  13555987 (2384117) +               Kuruka     Unspecified    3447    3837  (4996)    
  1134 34.34 2.45 1.76           OY796877.1  13556083  13556817 (2383287) +               Kuruka     Unspecified    3933    4672  (4161)    
  1244 34.47 2.72 2.81           OY796877.1  14630396  14631571 (1308533) C               Kuruka     Unspecified  (4220)    4613    3439    
   248 24.19 0.00 0.00           OY796878.1    198660    198721 (7536175) +               Kuruka     Unspecified    4293    4354  (4479)    
   234 11.76 0.00 0.00           OY796878.1    396969    397002 (7337894) C               Kuruka     Unspecified  (4516)    4317    4284    
   975 34.75 2.15 2.46           OY796878.1   1154085   1154736 (6580160) C               Kuruka     Unspecified  (4072)    4761    4112    
   660 36.03 2.33 2.33           OY796878.1   1161137   1161693 (6573203) C               Kuruka     Unspecified  (4833)    4000    3444    
   306 25.00 0.00 0.00           OY796878.1   1255822   1255897 (6478999) +               Kuruka     Unspecified    4273    4348  (4485)    
   278 31.58 2.55 3.21           OY796878.1   1541177   1541333 (6193563) +               Kuruka     Unspecified    4282    4437  (4396)    
   271 27.55 3.88 1.52           OY796878.1   1660183   1660311 (6074585) C               Kuruka     Unspecified  (4479)    4354    4223    
   241 26.72 1.71 7.21           OY796878.1   2384730   2384846 (5350050) C               Kuruka     Unspecified  (4491)    4342    4232    
   649 36.33 3.90 3.49           OY796878.1   3085995   3086764 (4648132) C               Kuruka     Unspecified  (3975)    4858    4086    
   909 34.12 2.10 2.10           OY796878.1   3093297   3093820 (4641076) C               Kuruka     Unspecified  (4800)    4033    3510    
   269 35.32 2.07 2.50           OY796878.1   3826052   3826292 (3908604) C               Kuruka     Unspecified  (4313)    4520    4281    
  1908 33.86 3.46 3.06           OY796878.1   4069048   4070348 (3664548) +               Kuruka     Unspecified    3453    4758  (4075)    
   267 33.83 3.26 3.74           OY796878.1   4204665   4204879 (3530017) +               Kuruka     Unspecified    4320    4533  (4300)    
   266 35.32 3.45 0.96           OY796878.1   4312867   4313069 (3421827) +               Kuruka     Unspecified    4209    4416  (4417)    
   389 35.54 4.55 4.70           OY796878.1   4323362   4324043 (3410853) C               Kuruka     Unspecified  (4163)    4670    3990    
   498 32.94 3.62 3.62           OY796878.1   4324219   4324577 (3410319) C               Kuruka     Unspecified  (5019)    3814    3456    
  2016 34.39 2.70 2.70           OY796878.1   4571138   4572434 (3162462) +               Kuruka     Unspecified    3462    4758  (4075)    
   255 31.76 0.00 0.00           OY796878.1   4854269   4854353 (2880543) C               Kuruka     Unspecified  (4280)    4553    4469    
   319 28.53 2.84 8.38           OY796878.1   5377183   5377358 (2357538) C               Kuruka     Unspecified  (4491)    4342    4176    
