  580 27.76  1.02  2.59     CASBLX010000002.1     4670     4865  (12843)  C          Kuruka  Unspecified  (12843)     4670     4865
  580 27.76  1.02  2.59     CASBLX010000002.1     9577     9772   (7936)  C          Kuruka  Unspecified   (7936)     9577     9772
  257 36.80  2.29  2.76            OX421221.1  1962595  1962812 (19008919)  +          Kuruka  Unspecified (19008919)  1962595  1962812
  389 35.42  2.86  3.18            OX421221.1 16979244 16979558 (3992173)  +          Kuruka  Unspecified (3992173) 16979244 16979558
  239 25.58  4.44  4.44            OX421221.1  1447477  1447566 (19524165)  C          Kuruka  Unspecified (19524165)  1447477  1447566
 1938 34.01  2.08  2.16            OX421221.1  7767721  7768922 (13202809)  C          Kuruka  Unspecified (13202809)  7767721  7768922
  403 33.23  3.18  3.18            OX421221.1 19790118 19790431 (1181300)  C          Kuruka  Unspecified (1181300) 19790118 19790431
  290 37.92  2.65  2.65            OX421221.1 20860476 20861272 (110879)  C          Kuruka  Unspecified (110879) 20860476 20861272
 1846 33.79  3.38  3.46            OX421222.1  2671116  2672476 (12640890)  +          Kuruka  Unspecified (12640890)  2671116  2672476
 1591 35.93  2.37  2.53            OX421222.1  7584090  7585397 (7727969)  +          Kuruka  Unspecified (7727969)  7584090  7585397
  411 37.25  2.24  2.49            OX421222.1  8030781  8031182 (7282184)  +          Kuruka  Unspecified (7282184)  8030781  8031182
  251 22.40  0.00  3.95            OX421222.1 12527170 12527248 (2786118)  +          Kuruka  Unspecified (2786118) 12527170 12527248
 1577 34.87  2.20  2.43            OX421222.1 12528428 12529747 (2783619)  +          Kuruka  Unspecified (2783619) 12528428 12529747
 1575 35.06  2.49  2.57            OX421222.1 13640374 13641579 (1671787)  +          Kuruka  Unspecified (1671787) 13640374 13641579
 1598 36.09  1.99  2.22            OX421222.1  3297809  3299117 (12014249)  C          Kuruka  Unspecified (12014249)  3297809  3299117
 1557 34.84  2.57  2.66            OX421222.1  8304554  8305759 (7007607)  C          Kuruka  Unspecified (7007607)  8304554  8305759
 1874 34.19  2.08  2.25            OX421222.1 13631619 13632821 (1680545)  C          Kuruka  Unspecified (1680545) 13631619 13632821
 1637 37.71  1.21  1.44            OX421223.1 15130061 15131381  (53986)  +          Kuruka  Unspecified  (53986) 15130061 15131381
 1273 35.90  2.29  2.53            OX421223.1  2118711  2120019 (13065348)  C          Kuruka  Unspecified (13065348)  2118711  2120019
  874 35.08  2.05  2.17            OX421223.1  3053209  3054395 (12131330)  C          Kuruka  Unspecified (12131330)  3053209  3054395
 1086 34.76  2.29  2.42            OX421223.1  4784995  4786181 (10399544)  C          Kuruka  Unspecified (10399544)  4784995  4786181
  232 35.26  1.27  1.27            OX421223.1  4787011  4787168 (10398199)  C          Kuruka  Unspecified (10398199)  4787011  4787168
  240 27.18  0.00  2.47            OX421223.1 11941920 11942002 (3243365)  C          Kuruka  Unspecified (3243365) 11941920 11942002
 1888 34.18  2.08  2.16            OX421223.1 11974201 11975402 (3209965)  C          Kuruka  Unspecified (3209965) 11974201 11975402
 1278 35.90  2.29  2.53            OX421223.1 14794046 14795354 (390013)  C          Kuruka  Unspecified (390013) 14794046 14795354
  236 38.17  1.98  3.63            OX421223.1 15137118 15137926  (47998)  C          Kuruka  Unspecified  (47998) 15137118 15137926
  378 38.73  0.00  0.00            OX421224.1  6200953  6202020 (8902321)  +          Kuruka  Unspecified (8902321)  6200953  6202020
  229 22.40  0.00  3.95            OX421224.1 10229980 10230058 (4873502)  +          Kuruka  Unspecified (4873502) 10229980 10230058
 1193 34.90  2.27  2.51            OX421224.1 10231238 10232557 (4871003)  +          Kuruka  Unspecified (4871003) 10231238 10232557
  251 22.40  0.00  3.95            OX421224.1 13098824 13098902 (2004658)  +          Kuruka  Unspecified (2004658) 13098824 13098902
  236 24.72  2.20  2.20            OX421224.1 13099289 13099379 (2004181)  +          Kuruka  Unspecified (2004181) 13099289 13099379
 1529 34.95  2.20  2.51            OX421224.1 13100082 13101402 (2002158)  +          Kuruka  Unspecified (2002158) 13100082 13101402
  579 33.51  2.63  2.63            OX421224.1 14731924 14732303 (371257)  +          Kuruka  Unspecified (371257) 14731924 14732303
 1599 35.90  2.29  2.53            OX421224.1 14751942 14753250 (350310)  +          Kuruka  Unspecified (350310) 14751942 14753250
 1971 33.10  2.91  3.00            OX421224.1    78060    79261 (15024299)  C          Kuruka  Unspecified (15024299)    78060    79261
 1618 34.80  2.49  2.57            OX421224.1  1368293  1369498 (13734062)  C          Kuruka  Unspecified (13734062)  1368293  1369498
 1149 34.81  2.05  2.17            OX421224.1  7881885  7883071 (7220847)  C          Kuruka  Unspecified (7220847)  7881885  7883071
  266 34.62  1.27  1.27            OX421224.1  7883901  7884058 (7219502)  C          Kuruka  Unspecified (7219502)  7883901  7884058
 1744 34.04  3.91  3.53            OX421225.1   563700   565054 (14015312)  +          Kuruka  Unspecified (14015312)   563700   565054
 1671 36.02  1.99  2.22            OX421225.1   935500   936808 (13643558)  +          Kuruka  Unspecified (13643558)   935500   936808
 1641 36.09  1.99  2.22            OX421225.1 11324145 11325453 (3254913)  +          Kuruka  Unspecified (3254913) 11324145 11325453
 1598 36.17  1.99  2.22            OX421225.1 12426961 12428269 (2152097)  +          Kuruka  Unspecified (2152097) 12426961 12428269
  255 34.62  1.27  1.27            OX421225.1 12722749 12722906 (1857460)  +          Kuruka  Unspecified (1857460) 12722749 12722906
  320 34.85  2.17  2.17            OX421225.1 12723736 12724922 (1856355)  +          Kuruka  Unspecified (1856355) 12723736 12724922
  232 35.26  1.27  1.27            OX421225.1 12730469 12730626 (1849740)  +          Kuruka  Unspecified (1849740) 12730469 12730626
  320 34.51  2.17  2.17            OX421225.1 12731456 12732642 (1848635)  +          Kuruka  Unspecified (1848635) 12731456 12732642
 1891 37.33  1.44  1.67            OX421225.1    57355    58675 (14521691)  C          Kuruka  Unspecified (14521691)    57355    58675
  233  8.16  0.00  8.11            OX421225.1  1721669  1721708 (12858658)  C          Kuruka  Unspecified (12858658)  1721669  1721708
 1591 36.09  1.99  2.22            OX421225.1  4487278  4488586 (10091780)  C          Kuruka  Unspecified (10091780)  4487278  4488586
 1621 36.12  2.06  2.30            OX421225.1  7534340  7535648 (7044718)  C          Kuruka  Unspecified (7044718)  7534340  7535648
 1505 34.87  4.24  2.07            OX421225.1 11465131 11466310 (3114056)  C          Kuruka  Unspecified (3114056) 11465131 11466310
 1178 37.17  1.33  1.44            OX421225.1 12429586 12430486 (2149880)  C          Kuruka  Unspecified (2149880) 12429586 12430486
 1581 33.63  3.70  3.78            OX421225.1 12738292 12739589 (1840777)  C          Kuruka  Unspecified (1840777) 12738292 12739589
  461 38.73  2.31  4.41            OX421225.1 13988236 13989303 (591483)  C          Kuruka  Unspecified (591483) 13988236 13989303
 1502 35.01  2.57  2.66            OX421226.1   427371   428576 (14077415)  +          Kuruka  Unspecified (14077415)   427371   428576
 1264 36.17  1.99  2.22            OX421226.1  2435875  2437183 (12068808)  +          Kuruka  Unspecified (12068808)  2435875  2437183
  233  8.16  0.00  8.11            OX421226.1  4165048  4165087 (10340904)  +          Kuruka  Unspecified (10340904)  4165048  4165087
 1861 34.18  2.08  2.16            OX421226.1 12866901 12868102 (1637889)  +          Kuruka  Unspecified (1637889) 12866901 12868102
 1575 33.97  3.54  3.62            OX421226.1   217425   218722 (14287269)  C          Kuruka  Unspecified (14287269)   217425   218722
  233  8.16  0.00  8.11            OX421226.1   965842   965881 (13540110)  C          Kuruka  Unspecified (13540110)   965842   965881
 1581 33.87  3.70  3.78            OX421226.1  2696032  2697329 (11808662)  C          Kuruka  Unspecified (11808662)  2696032  2697329
 1595 34.35  2.50  2.73            OX421226.1  6236716  6238035 (8267956)  C          Kuruka  Unspecified (8267956)  6236716  6238035
  251 22.40  0.00  3.95            OX421226.1  6239215  6239293 (8266698)  C          Kuruka  Unspecified (8266698)  6239215  6239293
 1054 34.37  2.58  3.14            OX421226.1 12515294 12516029 (1989962)  C          Kuruka  Unspecified (1989962) 12515294 12516029
 1918 34.18  2.08  2.16            OX421226.1 12740653 12741854 (1764137)  C          Kuruka  Unspecified (1764137) 12740653 12741854
 1918 34.18  2.08  2.16            OX421226.1 12926005 12927206 (1578785)  C          Kuruka  Unspecified (1578785) 12926005 12927206
 1257 35.97  2.29  2.53            OX421227.1   437650   438958 (13819195)  +          Kuruka  Unspecified (13819195)   437650   438958
 1246 36.25  1.99  2.22            OX421227.1   445341   446649 (13811504)  +          Kuruka  Unspecified (13811504)   445341   446649
  457 37.57  1.22  1.53            OX421227.1  2182075  2182401 (12075752)  +          Kuruka  Unspecified (12075752)  2182075  2182401
  363 26.37  0.90  0.90            OX421227.1  2878831  2878941 (11379212)  +          Kuruka  Unspecified (11379212)  2878831  2878941
  267 33.08  2.27  1.50            OX421227.1  2879715  2879846 (11378307)  +          Kuruka  Unspecified (11378307)  2879715  2879846
  546 34.71  2.06  1.02            OX421227.1  3403295  3403585 (10854568)  +          Kuruka  Unspecified (10854568)  3403295  3403585
 1563 36.05  2.29  2.53            OX421227.1  3439888  3441196 (10816957)  +          Kuruka  Unspecified (10816957)  3439888  3441196
  350 35.81  2.40  2.81            OX421227.1  4481132  4481381 (9776772)  +          Kuruka  Unspecified (9776772)  4481132  4481381
 1413 35.23  2.98  3.07            OX421227.1 10915177 10916318 (3341835)  +          Kuruka  Unspecified (3341835) 10915177 10916318
  821 36.54  3.88  2.29            OX421227.1 11097579 11098480 (3159673)  +          Kuruka  Unspecified (3159673) 11097579 11098480
  233 24.72  2.20  2.20            OX421227.1 11114803 11114893 (3143260)  +          Kuruka  Unspecified (3143260) 11114803 11114893
 1528 34.04  2.73  2.96            OX421227.1 11115596 11116915 (3141238)  +          Kuruka  Unspecified (3141238) 11115596 11116915
 1716 35.64  2.44  2.68            OX421227.1 11533018 11534326 (2723827)  +          Kuruka  Unspecified (2723827) 11533018 11534326
 1808 33.72  3.60  3.68            OX421227.1 12880696 12882056 (1376097)  +          Kuruka  Unspecified (1376097) 12880696 12882056
 1236 33.51  3.46  3.55            OX421227.1 13066802 13067986 (1190167)  +          Kuruka  Unspecified (1190167) 13066802 13067986
 1581 35.90  2.29  2.53            OX421227.1 13820464 13821772 (436381)  +          Kuruka  Unspecified (436381) 13820464 13821772
 1111 34.20  2.53  2.66            OX421227.1    76220    77406 (14181105)  C          Kuruka  Unspecified (14181105)    76220    77406
  231 35.26  1.27  1.27            OX421227.1    78236    78393 (14179760)  C          Kuruka  Unspecified (14179760)    78236    78393
 1225 36.22  2.31  2.38            OX421227.1   423875   425175 (13832978)  C          Kuruka  Unspecified (13832978)   423875   425175
 1527 33.82  2.70  2.79            OX421227.1  3210839  3212021 (11046132)  C          Kuruka  Unspecified (11046132)  3210839  3212021
  229 22.40  0.00  3.95            OX421227.1  6314884  6314962 (7943191)  C          Kuruka  Unspecified (7943191)  6314884  6314962
  422 35.45  3.07  3.07            OX421227.1 11595995 11596320 (2661833)  C          Kuruka  Unspecified (2661833) 11595995 11596320
 1548 33.60  3.85  3.93            OX421227.1 13403409 13404706 (853447)  C          Kuruka  Unspecified (853447) 13403409 13404706
 1570 34.75  2.57  2.66            OX421228.1  1585565  1586770 (12553841)  +          Kuruka  Unspecified (12553841)  1585565  1586770
  350 35.81  2.40  2.81            OX421228.1  1737710  1737959 (12402652)  +          Kuruka  Unspecified (12402652)  1737710  1737959
 2322 33.19  2.07  2.15            OX421228.1  4510216  4511425 (9629186)  +          Kuruka  Unspecified (9629186)  4510216  4511425
 2245 32.84  2.40  2.48            OX421228.1 13237280 13238531 (902080)  +          Kuruka  Unspecified (902080) 13237280 13238531
 1601 35.87  2.22  2.45            OX421228.1   218440   219748 (13920863)  C          Kuruka  Unspecified (13920863)   218440   219748
  231  8.16  0.00  8.11            OX421228.1 12690946 12690985 (1449626)  C          Kuruka  Unspecified (1449626) 12690946 12690985
 1623 33.34  4.00  4.32            OX421229.1  3819041  3820341 (10261287)  +          Kuruka  Unspecified (10261287)  3819041  3820341
 1501 35.43  2.06  2.74            OX421229.1  8360438  8361650 (5719978)  +          Kuruka  Unspecified (5719978)  8360438  8361650
 1592 35.29  2.40  2.49            OX421229.1  8820465  8821670 (5259958)  +          Kuruka  Unspecified (5259958)  8820465  8821670
 1367 36.32  1.85  1.94            OX421229.1  9693956  9695036 (4386592)  +          Kuruka  Unspecified (4386592)  9693956  9695036
 1140 32.20  1.45  1.45            OX421229.1 10914555 10915321 (3166591)  +          Kuruka  Unspecified (3166591) 10914555 10915321
 1591 36.09  1.99  2.22            OX421229.1  6646506  6647814 (7433814)  C          Kuruka  Unspecified (7433814)  6646506  6647814
 1849 34.18  2.08  2.16            OX421229.1  7716818  7718019 (6363609)  C          Kuruka  Unspecified (6363609)  7716818  7718019
 1533 34.93  2.57  2.66            OX421229.1  9700376  9701581 (4380047)  C          Kuruka  Unspecified (4380047)  9700376  9701581
  267 36.13  2.98  3.42            OX421229.1 12091185 12091419 (1990209)  C          Kuruka  Unspecified (1990209) 12091185 12091419
 1443 35.47  2.12  2.28            OX421229.1 13706182 13707410 (374218)  C          Kuruka  Unspecified (374218) 13706182 13707410
  251 22.40  0.00  3.95            OX421229.1 13708590 13708668 (372960)  C          Kuruka  Unspecified (372960) 13708590 13708668
  225 31.03  1.69  1.69            OX421230.1   181559   181676 (13831670)  +          Kuruka  Unspecified (13831670)   181559   181676
  516 33.90  2.65  4.02            OX421230.1   182354   182731 (13830615)  +          Kuruka  Unspecified (13830615)   182354   182731
 1621 33.79  3.70  3.78            OX421230.1  5632774  5634071 (8379275)  +          Kuruka  Unspecified (8379275)  5632774  5634071
 1549 35.15  2.49  2.57            OX421230.1  8697856  8699061 (5314285)  +          Kuruka  Unspecified (5314285)  8697856  8699061
 1548 33.60  3.85  3.93            OX421230.1  8797469  8798766 (5214580)  +          Kuruka  Unspecified (5214580)  8797469  8798766
  233  8.16  0.00  8.11            OX421230.1  1667800  1667839 (12345507)  C          Kuruka  Unspecified (12345507)  1667800  1667839
  241 31.46  4.05  6.57            OX421230.1  1758255  1758550 (12254796)  C          Kuruka  Unspecified (12254796)  1758255  1758550
  240 25.42  0.00  0.00            OX421230.1  2290611  2290669 (11722677)  C          Kuruka  Unspecified (11722677)  2290611  2290669
  233  8.16  0.00  8.11            OX421230.1  5549457  5549496 (8463850)  C          Kuruka  Unspecified (8463850)  5549457  5549496
 1549 35.15  2.49  2.57            OX421230.1  8704765  8705970 (5307376)  C          Kuruka  Unspecified (5307376)  8704765  8705970
 1889 33.21  1.89  2.24            OX421230.1 10707304 10708467 (3304879)  C          Kuruka  Unspecified (3304879) 10707304 10708467
 1820 35.43  1.64  1.72            OX421230.1 13043488 13044765 (968581)  C          Kuruka  Unspecified (968581) 13043488 13044765
 1274 35.94  2.22  2.45            OX421230.1 13830578 13831886 (181460)  C          Kuruka  Unspecified (181460) 13830578 13831886
 1636 35.61  2.37  2.45            OX421231.1   617593   618899 (13350706)  +          Kuruka  Unspecified (13350706)   617593   618899
  252 22.40  0.00  3.95            OX421231.1   642383   642461 (13327144)  +          Kuruka  Unspecified (13327144)   642383   642461
  227 24.72  2.20  2.20            OX421231.1   642848   642938 (13326667)  +          Kuruka  Unspecified (13326667)   642848   642938
 1509 33.85  2.88  3.11            OX421231.1   643641   644960 (13324645)  +          Kuruka  Unspecified (13324645)   643641   644960
 1616 35.21  2.40  2.49            OX421231.1   808794   809999 (13159606)  +          Kuruka  Unspecified (13159606)   808794   809999
 1582 34.16  3.62  3.70            OX421231.1  2391035  2392332 (11577273)  +          Kuruka  Unspecified (11577273)  2391035  2392332
 2255 32.94  2.12  2.20            OX421231.1  8468055  8469280 (5500325)  +          Kuruka  Unspecified (5500325)  8468055  8469280
 1553 34.84  2.57  2.66            OX421231.1   243660   244865 (13724740)  C          Kuruka  Unspecified (13724740)   243660   244865
 1621 36.06  1.91  2.14            OX421231.1   609444   610752 (13358853)  C          Kuruka  Unspecified (13358853)   609444   610752
 1605 35.82  2.29  2.53            OX421231.1   635278   636586 (13333019)  C          Kuruka  Unspecified (13333019)   635278   636586
 1273 36.02  1.99  1.99            OX421231.1  3168023  3169328 (10800277)  C          Kuruka  Unspecified (10800277)  3168023  3169328
 1638 33.70  3.70  3.78            OX421231.1 12601682 12602979 (1366626)  C          Kuruka  Unspecified (1366626) 12601682 12602979
 2119 33.24  1.84  1.93            OX421232.1   252571   253711 (13551351)  +          Kuruka  Unspecified (13551351)   252571   253711
 2169 33.31  1.89  2.24            OX421232.1   790187   791350 (13013712)  +          Kuruka  Unspecified (13013712)   790187   791350
 1611 36.20  2.06  2.30            OX421232.1   448419   449727 (13355335)  C          Kuruka  Unspecified (13355335)   448419   449727
 1264 35.90  2.29  2.53            OX421232.1  2711511  2712819 (11092243)  C          Kuruka  Unspecified (11092243)  2711511  2712819
 1497 34.87  2.65  2.74            OX421232.1  4769225  4770430 (9034632)  C          Kuruka  Unspecified (9034632)  4769225  4770430
  241 32.77  4.55  4.89            OX421232.1 13358250 13358557 (446505)  C          Kuruka  Unspecified (446505) 13358250 13358557
 1583 35.90  2.29  2.53            OX421233.1   211131   212439 (13406223)  +          Kuruka  Unspecified (13406223)   211131   212439
 1949 33.92  2.08  2.16            OX421233.1  1614877  1616078 (12002584)  +          Kuruka  Unspecified (12002584)  1614877  1616078
  350 35.81  2.40  2.81            OX421233.1  3334704  3334953 (10283709)  +          Kuruka  Unspecified (10283709)  3334704  3334953
 1675 33.76  3.62  3.70            OX421233.1  3442461  3443758 (10174904)  +          Kuruka  Unspecified (10174904)  3442461  3443758
  232 35.26  1.27  1.27            OX421233.1  3569658  3569815 (10048847)  +          Kuruka  Unspecified (10048847)  3569658  3569815
  320 34.76  2.17  2.17            OX421233.1  3570645  3571831 (10047742)  +          Kuruka  Unspecified (10047742)  3570645  3571831
 1555 36.38  1.91  2.14            OX421233.1  3903003  3904311 (9714351)  +          Kuruka  Unspecified (9714351)  3903003  3904311
 1616 33.61  3.75  3.83            OX421233.1  4879502  4880782 (8737880)  +          Kuruka  Unspecified (8737880)  4879502  4880782
 1913 33.87  2.16  2.25            OX421233.1 10464612 10465813 (3152849)  +          Kuruka  Unspecified (3152849) 10464612 10465813
  747 36.50  2.08  2.23            OX421233.1 13302090 13302809 (315853)  +          Kuruka  Unspecified (315853) 13302090 13302809
 1204 36.41  1.99  2.22            OX421233.1    65948    67256 (13551406)  C          Kuruka  Unspecified (13551406)    65948    67256
 2201 32.84  2.28  2.37            OX421233.1  6217364  6218589 (7400073)  C          Kuruka  Unspecified (7400073)  6217364  6218589
 1604 35.87  2.22  2.45            OX421233.1 11238143 11239451 (2379211)  C          Kuruka  Unspecified (2379211) 11238143 11239451
  257 32.77  4.55  4.89            OX421234.1  1012114  1012421 (12489556)  +          Kuruka  Unspecified (12489556)  1012114  1012421
 1610 33.93  3.62  3.70            OX421234.1  5789736  5791033 (7710944)  +          Kuruka  Unspecified (7710944)  5789736  5791033
 1919 34.10  2.08  2.16            OX421234.1 10590593 10591794 (2910183)  +          Kuruka  Unspecified (2910183) 10590593 10591794
  240 25.42  0.00  0.00            OX421234.1 11635430 11635488 (1866489)  +          Kuruka  Unspecified (1866489) 11635430 11635488
 1866 33.31  1.89  2.24            OX421234.1   715354   716517 (12785460)  C          Kuruka  Unspecified (12785460)   715354   716517
  234 28.12  0.00  0.00            OX421234.1  4707835  4707898 (8794079)  C          Kuruka  Unspecified (8794079)  4707835  4707898
 1583 35.90  2.29  2.53            OX421234.1 11658899 11660207 (1841770)  C          Kuruka  Unspecified (1841770) 11658899 11660207
  457 38.84  2.31  4.41            OX421234.1 13406999 13408066  (94331)  C          Kuruka  Unspecified  (94331) 13406999 13408066
 1938 34.61  2.03  2.11            OX421235.1    41014    42291 (13389755)  +          Kuruka  Unspecified (13389755)    41014    42291
  350 35.81  2.40  2.81            OX421235.1  5588529  5588778 (7843268)  +          Kuruka  Unspecified (7843268)  5588529  5588778
 2222 33.11  2.12  2.20            OX421235.1 13025825 13027050 (404996)  +          Kuruka  Unspecified (404996) 13025825 13027050
 1846 33.79  3.38  3.46            OX421235.1  3097910  3099270 (10332776)  C          Kuruka  Unspecified (10332776)  3097910  3099270
 1135 36.26  1.97  1.97            OX421235.1  4846154  4846966 (8585080)  C          Kuruka  Unspecified (8585080)  4846154  4846966
  720 36.65  2.08  2.23            OX421235.1  7422901  7423620 (6008426)  C          Kuruka  Unspecified (6008426)  7422901  7423620
 1611 35.88  2.23  2.31            OX421235.1  8256403  8257703 (5174343)  C          Kuruka  Unspecified (5174343)  8256403  8257703
 1667 36.14  1.91  2.14            OX421235.1  8307782  8309090 (5122956)  C          Kuruka  Unspecified (5122956)  8307782  8309090
 1544 33.88  2.73  2.96            OX421235.1  8640776  8642095 (4789951)  C          Kuruka  Unspecified (4789951)  8640776  8642095
  252 22.40  0.00  3.95            OX421235.1  8643325  8643403 (4788643)  C          Kuruka  Unspecified (4788643)  8643325  8643403
 1279 35.90  2.29  2.53            OX421235.1 12885901 12887209 (544837)  C          Kuruka  Unspecified (544837) 12885901 12887209
  325 34.91  2.54  2.54            OX421236.1  5073369  5074555 (8012890)  +          Kuruka  Unspecified (8012890)  5073369  5074555
  540 33.24  2.76  2.76            OX421236.1  8336963  8337324 (4749210)  +          Kuruka  Unspecified (4749210)  8336963  8337324
  252 22.40  0.00  3.95            OX421236.1 11839470 11839548 (1246986)  +          Kuruka  Unspecified (1246986) 11839470 11839548
 1553 33.57  3.18  3.34            OX421236.1 11840728 11842046 (1244488)  +          Kuruka  Unspecified (1244488) 11840728 11842046
 2215 32.75  2.28  2.37            OX421236.1  1173475  1174700 (11911834)  C          Kuruka  Unspecified (11911834)  1173475  1174700
 1562 34.94  2.20  2.43            OX421236.1 10747170 10748489 (2338045)  C          Kuruka  Unspecified (2338045) 10747170 10748489
  251 22.40  0.00  3.95            OX421236.1 10749669 10749747 (2336787)  C          Kuruka  Unspecified (2336787) 10749669 10749747
 1536 34.84  2.57  2.66            OX421236.1 11491658 11492863 (1593671)  C          Kuruka  Unspecified (1593671) 11491658 11492863
 1523 33.90  3.78  3.86            OX421236.1 11897154 11898451 (1188083)  C          Kuruka  Unspecified (1188083) 11897154 11898451
 1921 32.20  2.08  2.18            OX421236.1 12362361 12363417 (723117)  C          Kuruka  Unspecified (723117) 12362361 12363417
 1643 36.17  1.99  2.22            OX421237.1  9804005  9805313 (3060582)  +          Kuruka  Unspecified (3060582)  9804005  9805313
 1645 36.05  2.06  2.30            OX421237.1  6797934  6799242 (6066653)  C          Kuruka  Unspecified (6066653)  6797934  6799242
 1592 32.72  2.78  2.88            OX421237.1 10364229 10365235 (2500660)  C          Kuruka  Unspecified (2500660) 10364229 10365235
  619 33.33  0.00  0.00            OX421237.1 10367488 10367712 (2498183)  C          Kuruka  Unspecified (2498183) 10367488 10367712
 1885 34.27  2.08  2.16            OX421237.1 12082582 12083783 (782112)  C          Kuruka  Unspecified (782112) 12082582 12083783
 1696 33.31  3.93  4.01            OX421238.1   674277   675574 (12119987)  +          Kuruka  Unspecified (12119987)   674277   675574
  502 33.23  2.60  2.60            OX421238.1  5554704  5555049 (7240512)  +          Kuruka  Unspecified (7240512)  5554704  5555049
  231  8.16  0.00  8.11            OX421238.1  7101568  7101607 (5693954)  +          Kuruka  Unspecified (5693954)  7101568  7101607
 2256 32.84  2.28  2.37            OX421238.1  7610324  7611549 (5184012)  +          Kuruka  Unspecified (5184012)  7610324  7611549
  239  8.16  0.00  8.11            OX421238.1   678739   678778 (12116783)  C          Kuruka  Unspecified (12116783)   678739   678778
  234 28.12  0.00  0.00            OX421238.1  9545791  9545854 (3249707)  C          Kuruka  Unspecified (3249707)  9545791  9545854
 1550 34.84  2.57  2.66            OX421238.1 10303606 10304811 (2490750)  C          Kuruka  Unspecified (2490750) 10303606 10304811
 1877 35.20  1.64  1.72            OX421238.1 11640941 11642218 (1153343)  C          Kuruka  Unspecified (1153343) 11640941 11642218
  232 35.26  1.27  1.27            OX421239.1  5909532  5909689 (6784255)  +          Kuruka  Unspecified (6784255)  5909532  5909689
  320 34.67  2.17  2.17            OX421239.1  5910519  5911705 (6783150)  +          Kuruka  Unspecified (6783150)  5910519  5911705
  252 22.40  0.00  3.95            OX421239.1  9709992  9710070 (2983874)  +          Kuruka  Unspecified (2983874)  9709992  9710070
  339 28.79  2.34  2.34            OX421239.1 11172704 11172831 (1521113)  +          Kuruka  Unspecified (1521113) 11172704 11172831
 1264 36.17  1.99  2.22            OX421239.1 12002612 12003920 (690024)  +          Kuruka  Unspecified (690024) 12002612 12003920
 1565 35.05  2.27  2.51            OX421239.1  1444874  1446193 (11247751)  C          Kuruka  Unspecified (11247751)  1444874  1446193
  251 22.40  0.00  3.95            OX421239.1  1447373  1447451 (11246493)  C          Kuruka  Unspecified (11246493)  1447373  1447451
 1557 36.25  1.99  2.22            OX421239.1  2424478  2425786 (10268158)  C          Kuruka  Unspecified (10268158)  2424478  2425786
 1649 36.23  1.91  2.14            OX421239.1  5253570  5254878 (7439066)  C          Kuruka  Unspecified (7439066)  5253570  5254878
 1530 33.96  2.73  2.96            OX421239.1  9737105  9738424 (2955520)  C          Kuruka  Unspecified (2955520)  9737105  9738424
  252 22.40  0.00  3.95            OX421239.1  9739604  9739682 (2954262)  C          Kuruka  Unspecified (2954262)  9739604  9739682
 1232 35.21  2.40  2.49            OX421239.1 10401214 10402419 (2291525)  C          Kuruka  Unspecified (2291525) 10401214 10402419
 1248 35.97  2.29  2.53            OX421239.1 12506145 12507453 (186491)  C          Kuruka  Unspecified (186491) 12506145 12507453
 1598 36.09  1.99  2.22            OX421240.1   373640   374948 (12303079)  +          Kuruka  Unspecified (12303079)   373640   374948
  237 32.10  0.00  0.00            OX421240.1  2222129  2222209 (10455818)  +          Kuruka  Unspecified (10455818)  2222129  2222209
 1032 34.45  2.77  2.89            OX421240.1  2223069  2223935 (10454092)  +          Kuruka  Unspecified (10454092)  2223069  2223935
  317 34.85  2.17  2.17            OX421240.1  2490296  2491482 (10187456)  +          Kuruka  Unspecified (10187456)  2490296  2491482
  229 22.40  0.00  3.95            OX421240.1  3070475  3070553 (9607474)  +          Kuruka  Unspecified (9607474)  3070475  3070553
 1199 34.90  2.27  2.51            OX421240.1  3071733  3073052 (9604975)  +          Kuruka  Unspecified (9604975)  3071733  3073052
 1314 33.67  3.89  4.12            OX421240.1  3099271  3100633 (9577394)  +          Kuruka  Unspecified (9577394)  3099271  3100633
  350 35.81  2.40  2.81            OX421240.1  6009469  6009718 (6668309)  +          Kuruka  Unspecified (6668309)  6009469  6009718
 2283 33.04  2.09  2.17            OX421240.1  8146314  8147560 (4530467)  +          Kuruka  Unspecified (4530467)  8146314  8147560
  252 22.40  0.00  3.95            OX421240.1  9991581  9991659 (2686368)  +          Kuruka  Unspecified (2686368)  9991581  9991659
  233 24.72  2.20  2.20            OX421240.1  9992046  9992136 (2685891)  +          Kuruka  Unspecified (2685891)  9992046  9992136
 1564 33.63  2.88  3.11            OX421240.1  9992839  9994158 (2683869)  +          Kuruka  Unspecified (2683869)  9992839  9994158
 1506 34.19  2.73  2.96            OX421240.1  2642519  2643838 (10034189)  C          Kuruka  Unspecified (10034189)  2642519  2643838
  252 22.40  0.00  3.95            OX421240.1  2645018  2645096 (10032931)  C          Kuruka  Unspecified (10032931)  2645018  2645096
 1243 36.25  1.99  2.22            OX421240.1  3193469  3194777 (9483250)  C          Kuruka  Unspecified (9483250)  3193469  3194777
 1524 34.93  2.57  2.66            OX421240.1  8922554  8923759 (3754268)  C          Kuruka  Unspecified (3754268)  8922554  8923759
  239  8.16  0.00  8.11            OX421241.1   359395   359434 (11481606)  +          Kuruka  Unspecified (11481606)   359395   359434
 1583 35.90  2.29  2.53            OX421241.1  2753587  2754895 (9086145)  +          Kuruka  Unspecified (9086145)  2753587  2754895
  262 22.40  0.00  3.95            OX421241.1 11439083 11439161 (401879)  +          Kuruka  Unspecified (401879) 11439083 11439161
 1684 33.85  2.88  3.11            OX421241.1 11440341 11441660 (399380)  +          Kuruka  Unspecified (399380) 11440341 11441660
 1511 35.24  1.60  1.68            OX421241.1   283399   284587 (11556453)  C          Kuruka  Unspecified (11556453)   283399   284587
 1086 34.76  2.29  2.42            OX421241.1  2708636  2709822 (9131576)  C          Kuruka  Unspecified (9131576)  2708636  2709822
  232 35.26  1.27  1.27            OX421241.1  2710652  2710809 (9130231)  C          Kuruka  Unspecified (9130231)  2710652  2710809
 1936 32.36  1.99  2.08            OX421241.1  4074635  4075691 (7765349)  C          Kuruka  Unspecified (7765349)  4074635  4075691
 1899 32.20  2.08  2.18            OX421241.1  7147492  7148548 (4692492)  C          Kuruka  Unspecified (4692492)  7147492  7148548
  241 31.46  4.05  6.57            OX421241.1 10560302 10560597 (1280443)  C          Kuruka  Unspecified (1280443) 10560302 10560597
  333 35.81  2.40  2.81            OX421242.1  4690766  4691015 (6595351)  +          Kuruka  Unspecified (6595351)  4690766  4691015
  251 22.40  0.00  3.95            OX421243.1   386804   386882 (10346821)  +          Kuruka  Unspecified (10346821)   386804   386882
 1712 35.69  2.37  2.60            OX421243.1  6807018  6808326 (3925377)  +          Kuruka  Unspecified (3925377)  6807018  6808326
 1861 34.10  2.08  2.16            OX421243.1  6829562  6830763 (3902940)  +          Kuruka  Unspecified (3902940)  6829562  6830763
  325 34.83  1.27  1.27            OX421243.1  7121268  7121424 (3612279)  +          Kuruka  Unspecified (3612279)  7121268  7121424
  380 25.46  0.90  0.90            OX421243.1  7304725  7304835 (3428868)  +          Kuruka  Unspecified (3428868)  7304725  7304835
  267 33.08  2.27  1.50            OX421243.1  7305609  7305740 (3427963)  +          Kuruka  Unspecified (3427963)  7305609  7305740
 1617 35.82  2.29  2.53            OX421243.1  9195543  9196851 (1536852)  +          Kuruka  Unspecified (1536852)  9195543  9196851
 1127 34.91  2.05  2.17            OX421243.1  2421796  2422982 (8311079)  C          Kuruka  Unspecified (8311079)  2421796  2422982
  241 35.26  1.27  1.27            OX421243.1  2423812  2423969 (8309734)  C          Kuruka  Unspecified (8309734)  2423812  2423969
 1548 36.18  2.22  2.45            OX421243.1  5399055  5400363 (5333340)  C          Kuruka  Unspecified (5333340)  5399055  5400363
 1545 34.02  4.58  1.73            OX421243.1  7030354  7031424 (3702279)  C          Kuruka  Unspecified (3702279)  7030354  7031424
 1792 34.20  3.45  3.53            OX421243.1  7161899  7163259 (3570444)  C          Kuruka  Unspecified (3570444)  7161899  7163259
  237 35.26  1.27  1.27            OX421244.1  1900508  1900665 (8294391)  +          Kuruka  Unspecified (8294391)  1900508  1900665
  348 34.20  2.54  2.54            OX421244.1  1901495  1902681 (8293286)  +          Kuruka  Unspecified (8293286)  1901495  1902681
 1249 36.25  1.99  2.22            OX421244.1  1997802  1999110 (8195946)  +          Kuruka  Unspecified (8195946)  1997802  1999110
 1813 34.10  2.07  2.50            OX421244.1  2175726  2176931 (8018125)  +          Kuruka  Unspecified (8018125)  2175726  2176931
 1591 35.94  2.22  2.45            OX421244.1  2266262  2267570 (7927486)  +          Kuruka  Unspecified (7927486)  2266262  2267570
  237 35.26  1.27  1.27            OX421244.1  2685066  2685223 (7509833)  +          Kuruka  Unspecified (7509833)  2685066  2685223
  348 34.20  2.54  2.54            OX421244.1  2686053  2687239 (7508728)  +          Kuruka  Unspecified (7508728)  2686053  2687239
  366 35.00  4.18  2.24            OX421244.1  7084646  7084908 (3110148)  +          Kuruka  Unspecified (3110148)  7084646  7084908
  904 34.98  3.27  3.43            OX421244.1  7115369  7116040 (3079016)  +          Kuruka  Unspecified (3079016)  7115369  7116040
 1534 36.13  2.29  2.53            OX421244.1  9472806  9474114 (720942)  +          Kuruka  Unspecified (720942)  9472806  9474114
 1243 36.30  1.91  2.14            OX421244.1 10106635 10107943  (87113)  +          Kuruka  Unspecified  (87113) 10106635 10107943
 2176 32.81  2.40  2.48            OX421244.1   680778   682027 (9513029)  C          Kuruka  Unspecified (9513029)   680778   682027
 1623 34.65  2.74  2.82            OX421244.1  1880149  1881354 (8313702)  C          Kuruka  Unspecified (8313702)  1880149  1881354
 1558 34.68  2.82  2.90            OX421244.1  1888877  1890082 (8304974)  C          Kuruka  Unspecified (8304974)  1888877  1890082
 1654 34.01  2.88  3.11            OX421244.1  1908348  1909667 (8285389)  C          Kuruka  Unspecified (8285389)  1908348  1909667
  262 22.40  0.00  3.95            OX421244.1  1910847  1910925 (8284131)  C          Kuruka  Unspecified (8284131)  1910847  1910925
 2188 33.00  2.28  2.37            OX421244.1  2185386  2186611 (8008445)  C          Kuruka  Unspecified (8008445)  2185386  2186611
 1813 34.10  2.07  2.50            OX421244.1  2220716  2221921 (7973135)  C          Kuruka  Unspecified (7973135)  2220716  2221921
 1654 34.01  2.88  3.11            OX421244.1  2692906  2694225 (7500831)  C          Kuruka  Unspecified (7500831)  2692906  2694225
  262 22.40  0.00  3.95            OX421244.1  2695405  2695483 (7499573)  C          Kuruka  Unspecified (7499573)  2695405  2695483
  407 33.11  2.86  3.18            OX421244.1  3660887  3661201 (6533855)  C          Kuruka  Unspecified (6533855)  3660887  3661201
 1215 36.13  2.29  2.53            OX421244.1 10113519 10114827  (80229)  C          Kuruka  Unspecified  (80229) 10113519 10114827
 1234 36.13  2.29  2.53            OX421245.1    73955    75263 (10116978)  +          Kuruka  Unspecified (10116978)    73955    75263
 2236 33.16  2.04  2.12            OX421245.1  6250729  6251954 (3940287)  +          Kuruka  Unspecified (3940287)  6250729  6251954
 1612 36.02  1.99  2.22            OX421245.1  6290491  6291799 (3900442)  +          Kuruka  Unspecified (3900442)  6290491  6291799
  225 31.26  2.68  3.38            OX421245.1  6675757  6675905 (3516336)  +          Kuruka  Unspecified (3516336)  6675757  6675905
  335 30.68  3.82  4.49            OX421245.1  4111926  4112082 (6080159)  C          Kuruka  Unspecified (6080159)  4111926  4112082
  241 31.46  4.05  6.57            OX421246.1  2191306  2191601 (7830907)  +          Kuruka  Unspecified (7830907)  2191306  2191601
  243 28.79  4.11  4.83            OX421246.1  6354743  6354888 (3667620)  +          Kuruka  Unspecified (3667620)  6354743  6354888
  233  8.16  0.00  8.11            OX421246.1  8885248  8885287 (1137221)  +          Kuruka  Unspecified (1137221)  8885248  8885287
  448 38.84  2.31  4.41            OX421246.1  5938161  5939228 (4083700)  C          Kuruka  Unspecified (4083700)  5938161  5939228
 1574 35.97  2.29  2.53            OX421246.1  9640008  9641316 (381192)  C          Kuruka  Unspecified (381192)  9640008  9641316
  229 22.40  0.00  3.95            OX421247.1    74837    74915 (9188030)  +          Kuruka  Unspecified (9188030)    74837    74915
 1181 35.02  2.19  2.73            OX421247.1    76095    77418 (9185527)  +          Kuruka  Unspecified (9185527)    76095    77418
 1283 36.07  1.91  2.22            OX421247.1   111898   113207 (9149738)  C          Kuruka  Unspecified (9149738)   111898   113207
  240 32.64  0.68  1.38            OX421247.1  6748977  6749122 (2513823)  C          Kuruka  Unspecified (2513823)  6748977  6749122
 1257 35.97  2.29  2.53            OX421247.1  8944763  8946071 (316874)  C          Kuruka  Unspecified (316874)  8944763  8946071
 1671 36.02  1.99  2.22            OX421248.1  4362793  4364101 (4249116)  C          Kuruka  Unspecified (4249116)  4362793  4364101
  333 35.81  2.40  2.81            OX421249.1   297104   297353 (7856521)  +          Kuruka  Unspecified (7856521)   297104   297353
 1506 35.01  2.57  2.66            OX421249.1   312100   313305 (7840569)  +          Kuruka  Unspecified (7840569)   312100   313305
 1578 35.97  2.29  2.53            OX421249.1   636193   637501 (7516373)  +          Kuruka  Unspecified (7516373)   636193   637501
 1229 36.14  2.31  2.38            OX421249.1   997120   998420 (7155454)  +          Kuruka  Unspecified (7155454)   997120   998420
 1279 35.97  2.06  2.30            OX421249.1  1033097  1034405 (7119469)  +          Kuruka  Unspecified (7119469)  1033097  1034405
 1255 35.97  2.29  2.53            OX421249.1  1064870  1066178 (7087696)  +          Kuruka  Unspecified (7087696)  1064870  1066178
 1201 35.06  2.49  2.57            OX421249.1  1075650  1076855 (7077019)  +          Kuruka  Unspecified (7077019)  1075650  1076855
 1277 35.82  2.29  2.53            OX421249.1  1619912  1621220 (6532654)  +          Kuruka  Unspecified (6532654)  1619912  1621220
 1024 35.92  2.38  2.58            OX421249.1  1862412  1863460 (6290414)  +          Kuruka  Unspecified (6290414)  1862412  1863460
  597 27.75  1.03  1.55            OX421249.1  2101180  2101373 (6052501)  +          Kuruka  Unspecified (6052501)  2101180  2101373
  597 27.75  1.03  1.55            OX421249.1  2113625  2113818 (6040056)  +          Kuruka  Unspecified (6040056)  2113625  2113818
  597 27.75  1.03  1.55            OX421249.1  2118668  2118861 (6035013)  +          Kuruka  Unspecified (6035013)  2118668  2118861
  597 27.75  1.03  1.55            OX421249.1  2123711  2123904 (6029970)  +          Kuruka  Unspecified (6029970)  2123711  2123904
  597 27.75  1.03  1.55            OX421249.1  2128758  2128951 (6024923)  +          Kuruka  Unspecified (6024923)  2128758  2128951
  781 29.87  1.32  1.99            OX421249.1  2136059  2136362 (6017512)  +          Kuruka  Unspecified (6017512)  2136059  2136362
 1202 35.57  1.72  1.47            OX421249.1  2136958  2137773 (6016101)  +          Kuruka  Unspecified (6016101)  2136958  2137773
 1873 32.86  4.76  2.37            OX421249.1  2151310  2152506 (6001368)  +          Kuruka  Unspecified (6001368)  2151310  2152506
 1183 33.08  3.69  4.56            OX421249.1  2203944  2205137 (5948737)  +          Kuruka  Unspecified (5948737)  2203944  2205137
 1960 33.87  1.84  2.02            OX421249.1  2988306  2989447 (5164427)  +          Kuruka  Unspecified (5164427)  2988306  2989447
 1291 35.61  2.37  2.60            OX421249.1  3596186  3597494 (4556380)  +          Kuruka  Unspecified (4556380)  3596186  3597494
  552 29.61  4.30  3.19            OX421249.1  3745498  3745776 (4408098)  +          Kuruka  Unspecified (4408098)  3745498  3745776
  270 33.08  3.55  3.55            OX421249.1  3746244  3746525 (4407349)  +          Kuruka  Unspecified (4407349)  3746244  3746525
  273 33.33  1.60  1.60            OX421249.1  3824625  3824749 (4329125)  +          Kuruka  Unspecified (4329125)  3824625  3824749
  767 35.03  3.03  3.03            OX421249.1  3977615  3978241 (4175633)  +          Kuruka  Unspecified (4175633)  3977615  3978241
  735 35.37  1.81  2.18            OX421249.1  3978940  3979491 (4174383)  +          Kuruka  Unspecified (4174383)  3978940  3979491
  568 27.76  1.02  2.59            OX421249.1  3988827  3989022 (4164852)  +          Kuruka  Unspecified (4164852)  3988827  3989022
  568 27.76  1.02  2.59            OX421249.1  3993748  3993943 (4159931)  +          Kuruka  Unspecified (4159931)  3993748  3993943
  241 22.53  2.38  4.88            OX421249.1  4298205  4298288 (3855586)  +          Kuruka  Unspecified (3855586)  4298205  4298288
 1907 34.73  3.23  3.53            OX421249.1  4483539  4484902 (3668972)  +          Kuruka  Unspecified (3668972)  4483539  4484902
  450 32.35  3.49  3.82            OX421249.1  5152708  5153022 (3000852)  +          Kuruka  Unspecified (3000852)  5152708  5153022
  435 33.54  3.01  3.01            OX421249.1  5448395  5448880 (2705214)  +          Kuruka  Unspecified (2705214)  5448395  5448880
  232 35.26  1.27  1.27            OX421249.1  5455720  5455877 (2697997)  +          Kuruka  Unspecified (2697997)  5455720  5455877
  339 34.94  2.54  2.54            OX421249.1  5456698  5457888 (2696901)  +          Kuruka  Unspecified (2696901)  5456698  5457888
  302 35.80  2.17  2.17            OX421249.1  5792915  5793522 (2360684)  +          Kuruka  Unspecified (2360684)  5792915  5793522
  232 35.26  1.27  1.27            OX421249.1  5823895  5824052 (2329822)  +          Kuruka  Unspecified (2329822)  5823895  5824052
  315 34.95  2.17  2.17            OX421249.1  5824879  5826065 (2328720)  +          Kuruka  Unspecified (2328720)  5824879  5826065
 1407 34.90  2.21  2.29            OX421249.1  5858591  5859769 (2294105)  +          Kuruka  Unspecified (2294105)  5858591  5859769
 1179 35.12  2.27  2.51            OX421249.1  6064006  6065325 (2088549)  +          Kuruka  Unspecified (2088549)  6064006  6065325
  232 35.26  1.27  1.27            OX421249.1  6190964  6191121 (1962753)  +          Kuruka  Unspecified (1962753)  6190964  6191121
  333 35.28  2.54  2.54            OX421249.1  6212680  6213287 (1940919)  +          Kuruka  Unspecified (1940919)  6212680  6213287
  759 33.21  2.43  2.62            OX421249.1  6221851  6222385 (1931489)  +          Kuruka  Unspecified (1931489)  6221851  6222385
 2378 33.03  2.36  2.44            OX421249.1  6459371  6460599 (1693275)  +          Kuruka  Unspecified (1693275)  6459371  6460599
  941 33.57  2.44  2.44            OX421249.1  6509884  6510457 (1643417)  +          Kuruka  Unspecified (1643417)  6509884  6510457
  576 31.80  2.25  2.91            OX421249.1  6514840  6515150 (1638724)  +          Kuruka  Unspecified (1638724)  6514840  6515150
  463 31.30  2.28  2.28            OX421249.1  6518299  6518517 (1635357)  +          Kuruka  Unspecified (1635357)  6518299  6518517
  503 29.37  6.32  6.32            OX421249.1  6593512  6593780 (1560094)  +          Kuruka  Unspecified (1560094)  6593512  6593780
  442 32.45  3.81  4.14            OX421249.1  6858960  6859274 (1294600)  +          Kuruka  Unspecified (1294600)  6858960  6859274
  384 27.28  0.90  0.90            OX421249.1  7555785  7555895 (597979)  +          Kuruka  Unspecified (597979)  7555785  7555895
  241 34.78  0.00  0.00            OX421249.1  7556251  7556365 (597509)  +          Kuruka  Unspecified (597509)  7556251  7556365
  327 32.30  2.27  1.50            OX421249.1  7556669  7556800 (597074)  +          Kuruka  Unspecified (597074)  7556669  7556800
 1306 34.81  1.69  1.81            OX421249.1  7576329  7577156 (576718)  +          Kuruka  Unspecified (576718)  7576329  7577156
 1524 33.85  2.88  3.11            OX421249.1  7660501  7661820 (492054)  +          Kuruka  Unspecified (492054)  7660501  7661820
  232 35.26  1.27  1.27            OX421249.1  7666089  7666246 (487628)  +          Kuruka  Unspecified (487628)  7666089  7666246
  317 35.23  2.17  2.17            OX421249.1  7667067  7668253 (486532)  +          Kuruka  Unspecified (486532)  7667067  7668253
  262 22.40  0.00  3.95            OX421249.1  7923134  7923212 (230662)  +          Kuruka  Unspecified (230662)  7923134  7923212
 1676 33.75  3.03  3.26            OX421249.1  7924392  7925711 (228163)  +          Kuruka  Unspecified (228163)  7924392  7925711
 1198 35.06  2.49  2.57            OX421249.1    72457    73662 (8080212)  C          Kuruka  Unspecified (8080212)    72457    73662
 1201 35.06  2.49  2.57            OX421249.1    80601    81806 (8072068)  C          Kuruka  Unspecified (8072068)    80601    81806
 1497 34.87  2.65  2.74            OX421249.1   721323   722528 (7431346)  C          Kuruka  Unspecified (7431346)   721323   722528
 1235 36.10  2.22  2.45            OX421249.1   794584   795892 (7357982)  C          Kuruka  Unspecified (7357982)   794584   795892
  806 34.98  2.05  2.17            OX421249.1  1014783  1015612 (7138262)  C          Kuruka  Unspecified (7138262)  1014783  1015612
  229 22.40  0.00  3.95            OX421249.1  1016873  1016951 (7136923)  C          Kuruka  Unspecified (7136923)  1016873  1016951
 1262 35.90  2.29  2.53            OX421249.1  1024254  1025562 (7128312)  C          Kuruka  Unspecified (7128312)  1024254  1025562
 1233 36.10  2.22  2.45            OX421249.1  1084952  1086260 (7067614)  C          Kuruka  Unspecified (7067614)  1084952  1086260
  806 34.98  2.05  2.17            OX421249.1  1735427  1736256 (6417618)  C          Kuruka  Unspecified (6417618)  1735427  1736256
  229 22.40  0.00  3.95            OX421249.1  1737517  1737595 (6416279)  C          Kuruka  Unspecified (6416279)  1737517  1737595
 1235 36.10  2.22  2.45            OX421249.1  1853918  1855226 (6298648)  C          Kuruka  Unspecified (6298648)  1853918  1855226
  512 27.76  1.02  2.59            OX421249.1  1894801  1894996 (6258878)  C          Kuruka  Unspecified (6258878)  1894801  1894996
  344 35.81  2.40  2.81            OX421249.1  3041448  3041697 (5112177)  C          Kuruka  Unspecified (5112177)  3041448  3041697
 1225 35.02  2.20  2.43            OX421249.1  3106604  3107923 (5045951)  C          Kuruka  Unspecified (5045951)  3106604  3107923
  809 29.87  1.32  1.99            OX421249.1  3311971  3312274 (4841600)  C          Kuruka  Unspecified (4841600)  3311971  3312274
  614 27.75  1.03  1.55            OX421249.1  3317123  3317316 (4836558)  C          Kuruka  Unspecified (4836558)  3317123  3317316
  495 29.86  2.13  1.69            OX421249.1  3419611  3419845 (4734029)  C          Kuruka  Unspecified (4734029)  3419611  3419845
  349 25.77  1.02  1.02            OX421249.1  3716447  3716544 (4437330)  C          Kuruka  Unspecified (4437330)  3716447  3716544
 1015 35.53  1.59  1.34            OX421249.1  3805129  3805944 (4347930)  C          Kuruka  Unspecified (4347930)  3805129  3805944
  696 29.87  1.32  1.99            OX421249.1  3806541  3806844 (4347030)  C          Kuruka  Unspecified (4347030)  3806541  3806844
  568 27.76  1.02  2.59            OX421249.1  3851847  3852042 (4301832)  C          Kuruka  Unspecified (4301832)  3851847  3852042
  568 27.76  1.02  2.59            OX421249.1  3856768  3856963 (4296911)  C          Kuruka  Unspecified (4296911)  3856768  3856963
  568 27.76  1.02  2.59            OX421249.1  3861689  3861884 (4291990)  C          Kuruka  Unspecified (4291990)  3861689  3861884
  273 33.33  1.60  1.60            OX421249.1  4021041  4021165 (4132709)  C          Kuruka  Unspecified (4132709)  4021041  4021165
  237 29.17  0.00  0.00            OX421249.1  4172788  4172859 (3981015)  C          Kuruka  Unspecified (3981015)  4172788  4172859
  422 37.96  0.61  0.92            OX421249.1  4744446  4744772 (3409102)  C          Kuruka  Unspecified (3409102)  4744446  4744772
 1792 36.29  1.57  1.65            OX421249.1  4872698  4873972 (3279902)  C          Kuruka  Unspecified (3279902)  4872698  4873972
 1725 35.79  1.73  1.81            OX421249.1  4935174  4936448 (3217426)  C          Kuruka  Unspecified (3217426)  4935174  4936448
  597 35.58  1.83  2.02            OX421249.1  4997065  4997609 (3156265)  C          Kuruka  Unspecified (3156265)  4997065  4997609
  598 35.57  2.71  2.71            OX421249.1  4998315  4998941 (3154933)  C          Kuruka  Unspecified (3154933)  4998315  4998941
  848 35.17  2.05  2.17            OX421249.1  5247820  5249006 (2905226)  C          Kuruka  Unspecified (2905226)  5247820  5249006
  360 35.39  2.40  2.81            OX421249.1  5618440  5618689 (2535185)  C          Kuruka  Unspecified (2535185)  5618440  5618689
  302 35.18  2.17  2.17            OX421249.1  5635057  5635332 (2518542)  C          Kuruka  Unspecified (2518542)  5635057  5635332
  299 35.19  0.00  0.00            OX421249.1  6037770  6037931 (2115943)  C          Kuruka  Unspecified (2115943)  6037770  6037931
  335 34.16  2.40  2.81            OX421249.1  6500288  6500537 (1653337)  C          Kuruka  Unspecified (1653337)  6500288  6500537
  240 25.42  0.00  0.00            OX421249.1  6824240  6824298 (1329576)  C          Kuruka  Unspecified (1329576)  6824240  6824298
 1532 36.53  1.91  2.14            OX421249.1  6900908  6902216 (1251658)  C          Kuruka  Unspecified (1251658)  6900908  6902216
  362 24.99  2.70  2.70            OX421249.1  7053635  7053745 (1100129)  C          Kuruka  Unspecified (1100129)  7053635  7053745
  781 35.45  2.05  2.17            OX421249.1  7102097  7103283 (1050949)  C          Kuruka  Unspecified (1050949)  7102097  7103283
 1033 35.28  2.05  2.17            OX421249.1  7116158  7117344 (1036888)  C          Kuruka  Unspecified (1036888)  7116158  7117344
  241 35.26  1.27  1.27            OX421249.1  7118171  7118328 (1035546)  C          Kuruka  Unspecified (1035546)  7118171  7118328
  280 36.36  1.43  1.43            OX421249.1  7320471  7320749 (833125)  C          Kuruka  Unspecified (833125)  7320471  7320749
  932 33.91  1.89  1.89            OX421249.1  7537749  7538277 (615597)  C          Kuruka  Unspecified (615597)  7537749  7538277
 1058 32.96  2.39  2.39            OX421249.1  7539778  7540405 (613469)  C          Kuruka  Unspecified (613469)  7539778  7540405
 1853 34.61  2.50  2.58            OX421249.1  7608093  7609370 (544504)  C          Kuruka  Unspecified (544504)  7608093  7609370
 1557 35.17  2.20  2.43            OX421249.1  7740597  7741916 (411958)  C          Kuruka  Unspecified (411958)  7740597  7741916
  251 22.40  0.00  3.95            OX421249.1  7743096  7743174 (410700)  C          Kuruka  Unspecified (410700)  7743096  7743174
 1669 36.07  2.14  2.37            OX421250.1   307173   308481 (7472070)  +          Kuruka  Unspecified (7472070)   307173   308481
 1646 34.55  2.74  2.82            OX421250.1  1877744  1878949 (5901602)  +          Kuruka  Unspecified (5901602)  1877744  1878949
 1716 35.84  2.14  2.37            OX421250.1   342803   344111 (7436440)  C          Kuruka  Unspecified (7436440)   342803   344111
 1299 35.79  2.22  2.45            OX421250.1   411352   412660 (7367891)  C          Kuruka  Unspecified (7367891)   411352   412660
 1247 36.06  2.31  2.38            OX421250.1   419062   420362 (7360189)  C          Kuruka  Unspecified (7360189)   419062   420362
 1646 34.55  2.74  2.82            OX421250.1  1883604  1884809 (5895742)  C          Kuruka  Unspecified (5895742)  1883604  1884809
 1646 34.55  2.74  2.82            OX421250.1  1891338  1892543 (5888008)  C          Kuruka  Unspecified (5888008)  1891338  1892543
 1646 34.55  2.74  2.82            OX421250.1  1899072  1900277 (5880274)  C          Kuruka  Unspecified (5880274)  1899072  1900277
 2197 32.84  2.28  2.37            OX421250.1  2106668  2107893 (5672658)  C          Kuruka  Unspecified (5672658)  2106668  2107893
 1651 36.09  1.99  2.22            OX421251.1  5879069  5880377 (1089269)  +          Kuruka  Unspecified (1089269)  5879069  5880377
 1440 34.05  3.54  3.62            OX421251.1  6889843  6891140  (78506)  +          Kuruka  Unspecified  (78506)  6889843  6891140
 1492 35.85  1.49  1.57            OX421251.1  5538265  5539542 (1430104)  C          Kuruka  Unspecified (1430104)  5538265  5539542
 1245 35.44  2.53  2.92            OX421252.1   536483   537787 (5560729)  +          Kuruka  Unspecified (5560729)   536483   537787
 1566 34.75  2.57  2.66            OX421252.1  4303850  4305055 (1793461)  +          Kuruka  Unspecified (1793461)  4303850  4305055
 1582 35.94  2.22  2.45            OX421252.1   819121   820429 (5278087)  C          Kuruka  Unspecified (5278087)   819121   820429
  545 34.48  2.89  3.53            OX421252.1  1188620  1189103 (4909413)  C          Kuruka  Unspecified (4909413)  1188620  1189103
 1493 34.04  2.73  3.04            OX421252.1  1222494  1223814 (4874702)  C          Kuruka  Unspecified (4874702)  1222494  1223814
  252 22.40  0.00  3.95            OX421252.1  1224994  1225072 (4873444)  C          Kuruka  Unspecified (4873444)  1224994  1225072
