   380 34.92 2.92 3.35           OW028609.1   2006319   2006558 (18272410) +               Kuruka     Unspecified    4283    4521  (4312)    
  2270 33.88 2.00 2.08           OW028609.1   8511724   8513022 (11765946) C               Kuruka     Unspecified  (3985)    4848    3551    
   330 37.29 1.72 2.16           OW028609.1  11747303  11747535 (8531433) C               Kuruka     Unspecified  (4297)    4536    4305    
   236 25.00 4.55 4.55           OW028609.1  12013066  12013153 (8265815) +               Kuruka     Unspecified    5396    5483  (3350)    
  1653 35.78 1.92 1.49           OW028609.1  16330617  16331816 (3947152) +               Kuruka     Unspecified    3554    4758  (4075)    
   325 30.60 0.74 1.48           OW028610.1   1502705   1502840 (18162160) C               Kuruka     Unspecified  (4417)    4416    4282    
   274 35.12 3.42 3.86           OW028610.1   2210043   2210276 (17454724) +               Kuruka     Unspecified    4273    4505  (4328)    
   331 33.76 0.63 1.27           OW028610.1   6976601   6976759 (12688241) C               Kuruka     Unspecified  (4393)    4440    4283    
   294 32.52 2.35 2.35           OW028610.1   7470689   7470858 (12194142) C               Kuruka     Unspecified  (5016)    3817    3648    
   611 38.00 1.87 4.09           OW028610.1  11858282  11859030 (7805970) +               Kuruka     Unspecified    3939    4671  (4162)    
   258 31.71 0.00 0.00           OW028610.1  13644297  13644378 (6020622) C               Kuruka     Unspecified  (4221)    4612    4531    
   294 32.52 2.35 2.35           OW028610.1  16425392  16425561 (3239439) +               Kuruka     Unspecified    3648    3817  (5016)    
   442 34.28 1.58 1.98           OW028610.1  17219210  17219462 (2445538) +               Kuruka     Unspecified    4284    4535  (4298)    
  2247 34.41 1.67 1.75           OW028611.1   1488013   1489210 (17402536) C               Kuruka     Unspecified  (4175)    4658    3462    
   291 33.33 3.60 3.97           OW028611.1   3622652   3622929 (15268817) +               Kuruka     Unspecified    4224    4500  (4333)    
   288 30.01 2.96 3.73           OW028611.1   9551513   9551647 (9340099) C               Kuruka     Unspecified  (4396)    4437    4304    
   628 37.87 1.87 4.09           OW028611.1  10814401  10815149 (8076597) +               Kuruka     Unspecified    3939    4671  (4162)    
   269 26.47 0.00 0.00           OW028611.1  11623728  11623795 (7267951) C               Kuruka     Unspecified  (4479)    4354    4287    
  1493 35.13 3.41 3.48           OW028611.1  12009188  12010567 (6881179) C               Kuruka     Unspecified  (3994)    4839    3461    
   349 36.47 2.66 3.05           OW028611.1  14150875  14151137 (4740609) C               Kuruka     Unspecified  (4297)    4536    4275    
  2196 33.45 2.32 2.67           OW028612.1   4638486   4639649 (14084679) C               Kuruka     Unspecified  (4163)    4670    3511    
   518 32.76 2.97 3.31           OW028612.1   9748173   9748475 (8975853) +               Kuruka     Unspecified    4232    4533  (4300)    
  1516 35.61 3.00 3.08           OW028612.1  13673594  13674894 (5049434) +               Kuruka     Unspecified    3461    4760  (4073)    
   272 35.51 3.15 3.56           OW028613.1    889952    890205 (17621407) +               Kuruka     Unspecified    4284    4536  (4297)    
   266 34.08 2.16 2.90           OW028613.1   9150287   9150425 (9361187) +               Kuruka     Unspecified    4291    4428  (4405)    
   252 35.88 0.58 0.58           OW028613.1  11918854  11919024 (6592588) +               Kuruka     Unspecified    4021    4191  (4642)    
  1519 35.61 3.00 3.08           OW028613.1  12252356  12253656 (6257956) C               Kuruka     Unspecified  (4073)    4760    3461    
   400 30.50 1.55 3.68           OW028613.1  13031304  13031497 (5480115) C               Kuruka     Unspecified  (4456)    4377    4188    
   370 23.38 0.00 0.00           OW028613.1  17940848  17940924 (570688) C               Kuruka     Unspecified  (4479)    4354    4278    
   294 30.01 2.96 3.73           OW028613.1  18035759  18035893 (475719) +               Kuruka     Unspecified    4304    4437  (4396)    
   400 30.50 1.55 3.68           OW028614.1    613528    613721 (17581896) +               Kuruka     Unspecified    4188    4377  (4456)    
   253 23.35 5.45 2.65           OW028614.1   2025500   2025609 (16170008) +               Kuruka     Unspecified    4222    4334  (4499)    
   274 37.13 0.49 0.49           OW028614.1  11901428  11901630 (6293987) +               Kuruka     Unspecified    3989    4191  (4642)    
   265 16.66 1.82 1.82           OW028614.1  17247413  17247467 (948150) C               Kuruka     Unspecified  (4497)    4336    4282    
   385 35.27 2.28 2.28           OW028614.1  17247931  17248281 (947336) C               Kuruka     Unspecified  (5018)    3815    3465    
   252 35.88 0.58 0.58           OW028615.1    185292    185462 (17734306) C               Kuruka     Unspecified  (4642)    4191    4021    
   240 34.60 2.62 3.16           OW028615.1   2422927   2423117 (15496651) +               Kuruka     Unspecified    3488    3677  (5156)    
   779 36.09 2.86 3.00           OW028615.1   2423378   2424111 (15495657) +               Kuruka     Unspecified    3939    4671  (4162)    
   369 23.38 0.00 0.00           OW028615.1   3070332   3070408 (14849360) C               Kuruka     Unspecified  (4479)    4354    4278    
   793 34.60 2.30 1.45           OW028615.1   3694865   3695342 (14224426) +               Kuruka     Unspecified    3965    4446  (4387)    
   271 30.92 1.77 2.68           OW028615.1   5880355   5880467 (12039301) C               Kuruka     Unspecified  (4456)    4377    4266    
   331 34.16 0.61 1.23           OW028615.1   8568393   8568555 (9351213) +               Kuruka     Unspecified    4283    4444  (4389)    
   612 38.00 1.87 4.09           OW028615.1  14925770  14926518 (2993250) C               Kuruka     Unspecified  (4162)    4671    3939    
   518 32.76 2.97 3.31           OW028615.1  16553428  16553730 (1366038) C               Kuruka     Unspecified  (4300)    4533    4232    
   442 34.28 1.58 1.98           OW028616.1   2020494   2020746 (15449363) +               Kuruka     Unspecified    4284    4535  (4298)    
   226 26.98 0.00 0.00           OW028616.1   8580231   8580293 (8889816) C               Kuruka     Unspecified  (4491)    4342    4280    
   294 32.52 2.35 2.35           OW028616.1   8580762   8580931 (8889178) C               Kuruka     Unspecified  (5016)    3817    3648    
   264 28.77 1.37 0.00           OW028616.1  12978426  12978498 (4491611) +               Kuruka     Unspecified    4284    4357  (4476)    
   268 35.29 0.58 0.58           OW028616.1  17224935  17225105 (245004) C               Kuruka     Unspecified  (4642)    4191    4021    
  2430 33.20 2.31 2.39           OW028617.1     66413     67711 (16966521) +               Kuruka     Unspecified    3551    4848  (3985)    
   259 25.38 0.00 2.82           OW028617.1  10276519  10276591 (6757641) +               Kuruka     Unspecified    2439    2509  (6324)    
  2109 32.87 2.61 2.43           OW028617.1  10277736  10278845 (6755387) +               Kuruka     Unspecified    3440    4551  (4282)    
   302 32.96 6.27 3.87           OW028617.1  12230698  12231000 (4803232) +               Kuruka     Unspecified    4047    4356  (4477)    
   271 30.92 1.77 2.68           OW028617.1  15947570  15947682 (1086550) C               Kuruka     Unspecified  (4456)    4377    4266    
   256 37.29 1.72 2.16           OW028617.1  16838217  16838449 (195783) +               Kuruka     Unspecified    4305    4536  (4297)    
   271 30.92 1.77 2.68           OW028618.1   3913024   3913136 (13090269) C               Kuruka     Unspecified  (4456)    4377    4266    
   293 32.52 2.35 2.35           OW028618.1   5041240   5041409 (11961996) C               Kuruka     Unspecified  (5016)    3817    3648    
   442 34.28 1.58 1.98           OW028618.1  10160488  10160740 (6842665) +               Kuruka     Unspecified    4284    4535  (4298)    
   225 26.98 0.00 0.00           OW028618.1  10791676  10791738 (6211667) C               Kuruka     Unspecified  (4491)    4342    4280    
   293 32.52 2.35 2.35           OW028618.1  10792207  10792376 (6211029) C               Kuruka     Unspecified  (5016)    3817    3648    
   274 37.13 0.49 0.49           OW028618.1  11956673  11956875 (5046530) +               Kuruka     Unspecified    3989    4191  (4642)    
  1712 34.69 2.99 2.60           OW028618.1  16964851  16966155  (37250) C               Kuruka     Unspecified  (4075)    4758    3449    
   232 29.48 2.04 3.09           OW028619.1   2539825   2539922 (14371801) +               Kuruka     Unspecified    3583    3679  (5154)    
   442 34.28 1.58 1.98           OW028619.1   4325997   4326249 (12585474) +               Kuruka     Unspecified    4284    4535  (4298)    
  2093 32.68 2.61 2.43           OW028619.1   4527464   4528573 (12383150) C               Kuruka     Unspecified  (4282)    4551    3440    
   257 24.65 0.00 2.90           OW028619.1   4529720   4529790 (12381933) C               Kuruka     Unspecified  (6326)    2507    2439    
  1766 34.77 2.42 1.99           OW028619.1  10843945  10845144 (6066579) C               Kuruka     Unspecified  (4075)    4758    3554    
   297 33.19 3.91 4.37           OW028619.1  12417388  12417617 (4494106) +               Kuruka     Unspecified    4308    4536  (4297)    
   330 37.29 1.72 2.16           OW028620.1   1049796   1050028 (15751541) +               Kuruka     Unspecified    4305    4536  (4297)    
  1516 35.61 3.00 3.08           OW028620.1   6294739   6296039 (10505530) C               Kuruka     Unspecified  (4073)    4760    3461    
   303 33.33 3.60 3.97           OW028620.1   7837218   7837495 (8964074) +               Kuruka     Unspecified    4224    4500  (4333)    
  2354 34.66 1.63 1.71           OW028620.1   8742360   8743586 (8057983) C               Kuruka     Unspecified  (4162)    4671    3446    
   232 26.19 4.55 4.55           OW028620.1  14831565  14831652 (1969917) C               Kuruka     Unspecified  (3350)    5483    5396    
   289 32.96 6.27 3.87           OW028621.1    504494    504796 (16178859) +               Kuruka     Unspecified    4047    4356  (4477)    
  1676 35.19 2.17 1.74           OW028621.1   1097628   1098827 (15584828) C               Kuruka     Unspecified  (4075)    4758    3554    
   269 26.47 0.00 0.00           OW028621.1   1594072   1594139 (15089516) C               Kuruka     Unspecified  (4479)    4354    4287    
   288 36.63 0.49 0.49           OW028621.1   2307886   2308088 (14375567) C               Kuruka     Unspecified  (4642)    4191    3989    
   336 24.68 0.00 0.00           OW028621.1  15016933  15017009 (1666646) C               Kuruka     Unspecified  (4479)    4354    4278    
   225 32.97 4.64 4.64           OW028621.1  15486855  15487048 (1196607) +               Kuruka     Unspecified    3920    4113  (4720)    
   313 29.24 2.96 3.73           OW028621.1  15487239  15487373 (1196282) +               Kuruka     Unspecified    4304    4437  (4396)    
   256 34.06 2.62 3.16           OW028622.1   2800132   2800322 (13593940) +               Kuruka     Unspecified    3488    3677  (5156)    
   779 36.09 2.86 3.00           OW028622.1   2800583   2801316 (13592946) +               Kuruka     Unspecified    3939    4671  (4162)    
  1319 33.77 1.87 1.87           OW028622.1   8654001   8654697 (7739565) +               Kuruka     Unspecified    3461    4157  (4676)    
   659 35.27 3.12 2.18           OW028622.1   8657478   8658022 (7736240) +               Kuruka     Unspecified    4197    4746  (4087)    
   231 30.89 1.02 4.21           OW028622.1   8673143   8673240 (7721022) C               Kuruka     Unspecified  (5154)    3679    3585    
  1611 35.70 1.92 1.49           OW028622.1   9525623   9526822 (6867440) +               Kuruka     Unspecified    3554    4758  (4075)    
  1884 34.58 2.65 2.26           OW028622.1  11607770  11609050 (4785212) +               Kuruka     Unspecified    3461    4746  (4087)    
   282 33.13 2.35 2.35           OW028622.1  13663790  13663959 (2730303) +               Kuruka     Unspecified    3648    3817  (5016)    
   274 37.13 0.49 0.49           OW028623.1    324753    324955 (15433839) C               Kuruka     Unspecified  (4642)    4191    3989    
   321 37.29 1.72 2.16           OW028623.1   2113951   2114183 (13644611) +               Kuruka     Unspecified    4305    4536  (4297)    
   442 34.28 1.58 1.98           OW028623.1   2267456   2267708 (13491086) +               Kuruka     Unspecified    4284    4535  (4298)    
   288 36.63 0.49 0.49           OW028623.1   3875794   3875996 (11882798) C               Kuruka     Unspecified  (4642)    4191    3989    
   311 29.41 5.04 0.00           OW028623.1   5795452   5795570 (9963224) +               Kuruka     Unspecified    4230    4354  (4479)    
  1668 35.70 1.92 1.49           OW028623.1   6395387   6396586 (9362208) C               Kuruka     Unspecified  (4075)    4758    3554    
   260 32.08 5.04 5.80           OW028623.1   7331921   7332059 (8426735) C               Kuruka     Unspecified  (4405)    4428    4291    
   231 30.89 1.02 4.21           OW028623.1  10030255  10030352 (5728442) C               Kuruka     Unspecified  (5154)    3679    3585    
  2377 34.96 1.30 1.39           OW028624.1   2014272   2015498 (13696023) C               Kuruka     Unspecified  (4162)    4671    3446    
   314 29.27 0.00 0.00           OW028624.1   7095302   7095383 (8616138) C               Kuruka     Unspecified  (4479)    4354    4273    
   433 34.28 1.58 1.98           OW028624.1  12323701  12323953 (3387568) C               Kuruka     Unspecified  (4298)    4535    4284    
   274 37.13 0.49 0.49           OW028625.1   1456921   1457123 (14096021) +               Kuruka     Unspecified    3989    4191  (4642)    
   594 32.39 1.75 2.83           OW028625.1   1775302   1775587 (13777557) +               Kuruka     Unspecified    3462    3744  (5089)    
   528 32.76 2.97 3.31           OW028625.1   2594314   2594616 (12958528) +               Kuruka     Unspecified    4232    4533  (4300)    
   442 34.28 1.58 1.98           OW028625.1   3075529   3075781 (12477363) C               Kuruka     Unspecified  (4298)    4535    4284    
   226 35.61 0.00 0.00           OW028625.1   4474667   4474798 (11078346) +               Kuruka     Unspecified    4060    4191  (4642)    
  1670 35.70 1.92 1.49           OW028625.1   4957515   4958714 (10594430) +               Kuruka     Unspecified    3554    4758  (4075)    
   264 30.92 1.77 2.68           OW028625.1   5422369   5422481 (10130663) +               Kuruka     Unspecified    4266    4377  (4456)    
   250 32.37 2.11 2.11           OW028625.1   8171273   8171414 (7381730) C               Kuruka     Unspecified  (4162)    4671    4530    
   274 37.13 0.49 0.49           OW028625.1  12288142  12288344 (3264800) C               Kuruka     Unspecified  (4642)    4191    3989    
  2242 34.55 1.79 1.88           OW028626.1     27855     29081 (14899597) +               Kuruka     Unspecified    3446    4671  (4162)    
   247 26.47 0.00 0.00           OW028626.1    165702    165769 (14762909) +               Kuruka     Unspecified    4287    4354  (4479)    
   445 29.41 3.77 3.77           OW028626.1    607767    607978 (14320700) +               Kuruka     Unspecified    3489    3700  (5133)    
   528 35.39 3.87 6.75           OW028626.1    608252    608845 (14319833) +               Kuruka     Unspecified    3974    4551  (4282)    
   252 35.88 0.58 0.58           OW028626.1   3065280   3065450 (11863228) C               Kuruka     Unspecified  (4642)    4191    4021    
   294 32.52 2.35 2.35           OW028626.1   3456704   3456873 (11471805) +               Kuruka     Unspecified    3648    3817  (5016)    
  1873 34.98 2.28 2.36           OW028626.1   7289831   7291101 (7637577) +               Kuruka     Unspecified    3495    4764  (4069)    
  1901 32.47 2.19 2.28           OW028626.1  13760565  13761705 (1166973) C               Kuruka     Unspecified  (4163)    4670    3531    
   518 32.76 2.97 3.31           OW028627.1   2074059   2074361 (12622899) +               Kuruka     Unspecified    4232    4533  (4300)    
  2365 33.94 2.20 2.28           OW028627.1   2372987   2374213 (12323047) C               Kuruka     Unspecified  (4162)    4671    3446    
   256 23.81 0.00 0.00           OW028627.1   2432501   2432563 (12264697) +               Kuruka     Unspecified    4292    4354  (4479)    
  1532 35.53 3.00 3.08           OW028627.1  10022133  10023433 (4673827) C               Kuruka     Unspecified  (4073)    4760    3461    
   231 30.89 1.02 4.21           OW028627.1  12515013  12515110 (2182150) +               Kuruka     Unspecified    3585    3679  (5154)    
   624 38.45 1.60 3.82           OW028627.1  12862447  12863195 (1834065) C               Kuruka     Unspecified  (4162)    4671    3939    
   294 30.01 2.96 3.73           OW028628.1   1835326   1835460 (12796136) C               Kuruka     Unspecified  (4396)    4437    4304    
   612 38.00 1.87 4.09           OW028628.1   4081378   4082126 (10549470) C               Kuruka     Unspecified  (4162)    4671    3939    
  1795 32.99 2.45 2.83           OW028628.1   5139279   5140379 (9491217) C               Kuruka     Unspecified  (4226)    4607    3511    
   274 37.13 0.49 0.49           OW028628.1   6057358   6057560 (8574036) C               Kuruka     Unspecified  (4642)    4191    3989    
   285 33.19 3.91 4.37           OW028628.1   8503601   8503830 (6127766) C               Kuruka     Unspecified  (4297)    4536    4308    
   378 30.96 1.27 1.27           OW028628.1  14531563  14531719  (99877) +               Kuruka     Unspecified    3583    3739  (5094)    
   314 28.33 1.64 1.64           OW028628.1  14532029  14532150  (99446) +               Kuruka     Unspecified    4052    4173  (4660)    
   247 27.50 4.76 4.76           OW028628.1  14532450  14532575  (99021) +               Kuruka     Unspecified    4472    4597  (4236)    
  1956 33.21 1.41 1.51           OW028629.1     90668     91731 (14446204) C               Kuruka     Unspecified  (4220)    4613    3551    
   274 37.13 0.49 0.49           OW028629.1   1457492   1457694 (13080241) C               Kuruka     Unspecified  (4642)    4191    3989    
   294 30.01 2.96 3.73           OW028629.1   2498161   2498295 (12039640) C               Kuruka     Unspecified  (4396)    4437    4304    
   233 32.97 4.64 4.64           OW028629.1   2498486   2498679 (12039256) C               Kuruka     Unspecified  (4720)    4113    3920    
   249 31.71 0.00 0.00           OW028629.1   2832391   2832472 (11705463) +               Kuruka     Unspecified    4273    4354  (4479)    
   390 28.95 0.88 0.00           OW028629.1  11553032  11553145 (2984790) C               Kuruka     Unspecified  (4282)    4551    4437    
   257 21.57 0.00 0.00           OW028629.1  11553186  11553236 (2984699) C               Kuruka     Unspecified  (4817)    4016    3966    
  2229 34.49 1.67 1.75           OW028629.1  12777962  12779159 (1758776) C               Kuruka     Unspecified  (4175)    4658    3462    
   231 30.89 1.02 4.21           OW028630.1   2762274   2762371 (10977586) C               Kuruka     Unspecified  (5154)    3679    3585    
   297 33.19 3.91 4.37           OW028630.1   3131091   3131320 (10608637) C               Kuruka     Unspecified  (4297)    4536    4308    
   230 34.45 3.23 3.70           OW028630.1  11229071  11229287 (2510670) +               Kuruka     Unspecified    3462    3677  (5156)    
   744 35.41 3.68 3.82           OW028630.1  11229548  11230281 (2509676) +               Kuruka     Unspecified    3939    4671  (4162)    
   518 32.76 2.97 3.31           OW028630.1  13517959  13518261 (221696) C               Kuruka     Unspecified  (4300)    4533    4232    
   274 37.13 0.49 0.49           OW028631.1    517570    517772 (11947368) C               Kuruka     Unspecified  (4642)    4191    3989    
   236 25.00 4.55 4.55           OW028631.1   2355326   2355413 (10109727) +               Kuruka     Unspecified    5396    5483  (3350)    
   377 34.19 0.00 0.00           OW028631.1   2414126   2414280 (10050860) +               Kuruka     Unspecified    3584    3738  (5095)    
  2377 32.91 3.00 2.57           OW028631.1   6633503   6634703 (5830437) C               Kuruka     Unspecified  (4163)    4670    3465    
   278 34.48 4.07 4.49           OW028632.1   1624316   1624561 (10662510) C               Kuruka     Unspecified  (4297)    4536    4292    
   293 32.52 2.35 2.35           OW028632.1   5809026   5809195 (6477876) +               Kuruka     Unspecified    3648    3817  (5016)    
   225 26.98 0.00 0.00           OW028632.1   5809664   5809726 (6477345) +               Kuruka     Unspecified    4280    4342  (4491)    
  2222 32.55 2.28 2.37           OW028632.1   6582364   6583546 (5703525) +               Kuruka     Unspecified    3489    4670  (4163)    
  2047 32.87 2.61 2.43           OW028632.1  11452828  11453937 (833134) C               Kuruka     Unspecified  (4282)    4551    3440    
   257 24.65 0.00 2.90           OW028632.1  11455084  11455154 (831917) C               Kuruka     Unspecified  (6326)    2507    2439    
   269 26.47 0.00 0.00           OW028633.1    135898    135965 (11553564) C               Kuruka     Unspecified  (4479)    4354    4287    
  1653 35.78 1.92 1.49           OW028633.1    307312    308511 (11381018) C               Kuruka     Unspecified  (4075)    4758    3554    
   274 37.13 0.49 0.49           OW028633.1   9081883   9082085 (2607444) C               Kuruka     Unspecified  (4642)    4191    3989    
   294 32.52 2.35 2.35           OW028633.1  10876256  10876425 (813104) +               Kuruka     Unspecified    3648    3817  (5016)    
   271 32.52 2.35 2.35           OW028633.1  10886359  10886528 (803001) C               Kuruka     Unspecified  (5016)    3817    3648    
   234 26.98 0.00 0.00           OW028633.1  10889105  10889167 (800362) C               Kuruka     Unspecified  (4491)    4342    4280    
   271 32.52 2.35 2.35           OW028633.1  10889636  10889805 (799724) C               Kuruka     Unspecified  (5016)    3817    3648    
   242 33.73 2.35 2.35           OW028633.1  10894087  10894256 (795273) +               Kuruka     Unspecified    3648    3817  (5016)    
   271 32.52 2.35 2.35           OW028633.1  10907326  10907495 (782034) +               Kuruka     Unspecified    3648    3817  (5016)    
   234 26.98 0.00 0.00           OW028633.1  10907964  10908026 (781503) +               Kuruka     Unspecified    4280    4342  (4491)    
   234 26.98 0.00 0.00           OW028633.1  10910078  10910140 (779389) C               Kuruka     Unspecified  (4491)    4342    4280    
   271 32.52 2.35 2.35           OW028633.1  10910609  10910778 (778751) C               Kuruka     Unspecified  (5016)    3817    3648    
   234 26.98 0.00 0.00           OW028633.1  10915166  10915228 (774301) C               Kuruka     Unspecified  (4491)    4342    4280    
   271 32.52 2.35 2.35           OW028633.1  10915697  10915866 (773663) C               Kuruka     Unspecified  (5016)    3817    3648    
   271 32.52 2.35 2.35           OW028633.1  10919848  10920017 (769512) +               Kuruka     Unspecified    3648    3817  (5016)    
   234 26.98 0.00 0.00           OW028633.1  10920486  10920548 (768981) +               Kuruka     Unspecified    4280    4342  (4491)    
   242 33.73 2.35 2.35           OW028633.1  10927089  10927258 (762271) +               Kuruka     Unspecified    3648    3817  (5016)    
   271 32.52 2.35 2.35           OW028633.1  10930503  10930672 (758857) C               Kuruka     Unspecified  (5016)    3817    3648    
   271 32.52 2.35 2.35           OW028633.1  10934723  10934892 (754637) +               Kuruka     Unspecified    3648    3817  (5016)    
   294 32.52 2.35 2.35           OW028633.1  10940246  10940415 (749114) +               Kuruka     Unspecified    3648    3817  (5016)    
   302 31.85 1.85 3.12           OW028634.1   2105125   2105286 (8612101) +               Kuruka     Unspecified    4223    4382  (4451)    
   272 33.13 2.35 2.35           OW028634.1   7247623   7247792 (3469595) C               Kuruka     Unspecified  (5016)    3817    3648    
   311 29.41 5.04 0.00           OW028634.1  10216194  10216312 (501075) C               Kuruka     Unspecified  (4479)    4354    4230    
   381 32.06 0.64 0.64           OW028634.1  10627236  10627392  (89995) +               Kuruka     Unspecified    3583    3739  (5094)    
   280 28.81 1.67 1.67           OW028634.1  10627704  10627823  (89564) +               Kuruka     Unspecified    4054    4173  (4660)    
   236 28.09 1.11 1.11           OW028634.1  10628123  10628212  (89175) +               Kuruka     Unspecified    4472    4561  (4272)    
   594 38.14 1.87 4.09           OW028635.1   1560702   1561450 (8398166) C               Kuruka     Unspecified  (4162)    4671    3939    
   330 37.29 1.72 2.16           OW028635.1   1632997   1633229 (8326387) +               Kuruka     Unspecified    4305    4536  (4297)    
   236 25.00 4.55 4.55           OW028635.1   6070199   6070286 (3889330) C               Kuruka     Unspecified  (3350)    5483    5396    
   288 38.16 1.72 2.16           OW028636.1    208295    208527 (8553141) +               Kuruka     Unspecified    4305    4536  (4297)    
   272 35.51 3.15 3.56           OW028636.1    227452    227705 (8533963) C               Kuruka     Unspecified  (4297)    4536    4284    
   251 32.74 5.56 6.01           OW028637.1   4474270   4474503 (3370583) C               Kuruka     Unspecified  (4328)    4505    4273    
   330 37.29 1.72 2.16           OW028637.1   5565227   5565459 (2279627) +               Kuruka     Unspecified    4305    4536  (4297)    
   236 25.00 4.55 4.55           OW028637.1   7015522   7015609 (829477) +               Kuruka     Unspecified    5396    5483  (3350)    
   259 25.38 0.00 2.82           OW028637.1   7420227   7420299 (424787) +               Kuruka     Unspecified    2439    2509  (6324)    
  2126 32.87 2.61 2.43           OW028637.1   7421444   7422553 (422533) +               Kuruka     Unspecified    3440    4551  (4282)    
   236 26.98 0.00 0.00           OW028637.1   7655618   7655680 (189406) C               Kuruka     Unspecified  (4491)    4342    4280    
   296 32.52 2.35 2.35           OW028637.1   7656149   7656318 (188768) C               Kuruka     Unspecified  (5016)    3817    3648    
   278 33.15 2.20 2.20           OW028638.1   4436346   4436527 (3369510) C               Kuruka     Unspecified  (5016)    3817    3636    
   294 32.52 2.35 2.35           OW028638.1   4936738   4936907 (2869130) C               Kuruka     Unspecified  (5016)    3817    3648    
  1643 34.97 2.50 2.07           OW028638.1   7216631   7217830 (588207) C               Kuruka     Unspecified  (4075)    4758    3554    
   611 38.00 1.87 4.09           OW028639.1   6542948   6543696 (344114) +               Kuruka     Unspecified    3939    4671  (4162)    
   240 35.17 0.69 0.00           OW028639.1   6686240   6686384 (201426) C               Kuruka     Unspecified  (4642)    4191    4046    
