  579 34.46  0.67  1.01            OX382355.1  6472572  6472870 (27120361)  +          Kuruka  Unspecified (27120361)  6472572  6472870
 1171 37.10  2.91  2.12            OX382355.1  8342316  8343623 (25249608)  +          Kuruka  Unspecified (25249608)  8342316  8343623
  313 28.92  0.00  1.20            OX382355.1  8419993  8420076 (25173155)  +          Kuruka  Unspecified (25173155)  8419993  8420076
  481 37.28  1.66  1.66            OX382355.1 15041171 15042443 (18551699)  +          Kuruka  Unspecified (18551699) 15041171 15042443
  247 34.41  0.00  1.60            OX382355.1 20138576 20138702 (13454529)  +          Kuruka  Unspecified (13454529) 20138576 20138702
  349 33.34  2.92  3.78            OX382355.1 20707311 20707550 (12885681)  +          Kuruka  Unspecified (12885681) 20707311 20707550
  247 33.42  1.85  0.00            OX382355.1 24231179 24231806 (9361945)  +          Kuruka  Unspecified (9361945) 24231179 24231806
  453 35.13  0.67  1.01            OX382355.1 24791131 24791429 (8801802)  +          Kuruka  Unspecified (8801802) 24791131 24791429
  262 25.00  0.00  0.00            OX382355.1 30213157 30213224 (3380007)  +          Kuruka  Unspecified (3380007) 30213157 30213224
  317 33.98  0.64  0.64            OX382355.1 31703336 31703492 (1889739)  +          Kuruka  Unspecified (1889739) 31703336 31703492
  439 35.48  0.67  1.01            OX382355.1  1870030  1870328 (31722903)  C          Kuruka  Unspecified (31722903)  1870030  1870328
  552 34.80  0.67  1.01            OX382355.1  5915847  5916145 (27677086)  C          Kuruka  Unspecified (27677086)  5915847  5916145
  716 37.48  1.70  1.82            OX382355.1  8783872  8785144 (24808537)  C          Kuruka  Unspecified (24808537)  8783872  8785144
  552 34.80  0.67  1.01            OX382355.1 20073996 20074294 (13518937)  C          Kuruka  Unspecified (13518937) 20073996 20074294
  400 38.59  2.62  0.28            OX382355.1 20116972 20117314 (13475917)  C          Kuruka  Unspecified (13475917) 20116972 20117314
  320 28.81  0.84  0.84            OX382355.1 20549229 20549347 (13043884)  C          Kuruka  Unspecified (13043884) 20549229 20549347
 1226 37.08  2.58  2.66            OX382355.1 23728948 23730266 (9862965)  C          Kuruka  Unspecified (9862965) 23728948 23730266
  449 35.02  0.67  1.00            OX382355.1 26026357 26026656 (7566575)  C          Kuruka  Unspecified (7566575) 26026357 26026656
  230 33.33  0.00  0.00            OX382355.1 30057037 30057129 (3536102)  C          Kuruka  Unspecified (3536102) 30057037 30057129
  345 34.67  1.74  2.18            OX382356.1   294079   294308 (25481594)  +          Kuruka  Unspecified (25481594)   294079   294308
  531 35.13  0.67  1.01            OX382356.1   699898   700196 (25075706)  +          Kuruka  Unspecified (25075706)   699898   700196
  287 26.93  0.95  0.95            OX382356.1  1658505  1658609 (24117293)  +          Kuruka  Unspecified (24117293)  1658505  1658609
  592 34.46  0.67  1.01            OX382356.1  5336808  5337106 (20438796)  +          Kuruka  Unspecified (20438796)  5336808  5337106
  496 34.46  0.67  1.01            OX382356.1  5671666  5671964 (20103938)  +          Kuruka  Unspecified (20103938)  5671666  5671964
  693 38.65  2.45  2.54            OX382356.1  6459748  6460931 (19314971)  +          Kuruka  Unspecified (19314971)  6459748  6460931
  317 27.18  0.00  1.09            OX382356.1  6566638  6566730 (19209172)  +          Kuruka  Unspecified (19209172)  6566638  6566730
  452 35.13  0.67  1.01            OX382356.1  7223462  7223760 (18552142)  +          Kuruka  Unspecified (18552142)  7223462  7223760
  933 37.13  2.61  2.69            OX382356.1  9945305  9946530 (15829372)  +          Kuruka  Unspecified (15829372)  9945305  9946530
 1223 37.08  2.58  2.66            OX382356.1 11931860 11933178 (13842724)  +          Kuruka  Unspecified (13842724) 11931860 11933178
  316 26.93  0.95  0.95            OX382356.1 15817819 15817923 (9957979)  +          Kuruka  Unspecified (9957979) 15817819 15817923
 2016 34.81  1.99  1.91            OX382356.1 22751111 22752416 (3023486)  +          Kuruka  Unspecified (3023486) 22751111 22752416
  459 35.02  0.67  1.00            OX382356.1 23118343 23118642 (2657260)  +          Kuruka  Unspecified (2657260) 23118343 23118642
  566 35.13  0.67  1.01            OX382356.1   224847   225145 (25550757)  C          Kuruka  Unspecified (25550757)   224847   225145
  243 28.20  6.17  6.61            OX382356.1  1847845  1848087 (23927815)  C          Kuruka  Unspecified (23927815)  1847845  1848087
  429 39.84  0.81  0.97            OX382356.1  2505897  2506517 (23269385)  C          Kuruka  Unspecified (23269385)  2505897  2506517
  292 31.31  4.35  4.35            OX382356.1  2506755  2506961 (23268941)  C          Kuruka  Unspecified (23268941)  2506755  2506961
 1591 36.08  2.45  2.53            OX382356.1 13349879 13351223 (12424679)  C          Kuruka  Unspecified (12424679) 13349879 13351223
  927 36.75  1.94  2.07            OX382356.1 19145019 19146291 (6630061)  C          Kuruka  Unspecified (6630061) 19145019 19146291
  400 33.47  4.93  0.86            OX382356.1 25543837 25544059 (231843)  C          Kuruka  Unspecified (231843) 25543837 25544059
  326 32.50  4.03  4.45            OX382357.1   903747   903994 (24579906)  +          Kuruka  Unspecified (24579906)   903747   903994
  557 35.13  0.67  1.01            OX382357.1  1257602  1257900 (24226000)  +          Kuruka  Unspecified (24226000)  1257602  1257900
  326 33.45  3.14  3.14            OX382357.1  2059191  2059477 (23424423)  +          Kuruka  Unspecified (23424423)  2059191  2059477
 1416 34.10  3.25  3.04            OX382357.1  2946101  2947086 (22536814)  +          Kuruka  Unspecified (22536814)  2946101  2947086
  425 33.57  3.11  3.11            OX382357.1  2950879  2951167 (22532733)  +          Kuruka  Unspecified (22532733)  2950879  2951167
  450 35.13  0.67  1.01            OX382357.1  3282257  3282555 (22201345)  +          Kuruka  Unspecified (22201345)  3282257  3282555
  452 35.13  0.67  1.01            OX382357.1  3588424  3588722 (21895178)  +          Kuruka  Unspecified (21895178)  3588424  3588722
  230 33.33  0.00  0.00            OX382357.1  7848261  7848353 (17635547)  +          Kuruka  Unspecified (17635547)  7848261  7848353
  251 34.46  0.00  0.84            OX382357.1  8501560  8501679 (16982221)  +          Kuruka  Unspecified (16982221)  8501560  8501679
  508 35.50  0.68  1.02            OX382357.1 11399961 11400256 (14083644)  +          Kuruka  Unspecified (14083644) 11399961 11400256
  496 37.28  1.66  1.66            OX382357.1 13148523 13149795 (12335016)  +          Kuruka  Unspecified (12335016) 13148523 13149795
 1226 36.77  2.81  2.88            OX382357.1 14845148 14846466 (10637434)  +          Kuruka  Unspecified (10637434) 14845148 14846466
  296 30.84  4.29  5.04            OX382357.1 15215032 15215171 (10268729)  +          Kuruka  Unspecified (10268729) 15215032 15215171
  496 37.20  1.66  1.66            OX382357.1 15343413 15344685 (10140126)  +          Kuruka  Unspecified (10140126) 15343413 15344685
  293 27.19  1.90  1.90            OX382357.1 15709125 15709229 (9774671)  +          Kuruka  Unspecified (9774671) 15709125 15709229
 1472 35.47  2.37  2.11            OX382357.1 15783499 15784679 (9699221)  +          Kuruka  Unspecified (9699221) 15783499 15784679
  496 34.46  0.67  1.01            OX382357.1 19820728 19821026 (5662874)  +          Kuruka  Unspecified (5662874) 19820728 19821026
  536 35.13  0.67  1.01            OX382357.1 20950148 20950446 (4533454)  +          Kuruka  Unspecified (4533454) 20950148 20950446
  558 34.13  1.34  1.68            OX382357.1 21290416 21290713 (4193187)  +          Kuruka  Unspecified (4193187) 21290416 21290713
  320 28.81  0.84  0.84            OX382357.1 21438706 21438824 (4045076)  +          Kuruka  Unspecified (4045076) 21438706 21438824
  320 28.81  0.84  0.84            OX382357.1 21446815 21446933 (4036967)  +          Kuruka  Unspecified (4036967) 21446815 21446933
  852 29.62  4.14  6.09            OX382357.1 21882240 21882674 (3601226)  +          Kuruka  Unspecified (3601226) 21882240 21882674
  234 29.67  6.59  0.00            OX382357.1 22070121 22070211 (3413689)  +          Kuruka  Unspecified (3413689) 22070121 22070211
 1209 37.15  2.58  2.66            OX382357.1 23805604 23806922 (1676978)  +          Kuruka  Unspecified (1676978) 23805604 23806922
  540 35.02  0.67  1.00            OX382357.1 23907317 23907616 (1576284)  +          Kuruka  Unspecified (1576284) 23907317 23907616
  716 37.99  1.70  1.82            OX382357.1  2280817  2281639 (23202261)  C          Kuruka  Unspecified (23202261)  2280817  2281639
  249 25.27  2.04  3.09            OX382357.1  2662149  2662246 (22821654)  C          Kuruka  Unspecified (22821654)  2662149  2662246
 1592 33.81  3.01  2.34            OX382357.1  2802615  2803677 (22680223)  C          Kuruka  Unspecified (22680223)  2802615  2803677
  560 35.02  0.67  1.00            OX382357.1  5179016  5179315 (20304585)  C          Kuruka  Unspecified (20304585)  5179016  5179315
  502 34.12  0.67  1.01            OX382357.1  6221748  6222046 (19261854)  C          Kuruka  Unspecified (19261854)  6221748  6222046
  312 33.92  4.93  0.86            OX382357.1  7460088  7460310 (18023590)  C          Kuruka  Unspecified (18023590)  7460088  7460310
  540 35.02  0.67  1.00            OX382357.1  7772508  7772807 (17711093)  C          Kuruka  Unspecified (17711093)  7772508  7772807
  481 34.80  0.67  1.01            OX382357.1 11792299 11792597 (13691303)  C          Kuruka  Unspecified (13691303) 11792299 11792597
  590 34.12  0.67  1.01            OX382357.1 14449305 14449603 (11034297)  C          Kuruka  Unspecified (11034297) 14449305 14449603
  229 18.18  0.00  0.00            OX382357.1 14973739 14973782 (10510118)  C          Kuruka  Unspecified (10510118) 14973739 14973782
  904 34.12  2.45  2.61            OX382357.1 15831716 15832368 (9651532)  C          Kuruka  Unspecified (9651532) 15831716 15832368
  917 34.54  2.24  2.24            OX382357.1 15832751 15833286 (9650614)  C          Kuruka  Unspecified (9650614) 15832751 15833286
  557 35.13  0.67  1.01            OX382357.1 17123433 17123731 (8360169)  C          Kuruka  Unspecified (8360169) 17123433 17123731
  456 35.13  0.67  1.01            OX382357.1 19804713 19805011 (5678889)  C          Kuruka  Unspecified (5678889) 19804713 19805011
  459 35.02  0.67  1.00            OX382357.1 23685241 23685540 (1798360)  C          Kuruka  Unspecified (1798360) 23685241 23685540
  470 34.80  0.67  1.01            OX382358.1  1075533  1075831 (23823200)  +          Kuruka  Unspecified (23823200)  1075533  1075831
  476 33.89  1.00  1.34            OX382358.1  2586761  2587059 (22311972)  +          Kuruka  Unspecified (22311972)  2586761  2587059
  496 34.46  0.67  1.01            OX382358.1  3753343  3753641 (21145390)  +          Kuruka  Unspecified (21145390)  3753343  3753641
  251 34.46  0.00  0.84            OX382358.1  6187119  6187238 (18711793)  +          Kuruka  Unspecified (18711793)  6187119  6187238
  582 34.46  0.67  1.01            OX382358.1 11918954 11919252 (12979779)  +          Kuruka  Unspecified (12979779) 11918954 11919252
  474 34.80  0.67  1.01            OX382358.1 16575346 16575644 (8323387)  +          Kuruka  Unspecified (8323387) 16575346 16575644
  444 35.13  0.67  1.01            OX382358.1 20544979 20545277 (4353754)  +          Kuruka  Unspecified (4353754) 20544979 20545277
  708 37.88  3.12  3.21            OX382358.1 22732761 22733944 (2165087)  +          Kuruka  Unspecified (2165087) 22732761 22733944
  352 34.84  1.61  2.02            OX382358.1   626240   626488 (24272543)  C          Kuruka  Unspecified (24272543)   626240   626488
  606 34.46  0.67  1.01            OX382358.1   643006   643304 (24255727)  C          Kuruka  Unspecified (24255727)   643006   643304
  474 34.46  0.67  1.01            OX382358.1  6308434  6308732 (18590299)  C          Kuruka  Unspecified (18590299)  6308434  6308732
  915 37.20  1.70  1.82            OX382358.1  7219385  7220657 (17678824)  C          Kuruka  Unspecified (17678824)  7219385  7220657
  515 34.79  0.67  1.01            OX382358.1 11687795 11688378 (13210938)  C          Kuruka  Unspecified (13210938) 11687795 11688378
  287 26.93  0.95  0.95            OX382358.1 22554886 22554990 (2344041)  C          Kuruka  Unspecified (2344041) 22554886 22554990
  562 34.80  0.67  1.01            OX382359.1  5780623  5780921 (18261772)  +          Kuruka  Unspecified (18261772)  5780623  5780921
  254 29.28  1.67  6.09            OX382359.1  9996094  9996213 (14046480)  +          Kuruka  Unspecified (14046480)  9996094  9996213
  397 37.48  1.10  1.10            OX382359.1 13187125 13188397 (10855207)  +          Kuruka  Unspecified (10855207) 13187125 13188397
  273 20.18  6.25  7.09            OX382359.1 17526727 17526854 (6515839)  +          Kuruka  Unspecified (6515839) 17526727 17526854
  491 33.79  1.34  1.68            OX382359.1 17628487 17628784 (6413909)  +          Kuruka  Unspecified (6413909) 17628487 17628784
  562 34.46  0.67  1.01            OX382359.1 17739604 17739902 (6302791)  +          Kuruka  Unspecified (6302791) 17739604 17739902
  915 37.37  1.70  1.82            OX382359.1   432082   433354 (23609789)  C          Kuruka  Unspecified (23609789)   432082   433354
  252 34.65  4.49  4.89            OX382359.1  8185685  8185951 (15856742)  C          Kuruka  Unspecified (15856742)  8185685  8185951
  329 35.12  1.74  2.18            OX382359.1 10796500 10796729 (13245964)  C          Kuruka  Unspecified (13245964) 10796500 10796729
  530 35.02  0.67  1.00            OX382359.1 16487772 16488071 (7554622)  C          Kuruka  Unspecified (7554622) 16487772 16488071
  331 33.34  3.95  3.95            OX382359.1 17323571 17323823 (6718870)  C          Kuruka  Unspecified (6718870) 17323571 17323823
  316 26.93  0.95  0.95            OX382360.1  1242638  1242742 (22716359)  +          Kuruka  Unspecified (22716359)  1242638  1242742
  435 37.41  2.07  2.07            OX382360.1  5994623  5995056 (17964045)  +          Kuruka  Unspecified (17964045)  5994623  5995056
  562 34.80  0.67  1.01            OX382360.1 14200384 14200682 (9758419)  +          Kuruka  Unspecified (9758419) 14200384 14200682
  630 34.12  0.67  1.01            OX382360.1 16655254 16655552 (7303549)  +          Kuruka  Unspecified (7303549) 16655254 16655552
  441 35.13  0.67  1.01            OX382360.1 17393915 17394213 (6564888)  +          Kuruka  Unspecified (6564888) 17393915 17394213
  809 36.94  2.92  4.11            OX382360.1 21636121 21637252 (2321849)  +          Kuruka  Unspecified (2321849) 21636121 21637252
  281 21.67  0.00  0.00            OX382360.1 13355820 13355879 (10603222)  C          Kuruka  Unspecified (10603222) 13355820 13355879
  926 37.12  1.70  1.82            OX382360.1 21496208 21497480 (2462071)  C          Kuruka  Unspecified (2462071) 21496208 21497480
  558 35.13  0.67  1.01            OX382360.1 23718351 23718649 (240452)  C          Kuruka  Unspecified (240452) 23718351 23718649
  482 34.46  0.67  1.01            OX382361.1   797857   798155 (22962087)  +          Kuruka  Unspecified (22962087)   797857   798155
 1614 35.68  2.60  2.68            OX382361.1  1551289  1552633 (22207609)  +          Kuruka  Unspecified (22207609)  1551289  1552633
  452 35.13  0.67  1.01            OX382361.1  4294249  4294547 (19465695)  +          Kuruka  Unspecified (19465695)  4294249  4294547
  356 33.82  1.45  1.45            OX382361.1  6809000  6809206 (16951036)  +          Kuruka  Unspecified (16951036)  6809000  6809206
  592 39.61  1.03  1.17            OX382361.1  6811066  6811747 (16948495)  +          Kuruka  Unspecified (16948495)  6811066  6811747
 1702 36.67  1.78  1.86            OX382361.1  9441991  9443335 (14316907)  +          Kuruka  Unspecified (14316907)  9441991  9443335
  704 37.88  3.12  3.21            OX382361.1 11190443 11191626 (12568616)  +          Kuruka  Unspecified (12568616) 11190443 11191626
  534 35.13  0.67  1.01            OX382361.1 12585813 12586111 (11174131)  +          Kuruka  Unspecified (11174131) 12585813 12586111
  298 28.64  6.17  6.61            OX382361.1 16254996 16255238 (7505004)  +          Kuruka  Unspecified (7505004) 16254996 16255238
  527 35.13  0.67  1.01            OX382361.1 21785816 21786114 (1974128)  +          Kuruka  Unspecified (1974128) 21785816 21786114
 2147 34.04  1.04  1.14            OX382361.1 23546740 23547794 (212448)  +          Kuruka  Unspecified (212448) 23546740 23547794
  235 35.30  0.00  0.84            OX382361.1  1049459  1049578 (22710664)  C          Kuruka  Unspecified (22710664)  1049459  1049578
  414 38.71  2.09  2.26            OX382361.1  2190235  2190855 (21569387)  C          Kuruka  Unspecified (21569387)  2190235  2190855
  292 31.31  4.35  4.35            OX382361.1  2191093  2191299 (21568943)  C          Kuruka  Unspecified (21568943)  2191093  2191299
  470 34.80  0.67  1.01            OX382361.1  3168719  3169017 (20591225)  C          Kuruka  Unspecified (20591225)  3168719  3169017
  239 28.75  3.61  3.61            OX382361.1 12313819 12313901 (11446341)  C          Kuruka  Unspecified (11446341) 12313819 12313901
  365 34.38  4.93  0.86            OX382361.1 12314569 12314791 (11445451)  C          Kuruka  Unspecified (11445451) 12314569 12314791
  360 33.07  3.15  3.56            OX382361.1 14941697 14941950 (8818292)  C          Kuruka  Unspecified (8818292) 14941697 14941950
  323 28.81  0.84  0.84            OX382361.1 15482787 15482905 (8277337)  C          Kuruka  Unspecified (8277337) 15482787 15482905
  344 35.12  1.74  2.18            OX382361.1 23516144 23516373 (243869)  C          Kuruka  Unspecified (243869) 23516144 23516373
  799 37.50  3.29  3.38            OX382362.1   642637   643820 (23027314)  +          Kuruka  Unspecified (23027314)   642637   643820
  291 28.81  0.84  0.84            OX382362.1  2973077  2973195 (20697939)  +          Kuruka  Unspecified (20697939)  2973077  2973195
 2173 34.04  1.04  1.14            OX382362.1  8310633  8311687 (15359447)  +          Kuruka  Unspecified (15359447)  8310633  8311687
 1317 37.25  2.43  2.50            OX382362.1  8325866  8327184 (15343950)  +          Kuruka  Unspecified (15343950)  8325866  8327184
  299 29.62  6.28  3.77            OX382362.1 11112635 11112841 (12558293)  +          Kuruka  Unspecified (12558293) 11112635 11112841
  251 34.46  0.00  0.84            OX382362.1 14476071 14476190 (9194944)  +          Kuruka  Unspecified (9194944) 14476071 14476190
  891 37.21  2.47  2.56            OX382362.1 16091614 16092708 (7578426)  +          Kuruka  Unspecified (7578426) 16091614 16092708
  238 28.91  5.19  5.19            OX382362.1 19950961 19951095 (3720039)  +          Kuruka  Unspecified (3720039) 19950961 19951095
  375 33.92  4.93  0.86            OX382362.1 22662586 22662808 (1008326)  +          Kuruka  Unspecified (1008326) 22662586 22662808
  452 35.13  0.67  1.01            OX382362.1  4949536  4949834 (18721300)  C          Kuruka  Unspecified (18721300)  4949536  4949834
  375 33.92  4.93  0.86            OX382362.1  6767531  6767753 (16903381)  C          Kuruka  Unspecified (16903381)  6767531  6767753
  287 26.93  0.95  0.95            OX382362.1 17133496 17133600 (6537534)  C          Kuruka  Unspecified (6537534) 17133496 17133600
  659 37.83  2.19  2.46            OX382363.1    56589    57363 (23468134)  +          Kuruka  Unspecified (23468134)    56589    57363
  567 35.02  0.67  1.00            OX382363.1  1555179  1555478 (21970019)  +          Kuruka  Unspecified (21970019)  1555179  1555478
  606 34.46  0.67  1.01            OX382363.1  2179837  2180135 (21345362)  +          Kuruka  Unspecified (21345362)  2179837  2180135
  483 34.80  0.67  1.01            OX382363.1  4583188  4583486 (18942011)  +          Kuruka  Unspecified (18942011)  4583188  4583486
  497 34.46  0.67  1.01            OX382363.1  5485298  5485596 (18039901)  +          Kuruka  Unspecified (18039901)  5485298  5485596
  483 34.80  0.67  1.01            OX382363.1 10592200 10592498 (12932999)  +          Kuruka  Unspecified (12932999) 10592200 10592498
  499 37.76  1.10  1.10            OX382363.1 11526026 11527298 (11999110)  +          Kuruka  Unspecified (11999110) 11526026 11527298
 1332 36.19  1.48  1.58            OX382363.1 12577737 12578814 (10946683)  +          Kuruka  Unspecified (10946683) 12577737 12578814
  496 37.28  1.66  1.66            OX382363.1 12833730 12835002 (10691406)  +          Kuruka  Unspecified (10691406) 12833730 12835002
  496 37.20  1.66  1.66            OX382363.1 21360226 21361498 (2164910)  +          Kuruka  Unspecified (2164910) 21360226 21361498
  395 30.42  1.02  1.53            OX382363.1  7336786  7336982 (16188515)  C          Kuruka  Unspecified (16188515)  7336786  7336982
 1154 36.22  2.52  3.87            OX382363.1 16709966 16711197 (6814300)  C          Kuruka  Unspecified (6814300) 16709966 16711197
  716 37.48  1.70  1.82            OX382363.1 17741975 17743247 (5782700)  C          Kuruka  Unspecified (5782700) 17741975 17743247
  496 37.28  1.66  1.66            OX382364.1  5678362  5679634 (17614417)  +          Kuruka  Unspecified (17614417)  5678362  5679634
  338 34.22  6.25  4.88            OX382364.1 11839943 11840326 (11452814)  +          Kuruka  Unspecified (11452814) 11839943 11840326
 1203 37.15  2.58  2.66            OX382364.1 12039183 12040501 (11252639)  +          Kuruka  Unspecified (11252639) 12039183 12040501
  315 34.49  6.25  4.88            OX382364.1 18521957 18522340 (4770800)  +          Kuruka  Unspecified (4770800) 18521957 18522340
  496 34.46  0.67  1.01            OX382364.1 21387880 21388178 (1904962)  +          Kuruka  Unspecified (1904962) 21387880 21388178
  375 33.92  4.93  0.86            OX382364.1 22417012 22417234 (875906)  +          Kuruka  Unspecified (875906) 22417012 22417234
  254 34.73  5.90  5.05            OX382364.1    82707    83079 (23210061)  C          Kuruka  Unspecified (23210061)    82707    83079
  794 37.03  2.92  4.11            OX382364.1  4524792  4525923 (18767217)  C          Kuruka  Unspecified (18767217)  4524792  4525923
  388 33.47  4.93  0.86            OX382364.1  6040323  6040545 (17252595)  C          Kuruka  Unspecified (17252595)  6040323  6040545
  915 37.20  1.70  1.82            OX382364.1  6240028  6241300 (17052290)  C          Kuruka  Unspecified (17052290)  6240028  6241300
  449 38.39  2.09  2.26            OX382364.1  6604276  6604896 (16688244)  C          Kuruka  Unspecified (16688244)  6604276  6604896
  284 31.31  4.35  4.35            OX382364.1  6605134  6605340 (16687800)  C          Kuruka  Unspecified (16687800)  6605134  6605340
  563 34.90  3.49  3.76            OX382364.1 11321775 11322548 (11970592)  C          Kuruka  Unspecified (11970592) 11321775 11322548
 1191 37.23  2.58  2.66            OX382364.1 11856048 11857366 (11435774)  C          Kuruka  Unspecified (11435774) 11856048 11857366
  548 34.80  0.67  1.01            OX382364.1 15544776 15545074 (7748066)  C          Kuruka  Unspecified (7748066) 15544776 15545074
  375 33.92  4.93  0.86            OX382364.1 16660523 16660745 (6632395)  C          Kuruka  Unspecified (6632395) 16660523 16660745
  407 33.93  2.17  2.62            OX382364.1 18550344 18550573 (4742567)  C          Kuruka  Unspecified (4742567) 18550344 18550573
  496 34.46  0.67  1.01            OX382365.1  1710125  1710423 (21525702)  +          Kuruka  Unspecified (21525702)  1710125  1710423
 1866 33.25  2.12  3.13            OX382365.1  6651726  6652855 (16583270)  +          Kuruka  Unspecified (16583270)  6651726  6652855
 2169 33.34  2.35  3.07            OX382365.1  6791653  6792800 (16443325)  +          Kuruka  Unspecified (16443325)  6791653  6792800
  499 37.76  1.10  1.10            OX382365.1  6845070  6846342 (16390694)  +          Kuruka  Unspecified (16390694)  6845070  6846342
 1681 33.07  2.71  2.71            OX382365.1  7382694  7383579 (15852546)  +          Kuruka  Unspecified (15852546)  7382694  7383579
  472 30.16  2.58  2.58            OX382365.1  7385172  7385365 (15850760)  +          Kuruka  Unspecified (15850760)  7385172  7385365
  235 20.69  1.69  1.69            OX382365.1  7397276  7397334 (15838791)  +          Kuruka  Unspecified (15838791)  7397276  7397334
  564 34.46  0.67  1.01            OX382365.1  8348951  8349249 (14886876)  +          Kuruka  Unspecified (14886876)  8348951  8349249
  451 35.13  0.67  1.01            OX382365.1  8990674  8990972 (14245153)  +          Kuruka  Unspecified (14245153)  8990674  8990972
  540 35.02  0.67  1.00            OX382365.1 12567947 12568246 (10667879)  +          Kuruka  Unspecified (10667879) 12567947 12568246
  284 31.31  4.35  4.35            OX382365.1 20381132 20381338 (2854787)  +          Kuruka  Unspecified (2854787) 20381132 20381338
  404 38.71  2.09  2.26            OX382365.1 20381576 20382196 (2853929)  +          Kuruka  Unspecified (2853929) 20381576 20382196
  375 33.92  4.93  0.86            OX382365.1 22774230 22774452 (461673)  +          Kuruka  Unspecified (461673) 22774230 22774452
  243 28.20  6.17  6.61            OX382365.1 22983982 22984224 (251901)  +          Kuruka  Unspecified (251901) 22983982 22984224
  347 35.51  2.36  5.19            OX382365.1 23187873 23188169  (47956)  +          Kuruka  Unspecified  (47956) 23187873 23188169
  515 35.59  1.79  4.07            OX382365.1    70018    71222 (23165380)  C          Kuruka  Unspecified (23165380)    70018    71222
  423 39.01  0.00  0.31            OX382365.1   639617   639940 (22596185)  C          Kuruka  Unspecified (22596185)   639617   639940
  452 35.13  0.67  1.01            OX382365.1  2970059  2970357 (20265768)  C          Kuruka  Unspecified (20265768)  2970059  2970357
  696 37.56  1.70  1.82            OX382365.1  6520903  6522175 (16714400)  C          Kuruka  Unspecified (16714400)  6520903  6522175
  526 33.88  1.44  2.62            OX382365.1  6930637  6931264 (16305142)  C          Kuruka  Unspecified (16305142)  6930637  6931264
  316 26.93  0.95  0.95            OX382365.1  7275589  7275693 (15960432)  C          Kuruka  Unspecified (15960432)  7275589  7275693
  577 34.46  0.67  1.01            OX382365.1  9565942  9566240 (13669885)  C          Kuruka  Unspecified (13669885)  9565942  9566240
  775 38.13  2.45  2.54            OX382365.1 16240749 16241932 (6994193)  C          Kuruka  Unspecified (6994193) 16240749 16241932
  496 34.46  0.67  1.01            OX382365.1 18361246 18361544 (4874581)  C          Kuruka  Unspecified (4874581) 18361246 18361544
  316 26.93  0.95  0.95            OX382365.1 22234451 22234555 (1001570)  C          Kuruka  Unspecified (1001570) 22234451 22234555
 1370 35.96  2.96  3.03            OX382366.1  3410789  3412107 (19709964)  +          Kuruka  Unspecified (19709964)  3410789  3412107
  315 28.64  6.17  6.61            OX382366.1  3485828  3486070 (19636001)  +          Kuruka  Unspecified (19636001)  3485828  3486070
  456 35.13  0.67  1.01            OX382366.1  7847216  7847514 (15274557)  +          Kuruka  Unspecified (15274557)  7847216  7847514
  387 31.31  3.14  3.54            OX382366.1  8276232  8276486 (14845585)  +          Kuruka  Unspecified (14845585)  8276232  8276486
  452 35.13  0.67  1.01            OX382366.1 15675090 15675388 (7446683)  +          Kuruka  Unspecified (7446683) 15675090 15675388
  323 33.20  3.54  3.95            OX382366.1 17722109 17722362 (5399709)  +          Kuruka  Unspecified (5399709) 17722109 17722362
 1595 34.98  2.94  2.45            OX382366.1 22489251 22490305 (631766)  +          Kuruka  Unspecified (631766) 22489251 22490305
  496 29.68  0.00  0.00            OX382366.1 22555149 22555303 (566768)  +          Kuruka  Unspecified (566768) 22555149 22555303
 1589 34.32  1.29  1.41            OX382366.1 22558158 22559008 (563063)  +          Kuruka  Unspecified (563063) 22558158 22559008
  528 35.81  0.67  1.01            OX382366.1 22916800 22917098 (204973)  +          Kuruka  Unspecified (204973) 22916800 22917098
  915 37.20  1.70  1.82            OX382366.1  8589667  8590939 (14531582)  C          Kuruka  Unspecified (14531582)  8589667  8590939
  496 34.46  0.67  1.01            OX382366.1 21949520 21949818 (1172253)  C          Kuruka  Unspecified (1172253) 21949520 21949818
  269 36.56  2.34  2.75            OX382366.1 22693606 22693861 (428210)  C          Kuruka  Unspecified (428210) 22693606 22693861
 2199 34.92  2.02  2.02            OX382367.1  4793721  4795006 (18064764)  +          Kuruka  Unspecified (18064764)  4793721  4795006
  303 29.12  6.28  3.77            OX382367.1 12056619 12056825 (10802945)  +          Kuruka  Unspecified (10802945) 12056619 12056825
  491 34.46  0.67  1.01            OX382367.1 18360993 18361291 (4498479)  +          Kuruka  Unspecified (4498479) 18360993 18361291
 1614 35.68  2.60  2.68            OX382367.1  8411096  8412440 (14447330)  C          Kuruka  Unspecified (14447330)  8411096  8412440
  564 33.96  0.67  1.01            OX382367.1  8486650  8487423 (14372822)  C          Kuruka  Unspecified (14372822)  8486650  8487423
  407 33.93  2.17  2.62            OX382367.1 14289059 14289288 (8570482)  C          Kuruka  Unspecified (8570482) 14289059 14289288
  534 35.13  0.67  1.01            OX382367.1 21722637 21722935 (1136835)  C          Kuruka  Unspecified (1136835) 21722637 21722935
  778 37.13  2.92  4.11            OX382368.1  6204006  6205137 (16103297)  +          Kuruka  Unspecified (16103297)  6204006  6205137
 2112 34.04  1.04  1.14            OX382368.1 10607132 10608186 (11700248)  +          Kuruka  Unspecified (11700248) 10607132 10608186
  324 34.49  6.25  4.88            OX382368.1   535086   535469 (21772965)  C          Kuruka  Unspecified (21772965)   535086   535469
  716 37.48  1.70  1.82            OX382368.1  1968532  1969804 (20339080)  C          Kuruka  Unspecified (20339080)  1968532  1969804
  755 38.67  2.28  2.37            OX382368.1  1973555  1974738 (20333696)  C          Kuruka  Unspecified (20333696)  1973555  1974738
  895 37.28  1.70  1.82            OX382368.1  5793077  5794349 (16514535)  C          Kuruka  Unspecified (16514535)  5793077  5794349
  329 35.12  1.74  2.18            OX382368.1 13295398 13295627 (9012807)  C          Kuruka  Unspecified (9012807) 13295398 13295627
 1999 34.90  1.99  1.91            OX382369.1  2817440  2818745 (18960997)  +          Kuruka  Unspecified (18960997)  2817440  2818745
  496 37.20  1.66  1.66            OX382369.1  5012439  5013711 (16766942)  +          Kuruka  Unspecified (16766942)  5012439  5013711
  275 29.45  5.26  5.77            OX382369.1  5902435  5902643 (15877099)  +          Kuruka  Unspecified (15877099)  5902435  5902643
 1679 35.62  2.45  2.53            OX382369.1  5909595  5910939 (15868803)  +          Kuruka  Unspecified (15868803)  5909595  5910939
  281 21.67  0.00  0.00            OX382369.1  7252101  7252160 (14527582)  +          Kuruka  Unspecified (14527582)  7252101  7252160
  534 35.13  0.67  1.01            OX382369.1  3079080  3079378 (18700364)  C          Kuruka  Unspecified (18700364)  3079080  3079378
  287 26.93  0.95  0.95            OX382369.1  4575187  4575291 (17204451)  C          Kuruka  Unspecified (17204451)  4575187  4575291
  551 34.80  0.67  1.01            OX382369.1 11052346 11052644 (10727098)  C          Kuruka  Unspecified (10727098) 11052346 11052644
  531 35.13  0.67  1.01            OX382369.1 11910667 11910965 (9868777)  C          Kuruka  Unspecified (9868777) 11910667 11910965
  229 22.64  0.00  0.00            OX382369.1 14569875 14569927 (7209815)  C          Kuruka  Unspecified (7209815) 14569875 14569927
  313 28.92  0.00  1.20            OX382369.1 17457610 17457693 (4322049)  C          Kuruka  Unspecified (4322049) 17457610 17457693
 1676 35.07  2.48  2.82            OX382369.1 17665082 17666290 (4113452)  C          Kuruka  Unspecified (4113452) 17665082 17666290
  231 33.34  0.00  1.04            OX382369.1 18091216 18091312 (3688430)  C          Kuruka  Unspecified (3688430) 18091216 18091312
 1154 36.22  2.52  3.87            OX382369.1 20537652 20538883 (1240859)  C          Kuruka  Unspecified (1240859) 20537652 20538883
  453 34.15  1.48  2.70            OX382370.1   575741   576077 (20966389)  +          Kuruka  Unspecified (20966389)   575741   576077
  328 27.71  0.00  1.20            OX382370.1  2400102  2400185 (19142281)  +          Kuruka  Unspecified (19142281)  2400102  2400185
  485 34.46  0.67  1.01            OX382370.1 10997607 10997905 (10544561)  +          Kuruka  Unspecified (10544561) 10997607 10997905
 2112 34.04  1.04  1.14            OX382370.1 13041583 13042637 (8499829)  +          Kuruka  Unspecified (8499829) 13041583 13042637
  497 34.46  0.67  1.01            OX382370.1 16244949 16245247 (5297219)  +          Kuruka  Unspecified (5297219) 16244949 16245247
  236 23.10  0.00  3.08            OX382370.1 19147865 19147931 (2394535)  +          Kuruka  Unspecified (2394535) 19147865 19147931
  386 31.24  1.23  1.23            OX382370.1 19149180 19149341 (2393125)  +          Kuruka  Unspecified (2393125) 19149180 19149341
  312 33.92  4.93  0.86            OX382370.1 20530190 20530412 (1012054)  +          Kuruka  Unspecified (1012054) 20530190 20530412
  372 37.53  1.10  1.10            OX382370.1 20963732 20965005 (578373)  +          Kuruka  Unspecified (578373) 20963732 20965005
  266 31.83  2.52  3.16            OX382370.1 21068295 21068453 (474013)  +          Kuruka  Unspecified (474013) 21068295 21068453
  394 37.48  1.10  1.10            OX382370.1 21393078 21394350 (149027)  +          Kuruka  Unspecified (149027) 21393078 21394350
  394 37.48  1.10  1.10            OX382370.1 21411221 21412493 (130884)  +          Kuruka  Unspecified (130884) 21411221 21412493
  712 37.96  3.12  3.21            OX382370.1  3564860  3566043 (17976423)  C          Kuruka  Unspecified (17976423)  3564860  3566043
  733 37.03  1.94  2.07            OX382370.1  3936446  3937718 (17605198)  C          Kuruka  Unspecified (17605198)  3936446  3937718
  270 33.78  2.92  3.78            OX382370.1  7075050  7075289 (14467177)  C          Kuruka  Unspecified (14467177)  7075050  7075289
  231 28.64  6.17  6.61            OX382370.1  7899335  7899577 (13642889)  C          Kuruka  Unspecified (13642889)  7899335  7899577
  574 37.46  2.45  3.44            OX382370.1 11996776 11997951 (9544957)  C          Kuruka  Unspecified (9544957) 11996776 11997951
  929 37.12  1.70  1.82            OX382370.1 13213557 13214829 (8328087)  C          Kuruka  Unspecified (8328087) 13213557 13214829
  430 38.36  2.15  2.29            OX382370.1 15736416 15737114 (5805352)  C          Kuruka  Unspecified (5805352) 15736416 15737114
  284 31.31  4.35  4.35            OX382370.1 15737352 15737558 (5804908)  C          Kuruka  Unspecified (5804908) 15737352 15737558
  459 35.02  0.67  1.00            OX382370.1 20507589 20507888 (1034578)  C          Kuruka  Unspecified (1034578) 20507589 20507888
  716 37.48  1.70  1.82            OX382370.1 21402911 21404183 (138733)  C          Kuruka  Unspecified (138733) 21402911 21404183
  292 31.31  4.35  4.35            OX382371.1   308474   308680 (21188014)  +          Kuruka  Unspecified (21188014)   308474   308680
  399 39.32  0.00  0.31            OX382371.1   311508   311831 (21184863)  +          Kuruka  Unspecified (21184863)   311508   311831
  496 34.46  0.67  1.01            OX382371.1  2201103  2201401 (19295293)  +          Kuruka  Unspecified (19295293)  2201103  2201401
  720 37.78  3.12  3.21            OX382371.1  8082041  8083224 (13413470)  +          Kuruka  Unspecified (13413470)  8082041  8083224
  397 37.48  1.10  1.10            OX382371.1 14142896 14144168 (7353437)  +          Kuruka  Unspecified (7353437) 14142896 14144168
  459 35.02  0.67  1.00            OX382371.1 17683799 17684098 (3812596)  +          Kuruka  Unspecified (3812596) 17683799 17684098
  314 29.26  6.76  4.25            OX382371.1   138180   138386 (21358308)  C          Kuruka  Unspecified (21358308)   138180   138386
 2115 34.04  1.04  1.14            OX382371.1  2038597  2039651 (19457043)  C          Kuruka  Unspecified (19457043)  2038597  2039651
  564 39.09  2.03  2.17            OX382371.1  5890265  5891004 (15605690)  C          Kuruka  Unspecified (15605690)  5890265  5891004
  337 31.31  4.35  4.35            OX382371.1  5891242  5891448 (15605246)  C          Kuruka  Unspecified (15605246)  5891242  5891448
  814 38.71  1.94  2.03            OX382371.1 10649598 10650781 (10845913)  C          Kuruka  Unspecified (10845913) 10649598 10650781
  299 33.75  0.62  1.24            OX382371.1 11743480 11743641 (9753053)  C          Kuruka  Unspecified (9753053) 11743480 11743641
  436 35.48  0.67  1.01            OX382371.1 12737769 12738067 (8758627)  C          Kuruka  Unspecified (8758627) 12737769 12738067
  227 22.23 14.81  4.20            OX382371.1 16542631 16542738 (4953956)  C          Kuruka  Unspecified (4953956) 16542631 16542738
  252 34.65  4.49  4.89            OX382372.1  3445849  3446115 (17804361)  +          Kuruka  Unspecified (17804361)  3445849  3446115
  456 35.24  2.95  4.49            OX382372.1  5769528  5769934 (15480542)  +          Kuruka  Unspecified (15480542)  5769528  5769934
  472 34.80  0.67  1.01            OX382372.1  7460941  7461239 (13789237)  +          Kuruka  Unspecified (13789237)  7460941  7461239
  396 37.56  1.10  1.10            OX382372.1  7572082  7573354 (13678033)  +          Kuruka  Unspecified (13678033)  7572082  7573354
 1562 35.67  2.44  2.04            OX382372.1 15762476 15763743 (5486733)  +          Kuruka  Unspecified (5486733) 15762476 15763743
 1860 34.63  4.51  1.96            OX382372.1 16796936 16798178 (4452298)  +          Kuruka  Unspecified (4452298) 16796936 16798178
  281 21.67  0.00  0.00            OX382372.1 17004927 17004986 (4245490)  +          Kuruka  Unspecified (4245490) 17004927 17004986
  449 37.60  0.57  0.86            OX382372.1 17374283 17375453 (3875845)  +          Kuruka  Unspecified (3875845) 17374283 17375453
  291 28.81  0.84  0.84            OX382372.1 17502412 17502530 (3747946)  +          Kuruka  Unspecified (3747946) 17502412 17502530
  450 35.13  0.67  1.01            OX382372.1 20451422 20451720 (798756)  +          Kuruka  Unspecified (798756) 20451422 20451720
 1660 34.25  1.65  1.74            OX382372.1  7236321  7237470 (14013006)  C          Kuruka  Unspecified (14013006)  7236321  7237470
  472 34.80  0.67  1.01            OX382372.1  7558484  7558782 (13691694)  C          Kuruka  Unspecified (13691694)  7558484  7558782
  915 37.20  1.70  1.82            OX382372.1 13763758 13765030 (7485896)  C          Kuruka  Unspecified (7485896) 13763758 13765030
  291 28.81  0.84  0.84            OX382372.1 20416652 20416770 (833706)  C          Kuruka  Unspecified (833706) 20416652 20416770
  461 34.80  0.67  1.01            OX382372.1 20564941 20565239 (685237)  C          Kuruka  Unspecified (685237) 20564941 20565239
  277 31.25  0.00  0.00            OX382373.1  6358808  6358903 (14696916)  +          Kuruka  Unspecified (14696916)  6358808  6358903
  496 37.28  1.66  1.66            OX382373.1  8521105  8522377 (12534353)  +          Kuruka  Unspecified (12534353)  8521105  8522377
  334 33.78  2.92  3.78            OX382373.1  8808946  8809185 (12246634)  +          Kuruka  Unspecified (12246634)  8808946  8809185
  452 35.13  0.67  1.01            OX382373.1 20481476 20481774 (574045)  +          Kuruka  Unspecified (574045) 20481476 20481774
  557 35.13  0.67  1.01            OX382373.1 20695525 20695823 (359996)  +          Kuruka  Unspecified (359996) 20695525 20695823
  599 34.46  0.67  1.01            OX382373.1 20858461 20858759 (197060)  +          Kuruka  Unspecified (197060) 20858461 20858759
  526 36.13  3.63  3.63            OX382373.1  1129482  1130334 (19925485)  C          Kuruka  Unspecified (19925485)  1129482  1130334
  541 35.13  0.67  1.01            OX382373.1  1609160  1609458 (19446361)  C          Kuruka  Unspecified (19446361)  1609160  1609458
 1351 35.15  2.48  2.82            OX382373.1  2813673  2814881 (18240938)  C          Kuruka  Unspecified (18240938)  2813673  2814881
  340 34.22  6.25  4.88            OX382373.1  7005131  7005514 (14050305)  C          Kuruka  Unspecified (14050305)  7005131  7005514
  241 30.18  5.69  5.69            OX382373.1 15039364 15039486 (6016333)  C          Kuruka  Unspecified (6016333) 15039364 15039486
  239 18.04  5.33  3.95            OX382373.1 16120952 16121026 (4934793)  C          Kuruka  Unspecified (4934793) 16120952 16121026
  337 26.21  1.90  1.90            OX382373.1 19473995 19474099 (1581720)  C          Kuruka  Unspecified (1581720) 19473995 19474099
  277 26.38  1.09  1.09            OX382373.1 19573788 19573879 (1481940)  C          Kuruka  Unspecified (1481940) 19573788 19573879
  540 35.48  0.67  1.01            OX382374.1   341390   341688 (20488142)  +          Kuruka  Unspecified (20488142)   341390   341688
  226 34.71  0.82  0.82            OX382374.1  1645800  1645921 (19183909)  +          Kuruka  Unspecified (19183909)  1645800  1645921
  452 35.13  0.67  1.01            OX382374.1  2090781  2091079 (18738751)  +          Kuruka  Unspecified (18738751)  2090781  2091079
  355 34.49  6.25  4.88            OX382374.1  2396802  2397185 (18432645)  +          Kuruka  Unspecified (18432645)  2396802  2397185
  496 34.46  0.67  1.01            OX382374.1  4459297  4459595 (16370235)  +          Kuruka  Unspecified (16370235)  4459297  4459595
  544 38.27  1.44  1.44            OX382374.1 10992802 10993642 (9836472)  +          Kuruka  Unspecified (9836472) 10992802 10993642
  574 34.35  4.61  3.42            OX382374.1 10994097 10994530 (9835300)  +          Kuruka  Unspecified (9835300) 10994097 10994530
  342 34.22  6.25  4.88            OX382374.1 14693702 14694085 (6135745)  +          Kuruka  Unspecified (6135745) 14693702 14694085
  605 34.46  0.67  1.01            OX382374.1 19096285 19096583 (1733247)  +          Kuruka  Unspecified (1733247) 19096285 19096583
  825 36.85  2.92  4.11            OX382374.1   749131   750262 (20079568)  C          Kuruka  Unspecified (20079568)   749131   750262
  324 34.49  6.25  4.88            OX382374.1  6990555  6990938 (13838892)  C          Kuruka  Unspecified (13838892)  6990555  6990938
  497 34.46  0.67  1.01            OX382374.1 13266443 13266741 (7563089)  C          Kuruka  Unspecified (7563089) 13266443 13266741
  316 26.93  0.95  0.95            OX382374.1 13470871 13470975 (7358855)  C          Kuruka  Unspecified (7358855) 13470871 13470975
  452 35.13  0.67  1.01            OX382374.1 13746312 13746610 (7083220)  C          Kuruka  Unspecified (7083220) 13746312 13746610
  447 35.13  0.67  1.01            OX382374.1 14021414 14021712 (6808118)  C          Kuruka  Unspecified (6808118) 14021414 14021712
  456 35.13  0.67  1.01            OX382374.1 18045455 18045753 (2784077)  C          Kuruka  Unspecified (2784077) 18045455 18045753
  959 37.76  1.46  1.58            OX382374.1 18347731 18349003 (2481277)  C          Kuruka  Unspecified (2481277) 18347731 18349003
  388 33.47  4.93  0.86            OX382374.1 19540325 19540547 (1289283)  C          Kuruka  Unspecified (1289283) 19540325 19540547
  303 39.47  0.58  0.87            OX382375.1   435475   435819 (19774651)  +          Kuruka  Unspecified (19774651)   435475   435819
  499 34.12  0.67  1.01            OX382375.1  1058015  1058313 (19152157)  +          Kuruka  Unspecified (19152157)  1058015  1058313
  557 35.13  0.67  1.01            OX382375.1  2296177  2296475 (17913995)  +          Kuruka  Unspecified (17913995)  2296177  2296475
  601 34.24  0.67  1.01            OX382375.1  2303116  2303413 (17907057)  +          Kuruka  Unspecified (17907057)  2303116  2303413
  296 28.05  0.00  0.00            OX382375.1  4756033  4756114 (15454356)  +          Kuruka  Unspecified (15454356)  4756033  4756114
  287 26.93  0.95  0.95            OX382375.1  5373824  5373928 (14836542)  +          Kuruka  Unspecified (14836542)  5373824  5373928
  768 35.23  1.73  1.73            OX382375.1 11574686 11575854 (8635438)  +          Kuruka  Unspecified (8635438) 11574686 11575854
 1379 34.42  3.78  3.59            OX382375.1 11981693 11982804 (8227666)  +          Kuruka  Unspecified (8227666) 11981693 11982804
  534 35.13  0.67  1.01            OX382375.1 12633369 12633667 (7576803)  +          Kuruka  Unspecified (7576803) 12633369 12633667
  810 36.88  3.49  3.57            OX382375.1 12983234 12984552 (7225918)  +          Kuruka  Unspecified (7225918) 12983234 12984552
  284 29.78  4.14  2.72            OX382375.1 13721452 13721596 (6488874)  +          Kuruka  Unspecified (6488874) 13721452 13721596
  247 33.65  1.85  0.00            OX382375.1 17322057 17322684 (2888306)  +          Kuruka  Unspecified (2888306) 17322057 17322684
  473 34.80  0.67  1.01            OX382375.1  1231019  1231317 (18979153)  C          Kuruka  Unspecified (18979153)  1231019  1231317
  493 34.46  0.67  1.01            OX382375.1  9474638  9474936 (10735534)  C          Kuruka  Unspecified (10735534)  9474638  9474936
 1644 33.47  2.68  3.07            OX382375.1 10161069 10162113 (10048357)  C          Kuruka  Unspecified (10048357) 10161069 10162113
  509 34.46  0.67  1.01            OX382375.1 11814772 11815070 (8395400)  C          Kuruka  Unspecified (8395400) 11814772 11815070
  850 36.10  1.77  1.95            OX382375.1 11941365 11941929 (8268541)  C          Kuruka  Unspecified (8268541) 11941365 11941929
  496 35.40  1.66  1.66            OX382375.1 11943338 11943699 (8266771)  C          Kuruka  Unspecified (8266771) 11943338 11943699
  298 28.64  6.17  6.61            OX382375.1 14301656 14301898 (5908572)  C          Kuruka  Unspecified (5908572) 14301656 14301898
  240 31.43  0.94  0.94            OX382375.1 14634096 14634201 (5576269)  C          Kuruka  Unspecified (5576269) 14634096 14634201
  966 36.91  1.70  1.82            OX382375.1 16630012 16631284 (3579636)  C          Kuruka  Unspecified (3579636) 16630012 16631284
  660 35.35  3.23  3.50            OX382375.1 19043750 19044523 (1165947)  C          Kuruka  Unspecified (1165947) 19043750 19044523
  373 34.22  6.25  4.88            OX382375.1 20094184 20094567 (115903)  C          Kuruka  Unspecified (115903) 20094184 20094567
  320 28.81  0.84  0.84            OX382376.1  6006862  6006980 (13527479)  +          Kuruka  Unspecified (13527479)  6006862  6006980
  375 33.92  4.93  0.86            OX382376.1  6606070  6606292 (12928167)  +          Kuruka  Unspecified (12928167)  6606070  6606292
  456 35.13  0.67  1.01            OX382376.1 10951996 10952294 (8582165)  +          Kuruka  Unspecified (8582165) 10951996 10952294
  450 35.13  0.67  1.01            OX382376.1 12294772 12295070 (7239389)  +          Kuruka  Unspecified (7239389) 12294772 12295070
  342 34.22  6.25  4.88            OX382376.1 16071455 16071838 (3462621)  +          Kuruka  Unspecified (3462621) 16071455 16071838
  285 29.62  6.28  3.77            OX382376.1 16511812 16512018 (3022441)  +          Kuruka  Unspecified (3022441) 16511812 16512018
  323 28.81  0.84  0.84            OX382376.1  3310066  3310184 (16224275)  C          Kuruka  Unspecified (16224275)  3310066  3310184
  339 32.92  1.85  2.48            OX382376.1  4505389  4505550 (15028909)  C          Kuruka  Unspecified (15028909)  4505389  4505550
  515 35.66  1.79  4.07            OX382376.1  6728006  6729164 (12805726)  C          Kuruka  Unspecified (12805726)  6728006  6729164
  480 33.85  1.48  2.70            OX382376.1  6922114  6922450 (12612009)  C          Kuruka  Unspecified (12612009)  6922114  6922450
  480 35.01  0.33  0.67            OX382376.1  7847956  7848254 (11686205)  C          Kuruka  Unspecified (11686205)  7847956  7848254
  696 37.56  1.70  1.82            OX382376.1 10842287 10843559 (8691350)  C          Kuruka  Unspecified (8691350) 10842287 10843559
  551 34.80  0.67  1.01            OX382376.1 14451795 14452093 (5082366)  C          Kuruka  Unspecified (5082366) 14451795 14452093
  744 38.30  2.45  2.54            OX382377.1  6291721  6292904 (12989354)  +          Kuruka  Unspecified (12989354)  6291721  6292904
  323 28.81  0.84  0.84            OX382377.1  8130561  8130679 (11151579)  +          Kuruka  Unspecified (11151579)  8130561  8130679
  469 34.80  0.67  1.01            OX382377.1 11302317 11302615 (7979643)  +          Kuruka  Unspecified (7979643) 11302317 11302615
  326 32.50  4.03  4.45            OX382377.1 15415739 15415986 (3866272)  +          Kuruka  Unspecified (3866272) 15415739 15415986
 2096 34.13  1.04  1.14            OX382377.1 16603146 16604200 (2678058)  +          Kuruka  Unspecified (2678058) 16603146 16604200
  730 37.39  1.70  1.82            OX382377.1   842184   843456 (18439252)  C          Kuruka  Unspecified (18439252)   842184   843456
  324 34.49  6.25  4.88            OX382377.1  2617303  2617686 (16664572)  C          Kuruka  Unspecified (16664572)  2617303  2617686
 1354 34.76  3.06  3.40            OX382377.1  5353328  5354536 (13927722)  C          Kuruka  Unspecified (13927722)  5353328  5354536
  453 35.13  0.67  1.01            OX382377.1  8378317  8378615 (10903643)  C          Kuruka  Unspecified (10903643)  8378317  8378615
 2041 34.23  1.04  1.52            OX382377.1 11965865 11966923 (7315335)  C          Kuruka  Unspecified (7315335) 11965865 11966923
  567 34.80  0.67  1.01            OX382378.1  7827376  7827674 (11038172)  +          Kuruka  Unspecified (11038172)  7827376  7827674
  232 23.08  0.00  0.00            OX382378.1 10686608 10686659 (8179187)  +          Kuruka  Unspecified (8179187) 10686608 10686659
  482 34.46  0.67  1.01            OX382378.1  9489811  9490109 (9375737)  C          Kuruka  Unspecified (9375737)  9489811  9490109
  452 35.13  0.67  1.01            OX382378.1 14643601 14643899 (4221947)  C          Kuruka  Unspecified (4221947) 14643601 14643899
  915 37.20  1.70  1.82            OX382378.1 18409556 18410828 (455468)  C          Kuruka  Unspecified (455468) 18409556 18410828
  600 34.46  0.67  1.01            OX382379.1   111398   111696 (17957705)  +          Kuruka  Unspecified (17957705)   111398   111696
  343 33.75  0.62  1.24            OX382379.1  4859410  4859571 (13209830)  +          Kuruka  Unspecified (13209830)  4859410  4859571
  440 35.35  0.67  1.00            OX382379.1  6253841  6254140 (11815261)  +          Kuruka  Unspecified (11815261)  6253841  6254140
  342 34.22  6.25  4.88            OX382379.1  6500602  6500985 (11568416)  +          Kuruka  Unspecified (11568416)  6500602  6500985
  228 33.06  0.81  1.64            OX382379.1 10318323 10318445 (7750956)  +          Kuruka  Unspecified (7750956) 10318323 10318445
  564 35.13  0.67  1.01            OX382379.1 17106000 17106298 (963103)  +          Kuruka  Unspecified (963103) 17106000 17106298
  567 35.13  0.67  1.01            OX382379.1 17744258 17744556 (324845)  +          Kuruka  Unspecified (324845) 17744258 17744556
  375 33.92  4.93  0.86            OX382379.1 17826432 17826654 (242747)  +          Kuruka  Unspecified (242747) 17826432 17826654
  539 34.80  0.67  1.01            OX382379.1  4000684  4000982 (14068419)  C          Kuruka  Unspecified (14068419)  4000684  4000982
  806 37.32  3.29  3.38            OX382380.1   145984   147167 (16464044)  +          Kuruka  Unspecified (16464044)   145984   147167
 2411 33.25  2.68  2.60            OX382380.1   172531   173762 (16437449)  +          Kuruka  Unspecified (16437449)   172531   173762
  458 35.13  0.67  1.01            OX382380.1   492305   492603 (16118608)  +          Kuruka  Unspecified (16118608)   492305   492603
  503 34.12  0.67  1.01            OX382380.1   852781   853079 (15758132)  +          Kuruka  Unspecified (15758132)   852781   853079
  238 28.91  5.19  5.19            OX382380.1  1747445  1747579 (14863632)  +          Kuruka  Unspecified (14863632)  1747445  1747579
  306 30.96  4.85  4.35            OX382380.1  2521427  2521632 (14089579)  +          Kuruka  Unspecified (14089579)  2521427  2521632
  439 36.60  3.52  1.85            OX382380.1  2522186  2522611 (14088600)  +          Kuruka  Unspecified (14088600)  2522186  2522611
  253 36.96  2.34  2.75            OX382380.1  4099850  4100105 (12511106)  +          Kuruka  Unspecified (12511106)  4099850  4100105
  344 33.93  2.17  2.62            OX382380.1  8754288  8754517 (7856694)  +          Kuruka  Unspecified (7856694)  8754288  8754517
  482 34.46  0.67  1.01            OX382380.1  9384117  9384415 (7226796)  +          Kuruka  Unspecified (7226796)  9384117  9384415
  474 34.80  0.67  1.01            OX382380.1 14891958 14892256 (1718955)  +          Kuruka  Unspecified (1718955) 14891958 14892256
  277 29.24  3.45  3.96            OX382380.1 15397625 15397827 (1213384)  +          Kuruka  Unspecified (1213384) 15397625 15397827
  445 35.48  0.67  1.01            OX382380.1  1023442  1023740 (15587471)  C          Kuruka  Unspecified (15587471)  1023442  1023740
  716 37.48  1.70  1.82            OX382380.1  2574141  2575413 (14036248)  C          Kuruka  Unspecified (14036248)  2574141  2575413
  463 35.13  0.67  1.01            OX382380.1  6834110  6834408 (9776803)  C          Kuruka  Unspecified (9776803)  6834110  6834408
  496 34.46  0.67  1.01            OX382380.1  6847130  6847428 (9763783)  C          Kuruka  Unspecified (9763783)  6847130  6847428
  577 34.80  0.67  1.01            OX382380.1  7275686  7275984 (9335227)  C          Kuruka  Unspecified (9335227)  7275686  7275984
  809 36.94  2.92  4.11            OX382380.1  7560078  7561209 (9050002)  C          Kuruka  Unspecified (9050002)  7560078  7561209
  266 35.12  1.74  2.18            OX382380.1  9143998  9144227 (7466984)  C          Kuruka  Unspecified (7466984)  9143998  9144227
  317 27.18  0.00  1.09            OX382380.1 12464702 12464794 (4146417)  C          Kuruka  Unspecified (4146417) 12464702 12464794
  375 33.92  4.93  0.86            OX382380.1 12951179 12951401 (3659810)  C          Kuruka  Unspecified (3659810) 12951179 12951401
  287 26.93  0.95  0.95            OX382381.1  4165664  4165768 (11109201)  +          Kuruka  Unspecified (11109201)  4165664  4165768
  496 37.20  1.66  1.66            OX382381.1  7212574  7213846 (8062034)  +          Kuruka  Unspecified (8062034)  7212574  7213846
  436 35.48  0.67  1.01            OX382381.1  5610378  5610676 (9664293)  C          Kuruka  Unspecified (9664293)  5610378  5610676
  428 35.48  0.67  1.01            OX382382.1  8804890  8805188 (4758004)  +          Kuruka  Unspecified (4758004)  8804890  8805188
  312 33.92  4.93  0.86            OX382382.1  9277041  9277263 (4285929)  +          Kuruka  Unspecified (4285929)  9277041  9277263
  539 36.52  3.63  3.63            OX382382.1 10141665 10142796 (3420675)  +          Kuruka  Unspecified (3420675) 10141665 10142796
  482 34.46  0.67  1.01            OX382382.1 10968197 10968495 (2594697)  +          Kuruka  Unspecified (2594697) 10968197 10968495
  259 21.67  0.00  0.00            OX382382.1  5458867  5458926 (8104266)  C          Kuruka  Unspecified (8104266)  5458867  5458926
  456 35.13  0.67  1.01            OX382382.1  7069672  7069970 (6493222)  C          Kuruka  Unspecified (6493222)  7069672  7069970
  316 26.93  0.95  0.95            OX382382.1 10397297 10397401 (3165791)  C          Kuruka  Unspecified (3165791) 10397297 10397401
  256 34.96  0.69  0.69            OX382382.1 12362405 12362548 (1200644)  C          Kuruka  Unspecified (1200644) 12362405 12362548
  285 26.93  0.95  0.95            OX382383.1   979090   979194 (10825386)  +          Kuruka  Unspecified (10825386)   979090   979194
  475 34.80  0.67  1.01            OX382383.1  2412870  2413168 (9391412)  +          Kuruka  Unspecified (9391412)  2412870  2413168
  527 35.13  0.67  1.01            OX382383.1  2931821  2932119 (8872461)  +          Kuruka  Unspecified (8872461)  2931821  2932119
  447 35.13  0.67  1.01            OX382383.1  2970454  2970752 (8833828)  +          Kuruka  Unspecified (8833828)  2970454  2970752
  412 36.16  0.67  1.01            OX382383.1  4740966  4741264 (7063316)  +          Kuruka  Unspecified (7063316)  4740966  4741264
  499 35.76  1.79  4.07            OX382383.1   560770   561928 (11243083)  C          Kuruka  Unspecified (11243083)   560770   561928
  491 34.46  0.67  1.01            OX382383.1  1622386  1622684 (10181896)  C          Kuruka  Unspecified (10181896)  1622386  1622684
  592 34.46  0.67  1.01            OX382383.1  6815242  6815540 (4989040)  C          Kuruka  Unspecified (4989040)  6815242  6815540
  453 35.13  0.67  1.01            OX382383.1  7280025  7280323 (4524257)  C          Kuruka  Unspecified (4524257)  7280025  7280323
  359 33.48  3.86  4.26            OX382384.1  9644164  9644422 (1741740)  +          Kuruka  Unspecified (1741740)  9644164  9644422
  459 35.02  0.67  1.00            OX382384.1  9975851  9976150 (1410012)  +          Kuruka  Unspecified (1410012)  9975851  9976150
 2378 32.58  1.38  1.48            OX382384.1  1372842  1373925 (10012237)  C          Kuruka  Unspecified (10012237)  1372842  1373925
  483 34.80  0.67  1.01            OX382384.1  6929895  6930193 (4455969)  C          Kuruka  Unspecified (4455969)  6929895  6930193
  233 34.77  3.61  3.61            OX382384.1  7455078  7455271 (3930891)  C          Kuruka  Unspecified (3930891)  7455078  7455271
  312 33.92  4.93  0.86            OX382384.1  9655294  9655516 (1730646)  C          Kuruka  Unspecified (1730646)  9655294  9655516
  226 34.98  0.00  0.00            OX382385.1  1055215  1055800 (9872111)  +          Kuruka  Unspecified (9872111)  1055215  1055800
  590 34.46  0.67  1.01            OX382385.1  3260845  3261143 (7666349)  +          Kuruka  Unspecified (7666349)  3260845  3261143
  576 34.01  1.34  1.68            OX382385.1  4474263  4474561 (6452931)  +          Kuruka  Unspecified (6452931)  4474263  4474561
 2018 34.14  2.68  2.76            OX382385.1  6372931  6374201 (4553291)  C          Kuruka  Unspecified (4553291)  6372931  6374201
 1662 34.81  1.99  1.91            OX382385.1 10708195 10709500 (217992)  C          Kuruka  Unspecified (217992) 10708195 10709500
