  304 32.13  3.49  3.49           NC_071325.1  4276712  4276969 (15470170)  +          Kuruka  Unspecified (15470170)  4276712  4276969
  240 31.70  4.65  4.65           NC_071325.1 15408794 15408965 (4338174)  +          Kuruka  Unspecified (4338174) 15408794 15408965
  356 34.05  2.49  2.49           NC_071325.1 15695335 15696473 (4051444)  +          Kuruka  Unspecified (4051444) 15695335 15696473
  284 28.27  1.08  1.08           NC_071325.1 15872908 15873000 (3874139)  +          Kuruka  Unspecified (3874139) 15872908 15873000
  259 33.54  2.38  2.38           NC_071325.1 16202577 16203715 (3544185)  +          Kuruka  Unspecified (3544185) 16202577 16203715
  315 34.21  1.94  1.94           NC_071325.1 16383892 16384046 (3363093)  +          Kuruka  Unspecified (3363093) 16383892 16384046
  549 36.30  3.34  3.51           NC_071325.1 16542881 16543508 (3203631)  +          Kuruka  Unspecified (3203631) 16542881 16543508
  288 36.76  1.94  1.94           NC_071325.1 16712114 16712371 (3034768)  +          Kuruka  Unspecified (3034768) 16712114 16712371
  289 35.37  3.95  3.95           NC_071325.1 16713916 16715029 (3032971)  +          Kuruka  Unspecified (3032971) 16713916 16715029
  332 34.90  0.52  1.04           NC_071325.1 16717539 16717732 (3029407)  +          Kuruka  Unspecified (3029407) 16717539 16717732
  240 33.74  2.77  2.77           NC_071325.1 16748933 16749185 (2997954)  +          Kuruka  Unspecified (2997954) 16748933 16749185
  285 33.85  1.64  4.75           NC_071325.1 16845018 16845321 (2901818)  +          Kuruka  Unspecified (2901818) 16845018 16845321
  648 31.85  4.02  3.19           NC_071325.1 16904188 16904560 (2842579)  +          Kuruka  Unspecified (2842579) 16904188 16904560
  864 33.91  1.71  1.50           NC_071325.1 16904842 16905308 (2841831)  +          Kuruka  Unspecified (2841831) 16904842 16905308
  290 35.89  0.00  0.00           NC_071325.1 16949165 16949807 (2797855)  +          Kuruka  Unspecified (2797855) 16949165 16949807
  309 25.93  7.41  0.00           NC_071325.1 16992948 16993028 (2754111)  +          Kuruka  Unspecified (2754111) 16992948 16993028
  313 34.64  0.83  0.83           NC_071325.1 17145057 17145701 (2601963)  +          Kuruka  Unspecified (2601963) 17145057 17145701
  305 32.68  4.48  2.94           NC_071325.1 17186285 17186552 (2560587)  +          Kuruka  Unspecified (2560587) 17186285 17186552
  313 34.64  0.83  0.83           NC_071325.1 17318070 17318714 (2428950)  +          Kuruka  Unspecified (2428950) 17318070 17318714
  310 38.01  0.41  0.82           NC_071325.1 18224655 18224898 (1522241)  +          Kuruka  Unspecified (1522241) 18224655 18224898
  570 33.78  3.38  3.60           NC_071325.1 18600592 18601064 (1146075)  +          Kuruka  Unspecified (1146075) 18600592 18601064
  520 31.29  4.01  3.46           NC_071325.1 19291491 19291864 (455275)  +          Kuruka  Unspecified (455275) 19291491 19291864
  703 33.42  0.84  1.12           NC_071325.1 19292257 19292613 (454526)  +          Kuruka  Unspecified (454526) 19292257 19292613
  285 30.94  2.10  2.82           NC_071325.1 19295676 19295818 (451321)  +          Kuruka  Unspecified (451321) 19295676 19295818
 1475 33.75  3.24  3.90           NC_071325.1  6753036  6754145 (12992994)  C          Kuruka  Unspecified (12992994)  6753036  6754145
  320 33.41  3.20  3.20           NC_071325.1 15424698 15425198 (4322317)  C          Kuruka  Unspecified (4322317) 15424698 15425198
  380 33.72  3.81  2.61           NC_071325.1 15444631 15444971 (4302168)  C          Kuruka  Unspecified (4302168) 15444631 15444971
  320 33.41  3.20  3.20           NC_071325.1 15448378 15448878 (4298637)  C          Kuruka  Unspecified (4298637) 15448378 15448878
  343 35.17  3.51  2.41           NC_071325.1 15492534 15492903 (4254236)  C          Kuruka  Unspecified (4254236) 15492534 15492903
  320 33.41  3.20  3.20           NC_071325.1 15496283 15496783 (4250732)  C          Kuruka  Unspecified (4250732) 15496283 15496783
  320 33.17  3.20  3.20           NC_071325.1 15555848 15556348 (4191167)  C          Kuruka  Unspecified (4191167) 15555848 15556348
  320 33.01  3.20  3.20           NC_071325.1 15644539 15645038 (4102476)  C          Kuruka  Unspecified (4102476) 15644539 15645038
  288 32.93  3.49  3.49           NC_071325.1 15808602 15808859 (3938280)  C          Kuruka  Unspecified (3938280) 15808602 15808859
  326 29.47  6.21  4.05           NC_071325.1 15822021 15822165 (3924974)  C          Kuruka  Unspecified (3924974) 15822021 15822165
  293 26.67  0.00  0.00           NC_071325.1 15830387 15830461 (3916678)  C          Kuruka  Unspecified (3916678) 15830387 15830461
  293 26.67  0.00  0.00           NC_071325.1 15837851 15837925 (3909214)  C          Kuruka  Unspecified (3909214) 15837851 15837925
  293 26.67  0.00  0.00           NC_071325.1 15845196 15845270 (3901869)  C          Kuruka  Unspecified (3901869) 15845196 15845270
  225 33.06  2.95  4.27           NC_071325.1 15886266 15886502 (3860637)  C          Kuruka  Unspecified (3860637) 15886266 15886502
  328 33.02  0.00  0.00           NC_071325.1 15937332 15938169 (3809707)  C          Kuruka  Unspecified (3809707) 15937332 15938169
  359 33.84  3.66  3.66           NC_071325.1 15957114 15957386 (3789753)  C          Kuruka  Unspecified (3789753) 15957114 15957386
  475 35.57  0.39  0.39           NC_071325.1 15957617 15957870 (3789269)  C          Kuruka  Unspecified (3789269) 15957617 15957870
  359 34.25  3.20  3.20           NC_071325.1 15961367 15962341 (3785648)  C          Kuruka  Unspecified (3785648) 15961367 15962341
  351 34.22  3.66  3.66           NC_071325.1 15998951 15999223 (3747916)  C          Kuruka  Unspecified (3747916) 15998951 15999223
  476 33.97  4.05  2.94           NC_071325.1 15999454 15999823 (3747316)  C          Kuruka  Unspecified (3747316) 15999454 15999823
  359 34.25  3.20  3.20           NC_071325.1 16003202 16004176 (3743813)  C          Kuruka  Unspecified (3743813) 16003202 16004176
  353 34.61  3.51  2.41           NC_071325.1 16042073 16042442 (3704697)  C          Kuruka  Unspecified (3704697) 16042073 16042442
  366 33.84  3.66  3.66           NC_071325.1 16112135 16112407 (3634732)  C          Kuruka  Unspecified (3634732) 16112135 16112407
  352 35.26  4.94  0.79           NC_071325.1 16112638 16112880 (3634259)  C          Kuruka  Unspecified (3634259) 16112638 16112880
  369 34.58  3.15  3.15           NC_071325.1 16115502 16116471 (3631511)  C          Kuruka  Unspecified (3631511) 16115502 16116471
  303 34.39  1.94  1.94           NC_071325.1 16340558 16340815 (3406324)  C          Kuruka  Unspecified (3406324) 16340558 16340815
  326 29.47  6.21  4.05           NC_071325.1 16353956 16354100 (3393039)  C          Kuruka  Unspecified (3393039) 16353956 16354100
  287 28.00  0.00  0.00           NC_071325.1 16362386 16362460 (3384679)  C          Kuruka  Unspecified (3384679) 16362386 16362460
 1191 34.15  3.33  4.08           NC_071325.1 16444243 16445353 (3301786)  C          Kuruka  Unspecified (3301786) 16444243 16445353
 1109 34.81  3.72  3.81           NC_071325.1 16584674 16585802 (3161337)  C          Kuruka  Unspecified (3161337) 16584674 16585802
  266 30.72  3.42  6.34           NC_071325.1 16848615 16848760 (2898379)  C          Kuruka  Unspecified (2898379) 16848615 16848760
 1460 34.75  3.65  3.84           NC_071325.1 17020445 17021566 (2725573)  C          Kuruka  Unspecified (2725573) 17020445 17021566
  978 34.17  2.48  2.62           NC_071325.1 17036434 17037655 (2709981)  C          Kuruka  Unspecified (2709981) 17036434 17037655
  393 33.52  6.63  6.63           NC_071325.1 17056755 17057131 (2690008)  C          Kuruka  Unspecified (2690008) 17056755 17057131
  270 32.03  0.00  0.00           NC_071325.1 17110605 17110732 (2636407)  C          Kuruka  Unspecified (2636407) 17110605 17110732
  270 32.03  0.00  0.00           NC_071325.1 17116896 17117023 (2630116)  C          Kuruka  Unspecified (2630116) 17116896 17117023
 1543 34.12  3.24  3.99           NC_071325.1 17221704 17222814 (2524325)  C          Kuruka  Unspecified (2524325) 17221704 17222814
  261 25.97  7.79  0.00           NC_071325.1 17625421 17625497 (2121642)  C          Kuruka  Unspecified (2121642) 17625421 17625497
  953 35.34  4.23  4.32           NC_071325.1 17855729 17856840 (1890299)  C          Kuruka  Unspecified (1890299) 17855729 17856840
  293 28.57  4.37  4.37           NC_071325.1 17857355 17857537 (1889602)  C          Kuruka  Unspecified (1889602) 17857355 17857537
  342 33.64  1.94  6.04           NC_071325.1 17965914 17966223 (1780916)  C          Kuruka  Unspecified (1780916) 17965914 17966223
  289 29.14  4.37  4.37           NC_071325.1 17967414 17967596 (1779543)  C          Kuruka  Unspecified (1779543) 17967414 17967596
  236 32.94  2.89  3.49           NC_071325.1 18082433 18082605 (1664534)  C          Kuruka  Unspecified (1664534) 18082433 18082605
  650 34.23  5.29  5.67           NC_071325.1 18295496 18296610 (1450529)  C          Kuruka  Unspecified (1450529) 18295496 18296610
  393 37.37  1.29  1.29           NC_071325.1 18324008 18324316 (1422823)  C          Kuruka  Unspecified (1422823) 18324008 18324316
  304 29.04  4.55  3.87           NC_071325.1 18343797 18343950 (1403189)  C          Kuruka  Unspecified (1403189) 18343797 18343950
  231 35.71  0.00  0.00           NC_071325.1 18723002 18723099 (1024040)  C          Kuruka  Unspecified (1024040) 18723002 18723099
  276 34.88  0.00  0.00           NC_071325.1 18933952 18934080 (813059)  C          Kuruka  Unspecified (813059) 18933952 18934080
  314 26.79  0.88  0.88           NC_071325.1 18934835 18934947 (812192)  C          Kuruka  Unspecified (812192) 18934835 18934947
  465 32.92  3.56  3.56           NC_071325.1 19489344 19489680 (257459)  C          Kuruka  Unspecified (257459) 19489344 19489680
  465 32.92  3.56  3.56           NC_071325.1 19493195 19493531 (253608)  C          Kuruka  Unspecified (253608) 19493195 19493531
  465 32.92  3.56  3.56           NC_071325.1 19497032 19497368 (249771)  C          Kuruka  Unspecified (249771) 19497032 19497368
  345 33.67  5.07  6.02           NC_071325.1 19509415 19509749 (237390)  C          Kuruka  Unspecified (237390) 19509415 19509749
  446 29.67  4.07  4.07           NC_071325.1 19510139 19510384 (236755)  C          Kuruka  Unspecified (236755) 19510139 19510384
  356 35.03  5.77  5.05           NC_071325.1 19513149 19513581 (233558)  C          Kuruka  Unspecified (233558) 19513149 19513581
  423 33.44  3.58  3.58           NC_071325.1 19513971 19514305 (232834)  C          Kuruka  Unspecified (232834) 19513971 19514305
  381 29.42  4.03  4.03           NC_071325.1 19533481 19533728 (213411)  C          Kuruka  Unspecified (213411) 19533481 19533728
  381 29.42  4.03  4.03           NC_071325.1 19537311 19537558 (209581)  C          Kuruka  Unspecified (209581) 19537311 19537558
  331 30.08  4.07  4.07           NC_071325.1 19541137 19541382 (205757)  C          Kuruka  Unspecified (205757) 19541137 19541382
  316 34.43  0.00  0.00           NC_071325.1 19659920 19660102  (87037)  C          Kuruka  Unspecified  (87037) 19659920 19660102
  247 31.17  4.35  4.35           NC_071325.1 19660399 19660559  (86580)  C          Kuruka  Unspecified  (86580) 19660399 19660559
 1455 33.84  3.24  3.90           NC_071326.1 23199250 23200359 (69144696)  +          Kuruka  Unspecified (69144696) 23199250 23200359
  439 33.54  4.58  3.74           NC_071326.1 32627809 32628929 (59716876)  +          Kuruka  Unspecified (59716876) 32627809 32628929
  455 33.51  4.58  3.74           NC_071326.1 37888341 37889461 (54456344)  +          Kuruka  Unspecified (54456344) 37888341 37889461
  334 34.21  1.55  1.55           NC_071326.1 47597660 47597852 (44747203)  +          Kuruka  Unspecified (44747203) 47597660 47597852
  564 35.35  2.32  2.48           NC_071326.1 53962549 53963195 (38381860)  +          Kuruka  Unspecified (38381860) 53962549 53963195
  753 33.26  3.59  2.77           NC_071326.1 54658594 54659094 (37685961)  +          Kuruka  Unspecified (37685961) 54658594 54659094
  412 35.09  1.49  1.49           NC_071326.1 54783254 54783522 (37561533)  +          Kuruka  Unspecified (37561533) 54783254 54783522
  699 35.01  2.84  2.26           NC_071326.1 54783745 54784273 (37560782)  +          Kuruka  Unspecified (37560782) 54783745 54784273
  412 35.09  1.49  1.49           NC_071326.1 54785321 54785589 (37559466)  +          Kuruka  Unspecified (37559466) 54785321 54785589
  710 34.82  2.84  2.26           NC_071326.1 54785812 54786340 (37558715)  +          Kuruka  Unspecified (37558715) 54785812 54786340
  227 28.43  2.86  2.86           NC_071326.1 56237602 56237706 (36107349)  +          Kuruka  Unspecified (36107349) 56237602 56237706
  327 34.42  1.91  1.91           NC_071326.1 57896484 57896640 (34448415)  +          Kuruka  Unspecified (34448415) 57896484 57896640
  312 32.16  4.14  4.14           NC_071326.1 57951657 57951922 (34393133)  +          Kuruka  Unspecified (34393133) 57951657 57951922
  357 28.26  2.13  2.13           NC_071326.1 57955610 57955750 (34389305)  +          Kuruka  Unspecified (34389305) 57955610 57955750
  393 33.52  6.63  6.63           NC_071326.1 58210450 58210826 (34134229)  +          Kuruka  Unspecified (34134229) 58210450 58210826
 1248 34.03  3.24  3.90           NC_071326.1 64939876 64940985 (27404070)  +          Kuruka  Unspecified (27404070) 64939876 64940985
  329 32.61  2.95  4.27           NC_071326.1 87264045 87264281 (5080774)  +          Kuruka  Unspecified (5080774) 87264045 87264281
  328 31.98  4.26  4.26           NC_071326.1 87827054 87827311 (4517744)  +          Kuruka  Unspecified (4517744) 87827054 87827311
  582 36.77  2.39  2.55           NC_071326.1 42300094 42300721 (50044334)  C          Kuruka  Unspecified (50044334) 42300094 42300721
  564 32.36  2.55  2.84           NC_071326.1 48890646 48890998 (43454057)  C          Kuruka  Unspecified (43454057) 48890646 48890998
  326 34.53  4.04  3.21           NC_071326.1 48891396 48891766 (43453289)  C          Kuruka  Unspecified (43453289) 48891396 48891766
  565 35.83  1.74  1.93           NC_071326.1 54351132 54351649 (37993406)  C          Kuruka  Unspecified (37993406) 54351132 54351649
  427 30.72  5.58  0.82           NC_071326.1 54565352 54565584 (37779471)  C          Kuruka  Unspecified (37779471) 54565352 54565584
  541 31.25  5.72  3.19           NC_071326.1 54565865 54566231 (37778824)  C          Kuruka  Unspecified (37778824) 54565865 54566231
  426 38.22  3.83  1.79           NC_071326.1 54647458 54648605 (37696450)  C          Kuruka  Unspecified (37696450) 54647458 54648605
 1361 34.88  3.93  3.83           NC_071326.1 58439477 58440597 (33904458)  C          Kuruka  Unspecified (33904458) 58439477 58440597
  308 32.61  2.95  4.27           NC_071326.1 60227529 60227765 (32117290)  C          Kuruka  Unspecified (32117290) 60227529 60227765
 1082 33.50  4.00  8.53           NC_071326.1 60320844 60322018 (32023037)  C          Kuruka  Unspecified (32023037) 60320844 60322018
  561 35.64  3.86  5.16           NC_071326.1 61217308 61217955 (31127100)  C          Kuruka  Unspecified (31127100) 61217308 61217955
  328 31.98  4.26  4.26           NC_071326.1 61224978 61225235 (31119820)  C          Kuruka  Unspecified (31119820) 61224978 61225235
  284 28.27  1.08  1.08           NC_071326.1 61871688 61871780 (30473275)  C          Kuruka  Unspecified (30473275) 61871688 61871780
  292 34.42  1.91  1.91           NC_071326.1 62492076 62492232 (29852823)  C          Kuruka  Unspecified (29852823) 62492076 62492232
  279 32.29  3.04  4.41           NC_071326.1 63718139 63718368 (28626687)  C          Kuruka  Unspecified (28626687) 63718139 63718368
  315 32.39  4.26  4.26           NC_071326.1 64513707 64513964 (27831091)  C          Kuruka  Unspecified (27831091) 64513707 64513964
  556 32.36  2.55  2.84           NC_071326.1 66521372 66521724 (25823331)  C          Kuruka  Unspecified (25823331) 66521372 66521724
  364 33.98  4.03  3.48           NC_071326.1 66522122 66522493 (25822562)  C          Kuruka  Unspecified (25822562) 66522122 66522493
  284 28.27  1.08  1.08           NC_071326.1 66533372 66533464 (25811591)  C          Kuruka  Unspecified (25811591) 66533372 66533464
  556 32.36  2.55  2.84           NC_071326.1 66547458 66547810 (25797245)  C          Kuruka  Unspecified (25797245) 66547458 66547810
  478 33.05  4.57  4.01           NC_071326.1 66548208 66548579 (25796476)  C          Kuruka  Unspecified (25796476) 66548208 66548579
 1468 34.03  3.24  3.90           NC_071327.1 35900462 35901571 (48514661)  +          Kuruka  Unspecified (48514661) 35900462 35901571
  433 36.40  1.16  1.35           NC_071327.1 36484149 36484666 (47931566)  +          Kuruka  Unspecified (47931566) 36484149 36484666
  483 36.29  1.16  1.46           NC_071327.1 41974985 41975328 (42440904)  +          Kuruka  Unspecified (42440904) 41974985 41975328
  277 23.94  0.00  0.00           NC_071327.1 43532076 43532146 (40884086)  +          Kuruka  Unspecified (40884086) 43532076 43532146
  329 32.61  2.95  4.27           NC_071327.1 64531285 64531521 (19884711)  +          Kuruka  Unspecified (19884711) 64531285 64531521
  416 35.98  3.68  3.68           NC_071327.1 71095520 71096759 (13320333)  +          Kuruka  Unspecified (13320333) 71095520 71096759
 1511 33.84  3.24  3.90           NC_071327.1 76078135 76079244 (8336988)  +          Kuruka  Unspecified (8336988) 76078135 76079244
  572 36.77  2.39  2.55           NC_071327.1 23947558 23948185 (60468047)  C          Kuruka  Unspecified (60468047) 23947558 23948185
  523 36.03  1.70  1.89           NC_071327.1 30753762 30754290 (53661942)  C          Kuruka  Unspecified (53661942) 30753762 30754290
  248 20.00  0.00  0.00           NC_071327.1 38657330 38657374 (45758858)  C          Kuruka  Unspecified (45758858) 38657330 38657374
  634 35.64  1.21  0.80           NC_071327.1 42050844 42051338 (42364894)  C          Kuruka  Unspecified (42364894) 42050844 42051338
  409 33.23  6.63  6.63           NC_071327.1 42532828 42533204 (41883028)  C          Kuruka  Unspecified (41883028) 42532828 42533204
  693 33.42  0.84  1.12           NC_071327.1 45256079 45256435 (39159797)  C          Kuruka  Unspecified (39159797) 45256079 45256435
  604 30.74  4.02  3.19           NC_071327.1 45256828 45257200 (39159032)  C          Kuruka  Unspecified (39159032) 45256828 45257200
  247 31.17  4.35  4.35        NW_026525668.1   199399   199559 (1402119)  +          Kuruka  Unspecified (1402119)   199399   199559
  247 31.17  4.35  4.35        NW_026525668.1   202591   202751 (1398927)  +          Kuruka  Unspecified (1398927)   202591   202751
  247 31.17  4.35  4.35        NW_026525668.1   205783   205943 (1395735)  +          Kuruka  Unspecified (1395735)   205783   205943
  539 36.03  1.74  1.93        NW_026525668.1   206241   206758 (1394920)  +          Kuruka  Unspecified (1394920)   206241   206758
  388 32.67  1.49  1.49        NW_026525668.1   529666   529867 (1071811)  +          Kuruka  Unspecified (1071811)   529666   529867
  354 34.33  0.50  0.50        NW_026525668.1  1032485  1032686 (568992)  +          Kuruka  Unspecified (568992)  1032485  1032686
  401 32.16  1.49  1.49        NW_026525668.1  1498728  1498929 (102749)  +          Kuruka  Unspecified (102749)  1498728  1498929
  380 33.88  2.82  2.82        NW_026525668.1   842764   843082 (758596)  C          Kuruka  Unspecified (758596)   842764   843082
 1449 35.40  2.16  2.81        NW_026525668.1   873955   875064 (726614)  C          Kuruka  Unspecified (726614)   873955   875064
  441 33.09  2.89  2.89        NW_026525668.1  1109703  1109979 (491699)  C          Kuruka  Unspecified (491699)  1109703  1109979
  308 32.61  2.95  4.27        NW_026525668.1  1140129  1140365 (461313)  C          Kuruka  Unspecified (461313)  1140129  1140365
  647 36.95  1.45  1.45        NW_026525668.1  1276545  1277784 (324373)  C          Kuruka  Unspecified (324373)  1276545  1277784
  328 33.99  1.94  1.94        NW_026525669.1   286729   286986 (218328)  +          Kuruka  Unspecified (218328)   286729   286986
  620 36.60  2.39  2.55        NW_026525669.1   462881   463508  (41806)  C          Kuruka  Unspecified  (41806)   462881   463508
  496 36.57  6.27  2.26        NW_026525691.1   152595   153232 (330744)  C          Kuruka  Unspecified (330744)   152595   153232
  449 36.20  1.16  1.35        NW_026525746.1    66603    67120 (318009)  +          Kuruka  Unspecified (318009)    66603    67120
  449 36.20  1.16  1.35        NW_026525746.1    75896    76413 (308716)  +          Kuruka  Unspecified (308716)    75896    76413
 1517 33.84  3.24  3.90        NW_026525748.1     4598     5707  (26086)  +          Kuruka  Unspecified  (26086)     4598     5707
 1517 33.84  3.24  3.90        NW_026525748.1    10745    11854  (19939)  +          Kuruka  Unspecified  (19939)    10745    11854
  253 35.63  4.35  4.35        NW_026525802.1   121237   122212 (199072)  +          Kuruka  Unspecified (199072)   121237   122212
  292 34.27  3.62  3.62        NW_026525846.1    25758    25978 (239497)  C          Kuruka  Unspecified (239497)    25758    25978
  603 37.20  2.26  2.41        NW_026525876.1  1012294  1012957 (225550)  +          Kuruka  Unspecified (225550)  1012294  1012957
  606 35.63  2.39  2.55        NW_026525881.1    49347    50322 (130991)  C          Kuruka  Unspecified (130991)    49347    50322
  560 37.10  2.39  2.55        NW_026525882.1    39134    39761 (134953)  +          Kuruka  Unspecified (134953)    39134    39761
  433 36.40  1.16  1.35        NW_026525883.1    66221    66738  (97393)  +          Kuruka  Unspecified  (97393)    66221    66738
  565 35.83  1.74  1.93        NW_026525883.1   138977   139494  (24637)  C          Kuruka  Unspecified  (24637)   138977   139494
  259 31.17  4.35  4.35        NW_026525883.1   139793   139953  (24178)  C          Kuruka  Unspecified  (24178)   139793   139953
  394 38.11  1.49  1.66        NW_026525887.1   248261   248863 (898067)  C          Kuruka  Unspecified (898067)   248261   248863
  606 36.77  2.39  2.55        NW_026525898.1    68806    69433 (946574)  +          Kuruka  Unspecified (946574)    68806    69433
  589 35.97  2.23  2.39        NW_026525909.1   282571   283546 (337622)  C          Kuruka  Unspecified (337622)   282571   283546
  470 33.64  2.97  2.97        NW_026525917.1    36024    36360  (62528)  +          Kuruka  Unspecified  (62528)    36024    36360
  374 33.65  5.11  5.42        NW_026525917.1    36748    37080  (61808)  +          Kuruka  Unspecified  (61808)    36748    37080
  604 37.20  2.26  2.41        NW_026525933.1    66561    67224  (11007)  C          Kuruka  Unspecified  (11007)    66561    67224
  452 38.85  1.35  1.50        NW_026525942.1   110348   111016 (415417)  C          Kuruka  Unspecified (415417)   110348   111016
