   239 27.91 6.14 5.68          NC_050155.1  11155043  11155270 (1892293) +               Kuruka     Unspecified    3581    3809  (5024)    
   321 24.33 6.84 1.63          NC_050155.1  11155700  11155816 (1891747) +               Kuruka     Unspecified    4224    4346  (4487)    
   371 35.22 1.59 1.99          NC_050155.1  11164758  11165009 (1882554) C               Kuruka     Unspecified  (4288)    4545    4295    
   249 31.33 0.00 0.00          NC_050155.1  11165249  11165331 (1882232) C               Kuruka     Unspecified  (4822)    4011    3929    
   250 35.88 1.16 1.74          NC_050155.1  11312505  11312677 (1734886) C               Kuruka     Unspecified  (4387)    4446    4275    
   403 31.21 3.63 2.04          NC_050155.1  11313138  11313330 (1734233) C               Kuruka     Unspecified  (5020)    3813    3618    
   428 29.65 4.63 3.20          NC_050155.1  11394976  11395191 (1652372) +               Kuruka     Unspecified    3584    3802  (5031)    
   290 33.34 0.00 0.83          NC_050155.1  11395664  11395784 (1651779) +               Kuruka     Unspecified    4275    4394  (4439)    
   372 35.42 2.67 1.86          NC_050155.1  11489839  11490212 (1557351) +               Kuruka     Unspecified    3456    3832  (5001)    
   547 37.13 2.85 2.69          NC_050155.1  11493215  11493845 (1553718) +               Kuruka     Unspecified    3920    4551  (4282)    
   377 34.70 2.94 2.12          NC_050155.1  11707189  11707562 (1340001) +               Kuruka     Unspecified    3456    3832  (5001)    
   573 33.84 3.14 4.79          NC_050155.1  11707786  11708294 (1339269) +               Kuruka     Unspecified    4051    4551  (4282)    
   708 34.84 4.01 4.49          NC_050155.1  11716029  11716677 (1330886) C               Kuruka     Unspecified  (4249)    4584    3939    
   407 36.95 2.14 1.33          NC_050155.1  11716786  11717158 (1330405) C               Kuruka     Unspecified  (5000)    3833    3458    
   312 33.96 4.86 2.92          NC_050155.1  11723207  11723576 (1323987) +               Kuruka     Unspecified    3456    3832  (5001)    
   273 39.08 0.00 0.00          NC_050155.1  11726674  11726911 (1320652) +               Kuruka     Unspecified    3920    4157  (4676)    
   307 32.35 1.80 5.59          NC_050155.1  11727033  11727199 (1320364) +               Kuruka     Unspecified    4391    4551  (4282)    
  1345 34.72 2.71 2.81          NC_050155.1  11826576  11827645 (1219918) C               Kuruka     Unspecified  (4177)    4656    3588    
  1438 34.68 2.33 2.81          NC_050155.1  11946733  11947806 (1099757) +               Kuruka     Unspecified    3588    4656  (4177)    
   849 33.77 4.10 4.27          NC_050155.1  12140549  12141182 (906381) C               Kuruka     Unspecified  (4279)    4554    3922    
   363 32.02 5.80 5.80          NC_050155.1  12141251  12141681 (905882) C               Kuruka     Unspecified  (4947)    3886    3456    
   375 31.80 2.85 2.85          NC_050155.1  12211582  12211827 (835736) +               Kuruka     Unspecified    3588    3833  (5000)    
   865 35.48 2.24 2.54          NC_050155.1  12211930  12212600 (834963) +               Kuruka     Unspecified    3918    4586  (4247)    
   426 35.94 2.92 1.84          NC_050155.1  12312161  12312537 (735026) +               Kuruka     Unspecified    3458    3838  (4995)    
   396 34.79 3.21 2.39          NC_050155.1  12314426  12314799 (732764) +               Kuruka     Unspecified    3456    3832  (5001)    
   722 35.56 2.50 3.64          NC_050155.1  12314890  12315528 (732035) +               Kuruka     Unspecified    3920    4551  (4282)    
   454 33.90 3.86 4.19          NC_050155.1  12317928  12318238 (729325) +               Kuruka     Unspecified    4275    4584  (4249)    
  1078 34.31 3.87 6.75          NC_050155.1  12329814  12331001 (716562) +               Kuruka     Unspecified    3456    4611  (4222)    
   257 36.47 1.16 1.74          NC_050156.1   3094435   3094607 (85954843) C               Kuruka     Unspecified  (4387)    4446    4275    
   449 35.02 3.78 2.88          NC_050156.1   3095068   3095411 (85954039) C               Kuruka     Unspecified  (5020)    3813    3467    
   281 35.88 1.16 1.74          NC_050156.1  32971116  32971288 (56078162) C               Kuruka     Unspecified  (4387)    4446    4275    
   438 35.32 3.78 2.88          NC_050156.1  32971736  32972079 (56077371) C               Kuruka     Unspecified  (5020)    3813    3467    
  1197 34.89 1.85 2.48          NC_050156.1  40054111  40055083 (48994367) +               Kuruka     Unspecified    3588    4554  (4279)    
   433 29.65 4.63 3.20          NC_050156.1  51377283  51377498 (37671952) +               Kuruka     Unspecified    3584    3802  (5031)    
   290 33.34 0.00 0.83          NC_050156.1  51377973  51378093 (37671357) +               Kuruka     Unspecified    4275    4394  (4439)    
   433 29.65 4.63 3.20          NC_050156.1  51403460  51403675 (37645775) +               Kuruka     Unspecified    3584    3802  (5031)    
   290 33.34 0.00 0.83          NC_050156.1  51404148  51404268 (37645182) +               Kuruka     Unspecified    4275    4394  (4439)    
   409 36.38 2.65 1.57          NC_050156.1  54006903  54007279 (35042171) +               Kuruka     Unspecified    3458    3838  (4995)    
   730 34.73 4.17 4.33          NC_050156.1  54007383  54008029 (35041421) +               Kuruka     Unspecified    3939    4584  (4249)    
   286 35.02 4.75 3.43          NC_050156.1  54707614  54708160 (34341290) C               Kuruka     Unspecified  (4216)    4617    4064    
   438 35.32 3.78 2.88          NC_050156.1  62823350  62823693 (26225757) +               Kuruka     Unspecified    3467    3813  (5020)    
   281 35.88 1.16 1.74          NC_050156.1  62824154  62824326 (26225124) +               Kuruka     Unspecified    4275    4446  (4387)    
   438 35.32 3.78 2.88          NC_050156.1  67446323  67446666 (21602784) +               Kuruka     Unspecified    3467    3813  (5020)    
   281 35.88 1.16 1.74          NC_050156.1  67447126  67447298 (21602152) +               Kuruka     Unspecified    4275    4446  (4387)    
   642 34.46 4.35 3.87          NC_050156.1  77832022  77832664 (11216786) C               Kuruka     Unspecified  (4249)    4584    3939    
   377 36.02 2.38 1.57          NC_050156.1  77832768  77833145 (11216305) C               Kuruka     Unspecified  (4995)    3838    3458    
   728 34.84 4.02 4.18          NC_050157.1   6255990   6256636 (61915946) C               Kuruka     Unspecified  (4249)    4584    3939    
   422 35.93 2.93 1.57          NC_050157.1   6256740   6257115 (61915467) C               Kuruka     Unspecified  (4995)    3838    3458    
   269 35.56 5.67 6.26          NC_050157.1  20504381  20505103 (47667479) C               Kuruka     Unspecified  (4047)    4786    4068    
   240 30.32 5.56 5.56          NC_050157.1  20505468  20505701 (47666881) C               Kuruka     Unspecified  (5133)    3700    3467    
   239 24.66 5.13 1.23          NC_050157.1  26103540  26103617 (42068965) C               Kuruka     Unspecified  (6107)    2726    2646    
   253 34.31 5.49 5.81          NC_050157.1  30434478  30434805 (37737777) C               Kuruka     Unspecified  (4225)    4608    4282    
   230 37.83 2.24 2.57          NC_050157.1  30446178  30446489 (37726093) C               Kuruka     Unspecified  (4456)    4377    4067    
   415 30.26 6.42 4.50          NC_050157.1  30446744  30446961 (37725621) C               Kuruka     Unspecified  (5028)    3805    3584    
  1286 35.44 3.05 3.15          NC_050157.1  30700601  30701713 (37470869) +               Kuruka     Unspecified    3458    4569  (4264)    
   347 34.12 1.16 1.74          NC_050157.1  30810978  30811150 (37361432) C               Kuruka     Unspecified  (4387)    4446    4275    
   462 30.46 4.17 2.74          NC_050157.1  30811517  30811732 (37360850) C               Kuruka     Unspecified  (5031)    3802    3584    
   303 32.37 4.61 3.18          NC_050157.1  30820520  30820736 (37351846) C               Kuruka     Unspecified  (5029)    3804    3585    
   435 36.77 2.66 3.80          NC_050157.1  31003710  31004348 (37168234) +               Kuruka     Unspecified    3920    4551  (4282)    
   239 29.76 5.53 5.53          NC_050157.1  31181306  31181522 (36991060) C               Kuruka     Unspecified  (5029)    3804    3588    
   353 32.58 4.69 4.69          NC_050157.1  31239624  31239900 (36932682) +               Kuruka     Unspecified    3462    3738  (5095)    
   251 35.88 1.16 1.74          NC_050157.1  35651135  35651307 (32521275) C               Kuruka     Unspecified  (4387)    4446    4275    
   423 31.21 3.63 2.04          NC_050157.1  35651769  35651961 (32520621) C               Kuruka     Unspecified  (5020)    3813    3618    
   428 35.62 3.78 2.88          NC_050157.1  40608844  40609187 (27563395) +               Kuruka     Unspecified    3467    3813  (5020)    
   281 35.88 1.16 1.74          NC_050157.1  40609649  40609821 (27562761) +               Kuruka     Unspecified    4275    4446  (4387)    
  1205 34.67 2.17 2.28          NC_050157.1  44812016  44812983 (23359599) +               Kuruka     Unspecified    3588    4554  (4279)    
   225 30.77 5.56 5.56       NW_023396102.1    309056    309289  (25213) +               Kuruka     Unspecified    3467    3700  (5133)    
   269 35.56 5.67 6.26       NW_023396102.1    309654    310376  (24126) +               Kuruka     Unspecified    4068    4786  (4047)    
   477 29.65 4.63 3.20       NW_023396102.1    315229    315444  (19058) +               Kuruka     Unspecified    3584    3802  (5031)    
   313 35.88 1.16 1.74       NW_023396102.1    315919    316091  (18411) +               Kuruka     Unspecified    4275    4446  (4387)    
   445 33.95 5.97 4.35       NW_023396103.1    638521    638905 (318275) C               Kuruka     Unspecified  (4157)    4676    4286    
   406 32.48 5.20 6.25       NW_023396103.1    639352    639755 (317425) C               Kuruka     Unspecified  (4998)    3835    3436    
   283 34.87 7.75 4.08       NW_023396103.1    645192    645475 (311705) C               Kuruka     Unspecified  (4222)    4611    4318    
   410 33.52 4.48 5.00       NW_023396103.1    645809    646210 (310970) C               Kuruka     Unspecified  (4998)    3835    3436    
   311 34.39 6.88 4.19       NW_023396103.1    650070    650418 (306762) C               Kuruka     Unspecified  (4157)    4676    4319    
   409 33.25 5.25 5.25       NW_023396103.1    650760    651159 (306021) C               Kuruka     Unspecified  (4998)    3835    3436    
   237 20.96 1.59 1.59       NW_023396103.1    790920    790982 (166198) C               Kuruka     Unspecified  (5316)    3517    3455    
   748 34.31 3.87 3.71       NW_023396103.1    806429    807100 (150080) +               Kuruka     Unspecified    3939    4611  (4222)    
