   316 36.67 3.78 3.96          NC_071288.1   4096794   4097375 (93504795) C               Kuruka     Unspecified  (4222)    4611    4031    
   334 32.95 5.16 5.16          NC_071288.1   4097616   4097983 (93504187) C               Kuruka     Unspecified  (5004)    3829    3462    
   558 34.04 5.99 5.80          NC_071288.1   4917822   4918906 (92683264) +               Kuruka     Unspecified    3585    4671  (4162)    
   282 34.97 2.83 1.60          NC_071288.1   8628241   8628487 (88973683) +               Kuruka     Unspecified    3438    3687  (5146)    
   903 32.13 4.09 4.25          NC_071288.1   8628723   8629382 (88972788) +               Kuruka     Unspecified    3920    4578  (4255)    
   359 32.67 5.16 5.16          NC_071288.1  12587959  12588326 (85013844) +               Kuruka     Unspecified    3462    3829  (5004)    
   269 36.67 3.78 3.96          NC_071288.1  12588567  12589148 (85013022) +               Kuruka     Unspecified    4031    4611  (4222)    
   302 32.67 5.63 5.83          NC_071288.1  19141591  19142123 (78460047) C               Kuruka     Unspecified  (4840)    3993    3462    
   330 33.23 5.16 5.16          NC_071288.1  22186444  22186811 (75415359) +               Kuruka     Unspecified    3462    3829  (5004)    
   324 36.01 2.20 2.20          NC_071288.1  22187052  22187369 (75414801) +               Kuruka     Unspecified    4031    4348  (4485)    
   238 19.57 0.00 0.00          NC_071288.1  32128078  32128123 (65474047) C               Kuruka     Unspecified  (3510)    5323    5278    
   610 33.64 2.07 2.37          NC_071288.1  32128547  32128884 (65473286) C               Kuruka     Unspecified  (4222)    4611    4275    
   267 28.57 0.00 0.00          NC_071288.1  32129144  32129220 (65472950) C               Kuruka     Unspecified  (4818)    4015    3939    
   306 33.64 3.12 3.12          NC_071288.1  32129498  32129721 (65472449) C               Kuruka     Unspecified  (5154)    3679    3456    
   306 35.20 3.69 1.81          NC_071288.1  36693381  36693597 (60908573) +               Kuruka     Unspecified    3939    4159  (4674)    
   241 38.63 1.05 1.05          NC_071288.1  36693784  36693974 (60908196) +               Kuruka     Unspecified    4421    4611  (4222)    
   830 36.55 2.82 2.97          NC_071288.1  38134092  38134765 (59467405) C               Kuruka     Unspecified  (4222)    4611    3939    
   331 36.59 2.89 2.89          NC_071288.1  38134884  38135263 (59466907) C               Kuruka     Unspecified  (4995)    3838    3459    
   228 34.67 1.32 0.66          NC_071288.1  38577238  38577388 (59024782) +               Kuruka     Unspecified    2793    2944  (5889)    
   228 22.73 4.35 4.35          NC_071288.1  38577755  38577846 (59024324) +               Kuruka     Unspecified    3305    3396  (5437)    
   723 33.46 5.99 5.80          NC_071288.1  38584863  38585947 (59016223) C               Kuruka     Unspecified  (4162)    4671    3585    
  1492 33.53 3.38 3.07          NC_071288.1  38588566  38589571 (59012599) +               Kuruka     Unspecified    3574    4582  (4251)    
  1462 33.98 3.16 4.88          NC_071288.1  41870855  41872438 (55729732) C               Kuruka     Unspecified  (3971)    4862    3305    
   332 32.95 5.16 5.16          NC_071288.1  46038458  46038825 (51563345) +               Kuruka     Unspecified    3462    3829  (5004)    
   347 36.43 3.61 3.79          NC_071288.1  46039066  46039647 (51562523) +               Kuruka     Unspecified    4031    4611  (4222)    
  1278 35.81 2.79 2.33          NC_071288.1  46170105  46171216 (51430954) +               Kuruka     Unspecified    3462    4578  (4255)    
   232 35.66 0.00 0.00          NC_071288.1  46911774  46911902 (50690268) +               Kuruka     Unspecified    4031    4159  (4674)    
   570 35.88 2.11 2.11          NC_071288.1  47466615  47467135 (50135035) +               Kuruka     Unspecified    3462    3982  (4851)    
   274 36.67 3.78 3.96          NC_071288.1  48045122  48045703 (49556467) C               Kuruka     Unspecified  (4222)    4611    4031    
   325 32.95 5.16 5.16          NC_071288.1  48045944  48046311 (49555859) C               Kuruka     Unspecified  (5004)    3829    3462    
   325 32.95 5.16 5.16          NC_071288.1  48767931  48768298 (48833872) +               Kuruka     Unspecified    3462    3829  (5004)    
   281 36.67 3.78 3.96          NC_071288.1  48768539  48769120 (48833050) +               Kuruka     Unspecified    4031    4611  (4222)    
   297 23.08 4.21 4.21          NC_071288.1  51802353  51802447 (45799723) +               Kuruka     Unspecified    3585    3679  (5154)    
   270 33.64 0.00 0.00          NC_071288.1  52229425  52229531 (45372639) C               Kuruka     Unspecified  (5139)    3694    3588    
   506 35.18 5.46 5.27          NC_071288.1  55846822  55847919 (41754251) +               Kuruka     Unspecified    3580    4679  (4154)    
   306 33.64 3.12 3.12          NC_071288.1  57217377  57217600 (40384570) +               Kuruka     Unspecified    3456    3679  (5154)    
   267 28.57 0.00 0.00          NC_071288.1  57217878  57217954 (40384216) +               Kuruka     Unspecified    3939    4015  (4818)    
   610 33.64 2.07 2.37          NC_071288.1  57218214  57218551 (40383619) +               Kuruka     Unspecified    4275    4611  (4222)    
   238 19.57 0.00 0.00          NC_071288.1  57218975  57219020 (40383150) +               Kuruka     Unspecified    5278    5323  (3510)    
   928 35.91 3.75 3.86          NC_071288.1  57777628  57778586 (39823584) +               Kuruka     Unspecified    3582    4539  (4294)    
  1424 35.11 2.60 2.43          NC_071288.1  57968360  57969550 (39632620) +               Kuruka     Unspecified    3437    4629  (4204)    
   568 35.10 3.04 3.04          NC_071288.1  58067666  58068191 (39533979) C               Kuruka     Unspecified  (4255)    4578    4053    
   460 34.43 2.66 2.66          NC_071288.1  58068431  58068806 (39533364) C               Kuruka     Unspecified  (5002)    3831    3456    
  1301 35.19 3.74 3.83          NC_071288.1  59834945  59836067 (37766103) +               Kuruka     Unspecified    3459    4580  (4253)    
   277 34.80 4.31 3.20          NC_071288.1  60759638  60760008 (36842162) +               Kuruka     Unspecified    3458    3832  (5001)    
   306 35.45 2.65 2.65          NC_071288.1  60760111  60760336 (36841834) +               Kuruka     Unspecified    3932    4157  (4676)    
   290 33.99 5.99 6.63          NC_071288.1  62585002  62585502 (35016668) +               Kuruka     Unspecified    4057    4554  (4279)    
   557 33.63 6.06 6.44          NC_071288.1  62610419  62611524 (34990646) C               Kuruka     Unspecified  (4162)    4671    3570    
   358 35.00 4.76 4.76          NC_071288.1  62659251  62659649 (34942521) C               Kuruka     Unspecified  (4154)    4679    4281    
   319 33.18 5.51 3.88          NC_071288.1  62660091  62660344 (34941826) C               Kuruka     Unspecified  (4996)    3837    3580    
   235 35.53 1.29 1.95          NC_071288.1  62668408  62668562 (34933608) C               Kuruka     Unspecified  (4454)    4379    4226    
   370 30.81 5.09 4.78          NC_071288.1  62676943  62677276 (34924894) C               Kuruka     Unspecified  (5031)    3802    3468    
   594 35.93 3.65 4.24          NC_071288.1  62717766  62718477 (34883693) C               Kuruka     Unspecified  (4253)    4580    3873    
   399 31.29 1.64 2.20          NC_071288.1  62727781  62727963 (34874207) C               Kuruka     Unspecified  (4176)    4657    4476    
   626 30.10 8.63 4.88          NC_071288.1  62731672  62732146 (34870024) C               Kuruka     Unspecified  (4845)    3988    3497    
   251 27.85 1.27 0.00          NC_071288.1  62804270  62804348 (34797822) +               Kuruka     Unspecified    3921    4000  (4833)    
   303 34.76 1.69 1.27          NC_071288.1  64055656  64055891 (33546279) +               Kuruka     Unspecified    3594    3830  (5003)    
   231 36.31 2.96 0.97          NC_071288.1  64058338  64058540 (33543630) +               Kuruka     Unspecified    4372    4578  (4255)    
   381 34.06 3.48 2.65          NC_071288.1  64067701  64068074 (33534096) +               Kuruka     Unspecified    3456    3832  (5001)    
   336 30.48 0.00 0.00          NC_071288.1  64068295  64068399 (33533771) +               Kuruka     Unspecified    4053    4157  (4676)    
   336 30.48 0.00 0.00          NC_071288.1  64077658  64077762 (33524408) +               Kuruka     Unspecified    4053    4157  (4676)    
   227 32.71 0.93 0.93          NC_071288.1  64599202  64599309 (33002861) +               Kuruka     Unspecified    3457    3564  (5269)    
   294 36.56 3.95 4.13          NC_071288.1  66780398  66780979 (30821191) C               Kuruka     Unspecified  (4222)    4611    4031    
   334 32.95 5.16 5.16          NC_071288.1  66781220  66781587 (30820583) C               Kuruka     Unspecified  (5004)    3829    3462    
   299 31.81 6.52 2.94          NC_071288.1  67276216  67276445 (30325725) +               Kuruka     Unspecified    3576    3813  (5020)    
   569 36.33 2.52 2.72          NC_071288.1  67276727  67277241 (30324929) +               Kuruka     Unspecified    4095    4608  (4225)    
  1241 34.05 2.36 2.83          NC_071288.1  70232731  70233830 (27368340) C               Kuruka     Unspecified  (4251)    4582    3488    
   322 32.47 5.43 5.43          NC_071288.1  72329385  72329752 (25272418) +               Kuruka     Unspecified    3462    3829  (5004)    
   303 36.86 3.78 3.96          NC_071288.1  72329993  72330574 (25271596) +               Kuruka     Unspecified    4031    4611  (4222)    
   362 34.27 1.20 1.20          NC_071288.1  72588846  72589096 (25013074) C               Kuruka     Unspecified  (4996)    3837    3587    
   228 33.40 5.44 5.64          NC_071288.1  78217724  78218256 (19383914) C               Kuruka     Unspecified  (4840)    3993    3462    
   247 34.86 0.00 0.00          NC_071288.1  81787644  81787752 (15814418) +               Kuruka     Unspecified    3456    3564  (5269)    
   318 32.57 5.71 5.71          NC_071288.1  82023893  82024260 (15577910) +               Kuruka     Unspecified    3462    3829  (5004)    
   257 37.25 3.44 3.61          NC_071288.1  82024501  82025082 (15577088) +               Kuruka     Unspecified    4031    4611  (4222)    
   548 33.97 3.21 2.39          NC_071288.1  84089049  84089422 (13512748) +               Kuruka     Unspecified    3456    3832  (5001)    
   965 33.27 2.08 2.27          NC_071288.1  84089646  84090174 (13511996) +               Kuruka     Unspecified    4053    4580  (4253)    
   284 36.86 1.89 1.89          NC_071288.1  92290811  92291128 (5311042) +               Kuruka     Unspecified    4031    4348  (4485)    
   301 33.23 5.16 5.16          NC_071289.1   5500187   5500554 (89352195) C               Kuruka     Unspecified  (5004)    3829    3462    
   302 32.67 5.63 5.83          NC_071289.1   9419621   9420153 (85432596) +               Kuruka     Unspecified    3462    3993  (4840)    
   617 33.37 5.99 5.80          NC_071289.1  11215108  11216192 (83636557) C               Kuruka     Unspecified  (4162)    4671    3585    
   310 32.72 3.98 2.62          NC_071289.1  21338179  21338404 (73514345) +               Kuruka     Unspecified    3459    3687  (5146)    
   939 31.97 4.09 4.25          NC_071289.1  21338640  21339299 (73513450) +               Kuruka     Unspecified    3920    4578  (4255)    
  1313 33.48 3.79 5.52          NC_071289.1  23856773  23858356 (70994393) C               Kuruka     Unspecified  (3971)    4862    3305    
   262 20.37 0.00 0.00          NC_071289.1  29074821  29074874 (65777875) C               Kuruka     Unspecified  (3510)    5323    5270    
   574 38.79 1.93 2.08          NC_071289.1  29075290  29075963 (65776786) C               Kuruka     Unspecified  (4222)    4611    3939    
   315 33.18 3.12 3.12          NC_071289.1  29076241  29076464 (65776285) C               Kuruka     Unspecified  (5154)    3679    3456    
   310 36.71 5.50 5.67          NC_071289.1  31826022  31826639 (63026110) +               Kuruka     Unspecified    3938    4554  (4279)    
   305 36.43 5.67 5.67          NC_071289.1  31833441  31834057 (63018692) +               Kuruka     Unspecified    3938    4554  (4279)    
   225 34.67 1.32 0.66          NC_071289.1  34142735  34142885 (60709864) +               Kuruka     Unspecified    2793    2944  (5889)    
  1431 34.05 3.16 4.88          NC_071289.1  34143252  34144835 (60707914) +               Kuruka     Unspecified    3305    4862  (3971)    
   918 35.27 1.98 2.42          NC_071289.1  34976145  34976850 (59875899) C               Kuruka     Unspecified  (4222)    4611    3909    
   315 33.18 3.12 3.12          NC_071289.1  40584476  40584699 (54268050) +               Kuruka     Unspecified    3456    3679  (5154)    
   263 28.57 0.00 0.00          NC_071289.1  40584977  40585053 (54267696) +               Kuruka     Unspecified    3939    4015  (4818)    
   577 33.84 2.40 2.70          NC_071289.1  40585313  40585646 (54267103) +               Kuruka     Unspecified    4275    4607  (4226)    
   233 19.57 0.00 0.00          NC_071289.1  40586074  40586119 (54266630) +               Kuruka     Unspecified    5278    5323  (3510)    
   286 32.43 6.57 6.57          NC_071289.1  42060940  42061335 (52791414) C               Kuruka     Unspecified  (4851)    3982    3587    
   629 34.18 6.08 5.89          NC_071289.1  43509609  43510693 (51342056) C               Kuruka     Unspecified  (4162)    4671    3585    
   817 33.33 5.60 6.95          NC_071289.1  45594232  45595266 (49257483) C               Kuruka     Unspecified  (4300)    4533    3512    
   247 34.86 5.12 4.05          NC_071289.1  45602265  45602557 (49250192) C               Kuruka     Unspecified  (5733)    3100    2805    
   304 35.90 4.52 4.33          NC_071289.1  45961569  45962651 (48890098) +               Kuruka     Unspecified    3587    4671  (4162)    
   325 35.81 2.75 1.36          NC_071289.1  46772414  46772631 (48080118) +               Kuruka     Unspecified    3459    3679  (5154)    
   903 34.49 4.32 4.81          NC_071289.1  46773001  46773856 (48078893) +               Kuruka     Unspecified    3735    4586  (4247)    
  1431 35.26 2.78 2.35          NC_071289.1  46802566  46803753 (48048996) C               Kuruka     Unspecified  (4204)    4629    3437    
   351 32.50 4.97 5.31          NC_071289.1  46995620  46996243 (47856506) +               Kuruka     Unspecified    4050    4671  (4162)    
   515 33.78 1.61 1.94          NC_071289.1  47039314  47039624 (47813125) +               Kuruka     Unspecified    4224    4533  (4300)    
   331 24.73 2.11 2.11          NC_071289.1  47276435  47276529 (47576220) +               Kuruka     Unspecified    3585    3679  (5154)    
   288 34.51 4.78 2.99          NC_071289.1  47276797  47277026 (47575723) +               Kuruka     Unspecified    3950    4183  (4650)    
  1223 34.24 2.36 2.83          NC_071289.1  47996881  47997980 (46854769) C               Kuruka     Unspecified  (4251)    4582    3488    
  1571 33.02 2.91 5.01          NC_071289.1  48258734  48260037 (46592712) C               Kuruka     Unspecified  (4251)    4582    3305    
   225 34.67 1.32 0.66          NC_071289.1  48260404  48260554 (46592195) C               Kuruka     Unspecified  (5889)    2944    2793    
   228 14.59 5.88 5.88          NC_071289.1  48278093  48278143 (46574606) C               Kuruka     Unspecified  (4500)    4333    4283    
   237 31.90 4.69 2.03          NC_071289.1  48302272  48302463 (46550286) C               Kuruka     Unspecified  (4420)    4413    4217    
   256 35.64 4.55 4.94          NC_071289.1  48360198  48360746 (46492003) +               Kuruka     Unspecified    4065    4611  (4222)    
   239 18.37 2.04 0.00          NC_071289.1  48484358  48484406 (46368343) +               Kuruka     Unspecified    2794    2843  (5990)    
   238 19.57 0.00 0.00          NC_071289.1  48559217  48559262 (46293487) C               Kuruka     Unspecified  (3510)    5323    5278    
   476 33.58 2.77 3.12          NC_071289.1  48559686  48559974 (46292775) C               Kuruka     Unspecified  (4222)    4611    4324    
   261 25.81 0.00 0.00          NC_071289.1  48561256  48561317 (46291432) C               Kuruka     Unspecified  (4833)    4000    3939    
   339 34.24 2.23 2.23          NC_071289.1  48561595  48561818 (46290931) C               Kuruka     Unspecified  (5154)    3679    3456    
  1289 34.75 3.83 3.92          NC_071289.1  48683315  48684437 (46168312) +               Kuruka     Unspecified    3459    4580  (4253)    
   329 36.82 2.51 1.66          NC_071289.1  49042855  49043213 (45809536) +               Kuruka     Unspecified    3437    3798  (5035)    
  1271 34.73 1.00 1.15          NC_071289.1  49049608  49050306 (45802443) +               Kuruka     Unspecified    3932    4629  (4204)    
   417 34.97 5.65 5.45          NC_071289.1  49257318  49258415 (45594334) C               Kuruka     Unspecified  (4154)    4679    3580    
  1278 34.01 3.03 4.75          NC_071289.1  49515556  49517139 (45335610) C               Kuruka     Unspecified  (3971)    4862    3305    
   326 30.70 7.07 7.07          NC_071289.1  49952534  49952901 (44899848) +               Kuruka     Unspecified    3462    3829  (5004)    
   524 32.28 4.23 1.12          NC_071289.1  50286037  50286296 (44566453) C               Kuruka     Unspecified  (4288)    4545    4278    
   375 34.75 3.62 7.80          NC_071289.1  50286498  50286884 (44565865) C               Kuruka     Unspecified  (5003)    3830    3459    
   253 32.27 5.71 5.71          NC_071289.1  50313028  50313395 (44539354) C               Kuruka     Unspecified  (5004)    3829    3462    
   389 31.57 10.40 2.96          NC_071289.1  50481508  50481853 (44370896) +               Kuruka     Unspecified    3458    3828  (5005)    
   715 32.28 5.20 5.38          NC_071289.1  50481943  50482538 (44370211) +               Kuruka     Unspecified    3939    4533  (4300)    
   303 33.52 5.16 5.16          NC_071289.1  50527651  50528018 (44324731) +               Kuruka     Unspecified    3462    3829  (5004)    
   296 35.83 3.46 3.46          NC_071289.1  50528259  50528576 (44324173) +               Kuruka     Unspecified    4031    4348  (4485)    
   331 35.01 5.99 6.16          NC_071289.1  50545430  50546047 (44306702) C               Kuruka     Unspecified  (4279)    4554    3938    
   225 14.59 5.88 5.88          NC_071289.1  50584898  50584948 (44267801) C               Kuruka     Unspecified  (4500)    4333    4283    
   522 32.11 6.69 7.08          NC_071289.1  51241108  51242213 (43610536) +               Kuruka     Unspecified    3570    4671  (4162)    
  1275 33.76 3.61 4.00          NC_071289.1  51248405  51249484 (43603265) C               Kuruka     Unspecified  (4280)    4553    3478    
   473 32.51 1.39 1.39          NC_071289.1  51332955  51333241 (43519508) C               Kuruka     Unspecified  (4479)    4354    4068    
   231 23.08 0.00 0.00          NC_071289.1  52027677  52027728 (42825021) C               Kuruka     Unspecified  (1470)    7363    7312    
   346 32.50 4.97 5.31          NC_071289.1  52822853  52823476 (42029273) +               Kuruka     Unspecified    4050    4671  (4162)    
   693 36.97 1.62 1.77          NC_071289.1  53384226  53384905 (41467844) +               Kuruka     Unspecified    3933    4611  (4222)    
   276 23.33 4.26 4.26          NC_071289.1  53507149  53507242 (41345507) +               Kuruka     Unspecified    3586    3679  (5154)    
   229 36.03 4.44 3.38          NC_071289.1  53513801  53514093 (41338656) +               Kuruka     Unspecified    2805    3100  (5733)    
   940 33.24 5.76 5.86          NC_071289.1  53514475  53515551 (41337198) +               Kuruka     Unspecified    3458    4533  (4300)    
   327 35.48 2.52 2.52          NC_071289.1  53714067  53714384 (41138365) C               Kuruka     Unspecified  (4485)    4348    4031    
   332 29.41 7.63 7.34          NC_071289.1  53714625  53714991 (41137758) C               Kuruka     Unspecified  (5004)    3829    3462    
   561 33.43 6.06 6.44          NC_071289.1  53744952  53746057 (41106692) +               Kuruka     Unspecified    3570    4671  (4162)    
   307 36.79 3.61 3.79          NC_071289.1  56980715  56981296 (37871453) C               Kuruka     Unspecified  (4222)    4611    4031    
   292 32.95 5.16 5.16          NC_071289.1  56981537  56981904 (37870845) C               Kuruka     Unspecified  (5004)    3829    3462    
   255 31.48 0.92 0.92          NC_071289.1  57130355  57130463 (37722286) C               Kuruka     Unspecified  (5269)    3564    3456    
   929 36.81 3.35 2.87          NC_071289.1  57206954  57208027 (37644722) +               Kuruka     Unspecified    3461    4539  (4294)    
   791 36.29 2.97 3.12          NC_071289.1  57566899  57567572 (37285177) C               Kuruka     Unspecified  (4222)    4611    3939    
   343 36.59 2.89 2.89          NC_071289.1  57567691  57568070 (37284679) C               Kuruka     Unspecified  (4995)    3838    3459    
   319 31.29 4.09 2.69          NC_071289.1  58349745  58349964 (36502785) +               Kuruka     Unspecified    3458    3680  (5153)    
   308 36.86 1.89 1.89          NC_071289.1  69564221  69564538 (25288211) C               Kuruka     Unspecified  (4485)    4348    4031    
   316 33.23 5.16 5.16          NC_071289.1  69564779  69565146 (25287603) C               Kuruka     Unspecified  (5004)    3829    3462    
  1269 34.69 3.92 3.92          NC_071289.1  70203182  70204303 (24648446) C               Kuruka     Unspecified  (4253)    4580    3459    
   231 23.46 11.04 5.85          NC_071289.1  71186323  71186485 (23666264) +               Kuruka     Unspecified    4175    4345  (4488)    
   311 32.67 5.63 5.83          NC_071289.1  72135698  72136230 (22716519) C               Kuruka     Unspecified  (4840)    3993    3462    
   519 33.70 3.21 2.39          NC_071289.1  76026117  76026490 (18826259) +               Kuruka     Unspecified    3456    3832  (5001)    
   899 33.27 2.08 2.27          NC_071289.1  76026714  76027242 (18825507) +               Kuruka     Unspecified    4053    4580  (4253)    
   229 38.14 0.00 0.00          NC_071289.1  81230694  81230811 (13621938) +               Kuruka     Unspecified    3584    3701  (5132)    
   322 33.18 3.12 3.12          NC_071289.1  81383578  81383801 (13468948) +               Kuruka     Unspecified    3456    3679  (5154)    
   267 28.57 0.00 0.00          NC_071289.1  81384079  81384155 (13468594) +               Kuruka     Unspecified    3939    4015  (4818)    
   607 33.74 2.37 2.67          NC_071289.1  81384415  81384752 (13467997) +               Kuruka     Unspecified    4275    4611  (4222)    
   238 19.57 0.00 0.00          NC_071289.1  81385176  81385221 (13467528) +               Kuruka     Unspecified    5278    5323  (3510)    
   325 32.95 5.16 5.16          NC_071289.1  82771307  82771674 (12081075) +               Kuruka     Unspecified    3462    3829  (5004)    
   295 36.97 3.61 3.79          NC_071289.1  82771915  82772496 (12080253) +               Kuruka     Unspecified    4031    4611  (4222)    
   311 32.67 5.63 5.83          NC_071289.1  84120382  84120914 (10731835) +               Kuruka     Unspecified    3462    3993  (4840)    
   929 33.27 2.08 2.27          NC_071289.1  85646249  85646777 (9205972) C               Kuruka     Unspecified  (4253)    4580    4053    
   542 33.88 2.94 2.12          NC_071289.1  85647001  85647374 (9205375) C               Kuruka     Unspecified  (5001)    3832    3456    
   302 32.67 5.63 5.83          NC_071289.1  86084470  86085002 (8767747) +               Kuruka     Unspecified    3462    3993  (4840)    
  1465 34.84 2.61 2.70          NC_071289.1  88285283  88286394 (6566355) C               Kuruka     Unspecified  (4225)    4608    3498    
   556 35.39 2.66 2.89          NC_071290.1   4003290   4003740 (15030048) C               Kuruka     Unspecified  (4289)    4544    4095    
   268 31.89 8.04 3.42          NC_071290.1   4004022   4004245 (15029543) C               Kuruka     Unspecified  (5020)    3813    3580    
   330 33.82 1.44 2.17          NC_071290.1   8228604   8228742 (10805046) C               Kuruka     Unspecified  (4388)    4445    4308    
   322 32.47 5.43 5.43          NC_071290.1  11497055  11497422 (7536366) +               Kuruka     Unspecified    3462    3829  (5004)    
   287 36.13 2.52 2.52          NC_071290.1  11497663  11497980 (7535808) +               Kuruka     Unspecified    4031    4348  (4485)    
   322 32.47 5.43 5.43          NC_071290.1  11503447  11503814 (7529974) +               Kuruka     Unspecified    3462    3829  (5004)    
   287 36.13 2.52 2.52          NC_071290.1  11504055  11504372 (7529416) +               Kuruka     Unspecified    4031    4348  (4485)    
   363 32.55 5.13 5.47          NC_071290.1  11815538  11816161 (7217627) +               Kuruka     Unspecified    4050    4671  (4162)    
   272 26.50 2.35 2.35          NC_071290.1  13171616  13171700 (5862088) +               Kuruka     Unspecified    3596    3680  (5153)    
   323 32.47 5.43 5.43          NC_071290.1  13523019  13523386 (5510402) +               Kuruka     Unspecified    3462    3829  (5004)    
   229 29.87 0.00 0.00          NC_071290.1  17636551  17636627 (1397161) +               Kuruka     Unspecified    3939    4015  (4818)    
   443 34.97 1.88 3.17          NC_071290.1  17636893  17637211 (1396577) +               Kuruka     Unspecified    4293    4607  (4226)    
   479 34.10 2.21 2.86          NC_071290.1  17740972  17741288 (1292500) +               Kuruka     Unspecified    4293    4607  (4226)    
   547 36.52 4.14 2.57          NC_071290.1  17756996  17757647 (1276141) +               Kuruka     Unspecified    3462    4123  (4710)    
   242 29.87 0.00 0.00          NC_071290.1  17917665  17917741 (1116047) +               Kuruka     Unspecified    3939    4015  (4818)    
   462 35.15 3.66 2.16          NC_071290.1  17939786  17940195 (1093593) +               Kuruka     Unspecified    3462    3877  (4956)    
   513 33.78 2.21 2.86          NC_071290.1  18044363  18044679 (989109) +               Kuruka     Unspecified    4293    4607  (4226)    
   460 37.44 3.20 2.42          NC_071290.1  18071320  18071976 (961812) +               Kuruka     Unspecified    3462    4123  (4710)    
   503 35.06 3.12 3.33          NC_071290.1  18106634  18107114 (926674) C               Kuruka     Unspecified  (4851)    3982    3503    
   334 32.95 5.16 5.16          NC_071290.1  18113245  18113612 (920176) C               Kuruka     Unspecified  (5004)    3829    3462    
   572 33.72 2.20 3.05          NC_071290.1  18195348  18195711 (838077) C               Kuruka     Unspecified  (4985)    3848    3488    
   272 28.75 7.50 0.00          NC_071290.1  18205031  18205110 (828678) C               Kuruka     Unspecified  (4521)    4312    4227    
   275 20.00 0.00 0.00          NC_071290.1  18235195  18235244 (798544) +               Kuruka     Unspecified    4263    4312  (4521)    
   246 33.30 6.51 2.23          NC_071290.1  18250721  18250935 (782853) +               Kuruka     Unspecified    3456    3679  (5154)    
   554 34.12 3.37 3.66          NC_071290.1  18251549  18251904 (781884) +               Kuruka     Unspecified    4275    4629  (4204)    
   292 33.52 5.16 5.16          NC_071290.1  18263262  18263629 (770159) +               Kuruka     Unspecified    3462    3829  (5004)    
   411 34.51 2.36 3.06          NC_071290.1  18285007  18285302 (748486) +               Kuruka     Unspecified    4293    4586  (4247)    
   526 37.40 3.05 2.43          NC_071290.1  18297761  18298415 (735373) +               Kuruka     Unspecified    3462    4120  (4713)    
   271 36.77 5.66 5.83          NC_071290.1  18321683  18322300 (711488) C               Kuruka     Unspecified  (4279)    4554    3938    
   441 32.80 3.14 4.13          NC_071290.1  18398083  18398400 (635388) +               Kuruka     Unspecified    4293    4607  (4226)    
   295 33.17 3.98 2.62          NC_071290.1  18406838  18407063 (626725) +               Kuruka     Unspecified    3459    3687  (5146)    
   970 31.64 4.09 4.25          NC_071290.1  18407299  18407958 (625830) +               Kuruka     Unspecified    3920    4578  (4255)    
   485 36.83 2.09 2.31          NC_071290.1  18423457  18423934 (609854) +               Kuruka     Unspecified    3644    4120  (4713)    
   259 32.88 6.41 6.41          NC_071290.1  18449396  18449785 (584003) +               Kuruka     Unspecified    3593    3982  (4851)    
  1009 36.04 4.38 3.89          NC_071290.1  18460607  18461680 (572108) +               Kuruka     Unspecified    3461    4539  (4294)    
   334 36.36 5.50 5.67          NC_071290.1  18487701  18488318 (545470) C               Kuruka     Unspecified  (4279)    4554    3938    
  1077 34.42 4.92 5.01          NC_071290.1  18546228  18547325 (486463) +               Kuruka     Unspecified    3459    4555  (4278)    
   571 33.72 2.20 3.05          NC_071290.1  18628635  18628998 (404790) C               Kuruka     Unspecified  (4985)    3848    3488    
   286 27.50 7.50 0.00          NC_071290.1  18636066  18636145 (397643) C               Kuruka     Unspecified  (4521)    4312    4227    
  1241 34.39 4.10 4.19          NC_071290.1  18677104  18678226 (355562) +               Kuruka     Unspecified    3459    4580  (4253)    
   351 36.79 3.61 3.79       NW_026525048.1    165821    166402 (1677390) C               Kuruka     Unspecified  (4222)    4611    4031    
   341 31.31 6.25 6.25       NW_026525048.1    166643    167010 (1676782) C               Kuruka     Unspecified  (5004)    3829    3462    
   272 27.50 7.50 0.00       NW_026525048.1    287500    287579 (1556213) +               Kuruka     Unspecified    4227    4312  (4521)    
   782 35.75 3.99 4.10       NW_026525048.1    297011    297888 (1545904) +               Kuruka     Unspecified    3663    4539  (4294)    
   435 30.74 5.17 5.17       NW_026525048.1    337142    337412 (1506380) C               Kuruka     Unspecified  (4276)    4557    4287    
   255 20.00 0.00 0.00       NW_026525048.1    388201    388250 (1455542) +               Kuruka     Unspecified    4263    4312  (4521)    
   287 27.50 7.50 0.00       NW_026525048.1    657257    657336 (1186456) +               Kuruka     Unspecified    4227    4312  (4521)    
   653 33.82 1.69 1.97       NW_026525048.1    806823    807178 (1036614) +               Kuruka     Unspecified    4230    4584  (4249)    
   285 32.95 5.43 5.15       NW_026525048.1    812505    812872 (1030920) +               Kuruka     Unspecified    3461    3829  (5004)    
   243 28.43 3.88 0.94       NW_026525048.1    813139    813241 (1030551) +               Kuruka     Unspecified    4054    4159  (4674)    
   260 35.94 0.00 0.78       NW_026525048.1    813774    813902 (1029890) +               Kuruka     Unspecified    4484    4611  (4222)    
   574 33.72 2.20 3.05       NW_026525048.1    854395    854758 (989034) C               Kuruka     Unspecified  (4985)    3848    3488    
   286 27.50 7.50 0.00       NW_026525048.1    862782    862861 (980931) C               Kuruka     Unspecified  (4521)    4312    4227    
   252 18.60 0.00 0.00       NW_026525048.1    930169    930211 (913581) +               Kuruka     Unspecified    4270    4312  (4521)    
   434 31.01 4.80 4.80       NW_026525048.1   1123678   1123948 (719844) C               Kuruka     Unspecified  (4276)    4557    4287    
   241 32.30 1.53 3.10       NW_026525048.1   1150929   1151059 (692733) C               Kuruka     Unspecified  (5130)    3703    3575    
   286 27.50 7.50 0.00       NW_026525048.1   1220365   1220444 (623348) +               Kuruka     Unspecified    4227    4312  (4521)    
   225 14.59 5.88 5.88       NW_026525048.1   1236678   1236728 (607064) +               Kuruka     Unspecified    4283    4333  (4500)    
   255 20.00 0.00 0.00       NW_026525048.1   1347621   1347670 (496122) C               Kuruka     Unspecified  (4521)    4312    4263    
   286 27.50 7.50 0.00       NW_026525048.1   1397846   1397925 (445867) +               Kuruka     Unspecified    4227    4312  (4521)    
  1489 32.26 3.53 5.63       NW_026525048.1   1405403   1406706 (437086) +               Kuruka     Unspecified    3305    4582  (4251)    
  1302 34.59 3.65 3.74       NW_026525048.1   1420675   1421797 (421995) +               Kuruka     Unspecified    3459    4580  (4253)    
   286 27.50 7.50 0.00       NW_026525048.1   1535971   1536050 (307742) C               Kuruka     Unspecified  (4521)    4312    4227    
   270 31.37 4.69 2.03       NW_026525048.1   1681819   1682010 (161782) +               Kuruka     Unspecified    4217    4413  (4420)    
  1157 33.53 2.53 4.62       NW_026525131.1     50842     52145 (289180) +               Kuruka     Unspecified    3305    4582  (4251)    
   832 35.10 2.43 2.87       NW_026525135.1    194110    194810 (130546) +               Kuruka     Unspecified    3459    4156  (4677)    
   531 34.14 4.42 4.61       NW_026525135.1    194878    195442 (129914) +               Kuruka     Unspecified    4224    4787  (4046)    
   276 33.07 5.63 5.83       NW_026525137.1     30673     31205 (924309) +               Kuruka     Unspecified    3462    3993  (4840)    
   932 34.23 1.51 1.70       NW_026525137.1     52917     53445 (902069) C               Kuruka     Unspecified  (4253)    4580    4053    
   639 32.32 3.21 2.39       NW_026525137.1     53669     54042 (901472) C               Kuruka     Unspecified  (5001)    3832    3456    
   546 34.31 5.90 5.70       NW_026525137.1    214052    215136 (740378) C               Kuruka     Unspecified  (4162)    4671    3585    
   330 32.67 5.16 5.16       NW_026525137.1    279290    279657 (675857) +               Kuruka     Unspecified    3462    3829  (5004)    
   305 37.48 4.32 4.48       NW_026525137.1    279832    280479 (675035) +               Kuruka     Unspecified    3965    4611  (4222)    
  1439 33.56 2.52 4.45       NW_026525137.1    286084    287433 (668081) +               Kuruka     Unspecified    3305    4629  (4204)    
   570 35.88 2.11 2.11       NW_026525137.1    504448    504968 (450546) +               Kuruka     Unspecified    3462    3982  (4851)    
  1484 34.99 2.52 2.61       NW_026525137.1    580130    581241 (374273) +               Kuruka     Unspecified    3498    4608  (4225)    
   553 33.91 5.90 5.70       NW_026525137.1    611633    612717 (342797) +               Kuruka     Unspecified    3585    4671  (4162)    
   454 32.97 6.54 6.35       NW_026525137.1    618263    619347 (336167) +               Kuruka     Unspecified    3585    4671  (4162)    
  1442 33.08 3.07 5.16       NW_026525137.1    810298    811601 (143913) +               Kuruka     Unspecified    3305    4582  (4251)    
   872 33.30 5.66 5.76       NW_026525137.1    824183    825259 (130255) +               Kuruka     Unspecified    3458    4533  (4300)    
   289 32.95 5.43 5.15       NW_026525137.1    946723    947090   (8424) +               Kuruka     Unspecified    3461    3829  (5004)    
   946 31.80 4.09 4.25       NW_026525159.1     70536     71195 (760197) C               Kuruka     Unspecified  (4255)    4578    3920    
   325 32.27 3.98 2.62       NW_026525159.1     71431     71656 (759736) C               Kuruka     Unspecified  (5146)    3687    3459    
   235 33.33 4.11 4.11       NW_026525159.1    124116    124334 (707058) C               Kuruka     Unspecified  (5139)    3694    3476    
   256 33.23 5.43 5.15       NW_026525159.1    147010    147377 (684015) C               Kuruka     Unspecified  (5004)    3829    3461    
   344 32.52 7.13 4.81       NW_026525159.1    263930    264336 (567056) +               Kuruka     Unspecified    3461    3876  (4957)    
   247 36.13 0.00 0.00       NW_026525159.1    264550    264668 (566724) +               Kuruka     Unspecified    4041    4159  (4674)    
   261 35.94 0.00 1.56       NW_026525159.1    265197    265326 (566066) +               Kuruka     Unspecified    4484    4611  (4222)    
   308 37.25 3.44 3.61       NW_026525159.1    454983    455564 (375828) C               Kuruka     Unspecified  (4222)    4611    4031    
   352 32.67 5.16 5.16       NW_026525159.1    455805    456172 (375220) C               Kuruka     Unspecified  (5004)    3829    3462    
   300 33.64 3.12 3.12       NW_026525159.1    507618    507841 (323551) +               Kuruka     Unspecified    3456    3679  (5154)    
   263 28.57 0.00 0.00       NW_026525159.1    508119    508195 (323197) +               Kuruka     Unspecified    3939    4015  (4818)    
   590 33.64 2.07 2.37       NW_026525159.1    508455    508792 (322600) +               Kuruka     Unspecified    4275    4611  (4222)    
   233 19.57 0.00 0.00       NW_026525159.1    509216    509261 (322131) +               Kuruka     Unspecified    5278    5323  (3510)    
   244 33.33 5.49 5.21       NW_026525159.1    584207    584570 (246822) C               Kuruka     Unspecified  (5004)    3829    3465    
  1647 33.49 2.77 2.77       NW_026525159.1    729019    730102 (101290) C               Kuruka     Unspecified  (4247)    4586    3503    
   239 35.68 4.44 3.38       NW_026525159.1    761140    761432  (69960) C               Kuruka     Unspecified  (5733)    3100    2805    
   963 35.84 4.38 3.89       NW_026525159.1    781560    782633  (48759) C               Kuruka     Unspecified  (4294)    4539    3461    
   286 27.50 7.50 0.00       NW_026525159.1    800287    800366  (31026) C               Kuruka     Unspecified  (4521)    4312    4227    
   645 33.98 5.81 5.61       NW_026525215.1    125694    126778  (59380) +               Kuruka     Unspecified    3585    4671  (4162)    
   609 34.81 4.88 4.69       NW_026525221.1     76098     77182  (26076) C               Kuruka     Unspecified  (4162)    4671    3585    
   550 34.63 5.54 5.35       NW_026525223.1     87630     88712  (13697) C               Kuruka     Unspecified  (4162)    4671    3587    
   233 32.17 3.93 2.21       NW_026525225.1     27735     27912  (56235) +               Kuruka     Unspecified    3622    3802  (5031)    
   423 34.51 1.88 2.19       NW_026525225.1     28336     28655  (55492) +               Kuruka     Unspecified    4226    4544  (4289)    
   276 33.07 5.63 5.83       NW_026525232.1     15056     15588  (57830) +               Kuruka     Unspecified    3462    3993  (4840)    
   363 31.89 2.63 2.63       NW_026525232.1     27991     28180  (45238) +               Kuruka     Unspecified    3651    3840  (4993)    
   535 35.92 2.13 2.33       NW_026525232.1     28444     28959  (44459) +               Kuruka     Unspecified    4064    4578  (4255)    
   247 34.88 4.62 1.49       NW_026525235.1     19315     19509  (52701) +               Kuruka     Unspecified    4402    4602  (4231)    
   247 34.88 4.62 1.49       NW_026525235.1     34701     34895  (37315) +               Kuruka     Unspecified    4402    4602  (4231)    
   300 32.95 5.16 5.16       NW_026525235.1     62260     62627   (9583) +               Kuruka     Unspecified    3462    3829  (5004)    
   275 36.67 3.78 3.96       NW_026525235.1     62868     63449   (8761) +               Kuruka     Unspecified    4031    4611  (4222)    
   548 33.26 5.10 5.22       NW_026525235.1     66258     67139   (5071) C               Kuruka     Unspecified  (4378)    4455    3575    
   316 36.67 3.78 3.96       NW_026525250.1     24546     25127  (29081) C               Kuruka     Unspecified  (4222)    4611    4031    
   307 33.33 4.62 4.62       NW_026525250.1     25368     25735  (28473) C               Kuruka     Unspecified  (5004)    3829    3462    
   266 32.65 4.35 4.35       NW_026525253.1      6575      6827  (46571) +               Kuruka     Unspecified    3585    3837  (4996)    
   266 32.65 4.35 4.35       NW_026525253.1     14492     14744  (38654) +               Kuruka     Unspecified    3585    3837  (4996)    
   298 33.66 5.07 5.26       NW_026525269.1     39866     40398   (6053) +               Kuruka     Unspecified    3462    3993  (4840)    
   634 35.77 4.61 4.42       NW_026525279.1      8908      9992  (32126) +               Kuruka     Unspecified    3585    4671  (4162)    
   332 35.03 4.36 4.36       NW_026525304.1     12732     13328  (23232) +               Kuruka     Unspecified    3585    4181  (4652)    
   361 32.67 5.16 5.16       NW_026525326.1      8994      9361  (21903) +               Kuruka     Unspecified    3462    3829  (5004)    
   580 35.31 2.44 2.67       NW_026525334.1     15131     15581  (13135) C               Kuruka     Unspecified  (4289)    4544    4095    
   282 31.44 8.04 3.42       NW_026525334.1     15863     16086  (12630) C               Kuruka     Unspecified  (5020)    3813    3580    
   303 36.36 5.50 5.67       NW_026525356.1     14204     14821   (7071) +               Kuruka     Unspecified    3938    4554  (4279)    
   402 34.24 3.21 2.39       NW_026525371.1    220466    220839  (40152) +               Kuruka     Unspecified    3456    3832  (5001)    
   767 31.63 3.59 3.79       NW_026525371.1    221063    221591  (39400) +               Kuruka     Unspecified    4053    4580  (4253)    
   323 32.67 5.63 5.83       NW_026525372.1      8104      8636 (251799) +               Kuruka     Unspecified    3462    3993  (4840)    
   231 19.57 0.00 0.00       NW_026525372.1    228676    228721  (31714) C               Kuruka     Unspecified  (3510)    5323    5278    
   577 34.45 1.78 2.08       NW_026525372.1    229145    229482  (30953) C               Kuruka     Unspecified  (4222)    4611    4275    
   262 25.81 0.00 0.00       NW_026525372.1    229757    229818  (30617) C               Kuruka     Unspecified  (4833)    4000    3939    
   290 34.70 2.23 2.23       NW_026525372.1    230096    230319  (30116) C               Kuruka     Unspecified  (5154)    3679    3456    
   336 35.19 5.09 4.56       NW_026525373.1      7213      7605 (252691) C               Kuruka     Unspecified  (4154)    4679    4285    
   323 34.01 4.26 4.26       NW_026525373.1      8053      8310 (251986) C               Kuruka     Unspecified  (4996)    3837    3580    
   323 34.01 4.26 4.26       NW_026525373.1     16781     17038 (243258) C               Kuruka     Unspecified  (4996)    3837    3580    
   347 35.64 5.65 5.45       NW_026525373.1     40199     41296 (219000) +               Kuruka     Unspecified    3580    4679  (4154)    
   429 35.22 2.26 2.26       NW_026525376.1     51741     52138 (195633) C               Kuruka     Unspecified  (4851)    3982    3585    
   415 35.22 2.26 2.26       NW_026525376.1     59851     60248 (187523) C               Kuruka     Unspecified  (4851)    3982    3585    
   429 35.22 2.26 2.26       NW_026525376.1     67962     68359 (179412) C               Kuruka     Unspecified  (4851)    3982    3585    
  1544 33.35 4.12 2.49       NW_026525384.1    648048    649114 (371686) +               Kuruka     Unspecified    3503    4586  (4247)    
   718 31.23 2.53 1.96       NW_026525384.1    766926    767281 (253519) C               Kuruka     Unspecified  (4253)    4580    4223    
   490 35.86 3.91 2.58       NW_026525384.1    767350    768039 (252761) C               Kuruka     Unspecified  (4676)    4157    3459    
   587 35.39 2.66 2.89       NW_026525388.1     61087     61537 (920760) C               Kuruka     Unspecified  (4289)    4544    4095    
   278 37.18 1.89 1.89       NW_026525388.1    228112    228429 (753868) C               Kuruka     Unspecified  (4485)    4348    4031    
   356 32.09 5.16 5.16       NW_026525388.1    228670    229037 (753260) C               Kuruka     Unspecified  (5004)    3829    3462    
   263 36.13 2.52 2.52       NW_026525390.1     41528     41845 (934257) C               Kuruka     Unspecified  (4485)    4348    4031    
   325 32.95 5.16 5.16       NW_026525390.1     42086     42453 (933649) C               Kuruka     Unspecified  (5004)    3829    3462    
   423 35.92 5.37 5.18       NW_026525392.1     87104     88201  (81411) C               Kuruka     Unspecified  (4154)    4679    3580    
   234 32.71 0.93 0.93       NW_026525392.1     99609     99716  (69896) C               Kuruka     Unspecified  (5269)    3564    3457    
   292 34.42 4.26 4.26       NW_026525392.1    100997    101254  (68358) C               Kuruka     Unspecified  (4996)    3837    3580    
   443 35.73 5.37 5.18       NW_026525392.1    111575    112672  (56940) C               Kuruka     Unspecified  (4154)    4679    3580    
  1359 35.41 2.44 2.62       NW_026525395.1     54984     56091  (84499) +               Kuruka     Unspecified    3498    4603  (4230)    
   285 33.23 5.16 5.16       NW_026525395.1    132441    132808   (7782) +               Kuruka     Unspecified    3462    3829  (5004)    
   247 36.86 3.78 3.96       NW_026525395.1    133049    133630   (6960) +               Kuruka     Unspecified    4031    4611  (4222)    
   262 31.26 8.11 3.45       NW_026525407.1     51583     51804  (41690) +               Kuruka     Unspecified    3582    3813  (5020)    
   553 35.17 2.66 2.89       NW_026525407.1     52086     52536  (40958) +               Kuruka     Unspecified    4095    4544  (4289)    
   799 35.38 2.68 2.81       NW_026525408.1     97111     97895 (575751) +               Kuruka     Unspecified    3594    4377  (4456)    
   234 35.70 2.20 2.20       NW_026525411.1      8906      9223  (77581) C               Kuruka     Unspecified  (4485)    4348    4031    
   340 32.95 5.16 5.16       NW_026525417.1     85185     85552 (446717) C               Kuruka     Unspecified  (5004)    3829    3462    
   332 32.95 5.16 5.16       NW_026525417.1    166005    166372 (365897) +               Kuruka     Unspecified    3462    3829  (5004)    
   237 31.43 7.41 5.73       NW_026525417.1    216983    217171 (315098) +               Kuruka     Unspecified    3622    3813  (5020)    
   599 35.17 2.66 2.89       NW_026525417.1    217453    217903 (314366) +               Kuruka     Unspecified    4095    4544  (4289)    
   347 32.95 5.16 5.16       NW_026525417.1    247797    248164 (284105) C               Kuruka     Unspecified  (5004)    3829    3462    
   984 35.27 1.98 2.42       NW_026525417.1    255794    256499 (275770) +               Kuruka     Unspecified    3909    4611  (4222)    
   332 32.95 5.16 5.16       NW_026525417.1    281229    281596 (250673) +               Kuruka     Unspecified    3462    3829  (5004)    
   365 32.67 5.16 5.16       NW_026525417.1    378220    378587 (153682) +               Kuruka     Unspecified    3462    3829  (5004)    
   307 35.83 3.46 3.46       NW_026525417.1    378828    379145 (153124) +               Kuruka     Unspecified    4031    4348  (4485)    
   346 37.73 3.26 3.44       NW_026525417.1    388763    389344 (142925) C               Kuruka     Unspecified  (4222)    4611    4031    
   340 32.95 5.16 5.16       NW_026525417.1    389585    389952 (142317) C               Kuruka     Unspecified  (5004)    3829    3462    
   328 31.35 2.63 2.63       NW_026525417.1    430597    430786 (101483) +               Kuruka     Unspecified    3651    3840  (4993)    
   326 33.05 4.62 4.62       NW_026525425.1     17220     17587 (477358) +               Kuruka     Unspecified    3462    3829  (5004)    
   291 37.54 3.26 3.44       NW_026525425.1     17828     18409 (476536) +               Kuruka     Unspecified    4031    4611  (4222)    
   309 30.97 8.04 3.42       NW_026525425.1    183452    183675 (311270) +               Kuruka     Unspecified    3580    3813  (5020)    
   569 35.54 2.44 2.67       NW_026525425.1    183957    184407 (310538) +               Kuruka     Unspecified    4095    4544  (4289)    
   276 33.52 5.16 5.16       NW_026525428.1     19046     19413  (30731) +               Kuruka     Unspecified    3462    3829  (5004)    
   374 28.22 2.38 2.99       NW_026525432.1     19738     19905 (447855) +               Kuruka     Unspecified    4279    4445  (4388)    
  1180 34.24 2.36 2.92       NW_026525432.1     41320     42420 (425340) C               Kuruka     Unspecified  (4251)    4582    3488    
   254 36.48 3.46 3.46       NW_026525432.1    201567    201884 (265876) +               Kuruka     Unspecified    4031    4348  (4485)    
   526 35.49 4.71 4.52       NW_026525434.1    288518    289600 (148507) +               Kuruka     Unspecified    3587    4671  (4162)    
   300 32.95 5.16 5.16       NW_026525434.1    325531    325898 (112209) +               Kuruka     Unspecified    3462    3829  (5004)    
   260 36.13 2.52 2.52       NW_026525434.1    326139    326456 (111651) +               Kuruka     Unspecified    4031    4348  (4485)    
  1260 34.89 3.49 3.00       NW_026525436.1    240869    241929 (149957) C               Kuruka     Unspecified  (4306)    4527    3462    
   275 35.16 2.23 2.23       NW_026525439.1    252079    252302 (103563) +               Kuruka     Unspecified    3456    3679  (5154)    
   264 28.57 0.00 0.00       NW_026525439.1    252580    252656 (103209) +               Kuruka     Unspecified    3939    4015  (4818)    
   581 34.34 1.48 1.78       NW_026525439.1    252916    253253 (102612) +               Kuruka     Unspecified    4275    4611  (4222)    
   231 19.57 0.00 0.00       NW_026525439.1    253677    253722 (102143) +               Kuruka     Unspecified    5278    5323  (3510)    
   306 33.64 3.12 3.12       NW_026525439.1    262846    263069  (92796) +               Kuruka     Unspecified    3456    3679  (5154)    
   267 28.57 0.00 0.00       NW_026525439.1    263347    263423  (92442) +               Kuruka     Unspecified    3939    4015  (4818)    
   567 35.64 2.08 2.34       NW_026525439.1    263631    264015  (91850) +               Kuruka     Unspecified    4224    4607  (4226)    
   238 19.57 0.00 0.00       NW_026525439.1    264443    264488  (91377) +               Kuruka     Unspecified    5278    5323  (3510)    
   534 35.46 2.52 2.72       NW_026525439.1    269662    270177  (85688) C               Kuruka     Unspecified  (4255)    4578    4064    
   388 29.51 3.68 3.68       NW_026525439.1    270439    270628  (85237) C               Kuruka     Unspecified  (4993)    3840    3651    
   325 32.95 5.16 5.16       NW_026525444.1     13286     13653  (11666) +               Kuruka     Unspecified    3462    3829  (5004)    
   274 36.67 3.78 3.96       NW_026525444.1     13894     14475  (10844) +               Kuruka     Unspecified    4031    4611  (4222)    
   657 32.09 2.53 1.96       NW_026525463.1    204439    204794  (68226) C               Kuruka     Unspecified  (4253)    4580    4223    
   636 35.10 3.00 3.00       NW_026525463.1    204863    205561  (67459) C               Kuruka     Unspecified  (4676)    4157    3459    
