   673 36.50 2.01 2.32          NC_064870.1  15465220  15465867 (6185608) C               Kuruka     Unspecified  (4249)    4584    3939    
   491 33.14 4.23 3.41          NC_064870.1  15465986  15466363 (6185112) C               Kuruka     Unspecified  (4995)    3838    3458    
   300 27.78 4.14 4.14          NC_064870.1  15571692  15571860 (6079615) C               Kuruka     Unspecified  (5154)    3679    3511    
   282 35.36 1.00 1.50          NC_064870.1  16756470  16756670 (4894805) +               Kuruka     Unspecified    4064    4263  (4570)    
   270 33.51 1.49 2.00          NC_064870.1  16764348  16764548 (4886927) +               Kuruka     Unspecified    4064    4263  (4570)    
   282 35.36 1.00 1.50          NC_064870.1  16820833  16821033 (4830442) C               Kuruka     Unspecified  (4570)    4263    4064    
   260 34.01 1.49 2.00          NC_064870.1  16871143  16871343 (4780132) +               Kuruka     Unspecified    4064    4263  (4570)    
   295 35.08 1.03 1.55          NC_064870.1  16881534  16881727 (4769748) +               Kuruka     Unspecified    4071    4263  (4570)    
   349 29.50 7.44 6.12          NC_064870.1  16895067  16895308 (4756167) C               Kuruka     Unspecified  (5004)    3829    3585    
   282 35.36 1.00 1.50          NC_064870.1  16942099  16942299 (4709176) C               Kuruka     Unspecified  (4570)    4263    4064    
   272 33.68 1.99 2.50          NC_064870.1  16989655  16989855 (4661620) +               Kuruka     Unspecified    4064    4263  (4570)    
   295 35.08 1.03 1.55          NC_064870.1  17000052  17000245 (4651230) +               Kuruka     Unspecified    4071    4263  (4570)    
   349 29.50 7.44 6.12          NC_064870.1  17013586  17013827 (4637648) C               Kuruka     Unspecified  (5004)    3829    3585    
   349 29.50 7.44 6.12          NC_064870.1  17019582  17019823 (4631652) C               Kuruka     Unspecified  (5004)    3829    3585    
   291 34.01 1.49 2.00          NC_064870.1  17065479  17065679 (4585796) +               Kuruka     Unspecified    4064    4263  (4570)    
   291 34.01 1.49 2.00          NC_064870.1  17069432  17069632 (4581843) +               Kuruka     Unspecified    4064    4263  (4570)    
   250 33.63 3.04 3.04          NC_064870.1  17796567  17796796 (3854679) +               Kuruka     Unspecified    4116    4345  (4488)    
   252 31.81 4.35 4.35          NC_064870.1  17808362  17808591 (3842884) +               Kuruka     Unspecified    4116    4345  (4488)    
   252 30.17 3.33 3.33          NC_064870.1  17819976  17820095 (3831380) +               Kuruka     Unspecified    4226    4345  (4488)    
   250 33.63 3.04 3.04          NC_064870.1  17826765  17826994 (3824481) +               Kuruka     Unspecified    4116    4345  (4488)    
   312 33.63 3.04 3.04          NC_064870.1  17833673  17833902 (3817573) +               Kuruka     Unspecified    4116    4345  (4488)    
   312 33.63 3.04 3.04          NC_064870.1  17840582  17840811 (3810664) +               Kuruka     Unspecified    4116    4345  (4488)    
   312 33.63 3.04 3.04          NC_064870.1  17853699  17853928 (3797547) +               Kuruka     Unspecified    4116    4345  (4488)    
   312 33.63 3.04 3.04          NC_064870.1  17860594  17860823 (3790652) +               Kuruka     Unspecified    4116    4345  (4488)    
   312 33.63 3.04 3.04          NC_064870.1  17870290  17870519 (3780956) +               Kuruka     Unspecified    4116    4345  (4488)    
   312 33.63 3.04 3.04          NC_064870.1  17877188  17877417 (3774058) +               Kuruka     Unspecified    4116    4345  (4488)    
   312 33.63 3.04 3.04          NC_064870.1  17886986  17887215 (3764260) +               Kuruka     Unspecified    4116    4345  (4488)    
   283 33.63 3.00 3.00          NC_064870.1  17896627  17896859 (3754616) +               Kuruka     Unspecified    4116    4348  (4485)    
   328 34.90 4.31 5.14          NC_064870.1  17903247  17904128 (3747347) +               Kuruka     Unspecified    3459    4333  (4500)    
   395 34.88 2.05 2.47          NC_064870.1  17904438  17904681 (3746794) +               Kuruka     Unspecified    4336    4578  (4255)    
   383 34.20 3.37 3.08          NC_064870.1  18141760  18142115 (3509360) +               Kuruka     Unspecified    3459    3815  (5018)    
   256 33.02 0.00 0.00          NC_064870.1  18153337  18153442 (3498033) +               Kuruka     Unspecified    4052    4157  (4676)    
   528 32.40 3.00 4.13          NC_064870.1  18153506  18153872 (3497603) +               Kuruka     Unspecified    4224    4586  (4247)    
   311 35.24 4.63 4.74          NC_064870.1  18158284  18159254 (3492221) +               Kuruka     Unspecified    3585    4554  (4279)    
   413 32.77 7.09 7.09          NC_064870.1  18185943  18186323 (3465152) +               Kuruka     Unspecified    3452    3832  (5001)    
   494 36.80 0.61 0.91          NC_064870.1  18186787  18187115 (3464360) +               Kuruka     Unspecified    4284    4611  (4222)    
   243 33.58 1.86 3.80          NC_064870.1  18189170  18189330 (3462145) +               Kuruka     Unspecified    4196    4353  (4480)    
   234 24.14 0.00 0.00          NC_064870.1  18189417  18189474 (3462001) C               Kuruka     Unspecified  (4480)    4353    4296    
  1148 35.15 3.54 3.89          NC_064870.1  18197935  18199121 (3452354) +               Kuruka     Unspecified    3489    4671  (4162)    
   440 32.63 2.48 2.48          NC_064870.1  18206855  18207096 (3444379) +               Kuruka     Unspecified    4092    4333  (4500)    
   282 32.00 1.57 1.57          NC_064870.1  18236828  18236954 (3414521) +               Kuruka     Unspecified    3707    3833  (5000)    
   254 31.36 5.59 5.59          NC_064870.1  18252194  18252372 (3399103) +               Kuruka     Unspecified    3651    3829  (5004)    
   466 38.95 1.67 1.98          NC_064870.1  18252536  18253195 (3398280) +               Kuruka     Unspecified    3954    4611  (4222)    
   252 35.22 1.24 1.24          NC_064870.1  18293266  18293426 (3358049) +               Kuruka     Unspecified    2814    2974  (5859)    
  1240 35.52 3.37 3.72          NC_064870.1  18293989  18295175 (3356300) +               Kuruka     Unspecified    3489    4671  (4162)    
   492 32.08 5.22 4.08          NC_064870.1  18317779  18318142 (3333333) +               Kuruka     Unspecified    3448    3815  (5018)    
   260 34.12 2.34 1.55          NC_064870.1  18318446  18318573 (3332902) +               Kuruka     Unspecified    4227    4355  (4478)    
   253 30.10 7.39 4.66          NC_064870.1  18321836  18322065 (3329410) +               Kuruka     Unspecified    3588    3823  (5010)    
   233 37.88 0.62 0.62          NC_064870.1  18333528  18333689 (3317786) +               Kuruka     Unspecified    3671    3832  (5001)    
   726 33.46 4.48 4.67          NC_064870.1  18335288  18335823 (3315652) +               Kuruka     Unspecified    4052    4586  (4247)    
   438 32.63 2.48 2.48          NC_064870.1  18363901  18364142 (3287333) +               Kuruka     Unspecified    4092    4333  (4500)    
  1004 31.89 5.19 6.42          NC_064870.1  18371271  18372215 (3279260) +               Kuruka     Unspecified    3651    4584  (4249)    
   282 32.00 1.57 1.57          NC_064870.1  18420611  18420737 (3230738) +               Kuruka     Unspecified    3707    3833  (5000)    
   290 32.46 7.09 7.35          NC_064870.1  18982777  18983185 (2668290) C               Kuruka     Unspecified  (4199)    4634    4227    
   270 31.01 9.42 3.69          NC_064870.1  19201571  19201878 (2449597) C               Kuruka     Unspecified  (4225)    4608    4284    
   230 26.15 0.00 0.00          NC_064870.1  19220313  19220377 (2431098) C               Kuruka     Unspecified  (4485)    4348    4284    
   230 26.15 0.00 0.00          NC_064870.1  19238863  19238927 (2412548) C               Kuruka     Unspecified  (4485)    4348    4284    
   399 37.09 0.60 0.91          NC_064870.1  19314203  19314534 (2336941) C               Kuruka     Unspecified  (4219)    4614    4284    
   229 27.69 0.00 0.00          NC_064870.1  19362727  19362791 (2288684) +               Kuruka     Unspecified    4284    4348  (4485)    
   588 34.56 3.72 3.56          NC_064870.1  19469223  19469867 (2181608) C               Kuruka     Unspecified  (4249)    4584    3939    
   491 34.10 1.49 1.87          NC_064870.1  19497973  19498241 (2153234) C               Kuruka     Unspecified  (4294)    4539    4272    
   289 25.00 0.00 0.00          NC_064870.1  19500337  19500408 (2151067) C               Kuruka     Unspecified  (4698)    4135    4064    
   241 34.44 4.76 4.35          NC_064870.1  19502655  19502906 (2148569) C               Kuruka     Unspecified  (4677)    4156    3904    
   399 36.62 1.51 1.82          NC_064870.1  19512967  19513297 (2138178) C               Kuruka     Unspecified  (4205)    4628    4299    
   496 34.62 5.07 3.20          NC_064870.1  19513302  19513853 (2137622) C               Kuruka     Unspecified  (4835)    3998    3437    
   332 22.22 0.00 0.00          NC_064870.1  19584940  19585011 (2066464) C               Kuruka     Unspecified  (4698)    4135    4064    
   642 35.01 2.05 2.26          NC_064870.1  19590930  19591417 (2060058) C               Kuruka     Unspecified  (4294)    4539    4053    
   260 25.35 0.00 0.00          NC_064870.1  19653279  19653349 (1998126) C               Kuruka     Unspecified  (4280)    4553    4483    
   330 26.79 1.92 1.92          NC_064870.1  19667354  19667509 (1983966) C               Kuruka     Unspecified  (4479)    4354    4199    
   669 33.06 2.43 2.15          NC_064870.1  19667649  19668019 (1983456) C               Kuruka     Unspecified  (4835)    3998    3627    
   381 27.49 7.46 7.46          NC_064870.1  20002123  20002350 (1649125) +               Kuruka     Unspecified    3452    3679  (5154)    
  1097 34.62 4.62 4.72          NC_064870.1  20043825  20044906 (1606569) +               Kuruka     Unspecified    3459    4539  (4294)    
   672 32.14 0.40 0.00          NC_064870.1  20231614  20231865 (1419610) C               Kuruka     Unspecified  (4956)    3877    3625    
   665 33.33 1.45 1.74          NC_064870.1  20347855  20348199 (1303276) C               Kuruka     Unspecified  (4264)    4569    4226    
   493 31.86 5.99 4.36          NC_064870.1  20348596  20348979 (1302496) C               Kuruka     Unspecified  (5000)    3833    3444    
   505 34.99 3.73 5.03          NC_064870.1  20408959  20409602 (1241873) C               Kuruka     Unspecified  (4249)    4584    3949    
   549 34.33 2.62 2.62          NC_064870.1  20409732  20410075 (1241400) C               Kuruka     Unspecified  (4995)    3838    3495    
   549 33.72 1.13 1.52          NC_064870.1  20418820  20419084 (1232391) C               Kuruka     Unspecified  (4279)    4554    4291    
   666 34.96 4.67 4.41          NC_064870.1  20419814  20420627 (1230848) C               Kuruka     Unspecified  (4529)    4304    3489    
   258 34.69 2.01 1.50          NC_064870.1  20421122  20421320 (1230155) C               Kuruka     Unspecified  (5820)    3013    2814    
   363 36.29 3.38 3.38          NC_064870.1  20537454  20537838 (1113637) C               Kuruka     Unspecified  (4510)    4323    3939    
   363 36.29 3.38 3.38          NC_064870.1  20544626  20545010 (1106465) C               Kuruka     Unspecified  (4510)    4323    3939    
  1062 34.17 4.67 4.77          NC_064870.1  20548080  20549170 (1102305) C               Kuruka     Unspecified  (4288)    4545    3456    
   387 36.99 3.12 3.12          NC_064870.1  20822164  20822548 (828927) C               Kuruka     Unspecified  (4510)    4323    3939    
   387 36.99 3.12 3.12          NC_064870.1  20833138  20833522 (817953) C               Kuruka     Unspecified  (4510)    4323    3939    
   387 36.99 3.12 3.12          NC_064870.1  20844328  20844712 (806763) C               Kuruka     Unspecified  (4510)    4323    3939    
   389 36.99 3.12 3.12          NC_064870.1  20851450  20851834 (799641) C               Kuruka     Unspecified  (4510)    4323    3939    
   389 36.99 3.12 3.12          NC_064870.1  20866499  20866883 (784592) C               Kuruka     Unspecified  (4510)    4323    3939    
   389 36.99 3.12 3.12          NC_064870.1  20904391  20904775 (746700) C               Kuruka     Unspecified  (4510)    4323    3939    
   387 36.99 3.12 3.12          NC_064870.1  20918948  20919332 (732143) C               Kuruka     Unspecified  (4510)    4323    3939    
   387 36.99 3.12 3.12          NC_064870.1  20926032  20926416 (725059) C               Kuruka     Unspecified  (4510)    4323    3939    
   387 36.99 3.12 3.12          NC_064870.1  20933182  20933566 (717909) C               Kuruka     Unspecified  (4510)    4323    3939    
   362 37.26 3.12 3.12          NC_064870.1  20940332  20940716 (710759) C               Kuruka     Unspecified  (4510)    4323    3939    
   387 36.99 3.12 3.12          NC_064870.1  20951346  20951730 (699745) C               Kuruka     Unspecified  (4510)    4323    3939    
   387 36.99 3.12 3.12          NC_064870.1  20958496  20958880 (692595) C               Kuruka     Unspecified  (4510)    4323    3939    
   387 36.99 3.12 3.12          NC_064870.1  20969736  20970120 (681355) C               Kuruka     Unspecified  (4510)    4323    3939    
   389 36.99 3.12 3.12          NC_064870.1  20980935  20981319 (670156) C               Kuruka     Unspecified  (4510)    4323    3939    
   380 36.99 3.12 3.12          NC_064870.1  20992151  20992535 (658940) C               Kuruka     Unspecified  (4510)    4323    3939    
   380 36.99 3.12 3.12          NC_064870.1  21003315  21003699 (647776) C               Kuruka     Unspecified  (4510)    4323    3939    
   389 36.99 3.12 3.12          NC_064870.1  21010504  21010888 (640587) C               Kuruka     Unspecified  (4510)    4323    3939    
   380 36.99 3.12 3.12          NC_064870.1  21021521  21021905 (629570) C               Kuruka     Unspecified  (4510)    4323    3939    
   389 36.99 3.12 3.12          NC_064870.1  21028829  21029213 (622262) C               Kuruka     Unspecified  (4510)    4323    3939    
   380 36.99 3.12 3.12          NC_064870.1  21039984  21040368 (611107) C               Kuruka     Unspecified  (4510)    4323    3939    
   403 37.66 2.08 2.08          NC_064870.1  21047173  21047557 (603918) C               Kuruka     Unspecified  (4510)    4323    3939    
   380 36.99 3.12 3.12          NC_064870.1  21065448  21065832 (585643) C               Kuruka     Unspecified  (4510)    4323    3939    
   387 36.99 3.12 3.12          NC_064870.1  21072577  21072961 (578514) C               Kuruka     Unspecified  (4510)    4323    3939    
   389 36.99 3.12 3.12          NC_064870.1  21083731  21084115 (567360) C               Kuruka     Unspecified  (4510)    4323    3939    
   380 36.99 3.12 3.12          NC_064870.1  21094823  21095207 (556268) C               Kuruka     Unspecified  (4510)    4323    3939    
   394 37.66 2.08 2.08          NC_064870.1  21118508  21118892 (532583) C               Kuruka     Unspecified  (4510)    4323    3939    
  1255 35.78 3.12 3.47          NC_064870.1  21470763  21471949 (179526) C               Kuruka     Unspecified  (4162)    4671    3489    
   254 35.22 1.24 1.24          NC_064870.1  21472512  21472672 (178803) C               Kuruka     Unspecified  (5859)    2974    2814    
   353 33.33 3.90 3.90          NC_064870.1  21515513  21515871 (135604) +               Kuruka     Unspecified    3456    3814  (5019)    
   285 29.58 5.59 5.59          NC_064870.1  21519198  21519376 (132099) +               Kuruka     Unspecified    3651    3829  (5004)    
   418 38.34 2.58 2.75          NC_064870.1  21519617  21520198 (131277) +               Kuruka     Unspecified    4031    4611  (4222)    
   709 35.29 2.40 2.59          NC_064870.1  21522973  21523513 (127962) +               Kuruka     Unspecified    4047    4586  (4247)    
   286 30.76 5.06 1.22          NC_064871.1    219421    219578 (98531833) +               Kuruka     Unspecified    4509    4672  (4161)    
  1062 33.91 4.24 4.34          NC_064871.1  22410205  22411289 (76340122) C               Kuruka     Unspecified  (4291)    4542    3459    
  1062 33.91 4.24 4.34          NC_064871.1  22417641  22418725 (76332686) C               Kuruka     Unspecified  (4291)    4542    3459    
   350 28.26 0.00 0.00          NC_064871.1  28301224  28301315 (70450096) C               Kuruka     Unspecified  (4698)    4135    4044    
   334 29.53 3.87 3.87          NC_064871.1  29735516  29735670 (69015741) C               Kuruka     Unspecified  (5094)    3739    3585    
   355 28.26 0.00 0.00          NC_064871.1  32084141  32084232 (66667179) +               Kuruka     Unspecified    4044    4135  (4698)    
   661 33.75 0.92 1.23          NC_064871.1  42126226  42126552 (56624859) C               Kuruka     Unspecified  (4288)    4545    4220    
   758 30.77 3.48 2.65          NC_064871.1  42126943  42127316 (56624095) C               Kuruka     Unspecified  (5001)    3832    3456    
  1090 34.08 4.67 4.77          NC_064871.1  43706488  43707578 (55043833) C               Kuruka     Unspecified  (4288)    4545    3456    
   355 28.26 0.00 0.00          NC_064871.1  45231507  45231598 (53519813) C               Kuruka     Unspecified  (4698)    4135    4044    
  1148 35.18 3.62 3.97          NC_064871.1  50740656  50741842 (48009569) C               Kuruka     Unspecified  (4162)    4671    3489    
   233 35.22 1.24 1.24          NC_064871.1  50742406  50742566 (48008845) C               Kuruka     Unspecified  (5859)    2974    2814    
   278 33.67 3.98 6.91          NC_064871.1  51186971  51187372 (47564039) +               Kuruka     Unspecified    4165    4555  (4278)    
   390 33.56 6.38 6.71          NC_064871.1  52165317  52165645 (46585766) C               Kuruka     Unspecified  (4279)    4554    4227    
   357 33.05 2.63 4.46          NC_064871.1  52213629  52213856 (46537555) C               Kuruka     Unspecified  (4386)    4447    4224    
   291 29.66 0.85 0.00          NC_064871.1  52827948  52828065 (45923346) +               Kuruka     Unspecified    4053    4171  (4662)    
   315 32.94 3.62 3.62          NC_064871.1  57018018  57018376 (41733035) +               Kuruka     Unspecified    3456    3814  (5019)    
   627 35.61 2.16 2.32          NC_064871.1  57018519  57019165 (41732246) +               Kuruka     Unspecified    3939    4584  (4249)    
   315 32.94 3.62 3.62          NC_064871.1  57023914  57024272 (41727139) +               Kuruka     Unspecified    3456    3814  (5019)    
   627 35.61 2.16 2.32          NC_064871.1  57024415  57025061 (41726350) +               Kuruka     Unspecified    3939    4584  (4249)    
   886 36.27 3.32 3.68          NC_064871.1  57058810  57059682 (41691729) C               Kuruka     Unspecified  (4475)    4358    3489    
   252 35.22 1.24 1.24          NC_064871.1  57060245  57060405 (41691006) C               Kuruka     Unspecified  (5859)    2974    2814    
   252 16.00 0.00 0.00          NC_064871.1  57259580  57259629 (41491782) C               Kuruka     Unspecified  (5133)    3700    3651    
   324 34.88 0.00 0.00          NC_064871.1  58193242  58193370 (40558041) C               Kuruka     Unspecified  (4674)    4159    4031    
   285 29.58 5.59 5.59          NC_064871.1  58193611  58193789 (40557622) C               Kuruka     Unspecified  (5004)    3829    3651    
   229 20.00 0.00 0.00          NC_064871.1  58466099  58466148 (40285263) +               Kuruka     Unspecified    3651    3700  (5133)    
   321 37.81 1.65 1.65          NC_064871.1  58466391  58466632 (40284779) +               Kuruka     Unspecified    3918    4159  (4674)    
   311 29.82 4.47 4.47          NC_064871.1  58488144  58488322 (40263089) +               Kuruka     Unspecified    3651    3829  (5004)    
   273 35.66 0.00 0.00          NC_064871.1  58488563  58488691 (40262720) +               Kuruka     Unspecified    4031    4159  (4674)    
   299 37.94 1.75 1.75          NC_064871.1  59216460  59216687 (39534724) C               Kuruka     Unspecified  (4674)    4159    3932    
   279 31.00 4.47 4.47          NC_064871.1  59216829  59217007 (39534404) C               Kuruka     Unspecified  (5004)    3829    3651    
   293 38.16 1.72 1.72          NC_064871.1  59276715  59276946 (39474465) C               Kuruka     Unspecified  (4674)    4159    3928    
   279 31.00 4.47 4.47          NC_064871.1  59277084  59277262 (39474149) C               Kuruka     Unspecified  (5004)    3829    3651    
   535 35.94 4.21 4.32          NC_064871.1  59382513  59383486 (39367925) C               Kuruka     Unspecified  (4276)    4557    3585    
   251 32.17 4.47 4.47          NC_064871.1  59636112  59636290 (39115121) +               Kuruka     Unspecified    3651    3829  (5004)    
   380 38.69 2.58 2.75          NC_064871.1  59636531  59637112 (39114299) +               Kuruka     Unspecified    4031    4611  (4222)    
   258 33.52 3.35 3.35          NC_064871.1  59745936  59746114 (39005297) +               Kuruka     Unspecified    3651    3829  (5004)    
   283 36.15 0.00 0.00          NC_064871.1  59746355  59746484 (39004927) +               Kuruka     Unspecified    4031    4160  (4673)    
   261 32.18 4.94 5.37          NC_064871.1  59804585  59804827 (38946584) +               Kuruka     Unspecified    4295    4536  (4297)    
   239 29.22 6.58 3.18          NC_064871.1  59837709  59837860 (38913551) C               Kuruka     Unspecified  (4448)    4385    4229    
  1112 35.53 3.62 3.97          NC_064871.1  59914563  59915749 (38835662) C               Kuruka     Unspecified  (4162)    4671    3489    
   238 34.05 1.40 1.40          NC_064871.1  59916331  59916473 (38834938) C               Kuruka     Unspecified  (5877)    2956    2814    
   367 37.62 2.51 2.36          NC_064871.1  60071172  60071849 (38679562) C               Kuruka     Unspecified  (4222)    4611    3933    
   528 37.16 2.51 2.36          NC_064871.1  60103421  60104098 (38647313) C               Kuruka     Unspecified  (4222)    4611    3933    
   233 25.71 2.78 2.78          NC_064871.1  60104241  60104312 (38647099) C               Kuruka     Unspecified  (5004)    3829    3758    
   784 35.13 5.64 3.75          NC_064871.1  61696314  61697360 (37054051) +               Kuruka     Unspecified    3461    4526  (4307)    
   368 33.65 8.29 4.65          NC_064871.1  62503974  62504347 (36247064) +               Kuruka     Unspecified    3446    3832  (5001)    
   494 37.12 0.61 0.91          NC_064871.1  62504810  62505138 (36246273) +               Kuruka     Unspecified    4284    4611  (4222)    
   486 37.12 0.61 0.91          NC_064871.1  62587505  62587833 (36163578) C               Kuruka     Unspecified  (4222)    4611    4284    
   421 33.15 6.46 6.46          NC_064871.1  62588296  62588682 (36162729) C               Kuruka     Unspecified  (5001)    3832    3446    
  1056 33.69 4.40 4.50          NC_064871.1  62600248  62601338 (36150073) C               Kuruka     Unspecified  (4288)    4545    3456    
  1105 35.81 3.20 3.55          NC_064871.1  62830969  62832155 (35919256) C               Kuruka     Unspecified  (4162)    4671    3489    
   255 32.21 4.46 7.66          NC_064871.1  62857435  62857703 (35893708) C               Kuruka     Unspecified  (4278)    4555    4295    
   331 34.11 0.00 0.00          NC_064871.1  64331022  64331150 (34420261) C               Kuruka     Unspecified  (4674)    4159    4031    
   273 29.74 5.13 5.13          NC_064871.1  64331413  64331568 (34419843) C               Kuruka     Unspecified  (5027)    3806    3651    
   250 30.20 5.56 3.40          NC_064871.1  64335121  64335264 (34416147) C               Kuruka     Unspecified  (4177)    4656    4510    
   393 34.10 5.68 5.68          NC_064871.1  64335909  64336278 (34415133) C               Kuruka     Unspecified  (4999)    3834    3465    
   386 33.97 2.92 3.30          NC_064871.1  64347259  64347532 (34403879) C               Kuruka     Unspecified  (4279)    4554    4282    
   403 32.98 9.47 4.32          NC_064871.1  64352019  64352525 (34398886) C               Kuruka     Unspecified  (4249)    4584    4053    
   265 26.47 1.47 0.00          NC_064871.1  64352595  64352662 (34398749) C               Kuruka     Unspecified  (4833)    4000    3932    
   526 34.07 3.01 1.34          NC_064871.1  64352782  64353147 (34398264) C               Kuruka     Unspecified  (5018)    3815    3444    
   402 35.06 3.74 1.37          NC_064871.1  64360706  64360919 (34390492) C               Kuruka     Unspecified  (4215)    4618    4400    
   312 33.22 2.92 3.30          NC_064871.1  64372230  64372503 (34378908) C               Kuruka     Unspecified  (4279)    4554    4282    
   330 26.95 4.00 4.60          NC_064871.1  64373035  64373209 (34378202) C               Kuruka     Unspecified  (4378)    4455    4282    
   312 33.22 2.92 3.30          NC_064871.1  64373669  64373942 (34377469) C               Kuruka     Unspecified  (4279)    4554    4282    
   312 33.22 2.92 3.30          NC_064871.1  64374836  64375109 (34376302) C               Kuruka     Unspecified  (4279)    4554    4282    
   312 33.22 2.92 3.30          NC_064871.1  64375569  64375842 (34375569) C               Kuruka     Unspecified  (4279)    4554    4282    
   312 33.22 2.92 3.30          NC_064871.1  64376721  64376994 (34374417) C               Kuruka     Unspecified  (4279)    4554    4282    
   312 33.22 2.92 3.30          NC_064871.1  64377875  64378148 (34373263) C               Kuruka     Unspecified  (4279)    4554    4282    
   849 36.19 0.90 1.21          NC_064871.1  64381245  64381907 (34369504) C               Kuruka     Unspecified  (4235)    4598    3938    
   347 34.61 3.50 2.67          NC_064871.1  64382031  64382401 (34369010) C               Kuruka     Unspecified  (5001)    3832    3459    
   767 30.68 3.21 2.39          NC_064871.1  65786228  65786601 (32964810) +               Kuruka     Unspecified    3456    3832  (5001)    
   661 33.75 0.92 1.23          NC_064871.1  65786992  65787318 (32964093) +               Kuruka     Unspecified    4220    4545  (4288)    
  1095 34.01 4.77 4.86          NC_064871.1  66292494  66293584 (32457827) +               Kuruka     Unspecified    3456    4545  (4288)    
   355 28.26 0.00 0.00          NC_064871.1  67527457  67527548 (31223863) C               Kuruka     Unspecified  (4698)    4135    4044    
   787 31.87 2.67 1.86          NC_064871.1  69015465  69015838 (29735573) +               Kuruka     Unspecified    3456    3832  (5001)    
   678 33.75 0.92 1.23          NC_064871.1  69016229  69016555 (29734856) +               Kuruka     Unspecified    4220    4545  (4288)    
   334 29.53 3.87 3.87          NC_064871.1  69372291  69372445 (29378966) +               Kuruka     Unspecified    3585    3739  (5094)    
   242 29.70 6.54 3.16          NC_064871.1  70972125  70972277 (27779134) +               Kuruka     Unspecified    4229    4386  (4447)    
   238 35.22 1.24 1.24          NC_064871.1  72106287  72106447 (26644964) +               Kuruka     Unspecified    2814    2974  (5859)    
  1223 35.38 3.45 3.80          NC_064871.1  72107011  72108197 (26643214) +               Kuruka     Unspecified    3489    4671  (4162)    
   355 28.26 0.00 0.00          NC_064871.1  84502986  84503077 (14248334) C               Kuruka     Unspecified  (4698)    4135    4044    
  1101 34.89 4.53 4.63          NC_064871.1  84942141  84943222 (13808189) +               Kuruka     Unspecified    3459    4539  (4294)    
   787 31.87 2.67 1.86          NC_064872.1   5945897   5946270 (86602319) +               Kuruka     Unspecified    3456    3832  (5001)    
   678 33.75 0.92 1.23          NC_064872.1   5946661   5946987 (86601602) +               Kuruka     Unspecified    4220    4545  (4288)    
   247 31.96 5.59 5.59          NC_064872.1   8887633   8887811 (83660778) +               Kuruka     Unspecified    3651    3829  (5004)    
   602 38.18 1.62 1.77          NC_064872.1   8887954   8888633 (83659956) +               Kuruka     Unspecified    3933    4611  (4222)    
   426 32.48 7.47 6.38          NC_064872.1  12812234  12812621 (79735968) C               Kuruka     Unspecified  (4215)    4618    4227    
   236 33.33 3.28 3.28          NC_064872.1  12813073  12813255 (79735334) C               Kuruka     Unspecified  (5058)    3775    3593    
  1158 35.09 3.62 3.97          NC_064872.1  13733804  13734990 (78813599) C               Kuruka     Unspecified  (4162)    4671    3489    
  1084 34.36 4.40 4.50          NC_064872.1  19409034  19410124 (73138465) C               Kuruka     Unspecified  (4288)    4545    3456    
   652 38.15 1.61 1.76          NC_064872.1  19907970  19908652 (72639937) C               Kuruka     Unspecified  (4219)    4614    3933    
   248 31.96 5.59 5.59          NC_064872.1  19908795  19908973 (72639616) C               Kuruka     Unspecified  (5004)    3829    3651    
   235 27.86 5.29 6.83          NC_064872.1  19909624  19909831 (72638758) C               Kuruka     Unspecified  (5821)    3012    2808    
   577 34.26 0.61 0.92          NC_064872.1  20314155  20314481 (72234108) C               Kuruka     Unspecified  (4288)    4545    4220    
   635 32.15 2.67 1.86          NC_064872.1  20314872  20315245 (72233344) C               Kuruka     Unspecified  (5001)    3832    3456    
   664 31.69 2.94 2.12          NC_064872.1  22786142  22786515 (69762074) +               Kuruka     Unspecified    3456    3832  (5001)    
   584 33.95 0.61 0.92          NC_064872.1  22786906  22787232 (69761357) +               Kuruka     Unspecified    4220    4545  (4288)    
   307 36.71 3.74 3.74          NC_064872.1  23035161  23035641 (69512948) +               Kuruka     Unspecified    3655    4135  (4698)    
  1095 34.01 4.77 4.86          NC_064872.1  23879100  23880190 (68668399) C               Kuruka     Unspecified  (4288)    4545    3456    
  1095 34.01 4.77 4.86          NC_064872.1  26817006  26818096 (65730493) +               Kuruka     Unspecified    3456    4545  (4288)    
  1114 34.84 3.39 3.48          NC_064872.1  28836185  28837305 (63711284) C               Kuruka     Unspecified  (4255)    4578    3459    
  1071 33.93 4.19 4.38          NC_064872.1  35961239  35962360 (56586229) +               Kuruka     Unspecified    3459    4578  (4255)    
   280 26.57 3.01 3.79          NC_064872.1  46304752  46304884 (46243705) C               Kuruka     Unspecified  (4414)    4419    4288    
   284 32.45 2.58 2.58          NC_064872.1  46871908  46872062 (45676527) C               Kuruka     Unspecified  (5094)    3739    3585    
   469 37.09 0.60 1.21          NC_064872.1  46960898  46961230 (45587359) +               Kuruka     Unspecified    4284    4614  (4219)    
   545 35.61 4.74 4.85          NC_064872.1  47197598  47198568 (45350021) C               Kuruka     Unspecified  (4279)    4554    3585    
   273 38.59 1.72 1.72          NC_064872.1  47263904  47264135 (45284454) C               Kuruka     Unspecified  (4674)    4159    3928    
   289 29.58 5.59 5.59          NC_064872.1  47264273  47264451 (45284138) C               Kuruka     Unspecified  (5004)    3829    3651    
   931 33.43 4.55 4.74          NC_064872.1  47300835  47301911 (45246678) +               Kuruka     Unspecified    3459    4533  (4300)    
   909 33.53 4.55 4.65          NC_064872.1  47307577  47308652 (45239937) +               Kuruka     Unspecified    3459    4533  (4300)    
  1054 34.27 3.90 4.00          NC_064872.1  47329707  47330782 (45217807) +               Kuruka     Unspecified    3459    4533  (4300)    
  1087 34.40 3.72 3.81          NC_064872.1  47353604  47354679 (45193910) +               Kuruka     Unspecified    3459    4533  (4300)    
   300 28.99 5.59 5.59          NC_064872.1  47461360  47461538 (45087051) +               Kuruka     Unspecified    3651    3829  (5004)    
   386 38.17 2.57 2.93          NC_064872.1  47461779  47462361 (45086228) +               Kuruka     Unspecified    4031    4611  (4222)    
   300 28.99 5.59 5.59          NC_064872.1  47482101  47482279 (45066310) +               Kuruka     Unspecified    3651    3829  (5004)    
   407 37.77 2.93 2.93          NC_064872.1  47482520  47483100 (45065489) +               Kuruka     Unspecified    4031    4611  (4222)    
   600 33.64 0.61 0.92          NC_064872.1  47688255  47688581 (44860008) C               Kuruka     Unspecified  (4288)    4545    4220    
   656 31.87 2.67 1.86          NC_064872.1  47688972  47689345 (44859244) C               Kuruka     Unspecified  (5001)    3832    3456    
   600 33.64 0.61 0.92          NC_064872.1  47705272  47705598 (44842991) C               Kuruka     Unspecified  (4288)    4545    4220    
   656 31.87 2.67 1.86          NC_064872.1  47705989  47706362 (44842227) C               Kuruka     Unspecified  (5001)    3832    3456    
   657 35.44 2.16 2.32          NC_064872.1  47716702  47717348 (44831241) C               Kuruka     Unspecified  (4249)    4584    3939    
   298 32.47 3.90 3.90          NC_064872.1  47717491  47717849 (44830740) C               Kuruka     Unspecified  (5019)    3814    3456    
   242 29.70 6.54 3.16          NC_064872.1  47906605  47906757 (44641832) +               Kuruka     Unspecified    4229    4386  (4447)    
   242 29.70 6.54 3.16          NC_064872.1  47920655  47920807 (44627782) C               Kuruka     Unspecified  (4447)    4386    4229    
  1082 34.33 3.50 3.60          NC_064872.1  48389587  48390671 (44157918) C               Kuruka     Unspecified  (4291)    4542    3459    
   491 34.43 2.66 2.66          NC_064872.1  52495081  52495456 (40053133) +               Kuruka     Unspecified    3456    3831  (5002)    
   438 35.23 4.04 2.85          NC_064872.1  52495696  52496215 (40052374) +               Kuruka     Unspecified    4053    4578  (4255)    
   816 33.77 3.07 3.55          NC_064872.1  52507533  52508183 (40040406) +               Kuruka     Unspecified    3939    4586  (4247)    
   383 35.07 3.13 3.95          NC_064872.1  52528612  52528994 (40019595) +               Kuruka     Unspecified    3456    3835  (4998)    
  1095 34.01 4.77 4.86          NC_064872.1  55593090  55594180 (36954409) C               Kuruka     Unspecified  (4288)    4545    3456    
   654 38.18 1.62 1.77          NC_064872.1  57370294  57370973 (35177616) C               Kuruka     Unspecified  (4222)    4611    3933    
   248 31.96 5.59 5.59          NC_064872.1  57371116  57371294 (35177295) C               Kuruka     Unspecified  (5004)    3829    3651    
   355 28.26 0.00 0.00          NC_064872.1  61490527  61490618 (31057971) +               Kuruka     Unspecified    4044    4135  (4698)    
   334 29.53 3.87 3.87          NC_064872.1  73486751  73486905 (19061684) +               Kuruka     Unspecified    3585    3739  (5094)    
   439 32.20 7.47 6.38          NC_064872.1  77372810  77373197 (15175392) C               Kuruka     Unspecified  (4215)    4618    4227    
   239 30.07 4.03 4.03          NC_064872.1  77373635  77373783 (15174806) C               Kuruka     Unspecified  (5058)    3775    3627    
   238 35.22 1.24 1.24          NC_064872.1  81152270  81152430 (11396159) +               Kuruka     Unspecified    2814    2974  (5859)    
  1213 35.61 3.37 3.72          NC_064872.1  81152993  81154179 (11394410) +               Kuruka     Unspecified    3489    4671  (4162)    
   340 29.53 3.87 3.87          NC_064872.1  83715462  83715616 (8832973) +               Kuruka     Unspecified    3585    3739  (5094)    
   334 29.53 3.87 3.87          NC_064872.1  88999374  88999528 (3549061) +               Kuruka     Unspecified    3585    3739  (5094)    
