   264 29.17 1.85 4.76           OX243985.1    645814    645921 (31866707) C               Kuruka     Unspecified  (4499)    4334    4230    
  1880 36.14 2.04 2.12           OX243985.1    662037    663311 (31849317) +               Kuruka     Unspecified    3488    4761  (4072)    
   306 25.96 0.95 0.95           OX243985.1   2145408   2145512 (30367116) +               Kuruka     Unspecified    4145    4249  (4584)    
   340 29.02 6.67 6.67           OX243985.1   2601724   2601963 (29910665) C               Kuruka     Unspecified  (5133)    3700    3461    
   826 34.34 0.00 0.30           OX243985.1   4075377   4075706 (28436922) +               Kuruka     Unspecified    4284    4612  (4221)    
   507 35.81 0.67 1.01           OX243985.1   5660073   5660371 (26852257) C               Kuruka     Unspecified  (4312)    4521    4224    
   555 35.48 0.67 1.01           OX243985.1   5719287   5719585 (26793043) C               Kuruka     Unspecified  (4312)    4521    4224    
   237 22.79 1.43 5.97           OX243985.1   6411011   6411080 (26101548) +               Kuruka     Unspecified    4311    4377  (4456)    
   293 36.49 1.33 1.78           OX243985.1   8711495   8711720 (23800908) +               Kuruka     Unspecified    4285    4509  (4324)    
  1274 34.93 4.35 3.47           OX243985.1   9525254   9526540 (22986088) C               Kuruka     Unspecified  (4075)    4758    3461    
   583 29.01 0.87 4.48           OX243985.1  10100853  10101083 (22411545) +               Kuruka     Unspecified    4391    4613  (4220)    
   242 32.66 2.13 6.19           OX243985.1  14507525  14507759 (18004869) +               Kuruka     Unspecified    3583    3808  (5025)    
   528 35.48 0.67 1.01           OX243985.1  14859761  14860059 (17652569) +               Kuruka     Unspecified    4224    4521  (4312)    
   415 35.26 0.71 1.79           OX243985.1  15344384  15344666 (17167962) C               Kuruka     Unspecified  (4330)    4503    4224    
   269 20.97 0.00 5.97           OX243985.1  23369990  23370060 (9142568) +               Kuruka     Unspecified    4311    4377  (4456)    
   552 34.87 2.49 3.04           OX243985.1  24642445  24643006 (7869622) C               Kuruka     Unspecified  (4342)    4491    3933    
  2243 32.95 2.81 2.89           OX243985.1  29848803  29850049 (2662579) +               Kuruka     Unspecified    3531    4776  (4057)    
   331 37.27 5.71 0.34           OX243985.1  30876568  30876847 (1635781) C               Kuruka     Unspecified  (4312)    4521    4227    
   267 28.19 1.85 4.76           OX243985.1  32130793  32130900 (381728) C               Kuruka     Unspecified  (4499)    4334    4230    
  1775 33.46 1.37 1.46           OX243985.1  32360470  32361567 (151061) C               Kuruka     Unspecified  (4226)    4607    3511    
   483 37.71 0.33 0.67           OX243986.1    225215    225513 (23776892) +               Kuruka     Unspecified    4224    4521  (4312)    
   324 28.05 0.00 0.00           OX243986.1   8151580   8151661 (15850744) C               Kuruka     Unspecified  (4479)    4354    4273    
   273 33.89 3.19 3.60           OX243987.1   5938642   5938892 (17507183) +               Kuruka     Unspecified    4287    4536  (4297)    
   579 31.97 1.67 3.04           OX243987.1   7430860   7431159 (16014916) C               Kuruka     Unspecified  (4312)    4521    4226    
  1628 34.98 2.73 3.07           OX243987.1  12857350  12858558 (10587517) +               Kuruka     Unspecified    3554    4758  (4075)    
   875 34.40 2.99 2.30           OX243987.1  13254932  13255666 (10190409) C               Kuruka     Unspecified  (4161)    4672    3933    
   531 33.42 4.19 4.19           OX243987.1  13255748  13256153 (10189922) C               Kuruka     Unspecified  (4982)    3851    3446    
   249 20.97 0.00 5.97           OX243987.1  14520489  14520559 (8925516) +               Kuruka     Unspecified    4311    4377  (4456)    
   327 27.71 0.00 1.20           OX243987.1  21536490  21536573 (1909502) +               Kuruka     Unspecified    4295    4377  (4456)    
   263 31.65 5.56 5.98           OX243987.1  23016895  23017146 (428929) C               Kuruka     Unspecified  (4297)    4536    4286    
   269 30.08 5.83 5.83           OX243987.1  23295300  23295539 (150536) +               Kuruka     Unspecified    3461    3700  (5133)    
   245 32.62 3.76 6.04           OX243988.1    129477    129662 (23091878) C               Kuruka     Unspecified  (4432)    4401    4220    
   464 33.33 2.29 2.68           OX243988.1   1457910   1458171 (21763369) +               Kuruka     Unspecified    4273    4533  (4300)    
  2138 34.31 1.98 2.05           OX243988.1   1787127   1788441 (21433099) C               Kuruka     Unspecified  (4073)    4760    3447    
  2138 33.68 1.75 1.84           OX243988.1  15316213  15317410 (7904130) +               Kuruka     Unspecified    3447    4643  (4190)    
   283 30.10 0.00 0.97           OX243988.1  16279008  16279111 (6942429) +               Kuruka     Unspecified    4284    4386  (4447)    
  1879 35.01 2.37 2.45           OX243988.1  16475072  16476339 (6745201) +               Kuruka     Unspecified    3495    4761  (4072)    
   259 34.25 3.05 3.05           OX243988.1  17955671  17955932 (5265608) +               Kuruka     Unspecified    3556    3817  (5016)    
   273 33.89 3.19 3.60           OX243988.1  18669576  18669826 (4551714) +               Kuruka     Unspecified    4287    4536  (4297)    
   259 34.25 3.05 3.05           OX243988.1  21951331  21951592 (1269948) +               Kuruka     Unspecified    3556    3817  (5016)    
  2526 31.81 3.02 3.50           OX243988.1  22497187  22498479 (723061) +               Kuruka     Unspecified    3489    4775  (4058)    
   340 31.35 2.63 2.63           OX243989.1    474567    474756 (22419296) C               Kuruka     Unspecified  (4499)    4334    4145    
   535 35.82 1.18 1.18           OX243989.1   1902934   1903272 (20990780) +               Kuruka     Unspecified    3507    3845  (4988)    
   757 36.54 1.47 3.68           OX243989.1   1903365   1904114 (20989938) +               Kuruka     Unspecified    3938    4671  (4162)    
  1280 35.02 4.10 3.32           OX243989.1   3130383   3131578 (19762474) C               Kuruka     Unspecified  (4075)    4758    3554    
  1365 35.74 3.18 4.88           OX243989.1   4251224   4252514 (18641538) C               Kuruka     Unspecified  (4069)    4764    3495    
  1927 35.00 1.56 1.56           OX243989.1  13019969  13021254 (9872798) +               Kuruka     Unspecified    3489    4774  (4059)    
   379 36.92 3.33 5.87           OX243989.1  16201974  16202514 (6691538) C               Kuruka     Unspecified  (4818)    4015    3488    
   524 35.48 0.67 1.01           OX243989.1  16455799  16456097 (6437955) +               Kuruka     Unspecified    4224    4521  (4312)    
   349 33.14 3.35 3.93           OX243989.1  17114283  17114461 (5779591) +               Kuruka     Unspecified    4287    4464  (4369)    
   339 27.80 7.08 7.08           OX243989.1  18605510  18605749 (4288303) +               Kuruka     Unspecified    3461    3700  (5133)    
   235 37.02 0.64 1.29           OX243989.1  19444930  19445085 (3448967) C               Kuruka     Unspecified  (4387)    4446    4292    
   340 31.35 2.63 2.63           OX243989.1  19818563  19818752 (3075300) +               Kuruka     Unspecified    4145    4334  (4499)    
   830 34.11 3.91 3.13           OX243989.1  20119807  20120599 (2773453) C               Kuruka     Unspecified  (4300)    4533    3735    
  1827 33.95 1.38 1.47           OX243989.1  20137928  20139084 (2754968) +               Kuruka     Unspecified    3488    4643  (4190)    
  1809 33.82 3.06 3.15           OX243989.1  20206261  20207469 (2686583) C               Kuruka     Unspecified  (4177)    4656    3449    
  1548 34.05 2.02 1.37           OX243989.1  20640278  20641367 (2252685) C               Kuruka     Unspecified  (4226)    4607    3511    
   605 32.08 1.35 1.35           OX243989.1  20778732  20779028 (2115024) C               Kuruka     Unspecified  (5026)    3807    3511    
   249 29.17 1.85 4.76           OX243989.1  20834110  20834217 (2059835) C               Kuruka     Unspecified  (4499)    4334    4230    
   388 39.26 0.28 0.28           OX243989.1  21442921  21443275 (1450777) +               Kuruka     Unspecified    3494    3848  (4985)    
   707 37.24 3.27 4.55           OX243989.1  21442984  21444052 (1450000) +               Kuruka     Unspecified    3557    4612  (4221)    
   384 34.00 3.61 3.61           OX243989.1  21443359  21443773 (1450279) +               Kuruka     Unspecified    3932    4346  (4487)    
   717 37.14 3.37 3.37           OX243989.1  21660780  21661640 (1232412) +               Kuruka     Unspecified    3494    4354  (4479)    
   242 23.33 0.00 0.00           OX243989.1  21678415  21678474 (1215578) C               Kuruka     Unspecified  (4479)    4354    4295    
   421 34.69 1.34 1.68           OX243989.1  21714083  21714381 (1179671) +               Kuruka     Unspecified    4224    4521  (4312)    
   279 20.97 0.00 5.97           OX243989.1  22420707  22420777 (473275) +               Kuruka     Unspecified    4311    4377  (4456)    
  1692 34.54 2.89 3.24           OX243989.1  22744887  22746095 (147957) C               Kuruka     Unspecified  (4075)    4758    3554    
   285 33.10 2.05 2.76           OX243990.1     13435     13580 (22864217) +               Kuruka     Unspecified    4284    4428  (4405)    
   289 35.06 4.62 2.00           OX243990.1    446946    447140 (22430657) +               Kuruka     Unspecified    4229    4428  (4405)    
   310 34.56 4.86 2.78           OX243990.1   2023231   2023477 (20854320) +               Kuruka     Unspecified    4282    4533  (4300)    
   312 32.14 3.48 5.58           OX243990.1   2625611   2625811 (20251986) +               Kuruka     Unspecified    4220    4416  (4417)    
  2252 32.59 1.11 1.20           OX243990.1   2754753   2755836 (20121961) +               Kuruka     Unspecified    3531    4613  (4220)    
   230 28.77 0.00 0.00           OX243990.1   3065096   3065168 (19812629) +               Kuruka     Unspecified    4282    4354  (4479)    
   295 33.33 1.36 2.05           OX243990.1   9654551   9654697 (13223100) +               Kuruka     Unspecified    4292    4437  (4396)    
   278 33.01 0.00 0.97           OX243990.1   9667774   9667877 (13209920) C               Kuruka     Unspecified  (4447)    4386    4284    
   465 35.57 0.69 1.75           OX243990.1  12547140  12547428 (10330369) +               Kuruka     Unspecified    4224    4509  (4324)    
   456 35.13 0.67 1.01           OX243990.1  19288430  19288728 (3589069) +               Kuruka     Unspecified    4224    4521  (4312)    
   433 34.66 1.07 1.07           OX243990.1  22765555  22765834 (111963) C               Kuruka     Unspecified  (4330)    4503    4224    
  1088 36.21 2.21 2.47           OX243991.1    188330    189504 (22681002) C               Kuruka     Unspecified  (4069)    4764    3593    
   292 30.93 2.11 2.11           OX243991.1   3663559   3663700 (19206806) C               Kuruka     Unspecified  (5112)    3721    3580    
   355 37.05 0.71 1.07           OX243991.1  13879892  13880172 (8990334) C               Kuruka     Unspecified  (4330)    4503    4224    
   239 26.47 0.00 0.00           OX243991.1  22695159  22695226 (175280) +               Kuruka     Unspecified    4287    4354  (4479)    
   426 35.61 0.71 1.07           OX243992.1    378463    378743 (22481296) C               Kuruka     Unspecified  (4330)    4503    4224    
   449 36.28 1.69 1.69           OX243992.1    702358    702713 (22157326) C               Kuruka     Unspecified  (4075)    4758    4403    
   237 28.19 1.85 4.76           OX243992.1   1234564   1234671 (21625368) +               Kuruka     Unspecified    4230    4334  (4499)    
   249 20.97 0.00 5.97           OX243992.1   1916840   1916910 (20943129) C               Kuruka     Unspecified  (4456)    4377    4311    
   251 28.77 0.00 0.00           OX243992.1   2706682   2706754 (20153285) +               Kuruka     Unspecified    4282    4354  (4479)    
  1869 35.09 2.37 2.45           OX243992.1   9165456   9166723 (13693316) C               Kuruka     Unspecified  (4072)    4761    3495    
   246 31.09 0.83 0.83           OX243992.1  14375707  14375826 (8484213) C               Kuruka     Unspecified  (4662)    4171    4052    
   307 34.83 1.27 1.27           OX243992.1  14376136  14376292 (8483747) C               Kuruka     Unspecified  (5094)    3739    3583    
   269 20.97 0.00 5.97           OX243992.1  15342354  15342424 (7517615) C               Kuruka     Unspecified  (4456)    4377    4311    
  2281 34.78 1.63 1.56           OX243992.1  16374671  16375955 (6484084) +               Kuruka     Unspecified    3489    4774  (4059)    
  1850 33.86 1.38 1.47           OX243992.1  17486890  17488046 (5371993) C               Kuruka     Unspecified  (4190)    4643    3488    
   254 22.47 0.00 5.97           OX243992.1  21639382  21639452 (1220587) C               Kuruka     Unspecified  (4456)    4377    4311    
   283 29.65 5.83 5.83           OX243992.1  22081314  22081553 (778486) +               Kuruka     Unspecified    3461    3700  (5133)    
   453 35.60 1.00 1.34           OX243992.1  22286012  22286310 (573729) +               Kuruka     Unspecified    4224    4521  (4312)    
  1360 35.30 2.89 3.24           OX243992.1  22340770  22341978 (518061) C               Kuruka     Unspecified  (4075)    4758    3554    
  2348 32.22 2.52 2.60           OX243992.1  22699978  22701169 (158870) +               Kuruka     Unspecified    3480    4670  (4163)    
   261 21.67 0.00 0.00           OX243993.1    155683    155742 (22247231) C               Kuruka     Unspecified  (4479)    4354    4295    
   485 32.39 1.72 2.08           OX243993.1    173254    173543 (22229430) C               Kuruka     Unspecified  (4312)    4521    4233    
   264 34.29 3.15 3.56           OX243993.1    194070    194323 (22208650) C               Kuruka     Unspecified  (4297)    4536    4284    
   398 36.16 0.67 1.01           OX243993.1    457966    458264 (21944709) C               Kuruka     Unspecified  (4312)    4521    4224    
   454 33.33 2.29 2.68           OX243993.1   5041846   5042107 (17360866) C               Kuruka     Unspecified  (4300)    4533    4273    
   324 36.07 1.61 2.02           OX243993.1  21969197  21969445 (433528) +               Kuruka     Unspecified    4273    4520  (4313)    
   412 35.97 0.71 1.07           OX243994.1    517042    517322 (21876871) +               Kuruka     Unspecified    4224    4503  (4330)    
   289 19.05 0.00 0.00           OX243994.1   1782717   1782779 (20611414) C               Kuruka     Unspecified  (4479)    4354    4292    
   291 31.35 2.63 2.63           OX243994.1   5803780   5803969 (16590224) +               Kuruka     Unspecified    4145    4334  (4499)    
  1082 34.26 2.99 2.30           OX243994.1   6342625   6343359 (16050834) C               Kuruka     Unspecified  (4161)    4672    3933    
   639 34.59 2.46 2.46           OX243994.1   6343441   6343846 (16050347) C               Kuruka     Unspecified  (4982)    3851    3446    
  2547 32.59 1.11 1.20           OX243994.1  20387316  20388399 (2005794) +               Kuruka     Unspecified    3531    4613  (4220)    
   249 20.97 0.00 5.97           OX243994.1  21795550  21795620 (598573) C               Kuruka     Unspecified  (4456)    4377    4311    
   519 35.81 0.67 1.01           OX243994.1  22010503  22010801 (383392) C               Kuruka     Unspecified  (4312)    4521    4224    
   503 35.37 1.34 1.68           OX243994.1  22031306  22031604 (362589) +               Kuruka     Unspecified    4224    4521  (4312)    
   328 27.01 0.76 3.94           OX243994.1  22164324  22164454 (229739) C               Kuruka     Unspecified  (4483)    4350    4224    
   444 35.13 0.67 1.01           OX243995.1   2152859   2153157 (19684402) +               Kuruka     Unspecified    4224    4521  (4312)    
   234 30.14 0.00 0.00           OX243995.1   3838185   3838257 (17999302) C               Kuruka     Unspecified  (4479)    4354    4282    
  1614 34.67 2.81 3.15           OX243995.1   4727262   4728470 (17109089) C               Kuruka     Unspecified  (4075)    4758    3554    
   270 33.81 2.05 2.76           OX243995.1  11501020  11501165 (10336394) +               Kuruka     Unspecified    4284    4428  (4405)    
   259 34.25 3.05 3.05           OX243995.1  16148582  16148843 (5688716) +               Kuruka     Unspecified    3556    3817  (5016)    
   667 33.92 2.71 2.71           OX243995.1  16472268  16472673 (5364886) +               Kuruka     Unspecified    3446    3851  (4982)    
  1097 34.11 2.99 2.30           OX243995.1  16472755  16473489 (5364070) +               Kuruka     Unspecified    3933    4672  (4161)    
   300 33.71 2.20 2.20           OX243996.1   3269687   3269868 (18300972) +               Kuruka     Unspecified    3954    4135  (4698)    
   282 31.12 6.61 7.05           OX243996.1   5609932   5610173 (15960667) C               Kuruka     Unspecified  (4298)    4535    4295    
   571 31.97 1.67 3.04           OX243996.1   6274179   6274478 (15296362) +               Kuruka     Unspecified    4226    4521  (4312)    
   254 22.47 0.00 5.97           OX243996.1   9294153   9294223 (12276617) C               Kuruka     Unspecified  (4456)    4377    4311    
   291 13.04 0.00 0.00           OX243996.1  14252877  14252922 (7317918) +               Kuruka     Unspecified    3610    3655  (5178)    
   577 35.12 1.47 1.47           OX243996.1  14253143  14253483 (7317357) +               Kuruka     Unspecified    3660    4000  (4833)    
   330 27.53 3.52 2.80           OX243996.1  14253895  14254036 (7316804) +               Kuruka     Unspecified    4173    4315  (4518)    
   348 31.73 5.00 5.44           OX243996.1  15235526  15235765 (6335075) +               Kuruka     Unspecified    4284    4522  (4311)    
   839 33.93 2.93 2.10           OX243996.1  18155912  18156525 (3414315) C               Kuruka     Unspecified  (4282)    4551    3933    
   505 33.24 4.43 4.43           OX243996.1  18156607  18157012 (3413828) C               Kuruka     Unspecified  (4982)    3851    3446    
   430 36.30 1.65 1.65           OX243996.1  20802344  20802766 (768074) C               Kuruka     Unspecified  (4479)    4354    3932    
   412 31.77 1.39 0.92           OX243996.1  20802995  20803210 (767630) C               Kuruka     Unspecified  (5129)    3704    3488    
   268 34.51 2.05 2.76           OX243996.1  21256248  21256393 (314447) C               Kuruka     Unspecified  (4405)    4428    4284    
  1320 34.90 2.73 3.07           OX243997.1    124536    125744 (21194683) C               Kuruka     Unspecified  (4075)    4758    3554    
   485 32.39 1.72 2.08           OX243997.1    666047    666336 (20654091) +               Kuruka     Unspecified    4233    4521  (4312)    
   241 25.81 0.00 0.00           OX243997.1    734422    734483 (20585944) C               Kuruka     Unspecified  (4716)    4117    4056    
   269 20.97 0.00 5.97           OX243997.1   5312932   5313002 (16007425) C               Kuruka     Unspecified  (4456)    4377    4311    
   269 20.97 0.00 5.97           OX243997.1   5318728   5318798 (16001629) +               Kuruka     Unspecified    4311    4377  (4456)    
   269 20.97 0.00 5.97           OX243997.1   5786089   5786159 (15534268) C               Kuruka     Unspecified  (4456)    4377    4311    
   244 21.57 8.11 8.11           OX243997.1   5872935   5873045 (15447382) +               Kuruka     Unspecified    4223    4333  (4500)    
   861 37.51 2.74 3.93           OX243997.1   9181268   9182399 (12138028) +               Kuruka     Unspecified    3494    4612  (4221)    
   340 31.35 2.63 2.63           OX243997.1  18345091  18345280 (2975147) C               Kuruka     Unspecified  (4499)    4334    4145    
   324 28.05 0.00 0.00           OX243997.1  20390474  20390555 (929872) C               Kuruka     Unspecified  (4479)    4354    4273    
   494 36.33 0.71 1.07           OX243997.1  20855898  20856178 (464249) C               Kuruka     Unspecified  (4330)    4503    4224    
   289 35.06 4.62 2.00           OX243997.1  20861547  20861741 (458686) C               Kuruka     Unspecified  (4405)    4428    4229    
   396 31.39 3.17 5.78           OX243998.1   1547615   1547898 (19711305) C               Kuruka     Unspecified  (4273)    4560    4284    
  1616 35.08 2.73 3.07           OX243998.1   2991597   2992805 (18266398) +               Kuruka     Unspecified    3554    4758  (4075)    
   510 35.81 0.67 1.01           OX243998.1   5490672   5490970 (15768233) C               Kuruka     Unspecified  (4312)    4521    4224    
   379 37.50 0.67 1.34           OX243998.1  12149539  12149838 (9109365) +               Kuruka     Unspecified    4224    4521  (4312)    
   565 35.23 1.18 1.18           OX243998.1  14215453  14215791 (7043412) +               Kuruka     Unspecified    3507    3845  (4988)    
   744 36.68 1.47 3.68           OX243998.1  14215884  14216633 (7042570) +               Kuruka     Unspecified    3938    4671  (4162)    
   340 31.35 2.63 2.63           OX243998.1  17198927  17199116 (4060087) C               Kuruka     Unspecified  (4499)    4334    4145    
   300 27.71 0.00 1.20           OX243998.1  17727870  17727953 (3531250) +               Kuruka     Unspecified    4295    4377  (4456)    
   270 33.81 2.05 2.76           OX243998.1  18606718  18606863 (2652340) C               Kuruka     Unspecified  (4405)    4428    4284    
   269 20.97 0.00 5.97           OX243998.1  20251517  20251587 (1007616) +               Kuruka     Unspecified    4311    4377  (4456)    
  1306 34.98 2.73 3.07           OX243998.1  20922915  20924123 (335080) C               Kuruka     Unspecified  (4075)    4758    3554    
   261 33.70 2.13 2.13           OX243999.1    386810    386997 (20646429) +               Kuruka     Unspecified    3948    4135  (4698)    
   249 20.97 0.00 5.97           OX243999.1    522026    522096 (20511330) +               Kuruka     Unspecified    4311    4377  (4456)    
   279 20.97 0.00 5.97           OX243999.1    524257    524327 (20509099) C               Kuruka     Unspecified  (4456)    4377    4311    
   862 34.02 2.00 2.21           OX243999.1   3654856   3655354 (17378072) C               Kuruka     Unspecified  (4257)    4576    4079    
   617 37.25 2.10 1.32           OX243999.1   3656090   3656614 (17376812) C               Kuruka     Unspecified  (4746)    4087    3559    
   270 33.81 2.05 2.76           OX243999.1   8545253   8545398 (12488028) +               Kuruka     Unspecified    4284    4428  (4405)    
   494 35.39 1.36 1.02           OX243999.1   9661806   9662099 (11371327) C               Kuruka     Unspecified  (4312)    4521    4227    
   282 31.12 6.61 7.05           OX243999.1  13426189  13426430 (7606996) +               Kuruka     Unspecified    4295    4535  (4298)    
  1121 34.72 2.10 2.10           OX243999.1  19642155  19642916 (1390510) +               Kuruka     Unspecified    3495    4256  (4577)    
   770 34.54 0.28 0.56           OX243999.1  19644486  19644846 (1388580) +               Kuruka     Unspecified    4278    4637  (4196)    
   269 20.97 0.00 5.97           OX244000.1   1618873   1618943 (19324551) C               Kuruka     Unspecified  (4456)    4377    4311    
   316 34.43 4.65 2.74           OX244000.1   9157679   9157893 (11785601) C               Kuruka     Unspecified  (5057)    3776    3558    
   454 33.33 2.29 2.68           OX244000.1  15847770  15848031 (5095463) +               Kuruka     Unspecified    4273    4533  (4300)    
  1616 34.98 2.73 3.07           OX244000.1  20316686  20317894 (625600) C               Kuruka     Unspecified  (4075)    4758    3554    
   248 38.17 0.82 1.23           OX244000.1  20523777  20524020 (419474) C               Kuruka     Unspecified  (4308)    4525    4283    
   244 31.53 0.89 0.89           OX244000.1  20524576  20524687 (418807) C               Kuruka     Unspecified  (5139)    3694    3583    
   257 34.51 2.05 2.76           OX244001.1     81512     81657 (20541571) +               Kuruka     Unspecified    4284    4428  (4405)    
   510 36.36 0.33 0.67           OX244001.1    273236    273534 (20349694) +               Kuruka     Unspecified    4224    4521  (4312)    
   259 34.25 3.05 3.05           OX244001.1   1944010   1944271 (18678957) +               Kuruka     Unspecified    3556    3817  (5016)    
   269 20.97 0.00 5.97           OX244001.1   7178323   7178393 (13444835) +               Kuruka     Unspecified    4311    4377  (4456)    
   397 31.55 3.32 5.26           OX244001.1  11774635  11774905 (8848323) C               Kuruka     Unspecified  (4284)    4549    4284    
   400 34.60 4.14 1.34           OX244001.1  11815842  11816131 (8807097) C               Kuruka     Unspecified  (4312)    4521    4224    
   324 28.05 0.00 0.00           OX244002.1   2241277   2241358 (18234096) +               Kuruka     Unspecified    4273    4354  (4479)    
   225 27.63 1.30 1.30           OX244002.1   8151300   8151376 (12324078) C               Kuruka     Unspecified  (4279)    4554    4478    
  1697 34.98 2.73 3.07           OX244002.1   8917294   8918502 (11556952) +               Kuruka     Unspecified    3554    4758  (4075)    
  1697 34.98 2.73 3.07           OX244002.1   9005328   9006536 (11468918) C               Kuruka     Unspecified  (4075)    4758    3554    
   429 33.72 2.29 2.68           OX244002.1   9933073   9933334 (10542120) C               Kuruka     Unspecified  (4300)    4533    4273    
   237 28.19 1.85 4.76           OX244002.1  10368858  10368965 (10106489) +               Kuruka     Unspecified    4230    4334  (4499)    
   310 19.05 0.00 0.00           OX244002.1  11884302  11884364 (8591090) +               Kuruka     Unspecified    4292    4354  (4479)    
  1628 34.98 2.73 3.07           OX244002.1  14716351  14717559 (5757895) C               Kuruka     Unspecified  (4075)    4758    3554    
  1628 34.98 2.73 3.07           OX244002.1  15459429  15460637 (5014817) C               Kuruka     Unspecified  (4075)    4758    3554    
   550 35.13 0.67 1.01           OX244002.1  15623146  15623444 (4852010) C               Kuruka     Unspecified  (4312)    4521    4224    
   234 36.65 2.48 0.00           OX244002.1  15623565  15623725 (4851729) C               Kuruka     Unspecified  (4730)    4103    3939    
   253 31.61 2.86 2.86           OX244002.1  16653230  16653369 (3822085) C               Kuruka     Unspecified  (4499)    4334    4195    
   227 32.93 0.00 0.00           OX244002.1  16913223  16913304 (3562150) +               Kuruka     Unspecified    3592    3673  (5160)    
  1710 34.90 2.73 3.07           OX244003.1    668683    669891 (19442168) +               Kuruka     Unspecified    3554    4758  (4075)    
   283 33.32 6.42 5.85           OX244003.1  13486662  13487222 (6624837) C               Kuruka     Unspecified  (4216)    4617    4054    
   302 30.93 2.11 2.11           OX244003.1  13487552  13487693 (6624366) C               Kuruka     Unspecified  (5112)    3721    3580    
   340 31.35 2.63 2.63           OX244003.1  15848401  15848590 (4263469) C               Kuruka     Unspecified  (4499)    4334    4145    
  1640 34.90 2.73 3.07           OX244003.1  19679555  19680763 (431296) +               Kuruka     Unspecified    3554    4758  (4075)    
  1785 33.82 3.06 3.15           OX244004.1   1735869   1737077 (18299100) C               Kuruka     Unspecified  (4177)    4656    3449    
   270 33.81 2.05 2.76           OX244004.1   4880569   4880714 (15155463) +               Kuruka     Unspecified    4284    4428  (4405)    
   340 31.35 2.63 2.63           OX244004.1   7052696   7052885 (12983292) C               Kuruka     Unspecified  (4499)    4334    4145    
   290 29.09 0.90 0.90           OX244004.1  12989234  12989344 (7046833) C               Kuruka     Unspecified  (4499)    4334    4224    
   485 35.71 1.35 1.01           OX244004.1  19804794  19805090 (231087) +               Kuruka     Unspecified    4224    4521  (4312)    
   497 33.93 4.19 4.19           OX244005.1   3285051   3285456 (15681818) +               Kuruka     Unspecified    3446    3851  (4982)    
   894 34.26 2.99 2.30           OX244005.1   3285538   3286272 (15681002) +               Kuruka     Unspecified    3933    4672  (4161)    
   324 28.05 0.00 0.00           OX244005.1   9002411   9002492 (9964782) +               Kuruka     Unspecified    4273    4354  (4479)    
   373 37.02 1.65 1.65           OX244005.1  13470715  13471137 (5496137) C               Kuruka     Unspecified  (4479)    4354    3932    
   412 31.77 1.39 0.92           OX244005.1  13471365  13471580 (5495694) C               Kuruka     Unspecified  (5129)    3704    3488    
   249 32.99 5.74 5.74           OX244005.1  16107243  16107451 (2859823) C               Kuruka     Unspecified  (4703)    4130    3922    
   236 25.81 0.00 0.00           OX244005.1  18882070  18882131  (85143) C               Kuruka     Unspecified  (4716)    4117    4056    
   229 33.48 3.19 3.60           OX244005.1  18892131  18892381  (74893) C               Kuruka     Unspecified  (4297)    4536    4287    
   267 35.60 3.09 3.49           OX244006.1    234026    234284 (18176139) +               Kuruka     Unspecified    4278    4535  (4298)    
  2408 32.08 2.86 3.34           OX244006.1    380959    382251 (18028172) +               Kuruka     Unspecified    3489    4775  (4058)    
   267 28.19 1.85 4.76           OX244006.1    626708    626815 (17783608) C               Kuruka     Unspecified  (4499)    4334    4230    
   537 32.69 1.53 1.92           OX244006.1   3359281   3359542 (15050881) C               Kuruka     Unspecified  (4300)    4533    4273    
  1786 35.80 2.20 2.28           OX244006.1   3498046   3499320 (14911103) C               Kuruka     Unspecified  (4072)    4761    3488    
  1692 34.54 2.89 3.24           OX244006.1   4593211   4594419 (13816004) C               Kuruka     Unspecified  (4075)    4758    3554    
   284 32.46 3.80 4.46           OX244006.1   8425455   8425612 (9984811) C               Kuruka     Unspecified  (4369)    4464    4308    
   233 25.42 0.00 0.00           OX244006.1  11435008  11435066 (6975357) +               Kuruka     Unspecified    4284    4342  (4491)    
   332 34.38 2.17 2.62           OX244006.1  13151685  13151914 (5258509) +               Kuruka     Unspecified    4308    4536  (4297)    
  1306 34.98 2.73 3.07           OX244006.1  14773408  14774616 (3635807) C               Kuruka     Unspecified  (4075)    4758    3554    
   291 31.35 2.63 2.63           OX244006.1  15695102  15695291 (2715132) C               Kuruka     Unspecified  (4499)    4334    4145    
   289 35.98 0.61 0.61           OX244006.1  17698241  17698405 (712018) C               Kuruka     Unspecified  (4730)    4103    3939    
   437 36.03 0.33 0.67           OX244006.1  17761258  17761556 (648867) +               Kuruka     Unspecified    4224    4521  (4312)    
   639 34.59 2.46 2.46           OX244007.1   2803850   2804255 (15528341) +               Kuruka     Unspecified    3446    3851  (4982)    
  1082 34.26 2.99 2.30           OX244007.1   2804337   2805071 (15527525) +               Kuruka     Unspecified    3933    4672  (4161)    
   284 27.32 6.17 6.61           OX244007.1   5756999   5757241 (12575355) +               Kuruka     Unspecified    4295    4536  (4297)    
   292 30.93 2.11 2.11           OX244007.1  10902826  10902967 (7429629) +               Kuruka     Unspecified    3580    3721  (5112)    
   247 31.86 7.13 6.56           OX244007.1  10903297  10903857 (7428739) +               Kuruka     Unspecified    4054    4617  (4216)    
   269 20.97 0.00 5.97           OX244007.1  11959654  11959724 (6372872) C               Kuruka     Unspecified  (4456)    4377    4311    
   300 27.71 0.00 1.20           OX244007.1  15712688  15712771 (2619825) +               Kuruka     Unspecified    4295    4377  (4456)    
   287 27.36 7.08 7.08           OX244007.1  17129506  17129745 (1202851) C               Kuruka     Unspecified  (5133)    3700    3461    
   295 33.33 1.36 2.05           OX244007.1  18007490  18007636 (324960) C               Kuruka     Unspecified  (4396)    4437    4292    
   256 30.93 2.11 2.11           OX244008.1   5181525   5181666 (13011081) C               Kuruka     Unspecified  (5112)    3721    3580    
   340 31.35 2.63 2.63           OX244008.1   5222414   5222603 (12970144) +               Kuruka     Unspecified    4145    4334  (4499)    
  1293 35.08 2.73 3.07           OX244008.1   5357063   5358271 (12834476) C               Kuruka     Unspecified  (4075)    4758    3554    
   232 12.77 19.15 0.00           OX244008.1   6367559   6367605 (11825142) +               Kuruka     Unspecified      93     148  (8685)    
   468 34.80 0.67 1.01           OX244008.1  17802017  17802315 (390432) +               Kuruka     Unspecified    4224    4521  (4312)    
   375 33.33 2.29 2.68           OX244009.1    371183    371444 (15744060) +               Kuruka     Unspecified    4273    4533  (4300)    
   251 33.33 1.36 2.05           OX244009.1   3410669   3410815 (12704689) +               Kuruka     Unspecified    4292    4437  (4396)    
   227 32.93 0.00 0.00           OX244009.1  10145585  10145666 (5969838) +               Kuruka     Unspecified    3592    3673  (5160)    
   225 35.93 2.11 2.54           OX244009.1  10146286  10146522 (5968982) +               Kuruka     Unspecified    4287    4522  (4311)    
   235 31.99 5.26 5.77           OX244009.1  14848820  14849028 (1266476) C               Kuruka     Unspecified  (4339)    4494    4287    
   320 26.17 0.93 0.93           OX244010.1   1834757   1834864 (14079617) +               Kuruka     Unspecified    4227    4334  (4499)    
   350 32.77 4.80 3.56           OX244010.1   2368243   2368492 (13545989) +               Kuruka     Unspecified    4284    4536  (4297)    
   340 31.35 2.63 2.63           OX244010.1   3013973   3014162 (12900319) C               Kuruka     Unspecified  (4499)    4334    4145    
   238 32.61 3.70 4.26           OX244010.1   5014574   5014762 (10899719) C               Kuruka     Unspecified  (4417)    4416    4229    
   339 27.80 7.08 7.08           OX244010.1   5318470   5318709 (10595772) +               Kuruka     Unspecified    3461    3700  (5133)    
   850 36.96 3.18 4.38           OX244010.1   5677056   5678187 (10236294) +               Kuruka     Unspecified    3494    4612  (4221)    
   245 23.14 2.41 6.25           OX244010.1   5990439   5990521 (9923960) C               Kuruka     Unspecified  (5025)    3808    3729    
  1279 35.16 2.73 3.07           OX244010.1   6228480   6229688 (9684793) C               Kuruka     Unspecified  (4075)    4758    3554    
  1628 34.98 2.73 3.07           OX244010.1  11853780  11854988 (4059493) C               Kuruka     Unspecified  (4075)    4758    3554    
   543 34.69 1.34 1.68           OX244010.1  14722473  14722771 (1191710) +               Kuruka     Unspecified    4224    4521  (4312)    
   375 33.33 2.29 2.68           OX244010.1  15772160  15772421 (142060) +               Kuruka     Unspecified    4273    4533  (4300)    
   534 35.26 0.71 1.07           OX244011.1    107715    107995 (15069951) +               Kuruka     Unspecified    4224    4503  (4330)    
   259 34.25 3.05 3.05           OX244011.1   8805777   8806038 (6371908) C               Kuruka     Unspecified  (5016)    3817    3556    
   362 36.82 0.67 1.01           OX244011.1  13645084  13645382 (1532564) C               Kuruka     Unspecified  (4312)    4521    4224    
   545 36.03 0.33 0.67           OX244011.1  15027151  15027449 (150497) C               Kuruka     Unspecified  (4312)    4521    4224    
   244 37.40 0.00 0.00           OX244011.1  15027608  15027738 (150208) C               Kuruka     Unspecified  (4768)    4065    3935    
   247 37.33 1.36 1.36           OX244013.1    768692    768911 (10334609) C               Kuruka     Unspecified  (4300)    4533    4314    
  1838 33.73 1.67 1.75           OX244013.1   5849097   5850294 (5253226) +               Kuruka     Unspecified    3447    4643  (4190)    
  1628 34.98 2.73 3.07           OX244013.1   6938670   6939878 (4163642) C               Kuruka     Unspecified  (4075)    4758    3554    
  2120 31.35 2.16 2.54           OX244014.1    950699    951765 (9833970) C               Kuruka     Unspecified  (4282)    4551    3489    
   236 25.81 0.00 0.00           OX244014.1   7241724   7241785 (3543950) +               Kuruka     Unspecified    4056    4117  (4716)    
   229 37.20 0.61 0.61           OX244015.1    887328    887492 (9595303) +               Kuruka     Unspecified    3939    4103  (4730)    
   530 35.13 0.67 1.01           OX244015.1    887613    887911 (9594884) +               Kuruka     Unspecified    4224    4521  (4312)    
   399 35.25 1.00 1.34           OX244015.1   4542038   4542336 (5940459) C               Kuruka     Unspecified  (4312)    4521    4224    
   330 34.39 5.61 1.01           OX244015.1   4589593   4589877 (5892918) C               Kuruka     Unspecified  (4312)    4521    4224    
   249 20.97 0.00 5.97           OX244015.1   4751800   4751870 (5730925) C               Kuruka     Unspecified  (4456)    4377    4311    
