   302 27.28 0.90 0.90           OX637500.1    529045    529155 (30499283) C               Kuruka     Unspecified  (4499)    4334    4224    
   277 23.94 0.00 0.00           OX637500.1    857450    857520 (30170918) +               Kuruka     Unspecified    4284    4354  (4479)    
   242 38.79 0.00 0.00           OX637500.1   1663128   1663292 (29365146) +               Kuruka     Unspecified    3939    4103  (4730)    
   342 33.82 1.44 1.93           OX637500.1   1663413   1663620 (29364818) +               Kuruka     Unspecified    4224    4430  (4403)    
   337 27.28 0.90 0.90           OX637500.1   1701354   1701464 (29326974) +               Kuruka     Unspecified    4224    4334  (4499)    
   305 17.46 0.00 0.00           OX637500.1   5935242   5935304 (25093134) +               Kuruka     Unspecified    4292    4354  (4479)    
   412 35.61 0.71 1.07           OX637500.1   6609334   6609614 (24418824) +               Kuruka     Unspecified    4224    4503  (4330)    
   308 33.33 2.49 2.86           OX637500.1   8102208   8102488 (22925950) C               Kuruka     Unspecified  (4324)    4509    4230    
   425 26.34 2.62 2.62           OX637500.1   8103040   8103230 (22925208) C               Kuruka     Unspecified  (5154)    3679    3489    
   404 35.61 0.71 1.07           OX637500.1   9327299   9327579 (21700859) +               Kuruka     Unspecified    4224    4503  (4330)    
  1926 33.96 1.86 1.95           OX637500.1  11315079  11316156 (19712282) +               Kuruka     Unspecified    3531    4607  (4226)    
   326 25.93 1.83 0.91           OX637500.1  11452553  11452661 (19575777) +               Kuruka     Unspecified    4224    4333  (4500)    
   260 38.51 0.00 0.00           OX637500.1  11452744  11452904 (19575534) +               Kuruka     Unspecified    4361    4521  (4312)    
   412 35.61 0.71 1.07           OX637500.1  11977088  11977368 (19051070) C               Kuruka     Unspecified  (4330)    4503    4224    
   488 35.61 0.71 1.07           OX637500.1  12493938  12494218 (18534220) +               Kuruka     Unspecified    4224    4503  (4330)    
   233 24.64 0.00 3.08           OX637500.1  12500421  12500487 (18527951) +               Kuruka     Unspecified    2424    2488  (6345)    
   254 34.02 0.69 0.69           OX637500.1  12501964  12502108 (18526330) +               Kuruka     Unspecified    4517    4661  (4172)    
   409 35.15 1.42 1.79           OX637500.1  12928971  12929251 (18099187) +               Kuruka     Unspecified    4224    4503  (4330)    
  1099 32.91 4.31 4.31           OX637500.1  13188282  13189348 (17839090) C               Kuruka     Unspecified  (4278)    4555    3489    
   561 35.50 3.09 1.83           OX637500.1  21939318  21939802 (9088636) +               Kuruka     Unspecified    3756    4246  (4587)    
   452 36.99 1.06 1.06           OX637500.1  21956008  21956384 (9072054) +               Kuruka     Unspecified    3455    3831  (5002)    
   399 35.97 0.71 1.07           OX637500.1  24886767  24887047 (6141391) C               Kuruka     Unspecified  (4330)    4503    4224    
   412 35.61 0.71 1.07           OX637500.1  28312676  28312956 (2715482) C               Kuruka     Unspecified  (4330)    4503    4224    
  1671 35.18 2.39 2.39           OX637500.1  29193028  29194323 (1834115) +               Kuruka     Unspecified    3559    4854  (3979)    
   431 35.26 0.71 1.07           OX637500.1  29819942  29820222 (1208216) +               Kuruka     Unspecified    4224    4503  (4330)    
  1936 33.87 1.86 1.95           OX637500.1  30268476  30269553 (758885) +               Kuruka     Unspecified    3531    4607  (4226)    
   470 36.39 2.91 3.09           OX637501.1    477694    478277 (23763889) C               Kuruka     Unspecified  (4312)    4521    3939    
   334 32.66 3.15 3.56           OX637501.1    717764    718017 (23524149) +               Kuruka     Unspecified    4284    4536  (4297)    
   232 38.79 0.00 0.00           OX637501.1   3357639   3357803 (20884363) +               Kuruka     Unspecified    3939    4103  (4730)    
   448 36.06 0.74 1.11           OX637501.1   3357924   3358195 (20883971) +               Kuruka     Unspecified    4224    4494  (4339)    
   301 26.73 0.98 0.98           OX637501.1   3358217   3358318 (20883848) C               Kuruka     Unspecified  (4499)    4334    4233    
  2186 30.97 2.16 2.54           OX637501.1   3600138   3601204 (20640962) C               Kuruka     Unspecified  (4282)    4551    3489    
   232 38.79 0.00 0.00           OX637501.1   4199604   4199768 (20042398) +               Kuruka     Unspecified    3939    4103  (4730)    
   470 35.97 0.71 1.07           OX637501.1   4199889   4200169 (20041997) +               Kuruka     Unspecified    4224    4503  (4330)    
  1687 35.10 2.39 2.39           OX637501.1   6676624   6677919 (17564247) C               Kuruka     Unspecified  (3979)    4854    3559    
   411 35.61 0.71 1.07           OX637501.1  11622049  11622329 (12619837) +               Kuruka     Unspecified    4224    4503  (4330)    
   488 35.61 0.71 1.07           OX637501.1  11943476  11943756 (12298410) C               Kuruka     Unspecified  (4330)    4503    4224    
   258 38.18 0.00 0.00           OX637501.1  11943877  11944041 (12298125) C               Kuruka     Unspecified  (4730)    4103    3939    
  1671 35.18 2.39 2.39           OX637501.1  12157411  12158706 (12083460) C               Kuruka     Unspecified  (3979)    4854    3559    
   387 35.97 0.71 1.07           OX637501.1  15580534  15580814 (8661352) C               Kuruka     Unspecified  (4330)    4503    4224    
   396 35.97 0.71 1.07           OX637501.1  15802230  15802510 (8439656) C               Kuruka     Unspecified  (4330)    4503    4224    
   328 35.24 2.55 3.69           OX637501.1  16003739  16004012 (8238154) C               Kuruka     Unspecified  (5052)    3781    3511    
   412 35.61 0.71 1.07           OX637501.1  16346734  16347014 (7895152) +               Kuruka     Unspecified    4224    4503  (4330)    
   412 35.61 0.71 1.07           OX637501.1  16908230  16908510 (7333656) +               Kuruka     Unspecified    4224    4503  (4330)    
   411 35.61 0.71 1.07           OX637501.1  18898324  18898604 (5343562) +               Kuruka     Unspecified    4224    4503  (4330)    
   399 35.97 0.71 1.07           OX637501.1  19600088  19600368 (4641798) +               Kuruka     Unspecified    4224    4503  (4330)    
  2278 32.94 2.10 2.27           OX637501.1  20060677  20061869 (4180297) C               Kuruka     Unspecified  (4163)    4670    3480    
  1972 33.28 1.96 2.06           OX637501.1  20568026  20569145 (3673021) +               Kuruka     Unspecified    3552    4670  (4163)    
   233 25.00 0.00 0.00           OX637501.1  23009819  23009878 (1232288) C               Kuruka     Unspecified  (4479)    4354    4295    
   405 35.84 0.71 1.07           OX637501.1  23163887  23164168 (1077998) C               Kuruka     Unspecified  (4330)    4503    4223    
   481 35.97 0.71 1.07           OX637501.1  23981840  23982120 (260046) C               Kuruka     Unspecified  (4330)    4503    4224    
   251 38.18 0.00 0.00           OX637501.1  23982241  23982405 (259761) C               Kuruka     Unspecified  (4730)    4103    3939    
  2329 32.19 3.36 3.43           OX637502.1    139980    141349 (23444757) C               Kuruka     Unspecified  (3985)    4848    3480    
   412 35.61 0.71 1.07           OX637502.1   1837155   1837435 (21748671) C               Kuruka     Unspecified  (4330)    4503    4224    
   378 36.33 0.71 1.07           OX637502.1   1945670   1945950 (21640156) +               Kuruka     Unspecified    4224    4503  (4330)    
   234 30.14 0.00 0.00           OX637502.1   2899977   2900049 (20686057) C               Kuruka     Unspecified  (4479)    4354    4282    
   326 38.70 1.02 1.02           OX637502.1   6732166   6732460 (16853646) +               Kuruka     Unspecified    4227    4521  (4312)    
   453 36.33 0.71 1.07           OX637502.1   8365803   8366083 (15220023) C               Kuruka     Unspecified  (4330)    4503    4224    
   411 34.43 1.42 1.79           OX637502.1   9806229   9806509 (13779597) C               Kuruka     Unspecified  (4330)    4503    4224    
   382 36.33 0.71 1.07           OX637502.1  11033732  11034012 (12552094) C               Kuruka     Unspecified  (4330)    4503    4224    
   245 22.47 0.00 5.97           OX637502.1  13907184  13907254 (9678852) C               Kuruka     Unspecified  (4456)    4377    4311    
   424 35.61 0.71 1.07           OX637502.1  15005681  15005961 (8580145) C               Kuruka     Unspecified  (4330)    4503    4224    
   451 36.33 0.71 1.07           OX637502.1  15041479  15041759 (8544347) C               Kuruka     Unspecified  (4330)    4503    4224    
   228 33.09 2.11 2.11           OX637502.1  18933450  18933591 (4652515) +               Kuruka     Unspecified    3584    3725  (5108)    
   412 35.61 0.71 1.07           OX637502.1  22318328  22318608 (1267498) C               Kuruka     Unspecified  (4330)    4503    4224    
   319 36.44 0.84 1.26           OX637502.1  22935059  22935297 (650809) C               Kuruka     Unspecified  (4312)    4521    4284    
   582 37.43 2.12 2.30           OX637503.1     69605     70170 (23345249) C               Kuruka     Unspecified  (4330)    4503    3939    
   883 38.00 2.50 2.32           OX637503.1   1387216   1388333 (22027086) C               Kuruka     Unspecified  (4253)    4580    3461    
   488 35.61 0.71 1.07           OX637503.1   1620333   1620613 (21794806) +               Kuruka     Unspecified    4224    4503  (4330)    
   297 32.74 0.00 0.00           OX637503.1   2242919   2243031 (21172388) C               Kuruka     Unspecified  (5190)    3643    3531    
   487 35.61 0.71 1.07           OX637503.1   7027534   7027814 (16387605) C               Kuruka     Unspecified  (4330)    4503    4224    
   232 38.79 0.00 0.00           OX637503.1   7027935   7028099 (16387320) C               Kuruka     Unspecified  (4730)    4103    3939    
   815 36.34 3.48 3.48           OX637503.1   7581858   7582718 (15832701) +               Kuruka     Unspecified    3494    4354  (4479)    
   488 35.61 0.71 1.07           OX637503.1   9334772   9335052 (14080367) C               Kuruka     Unspecified  (4330)    4503    4224    
   388 36.33 0.71 1.07           OX637503.1  10751825  10752105 (12663314) C               Kuruka     Unspecified  (4330)    4503    4224    
   391 34.78 1.42 1.79           OX637503.1  15307267  15307547 (8107872) C               Kuruka     Unspecified  (4330)    4503    4224    
   512 35.61 0.71 1.07           OX637503.1  15862477  15862757 (7552662) C               Kuruka     Unspecified  (4330)    4503    4224    
   239 38.79 0.00 0.00           OX637503.1  15862878  15863042 (7552377) C               Kuruka     Unspecified  (4730)    4103    3939    
   414 35.61 0.71 1.07           OX637503.1  16267908  16268188 (7147231) +               Kuruka     Unspecified    4224    4503  (4330)    
  1985 32.90 2.11 2.20           OX637503.1  20570225  20571408 (2844011) C               Kuruka     Unspecified  (4163)    4670    3488    
   378 36.33 0.71 1.07           OX637503.1  23156517  23156797 (258622) +               Kuruka     Unspecified    4224    4503  (4330)    
   836 37.08 3.27 4.47           OX637504.1    593240    594371 (22660798) +               Kuruka     Unspecified    3494    4612  (4221)    
   526 35.82 1.23 1.23           OX637504.1    668324    668648 (22586521) +               Kuruka     Unspecified    3489    3813  (5020)    
   360 36.61 1.42 3.37           OX637504.1    668734    669157 (22586012) +               Kuruka     Unspecified    3939    4354  (4479)    
   449 31.84 2.01 1.60           OX637504.1    669337    669585 (22585584) +               Kuruka     Unspecified    4362    4611  (4222)    
   512 35.61 0.71 1.07           OX637504.1    798802    799082 (22456087) C               Kuruka     Unspecified  (4330)    4503    4224    
   239 38.79 0.00 0.00           OX637504.1    799203    799367 (22455802) C               Kuruka     Unspecified  (4730)    4103    3939    
   257 38.18 0.00 0.00           OX637504.1   1273966   1274130 (21981039) +               Kuruka     Unspecified    3939    4103  (4730)    
   488 35.61 0.71 1.07           OX637504.1   1274251   1274531 (21980638) +               Kuruka     Unspecified    4224    4503  (4330)    
   481 35.97 0.71 1.07           OX637504.1   5770899   5771179 (17483990) C               Kuruka     Unspecified  (4330)    4503    4224    
   378 36.33 0.71 1.07           OX637504.1   6164557   6164837 (17090332) C               Kuruka     Unspecified  (4330)    4503    4224    
  1671 35.18 2.39 2.39           OX637504.1   6437832   6439127 (16816042) +               Kuruka     Unspecified    3559    4854  (3979)    
   488 35.61 0.71 1.07           OX637504.1   7579280   7579560 (15675609) C               Kuruka     Unspecified  (4330)    4503    4224    
   232 38.79 0.00 0.00           OX637504.1   7579681   7579845 (15675324) C               Kuruka     Unspecified  (4730)    4103    3939    
   366 37.35 0.80 0.80           OX637504.1   8921467   8921717 (14333452) C               Kuruka     Unspecified  (4330)    4503    4253    
   909 32.66 2.90 2.40           OX637504.1   9337862   9338482 (13916687) C               Kuruka     Unspecified  (4277)    4556    3933    
   515 33.24 4.43 4.43           OX637504.1   9338564   9338969 (13916200) C               Kuruka     Unspecified  (4982)    3851    3446    
   270 33.81 2.05 2.76           OX637504.1   9664480   9664625 (13590544) C               Kuruka     Unspecified  (4405)    4428    4284    
   453 36.33 0.71 1.07           OX637504.1   9831839   9832119 (13423050) C               Kuruka     Unspecified  (4330)    4503    4224    
   233 38.79 0.00 0.00           OX637504.1   9832240   9832404 (13422765) C               Kuruka     Unspecified  (4730)    4103    3939    
   232 38.79 0.00 0.00           OX637504.1  13170896  13171060 (10084109) +               Kuruka     Unspecified    3939    4103  (4730)    
   488 35.61 0.71 1.07           OX637504.1  13171181  13171461 (10083708) +               Kuruka     Unspecified    4224    4503  (4330)    
  1660 33.85 1.74 1.37           OX637504.1  13319757  13320849 (9934320) C               Kuruka     Unspecified  (4226)    4607    3511    
   245 22.47 0.00 5.97           OX637504.1  13568596  13568666 (9686503) C               Kuruka     Unspecified  (4456)    4377    4311    
  2275 32.88 2.18 2.27           OX637504.1  19459268  19460459 (3794710) +               Kuruka     Unspecified    3480    4670  (4163)    
   770 36.49 3.52 3.52           OX637504.1  19783638  19784489 (3470680) +               Kuruka     Unspecified    3494    4345  (4488)    
  1884 34.96 1.62 1.71           OX637504.1  22218868  22220037 (1035132) C               Kuruka     Unspecified  (4221)    4612    3444    
   369 36.33 0.71 1.07           OX637505.1    423563    423843 (22508152) C               Kuruka     Unspecified  (4330)    4503    4224    
   450 34.50 0.99 3.38           OX637505.1    456571    456873 (22475122) C               Kuruka     Unspecified  (4264)    4569    4274    
   412 35.61 0.71 1.07           OX637505.1   1127848   1128128 (21803867) C               Kuruka     Unspecified  (4330)    4503    4224    
   396 35.97 0.71 1.07           OX637505.1   2442221   2442501 (20489494) +               Kuruka     Unspecified    4224    4503  (4330)    
   232 38.79 0.00 0.00           OX637505.1   3017767   3017931 (19914064) +               Kuruka     Unspecified    3939    4103  (4730)    
   488 35.61 0.71 1.07           OX637505.1   3018052   3018332 (19913663) +               Kuruka     Unspecified    4224    4503  (4330)    
   488 35.61 0.71 1.07           OX637505.1   3994263   3994543 (18937452) +               Kuruka     Unspecified    4224    4503  (4330)    
   412 35.61 0.71 1.07           OX637505.1   8958241   8958521 (13973474) +               Kuruka     Unspecified    4224    4503  (4330)    
   439 35.26 0.71 1.07           OX637505.1   9082365   9082645 (13849350) +               Kuruka     Unspecified    4224    4503  (4330)    
   232 38.79 0.00 0.00           OX637505.1   9748347   9748511 (13183484) +               Kuruka     Unspecified    3939    4103  (4730)    
   499 35.61 0.71 1.07           OX637505.1   9748632   9748912 (13183083) +               Kuruka     Unspecified    4224    4503  (4330)    
   488 35.61 0.71 1.07           OX637505.1   9938113   9938393 (12993602) +               Kuruka     Unspecified    4224    4503  (4330)    
   261 31.43 5.71 0.00           OX637505.1  10679244  10679348 (12252647) +               Kuruka     Unspecified    4223    4333  (4500)    
   261 31.43 5.71 0.00           OX637505.1  10737062  10737166 (12194829) C               Kuruka     Unspecified  (4500)    4333    4223    
   239 38.79 0.00 0.00           OX637505.1  10812302  10812466 (12119529) +               Kuruka     Unspecified    3939    4103  (4730)    
   510 35.61 0.71 1.07           OX637505.1  10812587  10812867 (12119128) +               Kuruka     Unspecified    4224    4503  (4330)    
   458 35.13 0.67 1.01           OX637505.1  14084618  14084916 (8847079) C               Kuruka     Unspecified  (4312)    4521    4224    
   411 35.61 0.71 1.07           OX637505.1  17161261  17161541 (5770454) C               Kuruka     Unspecified  (4330)    4503    4224    
   501 35.26 0.71 1.07           OX637505.1  17837889  17838169 (5093826) C               Kuruka     Unspecified  (4330)    4503    4224    
   229 37.01 0.00 0.00           OX637505.1  17838328  17838454 (5093541) C               Kuruka     Unspecified  (4768)    4065    3939    
   406 35.97 0.71 1.07           OX637505.1  22174489  22174769 (757226) +               Kuruka     Unspecified    4224    4503  (4330)    
   231 33.22 4.89 4.89           OX637505.1  22365347  22365653 (566342) +               Kuruka     Unspecified    3759    4065  (4768)    
   481 36.33 0.71 1.07           OX637505.1  22365811  22366091 (565904) +               Kuruka     Unspecified    4224    4503  (4330)    
   374 30.21 1.97 1.97           OX637506.1    460861    461012 (22228919) C               Kuruka     Unspecified  (5094)    3739    3588    
   315 26.37 0.90 0.90           OX637506.1    477313    477423 (22212508) +               Kuruka     Unspecified    4224    4334  (4499)    
   302 27.28 0.90 0.90           OX637506.1    492728    492838 (22197093) +               Kuruka     Unspecified    4224    4334  (4499)    
   274 33.16 2.13 2.13           OX637506.1   1105473   1105660 (21584271) C               Kuruka     Unspecified  (4698)    4135    3948    
   413 35.61 0.71 1.07           OX637506.1   1127064   1127344 (21562587) C               Kuruka     Unspecified  (4330)    4503    4224    
  2337 31.87 3.50 3.58           OX637506.1   2308696   2310065 (20379866) +               Kuruka     Unspecified    3480    4848  (3985)    
   412 35.61 0.71 1.07           OX637506.1   5372496   5372776 (17317155) +               Kuruka     Unspecified    4224    4503  (4330)    
   245 22.47 0.00 5.97           OX637506.1   7504236   7504306 (15185625) C               Kuruka     Unspecified  (4456)    4377    4311    
   412 35.61 0.71 1.07           OX637506.1   7628508   7628788 (15061143) C               Kuruka     Unspecified  (4330)    4503    4224    
   232 38.79 0.00 0.00           OX637506.1   7935395   7935559 (14754372) +               Kuruka     Unspecified    3939    4103  (4730)    
   488 35.61 0.71 1.07           OX637506.1   7935680   7935960 (14753971) +               Kuruka     Unspecified    4224    4503  (4330)    
   399 35.97 0.71 1.07           OX637506.1   9526406   9526686 (13163245) C               Kuruka     Unspecified  (4330)    4503    4224    
   396 34.25 3.38 3.38           OX637506.1  10262166  10262579 (12427352) C               Kuruka     Unspecified  (4487)    4346    3933    
   401 38.98 0.28 0.28           OX637506.1  10262664  10263018 (12426913) C               Kuruka     Unspecified  (4985)    3848    3494    
   301 23.53 0.00 0.00           OX637506.1  10538373  10538440 (12151491) C               Kuruka     Unspecified  (4479)    4354    4287    
   412 35.61 0.71 1.07           OX637506.1  11353396  11353676 (11336255) +               Kuruka     Unspecified    4224    4503  (4330)    
   429 35.81 0.67 1.01           OX637506.1  12178539  12178837 (10511094) +               Kuruka     Unspecified    4224    4521  (4312)    
   488 35.61 0.71 1.07           OX637506.1  14729059  14729339 (7960592) C               Kuruka     Unspecified  (4330)    4503    4224    
   232 38.79 0.00 0.00           OX637506.1  14729460  14729624 (7960307) C               Kuruka     Unspecified  (4730)    4103    3939    
   229 37.01 0.00 0.00           OX637506.1  18143143  18143269 (4546662) +               Kuruka     Unspecified    3939    4065  (4768)    
   467 35.97 0.71 1.07           OX637506.1  18143428  18143708 (4546223) +               Kuruka     Unspecified    4224    4503  (4330)    
   261 31.43 5.71 0.00           OX637506.1  20069275  20069379 (2620552) +               Kuruka     Unspecified    4223    4333  (4500)    
   412 35.61 0.71 1.07           OX637506.1  20327744  20328024 (2361907) +               Kuruka     Unspecified    4224    4503  (4330)    
  1758 35.41 2.16 2.16           OX637506.1  21689177  21690472 (999459) C               Kuruka     Unspecified  (3979)    4854    3559    
   409 35.63 0.72 1.08           OX637506.1  22077157  22077434 (612497) C               Kuruka     Unspecified  (4330)    4503    4227    
   392 32.39 1.40 0.93           OX637507.1   1016589   1016803 (21640103) +               Kuruka     Unspecified    3489    3704  (5129)    
   436 36.53 1.65 1.65           OX637507.1   1017032   1017454 (21639452) +               Kuruka     Unspecified    3932    4354  (4479)    
   245 21.71 5.84 5.84           OX637507.1   1250046   1250182 (21406724) +               Kuruka     Unspecified    4400    4536  (4297)    
  1873 34.25 1.86 1.95           OX637507.1   4446193   4447270 (18209636) +               Kuruka     Unspecified    3531    4607  (4226)    
   513 35.61 0.71 1.07           OX637507.1   5455836   5456116 (17200790) C               Kuruka     Unspecified  (4330)    4503    4224    
   239 38.79 0.00 0.00           OX637507.1   5456237   5456401 (17200505) C               Kuruka     Unspecified  (4730)    4103    3939    
   412 35.61 0.71 1.07           OX637507.1   7896771   7897051 (14759855) +               Kuruka     Unspecified    4224    4503  (4330)    
   467 35.97 0.71 1.07           OX637507.1  11081294  11081574 (11575332) C               Kuruka     Unspecified  (4330)    4503    4224    
   232 38.79 0.00 0.00           OX637507.1  11081695  11081859 (11575047) C               Kuruka     Unspecified  (4730)    4103    3939    
   241 31.71 0.00 0.00           OX637507.1  11908524  11908605 (10748301) C               Kuruka     Unspecified  (4479)    4354    4273    
   245 22.47 0.00 5.97           OX637507.1  12541524  12541594 (10115312) C               Kuruka     Unspecified  (4456)    4377    4311    
  2266 32.88 2.18 2.27           OX637507.1  15303759  15304950 (7351956) +               Kuruka     Unspecified    3480    4670  (4163)    
   412 35.61 0.71 1.07           OX637507.1  18375326  18375606 (4281300) C               Kuruka     Unspecified  (4330)    4503    4224    
   411 34.43 1.42 1.79           OX637507.1  19157985  19158265 (3498641) C               Kuruka     Unspecified  (4330)    4503    4224    
   299 31.25 1.36 2.05           OX637507.1  21105732  21105878 (1551028) +               Kuruka     Unspecified    4292    4437  (4396)    
   477 35.97 0.71 1.07           OX637507.1  21674906  21675186 (981720) C               Kuruka     Unspecified  (4330)    4503    4224    
   232 38.79 0.00 0.00           OX637507.1  21675307  21675471 (981435) C               Kuruka     Unspecified  (4730)    4103    3939    
   412 35.61 0.71 1.07           OX637507.1  22046801  22047081 (609825) +               Kuruka     Unspecified    4224    4503  (4330)    
   509 37.43 2.12 2.30           OX637508.1    656106    656671 (21888119) +               Kuruka     Unspecified    3939    4503  (4330)    
   273 33.84 1.52 1.52           OX637508.1    745318    745449 (21799341) +               Kuruka     Unspecified    4223    4354  (4479)    
   467 33.45 2.85 3.21           OX637508.1   1252018   1252298 (21292492) C               Kuruka     Unspecified  (4330)    4503    4224    
   258 38.18 0.00 0.00           OX637508.1   1252419   1252583 (21292207) C               Kuruka     Unspecified  (4730)    4103    3939    
   244 32.38 5.71 0.00           OX637508.1   3262604   3262708 (19282082) C               Kuruka     Unspecified  (4500)    4333    4223    
   241 31.71 0.00 0.00           OX637508.1  10540492  10540573 (12004217) C               Kuruka     Unspecified  (4479)    4354    4273    
   412 35.61 0.71 1.07           OX637508.1  11473166  11473446 (11071344) C               Kuruka     Unspecified  (4330)    4503    4224    
   512 35.61 0.71 1.07           OX637508.1  12047250  12047530 (10497260) C               Kuruka     Unspecified  (4330)    4503    4224    
   232 38.79 0.00 0.00           OX637508.1  13111554  13111718 (9433072) +               Kuruka     Unspecified    3939    4103  (4730)    
   488 35.61 0.71 1.07           OX637508.1  13111839  13112119 (9432671) +               Kuruka     Unspecified    4224    4503  (4330)    
   488 35.61 0.71 1.07           OX637508.1  16105560  16105840 (6438950) C               Kuruka     Unspecified  (4330)    4503    4224    
   281 21.67 0.00 0.00           OX637508.1  19977650  19977709 (2567081) C               Kuruka     Unspecified  (4479)    4354    4295    
   412 35.61 0.71 1.07           OX637508.1  20116673  20116953 (2427837) +               Kuruka     Unspecified    4224    4503  (4330)    
   543 36.53 1.65 1.65           OX637508.1  20845236  20845658 (1699132) C               Kuruka     Unspecified  (4479)    4354    3932    
   400 33.81 2.84 0.46           OX637508.1  20845887  20846097 (1698693) C               Kuruka     Unspecified  (5129)    3704    3489    
   442 35.26 0.71 1.07           OX637508.1  21900714  21900994 (643796) +               Kuruka     Unspecified    4224    4503  (4330)    
   500 35.15 1.42 1.79           OX637508.1  22162519  22162799 (381991) +               Kuruka     Unspecified    4224    4503  (4330)    
   525 35.81 0.67 1.01           OX637508.1  22474192  22474490  (70300) +               Kuruka     Unspecified    4224    4521  (4312)    
   514 36.92 0.33 0.67           OX637509.1    174629    174928 (21886303) +               Kuruka     Unspecified    4223    4521  (4312)    
   551 36.89 2.12 2.30           OX637509.1    193460    194025 (21867206) C               Kuruka     Unspecified  (4330)    4503    3939    
   232 23.10 1.56 12.07           OX637509.1    288229    288356 (21772875) C               Kuruka     Unspecified  (6373)    2460    2345    
   412 35.61 0.71 1.07           OX637509.1    619045    619325 (21441906) C               Kuruka     Unspecified  (4330)    4503    4224    
   411 35.61 0.71 1.07           OX637509.1   1339611   1339891 (20721340) C               Kuruka     Unspecified  (4330)    4503    4224    
   422 35.61 0.71 1.07           OX637509.1   2620549   2620829 (19440402) C               Kuruka     Unspecified  (4330)    4503    4224    
   411 35.61 0.71 1.07           OX637509.1   2658470   2658750 (19402481) C               Kuruka     Unspecified  (4330)    4503    4224    
   475 36.33 0.71 1.07           OX637509.1   3939809   3940089 (18121142) +               Kuruka     Unspecified    4224    4503  (4330)    
  1881 33.91 1.89 1.99           OX637509.1   4293649   4294704 (17766527) C               Kuruka     Unspecified  (4226)    4607    3553    
   286 36.74 1.99 2.40           OX637509.1   6370301   6370551 (15690680) C               Kuruka     Unspecified  (4297)    4536    4287    
   412 35.61 0.71 1.07           OX637509.1   6796280   6796560 (15264671) +               Kuruka     Unspecified    4224    4503  (4330)    
   412 35.61 0.71 1.07           OX637509.1   7397573   7397853 (14663378) C               Kuruka     Unspecified  (4330)    4503    4224    
  1079 34.26 2.99 2.30           OX637509.1   7494811   7495545 (14565686) C               Kuruka     Unspecified  (4161)    4672    3933    
   629 33.24 4.43 4.43           OX637509.1   7495627   7496032 (14565199) C               Kuruka     Unspecified  (4982)    3851    3446    
   820 38.06 1.88 1.98           OX637509.1   9437818   9438830 (12622401) +               Kuruka     Unspecified    3569    4580  (4253)    
   477 35.97 0.71 1.07           OX637509.1  10255233  10255513 (11805718) C               Kuruka     Unspecified  (4330)    4503    4224    
   245 22.47 0.00 5.97           OX637509.1  10302682  10302752 (11758479) +               Kuruka     Unspecified    4311    4377  (4456)    
   476 35.97 0.71 1.07           OX637509.1  12542861  12543141 (9518090) +               Kuruka     Unspecified    4224    4503  (4330)    
   378 36.33 0.71 1.07           OX637509.1  14624229  14624509 (7436722) +               Kuruka     Unspecified    4224    4503  (4330)    
   272 33.16 3.70 4.26           OX637509.1  16187878  16188066 (5873165) +               Kuruka     Unspecified    4229    4416  (4417)    
   254 25.81 0.00 0.00           OX637509.1  16220434  16220495 (5840736) +               Kuruka     Unspecified    4056    4117  (4716)    
   256 30.44 1.06 2.15           OX637509.1  16491596  16491689 (5569542) C               Kuruka     Unspecified  (4459)    4374    4282    
   324 33.73 3.35 3.93           OX637509.1  16729249  16729427 (5331804) C               Kuruka     Unspecified  (4369)    4464    4287    
   528 33.15 3.41 6.06           OX637509.1  16905733  16906172 (5155059) C               Kuruka     Unspecified  (4327)    4506    4078    
  2260 33.49 2.86 3.01           OX637509.1  17406830  17408193 (4653038) +               Kuruka     Unspecified    3488    4849  (3984)    
   229 37.01 0.00 0.00           OX637509.1  18033908  18034034 (4027197) C               Kuruka     Unspecified  (4768)    4065    3939    
   794 37.35 3.00 4.20           OX637509.1  18783049  18784180 (3277051) +               Kuruka     Unspecified    3494    4612  (4221)    
   457 36.33 0.71 1.07           OX637509.1  19693624  19693904 (2367327) +               Kuruka     Unspecified    4224    4503  (4330)    
   925 34.51 3.26 3.42           OX637509.1  20358084  20358728 (1702503) C               Kuruka     Unspecified  (4695)    4138    3495    
   410 34.49 2.76 1.02           OX637509.1  21718558  21718847 (342384) +               Kuruka     Unspecified    4227    4521  (4312)    
   475 36.33 0.71 1.07           OX637509.1  21853937  21854217 (207014) +               Kuruka     Unspecified    4224    4503  (4330)    
   482 36.33 0.71 1.07           OX637510.1    171127    171407 (21635264) C               Kuruka     Unspecified  (4330)    4503    4224    
   225 39.39 0.00 0.00           OX637510.1    171528    171692 (21634979) C               Kuruka     Unspecified  (4730)    4103    3939    
  1394 35.11 1.46 1.46           OX637510.1    392820    393845 (21412826) C               Kuruka     Unspecified  (4249)    4584    3559    
   340 33.16 2.13 2.13           OX637510.1    463938    464125 (21342546) C               Kuruka     Unspecified  (4698)    4135    3948    
   412 35.61 0.71 1.07           OX637510.1   2087899   2088179 (19718492) +               Kuruka     Unspecified    4224    4503  (4330)    
   412 35.61 0.71 1.07           OX637510.1   2485192   2485472 (19321199) +               Kuruka     Unspecified    4224    4503  (4330)    
   232 38.79 0.00 0.00           OX637510.1   6974394   6974558 (14832113) +               Kuruka     Unspecified    3939    4103  (4730)    
   488 35.61 0.71 1.07           OX637510.1   6974679   6974959 (14831712) +               Kuruka     Unspecified    4224    4503  (4330)    
   412 35.61 0.71 1.07           OX637510.1   8662529   8662809 (13143862) C               Kuruka     Unspecified  (4330)    4503    4224    
   326 17.46 0.00 0.00           OX637510.1   9107990   9108052 (12698619) +               Kuruka     Unspecified    4292    4354  (4479)    
   481 33.98 1.58 1.58           OX637510.1  13245828  13246144 (8560527) +               Kuruka     Unspecified    3465    3781  (5052)    
   487 37.67 2.66 2.80           OX637510.1  13246284  13247034 (8559637) +               Kuruka     Unspecified    3921    4670  (4163)    
   484 35.63 0.72 1.08           OX637510.1  13900009  13900286 (7906385) C               Kuruka     Unspecified  (4330)    4503    4227    
   232 38.79 0.00 0.00           OX637510.1  13900410  13900574 (7906097) C               Kuruka     Unspecified  (4730)    4103    3939    
   267 35.60 3.09 3.49           OX637510.1  14296696  14296954 (7509717) +               Kuruka     Unspecified    4278    4535  (4298)    
   411 35.61 0.71 1.07           OX637510.1  14489677  14489957 (7316714) C               Kuruka     Unspecified  (4330)    4503    4224    
   255 38.18 0.00 0.00           OX637510.1  15278179  15278343 (6528328) +               Kuruka     Unspecified    3939    4103  (4730)    
   488 35.61 0.71 1.07           OX637510.1  15278464  15278744 (6527927) +               Kuruka     Unspecified    4224    4503  (4330)    
  1887 34.16 1.86 1.95           OX637510.1  16371551  16372628 (5434043) C               Kuruka     Unspecified  (4226)    4607    3531    
  1758 35.41 2.16 2.16           OX637510.1  20066099  20067394 (1739277) C               Kuruka     Unspecified  (3979)    4854    3559    
   412 35.61 0.71 1.07           OX637510.1  20773619  20773899 (1032772) C               Kuruka     Unspecified  (4330)    4503    4224    
   239 38.79 0.00 0.00           OX637510.1  21177259  21177423 (629248) +               Kuruka     Unspecified    3939    4103  (4730)    
   512 35.61 0.71 1.07           OX637510.1  21177544  21177824 (628847) +               Kuruka     Unspecified    4224    4503  (4330)    
   483 35.97 0.71 1.07           OX637510.1  21312456  21312736 (493935) +               Kuruka     Unspecified    4224    4503  (4330)    
   412 35.61 0.71 1.07           OX637511.1   2431282   2431562 (19352354) C               Kuruka     Unspecified  (4330)    4503    4224    
   488 35.61 0.71 1.07           OX637511.1   2839154   2839434 (18944482) C               Kuruka     Unspecified  (4330)    4503    4224    
   487 35.61 0.71 1.07           OX637511.1   3724594   3724874 (18059042) C               Kuruka     Unspecified  (4330)    4503    4224    
   232 38.79 0.00 0.00           OX637511.1   3724995   3725159 (18058757) C               Kuruka     Unspecified  (4730)    4103    3939    
   232 38.79 0.00 0.00           OX637511.1   4044986   4045150 (17738766) +               Kuruka     Unspecified    3939    4103  (4730)    
   488 35.61 0.71 1.07           OX637511.1   4045271   4045551 (17738365) +               Kuruka     Unspecified    4224    4503  (4330)    
   325 17.46 0.00 0.00           OX637511.1   9116233   9116295 (12667621) +               Kuruka     Unspecified    4292    4354  (4479)    
   505 37.33 2.30 2.48           OX637511.1   9557217   9557782 (12226134) C               Kuruka     Unspecified  (4330)    4503    3939    
   232 38.79 0.00 0.00           OX637511.1   9755326   9755490 (12028426) +               Kuruka     Unspecified    3939    4103  (4730)    
   487 35.61 0.71 1.07           OX637511.1   9755611   9755891 (12028025) +               Kuruka     Unspecified    4224    4503  (4330)    
   412 35.61 0.71 1.07           OX637511.1  10607882  10608162 (11175754) +               Kuruka     Unspecified    4224    4503  (4330)    
  1584 35.17 2.95 1.64           OX637511.1  11244373  11245456 (10538460) C               Kuruka     Unspecified  (4225)    4608    3511    
   431 32.25 3.15 3.56           OX637511.1  11948656  11948909 (9835007) C               Kuruka     Unspecified  (4297)    4536    4284    
   412 35.61 0.71 1.07           OX637511.1  12761825  12762105 (9021811) C               Kuruka     Unspecified  (4330)    4503    4224    
   412 35.61 0.71 1.07           OX637511.1  13201707  13201987 (8581929) +               Kuruka     Unspecified    4224    4503  (4330)    
   301 23.53 0.00 0.00           OX637511.1  13405710  13405777 (8378139) +               Kuruka     Unspecified    4287    4354  (4479)    
   392 34.78 1.42 1.79           OX637511.1  13778075  13778355 (8005561) +               Kuruka     Unspecified    4224    4503  (4330)    
   232 38.79 0.00 0.00           OX637511.1  13932566  13932730 (7851186) +               Kuruka     Unspecified    3939    4103  (4730)    
   488 35.61 0.71 1.07           OX637511.1  13932851  13933131 (7850785) +               Kuruka     Unspecified    4224    4503  (4330)    
   411 35.61 0.71 1.07           OX637511.1  14871090  14871370 (6912546) +               Kuruka     Unspecified    4224    4503  (4330)    
   341 37.19 1.07 1.07           OX637511.1  16143698  16143977 (5639939) +               Kuruka     Unspecified    4224    4503  (4330)    
   412 35.61 0.71 1.07           OX637511.1  16807372  16807652 (4976264) +               Kuruka     Unspecified    4224    4503  (4330)    
  2369 32.93 2.10 2.18           OX637511.1  17041588  17042779 (4741137) C               Kuruka     Unspecified  (4163)    4670    3480    
   396 35.97 0.71 1.07           OX637511.1  17516335  17516615 (4267301) C               Kuruka     Unspecified  (4330)    4503    4224    
   412 35.61 0.71 1.07           OX637511.1  17748006  17748286 (4035630) +               Kuruka     Unspecified    4224    4503  (4330)    
   295 30.63 3.66 2.59           OX637511.1  17775158  17775348 (4008568) C               Kuruka     Unspecified  (4496)    4337    4145    
  1969 33.78 1.86 1.95           OX637512.1    573280    574357 (20842447) C               Kuruka     Unspecified  (4226)    4607    3531    
   232 38.79 0.00 0.00           OX637512.1   1782882   1783046 (19633758) +               Kuruka     Unspecified    3939    4103  (4730)    
   488 35.61 0.71 1.07           OX637512.1   1783167   1783447 (19633357) +               Kuruka     Unspecified    4224    4503  (4330)    
   371 30.56 1.36 2.05           OX637512.1   2379920   2380066 (19036738) C               Kuruka     Unspecified  (4396)    4437    4292    
   458 35.13 0.67 1.01           OX637512.1   2561150   2561448 (18855356) C               Kuruka     Unspecified  (4312)    4521    4224    
  1512 33.59 4.66 4.40           OX637512.1   5468697   5469920 (15946884) C               Kuruka     Unspecified  (4161)    4672    3446    
   378 36.33 0.71 1.07           OX637512.1   6499454   6499734 (14917070) +               Kuruka     Unspecified    4224    4503  (4330)    
  1316 34.39 1.19 1.19           OX637512.1   6570460   6571130 (14845674) C               Kuruka     Unspecified  (4675)    4158    3488    
   399 35.97 0.71 1.07           OX637512.1   7002590   7002870 (14413934) +               Kuruka     Unspecified    4224    4503  (4330)    
   412 35.61 0.71 1.07           OX637512.1   7675315   7675595 (13741209) C               Kuruka     Unspecified  (4330)    4503    4224    
   378 36.33 0.71 1.07           OX637512.1  10660247  10660527 (10756277) +               Kuruka     Unspecified    4224    4503  (4330)    
  1005 35.44 3.60 2.86           OX637512.1  11714137  11715109 (9701695) C               Kuruka     Unspecified  (4282)    4551    3572    
   477 35.97 0.71 1.07           OX637512.1  12569268  12569548 (8847256) C               Kuruka     Unspecified  (4330)    4503    4224    
   232 38.79 0.00 0.00           OX637512.1  12569669  12569833 (8846971) C               Kuruka     Unspecified  (4730)    4103    3939    
   566 34.49 2.27 1.98           OX637512.1  13941186  13941537 (7475267) +               Kuruka     Unspecified    3663    4015  (4818)    
  1085 33.13 1.41 1.61           OX637512.1  13941831  13942327 (7474477) +               Kuruka     Unspecified    4118    4613  (4220)    
   487 35.61 0.71 1.07           OX637512.1  14160886  14161166 (7255638) C               Kuruka     Unspecified  (4330)    4503    4224    
   232 38.79 0.00 0.00           OX637512.1  14161287  14161451 (7255353) C               Kuruka     Unspecified  (4730)    4103    3939    
   541 35.13 0.67 1.01           OX637512.1  15370746  15371044 (6045760) C               Kuruka     Unspecified  (4312)    4521    4224    
  1477 33.78 4.75 4.31           OX637512.1  16012426  16013604 (5403200) C               Kuruka     Unspecified  (4161)    4672    3489    
   412 35.61 0.71 1.07           OX637512.1  18266276  18266556 (3150248) C               Kuruka     Unspecified  (4330)    4503    4224    
   412 35.61 0.71 1.07           OX637512.1  18645970  18646250 (2770554) C               Kuruka     Unspecified  (4330)    4503    4224    
   412 35.61 0.71 1.07           OX637512.1  18773866  18774146 (2642658) +               Kuruka     Unspecified    4224    4503  (4330)    
   441 34.89 0.71 1.07           OX637512.1  18874266  18874546 (2542258) +               Kuruka     Unspecified    4224    4503  (4330)    
   382 36.33 0.71 1.07           OX637512.1  19049485  19049765 (2367039) +               Kuruka     Unspecified    4224    4503  (4330)    
  1317 35.11 3.71 3.31           OX637512.1  19611361  19612653 (1804151) C               Kuruka     Unspecified  (4075)    4758    3461    
   396 35.97 0.71 1.07           OX637512.1  20045243  20045523 (1371281) C               Kuruka     Unspecified  (4330)    4503    4224    
   467 35.93 1.00 1.34           OX637512.1  21085447  21085745 (331059) C               Kuruka     Unspecified  (4312)    4521    4224    
   247 37.01 0.00 0.00           OX637512.1  21085904  21086030 (330774) C               Kuruka     Unspecified  (4768)    4065    3939    
   489 36.33 0.71 1.07           OX637513.1    174688    174968 (21143192) C               Kuruka     Unspecified  (4330)    4503    4224    
   488 35.61 0.71 1.07           OX637513.1    909012    909292 (20408868) C               Kuruka     Unspecified  (4330)    4503    4224    
   232 38.79 0.00 0.00           OX637513.1    909413    909577 (20408583) C               Kuruka     Unspecified  (4730)    4103    3939    
   232 38.79 0.00 0.00           OX637513.1   3231242   3231406 (18086754) +               Kuruka     Unspecified    3939    4103  (4730)    
   465 35.97 0.71 1.07           OX637513.1   3231527   3231807 (18086353) +               Kuruka     Unspecified    4224    4503  (4330)    
   488 35.61 0.71 1.07           OX637513.1   4015558   4015838 (17302322) C               Kuruka     Unspecified  (4330)    4503    4224    
   232 38.79 0.00 0.00           OX637513.1   4015959   4016123 (17302037) C               Kuruka     Unspecified  (4730)    4103    3939    
  1774 35.33 2.16 2.16           OX637513.1   4746556   4747851 (16570309) C               Kuruka     Unspecified  (3979)    4854    3559    
   534 37.07 2.12 2.30           OX637513.1   6990453   6991018 (14327142) C               Kuruka     Unspecified  (4330)    4503    3939    
   488 35.61 0.71 1.07           OX637513.1   8574137   8574417 (12743743) +               Kuruka     Unspecified    4224    4503  (4330)    
   232 38.79 0.00 0.00           OX637513.1  10315149  10315313 (11002847) +               Kuruka     Unspecified    3939    4103  (4730)    
   469 35.02 1.07 1.43           OX637513.1  10315434  10315714 (11002446) +               Kuruka     Unspecified    4224    4503  (4330)    
  1981 33.96 1.86 1.95           OX637513.1  10657760  10658888 (10659272) C               Kuruka     Unspecified  (4175)    4658    3531    
  1403 35.22 3.64 3.28           OX637513.1  13664867  13666020 (7652140) C               Kuruka     Unspecified  (4222)    4611    3454    
   412 35.61 0.71 1.07           OX637513.1  15611582  15611862 (5706298) C               Kuruka     Unspecified  (4330)    4503    4224    
   488 35.61 0.71 1.07           OX637513.1  15820363  15820643 (5497517) +               Kuruka     Unspecified    4224    4503  (4330)    
   464 35.97 0.71 1.07           OX637513.1  16628166  16628446 (4689714) +               Kuruka     Unspecified    4224    4503  (4330)    
   457 33.04 2.17 2.62           OX637513.1  16814747  16814976 (4503184) +               Kuruka     Unspecified    4308    4536  (4297)    
   451 32.39 1.40 0.93           OX637513.1  17251887  17252101 (4066059) +               Kuruka     Unspecified    3489    3704  (5129)    
   543 36.53 1.65 1.65           OX637513.1  17252330  17252752 (4065408) +               Kuruka     Unspecified    3932    4354  (4479)    
   766 37.44 3.00 4.20           OX637513.1  17632731  17633862 (3684298) C               Kuruka     Unspecified  (4221)    4612    3494    
   412 35.61 0.71 1.07           OX637513.1  18542703  18542983 (2775177) +               Kuruka     Unspecified    4224    4503  (4330)    
   272 33.16 3.70 4.26           OX637514.1    927944    928132 (20170207) C               Kuruka     Unspecified  (4417)    4416    4229    
  1864 35.04 1.62 1.71           OX637514.1   2862087   2863256 (18235083) +               Kuruka     Unspecified    3444    4612  (4221)    
   248 27.94 0.00 0.00           OX637514.1   3467809   3467876 (17630463) +               Kuruka     Unspecified    4287    4354  (4479)    
   437 35.26 0.71 1.07           OX637514.1   4973702   4973982 (16124357) C               Kuruka     Unspecified  (4330)    4503    4224    
   443 33.72 2.29 2.68           OX637514.1   5336474   5336735 (15761604) C               Kuruka     Unspecified  (4300)    4533    4273    
   232 38.79 0.00 0.00           OX637514.1   8735393   8735557 (12362782) +               Kuruka     Unspecified    3939    4103  (4730)    
   488 35.61 0.71 1.07           OX637514.1   8735678   8735958 (12362381) +               Kuruka     Unspecified    4224    4503  (4330)    
   382 36.33 0.71 1.07           OX637514.1  10346915  10347195 (10751144) +               Kuruka     Unspecified    4224    4503  (4330)    
   232 38.79 0.00 0.00           OX637514.1  12534658  12534822 (8563517) +               Kuruka     Unspecified    3939    4103  (4730)    
   488 35.61 0.71 1.07           OX637514.1  12534943  12535223 (8563116) +               Kuruka     Unspecified    4224    4503  (4330)    
   277 34.46 4.11 4.59           OX637514.1  12776406  12776624 (8321715) +               Kuruka     Unspecified    4223    4440  (4393)    
   251 38.18 0.00 0.00           OX637514.1  16314325  16314489 (4783850) +               Kuruka     Unspecified    3939    4103  (4730)    
   493 35.61 0.71 1.07           OX637514.1  16314610  16314890 (4783449) +               Kuruka     Unspecified    4224    4503  (4330)    
   543 36.53 1.65 1.65           OX637514.1  18854320  18854742 (2243597) C               Kuruka     Unspecified  (4479)    4354    3932    
   451 32.39 1.40 0.93           OX637514.1  18854971  18855185 (2243154) C               Kuruka     Unspecified  (5129)    3704    3489    
   274 33.16 2.13 2.13           OX637514.1  20332391  20332578 (765761) C               Kuruka     Unspecified  (4698)    4135    3948    
   541 38.00 1.89 2.06           OX637515.1    390371    390953 (20646144) C               Kuruka     Unspecified  (4313)    4520    3939    
   387 36.82 0.67 1.01           OX637515.1    600905    601203 (20435894) C               Kuruka     Unspecified  (4312)    4521    4224    
  1977 32.90 2.11 2.20           OX637515.1    611976    613159 (20423938) +               Kuruka     Unspecified    3488    4670  (4163)    
   411 35.61 0.71 1.07           OX637515.1   1544961   1545241 (19491856) C               Kuruka     Unspecified  (4330)    4503    4224    
   378 36.33 0.71 1.07           OX637515.1   2094853   2095133 (18941964) C               Kuruka     Unspecified  (4330)    4503    4224    
   412 35.61 0.71 1.07           OX637515.1   2187175   2187455 (18849642) C               Kuruka     Unspecified  (4330)    4503    4224    
   236 38.79 0.00 0.00           OX637515.1   5555479   5555643 (15481454) +               Kuruka     Unspecified    3939    4103  (4730)    
   492 35.61 0.71 1.07           OX637515.1   5555764   5556044 (15481053) +               Kuruka     Unspecified    4224    4503  (4330)    
   488 35.61 0.71 1.07           OX637515.1   6918031   6918311 (14118786) C               Kuruka     Unspecified  (4330)    4503    4224    
   232 38.79 0.00 0.00           OX637515.1   6918432   6918596 (14118501) C               Kuruka     Unspecified  (4730)    4103    3939    
  1751 35.41 2.16 2.16           OX637515.1   9500088   9501383 (11535714) +               Kuruka     Unspecified    3559    4854  (3979)    
   512 35.26 0.71 1.07           OX637515.1  11971086  11971366 (9065731) C               Kuruka     Unspecified  (4330)    4503    4224    
   465 36.16 0.67 1.01           OX637515.1  12126097  12126395 (8910702) +               Kuruka     Unspecified    4224    4521  (4312)    
   412 35.61 0.71 1.07           OX637515.1  12237379  12237659 (8799438) +               Kuruka     Unspecified    4224    4503  (4330)    
   501 35.26 0.71 1.07           OX637515.1  14145948  14146228 (6890869) C               Kuruka     Unspecified  (4330)    4503    4224    
   253 38.18 0.00 0.00           OX637515.1  14146349  14146513 (6890584) C               Kuruka     Unspecified  (4730)    4103    3939    
   412 35.61 0.71 1.07           OX637515.1  15288365  15288645 (5748452) +               Kuruka     Unspecified    4224    4503  (4330)    
   350 37.05 0.71 1.07           OX637515.1  15902724  15903004 (5134093) +               Kuruka     Unspecified    4224    4503  (4330)    
   412 35.61 0.71 1.07           OX637515.1  17301689  17301969 (3735128) C               Kuruka     Unspecified  (4330)    4503    4224    
  1740 35.96 2.20 2.28           OX637515.1  17588510  17589784 (3447313) +               Kuruka     Unspecified    3488    4761  (4072)    
  1788 35.80 2.20 2.28           OX637516.1    187554    188828 (20729177) +               Kuruka     Unspecified    3488    4761  (4072)    
   272 23.14 2.41 6.25           OX637516.1   1829542   1829624 (19088381) C               Kuruka     Unspecified  (5025)    3808    3729    
   488 35.61 0.71 1.07           OX637516.1   6223817   6224097 (14693908) +               Kuruka     Unspecified    4224    4503  (4330)    
  1707 35.34 1.49 1.57           OX637516.1   6772039   6773182 (14144823) +               Kuruka     Unspecified    3495    4637  (4196)    
   458 35.13 0.67 1.01           OX637516.1   7800967   7801265 (13116740) C               Kuruka     Unspecified  (4312)    4521    4224    
   453 35.40 1.02 1.36           OX637516.1   8494369   8494663 (12423342) +               Kuruka     Unspecified    4224    4517  (4316)    
   543 35.13 0.67 1.01           OX637516.1   8723631   8723929 (12194076) C               Kuruka     Unspecified  (4312)    4521    4224    
   411 35.61 0.71 1.07           OX637516.1  10576759  10577039 (10340966) +               Kuruka     Unspecified    4224    4503  (4330)    
   382 36.33 0.71 1.07           OX637516.1  15039138  15039418 (5878587) +               Kuruka     Unspecified    4224    4503  (4330)    
   232 38.79 0.00 0.00           OX637516.1  17732048  17732212 (3185793) +               Kuruka     Unspecified    3939    4103  (4730)    
   488 35.61 0.71 1.07           OX637516.1  17732333  17732613 (3185392) +               Kuruka     Unspecified    4224    4503  (4330)    
   390 35.97 0.71 1.07           OX637516.1  17879358  17879638 (3038367) C               Kuruka     Unspecified  (4330)    4503    4224    
   266 38.18 0.00 0.00           OX637516.1  20224856  20225020 (692985) +               Kuruka     Unspecified    3939    4103  (4730)    
   497 35.93 1.00 1.34           OX637516.1  20225141  20225439 (692566) +               Kuruka     Unspecified    4224    4521  (4312)    
  1658 35.25 2.39 2.39           OX637516.1  20363499  20364794 (553211) C               Kuruka     Unspecified  (3979)    4854    3559    
   344 32.14 3.17 5.78           OX637516.1  20672785  20673068 (244937) +               Kuruka     Unspecified    4284    4560  (4273)    
   258 34.54 4.62 2.00           OX637516.1  20818777  20818971  (99034) C               Kuruka     Unspecified  (4405)    4428    4229    
   488 35.61 0.71 1.07           OX637517.1   1154265   1154545 (19285286) C               Kuruka     Unspecified  (4330)    4503    4224    
   265 38.79 0.00 0.00           OX637517.1   1154666   1154830 (19285001) C               Kuruka     Unspecified  (4730)    4103    3939    
   435 35.69 0.33 0.67           OX637517.1   1378075   1378373 (19061458) C               Kuruka     Unspecified  (4312)    4521    4224    
   413 35.61 0.71 1.07           OX637517.1   1653465   1653745 (18786086) C               Kuruka     Unspecified  (4330)    4503    4224    
   426 35.26 0.71 1.07           OX637517.1   1913863   1914143 (18525688) +               Kuruka     Unspecified    4224    4503  (4330)    
   245 22.47 0.00 5.97           OX637517.1   3717242   3717312 (16722519) +               Kuruka     Unspecified    4311    4377  (4456)    
  1671 35.18 2.39 2.39           OX637517.1   4260411   4261706 (16178125) +               Kuruka     Unspecified    3559    4854  (3979)    
   378 36.33 0.71 1.07           OX637517.1   4923151   4923431 (15516400) C               Kuruka     Unspecified  (4330)    4503    4224    
   375 33.47 3.15 3.56           OX637517.1   6192108   6192361 (14247470) C               Kuruka     Unspecified  (4297)    4536    4284    
   412 35.61 0.71 1.07           OX637517.1   6813481   6813761 (13626070) +               Kuruka     Unspecified    4224    4503  (4330)    
  1671 35.18 2.39 2.39           OX637517.1   8354759   8356054 (12083777) C               Kuruka     Unspecified  (3979)    4854    3559    
   277 34.46 4.11 4.59           OX637517.1  10135414  10135632 (10304199) +               Kuruka     Unspecified    4223    4440  (4393)    
   361 36.11 1.07 1.43           OX637517.1  13498548  13498828 (6941003) C               Kuruka     Unspecified  (4330)    4503    4224    
   382 36.33 0.71 1.07           OX637517.1  14055850  14056130 (6383701) +               Kuruka     Unspecified    4224    4503  (4330)    
   230 31.43 5.71 0.00           OX637517.1  14667692  14667796 (5772035) +               Kuruka     Unspecified    4223    4333  (4500)    
   477 34.80 0.67 1.01           OX637517.1  15419700  15419998 (5019833) +               Kuruka     Unspecified    4224    4521  (4312)    
  1671 35.18 2.39 2.39           OX637517.1  17196117  17197412 (3242419) +               Kuruka     Unspecified    3559    4854  (3979)    
   417 35.61 0.71 1.07           OX637517.1  18002270  18002550 (2437281) +               Kuruka     Unspecified    4224    4503  (4330)    
   508 36.89 2.12 2.30           OX637517.1  19436137  19436702 (1003129) C               Kuruka     Unspecified  (4330)    4503    3939    
  1018 34.29 4.99 1.94           OX637517.1  20099696  20100397 (339434) C               Kuruka     Unspecified  (4163)    4670    3948    
   469 36.33 0.71 1.07           OX637518.1    318378    318658 (20012682) C               Kuruka     Unspecified  (4330)    4503    4224    
   239 38.79 0.00 0.00           OX637518.1   1327977   1328141 (19003199) +               Kuruka     Unspecified    3939    4103  (4730)    
   510 35.61 0.71 1.07           OX637518.1   1328262   1328542 (19002798) +               Kuruka     Unspecified    4224    4503  (4330)    
   270 33.81 2.05 2.76           OX637518.1   1629769   1629914 (18701426) C               Kuruka     Unspecified  (4405)    4428    4284    
   794 37.35 3.00 4.20           OX637518.1   1961627   1962758 (18368582) C               Kuruka     Unspecified  (4221)    4612    3494    
   453 36.33 0.71 1.07           OX637518.1   5100602   5100882 (15230458) C               Kuruka     Unspecified  (4330)    4503    4224    
   792 37.35 3.00 4.20           OX637518.1   6497811   6498942 (13832398) +               Kuruka     Unspecified    3494    4612  (4221)    
   412 35.61 0.71 1.07           OX637518.1   6693255   6693535 (13637805) +               Kuruka     Unspecified    4224    4503  (4330)    
  1867 35.04 1.62 1.71           OX637518.1   7104163   7105332 (13226008) C               Kuruka     Unspecified  (4221)    4612    3444    
  1687 35.10 2.39 2.39           OX637518.1   8364828   8366123 (11965217) +               Kuruka     Unspecified    3559    4854  (3979)    
  1476 34.51 4.33 3.85           OX637518.1  10810655  10811739 (9519601) C               Kuruka     Unspecified  (4282)    4551    3462    
   396 35.97 0.71 1.07           OX637518.1  12084796  12085076 (8246264) +               Kuruka     Unspecified    4224    4503  (4330)    
   225 20.00 0.00 0.00           OX637518.1  12409854  12409903 (7921437) +               Kuruka     Unspecified    4284    4333  (4500)    
   411 35.61 0.71 1.07           OX637518.1  12759358  12759638 (7571702) C               Kuruka     Unspecified  (4330)    4503    4224    
   333 27.28 0.90 0.90           OX637518.1  13296199  13296309 (7035031) C               Kuruka     Unspecified  (4499)    4334    4224    
   251 39.86 3.85 0.31           OX637518.1  15792603  15792914 (4538426) C               Kuruka     Unspecified  (5017)    3816    3494    
  1732 35.49 2.16 2.16           OX637518.1  16247725  16249020 (4082320) +               Kuruka     Unspecified    3559    4854  (3979)    
   409 35.63 0.72 1.08           OX637518.1  17062062  17062339 (3269001) C               Kuruka     Unspecified  (4330)    4503    4227    
   506 35.61 0.71 1.07           OX637518.1  17214584  17214864 (3116476) C               Kuruka     Unspecified  (4330)    4503    4224    
   236 38.79 0.00 0.00           OX637518.1  17214985  17215149 (3116191) C               Kuruka     Unspecified  (4730)    4103    3939    
  1735 33.16 2.76 2.67           OX637518.1  20054619  20055814 (275526) C               Kuruka     Unspecified  (4172)    4661    3465    
   413 35.61 0.71 1.07           OX637519.1    396173    396453 (19870563) +               Kuruka     Unspecified    4224    4503  (4330)    
   429 35.26 0.71 1.07           OX637519.1    409152    409432 (19857584) +               Kuruka     Unspecified    4224    4503  (4330)    
   452 36.33 0.71 1.07           OX637519.1   1002478   1002758 (19264258) C               Kuruka     Unspecified  (4330)    4503    4224    
   232 38.79 0.00 0.00           OX637519.1   1002879   1003043 (19263973) C               Kuruka     Unspecified  (4730)    4103    3939    
   378 36.33 0.71 1.07           OX637519.1   1263976   1264256 (19002760) +               Kuruka     Unspecified    4224    4503  (4330)    
   375 36.33 0.71 1.07           OX637519.1   1514250   1514530 (18752486) +               Kuruka     Unspecified    4224    4503  (4330)    
  2425 32.08 2.86 3.34           OX637519.1   1922750   1924042 (18342974) +               Kuruka     Unspecified    3489    4775  (4058)    
   488 35.61 0.71 1.07           OX637519.1   2649249   2649529 (17617487) C               Kuruka     Unspecified  (4330)    4503    4224    
   232 38.79 0.00 0.00           OX637519.1   2649650   2649814 (17617202) C               Kuruka     Unspecified  (4730)    4103    3939    
   543 35.13 0.67 1.01           OX637519.1   3030722   3031020 (17235996) C               Kuruka     Unspecified  (4312)    4521    4224    
   412 35.61 0.71 1.07           OX637519.1   9067660   9067940 (11199076) +               Kuruka     Unspecified    4224    4503  (4330)    
   245 22.47 0.00 5.97           OX637519.1  10903738  10903808 (9363208) +               Kuruka     Unspecified    4311    4377  (4456)    
   274 33.89 3.19 3.60           OX637519.1  11648126  11648376 (8618640) C               Kuruka     Unspecified  (4297)    4536    4287    
   412 35.61 0.71 1.07           OX637519.1  14304177  14304457 (5962559) C               Kuruka     Unspecified  (4330)    4503    4224    
   412 35.61 0.71 1.07           OX637519.1  17005805  17006085 (3260931) +               Kuruka     Unspecified    4224    4503  (4330)    
   385 36.33 0.71 1.07           OX637519.1  19195835  19196115 (1070901) +               Kuruka     Unspecified    4224    4503  (4330)    
   412 35.61 0.71 1.07           OX637520.1    133021    133301 (18871704) C               Kuruka     Unspecified  (4330)    4503    4224    
   412 35.61 0.71 1.07           OX637520.1   2143876   2144156 (16860849) +               Kuruka     Unspecified    4224    4503  (4330)    
   399 35.97 0.71 1.07           OX637520.1   3075049   3075329 (15929676) +               Kuruka     Unspecified    4224    4503  (4330)    
  1507 33.67 4.66 4.24           OX637520.1   3285347   3286568 (15718437) C               Kuruka     Unspecified  (4161)    4672    3446    
  1801 34.17 1.24 1.33           OX637520.1   5143904   5145030 (13859975) +               Kuruka     Unspecified    3488    4613  (4220)    
   802 37.35 3.00 4.20           OX637520.1   8415290   8416421 (10588584) +               Kuruka     Unspecified    3494    4612  (4221)    
   412 35.61 0.71 1.07           OX637520.1   8595302   8595582 (10409423) C               Kuruka     Unspecified  (4330)    4503    4224    
  1945 33.87 1.86 1.95           OX637520.1  13039719  13040796 (5964209) C               Kuruka     Unspecified  (4226)    4607    3531    
   239 38.79 0.00 0.00           OX637520.1  13596585  13596749 (5408256) +               Kuruka     Unspecified    3939    4103  (4730)    
   512 35.61 0.71 1.07           OX637520.1  13596870  13597150 (5407855) +               Kuruka     Unspecified    4224    4503  (4330)    
   248 27.94 0.00 0.00           OX637520.1  16494430  16494497 (2510508) C               Kuruka     Unspecified  (4479)    4354    4287    
   391 35.97 0.71 1.07           OX637521.1   3718620   3718900 (14903100) +               Kuruka     Unspecified    4224    4503  (4330)    
   488 35.61 0.71 1.07           OX637521.1   4664327   4664607 (13957393) C               Kuruka     Unspecified  (4330)    4503    4224    
   232 38.79 0.00 0.00           OX637521.1   4664728   4664892 (13957108) C               Kuruka     Unspecified  (4730)    4103    3939    
   467 35.97 0.71 1.07           OX637521.1   6016033   6016313 (12605687) C               Kuruka     Unspecified  (4330)    4503    4224    
   232 38.79 0.00 0.00           OX637521.1   6016434   6016598 (12605402) C               Kuruka     Unspecified  (4730)    4103    3939    
   383 32.21 0.95 1.43           OX637521.1   8784579   8784789 (9837211) +               Kuruka     Unspecified    4224    4433  (4400)    
   239 38.79 0.00 0.00           OX637521.1   8828818   8828982 (9793018) +               Kuruka     Unspecified    3939    4103  (4730)    
   510 35.61 0.71 1.07           OX637521.1   8829103   8829383 (9792617) +               Kuruka     Unspecified    4224    4503  (4330)    
  1818 36.22 2.04 2.12           OX637521.1  12026228  12027502 (6594498) +               Kuruka     Unspecified    3488    4761  (4072)    
   900 35.39 3.78 3.70           OX637521.1  12324346  12325642 (6296358) C               Kuruka     Unspecified  (4075)    4758    3461    
  2049 33.58 2.08 2.17           OX637521.1  12442996  12444103 (6177897) C               Kuruka     Unspecified  (4175)    4658    3552    
   495 35.97 0.71 1.07           OX637521.1  12452977  12453257 (6168743) C               Kuruka     Unspecified  (4330)    4503    4224    
   240 38.79 0.00 0.00           OX637521.1  12453378  12453542 (6168458) C               Kuruka     Unspecified  (4730)    4103    3939    
   239 38.79 0.00 0.00           OX637521.1  13556657  13556821 (5065179) +               Kuruka     Unspecified    3939    4103  (4730)    
   512 35.61 0.71 1.07           OX637521.1  13556942  13557222 (5064778) +               Kuruka     Unspecified    4224    4503  (4330)    
  1848 35.13 1.62 1.71           OX637521.1  14718050  14719219 (3902781) C               Kuruka     Unspecified  (4221)    4612    3444    
   401 35.97 0.71 1.07           OX637521.1  15520602  15520882 (3101118) C               Kuruka     Unspecified  (4330)    4503    4224    
   412 35.61 0.71 1.07           OX637521.1  16061166  16061446 (2560554) +               Kuruka     Unspecified    4224    4503  (4330)    
   261 31.43 5.71 0.00           OX637521.1  16522011  16522115 (2099885) +               Kuruka     Unspecified    4223    4333  (4500)    
   232 38.79 0.00 0.00           OX637521.1  17085966  17086130 (1535870) +               Kuruka     Unspecified    3939    4103  (4730)    
   466 36.33 0.71 1.07           OX637521.1  17086251  17086531 (1535469) +               Kuruka     Unspecified    4224    4503  (4330)    
   453 36.33 0.71 1.07           OX637522.1   1777794   1778074 (16569824) C               Kuruka     Unspecified  (4330)    4503    4224    
  1977 32.90 2.11 2.20           OX637522.1   2108970   2110153 (16237745) +               Kuruka     Unspecified    3488    4670  (4163)    
   411 35.61 0.71 1.07           OX637522.1   2305670   2305950 (16041948) +               Kuruka     Unspecified    4224    4503  (4330)    
   525 36.78 1.65 1.65           OX637522.1   3229888   3230310 (15117588) C               Kuruka     Unspecified  (4479)    4354    3932    
   436 32.87 1.40 0.93           OX637522.1   3230539   3230753 (15117145) C               Kuruka     Unspecified  (5129)    3704    3489    
   411 35.61 0.71 1.07           OX637522.1   4461339   4461619 (13886279) +               Kuruka     Unspecified    4224    4503  (4330)    
  1763 34.27 1.24 1.42           OX637522.1   7851588   7852715 (10495183) +               Kuruka     Unspecified    3488    4613  (4220)    
   488 35.61 0.71 1.07           OX637522.1   8921903   8922183 (9425715) C               Kuruka     Unspecified  (4330)    4503    4224    
   232 38.79 0.00 0.00           OX637522.1   8922304   8922468 (9425430) C               Kuruka     Unspecified  (4730)    4103    3939    
   344 33.34 0.95 1.44           OX637522.1   9181002   9181211 (9166687) +               Kuruka     Unspecified    4224    4432  (4401)    
   378 36.33 0.71 1.07           OX637522.1   9540440   9540720 (8807178) +               Kuruka     Unspecified    4224    4503  (4330)    
   261 31.43 5.71 0.00           OX637522.1   9735223   9735327 (8612571) +               Kuruka     Unspecified    4223    4333  (4500)    
  1107 33.98 2.99 2.30           OX637522.1  10005962  10006696 (8341202) C               Kuruka     Unspecified  (4161)    4672    3933    
   583 33.77 4.43 4.43           OX637522.1  10006778  10007183 (8340715) C               Kuruka     Unspecified  (4982)    3851    3446    
  1758 35.41 2.16 2.16           OX637522.1  12266684  12267979 (6079919) +               Kuruka     Unspecified    3559    4854  (3979)    
   252 30.72 2.29 3.08           OX637522.1  16436674  16436804 (1911094) +               Kuruka     Unspecified    4287    4416  (4417)    
   484 35.61 0.71 1.07           OX637522.1  18081107  18081387 (266511) C               Kuruka     Unspecified  (4330)    4503    4224    
   227 38.79 0.00 0.00           OX637522.1  18081508  18081672 (266226) C               Kuruka     Unspecified  (4730)    4103    3939    
  2317 32.28 3.36 3.43           OX637523.1     92292     93661 (17749615) +               Kuruka     Unspecified    3480    4848  (3985)    
   396 35.97 0.71 1.07           OX637523.1   1898625   1898905 (15944371) C               Kuruka     Unspecified  (4330)    4503    4224    
   419 34.00 3.38 3.38           OX637523.1   2030837   2031250 (15812026) C               Kuruka     Unspecified  (4487)    4346    3933    
   386 39.26 0.28 0.28           OX637523.1   2031335   2031689 (15811587) C               Kuruka     Unspecified  (4985)    3848    3494    
   541 34.89 0.71 1.07           OX637523.1   3945364   3945644 (13897632) C               Kuruka     Unspecified  (4330)    4503    4224    
   239 38.79 0.00 0.00           OX637523.1   3945765   3945929 (13897347) C               Kuruka     Unspecified  (4730)    4103    3939    
   487 35.61 0.71 1.07           OX637523.1   4427250   4427530 (13415746) C               Kuruka     Unspecified  (4330)    4503    4224    
   232 38.79 0.00 0.00           OX637523.1   4427651   4427815 (13415461) C               Kuruka     Unspecified  (4730)    4103    3939    
   412 35.61 0.71 1.07           OX637523.1   5475020   5475300 (12367976) C               Kuruka     Unspecified  (4330)    4503    4224    
   411 35.61 0.71 1.07           OX637523.1   5743983   5744263 (12099013) +               Kuruka     Unspecified    4224    4503  (4330)    
   421 35.26 0.71 1.07           OX637523.1   6303779   6304059 (11539217) C               Kuruka     Unspecified  (4330)    4503    4224    
   412 35.61 0.71 1.07           OX637523.1   7566137   7566417 (10276859) +               Kuruka     Unspecified    4224    4503  (4330)    
   382 36.33 0.71 1.07           OX637523.1   7927579   7927859 (9915417) C               Kuruka     Unspecified  (4330)    4503    4224    
   234 30.14 0.00 0.00           OX637523.1  10493310  10493382 (7349894) C               Kuruka     Unspecified  (4479)    4354    4282    
  1707 35.34 1.49 1.57           OX637523.1  11955618  11956761 (5886515) C               Kuruka     Unspecified  (4196)    4637    3495    
   411 35.61 0.71 1.07           OX637523.1  12111171  12111451 (5731825) C               Kuruka     Unspecified  (4330)    4503    4224    
   436 36.53 1.65 1.65           OX637523.1  12140854  12141276 (5702000) C               Kuruka     Unspecified  (4479)    4354    3932    
   392 32.39 1.40 0.93           OX637523.1  12141505  12141719 (5701557) C               Kuruka     Unspecified  (5129)    3704    3489    
   412 35.61 0.71 1.07           OX637523.1  13268418  13268698 (4574578) +               Kuruka     Unspecified    4224    4503  (4330)    
   225 20.00 0.00 0.00           OX637523.1  13479067  13479116 (4364160) C               Kuruka     Unspecified  (4500)    4333    4284    
   512 35.61 0.71 1.07           OX637523.1  14950099  14950379 (2892897) C               Kuruka     Unspecified  (4330)    4503    4224    
   370 36.69 0.71 1.07           OX637524.1   2438131   2438411 (15066231) +               Kuruka     Unspecified    4224    4503  (4330)    
   426 35.26 0.71 1.07           OX637524.1   3079211   3079491 (14425151) +               Kuruka     Unspecified    4224    4503  (4330)    
   245 22.47 0.00 5.97           OX637524.1   5266365   5266435 (12238207) +               Kuruka     Unspecified    4311    4377  (4456)    
   822 38.06 1.88 1.98           OX637524.1   7749957   7750969 (9753673) +               Kuruka     Unspecified    3569    4580  (4253)    
   412 35.61 0.71 1.07           OX637524.1   8388258   8388538 (9116104) C               Kuruka     Unspecified  (4330)    4503    4224    
   436 35.26 0.71 1.07           OX637524.1  10506755  10507035 (6997607) +               Kuruka     Unspecified    4224    4503  (4330)    
   488 35.61 0.71 1.07           OX637524.1  13113125  13113405 (4391237) C               Kuruka     Unspecified  (4330)    4503    4224    
   232 38.79 0.00 0.00           OX637524.1  13113526  13113690 (4390952) C               Kuruka     Unspecified  (4730)    4103    3939    
  1914 34.06 1.86 1.95           OX637524.1  13713357  13714434 (3790208) C               Kuruka     Unspecified  (4226)    4607    3531    
   411 35.61 0.71 1.07           OX637524.1  14450499  14450779 (3053863) C               Kuruka     Unspecified  (4330)    4503    4224    
   232 38.79 0.00 0.00           OX637524.1  16231510  16231674 (1272968) +               Kuruka     Unspecified    3939    4103  (4730)    
   486 35.61 0.71 1.07           OX637524.1  16231795  16232075 (1272567) +               Kuruka     Unspecified    4224    4503  (4330)    
   239 38.79 0.00 0.00           OX637524.1  17159799  17159963 (344679) +               Kuruka     Unspecified    3939    4103  (4730)    
   516 35.61 0.71 1.07           OX637524.1  17160084  17160364 (344278) +               Kuruka     Unspecified    4224    4503  (4330)    
   295 25.33 0.00 3.61           OX637524.1  17197640  17197725 (306917) C               Kuruka     Unspecified  (4456)    4377    4295    
   488 35.61 0.71 1.07           OX637525.1   1118564   1118844 (14791500) +               Kuruka     Unspecified    4224    4503  (4330)    
   451 32.39 1.40 0.93           OX637525.1   1223707   1223921 (14686423) +               Kuruka     Unspecified    3489    3704  (5129)    
   508 37.02 1.65 1.65           OX637525.1   1224150   1224572 (14685772) +               Kuruka     Unspecified    3932    4354  (4479)    
   500 36.16 0.67 1.01           OX637525.1   3054392   3054690 (12855654) +               Kuruka     Unspecified    4224    4521  (4312)    
   488 35.61 0.71 1.07           OX637525.1   3267088   3267368 (12642976) C               Kuruka     Unspecified  (4330)    4503    4224    
   232 38.79 0.00 0.00           OX637525.1   3267489   3267653 (12642691) C               Kuruka     Unspecified  (4730)    4103    3939    
   391 33.07 3.15 3.56           OX637525.1   6542086   6542339 (9368005) C               Kuruka     Unspecified  (4297)    4536    4284    
   488 35.61 0.71 1.07           OX637525.1   8978048   8978328 (6932016) +               Kuruka     Unspecified    4224    4503  (4330)    
   412 35.61 0.71 1.07           OX637525.1  10460565  10460845 (5449499) +               Kuruka     Unspecified    4224    4503  (4330)    
   401 35.97 0.71 1.07           OX637525.1  11937665  11937945 (3972399) C               Kuruka     Unspecified  (4330)    4503    4224    
   225 17.95 0.00 7.14           OX637525.1  14240519  14240578 (1669766) +               Kuruka     Unspecified     103     158  (8675)    
   412 35.61 0.71 1.07           OX637526.1   4023971   4024251 (10979725) C               Kuruka     Unspecified  (4330)    4503    4224    
   323 37.20 2.05 2.41           OX637526.1   4155639   4155930 (10848046) +               Kuruka     Unspecified    4230    4520  (4313)    
   453 36.33 0.71 1.07           OX637526.1   5384908   5385188 (9618788) C               Kuruka     Unspecified  (4330)    4503    4224    
   742 36.39 3.97 3.48           OX637526.1   9019097   9019953 (5984023) +               Kuruka     Unspecified    3494    4354  (4479)    
   412 35.61 0.71 1.07           OX637526.1  10224827  10225107 (4778869) C               Kuruka     Unspecified  (4330)    4503    4224    
   283 31.42 3.81 4.26           OX637526.1  10381590  10381825 (4622151) +               Kuruka     Unspecified    4287    4521  (4312)    
   262 30.49 0.00 0.00           OX637526.1  12746623  12746704 (2257272) C               Kuruka     Unspecified  (4479)    4354    4273    
   389 34.88 1.15 1.53           OX637526.1  13442221  13442482 (1561494) +               Kuruka     Unspecified    4273    4533  (4300)    
  1101 33.88 3.13 2.43           OX637526.1  14645818  14646552 (357424) C               Kuruka     Unspecified  (4161)    4672    3933    
   643 32.99 4.43 4.43           OX637526.1  14646634  14647039 (356937) C               Kuruka     Unspecified  (4982)    3851    3446    
  1458 37.01 1.80 1.39           OX637526.1  14909334  14910555  (93421) +               Kuruka     Unspecified    3446    4672  (4161)    
   282 32.16 5.52 3.80           OX637527.1    653268    653448 (11178363) +               Kuruka     Unspecified    4171    4354  (4479)    
   488 35.61 0.71 1.07           OX637527.1    927071    927351 (10904460) C               Kuruka     Unspecified  (4330)    4503    4224    
  1707 35.34 1.49 1.57           OX637527.1   1129173   1130316 (10701495) +               Kuruka     Unspecified    3495    4637  (4196)    
   341 32.08 4.03 4.45           OX637527.1   2015338   2015585 (9816226) C               Kuruka     Unspecified  (4300)    4533    4287    
   412 35.61 0.71 1.07           OX637527.1   5138694   5138974 (6692837) C               Kuruka     Unspecified  (4330)    4503    4224    
   240 38.79 0.00 0.00           OX637527.1   7728609   7728773 (4103038) +               Kuruka     Unspecified    3939    4103  (4730)    
   511 34.43 1.42 1.79           OX637527.1   7728894   7729174 (4102637) +               Kuruka     Unspecified    4224    4503  (4330)    
   512 35.61 0.71 1.07           OX637527.1   9329634   9329914 (2501897) C               Kuruka     Unspecified  (4330)    4503    4224    
   239 38.79 0.00 0.00           OX637527.1   9330035   9330199 (2501612) C               Kuruka     Unspecified  (4730)    4103    3939    
   397 35.97 0.71 1.07           OX637527.1   9803722   9804002 (2027809) C               Kuruka     Unspecified  (4330)    4503    4224    
   512 35.61 0.71 1.07           OX637527.1  10398275  10398555 (1433256) C               Kuruka     Unspecified  (4330)    4503    4224    
   239 38.79 0.00 0.00           OX637527.1  10398676  10398840 (1432971) C               Kuruka     Unspecified  (4730)    4103    3939    
   412 35.61 0.71 1.07           OX637528.1   1417572   1417852 (10058680) C               Kuruka     Unspecified  (4330)    4503    4224    
   239 38.79 0.00 0.00           OX637528.1   1719136   1719300 (9757232) +               Kuruka     Unspecified    3939    4103  (4730)    
   510 35.61 0.71 1.07           OX637528.1   1719421   1719701 (9756831) +               Kuruka     Unspecified    4224    4503  (4330)    
   512 35.61 0.71 1.07           OX637528.1   3183377   3183657 (8292875) +               Kuruka     Unspecified    4224    4503  (4330)    
   232 38.79 0.00 0.00           OX637528.1   4903933   4904097 (6572435) +               Kuruka     Unspecified    3939    4103  (4730)    
   488 35.61 0.71 1.07           OX637528.1   4904218   4904498 (6572034) +               Kuruka     Unspecified    4224    4503  (4330)    
   409 35.63 0.72 1.08           OX637528.1   5294489   5294766 (6181766) C               Kuruka     Unspecified  (4330)    4503    4227    
   412 35.61 0.71 1.07           OX637528.1   5398111   5398391 (6078141) C               Kuruka     Unspecified  (4330)    4503    4224    
   412 35.61 0.71 1.07           OX637528.1   5800705   5800985 (5675547) +               Kuruka     Unspecified    4224    4503  (4330)    
   412 35.61 0.71 1.07           OX637528.1   7064496   7064776 (4411756) +               Kuruka     Unspecified    4224    4503  (4330)    
   728 36.51 3.59 3.95           OX637528.1   7368439   7369302 (4107230) +               Kuruka     Unspecified    3494    4354  (4479)    
   412 35.61 0.71 1.07           OX637528.1   9349241   9349521 (2127011) C               Kuruka     Unspecified  (4330)    4503    4224    
   431 35.26 0.71 1.07           OX637529.1    692769    693049 (9500064) C               Kuruka     Unspecified  (4330)    4503    4224    
   421 35.26 0.71 1.07           OX637529.1   2027665   2027945 (8165168) C               Kuruka     Unspecified  (4330)    4503    4224    
  1650 33.82 1.80 1.90           OX637529.1   6477243   6478297 (3714816) C               Kuruka     Unspecified  (4249)    4584    3531    
   412 35.61 0.71 1.07           OX637529.1   6786384   6786664 (3406449) C               Kuruka     Unspecified  (4330)    4503    4224    
   232 38.79 0.00 0.00           OX637529.1   7545454   7545618 (2647495) +               Kuruka     Unspecified    3939    4103  (4730)    
   487 35.61 0.71 1.07           OX637529.1   7545739   7546019 (2647094) +               Kuruka     Unspecified    4224    4503  (4330)    
   767 37.24 3.74 4.20           OX637529.1   8204643   8205766 (1987347) C               Kuruka     Unspecified  (4221)    4612    3494    
   274 35.06 4.62 2.00           OX637529.1   8376028   8376222 (1816891) +               Kuruka     Unspecified    4229    4428  (4405)    
   277 31.92 2.74 3.45           OX637529.1   8424947   8425092 (1768021) +               Kuruka     Unspecified    4284    4428  (4405)    
   411 35.61 0.71 1.07           OX637529.1   9017326   9017606 (1175507) +               Kuruka     Unspecified    4224    4503  (4330)    
   395 35.93 0.67 1.01           OX637529.1   9186343   9186640 (1006473) +               Kuruka     Unspecified    4224    4520  (4313)    
   371 35.16 0.35 3.21           OX637529.1   9259066   9259353 (933760) C               Kuruka     Unspecified  (4330)    4503    4224    
  1992 32.90 2.11 2.20           OX637529.1   9642286   9643469 (549644) C               Kuruka     Unspecified  (4163)    4670    3488    
   225 37.43 1.22 0.61           OX637529.1   9719603   9719766 (473347) +               Kuruka     Unspecified    3939    4103  (4730)    
   506 35.61 0.71 1.07           OX637529.1   9719887   9720167 (472946) +               Kuruka     Unspecified    4224    4503  (4330)    
   475 36.33 0.71 1.07           OX637530.1   1963494   1963774 (8033020) +               Kuruka     Unspecified    4224    4503  (4330)    
   239 38.79 0.00 0.00           OX637530.1   2164878   2165042 (7831752) +               Kuruka     Unspecified    3939    4103  (4730)    
   512 35.61 0.71 1.07           OX637530.1   2165163   2165443 (7831351) +               Kuruka     Unspecified    4224    4503  (4330)    
   495 35.97 0.71 1.07           OX637530.1   2182482   2182762 (7814032) C               Kuruka     Unspecified  (4330)    4503    4224    
   239 38.79 0.00 0.00           OX637530.1   2182883   2183047 (7813747) C               Kuruka     Unspecified  (4730)    4103    3939    
   423 35.26 0.71 1.07           OX637530.1   2361238   2361518 (7635276) C               Kuruka     Unspecified  (4330)    4503    4224    
   511 35.61 0.71 1.07           OX637530.1   6045416   6045696 (3951098) C               Kuruka     Unspecified  (4330)    4503    4224    
   239 38.79 0.00 0.00           OX637530.1   6045817   6045981 (3950813) C               Kuruka     Unspecified  (4730)    4103    3939    
   378 36.33 0.71 1.07           OX637530.1   7217125   7217405 (2779389) +               Kuruka     Unspecified    4224    4503  (4330)    
   345 31.25 1.36 2.05           OX637530.1   8595412   8595558 (1401236) C               Kuruka     Unspecified  (4396)    4437    4292    
