  1978 32.97 1.98 2.08    CAJVRQ020000057.1     11204     12213  (11117) +               Kuruka     Unspecified    3465    4473  (4360)    
   241 25.76 0.00 1.52    CAJVRQ020000064.1     13205     13271   (6089) +               Kuruka     Unspecified    2428    2493  (6340)    
   416 35.79 3.80 1.14    CAJVRQ020000064.1     14398     14739   (4621) +               Kuruka     Unspecified    3461    3811  (5022)    
  1525 33.99 3.59 2.44    CAJVRQ020000090.1      9948     10921  (62035) +               Kuruka     Unspecified    3465    4449  (4384)    
  1662 34.12 2.76 1.61    CAJVRQ020000090.1     13878     14857  (58099) C               Kuruka     Unspecified  (4255)    4578    3588    
   467 36.05 1.70 1.70    CAJVRQ020000090.1     18603     19014  (53942) +               Kuruka     Unspecified    4446    4857  (3976)    
   244 32.98 6.79 3.96           OU452198.1     21827     22047 (45961501) C               Kuruka     Unspecified  (4384)    4449    4223    
  2150 34.09 1.64 1.55           OU452198.1    338739    339897 (45643651) C               Kuruka     Unspecified  (4222)    4611    3452    
   244 25.76 0.00 1.52           OU452198.1    530230    530296 (45453252) +               Kuruka     Unspecified    2428    2493  (6340)    
   470 35.66 1.45 1.45           OU452198.1    531423    531698 (45451850) +               Kuruka     Unspecified    3461    3736  (5097)    
   279 34.64 3.27 0.00           OU452198.1   2646703   2646855 (43336693) +               Kuruka     Unspecified    4049    4206  (4627)    
  1894 34.62 1.89 1.97           OU452198.1   3741801   3743070 (42240478) C               Kuruka     Unspecified  (3977)    4856    3588    
   332 34.44 1.35 3.21           OU452198.1   6565922   6566143 (39417405) C               Kuruka     Unspecified  (4387)    4446    4229    
  2262 33.12 3.00 3.08           OU452198.1   8767635   8768933 (37214615) C               Kuruka     Unspecified  (4075)    4758    3461    
   248 29.27 0.00 0.00           OU452198.1   8774808   8774889 (37208659) +               Kuruka     Unspecified    3757    3838  (4995)    
   245 24.28 1.41 1.41           OU452198.1   8775536   8775606 (37207942) +               Kuruka     Unspecified    4484    4554  (4279)    
   225 33.98 0.00 0.97           OU452198.1   8910307   8910410 (37073138) C               Kuruka     Unspecified  (4447)    4386    4284    
   248 29.27 0.00 0.00           OU452198.1  11732928  11733009 (34250539) C               Kuruka     Unspecified  (4995)    3838    3757    
   261 31.54 2.26 2.26           OU452198.1  12068628  12068760 (33914788) C               Kuruka     Unspecified  (4477)    4356    4224    
   614 35.74 2.15 1.18           OU452198.1  12254606  12255024 (33728524) +               Kuruka     Unspecified    3932    4354  (4479)    
   462 38.45 3.65 3.83           OU452198.1  12943644  12944219 (33039329) +               Kuruka     Unspecified    3939    4513  (4320)    
   248 29.27 0.00 0.00           OU452198.1  16815670  16815751 (29167797) +               Kuruka     Unspecified    3757    3838  (4995)    
   245 24.28 1.41 1.41           OU452198.1  16816398  16816468 (29167080) +               Kuruka     Unspecified    4484    4554  (4279)    
  2128 32.68 3.15 3.23           OU452198.1  17253370  17254669 (28728879) C               Kuruka     Unspecified  (4073)    4760    3462    
   470 35.66 1.45 1.45           OU452198.1  17332385  17332660 (28650888) C               Kuruka     Unspecified  (5097)    3736    3461    
  1947 34.38 1.89 1.97           OU452198.1  17437277  17438546 (28545002) +               Kuruka     Unspecified    3588    4856  (3977)    
   265 27.75 6.91 4.15           OU452198.1  18248854  18249041 (27734507) C               Kuruka     Unspecified  (4459)    4374    4182    
   942 33.71 3.25 5.12           OU452198.1  19370611  19371226 (26612322) +               Kuruka     Unspecified    3477    4081  (4752)    
   307 35.83 1.72 0.57           OU452198.1  19372470  19372643 (26610905) +               Kuruka     Unspecified    4077    4252  (4581)    
   648 34.79 2.02 2.02           OU452198.1  19372683  19373078 (26610470) +               Kuruka     Unspecified    4365    4760  (4073)    
  1332 37.32 1.66 1.76           OU452198.1  19483601  19484683 (26498865) C               Kuruka     Unspecified  (4249)    4584    3503    
   470 35.66 1.45 1.45           OU452198.1  19516333  19516608 (26466940) +               Kuruka     Unspecified    3461    3736  (5097)    
  1903 34.62 1.89 1.97           OU452198.1  19648167  19649436 (26334112) +               Kuruka     Unspecified    3588    4856  (3977)    
   382 31.12 7.36 1.22           OU452198.1  19836972  19837202 (26146346) +               Kuruka     Unspecified    3588    3832  (5001)    
   994 36.16 2.83 3.25           OU452198.1  19906009  19906997 (26076551) +               Kuruka     Unspecified    3552    4536  (4297)    
   557 31.65 4.07 3.54           OU452198.1  19988568  19988960 (25994588) +               Kuruka     Unspecified    4217    4611  (4222)    
   546 35.02 2.12 2.12           OU452198.1  20085253  20085535 (25898013) +               Kuruka     Unspecified    3552    3834  (4999)    
   698 35.78 2.42 3.08           OU452198.1  20085622  20086241 (25897307) +               Kuruka     Unspecified    3921    4536  (4297)    
  2079 32.75 3.38 3.46           OU452198.1  20120399  20121698 (25861850) C               Kuruka     Unspecified  (4073)    4760    3462    
   829 36.73 6.03 2.03           OU452198.1  20145330  20146374 (25837174) +               Kuruka     Unspecified    3495    4580  (4253)    
  1566 35.53 2.80 2.09           OU452198.1  20318357  20319497 (25664051) +               Kuruka     Unspecified    3495    4643  (4190)    
  1544 34.81 4.20 1.64           OU452198.1  20375152  20376223 (25607325) +               Kuruka     Unspecified    3480    4578  (4255)    
   379 33.45 2.99 2.65           OU452198.1  20478016  20478316 (25505232) C               Kuruka     Unspecified  (4060)    4773    4472    
   251 23.44 0.00 0.00           OU452198.1  20480577  20480640 (25502908) C               Kuruka     Unspecified  (4489)    4344    4281    
  1337 34.95 3.89 2.71           OU452198.1  20496860  20497809 (25485739) C               Kuruka     Unspecified  (4364)    4469    3509    
   265 27.75 6.91 4.15           OU452198.1  20514758  20514945 (25468603) C               Kuruka     Unspecified  (4459)    4374    4182    
   323 32.64 2.41 3.85           OU452198.1  20575965  20576254 (25407294) C               Kuruka     Unspecified  (4459)    4374    4089    
   323 32.64 2.41 3.85           OU452198.1  20586210  20586499 (25397049) C               Kuruka     Unspecified  (4459)    4374    4089    
  1096 35.13 0.83 1.00           OU452198.1  20608433  20609033 (25374515) +               Kuruka     Unspecified    3987    4586  (4247)    
   259 25.23 3.85 0.93           OU452198.1  20643518  20643621 (25339927) +               Kuruka     Unspecified    4230    4336  (4497)    
  1915 33.94 2.79 2.45           OU452198.1  20724877  20726057 (25257491) +               Kuruka     Unspecified    3574    4758  (4075)    
   260 21.43 1.41 1.41           OU452198.1  20760470  20760540 (25223008) C               Kuruka     Unspecified  (4497)    4336    4266    
  1967 34.42 3.05 2.24           OU452198.1  20855209  20856584 (25126964) +               Kuruka     Unspecified    3462    4848  (3985)    
   864 34.10 3.53 1.35           OU452198.1  20894644  20895294 (25088254) C               Kuruka     Unspecified  (4581)    4252    3588    
   831 33.68 4.27 1.67           OU452198.1  21023286  21023753 (24959795) +               Kuruka     Unspecified    3536    4015  (4818)    
   357 33.31 0.00 7.23           OU452198.1  21023762  21023939 (24959609) +               Kuruka     Unspecified    4390    4555  (4278)    
   229 20.64 3.08 3.08           OU452198.1  21024049  21024113 (24959435) +               Kuruka     Unspecified    4709    4773  (4060)    
   275 33.15 1.12 2.26           OU452198.1  21052928  21053106 (24930442) +               Kuruka     Unspecified    4160    4336  (4497)    
  1020 35.53 2.03 1.75           OU452198.1  21080998  21081736 (24901812) C               Kuruka     Unspecified  (4177)    4656    3916    
   470 32.70 3.37 3.37           OU452198.1  21081817  21082142 (24901406) C               Kuruka     Unspecified  (5001)    3832    3507    
   335 32.47 4.00 4.52           OU452198.1  21195827  21196026 (24787522) +               Kuruka     Unspecified    4230    4428  (4405)    
   476 32.68 13.10 0.28           OU452198.1  21434587  21434899 (24548649) +               Kuruka     Unspecified    3481    3833  (5000)    
   385 35.10 8.88 0.94           OU452198.1  21436065  21436458 (24547090) +               Kuruka     Unspecified    3930    4354  (4479)    
   305 35.73 3.19 3.38           OU452198.1  21545617  21546149 (24437399) C               Kuruka     Unspecified  (4840)    3993    3462    
   482 26.12 14.88 2.07           OU452198.1  21557144  21557358 (24426190) +               Kuruka     Unspecified    4292    4533  (4300)    
   245 24.28 1.41 1.41           OU452198.1  21793547  21793617 (24189931) C               Kuruka     Unspecified  (4279)    4554    4484    
   235 30.49 0.00 0.00           OU452198.1  21794264  21794345 (24189203) C               Kuruka     Unspecified  (4995)    3838    3757    
  1891 33.87 3.76 2.45           OU452198.1  21856670  21857919 (24125629) +               Kuruka     Unspecified    3479    4744  (4089)    
   253 28.30 6.91 4.15           OU452198.1  21903892  21904079 (24079469) +               Kuruka     Unspecified    4182    4374  (4459)    
   463 33.45 3.47 3.80           OU452198.1  22110094  22110410 (23873138) +               Kuruka     Unspecified    4230    4545  (4288)    
  2397 32.92 2.32 2.72           OU452198.1  22141667  22142959 (23840589) +               Kuruka     Unspecified    3489    4776  (4057)    
   470 35.66 1.45 1.45           OU452198.1  22398544  22398819 (23584729) C               Kuruka     Unspecified  (5097)    3736    3461    
   244 25.76 0.00 1.52           OU452198.1  22399947  22400013 (23583535) C               Kuruka     Unspecified  (6340)    2493    2428    
   322 36.94 0.00 0.00           OU452198.1  22454491  22454647 (23528901) +               Kuruka     Unspecified    3585    3741  (5092)    
   611 32.51 8.15 4.62           OU452198.1  22491047  22491549 (23491999) +               Kuruka     Unspecified    4325    4844  (3989)    
   458 34.07 2.17 2.17           OU452198.1  22693634  22693909 (23289639) C               Kuruka     Unspecified  (5097)    3736    3461    
  1424 36.78 2.04 2.12           OU452198.1  22753425  22754699 (23228849) +               Kuruka     Unspecified    3503    4776  (4057)    
   228 29.75 2.44 1.61           OU452198.1  22798101  22798223 (23185325) +               Kuruka     Unspecified    4209    4332  (4501)    
   331 37.50 0.34 1.04           OU452198.1  22942477  22942767 (23040781) +               Kuruka     Unspecified    3921    4209  (4624)    
  2429 32.76 2.32 2.80           OU452198.1  23082746  23084039 (22899509) +               Kuruka     Unspecified    3489    4776  (4057)    
   228 25.23 3.85 0.93           OU452198.1  23141425  23141528 (22842020) +               Kuruka     Unspecified    4230    4336  (4497)    
   322 36.94 0.00 0.00           OU452198.1  23229853  23230009 (22753539) C               Kuruka     Unspecified  (5092)    3741    3585    
   233 31.39 3.75 6.41           OU452198.1  23247176  23247335 (22736213) C               Kuruka     Unspecified  (4392)    4441    4286    
   470 35.66 1.45 1.45           OU452198.1  23363906  23364181 (22619367) C               Kuruka     Unspecified  (5097)    3736    3461    
   269 32.51 6.79 3.96           OU452198.1  23370527  23370747 (22612801) C               Kuruka     Unspecified  (4384)    4449    4223    
  1778 34.17 3.64 2.89           OU452198.1  23436221  23437320 (22546228) +               Kuruka     Unspecified    3444    4551  (4282)    
  1646 35.57 1.93 2.02           OU452198.1  23673608  23674749 (22308799) C               Kuruka     Unspecified  (4190)    4643    3503    
  1793 33.40 2.39 2.49           OU452198.1  23827461  23828504 (22155044) +               Kuruka     Unspecified    3536    4578  (4255)    
   663 32.61 0.00 0.00           OU452198.1  23837976  23838205 (22145343) +               Kuruka     Unspecified    3489    3718  (5115)    
   253 28.30 6.91 4.15           OU452198.1  23937189  23937376 (22046172) C               Kuruka     Unspecified  (4459)    4374    4182    
  2126 33.49 2.39 2.47           OU452198.1  24175528  24176822 (21806726) +               Kuruka     Unspecified    3465    4758  (4075)    
  1497 36.13 1.82 1.92           OU452198.1  24189917  24190960 (21792588) C               Kuruka     Unspecified  (4288)    4545    3503    
   248 29.27 0.00 0.00           OU452198.1  24389789  24389870 (21593678) +               Kuruka     Unspecified    3757    3838  (4995)    
   245 24.28 1.41 1.41           OU452198.1  24390517  24390587 (21592961) +               Kuruka     Unspecified    4484    4554  (4279)    
   237 27.69 3.70 3.70           OU452198.1  24571796  24571930 (21411618) C               Kuruka     Unspecified  (4500)    4333    4199    
   242 29.80 2.80 2.80           OU452198.1  24595608  24595714 (21387834) C               Kuruka     Unspecified  (4500)    4333    4227    
   242 29.80 2.80 2.80           OU452198.1  24666746  24666852 (21316696) C               Kuruka     Unspecified  (4500)    4333    4227    
  1910 34.54 1.89 1.97           OU452198.1  24768096  24769365 (21214183) C               Kuruka     Unspecified  (3977)    4856    3588    
   593 28.77 3.10 3.10           OU452198.1  25132021  25132246 (20851302) +               Kuruka     Unspecified    3461    3686  (5147)    
  1485 32.83 2.44 2.44           OU452198.1  25132404  25133224 (20850324) +               Kuruka     Unspecified    3938    4758  (4075)    
  1713 35.57 1.93 2.02           OU452198.1  25177671  25178812 (20804736) +               Kuruka     Unspecified    3503    4643  (4190)    
  1194 33.80 1.17 1.56           OU452198.1  25196439  25196952 (20786596) C               Kuruka     Unspecified  (4833)    4000    3489    
  1430 35.14 3.69 2.20           OU452198.1  25227381  25228410 (20755138) C               Kuruka     Unspecified  (4324)    4509    3465    
  2266 33.20 3.01 2.85           OU452198.1  25300370  25301665 (20681883) +               Kuruka     Unspecified    3461    4758  (4075)    
   546 35.02 2.12 2.12           OU452198.1  25518471  25518753 (20464795) +               Kuruka     Unspecified    3552    3834  (4999)    
   709 35.83 2.10 2.76           OU452198.1  25518840  25519459 (20464089) +               Kuruka     Unspecified    3921    4536  (4297)    
  2417 33.94 2.31 2.62           OU452198.1  25621630  25622930 (20360618) +               Kuruka     Unspecified    3462    4758  (4075)    
   243 31.57 7.39 4.81           OU452198.1  25692722  25692924 (20290624) C               Kuruka     Unspecified  (4403)    4430    4223    
   262 29.84 1.59 1.59           OU452198.1  25821174  25821299 (20162249) +               Kuruka     Unspecified    3757    3882  (4951)    
   245 24.28 1.41 1.41           OU452198.1  25821902  25821972 (20161576) +               Kuruka     Unspecified    4484    4554  (4279)    
   322 36.94 0.00 0.00           OU452198.1  25900112  25900268 (20083280) +               Kuruka     Unspecified    3585    3741  (5092)    
   483 32.70 3.37 3.37           OU452198.1  26058269  26058594 (19924954) +               Kuruka     Unspecified    3507    3832  (5001)    
  1081 35.04 1.63 1.77           OU452198.1  26058685  26059419 (19924129) +               Kuruka     Unspecified    3923    4656  (4177)    
  1147 35.86 1.20 1.34           OU452198.1  26100561  26101309 (19882239) C               Kuruka     Unspecified  (4057)    4776    4029    
   493 36.29 2.36 2.36           OU452198.1  26101429  26101809 (19881739) C               Kuruka     Unspecified  (4950)    3883    3503    
   227 32.78 2.23 4.57           OU452198.1  26165893  26166071 (19817477) +               Kuruka     Unspecified    4200    4374  (4459)    
   323 37.50 1.75 1.75           OU452198.1  26172139  26172366 (19811182) C               Kuruka     Unspecified  (4683)    4150    3923    
   512 33.34 2.45 2.76           OU452198.1  26172457  26172783 (19810765) C               Kuruka     Unspecified  (5001)    3832    3507    
   926 32.75 5.76 3.28           OU452198.1  26276047  26276671 (19706877) C               Kuruka     Unspecified  (4255)    4578    3939    
   743 32.21 4.85 0.29           OU452198.1  26276730  26277059 (19706489) C               Kuruka     Unspecified  (4982)    3851    3507    
   546 35.02 2.12 2.12           OU452198.1  26432087  26432369 (19551179) +               Kuruka     Unspecified    3552    3834  (4999)    
   709 35.83 2.10 2.76           OU452198.1  26432456  26433075 (19550473) +               Kuruka     Unspecified    3921    4536  (4297)    
  2065 34.68 2.88 2.16           OU452198.1  26484772  26486056 (19497492) +               Kuruka     Unspecified    3465    4758  (4075)    
   234 33.98 0.00 0.97           OU452198.1  26497346  26497449 (19486099) +               Kuruka     Unspecified    4284    4386  (4447)    
   253 28.30 6.91 4.15           OU452198.1  26619574  26619761 (19363787) C               Kuruka     Unspecified  (4459)    4374    4182    
  2259 33.59 3.17 2.93           OU452198.1  26664925  26666218 (19317330) C               Kuruka     Unspecified  (4075)    4758    3462    
  2234 33.47 2.85 2.93           OU452198.1  26701951  26703249 (19280299) +               Kuruka     Unspecified    3461    4758  (4075)    
   417 35.45 4.09 1.45           OU452198.1  26770785  26771053 (19212495) C               Kuruka     Unspecified  (5097)    3736    3461    
   256 25.76 0.00 1.52           OU452198.1  26772180  26772246 (19211302) C               Kuruka     Unspecified  (6340)    2493    2428    
   244 25.76 0.00 1.52           OU452198.1  26988933  26988999 (18994549) +               Kuruka     Unspecified    2428    2493  (6340)    
   470 35.66 1.45 1.45           OU452198.1  26990126  26990401 (18993147) +               Kuruka     Unspecified    3461    3736  (5097)    
   470 35.66 1.45 1.45           OU452198.1  27233521  27233796 (18749752) +               Kuruka     Unspecified    3461    3736  (5097)    
  1567 35.25 2.27 2.63           OU452198.1  27949226  27950370 (18033178) C               Kuruka     Unspecified  (4190)    4643    3503    
  1626 34.89 2.92 2.03           OU452198.1  28742618  28743884 (17239664) C               Kuruka     Unspecified  (4077)    4756    3479    
   233 31.39 3.75 6.41           OU452198.1  29465773  29465932 (16517616) +               Kuruka     Unspecified    4286    4441  (4392)    
   259 28.30 6.91 4.15           OU452198.1  29496629  29496816 (16486732) C               Kuruka     Unspecified  (4459)    4374    4182    
  1619 35.60 2.01 2.10           OU452198.1  29954329  29955470 (16028078) +               Kuruka     Unspecified    3503    4643  (4190)    
   248 29.27 0.00 0.00           OU452198.1  30050194  30050275 (15933273) +               Kuruka     Unspecified    3757    3838  (4995)    
   245 24.28 1.41 1.41           OU452198.1  30050922  30050992 (15932556) +               Kuruka     Unspecified    4484    4554  (4279)    
   307 37.58 0.00 0.00           OU452198.1  30632362  30632518 (15351030) C               Kuruka     Unspecified  (5092)    3741    3585    
   479 35.66 1.45 1.45           OU452198.1  33135384  33135659 (12847889) +               Kuruka     Unspecified    3461    3736  (5097)    
   248 29.27 0.00 0.00           OU452198.1  33251420  33251501 (12732047) +               Kuruka     Unspecified    3757    3838  (4995)    
   245 24.28 1.41 1.41           OU452198.1  33252148  33252218 (12731330) +               Kuruka     Unspecified    4484    4554  (4279)    
   447 36.03 1.45 1.45           OU452198.1  33616181  33616456 (12367092) C               Kuruka     Unspecified  (5097)    3736    3461    
   244 25.76 0.00 1.52           OU452198.1  33617583  33617649 (12365899) C               Kuruka     Unspecified  (6340)    2493    2428    
   322 36.94 0.00 0.00           OU452198.1  33723139  33723295 (12260253) +               Kuruka     Unspecified    3585    3741  (5092)    
  1912 34.54 1.89 1.97           OU452198.1  36812558  36813827 (9169721) +               Kuruka     Unspecified    3588    4856  (3977)    
   470 35.66 1.45 1.45           OU452198.1  38632295  38632570 (7350978) +               Kuruka     Unspecified    3461    3736  (5097)    
   454 36.03 1.45 1.45           OU452198.1  38837791  38838066 (7145482) C               Kuruka     Unspecified  (5097)    3736    3461    
   244 25.76 0.00 1.52           OU452198.1  38839193  38839259 (7144289) C               Kuruka     Unspecified  (6340)    2493    2428    
   430 38.45 3.65 3.83           OU452198.1  45026197  45026772 (956776) +               Kuruka     Unspecified    3939    4513  (4320)    
   244 25.76 0.00 1.52           OU452198.1  45282745  45282811 (700737) +               Kuruka     Unspecified    2428    2493  (6340)    
   470 35.66 1.45 1.45           OU452198.1  45283938  45284213 (699335) +               Kuruka     Unspecified    3461    3736  (5097)    
   244 25.76 0.00 1.52           OU452199.1    650711    650777 (44853289) +               Kuruka     Unspecified    2428    2493  (6340)    
   479 35.66 1.45 1.45           OU452199.1    651904    652179 (44851887) +               Kuruka     Unspecified    3461    3736  (5097)    
  2151 34.09 1.64 1.55           OU452199.1   4839655   4840813 (40663253) +               Kuruka     Unspecified    3452    4611  (4222)    
   470 35.66 1.45 1.45           OU452199.1   9037004   9037279 (36466787) C               Kuruka     Unspecified  (5097)    3736    3461    
   313 32.04 1.27 2.58           OU452199.1   9100544   9100700 (36403366) +               Kuruka     Unspecified    4290    4444  (4389)    
   290 32.29 4.29 4.29           OU452199.1  11286825  11287057 (34217009) +               Kuruka     Unspecified    3461    3693  (5140)    
   283 30.28 0.91 0.91           OU452199.1  11709271  11709380 (33794686) +               Kuruka     Unspecified    4227    4336  (4497)    
  2180 33.92 1.64 1.55           OU452199.1  14860884  14862042 (30642024) +               Kuruka     Unspecified    3452    4611  (4222)    
   470 35.66 1.45 1.45           OU452199.1  16183367  16183642 (29320424) C               Kuruka     Unspecified  (5097)    3736    3461    
   446 36.03 1.45 1.45           OU452199.1  17099234  17099509 (28404557) C               Kuruka     Unspecified  (5097)    3736    3461    
   244 25.76 0.00 1.52           OU452199.1  17100636  17100702 (28403364) C               Kuruka     Unspecified  (6340)    2493    2428    
  2137 33.98 1.74 1.83           OU452199.1  18487823  18488970 (27015096) C               Kuruka     Unspecified  (4198)    4635    3489    
   313 32.04 1.27 2.58           OU452199.1  19243229  19243385 (26260681) C               Kuruka     Unspecified  (4389)    4444    4290    
   824 32.35 2.17 2.42           OU452199.1  20950409  20950823 (24553243) C               Kuruka     Unspecified  (4190)    4643    4230    
   533 32.22 4.18 0.00           OU452199.1  20953195  20953433 (24550633) C               Kuruka     Unspecified  (4652)    4181    3933    
   272 33.33 0.00 0.00           OU452199.1  20953519  20953611 (24550455) C               Kuruka     Unspecified  (4986)    3847    3755    
   244 25.76 0.00 1.52           OU452199.1  21048559  21048625 (24455441) C               Kuruka     Unspecified  (6340)    2493    2428    
   389 34.12 3.57 3.91           OU452199.1  21984417  21984724 (23519342) +               Kuruka     Unspecified    4230    4536  (4297)    
   241 31.33 0.00 0.00           OU452199.1  22004690  22004772 (23499294) +               Kuruka     Unspecified    4071    4153  (4680)    
   452 33.06 4.07 0.39           OU452199.1  22021314  22021559 (23482507) +               Kuruka     Unspecified    3557    3811  (5022)    
   352 33.67 1.00 1.00           OU452199.1  22021806  22022006 (23482060) +               Kuruka     Unspecified    4052    4252  (4581)    
   246 30.08 0.88 0.88           OU452199.1  22125761  22125874 (23378192) +               Kuruka     Unspecified    4093    4206  (4627)    
   416 24.74 0.00 0.00           OU452199.1  22162592  22162688 (23341378) +               Kuruka     Unspecified    3583    3679  (5154)    
   299 30.24 0.00 1.16           OU452199.1  22243525  22243611 (23260455) C               Kuruka     Unspecified  (4456)    4377    4292    
  1356 35.96 2.06 2.06           OU452199.1  22262471  22263441 (23240625) C               Kuruka     Unspecified  (4190)    4643    3673    
   511 32.30 2.16 2.16           OU452199.1  22267025  22267255 (23236811) C               Kuruka     Unspecified  (5159)    3674    3444    
   346 35.96 1.69 1.35           OU452199.1  22429114  22429409 (23074657) +               Kuruka     Unspecified    3956    4252  (4581)    
   322 36.94 0.00 0.00           OU452199.1  22469012  22469168 (23034898) +               Kuruka     Unspecified    3585    3741  (5092)    
   322 36.94 0.00 0.00           OU452199.1  22482451  22482607 (23021459) +               Kuruka     Unspecified    3585    3741  (5092)    
   245 24.28 1.41 1.41           OU452199.1  22523204  22523274 (22980792) C               Kuruka     Unspecified  (4279)    4554    4484    
   248 30.71 1.55 1.55           OU452199.1  22523874  22524002 (22980064) C               Kuruka     Unspecified  (4948)    3885    3757    
   235 30.49 0.00 0.00           OU452199.1  22757147  22757228 (22746838) +               Kuruka     Unspecified    3757    3838  (4995)    
   245 24.28 1.41 1.41           OU452199.1  22757878  22757948 (22746118) +               Kuruka     Unspecified    4484    4554  (4279)    
   244 25.76 0.00 1.52           OU452199.1  23564232  23564298 (21939768) +               Kuruka     Unspecified    2428    2493  (6340)    
   455 36.03 1.45 1.45           OU452199.1  23565425  23565700 (21938366) +               Kuruka     Unspecified    3461    3736  (5097)    
   244 25.76 0.00 1.52           OU452199.1  24306914  24306980 (21197086) +               Kuruka     Unspecified    2428    2493  (6340)    
   461 35.66 1.45 1.45           OU452199.1  24308107  24308382 (21195684) +               Kuruka     Unspecified    3461    3736  (5097)    
   322 37.75 1.01 0.67           OU452199.1  24308599  24308894 (21195172) +               Kuruka     Unspecified    3956    4252  (4581)    
   338 33.34 1.49 1.49           OU452199.1  24726807  24727007 (20777059) C               Kuruka     Unspecified  (4581)    4252    4052    
   479 34.07 2.17 2.17           OU452199.1  24727339  24727614 (20776452) C               Kuruka     Unspecified  (5097)    3736    3461    
  1893 34.87 1.74 1.83           OU452199.1  24897497  24898644 (20605422) C               Kuruka     Unspecified  (4198)    4635    3489    
   259 28.30 6.91 4.15           OU452199.1  25658521  25658708 (19845358) C               Kuruka     Unspecified  (4459)    4374    4182    
  1910 34.62 1.65 1.73           OU452199.1  26867557  26868826 (18635240) +               Kuruka     Unspecified    3588    4856  (3977)    
  1405 36.78 2.04 2.12           OU452199.1  28909143  28910417 (16593649) C               Kuruka     Unspecified  (4057)    4776    3503    
  2079 32.29 3.51 3.59           OU452199.1  29121728  29122980 (16381086) C               Kuruka     Unspecified  (4073)    4760    3509    
   274 34.34 1.18 1.79           OU452199.1  29197163  29197331 (16306735) +               Kuruka     Unspecified    4279    4446  (4387)    
   274 34.34 1.18 1.79           OU452199.1  29199801  29199969 (16304097) +               Kuruka     Unspecified    4279    4446  (4387)    
   928 32.61 5.04 2.74           OU452199.1  32937533  32938068 (12565998) +               Kuruka     Unspecified    3465    4012  (4821)    
   369 33.28 2.18 5.47           OU452199.1  35648089  35648409 (9855657) C               Kuruka     Unspecified  (4278)    4555    4245    
   630 34.62 2.35 3.16           OU452199.1  37337773  37338282 (8165784) C               Kuruka     Unspecified  (4581)    4252    3747    
   253 28.30 6.91 4.15           OU452199.1  40102110  40102297 (5401769) +               Kuruka     Unspecified    4182    4374  (4459)    
   305 35.73 3.19 3.38           OU452199.1  45304665  45305197 (198869) C               Kuruka     Unspecified  (4840)    3993    3462    
   308 39.30 3.37 3.37           OU452200.1   1247317   1247732 (41129582) C               Kuruka     Unspecified  (4479)    4354    3939    
   462 38.45 3.65 3.83           OU452200.1   7131921   7132496 (35244818) +               Kuruka     Unspecified    3939    4513  (4320)    
   462 38.45 3.65 3.83           OU452200.1   7567816   7568391 (34808923) +               Kuruka     Unspecified    3939    4513  (4320)    
   470 35.66 1.45 1.45           OU452200.1   8401943   8402218 (33975096) C               Kuruka     Unspecified  (5097)    3736    3461    
   264 24.25 0.00 1.52           OU452200.1   8403345   8403411 (33973903) C               Kuruka     Unspecified  (6340)    2493    2428    
   398 38.43 3.87 4.08           OU452200.1  11545685  11546175 (30831139) +               Kuruka     Unspecified    3939    4428  (4405)    
  2091 34.17 1.74 1.83           OU452200.1  11882718  11883865 (30493449) +               Kuruka     Unspecified    3489    4635  (4198)    
   261 31.54 2.26 2.26           OU452200.1  17402750  17402882 (24974432) +               Kuruka     Unspecified    4224    4356  (4477)    
  1544 34.69 3.12 3.22           OU452200.1  18299563  18300682 (24076632) C               Kuruka     Unspecified  (4198)    4635    3517    
  2161 34.01 1.64 1.55           OU452200.1  18308047  18309205 (24068109) +               Kuruka     Unspecified    3452    4611  (4222)    
   264 25.99 3.96 0.96           OU452200.1  19181838  19181938 (23195376) +               Kuruka     Unspecified    4233    4336  (4497)    
  1451 36.84 2.25 2.33           OU452200.1  20344802  20346135 (22031179) +               Kuruka     Unspecified    3444    4776  (4057)    
   353 29.15 5.21 5.71           OU452200.1  21260359  21260569 (21116745) C               Kuruka     Unspecified  (4397)    4436    4227    
   286 28.08 3.11 7.10           OU452200.1  21501477  21501637 (20875677) +               Kuruka     Unspecified    4290    4444  (4389)    
   250 31.62 1.68 1.68           OU452200.1  21550261  21550379 (20826935) +               Kuruka     Unspecified    4071    4189  (4644)    
   276 20.31 0.00 0.00           OU452200.1  21663225  21663288 (20714026) C               Kuruka     Unspecified  (4489)    4344    4281    
  1212 33.98 2.64 2.77           OU452200.1  21985882  21986677 (20390637) C               Kuruka     Unspecified  (4073)    4760    3966    
   984 30.24 1.57 1.57           OU452200.1  21986791  21987173 (20390141) C               Kuruka     Unspecified  (4989)    3844    3462    
  1520 36.20 2.20 2.28           OU452200.1  22009307  22010581 (20366733) C               Kuruka     Unspecified  (4057)    4776    3503    
  1895 34.62 1.89 1.97           OU452200.1  22482564  22483833 (19893481) C               Kuruka     Unspecified  (3977)    4856    3588    
   545 30.04 4.42 4.42           OU452200.1  22521321  22521637 (19855677) +               Kuruka     Unspecified    3537    3853  (4980)    
   706 36.17 5.07 1.45           OU452200.1  22521700  22522232 (19855082) +               Kuruka     Unspecified    3972    4523  (4310)    
  1649 34.59 4.07 3.15           OU452200.1  22749783  22751009 (19626305) C               Kuruka     Unspecified  (4060)    4773    3536    
  1737 35.15 2.01 2.10           OU452200.1  22939787  22940928 (19436386) +               Kuruka     Unspecified    3503    4643  (4190)    
   398 38.43 3.87 4.08           OU452200.1  23153699  23154189 (19223125) C               Kuruka     Unspecified  (4405)    4428    3939    
  1525 33.81 4.46 4.55           OU452200.1  23576491  23577745 (18799569) C               Kuruka     Unspecified  (4073)    4760    3507    
  1525 33.81 4.46 4.55           OU452200.1  23609005  23610259 (18767055) C               Kuruka     Unspecified  (4073)    4760    3507    
  1525 33.81 4.46 4.55           OU452200.1  23648361  23649615 (18727699) C               Kuruka     Unspecified  (4073)    4760    3507    
   236 28.30 1.99 4.05           OU452200.1  24311845  24311995 (18065319) +               Kuruka     Unspecified    4059    4206  (4627)    
  2231 33.20 3.00 3.08           OU452200.1  24899522  24900820 (17476494) +               Kuruka     Unspecified    3461    4758  (4075)    
  1556 32.52 5.19 4.33           OU452200.1  24933449  24934663 (17442651) C               Kuruka     Unspecified  (4073)    4760    3536    
   249 23.64 0.00 0.00           OU452200.1  25103721  25103775 (17273539) C               Kuruka     Unspecified  (4496)    4337    4283    
   444 34.18 3.07 3.07           OU452200.1  26391073  26391398 (15985916) +               Kuruka     Unspecified    3507    3832  (5001)    
  1018 35.96 1.50 1.63           OU452200.1  26391489  26392223 (15985091) +               Kuruka     Unspecified    3923    4656  (4177)    
   693 32.55 5.19 5.37           OU452200.1  27588640  27589217 (14788097) C               Kuruka     Unspecified  (4060)    4773    4197    
   552 30.04 1.84 1.84           OU452200.1  27589244  27589460 (14787854) C               Kuruka     Unspecified  (5108)    3725    3509    
   244 25.76 0.00 1.52           OU452200.1  29635466  29635532 (12741782) C               Kuruka     Unspecified  (6340)    2493    2428    
   248 29.27 0.00 0.00           OU452200.1  29931369  29931450 (12445864) C               Kuruka     Unspecified  (4995)    3838    3757    
  1724 35.24 2.01 2.10           OU452200.1  31492325  31493466 (10883848) +               Kuruka     Unspecified    3503    4643  (4190)    
   245 24.28 1.41 1.41           OU452200.1  31500412  31500482 (10876832) C               Kuruka     Unspecified  (4279)    4554    4484    
   235 30.49 0.00 0.00           OU452200.1  31501129  31501210 (10876104) C               Kuruka     Unspecified  (4995)    3838    3757    
   237 27.69 3.70 3.70           OU452200.1  32926502  32926636 (9450678) C               Kuruka     Unspecified  (4500)    4333    4199    
  2252 33.17 3.41 2.70           OU452200.1  33574682  33575970 (8801344) C               Kuruka     Unspecified  (4075)    4758    3461    
  1928 34.46 1.89 1.97           OU452200.1  34577237  34578506 (7798808) +               Kuruka     Unspecified    3588    4856  (3977)    
   248 29.27 0.00 0.00           OU452200.1  37311320  37311401 (5065913) +               Kuruka     Unspecified    3757    3838  (4995)    
   245 24.28 1.41 1.41           OU452200.1  37312030  37312100 (5065214) +               Kuruka     Unspecified    4484    4554  (4279)    
   233 31.39 3.75 6.41           OU452200.1  38270312  38270471 (4106843) C               Kuruka     Unspecified  (4392)    4441    4286    
  1659 35.51 2.01 2.10           OU452200.1  42359524  42360665  (16649) C               Kuruka     Unspecified  (4190)    4643    3503    
   244 25.76 0.00 1.52           OU452201.1     17345     17411 (30912134) C               Kuruka     Unspecified  (6340)    2493    2428    
   406 21.93 10.20 3.85           OU452201.1    442741    442887 (30486658) +               Kuruka     Unspecified    4298    4453  (4380)    
  2097 34.17 1.74 1.83           OU452201.1   1495606   1496753 (29432792) C               Kuruka     Unspecified  (4198)    4635    3489    
   470 35.66 1.45 1.45           OU452201.1  14049813  14050088 (16879457) C               Kuruka     Unspecified  (5097)    3736    3461    
   245 24.28 1.41 1.41           OU452201.1  15302659  15302729 (15626816) C               Kuruka     Unspecified  (4279)    4554    4484    
   235 30.49 0.00 0.00           OU452201.1  15303376  15303457 (15626088) C               Kuruka     Unspecified  (4995)    3838    3757    
   470 35.66 1.45 1.45           OU452201.1  18309256  18309531 (12620014) C               Kuruka     Unspecified  (5097)    3736    3461    
   264 24.25 0.00 1.52           OU452201.1  18310658  18310724 (12618821) C               Kuruka     Unspecified  (6340)    2493    2428    
  2174 33.90 2.84 2.92           OU452201.1  20510248  20511584 (10417961) +               Kuruka     Unspecified    3509    4844  (3989)    
   441 33.33 3.37 3.37           OU452201.1  21507915  21508240 (9421305) +               Kuruka     Unspecified    3507    3832  (5001)    
  1067 35.59 1.30 1.45           OU452201.1  21508331  21509020 (9420525) +               Kuruka     Unspecified    3923    4611  (4222)    
   229 33.34 2.90 2.90           OU452201.1  24871032  24871272 (6058273) +               Kuruka     Unspecified    3966    4206  (4627)    
  1412 36.91 1.96 2.04           OU452201.1  26210198  26211472 (4718073) C               Kuruka     Unspecified  (4057)    4776    3503    
  2097 34.17 1.74 1.83           OU452201.1  26693877  26695024 (4234521) C               Kuruka     Unspecified  (4198)    4635    3489    
  2178 33.92 1.64 1.55           OU452201.1  27040407  27041565 (3887980) C               Kuruka     Unspecified  (4222)    4611    3452    
   244 25.76 0.00 1.52           OU452201.1  27425156  27425222 (3504323) +               Kuruka     Unspecified    2428    2493  (6340)    
   470 35.66 1.45 1.45           OU452201.1  27426349  27426624 (3502921) +               Kuruka     Unspecified    3461    3736  (5097)    
   323 32.64 2.41 3.85           OU452201.1  29351765  29352054 (1577491) C               Kuruka     Unspecified  (4459)    4374    4089    
  1538 34.95 5.49 2.50           OU452201.1  30364176  30365378 (564167) C               Kuruka     Unspecified  (4060)    4773    3536    
   236 28.30 1.99 4.05           OU452201.1  30631176  30631326 (298219) C               Kuruka     Unspecified  (4627)    4206    4059    
  1994 33.46 3.41 2.85           OU452202.1    291509    292800 (26821061) C               Kuruka     Unspecified  (4073)    4760    3462    
  1515 35.45 2.68 2.68           OU452202.1    317439    318557 (26795304) C               Kuruka     Unspecified  (4198)    4635    3517    
   228 21.57 0.00 0.00           OU452202.1    320905    320955 (26792906) C               Kuruka     Unspecified  (4989)    3844    3794    
   267 30.28 0.91 0.91           OU452202.1    320958    321067 (26792794) C               Kuruka     Unspecified  (5262)    3571    3462    
  1414 33.95 0.98 1.13           OU452202.1    644559    645270 (26468591) C               Kuruka     Unspecified  (4190)    4643    3933    
   426 36.87 1.74 1.74           OU452202.1    645356    645700 (26468161) C               Kuruka     Unspecified  (4986)    3847    3503    
   312 29.08 0.00 1.16           OU452202.1    693147    693233 (26420628) C               Kuruka     Unspecified  (4456)    4377    4292    
  1618 35.30 2.19 2.28           OU452202.1    731112    732253 (26381608) +               Kuruka     Unspecified    3503    4643  (4190)    
  1646 35.51 2.01 2.10           OU452202.1    739618    740759 (26373102) +               Kuruka     Unspecified    3503    4643  (4190)    
  2287 32.97 3.00 3.08           OU452202.1    848156    849454 (26264407) C               Kuruka     Unspecified  (4075)    4758    3461    
  1891 34.40 1.97 1.89           OU452202.1    914488    915755 (26198106) C               Kuruka     Unspecified  (3977)    4856    3588    
  1882 34.14 2.36 2.44           OU452202.1    942332    943601 (26170260) +               Kuruka     Unspecified    3588    4856  (3977)    
  1273 33.17 2.52 1.72           OU452202.1   1156995   1157629 (25956232) C               Kuruka     Unspecified  (4255)    4578    3939    
   787 33.61 1.65 1.09           OU452202.1   1157735   1158098 (25955763) C               Kuruka     Unspecified  (5016)    3817    3452    
  1345 33.60 4.88 2.63           OU452202.1   1746658   1747476 (25366385) +               Kuruka     Unspecified    3462    4298  (4535)    
  1642 34.94 3.67 2.77           OU452202.1   2197157   2198410 (24915451) C               Kuruka     Unspecified  (4060)    4773    3509    
  1574 33.59 2.43 2.56           OU452202.1   2284167   2284988 (24828873) C               Kuruka     Unspecified  (4221)    4612    3792    
   601 28.77 3.10 3.10           OU452202.1   2285061   2285286 (24828575) C               Kuruka     Unspecified  (5147)    3686    3461    
  1631 33.05 4.70 4.78           OU452202.1   3153725   3154979 (23958882) +               Kuruka     Unspecified    3507    4760  (4073)    
   470 35.66 1.45 1.45           OU452202.1   3617760   3618035 (23495826) C               Kuruka     Unspecified  (5097)    3736    3461    
  2074 33.84 1.83 1.92           OU452202.1   3861747   3862894 (23250967) C               Kuruka     Unspecified  (4198)    4635    3489    
  1889 33.71 3.51 2.13           OU452202.1   3919840   3921091 (23192770) C               Kuruka     Unspecified  (3977)    4856    3588    
   265 27.75 6.91 4.15           OU452202.1   5493566   5493753 (21620108) +               Kuruka     Unspecified    4182    4374  (4459)    
   333 36.94 0.00 0.00           OU452202.1   6687585   6687741 (20426120) C               Kuruka     Unspecified  (5092)    3741    3585    
   470 35.66 1.45 1.45           OU452202.1  11937900  11938175 (15175686) C               Kuruka     Unspecified  (5097)    3736    3461    
   244 25.76 0.00 1.52           OU452202.1  11939302  11939368 (15174493) C               Kuruka     Unspecified  (6340)    2493    2428    
   407 34.95 2.54 2.54           OU452202.1  12336957  12337232 (14776629) C               Kuruka     Unspecified  (5097)    3736    3461    
   244 25.76 0.00 1.52           OU452202.1  12338357  12338423 (14775438) C               Kuruka     Unspecified  (6340)    2493    2428    
   477 33.20 2.57 2.57           OU452202.1  14915848  14916119 (12197742) C               Kuruka     Unspecified  (5097)    3736    3465    
   244 25.76 0.00 1.52           OU452202.1  18777253  18777319 (8336542) +               Kuruka     Unspecified    2428    2493  (6340)    
   470 35.66 1.45 1.45           OU452202.1  18778446  18778721 (8335140) +               Kuruka     Unspecified    3461    3736  (5097)    
   229 33.34 2.90 2.90           OU452202.1  21465056  21465296 (5648565) +               Kuruka     Unspecified    3966    4206  (4627)    
   244 35.95 3.27 0.00           OU452202.1  24450665  24450817 (2663044) +               Kuruka     Unspecified    4049    4206  (4627)    
  2097 34.17 1.74 1.83           OU452203.1     76034     77181 (23617719) +               Kuruka     Unspecified    3489    4635  (4198)    
   441 36.28 1.80 1.80           OU452203.1    201414    201747 (23493153) +               Kuruka     Unspecified    3507    3840  (4993)    
   563 33.73 0.00 0.00           OU452203.1    201839    202087 (23492813) +               Kuruka     Unspecified    3933    4181  (4652)    
   937 32.23 1.63 1.86           OU452203.1    202221    202650 (23492250) +               Kuruka     Unspecified    4215    4643  (4190)    
   457 34.45 2.17 2.17           OU452203.1    207577    207852 (23487048) +               Kuruka     Unspecified    3461    3736  (5097)    
  1555 34.84 3.04 3.13           OU452203.1    355596    356715 (23338185) +               Kuruka     Unspecified    3517    4635  (4198)    
   449 36.89 1.70 1.70           OU452203.1    446200    446552 (23248348) +               Kuruka     Unspecified    3495    3847  (4986)    
  1419 33.81 0.98 1.13           OU452203.1    446629    447340 (23247560) +               Kuruka     Unspecified    3933    4643  (4190)    
  1610 35.63 2.10 2.19           OU452203.1    513338    514479 (23180421) C               Kuruka     Unspecified  (4190)    4643    3503    
   244 25.76 0.00 1.52           OU452203.1    606491    606557 (23088343) +               Kuruka     Unspecified    2428    2493  (6340)    
   451 33.83 3.62 3.62           OU452203.1    607682    607957 (23086943) +               Kuruka     Unspecified    3461    3736  (5097)    
  1426 36.15 2.59 2.68           OU452203.1    652291    653410 (23041490) C               Kuruka     Unspecified  (4198)    4635    3517    
  1928 34.33 1.97 1.97           OU452203.1    658397    659665 (23035235) +               Kuruka     Unspecified    3588    4856  (3977)    
   354 33.50 4.11 4.59           OU452203.1    684722    684940 (23009960) C               Kuruka     Unspecified  (4392)    4441    4224    
  1715 34.95 2.19 2.28           OU452203.1    702612    703753 (22991147) C               Kuruka     Unspecified  (4190)    4643    3503    
   230 34.89 2.49 2.49           OU452203.1   1080096   1080336 (22614564) C               Kuruka     Unspecified  (4627)    4206    3966    
   244 25.76 0.00 1.52           OU452203.1   1931758   1931824 (21763076) +               Kuruka     Unspecified    2428    2493  (6340)    
   470 35.66 1.45 1.45           OU452203.1   1932951   1933226 (21761674) +               Kuruka     Unspecified    3461    3736  (5097)    
   229 33.34 2.90 2.90           OU452203.1   2182860   2183100 (21511800) +               Kuruka     Unspecified    3966    4206  (4627)    
   273 30.78 2.26 2.26           OU452203.1   2657085   2657217 (21037683) +               Kuruka     Unspecified    4224    4356  (4477)    
  2141 32.68 4.12 3.08           OU452203.1   3613198   3614482 (20080418) +               Kuruka     Unspecified    3461    4758  (4075)    
  1538 35.78 1.62 1.90           OU452203.1   3656031   3657141 (20037759) C               Kuruka     Unspecified  (4247)    4586    3479    
   568 29.89 2.48 4.43           OU452203.1   6639123   6639444 (17055456) C               Kuruka     Unspecified  (4987)    3846    3531    
   231 34.89 2.49 2.49           OU452203.1   6847010   6847250 (16847650) C               Kuruka     Unspecified  (4627)    4206    3966    
  2097 34.17 1.74 1.83           OU452203.1   8621452   8622599 (15072301) C               Kuruka     Unspecified  (4198)    4635    3489    
   244 25.76 0.00 1.52           OU452203.1   9304378   9304444 (14390456) +               Kuruka     Unspecified    2428    2493  (6340)    
   470 35.66 1.45 1.45           OU452203.1   9305573   9305848 (14389052) +               Kuruka     Unspecified    3461    3736  (5097)    
   259 28.30 6.91 4.15           OU452203.1  10440714  10440901 (13253999) +               Kuruka     Unspecified    4182    4374  (4459)    
   397 34.12 3.57 3.91           OU452203.1  10660701  10661008 (13033892) C               Kuruka     Unspecified  (4297)    4536    4230    
   470 35.66 1.45 1.45           OU452203.1  14250923  14251198 (9443702) C               Kuruka     Unspecified  (5097)    3736    3461    
   244 25.76 0.00 1.52           OU452203.1  14252325  14252391 (9442509) C               Kuruka     Unspecified  (6340)    2493    2428    
   244 25.76 0.00 1.52           OU452203.1  17101815  17101881 (6593019) +               Kuruka     Unspecified    2428    2493  (6340)    
   493 35.29 1.45 1.45           OU452203.1  17103008  17103283 (6591617) +               Kuruka     Unspecified    3461    3736  (5097)    
  1696 35.33 2.01 2.10           OU452204.1    131906    133047 (21288781) C               Kuruka     Unspecified  (4190)    4643    3503    
   448 36.03 1.45 1.45           OU452204.1    146187    146462 (21275366) +               Kuruka     Unspecified    3461    3736  (5097)    
  2031 32.61 3.51 3.59           OU452204.1    294155    295407 (21126421) C               Kuruka     Unspecified  (4073)    4760    3509    
  2052 33.01 2.69 2.78           OU452204.1    554269    555421 (20866407) +               Kuruka     Unspecified    3462    4613  (4220)    
  1519 35.03 3.04 3.13           OU452204.1    629756    630875 (20790953) +               Kuruka     Unspecified    3517    4635  (4198)    
  1373 34.24 0.98 1.13           OU452204.1    653512    654223 (20767605) C               Kuruka     Unspecified  (4190)    4643    3933    
   272 33.33 0.00 0.00           OU452204.1    654309    654401 (20767427) C               Kuruka     Unspecified  (4986)    3847    3755    
   424 34.21 3.62 3.62           OU452204.1    804127    804402 (20617426) C               Kuruka     Unspecified  (5097)    3736    3461    
  1721 35.24 2.01 2.10           OU452204.1    836962    838103 (20583725) C               Kuruka     Unspecified  (4190)    4643    3503    
  1673 35.33 2.01 2.10           OU452204.1    995203    996344 (20425484) +               Kuruka     Unspecified    3503    4643  (4190)    
   322 36.94 0.00 0.00           OU452204.1   1042250   1042406 (20379422) C               Kuruka     Unspecified  (5092)    3741    3585    
   244 25.76 0.00 1.52           OU452204.1   1207094   1207160 (20214668) +               Kuruka     Unspecified    2428    2493  (6340)    
   467 35.66 1.45 1.45           OU452204.1   1208287   1208562 (20213266) +               Kuruka     Unspecified    3461    3736  (5097)    
   468 36.28 1.74 1.74           OU452204.1   1256654   1256998 (20164830) +               Kuruka     Unspecified    3503    3847  (4986)    
  1522 33.39 0.98 1.13           OU452204.1   1257084   1257795 (20164033) +               Kuruka     Unspecified    3933    4643  (4190)    
   246 30.44 2.23 4.57           OU452204.1   1277228   1277406 (20144422) +               Kuruka     Unspecified    4200    4374  (4459)    
   246 30.44 2.23 4.57           OU452204.1   1282373   1282551 (20139277) C               Kuruka     Unspecified  (4459)    4374    4200    
  1880 34.62 1.89 1.97           OU452204.1   1567687   1568956 (19852872) C               Kuruka     Unspecified  (3977)    4856    3588    
   274 34.34 1.18 1.79           OU452204.1   1656399   1656567 (19765261) C               Kuruka     Unspecified  (4387)    4446    4279    
  1854 35.01 3.06 2.24           OU452204.1   2008000   2009372 (19412456) C               Kuruka     Unspecified  (3985)    4848    3465    
   254 33.68 6.28 0.50           OU452204.1   2077677   2077867 (19343961) C               Kuruka     Unspecified  (5142)    3691    3490    
   317 34.90 1.35 3.21           OU452204.1   2292225   2292446 (19129382) +               Kuruka     Unspecified    4229    4446  (4387)    
  1280 32.05 3.42 3.57           OU452204.1   2724256   2724928 (18696900) C               Kuruka     Unspecified  (3989)    4844    4173    
   244 25.76 0.00 1.52           OU452204.1   2725821   2725887 (18695941) +               Kuruka     Unspecified    2428    2493  (6340)    
   470 35.66 1.45 1.45           OU452204.1   2727014   2727289 (18694539) +               Kuruka     Unspecified    3461    3736  (5097)    
   982 34.49 2.47 2.47           OU452204.1   2729957   2730604 (18691224) C               Kuruka     Unspecified  (4677)    4156    3509    
   229 33.34 2.90 2.90           OU452204.1   3796763   3797003 (17624825) C               Kuruka     Unspecified  (4627)    4206    3966    
   240 24.28 1.41 1.41           OU452204.1   4047939   4048009 (17373819) C               Kuruka     Unspecified  (4279)    4554    4484    
   236 30.65 1.59 1.59           OU452204.1   4048612   4048737 (17373091) C               Kuruka     Unspecified  (4951)    3882    3757    
   470 35.66 1.45 1.45           OU452204.1   8966277   8966552 (12455276) C               Kuruka     Unspecified  (5097)    3736    3461    
   244 25.76 0.00 1.52           OU452204.1   8967679   8967745 (12454083) C               Kuruka     Unspecified  (6340)    2493    2428    
   244 25.76 0.00 1.52           OU452204.1   9454490   9454556 (11967272) +               Kuruka     Unspecified    2428    2493  (6340)    
   470 35.66 1.45 1.45           OU452204.1   9455683   9455958 (11965870) +               Kuruka     Unspecified    3461    3736  (5097)    
   482 31.94 7.79 3.43           OU452204.1  12966003  12966310 (8455518) C               Kuruka     Unspecified  (4247)    4586    4266    
   740 33.39 7.81 2.48           OU452204.1  12966900  12967590 (8454238) C               Kuruka     Unspecified  (4626)    4207    3481    
   298 39.30 3.37 3.37           OU452204.1  15697568  15697983 (5723845) C               Kuruka     Unspecified  (4479)    4354    3939    
  1928 34.46 1.89 1.97           OU452204.1  18254719  18255988 (3165840) C               Kuruka     Unspecified  (3977)    4856    3588    
   305 35.73 3.19 3.38           OU452204.1  19992243  19992775 (1429053) +               Kuruka     Unspecified    3462    3993  (4840)    
  2110 33.98 1.74 1.83           OU452205.1   2220994   2222141 (18238458) C               Kuruka     Unspecified  (4198)    4635    3489    
   470 35.66 1.45 1.45           OU452205.1   7712278   7712553 (12748046) C               Kuruka     Unspecified  (5097)    3736    3461    
   244 25.76 0.00 1.52           OU452205.1   7713680   7713746 (12746853) C               Kuruka     Unspecified  (6340)    2493    2428    
   293 24.14 16.09 0.00           OU452205.1   8158978   8159064 (12301535) +               Kuruka     Unspecified    3711    3811  (5022)    
   335 32.39 2.77 3.85           OU452205.1   9426924   9427212 (11033387) +               Kuruka     Unspecified    4089    4374  (4459)    
   305 35.73 3.19 3.38           OU452205.1  12010702  12011234 (8449365) C               Kuruka     Unspecified  (4840)    3993    3462    
  2253 33.06 3.08 3.16           OU452205.1  12171437  12172735 (8287864) C               Kuruka     Unspecified  (4075)    4758    3461    
   253 28.30 6.91 4.15           OU452205.1  13332686  13332873 (7127726) C               Kuruka     Unspecified  (4459)    4374    4182    
   244 25.76 0.00 1.52           OU452205.1  17273064  17273130 (3187469) +               Kuruka     Unspecified    2428    2493  (6340)    
   505 32.34 2.54 2.54           OU452205.1  17274259  17274534 (3186065) +               Kuruka     Unspecified    3461    3736  (5097)    
  1938 33.71 4.97 2.81           OU452205.1  18248953  18250240 (2210359) C               Kuruka     Unspecified  (4010)    4823    3509    
  1872 34.21 2.62 1.97           OU452205.1  18257346  18258606 (2201993) +               Kuruka     Unspecified    3588    4856  (3977)    
   257 21.88 0.00 0.00           OU452205.1  18280043  18280106 (2180493) C               Kuruka     Unspecified  (4489)    4344    4281    
   397 34.37 4.39 3.03           OU452205.1  18961657  18961884 (1498715) C               Kuruka     Unspecified  (4330)    4503    4273    
   791 30.94 1.46 2.66           OU452205.1  19085522  19085863 (1374736) +               Kuruka     Unspecified    4223    4560  (4273)    
  2068 34.42 2.00 2.17           OU452205.1  19570454  19571653 (888946) +               Kuruka     Unspecified    3446    4643  (4190)    
   470 35.66 1.45 1.45           OU452205.1  19664051  19664326 (796273) +               Kuruka     Unspecified    3461    3736  (5097)    
  1917 32.95 4.03 3.31           OU452205.1  20148698  20149987 (310612) +               Kuruka     Unspecified    3462    4760  (4073)    
  1452 36.81 1.95 2.03           OU452205.1  20183104  20184437 (276162) +               Kuruka     Unspecified    3444    4776  (4057)    
   457 34.45 2.17 2.17           OU452205.1  20379648  20379923  (80676) C               Kuruka     Unspecified  (5097)    3736    3461    
  2058 33.46 2.92 3.00           OU452206.1     43947     45246 (20173354) C               Kuruka     Unspecified  (4073)    4760    3462    
  2092 33.31 2.92 3.00           OU452206.1    162312    163611 (20054989) +               Kuruka     Unspecified    3462    4760  (4073)    
  1476 34.98 2.55 2.65           OU452206.1    180859    181877 (20036723) +               Kuruka     Unspecified    3507    4524  (4309)    
  1476 34.98 2.55 2.65           OU452206.1    199345    200363 (20018237) +               Kuruka     Unspecified    3507    4524  (4309)    
  1629 33.31 4.46 4.55           OU452206.1    281037    282291 (19936309) +               Kuruka     Unspecified    3507    4760  (4073)    
  1377 33.58 2.92 3.04           OU452206.1    485771    486593 (19732007) +               Kuruka     Unspecified    3792    4613  (4220)    
  1554 35.39 2.77 2.77           OU452206.1    490321    491439 (19727161) +               Kuruka     Unspecified    3517    4635  (4198)    
   312 36.94 0.00 0.00           OU452206.1   1756262   1756418 (18462182) +               Kuruka     Unspecified    3585    3741  (5092)    
   470 35.66 1.45 1.45           OU452206.1   4046830   4047105 (16171495) C               Kuruka     Unspecified  (5097)    3736    3461    
   259 28.30 6.91 4.15           OU452206.1   7092820   7093007 (13125593) C               Kuruka     Unspecified  (4459)    4374    4182    
  1430 36.77 2.25 2.33           OU452206.1  19440162  19441495 (777105) +               Kuruka     Unspecified    3444    4776  (4057)    
   470 35.66 1.45 1.45           OU452207.1   2389949   2390224 (16498690) C               Kuruka     Unspecified  (5097)    3736    3461    
   244 25.76 0.00 1.52           OU452207.1   2391351   2391417 (16497497) C               Kuruka     Unspecified  (6340)    2493    2428    
   244 25.76 0.00 1.52           OU452207.1   5881113   5881179 (13007735) C               Kuruka     Unspecified  (6340)    2493    2428    
   470 35.66 1.45 1.45           OU452207.1   7617152   7617427 (11271487) C               Kuruka     Unspecified  (5097)    3736    3461    
   244 25.76 0.00 1.52           OU452207.1   7618553   7618619 (11270295) C               Kuruka     Unspecified  (6340)    2493    2428    
   453 36.31 5.54 4.60           OU452207.1  11078861  11079420 (7809494) +               Kuruka     Unspecified    3939    4503  (4330)    
   289 30.24 0.00 1.16           OU452207.1  11229637  11229723 (7659191) C               Kuruka     Unspecified  (4456)    4377    4292    
  1822 33.33 1.87 1.98           OU452207.1  11773184  11774144 (7114770) +               Kuruka     Unspecified    3465    4424  (4409)    
  1275 34.84 3.81 2.85           OU452207.1  11787197  11788168 (7100746) +               Kuruka     Unspecified    3509    4489  (4344)    
   229 20.64 3.08 3.08           OU452207.1  11788200  11788264 (7100650) +               Kuruka     Unspecified    4709    4773  (4060)    
  1669 32.76 4.54 4.63           OU452207.1  11820783  11822037 (7066877) +               Kuruka     Unspecified    3507    4760  (4073)    
   227 30.53 3.68 3.68           OU452207.1  12197752  12197887 (6691027) C               Kuruka     Unspecified  (4627)    4206    4071    
  1105 34.89 2.98 2.22           OU452207.1  12371145  12371950 (6516964) +               Kuruka     Unspecified    3462    4273  (4560)    
   442 32.11 2.61 4.32           OU452207.1  12376415  12376720 (6512194) +               Kuruka     Unspecified    4286    4586  (4247)    
   245 24.28 1.41 1.41           OU452207.1  12481462  12481532 (6407382) C               Kuruka     Unspecified  (4279)    4554    4484    
   248 29.27 0.00 0.00           OU452207.1  12482179  12482260 (6406654) C               Kuruka     Unspecified  (4995)    3838    3757    
  1946 34.19 2.05 2.13           OU452207.1  12795023  12796292 (6092622) +               Kuruka     Unspecified    3588    4856  (3977)    
  1573 35.34 2.89 1.99           OU452207.1  12916808  12918054 (5970860) C               Kuruka     Unspecified  (3988)    4845    3588    
   322 32.30 8.54 3.04           OU452207.1  13277981  13278261 (5610653) C               Kuruka     Unspecified  (4995)    3838    3543    
  2128 32.68 3.15 3.23           OU452207.1  13376433  13377732 (5511182) +               Kuruka     Unspecified    3462    4760  (4073)    
  2383 32.09 2.34 2.61           OU452207.1  13399417  13400568 (5488346) C               Kuruka     Unspecified  (4196)    4637    3489    
   229 33.34 2.90 2.90           OU452207.1  13463682  13463922 (5424992) +               Kuruka     Unspecified    3966    4206  (4627)    
   239 29.27 0.00 0.00           OU452207.1  13726144  13726225 (5162689) +               Kuruka     Unspecified    3757    3838  (4995)    
   256 28.17 0.00 0.00           OU452207.1  13726854  13726924 (5161990) +               Kuruka     Unspecified    4484    4554  (4279)    
   278 33.91 0.87 0.00           OU452207.1  13839843  13839957 (5048957) +               Kuruka     Unspecified    3585    3700  (5133)    
  2092 34.07 1.74 1.83           OU452207.1  13904612  13905759 (4983155) C               Kuruka     Unspecified  (4198)    4635    3489    
   260 21.43 1.41 1.41           OU452207.1  13912426  13912496 (4976418) C               Kuruka     Unspecified  (4497)    4336    4266    
   312 36.94 0.00 0.00           OU452207.1  14042519  14042675 (4846239) C               Kuruka     Unspecified  (5092)    3741    3585    
  1450 36.68 2.25 2.33           OU452207.1  14085878  14087211 (4801703) +               Kuruka     Unspecified    3444    4776  (4057)    
   785 37.01 2.21 2.21           OU452207.1  14155544  14156267 (4732647) +               Kuruka     Unspecified    3503    4226  (4607)    
   369 31.64 2.21 2.21           OU452207.1  14156270  14156450 (4732464) +               Kuruka     Unspecified    4463    4643  (4190)    
  1661 35.36 2.10 2.19           OU452207.1  14494961  14496102 (4392812) +               Kuruka     Unspecified    3503    4643  (4190)    
   447 35.92 4.69 3.48           OU452207.1  14580817  14581413 (4307501) +               Kuruka     Unspecified    3933    4536  (4297)    
  1912 34.67 1.92 1.66           OU452207.1  14797582  14798725 (4090189) +               Kuruka     Unspecified    3489    4635  (4198)    
  2097 33.31 3.31 3.39           OU452207.1  14857935  14859233 (4029681) C               Kuruka     Unspecified  (4075)    4758    3461    
   576 35.63 2.89 3.49           OU452207.1  14886176  14886867 (4002047) C               Kuruka     Unspecified  (4225)    4608    3921    
   811 31.66 1.64 1.31           OU452207.1  14886940  14887243 (4001671) C               Kuruka     Unspecified  (4984)    3849    3545    
   340 31.38 1.27 2.58           OU452207.1  14956329  14956485 (3932429) C               Kuruka     Unspecified  (4389)    4444    4290    
   916 31.04 1.57 1.57           OU452207.1  14964583  14964965 (3923949) C               Kuruka     Unspecified  (4989)    3844    3462    
   234 35.38 1.07 3.28           OU452207.1  14978940  14979126 (3909788) +               Kuruka     Unspecified    4195    4377  (4456)    
   426 33.65 3.89 3.89           OU452207.1  15000022  15000355 (3888559) C               Kuruka     Unspecified  (4061)    4772    4439    
   371 34.51 1.74 1.74           OU452207.1  15010054  15010283 (3878631) C               Kuruka     Unspecified  (4165)    4668    4439    
   746 32.94 6.09 1.67           OU452207.1  15011165  15011624 (3877290) C               Kuruka     Unspecified  (4818)    4015    3536    
   289 37.58 0.00 0.00           OU452207.1  15034149  15034305 (3854609) +               Kuruka     Unspecified    3585    3741  (5092)    
   261 31.54 2.26 2.26           OU452207.1  15170808  15170940 (3717974) C               Kuruka     Unspecified  (4477)    4356    4224    
  1709 35.07 2.28 2.37           OU452207.1  15309049  15310190 (3578724) C               Kuruka     Unspecified  (4190)    4643    3503    
  1545 35.02 3.14 1.99           OU452207.1  15316763  15318006 (3570908) C               Kuruka     Unspecified  (3988)    4845    3588    
   238 29.96 6.91 4.15           OU452207.1  15380325  15380512 (3508402) C               Kuruka     Unspecified  (4459)    4374    4182    
  1868 34.71 3.38 2.18           OU452207.1  15485410  15486770 (3402144) C               Kuruka     Unspecified  (3992)    4841    3465    
  1639 34.05 4.48 3.55           OU452207.1  15599063  15600289 (3288625) +               Kuruka     Unspecified    3536    4773  (4060)    
   813 32.50 5.34 2.71           OU452207.1  15603714  15604181 (3284733) +               Kuruka     Unspecified    3536    4015  (4818)    
  2073 32.91 3.15 3.23           OU452207.1  15798027  15799326 (3089588) C               Kuruka     Unspecified  (4073)    4760    3462    
   952 34.18 2.13 2.31           OU452207.1  15813832  15814394 (3074520) C               Kuruka     Unspecified  (4282)    4551    3990    
   668 31.15 3.31 3.31           OU452207.1  15814517  15814848 (3074066) C               Kuruka     Unspecified  (4995)    3838    3507    
  1657 35.27 2.10 2.19           OU452207.1  15845618  15846759 (3042155) C               Kuruka     Unspecified  (4190)    4643    3503    
   671 35.16 3.19 3.19           OU452207.1  15864910  15865567 (3023347) C               Kuruka     Unspecified  (4222)    4611    3954    
  2084 34.25 1.74 1.83           OU452207.1  16002641  16003788 (2885126) +               Kuruka     Unspecified    3489    4635  (4198)    
  1371 33.57 1.78 2.06           OU452207.1  16047099  16047828 (2841086) C               Kuruka     Unspecified  (4075)    4758    4031    
   745 31.51 6.80 1.68           OU452207.1  16047951  16048347 (2840567) C               Kuruka     Unspecified  (4956)    3877    3461    
  2073 32.75 3.15 3.46           OU452207.1  16166462  16167764 (2721150) C               Kuruka     Unspecified  (4073)    4760    3462    
  2402 32.92 2.32 2.72           OU452207.1  16360408  16361700 (2527214) C               Kuruka     Unspecified  (4057)    4776    3489    
  2151 34.09 1.64 1.55           OU452207.1  16389345  16390503 (2498411) C               Kuruka     Unspecified  (4222)    4611    3452    
   750 34.10 2.84 3.05           OU452207.1  16570780  16571272 (2317642) +               Kuruka     Unspecified    3509    4000  (4833)    
  1643 34.59 4.07 3.15           OU452207.1  16671918  16673144 (2215770) C               Kuruka     Unspecified  (4060)    4773    3536    
  1488 35.52 3.20 2.38           OU452207.1  16717615  16718987 (2169927) C               Kuruka     Unspecified  (3988)    4845    3462    
  1118 37.38 4.16 2.08           OU452207.1  16768403  16769533 (2119381) +               Kuruka     Unspecified    3444    4597  (4236)    
  1359 34.99 6.20 2.26           OU452207.1  16808428  16809620 (2079294) +               Kuruka     Unspecified    3536    4774  (4059)    
   520 34.32 1.47 1.47           OU452207.1  16878949  16879220 (2009694) C               Kuruka     Unspecified  (5097)    3736    3465    
   255 24.25 0.00 1.52           OU452207.1  16880343  16880409 (2008505) C               Kuruka     Unspecified  (6340)    2493    2428    
  1855 34.15 1.38 1.48           OU452207.1  16938280  16939364 (1949550) +               Kuruka     Unspecified    3588    4671  (4162)    
   228 27.57 3.77 6.45           OU452207.1  16955707  16955865 (1933049) +               Kuruka     Unspecified    4219    4373  (4460)    
   470 35.66 1.45 1.45           OU452207.1  17295586  17295861 (1593053) C               Kuruka     Unspecified  (5097)    3736    3461    
   244 25.76 0.00 1.52           OU452207.1  17296988  17297054 (1591860) C               Kuruka     Unspecified  (6340)    2493    2428    
  2181 34.01 1.64 1.55           OU452207.1  17688070  17689228 (1199686) +               Kuruka     Unspecified    3452    4611  (4222)    
  1619 34.95 2.69 2.22           OU452207.1  17786656  17787732 (1101182) +               Kuruka     Unspecified    3503    4584  (4249)    
  2137 34.01 1.64 1.55           OU452207.1  17837965  17839123 (1049791) +               Kuruka     Unspecified    3452    4611  (4222)    
   259 28.30 6.91 4.15           OU452207.1  17879468  17879655 (1009259) +               Kuruka     Unspecified    4182    4374  (4459)    
  1918 34.30 2.13 2.21           OU452207.1  17904853  17906122 (982792) C               Kuruka     Unspecified  (3977)    4856    3588    
  2179 33.80 1.81 1.72           OU452207.1  18010982  18012140 (876774) +               Kuruka     Unspecified    3452    4611  (4222)    
   313 32.04 1.27 2.58           OU452207.1  18146516  18146672 (742242) C               Kuruka     Unspecified  (4389)    4444    4290    
  1706 35.33 2.01 2.10           OU452207.1  18283912  18285053 (603861) +               Kuruka     Unspecified    3503    4643  (4190)    
  2079 34.25 1.74 1.83           OU452207.1  18292389  18293536 (595378) C               Kuruka     Unspecified  (4198)    4635    3489    
   265 31.75 4.02 2.26           OU452207.1  18303746  18303919 (584995) +               Kuruka     Unspecified    4160    4336  (4497)    
  1476 36.91 1.96 2.04           OU452207.1  18332537  18333811 (555103) C               Kuruka     Unspecified  (4057)    4776    3503    
  1885 34.35 2.28 2.36           OU452207.1  18359664  18360933 (527981) +               Kuruka     Unspecified    3588    4856  (3977)    
   365 35.40 1.30 1.75           OU452207.1  18391978  18392207 (496707) +               Kuruka     Unspecified    4308    4536  (4297)    
  1024 35.88 1.30 1.45           OU452208.1    345930    346619 (17545755) C               Kuruka     Unspecified  (4222)    4611    3923    
   471 32.91 3.07 3.07           OU452208.1    346710    347035 (17545339) C               Kuruka     Unspecified  (5001)    3832    3507    
  2096 32.14 3.19 1.71           OU452208.1    742849    743883 (17148491) C               Kuruka     Unspecified  (4199)    4634    3585    
  2092 34.21 2.84 2.92           OU452208.1    745375    746711 (17145663) C               Kuruka     Unspecified  (3989)    4844    3509    
   610 35.97 2.64 2.45           OU452208.1   1361527   1362056 (16530318) +               Kuruka     Unspecified    3758    4288  (4545)    
   429 34.21 3.33 3.77           OU452208.1   1362065   1362304 (16530070) +               Kuruka     Unspecified    4342    4580  (4253)    
   241 19.05 3.08 3.08           OU452208.1   1363218   1363282 (16529092) +               Kuruka     Unspecified    4709    4773  (4060)    
   252 31.46 0.00 4.65           OU452208.1   1796076   1796165 (16096209) +               Kuruka     Unspecified    4292    4377  (4456)    
   354 33.50 4.11 4.59           OU452208.1   2157317   2157535 (15734839) +               Kuruka     Unspecified    4224    4441  (4392)    
   244 25.76 0.00 1.52           OU452208.1   5299264   5299330 (12593044) +               Kuruka     Unspecified    2428    2493  (6340)    
   429 35.82 1.47 1.47           OU452208.1   5300265   5300536 (12591838) +               Kuruka     Unspecified    3465    3736  (5097)    
   274 34.34 1.18 1.79           OU452208.1   8086037   8086205 (9806169) +               Kuruka     Unspecified    4279    4446  (4387)    
   262 23.82 1.54 3.12           OU452208.1  11863748  11863812 (6028562) C               Kuruka     Unspecified  (4447)    4386    4323    
   299 30.24 0.00 1.16           OU452208.1  12145212  12145298 (5747076) +               Kuruka     Unspecified    4292    4377  (4456)    
  1732 35.15 2.01 2.10           OU452208.1  12209761  12210902 (5681472) C               Kuruka     Unspecified  (4190)    4643    3503    
  1928 34.46 1.89 1.97           OU452208.1  12951563  12952832 (4939542) +               Kuruka     Unspecified    3588    4856  (3977)    
   470 35.66 1.45 1.45           OU452209.1   2878448   2878723 (14246950) C               Kuruka     Unspecified  (5097)    3736    3461    
   244 25.76 0.00 1.52           OU452209.1   2879850   2879916 (14245757) C               Kuruka     Unspecified  (6340)    2493    2428    
   470 35.66 1.45 1.45           OU452209.1   4905188   4905463 (12220210) +               Kuruka     Unspecified    3461    3736  (5097)    
   485 33.46 2.54 2.54           OU452209.1   7341975   7342250 (9783423) C               Kuruka     Unspecified  (5097)    3736    3461    
  1098 34.34 1.88 1.72           OU452209.1   8110030   8110666 (9015007) C               Kuruka     Unspecified  (4255)    4578    3941    
   261 31.54 2.26 2.26           OU452209.1   8137329   8137461 (8988212) C               Kuruka     Unspecified  (4477)    4356    4224    
   494 34.11 7.58 2.46           OU452209.1   8271538   8272078 (8853595) +               Kuruka     Unspecified    3576    4143  (4690)    
   513 37.88 0.55 0.83           OU452209.1   8272107   8272468 (8853205) +               Kuruka     Unspecified    4220    4580  (4253)    
  1676 34.41 4.07 3.15           OU452209.1   8322491   8323717 (8801956) C               Kuruka     Unspecified  (4060)    4773    3536    
   470 35.66 1.45 1.45           OU452209.1   8354928   8355203 (8770470) C               Kuruka     Unspecified  (5097)    3736    3461    
   537 32.77 2.77 2.77           OU452209.1   8374739   8375099 (8750574) +               Kuruka     Unspecified    3517    3877  (4956)    
  1023 35.41 3.43 1.54           OU452209.1   8989466   8990165 (8135508) C               Kuruka     Unspecified  (4585)    4248    3536    
  1643 34.67 4.07 3.15           OU452209.1   9337046   9338272 (7787401) +               Kuruka     Unspecified    3536    4773  (4060)    
  1894 34.54 1.89 1.97           OU452209.1   9503245   9504514 (7621159) C               Kuruka     Unspecified  (3977)    4856    3588    
   248 29.27 0.00 0.00           OU452209.1  11416542  11416623 (5709050) +               Kuruka     Unspecified    3757    3838  (4995)    
   245 24.28 1.41 1.41           OU452209.1  11417270  11417340 (5708333) +               Kuruka     Unspecified    4484    4554  (4279)    
   305 35.73 3.19 3.38           OU452209.1  13891906  13892438 (3233235) +               Kuruka     Unspecified    3462    3993  (4840)    
  2436 32.91 2.32 2.64           OU452210.1    358851    360142 (15668583) C               Kuruka     Unspecified  (4057)    4776    3489    
   477 33.20 2.57 2.57           OU452210.1    381587    381858 (15646867) C               Kuruka     Unspecified  (5097)    3736    3465    
   244 25.76 0.00 1.52           OU452210.1    382989    383055 (15645670) C               Kuruka     Unspecified  (6340)    2493    2428    
  1995 32.91 3.15 3.23           OU452210.1    438612    439911 (15588814) C               Kuruka     Unspecified  (4073)    4760    3462    
  1116 33.15 1.10 3.87           OU452210.1    767888    768524 (15260201) C               Kuruka     Unspecified  (4190)    4643    4024    
   450 34.64 3.77 3.77           OU452210.1    771402    771746 (15256979) C               Kuruka     Unspecified  (4986)    3847    3503    
   488 36.45 2.86 6.24           OU452210.1    803163    803791 (15224934) +               Kuruka     Unspecified    3503    4111  (4722)    
   966 33.13 1.02 2.27           OU452210.1   1016910   1017400 (15011325) C               Kuruka     Unspecified  (4075)    4758    4274    
   244 25.76 0.00 1.52           OU452210.1   1018302   1018368 (15010357) +               Kuruka     Unspecified    2428    2493  (6340)    
   470 35.66 1.45 1.45           OU452210.1   1019495   1019770 (15008955) +               Kuruka     Unspecified    3461    3736  (5097)    
  1376 33.71 3.71 2.53           OU452210.1   1023622   1024403 (15004322) C               Kuruka     Unspecified  (4581)    4252    3462    
   594 29.44 8.39 2.95           OU452210.1   1030132   1030453 (14998272) +               Kuruka     Unspecified    4195    4533  (4300)    
  1551 33.72 3.61 3.70           OU452210.1   1070259   1071339 (14957386) +               Kuruka     Unspecified    3507    4586  (4247)    
   264 27.05 1.16 1.16           OU452210.1   1636891   1636976 (14391749) +               Kuruka     Unspecified    4227    4312  (4521)    
   319 29.68 7.82 2.12           OU452210.1  13993739  13993917 (2034808) C               Kuruka     Unspecified  (4418)    4415    4227    
  1568 34.75 3.04 3.13           OU452211.1   3375195   3376314 (11315912) +               Kuruka     Unspecified    3517    4635  (4198)    
   470 35.66 1.45 1.45           OU452211.1   8109380   8109655 (6582571) C               Kuruka     Unspecified  (5097)    3736    3461    
   244 25.76 0.00 1.52           OU452211.1   8110782   8110848 (6581378) C               Kuruka     Unspecified  (6340)    2493    2428    
   477 33.20 2.57 2.57           OU452211.1  13745030  13745301 (946925) C               Kuruka     Unspecified  (5097)    3736    3465    
   747 36.80 5.59 1.43           OU452211.1  13877325  13878129 (814097) C               Kuruka     Unspecified  (4057)    4776    3939    
   390 38.71 0.00 0.00           OU452211.1  13878320  13878567 (813659) C               Kuruka     Unspecified  (5142)    3691    3444    
   838 32.66 2.45 2.45           OU452211.1  14052379  14052786 (639440) +               Kuruka     Unspecified    3461    3868  (4965)    
  1500 33.08 2.16 2.29           OU452211.1  14052843  14053628 (638598) +               Kuruka     Unspecified    3974    4758  (4075)    
  2074 34.25 1.74 1.83           OU452211.1  14102725  14103872 (588354) +               Kuruka     Unspecified    3489    4635  (4198)    
   275 33.15 1.12 2.26           OU452211.1  14218778  14218956 (473270) +               Kuruka     Unspecified    4160    4336  (4497)    
  2084 34.25 1.74 1.83           OU452211.1  14257498  14258645 (433581) C               Kuruka     Unspecified  (4198)    4635    3489    
   332 33.67 3.64 4.59           OU452211.1  14349019  14349348 (342878) C               Kuruka     Unspecified  (4297)    4536    4210    
  2084 34.25 1.74 1.83           OU452211.1  14450453  14451600 (240626) C               Kuruka     Unspecified  (4198)    4635    3489    
  2145 33.49 2.39 2.47           OU452211.1  14455326  14456620 (235606) +               Kuruka     Unspecified    3465    4758  (4075)    
   467 35.66 1.45 1.45           OU452211.1  14482734  14483009 (209217) C               Kuruka     Unspecified  (5097)    3736    3461    
   244 25.76 0.00 1.52           OU452211.1  14484136  14484202 (208024) C               Kuruka     Unspecified  (6340)    2493    2428    
   470 35.66 1.45 1.45           OU452211.1  14502902  14503177 (189049) +               Kuruka     Unspecified    3461    3736  (5097)    
  2097 34.17 1.74 1.83           OU452211.1  14650278  14651425  (40801) C               Kuruka     Unspecified  (4198)    4635    3489    
  2161 34.01 1.64 1.55           OU452211.1  14664827  14665985  (26241) +               Kuruka     Unspecified    3452    4611  (4222)    
  2168 34.01 1.64 1.55           OU452212.1   1002756   1003914 (12577179) +               Kuruka     Unspecified    3452    4611  (4222)    
   261 31.54 2.26 2.26           OU452212.1   1077595   1077727 (12503366) +               Kuruka     Unspecified    4224    4356  (4477)    
   316 36.31 0.00 0.64           OU452212.1   3621933   3622090 (9959003) C               Kuruka     Unspecified  (5092)    3741    3585    
   470 35.66 1.45 1.45           OU452212.1   8728077   8728352 (4852741) C               Kuruka     Unspecified  (5097)    3736    3461    
   264 24.25 0.00 1.52           OU452212.1   8729479   8729545 (4851548) C               Kuruka     Unspecified  (6340)    2493    2428    
   253 28.30 6.91 4.15           OU452212.1   9386172   9386359 (4194734) C               Kuruka     Unspecified  (4459)    4374    4182    
   240 28.24 1.16 1.16           OU452213.1    549726    549811 (12005473) C               Kuruka     Unspecified  (4518)    4315    4230    
  2194 33.70 2.92 2.99           OU452213.1   3655372   3656708 (8898576) C               Kuruka     Unspecified  (3989)    4844    3509    
  1924 34.46 1.89 1.97           OU452213.1   8272946   8274215 (4281069) +               Kuruka     Unspecified    3588    4856  (3977)    
   264 24.25 0.00 1.52           OU452213.1   9080727   9080793 (3474491) +               Kuruka     Unspecified    2428    2493  (6340)    
   470 35.66 1.45 1.45           OU452213.1   9081920   9082195 (3473089) +               Kuruka     Unspecified    3461    3736  (5097)    
  1924 34.46 1.89 1.97           OU452213.1   9183974   9185243 (3370041) C               Kuruka     Unspecified  (3977)    4856    3588    
  1928 34.46 1.89 1.97           OU452213.1   9454782   9456051 (3099233) +               Kuruka     Unspecified    3588    4856  (3977)    
   486 35.99 1.74 1.74           OU452213.1   9882696   9883040 (2672244) +               Kuruka     Unspecified    3503    3847  (4986)    
  1455 33.67 0.98 1.13           OU452213.1   9883126   9883837 (2671447) +               Kuruka     Unspecified    3933    4643  (4190)    
   291 30.24 0.00 1.16           OU452213.1  10618283  10618369 (1936915) +               Kuruka     Unspecified    4292    4377  (4456)    
   248 29.27 0.00 0.00           OU452213.1  10983552  10983633 (1571651) C               Kuruka     Unspecified  (4995)    3838    3757    
   276 20.31 0.00 0.00           OU452213.1  11832496  11832559 (722725) +               Kuruka     Unspecified    4281    4344  (4489)    
  1910 34.54 1.89 1.97           OU452213.1  12284049  12285318 (269966) C               Kuruka     Unspecified  (3977)    4856    3588    
  1551 34.87 2.86 2.95           OU452213.1  12415349  12416468 (138816) C               Kuruka     Unspecified  (4198)    4635    3517    
   276 20.31 0.00 0.00           OU452213.1  12476357  12476420  (78864) +               Kuruka     Unspecified    4281    4344  (4489)    
   670 36.16 2.10 2.76           OU452214.1   6481742   6482361 (5386537) C               Kuruka     Unspecified  (4297)    4536    3921    
   522 35.38 2.12 2.12           OU452214.1   6482448   6482730 (5386168) C               Kuruka     Unspecified  (4999)    3834    3552    
  2253 33.46 2.92 2.99           OU452214.1   6548805   6550141 (5318757) C               Kuruka     Unspecified  (3989)    4844    3509    
  1341 36.59 3.09 2.04           OU452214.1   6749081   6750341 (5118557) +               Kuruka     Unspecified    3503    4776  (4057)    
  1521 35.03 3.04 3.13           OU452214.1   7189979   7191098 (4677800) +               Kuruka     Unspecified    3517    4635  (4198)    
  1581 34.75 3.04 3.13           OU452214.1   7232975   7234094 (4634804) +               Kuruka     Unspecified    3517    4635  (4198)    
  1532 34.93 3.04 3.13           OU452215.1     49246     50365 (10456836) +               Kuruka     Unspecified    3517    4635  (4198)    
  2291 32.88 3.00 3.08           OU452215.1    124919    126217 (10380984) C               Kuruka     Unspecified  (4075)    4758    3461    
   360 36.90 2.61 2.61           OU452215.1    241109    241453 (10265748) +               Kuruka     Unspecified    3503    3847  (4986)    
  1448 33.53 0.98 1.13           OU452215.1    241539    242250 (10264951) +               Kuruka     Unspecified    3933    4643  (4190)    
  1692 35.33 2.01 2.10           OU452215.1    250318    251459 (10255742) +               Kuruka     Unspecified    3503    4643  (4190)    
  1740 35.15 2.01 2.10           OU452215.1    318882    320023 (10187178) +               Kuruka     Unspecified    3503    4643  (4190)    
  1650 33.77 3.06 3.16           OU452215.1    360914    361959 (10145242) +               Kuruka     Unspecified    3507    4551  (4282)    
   470 35.66 1.45 1.45           OU452215.1    470311    470586 (10036615) C               Kuruka     Unspecified  (5097)    3736    3461    
   244 25.76 0.00 1.52           OU452215.1    471713    471779 (10035422) C               Kuruka     Unspecified  (6340)    2493    2428    
  1726 35.24 2.01 2.10           OU452215.1    492080    493221 (10013980) +               Kuruka     Unspecified    3503    4643  (4190)    
   341 38.10 2.23 2.23           OU452215.1    811727    812220 (9694981) +               Kuruka     Unspecified    3933    4426  (4407)    
   322 36.94 0.00 0.00           OU452215.1   1088537   1088693 (9418508) C               Kuruka     Unspecified  (5092)    3741    3585    
   398 38.43 3.87 4.08           OU452215.1   2155516   2156006 (8351195) C               Kuruka     Unspecified  (4405)    4428    3939    
   462 35.45 1.47 1.47           OU452215.1   4255693   4255964 (6251237) C               Kuruka     Unspecified  (5097)    3736    3465    
   244 25.76 0.00 1.52           OU452215.1   4257095   4257161 (6250040) C               Kuruka     Unspecified  (6340)    2493    2428    
   470 35.66 1.45 1.45           OU452215.1   4289242   4289517 (6217684) C               Kuruka     Unspecified  (5097)    3736    3461    
   248 29.27 0.00 0.00           OU452215.1   6484006   6484087 (4023114) +               Kuruka     Unspecified    3757    3838  (4995)    
   245 24.28 1.41 1.41           OU452215.1   6484734   6484804 (4022397) +               Kuruka     Unspecified    4484    4554  (4279)    
   244 32.98 6.79 3.96           OU452216.1    244207    244427 (10058776) C               Kuruka     Unspecified  (4384)    4449    4223    
  1265 31.03 5.89 3.22           OU452216.1    569224    569919 (9733284) C               Kuruka     Unspecified  (4676)    4157    3444    
   244 25.76 0.00 1.52           OU452216.1    827283    827349 (9475854) +               Kuruka     Unspecified    2428    2493  (6340)    
   276 20.31 0.00 0.00           OU452216.1   1096492   1096555 (9206648) +               Kuruka     Unspecified    4281    4344  (4489)    
  1205 31.28 5.87 2.92           OU452216.1   1312103   1312800 (8990403) C               Kuruka     Unspecified  (4672)    4161    3444    
  1243 32.30 4.85 2.37           OU452216.1   1354655   1355355 (8947848) C               Kuruka     Unspecified  (4672)    4161    3444    
  1224 32.44 4.85 2.37           OU452216.1   2549215   2549915 (7753288) C               Kuruka     Unspecified  (4672)    4161    3444    
