   462 32.98 2.05 2.41           OX402045.1   3195618   3195909 (48489892) +               Kuruka     Unspecified    4230    4520  (4313)    
   323 25.97 0.00 0.00           OX402045.1   5210551   5210627 (46475174) +               Kuruka     Unspecified    4282    4358  (4475)    
   315 31.20 5.77 4.95           OX402045.1   9860402   9860782 (41825019) C               Kuruka     Unspecified  (4382)    4451    4068    
  1429 36.64 2.28 2.36           OX402045.1  15445854  15447038 (36238763) C               Kuruka     Unspecified  (4072)    4761    3578    
   462 32.98 2.05 2.41           OX402045.1  16521064  16521355 (35164446) C               Kuruka     Unspecified  (4313)    4520    4230    
   612 33.70 1.78 1.78           OX402045.1  16963723  16964003 (34721798) +               Kuruka     Unspecified    3461    3741  (5092)    
   251 31.03 0.00 0.00           OX402045.1  16964726  16964812 (34720989) +               Kuruka     Unspecified    4469    4555  (4278)    
   356 30.48 4.49 4.92           OX402045.1  25187592  25187836 (26497965) +               Kuruka     Unspecified    4277    4520  (4313)    
   249 33.68 0.00 0.00           OX402045.1  28840047  28840141 (22845660) +               Kuruka     Unspecified    3585    3679  (5154)    
   251 24.53 3.64 3.64           OX402045.1  29048689  29048798 (22637003) +               Kuruka     Unspecified    4224    4333  (4500)    
   286 24.53 3.64 3.64           OX402045.1  29939951  29940060 (21745741) C               Kuruka     Unspecified  (4500)    4333    4224    
  1995 33.89 1.73 1.82           OX402045.1  29958562  29959658 (21726143) C               Kuruka     Unspecified  (4249)    4584    3489    
   254 24.00 4.00 0.00           OX402045.1  29961607  29961681 (21724120) C               Kuruka     Unspecified  (7026)    1807    1730    
   243 19.61 0.00 0.00           OX402045.1  29970819  29970869 (21714932) +               Kuruka     Unspecified    4283    4333  (4500)    
   227 36.27 3.45 3.85           OX402045.1  43884848  43885108 (7800693) +               Kuruka     Unspecified    4277    4536  (4297)    
   259 27.30 0.00 3.03           OX402045.1  51589129  51589196  (96605) +               Kuruka     Unspecified    2428    2493  (6340)    
   227 33.83 0.75 0.75           OX402045.1  51590915  51591048  (94753) +               Kuruka     Unspecified    4047    4180  (4653)    
   489 32.21 2.07 2.07           OX402046.1    405859    406099 (27868740) C               Kuruka     Unspecified  (5132)    3701    3461    
   254 36.84 3.77 3.19           OX402046.1    779819    780348 (27494491) C               Kuruka     Unspecified  (4707)    4126    3594    
   276 30.99 4.56 5.85           OX402046.1    830870    831198 (27443641) C               Kuruka     Unspecified  (4478)    4355    4031    
   289 31.22 4.24 5.85           OX402046.1    839209    839538 (27435301) C               Kuruka     Unspecified  (4478)    4355    4031    
   276 30.99 4.56 5.85           OX402046.1    846042    846370 (27428469) C               Kuruka     Unspecified  (4478)    4355    4031    
   289 31.22 4.24 5.85           OX402046.1    852873    853202 (27421637) C               Kuruka     Unspecified  (4478)    4355    4031    
   276 30.99 4.56 5.85           OX402046.1    859706    860034 (27414805) C               Kuruka     Unspecified  (4478)    4355    4031    
   289 31.22 4.24 5.85           OX402046.1    866538    866867 (27407972) C               Kuruka     Unspecified  (4478)    4355    4031    
   352 37.89 3.36 2.84           OX402046.1   1248624   1249218 (27025621) C               Kuruka     Unspecified  (4653)    4180    3583    
   295 31.60 6.60 6.60           OX402046.1   1361451   1361738 (26913101) C               Kuruka     Unspecified  (5095)    3738    3451    
   295 31.60 6.60 6.60           OX402046.1   1429338   1429625 (26845214) +               Kuruka     Unspecified    3451    3738  (5095)    
   323 25.97 0.00 0.00           OX402046.1   1657028   1657104 (26617735) C               Kuruka     Unspecified  (4475)    4358    4282    
   307 33.09 4.60 6.23           OX402046.1   2041293   2041553 (26233286) +               Kuruka     Unspecified    4266    4522  (4311)    
  1747 34.15 1.60 1.69           OX402046.1   2207842   2208967 (26065872) C               Kuruka     Unspecified  (4220)    4613    3489    
   283 31.24 5.53 5.12           OX402046.1   2460866   2461118 (25813721) C               Kuruka     Unspecified  (4313)    4520    4267    
   311 37.42 3.81 3.38           OX402046.1   3126805   3127512 (25147327) +               Kuruka     Unspecified    3583    4293  (4540)    
   443 33.76 2.46 2.88           OX402046.1   3259398   3259641 (25015198) C               Kuruka     Unspecified  (4297)    4536    4294    
  2247 32.02 3.10 3.43           OX402046.1   3297346   3298603 (24976236) C               Kuruka     Unspecified  (4069)    4764    3511    
   256 36.55 4.57 5.05           OX402046.1   3504056   3504274 (24770565) C               Kuruka     Unspecified  (4393)    4440    4223    
   283 31.24 5.53 5.12           OX402046.1   3578591   3578843 (24695996) +               Kuruka     Unspecified    4267    4520  (4313)    
   382 33.00 4.76 6.21           OX402046.1   3696106   3696399 (24578440) +               Kuruka     Unspecified    4233    4522  (4311)    
  1477 35.90 2.78 2.87           OX402046.1   3733032   3734181 (24540658) C               Kuruka     Unspecified  (4221)    4612    3464    
   245 33.11 4.75 5.28           OX402046.1   3968990   3969579 (24305260) +               Kuruka     Unspecified    3570    4156  (4677)    
   256 36.55 4.57 5.05           OX402046.1   4207817   4208035 (24066804) +               Kuruka     Unspecified    4223    4440  (4393)    
  2233 32.10 3.10 3.43           OX402046.1   4279586   4280843 (23993996) +               Kuruka     Unspecified    3511    4764  (4069)    
   406 32.21 2.87 3.29           OX402046.1   4317784   4318027 (23956812) +               Kuruka     Unspecified    4294    4536  (4297)    
   262 35.49 0.64 0.64           OX402046.1   4446852   4447007 (23827832) C               Kuruka     Unspecified  (5095)    3738    3583    
   256 31.13 1.18 5.52           OX402046.1   4954158   4954327 (23320512) C               Kuruka     Unspecified  (4278)    4555    4393    
   777 36.63 3.30 3.56           OX402046.1   4962687   4963869 (23310970) C               Kuruka     Unspecified  (4165)    4668    3489    
   565 36.92 2.42 2.89           OX402046.1   5218528   5219188 (23055651) C               Kuruka     Unspecified  (4198)    4635    3978    
   396 35.04 0.93 0.46           OX402046.1   5219463   5219677 (23055162) C               Kuruka     Unspecified  (5129)    3704    3489    
  2501 32.30 2.55 3.11           OX402046.1   5442761   5444054 (22830785) C               Kuruka     Unspecified  (4059)    4774    3488    
  2103 32.39 2.55 3.11           OX402046.1   5740200   5741493 (22533346) +               Kuruka     Unspecified    3488    4774  (4059)    
   257 29.96 6.00 6.53           OX402046.1   5811069   5811268 (22463571) C               Kuruka     Unspecified  (4330)    4503    4305    
  1867 34.22 2.10 2.43           OX402046.1   5912542   5913781 (22361058) C               Kuruka     Unspecified  (4063)    4770    3535    
   381 30.37 8.40 7.55           OX402046.1   5951519   5951899 (22322940) +               Kuruka     Unspecified    3451    3834  (4999)    
   257 29.96 6.00 6.53           OX402046.1   6297104   6297303 (21977536) +               Kuruka     Unspecified    4305    4503  (4330)    
   297 31.39 4.44 4.44           OX402046.1   6427257   6427436 (21847403) +               Kuruka     Unspecified    3956    4135  (4698)    
  1618 34.61 2.10 2.20           OX402046.1   6992784   6993876 (21280963) +               Kuruka     Unspecified    3462    4553  (4280)    
  1911 34.64 2.10 2.19           OX402046.1   7681563   7682657 (20592182) C               Kuruka     Unspecified  (4278)    4555    3462    
   297 31.39 4.44 4.44           OX402046.1   7806899   7807078 (20467761) C               Kuruka     Unspecified  (4698)    4135    3956    
   476 29.27 1.80 1.80           OX402046.1   7839948   7840114 (20434725) +               Kuruka     Unspecified    3575    3741  (5092)    
   833 36.34 2.93 3.29           OX402046.1   8058022   8059148 (20215691) C               Kuruka     Unspecified  (4222)    4611    3489    
   375 33.76 2.46 2.88           OX402046.1   8455714   8455957 (19818882) C               Kuruka     Unspecified  (4297)    4536    4294    
   538 33.96 6.35 5.31           OX402046.1   8495464   8496172 (19778667) C               Kuruka     Unspecified  (4653)    4180    3465    
   297 31.39 4.44 4.44           OX402046.1   9145347   9145526 (19129313) C               Kuruka     Unspecified  (4698)    4135    3956    
   267 35.54 2.76 2.76           OX402046.1   9302516   9302732 (18972107) C               Kuruka     Unspecified  (4672)    4161    3945    
   369 36.93 3.04 3.04           OX402046.1   9302933   9303228 (18971611) C               Kuruka     Unspecified  (5092)    3741    3446    
   291 33.90 0.00 0.00           OX402046.1   9340396   9340513 (18934326) C               Kuruka     Unspecified  (4228)    4605    4488    
   234 31.38 6.57 3.43           OX402046.1   9371419   9371616 (18903223) C               Kuruka     Unspecified  (5193)    3640    3437    
   316 32.43 2.63 2.63           OX402046.1   9461950   9462101 (18812738) C               Kuruka     Unspecified  (5094)    3739    3588    
  2279 32.17 3.06 3.39           OX402046.1   9476225   9477498 (18797341) +               Kuruka     Unspecified    3495    4764  (4069)    
   284 31.24 5.53 5.12           OX402046.1  10024680  10024932 (18249907) +               Kuruka     Unspecified    4267    4520  (4313)    
   387 32.21 2.87 3.29           OX402046.1  10203711  10203954 (18070885) +               Kuruka     Unspecified    4294    4536  (4297)    
   556 34.46 5.61 5.17           OX402046.1  10622224  10622936 (17651903) +               Kuruka     Unspecified    3465    4180  (4653)    
   335 37.04 2.61 2.95           OX402046.1  10701334  10701639 (17573200) +               Kuruka     Unspecified    4229    4533  (4300)    
   400 26.26 0.00 3.28           OX402046.1  10970579  10970704 (17304135) C               Kuruka     Unspecified  (5139)    3694    3573    
   329 32.91 3.29 3.72           OX402046.1  11191664  11191906 (17082933) +               Kuruka     Unspecified    4295    4536  (4297)    
   310 32.21 2.86 3.70           OX402046.1  11310949  11311193 (16963646) C               Kuruka     Unspecified  (4297)    4536    4294    
   989 34.48 3.54 3.67           OX402046.1  11523673  11524464 (16750375) C               Kuruka     Unspecified  (4072)    4761    3971    
   297 31.39 4.44 4.44           OX402046.1  11838463  11838642 (16436197) C               Kuruka     Unspecified  (4698)    4135    3956    
  1136 33.92 1.93 4.11           OX402046.1  12266356  12266976 (16007863) +               Kuruka     Unspecified    3941    4548  (4285)    
   251 30.27 3.77 4.43           OX402046.1  12268114  12268272 (16006567) +               Kuruka     Unspecified    4704    4861  (3972)    
   341 36.89 3.95 3.52           OX402046.1  13016856  13017563 (15257276) +               Kuruka     Unspecified    3583    4293  (4540)    
  1342 33.67 1.58 1.73           OX402046.1  13255910  13256604 (15018235) C               Kuruka     Unspecified  (4652)    4181    3488    
   462 32.98 2.05 2.41           OX402046.1  13323119  13323410 (14951429) C               Kuruka     Unspecified  (4313)    4520    4230    
   240 38.00 0.66 0.66           OX402046.1  13692069  13692219 (14582620) C               Kuruka     Unspecified  (4672)    4161    4011    
   233 23.64 0.00 1.82           OX402046.1  13844800  13844855 (14429984) +               Kuruka     Unspecified    2434    2488  (6345)    
   296 31.57 1.72 1.72           OX402046.1  13846131  13846246 (14428593) +               Kuruka     Unspecified    3585    3700  (5133)    
   225 36.57 3.60 3.77           OX402046.1  13846488  13847098 (14427741) +               Kuruka     Unspecified    3945    4554  (4279)    
   297 31.39 4.44 4.44           OX402046.1  14293999  14294178 (13980661) C               Kuruka     Unspecified  (4698)    4135    3956    
   341 35.47 1.67 2.10           OX402046.1  14521596  14521834 (13753005) +               Kuruka     Unspecified    4284    4521  (4312)    
   280 24.65 0.00 1.45           OX402046.1  14562947  14563016 (13711823) +               Kuruka     Unspecified    3585    3653  (5180)    
   371 31.43 7.13 6.05           OX402046.1  14605628  14606118 (13668721) +               Kuruka     Unspecified    3948    4443  (4390)    
   260 26.95 2.54 2.54           OX402046.1  14719868  14719985 (13554854) C               Kuruka     Unspecified  (4313)    4520    4403    
  2019 34.61 1.70 1.79           OX402046.1  14767212  14768329 (13506510) +               Kuruka     Unspecified    3489    4605  (4228)    
   236 24.68 3.75 3.75           OX402046.1  14839455  14839534 (13435305) C               Kuruka     Unspecified  (4278)    4555    4476    
  2201 33.30 2.04 2.13           OX402046.1  14975740  14976865 (13297974) +               Kuruka     Unspecified    3489    4613  (4220)    
   267 33.05 0.00 0.00           OX402046.1  15332759  15332876 (12941963) C               Kuruka     Unspecified  (5159)    3674    3557    
   294 30.40 6.97 6.97           OX402046.1  15643193  15643436 (12631403) +               Kuruka     Unspecified    3451    3694  (5139)    
  1270 35.71 1.96 2.07           OX402046.1  16126467  16127384 (12147455) C               Kuruka     Unspecified  (4185)    4648    3732    
   256 31.60 6.40 3.35           OX402046.1  16336647  16336849 (11937990) +               Kuruka     Unspecified    3437    3645  (5188)    
   294 30.40 6.97 6.97           OX402046.1  16576324  16576567 (11698272) C               Kuruka     Unspecified  (5139)    3694    3451    
   246 20.00 0.00 0.00           OX402046.1  16843809  16843863 (11430976) +               Kuruka     Unspecified    4282    4336  (4497)    
  1872 34.81 2.50 2.66           OX402046.1  16954384  16955664 (11319175) +               Kuruka     Unspecified    3487    4765  (4068)    
   405 34.44 2.75 2.75           OX402046.1  17064005  17064222 (11210617) +               Kuruka     Unspecified    3447    3664  (5169)    
   702 31.97 1.48 0.37           OX402046.1  17095706  17095975 (11178864) +               Kuruka     Unspecified    4400    4672  (4161)    
   330 34.58 2.28 2.28           OX402046.1  17240272  17240490 (11034349) +               Kuruka     Unspecified    3456    3674  (5159)    
   350 31.79 2.87 3.29           OX402046.1  17484841  17485084 (10789755) +               Kuruka     Unspecified    4294    4536  (4297)    
   315 29.41 5.04 0.00           OX402046.1  17633452  17633570 (10641269) C               Kuruka     Unspecified  (4479)    4354    4230    
  1207 35.83 1.65 1.65           OX402046.1  17865871  17866778 (10408061) +               Kuruka     Unspecified    3447    4354  (4479)    
   692 31.97 1.48 0.37           OX402046.1  17902801  17903070 (10371769) +               Kuruka     Unspecified    4400    4672  (4161)    
  1337 35.73 2.92 2.52           OX402046.1  18017825  18019090 (10255749) +               Kuruka     Unspecified    3488    4758  (4075)    
   323 25.97 0.00 0.00           OX402046.1  18429264  18429340 (9845499) +               Kuruka     Unspecified    4282    4358  (4475)    
   692 31.97 1.48 0.37           OX402046.1  18542811  18543080 (9731759) C               Kuruka     Unspecified  (4161)    4672    4400    
  1190 35.94 1.65 1.65           OX402046.1  18575170  18576077 (9698762) C               Kuruka     Unspecified  (4479)    4354    3447    
   315 29.41 5.04 0.00           OX402046.1  18792941  18793059 (9481780) +               Kuruka     Unspecified    4230    4354  (4479)    
   279 32.41 0.00 0.00           OX402046.1  19278600  19278707 (8996132) +               Kuruka     Unspecified    3588    3695  (5138)    
   246 20.00 0.00 0.00           OX402046.1  19338155  19338209 (8936630) +               Kuruka     Unspecified    4282    4336  (4497)    
   236 30.14 0.00 0.00           OX402046.1  19614137  19614209 (8660630) C               Kuruka     Unspecified  (4479)    4354    4282    
   259 30.16 0.00 0.00           OX402046.1  19736573  19736635 (8538204) +               Kuruka     Unspecified    2429    2491  (6342)    
   496 33.21 5.44 2.65           OX402046.1  19737773  19738103 (8536736) +               Kuruka     Unspecified    3461    3800  (5033)    
   605 31.78 2.07 2.07           OX402046.1  19823285  19823525 (8451314) +               Kuruka     Unspecified    3461    3701  (5132)    
   267 22.89 4.60 4.60           OX402046.1  19824288  19824374 (8450465) +               Kuruka     Unspecified    4469    4555  (4278)    
  1156 36.17 2.78 2.87           OX402046.1  20107389  20108538 (8166301) +               Kuruka     Unspecified    3464    4612  (4221)    
   436 35.29 4.93 2.26           OX402046.1  20142340  20142684 (8132155) +               Kuruka     Unspecified    3447    3800  (5033)    
   439 35.39 1.14 1.52           OX402046.1  20208835  20209098 (8065741) C               Kuruka     Unspecified  (4298)    4535    4273    
   242 31.38 6.57 3.43           OX402046.1  20367248  20367445 (7907394) C               Kuruka     Unspecified  (5193)    3640    3437    
   404 32.77 3.28 3.70           OX402046.1  20395438  20395681 (7879158) +               Kuruka     Unspecified    4294    4536  (4297)    
   338 32.06 3.69 4.12           OX402046.1  20940950  20941193 (7333646) C               Kuruka     Unspecified  (4297)    4536    4294    
   242 31.38 6.57 3.43           OX402046.1  20988862  20989059 (7285780) C               Kuruka     Unspecified  (5193)    3640    3437    
   257 25.40 0.00 1.59           OX402046.1  21197901  21197964 (7076875) +               Kuruka     Unspecified    2431    2493  (6340)    
   589 31.78 3.11 4.20           OX402046.1  21199097  21199385 (7075454) +               Kuruka     Unspecified    3461    3746  (5087)    
   305 33.81 4.18 4.18           OX402046.1  21199599  21199885 (7074954) +               Kuruka     Unspecified    3966    4252  (4581)    
   264 34.51 4.14 4.14           OX402046.1  21200034  21200299 (7074540) +               Kuruka     Unspecified    4403    4668  (4165)    
   246 20.00 0.00 0.00           OX402046.1  21283348  21283402 (6991437) C               Kuruka     Unspecified  (4497)    4336    4282    
   279 32.41 0.00 0.00           OX402046.1  21339849  21339956 (6934883) C               Kuruka     Unspecified  (5138)    3695    3588    
   340 31.22 7.13 6.05           OX402046.1  22194759  22195249 (6079590) C               Kuruka     Unspecified  (4390)    4443    3948    
   525 29.27 1.80 1.80           OX402046.1  22195453  22195619 (6079220) C               Kuruka     Unspecified  (5092)    3741    3575    
   439 35.39 1.14 1.52           OX402046.1  22244850  22245113 (6029726) +               Kuruka     Unspecified    4273    4535  (4298)    
   253 33.33 0.00 0.00           OX402046.1  22418616  22418723 (5856116) +               Kuruka     Unspecified    3588    3695  (5138)    
   246 20.00 0.00 0.00           OX402046.1  22481620  22481674 (5793165) +               Kuruka     Unspecified    4282    4336  (4497)    
   263 36.59 3.52 3.92           OX402046.1  22739056  22739311 (5535528) +               Kuruka     Unspecified    4282    4536  (4297)    
   256 31.60 6.40 3.35           OX402046.1  23592523  23592725 (4682114) +               Kuruka     Unspecified    3437    3645  (5188)    
   298 31.84 4.68 5.13           OX402046.1  23621859  23622093 (4652746) C               Kuruka     Unspecified  (4313)    4520    4287    
   387 27.32 6.28 6.28           OX402046.1  23929273  23929479 (4345360) C               Kuruka     Unspecified  (5139)    3694    3488    
   315 34.46 2.05 2.47           OX402046.1  23998106  23998349 (4276490) +               Kuruka     Unspecified    4294    4536  (4297)    
   394 32.21 2.87 3.29           OX402046.1  24332236  24332479 (3942360) C               Kuruka     Unspecified  (4297)    4536    4294    
  1574 34.45 1.89 1.99           OX402046.1  24502340  24503343 (3771496) C               Kuruka     Unspecified  (4280)    4553    3551    
   715 36.05 2.15 2.28           OX402046.1  24580956  24581747 (3693092) +               Kuruka     Unspecified    3971    4761  (4072)    
   315 36.36 2.81 2.81           OX402046.1  24787815  24788063 (3486776) C               Kuruka     Unspecified  (5139)    3694    3446    
   260 33.90 0.00 0.00           OX402046.1  25446490  25446607 (2828232) C               Kuruka     Unspecified  (4228)    4605    4488    
  1455 34.68 1.69 1.79           OX402046.1  25462675  25463681 (2811158) C               Kuruka     Unspecified  (4339)    4494    3489    
   462 32.98 2.05 2.41           OX402046.1  26045825  26046116 (2228723) C               Kuruka     Unspecified  (4313)    4520    4230    
   421 31.63 3.69 4.12           OX402046.1  26356567  26356810 (1918029) C               Kuruka     Unspecified  (4297)    4536    4294    
   257 33.70 0.00 0.00           OX402046.1  26557171  26557262 (1717577) +               Kuruka     Unspecified    3588    3679  (5154)    
   259 38.08 2.57 2.90           OX402046.1  26563472  26563782 (1711057) C               Kuruka     Unspecified  (4300)    4533    4224    
   242 34.38 0.00 0.00           OX402046.1  26882243  26882338 (1392501) +               Kuruka     Unspecified    3584    3679  (5154)    
   973 35.12 3.16 3.16           OX402046.1  26894860  26895650 (1379189) +               Kuruka     Unspecified    3971    4761  (4072)    
  2091 34.49 1.61 1.70           OX402046.1  27198787  27199904 (1074935) +               Kuruka     Unspecified    3489    4605  (4228)    
   274 36.67 4.67 0.00           OX402046.1  27461915  27462064 (812775) +               Kuruka     Unspecified    3582    3738  (5095)    
   257 25.40 0.00 1.59           OX402046.1  27468249  27468312 (806527) +               Kuruka     Unspecified    2431    2493  (6340)    
   605 31.42 3.11 4.20           OX402046.1  27469445  27469733 (805106) +               Kuruka     Unspecified    3461    3746  (5087)    
   305 33.81 4.18 4.18           OX402046.1  27469947  27470233 (804606) +               Kuruka     Unspecified    3966    4252  (4581)    
   264 34.51 4.14 4.14           OX402046.1  27470382  27470647 (804192) +               Kuruka     Unspecified    4403    4668  (4165)    
  1678 34.73 1.52 1.61           OX402046.1  27562285  27563402 (711437) +               Kuruka     Unspecified    3489    4605  (4228)    
   367 32.14 0.71 0.71           OX402046.1  28125815  28125955 (148884) +               Kuruka     Unspecified    3585    3725  (5108)    
   323 25.97 0.00 0.00           OX402046.1  28153691  28153767 (121072) C               Kuruka     Unspecified  (4475)    4358    4282    
   327 31.55 4.24 5.85           OX402046.1  28270387  28270716   (4123) +               Kuruka     Unspecified    4031    4355  (4478)    
  1471 36.76 2.27 2.36           OX402047.1   5295659   5296845 (20183895) +               Kuruka     Unspecified    3576    4761  (4072)    
  1915 33.53 1.81 1.90           OX402047.1  11103793  11104844 (14375896) C               Kuruka     Unspecified  (4220)    4613    3563    
   484 34.70 1.72 1.72           OX402047.1  13307855  13308203 (12172537) +               Kuruka     Unspecified    3489    3837  (4996)    
   566 37.00 2.35 3.00           OX402047.1  13308344  13308981 (12171759) +               Kuruka     Unspecified    3978    4611  (4222)    
   271 33.01 0.00 0.00           OX402047.1  16678031  16678133 (8802607) C               Kuruka     Unspecified  (4707)    4126    4024    
   525 31.42 3.11 4.20           OX402047.1  16678405  16678693 (8802047) C               Kuruka     Unspecified  (5087)    3746    3461    
   235 25.40 0.00 1.59           OX402047.1  16679826  16679889 (8800851) C               Kuruka     Unspecified  (6340)    2493    2431    
   851 36.08 2.53 2.53           OX402047.1  21517237  21518305 (3962435) C               Kuruka     Unspecified  (4190)    4643    3575    
   299 33.85 2.27 2.66           OX402048.1    402155    402418 (24581535) +               Kuruka     Unspecified    4273    4535  (4298)    
   412 33.17 0.93 0.46           OX402048.1    569548    569762 (24414191) +               Kuruka     Unspecified    3489    3704  (5129)    
   400 37.00 2.35 3.00           OX402048.1    570037    570674 (24413279) +               Kuruka     Unspecified    3978    4611  (4222)    
  2076 34.73 1.52 1.61           OX402048.1   1216307   1217424 (23766529) C               Kuruka     Unspecified  (4228)    4605    3489    
  1497 35.81 2.78 2.87           OX402048.1  11041537  11042686 (13941267) +               Kuruka     Unspecified    3464    4612  (4221)    
   382 32.87 2.07 2.42           OX402048.1  12879044  12879333 (12104620) +               Kuruka     Unspecified    4232    4520  (4313)    
   396 30.58 2.78 6.58           OX402048.1  13032336  13032587 (11951366) +               Kuruka     Unspecified    4294    4536  (4297)    
   235 33.13 3.33 2.76           OX402048.1  13854809  13854988 (11128965) C               Kuruka     Unspecified  (4441)    4392    4212    
  2013 34.43 3.03 3.10           OX402048.1  24906473  24907827  (76126) +               Kuruka     Unspecified    3503    4856  (3977)    
   560 34.99 4.93 2.26           OX402049.1   4199815   4200159 (19906776) +               Kuruka     Unspecified    3447    3800  (5033)    
   574 36.85 2.35 3.00           OX402049.1   8602619   8603256 (15503679) C               Kuruka     Unspecified  (4222)    4611    3978    
   423 33.83 0.50 0.50           OX402049.1   8603535   8603736 (15503199) C               Kuruka     Unspecified  (5143)    3690    3489    
   450 31.56 0.00 2.38           OX402049.1   9203542   9203713 (14903222) +               Kuruka     Unspecified    3573    3740  (5093)    
   342 33.47 2.27 2.66           OX402049.1   9750349   9750612 (14356323) +               Kuruka     Unspecified    4273    4535  (4298)    
   566 37.00 2.35 3.00           OX402049.1  22583197  22583834 (1523101) C               Kuruka     Unspecified  (4222)    4611    3978    
   484 34.70 1.72 1.72           OX402049.1  22583975  22584323 (1522612) C               Kuruka     Unspecified  (4996)    3837    3489    
   367 32.14 0.71 0.71           OX402050.1   1756976   1757116 (21930853) +               Kuruka     Unspecified    3585    3725  (5108)    
   285 30.95 0.00 0.00           OX402050.1   3840259   3840342 (19847627) C               Kuruka     Unspecified  (5167)    3666    3583    
   264 34.51 4.14 4.14           OX402050.1  17998701  17998966 (5689003) C               Kuruka     Unspecified  (4165)    4668    4403    
   307 34.42 3.83 3.83           OX402050.1  17999115  17999401 (5688568) C               Kuruka     Unspecified  (4581)    4252    3966    
   591 31.78 3.11 4.20           OX402050.1  17999615  17999903 (5688066) C               Kuruka     Unspecified  (5087)    3746    3461    
   257 25.40 0.00 1.59           OX402050.1  18001036  18001099 (5686870) C               Kuruka     Unspecified  (6340)    2493    2431    
   412 33.17 0.93 0.46           OX402050.1  18039677  18039891 (5648078) +               Kuruka     Unspecified    3489    3704  (5129)    
   400 37.00 2.35 3.00           OX402050.1  18040166  18040803 (5647166) +               Kuruka     Unspecified    3978    4611  (4222)    
   271 29.67 0.00 0.00           OX402050.1  22177631  22177721 (1510248) C               Kuruka     Unspecified  (4479)    4354    4264    
  1587 35.24 2.25 2.33           OX402050.1  23379726  23381012 (306957) +               Kuruka     Unspecified    3480    4765  (4068)    
   328 32.14 0.71 0.71           OX402051.1   1702189   1702329 (21895208) C               Kuruka     Unspecified  (5108)    3725    3585    
   384 36.58 3.04 3.04           OX402051.1   5201358   5201653 (18395884) +               Kuruka     Unspecified    3446    3741  (5092)    
   242 30.86 2.16 4.41           OX402051.1  15470426  15470564 (8126973) C               Kuruka     Unspecified  (4501)    4332    4197    
   264 34.51 4.14 4.14           OX402051.1  16024017  16024282 (7573255) C               Kuruka     Unspecified  (4165)    4668    4403    
   305 33.81 4.18 4.18           OX402051.1  16024431  16024717 (7572820) C               Kuruka     Unspecified  (4581)    4252    3966    
   605 31.42 3.11 4.20           OX402051.1  16024931  16025219 (7572318) C               Kuruka     Unspecified  (5087)    3746    3461    
   257 25.40 0.00 1.59           OX402051.1  16026352  16026415 (7571122) C               Kuruka     Unspecified  (6340)    2493    2431    
   225 33.54 3.59 3.59           OX402051.1  17102447  17102613 (6494924) C               Kuruka     Unspecified  (3977)    4856    4690    
   851 31.20 2.09 2.40           OX402051.1  17102771  17103105 (6494432) C               Kuruka     Unspecified  (4216)    4617    4284    
   566 37.00 2.35 3.00           OX402051.1  20692103  20692740 (2904797) C               Kuruka     Unspecified  (4222)    4611    3978    
   484 34.70 1.72 1.72           OX402051.1  20692881  20693229 (2904308) C               Kuruka     Unspecified  (4996)    3837    3489    
   229 34.04 9.78 1.00           OX402051.1  21203243  21203426 (2394111) +               Kuruka     Unspecified    3582    3781  (5052)    
   833 36.34 2.93 3.29           OX402051.1  22167563  22168689 (1428848) +               Kuruka     Unspecified    3489    4611  (4222)    
   230 35.36 3.19 3.74           OX402052.1   8415961   8416148 (14765798) C               Kuruka     Unspecified  (4366)    4467    4281    
   254 24.00 4.00 0.00           OX402052.1  12920330  12920404 (10261542) +               Kuruka     Unspecified    1730    1807  (7026)    
  2030 33.78 1.83 1.91           OX402052.1  12922355  12923504 (10258442) +               Kuruka     Unspecified    3489    4637  (4196)    
  2024 34.00 1.69 1.78           OX402052.1  13499216  13500341 (9681605) C               Kuruka     Unspecified  (4220)    4613    3489    
   518 31.78 2.07 2.07           OX402052.1  15449429  15449669 (7732277) +               Kuruka     Unspecified    3461    3701  (5132)    
   251 24.53 3.64 3.64           OX402052.1  17412431  17412540 (5769406) +               Kuruka     Unspecified    4224    4333  (4500)    
  1391 36.82 2.28 2.36           OX402053.1   1248126   1249310 (21870690) +               Kuruka     Unspecified    3578    4761  (4072)    
  1704 34.97 1.43 1.52           OX402053.1   2033088   2034205 (21085795) C               Kuruka     Unspecified  (4228)    4605    3489    
  2055 34.71 2.73 2.80           OX402053.1   6143761   6145153 (16974847) +               Kuruka     Unspecified    3465    4856  (3977)    
  2055 34.71 2.73 2.80           OX402053.1   6146992   6148384 (16971616) C               Kuruka     Unspecified  (3977)    4856    3465    
   265 31.81 6.25 6.67           OX402053.1   7839204   7839459 (15280541) +               Kuruka     Unspecified    4282    4536  (4297)    
   241 31.38 6.57 3.43           OX402053.1  12575013  12575210 (10544790) C               Kuruka     Unspecified  (5193)    3640    3437    
   462 32.98 2.05 2.41           OX402053.1  15155776  15156067 (7963933) C               Kuruka     Unspecified  (4313)    4520    4230    
  1700 34.11 1.55 1.64           OX402053.1  19842318  19843414 (3276586) C               Kuruka     Unspecified  (4249)    4584    3489    
   232 24.00 4.00 0.00           OX402053.1  19845365  19845439 (3274561) C               Kuruka     Unspecified  (7026)    1807    1730    
  1200 35.88 2.34 2.99           OX402053.1  19854315  19855423 (3264577) C               Kuruka     Unspecified  (4221)    4612    3511    
  2038 34.78 2.73 2.80           OX402054.1  12977395  12978787 (9718408) C               Kuruka     Unspecified  (3977)    4856    3465    
  2049 34.72 2.73 2.87           OX402054.1  12981798  12983191 (9714004) +               Kuruka     Unspecified    3465    4856  (3977)    
   245 36.72 3.25 3.67           OX402054.1  13903296  13903541 (8793654) C               Kuruka     Unspecified  (4366)    4467    4223    
   313 36.58 2.26 2.26           OX402054.1  18823338  18823558 (3873637) C               Kuruka     Unspecified  (4390)    4443    4223    
   225 16.12 4.69 3.08           OX402055.1   4389822   4389885 (18090544) +               Kuruka     Unspecified    1180    1244  (7589)    
  2055 34.96 1.85 1.93           OX402055.1   8359941   8361235 (14119194) C               Kuruka     Unspecified  (4075)    4758    3465    
   292 30.05 4.44 3.87           OX402055.1   8467278   8467457 (14012972) C               Kuruka     Unspecified  (4441)    4392    4212    
   833 36.34 2.93 3.29           OX402055.1  10561781  10562907 (11917522) C               Kuruka     Unspecified  (4222)    4611    3489    
   235 25.40 0.00 1.59           OX402055.1  14438588  14438651 (8041778) +               Kuruka     Unspecified    2431    2493  (6340)    
   525 31.42 3.11 4.20           OX402055.1  14439784  14440072 (8040357) +               Kuruka     Unspecified    3461    3746  (5087)    
   245 31.94 2.46 2.46           OX402056.1   1813897   1814018 (19798909) C               Kuruka     Unspecified  (4488)    4345    4224    
  1109 33.06 2.49 2.49           OX402056.1   3925764   3926405 (17686522) +               Kuruka     Unspecified    3611    4252  (4581)    
   485 36.44 2.07 2.28           OX402056.1   9038419   9038901 (12574026) C               Kuruka     Unspecified  (4313)    4520    4039    
   343 32.23 6.39 5.31           OX402056.1  14778642  14779126 (6833801) C               Kuruka     Unspecified  (4390)    4443    3954    
   485 29.88 1.80 1.80           OX402056.1  14779336  14779502 (6833425) C               Kuruka     Unspecified  (5092)    3741    3575    
   716 35.28 1.83 1.83           OX402056.1  15093290  15093725 (6519202) C               Kuruka     Unspecified  (4937)    3896    3461    
   833 36.34 2.93 3.29           OX402056.1  15617303  15618429 (5994498) C               Kuruka     Unspecified  (4222)    4611    3489    
  1724 34.01 1.55 1.64           OX402056.1  20074371  20075467 (1537460) C               Kuruka     Unspecified  (4249)    4584    3489    
   232 24.00 4.00 0.00           OX402056.1  20077418  20077492 (1535435) C               Kuruka     Unspecified  (7026)    1807    1730    
   476 29.27 1.80 1.80           OX402057.1    301383    301549 (20833245) C               Kuruka     Unspecified  (5092)    3741    3575    
  1731 34.24 1.60 1.69           OX402057.1   3344931   3346056 (17788738) +               Kuruka     Unspecified    3489    4613  (4220)    
   276 32.81 2.29 2.29           OX402057.1   7806049   7806179 (13328615) C               Kuruka     Unspecified  (4479)    4354    4224    
   243 19.61 0.00 0.00           OX402057.1  12753593  12753643 (8381151) C               Kuruka     Unspecified  (4500)    4333    4283    
   315 30.52 5.88 5.00           OX402057.1  20401701  20401938 (732856) C               Kuruka     Unspecified  (4339)    4494    4255    
   293 36.13 0.00 0.00           OX402058.1   5388935   5389089 (15574008) +               Kuruka     Unspecified    3587    3741  (5092)    
   340 31.22 7.13 6.05           OX402058.1   9415992   9416482 (11546615) C               Kuruka     Unspecified  (4390)    4443    3948    
   525 29.27 1.80 1.80           OX402058.1   9416686   9416852 (11546245) C               Kuruka     Unspecified  (5092)    3741    3575    
  2037 34.06 1.79 1.88           OX402058.1  13893056  13894171 (7068926) C               Kuruka     Unspecified  (4216)    4617    3503    
  1767 35.32 2.08 2.08           OX402058.1  14449097  14450397 (6512700) +               Kuruka     Unspecified    3461    4761  (4072)    
  2022 34.15 1.79 1.88           OX402058.1  16190615  16191730 (4771367) +               Kuruka     Unspecified    3503    4617  (4216)    
  1964 33.84 2.00 2.09           OX402059.1   2002134   2003283 (18670409) C               Kuruka     Unspecified  (4196)    4637    3489    
   254 24.00 4.00 0.00           OX402059.1   2005210   2005284 (18668408) C               Kuruka     Unspecified  (7026)    1807    1730    
   690 34.86 1.84 1.84           OX402059.1   4769250   4769737 (15903955) +               Kuruka     Unspecified    3465    3952  (4881)    
  1092 34.86 1.34 1.34           OX402059.1   4771965   4772563 (15901129) +               Kuruka     Unspecified    3944    4542  (4291)    
   371 31.43 7.13 6.05           OX402059.1   4784788   4785278 (15888414) C               Kuruka     Unspecified  (4390)    4443    3948    
   535 29.27 1.80 1.80           OX402059.1   4785482   4785648 (15888044) C               Kuruka     Unspecified  (5092)    3741    3575    
  1992 34.15 1.79 1.97           OX402059.1   6815079   6816195 (13857497) C               Kuruka     Unspecified  (4216)    4617    3503    
  1745 34.30 1.51 1.60           OX402059.1   8690419   8691544 (11982148) +               Kuruka     Unspecified    3489    4613  (4220)    
  1266 36.37 2.39 2.49           OX402059.1  16104641  16105644 (4568048) +               Kuruka     Unspecified    3578    4580  (4253)    
   282 31.98 4.44 4.44           OX402060.1    722872    723051 (19149991) C               Kuruka     Unspecified  (4698)    4135    3956    
  2022 34.15 1.79 1.88           OX402060.1    831906    833021 (19040021) +               Kuruka     Unspecified    3503    4617  (4216)    
   605 31.42 3.11 4.20           OX402060.1   1768730   1769018 (18104024) +               Kuruka     Unspecified    3461    3746  (5087)    
   305 33.81 4.18 4.18           OX402060.1   1769232   1769518 (18103524) +               Kuruka     Unspecified    3966    4252  (4581)    
   264 34.51 4.14 4.14           OX402060.1   1769667   1769932 (18103110) +               Kuruka     Unspecified    4403    4668  (4165)    
   340 31.22 7.13 6.05           OX402060.1   6936687   6937177 (12935865) C               Kuruka     Unspecified  (4390)    4443    3948    
   525 29.27 1.80 1.80           OX402060.1   6937381   6937547 (12935495) C               Kuruka     Unspecified  (5092)    3741    3575    
   266 32.14 2.89 2.89           OX402060.1   7032220   7032392 (12840650) +               Kuruka     Unspecified    3956    4128  (4705)    
  1747 34.15 1.60 1.69           OX402060.1   8262118   8263243 (11609799) +               Kuruka     Unspecified    3489    4613  (4220)    
   367 32.14 0.71 0.71           OX402060.1   9911205   9911345 (9961697) C               Kuruka     Unspecified  (5108)    3725    3585    
  2022 34.15 1.79 1.88           OX402060.1  17814540  17815655 (2057387) C               Kuruka     Unspecified  (4216)    4617    3503    
  2106 33.33 2.13 2.13           OX402061.1   2647003   2648173 (17090922) C               Kuruka     Unspecified  (4174)    4659    3489    
   261 24.00 4.00 0.00           OX402061.1   2650124   2650198 (17088897) C               Kuruka     Unspecified  (7026)    1807    1730    
   227 29.84 5.07 2.84           OX402061.1   4426002   4426139 (15312956) C               Kuruka     Unspecified  (4500)    4333    4193    
   485 36.44 2.07 2.28           OX402061.1   5573141   5573623 (14165472) +               Kuruka     Unspecified    4039    4520  (4313)    
   249 25.02 0.00 3.12           OX402061.1   7236258   7236323 (12502772) +               Kuruka     Unspecified    2428    2491  (6342)    
   378 31.92 7.29 3.82           OX402061.1   7237460   7237788 (12501307) +               Kuruka     Unspecified    3461    3800  (5033)    
   229 35.36 3.19 3.74           OX402061.1   9964825   9965012 (9774083) C               Kuruka     Unspecified  (4366)    4467    4281    
   265 31.39 4.44 4.44           OX402062.1      5234      5413 (19687405) +               Kuruka     Unspecified    3956    4135  (4698)    
   273 36.59 3.52 3.92           OX402062.1    885335    885590 (18807228) C               Kuruka     Unspecified  (4297)    4536    4282    
   340 31.22 7.13 6.05           OX402062.1  11269706  11270196 (8422622) C               Kuruka     Unspecified  (4390)    4443    3948    
   525 29.27 1.80 1.80           OX402062.1  11270400  11270566 (8422252) C               Kuruka     Unspecified  (5092)    3741    3575    
   286 24.53 3.64 3.64           OX402062.1  11286196  11286305 (8406513) C               Kuruka     Unspecified  (4500)    4333    4224    
   347 31.63 4.08 4.51           OX402062.1  12550873  12551117 (7141701) +               Kuruka     Unspecified    4277    4520  (4313)    
   367 32.14 0.71 0.71           OX402062.1  17143759  17143899 (2548919) C               Kuruka     Unspecified  (5108)    3725    3585    
   246 36.38 4.98 4.12           OX402062.1  19603555  19604156  (88662) C               Kuruka     Unspecified  (4279)    4554    3948    
   228 28.57 0.00 0.00           OX402062.1  19604360  19604429  (88389) C               Kuruka     Unspecified  (5092)    3741    3672    
   405 33.21 5.44 2.65           OX402063.1  14209223  14209553 (4774031) +               Kuruka     Unspecified    3461    3800  (5033)    
   308 28.57 0.00 0.00           OX402064.1   1463056   1463139 (17310665) +               Kuruka     Unspecified    3583    3666  (5167)    
   387 27.32 6.28 6.28           OX402064.1   1673317   1673523 (17100281) C               Kuruka     Unspecified  (5139)    3694    3488    
   627 34.11 1.28 1.28           OX402064.1   1768844   1769235 (17004569) C               Kuruka     Unspecified  (4222)    4611    4220    
   690 33.55 5.09 1.81           OX402064.1   1769576   1770164 (17003640) C               Kuruka     Unspecified  (4672)    4161    3554    
   242 24.57 0.00 1.75           OX402064.1   3305248   3305305 (15468499) +               Kuruka     Unspecified    2434    2490  (6343)    
  2212 33.68 1.68 1.76           OX402064.1   3306440   3307690 (15466114) +               Kuruka     Unspecified    3511    4760  (4073)    
  2054 34.71 2.73 2.80           OX402064.1   3679091   3680483 (15093321) +               Kuruka     Unspecified    3465    4856  (3977)    
  2022 34.15 1.79 1.88           OX402064.1   3888032   3889147 (14884657) +               Kuruka     Unspecified    3503    4617  (4216)    
   231 27.15 3.66 1.19           OX402064.1   3998458   3998539 (14775265) C               Kuruka     Unspecified  (4488)    4345    4262    
   242 24.57 0.00 1.75           OX402064.1   4047341   4047398 (14726406) +               Kuruka     Unspecified    2434    2490  (6343)    
   507 32.00 2.28 2.28           OX402064.1   4048459   4048765 (14725039) +               Kuruka     Unspecified    4454    4760  (4073)    
  1814 33.72 1.86 2.53           OX402064.1   4219603   4220676 (14553128) C               Kuruka     Unspecified  (4211)    4622    3556    
   553 37.16 2.35 3.00           OX402064.1   6224018   6224655 (12549149) C               Kuruka     Unspecified  (4222)    4611    3978    
   484 34.70 1.72 1.72           OX402064.1   6224796   6225144 (12548660) C               Kuruka     Unspecified  (4996)    3837    3489    
   598 33.70 1.78 1.78           OX402064.1   7081449   7081729 (11692075) +               Kuruka     Unspecified    3461    3741  (5092)    
   228 32.18 0.00 0.00           OX402064.1   7082452   7082538 (11691266) +               Kuruka     Unspecified    4469    4555  (4278)    
   577 34.51 1.73 1.73           OX402064.1   8640743   8641031 (10132773) +               Kuruka     Unspecified    3453    3741  (5092)    
   254 31.03 0.00 0.00           OX402064.1   8641754   8641840 (10131964) +               Kuruka     Unspecified    4469    4555  (4278)    
  1143 36.90 2.35 2.44           OX402064.1  10270210  10271359 (8502445) +               Kuruka     Unspecified    3495    4643  (4190)    
  1593 33.04 5.41 2.68           OX402064.1  10289581  10290818 (8482986) +               Kuruka     Unspecified    3488    4758  (4075)    
  1279 32.67 2.37 4.57           OX402064.1  10321444  10322203 (8451601) +               Kuruka     Unspecified    3611    4354  (4479)    
   458 35.90 2.32 2.32           OX402064.1  10322243  10322587 (8451217) +               Kuruka     Unspecified    4512    4856  (3977)    
  2022 34.15 1.79 1.88           OX402064.1  10364392  10365507 (8408297) +               Kuruka     Unspecified    3503    4617  (4216)    
  1772 33.78 2.08 2.08           OX402064.1  10370268  10371325 (8402479) +               Kuruka     Unspecified    3554    4611  (4222)    
   772 33.49 1.68 1.68           OX402064.1  10417373  10417788 (8356016) +               Kuruka     Unspecified    3465    3880  (4953)    
  1165 35.14 3.21 3.33           OX402064.1  10418580  10419421 (8354383) +               Kuruka     Unspecified    3920    4760  (4073)    
  1983 33.77 1.92 2.00           OX402064.1  10447526  10448776 (8325028) +               Kuruka     Unspecified    3511    4760  (4073)    
  1816 33.61 4.01 1.71           OX402064.1  10458936  10460082 (8313722) +               Kuruka     Unspecified    3462    4634  (4199)    
  2000 34.79 1.43 1.52           OX402064.1  10505173  10506290 (8267514) +               Kuruka     Unspecified    3489    4605  (4228)    
  1700 36.40 1.39 1.46           OX402064.1  10535491  10536789 (8237015) +               Kuruka     Unspecified    3461    4758  (4075)    
   815 34.41 1.06 1.28           OX402064.1  15004669  15005139 (3768665) C               Kuruka     Unspecified  (4222)    4611    4142    
   350 32.85 0.71 0.71           OX402064.1  15543925  15544065 (3229739) +               Kuruka     Unspecified    3585    3725  (5108)    
   235 33.13 3.33 2.76           OX402064.1  15961064  15961243 (2812561) +               Kuruka     Unspecified    4212    4392  (4441)    
  2037 33.90 1.69 1.78           OX402064.1  16582450  16583575 (2190229) C               Kuruka     Unspecified  (4220)    4613    3489    
   241 30.86 2.16 4.41           OX402064.1  16740926  16741064 (2032740) C               Kuruka     Unspecified  (4501)    4332    4197    
   833 36.34 2.93 3.29           OX402065.1   2975859   2976985 (15172134) C               Kuruka     Unspecified  (4222)    4611    3489    
   539 35.29 4.93 2.26           OX402065.1   5412825   5413169 (12735950) C               Kuruka     Unspecified  (5033)    3800    3447    
   273 36.23 0.00 0.00           OX402065.1  11427698  11427835 (6721284) C               Kuruka     Unspecified  (4227)    4606    4469    
   474 33.19 2.50 2.07           OX402065.1  11428598  11428837 (6720282) C               Kuruka     Unspecified  (5132)    3701    3461    
   234 31.38 6.57 3.43           OX402065.1  12954027  12954224 (5194895) C               Kuruka     Unspecified  (5193)    3640    3437    
  1096 36.14 2.85 2.94           OX402065.1  17474776  17475864 (673255) +               Kuruka     Unspecified    3464    4551  (4282)    
   518 35.29 4.93 2.26           OX402066.1    852761    853105 (16713610) C               Kuruka     Unspecified  (5033)    3800    3447    
   369 33.85 2.27 2.66           OX402066.1   3248466   3248729 (14317986) C               Kuruka     Unspecified  (4298)    4535    4273    
   462 32.98 2.05 2.41           OX402066.1   7400930   7401221 (10165494) C               Kuruka     Unspecified  (4313)    4520    4230    
   457 30.92 0.97 13.92           OX402066.1   9572298   9572605 (7994110) +               Kuruka     Unspecified    4404    4676  (4157)    
   290 27.71 0.00 0.00           OX402066.1  10741797  10741879 (6824836) +               Kuruka     Unspecified    4272    4354  (4479)    
  2022 34.15 1.79 1.88           OX402066.1  12130692  12131807 (5434908) +               Kuruka     Unspecified    3503    4617  (4216)    
   801 34.75 5.24 4.80           OX402066.1  12577789  12578991 (4987724) C               Kuruka     Unspecified  (4165)    4668    3461    
   256 25.40 0.00 1.59           OX402066.1  12580124  12580187 (4986528) C               Kuruka     Unspecified  (6340)    2493    2431    
   242 24.57 0.00 1.75           OX402066.1  12688170  12688227 (4878488) +               Kuruka     Unspecified    2434    2490  (6343)    
  2202 33.68 1.68 1.76           OX402066.1  12689362  12690612 (4876103) +               Kuruka     Unspecified    3511    4760  (4073)    
  1728 34.70 1.43 1.52           OX402067.1   3037481   3038598 (13248836) +               Kuruka     Unspecified    3489    4605  (4228)    
   295 25.35 0.00 0.00           OX402067.1   5094106   5094176 (11193258) +               Kuruka     Unspecified    4284    4354  (4479)    
  1945 33.49 2.63 2.63           OX402067.1   5339975   5341268 (10946166) +               Kuruka     Unspecified    3465    4758  (4075)    
  2137 33.44 2.56 2.73           OX402067.1   5377947   5379194 (10908240) C               Kuruka     Unspecified  (3977)    4856    3611    
  1939 34.71 2.62 2.70           OX402067.1   5534128   5535424 (10752010) C               Kuruka     Unspecified  (4073)    4760    3465    
   382 32.87 2.07 2.42           OX402067.1   7104244   7104533 (9182901) +               Kuruka     Unspecified    4232    4520  (4313)    
  2030 33.78 1.83 1.91           OX402067.1   7307614   7308763 (8978671) C               Kuruka     Unspecified  (4196)    4637    3489    
   254 24.00 4.00 0.00           OX402067.1   7310714   7310788 (8976646) C               Kuruka     Unspecified  (7026)    1807    1730    
  1713 34.46 1.61 1.70           OX402067.1   9742135   9743250 (6544184) C               Kuruka     Unspecified  (4216)    4617    3503    
   930 32.56 1.14 1.14           OX402067.1   9764448   9764885 (6522549) C               Kuruka     Unspecified  (4818)    4015    3578    
  1400 36.26 1.93 1.93           OX402067.1   9824141   9825279 (6462155) C               Kuruka     Unspecified  (4075)    4758    3620    
   493 32.29 2.05 2.41           OX402067.1  14024848  14025139 (2262295) C               Kuruka     Unspecified  (4313)    4520    4230    
  1382 36.49 2.53 2.62           OX402067.1  14161380  14162564 (2124870) +               Kuruka     Unspecified    3578    4761  (4072)    
   235 25.40 0.00 1.59           OX402068.1   1075934   1075997 (14399116) +               Kuruka     Unspecified    2431    2493  (6340)    
   525 31.42 3.11 4.20           OX402068.1   1077130   1077418 (14397695) +               Kuruka     Unspecified    3461    3746  (5087)    
   271 33.01 0.00 0.00           OX402068.1   1077690   1077792 (14397321) +               Kuruka     Unspecified    4024    4126  (4707)    
   382 32.87 2.07 2.42           OX402068.1   5007083   5007372 (10467741) +               Kuruka     Unspecified    4232    4520  (4313)    
  2022 34.15 1.79 1.88           OX402068.1   7363783   7364898 (8110215) C               Kuruka     Unspecified  (4216)    4617    3503    
   266 32.14 2.89 2.89           OX402069.1   4898423   4898595 (10272115) C               Kuruka     Unspecified  (4705)    4128    3956    
  2037 34.06 1.79 1.88           OX402069.1   8471999   8473114 (6697596) C               Kuruka     Unspecified  (4216)    4617    3503    
   598 33.70 1.78 1.78           OX402069.1  11173833  11174113 (3996597) +               Kuruka     Unspecified    3461    3741  (5092)    
   254 31.03 0.00 0.00           OX402069.1  11174836  11174922 (3995788) +               Kuruka     Unspecified    4469    4555  (4278)    
   476 29.27 1.80 1.80           OX402070.1   1571410   1571576 (11829886) C               Kuruka     Unspecified  (5092)    3741    3575    
   251 24.53 3.64 3.64           OX402070.1   3194032   3194141 (10207321) +               Kuruka     Unspecified    4224    4333  (4500)    
  1985 34.42 2.80 2.88           OX402070.1   5893315   5894669 (7506793) C               Kuruka     Unspecified  (3977)    4856    3503    
  1099 36.73 2.28 2.36           OX402070.1   9105215   9106399 (4295063) +               Kuruka     Unspecified    3578    4761  (4072)    
   262 33.94 2.75 4.47           OX402071.1   2218503   2218684 (10582792) C               Kuruka     Unspecified  (4384)    4449    4271    
   264 34.51 4.14 4.14           OX402071.1   9743359   9743624 (3057852) C               Kuruka     Unspecified  (4165)    4668    4403    
   305 33.81 4.18 4.18           OX402071.1   9743773   9744059 (3057417) C               Kuruka     Unspecified  (4581)    4252    3966    
   605 31.42 3.11 4.20           OX402071.1   9744273   9744561 (3056915) C               Kuruka     Unspecified  (5087)    3746    3461    
   257 25.40 0.00 1.59           OX402071.1   9745694   9745757 (3055719) C               Kuruka     Unspecified  (6340)    2493    2431    
   266 32.14 2.89 2.89           OX402071.1  10159939  10160111 (2641365) +               Kuruka     Unspecified    3956    4128  (4705)    
   288 23.94 1.41 0.00           OX402071.1  10760990  10761060 (2040416) +               Kuruka     Unspecified    4284    4355  (4478)    
   298 25.97 0.00 0.00           OX402072.1   5222725   5222801 (6101811) C               Kuruka     Unspecified  (4475)    4358    4282    
   328 32.14 0.71 0.71           OX402072.1   6355986   6356126 (4968486) C               Kuruka     Unspecified  (5108)    3725    3585    
   584 33.46 2.14 1.78           OX402073.1   2433138   2433417 (8690553) +               Kuruka     Unspecified    3461    3741  (5092)    
   424 35.77 1.14 1.52           OX402073.1   7950248   7950511 (3173459) +               Kuruka     Unspecified    4273    4535  (4298)    
   833 36.34 2.93 3.29           OX402073.1   9816261   9817387 (1306583) C               Kuruka     Unspecified  (4222)    4611    3489    
   412 33.17 0.93 0.46           OX402074.1    828280    828494 (9955993) +               Kuruka     Unspecified    3489    3704  (5129)    
   400 37.00 2.35 3.00           OX402074.1    828769    829406 (9955081) +               Kuruka     Unspecified    3978    4611  (4222)    
   262 36.13 3.39 3.83           OX402074.1    916883    917118 (9867369) +               Kuruka     Unspecified    4287    4521  (4312)    
   295 31.60 6.60 6.60           OX402074.1   2002992   2003279 (8781208) C               Kuruka     Unspecified  (5095)    3738    3451    
  1688 34.88 1.43 1.52           OX402074.1  10576811  10577928 (206559) C               Kuruka     Unspecified  (4228)    4605    3489    
   601 31.78 2.07 2.07           OX402074.1  10655832  10656072 (128415) +               Kuruka     Unspecified    3461    3701  (5132)    
   267 22.89 4.60 4.60           OX402074.1  10656835  10656921 (127566) +               Kuruka     Unspecified    4469    4555  (4278)    
   384 36.81 1.09 2.78           OX402075.1   5973909   5974274 (4103472) C               Kuruka     Unspecified  (4388)    4445    4086    
   328 29.82 0.00 3.19           OX402075.1   5974494   5974590 (4103156) C               Kuruka     Unspecified  (4982)    3851    3758    
  1612 35.19 2.33 2.41           OX402075.1   6938509   6939795 (3137951) +               Kuruka     Unspecified    3480    4765  (4068)    
   445 25.60 0.00 3.76           OX402075.1   9926719   9926856 (150890) +               Kuruka     Unspecified    3569    3701  (5132)    
