   235 30.96 4.40 5.67    CANNWQ010000002.1     56015     56264 (961637) C               Kuruka     Unspecified  (4489)    4344    4098    
   275 21.29 4.04 5.10    CANNWQ010000002.1    181925    182023 (835878) +               Kuruka     Unspecified    4281    4378  (4455)    
   421 35.31 5.52 2.69    CANNWQ010000003.1    121972    122297 (357484) +               Kuruka     Unspecified    3465    3799  (5034)    
  2039 33.24 2.01 2.36    CANNWQ010000005.1    837932    839077 (264524) C               Kuruka     Unspecified  (4177)    4656    3515    
   275 21.29 4.04 5.10    CANNWQ010000005.1   1038244   1038342  (65259) C               Kuruka     Unspecified  (4455)    4378    4281    
   229 35.59 3.04 3.49    CANNWQ010000006.1     25685     25914 (981603) C               Kuruka     Unspecified  (4297)    4536    4308    
   283 34.38 1.83 2.45    CANNWQ010000006.1    562022    562185 (445332) +               Kuruka     Unspecified    4284    4446  (4387)    
   232 29.87 3.33 4.03    CANNWQ010000006.1    626783    626932 (380585) +               Kuruka     Unspecified    4229    4377  (4456)    
   363 35.66 1.61 2.02    CANNWQ010000007.1    239402    239650 (752097) +               Kuruka     Unspecified    4273    4520  (4313)    
   617 27.10 0.00 0.00    CANNWQ010000007.1    961712    961866  (29881) C               Kuruka     Unspecified  (5092)    3741    3587    
   344 36.07 1.61 2.02    CANNWQ010000007.1    980367    980615  (11132) +               Kuruka     Unspecified    4273    4520  (4313)    
   442 33.33 3.61 3.61    CANNWQ010000008.1     95037     95313 (793463) C               Kuruka     Unspecified  (5096)    3737    3461    
   229 31.76 3.32 4.62    CANNWQ010000010.1     84282     84522 (483478) C               Kuruka     Unspecified  (4498)    4335    4098    
   251 33.07 0.76 0.76    CANNWQ010000010.1    184308    184438 (383562) C               Kuruka     Unspecified  (4650)    4183    4053    
   331 33.85 0.00 0.00    CANNWQ010000010.1    184768    184897 (383103) C               Kuruka     Unspecified  (5135)    3698    3569    
   466 30.97 0.00 0.00    CANNWQ010000011.1    151002    151156 (390009) +               Kuruka     Unspecified    3585    3739  (5094)    
   431 34.99 5.52 2.69    CANNWQ010000011.1    342659    342984 (198181) C               Kuruka     Unspecified  (5034)    3799    3465    
  1480 36.00 1.87 1.95    CANNWQ010000014.1    198250    199535 (217606) C               Kuruka     Unspecified  (4069)    4764    3480    
   449 34.70 1.60 2.01    CANNWQ010000015.1    229279    229528 (176472) C               Kuruka     Unspecified  (4312)    4521    4273    
  1479 35.26 2.14 2.23    CANNWQ010000015.1    284482    285650 (120350) C               Kuruka     Unspecified  (4219)    4614    3447    
   340 27.08 0.00 0.00    CANNWQ010000018.1    142172    142267 (141437) C               Kuruka     Unspecified  (5155)    3678    3583    
   751 36.51 3.39 2.11    CANNWQ010000020.1     96174     97295 (161594) +               Kuruka     Unspecified    3480    4615  (4218)    
   249 36.97 0.00 0.00    CANNWQ010000020.1    122141    122259 (136630) +               Kuruka     Unspecified    3939    4057  (4776)    
   425 33.33 3.61 3.61    CANNWQ010000021.1     83144     83420 (171886) +               Kuruka     Unspecified    3461    3737  (5096)    
   319 31.90 0.00 0.00    CANNWQ010000024.1    218884    218999      (1) +               Kuruka     Unspecified    3585    3700  (5133)    
  2255 33.28 2.42 2.24    CANNWQ010000025.1     14642     15800 (180928) C               Kuruka     Unspecified  (4162)    4671    3511    
   348 33.51 1.55 1.55    CANNWQ010000025.1     60215     60408 (136320) C               Kuruka     Unspecified  (4162)    4671    4478    
   416 32.32 3.77 4.20    CANNWQ010000026.1    105837    106075  (84194) +               Kuruka     Unspecified    4283    4520  (4313)    
   416 32.32 3.77 4.20    CANNWQ010000026.1    112010    112248  (78021) +               Kuruka     Unspecified    4283    4520  (4313)    
   828 37.72 3.52 2.23    CANNWQ010000030.1      3085      4193 (149661) C               Kuruka     Unspecified  (4222)    4611    3489    
   310 34.32 4.38 4.80    CANNWQ010000031.1     98019     98269  (53005) +               Kuruka     Unspecified    4273    4522  (4311)    
   391 27.38 4.26 4.81    CANNWQ010000046.1    227471    227658  (51342) +               Kuruka     Unspecified    4230    4416  (4417)    
   421 35.31 5.52 2.69    CANNWQ010000049.1     13998     14323 (162477) +               Kuruka     Unspecified    3465    3799  (5034)    
   361 32.74 5.37 5.72    CANNWQ010000051.1     26489     26786  (66831) C               Kuruka     Unspecified  (4313)    4520    4224    
  2255 33.28 2.42 2.24    CANNWQ010000053.1    186936    188094 (156391) C               Kuruka     Unspecified  (4162)    4671    3511    
   246 36.97 0.00 0.00    CANNWQ010000056.1    111486    111604 (505852) C               Kuruka     Unspecified  (4776)    4057    3939    
   277 33.93 3.43 4.02    CANNWQ010000057.1    252682    252856 (411841) C               Kuruka     Unspecified  (4387)    4446    4273    
   277 33.93 3.43 4.02    CANNWQ010000061.1     71221     71395 (380963) C               Kuruka     Unspecified  (4387)    4446    4273    
   407 33.51 1.55 1.55    CANNWQ010000061.1    398543    398736  (53622) +               Kuruka     Unspecified    4478    4671  (4162)    
  2255 33.28 2.42 2.24    CANNWQ010000061.1    443151    444309   (8049) +               Kuruka     Unspecified    3511    4671  (4162)    
   501 30.29 3.59 4.00    CANNWQ010000069.1     22693     22943  (79899) +               Kuruka     Unspecified    4287    4536  (4297)    
   385 35.25 1.61 2.02    CANNWQ010000069.1     29947     30195  (72647) +               Kuruka     Unspecified    4273    4520  (4313)    
  1653 33.31 5.68 2.33    CANNWQ010000069.1     87710     88871  (13971) C               Kuruka     Unspecified  (4073)    4760    3561    
   232 24.24 1.49 1.49    CANNWQ010000069.1     90803     90869  (11973) C               Kuruka     Unspecified  (7028)    1805    1739    
   363 32.97 1.64 2.20    CANNWQ010000072.1    118157    118339 (1153683) +               Kuruka     Unspecified    4265    4446  (4387)    
  2255 33.28 2.42 2.24    CANNWQ010000072.1   1088614   1089772 (182250) +               Kuruka     Unspecified    3511    4671  (4162)    
   244 31.33 3.32 4.62    CANNWQ010000073.1     51321     51561   (6894) C               Kuruka     Unspecified  (4498)    4335    4098    
   277 33.93 3.43 4.02    CANNWQ010000084.1     72826     73000 (157456) +               Kuruka     Unspecified    4273    4446  (4387)    
   314 32.11 2.76 3.16    CANNWQ010000090.1     37644     37897   (5306) C               Kuruka     Unspecified  (4297)    4536    4284    
   265 36.67 3.04 2.35    CANNWQ010000093.1     29759     30054   (4772) +               Kuruka     Unspecified    4227    4524  (4309)    
   250 35.14 3.04 3.49           OX383956.1    550344    550573 (56783665) C               Kuruka     Unspecified  (4297)    4536    4308    
   286 36.49 2.93 3.13           OX383956.1    675129    675640 (56658598) C               Kuruka     Unspecified  (4249)    4584    4074    
   343 34.32 0.00 0.00           OX383956.1   3147668   3147836 (54186402) +               Kuruka     Unspecified    3557    3725  (5108)    
   362 28.15 4.93 4.93           OX383956.1   3428135   3428418 (53905820) +               Kuruka     Unspecified    4053    4336  (4497)    
  2142 31.95 4.17 2.69           OX383956.1   6179764   6180937 (51153301) C               Kuruka     Unspecified  (4178)    4655    3465    
   297 36.61 2.70 1.92           OX383956.1   6986400   6986658 (50347580) +               Kuruka     Unspecified    4264    4524  (4309)    
   391 30.29 0.64 3.27           OX383956.1   8405855   8406011 (48928227) +               Kuruka     Unspecified    3573    3725  (5108)    
   439 36.39 0.35 0.70           OX383956.1   8531892   8532176 (48802062) +               Kuruka     Unspecified    4220    4503  (4330)    
   235 20.65 3.75 9.21           OX383956.1  10682684  10682763 (46651475) C               Kuruka     Unspecified  (5093)    3740    3665    
   276 33.15 4.50 3.47           OX383956.1  16742452  16742651 (40591587) C               Kuruka     Unspecified  (5178)    3655    3454    
   235 20.65 3.75 9.21           OX383956.1  21690045  21690124 (35644114) C               Kuruka     Unspecified  (5093)    3740    3665    
   228 22.39 4.29 4.29           OX383956.1  24527936  24528005 (32806233) C               Kuruka     Unspecified  (5093)    3740    3671    
   499 32.65 1.99 2.40           OX383956.1  26352000  26352250 (30981988) C               Kuruka     Unspecified  (4297)    4536    4287    
   238 20.65 3.75 9.21           OX383956.1  30734459  30734538 (26599700) C               Kuruka     Unspecified  (5093)    3740    3665    
   425 33.74 2.79 4.98           OX383956.1  31814690  31814976 (25519262) +               Kuruka     Unspecified    3462    3742  (5091)    
   604 36.04 2.48 4.39           OX383956.1  38180840  38181605 (19152633) C               Kuruka     Unspecified  (4143)    4690    3939    
   411 26.71 2.03 1.34           OX383956.1  38181841  38181988 (19152250) C               Kuruka     Unspecified  (5129)    3704    3556    
   464 28.85 3.69 4.17           OX383956.1  41616324  41616540 (15717698) C               Kuruka     Unspecified  (4405)    4428    4213    
   251 32.71 3.61 2.38           OX383956.1  41616628  41616793 (15717445) C               Kuruka     Unspecified  (4668)    4165    3998    
   596 31.86 3.15 2.86           OX383956.1  41616946  41617294 (15716944) C               Kuruka     Unspecified  (4997)    3836    3487    
   235 20.65 3.75 9.21           OX383956.1  50536883  50536962 (6797276) C               Kuruka     Unspecified  (5093)    3740    3665    
   297 36.61 2.70 1.92           OX383956.1  50608919  50609177 (6725061) +               Kuruka     Unspecified    4264    4524  (4309)    
  1478 31.60 2.34 2.62           OX383956.1  50746156  50746883 (6587355) +               Kuruka     Unspecified    3931    4656  (4177)    
   449 31.72 6.82 3.79           OX383956.1  51134106  51134413 (6199825) +               Kuruka     Unspecified    3465    3781  (5052)    
   291 31.75 0.78 1.57           OX383956.1  52349303  52349430 (4984808) C               Kuruka     Unspecified  (4443)    4390    4264    
   297 36.61 2.70 1.92           OX383956.1  55111576  55111834 (2222404) +               Kuruka     Unspecified    4264    4524  (4309)    
   286 36.49 2.93 3.13           OX383956.1  56765241  56765752 (568486) +               Kuruka     Unspecified    4074    4584  (4249)    
   311 31.97 0.00 0.00           OX383957.1    310496    310617 (34388784) C               Kuruka     Unspecified  (5155)    3678    3557    
   472 29.14 0.00 0.00           OX383957.1    399458    399608 (34299793) +               Kuruka     Unspecified    3587    3737  (5096)    
   993 36.62 1.93 2.02           OX383957.1    696891    698027 (34001374) C               Kuruka     Unspecified  (4218)    4615    3480    
   993 36.62 1.93 2.02           OX383957.1    704724    705860 (33993541) C               Kuruka     Unspecified  (4218)    4615    3480    
  1460 36.08 1.87 1.95           OX383957.1  11597684  11598969 (23100432) +               Kuruka     Unspecified    3480    4764  (4069)    
   385 35.58 2.80 3.12           OX383957.1  13589482  13589803 (21109598) +               Kuruka     Unspecified    4216    4536  (4297)    
   453 32.96 3.61 3.61           OX383957.1  20815197  20815473 (13883928) C               Kuruka     Unspecified  (5096)    3737    3461    
   229 31.45 1.59 1.59           OX383957.1  21286426  21286551 (13412850) +               Kuruka     Unspecified    4396    4521  (4312)    
   241 20.27 6.98 8.24           OX383957.1  22143172  22143257 (12556144) C               Kuruka     Unspecified  (5084)    3749    3665    
   235 20.65 3.75 9.21           OX383957.1  23469721  23469800 (11229601) +               Kuruka     Unspecified    3665    3740  (5093)    
   321 26.32 4.96 5.71           OX383957.1  26517309  26517449 (8181952) +               Kuruka     Unspecified    4292    4431  (4402)    
  2048 32.77 2.18 2.54           OX383957.1  27394240  27395385 (7304016) +               Kuruka     Unspecified    3515    4656  (4177)    
   365 32.97 1.64 2.20           OX383957.1  28130013  28130195 (6569206) C               Kuruka     Unspecified  (4387)    4446    4265    
   439 33.87 3.11 3.52           OX383957.1  31913204  31913460 (2785941) +               Kuruka     Unspecified    4278    4533  (4300)    
   439 33.87 3.11 3.52           OX383957.1  31919803  31920059 (2779342) +               Kuruka     Unspecified    4278    4533  (4300)    
   439 33.87 3.11 3.52           OX383957.1  31926402  31926658 (2772743) +               Kuruka     Unspecified    4278    4533  (4300)    
  1196 34.36 3.13 2.59           OX383957.1  34600644  34601602  (97799) C               Kuruka     Unspecified  (4282)    4551    3588    
   351 31.77 5.19 4.41           OX383958.1    448087    448356 (33673362) C               Kuruka     Unspecified  (4288)    4545    4274    
   252 27.91 5.81 0.00           OX383958.1   1411669   1411754 (32709964) +               Kuruka     Unspecified    4249    4339  (4494)    
   246 36.48 1.53 2.48           OX383958.1   3748608   3748933 (30372785) +               Kuruka     Unspecified    4011    4333  (4500)    
   367 35.51 1.20 1.61           OX383958.1   4069502   4069750 (30051968) C               Kuruka     Unspecified  (4313)    4520    4273    
  1323 37.06 1.67 1.76           OX383958.1   9124724   9125860 (24995858) C               Kuruka     Unspecified  (4218)    4615    3480    
   337 29.49 3.68 4.32           OX383958.1  16058657  16058819 (18062899) +               Kuruka     Unspecified    4293    4454  (4379)    
  1221 36.07 2.37 2.46           OX383958.1  17539692  17540828 (16580890) C               Kuruka     Unspecified  (4218)    4615    3480    
  1704 33.79 1.94 2.03           OX383958.1  17649771  17650906 (16470812) +               Kuruka     Unspecified    3480    4614  (4219)    
   297 36.61 2.70 1.92           OX383958.1  17810908  17811166 (16310552) +               Kuruka     Unspecified    4264    4524  (4309)    
   421 32.97 1.64 2.20           OX383958.1  18206207  18206389 (15915329) +               Kuruka     Unspecified    4265    4446  (4387)    
   617 27.10 0.00 0.00           OX383958.1  20966511  20966665 (13155053) C               Kuruka     Unspecified  (5092)    3741    3587    
  2092 34.04 2.22 2.14           OX383958.1  21471718  21473026 (12648692) +               Kuruka     Unspecified    3452    4761  (4072)    
   347 34.73 1.37 1.37           OX383958.1  24655550  24655695 (9466023) C               Kuruka     Unspecified  (5113)    3720    3575    
   404 34.96 1.04 1.04           OX383958.1  24857503  24857791 (9263927) +               Kuruka     Unspecified    3556    3844  (4989)    
   556 35.81 2.46 4.90           OX383958.1  24857886  24858575 (9263143) +               Kuruka     Unspecified    3939    4612  (4221)    
   409 32.40 3.28 3.85           OX383958.1  26042216  26042398 (8079320) C               Kuruka     Unspecified  (4387)    4446    4265    
   229 29.29 2.94 2.94           OX383958.1  26119421  26119522 (8002196) +               Kuruka     Unspecified    4402    4503  (4330)    
   252 34.89 4.25 2.57           OX383958.1  31105323  31105628 (3016090) +               Kuruka     Unspecified    4190    4500  (4333)    
   359 35.05 0.92 1.39           OX383958.1  31222661  31222877 (2898841) +               Kuruka     Unspecified    4307    4522  (4311)    
   291 31.75 0.78 1.57           OX383958.1  32669158  32669285 (1452433) C               Kuruka     Unspecified  (4443)    4390    4264    
   309 32.26 2.36 2.36           OX383958.1  33951462  33951588 (170130) +               Kuruka     Unspecified    3588    3714  (5119)    
   349 32.94 2.66 3.05           OX383959.1     45024     45286 (33832416) C               Kuruka     Unspecified  (4297)    4536    4275    
   404 33.21 2.65 3.04           OX383959.1    356203    356466 (33521236) +               Kuruka     Unspecified    4273    4535  (4298)    
   235 20.65 3.75 9.21           OX383959.1   5398496   5398575 (28479127) +               Kuruka     Unspecified    3665    3740  (5093)    
   258 35.28 3.19 4.02           OX383959.1   5682017   5682267 (28195435) C               Kuruka     Unspecified  (4312)    4521    4273    
   468 32.96 3.61 3.61           OX383959.1   5748343   5748619 (28129083) +               Kuruka     Unspecified    3461    3737  (5096)    
   353 31.72 6.22 1.99           OX383959.1   9385256   9385448 (24492254) +               Kuruka     Unspecified    4273    4473  (4360)    
   793 36.07 2.27 4.50           OX383959.1   9771803   9772551 (24105151) C               Kuruka     Unspecified  (4162)    4671    3939    
   476 34.96 1.04 1.04           OX383959.1   9772646   9772934 (24104768) C               Kuruka     Unspecified  (4989)    3844    3556    
   356 33.87 3.11 3.52           OX383959.1  11812047  11812303 (22065399) C               Kuruka     Unspecified  (4300)    4533    4278    
   261 28.17 0.00 0.00           OX383959.1  12118865  12118935 (21758767) C               Kuruka     Unspecified  (4479)    4354    4284    
   271 35.42 2.28 3.46           OX383959.1  21280882  21281232 (12596470) C               Kuruka     Unspecified  (4500)    4333    3987    
   265 31.26 1.52 3.08           OX383959.1  28477933  28478064 (5399638) +               Kuruka     Unspecified    3485    3614  (5219)    
   295 30.49 1.52 3.08           OX383959.1  28504723  28504854 (5372848) C               Kuruka     Unspecified  (5219)    3614    3485    
   297 36.61 2.70 1.92           OX383959.1  30637236  30637494 (3240208) +               Kuruka     Unspecified    4264    4524  (4309)    
  1247 36.65 2.02 2.11           OX383959.1  32874239  32875375 (1002327) +               Kuruka     Unspecified    3480    4615  (4218)    
   581 36.29 1.54 1.80           OX383959.1  33577930  33578319 (299383) C               Kuruka     Unspecified  (4218)    4615    4227    
   673 36.82 2.13 2.13           OX383959.1  33582867  33583618 (294084) C               Kuruka     Unspecified  (4602)    4231    3480    
  1402 35.03 2.22 2.31           OX383959.1  33637429  33638597 (239105) +               Kuruka     Unspecified    3447    4614  (4219)    
  1460 36.08 1.87 1.95           OX383960.1    831535    832820 (32590582) +               Kuruka     Unspecified    3480    4764  (4069)    
   423 32.52 3.91 3.91           OX383960.1   4315568   4315823 (29107579) +               Kuruka     Unspecified    4278    4533  (4300)    
   272 36.48 2.00 2.41           OX383960.1   6818554   6818803 (26604599) +               Kuruka     Unspecified    4273    4521  (4312)    
   439 31.61 0.00 0.00           OX383960.1  12239391  12239545 (21183857) +               Kuruka     Unspecified    3585    3739  (5094)    
   933 30.82 2.25 2.46           OX383960.1  18642601  18643089 (14780313) C               Kuruka     Unspecified  (4177)    4656    4169    
   848 35.19 1.41 1.88           OX383960.1  18644789  18645428 (14777974) C               Kuruka     Unspecified  (4682)    4151    3515    
   264 34.94 3.93 4.28           OX383960.1  18825607  18825911 (14597491) C               Kuruka     Unspecified  (4297)    4536    4233    
   419 31.93 1.19 1.19           OX383960.1  23639706  23639873 (9783529) C               Kuruka     Unspecified  (5091)    3742    3575    
   237 20.27 6.98 8.24           OX383960.1  26917022  26917107 (6506295) C               Kuruka     Unspecified  (5084)    3749    3665    
  2045 35.27 2.12 2.04           OX383960.1  27807895  27809214 (5614188) C               Kuruka     Unspecified  (4073)    4760    3440    
   297 36.61 2.70 1.92           OX383960.1  29650706  29650964 (3772438) +               Kuruka     Unspecified    4264    4524  (4309)    
   252 27.91 5.81 0.00           OX383960.1  30167629  30167714 (3255688) +               Kuruka     Unspecified    4249    4339  (4494)    
   250 22.81 0.00 0.00           OX383961.1    100298    100354 (32491561) +               Kuruka     Unspecified    4292    4348  (4485)    
   269 33.34 2.74 3.45           OX383961.1   2387595   2387740 (30204175) +               Kuruka     Unspecified    4230    4374  (4459)    
   314 28.00 4.00 0.00           OX383961.1   4108349   4108448 (28483467) +               Kuruka     Unspecified    4251    4354  (4479)    
  2035 33.07 2.01 2.36           OX383961.1   9026329   9027474 (23564441) +               Kuruka     Unspecified    3515    4656  (4177)    
   361 27.38 4.26 4.81           OX383961.1   9104227   9104414 (23487501) C               Kuruka     Unspecified  (4417)    4416    4230    
   312 34.57 4.02 3.60           OX383961.1  11487223  11487471 (21104444) C               Kuruka     Unspecified  (4311)    4522    4273    
  1621 33.95 2.66 2.40           OX383961.1  12388843  12390046 (20201869) C               Kuruka     Unspecified  (4066)    4767    3561    
   391 30.29 0.64 3.27           OX383961.1  13470402  13470558 (19121357) +               Kuruka     Unspecified    3573    3725  (5108)    
   347 30.14 1.34 2.03           OX383961.1  13679471  13679619 (18912296) C               Kuruka     Unspecified  (4456)    4377    4230    
   255 28.69 3.91 4.72           OX383961.1  14504034  14504161 (18087754) +               Kuruka     Unspecified    4264    4390  (4443)    
   255 28.69 3.91 4.72           OX383961.1  14508710  14508837 (18083078) +               Kuruka     Unspecified    4264    4390  (4443)    
   232 22.73 0.00 0.00           OX383961.1  14531225  14531268 (18060647) +               Kuruka     Unspecified    4284    4327  (4506)    
   311 28.00 4.00 0.00           OX383961.1  15633339  15633438 (16958477) +               Kuruka     Unspecified    4251    4354  (4479)    
   282 28.00 4.00 0.00           OX383961.1  16606717  16606816 (15985099) C               Kuruka     Unspecified  (4479)    4354    4251    
   256 37.02 2.67 3.07           OX383961.1  16690103  16690364 (15901551) +               Kuruka     Unspecified    4273    4533  (4300)    
   435 31.32 1.19 1.19           OX383961.1  16707714  16707881 (15884034) +               Kuruka     Unspecified    3575    3742  (5091)    
   601 25.92 5.88 4.65           OX383961.1  16820376  16820630 (15771285) C               Kuruka     Unspecified  (4989)    3844    3587    
  1745 33.51 1.75 2.10           OX383961.1  17390515  17391660 (15200255) C               Kuruka     Unspecified  (4177)    4656    3515    
   291 31.75 0.78 1.57           OX383961.1  17635302  17635429 (14956486) +               Kuruka     Unspecified    4264    4390  (4443)    
   303 35.50 0.00 0.00           OX383961.1  19038147  19038315 (13553600) C               Kuruka     Unspecified  (5108)    3725    3557    
   315 31.45 2.54 2.98           OX383961.1  24164137  24164372 (8427543) +               Kuruka     Unspecified    4287    4521  (4312)    
   243 28.17 0.00 0.00           OX383961.1  25934295  25934365 (6657550) C               Kuruka     Unspecified  (4479)    4354    4284    
  1221 36.07 2.37 2.46           OX383961.1  26936341  26937477 (5654438) +               Kuruka     Unspecified    3480    4615  (4218)    
  2339 33.54 2.77 2.62           OX383961.1  27885332  27886666 (4705249) +               Kuruka     Unspecified    3511    4847  (3986)    
   429 33.87 3.11 3.52           OX383961.1  28328684  28328940 (4262975) C               Kuruka     Unspecified  (4300)    4533    4278    
   225 30.50 2.74 3.45           OX383961.1  32243199  32243344 (348571) +               Kuruka     Unspecified    4284    4428  (4405)    
   421 31.93 1.19 1.19           OX383962.1    136435    136602 (32254589) C               Kuruka     Unspecified  (5091)    3742    3575    
   313 33.65 4.74 5.19           OX383962.1    358477    358708 (32032483) C               Kuruka     Unspecified  (4330)    4503    4273    
   271 35.42 2.28 3.46           OX383962.1   3240151   3240501 (29150690) C               Kuruka     Unspecified  (4500)    4333    3987    
   365 32.53 2.76 3.16           OX383962.1   6635081   6635334 (25755857) C               Kuruka     Unspecified  (4297)    4536    4284    
  1743 33.66 1.85 1.94           OX383962.1   6833428   6834563 (25556628) C               Kuruka     Unspecified  (4219)    4614    3480    
   267 22.81 0.00 0.00           OX383962.1   9778973   9779029 (22612162) +               Kuruka     Unspecified    4292    4348  (4485)    
   401 32.76 3.77 4.20           OX383962.1  11786896  11787134 (20604057) C               Kuruka     Unspecified  (4313)    4520    4283    
   431 34.99 5.52 2.69           OX383962.1  13900210  13900535 (18490656) C               Kuruka     Unspecified  (5034)    3799    3465    
   252 27.91 5.81 0.00           OX383962.1  17295080  17295165 (15096026) +               Kuruka     Unspecified    4249    4339  (4494)    
   236 29.23 0.00 0.00           OX383962.1  18616386  18616450 (13774741) +               Kuruka     Unspecified    4284    4348  (4485)    
   236 33.33 0.00 0.00           OX383962.1  20311427  20311519 (12079672) C               Kuruka     Unspecified  (5157)    3676    3584    
   343 34.32 0.00 0.00           OX383962.1  21292026  21292194 (11098997) +               Kuruka     Unspecified    3557    3725  (5108)    
   310 34.32 4.38 4.80           OX383962.1  22359906  22360156 (10031035) C               Kuruka     Unspecified  (4311)    4522    4273    
   233 23.88 1.47 1.47           OX383962.1  23560094  23560161 (8831030) +               Kuruka     Unspecified    4281    4348  (4485)    
   291 31.75 0.78 1.57           OX383962.1  23864546  23864673 (8526518) C               Kuruka     Unspecified  (4443)    4390    4264    
   310 34.32 4.38 4.80           OX383962.1  27418213  27418463 (4972728) +               Kuruka     Unspecified    4273    4522  (4311)    
   350 35.03 1.00 1.51           OX383962.1  28330035  28330234 (4060957) +               Kuruka     Unspecified    4307    4505  (4328)    
   416 32.32 3.77 4.20           OX383962.1  30536375  30536613 (1854578) C               Kuruka     Unspecified  (4313)    4520    4283    
   435 31.32 1.19 1.19           OX383962.1  31780727  31780894 (610297) +               Kuruka     Unspecified    3575    3742  (5091)    
   370 33.48 3.11 3.52           OX383963.1    235537    235793 (31142157) +               Kuruka     Unspecified    4278    4533  (4300)    
   307 27.94 4.26 4.81           OX383963.1   1791212   1791399 (29586551) C               Kuruka     Unspecified  (4417)    4416    4230    
  1271 36.57 2.02 2.11           OX383963.1   3510315   3511451 (27866499) C               Kuruka     Unspecified  (4218)    4615    3480    
   253 27.74 0.00 3.61           OX383963.1   3646426   3646511 (27731439) C               Kuruka     Unspecified  (4221)    4612    4530    
   383 35.76 2.02 5.10           OX383963.1   3647069   3647613 (27730337) C               Kuruka     Unspecified  (4366)    4467    3939    
   319 34.34 1.19 1.19           OX383963.1   3736840   3737007 (27640943) C               Kuruka     Unspecified  (5091)    3742    3575    
   353 31.72 6.22 1.99           OX383963.1   4187614   4187806 (27190144) +               Kuruka     Unspecified    4273    4473  (4360)    
   261 28.17 0.00 0.00           OX383963.1   4303365   4303435 (27074515) C               Kuruka     Unspecified  (4479)    4354    4284    
   626 26.38 2.45 0.00           OX383963.1  13607995  13608157 (17769793) +               Kuruka     Unspecified    3575    3741  (5092)    
  1506 36.34 1.71 1.79           OX383963.1  14277466  14278751 (17099199) +               Kuruka     Unspecified    3480    4764  (4069)    
  1728 33.28 1.83 2.28           OX383963.1  23422158  23423304 (7954646) C               Kuruka     Unspecified  (4177)    4656    3515    
   419 31.93 1.19 1.19           OX383963.1  26039311  26039478 (5338472) +               Kuruka     Unspecified    3575    3742  (5091)    
   265 30.82 4.42 5.00           OX383963.1  30790645  30790825 (587125) C               Kuruka     Unspecified  (4367)    4466    4287    
   911 35.48 1.87 2.05           OX383964.1   6162949   6163535 (25000172) C               Kuruka     Unspecified  (4222)    4611    4026    
   297 36.61 2.70 1.92           OX383964.1  10748623  10748881 (20414826) C               Kuruka     Unspecified  (4309)    4524    4264    
   452 33.48 3.11 3.52           OX383964.1  11077697  11077953 (20085754) +               Kuruka     Unspecified    4278    4533  (4300)    
   353 34.32 0.00 0.00           OX383964.1  12908590  12908758 (18254949) +               Kuruka     Unspecified    3557    3725  (5108)    
   410 32.11 2.76 3.16           OX383964.1  13500858  13501111 (17662596) +               Kuruka     Unspecified    4284    4536  (4297)    
  1860 34.16 2.68 2.25           OX383964.1  16011581  16012775 (15150932) C               Kuruka     Unspecified  (4073)    4760    3561    
   232 24.24 1.49 1.49           OX383964.1  16014707  16014773 (15148934) C               Kuruka     Unspecified  (7028)    1805    1739    
   250 30.53 4.40 5.67           OX383964.1  17016165  17016414 (14147293) C               Kuruka     Unspecified  (4489)    4344    4098    
   244 18.18 1.82 0.00           OX383964.1  20318744  20318798 (10844909) C               Kuruka     Unspecified  (1774)    7059    7004    
   501 30.29 3.59 4.00           OX383964.1  26328559  26328809 (4834898) C               Kuruka     Unspecified  (4297)    4536    4287    
   388 34.66 1.72 2.16           OX383964.1  29639707  29639939 (1523768) +               Kuruka     Unspecified    4273    4504  (4329)    
   317 31.25 0.00 0.00           OX383964.1  30944414  30944525 (219182) +               Kuruka     Unspecified    3584    3695  (5138)    
   391 30.29 0.64 3.27           OX383965.1    836490    836646 (28695454) +               Kuruka     Unspecified    3573    3725  (5108)    
  2021 33.34 2.01 2.36           OX383965.1   1819800   1820945 (27711155) C               Kuruka     Unspecified  (4177)    4656    3515    
  1490 36.42 1.71 1.79           OX383965.1   5978073   5979358 (23552742) +               Kuruka     Unspecified    3480    4764  (4069)    
   272 32.51 3.98 4.40           OX383965.1   6613166   6613416 (22918684) +               Kuruka     Unspecified    4287    4536  (4297)    
   396 33.53 1.64 2.20           OX383965.1   7942607   7942789 (21589311) +               Kuruka     Unspecified    4265    4446  (4387)    
  1476 36.50 1.71 1.79           OX383965.1   8313039   8314324 (21217776) +               Kuruka     Unspecified    3480    4764  (4069)    
   235 20.65 3.75 9.21           OX383965.1   8843000   8843079 (20689021) +               Kuruka     Unspecified    3665    3740  (5093)    
   321 35.10 3.38 3.81           OX383965.1  11011143  11011379 (18520721) C               Kuruka     Unspecified  (4320)    4513    4278    
   363 31.45 2.54 2.98           OX383965.1  12661598  12661833 (16870267) C               Kuruka     Unspecified  (4312)    4521    4287    
   307 27.94 4.26 4.81           OX383965.1  14735290  14735477 (14796623) C               Kuruka     Unspecified  (4417)    4416    4230    
   421 32.97 1.64 2.20           OX383965.1  16721709  16721891 (12810209) +               Kuruka     Unspecified    4265    4446  (4387)    
   488 32.38 2.39 2.80           OX383965.1  21659382  21659632 (7872468) +               Kuruka     Unspecified    4287    4536  (4297)    
   274 30.48 0.00 0.00           OX383965.1  21959212  21959316 (7572784) C               Kuruka     Unspecified  (5108)    3725    3621    
   435 31.32 1.19 1.19           OX383965.1  22163547  22163714 (7368386) C               Kuruka     Unspecified  (5091)    3742    3575    
   243 28.17 0.00 0.00           OX383965.1  22425697  22425767 (7106333) C               Kuruka     Unspecified  (4479)    4354    4284    
  2289 32.65 2.26 2.69           OX383965.1  24599957  24601152 (4930948) +               Kuruka     Unspecified    3465    4655  (4178)    
  1920 32.97 1.84 2.44           OX383965.1  24615195  24616226 (4915874) +               Kuruka     Unspecified    3630    4655  (4178)    
  1929 34.36 2.03 2.03           OX383965.1  24893142  24894276 (4637824) C               Kuruka     Unspecified  (4219)    4614    3480    
   401 32.76 3.77 4.20           OX383965.1  27281175  27281413 (2250687) C               Kuruka     Unspecified  (4313)    4520    4283    
   310 34.32 4.38 4.80           OX383966.1   1193159   1193409 (29369610) C               Kuruka     Unspecified  (4311)    4522    4273    
   233 34.79 1.43 1.43           OX383966.1   3656966   3657105 (26905914) +               Kuruka     Unspecified    4397    4536  (4297)    
   493 34.07 3.19 3.19           OX383966.1   8569093   8569374 (21993645) C               Kuruka     Unspecified  (5091)    3742    3461    
   268 33.34 2.74 3.45           OX383966.1  10990380  10990525 (19572494) +               Kuruka     Unspecified    4230    4374  (4459)    
   234 34.79 1.43 1.43           OX383966.1  11386974  11387113 (19175906) C               Kuruka     Unspecified  (4297)    4536    4397    
   250 22.81 0.00 0.00           OX383966.1  13086326  13086382 (17476637) C               Kuruka     Unspecified  (4485)    4348    4292    
  1460 36.08 1.87 1.95           OX383966.1  13245877  13247162 (17315857) C               Kuruka     Unspecified  (4069)    4764    3480    
   364 35.08 3.25 3.25           OX383966.1  15898984  15899260 (14663759) +               Kuruka     Unspecified    3465    3741  (5092)    
   282 24.66 0.00 0.00           OX383966.1  16635597  16635669 (13927350) +               Kuruka     Unspecified    3623    3695  (5138)    
   329 32.40 0.70 0.70           OX383966.1  16636081  16636223 (13926796) +               Kuruka     Unspecified    4427    4569  (4264)    
   252 27.91 5.81 0.00           OX383966.1  17237629  17237714 (13325305) C               Kuruka     Unspecified  (4494)    4339    4249    
   234 34.79 1.43 1.43           OX383966.1  17533491  17533630 (13029389) C               Kuruka     Unspecified  (4297)    4536    4397    
   306 21.29 4.04 5.10           OX383966.1  18350738  18350836 (12212183) C               Kuruka     Unspecified  (4455)    4378    4281    
   235 23.88 1.47 1.47           OX383966.1  20124948  20125015 (10438004) C               Kuruka     Unspecified  (4485)    4348    4281    
   234 34.79 1.43 1.43           OX383966.1  21171106  21171245 (9391774) +               Kuruka     Unspecified    4397    4536  (4297)    
   285 33.49 3.35 3.78           OX383966.1  22594024  22594262 (7968757) +               Kuruka     Unspecified    4284    4521  (4312)    
   334 34.91 0.00 0.00           OX383966.1  26568178  26568346 (3994673) +               Kuruka     Unspecified    3557    3725  (5108)    
   335 29.41 3.30 3.79           OX383966.1  26755301  26755512 (3807507) +               Kuruka     Unspecified    4220    4430  (4403)    
   269 30.82 4.42 5.00           OX383966.1  27868209  27868389 (2694630) +               Kuruka     Unspecified    4287    4466  (4367)    
   391 30.29 0.64 3.27           OX383966.1  30523276  30523432  (39587) C               Kuruka     Unspecified  (5108)    3725    3573    
   307 27.94 4.26 4.81           OX383967.1   2436026   2436213 (28126636) C               Kuruka     Unspecified  (4417)    4416    4230    
   421 32.97 1.64 2.20           OX383967.1   3654535   3654717 (26908132) C               Kuruka     Unspecified  (4387)    4446    4265    
   421 32.97 1.64 2.20           OX383967.1   4804453   4804635 (25758214) +               Kuruka     Unspecified    4265    4446  (4387)    
  1250 36.62 1.93 2.02           OX383967.1   7289505   7290641 (23272208) C               Kuruka     Unspecified  (4218)    4615    3480    
  1422 36.32 1.87 1.95           OX383967.1  10547000  10548285 (20014564) +               Kuruka     Unspecified    3480    4764  (4069)    
   305 37.35 2.16 2.48           OX383967.1  10581234  10581557 (19981292) C               Kuruka     Unspecified  (4297)    4536    4214    
   269 30.82 4.42 5.00           OX383967.1  10784254  10784434 (19778415) +               Kuruka     Unspecified    4287    4466  (4367)    
  2117 32.69 3.54 2.36           OX383967.1  13928227  13929357 (16633492) +               Kuruka     Unspecified    3515    4658  (4175)    
   362 32.97 1.64 2.20           OX383967.1  14250798  14250980 (16311869) +               Kuruka     Unspecified    4265    4446  (4387)    
  1360 37.36 2.06 2.14           OX383967.1  14502099  14503408 (16059441) C               Kuruka     Unspecified  (4069)    4764    3456    
   283 22.35 4.04 5.10           OX383967.1  21581071  21581169 (8981680) C               Kuruka     Unspecified  (4455)    4378    4281    
   303 34.32 0.00 0.00           OX383967.1  27022709  27022877 (3539972) +               Kuruka     Unspecified    3557    3725  (5108)    
   503 34.62 1.04 1.04           OX383967.1  29154568  29154856 (1407993) +               Kuruka     Unspecified    3556    3844  (4989)    
   762 36.21 2.27 4.50           OX383967.1  29154951  29155699 (1407150) +               Kuruka     Unspecified    3939    4671  (4162)    
   444 35.08 3.25 3.25           OX383967.1  29285483  29285759 (1277090) C               Kuruka     Unspecified  (5092)    3741    3465    
   297 36.61 2.70 1.92           OX383967.1  30007782  30008040 (554809) +               Kuruka     Unspecified    4264    4524  (4309)    
   344 30.09 3.81 4.26           OX383967.1  30318102  30318337 (244512) +               Kuruka     Unspecified    4287    4521  (4312)    
   234 34.79 1.43 1.43           OX383968.1   2143036   2143175 (28034608) C               Kuruka     Unspecified  (4297)    4536    4397    
   401 32.76 3.77 4.20           OX383968.1   2724573   2724811 (27452972) C               Kuruka     Unspecified  (4313)    4520    4283    
   407 32.74 3.04 3.04           OX383968.1   3735385   3735614 (26442169) C               Kuruka     Unspecified  (5139)    3694    3465    
   352 27.94 4.26 4.81           OX383968.1   4128915   4129102 (26048681) +               Kuruka     Unspecified    4230    4416  (4417)    
  1256 36.62 1.93 2.02           OX383968.1   4857234   4858370 (25319413) +               Kuruka     Unspecified    3480    4615  (4218)    
  1256 36.62 1.93 2.02           OX383968.1   5418064   5419200 (24758583) C               Kuruka     Unspecified  (4218)    4615    3480    
   559 36.58 4.28 2.42           OX383968.1   5803695   5804302 (24373481) +               Kuruka     Unspecified    3933    4551  (4282)    
   628 36.48 5.26 3.57           OX383968.1   5832437   5833482 (24344301) +               Kuruka     Unspecified    3489    4551  (4282)    
   391 30.29 0.64 3.27           OX383968.1   6264642   6264798 (23912985) C               Kuruka     Unspecified  (5108)    3725    3573    
   249 29.08 2.74 3.45           OX383968.1   6717883   6718028 (23459755) C               Kuruka     Unspecified  (4405)    4428    4284    
   273 31.53 0.89 0.89           OX383968.1   7115048   7115159 (23062624) C               Kuruka     Unspecified  (5138)    3695    3584    
   315 30.18 4.38 0.60           OX383968.1   7789169   7789328 (22388455) +               Kuruka     Unspecified    3436    3601  (5232)    
   575 36.07 3.92 2.84           OX383968.1   7800082   7801128 (22376655) C               Kuruka     Unspecified  (4288)    4545    3488    
   407 30.42 9.91 5.43           OX383968.1   7822534   7822957 (22354826) +               Kuruka     Unspecified    3436    3877  (4956)    
   526 37.47 1.22 1.47           OX383968.1   7828159   7828567 (22349216) +               Kuruka     Unspecified    3967    4374  (4459)    
  2015 33.34 2.01 2.36           OX383968.1   7862790   7863935 (22313848) +               Kuruka     Unspecified    3515    4656  (4177)    
   349 27.27 0.00 0.00           OX383968.1   8227445   8227532 (21950251) +               Kuruka     Unspecified    3580    3667  (5166)    
   271 36.27 1.42 2.59           OX383968.1   8243119   8243469 (21934314) +               Kuruka     Unspecified    3987    4333  (4500)    
  2055 34.61 2.35 2.43           OX383968.1   8374193   8375551 (21802232) +               Kuruka     Unspecified    3488    4845  (3988)    
   263 34.27 0.69 0.69           OX383968.1   8754472   8754615 (21423168) C               Kuruka     Unspecified  (4642)    4191    4048    
   392 26.04 0.00 0.00           OX383968.1   8754981   8755076 (21422707) C               Kuruka     Unspecified  (5155)    3678    3583    
   423 33.78 3.05 4.32           OX383968.1   9203631   9203958 (20973825) +               Kuruka     Unspecified    4228    4551  (4282)    
   779 34.49 3.23 2.31           OX383968.1   9609237   9609794 (20567989) C               Kuruka     Unspecified  (4075)    4758    4196    
  1132 36.39 2.57 2.18           OX383968.1   9614007   9614784 (20562999) C               Kuruka     Unspecified  (4666)    4167    3387    
   433 35.11 1.60 2.01           OX383968.1  10066122  10066371 (20111412) C               Kuruka     Unspecified  (4312)    4521    4273    
   297 36.61 2.70 1.92           OX383968.1  12908383  12908641 (17269142) C               Kuruka     Unspecified  (4309)    4524    4264    
   305 37.35 2.16 2.48           OX383968.1  18048553  18048876 (12128907) +               Kuruka     Unspecified    4214    4536  (4297)    
   363 31.45 2.54 2.98           OX383968.1  18933545  18933780 (11244003) C               Kuruka     Unspecified  (4312)    4521    4287    
   297 36.61 2.70 1.92           OX383968.1  19861652  19861910 (10315873) +               Kuruka     Unspecified    4264    4524  (4309)    
   243 28.17 0.00 0.00           OX383968.1  20210169  20210239 (9967544) +               Kuruka     Unspecified    4284    4354  (4479)    
   272 36.48 2.00 2.41           OX383968.1  20533138  20533387 (9644396) C               Kuruka     Unspecified  (4312)    4521    4273    
  1933 35.19 2.35 2.20           OX383968.1  21391321  21392639 (8785144) C               Kuruka     Unspecified  (4073)    4760    3440    
   234 31.25 2.31 1.53           OX383968.1  21525585  21525714 (8652069) C               Kuruka     Unspecified  (4650)    4183    4053    
   411 33.12 0.00 0.00           OX383968.1  21526039  21526195 (8651588) C               Kuruka     Unspecified  (5108)    3725    3569    
   376 33.85 3.85 2.27           OX383968.1  21700718  21700977 (8476806) C               Kuruka     Unspecified  (4288)    4545    4282    
   554 36.58 4.08 2.16           OX383968.1  21701240  21701876 (8475907) C               Kuruka     Unspecified  (4696)    4137    3489    
   334 27.42 2.34 3.15           OX383968.1  21766832  21766959 (8410824) +               Kuruka     Unspecified    4264    4390  (4443)    
  2122 33.81 2.50 2.42           OX383968.1  21888437  21889715 (8288068) +               Kuruka     Unspecified    3452    4731  (4102)    
   268 34.67 0.66 0.66           OX383968.1  21916747  21916897 (8260886) +               Kuruka     Unspecified    3588    3738  (5095)    
   345 33.62 2.07 2.50           OX383968.1  22026855  22027095 (8150688) C               Kuruka     Unspecified  (4288)    4545    4306    
   257 36.22 5.23 1.87           OX383968.1  22444789  22445151 (7732632) +               Kuruka     Unspecified    3456    3830  (5003)    
   468 32.96 3.61 3.61           OX383968.1  22531604  22531880 (7645903) +               Kuruka     Unspecified    3461    3737  (5096)    
   587 26.51 5.84 4.62           OX383968.1  22548794  22549050 (7628733) +               Kuruka     Unspecified    3585    3844  (4989)    
   337 35.66 1.45 1.45           OX383968.1  23200999  23201274 (6976509) C               Kuruka     Unspecified  (4072)    4761    4486    
   444 35.08 3.25 3.25           OX383968.1  23737304  23737580 (6440203) C               Kuruka     Unspecified  (5092)    3741    3465    
   736 35.08 7.60 2.89           OX383968.1  23819437  23820528 (6357255) C               Kuruka     Unspecified  (4204)    4629    3488    
   292 37.00 2.70 1.92           OX383968.1  25690627  25690885 (4486898) +               Kuruka     Unspecified    4264    4524  (4309)    
   287 22.35 4.04 5.10           OX383968.1  25749824  25749922 (4427861) C               Kuruka     Unspecified  (4455)    4378    4281    
  1818 35.56 3.13 2.46           OX383968.1  25876332  25877706 (4300077) C               Kuruka     Unspecified  (3988)    4845    3462    
   606 35.37 0.30 1.82           OX383968.1  25881697  25882030 (4295753) +               Kuruka     Unspecified    4026    4354  (4479)    
   229 35.59 3.04 3.49           OX383968.1  26039947  26040176 (4137607) +               Kuruka     Unspecified    4308    4536  (4297)    
   274 33.45 4.59 4.93           OX383968.1  27733429  27733733 (2444050) +               Kuruka     Unspecified    4233    4536  (4297)    
   274 33.45 4.59 4.93           OX383968.1  27738892  27739196 (2438587) +               Kuruka     Unspecified    4233    4536  (4297)    
   237 32.63 0.00 0.00           OX383969.1    496173    496267 (29283630) C               Kuruka     Unspecified  (4676)    4157    4063    
   326 29.29 3.75 1.84           OX383969.1    496385    496544 (29283353) C               Kuruka     Unspecified  (4939)    3894    3732    
   265 35.55 1.10 1.10           OX383969.1   2217466   2217647 (27562250) +               Kuruka     Unspecified    3933    4114  (4719)    
   235 20.65 3.75 9.21           OX383969.1   4465204   4465283 (25314614) +               Kuruka     Unspecified    3665    3740  (5093)    
   252 27.91 5.81 0.00           OX383969.1   8702951   8703036 (21076861) +               Kuruka     Unspecified    4249    4339  (4494)    
   307 27.94 4.26 4.81           OX383969.1  11499810  11499997 (18279900) C               Kuruka     Unspecified  (4417)    4416    4230    
   368 31.88 2.54 2.98           OX383969.1  15132937  15133172 (14646725) C               Kuruka     Unspecified  (4312)    4521    4287    
   297 36.61 2.70 1.92           OX383969.1  16089436  16089694 (13690203) C               Kuruka     Unspecified  (4309)    4524    4264    
   250 35.14 3.04 3.49           OX383969.1  19581435  19581664 (10198233) C               Kuruka     Unspecified  (4297)    4536    4308    
   297 31.81 1.80 0.89           OX383969.1  19709670  19709780 (10070117) C               Kuruka     Unspecified  (4447)    4386    4275    
   296 31.81 1.80 0.89           OX383969.1  22232469  22232579 (7547318) +               Kuruka     Unspecified    4275    4386  (4447)    
   317 24.66 0.00 0.00           OX383969.1  23956816  23956888 (5823009) +               Kuruka     Unspecified    4282    4354  (4479)    
  1317 36.71 1.93 2.02           OX383969.1  24765176  24766312 (5013585) C               Kuruka     Unspecified  (4218)    4615    3480    
   264 33.34 0.00 0.98           OX383969.1  25523764  25523866 (4256031) C               Kuruka     Unspecified  (4459)    4374    4273    
   260 25.35 0.00 0.00           OX383969.1  27560216  27560286 (2219611) +               Kuruka     Unspecified    4284    4354  (4479)    
   442 31.48 7.14 4.10           OX383969.1  27877013  27877320 (1902577) +               Kuruka     Unspecified    3465    3781  (5052)    
   262 25.54 4.04 5.10           OX383969.1  29288894  29288992 (490905) +               Kuruka     Unspecified    4281    4378  (4455)    
   326 32.25 6.22 1.99           OX383970.1   4954742   4954934 (24417501) +               Kuruka     Unspecified    4273    4473  (4360)    
   278 25.27 3.03 4.08           OX383970.1   6292473   6292571 (23079864) +               Kuruka     Unspecified    4281    4378  (4455)    
   367 35.51 1.20 1.61           OX383970.1   7135247   7135495 (22236940) C               Kuruka     Unspecified  (4313)    4520    4273    
   494 35.39 1.21 1.52           OX383970.1   8064241   8064570 (21307865) +               Kuruka     Unspecified    3549    3877  (4956)    
   327 30.71 0.78 0.78           OX383970.1   8065688   8065815 (21306620) +               Kuruka     Unspecified    4125    4252  (4581)    
   400 32.12 3.95 4.41           OX383970.1   9546602   9546829 (19825606) C               Kuruka     Unspecified  (4324)    4509    4283    
   392 32.76 3.77 4.20           OX383970.1  12589187  12589425 (16783010) C               Kuruka     Unspecified  (4313)    4520    4283    
   487 34.96 1.04 1.04           OX383970.1  13336637  13336925 (16035510) +               Kuruka     Unspecified    3556    3844  (4989)    
   736 36.35 2.27 4.50           OX383970.1  13337020  13337768 (16034667) +               Kuruka     Unspecified    3939    4671  (4162)    
  1953 36.10 2.21 2.28           OX383970.1  13877957  13879359 (15493076) C               Kuruka     Unspecified  (3979)    4854    3453    
   229 31.76 3.32 4.62           OX383970.1  14392813  14393053 (14979382) C               Kuruka     Unspecified  (4498)    4335    4098    
   589 26.32 5.88 4.65           OX383970.1  16532260  16532514 (12839921) +               Kuruka     Unspecified    3587    3844  (4989)    
   397 33.53 1.64 2.20           OX383970.1  19026470  19026652 (10345783) C               Kuruka     Unspecified  (4387)    4446    4265    
   305 37.35 2.16 2.48           OX383970.1  21091031  21091354 (8281081) +               Kuruka     Unspecified    4214    4536  (4297)    
  1226 36.42 2.11 2.20           OX383970.1  21760698  21761834 (7610601) +               Kuruka     Unspecified    3480    4615  (4218)    
   948 37.30 4.90 2.59           OX383970.1  22627399  22628642 (6743793) +               Kuruka     Unspecified    3489    4760  (4073)    
   312 36.67 3.04 2.35           OX383970.1  23120082  23120377 (6252058) C               Kuruka     Unspecified  (4309)    4524    4227    
   663 31.31 5.73 5.20           OX383970.1  24290837  24291429 (5081006) C               Kuruka     Unspecified  (4653)    4180    3585    
  1364 34.93 4.37 2.32           OX383970.1  27445420  27446518 (1925917) C               Kuruka     Unspecified  (4225)    4608    3488    
   418 33.21 2.65 3.04           OX383971.1    373241    373504 (28884032) +               Kuruka     Unspecified    4273    4535  (4298)    
   291 31.75 0.78 1.57           OX383971.1    463231    463358 (28794178) C               Kuruka     Unspecified  (4443)    4390    4264    
   292 34.86 3.59 4.00           OX383971.1   2467841   2468091 (26789445) +               Kuruka     Unspecified    4273    4522  (4311)    
   300 37.02 3.04 2.35           OX383971.1  11432873  11433168 (17824368) C               Kuruka     Unspecified  (4309)    4524    4227    
   421 32.97 1.64 2.20           OX383971.1  13479874  13480056 (15777480) +               Kuruka     Unspecified    4265    4446  (4387)    
   229 31.76 3.32 4.62           OX383971.1  14767529  14767769 (14489767) C               Kuruka     Unspecified  (4498)    4335    4098    
   241 20.27 6.98 8.24           OX383971.1  15427777  15427862 (13829674) +               Kuruka     Unspecified    3665    3749  (5084)    
   361 27.38 4.26 4.81           OX383971.1  15756990  15757177 (13500359) C               Kuruka     Unspecified  (4417)    4416    4230    
   341 31.77 5.19 4.41           OX383971.1  24771232  24771501 (4486035) +               Kuruka     Unspecified    4274    4545  (4288)    
   358 34.97 0.00 0.00           OX383971.1  24883022  24883204 (4374332) +               Kuruka     Unspecified    3557    3739  (5094)    
   296 31.81 1.80 0.89           OX383971.1  26705492  26705602 (2551934) +               Kuruka     Unspecified    4275    4386  (4447)    
   310 34.32 4.38 4.80           OX383971.1  27603530  27603780 (1653756) C               Kuruka     Unspecified  (4311)    4522    4273    
   257 36.49 1.99 3.17           OX383972.1    186338    186688 (29042997) +               Kuruka     Unspecified    3987    4333  (4500)    
   285 34.91 0.00 0.00           OX383972.1   1286525   1286693 (27942992) C               Kuruka     Unspecified  (5108)    3725    3557    
  2023 34.16 2.03 2.11           OX383972.1   1513965   1515247 (27714438) +               Kuruka     Unspecified    3480    4761  (4072)    
   492 33.02 0.93 1.40           OX383972.1   7670551   7670765 (21558920) C               Kuruka     Unspecified  (4313)    4520    4307    
   451 30.73 1.19 1.19           OX383972.1   8583609   8583776 (20645909) C               Kuruka     Unspecified  (5091)    3742    3575    
   468 32.96 3.61 3.61           OX383972.1  12861230  12861506 (16368179) +               Kuruka     Unspecified    3461    3737  (5096)    
   358 35.78 6.67 3.23           OX383972.1  14567175  14567564 (14662121) C               Kuruka     Unspecified  (4204)    4629    4227    
   481 35.11 2.96 2.96           OX383972.1  14576412  14576816 (14652869) C               Kuruka     Unspecified  (4674)    4159    3755    
   321 34.32 0.97 1.46           OX383972.1  14578376  14578582 (14651103) C               Kuruka     Unspecified  (5139)    3694    3489    
   453 32.96 3.61 3.61           OX383972.1  14668236  14668512 (14561173) C               Kuruka     Unspecified  (5096)    3737    3461    
   468 32.96 3.61 3.61           OX383972.1  14736497  14736773 (14492912) +               Kuruka     Unspecified    3461    3737  (5096)    
   243 22.81 1.75 0.00           OX383972.1  18862659  18862715 (10366970) C               Kuruka     Unspecified  (5302)    3531    3474    
   445 33.33 3.61 3.61           OX383972.1  20540367  20540643 (8689042) C               Kuruka     Unspecified  (5096)    3737    3461    
   421 32.97 1.64 2.20           OX383972.1  20958712  20958894 (8270791) C               Kuruka     Unspecified  (4387)    4446    4265    
   235 20.65 3.75 9.21           OX383972.1  23732177  23732256 (5497429) +               Kuruka     Unspecified    3665    3740  (5093)    
   307 27.94 4.26 4.81           OX383972.1  23891985  23892172 (5337513) C               Kuruka     Unspecified  (4417)    4416    4230    
   283 34.38 1.83 2.45           OX383972.1  27938641  27938804 (1290881) C               Kuruka     Unspecified  (4387)    4446    4284    
   336 35.51 0.92 1.39           OX383972.1  28282637  28282853 (946832) +               Kuruka     Unspecified    4307    4522  (4311)    
   237 36.97 0.00 0.00           OX383972.1  29097935  29098053 (131632) +               Kuruka     Unspecified    3939    4057  (4776)    
   466 35.32 1.04 1.04           OX383973.1      8822      9110 (27844696) +               Kuruka     Unspecified    3556    3844  (4989)    
   755 36.84 1.74 3.96           OX383973.1      9205      9953 (27843853) +               Kuruka     Unspecified    3939    4671  (4162)    
   262 31.12 3.49 4.71           OX383973.1    351289    351460 (27502346) +               Kuruka     Unspecified    4208    4377  (4456)    
   337 36.13 0.00 0.00           OX383973.1   3517832   3517986 (24335820) C               Kuruka     Unspecified  (5094)    3739    3585    
   262 22.81 0.00 0.00           OX383973.1   6537159   6537215 (21316591) +               Kuruka     Unspecified    4292    4348  (4485)    
   237 29.23 0.00 0.00           OX383973.1   7846521   7846585 (20007221) C               Kuruka     Unspecified  (4485)    4348    4284    
   369 34.52 1.00 1.51           OX383973.1   8611264   8611463 (19242343) +               Kuruka     Unspecified    4307    4505  (4328)    
   948 36.16 2.37 2.46           OX383973.1  11408638  11409774 (16444032) C               Kuruka     Unspecified  (4218)    4615    3480    
   343 34.32 0.00 0.00           OX383973.1  12110788  12110956 (15742850) +               Kuruka     Unspecified    3557    3725  (5108)    
   306 21.29 4.04 5.10           OX383973.1  12416178  12416276 (15437530) +               Kuruka     Unspecified    4281    4378  (4455)    
   282 28.00 4.00 0.00           OX383973.1  14887651  14887750 (12966056) +               Kuruka     Unspecified    4251    4354  (4479)    
   237 33.34 1.45 2.19           OX383973.1  25449547  25449684 (2404122) C               Kuruka     Unspecified  (4405)    4428    4292    
   349 37.13 1.24 1.67           OX383973.1  26427296  26427536 (1426270) C               Kuruka     Unspecified  (4321)    4512    4273    
   259 21.05 1.75 0.00           OX383974.1   4585275   4585331 (22537307) C               Kuruka     Unspecified  (5302)    3531    3474    
   265 30.12 0.00 0.00           OX383974.1   4778688   4778770 (22343868) C               Kuruka     Unspecified  (4221)    4612    4530    
   395 34.15 3.25 6.51           OX383974.1   4789302   4789824 (22332814) C               Kuruka     Unspecified  (4388)    4445    3939    
   411 26.71 2.03 1.34           OX383974.1   4790060   4790207 (22332431) C               Kuruka     Unspecified  (5129)    3704    3556    
   408 34.36 0.44 0.88           OX383974.1  10210621  10210849 (16911789) C               Kuruka     Unspecified  (4386)    4447    4220    
   401 31.74 4.21 4.62           OX383974.1  10552112  10552372 (16570266) C               Kuruka     Unspecified  (5109)    3724    3465    
   453 32.96 3.61 3.61           OX383974.1  12127380  12127656 (14994982) C               Kuruka     Unspecified  (5096)    3737    3461    
   280 33.66 2.30 2.78           OX383974.1  13939474  13939690 (13182948) C               Kuruka     Unspecified  (4311)    4522    4307    
   302 37.86 2.79 3.20           OX383974.1  14346501  14346751 (12775887) +               Kuruka     Unspecified    4287    4536  (4297)    
   229 36.11 3.49 2.59           OX383974.1  14621419  14621762 (12500876) C               Kuruka     Unspecified  (4500)    4333    3987    
   354 34.84 0.00 0.00           OX383974.1  14716714  14716868 (12405770) +               Kuruka     Unspecified    3584    3738  (5095)    
   468 32.96 3.61 3.61           OX383974.1  14721643  14721919 (12400719) +               Kuruka     Unspecified    3461    3737  (5096)    
   292 34.86 3.59 4.00           OX383974.1  16397333  16397583 (10725055) +               Kuruka     Unspecified    4273    4522  (4311)    
   471 31.84 3.96 3.96           OX383974.1  18511035  18511312 (8611326) C               Kuruka     Unspecified  (5091)    3742    3465    
   432 33.02 0.93 1.40           OX383974.1  21614618  21614832 (5507806) C               Kuruka     Unspecified  (4313)    4520    4307    
   273 33.33 0.85 0.85           OX383974.1  22347385  22347502 (4775136) C               Kuruka     Unspecified  (5095)    3738    3621    
   303 34.32 0.00 0.00           OX383974.1  22514036  22514204 (4608434) +               Kuruka     Unspecified    3557    3725  (5108)    
   292 33.34 0.00 0.98           OX383974.1  22649326  22649428 (4473210) C               Kuruka     Unspecified  (4459)    4374    4273    
   445 34.99 5.52 2.69           OX383974.1  23013186  23013511 (4109127) C               Kuruka     Unspecified  (5034)    3799    3465    
   453 32.96 3.61 3.61           OX383974.1  24251266  24251542 (2871096) +               Kuruka     Unspecified    3461    3737  (5096)    
   291 31.75 0.78 1.57           OX383974.1  24465024  24465151 (2657487) C               Kuruka     Unspecified  (4443)    4390    4264    
   449 28.78 4.32 0.00           OX383974.1  24864875  24865013 (2257625) +               Kuruka     Unspecified    3621    3765  (5068)    
  1217 34.17 1.61 1.02           OX383974.1  24865131  24865813 (2256825) +               Kuruka     Unspecified    3921    4607  (4226)    
  2022 34.71 2.43 2.43           OX383974.1  24931255  24932612 (2190026) +               Kuruka     Unspecified    3488    4845  (3988)    
   391 30.29 0.64 3.27           OX383974.1  25176487  25176643 (1945995) +               Kuruka     Unspecified    3573    3725  (5108)    
   570 27.10 0.00 0.00           OX383974.1  25287197  25287351 (1835287) +               Kuruka     Unspecified    3587    3741  (5092)    
  1541 33.97 1.93 2.47           OX383974.1  25316280  25317420 (1805218) C               Kuruka     Unspecified  (4219)    4614    3480    
   483 33.15 8.32 3.53           OX383974.1  25329410  25329950 (1792688) C               Kuruka     Unspecified  (4069)    4764    4199    
   393 35.87 2.13 2.13           OX383974.1  25330036  25330411 (1792227) C               Kuruka     Unspecified  (4750)    4083    3708    
   401 27.92 8.18 3.93           OX383974.1  25396182  25396401 (1726237) +               Kuruka     Unspecified    3583    3811  (5022)    
   453 32.96 3.61 3.61           OX383974.1  25604633  25604909 (1517729) C               Kuruka     Unspecified  (5096)    3737    3461    
   338 31.95 2.81 3.23           OX383974.1  25970852  25971100 (1151538) +               Kuruka     Unspecified    4273    4520  (4313)    
   444 35.08 3.25 3.25           OX383974.1  26130549  26130825 (991813) C               Kuruka     Unspecified  (5092)    3741    3465    
   339 36.41 1.94 3.14           OX383974.1  26233681  26233938 (888700) C               Kuruka     Unspecified  (4297)    4536    4282    
   358 36.16 2.33 3.14           OX383974.1  26259881  26260137 (862501) C               Kuruka     Unspecified  (4297)    4536    4282    
   291 31.75 0.78 1.57           OX383974.1  26307322  26307449 (815189) C               Kuruka     Unspecified  (4443)    4390    4264    
   236 22.81 0.00 0.00           OX383974.1  26997145  26997201 (125437) C               Kuruka     Unspecified  (4485)    4348    4292    
   250 22.81 0.00 0.00           OX383974.1  27024342  27024398  (98240) +               Kuruka     Unspecified    4292    4348  (4485)    
   274 33.45 4.59 4.93           OX383975.1    310737    311041 (26613973) C               Kuruka     Unspecified  (4297)    4536    4233    
   389 31.93 1.18 1.79           OX383975.1    415452    415620 (26509394) +               Kuruka     Unspecified    3575    3742  (5091)    
   318 37.35 2.16 2.48           OX383975.1   1979893   1980216 (24944798) +               Kuruka     Unspecified    4214    4536  (4297)    
   312 36.67 3.04 2.35           OX383975.1   5188771   5189066 (21735948) +               Kuruka     Unspecified    4227    4524  (4309)    
   236 33.20 4.30 4.71           OX383975.1   5604164   5604419 (21320595) C               Kuruka     Unspecified  (4297)    4536    4282    
   310 34.32 4.38 4.80           OX383975.1   6371910   6372160 (20552854) C               Kuruka     Unspecified  (4311)    4522    4273    
   741 36.09 2.61 4.39           OX383975.1   8255595   8256359 (18668655) C               Kuruka     Unspecified  (4162)    4671    3920    
   477 34.96 1.04 1.04           OX383975.1   8256435   8256723 (18668291) C               Kuruka     Unspecified  (4989)    3844    3556    
  1460 36.08 1.87 1.95           OX383975.1   9676446   9677731 (17247283) C               Kuruka     Unspecified  (4069)    4764    3480    
   772 36.35 2.27 4.50           OX383975.1  12445852  12446600 (14478414) C               Kuruka     Unspecified  (4162)    4671    3939    
   445 36.01 1.04 1.04           OX383975.1  12446695  12446983 (14478031) C               Kuruka     Unspecified  (4989)    3844    3556    
   431 34.99 5.52 2.69           OX383975.1  13205059  13205384 (13719630) C               Kuruka     Unspecified  (5034)    3799    3465    
   407 33.53 1.64 2.20           OX383975.1  18554339  18554521 (8370493) +               Kuruka     Unspecified    4265    4446  (4387)    
   419 31.93 1.19 1.19           OX383975.1  19127465  19127632 (7797382) C               Kuruka     Unspecified  (5091)    3742    3575    
   419 31.93 1.19 1.19           OX383975.1  22740797  22740964 (4184050) C               Kuruka     Unspecified  (5091)    3742    3575    
  2013 33.15 2.01 2.36           OX383975.1  23368679  23369824 (3555190) C               Kuruka     Unspecified  (4177)    4656    3515    
   335 37.47 1.46 1.71           OX383975.1  24612393  24612802 (2312212) C               Kuruka     Unspecified  (4386)    4447    4039    
   443 33.48 3.11 3.52           OX383975.1  25590130  25590386 (1334628) C               Kuruka     Unspecified  (4300)    4533    4278    
   545 30.87 2.79 3.20           OX383976.1   2754795   2755045 (23503955) +               Kuruka     Unspecified    4287    4536  (4297)    
   234 33.34 3.33 4.03           OX383976.1   5176349   5176498 (21082502) C               Kuruka     Unspecified  (4393)    4440    4292    
   620 25.70 5.84 4.62           OX383976.1   9210617   9210873 (17048127) +               Kuruka     Unspecified    3585    3844  (4989)    
   237 20.65 3.75 9.21           OX383976.1  11868980  11869059 (14389941) +               Kuruka     Unspecified    3665    3740  (5093)    
   303 35.35 2.51 2.94           OX383976.1  12399193  12399431 (13859569) +               Kuruka     Unspecified    4284    4521  (4312)    
   451 35.38 1.77 1.77           OX383976.1  14421615  14421896 (11837104) +               Kuruka     Unspecified    3461    3742  (5091)    
   353 31.72 6.22 1.99           OX383976.1  14979913  14980105 (11278895) C               Kuruka     Unspecified  (4360)    4473    4273    
   235 20.65 3.75 9.21           OX383976.1  21003355  21003434 (5255566) C               Kuruka     Unspecified  (5093)    3740    3665    
   883 35.85 3.82 2.82           OX383976.1  21303641  21304765 (4954235) C               Kuruka     Unspecified  (4218)    4615    3480    
   261 20.43 5.10 5.10           OX383976.1  21565200  21565297 (4693703) C               Kuruka     Unspecified  (4455)    4378    4281    
   421 32.97 1.64 2.20           OX383976.1  22653126  22653308 (3605692) C               Kuruka     Unspecified  (4387)    4446    4265    
   235 20.65 3.75 9.21           OX383976.1  22961255  22961334 (3297666) +               Kuruka     Unspecified    3665    3740  (5093)    
   267 32.51 3.98 4.40           OX383976.1  23543111  23543361 (2715639) C               Kuruka     Unspecified  (4297)    4536    4287    
   421 32.97 1.64 2.20           OX383976.1  25047425  25047607 (1211393) C               Kuruka     Unspecified  (4387)    4446    4265    
   283 34.38 1.83 2.45           OX383976.1  25338438  25338601 (920399) C               Kuruka     Unspecified  (4387)    4446    4284    
   404 33.21 2.65 3.04           OX383977.1   1570964   1571227 (23040688) +               Kuruka     Unspecified    4273    4535  (4298)    
   273 32.51 3.98 4.40           OX383977.1   3266098   3266348 (21345567) +               Kuruka     Unspecified    4287    4536  (4297)    
   318 33.34 3.43 4.02           OX383977.1   3850022   3850196 (20761719) C               Kuruka     Unspecified  (4387)    4446    4273    
   361 27.38 4.26 4.81           OX383977.1   4915141   4915328 (19696587) C               Kuruka     Unspecified  (4417)    4416    4230    
   287 22.35 4.04 5.10           OX383977.1   9418618   9418716 (15193199) +               Kuruka     Unspecified    4281    4378  (4455)    
   314 32.11 2.76 3.16           OX383977.1  10720623  10720876 (13891039) C               Kuruka     Unspecified  (4297)    4536    4284    
   388 32.11 2.76 3.16           OX383977.1  19009522  19009775 (5602140) +               Kuruka     Unspecified    4284    4536  (4297)    
   254 30.47 2.29 2.29           OX383977.1  21000558  21000688 (3611227) C               Kuruka     Unspecified  (4650)    4183    4053    
   288 28.94 5.03 4.38           OX383977.1  21030295  21030453 (3581462) C               Kuruka     Unspecified  (4392)    4441    4282    
   265 30.82 4.42 5.00           OX383977.1  21584085  21584265 (3027650) C               Kuruka     Unspecified  (4367)    4466    4287    
   285 36.88 0.44 0.88           OX383977.1  23780795  23781021 (830894) C               Kuruka     Unspecified  (4313)    4520    4295    
   274 35.69 3.20 3.61           OX383977.1  24267334  24267583 (344332) +               Kuruka     Unspecified    4273    4521  (4312)    
   283 34.38 1.83 2.45           OX383978.1   2180022   2180185 (20626389) +               Kuruka     Unspecified    4284    4446  (4387)    
  1172 33.58 5.93 5.82           OX383978.1   2648366   2649326 (20157248) C               Kuruka     Unspecified  (4228)    4605    3644    
   433 31.29 1.21 1.21           OX383978.1   2770346   2770510 (20036064) +               Kuruka     Unspecified    3575    3739  (5094)    
   277 34.67 0.66 0.66           OX383978.1   3246379   3246529 (19560045) C               Kuruka     Unspecified  (5095)    3738    3588    
   267 27.40 0.00 0.00           OX383978.1   3382667   3382739 (19423835) C               Kuruka     Unspecified  (4479)    4354    4282    
   343 34.32 0.00 0.00           OX383978.1   3728265   3728433 (19078141) +               Kuruka     Unspecified    3557    3725  (5108)    
   271 36.27 1.42 2.59           OX383978.1   4547811   4548161 (18258413) C               Kuruka     Unspecified  (4500)    4333    3987    
   249 36.97 0.00 0.00           OX383978.1   6838793   6838911 (15967663) +               Kuruka     Unspecified    3939    4057  (4776)    
  1271 36.57 2.02 2.11           OX383978.1   6845760   6846896 (15959678) C               Kuruka     Unspecified  (4218)    4615    3480    
   283 34.38 1.83 2.45           OX383978.1   7636240   7636403 (15170171) C               Kuruka     Unspecified  (4387)    4446    4284    
   287 22.35 4.04 5.10           OX383978.1   8581895   8581993 (14224581) C               Kuruka     Unspecified  (4455)    4378    4281    
   235 35.22 4.25 2.57           OX383978.1   8612561   8612866 (14193708) +               Kuruka     Unspecified    4190    4500  (4333)    
   232 24.24 1.49 1.49           OX383978.1   9392233   9392299 (13414275) +               Kuruka     Unspecified    1739    1805  (7028)    
  1897 33.98 2.68 2.25           OX383978.1   9394230   9395424 (13411150) +               Kuruka     Unspecified    3561    4760  (4073)    
   233 23.88 1.47 1.47           OX383978.1   9444583   9444650 (13361924) C               Kuruka     Unspecified  (4485)    4348    4281    
   228 35.26 3.92 4.33           OX383978.1  10254220  10254474 (12552100) C               Kuruka     Unspecified  (4297)    4536    4283    
   368 34.32 0.00 0.00           OX383978.1  15707557  15707725 (7098849) C               Kuruka     Unspecified  (5108)    3725    3557    
   260 28.17 0.00 0.00           OX383978.1  15940479  15940549 (6866025) C               Kuruka     Unspecified  (4479)    4354    4284    
   388 32.11 2.76 3.16           OX383978.1  16770646  16770899 (6035675) C               Kuruka     Unspecified  (4297)    4536    4284    
  1246 36.71 1.93 2.02           OX383978.1  18779108  18780244 (4026330) C               Kuruka     Unspecified  (4218)    4615    3480    
   388 32.11 2.76 3.16           OX383978.1  20142312  20142565 (2664009) C               Kuruka     Unspecified  (4297)    4536    4284    
   290 29.86 1.36 2.05           OX383978.1  20652476  20652622 (2153952) +               Kuruka     Unspecified    4232    4377  (4456)    
   297 36.61 2.70 1.92           OX383978.1  22605071  22605329 (201245) +               Kuruka     Unspecified    4264    4524  (4309)    
   608 27.10 0.00 0.00           OX383979.1    116346    116500 (22632290) C               Kuruka     Unspecified  (5092)    3741    3587    
   784 37.47 1.56 1.70           OX383979.1    355948    356653 (22392137) +               Kuruka     Unspecified    3939    4643  (4190)    
   365 32.97 1.64 2.20           OX383979.1   1770688   1770870 (20977920) C               Kuruka     Unspecified  (4387)    4446    4265    
   364 28.33 1.64 1.64           OX383979.1   1989904   1990025 (20758765) C               Kuruka     Unspecified  (5091)    3742    3621    
   340 27.08 0.00 0.00           OX383979.1   2262786   2262881 (20485909) C               Kuruka     Unspecified  (5155)    3678    3583    
   257 28.77 0.00 0.00           OX383979.1   5046982   5047054 (17701736) +               Kuruka     Unspecified    4282    4354  (4479)    
   470 32.96 3.61 3.61           OX383979.1   5061413   5061689 (17687101) C               Kuruka     Unspecified  (5096)    3737    3461    
   649 32.43 5.41 4.53           OX383979.1   5090668   5091258 (17657532) +               Kuruka     Unspecified    3585    4180  (4653)    
   499 32.95 5.85 5.37           OX383979.1   5200218   5200884 (17547906) C               Kuruka     Unspecified  (4581)    4252    3583    
   356 33.87 3.11 3.52           OX383979.1   5293329   5293585 (17455205) C               Kuruka     Unspecified  (4300)    4533    4278    
   270 32.54 0.79 0.79           OX383979.1   5357215   5357341 (17391449) +               Kuruka     Unspecified    3574    3700  (5133)    
   310 34.32 4.38 4.80           OX383979.1   6745485   6745735 (16003055) +               Kuruka     Unspecified    4273    4522  (4311)    
   570 26.32 5.88 4.65           OX383979.1   7303962   7304216 (15444574) +               Kuruka     Unspecified    3587    3844  (4989)    
   647 37.83 2.06 2.06           OX383979.1   8774033   8775098 (13973692) +               Kuruka     Unspecified    3479    4544  (4289)    
   295 35.62 0.90 1.36           OX383979.1  10748133  10748354 (12000436) +               Kuruka     Unspecified    4227    4447  (4386)    
   237 20.65 3.75 9.21           OX383979.1  11661164  11661243 (11087547) +               Kuruka     Unspecified    3665    3740  (5093)    
   515 29.71 0.00 2.42           OX383979.1  11984704  11984872 (10763918) +               Kuruka     Unspecified    3573    3737  (5096)    
  1613 34.60 1.73 1.24           OX383979.1  12094225  12095266 (10653524) C               Kuruka     Unspecified  (4226)    4607    3561    
  1875 34.08 2.68 2.25           OX383979.1  13979772  13980966 (8767824) C               Kuruka     Unspecified  (4073)    4760    3561    
   232 24.24 1.49 1.49           OX383979.1  13982898  13982964 (8765826) C               Kuruka     Unspecified  (7028)    1805    1739    
   263 32.54 0.79 0.79           OX383979.1  14205752  14205878 (8542912) +               Kuruka     Unspecified    3574    3700  (5133)    
   486 31.21 0.00 0.00           OX383979.1  14236777  14236933 (8511857) +               Kuruka     Unspecified    3569    3725  (5108)    
   268 32.31 0.76 0.76           OX383979.1  14237258  14237388 (8511402) +               Kuruka     Unspecified    4053    4183  (4650)    
   310 34.32 4.38 4.80           OX383979.1  16152024  16152274 (6596516) +               Kuruka     Unspecified    4273    4522  (4311)    
  2170 33.28 2.00 2.36           OX383979.1  16386372  16387519 (6361271) C               Kuruka     Unspecified  (4175)    4658    3515    
   310 34.32 4.38 4.80           OX383979.1  17169794  17170044 (5578746) C               Kuruka     Unspecified  (4311)    4522    4273    
  1934 33.22 2.44 2.80           OX383979.1  17531497  17532642 (5216148) C               Kuruka     Unspecified  (4177)    4656    3515    
   314 32.11 2.76 3.16           OX383979.1  17978331  17978584 (4770206) +               Kuruka     Unspecified    4284    4536  (4297)    
   393 32.76 3.77 4.20           OX383979.1  18079338  18079576 (4669214) +               Kuruka     Unspecified    4283    4520  (4313)    
   297 36.61 2.70 1.92           OX383979.1  18601743  18602001 (4146789) C               Kuruka     Unspecified  (4309)    4524    4264    
   468 32.96 3.61 3.61           OX383979.1  19535735  19536011 (3212779) +               Kuruka     Unspecified    3461    3737  (5096)    
   257 22.35 4.04 5.10           OX383979.1  21356786  21356884 (1391906) +               Kuruka     Unspecified    4281    4378  (4455)    
   343 34.32 0.00 0.00           OX383979.1  22504209  22504377 (244413) +               Kuruka     Unspecified    3557    3725  (5108)    
   233 23.88 1.47 1.47           OX383980.1   3152710   3152777 (18306035) C               Kuruka     Unspecified  (4485)    4348    4281    
   232 24.24 1.49 1.49           OX383980.1   4525784   4525850 (16932962) +               Kuruka     Unspecified    1739    1805  (7028)    
  1910 34.21 2.59 2.17           OX383980.1   4527782   4528976 (16929836) +               Kuruka     Unspecified    3561    4760  (4073)    
   341 31.77 5.19 4.41           OX383980.1   7933091   7933360 (13525452) +               Kuruka     Unspecified    4274    4545  (4288)    
   421 35.31 5.52 2.69           OX383980.1   9674919   9675244 (11783568) +               Kuruka     Unspecified    3465    3799  (5034)    
  1271 36.57 2.02 2.11           OX383980.1  10319784  10320920 (11137892) C               Kuruka     Unspecified  (4218)    4615    3480    
   468 32.96 3.61 3.61           OX383980.1  11526231  11526507 (9932305) C               Kuruka     Unspecified  (5096)    3737    3461    
  1516 33.31 5.46 3.20           OX383980.1  12709857  12711047 (8747765) +               Kuruka     Unspecified    3544    4760  (4073)    
   232 27.32 8.03 6.47           OX383980.1  12714257  12714393 (8744419) +               Kuruka     Unspecified    3465    3603  (5230)    
  1271 36.57 2.02 2.11           OX383980.1  14670486  14671622 (6787190) +               Kuruka     Unspecified    3480    4615  (4218)    
   259 33.34 3.43 4.02           OX383980.1  18785729  18785903 (2672909) C               Kuruka     Unspecified  (4387)    4446    4273    
   370 32.58 3.96 3.96           OX383980.1  19506796  19507073 (1951739) +               Kuruka     Unspecified    3465    3742  (5091)    
   444 35.08 3.25 3.25           OX383980.1  19785687  19785963 (1672849) +               Kuruka     Unspecified    3465    3741  (5092)    
   264 34.94 3.93 4.28           OX383980.1  19949663  19949967 (1508845) C               Kuruka     Unspecified  (4297)    4536    4233    
   305 37.35 2.16 2.48           OX383980.1  20515002  20515325 (943487) +               Kuruka     Unspecified    4214    4536  (4297)    
  1334 35.68 2.55 2.64           OX383980.1  21253283  21254419 (204393) C               Kuruka     Unspecified  (4218)    4615    3480    
  1262 36.62 1.93 2.02           OX383981.1   1088619   1089755 (18378324) +               Kuruka     Unspecified    3480    4615  (4218)    
   492 33.02 0.93 1.40           OX383981.1   5808824   5809038 (13659041) C               Kuruka     Unspecified  (4313)    4520    4307    
   492 33.02 0.93 1.40           OX383981.1   6233543   6233757 (13234322) +               Kuruka     Unspecified    4307    4520  (4313)    
   353 31.72 6.22 1.99           OX383981.1   7614314   7614506 (11853573) +               Kuruka     Unspecified    4273    4473  (4360)    
   431 34.99 5.52 2.69           OX383981.1  11140098  11140423 (8327656) +               Kuruka     Unspecified    3465    3799  (5034)    
  1271 36.19 2.20 2.29           OX383981.1  16747663  16748799 (2719280) C               Kuruka     Unspecified  (4218)    4615    3480    
  1436 35.96 2.18 2.26           OX383981.1  17763125  17764410 (1703669) +               Kuruka     Unspecified    3480    4764  (4069)    
   291 32.53 2.76 3.16           OX383981.1  18360718  18360971 (1107108) +               Kuruka     Unspecified    4284    4536  (4297)    
   299 29.86 1.36 2.05           OX383982.1   1435802   1435948 (17427907) +               Kuruka     Unspecified    4232    4377  (4456)    
   424 35.11 1.60 2.01           OX383982.1   2298274   2298523 (16565332) +               Kuruka     Unspecified    4273    4521  (4312)    
   410 32.76 3.77 4.20           OX383982.1   3741146   3741384 (15122471) +               Kuruka     Unspecified    4283    4520  (4313)    
   338 25.77 7.93 5.36           OX383982.1   6106829   6106992 (12756863) +               Kuruka     Unspecified    4274    4441  (4392)    
   388 32.11 2.76 3.16           OX383982.1   6420560   6420813 (12443042) +               Kuruka     Unspecified    4284    4536  (4297)    
   401 32.76 3.77 4.20           OX383982.1   7267657   7267895 (11595960) C               Kuruka     Unspecified  (4313)    4520    4283    
   236 33.20 4.30 4.71           OX383982.1   7452753   7453008 (11410847) C               Kuruka     Unspecified  (4297)    4536    4282    
   235 20.65 3.75 9.21           OX383982.1   8050755   8050834 (10813021) C               Kuruka     Unspecified  (5093)    3740    3665    
   235 24.56 0.00 0.00           OX383982.1  10661770  10661826 (8202029) +               Kuruka     Unspecified    4292    4348  (4485)    
   425 31.32 1.19 1.19           OX383982.1  12097020  12097187 (6766668) C               Kuruka     Unspecified  (5091)    3742    3575    
   363 32.53 2.76 3.16           OX383982.1  17563024  17563277 (1300578) +               Kuruka     Unspecified    4284    4536  (4297)    
   250 24.75 4.72 4.72           OX383982.1  18332223  18332328 (531527) +               Kuruka     Unspecified    4228    4333  (4500)    
   249 36.97 0.00 0.00           OX383983.1   2967291   2967409 (14345491) C               Kuruka     Unspecified  (4776)    4057    3939    
   474 28.98 7.07 2.42           OX383983.1   4827040   4827237 (12485663) C               Kuruka     Unspecified  (5034)    3799    3593    
   243 32.67 0.98 0.98           OX383983.1   5656665   5656766 (11656134) C               Kuruka     Unspecified  (4459)    4374    4273    
   281 32.31 0.76 0.76           OX383983.1   6269444   6269574 (11043326) C               Kuruka     Unspecified  (4650)    4183    4053    
   418 30.84 6.64 5.47           OX383983.1   6270126   6270396 (11042504) C               Kuruka     Unspecified  (5108)    3725    3452    
   297 36.61 2.70 1.92           OX383983.1   9317168   9317426 (7995474) C               Kuruka     Unspecified  (4309)    4524    4264    
   271 36.27 1.42 2.59           OX383983.1  10688654  10689004 (6623896) +               Kuruka     Unspecified    3987    4333  (4500)    
   245 26.66 2.60 2.60           OX383983.1  12623406  12623482 (4689418) C               Kuruka     Unspecified  (4279)    4554    4478    
   307 31.53 0.89 0.89           OX383983.1  12624263  12624374 (4688526) C               Kuruka     Unspecified  (5138)    3695    3584    
   318 33.33 2.62 3.07           OX383983.1  16858098  16858326 (454574) C               Kuruka     Unspecified  (4386)    4447    4220    
   616 35.31 4.28 3.32           OX383983.1  16945110  16946184 (366716) C               Kuruka     Unspecified  (4288)    4545    3461    
   309 24.66 0.00 0.00           OX383983.1  17085855  17085927 (226973) C               Kuruka     Unspecified  (4479)    4354    4282    
   368 34.32 0.00 0.00           OX383984.1     90172     90340 (16528223) +               Kuruka     Unspecified    3557    3725  (5108)    
   232 18.03 0.00 4.00           OX383984.1   4199084   4199135 (12419428) +               Kuruka     Unspecified    5895    5944  (2889)    
   354 32.16 7.12 4.42           OX383984.1   6381644   6381952 (10236611) +               Kuruka     Unspecified    3465    3781  (5052)    
   274 35.27 3.20 3.61           OX383984.1   7093960   7094209 (9524354) +               Kuruka     Unspecified    4273    4521  (4312)    
  1279 36.54 1.93 2.02           OX383984.1   7847283   7848419 (8770144) +               Kuruka     Unspecified    3480    4615  (4218)    
   347 35.51 0.92 1.39           OX383984.1   9191213   9191429 (7427134) +               Kuruka     Unspecified    4307    4522  (4311)    
   317 34.91 0.00 0.00           OX383984.1  11554848  11555016 (5063547) +               Kuruka     Unspecified    3557    3725  (5108)    
   432 33.02 0.93 1.40           OX383984.1  12389030  12389244 (4229319) +               Kuruka     Unspecified    4307    4520  (4313)    
  1627 34.79 1.62 1.35           OX383984.1  14198025  14199134 (2419429) C               Kuruka     Unspecified  (4160)    4673    3561    
   364 35.08 3.25 3.25           OX383984.1  15866890  15867166 (751397) C               Kuruka     Unspecified  (5092)    3741    3465    
   364 35.08 3.25 3.25           OX383984.1  15878486  15878762 (739801) C               Kuruka     Unspecified  (5092)    3741    3465    
   431 34.99 5.52 2.69           OX383984.1  15987475  15987800 (630763) C               Kuruka     Unspecified  (5034)    3799    3465    
   432 33.02 0.93 1.40           OX383984.1  16110133  16110347 (508216) C               Kuruka     Unspecified  (4313)    4520    4307    
   269 36.13 0.00 0.00           OX383985.1   2403716   2403870 (13693419) +               Kuruka     Unspecified    3585    3739  (5094)    
  1777 33.25 1.75 2.10           OX383985.1   4423561   4424706 (11672583) C               Kuruka     Unspecified  (4177)    4656    3515    
   297 36.61 2.70 1.92           OX383985.1   4764115   4764373 (11332916) +               Kuruka     Unspecified    4264    4524  (4309)    
   317 24.66 0.00 0.00           OX383985.1   5123545   5123617 (10973672) C               Kuruka     Unspecified  (4479)    4354    4282    
   264 30.78 3.68 4.44           OX383985.1   5801643   5801778 (10295511) C               Kuruka     Unspecified  (4530)    4303    4169    
   232 34.04 5.10 5.51           OX383985.1  11018420  11018674 (5078615) C               Kuruka     Unspecified  (4297)    4536    4283    
  2301 32.80 2.42 2.24           OX383985.1  13286682  13287838 (2809451) C               Kuruka     Unspecified  (4162)    4671    3513    
   303 34.32 0.00 0.00           OX383985.1  13423719  13423887 (2673402) C               Kuruka     Unspecified  (5108)    3725    3557    
   283 34.38 1.83 2.45           OX383985.1  13931631  13931794 (2165495) +               Kuruka     Unspecified    4284    4446  (4387)    
   297 36.61 2.70 1.92           OX383985.1  14643983  14644241 (1453048) C               Kuruka     Unspecified  (4309)    4524    4264    
   291 31.75 0.78 1.57           OX383986.1      7227      7354 (1474661) C               Kuruka     Unspecified  (4443)    4390    4264    
  1235 37.25 1.67 1.76           OX383986.1     34862     35998 (1446017) +               Kuruka     Unspecified    3480    4615  (4218)    
   507 35.85 3.34 3.54           OX383986.1    324984    325492 (1156523) +               Kuruka     Unspecified    4122    4629  (4204)    
   438 32.58 3.96 3.96           OX383986.1    884167    884444 (597571) +               Kuruka     Unspecified    3465    3742  (5091)    
   226 34.78 0.00 0.00           OX383986.1    901187    901301 (580714) C               Kuruka     Unspecified  (4241)    4592    4478    
   337 30.14 3.20 3.20           OX383986.1    987077    987357 (494658) +               Kuruka     Unspecified    4056    4336  (4497)    
