  1508 32.59 4.68 3.31    CAJOSK030000015.1     10862     11994   (1134) +               Kuruka     Unspecified    3461    4608  (4225)    
   992 35.54 4.26 3.31    CAJOSK030000022.1      5594      6789  (28559) C               Kuruka     Unspecified  (4165)    4668    3462    
   992 35.54 4.26 3.31    CAJOSK030000028.1      5456      6651  (20729) +               Kuruka     Unspecified    3462    4668  (4165)    
   525 34.82 3.65 0.51    CAJOSK030000045.1    876552    876935 (1412392) +               Kuruka     Unspecified    3461    3856  (4977)    
  1046 31.07 3.22 3.37    CAJOSK030000045.1    877012    877664 (1411663) +               Kuruka     Unspecified    3933    4584  (4249)    
  1720 32.87 4.03 3.04    CAJOSK030000045.1   2125144   2126285 (163042) +               Kuruka     Unspecified    3456    4608  (4225)    
  1288 34.25 4.78 3.73    CAJOSK030000050.1      1035      2123  (61367) +               Kuruka     Unspecified    3497    4596  (4237)    
  1646 32.90 4.37 3.47    CAJOSK030000050.1      8444      9586  (53904) C               Kuruka     Unspecified  (4225)    4608    3456    
  1646 32.90 4.37 3.47    CAJOSK030000050.1     54722     55864   (7626) +               Kuruka     Unspecified    3456    4608  (4225)    
  1261 34.49 4.69 3.55    CAJOSK030000050.1     62185     63272    (218) C               Kuruka     Unspecified  (4237)    4596    3497    
  1219 34.56 4.59 3.55    CAJOSK030000051.1     69724     70812   (9181) +               Kuruka     Unspecified    3497    4596  (4237)    
  1579 32.48 4.46 3.56    CAJOSK030000051.1     77133     78275   (1718) C               Kuruka     Unspecified  (4225)    4608    3456    
  1288 34.25 4.78 3.73    CAJOSK030000052.1      3828      4916  (89328) C               Kuruka     Unspecified  (4237)    4596    3497    
  1628 32.44 4.49 3.48    CAJOSK030000059.1      2671      3807  (21424) +               Kuruka     Unspecified    3461    4608  (4225)    
  1239 34.28 4.59 3.55    CAJOSK030000059.1     10128     11216  (14015) C               Kuruka     Unspecified  (4237)    4596    3497    
  1170 32.73 4.95 3.72           HG995126.1   6469242   6470171 (10620189) +               Kuruka     Unspecified    3644    4584  (4249)    
  1585 33.32 4.80 3.81           HG995126.1   6512737   6513881 (10576479) C               Kuruka     Unspecified  (4190)    4643    3488    
  1143 36.01 3.04 2.17           HG995126.1   6523226   6524278 (10566082) +               Kuruka     Unspecified    3487    4548  (4285)    
   779 36.24 2.82 1.87           HG995126.1   6590121   6591076 (10499284) C               Kuruka     Unspecified  (4285)    4548    3584    
   564 33.92 4.46 0.86           HG995126.1   6600521   6600856 (10489504) +               Kuruka     Unspecified    3488    3835  (4998)    
   902 33.00 3.23 3.38           HG995126.1   6600954   6601665 (10488695) +               Kuruka     Unspecified    3933    4643  (4190)    
   902 33.00 3.23 3.38           HG995126.1   6628438   6629149 (10461211) C               Kuruka     Unspecified  (4190)    4643    3933    
   564 33.92 4.46 0.86           HG995126.1   6629247   6629582 (10460778) C               Kuruka     Unspecified  (4998)    3835    3488    
   342 33.97 6.11 2.69           HG995126.1   6638891   6639250 (10451110) +               Kuruka     Unspecified    3462    3833  (5000)    
   617 34.83 3.23 3.37           HG995126.1   6639349   6640061 (10450299) +               Kuruka     Unspecified    3932    4643  (4190)    
   629 35.07 3.09 3.23           HG995126.1   6640900   6641612 (10448748) C               Kuruka     Unspecified  (4190)    4643    3932    
   342 33.97 6.11 2.69           HG995126.1   6641711   6642070 (10448290) C               Kuruka     Unspecified  (5000)    3833    3462    
   779 36.24 2.82 1.87           HG995126.1   6660472   6661427 (10428933) C               Kuruka     Unspecified  (4285)    4548    3584    
   492 33.11 6.11 2.69           HG995126.1   9163675   9164034 (7926326) +               Kuruka     Unspecified    3462    3833  (5000)    
  1066 31.89 3.54 3.70           HG995126.1   9164134   9164755 (7925605) +               Kuruka     Unspecified    3933    4553  (4280)    
  1039 36.19 3.68 2.73           HG995127.1   5202341   5203536 (11339824) C               Kuruka     Unspecified  (4165)    4668    3462    
   371 31.60 7.59 1.19           HG995127.1   5529439   5529675 (11013685) C               Kuruka     Unspecified  (4180)    4653    4402    
   352 33.97 6.11 2.69           HG995127.1   5595770   5596129 (10947231) +               Kuruka     Unspecified    3462    3833  (5000)    
   577 35.12 3.23 3.37           HG995127.1   5596228   5596940 (10946420) +               Kuruka     Unspecified    3932    4643  (4190)    
   460 38.58 1.91 1.74           HG995127.1   5716228   5716802 (10826558) C               Kuruka     Unspecified  (4346)    4487    3912    
  1108 32.81 4.90 3.03           HG995127.1   5733519   5734621 (10808739) C               Kuruka     Unspecified  (4249)    4584    3462    
  1156 37.07 2.17 2.26           HG995127.1   6335988   6337138 (10206222) C               Kuruka     Unspecified  (4222)    4611    3462    
  1156 37.07 2.17 2.26           HG995127.1   6658307   6659457 (9883903) C               Kuruka     Unspecified  (4222)    4611    3462    
   559 31.23 5.23 1.48           HG995127.1   7102310   7102634 (9440726) +               Kuruka     Unspecified    3497    3833  (5000)    
   731 35.81 3.00 3.16           HG995127.1   7102733   7103398 (9439962) +               Kuruka     Unspecified    3932    4596  (4237)    
   828 33.39 6.68 4.86           HG995127.1   7152957   7154108 (9389252) +               Kuruka     Unspecified    3497    4668  (4165)    
   797 35.40 4.82 3.23           HG995127.1   7193227   7194201 (9349159) C               Kuruka     Unspecified  (4249)    4584    3595    
   607 32.80 4.15 4.42           HG995127.1   7208336   7208721 (9334639) C               Kuruka     Unspecified  (4225)    4608    4224    
   913 36.07 3.72 2.97           HG995127.1   7256204   7257306 (9286054) +               Kuruka     Unspecified    3459    4569  (4264)    
   427 29.50 8.96 4.89           HG995127.1   7289055   7289389 (9253971) +               Kuruka     Unspecified    3990    4337  (4496)    
  1684 33.05 4.03 3.04           HG995127.1   7306332   7307473 (9235887) C               Kuruka     Unspecified  (4225)    4608    3456    
  1681 32.90 4.12 3.04           HG995127.1   7336471   7337611 (9205749) +               Kuruka     Unspecified    3456    4608  (4225)    
   321 29.55 10.21 4.68           HG995127.1   7455746   7456029 (9087331) C               Kuruka     Unspecified  (4132)    4701    4403    
  1561 33.30 4.98 3.98           HG995127.1   7492646   7493790 (9049570) +               Kuruka     Unspecified    3488    4643  (4190)    
  1342 32.31 4.14 3.10           HG995127.1   7548410   7549495 (8993865) C               Kuruka     Unspecified  (4249)    4584    3488    
   239 17.98 7.69 3.70           HG995127.1   7618160   7618263 (8925097) +               Kuruka     Unspecified    7300    7407  (1426)    
  1004 35.51 4.18 3.23           HG995127.1   7788811   7790006 (8753354) C               Kuruka     Unspecified  (4165)    4668    3462    
   926 36.13 3.63 2.88           HG995127.1   7803375   7804477 (8738883) C               Kuruka     Unspecified  (4264)    4569    3459    
   407 30.16 8.88 4.84           HG995127.1   7924438   7924775 (8618585) C               Kuruka     Unspecified  (4493)    4340    3990    
   546 31.88 4.62 0.63           HG995127.1   7935819   7936121 (8607239) +               Kuruka     Unspecified    3497    3811  (5022)    
   729 34.01 4.05 4.21           HG995127.1   7936242   7936907 (8606453) +               Kuruka     Unspecified    3932    4596  (4237)    
  1202 35.60 2.57 2.67           HG995127.1   8004968   8006055 (8537305) +               Kuruka     Unspecified    3462    4548  (4285)    
   654 36.13 3.63 2.88           HG995127.1   8077107   8078209 (8465151) +               Kuruka     Unspecified    3459    4569  (4264)    
   522 35.59 5.04 2.56           HG995127.1   8109149   8109644 (8433716) +               Kuruka     Unspecified    3488    3995  (4838)    
   392 31.82 8.36 4.31           HG995127.1   8110284   8110618 (8432742) +               Kuruka     Unspecified    3990    4337  (4496)    
   264 34.86 7.83 0.86           HG995128.1   7500893   7501109 (8325136) +               Kuruka     Unspecified    4403    4634  (4199)    
  1230 35.06 3.87 2.52           HG995129.1   5897780   5898917 (9143638) C               Kuruka     Unspecified  (4225)    4608    3456    
  1100 31.89 3.54 3.70           HG995129.1   6419388   6420009 (8622546) C               Kuruka     Unspecified  (4280)    4553    3933    
   512 33.11 6.11 2.69           HG995129.1   6420109   6420468 (8622087) C               Kuruka     Unspecified  (5000)    3833    3462    
  1360 33.56 5.49 3.22           HG995129.1   6632422   6633514 (8409041) C               Kuruka     Unspecified  (4255)    4578    3462    
   259 37.23 5.16 1.66           HG995129.1   6801163   6801569 (8240986) +               Kuruka     Unspecified    4233    4653  (4180)    
   982 35.47 4.18 3.21           HG995129.1   8553645   8554815 (6487740) C               Kuruka     Unspecified  (4190)    4643    3462    
   230 29.91 3.60 3.60           HG995129.1   8574593   8574703 (6467852) C               Kuruka     Unspecified  (5216)    3617    3507    
   398 35.39 6.11 2.69           HG995129.1   8626014   8626373 (6416182) +               Kuruka     Unspecified    3462    3833  (5000)    
  1048 31.26 4.18 4.35           HG995129.1   8626474   8627095 (6415460) +               Kuruka     Unspecified    3933    4553  (4280)    
   235 16.00 0.00 0.00           HG995130.1   3916385   3916434 (9614470) C               Kuruka     Unspecified  (1404)    7429    7380    
  1355 34.12 3.06 2.58           HG995130.1   7582210   7583289 (5947615) +               Kuruka     Unspecified    3464    4548  (4285)    
  1211 35.30 3.60 2.65           HG995130.1   8904601   8905796 (4625108) C               Kuruka     Unspecified  (4165)    4668    3462    
  1720 32.87 4.03 3.04           HG995131.1   4394334   4395475 (8681909) C               Kuruka     Unspecified  (4225)    4608    3456    
  1706 32.96 4.03 3.04           HG995131.1   4818745   4819886 (8257498) C               Kuruka     Unspecified  (4225)    4608    3456    
   797 33.11 2.38 2.55           HG995131.1   5212038   5212666 (7864718) C               Kuruka     Unspecified  (4285)    4548    3921    
   273 33.76 3.32 2.89           HG995131.1   5213792   5214032 (7863352) C               Kuruka     Unspecified  (5127)    3706    3465    
   352 33.97 6.11 2.69           HG995131.1   5222409   5222768 (7854616) +               Kuruka     Unspecified    3462    3833  (5000)    
   577 35.12 3.23 3.37           HG995131.1   5222867   5223579 (7853805) +               Kuruka     Unspecified    3932    4643  (4190)    
   253 35.25 3.39 2.23           HG995131.1   5386459   5386635 (7690749) +               Kuruka     Unspecified    4330    4508  (4325)    
   302 35.13 5.85 2.21           HG995131.1   7462800   7463192 (5614192) C               Kuruka     Unspecified  (4204)    4629    4223    
   400 32.21 7.16 3.03           HG995132.1   4885321   4885669 (8115195) C               Kuruka     Unspecified  (4180)    4653    4291    
   412 32.91 1.63 2.05           HG995132.1   4887659   4887903 (8112961) C               Kuruka     Unspecified  (4391)    4442    4199    
   257 29.52 1.87 1.87           HG995132.1   4888136   4888242 (8112622) C               Kuruka     Unspecified  (5114)    3719    3613    
   231 19.44 0.00 0.00           HG995132.1  12554417  12554488 (446376) +               Kuruka     Unspecified    7217    7288  (1545)    
   243 31.95 4.00 4.84           HG995133.1   6394406   6394530 (6434625) +               Kuruka     Unspecified    4284    4407  (4426)    
  1183 35.86 2.48 2.58           HG995134.1   7091852   7092939 (5260203) C               Kuruka     Unspecified  (4285)    4548    3462    
  1011 32.78 3.10 3.25           HG995134.1   7301133   7301810 (5051332) C               Kuruka     Unspecified  (4225)    4608    3932    
   469 34.14 5.48 2.12           HG995134.1   7311750   7312114 (5041028) +               Kuruka     Unspecified    3462    3838  (4995)    
   813 35.34 2.85 2.99           HG995134.1   7312208   7312945 (5040197) +               Kuruka     Unspecified    3932    4668  (4165)    
  1316 34.84 4.24 3.21           HG995134.1   7490140   7491248 (4861894) +               Kuruka     Unspecified    3489    4608  (4225)    
   471 34.92 4.74 0.51           HG995134.1   7961869   7962248 (4390894) +               Kuruka     Unspecified    3461    3856  (4977)    
   974 31.59 3.22 3.38           HG995134.1   7962326   7962977 (4390165) +               Kuruka     Unspecified    3934    4584  (4249)    
   545 31.92 4.53 0.62           HG995134.1   7976027   7976335 (4376807) +               Kuruka     Unspecified    3513    3833  (5000)    
   756 34.49 3.51 3.66           HG995134.1   7976434   7977089 (4376053) +               Kuruka     Unspecified    3932    4586  (4247)    
   471 34.92 4.74 0.51           HG995134.1   7987759   7988138 (4365004) +               Kuruka     Unspecified    3461    3856  (4977)    
   987 31.43 3.22 3.38           HG995134.1   7988216   7988867 (4364275) +               Kuruka     Unspecified    3934    4584  (4249)    
   371 34.34 5.21 1.86           HG995134.1   8000925   8001289 (4351853) +               Kuruka     Unspecified    3462    3838  (4995)    
   540 35.41 3.23 3.37           HG995134.1   8001383   8002095 (4351047) +               Kuruka     Unspecified    3932    4643  (4190)    
   571 36.00 3.45 3.62           HG995134.1   8781712   8782319 (3570823) C               Kuruka     Unspecified  (4247)    4586    3980    
   915 31.72 3.54 3.70           HG995134.1   8791796   8792417 (3560725) C               Kuruka     Unspecified  (4280)    4553    3933    
   401 33.11 6.11 2.69           HG995134.1   8792517   8792876 (3560266) C               Kuruka     Unspecified  (5000)    3833    3462    
  1178 33.47 4.98 3.98           HG995134.1   8798751   8799895 (3553247) +               Kuruka     Unspecified    3488    4643  (4190)    
   352 33.97 6.11 2.69           HG995134.1   8806113   8806472 (3546670) +               Kuruka     Unspecified    3462    3833  (5000)    
   577 35.12 3.23 3.37           HG995134.1   8806571   8807283 (3545859) +               Kuruka     Unspecified    3932    4643  (4190)    
  1678 33.30 4.05 3.05           HG995134.1   8817885   8819021 (3534121) +               Kuruka     Unspecified    3461    4608  (4225)    
  1418 33.84 2.74 3.22           HG995135.1   6506553   6507645 (5742084) +               Kuruka     Unspecified    3461    4548  (4285)    
  1262 34.25 3.41 3.12           HG995136.1   5854081   5855165 (6228896) C               Kuruka     Unspecified  (4285)    4548    3461    
  1645 32.54 4.12 3.12           HG995136.1   5867822   5868963 (6215098) +               Kuruka     Unspecified    3456    4608  (4225)    
  1720 32.87 4.03 3.04           HG995136.1   6143970   6145111 (5938950) C               Kuruka     Unspecified  (4225)    4608    3456    
   590 35.12 3.23 3.37           HG995136.1   6516721   6517433 (5566628) C               Kuruka     Unspecified  (4190)    4643    3932    
   323 36.18 4.11 0.80           HG995136.1   6517527   6517891 (5566170) C               Kuruka     Unspecified  (4995)    3838    3462    
  1467 34.20 4.05 3.05           HG995136.1   6558290   6559426 (5524635) C               Kuruka     Unspecified  (4225)    4608    3461    
   520 36.34 3.26 3.26           HG995136.1   7077652   7078234 (5005827) +               Kuruka     Unspecified    3996    4578  (4255)    
   866 35.76 2.84 2.72           HG995136.1   7148076   7148992 (4935069) +               Kuruka     Unspecified    3751    4668  (4165)    
  1525 32.80 5.15 4.15           HG995136.1   7619347   7620491 (4463570) C               Kuruka     Unspecified  (4190)    4643    3488    
   257 34.28 0.71 0.71           HG995137.1   2387022   2387162 (9224779) +               Kuruka     Unspecified    3497    3637  (5196)    
  1342 33.99 4.59 3.55           HG995137.1   4189498   4190586 (7421355) C               Kuruka     Unspecified  (4237)    4596    3497    
  1713 32.87 4.03 3.04           HG995137.1   4294950   4296091 (7315850) C               Kuruka     Unspecified  (4225)    4608    3456    
   296 33.05 7.39 2.01           HG995137.1   4642638   4642921 (6969020) C               Kuruka     Unspecified  (4132)    4701    4403    
  1674 32.51 4.13 3.14           HG995137.1   4706984   4708120 (6903821) C               Kuruka     Unspecified  (4225)    4608    3461    
   733 34.59 5.97 3.15           HG995137.1   4811154   4812141 (6799800) C               Kuruka     Unspecified  (4165)    4668    3654    
   262 36.24 0.67 0.67           HG995137.1   4844566   4844715 (6767226) C               Kuruka     Unspecified  (4297)    4536    4387    
   375 32.76 2.25 2.25           HG995137.1   6020493   6020670 (5591271) C               Kuruka     Unspecified  (4717)    4116    3939    
   817 36.67 4.01 3.07           HG995138.1   3772723   3773918 (7289879) +               Kuruka     Unspecified    3462    4668  (4165)    
  1643 33.23 4.03 3.04           HG995138.1   3872476   3873617 (7190180) C               Kuruka     Unspecified  (4225)    4608    3456    
  1578 33.59 4.80 3.81           HG995138.1   4105524   4106668 (6957129) C               Kuruka     Unspecified  (4190)    4643    3488    
  1154 37.07 2.17 2.26           HG995138.1   4533928   4535078 (6528719) +               Kuruka     Unspecified    3462    4611  (4222)    
  1154 37.07 2.17 2.26           HG995138.1   4567548   4568698 (6495099) +               Kuruka     Unspecified    3462    4611  (4222)    
  1173 36.98 2.17 2.26           HG995138.1   4594085   4595235 (6468562) +               Kuruka     Unspecified    3462    4611  (4222)    
  1672 32.99 4.22 3.22           HG995138.1   4666205   4667341 (6396456) C               Kuruka     Unspecified  (4225)    4608    3461    
  1681 33.38 3.94 3.04           HG995138.1   5370696   5371838 (5691959) +               Kuruka     Unspecified    3456    4608  (4225)    
   992 35.54 4.26 3.31           HG995139.1   6127747   6128942 (4353059) +               Kuruka     Unspecified    3462    4668  (4165)    
   394 34.83 6.11 2.69           HG995139.1   6227935   6228294 (4253707) +               Kuruka     Unspecified    3462    3833  (5000)    
   936 31.37 2.39 2.39           HG995139.1   6228399   6228816 (4253185) +               Kuruka     Unspecified    3939    4356  (4477)    
   777 34.42 3.45 3.61           HG995139.1   6340361   6341026 (4140975) C               Kuruka     Unspecified  (4237)    4596    3932    
   571 31.36 4.62 0.89           HG995139.1   6341123   6341447 (4140554) C               Kuruka     Unspecified  (5000)    3833    3497    
   535 31.63 2.81 0.55           HG995140.1   6220767   6220944 (3972723) C               Kuruka     Unspecified  (5187)    3646    3465    
   984 35.58 3.74 3.21           HG995140.1   6455739   6456914 (3736753) +               Kuruka     Unspecified    3462    4643  (4190)    
   984 35.58 3.74 3.21           HG995140.1   6483060   6484235 (3709432) +               Kuruka     Unspecified    3462    4643  (4190)    
   313 31.98 7.39 2.01           HG995140.1   6498345   6498628 (3695039) C               Kuruka     Unspecified  (4132)    4701    4403    
   313 31.98 7.39 2.01           HG995140.1   6513868   6514151 (3679516) C               Kuruka     Unspecified  (4132)    4701    4403    
   963 34.63 3.14 3.61           HG995140.1   6710297   6710964 (3482703) C               Kuruka     Unspecified  (4237)    4596    3932    
   515 32.01 5.28 1.01           HG995140.1   6711067   6711350 (3482317) C               Kuruka     Unspecified  (5041)    3792    3497    
  1079 31.72 3.54 3.70           HG995140.1   6897828   6898449 (3295218) C               Kuruka     Unspecified  (4280)    4553    3933    
   492 33.11 6.11 2.69           HG995140.1   6898549   6898908 (3294759) C               Kuruka     Unspecified  (5000)    3833    3462    
  1572 33.32 4.80 3.81           HG995141.1   5597255   5598399 (4350512) C               Kuruka     Unspecified  (4190)    4643    3488    
  1039 36.19 3.68 2.73           HG995141.1   5658352   5659547 (4289364) +               Kuruka     Unspecified    3462    4668  (4165)    
   589 35.08 3.37 3.53           HG995141.1   5886489   5887141 (4061770) C               Kuruka     Unspecified  (4249)    4584    3933    
  1660 32.98 4.38 3.38           HG995141.1   5989049   5990190 (3958721) +               Kuruka     Unspecified    3456    4608  (4225)    
  1288 34.25 4.78 3.73           HG995141.1   5996511   5997599 (3951312) C               Kuruka     Unspecified  (4237)    4596    3497    
  1609 32.48 4.47 3.47           HG995141.1   6045784   6046925 (3901986) +               Kuruka     Unspecified    3456    4608  (4225)    
  1237 34.46 4.59 3.55           HG995141.1   6053246   6054334 (3894577) C               Kuruka     Unspecified  (4237)    4596    3497    
  1288 34.25 4.78 3.73           HG995141.1   6118106   6119194 (3829717) +               Kuruka     Unspecified    3497    4596  (4237)    
  1676 32.90 4.38 3.38           HG995141.1   6125515   6126656 (3822255) C               Kuruka     Unspecified  (4225)    4608    3456    
  1288 34.25 4.78 3.73           HG995141.1   6184554   6185642 (3763269) +               Kuruka     Unspecified    3497    4596  (4237)    
  1676 32.90 4.38 3.38           HG995141.1   6191963   6193104 (3755807) C               Kuruka     Unspecified  (4225)    4608    3456    
  1609 32.48 4.47 3.47           HG995141.1   6272327   6273468 (3675443) +               Kuruka     Unspecified    3456    4608  (4225)    
  1219 34.56 4.59 3.55           HG995141.1   6279789   6280877 (3668034) C               Kuruka     Unspecified  (4237)    4596    3497    
  1676 32.90 4.38 3.38           HG995141.1   6347021   6348162 (3600749) +               Kuruka     Unspecified    3456    4608  (4225)    
  1288 34.25 4.78 3.73           HG995141.1   6354483   6355571 (3593340) C               Kuruka     Unspecified  (4237)    4596    3497    
  1288 34.25 4.78 3.73           HG995141.1   6448389   6449477 (3499434) +               Kuruka     Unspecified    3497    4596  (4237)    
  1668 32.90 4.38 3.38           HG995141.1   6455798   6456939 (3491972) C               Kuruka     Unspecified  (4225)    4608    3456    
   548 32.50 4.31 0.59           HG995141.1   6537817   6538141 (3410770) +               Kuruka     Unspecified    3497    3833  (5000)    
   659 35.51 3.45 3.61           HG995141.1   6538240   6538905 (3410006) +               Kuruka     Unspecified    3932    4596  (4237)    
  1062 30.90 3.22 3.37           HG995141.1   6545250   6545902 (3403009) C               Kuruka     Unspecified  (4249)    4584    3933    
   519 34.37 4.69 1.52           HG995141.1   6545979   6546362 (3402549) C               Kuruka     Unspecified  (4977)    3856    3461    
  1676 32.90 4.38 3.38           HG995141.1   6597700   6598841 (3350070) +               Kuruka     Unspecified    3456    4608  (4225)    
  1288 34.25 4.78 3.73           HG995141.1   6605162   6606250 (3342661) C               Kuruka     Unspecified  (4237)    4596    3497    
  1288 34.25 4.78 3.73           HG995141.1   6699027   6700115 (3248796) +               Kuruka     Unspecified    3497    4596  (4237)    
  1676 32.90 4.38 3.38           HG995141.1   6706436   6707577 (3241334) C               Kuruka     Unspecified  (4225)    4608    3456    
  1288 34.25 4.78 3.73           HG995141.1   6780592   6781680 (3167231) +               Kuruka     Unspecified    3497    4596  (4237)    
  1646 32.90 4.37 3.47           HG995141.1   6788001   6789143 (3159768) C               Kuruka     Unspecified  (4225)    4608    3456    
  1676 32.90 4.38 3.38           HG995141.1   6825684   6826825 (3122086) +               Kuruka     Unspecified    3456    4608  (4225)    
  1288 34.25 4.78 3.73           HG995141.1   6833146   6834234 (3114677) C               Kuruka     Unspecified  (4237)    4596    3497    
  1609 32.48 4.47 3.47           HG995141.1   6963951   6965092 (2983819) +               Kuruka     Unspecified    3456    4608  (4225)    
  1219 34.56 4.59 3.55           HG995141.1   6971413   6972501 (2976410) C               Kuruka     Unspecified  (4237)    4596    3497    
  1676 32.90 4.38 3.38           HG995141.1   7044237   7045378 (2903533) +               Kuruka     Unspecified    3456    4608  (4225)    
  1268 34.34 4.78 3.73           HG995141.1   7051699   7052787 (2896124) C               Kuruka     Unspecified  (4237)    4596    3497    
  1288 34.25 4.78 3.73           HG995141.1   7152050   7153138 (2795773) +               Kuruka     Unspecified    3497    4596  (4237)    
  1288 34.25 4.78 3.73           HG995141.1   7170824   7171912 (2776999) +               Kuruka     Unspecified    3497    4596  (4237)    
  1219 34.56 4.59 3.55           HG995141.1   7234588   7235676 (2713235) +               Kuruka     Unspecified    3497    4596  (4237)    
  1597 32.81 4.38 3.38           HG995141.1   7241997   7243138 (2705773) C               Kuruka     Unspecified  (4225)    4608    3456    
  1726 32.87 4.40 3.40           HG995141.1   7290393   7291529 (2657382) +               Kuruka     Unspecified    3461    4608  (4225)    
  1306 34.28 4.59 3.55           HG995141.1   7297850   7298938 (2649973) C               Kuruka     Unspecified  (4237)    4596    3497    
  1306 34.28 4.59 3.55           HG995141.1   7327554   7328642 (2620269) +               Kuruka     Unspecified    3497    4596  (4237)    
  1703 32.67 4.50 3.48           HG995141.1   7334963   7336072 (2612839) C               Kuruka     Unspecified  (4225)    4608    3488    
  1288 34.25 4.78 3.73           HG995141.1   7426335   7427423 (2521488) +               Kuruka     Unspecified    3497    4596  (4237)    
  1676 32.90 4.38 3.38           HG995141.1   7433744   7434885 (2514026) C               Kuruka     Unspecified  (4225)    4608    3456    
  1484 33.20 4.98 3.98           HG995141.1   8868315   8869459 (1079452) C               Kuruka     Unspecified  (4190)    4643    3488    
  1342 33.60 4.87 3.73           HG995141.1   9634537   9635624 (313287) +               Kuruka     Unspecified    3497    4596  (4237)    
   925 35.94 4.18 3.23           HG995141.1   9656378   9657573 (291338) C               Kuruka     Unspecified  (4165)    4668    3462    
   509 33.11 6.11 2.69           HG995142.1   3711096   3711455 (5780764) +               Kuruka     Unspecified    3462    3833  (5000)    
  1115 31.72 3.54 3.70           HG995142.1   3711555   3712176 (5780043) +               Kuruka     Unspecified    3933    4553  (4280)    
   484 35.96 1.78 2.18           HG995142.1   6523176   6523681 (2968538) C               Kuruka     Unspecified  (4286)    4547    4044    
  1141 35.54 3.96 2.67           HG995142.1   6600104   6601213 (2891006) C               Kuruka     Unspecified  (4249)    4584    3461    
   969 35.56 4.18 3.21           HG995142.1   7086299   7087469 (2404750) +               Kuruka     Unspecified    3462    4643  (4190)    
   281 36.14 1.94 1.94           HG995142.1   7362539   7362744 (2129475) +               Kuruka     Unspecified    4403    4608  (4225)    
  1128 34.10 4.74 3.56           HG995142.1   7503208   7504347 (1987872) +               Kuruka     Unspecified    3456    4608  (4225)    
  1073 31.89 3.53 3.86           HG995143.1   1144469   1145091 (8119082) C               Kuruka     Unspecified  (4280)    4553    3933    
   512 33.11 6.11 2.69           HG995143.1   1145191   1145550 (8118623) C               Kuruka     Unspecified  (5000)    3833    3462    
  1629 32.54 4.12 3.12           HG995144.1   5141485   5142626 (3649482) +               Kuruka     Unspecified    3456    4608  (4225)    
  1390 33.57 4.78 3.64           HG995144.1   5208643   5209730 (3582378) C               Kuruka     Unspecified  (4237)    4596    3497    
  1136 30.71 4.02 4.19           HG995144.1   5238613   5239234 (3552874) C               Kuruka     Unspecified  (4280)    4553    3933    
   511 33.40 6.11 2.69           HG995144.1   5239334   5239693 (3552415) C               Kuruka     Unspecified  (5000)    3833    3462    
  1313 34.18 4.59 3.55           HG995145.1   2811138   2812226 (4991459) C               Kuruka     Unspecified  (4237)    4596    3497    
   427 31.21 8.28 4.27           HG995145.1   2982219   2982556 (4821129) +               Kuruka     Unspecified    3990    4340  (4493)    
   969 35.56 4.18 3.21           HG995145.1   3023313   3024483 (4779202) C               Kuruka     Unspecified  (4190)    4643    3462    
  1720 32.87 4.03 3.04           HG995145.1   3400049   3401190 (4402495) +               Kuruka     Unspecified    3456    4608  (4225)    
   969 35.56 4.18 3.21           HG995146.1   3140145   3141315 (4350863) C               Kuruka     Unspecified  (4190)    4643    3462    
  1705 32.96 4.03 3.04           HG995147.1   4623041   4624182 (1891090) C               Kuruka     Unspecified  (4225)    4608    3456    
   251 35.78 1.80 1.80           HG995147.1   6250918   6251139 (264133) +               Kuruka     Unspecified    3497    3718  (5115)    
   833 32.53 5.67 5.83           HG995147.1   6251333   6251985 (263287) +               Kuruka     Unspecified    3933    4584  (4249)    
   906 31.89 3.54 3.70           HG995148.1    128883    129504 (5236055) C               Kuruka     Unspecified  (4280)    4553    3933    
   365 33.97 6.11 2.69           HG995148.1    129604    129963 (5235596) C               Kuruka     Unspecified  (5000)    3833    3462    
   444 32.83 6.01 4.30           HG995148.1   1276934   1277299 (4088260) +               Kuruka     Unspecified    3462    3833  (5000)    
  1109 31.71 3.57 3.74           HG995148.1   1277405   1278020 (4087539) +               Kuruka     Unspecified    3939    4553  (4280)    
  1109 31.71 3.57 3.74           HG995148.1   1443094   1443709 (3921850) C               Kuruka     Unspecified  (4280)    4553    3939    
   444 32.83 6.01 4.30           HG995148.1   1443815   1444180 (3921379) C               Kuruka     Unspecified  (5000)    3833    3462    
   355 32.09 6.98 3.06           HG995148.1   1525650   1525964 (3839595) +               Kuruka     Unspecified    3507    3833  (5000)    
   910 31.71 3.57 3.74           HG995148.1   1526070   1526685 (3838874) +               Kuruka     Unspecified    3939    4553  (4280)    
   337 33.97 6.11 2.69           HG995148.1   1531203   1531562 (3833997) +               Kuruka     Unspecified    3462    3833  (5000)    
   613 34.83 3.23 3.37           HG995148.1   1531661   1532373 (3833186) +               Kuruka     Unspecified    3932    4643  (4190)    
  1092 36.45 2.30 2.40           HG995148.1   1741846   1742930 (3622629) C               Kuruka     Unspecified  (4285)    4548    3465    
   383 31.42 5.65 5.88           HG995148.1   1868902   1869361 (3496198) C               Kuruka     Unspecified  (4255)    4578    4120    
  1498 33.53 4.63 3.63           HG995148.1   2040503   2041647 (3323912) C               Kuruka     Unspecified  (4190)    4643    3488    
   307 34.11 2.81 2.81           HG995149.1     81988     82165 (4643131) +               Kuruka     Unspecified    3939    4116  (4717)    
  1224 36.71 2.17 2.26           HG995150.1   3502602   3503752 (317078) +               Kuruka     Unspecified    3462    4611  (4222)    
