  363 28.19  3.85  4.52            OX638249.1  9152426  9152581 (19862507)  +          Kuruka  Unspecified (19862507)  9152426  9152581
 2167 33.50  2.25  2.34            OX638249.1 20348925 20350122 (8664966)  +          Kuruka  Unspecified (8664966) 20348925 20350122
  316 33.96  3.32  3.59            OX638249.1  9466144  9466534 (19548554)  C          Kuruka  Unspecified (19548554)  9466144  9466534
 2245 33.78  3.08  3.16            OX638249.1 23103109 23104502 (5910586)  C          Kuruka  Unspecified (5910586) 23103109 23104502
  329 35.97  0.38  0.38            OX638250.1  1798969  1799798 (25001640)  +          Kuruka  Unspecified (25001640)  1798969  1799798
  689 35.93  2.61  3.36            OX638250.1  3194764  3195722 (23605150)  +          Kuruka  Unspecified (23605150)  3194764  3195722
  886 29.88  5.46  5.46            OX638250.1  4577573  4578103 (22222769)  +          Kuruka  Unspecified (22222769)  4577573  4578103
  972 37.01  3.60  1.35            OX638250.1  4598488  4599210 (22201662)  +          Kuruka  Unspecified (22201662)  4598488  4599210
  308 34.79  2.02  4.98            OX638250.1 10138799 10139046 (16661826)  +          Kuruka  Unspecified (16661826) 10138799 10139046
 2169 33.19  2.34  2.51            OX638250.1 10519304 10520502 (16280370)  +          Kuruka  Unspecified (16280370) 10519304 10520502
 2235 33.65  3.16  3.16            OX638250.1 11937706 11939098 (14861774)  +          Kuruka  Unspecified (14861774) 11937706 11939098
  319 32.83  2.45  2.96            OX638250.1  2060333  2060536 (24740336)  C          Kuruka  Unspecified (24740336)  2060333  2060536
  272 33.35  3.75  4.40            OX638250.1  2200369  2200528 (24600344)  C          Kuruka  Unspecified (24600344)  2200369  2200528
  314 32.59  6.19  3.52            OX638250.1  9029038  9029231 (17771641)  C          Kuruka  Unspecified (17771641)  9029038  9029231
 1914 33.87  4.61  3.10            OX638250.1 10261750 10263117 (16537755)  C          Kuruka  Unspecified (16537755) 10261750 10263117
  326 32.43  0.00  0.00            OX638250.1 21883377 21883487 (4917385)  C          Kuruka  Unspecified (4917385) 21883377 21883487
 2190 33.24  2.18  2.27            OX638251.1  5154286  5155430 (11263671)  +          Kuruka  Unspecified (11263671)  5154286  5155430
  236 38.85  0.00  0.00            OX638251.1  6482233  6482371 (9936730)  +          Kuruka  Unspecified (9936730)  6482233  6482371
  612 38.45  1.95  1.46            OX638251.1  9381713  9382327 (7036774)  +          Kuruka  Unspecified (7036774)  9381713  9382327
  397 35.82  0.49  0.99            OX638251.1  3133327  3133529 (13285572)  C          Kuruka  Unspecified (13285572)  3133327  3133529
