   918 33.60 2.23 3.00    CAKOHB010000001.1    321085    321621 (1398704) C               Kuruka     Unspecified  (4257)    4576    4044    
   918 33.60 2.23 3.00    CAKOHB010000001.1    353527    354063 (1366262) C               Kuruka     Unspecified  (4257)    4576    4044    
  1354 35.23 3.30 3.41    CAKOHB010000001.1    543139    544137 (1176188) +               Kuruka     Unspecified    3551    4548  (4285)    
   898 33.53 2.05 2.81    CAKOHB010000001.1    616884    617420 (1102905) C               Kuruka     Unspecified  (4257)    4576    4044    
   269 32.14 3.90 5.73    CAKOHB010000001.1    657651    657881 (1062444) +               Kuruka     Unspecified    4224    4450  (4383)    
  1006 34.41 0.87 1.94    CAKOHB010000001.1    754360    754931 (965394) +               Kuruka     Unspecified    3988    4553  (4280)    
   321 35.17 2.17 5.22    CAKOHB010000001.1    956128    956403 (763922) C               Kuruka     Unspecified  (4283)    4550    4283    
   374 26.67 0.00 0.00    CAKOHB010000001.1   1216072   1216161 (504164) C               Kuruka     Unspecified  (4479)    4354    4265    
  1135 33.17 1.71 2.18    CAKOHB010000001.1   1240570   1241213 (479112) +               Kuruka     Unspecified    3913    4553  (4280)    
   809 32.96 6.16 5.62    CAKOHB010000001.1   1263735   1264708 (455617) C               Kuruka     Unspecified  (4279)    4554    3576    
  1324 37.04 1.10 1.19    CAKOHB010000006.1    618663    619755 (534598) C               Kuruka     Unspecified  (4289)    4544    3453    
   970 36.13 1.65 1.74    CAKOHB010000009.1      7272      8364  (42711) +               Kuruka     Unspecified    3453    4544  (4289)    
   233 32.61 3.90 5.73    CAKOHB010000011.1    127956    128186 (2583288) C               Kuruka     Unspecified  (4383)    4450    4224    
   280 33.61 0.84 0.00    CAKOHB010000011.1    191280    191398 (2520076) C               Kuruka     Unspecified  (4276)    4557    4438    
   299 22.38 0.00 2.63    CAKOHB010000011.1    191442    191519 (2519955) C               Kuruka     Unspecified  (4479)    4354    4279    
   263 23.73 0.00 0.00    CAKOHB010000011.1    303711    303769 (2407705) C               Kuruka     Unspecified  (4491)    4342    4284    
   401 33.94 6.16 6.16    CAKOHB010000011.1    357636    358219 (2353255) C               Kuruka     Unspecified  (4674)    4159    3576    
   719 33.47 5.75 5.88    CAKOHB010000011.1    439419    440218 (2271256) C               Kuruka     Unspecified  (4279)    4554    3756    
   334 35.68 0.00 0.50    CAKOHB010000011.1    467804    468003 (2243471) +               Kuruka     Unspecified    3481    3679  (5154)    
   908 33.72 2.82 3.46    CAKOHB010000011.1    468257    468895 (2242579) +               Kuruka     Unspecified    3933    4567  (4266)    
   835 32.58 5.87 5.98    CAKOHB010000011.1    537595    538531 (2172943) +               Kuruka     Unspecified    3585    4520  (4313)    
  1050 34.37 4.05 4.43    CAKOHB010000011.1    757142    758252 (1953222) +               Kuruka     Unspecified    3461    4567  (4266)    
   939 33.60 2.23 3.00    CAKOHB010000011.1    779818    780354 (1931120) C               Kuruka     Unspecified  (4257)    4576    4044    
   231 25.00 4.35 4.35    CAKOHB010000011.1    833791    833882 (1877592) +               Kuruka     Unspecified    4224    4315  (4518)    
   912 33.78 2.23 3.00    CAKOHB010000012.1    250947    251483 (692392) C               Kuruka     Unspecified  (4257)    4576    4044    
   960 34.10 1.49 2.25    CAKOHB010000012.1    378392    378928 (564947) C               Kuruka     Unspecified  (4257)    4576    4044    
   705 33.87 2.34 2.54    CAKOHB010000017.1    319514    320025 (2929811) +               Kuruka     Unspecified    4044    4554  (4279)    
  1783 37.59 0.82 0.92    CAKOHB010000018.1   1263037   1264129  (35150) C               Kuruka     Unspecified  (4289)    4544    3453    
   736 33.47 2.34 2.54    CAKOHB010000022.1     19578     20089  (25020) C               Kuruka     Unspecified  (4279)    4554    4044    
  1033 35.50 3.29 3.29    CAKOHB010000023.1    909114    910086 (138990) +               Kuruka     Unspecified    3576    4548  (4285)    
   243 32.29 3.91 5.75    CAKOHB010000023.1   1000283   1000512  (48564) +               Kuruka     Unspecified    4224    4449  (4384)    
   281 33.87 0.80 0.80    CAKOHB010000023.1   1018489   1018613  (30463) +               Kuruka     Unspecified    3576    3700  (5133)    
  1213 32.49 2.09 2.29    CAKOHB010000023.1   1018937   1019462  (29614) +               Kuruka     Unspecified    4024    4548  (4285)    
   256 35.35 3.46 6.03    CAKOHB010000027.1     25490     25778   (8675) +               Kuruka     Unspecified    4200    4481  (4352)    
   694 35.08 2.61 3.38    CAKOHB010000035.1     50494     51030 (542996) +               Kuruka     Unspecified    4044    4576  (4257)    
   917 34.23 1.86 2.63    CAKOHB010000035.1    142107    142643 (451383) C               Kuruka     Unspecified  (4257)    4576    4044    
  1064 34.28 4.05 4.43    CAKOHB010000035.1    225642    226752 (367274) C               Kuruka     Unspecified  (4266)    4567    3461    
  1176 32.49 2.09 2.29    CAKOHB010000038.1    752222    752747  (74185) C               Kuruka     Unspecified  (4285)    4548    4024    
   283 36.00 0.00 0.00    CAKOHB010000038.1    753071    753195  (73737) C               Kuruka     Unspecified  (5133)    3700    3576    
   754 34.94 2.23 3.00    CAKOHB010000040.1    142639    143175 (2782477) +               Kuruka     Unspecified    4044    4576  (4257)    
   626 30.80 1.07 1.79    CAKOHB010000040.1    180181    180461 (2745191) +               Kuruka     Unspecified    4279    4557  (4276)    
   527 36.44 0.86 1.16    CAKOHB010000040.1    193905    194251 (2731401) +               Kuruka     Unspecified    4199    4544  (4289)    
   798 33.34 5.38 5.51    CAKOHB010000040.1    314845    315644 (2610008) +               Kuruka     Unspecified    3756    4554  (4279)    
   624 33.46 0.36 1.08    CAKOHB010000040.1    341683    341963 (2583689) C               Kuruka     Unspecified  (4276)    4557    4279    
   903 33.78 2.23 3.00    CAKOHB010000040.1    400945    401481 (2524171) C               Kuruka     Unspecified  (4257)    4576    4044    
   263 23.73 0.00 0.00    CAKOHB010000040.1    411626    411684 (2513968) +               Kuruka     Unspecified    4284    4342  (4491)    
   308 35.20 0.00 0.00    CAKOHB010000040.1    481170    481294 (2444358) +               Kuruka     Unspecified    3576    3700  (5133)    
  1251 32.30 2.09 2.29    CAKOHB010000040.1    481618    482143 (2443509) +               Kuruka     Unspecified    4024    4548  (4285)    
   858 33.80 4.98 5.65    CAKOHB010000040.1    486285    487228 (2438424) +               Kuruka     Unspecified    3576    4513  (4320)    
   378 33.97 2.21 2.58    CAKOHB010000040.1    585298    585569 (2340083) +               Kuruka     Unspecified    4274    4544  (4289)    
  1490 35.48 1.92 2.01    CAKOHB010000040.1    591396    592488 (2333164) C               Kuruka     Unspecified  (4289)    4544    3453    
   251 33.53 2.26 2.26    CAKOHB010000040.1    656478    656654 (2268998) C               Kuruka     Unspecified  (5153)    3680    3504    
   735 35.13 2.23 3.00    CAKOHB010000040.1    692294    692830 (2232822) C               Kuruka     Unspecified  (4257)    4576    4044    
   724 33.74 5.38 5.51    CAKOHB010000040.1    830555    831354 (2094298) +               Kuruka     Unspecified    3756    4554  (4279)    
   772 33.84 5.82 5.92    CAKOHB010000040.1    887827    888806 (2036846) C               Kuruka     Unspecified  (4279)    4554    3576    
   505 32.94 5.02 5.19    CAKOHB010000040.1   1025076   1025693 (1899959) +               Kuruka     Unspecified    3938    4554  (4279)    
   783 34.05 5.51 5.62    CAKOHB010000040.1   1061047   1062026 (1863626) +               Kuruka     Unspecified    3576    4554  (4279)    
   608 36.30 2.61 2.78    CAKOHB010000040.1   1072809   1073420 (1852232) C               Kuruka     Unspecified  (4300)    4533    3923    
   437 38.31 1.15 1.45    CAKOHB010000040.1   1141000   1141346 (1784306) +               Kuruka     Unspecified    4199    4544  (4289)    
   234 29.36 3.82 3.82    CAKOHB010000040.1   1301289   1301419 (1624233) +               Kuruka     Unspecified    4227    4357  (4476)    
   797 35.82 2.54 2.66    CAKOHB010000040.1   1338515   1339380 (1586272) C               Kuruka     Unspecified  (4222)    4611    3747    
   514 30.68 1.76 3.58    CAKOHB010000040.1   1370360   1370643 (1555009) +               Kuruka     Unspecified    4279    4557  (4276)    
  1393 35.27 2.10 2.20    CAKOHB010000040.1   1413500   1414592 (1511060) C               Kuruka     Unspecified  (4289)    4544    3453    
   791 33.92 1.73 1.93    CAKOHB010000040.1   1533644   1534163 (1391489) +               Kuruka     Unspecified    3939    4457  (4376)    
  1216 36.06 2.55 2.36    CAKOHB010000040.1   1741019   1742117 (1183535) +               Kuruka     Unspecified    3453    4553  (4280)    
   245 26.67 2.17 2.17    CAKOHB010000040.1   1832443   1832534 (1093118) +               Kuruka     Unspecified    3765    3856  (4977)    
   674 36.78 2.29 2.60    CAKOHB010000040.1   1833013   1833668 (1091984) +               Kuruka     Unspecified    3933    4586  (4247)    
  1487 35.98 2.01 2.20    CAKOHB010000040.1   1885344   1886437 (1039215) C               Kuruka     Unspecified  (4289)    4544    3453    
  1292 35.21 2.99 3.09    CAKOHB010000040.1   1959371   1960472 (965180) +               Kuruka     Unspecified    3453    4553  (4280)    
   488 34.81 0.97 2.98    CAKOHB010000040.1   1982126   1982433 (943219) C               Kuruka     Unspecified  (4280)    4553    4252    
   258 34.29 4.83 4.83    CAKOHB010000040.1   1982426   1982756 (942896) C               Kuruka     Unspecified  (4847)    3986    3656    
  1150 34.74 3.42 3.53    CAKOHB010000040.1   2015840   2016803 (908849) C               Kuruka     Unspecified  (4292)    4541    3579    
   358 32.62 2.09 2.09    CAKOHB010000040.1   2053367   2053557 (872095) C               Kuruka     Unspecified  (4222)    4611    4421    
   275 34.21 2.56 2.56    CAKOHB010000040.1   2053709   2053903 (871749) C               Kuruka     Unspecified  (4716)    4117    3923    
   458 35.68 1.10 1.47    CAKOHB010000040.1   2209784   2210056 (715596) +               Kuruka     Unspecified    4283    4554  (4279)    
   417 35.32 0.74 1.11    CAKOHB010000040.1   2415132   2415403 (510249) C               Kuruka     Unspecified  (4289)    4544    4274    
   555 35.97 1.15 1.45    CAKOHB010000040.1   2507787   2508133 (417519) C               Kuruka     Unspecified  (4289)    4544    4199    
   584 34.71 2.54 2.54    CAKOHB010000040.1   2632238   2632710 (292942) +               Kuruka     Unspecified    3533    4005  (4828)    
   611 37.19 2.02 2.43    CAKOHB010000040.1   2635938   2636433 (289219) +               Kuruka     Unspecified    4053    4546  (4287)    
   350 35.78 0.46 0.46    CAKOHB010000042.1     66918     67136 (1716704) +               Kuruka     Unspecified    3461    3679  (5154)    
   854 34.05 2.26 2.42    CAKOHB010000042.1     67390     68009 (1715831) +               Kuruka     Unspecified    3933    4551  (4282)    
   895 36.50 2.86 2.95    CAKOHB010000045.1    835876    837027 (2477678) +               Kuruka     Unspecified    3461    4611  (4222)    
   233 32.61 3.90 5.73    CAKOHB010000045.1   2689609   2689839 (624866) C               Kuruka     Unspecified  (4383)    4450    4224    
   273 33.61 0.84 0.00    CAKOHB010000045.1   2752587   2752705 (562000) C               Kuruka     Unspecified  (4276)    4557    4438    
   301 22.38 0.00 2.63    CAKOHB010000045.1   2752749   2752826 (561879) C               Kuruka     Unspecified  (4479)    4354    4279    
   263 23.73 0.00 0.00    CAKOHB010000045.1   2844055   2844113 (470592) C               Kuruka     Unspecified  (4491)    4342    4284    
   401 33.94 6.16 6.16    CAKOHB010000045.1   2897214   2897797 (416908) C               Kuruka     Unspecified  (4674)    4159    3576    
   752 34.96 3.70 2.79    CAKOHB010000055.1   1052476   1053043 (6923695) C               Kuruka     Unspecified  (4257)    4576    4004    
   353 36.24 0.46 0.46    CAKOHB010000055.1   2799233   2799451 (5177287) +               Kuruka     Unspecified    3461    3679  (5154)    
   936 33.06 2.82 3.46    CAKOHB010000055.1   2799705   2800343 (5176395) +               Kuruka     Unspecified    3933    4567  (4266)    
   912 33.60 2.23 3.00    CAKOHB010000055.1   4047946   4048482 (3928256) C               Kuruka     Unspecified  (4257)    4576    4044    
   934 33.06 2.82 3.46    CAKOHB010000055.1   5731342   5731980 (2244758) C               Kuruka     Unspecified  (4266)    4567    3933    
   368 35.78 0.46 0.46    CAKOHB010000055.1   5732234   5732452 (2244286) C               Kuruka     Unspecified  (5154)    3679    3461    
   875 34.00 1.56 1.76    CAKOHB010000055.1   6882408   6882919 (1093819) C               Kuruka     Unspecified  (4279)    4554    4044    
   875 34.00 1.56 1.76    CAKOHB010000055.1   7346819   7347330 (629408) C               Kuruka     Unspecified  (4279)    4554    4044    
   875 34.00 1.56 1.76    CAKOHB010000055.1   7431751   7432262 (544476) C               Kuruka     Unspecified  (4279)    4554    4044    
  1064 34.28 4.05 4.43    CAKOHB010000058.1    883472    884582 (1059348) +               Kuruka     Unspecified    3461    4567  (4266)    
   875 34.00 1.56 1.76    CAKOHB010000058.1   1851144   1851655  (92275) C               Kuruka     Unspecified  (4279)    4554    4044    
   854 34.05 2.26 2.42    CAKOHB010000058.1   1899781   1900400  (43530) C               Kuruka     Unspecified  (4282)    4551    3933    
   354 35.78 0.46 0.46    CAKOHB010000061.1   2390710   2390928 (394857) +               Kuruka     Unspecified    3461    3679  (5154)    
   927 34.05 2.26 2.42    CAKOHB010000061.1   2391182   2391801 (393984) +               Kuruka     Unspecified    3933    4551  (4282)    
   899 33.78 2.23 3.00    CAKOHB010000062.1      1460      1996 (127980) +               Kuruka     Unspecified    4044    4576  (4257)    
   304 35.57 0.54 2.21    CAKOHB010000062.1    100036    100219  (29757) C               Kuruka     Unspecified  (4257)    4576    4396    
  1463 35.56 1.94 2.03    CAKOHB010000062.1    104416    105500  (24476) +               Kuruka     Unspecified    3453    4536  (4297)    
   440 34.88 3.27 3.58    CAKOHB010000062.1    109135    109470  (20506) C               Kuruka     Unspecified  (4455)    4378    4044    
  1003 34.65 1.05 2.12    CAKOHB010000064.1     60157     60728 (7471687) +               Kuruka     Unspecified    3988    4553  (4280)    
  1112 33.97 4.23 4.52    CAKOHB010000064.1    133588    134697 (7397718) C               Kuruka     Unspecified  (4266)    4567    3461    
   752 34.96 3.70 2.79    CAKOHB010000064.1    439616    440183 (7092232) +               Kuruka     Unspecified    4004    4576  (4257)    
   777 33.84 5.82 5.92    CAKOHB010000064.1    520371    521350 (7011065) +               Kuruka     Unspecified    3576    4554  (4279)    
   947 33.66 1.86 2.63    CAKOHB010000064.1    599572    600108 (6932307) +               Kuruka     Unspecified    4044    4576  (4257)    
  1089 35.15 3.71 3.62    CAKOHB010000064.1    663059    664218 (6868197) C               Kuruka     Unspecified  (4222)    4611    3451    
   915 33.09 2.42 3.19    CAKOHB010000064.1    714213    714749 (6817666) C               Kuruka     Unspecified  (4257)    4576    4044    
   753 33.54 3.17 3.94    CAKOHB010000064.1    739277    739813 (6792602) C               Kuruka     Unspecified  (4257)    4576    4044    
   793 36.06 3.12 3.21    CAKOHB010000064.1    815760    816911 (6715504) +               Kuruka     Unspecified    3461    4611  (4222)    
   230 20.00 0.00 0.00    CAKOHB010000064.1    833861    833915 (6698500) C               Kuruka     Unspecified  (4497)    4336    4282    
   572 33.82 0.36 1.08    CAKOHB010000064.1    969425    969705 (6562710) +               Kuruka     Unspecified    4279    4557  (4276)    
   879 36.79 3.70 3.61    CAKOHB010000064.1   1006946   1008025 (6524390) +               Kuruka     Unspecified    3481    4561  (4272)    
  1366 35.15 2.29 2.38    CAKOHB010000064.1   1092151   1093243 (6439172) C               Kuruka     Unspecified  (4289)    4544    3453    
   736 34.69 2.61 3.38    CAKOHB010000064.1   1125947   1126483 (6405932) C               Kuruka     Unspecified  (4257)    4576    4044    
   724 34.69 2.61 3.38    CAKOHB010000064.1   1197370   1197906 (6334509) C               Kuruka     Unspecified  (4257)    4576    4044    
   333 30.67 4.62 3.03    CAKOHB010000064.1   1250353   1250547 (6281868) +               Kuruka     Unspecified    3923    4120  (4713)    
   651 32.00 1.41 2.27    CAKOHB010000064.1   1250707   1251061 (6281354) +               Kuruka     Unspecified    4279    4630  (4203)    
   925 33.40 2.23 3.00    CAKOHB010000064.1   1266189   1266725 (6265690) C               Kuruka     Unspecified  (4257)    4576    4044    
   620 33.34 0.73 1.10    CAKOHB010000064.1   1473417   1473689 (6058726) C               Kuruka     Unspecified  (4279)    4554    4283    
   393 33.00 1.96 1.96    CAKOHB010000064.1   1474423   1474626 (6057789) C               Kuruka     Unspecified  (4586)    4247    4044    
   934 33.06 2.82 3.46    CAKOHB010000064.1   1647207   1647845 (5884570) C               Kuruka     Unspecified  (4266)    4567    3933    
   368 35.78 0.46 0.46    CAKOHB010000064.1   1648099   1648317 (5884098) C               Kuruka     Unspecified  (5154)    3679    3461    
   927 33.60 2.23 3.00    CAKOHB010000064.1   5092692   5093228 (2439187) C               Kuruka     Unspecified  (4257)    4576    4044    
   938 33.60 2.23 3.00    CAKOHB010000068.1    829523    830059 (918690) C               Kuruka     Unspecified  (4257)    4576    4044    
   924 33.78 2.23 3.00    CAKOHB010000069.1    352338    352874 (116002) +               Kuruka     Unspecified    4044    4576  (4257)    
   300 35.57 0.54 2.21    CAKOHB010000069.1    449306    449489  (19387) C               Kuruka     Unspecified  (4257)    4576    4396    
  1373 35.03 2.30 2.40    CAKOHB010000069.1    453686    454770  (14106) +               Kuruka     Unspecified    3453    4536  (4297)    
   434 34.88 3.27 3.58    CAKOHB010000069.1    458405    458740  (10136) C               Kuruka     Unspecified  (4455)    4378    4044    
   529 33.78 1.64 1.97    CAKOHB010000070.1    120432    120736 (5951640) +               Kuruka     Unspecified    4283    4586  (4247)    
   912 33.60 2.23 3.00    CAKOHB010000071.1     77174     77710 (1931557) +               Kuruka     Unspecified    4044    4576  (4257)    
   894 33.98 2.23 3.00    CAKOHB010000074.1    358389    358925   (6181) C               Kuruka     Unspecified  (4257)    4576    4044    
  1014 35.00 3.84 4.22    CAKOHB010000092.1     48576     49670  (80890) +               Kuruka     Unspecified    3477    4567  (4266)    
   298 35.78 0.46 0.46    CAKOHB010000094.1     44307     44525   (6295) +               Kuruka     Unspecified    3461    3679  (5154)    
   750 34.05 2.26 2.42    CAKOHB010000094.1     44779     45398   (5422) +               Kuruka     Unspecified    3933    4551  (4282)    
  1167 36.32 3.65 3.73           OW203892.1   3837978   3839264 (29354460) C               Kuruka     Unspecified  (4087)    4746    3461    
   938 33.60 2.23 3.00           OW203892.1   4367295   4367831 (28825893) C               Kuruka     Unspecified  (4257)    4576    4044    
   927 33.60 2.23 3.00           OW203892.1   4560672   4561208 (28632516) C               Kuruka     Unspecified  (4257)    4576    4044    
   611 31.14 2.14 2.87           OW203892.1   4581146   4581426 (28612298) +               Kuruka     Unspecified    4279    4557  (4276)    
   560 32.13 1.78 2.51           OW203892.1   4643483   4643763 (28549961) C               Kuruka     Unspecified  (4276)    4557    4279    
   251 28.00 4.58 4.58           OW203892.1   4660614   4660744 (28532980) +               Kuruka     Unspecified    4227    4357  (4476)    
   534 31.70 2.56 2.94           OW203892.1   4713973   4714245 (28479479) C               Kuruka     Unspecified  (4279)    4554    4283    
   383 32.07 4.50 4.50           OW203892.1   4717034   4717255 (28476469) C               Kuruka     Unspecified  (4674)    4159    3938    
   831 33.15 6.03 6.03           OW203892.1   4791612   4792590 (28401134) +               Kuruka     Unspecified    3576    4554  (4279)    
   297 33.66 0.00 0.00           OW203892.1   4860933   4861033 (28332691) C               Kuruka     Unspecified  (4689)    4144    4044    
  1046 34.63 2.74 2.74           OW203892.1   4955695   4956460 (28237264) C               Kuruka     Unspecified  (4276)    4557    3792    
   940 33.40 2.23 3.00           OW203892.1   4976149   4976685 (28217039) +               Kuruka     Unspecified    4044    4576  (4257)    
   744 34.94 2.23 3.00           OW203892.1   5021596   5022132 (28171592) +               Kuruka     Unspecified    4044    4576  (4257)    
   909 34.18 4.68 5.09           OW203892.1   5050018   5051022 (28142702) C               Kuruka     Unspecified  (4257)    4576    3576    
   894 33.78 2.23 3.00           OW203892.1   5100266   5100802 (28092922) C               Kuruka     Unspecified  (4257)    4576    4044    
   984 33.02 2.23 3.00           OW203892.1   5159965   5160501 (28033223) +               Kuruka     Unspecified    4044    4576  (4257)    
   594 33.82 0.36 1.08           OW203892.1   5271206   5271486 (27922238) C               Kuruka     Unspecified  (4276)    4557    4279    
   308 29.88 5.43 5.43           OW203892.1   5271659   5271842 (27921882) C               Kuruka     Unspecified  (4727)    4106    3923    
   889 36.20 3.39 3.86           OW203892.1   5312759   5313850 (27879874) C               Kuruka     Unspecified  (4266)    4567    3481    
   913 33.78 2.23 3.00           OW203892.1   5367013   5367549 (27826175) C               Kuruka     Unspecified  (4257)    4576    4044    
   242 25.42 0.00 0.00           OW203892.1   5494471   5494529 (27699195) +               Kuruka     Unspecified    4284    4342  (4491)    
   718 35.57 1.52 1.69           OW203892.1   5531520   5532111 (27661613) +               Kuruka     Unspecified    4021    4611  (4222)    
   938 33.26 2.34 2.54           OW203892.1   5688073   5688584 (27505140) +               Kuruka     Unspecified    4044    4554  (4279)    
   940 33.85 1.86 2.63           OW203892.1   5859808   5860344 (27333380) +               Kuruka     Unspecified    4044    4576  (4257)    
   603 34.20 0.00 1.10           OW203892.1   5896063   5896337 (27297387) C               Kuruka     Unspecified  (4283)    4550    4279    
   735 35.13 2.23 3.00           OW203892.1   5986083   5986619 (27207105) +               Kuruka     Unspecified    4044    4576  (4257)    
   879 33.60 2.79 3.56           OW203892.1   6002904   6003440 (27190284) +               Kuruka     Unspecified    4044    4576  (4257)    
   439 33.91 3.66 2.79           OW203892.1   6037943   6038297 (27155427) C               Kuruka     Unspecified  (4194)    4639    4282    
   788 34.60 3.70 2.79           OW203892.1   6052027   6052594 (27141130) C               Kuruka     Unspecified  (4257)    4576    4004    
   911 32.88 3.23 3.39           OW203892.1   6238417   6239036 (26954688) C               Kuruka     Unspecified  (4282)    4551    3933    
   345 35.68 0.00 0.50           OW203892.1   6240606   6240805 (26952919) C               Kuruka     Unspecified  (5154)    3679    3481    
   844 34.13 1.95 2.15           OW203892.1   6282892   6283403 (26910321) C               Kuruka     Unspecified  (4279)    4554    4044    
  1173 35.43 3.39 3.48           OW203892.1   6310694   6311845 (26881879) C               Kuruka     Unspecified  (4222)    4611    3461    
   235 35.79 2.08 1.03           OW203892.1   6419959   6420150 (26773574) +               Kuruka     Unspecified    3451    3644  (5189)    
   923 34.48 1.86 2.03           OW203892.1   6420460   6421051 (26772673) +               Kuruka     Unspecified    4021    4611  (4222)    
   927 33.60 2.23 3.00           OW203892.1   6548429   6548965 (26644759) C               Kuruka     Unspecified  (4257)    4576    4044    
   363 36.24 0.46 0.46           OW203892.1   6696735   6696953 (26496771) +               Kuruka     Unspecified    3461    3679  (5154)    
   962 33.12 2.90 3.07           OW203892.1   6697207   6697826 (26495898) +               Kuruka     Unspecified    3933    4551  (4282)    
   416 37.62 0.86 1.16           OW203892.1   6790308   6790654 (26403070) +               Kuruka     Unspecified    4199    4544  (4289)    
   896 33.85 1.86 2.63           OW203892.1   6839693   6840229 (26353495) +               Kuruka     Unspecified    4044    4576  (4257)    
   503 37.32 0.86 1.16           OW203892.1   6926036   6926382 (26267342) +               Kuruka     Unspecified    4199    4544  (4289)    
   773 34.61 3.81 3.96           OW203892.1   6957474   6958207 (26235517) C               Kuruka     Unspecified  (4162)    4671    3939    
  1169 34.72 4.01 4.01           OW203892.1   7016022   7017119 (26176605) C               Kuruka     Unspecified  (4162)    4671    3574    
   778 33.13 1.95 2.15           OW203892.1   7100432   7100943 (26092781) C               Kuruka     Unspecified  (4279)    4554    4044    
   935 35.30 3.83 4.26           OW203892.1   7361202   7362192 (25831532) C               Kuruka     Unspecified  (4266)    4567    3581    
   841 33.98 2.23 3.00           OW203892.1   7534607   7535143 (25658581) +               Kuruka     Unspecified    4044    4576  (4257)    
   831 34.40 1.56 1.76           OW203892.1   7597158   7597669 (25596055) C               Kuruka     Unspecified  (4279)    4554    4044    
   308 34.93 4.07 5.86           OW203892.1   7726082   7726376 (25467348) C               Kuruka     Unspecified  (4269)    4564    4275    
  1241 36.53 3.14 3.52           OW203892.1   7817441   7818524 (25375200) +               Kuruka     Unspecified    3488    4567  (4266)    
   711 35.35 2.45 4.43           OW203892.1   7894703   7895599 (25298125) +               Kuruka     Unspecified    3732    4611  (4222)    
   583 34.18 0.36 1.08           OW203892.1   7983879   7984159 (25209565) +               Kuruka     Unspecified    4279    4557  (4276)    
   727 35.90 2.23 3.00           OW203892.1   8106962   8107498 (25086226) C               Kuruka     Unspecified  (4257)    4576    4044    
   356 34.07 2.94 4.17           OW203892.1   8129113   8129452 (25064272) C               Kuruka     Unspecified  (4298)    4535    4200    
   711 34.43 4.11 3.62           OW203892.1   8165108   8165740 (25027984) C               Kuruka     Unspecified  (4257)    4576    3941    
   936 33.97 1.16 1.40           OW203892.1   8231314   8231743 (24961981) +               Kuruka     Unspecified    4120    4548  (4285)    
   825 33.27 5.71 5.82           OW203892.1   8273729   8274708 (24919016) +               Kuruka     Unspecified    3576    4554  (4279)    
   635 32.78 6.35 5.12           OW203892.1   8303366   8303963 (24889761) +               Kuruka     Unspecified    3938    4542  (4291)    
   888 33.21 5.95 5.52           OW203892.1   8327196   8328170 (24865554) C               Kuruka     Unspecified  (4279)    4554    3576    
  1376 36.17 2.01 2.11           OW203892.1   8827972   8829064 (24364660) +               Kuruka     Unspecified    3453    4544  (4289)    
   676 34.75 1.11 1.40           OW203892.1   8838939   8839297 (24354427) C               Kuruka     Unspecified  (4202)    4631    4274    
   249 29.73 0.00 0.00           OW203892.1   8839734   8839807 (24353917) C               Kuruka     Unspecified  (4996)    3837    3764    
   579 35.87 0.86 1.16           OW203892.1   8883020   8883366 (24310358) +               Kuruka     Unspecified    4199    4544  (4289)    
   537 36.15 0.86 1.16           OW203892.1   8967173   8967519 (24226205) C               Kuruka     Unspecified  (4289)    4544    4199    
  1101 36.28 3.11 3.02           OW203892.1   9066743   9067899 (24125825) C               Kuruka     Unspecified  (4222)    4611    3454    
   370 38.12 1.45 1.16           OW203892.1   9203262   9203606 (23990118) +               Kuruka     Unspecified    4199    4544  (4289)    
  1381 35.36 2.10 2.20           OW203892.1   9333720   9334812 (23858912) C               Kuruka     Unspecified  (4289)    4544    3453    
   264 30.93 1.02 1.02           OW203892.1   9399882   9399979 (23793745) +               Kuruka     Unspecified    3630    3727  (5106)    
   398 34.96 1.84 2.21           OW203892.1   9660509   9660780 (23532944) +               Kuruka     Unspecified    4274    4544  (4289)    
   514 34.90 0.36 1.08           OW203892.1   9689096   9689376 (23504348) C               Kuruka     Unspecified  (4276)    4557    4279    
   667 32.02 0.36 1.08           OW203892.1   9722344   9722624 (23471100) +               Kuruka     Unspecified    4279    4557  (4276)    
   939 32.70 2.98 3.75           OW203892.1   9986217   9986753 (23206971) C               Kuruka     Unspecified  (4257)    4576    4044    
   868 33.70 5.08 5.62           OW203892.1  14163051  14164034 (19029690) +               Kuruka     Unspecified    3576    4554  (4279)    
  1291 36.15 2.20 2.29           OW203892.1  14292530  14293622 (18900102) C               Kuruka     Unspecified  (4289)    4544    3453    
   237 27.26 7.21 0.85           OW203892.1  24136863  24136973 (9056751) +               Kuruka     Unspecified    7210    7327  (1506)    
   318 35.04 2.13 5.88           OW203893.1     51419     51700 (25305218) C               Kuruka     Unspecified  (4279)    4554    4283    
   726 35.13 2.23 3.00           OW203893.1    172288    172824 (25184094) +               Kuruka     Unspecified    4044    4576  (4257)    
   306 22.38 0.00 2.63           OW203893.1    212032    212109 (25144809) +               Kuruka     Unspecified    4279    4354  (4479)    
   240 29.68 1.64 3.33           OW203893.1    212153    212274 (25144644) +               Kuruka     Unspecified    4438    4557  (4276)    
   770 36.15 2.76 3.06           OW203893.1    219686    220701 (25136217) C               Kuruka     Unspecified  (4285)    4548    3536    
   380 32.34 0.00 1.80           OW203893.1    327573    327742 (25029176) C               Kuruka     Unspecified  (4388)    4445    4279    
   351 30.32 3.08 3.61           OW203893.1    327902    328096 (25028822) C               Kuruka     Unspecified  (4717)    4116    3923    
   907 33.23 2.82 3.46           OW203893.1    370557    371195 (24985723) C               Kuruka     Unspecified  (4266)    4567    3933    
   353 36.24 0.46 0.46           OW203893.1    371449    371667 (24985251) C               Kuruka     Unspecified  (5154)    3679    3461    
   283 36.00 0.00 0.00           OW203893.1    562817    562941 (24793977) +               Kuruka     Unspecified    3576    3700  (5133)    
  1236 32.49 2.09 2.29           OW203893.1    563265    563790 (24793128) +               Kuruka     Unspecified    4024    4548  (4285)    
   348 36.70 0.46 0.46           OW203893.1    646364    646582 (24710336) +               Kuruka     Unspecified    3461    3679  (5154)    
   959 33.06 2.82 3.46           OW203893.1    646836    647474 (24709444) +               Kuruka     Unspecified    3933    4567  (4266)    
  1315 34.54 3.36 2.78           OW203893.1    682656    683727 (24673191) +               Kuruka     Unspecified    3453    4530  (4303)    
   310 31.62 1.68 1.68           OW203893.1    702732    702850 (24654068) C               Kuruka     Unspecified  (4313)    4520    4402    
   251 29.07 4.88 4.37           OW203893.1    938672    938876 (24418042) +               Kuruka     Unspecified    3627    3832  (5001)    
   676 34.30 5.64 2.83           OW203893.1   3486272   3486856 (21870062) +               Kuruka     Unspecified    3942    4542  (4291)    
   225 27.36 3.64 3.64           OW203893.1   3520435   3520544 (21836374) +               Kuruka     Unspecified    4224    4333  (4500)    
  1274 35.37 2.89 3.36           OW203893.1   3625909   3627014 (21729904) C               Kuruka     Unspecified  (4280)    4553    3453    
   832 36.76 2.53 2.34           OW203893.1   3733749   3734815 (21622103) C               Kuruka     Unspecified  (4177)    4656    3588    
   557 32.82 2.11 1.80           OW203893.1   3753315   3753646 (21603272) C               Kuruka     Unspecified  (4222)    4611    4279    
  1313 35.83 2.10 2.20           OW203893.1   3783017   3784109 (21572809) C               Kuruka     Unspecified  (4289)    4544    3453    
   939 36.60 3.79 3.49           OW203893.1   3893874   3894929 (21461989) +               Kuruka     Unspecified    3503    4561  (4272)    
   501 35.07 1.96 1.46           OW203893.1   4002052   4002459 (21354459) +               Kuruka     Unspecified    4230    4639  (4194)    
   896 33.98 2.23 3.00           OW203893.1   4058269   4058805 (21298113) +               Kuruka     Unspecified    4044    4576  (4257)    
   785 33.18 5.82 5.92           OW203893.1   4192870   4193849 (21163069) +               Kuruka     Unspecified    3576    4554  (4279)    
   734 32.62 6.22 5.19           OW203893.1   4276737   4277347 (21079571) C               Kuruka     Unspecified  (4279)    4554    3938    
   361 35.68 0.00 0.50           OW203893.1   4400793   4400992 (20955926) +               Kuruka     Unspecified    3481    3679  (5154)    
   846 33.12 3.29 3.98           OW203893.1   4401244   4401850 (20955068) +               Kuruka     Unspecified    3965    4567  (4266)    
   437 35.34 0.85 1.28           OW203893.1   4428224   4428458 (20928460) C               Kuruka     Unspecified  (4279)    4554    4321    
   385 34.35 5.31 5.31           OW203893.1   4428498   4429081 (20927837) C               Kuruka     Unspecified  (4674)    4159    3576    
   828 33.85 2.42 3.19           OW203893.1   4580756   4581292 (20775626) +               Kuruka     Unspecified    4044    4576  (4257)    
   717 32.67 5.60 6.62           OW203893.1   4645614   4646452 (20710466) +               Kuruka     Unspecified    3756    4586  (4247)    
  1343 37.04 1.10 1.19           OW203893.1   4796957   4798049 (20558869) C               Kuruka     Unspecified  (4289)    4544    3453    
   251 28.00 4.58 4.58           OW203893.1   4842757   4842887 (20514031) +               Kuruka     Unspecified    4227    4357  (4476)    
   657 32.74 0.88 2.70           OW203893.1   4946709   4947047 (20409871) +               Kuruka     Unspecified    4221    4553  (4280)    
   254 33.02 4.50 4.50           OW203893.1   7811962   7812183 (17544735) +               Kuruka     Unspecified    3938    4159  (4674)    
   429 36.69 4.84 3.12           OW203893.1   7848725   7849385 (17507533) C               Kuruka     Unspecified  (4673)    4160    3489    
   380 35.78 0.46 0.46           OW203893.1  16623852  16624070 (8732848) +               Kuruka     Unspecified    3461    3679  (5154)    
   977 32.91 2.82 3.46           OW203893.1  16624324  16624962 (8731956) +               Kuruka     Unspecified    3933    4567  (4266)    
   255 15.88 0.00 10.00           OW203893.1  17740656  17740732 (7616186) +               Kuruka     Unspecified    7375    7444  (1389)    
  1373 35.03 2.30 2.40           OW203893.1  24798855  24799939 (556979) +               Kuruka     Unspecified    3453    4536  (4297)    
   266 32.22 0.00 0.00           OW203894.1     70486     70575 (24647148) C               Kuruka     Unspecified  (4479)    4354    4265    
   959 33.06 2.82 3.46           OW203894.1    175397    176035 (24541688) C               Kuruka     Unspecified  (4266)    4567    3933    
   380 35.78 0.46 0.46           OW203894.1    176289    176507 (24541216) C               Kuruka     Unspecified  (5154)    3679    3461    
   242 28.36 0.00 0.00           OW203894.1   7601246   7601312 (17116411) +               Kuruka     Unspecified    4287    4353  (4480)    
   716 33.46 5.02 5.19           OW203894.1   7644992   7645609 (17072114) C               Kuruka     Unspecified  (4279)    4554    3938    
   617 34.04 5.99 6.64           OW203894.1   7793746   7794730 (16922993) C               Kuruka     Unspecified  (4279)    4554    3576    
   280 35.76 1.20 1.20           OW203894.1   7920367   7920533 (16797190) +               Kuruka     Unspecified    3965    4131  (4702)    
   995 34.24 4.02 4.69           OW203894.1   8112573   8113666 (16604057) C               Kuruka     Unspecified  (4266)    4567    3481    
   261 33.88 5.04 5.04           OW203894.1   8155300   8155557 (16562166) +               Kuruka     Unspecified    3576    3833  (5000)    
   677 33.40 4.85 5.02           OW203894.1   8155662   8156279 (16561444) +               Kuruka     Unspecified    3938    4554  (4279)    
  1081 35.51 3.71 3.62           OW203894.1   8175926   8177085 (16540638) +               Kuruka     Unspecified    3451    4611  (4222)    
  1381 35.36 2.10 2.20           OW203894.1   8205644   8206736 (16510987) +               Kuruka     Unspecified    3453    4544  (4289)    
   524 35.16 3.52 3.67           OW203894.1   8373117   8373798 (16343925) C               Kuruka     Unspecified  (4222)    4611    3931    
   295 35.20 0.00 0.00           OW203894.1   8526456   8526580 (16191143) +               Kuruka     Unspecified    3576    3700  (5133)    
  1233 32.49 2.09 2.29           OW203894.1   8526904   8527429 (16190294) +               Kuruka     Unspecified    4024    4548  (4285)    
   428 33.70 5.99 5.99           OW203894.1   8543560   8544143 (16173580) +               Kuruka     Unspecified    3576    4159  (4674)    
  1458 35.58 1.92 2.01           OW203894.1   8599319   8600411 (16117312) +               Kuruka     Unspecified    3453    4544  (4289)    
   828 34.40 1.80 1.97           OW203894.1   8705302   8705912 (16011811) C               Kuruka     Unspecified  (4285)    4548    3939    
   380 35.78 0.46 0.46           OW203894.1   8805870   8806088 (15911635) +               Kuruka     Unspecified    3461    3679  (5154)    
   959 33.06 2.82 3.46           OW203894.1   8806342   8806980 (15910743) +               Kuruka     Unspecified    3933    4567  (4266)    
  1352 35.43 2.12 2.21           OW203894.1   8878119   8879203 (15838520) C               Kuruka     Unspecified  (4297)    4536    3453    
   521 38.86 0.52 0.52           OW203894.1   9649505   9649892 (15067831) +               Kuruka     Unspecified    3453    3840  (4993)    
   283 25.01 1.30 1.30           OW203894.1   9649985   9650061 (15067662) +               Kuruka     Unspecified    3940    4016  (4817)    
  1022 32.82 2.23 3.00           OW203894.1   9728574   9729110 (14988613) C               Kuruka     Unspecified  (4257)    4576    4044    
   526 33.47 2.60 3.37           OW203894.1   9847303   9847840 (14869883) C               Kuruka     Unspecified  (4257)    4576    4043    
   489 32.96 4.34 4.57           OW203894.1  10027101  10027561 (14690162) +               Kuruka     Unspecified    4095    4554  (4279)    
   263 31.78 0.00 0.00           OW203894.1  10072197  10072303 (14645420) C               Kuruka     Unspecified  (4279)    4554    4448    
   947 33.47 2.34 2.54           OW203894.1  10072357  10072868 (14644855) C               Kuruka     Unspecified  (4279)    4554    4044    
   752 34.96 3.70 2.79           OW203894.1  10351010  10351577 (14366146) +               Kuruka     Unspecified    4004    4576  (4257)    
   422 31.48 7.33 6.04           OW203894.1  10371599  10372007 (14345716) +               Kuruka     Unspecified    3451    3864  (4969)    
  1418 35.49 2.20 2.29           OW203894.1  10391309  10392401 (14325322) +               Kuruka     Unspecified    3453    4544  (4289)    
   702 35.94 1.75 1.97           OW203894.1  10424326  10424782 (14292941) +               Kuruka     Unspecified    4098    4553  (4280)    
   346 36.70 0.46 0.46           OW203894.1  10467268  10467486 (14250237) +               Kuruka     Unspecified    3461    3679  (5154)    
   967 33.12 2.90 3.07           OW203894.1  10468412  10469031 (14248692) +               Kuruka     Unspecified    3933    4551  (4282)    
   405 33.76 6.16 6.16           OW203894.1  10508916  10509499 (14208224) +               Kuruka     Unspecified    3576    4159  (4674)    
   895 36.34 3.45 2.70           OW203894.1  10547305  10548260 (14169463) +               Kuruka     Unspecified    3453    4415  (4418)    
  1079 33.76 4.23 4.32           OW203894.1  10608209  10609273 (14108450) +               Kuruka     Unspecified    3488    4551  (4282)    
   814 33.22 4.87 4.70           OW203894.1  10890141  10890756 (13826967) +               Kuruka     Unspecified    3941    4557  (4276)    
   526 32.94 5.02 5.19           OW203894.1  10953227  10953844 (13763879) +               Kuruka     Unspecified    3938    4554  (4279)    
   508 36.59 4.14 4.67           OW203894.1  11299995  11300791 (13416932) +               Kuruka     Unspecified    3750    4542  (4291)    
   768 35.02 0.82 1.99           OW203894.1  11429635  11430243 (13287480) C               Kuruka     Unspecified  (4294)    4539    3938    
   316 38.96 0.77 0.77           OW203894.1  11430341  11430728 (13286995) C               Kuruka     Unspecified  (4993)    3840    3453    
   226 29.36 3.82 3.82           OW203894.1  11954261  11954391 (12763332) +               Kuruka     Unspecified    4227    4357  (4476)    
   797 33.62 5.82 5.92           OW203894.1  12199874  12200853 (12516870) +               Kuruka     Unspecified    3576    4554  (4279)    
   269 31.73 3.85 4.25           OW203894.1  12536122  12536381 (12181342) C               Kuruka     Unspecified  (4288)    4545    4287    
   773 34.98 3.55 2.70           OW203894.1  12556025  12556870 (12160853) +               Kuruka     Unspecified    3732    4584  (4249)    
   238 21.82 0.00 0.00           OW203894.1  12595343  12595397 (12122326) C               Kuruka     Unspecified  (4497)    4336    4282    
   893 35.01 4.24 4.63           OW203894.1  12636299  12637382 (12080341) C               Kuruka     Unspecified  (4266)    4567    3488    
  1341 36.32 2.36 2.47           OW203894.1  12738646  12739619 (11978104) C               Kuruka     Unspecified  (4285)    4548    3576    
   915 35.79 2.57 2.68           OW203894.1  12850861  12851793 (11865930) C               Kuruka     Unspecified  (4339)    4494    3563    
  1261 34.01 3.88 3.41           OW203894.1  12883269  12884376 (11833347) +               Kuruka     Unspecified    3559    4671  (4162)    
   763 33.38 6.02 6.13           OW203894.1  13473721  13474700 (11243023) +               Kuruka     Unspecified    3576    4554  (4279)    
  1381 35.36 2.10 2.20           OW203894.1  13481324  13482416 (11235307) +               Kuruka     Unspecified    3453    4544  (4289)    
   329 34.52 3.55 1.39           OW203894.1  13516269  13516550 (11201173) +               Kuruka     Unspecified    3513    3800  (5033)    
   680 35.79 3.01 3.39           OW203894.1  13529717  13530546 (11187177) +               Kuruka     Unspecified    3785    4611  (4222)    
   232 36.08 2.29 2.68           OW203894.1  13665267  13665528 (11052195) +               Kuruka     Unspecified    3574    3834  (4999)    
   519 32.61 0.92 1.23           OW203894.1  13665918  13666243 (11051480) +               Kuruka     Unspecified    4224    4548  (4285)    
   422 34.37 2.65 3.88           OW203894.1  13895625  13895963 (10821760) C               Kuruka     Unspecified  (4300)    4533    4199    
   539 32.94 5.02 5.19           OW203894.1  14038496  14039113 (10678610) +               Kuruka     Unspecified    3938    4554  (4279)    
   571 34.71 5.51 5.62           OW203895.1    734163    735142 (19691229) +               Kuruka     Unspecified    3576    4554  (4279)    
   862 34.33 2.58 2.75           OW203895.1    752327    752946 (19673425) C               Kuruka     Unspecified  (4282)    4551    3933    
   359 35.68 0.00 0.50           OW203895.1    753200    753399 (19672972) C               Kuruka     Unspecified  (5154)    3679    3481    
   971 32.05 2.79 3.56           OW203895.1    908868    909404 (19516967) C               Kuruka     Unspecified  (4257)    4576    4044    
   491 32.64 4.80 5.01           OW203895.1    990860    991359 (19435012) C               Kuruka     Unspecified  (4279)    4554    4056    
   359 36.03 0.80 1.20           OW203895.1   1202166   1202415 (19223956) +               Kuruka     Unspecified    4296    4544  (4289)    
  1421 35.57 2.17 2.72           OW203895.1   1281795   1282901 (19143470) C               Kuruka     Unspecified  (4280)    4553    3453    
   933 33.67 2.34 2.54           OW203895.1   2333602   2334113 (18092258) C               Kuruka     Unspecified  (4279)    4554    4044    
   933 33.67 2.34 2.54           OW203895.1   2835073   2835584 (17590787) C               Kuruka     Unspecified  (4279)    4554    4044    
  1357 35.24 2.29 2.38           OW203895.1   5504320   5505412 (14920959) C               Kuruka     Unspecified  (4289)    4544    3453    
  1458 35.15 2.53 3.09           OW203895.1   5512649   5513755 (14912616) +               Kuruka     Unspecified    3453    4553  (4280)    
  1500 35.38 2.17 2.72           OW203895.1   5555475   5556581 (14869790) C               Kuruka     Unspecified  (4280)    4553    3453    
   239 24.00 0.00 0.00           OW203895.1   5565392   5565441 (14860930) +               Kuruka     Unspecified    4066    4115  (4718)    
  1362 35.46 2.10 2.20           OW203895.1   6489568   6490660 (13935711) +               Kuruka     Unspecified    3453    4544  (4289)    
   861 36.50 2.21 2.30           OW203895.1   7512105   7513192 (12913179) +               Kuruka     Unspecified    3453    4539  (4294)    
   750 34.05 2.26 2.42           OW203895.1  15024357  15024976 (5401395) C               Kuruka     Unspecified  (4282)    4551    3933    
   298 35.78 0.46 0.46           OW203895.1  15025230  15025448 (5400923) C               Kuruka     Unspecified  (5154)    3679    3461    
   380 35.78 0.46 0.46           OW203895.1  19954192  19954410 (471961) +               Kuruka     Unspecified    3461    3679  (5154)    
   959 33.06 2.82 3.46           OW203895.1  19954664  19955302 (471069) +               Kuruka     Unspecified    3933    4567  (4266)    
   226 31.08 0.00 0.00           OW203896.1      1539      1612 (22099714) +               Kuruka     Unspecified    3764    3837  (4996)    
   775 31.83 4.79 4.97           OW203896.1      1714      2318 (22099008) +               Kuruka     Unspecified    3939    4542  (4291)    
   885 33.78 2.23 3.00           OW203896.1     33826     34362 (22066964) +               Kuruka     Unspecified    4044    4576  (4257)    
   780 36.77 1.87 2.23           OW203896.1     74415     75268 (22026058) +               Kuruka     Unspecified    3761    4611  (4222)    
  1094 35.32 3.56 3.65           OW203896.1    114415    115566 (21985760) C               Kuruka     Unspecified  (4222)    4611    3461    
  1362 35.46 2.10 2.20           OW203896.1    229962    231054 (21870272) C               Kuruka     Unspecified  (4289)    4544    3453    
   364 30.34 5.63 6.01           OW203896.1    333588    333871 (21767455) C               Kuruka     Unspecified  (4288)    4545    4263    
   564 33.95 1.53 1.84           OW203896.1   1384231   1384557 (20716769) +               Kuruka     Unspecified    4221    4546  (4287)    
   488 36.99 2.07 1.94           OW203896.1   1470742   1471513 (20629813) C               Kuruka     Unspecified  (4528)    4305    3533    
   755 33.92 2.35 2.35           OW203896.1   2149371   2149838 (19951488) C               Kuruka     Unspecified  (4292)    4541    4074    
  1340 34.55 2.71 3.27           OW203896.1   2155852   2156958 (19944368) C               Kuruka     Unspecified  (4280)    4553    3453    
   570 33.48 0.35 2.87           OW203896.1   4228695   4228980 (17872346) C               Kuruka     Unspecified  (4276)    4557    4279    
   827 33.01 6.22 6.33           OW203896.1   4252040   4253019 (17848307) +               Kuruka     Unspecified    3576    4554  (4279)    
  1298 35.90 2.08 2.45           OW203896.1   4274142   4275246 (17826080) C               Kuruka     Unspecified  (4280)    4553    3453    
  1043 34.97 4.71 4.43           OW203896.1   4299356   4300459 (17800867) +               Kuruka     Unspecified    3451    4557  (4276)    
   778 33.55 5.92 6.03           OW203896.1   4351751   4352730 (17748596) C               Kuruka     Unspecified  (4279)    4554    3576    
   890 33.98 2.23 3.00           OW203896.1   4383883   4384419 (17716907) C               Kuruka     Unspecified  (4257)    4576    4044    
  1003 35.30 2.91 3.02           OW203896.1   4457908   4458801 (17642525) +               Kuruka     Unspecified    3657    4549  (4284)    
   669 35.61 3.70 3.59           OW203896.1   4465391   4466363 (17634963) +               Kuruka     Unspecified    3584    4557  (4276)    
  1109 34.34 3.96 4.34           OW203896.1   4627255   4628365 (17472961) +               Kuruka     Unspecified    3461    4567  (4266)    
   865 33.67 2.41 3.56           OW203896.1   4639411   4639949 (17461377) C               Kuruka     Unspecified  (4257)    4576    4044    
   646 35.50 2.58 2.75           OW203896.1   4917349   4917968 (17183358) C               Kuruka     Unspecified  (4285)    4548    3930    
  1169 35.67 4.10 2.20           OW203896.1   5182665   5183736 (16917590) +               Kuruka     Unspecified    3453    4544  (4289)    
   555 32.33 1.11 1.49           OW203896.1   5218546   5218815 (16882511) +               Kuruka     Unspecified    4274    4542  (4291)    
   596 34.14 5.05 5.18           OW203896.1   5289400   5290230 (16811096) +               Kuruka     Unspecified    3757    4586  (4247)    
   619 35.03 4.47 4.17           OW203896.1   5363805   5364498 (16736828) +               Kuruka     Unspecified    3451    4146  (4687)    
   528 33.93 2.67 2.06           OW203896.1   5364574   5364910 (16736416) +               Kuruka     Unspecified    4222    4560  (4273)    
   267 32.22 0.00 0.00           OW203896.1   8809306   8809395 (13291931) +               Kuruka     Unspecified    4265    4354  (4479)    
   290 35.81 2.13 2.56           OW203896.1  10243954  10244188 (11857138) +               Kuruka     Unspecified    4287    4520  (4313)    
   354 35.78 0.46 0.46           OW203896.1  20153773  20153991 (1947335) +               Kuruka     Unspecified    3461    3679  (5154)    
   927 34.05 2.26 2.42           OW203896.1  20154245  20154864 (1946462) +               Kuruka     Unspecified    3933    4551  (4282)    
   778 33.49 4.83 4.51           OW203898.1     51901     52563 (17862939) +               Kuruka     Unspecified    3482    4146  (4687)    
   507 35.00 2.06 2.32           OW203898.1     52616     53004 (17862498) +               Kuruka     Unspecified    4199    4586  (4247)    
   524 33.46 0.36 1.08           OW203898.1     80972     81252 (17834250) C               Kuruka     Unspecified  (4276)    4557    4279    
   897 35.38 2.48 2.58           OW203898.1  17903695  17904663  (10839) +               Kuruka     Unspecified    3574    4541  (4292)    
   533 33.70 0.36 0.36           OW203899.1     68731     69004 (16956619) +               Kuruka     Unspecified    4284    4557  (4276)    
   932 33.60 2.23 3.00           OW203899.1    132044    132580 (16893043) C               Kuruka     Unspecified  (4257)    4576    4044    
   785 33.59 6.02 6.13           OW203899.1    226632    227611 (16798012) C               Kuruka     Unspecified  (4279)    4554    3576    
   945 35.62 3.78 4.17           OW203899.1    260693    261776 (16763847) C               Kuruka     Unspecified  (4266)    4567    3488    
   468 37.14 1.15 1.45           OW203899.1    288419    288765 (16736858) C               Kuruka     Unspecified  (4289)    4544    4199    
   252 32.14 3.90 5.73           OW203899.1    335056    335286 (16690337) +               Kuruka     Unspecified    4224    4450  (4383)    
   337 36.24 0.46 0.46           OW203899.1    466349    466567 (16559056) +               Kuruka     Unspecified    3461    3679  (5154)    
   859 34.05 2.26 2.42           OW203899.1    466821    467440 (16558183) +               Kuruka     Unspecified    3933    4551  (4282)    
   409 35.69 0.74 1.11           OW203899.1    566932    567203 (16458420) +               Kuruka     Unspecified    4274    4544  (4289)    
   429 37.27 0.00 0.37           OW203899.1    640051    640322 (16385301) +               Kuruka     Unspecified    4274    4544  (4289)    
   270 23.70 0.00 2.63           OW203899.1    703185    703262 (16322361) C               Kuruka     Unspecified  (4479)    4354    4279    
   604 35.08 2.61 3.38           OW203899.1    735373    735909 (16289714) +               Kuruka     Unspecified    4044    4576  (4257)    
   938 33.60 2.23 3.00           OW203899.1    771811    772347 (16253276) C               Kuruka     Unspecified  (4257)    4576    4044    
   778 33.34 5.41 5.54           OW203899.1    893412    894243 (16131380) C               Kuruka     Unspecified  (4247)    4586    3756    
   758 34.31 2.61 3.38           OW203899.1    991703    992239 (16033384) +               Kuruka     Unspecified    4044    4576  (4257)    
   971 35.57 3.48 3.96           OW203899.1   1084922   1086013 (15939610) C               Kuruka     Unspecified  (4266)    4567    3481    
  1067 36.79 2.31 2.40           OW203899.1   1145669   1146793 (15878830) C               Kuruka     Unspecified  (4222)    4611    3488    
  1039 35.61 3.77 3.77           OW203899.1   1176128   1177189 (15848434) C               Kuruka     Unspecified  (4162)    4671    3610    
   418 36.05 2.14 2.45           OW203899.1   1187941   1188267 (15837356) +               Kuruka     Unspecified    4217    4542  (4291)    
   815 36.17 3.86 5.27           OW203899.1   1245955   1247069 (15778554) +               Kuruka     Unspecified    3462    4561  (4272)    
   821 33.41 5.82 5.92           OW203899.1   1541550   1542529 (15483094) C               Kuruka     Unspecified  (4279)    4554    3576    
   626 35.01 3.31 3.31           OW203899.1   1617767   1618280 (15407343) C               Kuruka     Unspecified  (4276)    4557    4044    
   775 34.77 3.70 2.79           OW203899.1   1734677   1735244 (15290379) C               Kuruka     Unspecified  (4257)    4576    4004    
   630 32.13 0.71 1.43           OW203899.1   1788220   1788500 (15237123) C               Kuruka     Unspecified  (4276)    4557    4279    
   760 34.35 5.15 5.26           OW203899.1   1881027   1881997 (15143626) +               Kuruka     Unspecified    3585    4554  (4279)    
   831 34.36 2.23 3.00           OW203899.1   1921595   1922131 (15103492) +               Kuruka     Unspecified    4044    4576  (4257)    
   747 34.94 3.54 3.68           OW203899.1   2236609   2237342 (14788281) +               Kuruka     Unspecified    3939    4671  (4162)    
   231 13.16 0.00 0.00           OW203899.1  10761765  10761802 (6263821) +               Kuruka     Unspecified    5261    5298  (3535)    
   380 35.78 0.46 0.46           OW203899.1  14112488  14112706 (2912917) +               Kuruka     Unspecified    3461    3679  (5154)    
   959 33.06 2.82 3.46           OW203899.1  14112960  14113598 (2912025) +               Kuruka     Unspecified    3933    4567  (4266)    
   959 33.06 2.82 3.46           OW203899.1  16990096  16990734  (34889) C               Kuruka     Unspecified  (4266)    4567    3933    
   380 35.78 0.46 0.46           OW203899.1  16990988  16991206  (34417) C               Kuruka     Unspecified  (5154)    3679    3461    
   736 32.12 4.63 4.80           OW203900.1     15383     15987 (16751326) +               Kuruka     Unspecified    3939    4542  (4291)    
   877 33.78 2.23 3.00           OW203900.1     43766     44302 (16723011) +               Kuruka     Unspecified    4044    4576  (4257)    
  1063 35.78 3.00 4.52           OW203900.1   1294880   1296047 (15471266) +               Kuruka     Unspecified    3461    4611  (4222)    
   673 33.51 2.91 3.16           OW203900.1   3015553   3015965 (13751348) +               Kuruka     Unspecified    4044    4455  (4378)    
   714 33.85 5.89 6.00           OW203900.1   3051008   3051975 (13715338) +               Kuruka     Unspecified    3588    4554  (4279)    
   843 33.97 4.98 5.39           OW203900.1   3163976   3164980 (13602333) +               Kuruka     Unspecified    3576    4576  (4257)    
   263 23.73 0.00 0.00           OW203900.1   3205715   3205773 (13561540) C               Kuruka     Unspecified  (4491)    4342    4284    
   935 33.60 2.23 3.00           OW203900.1   3268633   3269169 (13498144) C               Kuruka     Unspecified  (4257)    4576    4044    
   782 34.60 3.70 2.79           OW203900.1   3385802   3386369 (13380944) +               Kuruka     Unspecified    4004    4576  (4257)    
  1301 36.92 1.28 1.37           OW203900.1   3461916   3463008 (13304305) C               Kuruka     Unspecified  (4289)    4544    3453    
   277 32.94 1.18 1.78           OW203900.1   3479037   3479206 (13288107) C               Kuruka     Unspecified  (4391)    4442    4274    
   595 33.09 0.35 1.43           OW203900.1   3607111   3607392 (13159921) C               Kuruka     Unspecified  (4276)    4557    4279    
   228 39.07 0.00 0.00           OW203900.1   3621600   3621750 (13145563) +               Kuruka     Unspecified    3453    3603  (5230)    
   399 37.63 0.85 2.89           OW203900.1   3630703   3631055 (13136258) +               Kuruka     Unspecified    4199    4544  (4289)    
   623 34.75 5.61 5.72           OW203900.1   3666375   3667354 (13099959) +               Kuruka     Unspecified    3576    4554  (4279)    
   912 33.60 2.23 3.00           OW203900.1   3737699   3738235 (13029078) C               Kuruka     Unspecified  (4257)    4576    4044    
   767 34.62 2.42 3.19           OW203900.1   3768334   3768870 (12998443) +               Kuruka     Unspecified    4044    4576  (4257)    
  1308 35.50 2.30 2.39           OW203900.1   3821979   3823066 (12944247) C               Kuruka     Unspecified  (4294)    4539    3453    
   533 34.52 2.14 2.41           OW203900.1   3847204   3847577 (12919736) +               Kuruka     Unspecified    4044    4416  (4417)    
  1362 35.15 2.29 2.38           OW203900.1   3875988   3877080 (12890233) C               Kuruka     Unspecified  (4289)    4544    3453    
   262 36.18 0.00 0.50           OW203900.1   3935341   3935540 (12831773) +               Kuruka     Unspecified    3481    3679  (5154)    
   750 34.05 2.26 2.42           OW203900.1   3935794   3936413 (12830900) +               Kuruka     Unspecified    3933    4551  (4282)    
  1434 35.52 2.01 2.11           OW203900.1   4029285   4030377 (12736936) C               Kuruka     Unspecified  (4289)    4544    3453    
   271 30.86 0.00 2.80           OW203900.1   4040882   4040991 (12726322) C               Kuruka     Unspecified  (4257)    4576    4470    
   695 35.52 2.23 3.00           OW203900.1   4048054   4048590 (12718723) C               Kuruka     Unspecified  (4257)    4576    4044    
   666 35.01 2.83 2.83           OW203900.1   4075388   4076022 (12691291) C               Kuruka     Unspecified  (4276)    4557    3923    
   537 33.34 1.68 2.03           OW203900.1   4093577   4093873 (12673440) C               Kuruka     Unspecified  (4289)    4544    4249    
   866 35.48 2.52 2.52           OW203900.1   4098343   4099137 (12668176) C               Kuruka     Unspecified  (4586)    4247    3453    
   802 33.51 5.82 5.92           OW203900.1   4107368   4108347 (12658966) C               Kuruka     Unspecified  (4279)    4554    3576    
   566 35.59 0.00 0.36           OW203900.1   4280942   4281223 (12486090) +               Kuruka     Unspecified    4270    4550  (4283)    
   737 34.38 4.59 4.70           OW203900.1   4327043   4328022 (12439291) C               Kuruka     Unspecified  (4279)    4554    3576    
  1088 34.78 4.71 4.43           OW203900.1   4378462   4379565 (12387748) +               Kuruka     Unspecified    3451    4557  (4276)    
   768 36.21 3.22 3.34           OW203900.1   4480892   4481791 (12285522) C               Kuruka     Unspecified  (4280)    4553    3655    
  1320 34.98 3.57 3.67           OW203900.1   4603716   4604807 (12162506) +               Kuruka     Unspecified    3461    4551  (4282)    
   767 36.91 2.99 3.10           OW203900.1   4699384   4700353 (12066960) C               Kuruka     Unspecified  (4280)    4553    3585    
   580 33.74 1.80 2.11           OW203900.1   4708440   4708772 (12058541) +               Kuruka     Unspecified    4222    4553  (4280)    
   918 33.60 2.23 3.00           OW203900.1   4760401   4760937 (12006376) +               Kuruka     Unspecified    4044    4576  (4257)    
   630 35.23 2.12 2.31           OW203900.1   4866769   4867288 (11900025) +               Kuruka     Unspecified    4030    4548  (4285)    
   473 34.90 0.36 1.08           OW203900.1   4888226   4888506 (11878807) +               Kuruka     Unspecified    4279    4557  (4276)    
   559 33.89 3.88 4.05           OW203900.1   4904732   4905349 (11861964) C               Kuruka     Unspecified  (4279)    4554    3938    
   725 34.69 2.61 3.38           OW203900.1   5092599   5093135 (11674178) +               Kuruka     Unspecified    4044    4576  (4257)    
   962 32.95 2.90 3.07           OW203900.1   5144505   5145124 (11622189) C               Kuruka     Unspecified  (4282)    4551    3933    
   353 36.24 0.46 0.46           OW203900.1   5145378   5145596 (11621717) C               Kuruka     Unspecified  (5154)    3679    3461    
   257 20.75 0.00 0.00           OW203900.1   5230983   5231035 (11536278) C               Kuruka     Unspecified  (4497)    4336    4284    
   696 33.28 5.02 5.19           OW203900.1   5249375   5249992 (11517321) +               Kuruka     Unspecified    3938    4554  (4279)    
   638 34.63 5.23 3.76           OW203900.1   5272922   5273629 (11493684) +               Kuruka     Unspecified    3954    4671  (4162)    
  1390 35.36 2.10 2.20           OW203900.1   5352118   5353210 (11414103) +               Kuruka     Unspecified    3453    4544  (4289)    
   246 36.00 0.00 0.00           OW203901.1     96776     96900 (16151085) +               Kuruka     Unspecified    3576    3700  (5133)    
   979 32.60 2.16 2.36           OW203901.1     97241     97749 (16150236) +               Kuruka     Unspecified    4041    4548  (4285)    
   452 35.32 0.74 1.11           OW203901.1    302664    302935 (15945050) +               Kuruka     Unspecified    4274    4544  (4289)    
  1262 36.52 1.19 1.28           OW203901.1    922615    923707 (15324278) C               Kuruka     Unspecified  (4289)    4544    3453    
  1260 36.00 1.56 1.65           OW203901.1    971609    972701 (15275284) +               Kuruka     Unspecified    3453    4544  (4289)    
   608 35.18 4.12 4.46           OW203901.1   1763721   1764327 (14483658) C               Kuruka     Unspecified  (4291)    4542    3938    
   238 29.73 0.00 0.00           OW203901.1   1764428   1764501 (14483484) C               Kuruka     Unspecified  (4996)    3837    3764    
   894 33.78 2.23 3.00           OW203901.1   1931468   1932004 (14315981) C               Kuruka     Unspecified  (4257)    4576    4044    
  1355 35.24 2.29 2.38           OW203901.1   1948292   1949384 (14298601) +               Kuruka     Unspecified    3453    4544  (4289)    
  1413 35.55 2.10 2.20           OW203901.1   2194180   2195272 (14052713) +               Kuruka     Unspecified    3453    4544  (4289)    
   754 35.13 2.23 3.00           OW203901.1   2220783   2221319 (14026666) +               Kuruka     Unspecified    4044    4576  (4257)    
   673 37.20 2.17 2.37           OW203901.1   2296104   2297119 (13950866) C               Kuruka     Unspecified  (4287)    4546    3533    
   790 34.60 3.70 2.79           OW203901.1   2329043   2329610 (13918375) C               Kuruka     Unspecified  (4257)    4576    4004    
  1110 36.08 1.78 1.78           OW203901.1   2405523   2406422 (13841563) +               Kuruka     Unspecified    3456    4355  (4478)    
   478 36.55 1.15 1.45           OW203901.1   2429937   2430283 (13817702) +               Kuruka     Unspecified    4199    4544  (4289)    
   761 32.45 5.89 5.76           OW203901.1   2523348   2524145 (13723840) C               Kuruka     Unspecified  (4279)    4554    3756    
   400 35.69 0.74 1.11           OW203901.1   2575961   2576232 (13671753) +               Kuruka     Unspecified    4274    4544  (4289)    
   946 33.40 2.23 3.00           OW203901.1   2610547   2611083 (13636902) C               Kuruka     Unspecified  (4257)    4576    4044    
   357 36.66 0.73 1.10           OW203901.1   2799807   2800079 (13447906) C               Kuruka     Unspecified  (4279)    4554    4283    
   772 36.77 1.87 2.23           OW203901.1   2969260   2970113 (13277872) +               Kuruka     Unspecified    3761    4611  (4222)    
   262 26.74 3.37 3.37           OW203901.1   2987088   2987176 (13260809) C               Kuruka     Unspecified  (5153)    3680    3592    
   752 35.74 2.29 2.46           OW203901.1   4567218   4567828 (11680157) C               Kuruka     Unspecified  (4285)    4548    3939    
   667 35.03 1.52 1.01           OW203901.1   4567920   4568314 (11679671) C               Kuruka     Unspecified  (4986)    3847    3451    
   380 35.78 0.46 0.46           OW203901.1   5623775   5623993 (10623992) +               Kuruka     Unspecified    3461    3679  (5154)    
   959 33.06 2.82 3.46           OW203901.1   5624247   5624885 (10623100) +               Kuruka     Unspecified    3933    4567  (4266)    
   232 7.29 0.00 14.29           OW203901.1  11403348  11403411 (4844574) +               Kuruka     Unspecified    7374    7429  (1404)    
   380 35.78 0.46 0.46           OW203901.1  11427607  11427825 (4820160) +               Kuruka     Unspecified    3461    3679  (5154)    
   959 33.06 2.82 3.46           OW203901.1  11428079  11428717 (4819268) +               Kuruka     Unspecified    3933    4567  (4266)    
   256 23.73 0.00 0.00           OW203902.1    283703    283761 (12746606) +               Kuruka     Unspecified    4284    4342  (4491)    
   785 32.60 5.02 5.19           OW203902.1    458234    458851 (12571516) C               Kuruka     Unspecified  (4279)    4554    3938    
  1393 35.30 2.20 2.29           OW203902.1    635536    636628 (12393739) +               Kuruka     Unspecified    3453    4544  (4289)    
   610 33.82 0.36 1.08           OW203902.1    702565    702845 (12327522) +               Kuruka     Unspecified    4279    4557  (4276)    
   852 35.31 2.52 2.52           OW203902.1    764441    765114 (12265253) +               Kuruka     Unspecified    3453    4126  (4707)    
   268 33.20 5.43 5.43           OW203902.1    783290    783547 (12246820) +               Kuruka     Unspecified    3576    3833  (5000)    
   743 32.77 5.02 5.19           OW203902.1    783652    784269 (12246098) +               Kuruka     Unspecified    3938    4554  (4279)    
  1461 35.51 2.87 2.39           OW203902.1    909859    910940 (12119427) C               Kuruka     Unspecified  (4294)    4539    3453    
   481 33.73 0.89 1.19           OW203902.1    976485    976820 (12053547) C               Kuruka     Unspecified  (4275)    4558    4224    
   788 33.34 5.92 6.03           OW203902.1   1062013   1062992 (11967375) C               Kuruka     Unspecified  (4279)    4554    3576    
   301 22.38 0.00 2.63           OW203902.1   1150701   1150778 (11879589) +               Kuruka     Unspecified    4279    4354  (4479)    
   253 31.29 3.47 3.47           OW203902.1   1150822   1151023 (11879344) +               Kuruka     Unspecified    4438    4639  (4194)    
  1499 35.75 2.17 2.72           OW203902.1   1195749   1196855 (11833512) C               Kuruka     Unspecified  (4280)    4553    3453    
   478 35.88 1.73 2.02           OW203902.1   1277897   1278243 (11752124) +               Kuruka     Unspecified    4199    4544  (4289)    
   807 33.51 5.82 5.92           OW203902.1   1303548   1304527 (11725840) C               Kuruka     Unspecified  (4279)    4554    3576    
   904 31.73 2.99 3.56           OW203902.1   1351917   1352452 (11677915) C               Kuruka     Unspecified  (4257)    4576    4044    
   980 32.78 2.90 3.07           OW203902.1   1424499   1425118 (11605249) C               Kuruka     Unspecified  (4282)    4551    3933    
   357 36.24 0.46 0.46           OW203902.1   1425372   1425590 (11604777) C               Kuruka     Unspecified  (5154)    3679    3461    
   915 33.78 2.23 3.00           OW203902.1   1442915   1443451 (11586916) +               Kuruka     Unspecified    4044    4576  (4257)    
   536 39.69 0.00 0.00           OW203902.1   1540852   1541239 (11489128) +               Kuruka     Unspecified    3453    3840  (4993)    
   681 35.67 1.39 1.19           OW203902.1   1541285   1541789 (11488578) +               Kuruka     Unspecified    4039    4544  (4289)    
   984 32.91 2.82 3.46           OW203902.1   1553177   1553815 (11476552) C               Kuruka     Unspecified  (4266)    4567    3933    
   348 36.70 0.46 0.46           OW203902.1   1554069   1554287 (11476080) C               Kuruka     Unspecified  (5154)    3679    3461    
   911 33.28 2.42 3.19           OW203902.1   1712475   1713011 (11317356) +               Kuruka     Unspecified    4044    4576  (4257)    
   807 33.51 5.82 5.92           OW203902.1   1759700   1760679 (11269688) +               Kuruka     Unspecified    3576    4554  (4279)    
   458 36.18 1.73 2.02           OW203902.1   1788115   1788461 (11241906) C               Kuruka     Unspecified  (4289)    4544    4199    
   924 33.78 2.23 3.00           OW203902.1   1797055   1797591 (11232776) C               Kuruka     Unspecified  (4257)    4576    4044    
  1445 35.86 1.66 2.25           OW203902.1   1906512   1907538 (11122829) C               Kuruka     Unspecified  (4280)    4553    3533    
  1081 34.50 2.74 2.74           OW203902.1   1919088   1919853 (11110514) C               Kuruka     Unspecified  (4276)    4557    3792    
   543 32.03 3.12 3.35           OW203902.1   1973202   1973650 (11056717) C               Kuruka     Unspecified  (4162)    4671    4224    
   286 35.69 1.39 4.66           OW203902.1   2083426   2083713 (10946654) C               Kuruka     Unspecified  (4276)    4557    4279    
   263 22.38 0.00 2.63           OW203902.1   2111844   2111921 (10918446) +               Kuruka     Unspecified    4279    4354  (4479)    
   435 37.54 1.80 1.80           OW203902.1   2161269   2161656 (10868711) +               Kuruka     Unspecified    3453    3840  (4993)    
  1300 36.94 1.10 1.28           OW203902.1   2191555   2192648 (10837719) C               Kuruka     Unspecified  (4289)    4544    3453    
   386 27.58 6.15 6.56           OW203902.1   2231278   2231537 (10798830) +               Kuruka     Unspecified    4287    4545  (4288)    
  1341 36.95 1.10 1.19           OW203902.1   2326046   2327138 (10703229) +               Kuruka     Unspecified    3453    4544  (4289)    
  1082 35.22 4.35 4.07           OW203902.1   2490111   2491214 (10539153) C               Kuruka     Unspecified  (4276)    4557    3451    
  1065 35.32 4.35 4.07           OW203902.1   2525676   2526779 (10503588) C               Kuruka     Unspecified  (4276)    4557    3451    
   911 33.40 2.23 3.00           OW203902.1   2762700   2763236 (10267131) C               Kuruka     Unspecified  (4257)    4576    4044    
   260 34.51 2.49 1.98           OW203902.1   2794030   2794230 (10236137) C               Kuruka     Unspecified  (4194)    4639    4438    
   299 22.38 0.00 2.63           OW203902.1   2794274   2794351 (10236016) C               Kuruka     Unspecified  (4479)    4354    4279    
   796 33.69 5.71 5.82           OW203902.1   2820493   2821472 (10208895) C               Kuruka     Unspecified  (4279)    4554    3576    
   585 32.99 2.89 4.18           OW203902.1   2898285   2898768 (10131599) +               Kuruka     Unspecified    4078    4555  (4278)    
  1361 35.24 2.29 2.38           OW203902.1   2962558   2963650 (10066717) +               Kuruka     Unspecified    3453    4544  (4289)    
   591 33.82 0.36 1.08           OW203902.1   3066827   3067107 (9963260) C               Kuruka     Unspecified  (4276)    4557    4279    
   506 34.48 1.89 1.50           OW203902.1   3108309   3108573 (9921794) +               Kuruka     Unspecified    3575    3840  (4993)    
   314 34.73 3.24 3.24           OW203902.1   3129934   3130180 (9900187) +               Kuruka     Unspecified    3453    3699  (5134)    
   937 33.45 2.90 3.07           OW203902.1   3234699   3235318 (9795049) C               Kuruka     Unspecified  (4282)    4551    3933    
   897 33.09 2.42 3.19           OW203902.1   3313975   3314511 (9715856) +               Kuruka     Unspecified    4044    4576  (4257)    
   531 32.64 4.20 4.41           OW203902.1   3394095   3394594 (9635773) C               Kuruka     Unspecified  (4279)    4554    4056    
   253 33.60 5.43 5.43           OW203902.1   3434126   3434383 (9595984) +               Kuruka     Unspecified    3576    3833  (5000)    
   728 33.11 5.02 5.19           OW203902.1   3434488   3435105 (9595262) +               Kuruka     Unspecified    3938    4554  (4279)    
   962 35.09 1.30 1.46           OW203902.1   3477716   3478331 (9552036) C               Kuruka     Unspecified  (4281)    4552    3938    
   727 33.61 3.35 4.13           OW203902.1   3619717   3620253 (9410114) C               Kuruka     Unspecified  (4257)    4576    4044    
  1104 34.23 4.03 4.51           OW203902.1   3642220   3643311 (9387056) +               Kuruka     Unspecified    3481    4567  (4266)    
  1227 32.30 2.09 2.29           OW203902.1   3684292   3684817 (9345550) C               Kuruka     Unspecified  (4285)    4548    4024    
   280 36.00 0.00 0.00           OW203902.1   3685141   3685265 (9345102) C               Kuruka     Unspecified  (5133)    3700    3576    
   241 24.19 0.00 0.00           OW203902.1   3717821   3717882 (9312485) C               Kuruka     Unspecified  (4491)    4342    4281    
  1417 35.27 2.62 3.09           OW203902.1   3745468   3746573 (9283794) C               Kuruka     Unspecified  (4280)    4553    3453    
  1054 34.43 4.03 4.51           OW203902.1   3862618   3863709 (9166658) +               Kuruka     Unspecified    3481    4567  (4266)    
   746 34.05 2.98 3.75           OW203902.1   3916142   3916678 (9113689) C               Kuruka     Unspecified  (4257)    4576    4044    
  1383 34.59 2.56 2.66           OW203902.1   3951898   3952990 (9077377) C               Kuruka     Unspecified  (4289)    4544    3453    
   939 33.60 2.23 3.00           OW203902.1   4091616   4092152 (8938215) C               Kuruka     Unspecified  (4257)    4576    4044    
   293 19.64 13.56 0.75           OW203902.1   8713583   8713700 (4316667) +               Kuruka     Unspecified    7265    7397  (1436)    
   237 19.17 7.84 2.80           OW203902.1   9224075   9224176 (3806191) +               Kuruka     Unspecified    7352    7458  (1375)    
