  235 16.37  9.68  1.49            OU426877.1 22909054 22909115 (121601253)  +          Kuruka  Unspecified (121601253) 22909054 22909115
  255 21.43  2.78  2.78            OU426877.1 28752203 28752274 (115758094)  +          Kuruka  Unspecified (115758094) 28752203 28752274
  297 27.71  2.61  3.29            OU426877.1 28752668 28752820 (115757548)  +          Kuruka  Unspecified (115757548) 28752668 28752820
  237 29.07  1.16  0.00            OU426877.1 30716317 30716402 (113793966)  +          Kuruka  Unspecified (113793966) 30716317 30716402
 1328 33.72  2.81  1.90            OU426877.1 33682941 33683723 (110826645)  +          Kuruka  Unspecified (110826645) 33682941 33683723
 1969 34.14  2.44  2.52            OU426877.1 38853912 38855182 (105655186)  +          Kuruka  Unspecified (105655186) 38853912 38855182
  279 34.22  4.43  4.04            OU426877.1 39270148 39270418 (105239950)  +          Kuruka  Unspecified (105239950) 39270148 39270418
 1372 33.72  2.96  3.07            OU426877.1 39270638 39271549 (105238819)  +          Kuruka  Unspecified (105238819) 39270638 39271549
 1707 35.54  2.09  2.37            OU426877.1 48638682 48639779 (95870589)  +          Kuruka  Unspecified (95870589) 48638682 48639779
  746 36.09  1.39  1.59            OU426877.1 49047899 49048402 (95461966)  +          Kuruka  Unspecified (95461966) 49047899 49048402
  596 34.23  3.54  3.54            OU426877.1 53330689 53331224 (91179144)  +          Kuruka  Unspecified (91179144) 53330689 53331224
 1669 35.14  2.15  2.15            OU426877.1 53644163 53645279 (90865089)  +          Kuruka  Unspecified (90865089) 53644163 53645279
  569 38.02  3.23  2.25            OU426877.1 55330055 55330891 (89179477)  +          Kuruka  Unspecified (89179477) 55330055 55330891
  317 37.87  1.56  1.79            OU426877.1 58712043 58712491 (85797877)  +          Kuruka  Unspecified (85797877) 58712043 58712491
  406 34.62  5.24  4.36            OU426877.1 59536185 59536776 (84973592)  +          Kuruka  Unspecified (84973592) 59536185 59536776
  922 33.45  4.26  1.99            OU426877.1 60822925 60823464 (83686904)  +          Kuruka  Unspecified (83686904) 60822925 60823464
  488 31.49  0.00  3.29            OU426877.1 61697035 61697254 (82813114)  +          Kuruka  Unspecified (82813114) 61697035 61697254
  240 33.08  2.26  2.26            OU426877.1 61902526 61902658 (82607710)  +          Kuruka  Unspecified (82607710) 61902526 61902658
  264 22.54  3.53  6.02            OU426877.1 62621818 62621902 (81888466)  +          Kuruka  Unspecified (81888466) 62621818 62621902
 1453 34.36  3.32  2.50            OU426877.1 62944795 62945788 (81564580)  +          Kuruka  Unspecified (81564580) 62944795 62945788
  232 27.86  3.30 11.24            OU426877.1 63397017 63397198 (81113170)  +          Kuruka  Unspecified (81113170) 63397017 63397198
  279 34.22  4.43  4.04            OU426877.1 63406242 63406512 (81103856)  +          Kuruka  Unspecified (81103856) 63406242 63406512
 1374 33.72  2.96  3.07            OU426877.1 63406732 63407643 (81102725)  +          Kuruka  Unspecified (81102725) 63406732 63407643
  277 30.12  5.81  8.97            OU426877.1 63510316 63510625 (80999743)  +          Kuruka  Unspecified (80999743) 63510316 63510625
  255 21.43  2.78  2.78            OU426877.1 64193021 64193092 (80317276)  +          Kuruka  Unspecified (80317276) 64193021 64193092
  300 27.71  2.61  3.29            OU426877.1 64193486 64193638 (80316730)  +          Kuruka  Unspecified (80316730) 64193486 64193638
  623 35.60  1.79  4.02            OU426877.1 65817768 65818326 (78692042)  +          Kuruka  Unspecified (78692042) 65817768 65818326
  792 34.63  4.86  3.60            OU426877.1 65824632 65825290 (78685078)  +          Kuruka  Unspecified (78685078) 65824632 65825290
  624 32.78  2.44  2.44            OU426877.1 65852254 65852622 (78657746)  +          Kuruka  Unspecified (78657746) 65852254 65852622
  383 39.73  0.00  1.05            OU426877.1 65853906 65854195 (78656173)  +          Kuruka  Unspecified (78656173) 65853906 65854195
 1600 34.65  3.45  2.21            OU426877.1 66451952 66453111 (78057257)  +          Kuruka  Unspecified (78057257) 66451952 66453111
  231 34.25  4.95  5.85            OU426877.1 66863871 66864456 (77645912)  +          Kuruka  Unspecified (77645912) 66863871 66864456
 1718 34.10  3.22  3.22            OU426877.1 66892417 66893722 (77616646)  +          Kuruka  Unspecified (77616646) 66892417 66893722
  250 34.75  0.00  0.00            OU426877.1 67071043 67071160 (77439208)  +          Kuruka  Unspecified (77439208) 67071043 67071160
  269 38.13  1.54  1.80            OU426877.1 67455764 67456153 (77054215)  +          Kuruka  Unspecified (77054215) 67455764 67456153
  285 35.31  1.74  2.04            OU426877.1 68275752 68276095 (76234273)  +          Kuruka  Unspecified (76234273) 68275752 68276095
 1979 35.57  1.61  2.00            OU426877.1 68740740 68742047 (75768321)  +          Kuruka  Unspecified (75768321) 68740740 68742047
  255 39.48  0.52  0.52            OU426877.1 68808353 68808543 (75701825)  +          Kuruka  Unspecified (75701825) 68808353 68808543
 2237 34.98  1.89  1.97            OU426877.1 68997243 68998563 (75511805)  +          Kuruka  Unspecified (75511805) 68997243 68998563
 2250 34.18  1.26  1.44            OU426877.1 69491290 69492399 (75017969)  +          Kuruka  Unspecified (75017969) 69491290 69492399
  285 38.10  1.59  1.82            OU426877.1 70374654 70375094 (74135274)  +          Kuruka  Unspecified (74135274) 70374654 70375094
  431 34.39  4.07  0.00            OU426877.1 70676147 70676367 (73834001)  +          Kuruka  Unspecified (73834001) 70676147 70676367
 1221 36.38  2.70  3.00            OU426877.1 70680634 70681670 (73828698)  +          Kuruka  Unspecified (73828698) 70680634 70681670
 1749 34.65  2.54  2.62            OU426877.1 71196791 71198091 (73312277)  +          Kuruka  Unspecified (73312277) 71196791 71198091
 2235 33.85  1.63  1.35            OU426877.1 71302646 71303750 (73206618)  +          Kuruka  Unspecified (73206618) 71302646 71303750
 1963 33.78  2.52  2.60            OU426877.1 71600151 71601457 (72908911)  +          Kuruka  Unspecified (72908911) 71600151 71601457
 1720 34.88  2.54  2.62            OU426877.1 71756325 71757625 (72752743)  +          Kuruka  Unspecified (72752743) 71756325 71757625
 2350 33.63  1.26  1.35            OU426877.1 71918138 71919246 (72591122)  +          Kuruka  Unspecified (72591122) 71918138 71919246
 1543 35.35  3.34  2.75            OU426877.1 72212814 72214189 (72296179)  +          Kuruka  Unspecified (72296179) 72212814 72214189
  241 27.93  4.32  4.97            OU426877.1 72862392 72862553 (71647815)  +          Kuruka  Unspecified (71647815) 72862392 72862553
  323 37.78  1.34  1.56            OU426877.1 72927091 72927539 (71582829)  +          Kuruka  Unspecified (71582829) 72927091 72927539
  303 38.37  1.11  1.34            OU426877.1 73459423 73459871 (71050497)  +          Kuruka  Unspecified (71050497) 73459423 73459871
  268 34.61  4.43  4.04            OU426877.1 74043454 74043724 (70466644)  +          Kuruka  Unspecified (70466644) 74043454 74043724
 1378 33.97  2.74  2.85            OU426877.1 74043944 74044855 (70465513)  +          Kuruka  Unspecified (70465513) 74043944 74044855
  365 33.62  2.77  3.59            OU426877.1 74588406 74588658 (69921710)  +          Kuruka  Unspecified (69921710) 74588406 74588658
  237 36.08  0.00  0.00            OU426877.1 75066992 75067088 (69443280)  +          Kuruka  Unspecified (69443280) 75066992 75067088
  365 32.50  0.62  0.62            OU426877.1 75157340 75157500 (69352868)  +          Kuruka  Unspecified (69352868) 75157340 75157500
  603 38.12  1.32  2.38            OU426877.1 75165311 75165990 (69344378)  +          Kuruka  Unspecified (69344378) 75165311 75165990
 1935 33.46  2.75  2.91            OU426877.1 75783048 75784355 (68726013)  +          Kuruka  Unspecified (68726013) 75783048 75784355
  453 27.54  1.44  0.71            OU426877.1 76187334 76187472 (68322896)  +          Kuruka  Unspecified (68322896) 76187334 76187472
  596 30.97  2.41  3.12            OU426877.1 76666851 76667140 (67843228)  +          Kuruka  Unspecified (67843228) 76666851 76667140
 1693 34.86  2.86  2.69            OU426877.1 76762601 76763788 (67746580)  +          Kuruka  Unspecified (67746580) 76762601 76763788
 1473 35.20  3.57  2.71            OU426877.1 76787262 76788467 (67721901)  +          Kuruka  Unspecified (67721901) 76787262 76788467
 1461 35.09  3.06  3.16            OU426877.1 77603165 77604241 (66906127)  +          Kuruka  Unspecified (66906127) 77603165 77604241
 2277 34.03  1.36  1.26            OU426877.1 77639417 77640523 (66869845)  +          Kuruka  Unspecified (66869845) 77639417 77640523
  342 37.79  1.34  1.34            OU426877.1 77676506 77676953 (66833415)  +          Kuruka  Unspecified (66833415) 77676506 77676953
  239 33.33  1.69  0.84            OU426877.1 78053054 78053171 (66457197)  +          Kuruka  Unspecified (66457197) 78053054 78053171
  679 33.09  1.90  1.90            OU426877.1 79079937 79080521 (65430117)  +          Kuruka  Unspecified (65430117) 79079937 79080521
  267 36.67  1.64  3.34            OU426877.1 79443837 79444262 (65066106)  +          Kuruka  Unspecified (65066106) 79443837 79444262
  260 34.64  2.76  4.21            OU426877.1 81635633 81635849 (62874519)  +          Kuruka  Unspecified (62874519) 81635633 81635849
  396 39.38  1.38  1.38            OU426877.1 82804317 82804679 (61705689)  +          Kuruka  Unspecified (61705689) 82804317 82804679
  908 32.58  5.22  1.26            OU426877.1 83285782 83286241 (61224127)  +          Kuruka  Unspecified (61224127) 83285782 83286241
  300 38.73  1.36  1.56            OU426877.1 83723850 83724363 (60786005)  +          Kuruka  Unspecified (60786005) 83723850 83724363
  330 37.36  1.40  2.55            OU426877.1 84039413 84039769 (60470599)  +          Kuruka  Unspecified (60470599) 84039413 84039769
  615 36.54  2.57  2.57            OU426877.1 84525554 84526098 (59984270)  +          Kuruka  Unspecified (59984270) 84525554 84526098
  869 33.47  1.46  4.98            OU426877.1 84526550 84527027 (59983341)  +          Kuruka  Unspecified (59983341) 84526550 84527027
  231 36.11  2.46  2.82            OU426877.1 85043838 85044122 (59466246)  +          Kuruka  Unspecified (59466246) 85043838 85044122
  258 26.16  2.73  2.73            OU426877.1 85225256 85225365 (59285003)  +          Kuruka  Unspecified (59285003) 85225256 85225365
  303 38.97  0.89  1.12            OU426877.1 94665286 94665734 (49844634)  +          Kuruka  Unspecified (49844634) 94665286 94665734
  236 38.15  2.92  3.12            OU426877.1 95103565 95104078 (49406290)  +          Kuruka  Unspecified (49406290) 95103565 95104078
  309 38.37  1.11  1.34            OU426877.1 95197025 95197473 (49312895)  +          Kuruka  Unspecified (49312895) 95197025 95197473
  330 38.81  1.16  1.16            OU426877.1 95392546 95393539 (49117565)  +          Kuruka  Unspecified (49117565) 95392546 95393539
 1438 35.91  2.19  2.68            OU426877.1 98034264 98035313 (46475055)  +          Kuruka  Unspecified (46475055) 98034264 98035313
  281 31.73  0.00  0.00            OU426877.1 100589072 100589175 (43921193)  +          Kuruka  Unspecified (43921193) 100589072 100589175
  534 34.97  2.65  2.93            OU426877.1 100589963 100590339 (43920029)  +          Kuruka  Unspecified (43920029) 100589963 100590339
  295 38.60  1.11  1.34            OU426877.1 100764362 100764810 (43745558)  +          Kuruka  Unspecified (43745558) 100764362 100764810
  669 36.20  5.53  4.31            OU426877.1 101805695 101806635 (42703733)  +          Kuruka  Unspecified (42703733) 101805695 101806635
 1984 35.51  1.09  1.18            OU426877.1 102878738 102879837 (41630531)  +          Kuruka  Unspecified (41630531) 102878738 102879837
  359 33.14  6.35  6.35            OU426877.1 103517742 103518308 (40992060)  +          Kuruka  Unspecified (40992060) 103517742 103518308
  332 29.81  0.00  0.00            OU426877.1 103920494 103920597 (40589771)  +          Kuruka  Unspecified (40589771) 103920494 103920597
  277 38.94  0.52  0.52            OU426877.1 103984372 103984562 (40525806)  +          Kuruka  Unspecified (40525806) 103984372 103984562
  678 34.31  3.17  3.53            OU426877.1 104583909 104584476 (39925892)  +          Kuruka  Unspecified (39925892) 104583909 104584476
 1201 35.46  3.81  3.90            OU426877.1 105715746 105716822 (38793546)  +          Kuruka  Unspecified (38793546) 105715746 105716822
  288 31.83  2.52  3.16            OU426877.1 109089342 109089500 (35420868)  +          Kuruka  Unspecified (35420868) 109089342 109089500
  306 38.37  1.11  1.34            OU426877.1 110397060 110397508 (34112860)  +          Kuruka  Unspecified (34112860) 110397060 110397508
 2229 35.31  1.74  1.82            OU426877.1 118427741 118429061 (26081307)  +          Kuruka  Unspecified (26081307) 118427741 118429061
  306 38.37  1.11  1.34            OU426877.1 137353136 137353584 (7156784)  +          Kuruka  Unspecified (7156784) 137353136 137353584
 2229 35.31  1.74  1.82            OU426877.1  8143895  8145215 (136365153)  C          Kuruka  Unspecified (136365153)  8143895  8145215
 2215 35.39  1.74  1.82            OU426877.1 29758332 29759652 (114750716)  C          Kuruka  Unspecified (114750716) 29758332 29759652
  769 35.28  4.24  4.47            OU426877.1 34787465 34788384 (109721984)  C          Kuruka  Unspecified (109721984) 34787465 34788384
 1692 34.85  3.42  2.82            OU426877.1 35001031 35002406 (109507962)  C          Kuruka  Unspecified (109507962) 35001031 35002406
 2215 35.39  1.74  1.82            OU426877.1 37335379 37336699 (107173669)  C          Kuruka  Unspecified (107173669) 37335379 37336699
 2229 35.31  1.74  1.82            OU426877.1 38209147 38210467 (106299901)  C          Kuruka  Unspecified (106299901) 38209147 38210467
 1396 34.08  4.74  2.83            OU426877.1 41621621 41622695 (102887673)  C          Kuruka  Unspecified (102887673) 41621621 41622695
 1604 34.06  3.22  2.49            OU426877.1 41664585 41665701 (102844667)  C          Kuruka  Unspecified (102844667) 41664585 41665701
  769 35.28  4.24  4.47            OU426877.1 49189460 49190379 (95319989)  C          Kuruka  Unspecified (95319989) 49189460 49190379
  491 32.43  6.06  5.53            OU426877.1 50966090 50966683 (93543685)  C          Kuruka  Unspecified (93543685) 50966090 50966683
  688 35.55  5.06  3.27            OU426877.1 50994939 50995630 (93514738)  C          Kuruka  Unspecified (93514738) 50994939 50995630
 1144 35.51  2.66  1.52            OU426877.1 51038129 51038843 (93471525)  C          Kuruka  Unspecified (93471525) 51038129 51038843
 1004 33.95  2.84  3.00            OU426877.1 51058794 51059461 (93450907)  C          Kuruka  Unspecified (93450907) 51058794 51059461
  482 35.92  2.60  2.60            OU426877.1 51063459 51063881 (93446487)  C          Kuruka  Unspecified (93446487) 51063459 51063881
 1248 36.52  4.31  3.02            OU426877.1 51073537 51074973 (93435395)  C          Kuruka  Unspecified (93435395) 51073537 51074973
 2038 34.18  1.81  1.71            OU426877.1 51116106 51117212 (93393156)  C          Kuruka  Unspecified (93393156) 51116106 51117212
 1737 34.05  2.18  4.54            OU426877.1 52662225 52663418 (91846950)  C          Kuruka  Unspecified (91846950) 52662225 52663418
 1692 34.85  3.42  2.82            OU426877.1 52784577 52785952 (91724416)  C          Kuruka  Unspecified (91724416) 52784577 52785952
  341 37.10  0.00  0.00            OU426877.1 56104917 56105102 (88405266)  C          Kuruka  Unspecified (88405266) 56104917 56105102
  391 34.35  0.00  1.81            OU426877.1 57904377 57904545 (86605823)  C          Kuruka  Unspecified (86605823) 57904377 57904545
 1719 34.22  1.53  1.64            OU426877.1 57986198 57987112 (86523256)  C          Kuruka  Unspecified (86523256) 57986198 57987112
 1558 34.03  4.37  2.80            OU426877.1 59684964 59686266 (84824102)  C          Kuruka  Unspecified (84824102) 59684964 59686266
 1610 34.05  4.51  2.39            OU426877.1 59697127 59698191 (84812177)  C          Kuruka  Unspecified (84812177) 59697127 59698191
  332 37.56  1.34  1.56            OU426877.1 59968827 59969275 (84541093)  C          Kuruka  Unspecified (84541093) 59968827 59969275
  240 33.08  2.26  2.26            OU426877.1 60258189 60258321 (84252047)  C          Kuruka  Unspecified (84252047) 60258189 60258321
  354 37.08  1.40  2.55            OU426877.1 62316250 62316606 (82193762)  C          Kuruka  Unspecified (82193762) 62316250 62316606
  247 39.01  1.03  1.30            OU426877.1 62637484 62637870 (81872498)  C          Kuruka  Unspecified (81872498) 62637484 62637870
  300 36.39  2.46  2.46            OU426877.1 62805424 62805871 (81704497)  C          Kuruka  Unspecified (81704497) 62805424 62805871
 1813 34.36  2.94  2.24            OU426877.1 62905963 62907117 (81603251)  C          Kuruka  Unspecified (81603251) 62905963 62907117
  256 32.31  2.26  2.26            OU426877.1 63259207 63259339 (81251029)  C          Kuruka  Unspecified (81251029) 63259207 63259339
  256 32.31  2.26  2.26            OU426877.1 63486718 63486850 (81023518)  C          Kuruka  Unspecified (81023518) 63486718 63486850
 1049 36.10  4.10  3.37            OU426877.1 63703062 63704182 (80806186)  C          Kuruka  Unspecified (80806186) 63703062 63704182
 1261 35.34  2.17  2.69            OU426877.1 63888340 63889124 (80621244)  C          Kuruka  Unspecified (80621244) 63888340 63889124
  311 32.26  0.00  0.00            OU426877.1 63892455 63892578 (80617790)  C          Kuruka  Unspecified (80617790) 63892455 63892578
  299 29.72  0.00  5.56            OU426877.1 63895397 63895510 (80614858)  C          Kuruka  Unspecified (80614858) 63895397 63895510
 1306 35.49  3.20  3.38            OU426877.1 65069284 65070470 (79439898)  C          Kuruka  Unspecified (79439898) 65069284 65070470
  291 37.64  1.56  1.56            OU426877.1 65577594 65578041 (78932327)  C          Kuruka  Unspecified (78932327) 65577594 65578041
  281 31.89  4.84  7.97            OU426877.1 65668931 65669240 (78841128)  C          Kuruka  Unspecified (78841128) 65668931 65669240
  256 32.31  2.26  2.26            OU426877.1 66382686 66382818 (78127550)  C          Kuruka  Unspecified (78127550) 66382686 66382818
 1395 33.08  1.24  1.71            OU426877.1 66488313 66488958 (78021410)  C          Kuruka  Unspecified (78021410) 66488313 66488958
 1353 37.09  1.73  2.01            OU426877.1 66922314 66923411 (77586957)  C          Kuruka  Unspecified (77586957) 66922314 66923411
  603 33.45  2.78  3.10            OU426877.1 67014634 67014957 (77495411)  C          Kuruka  Unspecified (77495411) 67014634 67014957
  368 36.59  2.70  1.86            OU426877.1 67459775 67461072 (77050113)  C          Kuruka  Unspecified (77050113) 67459775 67461072
  238 35.78  0.00  0.00            OU426877.1 68109804 68109912 (76400456)  C          Kuruka  Unspecified (76400456) 68109804 68109912
 1342 34.05  2.96  2.96            OU426877.1 68668988 68669898 (75840470)  C          Kuruka  Unspecified (75840470) 68668988 68669898
  253 31.16  4.17  4.17            OU426877.1 68670118 68670261 (75840107)  C          Kuruka  Unspecified (75840107) 68670118 68670261
 1816 34.69  2.44  2.44            OU426877.1 68886251 68887438 (75622930)  C          Kuruka  Unspecified (75622930) 68886251 68887438
 2064 32.84  2.65  3.00            OU426877.1 69056127 69057297 (75453071)  C          Kuruka  Unspecified (75453071) 69056127 69057297
 1203 35.53  2.41  2.52            OU426877.1 69075653 69076605 (75433763)  C          Kuruka  Unspecified (75433763) 69075653 69076605
  274 38.94  0.52  0.52            OU426877.1 69091165 69091355 (75419013)  C          Kuruka  Unspecified (75419013) 69091165 69091355
 2086 34.27  1.33  1.43            OU426877.1 69268342 69269392 (75240976)  C          Kuruka  Unspecified (75240976) 69268342 69269392
 1677 34.90  3.34  2.75            OU426877.1 69740153 69741528 (74768840)  C          Kuruka  Unspecified (74768840) 69740153 69741528
 1901 33.95  2.51  3.20            OU426877.1 70363515 70364710 (74145658)  C          Kuruka  Unspecified (74145658) 70363515 70364710
  320 37.56  1.34  1.56            OU426877.1 70426571 70427019 (74083349)  C          Kuruka  Unspecified (74083349) 70426571 70427019
  232 22.22  0.00  0.00            OU426877.1 70427297 70427350 (74083018)  C          Kuruka  Unspecified (74083018) 70427297 70427350
 1310 35.81  2.63  2.63            OU426877.1 71020186 71021137 (73489231)  C          Kuruka  Unspecified (73489231) 71020186 71021137
 1014 33.99  3.26  3.82            OU426877.1 71089350 71090759 (73420098)  C          Kuruka  Unspecified (73420098) 71089350 71090759
  321 37.56  1.34  1.56            OU426877.1 71178612 71179060 (73331308)  C          Kuruka  Unspecified (73331308) 71178612 71179060
  356 37.36  1.40  2.55            OU426877.1 72285365 72285721 (72224647)  C          Kuruka  Unspecified (72224647) 72285365 72285721
  356 37.36  1.40  2.55            OU426877.1 72286262 72286618 (72223750)  C          Kuruka  Unspecified (72223750) 72286262 72286618
  285 39.45  1.17  1.36            OU426877.1 72335830 72336343 (72174025)  C          Kuruka  Unspecified (72174025) 72335830 72336343
  948 37.12  1.72  1.09            OU426877.1 72637425 72638064 (71872304)  C          Kuruka  Unspecified (71872304) 72637425 72638064
  531 33.63  2.63  2.63            OU426877.1 72640580 72640921 (71869447)  C          Kuruka  Unspecified (71869447) 72640580 72640921
 2018 34.33  2.27  2.35            OU426877.1 73189819 73191098 (71319270)  C          Kuruka  Unspecified (71319270) 73189819 73191098
 1448 35.51  2.10  2.21            OU426877.1 73213553 73214505 (71295863)  C          Kuruka  Unspecified (71295863) 73213553 73214505
  346 34.96  1.74  1.74            OU426877.1 73385235 73385464 (71124904)  C          Kuruka  Unspecified (71124904) 73385235 73385464
  788 34.00  2.87  1.97            OU426877.1 73387459 73387911 (71122457)  C          Kuruka  Unspecified (71122457) 73387459 73387911
 1352 35.02  2.84  2.84            OU426877.1 73899576 73900527 (70609841)  C          Kuruka  Unspecified (70609841) 73899576 73900527
  248 38.64  1.12  1.40            OU426877.1 74099434 74099790 (70410578)  C          Kuruka  Unspecified (70410578) 74099434 74099790
 1442 35.81  1.55  1.44            OU426877.1 74476372 74477644 (70033028)  C          Kuruka  Unspecified (70033028) 74476372 74477644
 1742 35.09  2.73  2.88            OU426877.1 74812690 74814115 (69696253)  C          Kuruka  Unspecified (69696253) 74812690 74814115
  281 29.06  2.61  3.29            OU426877.1 75071649 75071801 (69438567)  C          Kuruka  Unspecified (69438567) 75071649 75071801
  234 22.86  2.78  2.78            OU426877.1 75072196 75072267 (69438101)  C          Kuruka  Unspecified (69438101) 75072196 75072267
 1336 33.84  4.92  1.51            OU426877.1 75109607 75110440 (69399928)  C          Kuruka  Unspecified (69399928) 75109607 75110440
 1801 33.63  3.13  2.09            OU426877.1 75256605 75257691 (69252677)  C          Kuruka  Unspecified (69252677) 75256605 75257691
 1569 35.09  3.49  2.89            OU426877.1 75359373 75360748 (69149620)  C          Kuruka  Unspecified (69149620) 75359373 75360748
  228 27.14  1.41  1.41            OU426877.1 75441041 75441111 (69069257)  C          Kuruka  Unspecified (69069257) 75441041 75441111
  286 38.01  1.34  1.56            OU426877.1 75881166 75881614 (68628754)  C          Kuruka  Unspecified (68628754) 75881166 75881614
 1522 35.03  3.43  2.96            OU426877.1 76003607 76004918 (68505450)  C          Kuruka  Unspecified (68505450) 76003607 76004918
  705 34.43  2.28  2.52            OU426877.1 76327738 76328175 (68182193)  C          Kuruka  Unspecified (68182193) 76327738 76328175
  442 33.26  5.89  5.36            OU426877.1 76406439 76407032 (68103336)  C          Kuruka  Unspecified (68103336) 76406439 76407032
  925 35.21  2.24  2.89            OU426877.1 76515087 76515712 (67994656)  C          Kuruka  Unspecified (67994656) 76515087 76515712
  302 35.78  2.27  2.27            OU426877.1 76775812 76776605 (67734381)  C          Kuruka  Unspecified (67734381) 76775812 76776605
  302 37.78  1.34  1.56            OU426877.1 77299537 77299985 (67210383)  C          Kuruka  Unspecified (67210383) 77299537 77299985
  311 37.78  1.34  1.56            OU426877.1 77539727 77540175 (66970193)  C          Kuruka  Unspecified (66970193) 77539727 77540175
  840 35.15  4.03  4.47            OU426877.1 77659115 77660058 (66850310)  C          Kuruka  Unspecified (66850310) 77659115 77660058
  250 36.21  1.74  2.04            OU426877.1 78137969 78138312 (66372056)  C          Kuruka  Unspecified (66372056) 78137969 78138312
 1486 34.96  2.97  3.07            OU426877.1 78728646 78729722 (65780646)  C          Kuruka  Unspecified (65780646) 78728646 78729722
  293 36.41  1.91  1.43            OU426877.1 78794188 78794396 (65715972)  C          Kuruka  Unspecified (65715972) 78794188 78794396
 1338 33.49  5.47  2.99            OU426877.1 79347761 79348674 (65161694)  C          Kuruka  Unspecified (65161694) 79347761 79348674
  761 37.22  2.08  2.75            OU426877.1 80083046 80083813 (64426555)  C          Kuruka  Unspecified (64426555) 80083046 80083813
 1026 35.51  1.88  1.72            OU426877.1 80463187 80463825 (64046543)  C          Kuruka  Unspecified (64046543) 80463187 80463825
 2245 35.24  1.74  1.82            OU426877.1 80510779 80512099 (63998269)  C          Kuruka  Unspecified (63998269) 80510779 80512099
  727 34.43  3.54  3.95            OU426877.1 80821157 80821664 (63688704)  C          Kuruka  Unspecified (63688704) 80821157 80821664
  241 30.41  2.61  3.29            OU426877.1 82463059 82463211 (62047157)  C          Kuruka  Unspecified (62047157) 82463059 82463211
  418 37.22  2.67  1.59            OU426877.1 83665761 83666134 (60844234)  C          Kuruka  Unspecified (60844234) 83665761 83666134
 1052 34.05  2.51  2.67            OU426877.1 85733729 85734404 (58775964)  C          Kuruka  Unspecified (58775964) 85733729 85734404
  660 35.00  1.83  2.30            OU426877.1 85741038 85741972 (58769113)  C          Kuruka  Unspecified (58769113) 85741038 85741972
 1145 36.79  4.23  3.30            OU426877.1 85754464 85755905 (58754463)  C          Kuruka  Unspecified (58754463) 85754464 85755905
  232 22.22  0.00  0.00            OU426877.1 88708911 88708964 (55801404)  C          Kuruka  Unspecified (55801404) 88708911 88708964
  292 39.25  1.17  1.36            OU426877.1 92091065 92091578 (52418790)  C          Kuruka  Unspecified (52418790) 92091065 92091578
 2245 35.24  1.74  1.82            OU426877.1 93246720 93248040 (51262328)  C          Kuruka  Unspecified (51262328) 93246720 93248040
 2226 35.31  1.74  1.82            OU426877.1 99767830 99769150 (44741218)  C          Kuruka  Unspecified (44741218) 99767830 99769150
  284 27.90  3.27  3.95            OU426877.1 100008143 100008295 (44502073)  C          Kuruka  Unspecified (44502073) 100008143 100008295
  422 36.65  5.38  0.82            OU426877.1 100500116 100500697 (44009788)  C          Kuruka  Unspecified (44009788) 100500116 100500697
  779 33.27  0.35  0.35            OU426877.1 103360496 103361148 (41149591)  C          Kuruka  Unspecified (41149591) 103360496 103361148
 1201 35.74  3.98  2.05            OU426877.1 103970559 103971612 (40538756)  C          Kuruka  Unspecified (40538756) 103970559 103971612
 1809 33.94  3.81  1.97            OU426877.1 104013741 104014789 (40495579)  C          Kuruka  Unspecified (40495579) 104013741 104014789
 2213 35.39  1.74  1.82            OU426877.1 115991706 115993026 (28517342)  C          Kuruka  Unspecified (28517342) 115991706 115993026
 2229 34.90  1.74  1.82            OU426877.1 119861069 119862389 (24647979)  C          Kuruka  Unspecified (24647979) 119861069 119862389
  351 37.33  1.34  1.56            OU426877.1 124300232 124300680 (20209688)  C          Kuruka  Unspecified (20209688) 124300232 124300680
  227 12.23  0.00  4.88            OU426877.1 144039861 144039903 (470465)  C          Kuruka  Unspecified (470465) 144039861 144039903
  277 38.94  0.52  0.52            OU426878.1  8100499  8100689 (62968673)  +          Kuruka  Unspecified (62968673)  8100499  8100689
 1918 33.78  2.76  2.76            OU426878.1 12014701 12016006 (59053356)  +          Kuruka  Unspecified (59053356) 12014701 12016006
 1975 34.08  2.19  2.19            OU426878.1 14532274 14533323 (56536039)  +          Kuruka  Unspecified (56536039) 14532274 14533323
 1554 34.29  4.07  3.26            OU426878.1 15723595 15724993 (55344369)  +          Kuruka  Unspecified (55344369) 15723595 15724993
  349 38.86  3.95  1.80            OU426878.1 17266603 17266982 (53802380)  +          Kuruka  Unspecified (53802380) 17266603 17266982
  388 34.63  1.40  1.40            OU426878.1 19494191 19495227 (51574957)  +          Kuruka  Unspecified (51574957) 19494191 19495227
  522 33.20  5.98  2.36            OU426878.1 19737454 19738585 (51331541)  +          Kuruka  Unspecified (51331541) 19737454 19738585
 1721 34.52  3.79  2.76            OU426878.1 19772280 19773676 (51295686)  +          Kuruka  Unspecified (51295686) 19772280 19773676
  228 30.43  0.00  0.00            OU426878.1 19859518 19859586 (51209776)  +          Kuruka  Unspecified (51209776) 19859518 19859586
  769 35.28  4.24  4.47            OU426878.1 26879716 26880635 (44188727)  +          Kuruka  Unspecified (44188727) 26879716 26880635
  641 33.05  4.82  2.64            OU426878.1 46254498 46255016 (24814346)  +          Kuruka  Unspecified (24814346) 46254498 46255016
  240 30.12  0.00  0.00            OU426878.1 46899156 46899238 (24170124)  +          Kuruka  Unspecified (24170124) 46899156 46899238
  268 33.58  6.17  1.98            OU426878.1 49344749 49344991 (21724371)  +          Kuruka  Unspecified (21724371) 49344749 49344991
  300 31.58  0.65  1.32            OU426878.1 49436366 49436645 (21632844)  +          Kuruka  Unspecified (21632844) 49436366 49436645
  284 34.83  1.09  2.78            OU426878.1 49439709 49440272 (21629471)  +          Kuruka  Unspecified (21629471) 49439709 49440272
  279 34.22  4.43  4.04            OU426878.1 49527928 49528198 (21541164)  +          Kuruka  Unspecified (21541164) 49527928 49528198
 1319 34.22  2.34  2.47            OU426878.1 49528418 49529229 (21540133)  +          Kuruka  Unspecified (21540133) 49528418 49529229
 1228 36.78  3.91  2.88            OU426878.1 49584343 49585750 (21483612)  +          Kuruka  Unspecified (21483612) 49584343 49585750
  240 33.08  2.26  2.26            OU426878.1 49604532 49604664 (21464698)  +          Kuruka  Unspecified (21464698) 49604532 49604664
  726 33.02  1.55  1.55            OU426878.1 49701653 49701975 (21367387)  +          Kuruka  Unspecified (21367387) 49701653 49701975
  303 38.97  0.89  1.12            OU426878.1 52440288 52440736 (18628626)  +          Kuruka  Unspecified (18628626) 52440288 52440736
 1448 36.66  3.05  1.41            OU426878.1 53269036 53270150 (17799212)  +          Kuruka  Unspecified (17799212) 53269036 53270150
  554 39.00  3.07  1.51            OU426878.1 53460236 53461016 (17608346)  +          Kuruka  Unspecified (17608346) 53460236 53461016
  459 29.29  0.00  0.00            OU426878.1 53758886 53759025 (17310337)  +          Kuruka  Unspecified (17310337) 53758886 53759025
  459 29.29  0.00  0.00            OU426878.1 53838347 53838486 (17230876)  +          Kuruka  Unspecified (17230876) 53838347 53838486
  769 35.28  4.24  4.47            OU426878.1 53876125 53877044 (17192318)  +          Kuruka  Unspecified (17192318) 53876125 53877044
 1313 34.47  4.61  2.82            OU426878.1 53930398 53931373 (17137989)  +          Kuruka  Unspecified (17137989) 53930398 53931373
  657 35.27  2.89  0.77            OU426878.1 54878050 54878429 (16190933)  +          Kuruka  Unspecified (16190933) 54878050 54878429
  261 37.33  3.12  3.35            OU426878.1 55690396 55690844 (15378518)  +          Kuruka  Unspecified (15378518) 55690396 55690844
  339 36.36  1.43  1.43            OU426878.1 58012614 58012892 (13056470)  +          Kuruka  Unspecified (13056470) 58012614 58012892
  232 30.53  7.09  7.09            OU426878.1 58714422 58714703 (12354659)  +          Kuruka  Unspecified (12354659) 58714422 58714703
  611 36.09  0.33  0.33            OU426878.1 58714923 58715225 (12354137)  +          Kuruka  Unspecified (12354137) 58714923 58715225
  887 31.40  3.89  4.07            OU426878.1 58718756 58719346 (12350016)  +          Kuruka  Unspecified (12350016) 58718756 58719346
 1084 36.83  4.10  2.90            OU426878.1 59877093 59878286 (11191076)  +          Kuruka  Unspecified (11191076) 59877093 59878286
  348 30.36  0.89  0.00            OU426878.1 60049803 60049914 (11019448)  +          Kuruka  Unspecified (11019448) 60049803 60049914
  337 26.43  5.70  1.83            OU426878.1 60058258 60058415 (11010947)  +          Kuruka  Unspecified (11010947) 60058258 60058415
  344 35.08  3.06  0.43            OU426878.1 60060338 60060566 (11008796)  +          Kuruka  Unspecified (11008796) 60060338 60060566
  234 27.16  2.41  2.41            OU426878.1 61226115 61226197 (9843165)  +          Kuruka  Unspecified (9843165) 61226115 61226197
  348 40.00  0.00  0.41            OU426878.1 61567311 61567556 (9501806)  +          Kuruka  Unspecified (9501806) 61567311 61567556
 1427 34.68  3.70  2.68            OU426878.1 61956461 61957568 (9111794)  +          Kuruka  Unspecified (9111794) 61956461 61957568
  260 37.32  2.76  2.96            OU426878.1 66719502 66720009 (4349353)  +          Kuruka  Unspecified (4349353) 66719502 66720009
  289 38.97  0.89  1.12            OU426878.1 70768618 70769066 (300296)  +          Kuruka  Unspecified (300296) 70768618 70769066
  297 27.71  2.61  3.29            OU426878.1  9669312  9669464 (61399898)  C          Kuruka  Unspecified (61399898)  9669312  9669464
  264 18.75  3.03  3.03            OU426878.1  9671263  9671328 (61398034)  C          Kuruka  Unspecified (61398034)  9671263  9671328
  383 30.81  2.63  2.63            OU426878.1 11861564 11861753 (59207609)  C          Kuruka  Unspecified (59207609) 11861564 11861753
  324 31.29  3.40  0.00            OU426878.1 14551938 14552084 (56517278)  C          Kuruka  Unspecified (56517278) 14551938 14552084
  418 34.51  2.82  2.82            OU426878.1 14627166 14627484 (56441878)  C          Kuruka  Unspecified (56441878) 14627166 14627484
 1952 34.48  2.27  2.35            OU426878.1 14720683 14721962 (56347400)  C          Kuruka  Unspecified (56347400) 14720683 14721962
 1940 33.54  2.75  2.83            OU426878.1 15050926 15052232 (56017130)  C          Kuruka  Unspecified (56017130) 15050926 15052232
  323 37.41  2.87  2.87            OU426878.1 16094420 16094906 (54974456)  C          Kuruka  Unspecified (54974456) 16094420 16094906
  788 31.13  1.55  1.55            OU426878.1 16095393 16095715 (54973647)  C          Kuruka  Unspecified (54973647) 16095393 16095715
  767 35.08  2.28  2.08            OU426878.1 16097308 16097834 (54971528)  C          Kuruka  Unspecified (54971528) 16097308 16097834
  307 38.26  1.48  1.48            OU426878.1 16159484 16159820 (54909542)  C          Kuruka  Unspecified (54909542) 16159484 16159820
  497 34.97  4.70  4.70            OU426878.1 16992286 16992945 (54076417)  C          Kuruka  Unspecified (54076417) 16992286 16992945
  764 34.84  1.81  2.01            OU426878.1 18277755 18278252 (52791110)  C          Kuruka  Unspecified (52791110) 18277755 18278252
  764 34.84  1.81  2.01            OU426878.1 18283399 18283896 (52785466)  C          Kuruka  Unspecified (52785466) 18283399 18283896
  435 35.91  0.76  1.15            OU426878.1 46251011 46251272 (24818090)  C          Kuruka  Unspecified (24818090) 46251011 46251272
  593 35.88  3.83  3.83            OU426878.1 46252095 46252746 (24816616)  C          Kuruka  Unspecified (24816616) 46252095 46252746
  279 39.09  2.15  2.32            OU426878.1 46369677 46370281 (24699081)  C          Kuruka  Unspecified (24699081) 46369677 46370281
  406 27.24  9.31  3.72            OU426878.1 48583965 48584572 (22485194)  C          Kuruka  Unspecified (22485194) 48583965 48584572
 1656 35.82  2.10  2.28            OU426878.1 53260815 53261911 (17807451)  C          Kuruka  Unspecified (17807451) 53260815 53261911
  241 27.93  4.32  4.97            OU426878.1 54093850 54094011 (16975351)  C          Kuruka  Unspecified (16975351) 54093850 54094011
  812 35.60  3.91  4.14            OU426878.1 55981244 55982163 (15087199)  C          Kuruka  Unspecified (15087199) 55981244 55982163
  292 37.76  1.28  1.54            OU426878.1 56634494 56634883 (14434479)  C          Kuruka  Unspecified (14434479) 56634494 56634883
 1297 36.04  3.22  3.46            OU426878.1 58055534 58056838 (13012524)  C          Kuruka  Unspecified (13012524) 58055534 58056838
  916 32.59  3.68  4.48            OU426878.1 58163063 58163714 (12905648)  C          Kuruka  Unspecified (12905648) 58163063 58163714
  840 35.15  4.03  4.47            OU426878.1 58175610 58176553 (12892809)  C          Kuruka  Unspecified (12892809) 58175610 58176553
  326 34.11 10.44  1.10            OU426878.1 58218505 58218753 (12850609)  C          Kuruka  Unspecified (12850609) 58218505 58218753
  599 34.37  1.20  1.60            OU426878.1 60142000 60142544 (10927112)  C          Kuruka  Unspecified (10927112) 60142000 60142544
 1251 35.92  2.07  2.39            OU426878.1 60506755 60507721 (10561641)  C          Kuruka  Unspecified (10561641) 60506755 60507721
  341 33.96  5.21  0.91            OU426878.1 60847189 60847399 (10221963)  C          Kuruka  Unspecified (10221963) 60847189 60847399
 1378 35.55  4.26  3.54            OU426878.1 62033959 62035250 (9034112)  C          Kuruka  Unspecified (9034112) 62033959 62035250
 1193 36.46  4.00  3.31            OU426878.1 62053482 62054681 (9014681)  C          Kuruka  Unspecified (9014681) 62053482 62054681
 1740 35.54  2.10  2.28            OU426878.1 66535332 66536428 (4532934)  C          Kuruka  Unspecified (4532934) 66535332 66536428
  538 35.25  1.89  1.57            OU426878.1 67653179 67653495 (3415867)  C          Kuruka  Unspecified (3415867) 67653179 67653495
 2207 35.31  1.74  1.89            OU426879.1 11820144 11821465 (45989844)  +          Kuruka  Unspecified (45989844) 11820144 11821465
  492 31.85  5.34  2.78            OU426879.1 19569816 19570096 (38241213)  +          Kuruka  Unspecified (38241213) 19569816 19570096
  361 36.79  1.40  2.55            OU426879.1 21759684 21760040 (36051269)  +          Kuruka  Unspecified (36051269) 21759684 21760040
  307 33.58  0.74  0.74            OU426879.1 23955161 23955295 (33856014)  +          Kuruka  Unspecified (33856014) 23955161 23955295
  378 33.35  5.79  6.35            OU426879.1 28570296 28570865 (29240444)  +          Kuruka  Unspecified (29240444) 28570296 28570865
 1486 34.57  3.43  2.95            OU426879.1 29058763 29059841 (28751468)  +          Kuruka  Unspecified (28751468) 29058763 29059841
 1824 34.26  2.71  2.71            OU426879.1 29926559 29927740 (27883569)  +          Kuruka  Unspecified (27883569) 29926559 29927740
  291 32.98  5.90  5.90            OU426879.1 30359050 30359439 (27451870)  +          Kuruka  Unspecified (27451870) 30359050 30359439
  283 29.79  0.00  0.00            OU426879.1 30402227 30402320 (27408989)  +          Kuruka  Unspecified (27408989) 30402227 30402320
  255 34.63  2.33  2.33            OU426879.1 31248626 31248968 (26562341)  +          Kuruka  Unspecified (26562341) 31248626 31248968
 1218 35.57  2.44  2.96            OU426879.1 32971062 32972046 (24839263)  +          Kuruka  Unspecified (24839263) 32971062 32972046
  233 37.75  0.66  0.66            OU426879.1 35802063 35802214 (22009095)  +          Kuruka  Unspecified (22009095) 35802063 35802214
 2154 35.57  1.82  1.89            OU426879.1 36123572 36124892 (21686417)  +          Kuruka  Unspecified (21686417) 36123572 36124892
 1281 35.47  3.51  3.32            OU426879.1 36449092 36450173 (21361136)  +          Kuruka  Unspecified (21361136) 36449092 36450173
 1740 35.54  2.10  2.28            OU426879.1 37048491 37049587 (20761722)  +          Kuruka  Unspecified (20761722) 37048491 37049587
  565 33.33  0.51  0.00            OU426879.1 38550305 38550499 (19260810)  +          Kuruka  Unspecified (19260810) 38550305 38550499
 1122 37.31  1.93  1.62            OU426879.1 38635526 38636511 (19174798)  +          Kuruka  Unspecified (19174798) 38635526 38636511
  784 35.46  4.13  4.36            OU426879.1 39337445 39338364 (18472945)  +          Kuruka  Unspecified (18472945) 39337445 39338364
  546 32.32  0.47  0.47            OU426879.1 40007521 40008568 (17803577)  +          Kuruka  Unspecified (17803577) 40007521 40008568
  232 37.75  0.66  0.66            OU426879.1 41903748 41903899 (15907410)  +          Kuruka  Unspecified (15907410) 41903748 41903899
  232 37.75  0.66  0.66            OU426879.1 41951778 41951929 (15859380)  +          Kuruka  Unspecified (15859380) 41951778 41951929
  232 37.75  0.66  0.66            OU426879.1 41996699 41996850 (15814459)  +          Kuruka  Unspecified (15814459) 41996699 41996850
  232 37.75  0.66  0.66            OU426879.1 42040410 42040561 (15770748)  +          Kuruka  Unspecified (15770748) 42040410 42040561
  232 37.75  0.66  0.66            OU426879.1 42084119 42084270 (15727039)  +          Kuruka  Unspecified (15727039) 42084119 42084270
 2215 35.39  1.74  1.82            OU426879.1 42354638 42355958 (15455351)  +          Kuruka  Unspecified (15455351) 42354638 42355958
 1552 33.94  4.16  3.28            OU426879.1 43155952 43157008 (14654301)  +          Kuruka  Unspecified (14654301) 43155952 43157008
 1692 34.85  3.42  2.82            OU426879.1 44794413 44795788 (13015521)  +          Kuruka  Unspecified (13015521) 44794413 44795788
 2229 35.31  1.74  1.82            OU426879.1 45151370 45152690 (12658619)  +          Kuruka  Unspecified (12658619) 45151370 45152690
 2229 35.31  1.74  1.82            OU426879.1 45310998 45312318 (12498991)  +          Kuruka  Unspecified (12498991) 45310998 45312318
 2229 35.31  1.74  1.82            OU426879.1 45432373 45433693 (12377616)  +          Kuruka  Unspecified (12377616) 45432373 45433693
  280 37.79  1.36  1.59            OU426879.1 45616868 45617308 (12194001)  +          Kuruka  Unspecified (12194001) 45616868 45617308
  280 37.79  1.36  1.59            OU426879.1 45728402 45728842 (12082467)  +          Kuruka  Unspecified (12082467) 45728402 45728842
  280 37.79  1.36  1.59            OU426879.1 45836093 45836533 (11974776)  +          Kuruka  Unspecified (11974776) 45836093 45836533
 1102 35.47  2.33  2.33            OU426879.1 48213209 48214025 (9597284)  +          Kuruka  Unspecified (9597284) 48213209 48214025
  284 32.88  6.89  6.89            OU426879.1 48278770 48279161 (9532148)  +          Kuruka  Unspecified (9532148) 48278770 48279161
  295 38.60  1.11  1.34            OU426879.1 12341790 12342238 (45469071)  C          Kuruka  Unspecified (45469071) 12341790 12342238
 1473 32.18  4.24  2.63            OU426879.1 17309251 17310147 (40501162)  C          Kuruka  Unspecified (40501162) 17309251 17310147
  356 37.36  1.40  2.55            OU426879.1 17319611 17319967 (40491342)  C          Kuruka  Unspecified (40491342) 17319611 17319967
  804 35.94  3.92  4.03            OU426879.1 19344473 19345391 (38465918)  C          Kuruka  Unspecified (38465918) 19344473 19345391
  306 38.37  1.11  1.34            OU426879.1 21877845 21878293 (35933016)  C          Kuruka  Unspecified (35933016) 21877845 21878293
  309 38.73  1.36  1.56            OU426879.1 22963016 22963529 (34847780)  C          Kuruka  Unspecified (34847780) 22963016 22963529
  277 38.94  0.52  0.52            OU426879.1 23029077 23029267 (34782042)  C          Kuruka  Unspecified (34782042) 23029077 23029267
  462 34.04  4.46  2.93            OU426879.1 23499143 23499478 (34311831)  C          Kuruka  Unspecified (34311831) 23499143 23499478
  349 31.24  2.36  6.37            OU426879.1 23533294 23533505 (34277804)  C          Kuruka  Unspecified (34277804) 23533294 23533505
 1540 35.09  2.26  2.37            OU426879.1 23533848 23534778 (34276531)  C          Kuruka  Unspecified (34276531) 23533848 23534778
  918 36.40  2.93  1.89            OU426879.1 24466136 24466919 (33344390)  C          Kuruka  Unspecified (33344390) 24466136 24466919
 1426 32.30  2.06  2.49            OU426879.1 25345664 25346390 (32464919)  C          Kuruka  Unspecified (32464919) 25345664 25346390
  745 32.45  2.02  2.02            OU426879.1 25347981 25348326 (32462983)  C          Kuruka  Unspecified (32462983) 25347981 25348326
  265 33.60  4.53  4.53            OU426879.1 25567034 25567298 (32244011)  C          Kuruka  Unspecified (32244011) 25567034 25567298
  240 33.08  2.26  2.26            OU426879.1 26774493 26774625 (31036684)  C          Kuruka  Unspecified (31036684) 26774493 26774625
  279 38.18  1.03  1.29            OU426879.1 27329716 27330105 (30481204)  C          Kuruka  Unspecified (30481204) 27329716 27330105
 1898 33.90  1.87  3.16            OU426879.1 27374618 27375738 (30435571)  C          Kuruka  Unspecified (30435571) 27374618 27375738
  739 33.24  0.99  0.99            OU426879.1 27747235 27748009 (30063771)  C          Kuruka  Unspecified (30063771) 27747235 27748009
  327 34.50  5.60  5.60            OU426879.1 27799903 27800599 (30010710)  C          Kuruka  Unspecified (30010710) 27799903 27800599
 1821 33.73  2.32  2.50            OU426879.1 27867161 27868282 (29943027)  C          Kuruka  Unspecified (29943027) 27867161 27868282
  664 33.04  2.56  1.98            OU426879.1 28170119 28170470 (29640839)  C          Kuruka  Unspecified (29640839) 28170119 28170470
 2261 34.03  1.08  1.44            OU426879.1 28292500 28293611 (29517698)  C          Kuruka  Unspecified (29517698) 28292500 28293611
 1547 34.72  3.06  2.49            OU426879.1 28393730 28394807 (29416502)  C          Kuruka  Unspecified (29416502) 28393730 28394807
 1158 35.54  1.87  2.62            OU426879.1 28405873 28407159 (29404474)  C          Kuruka  Unspecified (29404474) 28405873 28407159
  820 32.44  0.00  0.00            OU426879.1 28749758 28750019 (29061290)  C          Kuruka  Unspecified (29061290) 28749758 28750019
  319 31.30  2.74  6.64            OU426879.1 28924304 28924522 (28886787)  C          Kuruka  Unspecified (28886787) 28924304 28924522
  425 32.96  6.06  5.53            OU426879.1 29151927 29152520 (28658789)  C          Kuruka  Unspecified (28658789) 29151927 29152520
  811 36.91  6.73  2.02            OU426879.1 29372302 29373623 (28437686)  C          Kuruka  Unspecified (28437686) 29372302 29373623
  273 38.83  1.11  1.34            OU426879.1 29391217 29391665 (28419644)  C          Kuruka  Unspecified (28419644) 29391217 29391665
 1675 33.57  3.78  3.06            OU426879.1 29576086 29577090 (28234219)  C          Kuruka  Unspecified (28234219) 29576086 29577090
 1515 34.94  3.44  2.42            OU426879.1 29833792 29834897 (27976412)  C          Kuruka  Unspecified (27976412) 29833792 29834897
  399 38.78  1.44  1.44            OU426879.1 30157725 30158072 (27653237)  C          Kuruka  Unspecified (27653237) 30157725 30158072
  278 39.45  1.16  1.75            OU426879.1 30237369 30237884 (27573425)  C          Kuruka  Unspecified (27573425) 30237369 30237884
  232 22.22  0.00  0.00            OU426879.1 30238097 30238150 (27573159)  C          Kuruka  Unspecified (27573159) 30238097 30238150
  268 31.91  0.00  0.00            OU426879.1 30324077 30324170 (27487139)  C          Kuruka  Unspecified (27487139) 30324077 30324170
  256 28.95  0.00  0.00            OU426879.1 30331138 30331213 (27480096)  C          Kuruka  Unspecified (27480096) 30331138 30331213
  289 35.41  2.88  3.15            OU426879.1 30926043 30926424 (26884885)  C          Kuruka  Unspecified (26884885) 30926043 30926424
  370 33.46  5.64  5.64            OU426879.1 31029793 31030359 (26780950)  C          Kuruka  Unspecified (26780950) 31029793 31030359
 2057 33.07  2.31  2.66            OU426879.1 31224911 31226081 (26585228)  C          Kuruka  Unspecified (26585228) 31224911 31226081
 1442 35.77  3.47  2.61            OU426879.1 31325152 31326216 (26485093)  C          Kuruka  Unspecified (26485093) 31325152 31326216
 1232 34.07  2.14  2.55            OU426879.1 32300403 32301149 (25510160)  C          Kuruka  Unspecified (25510160) 32300403 32301149
 1212 34.41  2.63  2.23            OU426879.1 32792234 32792994 (25018315)  C          Kuruka  Unspecified (25018315) 32792234 32792994
  344 37.08  1.40  2.55            OU426879.1 33042884 33043240 (24768069)  C          Kuruka  Unspecified (24768069) 33042884 33043240
  318 39.13  1.36  1.56            OU426879.1 34197761 34198274 (23613035)  C          Kuruka  Unspecified (23613035) 34197761 34198274
  532 34.46  1.10  1.85            OU426879.1 35066813 35067084 (22744225)  C          Kuruka  Unspecified (22744225) 35066813 35067084
  680 35.74  4.65  2.41            OU426879.1 35067675 35068405 (22742904)  C          Kuruka  Unspecified (22742904) 35067675 35068405
  296 38.01  1.34  1.56            OU426879.1 35611603 35612051 (22199258)  C          Kuruka  Unspecified (22199258) 35611603 35612051
  303 28.90  3.35  3.35            OU426879.1 36531614 36531792 (21279517)  C          Kuruka  Unspecified (21279517) 36531614 36531792
  306 38.37  1.11  1.34            OU426879.1 36627565 36628013 (21183296)  C          Kuruka  Unspecified (21183296) 36627565 36628013
  286 37.16  1.71  1.96            OU426879.1 39404417 39404825 (18406484)  C          Kuruka  Unspecified (18406484) 39404417 39404825
  247 31.07  5.48  8.64            OU426879.1 42733177 42733486 (15077823)  C          Kuruka  Unspecified (15077823) 42733177 42733486
  233 37.75  0.66  0.66            OU426879.1 45061676 45061827 (12749482)  C          Kuruka  Unspecified (12749482) 45061676 45061827
  233 37.75  0.66  0.66            OU426879.1 45221304 45221455 (12589854)  C          Kuruka  Unspecified (12589854) 45221304 45221455
  233 37.75  0.66  0.66            OU426879.1 45342682 45342833 (12468476)  C          Kuruka  Unspecified (12468476) 45342682 45342833
  233 37.75  0.66  0.66            OU426879.1 45502527 45502678 (12308631)  C          Kuruka  Unspecified (12308631) 45502527 45502678
  233 37.75  0.66  0.66            OU426879.1 45621322 45621473 (12189836)  C          Kuruka  Unspecified (12189836) 45621322 45621473
  233 37.75  0.66  0.66            OU426879.1 45732864 45733015 (12078294)  C          Kuruka  Unspecified (12078294) 45732864 45733015
  233 37.75  0.66  0.66            OU426879.1 45840555 45840706 (11970603)  C          Kuruka  Unspecified (11970603) 45840555 45840706
  292 38.01  1.34  1.56            OU426879.1 48307717 48308165 (9503144)  C          Kuruka  Unspecified (9503144) 48307717 48308165
  553 32.80  3.74  3.10            OU426880.1  8863742  8864062 (42053622)  +          Kuruka  Unspecified (42053622)  8863742  8864062
 1767 35.72  1.68  1.87            OU426880.1 10307444 10308513 (40609171)  +          Kuruka  Unspecified (40609171) 10307444 10308513
 1660 34.35  4.61  1.72            OU426880.1 10395831 10396849 (40520835)  +          Kuruka  Unspecified (40520835) 10395831 10396849
  233 37.75  0.66  0.66            OU426880.1 10439383 10439534 (40478150)  +          Kuruka  Unspecified (40478150) 10439383 10439534
  769 35.28  4.24  4.47            OU426880.1 11818985 11819904 (39097780)  +          Kuruka  Unspecified (39097780) 11818985 11819904
  271 29.39  3.76  5.74            OU426880.1 12494984 12495196 (38422488)  +          Kuruka  Unspecified (38422488) 12494984 12495196
 1759 33.88  2.11  2.21            OU426880.1 13355843 13356838 (37560846)  +          Kuruka  Unspecified (37560846) 13355843 13356838
  349 38.00  0.84  1.98            OU426880.1 13829838 13830194 (37087490)  +          Kuruka  Unspecified (37087490) 13829838 13830194
  228 30.43  0.00  0.00            OU426880.1 13968480 13968548 (36949136)  +          Kuruka  Unspecified (36949136) 13968480 13968548
  228 30.43  0.00  0.00            OU426880.1 13991526 13991594 (36926090)  +          Kuruka  Unspecified (36926090) 13991526 13991594
  228 30.43  0.00  0.00            OU426880.1 14014572 14014640 (36903044)  +          Kuruka  Unspecified (36903044) 14014572 14014640
  228 30.43  0.00  0.00            OU426880.1 14037627 14037695 (36879989)  +          Kuruka  Unspecified (36879989) 14037627 14037695
  228 30.43  0.00  0.00            OU426880.1 14060673 14060741 (36856943)  +          Kuruka  Unspecified (36856943) 14060673 14060741
 2222 33.64  1.81  1.71            OU426880.1 15751625 15752731 (35164953)  +          Kuruka  Unspecified (35164953) 15751625 15752731
 1151 36.91  1.90  2.09            OU426880.1 17639474 17640577 (33277107)  +          Kuruka  Unspecified (33277107) 17639474 17640577
  307 38.26  1.48  1.48            OU426880.1 17719109 17719445 (33198239)  +          Kuruka  Unspecified (33198239) 17719109 17719445
  230 36.08  0.00  0.00            OU426880.1 18771399 18771495 (32146189)  +          Kuruka  Unspecified (32146189) 18771399 18771495
 2151 34.01  1.81  1.81            OU426880.1 19042449 19043556 (31874128)  +          Kuruka  Unspecified (31874128) 19042449 19043556
  391 31.50  2.98  1.76            OU426880.1 19167413 19167580 (31750104)  +          Kuruka  Unspecified (31750104) 19167413 19167580
 1105 35.89  2.93  3.57            OU426880.1 19267798 19268924 (31648760)  +          Kuruka  Unspecified (31648760) 19267798 19268924
  289 26.09  5.48  5.48            OU426880.1 20045989 20046134 (30871550)  +          Kuruka  Unspecified (30871550) 20045989 20046134
 1157 37.15  3.74  2.87            OU426880.1 20986814 20988232 (29929452)  +          Kuruka  Unspecified (29929452) 20986814 20988232
  258 26.16  2.73  2.73            OU426880.1 21034310 21034419 (29883265)  +          Kuruka  Unspecified (29883265) 21034310 21034419
 1391 36.55  3.51  3.06            OU426880.1 21045960 21047356 (29870328)  +          Kuruka  Unspecified (29870328) 21045960 21047356
  370 34.09  1.14  0.00            OU426880.1 21053020 21053195 (29864489)  +          Kuruka  Unspecified (29864489) 21053020 21053195
 1522 34.86  3.70  3.11            OU426880.1 21057944 21059349 (29858335)  +          Kuruka  Unspecified (29858335) 21057944 21059349
 2219 35.31  1.74  1.82            OU426880.1 21068850 21070170 (29847514)  +          Kuruka  Unspecified (29847514) 21068850 21070170
  364 31.76  2.01  2.01            OU426880.1 21077560 21078067 (29839926)  +          Kuruka  Unspecified (29839926) 21077560 21078067
  316 37.21  0.00  0.00            OU426880.1 21078434 21078605 (29839079)  +          Kuruka  Unspecified (29839079) 21078434 21078605
  249 34.40  1.60  0.00            OU426880.1 21307309 21307433 (29610251)  +          Kuruka  Unspecified (29610251) 21307309 21307433
  255 21.43  2.78  2.78            OU426880.1 21336577 21336648 (29581036)  +          Kuruka  Unspecified (29581036) 21336577 21336648
  297 27.71  2.61  3.29            OU426880.1 21337042 21337194 (29580490)  +          Kuruka  Unspecified (29580490) 21337042 21337194
  279 34.22  4.43  4.04            OU426880.1 24706026 24706296 (26211388)  +          Kuruka  Unspecified (26211388) 24706026 24706296
 1355 33.83  2.96  3.07            OU426880.1 24706516 24707427 (26210257)  +          Kuruka  Unspecified (26210257) 24706516 24707427
  261 33.33  6.15  6.15            OU426880.1 25198429 25198818 (25718866)  +          Kuruka  Unspecified (25718866) 25198429 25198818
  643 33.50  4.64  1.32            OU426880.1 25345381 25345746 (25571938)  +          Kuruka  Unspecified (25571938) 25345381 25345746
 1137 34.59  2.77  2.77            OU426880.1 25350011 25350911 (25566773)  +          Kuruka  Unspecified (25566773) 25350011 25350911
  848 37.14  4.72  2.65            OU426880.1 25654744 25655888 (25261796)  +          Kuruka  Unspecified (25261796) 25654744 25655888
  561 32.17  4.92  1.49            OU426880.1 25828027 25828351 (25089333)  +          Kuruka  Unspecified (25089333) 25828027 25828351
  334 32.30  3.59  3.59            OU426880.1 25850794 25850960 (25066724)  +          Kuruka  Unspecified (25066724) 25850794 25850960
  882 32.30  1.74  1.96            OU426880.1 25851443 25851903 (25065781)  +          Kuruka  Unspecified (25065781) 25851443 25851903
 1981 33.94  2.27  2.36            OU426880.1 25890382 25891570 (25026114)  +          Kuruka  Unspecified (25026114) 25890382 25891570
 1379 33.99  3.90  2.46            OU426880.1 27205406 27206328 (23711356)  +          Kuruka  Unspecified (23711356) 27205406 27206328
  419 37.26  2.41  2.41            OU426880.1 27208585 27208958 (23708726)  +          Kuruka  Unspecified (23708726) 27208585 27208958
 1110 34.69  6.52  2.72            OU426880.1 27279077 27280104 (23637580)  +          Kuruka  Unspecified (23637580) 27279077 27280104
  812 37.25  1.71  1.71            OU426880.1 27438186 27438947 (23478737)  +          Kuruka  Unspecified (23478737) 27438186 27438947
 1278 36.43  1.68  1.79            OU426880.1 27689284 27690236 (23227448)  +          Kuruka  Unspecified (23227448) 27689284 27690236
 1736 33.78  2.29  2.38            OU426880.1 27911888 27913021 (23004663)  +          Kuruka  Unspecified (23004663) 27911888 27913021
  512 35.66  4.59  1.31            OU426880.1 27990642 27991804 (22926673)  +          Kuruka  Unspecified (22926673) 27990642 27991804
  461 36.09  1.12  0.74            OU426880.1 28180079 28180346 (22737338)  +          Kuruka  Unspecified (22737338) 28180079 28180346
 1004 36.03  8.73  1.30            OU426880.1 29658500 29659576 (21258108)  +          Kuruka  Unspecified (21258108) 29658500 29659576
  249 27.24  3.30 11.24            OU426880.1 29964338 29964519 (20953165)  +          Kuruka  Unspecified (20953165) 29964338 29964519
 1785 33.65  3.06  3.14            OU426880.1 30331247 30332553 (20585131)  +          Kuruka  Unspecified (20585131) 30331247 30332553
  354 32.95  6.35  6.35            OU426880.1 30437908 30438474 (20479210)  +          Kuruka  Unspecified (20479210) 30437908 30438474
 1323 34.45  4.87  2.93            OU426880.1 30844224 30845497 (20072187)  +          Kuruka  Unspecified (20072187) 30844224 30845497
  516 36.59  1.65  1.65            OU426880.1 31593268 31594266 (19323871)  +          Kuruka  Unspecified (19323871) 31593268 31594266
 1570 35.07  3.42  2.82            OU426880.1 32487338 32488713 (18428971)  +          Kuruka  Unspecified (18428971) 32487338 32488713
  629 26.95  4.33  3.58            OU426880.1 32746077 32746353 (18171331)  +          Kuruka  Unspecified (18171331) 32746077 32746353
  687 36.44  3.49  1.86            OU426880.1 33895962 33896649 (17021035)  +          Kuruka  Unspecified (17021035) 33895962 33896649
 1431 35.52  4.57  2.27            OU426880.1 33943244 33944623 (16973061)  +          Kuruka  Unspecified (16973061) 33943244 33944623
  282 38.45  1.03  1.29            OU426880.1 35066082 35066471 (15851213)  +          Kuruka  Unspecified (15851213) 35066082 35066471
 1757 34.67  3.34  2.75            OU426880.1 35375386 35376761 (15540923)  +          Kuruka  Unspecified (15540923) 35375386 35376761
  261 38.71  1.03  1.29            OU426880.1 35760134 35760523 (15157161)  +          Kuruka  Unspecified (15157161) 35760134 35760523
  889 35.62  2.43  1.99            OU426880.1 35913834 35914532 (15003152)  +          Kuruka  Unspecified (15003152) 35913834 35914532
  729 38.01  2.36  2.36            OU426880.1 35914914 35915549 (15002135)  +          Kuruka  Unspecified (15002135) 35914914 35915549
  527 33.45  2.87  1.41            OU426880.1 36019850 36021068 (14897556)  +          Kuruka  Unspecified (14897556) 36019850 36021068
 1987 33.73  2.44  2.53            OU426880.1 37795423 37796611 (13121073)  +          Kuruka  Unspecified (13121073) 37795423 37796611
 1017 34.35  3.06  3.18            OU426880.1 38196848 38197728 (12719956)  +          Kuruka  Unspecified (12719956) 38196848 38197728
  603 33.45  2.78  3.10            OU426880.1 38276367 38276690 (12640994)  +          Kuruka  Unspecified (12640994) 38276367 38276690
  306 38.37  1.11  1.34            OU426880.1 39263269 39263717 (11653967)  +          Kuruka  Unspecified (11653967) 39263269 39263717
  306 38.37  1.11  1.34            OU426880.1 40172667 40173115 (10744569)  +          Kuruka  Unspecified (10744569) 40172667 40173115
  443 32.67  5.61  2.60            OU426880.1 42892745 42893118 (8024566)  +          Kuruka  Unspecified (8024566) 42892745 42893118
 1787 33.74  3.13  2.09            OU426880.1 47202596 47203682 (3714002)  +          Kuruka  Unspecified (3714002) 47202596 47203682
  293 38.23  1.25  1.25            OU426880.1   321141   321540 (50596144)  C          Kuruka  Unspecified (50596144)   321141   321540
  273 33.03  3.52  3.98            OU426880.1  1985194  1985420 (48932264)  C          Kuruka  Unspecified (48932264)  1985194  1985420
  305 27.71  2.61  3.29            OU426880.1  7295841  7295993 (43621691)  C          Kuruka  Unspecified (43621691)  7295841  7295993
  370 33.52  5.82  5.82            OU426880.1  7842113  7842679 (43075005)  C          Kuruka  Unspecified (43075005)  7842113  7842679
  240 33.08  2.26  2.26            OU426880.1  8049658  8049790 (42867894)  C          Kuruka  Unspecified (42867894)  8049658  8049790
  254 27.29  4.32  4.97            OU426880.1 11486583 11486744 (39430940)  C          Kuruka  Unspecified (39430940) 11486583 11486744
  311 38.33  1.40  1.60            OU426880.1 11915276 11915776 (39001908)  C          Kuruka  Unspecified (39001908) 11915276 11915776
 1269 34.32  4.96  3.51            OU426880.1 12008700 12009768 (38907916)  C          Kuruka  Unspecified (38907916) 12008700 12009768
  300 38.73  1.36  1.56            OU426880.1 12314074 12314587 (38603097)  C          Kuruka  Unspecified (38603097) 12314074 12314587
  288 29.48  3.35  3.35            OU426880.1 13646074 13646252 (37271432)  C          Kuruka  Unspecified (37271432) 13646074 13646252
 2187 35.55  1.74  1.82            OU426880.1 14786586 14787906 (36129778)  C          Kuruka  Unspecified (36129778) 14786586 14787906
  689 35.78  7.13  3.24            OU426880.1 15099730 15100711 (35816973)  C          Kuruka  Unspecified (35816973) 15099730 15100711
  689 35.78  7.13  3.24            OU426880.1 15121169 15122150 (35795534)  C          Kuruka  Unspecified (35795534) 15121169 15122150
  549 36.33  3.51  3.51            OU426880.1 15140973 15141959 (35776370)  C          Kuruka  Unspecified (35776370) 15140973 15141959
 1314 35.72  3.11  3.38            OU426880.1 15552943 15554130 (35363554)  C          Kuruka  Unspecified (35363554) 15552943 15554130
  664 34.17  0.00  0.00            OU426880.1 16521639 16522076 (34395804)  C          Kuruka  Unspecified (34395804) 16521639 16522076
  332 32.49  1.67  2.52            OU426880.1 16909418 16909657 (34008027)  C          Kuruka  Unspecified (34008027) 16909418 16909657
 1214 36.86  0.88  1.01            OU426880.1 17327912 17328703 (33588981)  C          Kuruka  Unspecified (33588981) 17327912 17328703
 1078 32.58  2.94  2.94            OU426880.1 17331231 17331774 (33585910)  C          Kuruka  Unspecified (33585910) 17331231 17331774
  764 35.91  3.80  4.14            OU426880.1 17353561 17354481 (33563203)  C          Kuruka  Unspecified (33563203) 17353561 17354481
  227 34.01  1.30  2.63            OU426880.1 17460714 17460867 (33456817)  C          Kuruka  Unspecified (33456817) 17460714 17460867
  486 36.22  3.16  4.91            OU426880.1 19193265 19193865 (31723819)  C          Kuruka  Unspecified (31723819) 19193265 19193865
  283 38.01  1.34  1.56            OU426880.1 19741866 19742314 (31175370)  C          Kuruka  Unspecified (31175370) 19741866 19742314
  532 32.63  5.21  4.27            OU426880.1 20369457 20370013 (30547671)  C          Kuruka  Unspecified (30547671) 20369457 20370013
 1370 36.13  3.97  3.24            OU426880.1 20623855 20625264 (30292420)  C          Kuruka  Unspecified (30292420) 20623855 20625264
 1656 35.66  2.19  2.28            OU426880.1 20638047 20639142 (30278542)  C          Kuruka  Unspecified (30278542) 20638047 20639142
 1692 34.85  3.42  2.82            OU426880.1 23285212 23286587 (27631097)  C          Kuruka  Unspecified (27631097) 23285212 23286587
  309 37.78  1.34  1.56            OU426880.1 25552981 25553429 (25364255)  C          Kuruka  Unspecified (25364255) 25552981 25553429
 2038 34.96  2.03  2.58            OU426880.1 25730212 25731538 (25186146)  C          Kuruka  Unspecified (25186146) 25730212 25731538
  426 35.39  2.52  2.85            OU426880.1 26885472 26885788 (24031896)  C          Kuruka  Unspecified (24031896) 26885472 26885788
  306 38.37  1.11  1.34            OU426880.1 27417125 27417573 (23500111)  C          Kuruka  Unspecified (23500111) 27417125 27417573
  239 38.69  1.75  1.95            OU426880.1 27636808 27637321 (23280363)  C          Kuruka  Unspecified (23280363) 27636808 27637321
  309 38.37  1.11  1.34            OU426880.1 27655817 27656265 (23261419)  C          Kuruka  Unspecified (23261419) 27655817 27656265
  406 35.55  2.48  2.48            OU426880.1 27815779 27816101 (23101583)  C          Kuruka  Unspecified (23101583) 27815779 27816101
 1034 33.33  3.09  2.71            OU426880.1 28185264 28186071 (22731613)  C          Kuruka  Unspecified (22731613) 28185264 28186071
  358 38.15  1.36  1.56            OU426880.1 29883594 29884107 (21033577)  C          Kuruka  Unspecified (21033577) 29883594 29884107
  949 35.96  5.82  1.91            OU426880.1 29919325 29920183 (20997501)  C          Kuruka  Unspecified (20997501) 29919325 29920183
  303 38.97  0.89  1.12            OU426880.1 29958706 29959154 (20958530)  C          Kuruka  Unspecified (20958530) 29958706 29959154
 1901 34.72  2.46  2.53            OU426880.1 29970218 29971600 (20946084)  C          Kuruka  Unspecified (20946084) 29970218 29971600
 1540 34.83  3.85  3.63            OU426880.1 29990719 29992121 (20925563)  C          Kuruka  Unspecified (20925563) 29990719 29992121
 1179 36.58  4.46  3.09            OU426880.1 30292087 30293522 (20624162)  C          Kuruka  Unspecified (20624162) 30292087 30293522
  603 33.45  2.78  3.10            OU426880.1 30314182 30314505 (20603179)  C          Kuruka  Unspecified (20603179) 30314182 30314505
 1336 34.79  3.20  3.54            OU426880.1 30968979 30970167 (19947517)  C          Kuruka  Unspecified (19947517) 30968979 30970167
  717 36.97  1.21  1.46            OU426880.1 31325949 31326947 (19591323)  C          Kuruka  Unspecified (19591323) 31325949 31326947
  254 27.72  2.88  2.88            OU426880.1 31530808 31530911 (19386773)  C          Kuruka  Unspecified (19386773) 31530808 31530911
 1743 34.75  3.34  2.75            OU426880.1 31759703 31761078 (19156606)  C          Kuruka  Unspecified (19156606) 31759703 31761078
  801 33.80  5.15  2.77            OU426880.1 31816897 31817672 (19100012)  C          Kuruka  Unspecified (19100012) 31816897 31817672
  782 33.60  5.16  3.91            OU426880.1 31855182 31856014 (19061670)  C          Kuruka  Unspecified (19061670) 31855182 31856014
  282 37.42  1.56  1.79            OU426880.1 32071484 32071932 (18845752)  C          Kuruka  Unspecified (18845752) 32071484 32071932
 1054 35.72  2.18  2.93            OU426880.1 32754035 32754859 (18162825)  C          Kuruka  Unspecified (18162825) 32754035 32754859
 1712 35.85  2.33  2.95            OU426880.1 32775352 32776679 (18141005)  C          Kuruka  Unspecified (18141005) 32775352 32776679
  291 38.17  1.95  1.75            OU426880.1 33046410 33046921 (17870763)  C          Kuruka  Unspecified (17870763) 33046410 33046921
 1828 34.41  2.54  2.62            OU426880.1 33597083 33598383 (17319301)  C          Kuruka  Unspecified (17319301) 33597083 33598383
  241 35.16 10.55  0.00            OU426880.1 34181962 34182217 (16735467)  C          Kuruka  Unspecified (16735467) 34181962 34182217
  376 25.00  2.61  3.29            OU426880.1 34521420 34521572 (16396112)  C          Kuruka  Unspecified (16396112) 34521420 34521572
  237 22.86  2.78  2.78            OU426880.1 34521966 34522037 (16395647)  C          Kuruka  Unspecified (16395647) 34521966 34522037
  314 35.00  4.31  3.53            OU426880.1 36837667 36838060 (14079624)  C          Kuruka  Unspecified (14079624) 36837667 36838060
  240 33.08  2.26  2.26            OU426880.1 36988342 36988474 (13929210)  C          Kuruka  Unspecified (13929210) 36988342 36988474
  364 33.90  0.00  0.00            OU426880.1 37133802 37134399 (13783698)  C          Kuruka  Unspecified (13783698) 37133802 37134399
  567 34.43  4.43  4.62            OU426880.1 37351711 37352252 (13565432)  C          Kuruka  Unspecified (13565432) 37351711 37352252
  412 36.26  0.82  2.07            OU426880.1 37352660 37352904 (13564780)  C          Kuruka  Unspecified (13564780) 37352660 37352904
  226 24.35  5.06  1.22            OU426880.1 37591722 37591800 (13325884)  C          Kuruka  Unspecified (13325884) 37591722 37591800
  259 29.74  2.61  3.29            OU426880.1 40180961 40181113 (10736571)  C          Kuruka  Unspecified (10736571) 40180961 40181113
  238 32.14  2.61  2.61            OU426880.1 40192086 40192200 (10725484)  C          Kuruka  Unspecified (10725484) 40192086 40192200
 1621 35.04  2.99  2.27            OU426880.1 42885497 42886635 (8031049)  C          Kuruka  Unspecified (8031049) 42885497 42886635
  248 34.09  0.75  0.75            OU426880.1 45338650 45338782 (5578902)  C          Kuruka  Unspecified (5578902) 45338650 45338782
 1596 35.26  2.43  4.02            OU426881.1 18341167 18342277 (29865250)  +          Kuruka  Unspecified (29865250) 18341167 18342277
  408 36.35  6.93  0.87            OU426881.1 20197432 20197864 (28009663)  +          Kuruka  Unspecified (28009663) 20197432 20197864
 1179 37.03  1.72  1.82            OU426881.1 20354618 20355607 (27851920)  +          Kuruka  Unspecified (27851920) 20354618 20355607
  413 35.88  2.31  2.31            OU426881.1 28791311 28792569 (19415914)  +          Kuruka  Unspecified (19415914) 28791311 28792569
  603 33.45  2.78  3.10            OU426881.1 29200573 29200896 (19006631)  +          Kuruka  Unspecified (19006631) 29200573 29200896
  305 37.78  1.34  1.56            OU426881.1 30937206 30937654 (17269873)  +          Kuruka  Unspecified (17269873) 30937206 30937654
  229 37.75  0.66  0.66            OU426881.1 30943813 30943964 (17263563)  +          Kuruka  Unspecified (17263563) 30943813 30943964
  603 33.45  2.78  3.10            OU426881.1 32897001 32897324 (15310203)  +          Kuruka  Unspecified (15310203) 32897001 32897324
  380 20.69  2.30  0.00            OU426881.1 33581213 33581299 (14626228)  +          Kuruka  Unspecified (14626228) 33581213 33581299
  268 28.75  0.00  0.00            OU426881.1 35065414 35065493 (13142034)  +          Kuruka  Unspecified (13142034) 35065414 35065493
  788 35.93  1.96  1.96            OU426881.1 35248487 35249048 (12958479)  +          Kuruka  Unspecified (12958479) 35248487 35249048
  769 35.28  4.24  4.47            OU426881.1 36077057 36077976 (12129551)  +          Kuruka  Unspecified (12129551) 36077057 36077976
 1381 35.27  3.65  2.56            OU426881.1  8744295  8745417 (39462110)  C          Kuruka  Unspecified (39462110)  8744295  8745417
  276 29.14  0.87  4.50            OU426881.1 20479564 20479678 (27727849)  C          Kuruka  Unspecified (27727849) 20479564 20479678
 1747 33.63  3.03  3.12            OU426881.1 20539391 20540544 (27666983)  C          Kuruka  Unspecified (27666983) 20539391 20540544
  907 33.30  3.59  3.86            OU426881.1 20551202 20551954 (27655573)  C          Kuruka  Unspecified (27655573) 20551202 20551954
  741 31.42  2.25  2.54            OU426881.1 21828416 21828771 (26378756)  C          Kuruka  Unspecified (26378756) 21828416 21828771
 1920 35.68  1.92  2.00            OU426881.1 28849462 28850765 (19356762)  C          Kuruka  Unspecified (19356762) 28849462 28850765
  280 21.31  0.00  0.00            OU426881.1 35203041 35203101 (13004426)  C          Kuruka  Unspecified (13004426) 35203041 35203101
  243 28.21  0.00  0.00            OU426881.1 36064288 36064365 (12143162)  C          Kuruka  Unspecified (12143162) 36064288 36064365
  433 24.05  8.21  0.69            OU426881.1 36924732 36924865 (11282662)  C          Kuruka  Unspecified (11282662) 36924732 36924865
  306 38.37  1.11  1.34            OU426881.1 37563847 37564295 (10643232)  C          Kuruka  Unspecified (10643232) 37563847 37564295
 1962 33.94  2.24  2.33            OU426881.1 37605329 37606444 (10601083)  C          Kuruka  Unspecified (10601083) 37605329 37606444
  322 38.54  1.36  1.56            OU426881.1 38533945 38534458 (9673069)  C          Kuruka  Unspecified (9673069) 38533945 38534458
  279 31.87  3.64  3.01            OU426882.1  9028348  9028512 (35756826)  +          Kuruka  Unspecified (35756826)  9028348  9028512
  310 32.86  4.89  3.96            OU426882.1  9028861  9029085 (35756253)  +          Kuruka  Unspecified (35756253)  9028861  9029085
 1414 35.14  2.94  3.38            OU426882.1 17894995 17896184 (26889154)  +          Kuruka  Unspecified (26889154) 17894995 17896184
  836 35.10  3.77  1.29            OU426882.1 18175588 18176118 (26609220)  +          Kuruka  Unspecified (26609220) 18175588 18176118
  248 24.32  1.33  1.33            OU426882.1 18446850 18446924 (26338414)  +          Kuruka  Unspecified (26338414) 18446850 18446924
  277 38.94  0.52  0.52            OU426882.1 19487338 19487528 (25297810)  +          Kuruka  Unspecified (25297810) 19487338 19487528
  306 38.37  1.11  1.34            OU426882.1 23024590 23025038 (21760300)  +          Kuruka  Unspecified (21760300) 23024590 23025038
  265 39.30  1.59  0.79            OU426882.1 23252396 23252772 (21532566)  +          Kuruka  Unspecified (21532566) 23252396 23252772
 1149 33.90  3.46  2.93            OU426882.1 30681190 30681970 (14103368)  +          Kuruka  Unspecified (14103368) 30681190 30681970
  702 30.43  2.03  3.08            OU426882.1 30684714 30685008 (14100330)  +          Kuruka  Unspecified (14100330) 30684714 30685008
  241 32.08  1.92  1.92            OU426882.1 32663411 32664271 (12121772)  +          Kuruka  Unspecified (12121772) 32663411 32664271
  290 37.64  1.56  1.56            OU426882.1 33590215 33590662 (11194676)  +          Kuruka  Unspecified (11194676) 33590215 33590662
  287 29.48  3.35  3.35            OU426882.1 33615623 33615801 (11169537)  +          Kuruka  Unspecified (11169537) 33615623 33615801
  291 38.01  1.34  1.56            OU426882.1 34199392 34199840 (10585498)  +          Kuruka  Unspecified (10585498) 34199392 34199840
  241 27.93  4.32  4.97            OU426882.1 35426325 35426486 (9358852)  +          Kuruka  Unspecified (9358852) 35426325 35426486
 1559 33.04  3.64  3.86            OU426882.1 36979505 36980439 (7804899)  +          Kuruka  Unspecified (7804899) 36979505 36980439
  267 37.33  2.06  2.30            OU426882.1 37396199 37396634 (7388704)  +          Kuruka  Unspecified (7388704) 37396199 37396634
  282 38.33  1.56  1.79            OU426882.1 37502382 37502830 (7282508)  +          Kuruka  Unspecified (7282508) 37502382 37502830
  448 34.71  0.00  0.00            OU426882.1 38145483 38145652 (6639686)  +          Kuruka  Unspecified (6639686) 38145483 38145652
  450 27.05  0.00  0.82            OU426882.1 38190418 38190540 (6594798)  +          Kuruka  Unspecified (6594798) 38190418 38190540
  377 22.08  0.00  0.00            OU426882.1 39053157 39053233 (5732105)  +          Kuruka  Unspecified (5732105) 39053157 39053233
  337 23.29  0.00  0.00            OU426882.1 39078374 39078446 (5706892)  +          Kuruka  Unspecified (5706892) 39078374 39078446
  306 38.37  1.11  1.34            OU426882.1 41233338 41233786 (3551552)  +          Kuruka  Unspecified (3551552) 41233338 41233786
  233 37.75  0.66  0.66            OU426882.1  8278020  8278171 (36507167)  C          Kuruka  Unspecified (36507167)  8278020  8278171
  804 32.15  8.53  3.13            OU426882.1 11153342 11154009 (33631329)  C          Kuruka  Unspecified (33631329) 11153342 11154009
  266 33.33  0.75  0.75            OU426882.1 16514712 16514844 (28270494)  C          Kuruka  Unspecified (28270494) 16514712 16514844
 1597 35.15  3.42  2.82            OU426882.1 18041501 18042876 (26742462)  C          Kuruka  Unspecified (26742462) 18041501 18042876
 1202 33.02  3.65  1.43            OU426882.1 18203676 18204360 (26580978)  C          Kuruka  Unspecified (26580978) 18203676 18204360
  284 34.18  3.16  0.00            OU426882.1 19161453 19161610 (25623728)  C          Kuruka  Unspecified (25623728) 19161453 19161610
 1449 34.56  3.41  2.95            OU426882.1 19776602 19777716 (25007622)  C          Kuruka  Unspecified (25007622) 19776602 19777716
 1777 34.78  2.71  1.90            OU426882.1 20089660 20090805 (24694533)  C          Kuruka  Unspecified (24694533) 20089660 20090805
 2317 34.03  1.08  1.17            OU426882.1 20790424 20791532 (23993806)  C          Kuruka  Unspecified (23993806) 20790424 20791532
 2317 34.03  1.08  1.17            OU426882.1 20833480 20834588 (23950750)  C          Kuruka  Unspecified (23950750) 20833480 20834588
  285 38.50  1.34  2.02            OU426882.1 21022296 21022743 (23762595)  C          Kuruka  Unspecified (23762595) 21022296 21022743
  298 27.71  2.61  3.29            OU426882.1 21222208 21222360 (23562978)  C          Kuruka  Unspecified (23562978) 21222208 21222360
 1133 32.83  3.12  3.40            OU426882.1 21854689 21855426 (22929912)  C          Kuruka  Unspecified (22929912) 21854689 21855426
  241 27.93  4.32  4.97            OU426882.1 27008357 27008518 (17776820)  C          Kuruka  Unspecified (17776820) 27008357 27008518
  708 36.62  6.13  2.34            OU426882.1 31901120 31901983 (12883355)  C          Kuruka  Unspecified (12883355) 31901120 31901983
  376 25.00  0.00  0.00            OU426882.1 33576299 33576382 (11208956)  C          Kuruka  Unspecified (11208956) 33576299 33576382
  311 36.65  2.73  1.94            OU426882.1 33580501 33580756 (11204582)  C          Kuruka  Unspecified (11204582) 33580501 33580756
  376 25.00  0.00  0.00            OU426882.1 33608477 33608560 (11176778)  C          Kuruka  Unspecified (11176778) 33608477 33608560
  307 36.65  2.73  1.94            OU426882.1 33609481 33609736 (11175602)  C          Kuruka  Unspecified (11175602) 33609481 33609736
  300 38.73  1.36  1.56            OU426882.1 35413050 35413563 (9371775)  C          Kuruka  Unspecified (9371775) 35413050 35413563
  664 37.02  2.60  1.37            OU426882.1 36096117 36096694 (8688644)  C          Kuruka  Unspecified (8688644) 36096117 36096694
  419 35.50  0.00  0.00            OU426882.1 38201675 38201843 (6583495)  C          Kuruka  Unspecified (6583495) 38201675 38201843
 1702 34.89  2.20  2.10            OU426883.1  7004743  7005834 (20320494)  +          Kuruka  Unspecified (20320494)  7004743  7005834
  279 34.22  4.43  4.04            OU426883.1 15229503 15229773 (12096555)  +          Kuruka  Unspecified (12096555) 15229503 15229773
 1418 33.29  2.59  2.71            OU426883.1 15229993 15230804 (12095524)  +          Kuruka  Unspecified (12095524) 15229993 15230804
 1689 34.89  3.52  2.35            OU426883.1 15314252 15315557 (12010771)  +          Kuruka  Unspecified (12010771) 15314252 15315557
 1440 33.41  4.29  0.61            OU426883.1 15338933 15339724 (11986604)  +          Kuruka  Unspecified (11986604) 15338933 15339724
  603 33.45  2.78  3.10            OU426883.1 25803880 25804203 (1522125)  +          Kuruka  Unspecified (1522125) 25803880 25804203
 1801 33.63  3.13  2.09            OU426883.1  4748879  4749965 (22576363)  C          Kuruka  Unspecified (22576363)  4748879  4749965
  247 13.04  4.35  0.00            OU426883.1  6462980  6463025 (20863303)  C          Kuruka  Unspecified (20863303)  6462980  6463025
 2215 35.39  1.74  1.82            OU426883.1  6965149  6966469 (20359859)  C          Kuruka  Unspecified (20359859)  6965149  6966469
