  1340 36.67 3.71 3.05           OX424435.1     87918     89318 (106027763) C               Kuruka     Unspecified  (3976)    4857    3448    
  1314 36.81 3.71 3.05           OX424435.1   5076695   5078095 (101038986) C               Kuruka     Unspecified  (3976)    4857    3448    
  1101 37.50 3.92 2.61           OX424435.1   8657877   8659278 (97457803) C               Kuruka     Unspecified  (3975)    4858    3439    
   421 28.79 6.05 6.05           OX424435.1  11700913  11701193 (94415888) C               Kuruka     Unspecified  (4165)    4668    4388    
   431 33.44 3.96 3.28           OX424435.1  12362955  12363257 (93753824) C               Kuruka     Unspecified  (4255)    4578    4274    
   938 34.35 3.12 3.12           OX424435.1  12363367  12364006 (93753075) C               Kuruka     Unspecified  (4687)    4146    3507    
   305 31.68 6.30 4.86           OX424435.1  15097227  15097591 (91019490) C               Kuruka     Unspecified  (4300)    4533    4164    
  2026 33.40 2.37 2.46           OX424435.1  15105517  15106615 (91010466) +               Kuruka     Unspecified    3509    4606  (4227)    
   448 31.22 1.56 1.56           OX424435.1  15177691  15177882 (90939199) +               Kuruka     Unspecified    3444    3635  (5198)    
  1441 32.16 5.31 2.90           OX424435.1  15195053  15195862 (90921219) +               Kuruka     Unspecified    3778    4606  (4227)    
   286 38.68 0.00 1.78           OX424435.1  16846437  16846665 (89270416) C               Kuruka     Unspecified  (4677)    4156    3932    
   232 31.10 2.17 2.17           OX424435.1  19372318  19372409 (86744672) C               Kuruka     Unspecified  (5280)    3553    3462    
   823 32.84 3.31 5.40           OX424435.1  21434734  21435338 (84681743) +               Kuruka     Unspecified    3488    4080  (4753)    
  1173 31.47 5.23 1.92           OX424435.1  21438428  21438981 (84678100) +               Kuruka     Unspecified    4086    4657  (4176)    
   566 34.39 5.56 0.76           OX424435.1  21611121  21611498 (84505583) +               Kuruka     Unspecified    3437    3832  (5001)    
  1183 33.26 4.10 4.22           OX424435.1  21611602  21612527 (84504554) +               Kuruka     Unspecified    3933    4857  (3976)    
  1327 36.74 3.71 3.05           OX424435.1  22362473  22363873 (83753208) +               Kuruka     Unspecified    3448    4857  (3976)    
  2462 32.66 2.65 2.73           OX424435.1  24089993  24091311 (82025770) C               Kuruka     Unspecified  (4072)    4761    3444    
  1299 36.04 3.01 3.34           OX424435.1  25234416  25235678 (80881403) +               Kuruka     Unspecified    3500    4758  (4075)    
   851 34.46 7.09 1.83           OX424435.1  25573512  25574188 (80542893) C               Kuruka     Unspecified  (4190)    4643    3932    
  1315 36.81 3.71 3.05           OX424435.1  25590515  25591915 (80525166) +               Kuruka     Unspecified    3448    4857  (3976)    
   310 34.60 3.27 3.27           OX424435.1  27986980  27987224 (78129857) C               Kuruka     Unspecified  (5004)    3829    3585    
   319 32.58 2.21 1.65           OX424435.1  29078013  29078193 (77038888) +               Kuruka     Unspecified    3468    3649  (5184)    
   652 36.36 1.12 1.35           OX424435.1  29078472  29078917 (77038164) +               Kuruka     Unspecified    3933    4377  (4456)    
   244 27.02 4.35 3.45           OX424435.1  29162446  29162560 (76954521) +               Kuruka     Unspecified    3585    3700  (5133)    
  2186 33.30 2.58 2.32           OX424435.1  30504295  30505456 (75611625) C               Kuruka     Unspecified  (4227)    4606    3442    
   943 36.58 3.62 5.17           OX424435.1  33995804  33996962 (72120119) C               Kuruka     Unspecified  (4253)    4580    3439    
  1182 32.91 6.15 2.79           OX424435.1  34263278  34264074 (71853007) +               Kuruka     Unspecified    3939    4761  (4072)    
  2378 32.78 2.95 3.03           OX424435.1  34332187  34333507 (71783574) C               Kuruka     Unspecified  (4072)    4761    3442    
  1277 35.86 4.40 3.43           OX424435.1  34878159  34879544 (71237537) C               Kuruka     Unspecified  (3974)    4859    3461    
   249 29.79 5.71 0.91           OX424435.1  35275166  35275270 (70841811) C               Kuruka     Unspecified  (4272)    4561    4452    
   653 30.78 8.44 4.05           OX424435.1  35283904  35284306 (70832775) C               Kuruka     Unspecified  (4220)    4613    4194    
   308 33.12 2.53 2.53           OX424435.1  35285952  35286109 (70830972) C               Kuruka     Unspecified  (5187)    3646    3489    
   664 33.87 2.36 3.70           OX424435.1  35293992  35294457 (70822624) +               Kuruka     Unspecified    3977    4436  (4397)    
   400 36.69 7.64 2.95           OX424435.1  35858550  35859164 (70257917) +               Kuruka     Unspecified    4217    4859  (3974)    
   775 35.64 1.57 3.38           OX424435.1  35979062  35979633 (70137448) C               Kuruka     Unspecified  (4210)    4623    4062    
   769 30.98 1.32 2.33           OX424435.1  37261324  37261627 (68855454) C               Kuruka     Unspecified  (4255)    4578    4278    
   377 33.52 1.60 4.53           OX424435.1  37266037  37266286 (68850795) C               Kuruka     Unspecified  (4652)    4181    3939    
   792 33.02 0.31 0.62           OX424435.1  37266404  37266726 (68850355) C               Kuruka     Unspecified  (5023)    3810    3489    
  1340 36.67 3.71 3.05           OX424435.1  37865700  37867100 (68249981) C               Kuruka     Unspecified  (3976)    4857    3448    
   380 34.44 5.16 4.42           OX424435.1  38628957  38629518 (67487563) C               Kuruka     Unspecified  (4073)    4760    4195    
   306 32.66 6.84 5.73           OX424435.1  38631810  38632189 (67484892) C               Kuruka     Unspecified  (4683)    4150    3767    
   271 36.00 2.03 4.88           OX424435.1  40570030  40570324 (65546757) C               Kuruka     Unspecified  (4075)    4758    4472    
   267 38.70 1.00 1.00           OX424435.1  40570770  40570970 (65546111) C               Kuruka     Unspecified  (4701)    4132    3932    
   234 29.11 3.80 0.00           OX424435.1  41699440  41699518 (64417563) +               Kuruka     Unspecified    4566    4647  (4186)    
  1340 36.67 3.71 3.05           OX424435.1  43459780  43461180 (62655901) +               Kuruka     Unspecified    3448    4857  (3976)    
  1340 36.67 3.71 3.05           OX424435.1  44082233  44083633 (62033448) C               Kuruka     Unspecified  (3976)    4857    3448    
   307 31.28 2.41 1.80           OX424435.1  44626706  44626871 (61490210) C               Kuruka     Unspecified  (4294)    4539    4373    
   601 35.68 5.46 3.36           OX424435.1  46977348  46977988 (59139093) +               Kuruka     Unspecified    3990    4643  (4190)    
  2196 33.61 3.43 2.49           OX424435.1  47421283  47422594 (58694487) +               Kuruka     Unspecified    3438    4761  (4072)    
   339 36.51 3.07 5.22           OX424435.1  47659733  47660417 (58456664) +               Kuruka     Unspecified    3774    4444  (4389)    
  1408 35.48 3.07 3.38           OX424435.1  47860905  47862208 (58254873) +               Kuruka     Unspecified    3459    4758  (4075)    
   892 35.78 5.42 2.52           OX424435.1  48139010  48139895 (57977186) C               Kuruka     Unspecified  (3975)    4858    3948    
  1177 32.99 1.96 6.76           OX424435.1  48211530  48212397 (57904684) C               Kuruka     Unspecified  (4073)    4760    3932    
  1014 30.92 0.83 0.55           OX424435.1  48212482  48212842 (57904239) C               Kuruka     Unspecified  (4983)    3850    3489    
   232 23.34 1.30 5.41           OX424435.1  48214009  48214085 (57902996) C               Kuruka     Unspecified  (6326)    2507    2434    
   914 32.95 1.96 0.55           OX424435.1  48715563  48715919 (57401162) +               Kuruka     Unspecified    3489    3850  (4983)    
   487 34.13 1.54 2.73           OX424435.1  48715982  48716240 (57400841) +               Kuruka     Unspecified    3913    4168  (4665)    
   465 36.78 2.80 2.80           OX424435.1  49385018  49385445 (56731636) +               Kuruka     Unspecified    3588    4015  (4818)    
   234 30.41 4.47 4.47           OX424435.1  49388555  49388733 (56728348) +               Kuruka     Unspecified    4061    4239  (4594)    
   561 33.68 1.67 2.01           OX424435.1  49390398  49390697 (56726384) +               Kuruka     Unspecified    4241    4539  (4294)    
  1576 35.94 3.36 2.38           OX424435.1  50250289  50251659 (55865422) +               Kuruka     Unspecified    3465    4848  (3985)    
  1241 36.15 3.95 3.36           OX424435.1  50358360  50359750 (55757331) +               Kuruka     Unspecified    3461    4859  (3974)    
  1386 35.13 2.53 2.63           OX424435.1  50411020  50411969 (55705112) +               Kuruka     Unspecified    3495    4443  (4390)    
   601 34.57 2.55 4.46           OX424435.1  50457136  50457683 (55659398) C               Kuruka     Unspecified  (4160)    4673    4136    
   618 34.45 5.27 3.06           OX424435.1  50458465  50458976 (55658105) C               Kuruka     Unspecified  (4690)    4143    3621    
   232 22.96 0.00 1.64           OX424435.1  50460054  50460115 (55656966) C               Kuruka     Unspecified  (5227)    3606    3546    
  1187 33.18 4.21 4.32           OX424435.1  50758654  50759579 (55357502) C               Kuruka     Unspecified  (3976)    4857    3933    
   566 34.39 5.56 0.76           OX424435.1  50759683  50760060 (55357021) C               Kuruka     Unspecified  (5001)    3832    3437    
  1386 35.13 2.53 2.63           OX424435.1  50793751  50794700 (55322381) +               Kuruka     Unspecified    3495    4443  (4390)    
   853 34.34 3.89 2.79           OX424435.1  51548729  51549474 (54567607) C               Kuruka     Unspecified  (3985)    4848    4095    
   653 32.14 5.33 2.07           OX424435.1  51551116  51551490 (54565591) C               Kuruka     Unspecified  (4982)    3851    3465    
   731 36.87 2.86 3.23           OX424435.1  51606991  51607828 (54509253) +               Kuruka     Unspecified    3588    4422  (4411)    
  2073 33.63 2.72 3.26           OX424435.1  51618421  51619745 (54497336) C               Kuruka     Unspecified  (4072)    4761    3444    
  1110 37.84 1.72 1.82           OX424435.1  51807325  51808371 (54308710) C               Kuruka     Unspecified  (4198)    4635    3590    
   268 33.35 5.37 6.46           OX424435.1  51868821  51869211 (54247870) C               Kuruka     Unspecified  (4422)    4411    4025    
   297 34.78 3.80 3.80           OX424435.1  51869407  51869669 (54247412) C               Kuruka     Unspecified  (5004)    3829    3567    
   297 34.78 3.80 3.80           OX424435.1  51884850  51885112 (54231969) +               Kuruka     Unspecified    3567    3829  (5004)    
   268 33.35 5.37 6.46           OX424435.1  51885308  51885698 (54231383) +               Kuruka     Unspecified    4025    4411  (4422)    
   300 31.18 3.12 3.53           OX424435.1  52108151  52108406 (54008675) +               Kuruka     Unspecified    4123    4377  (4456)    
   247 35.30 1.92 1.92           OX424435.1  52114729  52114936 (54002145) C               Kuruka     Unspecified  (4677)    4156    3949    
   440 31.12 4.70 2.51           OX424435.1  52122305  52122538 (53994543) C               Kuruka     Unspecified  (5010)    3823    3585    
  1975 33.53 3.05 2.04           OX424435.1  52377241  52378354 (53738727) +               Kuruka     Unspecified    3462    4586  (4247)    
   235 35.29 0.00 0.00           OX424435.1  53084005  53084123 (53032958) C               Kuruka     Unspecified  (5211)    3622    3504    
   838 33.76 1.23 1.98           OX424435.1  53324503  53324910 (52792171) C               Kuruka     Unspecified  (4982)    3851    3447    
   453 36.51 2.73 3.57           OX424435.1  53679334  53679955 (52437126) C               Kuruka     Unspecified  (4758)    4075    3459    
  2250 33.30 2.55 3.71           OX424435.1  54013789  54015123 (52101958) +               Kuruka     Unspecified    3442    4761  (4072)    
   312 30.79 2.46 4.00           OX424435.1  54587952  54588154 (51528927) C               Kuruka     Unspecified  (5054)    3779    3580    
  1327 36.74 3.71 3.05           OX424435.1  55964107  55965507 (50151574) C               Kuruka     Unspecified  (3976)    4857    3448    
  1110 37.84 1.72 1.82           OX424435.1  57572527  57573573 (48543508) C               Kuruka     Unspecified  (4198)    4635    3590    
   540 32.07 6.10 4.86           OX424435.1  57660669  57661258 (48455823) C               Kuruka     Unspecified  (4662)    4171    3575    
   780 37.67 1.46 2.21           OX424435.1  57740336  57741019 (48376062) +               Kuruka     Unspecified    3765    4443  (4390)    
   435 31.56 4.70 2.51           OX424435.1  58638179  58638412 (47478669) +               Kuruka     Unspecified    3585    3823  (5010)    
   262 34.63 1.91 1.91           OX424435.1  58638539  58638747 (47478334) +               Kuruka     Unspecified    3948    4156  (4677)    
  1327 36.74 3.71 3.05           OX424435.1  58977790  58979190 (47137891) C               Kuruka     Unspecified  (3976)    4857    3448    
   703 32.84 0.00 0.75           OX424435.1  60714276  60714545 (45402536) +               Kuruka     Unspecified    3488    3755  (5078)    
  1428 32.99 3.93 2.47           OX424435.1  60714538  60715376 (45401705) +               Kuruka     Unspecified    3793    4643  (4190)    
   522 37.08 5.08 3.18           OX424435.1  61472567  61473215 (44643866) C               Kuruka     Unspecified  (4255)    4578    3918    
  1340 36.67 3.71 3.05           OX424435.1  62954925  62956325 (43160756) C               Kuruka     Unspecified  (3976)    4857    3448    
  1327 36.74 3.71 3.05           OX424435.1  63296703  63298103 (42818978) C               Kuruka     Unspecified  (3976)    4857    3448    
   807 33.79 5.49 3.11           OX424435.1  65643499  65644063 (40473018) C               Kuruka     Unspecified  (4300)    4533    3956    
  1327 36.74 3.71 3.05           OX424435.1  65672990  65674390 (40442691) C               Kuruka     Unspecified  (3976)    4857    3448    
   474 30.68 4.70 2.51           OX424435.1  67202559  67202792 (38914289) C               Kuruka     Unspecified  (5010)    3823    3585    
  1207 33.15 4.10 4.22           OX424435.1  67458001  67458926 (38658155) C               Kuruka     Unspecified  (3976)    4857    3933    
   576 34.93 5.56 0.76           OX424435.1  67459030  67459407 (38657674) C               Kuruka     Unspecified  (5001)    3832    3437    
  1327 36.74 3.71 3.05           OX424435.1  67903086  67904486 (38212595) +               Kuruka     Unspecified    3448    4857  (3976)    
  1068 30.06 3.24 3.03           OX424435.1  68283637  68284130 (37832951) C               Kuruka     Unspecified  (4247)    4586    4092    
   251 35.17 1.97 1.97           OX424435.1  68565558  68565760 (37551321) C               Kuruka     Unspecified  (4677)    4156    3954    
   459 31.12 4.70 2.51           OX424435.1  68565893  68566126 (37550955) C               Kuruka     Unspecified  (5010)    3823    3585    
   270 31.99 3.12 3.53           OX424435.1  68667054  68667309 (37449772) +               Kuruka     Unspecified    4123    4377  (4456)    
  2394 33.05 2.80 2.88           OX424435.1  71053884  71055204 (35061877) C               Kuruka     Unspecified  (4072)    4761    3442    
  1340 36.67 3.71 3.05           OX424435.1  71484021  71485421 (34631660) +               Kuruka     Unspecified    3448    4857  (3976)    
  1008 36.18 3.80 3.00           OX424435.1  71952226  71953251 (34163830) +               Kuruka     Unspecified    3461    4494  (4339)    
   232 25.40 1.56 1.56           OX424435.1  75591529  75591592 (30525489) C               Kuruka     Unspecified  (4382)    4451    4388    
  1346 35.92 4.33 3.31           OX424435.1  76007702  76009109 (30107972) C               Kuruka     Unspecified  (3974)    4859    3438    
  1313 36.81 3.71 3.05           OX424435.1  76522449  76523849 (29593232) +               Kuruka     Unspecified    3448    4857  (3976)    
   391 33.34 3.65 3.65           OX424435.1  76708954  76709227 (29407854) C               Kuruka     Unspecified  (4993)    3840    3567    
  1768 35.32 1.86 1.86           OX424435.1  77129204  77130334 (28986747) C               Kuruka     Unspecified  (4251)    4582    3452    
   876 31.83 6.84 3.03           OX424435.1  77258983  77259523 (28857558) C               Kuruka     Unspecified  (4073)    4760    4200    
  1075 31.77 0.00 0.00           OX424435.1  77262284  77262645 (28854436) C               Kuruka     Unspecified  (4983)    3850    3489    
  1340 36.67 3.71 3.05           OX424435.1  77683048  77684448 (28432633) +               Kuruka     Unspecified    3448    4857  (3976)    
  1322 36.67 3.71 3.05           OX424435.1  79556564  79557964 (26559117) +               Kuruka     Unspecified    3448    4857  (3976)    
   480 30.18 1.74 1.74           OX424435.1  80624255  80624426 (25492655) +               Kuruka     Unspecified    3932    4103  (4730)    
   583 33.94 5.82 1.01           OX424435.1  81676158  81676535 (24440546) +               Kuruka     Unspecified    3437    3832  (5001)    
  1199 33.15 4.10 4.22           OX424435.1  81676639  81677564 (24439517) +               Kuruka     Unspecified    3933    4857  (3976)    
   235 27.78 5.26 5.26           OX424435.1  83157726  83157858 (22959223) +               Kuruka     Unspecified    3593    3725  (5108)    
   381 36.85 4.17 4.94           OX424435.1  83158081  83158631 (22958450) +               Kuruka     Unspecified    3948    4494  (4339)    
  1306 33.84 2.20 2.20           OX424435.1  83646605  83647332 (22469749) C               Kuruka     Unspecified  (4174)    4659    3932    
   885 32.77 0.56 0.56           OX424435.1  83647417  83647775 (22469306) C               Kuruka     Unspecified  (4983)    3850    3492    
  1327 36.74 3.71 3.05           OX424435.1  85826177  85827577 (20289504) +               Kuruka     Unspecified    3448    4857  (3976)    
   908 35.92 8.18 1.69           OX424435.1  86890868  86891759 (19225322) +               Kuruka     Unspecified    3495    4443  (4390)    
  1217 33.03 4.10 4.22           OX424435.1  88753768  88754693 (17362388) C               Kuruka     Unspecified  (3976)    4857    3933    
   576 34.93 5.56 0.76           OX424435.1  88754797  88755174 (17361907) C               Kuruka     Unspecified  (5001)    3832    3437    
  1327 36.74 3.71 3.05           OX424435.1  89238961  89240361 (16876720) +               Kuruka     Unspecified    3448    4857  (3976)    
  1574 32.61 2.35 2.83           OX424435.1  91139486  91140337 (14976744) C               Kuruka     Unspecified  (4073)    4760    3913    
   939 33.05 0.55 0.55           OX424435.1  91140400  91140761 (14976320) C               Kuruka     Unspecified  (4983)    3850    3489    
   327 32.36 5.75 4.32           OX424435.1  92692994  92693358 (13423723) +               Kuruka     Unspecified    4164    4533  (4300)    
   271 25.42 3.76 5.34           OX424435.1  94910243  94910375 (11206706) C               Kuruka     Unspecified  (4476)    4357    4227    
   271 25.42 3.76 5.34           OX424435.1  94917730  94917862 (11199219) C               Kuruka     Unspecified  (4476)    4357    4227    
  1340 36.67 3.71 3.05           OX424435.1  96367234  96368634 (9748447) +               Kuruka     Unspecified    3448    4857  (3976)    
  1327 36.74 3.71 3.05           OX424435.1  99662848  99664248 (6452833) +               Kuruka     Unspecified    3448    4857  (3976)    
  1340 36.67 3.71 3.05           OX424436.1   3402098   3403498 (52748193) +               Kuruka     Unspecified    3448    4857  (3976)    
  1340 36.67 3.71 3.05           OX424436.1   3459255   3460655 (52691036) +               Kuruka     Unspecified    3448    4857  (3976)    
  1340 36.67 3.71 3.05           OX424436.1   8389108   8390508 (47761183) +               Kuruka     Unspecified    3448    4857  (3976)    
   235 27.78 5.26 5.26           OX424436.1  11927749  11927881 (44223810) +               Kuruka     Unspecified    3593    3725  (5108)    
   408 36.15 4.36 4.94           OX424436.1  11928104  11928653 (44223038) +               Kuruka     Unspecified    3948    4494  (4339)    
   334 33.32 5.19 0.90           OX424436.1  12028043  12028254 (44123437) C               Kuruka     Unspecified  (5028)    3805    3585    
   941 35.85 1.74 1.42           OX424436.1  12222464  12223094 (43928597) C               Kuruka     Unspecified  (4253)    4580    3948    
   595 36.66 0.52 1.30           OX424436.1  12271808  12272194 (43879497) C               Kuruka     Unspecified  (4253)    4580    4197    
   270 36.24 0.96 0.96           OX424436.1  12520248  12520456 (43631235) C               Kuruka     Unspecified  (4677)    4156    3948    
   442 31.56 4.70 2.51           OX424436.1  12520583  12520816 (43630875) C               Kuruka     Unspecified  (5010)    3823    3585    
   906 35.68 4.19 3.39           OX424436.1  13337385  13338292 (42813399) C               Kuruka     Unspecified  (3971)    4862    3948    
   258 36.32 1.04 1.04           OX424436.1  15394752  15394943 (40756748) +               Kuruka     Unspecified    3504    3695  (5138)    
   420 35.66 2.63 3.61           OX424436.1  15400448  15400866 (40750825) +               Kuruka     Unspecified    4026    4440  (4393)    
   327 32.36 5.75 4.32           OX424436.1  15910314  15910678 (40241013) +               Kuruka     Unspecified    4164    4533  (4300)    
  1364 37.40 2.72 2.08           OX424436.1  16970943  16972231 (39179460) C               Kuruka     Unspecified  (4075)    4758    3462    
   250 30.00 2.17 2.17           OX424436.1  17548331  17548422 (38603269) +               Kuruka     Unspecified    3462    3553  (5280)    
  2051 33.94 2.32 2.40           OX424436.1  18817538  18818832 (37332859) C               Kuruka     Unspecified  (4075)    4758    3465    
  1299 35.81 4.03 3.43           OX424436.1  19960627  19962017 (36189674) C               Kuruka     Unspecified  (3974)    4859    3461    
  2032 33.49 3.42 3.11           OX424436.1  20196154  20197469 (35954222) +               Kuruka     Unspecified    3442    4761  (4072)    
   286 31.58 3.12 3.53           OX424436.1  21554971  21555226 (34596465) +               Kuruka     Unspecified    4123    4377  (4456)    
  1456 34.54 4.06 2.22           OX424436.1  22545202  22546261 (33605430) +               Kuruka     Unspecified    3504    4582  (4251)    
   271 31.99 3.12 3.53           OX424436.1  23318993  23319248 (32832443) +               Kuruka     Unspecified    4123    4377  (4456)    
   443 36.06 2.39 3.37           OX424436.1  24189068  24189486 (31962205) C               Kuruka     Unspecified  (4393)    4440    4026    
   346 35.67 2.60 2.60           OX424436.1  24189701  24190008 (31961683) C               Kuruka     Unspecified  (5022)    3811    3504    
  1085 37.94 1.72 1.82           OX424436.1  24619542  24620588 (31531103) C               Kuruka     Unspecified  (4198)    4635    3590    
   320 34.07 4.28 3.96           OX424436.1  25307026  25307352 (30844339) +               Kuruka     Unspecified    4305    4632  (4201)    
  2200 33.27 2.30 2.38           OX424436.1  26054214  26055389 (30096302) +               Kuruka     Unspecified    3461    4635  (4198)    
  2378 32.60 2.88 2.95           OX424436.1  26656070  26657390 (29494301) +               Kuruka     Unspecified    3442    4761  (4072)    
  1138 33.76 2.30 2.30           OX424436.1  26736270  26736921 (29414770) +               Kuruka     Unspecified    3488    4139  (4694)    
  1058 31.47 1.83 2.06           OX424436.1  26738705  26739142 (29412549) +               Kuruka     Unspecified    4142    4578  (4255)    
  1174 35.50 3.27 2.73           OX424436.1  26821093  26822039 (29329652) C               Kuruka     Unspecified  (4294)    4539    3588    
  1323 36.67 3.71 3.05           OX424436.1  27128561  27129961 (29021730) C               Kuruka     Unspecified  (3976)    4857    3448    
   626 34.07 3.18 3.40           OX424436.1  27572545  27573015 (28578676) C               Kuruka     Unspecified  (4165)    4668    4199    
   439 37.80 0.00 0.00           OX424436.1  27574629  27574837 (28576854) C               Kuruka     Unspecified  (4677)    4156    3948    
  2196 33.14 2.71 2.79           OX424436.1  27672662  27673915 (28477776) C               Kuruka     Unspecified  (4072)    4761    3509    
  2285 33.12 2.80 2.88           OX424436.1  27997692  27999012 (28152679) +               Kuruka     Unspecified    3442    4761  (4072)    
   275 28.36 6.55 3.47           OX424436.1  28062526  28062693 (28088998) C               Kuruka     Unspecified  (5010)    3823    3651    
   938 37.61 5.94 2.48           OX424436.1  28112051  28113413 (28038278) +               Kuruka     Unspecified    3439    4847  (3986)    
  2317 33.08 2.73 2.81           OX424436.1  28715863  28717181 (27434510) +               Kuruka     Unspecified    3444    4761  (4072)    
   388 32.29 4.27 2.09           OX424436.1  28792093  28792326 (27359365) C               Kuruka     Unspecified  (5010)    3823    3585    
  1033 38.13 1.72 1.82           OX424436.1  28922959  28924005 (27227686) C               Kuruka     Unspecified  (4198)    4635    3590    
  2184 34.11 3.20 2.50           OX424436.1  29459527  29460837 (26690854) C               Kuruka     Unspecified  (4072)    4761    3442    
  1241 32.87 4.44 1.96           OX424436.1  29633221  29633918 (26517773) C               Kuruka     Unspecified  (4198)    4635    3921    
   274 34.91 2.87 2.87           OX424436.1  29636271  29636444 (26515247) C               Kuruka     Unspecified  (5172)    3661    3488    
  1327 36.74 3.71 3.05           OX424436.1  29775089  29776489 (26375202) C               Kuruka     Unspecified  (3976)    4857    3448    
   443 34.68 4.54 4.54           OX424436.1  29832858  29833298 (26318393) C               Kuruka     Unspecified  (4072)    4761    4321    
   448 30.97 2.16 2.16           OX424436.1  29834324  29834554 (26317137) C               Kuruka     Unspecified  (4499)    4334    4104    
   359 32.91 3.99 3.99           OX424436.1  31232553  31232878 (24918813) +               Kuruka     Unspecified    3504    3829  (5004)    
   441 31.31 3.99 3.99           OX424436.1  31388749  31389074 (24762617) +               Kuruka     Unspecified    3504    3829  (5004)    
   381 33.99 4.09 5.17           OX424436.1  31389270  31389660 (24762031) +               Kuruka     Unspecified    4025    4411  (4422)    
  1327 36.74 3.71 3.05           OX424436.1  31972573  31973973 (24177718) +               Kuruka     Unspecified    3448    4857  (3976)    
   530 40.29 0.24 0.24           OX424436.1  32378593  32379005 (23772686) +               Kuruka     Unspecified    3921    4333  (4500)    
   329 35.45 1.05 1.05           OX424436.1  32379987  32380177 (23771514) +               Kuruka     Unspecified    4388    4578  (4255)    
  1805 33.48 1.94 2.05           OX424436.1  32382282  32383208 (23768483) +               Kuruka     Unspecified    3732    4657  (4176)    
  1332 36.54 3.78 3.12           OX424436.1  32725241  32726641 (23425050) C               Kuruka     Unspecified  (3976)    4857    3448    
   569 35.55 2.64 3.55           OX424436.1  33452488  33452942 (22698749) +               Kuruka     Unspecified    3984    4434  (4399)    
   409 38.35 2.36 2.84           OX424436.1  34401266  34401689 (21750002) C               Kuruka     Unspecified  (4221)    4612    4191    
   263 34.31 0.00 0.00           OX424436.1  34402010  34402111 (21749580) C               Kuruka     Unspecified  (4800)    4033    3932    
   314 34.63 4.17 5.34           OX424436.1  35054911  35055270 (21096421) C               Kuruka     Unspecified  (4422)    4411    4056    
   288 31.93 0.00 0.00           OX424436.1  35055675  35055793 (21095898) C               Kuruka     Unspecified  (5211)    3622    3504    
   370 33.99 4.09 5.17           OX424436.1  36317371  36317761 (19833930) C               Kuruka     Unspecified  (4422)    4411    4025    
   441 31.31 3.99 3.99           OX424436.1  36317960  36318285 (19833406) C               Kuruka     Unspecified  (5004)    3829    3504    
   590 33.86 5.56 0.76           OX424436.1  37866476  37866853 (18284838) +               Kuruka     Unspecified    3437    3832  (5001)    
  1208 33.03 4.10 4.22           OX424436.1  37866957  37867882 (18283809) +               Kuruka     Unspecified    3933    4857  (3976)    
  1352 36.59 3.71 3.05           OX424436.1  38863066  38864466 (17287225) +               Kuruka     Unspecified    3448    4857  (3976)    
   417 31.05 6.94 8.30           OX424436.1  39143116  39143835 (17007856) +               Kuruka     Unspecified    3461    4171  (4662)    
  1320 36.74 3.71 3.05           OX424436.1  39428524  39429924 (16721767) +               Kuruka     Unspecified    3448    4857  (3976)    
  1735 33.51 2.34 5.20           OX424436.1  42939051  42940117 (13211574) C               Kuruka     Unspecified  (4307)    4526    3489    
   233 32.10 0.00 0.00           OX424436.1  42940969  42941049 (13210642) C               Kuruka     Unspecified  (7023)    1810    1730    
   470 32.75 3.94 3.65           OX424436.1  43069767  43070121 (13081570) C               Kuruka     Unspecified  (4196)    4637    4282    
  1327 36.74 3.71 3.05           OX424436.1  43592641  43594041 (12557650) +               Kuruka     Unspecified    3448    4857  (3976)    
   873 34.59 0.00 0.27           OX424436.1  47363874  47364244 (8787447) +               Kuruka     Unspecified    4288    4657  (4176)    
   261 32.20 4.50 6.75           OX424436.1  47908081  47908413 (8243278) +               Kuruka     Unspecified    3504    3829  (5004)    
  1780 33.74 3.68 2.27           OX424436.1  50283673  50284758 (5866933) C               Kuruka     Unspecified  (4289)    4544    3444    
   456 36.27 0.70 1.05           OX424437.1    623076    623362 (46925036) +               Kuruka     Unspecified    4055    4340  (4493)    
   512 30.38 4.85 5.19           OX424437.1    644548    644856 (46903542) C               Kuruka     Unspecified  (4309)    4524    4217    
  1331 36.74 3.71 3.05           OX424437.1   4132626   4134026 (43414372) C               Kuruka     Unspecified  (3976)    4857    3448    
   441 31.31 3.99 3.99           OX424437.1   6322707   6323032 (41225366) +               Kuruka     Unspecified    3504    3829  (5004)    
   355 34.25 4.09 5.17           OX424437.1   6323228   6323618 (41224780) +               Kuruka     Unspecified    4025    4411  (4422)    
  1394 35.56 3.07 3.38           OX424437.1   6378998   6380301 (41168097) +               Kuruka     Unspecified    3459    4758  (4075)    
  1405 34.84 3.11 3.48           OX424437.1   6378998   6380121 (41168277) +               Kuruka     Unspecified    3459    4578  (4255)    
  1055 36.99 3.54 2.48           OX424437.1   6480177   6481335 (41067063) +               Kuruka     Unspecified    3588    4758  (4075)    
  1306 36.88 2.99 2.28           OX424437.1   7966381   7967684 (39580714) C               Kuruka     Unspecified  (4075)    4758    3446    
   354 30.94 4.41 4.93           OX424437.1   8214137   8214340 (39334058) C               Kuruka     Unspecified  (4289)    4544    4342    
   426 36.87 3.49 3.49           OX424437.1   9427887   9428316 (38120082) +               Kuruka     Unspecified    4161    4590  (4243)    
   509 30.45 5.67 5.67           OX424437.1   9893909   9894190 (37654208) +               Kuruka     Unspecified    3461    3742  (5091)    
   459 31.12 4.70 2.51           OX424437.1  10068872  10069105 (37479293) +               Kuruka     Unspecified    3585    3823  (5010)    
   248 35.12 1.91 1.91           OX424437.1  10069232  10069440 (37478958) +               Kuruka     Unspecified    3948    4156  (4677)    
   588 28.80 0.99 2.50           OX424437.1  10204037  10204239 (37344159) +               Kuruka     Unspecified    4392    4591  (4242)    
   399 28.87 0.70 0.70           OX424437.1  12204884  12205026 (35343372) C               Kuruka     Unspecified  (5232)    3601    3459    
   280 30.22 15.27 2.18           OX424437.1  12680998  12681200 (34867198) C               Kuruka     Unspecified  (4480)    4353    4125    
   246 39.12 0.77 1.03           OX424437.1  13464045  13464434 (34083964) +               Kuruka     Unspecified    4148    4536  (4297)    
   327 32.36 5.75 4.32           OX424437.1  13662062  13662426 (33885972) C               Kuruka     Unspecified  (4300)    4533    4164    
   334 37.21 0.00 0.00           OX424437.1  15161481  15161652 (32386746) +               Kuruka     Unspecified    3990    4161  (4672)    
  1530 33.21 2.06 2.06           OX424437.1  15682445  15683271 (31865127) C               Kuruka     Unspecified  (4075)    4758    3932    
   423 34.26 1.18 1.18           OX424437.1  15683419  15683672 (31864726) C               Kuruka     Unspecified  (5115)    3718    3465    
  1414 37.19 2.80 2.16           OX424437.1  15756507  15757792 (31790606) +               Kuruka     Unspecified    3465    4758  (4075)    
  2198 33.36 2.14 2.14           OX424437.1  16057325  16058494 (31489904) C               Kuruka     Unspecified  (4176)    4657    3488    
  1596 32.49 2.35 2.83           OX424437.1  16174650  16175501 (31372897) C               Kuruka     Unspecified  (4073)    4760    3913    
   939 33.05 0.55 0.55           OX424437.1  16175564  16175925 (31372473) C               Kuruka     Unspecified  (4983)    3850    3489    
  1596 32.49 2.35 2.83           OX424437.1  16272636  16273487 (31274911) C               Kuruka     Unspecified  (4073)    4760    3913    
   939 33.05 0.55 0.55           OX424437.1  16273550  16273911 (31274487) C               Kuruka     Unspecified  (4983)    3850    3489    
   235 27.78 5.26 5.26           OX424437.1  16462874  16463006 (31085392) +               Kuruka     Unspecified    3593    3725  (5108)    
   387 33.80 2.66 5.47           OX424437.1  17029825  17030162 (30518236) C               Kuruka     Unspecified  (4390)    4443    4115    
   407 37.78 4.97 0.96           OX424437.1  17300802  17301103 (30247295) +               Kuruka     Unspecified    3939    4252  (4581)    
  2388 32.84 2.88 2.95           OX424437.1  18347351  18348671 (29199727) +               Kuruka     Unspecified    3442    4761  (4072)    
   247 31.78 3.82 3.82           OX424437.1  18624151  18624307 (28924091) +               Kuruka     Unspecified    4200    4356  (4477)    
  1576 33.33 3.47 2.94           OX424437.1  19238108  19239087 (28309311) +               Kuruka     Unspecified    3461    4445  (4388)    
   246 19.15 0.00 0.00           OX424437.1  19251061  19251107 (28297291) C               Kuruka     Unspecified  (4995)    3838    3792    
  1040 38.24 1.72 1.82           OX424437.1  19379979  19381025 (28167373) +               Kuruka     Unspecified    3590    4635  (4198)    
  1041 30.92 2.28 2.52           OX424437.1  19519352  19519789 (28028609) C               Kuruka     Unspecified  (4255)    4578    4142    
  1089 34.41 2.21 2.21           OX424437.1  19524328  19524960 (28023438) C               Kuruka     Unspecified  (4694)    4139    3507    
   476 30.25 4.70 2.51           OX424437.1  19664500  19664733 (27883665) +               Kuruka     Unspecified    3585    3823  (5010)    
   253 34.23 2.09 2.09           OX424437.1  19664878  19665068 (27883330) +               Kuruka     Unspecified    3966    4156  (4677)    
  1324 36.78 3.64 3.05           OX424437.1  21315366  21316767 (26231631) C               Kuruka     Unspecified  (3976)    4857    3448    
   397 36.66 4.17 4.94           OX424437.1  22134736  22135286 (25413112) +               Kuruka     Unspecified    3948    4494  (4339)    
   288 32.58 1.49 1.49           OX424437.1  23087650  23087783 (24460615) C               Kuruka     Unspecified  (4221)    4612    4479    
  1813 33.77 2.36 2.46           OX424437.1  23089411  23090427 (24457971) C               Kuruka     Unspecified  (4357)    4476    3461    
   459 31.12 4.70 2.51           OX424437.1  23269965  23270198 (24278200) +               Kuruka     Unspecified    3585    3823  (5010)    
   248 35.12 1.91 1.91           OX424437.1  23270325  23270533 (24277865) +               Kuruka     Unspecified    3948    4156  (4677)    
  1969 33.75 2.60 1.60           OX424437.1  23639698  23640811 (23907587) C               Kuruka     Unspecified  (4247)    4586    3462    
   246 22.62 9.19 11.60           OX424437.1  24326630  24326814 (23221584) +               Kuruka     Unspecified    3461    3641  (5192)    
   269 30.75 1.16 5.45           OX424437.1  24641152  24641323 (22907075) +               Kuruka     Unspecified    4215    4379  (4454)    
   448 35.92 2.02 2.91           OX424437.1  25244061  25244407 (22303991) C               Kuruka     Unspecified  (4506)    4327    3984    
  1020 37.94 1.72 1.82           OX424437.1  25249495  25250541 (22297857) C               Kuruka     Unspecified  (4198)    4635    3590    
   468 33.79 5.46 5.91           OX424437.1  25444356  25445069 (22103329) C               Kuruka     Unspecified  (4662)    4171    3461    
  1184 33.83 3.78 3.89           OX424437.1  25559889  25560814 (21987584) C               Kuruka     Unspecified  (3976)    4857    3933    
   587 34.93 5.56 0.76           OX424437.1  25560918  25561295 (21987103) C               Kuruka     Unspecified  (5001)    3832    3437    
   253 36.21 3.16 3.67           OX424437.1  25821467  25822068 (21726330) +               Kuruka     Unspecified    3938    4536  (4297)    
  1075 31.77 0.00 0.00           OX424437.1  26638416  26638777 (20909621) +               Kuruka     Unspecified    3489    3850  (4983)    
  1248 34.12 3.44 2.43           OX424437.1  26638866  26639679 (20908719) +               Kuruka     Unspecified    3939    4760  (4073)    
   258 38.12 0.89 0.89           OX424437.1  26733398  26733622 (20814776) +               Kuruka     Unspecified    3920    4144  (4689)    
   265 38.51 0.62 0.00           OX424437.1  26733824  26733984 (20814414) +               Kuruka     Unspecified    4423    4584  (4249)    
  1340 36.67 3.71 3.05           OX424437.1  27932172  27933572 (19614826) C               Kuruka     Unspecified  (3976)    4857    3448    
   381 36.85 4.17 4.94           OX424437.1  28931565  28932115 (18616283) C               Kuruka     Unspecified  (4339)    4494    3948    
  2204 33.27 2.30 2.38           OX424437.1  28952674  28953849 (18594549) +               Kuruka     Unspecified    3461    4635  (4198)    
  1993 33.68 2.70 2.78           OX424437.1  29967812  29969106 (17579292) +               Kuruka     Unspecified    3465    4758  (4075)    
  1380 35.48 3.07 3.46           OX424437.1  30333384  30334688 (17213710) +               Kuruka     Unspecified    3459    4758  (4075)    
  1433 36.18 2.58 2.68           OX424437.1  31492382  31493466 (16054932) C               Kuruka     Unspecified  (4255)    4578    3495    
  1471 35.98 2.58 2.68           OX424437.1  31530459  31531543 (16016855) C               Kuruka     Unspecified  (4255)    4578    3495    
  1340 36.67 3.71 3.05           OX424437.1  32514560  32515960 (15032438) +               Kuruka     Unspecified    3448    4857  (3976)    
  1190 36.37 4.02 3.55           OX424437.1  33908193  33909509 (13638889) +               Kuruka     Unspecified    3439    4761  (4072)    
  1327 36.74 3.71 3.05           OX424437.1  34064187  34065587 (13482811) C               Kuruka     Unspecified  (3976)    4857    3448    
   302 30.21 0.92 2.80           OX424437.1  34585733  34585841 (12962557) +               Kuruka     Unspecified    4420    4526  (4307)    
  1191 33.72 2.33 3.29           OX424437.1  34673495  34674138 (12874260) +               Kuruka     Unspecified    3932    4569  (4264)    
   232 31.10 2.17 2.17           OX424437.1  35087240  35087331 (12461067) C               Kuruka     Unspecified  (5280)    3553    3462    
   599 34.60 1.24 1.67           OX424437.1  35490861  35491101 (12057297) +               Kuruka     Unspecified    4341    4580  (4253)    
  1078 38.03 1.72 1.82           OX424437.1  35919173  35920219 (11628179) +               Kuruka     Unspecified    3590    4635  (4198)    
  2413 33.00 2.50 2.58           OX424437.1  36388550  36389868 (11158530) C               Kuruka     Unspecified  (4072)    4761    3444    
   261 29.87 2.68 3.38           OX424437.1  36463970  36464118 (11084280) +               Kuruka     Unspecified    4227    4374  (4459)    
  1312 36.81 3.71 3.05           OX424437.1  37004809  37006209 (10542189) C               Kuruka     Unspecified  (3976)    4857    3448    
  2046 33.04 2.83 2.57           OX424437.1  37912789  37913953 (9634445) C               Kuruka     Unspecified  (4227)    4606    3439    
   285 35.52 2.86 3.45           OX424437.1  38731103  38731277 (8817121) C               Kuruka     Unspecified  (4272)    4561    4388    
   541 33.86 8.13 0.76           OX424437.1  42004500  42004868 (5543530) +               Kuruka     Unspecified    3437    3832  (5001)    
  1224 33.89 3.35 3.46           OX424437.1  42004972  42005897 (5542501) +               Kuruka     Unspecified    3933    4857  (3976)    
   245 33.96 3.49 4.87           OX424437.1  43654588  43654816 (3893582) +               Kuruka     Unspecified    4298    4523  (4310)    
  1318 36.81 3.71 3.05           OX424437.1  44665168  44666568 (2881830) C               Kuruka     Unspecified  (3976)    4857    3448    
   282 38.71 0.00 0.00           OX424437.1  44754010  44754133 (2794265) C               Kuruka     Unspecified  (4285)    4548    4425    
   260 36.55 0.00 0.00           OX424437.1  44754225  44754369 (2794029) C               Kuruka     Unspecified  (4699)    4134    3990    
  1327 36.74 3.71 3.05           OX424438.1   1342751   1344151 (40936386) C               Kuruka     Unspecified  (3976)    4857    3448    
  1340 36.67 3.71 3.05           OX424438.1   3497360   3498760 (38781777) +               Kuruka     Unspecified    3448    4857  (3976)    
  1327 36.74 3.71 3.05           OX424438.1   5530697   5532097 (36748440) +               Kuruka     Unspecified    3448    4857  (3976)    
  2177 33.46 1.92 2.02           OX424438.1   7614546   7615637 (34664900) +               Kuruka     Unspecified    3488    4578  (4255)    
   423 33.87 0.53 0.53           OX424438.1   9366739   9366925 (32913612) +               Kuruka     Unspecified    4392    4578  (4255)    
  1068 32.78 4.45 2.98           OX424438.1  11708358  11708986 (30571551) C               Kuruka     Unspecified  (4227)    4606    3969    
   614 30.98 1.32 2.33           OX424438.1  11708978  11709281 (30571256) C               Kuruka     Unspecified  (5114)    3719    3419    
   273 24.37 0.00 4.05           OX424438.1  12287478  12287554 (29992983) +               Kuruka     Unspecified    3543    3616  (5217)    
  1340 36.67 3.71 3.05           OX424438.1  13510949  13512349 (28768188) C               Kuruka     Unspecified  (3976)    4857    3448    
   763 35.20 5.03 2.99           OX424438.1  13613052  13613707 (28666830) +               Kuruka     Unspecified    3497    4165  (4668)    
   723 33.90 0.85 1.13           OX424438.1  13613727  13614081 (28666456) +               Kuruka     Unspecified    4227    4580  (4253)    
   247 31.58 0.00 0.00           OX424438.1  14047897  14047972 (28232565) C               Kuruka     Unspecified  (4281)    4552    4477    
   406 34.87 5.92 1.90           OX424438.1  14704270  14704573 (27575964) +               Kuruka     Unspecified    3535    3850  (4983)    
   536 36.94 3.85 3.30           OX424438.1  14705615  14706367 (27574170) +               Kuruka     Unspecified    4091    4847  (3986)    
   258 36.33 2.95 3.89           OX424438.1  15068384  15068824 (27211713) +               Kuruka     Unspecified    4421    4857  (3976)    
   261 39.52 5.67 2.14           OX424438.1  15775214  15775619 (26504918) C               Kuruka     Unspecified  (4500)    4333    3914    
  2091 33.60 2.47 2.55           OX424438.1  15842615  15843909 (26436628) C               Kuruka     Unspecified  (4075)    4758    3465    
  2011 33.82 2.48 2.48           OX424438.1  15926209  15927336 (26353201) C               Kuruka     Unspecified  (4262)    4571    3444    
   232 31.10 2.17 2.17           OX424438.1  16362361  16362452 (25918085) +               Kuruka     Unspecified    3462    3553  (5280)    
  1046 30.97 0.78 1.30           OX424438.1  17111569  17111954 (25168583) +               Kuruka     Unspecified    4274    4657  (4176)    
   462 37.29 4.36 0.99           OX424438.1  17461427  17461816 (24818721) +               Kuruka     Unspecified    3448    3850  (4983)    
   914 37.74 1.85 2.01           OX424438.1  17461908  17462556 (24817981) +               Kuruka     Unspecified    3939    4586  (4247)    
  1327 36.74 3.71 3.05           OX424438.1  19389709  19391109 (22889428) +               Kuruka     Unspecified    3448    4857  (3976)    
   426 34.73 2.59 2.97           OX424438.1  20068431  20068700 (22211837) C               Kuruka     Unspecified  (4282)    4551    4283    
  1357 36.37 3.98 2.95           OX424438.1  20111550  20112957 (22167580) +               Kuruka     Unspecified    3438    4859  (3974)    
   261 27.06 7.22 0.97           OX424438.1  20390891  20390987 (21889550) C               Kuruka     Unspecified  (4504)    4329    4227    
   339 38.52 1.10 1.10           OX424438.1  20870993  20871265 (21409272) +               Kuruka     Unspecified    4392    4664  (4169)    
   231 22.78 13.92 0.00           OX424438.1  21060785  21060863 (21219674) C               Kuruka     Unspecified  (5208)    3625    3536    
   282 33.10 1.39 1.39           OX424438.1  22157105  22157248 (20123289) +               Kuruka     Unspecified    4398    4541  (4292)    
  1333 35.62 4.33 3.38           OX424438.1  22766112  22767520 (19513017) C               Kuruka     Unspecified  (3974)    4859    3438    
  2136 33.80 2.13 2.22           OX424438.1  22828041  22829211 (19451326) C               Kuruka     Unspecified  (4176)    4657    3488    
  1868 32.73 3.56 2.47           OX424438.1  22846122  22847161 (19433376) C               Kuruka     Unspecified  (4247)    4586    3536    
   678 34.37 1.22 1.53           OX424438.1  22861010  22861337 (19419200) C               Kuruka     Unspecified  (4279)    4554    4228    
   308 17.24 0.00 0.00           OX424438.1  23236925  23236982 (19043555) C               Kuruka     Unspecified  (4672)    4161    4104    
  1340 36.67 3.71 3.05           OX424438.1  23397579  23398979 (18881558) C               Kuruka     Unspecified  (3976)    4857    3448    
   553 31.97 1.21 1.21           OX424438.1  25068381  25068627 (17211910) +               Kuruka     Unspecified    3444    3690  (5143)    
  1350 33.73 3.27 3.15           OX424438.1  25068622  25069478 (17211059) +               Kuruka     Unspecified    3749    4606  (4227)    
   869 35.15 3.82 3.36           OX424438.1  26295044  26295932 (15984605) +               Kuruka     Unspecified    3462    4354  (4479)    
   433 35.79 0.00 0.00           OX424438.1  26297428  26297617 (15982920) +               Kuruka     Unspecified    4397    4586  (4247)    
  1519 32.75 1.84 2.38           OX424438.1  26442628  26443387 (15837150) C               Kuruka     Unspecified  (4165)    4668    3913    
   870 32.96 1.10 1.10           OX424438.1  26443450  26443811 (15836726) C               Kuruka     Unspecified  (4983)    3850    3489    
  1340 36.67 3.71 3.05           OX424438.1  31017610  31019010 (11261527) +               Kuruka     Unspecified    3448    4857  (3976)    
  1898 33.55 2.29 2.19           OX424438.1  32518339  32519386 (9761151) +               Kuruka     Unspecified    3461    4509  (4324)    
  1110 37.84 1.72 1.82           OX424438.1  33088034  33089080 (9191457) C               Kuruka     Unspecified  (4198)    4635    3590    
  1327 36.74 3.71 3.05           OX424438.1  35134996  35136396 (7144141) C               Kuruka     Unspecified  (3976)    4857    3448    
  1327 36.74 3.71 3.05           OX424438.1  40423667  40425067 (1855470) +               Kuruka     Unspecified    3448    4857  (3976)    
  1340 36.67 3.71 3.05           OX424438.1  42102566  42103966 (176571) +               Kuruka     Unspecified    3448    4857  (3976)    
  1340 36.67 3.71 3.05           OX424439.1   2915580   2916980 (31387718) +               Kuruka     Unspecified    3448    4857  (3976)    
  1327 36.74 3.71 3.05           OX424439.1   3263656   3265056 (31039642) C               Kuruka     Unspecified  (3976)    4857    3448    
  1327 36.74 3.71 3.05           OX424439.1   4586525   4587925 (29716773) C               Kuruka     Unspecified  (3976)    4857    3448    
   893 33.42 0.27 0.27           OX424439.1   4634768   4635133 (29669565) +               Kuruka     Unspecified    3510    3875  (4958)    
  1334 32.01 2.67 2.82           OX424439.1   4635155   4635829 (29668869) +               Kuruka     Unspecified    3933    4606  (4227)    
  1340 36.67 3.71 3.05           OX424439.1   5767092   5768492 (28536206) +               Kuruka     Unspecified    3448    4857  (3976)    
  1214 36.33 2.53 2.63           OX424439.1   8151215   8152164 (26152534) +               Kuruka     Unspecified    3495    4443  (4390)    
  2158 33.47 2.29 2.37           OX424439.1   9421686   9422866 (24881832) C               Kuruka     Unspecified  (4198)    4635    3456    
  2015 32.46 2.48 2.58           OX424439.1   9782756   9783843 (24520855) C               Kuruka     Unspecified  (4282)    4551    3465    
   261 26.87 0.00 0.00           OX424439.1   9846459   9846525 (24458173) C               Kuruka     Unspecified  (5233)    3600    3534    
   233 26.61 6.77 6.77           OX424439.1  10143870  10144002 (24160696) +               Kuruka     Unspecified    3593    3725  (5108)    
   245 27.78 5.26 5.26           OX424439.1  10966224  10966356 (23338342) +               Kuruka     Unspecified    3593    3725  (5108)    
   401 36.66 4.17 4.94           OX424439.1  10966579  10967129 (23337569) +               Kuruka     Unspecified    3948    4494  (4339)    
   321 33.14 9.83 4.85           OX424439.1  12487614  12487908 (21816790) C               Kuruka     Unspecified  (4241)    4592    4284    
   438 30.81 5.15 2.51           OX424439.1  12584539  12584771 (21719927) +               Kuruka     Unspecified    3585    3823  (5010)    
   277 34.61 1.89 1.89           OX424439.1  12584895  12585106 (21719592) +               Kuruka     Unspecified    3945    4156  (4677)    
   401 36.66 4.17 4.94           OX424439.1  12922854  12923404 (21381294) C               Kuruka     Unspecified  (4339)    4494    3948    
  1319 36.81 3.71 3.05           OX424439.1  13426033  13427433 (20877265) +               Kuruka     Unspecified    3448    4857  (3976)    
  1186 33.26 4.10 4.22           OX424439.1  14458186  14459111 (19845587) C               Kuruka     Unspecified  (3976)    4857    3933    
   581 34.12 5.56 0.76           OX424439.1  14459215  14459592 (19845106) C               Kuruka     Unspecified  (5001)    3832    3437    
   245 28.61 0.98 4.04           OX424439.1  15106344  15106445 (19198253) +               Kuruka     Unspecified    3598    3696  (5137)    
   342 35.42 3.37 1.66           OX424439.1  15106490  15106667 (19198031) +               Kuruka     Unspecified    4374    4554  (4279)    
   576 34.93 5.56 0.76           OX424439.1  15736813  15737190 (18567508) +               Kuruka     Unspecified    3437    3832  (5001)    
  1179 34.23 3.35 3.46           OX424439.1  15737294  15738219 (18566479) +               Kuruka     Unspecified    3933    4857  (3976)    
   245 22.92 0.00 0.00           OX424439.1  17305714  17305761 (16998937) C               Kuruka     Unspecified  (4388)    4445    4398    
   756 36.04 3.51 2.05           OX424439.1  17389157  17389782 (16914916) C               Kuruka     Unspecified  (4255)    4578    3944    
  1315 36.69 3.79 3.05           OX424439.1  17526734  17528133 (16776565) +               Kuruka     Unspecified    3448    4857  (3976)    
   321 31.21 3.93 2.78           OX424439.1  19869477  19869654 (14435044) C               Kuruka     Unspecified  (4198)    4635    4456    
  1742 33.40 3.18 1.46           OX424439.1  19870143  19871084 (14433614) C               Kuruka     Unspecified  (4388)    4445    3488    
   296 27.52 2.70 1.79           OX424439.1  20197218  20197328 (14107370) +               Kuruka     Unspecified    3583    3694  (5139)    
  1078 38.03 1.72 1.82           OX424439.1  21656010  21657056 (12647642) C               Kuruka     Unspecified  (4198)    4635    3590    
  2055 33.14 3.99 2.96           OX424439.1  22290521  22291823 (12012875) +               Kuruka     Unspecified    3446    4761  (4072)    
  1327 36.74 3.71 3.05           OX424439.1  26904625  26906025 (7398673) C               Kuruka     Unspecified  (3976)    4857    3448    
  1312 36.32 3.70 3.06           OX424439.1  28607103  28608400 (5696298) C               Kuruka     Unspecified  (3976)    4857    3552    
   335 32.84 5.48 4.05           OX424439.1  28732182  28732546 (5572152) C               Kuruka     Unspecified  (4300)    4533    4164    
   373 33.54 0.61 1.23           OX424439.1  30290241  30290403 (4014295) +               Kuruka     Unspecified    4394    4555  (4278)    
   357 34.07 1.01 3.63           OX424439.1  30304053  30304250 (4000448) +               Kuruka     Unspecified    4390    4582  (4251)    
  1345 36.47 3.78 3.12           OX424439.1  30624144  30625544 (3679154) +               Kuruka     Unspecified    3448    4857  (3976)    
   353 34.85 0.00 0.00           OX424439.1  32030394  32030525 (2274173) C               Kuruka     Unspecified  (4283)    4550    4419    
  1340 36.67 3.71 3.05           OX424440.1   4188632   4190032 (29708556) +               Kuruka     Unspecified    3448    4857  (3976)    
  1327 36.74 3.71 3.05           OX424440.1   4869910   4871310 (29027278) +               Kuruka     Unspecified    3448    4857  (3976)    
   354 29.62 4.08 3.55           OX424440.1   5342877   5343072 (28555516) +               Kuruka     Unspecified    4472    4668  (4165)    
   281 17.24 5.17 0.00           OX424440.1   6446041   6446098 (27452490) C               Kuruka     Unspecified  (5228)    3605    3545    
   312 19.99 6.98 1.10           OX424440.1   6455844   6455929 (27442659) C               Kuruka     Unspecified  (5232)    3601    3511    
   375 25.53 0.00 0.00           OX424440.1   6465957   6466050 (27432538) C               Kuruka     Unspecified  (5230)    3603    3510    
  2047 33.63 4.14 2.80           OX424440.1  10019847  10021149 (23877439) C               Kuruka     Unspecified  (4072)    4761    3442    
   313 32.64 5.75 4.32           OX424440.1  11430665  11431029 (22467559) +               Kuruka     Unspecified    4164    4533  (4300)    
  1962 33.56 3.28 2.39           OX424440.1  11446425  11447584 (22451004) C               Kuruka     Unspecified  (4176)    4657    3488    
  1327 36.74 3.71 3.05           OX424440.1  11532150  11533550 (22365038) +               Kuruka     Unspecified    3448    4857  (3976)    
   517 30.45 5.67 5.67           OX424440.1  12511504  12511785 (21386803) +               Kuruka     Unspecified    3461    3742  (5091)    
   432 38.44 1.47 1.78           OX424440.1  12976146  12976484 (20922104) +               Kuruka     Unspecified    4206    4543  (4290)    
   431 31.31 3.99 3.99           OX424440.1  12988064  12988389 (20910199) +               Kuruka     Unspecified    3504    3829  (5004)    
   310 37.63 0.00 2.21           OX424440.1  12992217  12992447 (20906141) +               Kuruka     Unspecified    3949    4174  (4659)    
   454 31.79 3.86 3.86           OX424440.1  13003784  13004120 (20894468) +               Kuruka     Unspecified    3504    3840  (4993)    
   271 30.96 5.26 0.84           OX424440.1  13015451  13015564 (20883024) +               Kuruka     Unspecified    4379    4497  (4336)    
   536 31.55 0.53 0.53           OX424440.1  13017392  13017579 (20881009) +               Kuruka     Unspecified    4364    4551  (4282)    
   279 33.87 2.62 2.62           OX424440.1  14117290  14117480 (19781108) +               Kuruka     Unspecified    4391    4581  (4252)    
   651 34.09 2.36 3.70           OX424440.1  16171030  16171495 (17727093) +               Kuruka     Unspecified    3977    4436  (4397)    
   576 34.93 5.56 0.76           OX424440.1  16409310  16409687 (17488901) +               Kuruka     Unspecified    3437    3832  (5001)    
  1189 33.26 4.10 4.22           OX424440.1  16409791  16410716 (17487872) +               Kuruka     Unspecified    3933    4857  (3976)    
   576 34.93 5.56 0.76           OX424440.1  16491691  16492068 (17406520) +               Kuruka     Unspecified    3437    3832  (5001)    
  1189 33.26 4.10 4.22           OX424440.1  16492172  16493097 (17405491) +               Kuruka     Unspecified    3933    4857  (3976)    
   351 35.67 2.60 2.60           OX424440.1  16757287  16757594 (17140994) +               Kuruka     Unspecified    3504    3811  (5022)    
   443 36.06 2.39 3.37           OX424440.1  16757809  16758227 (17140361) +               Kuruka     Unspecified    4026    4440  (4393)    
  1440 34.86 3.22 3.13           OX424440.1  17819792  17820940 (16077648) C               Kuruka     Unspecified  (4255)    4578    3429    
  1459 34.77 3.22 3.13           OX424440.1  17864754  17865902 (16032686) C               Kuruka     Unspecified  (4255)    4578    3429    
   420 35.66 2.63 3.61           OX424440.1  19032908  19033326 (14865262) C               Kuruka     Unspecified  (4393)    4440    4026    
   349 35.67 2.60 2.60           OX424440.1  19033541  19033848 (14864740) C               Kuruka     Unspecified  (5022)    3811    3504    
  1340 36.67 3.71 3.05           OX424440.1  19652818  19654218 (14244370) +               Kuruka     Unspecified    3448    4857  (3976)    
  1239 37.70 2.12 2.21           OX424440.1  22434933  22436017 (11462571) C               Kuruka     Unspecified  (4255)    4578    3495    
  1352 36.59 3.71 3.05           OX424440.1  23130614  23132014 (10766574) C               Kuruka     Unspecified  (3976)    4857    3448    
  1322 36.74 3.71 3.05           OX424440.1  23286732  23288132 (10610456) C               Kuruka     Unspecified  (3976)    4857    3448    
  1327 36.74 3.71 3.05           OX424440.1  33575025  33576425 (322163) C               Kuruka     Unspecified  (3976)    4857    3448    
   327 33.63 0.00 2.46           OX424441.1   2708050   2708174 (24616932) +               Kuruka     Unspecified    4403    4524  (4309)    
  1835 33.67 4.17 1.72           OX424441.1   4100725   4101803 (23223303) +               Kuruka     Unspecified    3531    4635  (4198)    
   247 13.04 4.35 0.00           OX424441.1   7824836   7824881 (19500225) C               Kuruka     Unspecified  (1645)    7188    7141    
   261 35.12 1.91 1.91           OX424441.1   8370937   8371145 (18953961) C               Kuruka     Unspecified  (4677)    4156    3948    
  1327 36.74 3.71 3.05           OX424441.1   9130862   9132262 (18192844) +               Kuruka     Unspecified    3448    4857  (3976)    
   710 33.35 2.29 3.08           OX424441.1  14305134  14305526 (13019580) +               Kuruka     Unspecified    3488    3877  (4956)    
  1524 32.90 1.57 1.71           OX424441.1  14305601  14306302 (13018804) +               Kuruka     Unspecified    3957    4657  (4176)    
   443 35.39 0.43 2.17           OX424441.1  15064999  15065232 (12259874) +               Kuruka     Unspecified    3932    4161  (4672)    
  1327 36.74 3.71 3.05           OX424441.1  15279345  15280745 (12044361) +               Kuruka     Unspecified    3448    4857  (3976)    
   248 35.12 1.91 1.91           OX424441.1  15829639  15829847 (11495259) C               Kuruka     Unspecified  (4677)    4156    3948    
   440 30.38 5.13 2.93           OX424441.1  15829974  15830207 (11494899) C               Kuruka     Unspecified  (5010)    3823    3585    
   258 31.11 3.42 3.86           OX424441.1  17003750  17003983 (10321123) C               Kuruka     Unspecified  (4456)    4377    4145    
  1332 36.54 3.78 3.12           OX424441.1  17543432  17544832 (9780274) C               Kuruka     Unspecified  (3976)    4857    3448    
  1340 36.67 3.71 3.05           OX424441.1  18187811  18189211 (9135895) C               Kuruka     Unspecified  (3976)    4857    3448    
   420 35.66 2.63 3.61           OX424441.1  18531903  18532321 (8792785) C               Kuruka     Unspecified  (4393)    4440    4026    
   351 35.67 2.60 2.60           OX424441.1  18532536  18532843 (8792263) C               Kuruka     Unspecified  (5022)    3811    3504    
   420 35.66 2.63 3.61           OX424441.1  18549389  18549807 (8775299) C               Kuruka     Unspecified  (4393)    4440    4026    
   351 35.67 2.60 2.60           OX424441.1  18550022  18550329 (8774777) C               Kuruka     Unspecified  (5022)    3811    3504    
   266 23.77 5.47 4.65           OX424441.1  19573159  19573286 (7751820) +               Kuruka     Unspecified    4216    4344  (4489)    
   248 35.12 1.91 1.91           OX424441.1  20447192  20447400 (6877706) C               Kuruka     Unspecified  (4677)    4156    3948    
   459 31.12 4.70 2.51           OX424441.1  20447527  20447760 (6877346) C               Kuruka     Unspecified  (5010)    3823    3585    
  1328 36.74 3.71 3.05           OX424441.1  23291012  23292412 (4032694) +               Kuruka     Unspecified    3448    4857  (3976)    
   441 31.31 3.99 3.99           OX424441.1  24179384  24179709 (3145397) +               Kuruka     Unspecified    3504    3829  (5004)    
   381 33.99 4.09 5.17           OX424441.1  24179905  24180295 (3144811) +               Kuruka     Unspecified    4025    4411  (4422)    
   247 37.84 1.35 0.00           OX424441.1  24348099  24348246 (2976860) +               Kuruka     Unspecified    4384    4533  (4300)    
   276 35.20 2.09 2.52           OX424441.1  24432024  24432262 (2892844) C               Kuruka     Unspecified  (4297)    4536    4299    
