   231 31.04 2.01 2.70    CAUEHM010000002.1   3241517   3241665 (1909335) C               Kuruka     Unspecified  (4459)    4374    4227    
   231 31.04 2.01 2.70    CAUEHM010000027.1    798525    798673 (312327) C               Kuruka     Unspecified  (4459)    4374    4227    
   231 31.04 2.01 2.70    CAUEHM010000045.1   1182433   1182581 (3892419) C               Kuruka     Unspecified  (4459)    4374    4227    
   231 31.04 2.01 2.70    CAUEHM010000045.1   1618153   1618301 (3456699) C               Kuruka     Unspecified  (4459)    4374    4227    
   231 31.04 2.01 2.70    CAUEHM010000045.1   2030374   2030522 (3044478) C               Kuruka     Unspecified  (4459)    4374    4227    
   231 31.04 2.01 2.70    CAUEHM010000045.1   4488981   4489129 (585871) +               Kuruka     Unspecified    4227    4374  (4459)    
   231 31.04 2.01 2.70    CAUEHM010000045.1   4805810   4805958 (269042) +               Kuruka     Unspecified    4227    4374  (4459)    
   231 31.04 2.01 2.70    CAUEHM010000047.1    318447    318595 (2507405) +               Kuruka     Unspecified    4227    4374  (4459)    
   231 31.04 2.01 2.70    CAUEHM010000047.1    680768    680916 (2145084) +               Kuruka     Unspecified    4227    4374  (4459)    
   231 31.04 2.01 2.70    CAUEHM010000061.1   1001441   1001589 (833411) C               Kuruka     Unspecified  (4459)    4374    4227    
  1600 33.42 4.90 3.87           OY294028.1   6399497   6400903 (87109207) C               Kuruka     Unspecified  (3976)    4857    3437    
  1600 33.42 4.90 3.87           OY294028.1  10810995  10812401 (82697709) +               Kuruka     Unspecified    3437    4857  (3976)    
   822 37.56 3.76 2.90           OY294028.1  14166614  14167570 (79342540) +               Kuruka     Unspecified    3447    4411  (4422)    
   608 31.77 1.16 1.16           OY294028.1  15036069  15036326 (78473784) +               Kuruka     Unspecified    3442    3699  (5134)    
  1146 34.55 2.84 2.99           OY294028.1  15036335  15037038 (78473072) +               Kuruka     Unspecified    3741    4443  (4390)    
   278 31.23 9.85 4.15           OY294028.1  20537766  20538039 (72972071) +               Kuruka     Unspecified    3552    3840  (4993)    
   357 34.23 3.76 3.37           OY294028.1  20538338  20538603 (72971507) +               Kuruka     Unspecified    4269    4535  (4298)    
  1578 33.50 4.90 3.87           OY294028.1  21855862  21857268 (71652842) +               Kuruka     Unspecified    3437    4857  (3976)    
  2274 34.04 2.50 2.58           OY294028.1  22426304  22427624 (71082486) +               Kuruka     Unspecified    3442    4761  (4072)    
   321 32.32 1.20 3.07           OY294028.1  23601182  23601347 (69908763) +               Kuruka     Unspecified    3490    3652  (5181)    
   560 32.38 2.80 3.97           OY294028.1  24550467  24550823 (68959287) +               Kuruka     Unspecified    4025    4377  (4456)    
   225 36.63 2.11 2.11           OY294028.1  25287431  25287667 (68222443) +               Kuruka     Unspecified    3462    3698  (5135)    
   367 36.13 3.25 3.25           OY294028.1  25288168  25288536 (68221574) +               Kuruka     Unspecified    4390    4758  (4075)    
  1452 36.59 3.01 1.99           OY294028.1  27404203  27405496 (66104614) C               Kuruka     Unspecified  (4075)    4758    3452    
   256 25.53 2.08 2.08           OY294028.1  27406087  27406182 (66103928) C               Kuruka     Unspecified  (5829)    3004    2909    
  1272 36.87 3.48 2.90           OY294028.1  27503386  27504793 (66005317) +               Kuruka     Unspecified    3447    4862  (3971)    
  1598 33.42 4.90 3.87           OY294028.1  29665479  29666885 (63843225) +               Kuruka     Unspecified    3437    4857  (3976)    
   327 34.55 5.02 6.29           OY294028.1  29955206  29956042 (63554068) C               Kuruka     Unspecified  (3983)    4850    4024    
   231 37.56 1.05 1.05           OY294028.1  29956372  29956562 (63553548) C               Kuruka     Unspecified  (5139)    3694    3504    
  2301 33.96 2.50 2.58           OY294028.1  30778388  30779708 (62730402) C               Kuruka     Unspecified  (4072)    4761    3442    
   350 33.42 4.09 3.80           OY294028.1  33458092  33458458 (60051652) +               Kuruka     Unspecified    4388    4755  (4078)    
   254 27.27 1.30 0.00           OY294028.1  33625566  33625642 (59884468) +               Kuruka     Unspecified    3525    3602  (5231)    
  1009 37.85 2.01 2.10           OY294028.1  33834657  33835703 (59674407) C               Kuruka     Unspecified  (4198)    4635    3590    
   857 37.53 3.34 2.10           OY294028.1  35178225  35179212 (58330898) C               Kuruka     Unspecified  (4244)    4589    3590    
  1699 35.08 1.82 2.10           OY294028.1  36483613  36484710 (57025400) C               Kuruka     Unspecified  (4251)    4582    3488    
  1792 31.77 1.81 1.93           OY294028.1  36639638  36640465 (56869645) C               Kuruka     Unspecified  (4075)    4758    3932    
   738 34.01 1.14 1.14           OY294028.1  36640535  36640885 (56869225) C               Kuruka     Unspecified  (4995)    3838    3488    
   279 24.64 1.43 1.43           OY294028.1  37065322  37065391 (56444719) C               Kuruka     Unspecified  (4340)    4493    4424    
   255 39.00 2.00 0.00           OY294028.1  37317153  37317352 (56192758) +               Kuruka     Unspecified    3452    3655  (5178)    
   231 35.48 0.80 0.80           OY294028.1  37319308  37319432 (56190678) +               Kuruka     Unspecified    4454    4578  (4255)    
   339 40.19 1.11 2.54           OY294028.1  37512411  37512770 (55997340) C               Kuruka     Unspecified  (4288)    4545    4191    
   375 35.40 5.87 1.40           OY294028.1  37512815  37513155 (55996955) C               Kuruka     Unspecified  (4947)    3886    3531    
  1246 37.16 3.48 2.90           OY294028.1  37771742  37773149 (55736961) +               Kuruka     Unspecified    3447    4862  (3971)    
  2275 33.48 1.93 2.02           OY294028.1  37911250  37912438 (55597672) C               Kuruka     Unspecified  (4190)    4643    3456    
   994 34.26 5.38 4.61           OY294028.1  38974557  38975783 (54534327) +               Kuruka     Unspecified    3610    4845  (3988)    
   332 35.00 0.62 0.62           OY294028.1  39942774  39942934 (53567176) +               Kuruka     Unspecified    3655    3815  (5018)    
   294 36.33 2.38 2.79           OY294028.1  41014816  41015067 (52495043) C               Kuruka     Unspecified  (4300)    4533    4283    
  1353 34.37 3.14 3.48           OY294028.1  41712376  41713587 (51796523) +               Kuruka     Unspecified    3463    4670  (4163)    
   264 28.41 2.22 2.22           OY294028.1  42724711  42724800 (50785310) +               Kuruka     Unspecified    3590    3679  (5154)    
   911 37.50 2.59 2.26           OY294028.1  42724972  42725896 (50784214) +               Kuruka     Unspecified    3708    4635  (4198)    
  1612 33.34 4.90 3.87           OY294028.1  42994443  42995849 (50514261) +               Kuruka     Unspecified    3437    4857  (3976)    
   308 35.92 2.38 2.79           OY294028.1  43676187  43676438 (49833672) +               Kuruka     Unspecified    4283    4533  (4300)    
  2111 34.66 1.62 1.71           OY294028.1  43730096  43731266 (49778844) C               Kuruka     Unspecified  (4176)    4657    3488    
  1742 34.52 2.10 2.28           OY294028.1  43841633  43842729 (49667381) +               Kuruka     Unspecified    3488    4582  (4251)    
   495 36.78 4.09 2.45           OY294028.1  43855134  43855696 (49654414) +               Kuruka     Unspecified    3462    4033  (4800)    
   432 34.22 3.25 4.29           OY294028.1  43983064  43983463 (49526647) +               Kuruka     Unspecified    4041    4436  (4397)    
  1316 34.22 2.64 4.01           OY294028.1  44065354  44066187 (49443923) +               Kuruka     Unspecified    3442    4264  (4569)    
   450 33.50 5.28 5.53           OY294028.1  44066192  44066608 (49443502) +               Kuruka     Unspecified    4346    4761  (4072)    
  2272 33.52 2.80 2.88           OY294028.1  45431597  45432917 (48077193) C               Kuruka     Unspecified  (4072)    4761    3442    
   231 31.04 2.01 2.70           OY294028.1  45528339  45528487 (47981623) +               Kuruka     Unspecified    4227    4374  (4459)    
  1842 34.84 2.41 1.62           OY294028.1  45533279  45534439 (47975671) C               Kuruka     Unspecified  (4176)    4657    3488    
   257 34.94 2.14 2.14           OY294028.1  45783439  45783672 (47726438) C               Kuruka     Unspecified  (4652)    4181    3948    
   462 30.57 4.40 3.16           OY294028.1  45783783  45784032 (47726078) C               Kuruka     Unspecified  (4996)    3837    3585    
  2341 33.77 2.42 2.50           OY294028.1  46673291  46674611 (46835499) C               Kuruka     Unspecified  (4072)    4761    3442    
  1459 36.07 3.32 2.45           OY294028.1  46810938  46812233 (46697877) +               Kuruka     Unspecified    3452    4758  (4075)    
  2309 33.93 2.42 2.50           OY294028.1  47217486  47218806 (46291304) +               Kuruka     Unspecified    3442    4761  (4072)    
  1768 34.88 1.82 2.01           OY294028.1  47556994  47558090 (45952020) C               Kuruka     Unspecified  (4251)    4582    3488    
   283 35.78 2.51 2.94           OY294028.1  47570539  47570777 (45939333) +               Kuruka     Unspecified    4283    4520  (4313)    
   750 35.33 3.01 3.40           OY294028.1  47722953  47723749 (45786361) C               Kuruka     Unspecified  (4581)    4252    3459    
  1367 34.90 2.80 3.14           OY294028.1  48068013  48069228 (45440882) C               Kuruka     Unspecified  (4163)    4670    3459    
   499 34.36 2.78 2.78           OY294028.1  48209787  48210253 (45299857) C               Kuruka     Unspecified  (3976)    4857    4391    
  2167 32.64 3.16 4.02           OY294028.1  48368261  48369591 (45140519) +               Kuruka     Unspecified    3442    4761  (4072)    
  1620 33.91 4.41 3.38           OY294028.1  48743950  48745356 (44764754) +               Kuruka     Unspecified    3437    4857  (3976)    
   242 30.30 2.94 2.94           OY294028.1  48939595  48939730 (44570380) C               Kuruka     Unspecified  (5118)    3715    3580    
  1432 35.02 2.46 2.56           OY294028.1  49392838  49393813 (44116297) +               Kuruka     Unspecified    3495    4469  (4364)    
  1118 36.55 3.83 3.32           OY294028.1  49518318  49519726 (43990384) +               Kuruka     Unspecified    3447    4862  (3971)    
  1241 36.34 4.28 3.25           OY294028.1  49640937  49642338 (43867772) +               Kuruka     Unspecified    3447    4862  (3971)    
  1765 34.88 1.82 2.01           OY294028.1  49659541  49660637 (43849473) +               Kuruka     Unspecified    3488    4582  (4251)    
  2304 33.93 2.42 2.50           OY294028.1  50076598  50077918 (43432192) +               Kuruka     Unspecified    3442    4761  (4072)    
  2130 34.03 2.73 2.80           OY294028.1  50685291  50686611 (42823499) +               Kuruka     Unspecified    3442    4761  (4072)    
  1918 33.41 5.70 2.58           OY294028.1  50988667  50989947 (42520163) C               Kuruka     Unspecified  (4072)    4761    3442    
   246 34.79 4.64 2.93           OY294028.1  51311926  51312227 (42197883) +               Kuruka     Unspecified    4227    4533  (4300)    
   528 35.12 2.84 3.72           OY294028.1  51789335  51789686 (41720424) C               Kuruka     Unspecified  (4501)    4332    3984    
   251 34.30 3.21 3.69           OY294028.1  52019618  52019835 (41490275) C               Kuruka     Unspecified  (4393)    4440    4224    
   344 32.29 5.19 4.80           OY294028.1  52020173  52020442 (41489668) C               Kuruka     Unspecified  (4996)    3837    3567    
   946 37.13 2.22 2.43           OY294028.1  52173006  52173996 (41336114) +               Kuruka     Unspecified    3590    4578  (4255)    
   297 36.70 3.20 2.65           OY294028.1  54775482  54775856 (38734254) C               Kuruka     Unspecified  (3975)    4858    4482    
   404 32.67 6.91 4.40           OY294028.1  54956726  54957058 (38553052) C               Kuruka     Unspecified  (4276)    4557    4217    
  1198 37.09 3.48 2.90           OY294028.1  55562912  55564319 (37945791) C               Kuruka     Unspecified  (3971)    4862    3447    
  2126 34.06 1.60 1.69           OY294028.1  56894586  56895708 (36614402) +               Kuruka     Unspecified    3536    4657  (4176)    
  1223 35.13 3.02 2.36           OY294028.1  58134607  58135533 (35374577) +               Kuruka     Unspecified    3650    4582  (4251)    
  2313 33.88 2.50 2.58           OY294028.1  58608756  58610076 (34900034) +               Kuruka     Unspecified    3442    4761  (4072)    
   607 33.83 4.85 4.47           OY294028.1  59954667  59955223 (33554887) +               Kuruka     Unspecified    4044    4602  (4231)    
   465 34.19 2.83 2.83           OY294028.1  60097589  60097871 (33412239) +               Kuruka     Unspecified    4388    4670  (4163)    
   634 32.57 5.71 5.09           OY294028.1  60254428  60254935 (33255175) C               Kuruka     Unspecified  (4190)    4643    4133    
   448 29.53 3.36 0.00           OY294028.1  60254989  60255137 (33254973) C               Kuruka     Unspecified  (5191)    3642    3489    
  1618 33.27 4.90 3.94           OY294028.1  60707036  60708443 (32801667) C               Kuruka     Unspecified  (3976)    4857    3437    
   269 33.64 0.00 0.00           OY294028.1  61343842  61343951 (32166159) +               Kuruka     Unspecified    3489    3598  (5235)    
   407 35.15 0.61 0.00           OY294028.1  62900039  62900203 (30609907) +               Kuruka     Unspecified    4461    4626  (4207)    
   306 35.76 6.67 1.94           OY294028.1  63032926  63033270 (30476840) +               Kuruka     Unspecified    3473    3833  (5000)    
   565 37.60 2.00 2.88           OY294028.1  63037795  63038495 (30471615) +               Kuruka     Unspecified    4065    4759  (4074)    
   394 30.71 0.00 0.00           OY294028.1  63238382  63238508 (30271602) +               Kuruka     Unspecified    3575    3701  (5132)    
   352 32.70 4.01 4.01           OY294028.1  63867464  63867737 (29642373) +               Kuruka     Unspecified    3567    3840  (4993)    
   236 25.37 0.00 0.00           OY294028.1  63882988  63883054 (29627056) +               Kuruka     Unspecified    3556    3622  (5211)    
   264 35.98 3.08 4.25           OY294028.1  63883457  63883813 (29626297) +               Kuruka     Unspecified    4025    4377  (4456)    
   763 35.51 3.23 3.39           OY294028.1  63964718  63965367 (29544743) +               Kuruka     Unspecified    4113    4761  (4072)    
   259 31.76 0.00 0.00           OY294028.1  66439171  66439255 (27070855) C               Kuruka     Unspecified  (4456)    4377    4293    
  1604 33.99 4.41 3.38           OY294028.1  68580334  68581740 (24928370) +               Kuruka     Unspecified    3437    4857  (3976)    
   356 31.36 12.20 2.22           OY294028.1  71232630  71232916 (22277194) +               Kuruka     Unspecified    4241    4555  (4278)    
  2313 33.88 2.50 2.58           OY294028.1  74053573  74054893 (19455217) +               Kuruka     Unspecified    3442    4761  (4072)    
   346 35.07 0.00 0.00           OY294028.1  75700589  75700722 (17809388) C               Kuruka     Unspecified  (4278)    4555    4422    
   465 37.37 4.77 2.74           OY294028.1  78880204  78880811 (14629299) +               Kuruka     Unspecified    3534    4153  (4680)    
  1087 34.14 6.85 2.97           OY294028.1  79471816  79472983 (14037127) C               Kuruka     Unspecified  (4163)    4670    3459    
   231 31.04 2.01 2.70           OY294028.1  81176839  81176987 (12333123) +               Kuruka     Unspecified    4227    4374  (4459)    
  1623 33.34 4.90 3.87           OY294028.1  91317131  91318537 (2191573) +               Kuruka     Unspecified    3437    4857  (3976)    
   295 35.48 7.69 3.51           OY294029.1   3745522   3746041 (49694557) C               Kuruka     Unspecified  (4300)    4533    3993    
  1583 33.50 4.90 3.87           OY294029.1   5163952   5165358 (48275240) +               Kuruka     Unspecified    3437    4857  (3976)    
  1238 36.40 3.99 3.39           OY294029.1   9126620   9127998 (44312600) +               Kuruka     Unspecified    3461    4847  (3986)    
   365 34.53 1.32 2.21           OY294029.1   9380216   9380443 (44060155) +               Kuruka     Unspecified    3461    3686  (5147)    
   383 29.33 5.34 5.34           OY294029.1   9380925   9381205 (44059393) +               Kuruka     Unspecified    4388    4668  (4165)    
   241 27.40 1.37 0.00           OY294029.1   9513647   9513719 (43926879) C               Kuruka     Unspecified  (4476)    4357    4284    
  2344 33.25 2.73 2.80           OY294029.1  10427435  10428755 (43011843) C               Kuruka     Unspecified  (4072)    4761    3442    
   361 36.74 3.12 1.71           OY294029.1  11454036  11454323 (41986275) C               Kuruka     Unspecified  (4250)    4583    4292    
   647 32.84 3.82 3.20           OY294029.1  11459632  11460128 (41980470) C               Kuruka     Unspecified  (3975)    4858    4359    
  1018 37.50 2.91 1.66           OY294029.1  11460094  11460985 (41979613) C               Kuruka     Unspecified  (4479)    4354    3452    
  2124 34.49 1.62 1.71           OY294029.1  11770514  11771684 (41668914) +               Kuruka     Unspecified    3488    4657  (4176)    
   351 37.95 0.51 0.00           OY294029.1  12259276  12259470 (41181128) C               Kuruka     Unspecified  (4278)    4555    4360    
   424 31.39 4.40 3.16           OY294029.1  12965978  12966227 (40474371) +               Kuruka     Unspecified    3585    3837  (4996)    
   263 34.94 2.14 2.14           OY294029.1  12966338  12966571 (40474027) +               Kuruka     Unspecified    3948    4181  (4652)    
   789 38.11 3.64 2.88           OY294029.1  13673894  13674963 (39765635) +               Kuruka     Unspecified    3447    4524  (4309)    
  1970 34.70 2.76 1.71           OY294029.1  13685906  13687063 (39753535) +               Kuruka     Unspecified    3488    4657  (4176)    
  2142 34.00 1.93 2.02           OY294029.1  14035353  14036541 (39404057) C               Kuruka     Unspecified  (4190)    4643    3456    
   298 28.42 1.11 2.25           OY294029.1  14531898  14531987 (38908611) +               Kuruka     Unspecified    4403    4491  (4342)    
  1564 36.21 3.08 2.35           OY294029.1  14658501  14659897 (38780701) C               Kuruka     Unspecified  (3975)    4858    3452    
   243 26.36 5.15 5.15           OY294029.1  14786078  14786213 (38654385) C               Kuruka     Unspecified  (5118)    3715    3580    
   965 36.12 2.08 2.08           OY294029.1  15712263  15712983 (37727615) C               Kuruka     Unspecified  (4165)    4668    3948    
  1768 34.49 2.01 2.19           OY294029.1  15908032  15909128 (37531470) +               Kuruka     Unspecified    3488    4582  (4251)    
  1227 37.09 3.48 2.90           OY294029.1  17232889  17234296 (36206302) +               Kuruka     Unspecified    3447    4862  (3971)    
   283 27.01 3.50 4.23           OY294029.1  17324509  17324651 (36115947) +               Kuruka     Unspecified    4203    4344  (4489)    
  2150 34.41 1.62 1.71           OY294029.1  17598323  17599493 (35841105) +               Kuruka     Unspecified    3488    4657  (4176)    
  2278 33.09 3.20 2.73           OY294029.1  17733026  17734339 (35706259) +               Kuruka     Unspecified    3442    4761  (4072)    
   560 32.38 2.80 3.97           OY294029.1  18361847  18362203 (35078395) +               Kuruka     Unspecified    4025    4377  (4456)    
   500 36.88 5.09 1.40           OY294029.1  19128910  19129459 (34311139) C               Kuruka     Unspecified  (4332)    4501    3932    
   251 37.80 1.22 0.00           OY294029.1  19129693  19129856 (34310742) C               Kuruka     Unspecified  (5216)    3617    3452    
   732 36.68 4.73 1.26           OY294029.1  19149306  19149918 (34290680) C               Kuruka     Unspecified  (4280)    4553    3920    
   238 30.00 1.10 1.10           OY294029.1  19150079  19150169 (34290429) C               Kuruka     Unspecified  (5103)    3730    3640    
   302 34.28 2.23 2.23           OY294029.1  19150303  19150481 (34290117) C               Kuruka     Unspecified  (5190)    3643    3465    
   430 32.26 3.12 3.12           OY294029.1  19208754  19208977 (34231621) C               Kuruka     Unspecified  (4222)    4611    4388    
   945 33.49 4.94 3.84           OY294029.1  19209006  19209856 (34230742) C               Kuruka     Unspecified  (4513)    4320    3461    
  1600 33.42 4.90 3.87           OY294029.1  30580024  30581430 (22859168) C               Kuruka     Unspecified  (3976)    4857    3437    
   965 36.58 0.79 0.95           OY294029.1  34992039  34992670 (18447928) C               Kuruka     Unspecified  (4255)    4578    3948    
  1401 34.36 2.92 1.89           OY294029.1  35981952  35982841 (17457757) +               Kuruka     Unspecified    3759    4657  (4176)    
  1804 34.70 1.82 2.01           OY294029.1  36277443  36278539 (17162059) +               Kuruka     Unspecified    3488    4582  (4251)    
   241 27.40 1.37 0.00           OY294029.1  36387506  36387578 (17053020) C               Kuruka     Unspecified  (4476)    4357    4284    
  1050 34.88 5.64 1.98           OY294029.1  36531002  36532171 (16908427) +               Kuruka     Unspecified    3459    4670  (4163)    
   230 25.42 0.00 0.00           OY294029.1  37240669  37240727 (16199871) +               Kuruka     Unspecified    4478    4536  (4297)    
  1352 35.16 2.68 3.44           OY294029.1  37355708  37356791 (16083807) C               Kuruka     Unspecified  (4263)    4570    3495    
  1288 34.81 3.04 3.38           OY294029.1  38250629  38251844 (15188754) +               Kuruka     Unspecified    3459    4670  (4163)    
  1243 37.34 3.41 2.82           OY294029.1  38620996  38622403 (14818195) +               Kuruka     Unspecified    3447    4862  (3971)    
   373 37.31 4.85 0.00           OY294029.1  39701202  39701469 (13739129) C               Kuruka     Unspecified  (5004)    3829    3549    
  2256 34.16 2.19 2.35           OY294029.1  39913363  39914684 (13525914) C               Kuruka     Unspecified  (4072)    4761    3442    
  1439 34.88 2.66 2.77           OY294029.1  40097692  40098667 (13341931) +               Kuruka     Unspecified    3495    4469  (4364)    
  1654 34.80 2.95 2.01           OY294029.1  40277326  40278410 (13162188) +               Kuruka     Unspecified    3488    4582  (4251)    
   560 32.38 2.80 3.97           OY294029.1  40412441  40412797 (13027801) +               Kuruka     Unspecified    4025    4377  (4456)    
   721 35.92 4.22 4.72           OY294029.1  40456363  40457192 (12983406) +               Kuruka     Unspecified    3585    4410  (4423)    
   308 35.92 2.38 2.79           OY294029.1  41150663  41150914 (12289684) +               Kuruka     Unspecified    4283    4533  (4300)    
   853 34.40 2.70 1.79           OY294029.1  42150306  42150749 (11289849) +               Kuruka     Unspecified    3625    4072  (4761)    
   231 31.04 2.01 2.70           OY294029.1  42339992  42340140 (11100458) +               Kuruka     Unspecified    4227    4374  (4459)    
   486 32.58 5.32 4.49           OY294029.1  42491061  42491436 (10949162) +               Kuruka     Unspecified    4383    4761  (4072)    
  1218 37.30 3.48 2.90           OY294029.1  42852567  42853974 (10586624) +               Kuruka     Unspecified    3447    4862  (3971)    
   309 34.04 8.18 2.08           OY294029.1  42960623  42960940 (10479658) +               Kuruka     Unspecified    3504    3840  (4993)    
   338 35.57 2.78 3.93           OY294029.1  42961156  42961515 (10479083) +               Kuruka     Unspecified    4056    4411  (4422)    
  1356 34.33 3.12 3.47           OY294029.1  43564727  43565942 (9874656) +               Kuruka     Unspecified    3459    4670  (4163)    
   332 35.00 0.62 0.62           OY294029.1  43790124  43790284 (9650314) C               Kuruka     Unspecified  (5018)    3815    3655    
  1691 34.01 4.68 2.21           OY294029.1  44867158  44868438 (8572160) +               Kuruka     Unspecified    3452    4763  (4070)    
  1554 36.38 2.47 1.68           OY294029.1  44905922  44907218 (8533380) +               Kuruka     Unspecified    3452    4758  (4075)    
   593 34.39 2.78 3.74           OY294029.1  46198302  46198733 (7241865) +               Kuruka     Unspecified    3984    4411  (4422)    
  1312 35.24 2.80 3.14           OY294029.1  46902543  46903758 (6536840) C               Kuruka     Unspecified  (4163)    4670    3459    
   740 35.12 4.82 5.33           OY294029.1  47573586  47574415 (5866183) +               Kuruka     Unspecified    3585    4410  (4423)    
   242 37.56 1.05 1.05           OY294030.1   4850404   4850594 (44054681) +               Kuruka     Unspecified    3504    3694  (5139)    
   371 34.22 5.05 6.46           OY294030.1   4850930   4851760 (44053515) +               Kuruka     Unspecified    4031    4850  (3983)    
  2275 33.48 1.93 2.02           OY294030.1   5744910   5746098 (43159177) +               Kuruka     Unspecified    3456    4643  (4190)    
  2376 33.69 2.42 2.50           OY294030.1  14313699  14315019 (34590256) +               Kuruka     Unspecified    3442    4761  (4072)    
  1600 33.42 4.90 3.87           OY294030.1  14446824  14448230 (34457045) C               Kuruka     Unspecified  (3976)    4857    3437    
  1216 37.30 3.48 2.90           OY294030.1  15081495  15082902 (33822373) C               Kuruka     Unspecified  (3971)    4862    3447    
   492 38.29 1.93 2.15           OY294030.1  15702097  15702563 (33202712) C               Kuruka     Unspecified  (4276)    4557    4092    
   282 37.49 4.67 3.74           OY294030.1  15702976  15703532 (33201743) C               Kuruka     Unspecified  (4755)    4078    3517    
   693 34.28 3.02 3.47           OY294030.1  18068201  18068895 (30836380) +               Kuruka     Unspecified    3459    4150  (4683)    
   559 32.08 2.80 3.97           OY294030.1  18102517  18102873 (30802402) +               Kuruka     Unspecified    4025    4377  (4456)    
  2186 33.83 2.33 1.97           OY294030.1  19025884  19027044 (29878231) C               Kuruka     Unspecified  (4227)    4606    3442    
  2264 34.47 2.20 2.27           OY294030.1  19183054  19184374 (29720901) +               Kuruka     Unspecified    3442    4761  (4072)    
   387 34.94 4.30 5.21           OY294030.1  20244749  20245213 (28660062) C               Kuruka     Unspecified  (4422)    4411    3951    
   278 34.12 3.64 5.17           OY294030.1  20245335  20245609 (28659666) C               Kuruka     Unspecified  (5004)    3829    3559    
   906 38.90 1.66 1.77           OY294030.1  23032390  23033352 (25871923) +               Kuruka     Unspecified    3590    4551  (4282)    
  1477 35.81 2.92 2.05           OY294030.1  23329448  23330610 (25574665) C               Kuruka     Unspecified  (4070)    4763    3591    
   244 32.49 4.94 1.19           OY294030.1  23339840  23340001 (25565274) C               Kuruka     Unspecified  (5229)    3604    3437    
   231 31.04 2.01 2.70           OY294030.1  24116685  24116833 (24788442) +               Kuruka     Unspecified    4227    4374  (4459)    
   292 36.84 3.50 4.24           OY294030.1  24172551  24172978 (24732297) C               Kuruka     Unspecified  (4461)    4372    3948    
   268 35.32 4.08 4.08           OY294030.1  24173094  24173338 (24731937) C               Kuruka     Unspecified  (5001)    3832    3588    
  1231 37.23 3.48 2.90           OY294030.1  24256109  24257516 (24647759) +               Kuruka     Unspecified    3447    4862  (3971)    
   226 31.14 2.56 3.23           OY294030.1  24926983  24927138 (23978137) C               Kuruka     Unspecified  (4459)    4374    4220    
   528 36.81 4.14 1.00           OY294030.1  24963576  24964058 (23941217) +               Kuruka     Unspecified    4083    4580  (4253)    
   869 32.69 3.70 2.44           OY294030.1  24967410  24967895 (23937380) C               Kuruka     Unspecified  (4280)    4553    4062    
  1676 34.86 4.71 1.93           OY294030.1  25334780  25336139 (23569136) +               Kuruka     Unspecified    3461    4857  (3976)    
  1238 37.16 3.48 2.90           OY294030.1  25540278  25541685 (23363590) +               Kuruka     Unspecified    3447    4862  (3971)    
   392 35.59 6.64 3.75           OY294030.1  26258711  26259177 (22646098) +               Kuruka     Unspecified    4045    4524  (4309)    
   568 31.37 0.78 0.78           OY294030.1  26484158  26484414 (22420861) C               Kuruka     Unspecified  (5118)    3715    3459    
   599 36.19 2.39 4.14           OY294030.1  26591605  26592022 (22313253) C               Kuruka     Unspecified  (4199)    4634    4224    
   475 37.31 4.59 1.55           OY294030.1  26592110  26592610 (22312665) C               Kuruka     Unspecified  (4728)    4105    3590    
   373 36.31 2.82 2.56           OY294030.1  27188957  27189346 (21715929) C               Kuruka     Unspecified  (4390)    4443    4053    
   379 35.87 2.94 3.24           OY294030.1  27189418  27189757 (21715518) C               Kuruka     Unspecified  (4278)    4555    4217    
   281 31.33 9.13 1.79           OY294030.1  27190098  27190305 (21714970) C               Kuruka     Unspecified  (5001)    3832    3610    
  2133 34.49 1.62 1.71           OY294030.1  27799461  27800631 (21104644) C               Kuruka     Unspecified  (4176)    4657    3488    
   284 33.01 8.86 1.57           OY294030.1  29249817  29250053 (19655222) C               Kuruka     Unspecified  (5115)    3718    3465    
  2120 33.59 2.52 2.78           OY294030.1  30086395  30087585 (18817690) +               Kuruka     Unspecified    3456    4643  (4190)    
   235 30.56 2.68 3.38           OY294030.1  31478161  31478309 (17426966) C               Kuruka     Unspecified  (4459)    4374    4227    
   261 33.98 0.00 0.00           OY294030.1  31708852  31708954 (17196321) +               Kuruka     Unspecified    4482    4584  (4249)    
   416 34.75 2.45 5.40           OY294030.1  33919451  33919736 (14985539) C               Kuruka     Unspecified  (4186)    4647    4370    
  2293 34.32 2.20 2.27           OY294030.1  33981067  33982387 (14922888) +               Kuruka     Unspecified    3442    4761  (4072)    
   330 33.09 0.75 0.75           OY294030.1  36998744  36998877 (11906398) C               Kuruka     Unspecified  (4278)    4555    4422    
   659 37.14 3.92 1.32           OY294030.1  37693809  37694471 (11210804) +               Kuruka     Unspecified    3444    4123  (4710)    
   503 31.82 4.03 2.99           OY294030.1  37694563  37694860 (11210415) +               Kuruka     Unspecified    4275    4575  (4258)    
   231 31.04 2.01 2.70           OY294030.1  48316227  48316375 (588900) +               Kuruka     Unspecified    4227    4374  (4459)    
   300 37.44 6.92 0.36           OY294031.1   6499525   6499784 (34897539) C               Kuruka     Unspecified  (4288)    4545    4269    
   275 34.50 7.58 0.47           OY294031.1   6499872   6500069 (34897254) C               Kuruka     Unspecified  (5115)    3718    3507    
   254 32.41 0.00 0.93           OY294031.1   7760910   7761018 (33636305) +               Kuruka     Unspecified    3536    3643  (5190)    
   325 37.44 0.53 1.06           OY294031.1   8920042   8920230 (32477093) +               Kuruka     Unspecified    3956    4143  (4690)    
   727 35.25 4.82 5.33           OY294031.1   8927399   8928228 (32469095) +               Kuruka     Unspecified    3585    4410  (4423)    
   373 22.99 3.10 5.56           OY294031.1  11634243  11634371 (29762952) +               Kuruka     Unspecified    3507    3632  (5201)    
  1600 33.42 4.90 3.87           OY294031.1  12009971  12011377 (29385946) C               Kuruka     Unspecified  (3976)    4857    3437    
  1227 35.86 3.19 2.01           OY294031.1  12724856  12725888 (28671435) C               Kuruka     Unspecified  (4253)    4580    3536    
   330 34.10 7.02 3.10           OY294031.1  14117347  14117688 (27279635) +               Kuruka     Unspecified    3462    3816  (5017)    
   302 30.28 3.75 5.06           OY294031.1  14118038  14118197 (27279126) +               Kuruka     Unspecified    4421    4578  (4255)    
   255 34.00 0.64 2.60           OY294031.1  14202224  14202380 (27194943) C               Kuruka     Unspecified  (4196)    4637    4484    
   686 35.23 6.85 0.86           OY294031.1  14810199  14810636 (26586687) C               Kuruka     Unspecified  (4278)    4555    4092    
  1265 36.45 3.95 3.36           OY294031.1  14870876  14872266 (26525057) C               Kuruka     Unspecified  (3974)    4859    3461    
   452 32.16 7.08 3.42           OY294031.1  14982166  14982532 (26414791) +               Kuruka     Unspecified    3461    3840  (4993)    
   389 32.86 0.00 0.00           OY294031.1  15644096  15644235 (25753088) C               Kuruka     Unspecified  (5109)    3724    3585    
   350 33.41 8.27 2.03           OY294031.1  17029380  17029657 (24367666) +               Kuruka     Unspecified    4059    4353  (4480)    
  1231 31.86 4.36 4.48           OY294031.1  17079776  17080669 (24316654) C               Kuruka     Unspecified  (3976)    4857    3965    
  1170 37.45 3.48 2.90           OY294031.1  17505115  17506522 (23890801) +               Kuruka     Unspecified    3447    4862  (3971)    
  1600 33.42 4.90 3.87           OY294031.1  17671297  17672703 (23724620) C               Kuruka     Unspecified  (3976)    4857    3437    
   332 35.00 0.62 0.62           OY294031.1  18767194  18767354 (22629969) C               Kuruka     Unspecified  (5018)    3815    3655    
   263 32.55 4.21 5.57           OY294031.1  20338564  20338872 (21058451) +               Kuruka     Unspecified    3948    4252  (4581)    
   367 32.92 11.98 1.90           OY294031.1  20338920  20339303 (21058020) +               Kuruka     Unspecified    4342    4763  (4070)    
   268 28.09 0.00 0.00           OY294031.1  20352854  20352942 (21044381) C               Kuruka     Unspecified  (5199)    3634    3546    
   235 23.23 0.00 1.79           OY294031.1  20943131  20943187 (20454136) C               Kuruka     Unspecified  (6344)    2489    2434    
  1223 37.23 3.48 2.90           OY294031.1  20955513  20956920 (20440403) +               Kuruka     Unspecified    3447    4862  (3971)    
  2306 34.01 2.42 2.50           OY294031.1  21087936  21089256 (20308067) C               Kuruka     Unspecified  (4072)    4761    3442    
  1592 34.06 4.41 3.38           OY294031.1  21139330  21140736 (20256587) C               Kuruka     Unspecified  (3976)    4857    3437    
   425 32.76 4.30 6.13           OY294031.1  21432716  21433180 (19964143) +               Kuruka     Unspecified    4394    4850  (3983)    
  1592 36.26 2.54 1.76           OY294031.1  21614792  21616088 (19781235) +               Kuruka     Unspecified    3452    4758  (4075)    
  1608 33.99 4.41 3.38           OY294031.1  21770124  21771530 (19625793) +               Kuruka     Unspecified    3437    4857  (3976)    
  2296 33.39 1.93 2.02           OY294031.1  21826290  21827478 (19569845) +               Kuruka     Unspecified    3456    4643  (4190)    
   649 37.89 0.89 0.67           OY294031.1  22229499  22229947 (19167376) C               Kuruka     Unspecified  (4332)    4501    4052    
   399 32.29 7.79 0.81           OY294031.1  22599222  22599452 (18797871) C               Kuruka     Unspecified  (4483)    4350    4104    
  1284 36.81 3.55 2.97           OY294031.1  22677238  22678645 (18718678) C               Kuruka     Unspecified  (3971)    4862    3447    
   913 30.40 0.83 5.49           OY294031.1  24313822  24314183 (17083140) C               Kuruka     Unspecified  (4288)    4545    4200    
   596 34.46 1.21 1.52           OY294031.1  24314458  24314787 (17082536) C               Kuruka     Unspecified  (4983)    3850    3522    
  2376 33.69 2.42 2.50           OY294031.1  25356016  25357336 (16039987) C               Kuruka     Unspecified  (4072)    4761    3442    
  1246 37.16 3.48 2.90           OY294031.1  32119497  32120904 (9276419) C               Kuruka     Unspecified  (3971)    4862    3447    
   231 31.04 2.01 2.70           OY294031.1  39472891  39473039 (1924284) C               Kuruka     Unspecified  (4459)    4374    4227    
  1600 33.42 4.90 3.87           OY294031.1  40701142  40702548 (694775) +               Kuruka     Unspecified    3437    4857  (3976)    
   282 31.96 0.00 0.00           OY294032.1   5486982   5487078 (35125948) +               Kuruka     Unspecified    4473    4569  (4264)    
   295 35.71 0.60 0.00           OY294032.1   5492609   5492776 (35120250) +               Kuruka     Unspecified    4473    4641  (4192)    
   377 25.81 0.00 0.00           OY294032.1   6083699   6083791 (34529235) +               Kuruka     Unspecified    3511    3603  (5230)    
  1274 36.37 3.95 3.36           OY294032.1   8073707   8075097 (32537929) C               Kuruka     Unspecified  (3974)    4859    3461    
  1618 33.34 4.90 3.87           OY294032.1   8339512   8340918 (32272108) C               Kuruka     Unspecified  (3976)    4857    3437    
   472 32.94 0.58 0.58           OY294032.1   8452560   8452730 (32160296) C               Kuruka     Unspecified  (4278)    4555    4385    
  2301 33.96 2.50 2.58           OY294032.1   8469486   8470806 (32142220) +               Kuruka     Unspecified    3442    4761  (4072)    
   464 32.94 0.58 0.58           OY294032.1   8474337   8474507 (32138519) C               Kuruka     Unspecified  (4278)    4555    4385    
  1342 34.41 3.12 3.47           OY294032.1   9372139   9373354 (31239672) +               Kuruka     Unspecified    3459    4670  (4163)    
  2048 34.93 1.36 1.71           OY294032.1   9423534   9424707 (31188319) +               Kuruka     Unspecified    3488    4657  (4176)    
   294 36.66 1.10 1.10           OY294032.1   9653947   9654128 (30958898) C               Kuruka     Unspecified  (4287)    4546    4365    
   428 37.63 3.17 3.17           OY294032.1   9654273   9654840 (30958186) C               Kuruka     Unspecified  (4676)    4157    3590    
  2396 33.20 2.69 2.04           OY294032.1   9737083   9738346 (30874680) C               Kuruka     Unspecified  (4073)    4760    3489    
   235 23.23 0.00 1.79           OY294032.1   9739538   9739594 (30873432) C               Kuruka     Unspecified  (6344)    2489    2434    
  2236 34.70 2.20 1.97           OY294032.1  10641122  10642438 (29970588) +               Kuruka     Unspecified    3442    4761  (4072)    
   235 23.23 0.00 1.79           OY294032.1  11114631  11114687 (29498339) C               Kuruka     Unspecified  (6344)    2489    2434    
   694 36.72 1.60 1.14           OY294032.1  11253775  11254212 (29358814) C               Kuruka     Unspecified  (4272)    4561    4122    
  2218 33.19 2.10 2.19           OY294032.1  11297966  11299154 (29313872) +               Kuruka     Unspecified    3456    4643  (4190)    
   242 24.60 7.35 7.35           OY294032.1  11429034  11429169 (29183857) C               Kuruka     Unspecified  (5118)    3715    3580    
  1359 34.33 3.12 3.47           OY294032.1  12069564  12070779 (28542247) +               Kuruka     Unspecified    3459    4670  (4163)    
   283 35.92 3.29 3.29           OY294032.1  12581737  12581949 (28031077) +               Kuruka     Unspecified    4121    4333  (4500)    
   917 32.80 3.71 1.50           OY294032.1  12596483  12596940 (28016086) +               Kuruka     Unspecified    4113    4580  (4253)    
   255 31.50 3.70 4.26           OY294032.1  12609472  12609660 (28003366) +               Kuruka     Unspecified    4224    4411  (4422)    
   242 30.30 2.94 2.94           OY294032.1  13182645  13182780 (27430246) +               Kuruka     Unspecified    3580    3715  (5118)    
  1486 36.17 3.43 1.61           OY294032.1  13302308  13303591 (27309435) C               Kuruka     Unspecified  (4075)    4758    3452    
   457 33.99 2.28 4.66           OY294032.1  21944822  21945216 (18667810) +               Kuruka     Unspecified    4026    4411  (4422)    
  2149 34.00 1.93 2.02           OY294032.1  22176485  22177673 (18435353) C               Kuruka     Unspecified  (4190)    4643    3456    
   231 31.04 2.01 2.70           OY294032.1  22408858  22409006 (18204020) +               Kuruka     Unspecified    4227    4374  (4459)    
   303 34.61 1.89 1.89           OY294032.1  25080654  25080865 (15532161) +               Kuruka     Unspecified    4122    4333  (4500)    
   347 38.16 1.06 2.43           OY294032.1  25080871  25081246 (15531780) +               Kuruka     Unspecified    4396    4766  (4067)    
   242 30.30 2.94 2.94           OY294032.1  25136328  25136463 (15476563) +               Kuruka     Unspecified    3580    3715  (5118)    
  2075 34.06 3.71 2.52           OY294032.1  25180432  25181726 (15431300) C               Kuruka     Unspecified  (4072)    4761    3452    
   228 22.61 0.00 3.23           OY294032.1  25222004  25222067 (15390959) C               Kuruka     Unspecified  (5239)    3594    3533    
  1600 33.42 4.90 3.87           OY294032.1  25286576  25287982 (15325044) +               Kuruka     Unspecified    3437    4857  (3976)    
   242 30.30 2.94 2.94           OY294032.1  25318938  25319073 (15293953) +               Kuruka     Unspecified    3580    3715  (5118)    
  2075 34.06 3.71 2.52           OY294032.1  25369625  25370919 (15242107) C               Kuruka     Unspecified  (4072)    4761    3452    
   228 22.61 0.00 3.23           OY294032.1  25411197  25411260 (15201766) C               Kuruka     Unspecified  (5239)    3594    3533    
  1772 34.88 1.82 2.01           OY294032.1  29417806  29418902 (11194124) C               Kuruka     Unspecified  (4251)    4582    3488    
   227 32.98 1.06 0.00           OY294032.1  30652607  30652700 (9960326) +               Kuruka     Unspecified    4484    4578  (4255)    
   527 37.87 4.44 2.62           OY294032.1  32321061  32321849 (8291177) +               Kuruka     Unspecified    3920    4722  (4111)    
  1607 33.34 4.90 3.87           OY294032.1  32982821  32984227 (7628799) +               Kuruka     Unspecified    3437    4857  (3976)    
   720 30.44 1.96 2.30           OY294032.1  36038040  36038345 (4574681) C               Kuruka     Unspecified  (4190)    4643    4339    
   484 34.67 1.08 1.08           OY294033.1   4608294   4608570 (28407144) C               Kuruka     Unspecified  (4165)    4668    4392    
  2301 33.96 2.50 2.58           OY294033.1   7567234   7568554 (25447160) C               Kuruka     Unspecified  (4072)    4761    3442    
  1608 33.99 4.41 3.38           OY294033.1   8106002   8107408 (24908306) +               Kuruka     Unspecified    3437    4857  (3976)    
   288 37.29 3.85 4.23           OY294033.1   8382426   8382971 (24632743) +               Kuruka     Unspecified    3993    4536  (4297)    
   473 32.92 6.79 3.42           OY294033.1  13231819  13232186 (19783528) +               Kuruka     Unspecified    3461    3840  (4993)    
  2314 34.03 2.27 2.27           OY294033.1  14096156  14097475 (18918239) +               Kuruka     Unspecified    3442    4761  (4072)    
   345 39.78 0.00 0.00           OY294033.1  14684347  14684532 (18331182) C               Kuruka     Unspecified  (4265)    4568    4383    
  2376 33.69 2.42 2.50           OY294033.1  15661403  15662723 (17352991) C               Kuruka     Unspecified  (4072)    4761    3442    
  2254 34.19 2.50 2.58           OY294033.1  18077013  18078333 (14937381) C               Kuruka     Unspecified  (4072)    4761    3442    
   239 38.13 0.71 0.71           OY294033.1  18129300  18129439 (14886275) C               Kuruka     Unspecified  (4755)    4078    3939    
   293 37.24 1.42 2.88           OY294033.1  18149333  18149614 (14866100) C               Kuruka     Unspecified  (4764)    4069    3792    
   287 35.04 2.14 2.14           OY294033.1  18849746  18849885 (14165829) C               Kuruka     Unspecified  (4279)    4554    4415    
  1600 33.42 4.90 3.87           OY294033.1  19130880  19132286 (13883428) C               Kuruka     Unspecified  (3976)    4857    3437    
   334 34.45 0.53 2.72           OY294033.1  20776106  20776293 (12239421) C               Kuruka     Unspecified  (4337)    4496    4313    
   237 27.54 0.00 0.00           OY294033.1  20776294  20776362 (12239352) C               Kuruka     Unspecified  (4580)    4253    4185    
   378 34.57 5.78 1.63           OY294033.1  21003335  21003628 (12012086) +               Kuruka     Unspecified    4275    4580  (4253)    
   439 33.77 1.56 4.00           OY294033.1  21013396  21013651 (12002063) +               Kuruka     Unspecified    4328    4577  (4256)    
   400 34.15 0.61 0.61           OY294033.1  21844539  21844703 (11171011) C               Kuruka     Unspecified  (4278)    4555    4391    
  1227 37.36 3.27 2.68           OY294033.1  22363959  22365366 (10650348) C               Kuruka     Unspecified  (3971)    4862    3447    
   268 27.95 5.32 1.02           OY294033.1  23060450  23060543 (9955171) +               Kuruka     Unspecified    3503    3600  (5233)    
  1580 33.50 4.90 3.87           OY294033.1  23148807  23150213 (9865501) C               Kuruka     Unspecified  (3976)    4857    3437    
   274 38.33 0.60 0.60           OY294033.1  27768187  27768354 (5247360) +               Kuruka     Unspecified    4384    4551  (4282)    
  1597 33.42 4.90 3.87           OY294033.1  29598713  29600119 (3415595) +               Kuruka     Unspecified    3437    4857  (3976)    
  1638 33.83 4.41 3.38           OY294033.1  31703421  31704827 (1310887) C               Kuruka     Unspecified  (3976)    4857    3437    
   365 34.71 7.52 0.35           OY294034.1   2530101   2530366 (30429553) +               Kuruka     Unspecified    4294    4578  (4255)    
  2253 33.65 1.93 2.02           OY294034.1   4896725   4897913 (28062006) +               Kuruka     Unspecified    3456    4643  (4190)    
  1772 34.88 1.82 2.01           OY294034.1   6520413   6521509 (26438410) C               Kuruka     Unspecified  (4251)    4582    3488    
  1991 35.10 1.62 1.71           OY294034.1   9587456   9588626 (23371293) C               Kuruka     Unspecified  (4176)    4657    3488    
   247 13.04 4.35 0.00           OY294034.1  10080968  10081013 (22878906) C               Kuruka     Unspecified  (1645)    7188    7141    
   265 32.80 4.80 0.00           OY294034.1  11734244  11734368 (21225551) C               Kuruka     Unspecified  (5214)    3619    3489    
   464 32.71 5.86 3.02           OY294034.1  13533061  13533350 (19426569) +               Kuruka     Unspecified    4292    4589  (4244)    
   398 32.40 3.60 4.07           OY294034.1  14113919  14114140 (18845779) C               Kuruka     Unspecified  (4228)    4605    4385    
   349 28.99 4.37 2.87           OY294034.1  14114160  14114365 (18845554) C               Kuruka     Unspecified  (4530)    4303    4095    
   745 31.76 2.65 5.94           OY294034.1  14114655  14115106 (18844813) C               Kuruka     Unspecified  (4954)    3879    3442    
  2264 34.47 2.20 2.27           OY294034.1  14739933  14741253 (18218666) +               Kuruka     Unspecified    3442    4761  (4072)    
   368 35.54 2.02 2.02           OY294034.1  14965814  14966060 (17993859) C               Kuruka     Unspecified  (4262)    4571    4325    
   662 36.56 4.72 1.62           OY294034.1  14966867  14967586 (17992333) C               Kuruka     Unspecified  (4500)    4333    3592    
  1139 35.95 2.39 2.95           OY294034.1  15531691  15532779 (17427140) C               Kuruka     Unspecified  (4292)    4541    3459    
  1090 37.94 1.71 1.40           OY294034.1  15558121  15559117 (17400802) +               Kuruka     Unspecified    3590    4589  (4244)    
  1206 37.23 3.48 2.90           OY294034.1  16994192  16995599 (15964320) C               Kuruka     Unspecified  (3971)    4862    3447    
   225 29.57 1.71 1.71           OY294034.1  17225431  17225547 (15734372) C               Kuruka     Unspecified  (4627)    4206    4090    
  1324 34.41 2.88 3.14           OY294034.1  17895018  17896232 (15063687) C               Kuruka     Unspecified  (4163)    4670    3459    
  1616 33.34 4.90 3.87           OY294034.1  17901361  17902767 (15057152) C               Kuruka     Unspecified  (3976)    4857    3437    
  1268 34.53 3.21 3.47           OY294034.1  18634031  18635245 (14324674) +               Kuruka     Unspecified    3459    4670  (4163)    
  1984 35.03 2.23 2.15           OY294034.1  19218117  19219280 (13740639) +               Kuruka     Unspecified    3442    4606  (4227)    
  1083 36.51 2.40 2.51           OY294034.1  19296063  19296978 (13662941) C               Kuruka     Unspecified  (3971)    4862    3948    
   417 35.16 1.16 1.16           OY294034.1  19308195  19308453 (13651466) C               Kuruka     Unspecified  (5114)    3719    3461    
  1762 35.02 2.03 2.12           OY294034.1  19332013  19333144 (13626775) +               Kuruka     Unspecified    3452    4582  (4251)    
  2120 34.49 1.62 1.71           OY294034.1  20423222  20424392 (12535527) C               Kuruka     Unspecified  (4176)    4657    3488    
   231 31.04 2.01 2.70           OY294034.1  21602957  21603105 (11356814) C               Kuruka     Unspecified  (4459)    4374    4227    
   885 38.42 1.44 1.56           OY294034.1  22614645  22615477 (10344442) C               Kuruka     Unspecified  (4255)    4578    3747    
  1608 33.99 4.41 3.38           OY294034.1  30137436  30138842 (2821077) C               Kuruka     Unspecified  (3976)    4857    3437    
