  229 32.77  4.32  4.32            OW052087.1  4998107  4998291 (22893784)  +          Kuruka  Unspecified (22893784)  4998107  4998291
  894 38.00  2.11  2.20            OW052087.1 11164239 11165422 (16726653)  +          Kuruka  Unspecified (16726653) 11164239 11165422
  374 35.51  3.24  1.59            OW052087.1 11930832 11931140 (15960935)  +          Kuruka  Unspecified (15960935) 11930832 11931140
  471 37.60  2.69  2.82            OW052087.1 16093718 16094497 (11797578)  +          Kuruka  Unspecified (11797578) 16093718 16094497
  243 23.21  0.00  0.00            OW052087.1 22328477 22328532 (5563543)  +          Kuruka  Unspecified (5563543) 22328477 22328532
 1573 35.26  1.46  1.55            OW052087.1 22598066 22599226 (5292849)  +          Kuruka  Unspecified (5292849) 22598066 22599226
  442 33.12  0.00  0.00            OW052087.1 25850026 25850185 (2041890)  +          Kuruka  Unspecified (2041890) 25850026 25850185
 1788 34.94  3.03  2.64            OW052087.1 27296747 27298066 (594009)  +          Kuruka  Unspecified (594009) 27296747 27298066
  409 36.97  3.46  3.59            OW052087.1  3130756  3131535 (24760540)  C          Kuruka  Unspecified (24760540)  3130756  3131535
  555 34.77  3.02  3.26            OW052087.1  3474967  3475397 (24416678)  C          Kuruka  Unspecified (24416678)  3474967  3475397
  309 30.32  1.28 10.19            OW052087.1  3692206  3692440 (24199635)  C          Kuruka  Unspecified (24199635)  3692206  3692440
  241 34.81  1.10  0.00            OW052087.1  3692710  3693256 (24199275)  C          Kuruka  Unspecified (24199275)  3692710  3693256
  225 30.92  6.98  2.22            OW052087.1  4048492  4048620 (23843455)  C          Kuruka  Unspecified (23843455)  4048492  4048620
  729 33.63  2.86  3.93            OW052087.1  6359600  6360088 (21531987)  C          Kuruka  Unspecified (21531987)  6359600  6360088
  331 36.00  3.01  5.90            OW052087.1  6362980  6363345 (21528730)  C          Kuruka  Unspecified (21528730)  6362980  6363345
  240 24.56  0.00  0.00            OW052087.1  8001410  8001466 (19890609)  C          Kuruka  Unspecified (19890609)  8001410  8001466
  838 36.99  2.90  5.45            OW052087.1 11821570 11822810 (16069265)  C          Kuruka  Unspecified (16069265) 11821570 11822810
  243 32.78  5.98  6.40            OW052087.1 11960441 11960691 (15931384)  C          Kuruka  Unspecified (15931384) 11960441 11960691
  838 36.60  2.39  2.49            OW052087.1 15312480 15313485 (12578590)  C          Kuruka  Unspecified (12578590) 15312480 15313485
  259 37.92  2.57  2.75            OW052087.1 18245947 18246529 (9645546)  C          Kuruka  Unspecified (9645546) 18245947 18246529
  312 31.76  1.40  4.81            OW052088.1 15894302 15894516 (3220922)  +          Kuruka  Unspecified (3220922) 15894302 15894516
  225 38.43  2.50  2.68            OW052088.1 16356871 16357469 (2757969)  +          Kuruka  Unspecified (2757969) 16356871 16357469
  420 33.75  0.00  0.00            OW052088.1 19029728 19029887  (85551)  +          Kuruka  Unspecified  (85551) 19029728 19029887
  412 34.21  4.93  3.98            OW052088.1   192780   193327 (18922111)  C          Kuruka  Unspecified (18922111)   192780   193327
  270 32.57  5.38  5.38            OW052088.1   193639   193917 (18921521)  C          Kuruka  Unspecified (18921521)   193639   193917
  397 31.74  4.55  4.89            OW052088.1  2430177  2430484 (16684954)  C          Kuruka  Unspecified (16684954)  2430177  2430484
  257 37.73  2.69  2.82            OW052088.1 13679757 13680536 (5434902)  C          Kuruka  Unspecified (5434902) 13679757 13680536
  268 35.52  1.30  1.30            OW052089.1  1611563  1611716 (16549518)  +          Kuruka  Unspecified (16549518)  1611563  1611716
  402 38.13  2.69  2.82            OW052089.1  2557104  2557883 (15603351)  +          Kuruka  Unspecified (15603351)  2557104  2557883
  310 30.19  6.60  0.00            OW052089.1 11828018 11828123 (6333111)  +          Kuruka  Unspecified (6333111) 11828018 11828123
 2270 33.74  1.68  1.86            OW052089.1 13424750 13425936 (4735298)  +          Kuruka  Unspecified (4735298) 13424750 13425936
  393 34.75  3.00  3.00            OW052089.1   787449   787715 (17373519)  C          Kuruka  Unspecified (17373519)   787449   787715
  239 23.72  3.92  4.95            OW052089.1  4959648  4959749 (13201485)  C          Kuruka  Unspecified (13201485)  4959648  4959749
  431 37.99  2.69  2.82            OW052089.1  6102083  6102862 (12058372)  C          Kuruka  Unspecified (12058372)  6102083  6102862
  423 37.99  2.69  2.82            OW052089.1 14354867 14355646 (3805588)  C          Kuruka  Unspecified (3805588) 14354867 14355646
  431 37.99  2.69  2.82            OW052090.1  6099272  6100051 (11915817)  +          Kuruka  Unspecified (11915817)  6099272  6100051
  347 34.84  3.26  3.26            OW052090.1  6545526  6545801 (11470067)  +          Kuruka  Unspecified (11470067)  6545526  6545801
  831 38.00  2.11  2.20            OW052090.1   355224   356407 (17659461)  C          Kuruka  Unspecified (17659461)   355224   356407
  320 35.28  0.00  2.11            OW052090.1  2205971  2206164 (15809704)  C          Kuruka  Unspecified (15809704)  2205971  2206164
 1821 35.17  3.03  2.64            OW052090.1 13391584 13392903 (4622965)  C          Kuruka  Unspecified (4622965) 13391584 13392903
  390 36.04  1.90  1.90            OW052091.1  1803832  1804094 (16189245)  +          Kuruka  Unspecified (16189245)  1803832  1804094
  760 33.98  3.66  2.48            OW052091.1 14725980 14726498 (3266841)  +          Kuruka  Unspecified (3266841) 14725980 14726498
  985 35.30  2.80  2.93            OW052091.1 14733704 14734488 (3258851)  +          Kuruka  Unspecified (3258851) 14733704 14734488
  366 33.75  0.00  0.00            OW052091.1 17243960 17244119 (749220)  +          Kuruka  Unspecified (749220) 17243960 17244119
 1849 33.70  2.45  2.45            OW052091.1 17886203 17887425 (105914)  +          Kuruka  Unspecified (105914) 17886203 17887425
  308 31.43  1.86  5.29            OW052091.1  2305403  2305617 (15687722)  C          Kuruka  Unspecified (15687722)  2305403  2305617
  420 35.66  1.71  2.06            OW052091.1  4864982  4865273 (13128066)  C          Kuruka  Unspecified (13128066)  4864982  4865273
 2130 34.03  1.51  1.88            OW052091.1  8388409  8389531 (9603808)  C          Kuruka  Unspecified (9603808)  8388409  8389531
  444 37.99  2.69  2.82            OW052092.1   703198   703977 (17090473)  +          Kuruka  Unspecified (17090473)   703198   703977
 1770 34.49  1.84  1.92            OW052092.1  4552494  4553637 (13240813)  +          Kuruka  Unspecified (13240813)  4552494  4553637
  461 27.88  5.02  5.84            OW052092.1  4557827  4558085 (13236365)  +          Kuruka  Unspecified (13236365)  4557827  4558085
  228 24.53  0.00  0.00            OW052092.1  4661494  4661546 (13132904)  +          Kuruka  Unspecified (13132904)  4661494  4661546
 1742 35.84  2.73  2.42            OW052092.1  5153604  5154924 (12639526)  +          Kuruka  Unspecified (12639526)  5153604  5154924
  349 33.21  3.66  4.04            OW052092.1 12815955 12816227 (4978223)  +          Kuruka  Unspecified (4978223) 12815955 12816227
  265 38.08  2.50  2.68            OW052092.1 17502012 17502610 (291840)  +          Kuruka  Unspecified (291840) 17502012 17502610
  244 22.64  0.00  0.00            OW052092.1  4472161  4472213 (13322237)  C          Kuruka  Unspecified (13322237)  4472161  4472213
  928 37.63  2.28  2.37            OW052092.1  4652246  4653429 (13141021)  C          Kuruka  Unspecified (13141021)  4652246  4653429
  523 28.55 10.44  3.56            OW052092.1  5131513  5131828 (12662622)  C          Kuruka  Unspecified (12662622)  5131513  5131828
  953 38.05  2.03  2.11            OW052092.1  9681770  9682953 (8111497)  C          Kuruka  Unspecified (8111497)  9681770  9682953
 2189 32.19  2.19  2.28            OW052092.1 16391809 16392949 (1401501)  C          Kuruka  Unspecified (1401501) 16391809 16392949
  272 37.60  2.69  2.82            OW052093.1  1731542  1732321 (16003634)  +          Kuruka  Unspecified (16003634)  1731542  1732321
  265 38.08  2.50  2.68            OW052093.1  3415340  3415938 (14320017)  +          Kuruka  Unspecified (14320017)  3415340  3415938
  443 35.04  4.20  1.46            OW052093.1 12663721 12664053 (5071902)  +          Kuruka  Unspecified (5071902) 12663721 12664053
  279 27.72  4.96  2.78            OW052093.1 12664722 12664862 (5071093)  +          Kuruka  Unspecified (5071093) 12664722 12664862
  404 38.13  2.69  2.82            OW052093.1 16185180 16185959 (1549996)  +          Kuruka  Unspecified (1549996) 16185180 16185959
  369 31.99  3.04  3.49            OW052093.1  5566803  5567032 (12168923)  C          Kuruka  Unspecified (12168923)  5566803  5567032
  404 38.13  2.69  2.82            OW052093.1  8613166  8613945 (9122010)  C          Kuruka  Unspecified (9122010)  8613166  8613945
 1753 35.23  2.52  2.60            OW052094.1   747858   749125 (16746461)  +          Kuruka  Unspecified (16746461)   747858   749125
  923 33.58  2.52  2.89            OW052094.1  2129738  2130292 (15365294)  +          Kuruka  Unspecified (15365294)  2129738  2130292
  242 38.10  2.57  2.75            OW052094.1 10531341 10531923 (6963663)  +          Kuruka  Unspecified (6963663) 10531341 10531923
  237 34.57  1.57  1.57            OW052094.1 12611808 12611998 (4883588)  +          Kuruka  Unspecified (4883588) 12611808 12611998
  293 37.29  2.35  2.50            OW052094.1 12612252 12612933 (4882653)  +          Kuruka  Unspecified (4882653) 12612252 12612933
  537 37.04  2.95  3.08            OW052094.1 16160933 16161712 (1333874)  +          Kuruka  Unspecified (1333874) 16160933 16161712
  884 37.82  2.11  2.20            OW052094.1  2237856  2239039 (15256547)  C          Kuruka  Unspecified (15256547)  2237856  2239039
  275 38.06  1.20  1.60            OW052094.1 13477829 13478079 (4017507)  C          Kuruka  Unspecified (4017507) 13477829 13478079
  799 37.85  2.20  2.28            OW052094.1 16890758 16891941 (603645)  C          Kuruka  Unspecified (603645) 16890758 16891941
 1835 35.42  2.07  2.15            OW052095.1  4997259  4998562 (12476607)  +          Kuruka  Unspecified (12476607)  4997259  4998562
  338 33.48  7.14  0.96            OW052095.1 14313472 14313667 (3161502)  +          Kuruka  Unspecified (3161502) 14313472 14313667
  296 35.81  0.00  0.00            OW052095.1 14313947 14314094 (3161075)  +          Kuruka  Unspecified (3161075) 14313947 14314094
  237 22.64  0.00  0.00            OW052095.1 14683228 14683280 (2791889)  +          Kuruka  Unspecified (2791889) 14683228 14683280
  393 34.75  3.00  3.00            OW052095.1 16330485 16330751 (1144418)  +          Kuruka  Unspecified (1144418) 16330485 16330751
  271 34.94  3.58  3.58            OW052095.1 16808134 16808412 (666757)  +          Kuruka  Unspecified (666757) 16808134 16808412
  418 34.21  4.93  3.98            OW052095.1 16808724 16809271 (665898)  +          Kuruka  Unspecified (665898) 16808724 16809271
  278 34.71  2.02  2.43            OW052095.1 13621797 13622044 (3853125)  C          Kuruka  Unspecified (3853125) 13621797 13622044
  393 34.75  3.00  3.00            OW052096.1  1283128  1283394 (15847024)  +          Kuruka  Unspecified (15847024)  1283128  1283394
 2181 32.97  2.40  2.77            OW052096.1  3056769  3057891 (14072527)  +          Kuruka  Unspecified (14072527)  3056769  3057891
 1752 34.97  3.11  2.72            OW052096.1  5262322  5263641 (11866777)  +          Kuruka  Unspecified (11866777)  5262322  5263641
  402 38.13  2.69  2.82            OW052096.1  6544854  6545633 (10584785)  +          Kuruka  Unspecified (10584785)  6544854  6545633
  327 32.91  4.49  4.49            OW052096.1 17027605 17027849 (102569)  +          Kuruka  Unspecified (102569) 17027605 17027849
  293 35.07  0.00  0.65            OW052096.1 17028129 17028283 (102135)  +          Kuruka  Unspecified (102135) 17028129 17028283
  243 34.17  4.25  4.74            OW052096.1  3782389  3782600 (13347818)  C          Kuruka  Unspecified (13347818)  3782389  3782600
  402 38.85  2.18  2.31            OW052096.1  9502180  9502959 (7627459)  C          Kuruka  Unspecified (7627459)  9502180  9502959
  705 34.18  5.60  5.00            OW052097.1  2262369  2263064 (14808970)  +          Kuruka  Unspecified (14808970)  2262369  2263064
  418 33.75  0.00  0.00            OW052097.1 10024532 10024691 (7047343)  +          Kuruka  Unspecified (7047343) 10024532 10024691
  272 37.60  2.69  2.82            OW052097.1 11600466 11601245 (5470789)  +          Kuruka  Unspecified (5470789) 11600466 11601245
  890 36.50  2.39  2.49            OW052097.1 15287404 15288409 (1783625)  +          Kuruka  Unspecified (1783625) 15287404 15288409
 2085 33.12  1.82  1.91            OW052097.1  4160212  4161362 (12910672)  C          Kuruka  Unspecified (12910672)  4160212  4161362
 1878 34.66  2.68  3.23            OW052097.1  9277684  9278989 (7793045)  C          Kuruka  Unspecified (7793045)  9277684  9278989
  429 31.13  1.31  1.31            OW052098.1 11073318 11073470 (5892433)  +          Kuruka  Unspecified (5892433) 11073318 11073470
  313 37.00  2.77  1.92            OW052098.1 11076556 11076916 (5888987)  +          Kuruka  Unspecified (5888987) 11076556 11076916
  835 37.94  2.11  2.20            OW052098.1 12217866 12219048 (4746855)  +          Kuruka  Unspecified (4746855) 12217866 12219048
  365 33.77  0.66  0.66            OW052098.1 10531014 10531165 (6434738)  C          Kuruka  Unspecified (6434738) 10531014 10531165
  236 17.86  3.57  0.00            OW052098.1 11639442 11639497 (5326406)  C          Kuruka  Unspecified (5326406) 11639442 11639497
  357 35.68  3.31  1.63            OW052099.1     3640     3941 (16817640)  +          Kuruka  Unspecified (16817640)     3640     3941
  390 36.04  1.90  1.90            OW052099.1  1398439  1398701 (15422880)  +          Kuruka  Unspecified (15422880)  1398439  1398701
  239 23.72  3.92  4.95            OW052099.1  9660319  9660420 (7161161)  +          Kuruka  Unspecified (7161161)  9660319  9660420
  404 38.13  2.69  2.82            OW052099.1   951997   952776 (15868805)  C          Kuruka  Unspecified (15868805)   951997   952776
  433 37.52  2.82  2.95            OW052099.1  3449671  3450450 (13371131)  C          Kuruka  Unspecified (13371131)  3449671  3450450
  379 35.13  3.00  3.00            OW052099.1  9590410  9590676 (7230905)  C          Kuruka  Unspecified (7230905)  9590410  9590676
  823 37.77  2.20  2.28            OW052099.1 12230205 12231388 (4590193)  C          Kuruka  Unspecified (4590193) 12230205 12231388
  232 32.09  6.96  3.80            OW052099.1 15523045 15523274 (1298307)  C          Kuruka  Unspecified (1298307) 15523045 15523274
  339 31.83  3.19  3.60            OW052100.1  3526087  3526337 (12661447)  C          Kuruka  Unspecified (12661447)  3526087  3526337
  319 29.42  1.45  1.45            OW052100.1 15700817 15700954 (486830)  C          Kuruka  Unspecified (486830) 15700817 15700954
  272 37.60  2.69  2.82            OW052101.1  5395354  5396133 (10748611)  +          Kuruka  Unspecified (10748611)  5395354  5396133
  371 36.36  4.37  3.85            OW052101.1  7277670  7278264 (8866480)  +          Kuruka  Unspecified (8866480)  7277670  7278264
  318 32.77  6.74  6.93            OW052101.1 11262144 11262707 (4882037)  +          Kuruka  Unspecified (4882037) 11262144 11262707
  345 30.25  4.19  4.67            OW052101.1  9732187  9732401 (6412343)  C          Kuruka  Unspecified (6412343)  9732187  9732401
  459 37.73  2.69  2.82            OW052101.1 14163214 14163993 (1980751)  C          Kuruka  Unspecified (1980751) 14163214 14163993
  451 37.73  2.69  2.82            OW052101.1 14291027 14291806 (1852938)  C          Kuruka  Unspecified (1852938) 14291027 14291806
 1764 34.94  3.03  2.64            OW052102.1  5241872  5243191 (10852589)  +          Kuruka  Unspecified (10852589)  5241872  5243191
  459 37.73  2.69  2.82            OW052102.1  6066073  6066852 (10028928)  +          Kuruka  Unspecified (10028928)  6066073  6066852
  800 36.80  2.39  2.49            OW052102.1  6387822  6388827 (9706953)  +          Kuruka  Unspecified (9706953)  6387822  6388827
 1811 35.08  1.49  1.57            OW052102.1  7149037  7150180 (8945600)  +          Kuruka  Unspecified (8945600)  7149037  7150180
  503 37.15  2.35  2.50            OW052102.1  6004337  6005462 (10090762)  C          Kuruka  Unspecified (10090762)  6004337  6005462
  593 36.53  3.32  3.32            OW052102.1 11819310 11820031 (4275749)  C          Kuruka  Unspecified (4275749) 11819310 11820031
  510 36.60  3.21  3.34            OW052103.1   395992   396771 (15339115)  +          Kuruka  Unspecified (15339115)   395992   396771
  339 31.83  3.19  3.60            OW052103.1  3861198  3861448 (11874438)  +          Kuruka  Unspecified (11874438)  3861198  3861448
 1766 35.19  1.31  1.40            OW052103.1  4531521  4532664 (11203222)  +          Kuruka  Unspecified (11203222)  4531521  4532664
  281 34.87  1.30  1.30            OW052103.1  5075032  5075185 (10660701)  +          Kuruka  Unspecified (10660701)  5075032  5075185
  476 37.60  2.69  2.82            OW052103.1  6041971  6042750 (9693136)  +          Kuruka  Unspecified (9693136)  6041971  6042750
  404 38.13  2.69  2.82            OW052103.1 11581207 11581986 (4153900)  +          Kuruka  Unspecified (4153900) 11581207 11581986
 1711 35.10  3.03  2.64            OW052103.1 15029910 15031229 (704657)  +          Kuruka  Unspecified (704657) 15029910 15031229
  237 26.98  0.00  0.00            OW052103.1 10809412 10809474 (4926412)  C          Kuruka  Unspecified (4926412) 10809412 10809474
  288 35.13  3.00  3.00            OW052103.1 10814077 10814343 (4921543)  C          Kuruka  Unspecified (4921543) 10814077 10814343
  278 31.22  2.47  3.11            OW052103.1 13739326 13739487 (1996399)  C          Kuruka  Unspecified (1996399) 13739326 13739487
  899 37.74  2.11  2.20            OW052103.1 14504367 14505550 (1230336)  C          Kuruka  Unspecified (1230336) 14504367 14505550
 1721 35.25  1.49  1.57            OW052104.1  2922552  2923695 (12668376)  +          Kuruka  Unspecified (12668376)  2922552  2923695
  249 30.58  0.00  2.78            OW052104.1  5406039  5406149 (10185922)  +          Kuruka  Unspecified (10185922)  5406039  5406149
  345 36.08  4.80  4.21            OW052104.1 10223104 10223812 (5368259)  +          Kuruka  Unspecified (5368259) 10223104 10223812
  349 33.64  5.10  3.45            OW052104.1 10997484 10997797 (4594274)  +          Kuruka  Unspecified (4594274) 10997484 10997797
  475 37.43  2.95  3.08            OW052104.1  1676591  1677370 (13914701)  C          Kuruka  Unspecified (13914701)  1676591  1677370
  819 36.70  2.39  2.49            OW052105.1  2323816  2324821 (12559037)  +          Kuruka  Unspecified (12559037)  2323816  2324821
  452 38.08  2.56  2.70            OW052105.1  5481618  5482397 (9401461)  +          Kuruka  Unspecified (9401461)  5481618  5482397
 1517 34.00  1.75  1.85            OW052105.1 13263878 13264905 (1618953)  +          Kuruka  Unspecified (1618953) 13263878 13264905
  337 31.18  4.62  4.62            OW052105.1 14693959 14694153 (189705)  +          Kuruka  Unspecified (189705) 14693959 14694153
  315 32.80  0.00  0.80            OW052105.1 14694512 14694637 (189221)  +          Kuruka  Unspecified (189221) 14694512 14694637
  241 38.10  2.57  2.75            OW052105.1  1437049  1437631 (13446227)  C          Kuruka  Unspecified (13446227)  1437049  1437631
  334 32.79  5.10  5.51            OW052105.1  1783823  1784077 (13099781)  C          Kuruka  Unspecified (13099781)  1783823  1784077
  976 36.98  2.77  4.13            OW052105.1  4734256  4735482 (10148376)  C          Kuruka  Unspecified (10148376)  4734256  4735482
  349 33.21  3.66  4.04            OW052105.1  6778319  6778591 (8105267)  C          Kuruka  Unspecified (8105267)  6778319  6778591
  233 32.13  5.11  4.52            OW052105.1 10570093 10570268 (4313590)  C          Kuruka  Unspecified (4313590) 10570093 10570268
  266 37.92  2.57  2.75            OW052105.1 12038453 12039035 (2844823)  C          Kuruka  Unspecified (2844823) 12038453 12039035
  300 25.91  2.00  7.37            OW052105.1 12078675 12078774 (2805084)  C          Kuruka  Unspecified (2805084) 12078675 12078774
 2220 32.02  2.19  2.28            OW052106.1  2705858  2706998 (11951019)  +          Kuruka  Unspecified (11951019)  2705858  2706998
 2194 32.11  2.19  2.28            OW052106.1 12076037 12077177 (2580840)  +          Kuruka  Unspecified (2580840) 12076037 12077177
 1834 32.88  2.40  2.77            OW052106.1 13405384 13406506 (1251511)  +          Kuruka  Unspecified (1251511) 13405384 13406506
  292 32.33  5.62  4.37            OW052106.1 13615366 13615614 (1042403)  +          Kuruka  Unspecified (1042403) 13615366 13615614
 2256 32.47  1.93  2.02            OW052106.1  9630455  9631595 (5026422)  C          Kuruka  Unspecified (5026422)  9630455  9631595
  360 35.53  0.00  0.00            OW052107.1   256938   257089 (14037813)  +          Kuruka  Unspecified (14037813)   256938   257089
  366 33.75  0.00  0.00            OW052107.1   445868   446027 (13848875)  +          Kuruka  Unspecified (13848875)   445868   446027
  415 38.13  2.69  2.82            OW052107.1  1965765  1966544 (12328358)  +          Kuruka  Unspecified (12328358)  1965765  1966544
  238 35.75  2.35  2.83            OW052107.1  2644751  2644963 (11649939)  +          Kuruka  Unspecified (11649939)  2644751  2644963
  519 36.50  3.85  3.39            OW052107.1  5590464  5591138 (8703764)  +          Kuruka  Unspecified (8703764)  5590464  5591138
  287 34.57  1.57  1.57            OW052107.1  5685225  5685415 (8609487)  +          Kuruka  Unspecified (8609487)  5685225  5685415
  452 37.29  2.35  2.50            OW052107.1  5685669  5686350 (8608552)  +          Kuruka  Unspecified (8608552)  5685669  5686350
  271 34.94  3.58  3.58            OW052108.1  5261609  5261887 (8973381)  +          Kuruka  Unspecified (8973381)  5261609  5261887
  418 34.21  4.93  3.98            OW052108.1  5262199  5262746 (8972522)  +          Kuruka  Unspecified (8972522)  5262199  5262746
  255 34.85  3.36  3.70            OW052108.1  8437166  8437463 (5797805)  +          Kuruka  Unspecified (5797805)  8437166  8437463
  369 38.53  2.69  2.82            OW052108.1  8448945  8449724 (5785544)  +          Kuruka  Unspecified (5785544)  8448945  8449724
  259 36.98  1.03  1.03            OW052108.1  3057213  3057406 (11177862)  C          Kuruka  Unspecified (11177862)  3057213  3057406
  265 34.61  5.18  5.60            OW052108.1 11811268 11811518 (2423750)  C          Kuruka  Unspecified (2423750) 11811268 11811518
  242 30.58  0.00  2.78            OW052108.1 11905143 11905253 (2330015)  C          Kuruka  Unspecified (2330015) 11905143 11905253
  239 37.73  2.69  2.82            OW052109.1   811066   811845 (12818291)  +          Kuruka  Unspecified (12818291)   811066   811845
  899 37.74  2.11  2.20            OW052109.1  2756931  2758114 (10872022)  +          Kuruka  Unspecified (10872022)  2756931  2758114
  322 27.67  5.98  6.40            OW052109.1  3639103  3639353 (9990783)  C          Kuruka  Unspecified (9990783)  3639103  3639353
 1844 35.10  3.03  2.64            OW052110.1  2557998  2559317 (10642036)  +          Kuruka  Unspecified (10642036)  2557998  2559317
 1777 34.74  3.08  3.55            OW052110.1 11407461 11408791 (1792562)  +          Kuruka  Unspecified (1792562) 11407461 11408791
 1801 35.08  1.49  1.57            OW052110.1  4859278  4860421 (8340932)  C          Kuruka  Unspecified (8340932)  4859278  4860421
  816 36.80  2.39  2.49            OW052110.1  7868721  7869726 (5331627)  C          Kuruka  Unspecified (5331627)  7868721  7869726
  385 33.32  5.12  0.89            OW052111.1  8121557  8121771 (4977735)  +          Kuruka  Unspecified (4977735)  8121557  8121771
  470 35.69  4.15  3.69            OW052111.1 10798259 10798933 (2300573)  +          Kuruka  Unspecified (2300573) 10798259 10798933
  504 32.14  3.08  3.08            OW052111.1 11334577 11334836 (1764670)  +          Kuruka  Unspecified (1764670) 11334577 11334836
  241 38.10  2.57  2.75            OW052111.1 11795356 11795938 (1303568)  +          Kuruka  Unspecified (1303568) 11795356 11795938
  293 37.29  2.35  2.50            OW052111.1  9173810  9174491 (3925015)  C          Kuruka  Unspecified (3925015)  9173810  9174491
  237 34.57  1.57  1.57            OW052111.1  9174745  9174935 (3924571)  C          Kuruka  Unspecified (3924571)  9174745  9174935
  378 33.32  5.12  0.89            OW052111.1 12250050 12250264 (849242)  C          Kuruka  Unspecified (849242) 12250050 12250264
 1428 35.30  2.52  2.60            OW052112.1   470355   471622 (11083602)  +          Kuruka  Unspecified (11083602)   470355   471622
 2353 33.31  1.94  2.03            OW052112.1  1228259  1229444 (10325780)  +          Kuruka  Unspecified (10325780)  1228259  1229444
  315 33.32  5.12  0.89            OW052112.1  8915731  8915945 (2639279)  +          Kuruka  Unspecified (2639279)  8915731  8915945
 1826 34.99  1.49  1.57            OW052112.1  4130371  4131514 (7423710)  C          Kuruka  Unspecified (7423710)  4130371  4131514
  455 34.67  2.26  2.49            OW052112.1  8998560  8999294 (2556222)  C          Kuruka  Unspecified (2556222)  8998560  8999294
  278 37.47  2.75  2.88            OW052113.1  2405737  2406500 (8640033)  +          Kuruka  Unspecified (8640033)  2405737  2406500
  290 34.87  1.30  1.30            OW052113.1  6557877  6558030 (4488503)  +          Kuruka  Unspecified (4488503)  6557877  6558030
 2193 33.78  2.45  2.45            OW052113.1  7758834  7760056 (3286477)  +          Kuruka  Unspecified (3286477)  7758834  7760056
  245 38.10  2.57  2.75            OW052113.1  4155356  4155938 (6890595)  C          Kuruka  Unspecified (6890595)  4155356  4155938
  471 37.60  2.69  2.82            OW052113.1  4425100  4425879 (6620654)  C          Kuruka  Unspecified (6620654)  4425100  4425879
  485 36.92  3.34  3.34            OW052114.1   208726   209504 (9172407)  +          Kuruka  Unspecified (9172407)   208726   209504
 2178 32.19  2.19  2.28            OW052114.1  1212400  1213540 (8168371)  +          Kuruka  Unspecified (8168371)  1212400  1213540
 1742 34.99  1.49  1.57            OW052114.1  2094864  2096007 (7285904)  +          Kuruka  Unspecified (7285904)  2094864  2096007
  254 38.10  2.57  2.75            OW052114.1  3563309  3563891 (5818020)  +          Kuruka  Unspecified (5818020)  3563309  3563891
  448 37.70  2.95  3.08            OW052114.1  1069301  1070080 (8311831)  C          Kuruka  Unspecified (8311831)  1069301  1070080
  358 32.33  5.62  4.37            OW052114.1  1624008  1624256 (7757655)  C          Kuruka  Unspecified (7757655)  1624008  1624256
  242 36.55  2.35  2.69            OW052114.1  4366754  4367051 (5014860)  C          Kuruka  Unspecified (5014860)  4366754  4367051
  472 37.57  2.95  3.08            OW052114.1  6172815  6173594 (3208317)  C          Kuruka  Unspecified (3208317)  6172815  6173594
  413 34.38  0.00  0.00            OW052114.1  6931568  6931727 (2450184)  C          Kuruka  Unspecified (2450184)  6931568  6931727
  288 35.13  3.00  3.00            OW052115.1  3683724  3683990 (5087757)  +          Kuruka  Unspecified (5087757)  3683724  3683990
  288 35.13  3.00  3.00            OW052115.1  4374819  4375085 (4396662)  C          Kuruka  Unspecified (4396662)  4374819  4375085
  472 37.57  2.95  3.08            OW052116.1   428718   429497 (7879253)  +          Kuruka  Unspecified (7879253)   428718   429497
 1732 35.10  3.03  2.64            OW052116.1  3588590  3589909 (4718841)  C          Kuruka  Unspecified (4718841)  3588590  3589909
  233 36.19  3.67  3.67            OW052117.1    87074    87291 (7601762)  +          Kuruka  Unspecified (7601762)    87074    87291
  365 31.19  6.22  1.83            OW052117.1   520954   521162 (7167891)  +          Kuruka  Unspecified (7167891)   520954   521162
  231 27.72  4.96  2.78            OW052117.1   521831   521971 (7167082)  +          Kuruka  Unspecified (7167082)   521831   521971
  544 30.91  2.51  2.51            OW052117.1   804485   804723 (6884330)  +          Kuruka  Unspecified (6884330)   804485   804723
  316 29.76  1.23  3.12            OW052117.1  2402430  2402592 (5286461)  +          Kuruka  Unspecified (5286461)  2402430  2402592
  436 35.83  0.82  1.24            OW052117.1  1498676  1498918 (6190135)  C          Kuruka  Unspecified (6190135)  1498676  1498918
 2159 32.88  2.40  2.77            OW052117.1  7596899  7598021  (91032)  C          Kuruka  Unspecified  (91032)  7596899  7598021
