  611 36.53  2.68  2.68            LR994577.1  3454626  3455809 (25597843)  +          Kuruka  Unspecified (25597843)  3454626  3455809
  229 29.11  3.80  0.00            LR994577.1  3525198  3525276 (25527491)  +          Kuruka  Unspecified (25527491)  3525198  3525276
 1034 36.99  2.39  2.48            LR994577.1  7626898  7628067 (21424700)  +          Kuruka  Unspecified (21424700)  7626898  7628067
 1257 35.74  2.48  2.57            LR994577.1 13377321 13378529 (15674238)  +          Kuruka  Unspecified (15674238) 13377321 13378529
 1285 36.00  2.48  2.57            LR994577.1 18038638 18039846 (11012921)  +          Kuruka  Unspecified (11012921) 18038638 18039846
 1008 36.21  3.56  3.64            LR994577.1 20173151 20174331 (8878436)  +          Kuruka  Unspecified (8878436) 20173151 20174331
 2250 34.22  1.41  1.50            LR994577.1 25570798 25571933 (3480834)  +          Kuruka  Unspecified (3480834) 25570798 25571933
  353 28.97  0.00  0.00            LR994577.1 25763623 25763729 (3289038)  +          Kuruka  Unspecified (3289038) 25763623 25763729
 2375 32.68  2.71  2.79            LR994577.1 25968479 25969841 (3082926)  +          Kuruka  Unspecified (3082926) 25968479 25969841
 1738 33.00  1.96  2.06            LR994577.1 26179379 26180399 (2872368)  +          Kuruka  Unspecified (2872368) 26179379 26180399
  325 33.96  4.32  4.69            LR994577.1 26468642 26468919 (2583848)  +          Kuruka  Unspecified (2583848) 26468642 26468919
 2081 32.03  2.04  3.27            LR994577.1   168561   169735 (28883032)  C          Kuruka  Unspecified (28883032)   168561   169735
  400 37.22  1.08  1.08            LR994577.1   976241   976517 (28076250)  C          Kuruka  Unspecified (28076250)   976241   976517
  400 37.22  1.08  1.08            LR994577.1   989732   990008 (28062759)  C          Kuruka  Unspecified (28062759)   989732   990008
  661 38.32  1.51  1.65            LR994577.1  3112360  3113564 (25939679)  C          Kuruka  Unspecified (25939679)  3112360  3113564
  455 37.97  2.69  3.30            LR994577.1  3147734  3148403 (25904364)  C          Kuruka  Unspecified (25904364)  3147734  3148403
  322 33.94  2.64  2.64            LR994577.1  3148648  3148874 (25903893)  C          Kuruka  Unspecified (25903893)  3148648  3148874
  300 32.58  3.10  3.56            LR994577.1  4133299  4133524 (24919243)  C          Kuruka  Unspecified (24919243)  4133299  4133524
  304 29.49  4.90  7.53            LR994577.1  4630968  4631253 (24421514)  C          Kuruka  Unspecified (24421514)  4630968  4631253
 1285 36.00  2.48  2.57            LR994577.1  6447100  6448308 (22604459)  C          Kuruka  Unspecified (22604459)  6447100  6448308
  792 35.75  3.17  5.64            LR994577.1 10911617 10912820 (18140425)  C          Kuruka  Unspecified (18140425) 10911617 10912820
  384 36.82  1.15  1.15            LR994577.1 11244027 11244287 (17808480)  C          Kuruka  Unspecified (17808480) 11244027 11244287
 1029 37.92  1.79  1.88            LR994577.1 12113363 12114480 (16938287)  C          Kuruka  Unspecified (16938287) 12113363 12114480
  229 29.11  3.80  0.00            LR994577.1 15262057 15262135 (13790632)  C          Kuruka  Unspecified (13790632) 15262057 15262135
  640 35.24  2.15  5.79            LR994577.1 24643650 24644782 (4408420)  C          Kuruka  Unspecified (4408420) 24643650 24644782
  639 36.26  3.75  6.97            LR994577.1 25840350 25841443 (3211324)  C          Kuruka  Unspecified (3211324) 25840350 25841443
  465 36.98  1.75  1.16            LR994577.1 25858683 25859024 (3193743)  C          Kuruka  Unspecified (3193743) 25858683 25859024
  268 31.16  4.60  3.31            LR994577.1 25893191 25893429 (3159338)  C          Kuruka  Unspecified (3159338) 25893191 25893429
  228 29.11  3.80  0.00            LR994577.1 27738550 27738628 (1314139)  C          Kuruka  Unspecified (1314139) 27738550 27738628
  304 29.91  0.00  0.00            LR994577.1 28111369 28111475 (941292)  C          Kuruka  Unspecified (941292) 28111369 28111475
  390 27.67  0.88  0.88            LR994578.1   589445   589557 (24262558)  +          Kuruka  Unspecified (24262558)   589445   589557
  257 27.53  5.23  7.10            LR994578.1   590368   590539 (24261576)  +          Kuruka  Unspecified (24261576)   590368   590539
  586 36.11  2.68  2.68            LR994578.1  1616103  1617227 (23235714)  +          Kuruka  Unspecified (23235714)  1616103  1617227
  294 29.21  4.93  6.36            LR994578.1  4912577  4912799 (19939316)  +          Kuruka  Unspecified (19939316)  4912577  4912799
  346 39.76  0.39  0.78            LR994578.1  6615095  6615350 (18236765)  +          Kuruka  Unspecified (18236765)  6615095  6615350
  354 35.93  0.28  0.28            LR994578.1  6629521  6630813 (18222242)  +          Kuruka  Unspecified (18222242)  6629521  6630813
 1181 34.53  3.80  3.97            LR994578.1  6716698  6717882 (18134233)  +          Kuruka  Unspecified (18134233)  6716698  6717882
  244 32.93  0.00  0.00            LR994578.1  6779409  6779490 (18072625)  +          Kuruka  Unspecified (18072625)  6779409  6779490
  332 25.71  1.87  1.87            LR994578.1  6805160  6805266 (18046849)  +          Kuruka  Unspecified (18046849)  6805160  6805266
  329 33.81  1.41  1.41            LR994578.1  7744106  7744318 (17107797)  +          Kuruka  Unspecified (17107797)  7744106  7744318
  766 35.34  3.12  3.27            LR994578.1  7744527  7745199 (17106916)  +          Kuruka  Unspecified (17106916)  7744527  7745199
  245 29.33  0.00  0.00            LR994578.1 14378057 14378131 (10473984)  +          Kuruka  Unspecified (10473984) 14378057 14378131
  263 31.29  5.02  3.72            LR994578.1 16684952 16685190 (8166925)  +          Kuruka  Unspecified (8166925) 16684952 16685190
  332 33.76  3.98  4.40            LR994578.1 17830660 17830910 (7021205)  +          Kuruka  Unspecified (7021205) 17830660 17830910
 2283 31.60  2.23  2.32            LR994578.1 20325835 20326955 (4525160)  +          Kuruka  Unspecified (4525160) 20325835 20326955
 2254 34.95  1.40  1.49            LR994578.1 24067986 24069196 (782919)  +          Kuruka  Unspecified (782919) 24067986 24069196
  229 32.10  1.23  0.00            LR994578.1 24502032 24502112 (350003)  +          Kuruka  Unspecified (350003) 24502032 24502112
 2214 33.78  2.28  2.36            LR994578.1   253638   254953 (24597162)  C          Kuruka  Unspecified (24597162)   253638   254953
  230 34.21  0.00  0.00            LR994578.1   518120   518195 (24333920)  C          Kuruka  Unspecified (24333920)   518120   518195
 2327 31.97  3.37  3.46            LR994578.1  1382082  1383296 (23468819)  C          Kuruka  Unspecified (23468819)  1382082  1383296
  998 35.92  3.54  3.62            LR994578.1  2116490  2117705 (22734410)  C          Kuruka  Unspecified (22734410)  2116490  2117705
 1498 36.49  2.21  2.29            LR994578.1  3692813  3693990 (21158125)  C          Kuruka  Unspecified (21158125)  3692813  3693990
  618 34.50  3.32  3.55            LR994578.1  3747641  3748441 (21104023)  C          Kuruka  Unspecified (21104023)  3747641  3748441
  404 37.59  1.08  1.08            LR994578.1  4890402  4890678 (19961437)  C          Kuruka  Unspecified (19961437)  4890402  4890678
  292 29.87  4.90  7.53            LR994578.1  6344075  6344360 (18507755)  C          Kuruka  Unspecified (18507755)  6344075  6344360
 1181 34.53  3.80  3.97            LR994578.1  6741441  6742625 (18109490)  C          Kuruka  Unspecified (18109490)  6741441  6742625
  250 37.32  0.00  0.00            LR994578.1  6819567  6819708 (18032407)  C          Kuruka  Unspecified (18032407)  6819567  6819708
 1011 37.46  2.50  2.60            LR994578.1 11579406 11580523 (13271592)  C          Kuruka  Unspecified (13271592) 11579406 11580523
  940 36.13  2.30  4.70            LR994578.1 16446344 16447511 (8405075)  C          Kuruka  Unspecified (8405075) 16446344 16447511
  672 38.40  1.51  1.65            LR994578.1 17013944 17015151 (7837443)  C          Kuruka  Unspecified (7837443) 17013944 17015151
  755 35.10  3.05  3.05            LR994578.1 20335378 20336471 (4516017)  C          Kuruka  Unspecified (4516017) 20335378 20336471
 1030 37.68  1.88  1.97            LR994578.1 21644348 21645465 (3206650)  C          Kuruka  Unspecified (3206650) 21644348 21645465
  276 34.04  1.57  1.57            LR994579.1   336981   337171 (24216773)  +          Kuruka  Unspecified (24216773)   336981   337171
  654 33.09  2.95  3.12            LR994579.1   337554   338130 (24215814)  +          Kuruka  Unspecified (24215814)   337554   338130
  586 35.31  2.68  2.68            LR994579.1  8551803  8552927 (16001843)  +          Kuruka  Unspecified (16001843)  8551803  8552927
 1519 33.68  3.04  3.13            LR994579.1  9981258  9982440 (14571504)  +          Kuruka  Unspecified (14571504)  9981258  9982440
 1029 37.92  1.79  1.88            LR994579.1 10692047 10693164 (13860780)  +          Kuruka  Unspecified (13860780) 10692047 10693164
  306 33.09  1.45  1.45            LR994579.1 16657632 16657769 (7896175)  +          Kuruka  Unspecified (7896175) 16657632 16657769
 1940 33.96  2.33  2.41            LR994579.1 19937163 19938366 (4615578)  +          Kuruka  Unspecified (4615578) 19937163 19938366
  650 35.31  2.68  2.68            LR994579.1 22509545 22510669 (2044101)  +          Kuruka  Unspecified (2044101) 22509545 22510669
 1462 35.21  2.69  2.78            LR994579.1 23288854 23290004 (1263940)  +          Kuruka  Unspecified (1263940) 23288854 23290004
  301 33.09  1.45  1.45            LR994579.1 24384890 24385027 (168917)  +          Kuruka  Unspecified (168917) 24384890 24385027
 1217 36.00  2.48  2.57            LR994579.1   348150   349358 (24204586)  C          Kuruka  Unspecified (24204586)   348150   349358
  521 31.91  2.27  2.66            LR994579.1  2124033  2124296 (22429648)  C          Kuruka  Unspecified (22429648)  2124033  2124296
  252 31.59  4.60  3.31            LR994579.1  3173796  3174034 (21379910)  C          Kuruka  Unspecified (21379910)  3173796  3174034
  355 28.97  0.00  0.00            LR994579.1  3978297  3978403 (20575541)  C          Kuruka  Unspecified (20575541)  3978297  3978403
 2043 34.98  2.48  2.55            LR994579.1  5519800  5521172 (19032772)  C          Kuruka  Unspecified (19032772)  5519800  5521172
  304 29.49  4.90  7.53            LR994579.1  5705646  5705931 (18848013)  C          Kuruka  Unspecified (18848013)  5705646  5705931
  805 35.65  3.17  5.64            LR994579.1 14896645 14897848 (9656574)  C          Kuruka  Unspecified (9656574) 14896645 14897848
  268 26.04  0.00  1.37            LR994579.1 15411584 15411657 (9142287)  C          Kuruka  Unspecified (9142287) 15411584 15411657
  605 32.64  2.68  2.68            LR994580.1  1705445  1705743 (22801814)  +          Kuruka  Unspecified (22801814)  1705445  1705743
  231 29.11  3.80  0.00            LR994580.1  5856620  5856698 (18650859)  +          Kuruka  Unspecified (18650859)  5856620  5856698
  300 35.38  1.33  2.01            LR994580.1 19035261 19035410 (5472147)  +          Kuruka  Unspecified (5472147) 19035261 19035410
 1474 33.74  3.29  3.38            LR994580.1 21472008 21473191 (3034366)  +          Kuruka  Unspecified (3034366) 21472008 21473191
 1239 31.43  1.80  2.00            LR994580.1 22955281 22955780 (1551777)  +          Kuruka  Unspecified (1551777) 22955281 22955780
  439 36.75  6.11  4.54            LR994580.1 24240789 24241917 (265640)  +          Kuruka  Unspecified (265640) 24240789 24241917
  229 29.11  3.80  0.00            LR994580.1  2079008  2079086 (22428471)  C          Kuruka  Unspecified (22428471)  2079008  2079086
  499 23.36  0.00  0.00            LR994580.1  6612736  6612842 (17894715)  C          Kuruka  Unspecified (17894715)  6612736  6612842
  757 35.20  3.05  3.05            LR994580.1 10687531 10688610 (13819306)  C          Kuruka  Unspecified (13819306) 10687531 10688610
  418 33.33  0.00  0.00            LR994580.1 11220936 11221097 (13286460)  C          Kuruka  Unspecified (13286460) 11220936 11221097
  364 27.48  5.07  5.07            LR994580.1 11487736 11487873 (13019684)  C          Kuruka  Unspecified (13019684) 11487736 11487873
  784 37.66  3.64  3.73            LR994580.1 13114904 13116111 (11391446)  C          Kuruka  Unspecified (11391446) 13114904 13116111
  228 29.11  3.80  0.00            LR994580.1 16402772 16402850 (8104707)  C          Kuruka  Unspecified (8104707) 16402772 16402850
  823 36.21  0.87  3.26            LR994580.1 16928587 16929711 (7578281)  C          Kuruka  Unspecified (7578281) 16928587 16929711
  857 35.85  1.74  3.96            LR994580.1 17705423 17706606 (6801386)  C          Kuruka  Unspecified (6801386) 17705423 17706606
  381 32.03  6.34  4.76            LR994580.1 20238985 20239315 (4268242)  C          Kuruka  Unspecified (4268242) 20238985 20239315
  499 23.36  0.00  0.00            LR994581.1   602132   602238 (23816734)  +          Kuruka  Unspecified (23816734)   602132   602238
  229 29.11  3.80  0.00            LR994581.1  3851003  3851081 (20567891)  +          Kuruka  Unspecified (20567891)  3851003  3851081
  381 36.72  2.35  2.35            LR994581.1  4790255  4791374 (19628335)  +          Kuruka  Unspecified (19628335)  4790255  4791374
  970 36.12  3.13  3.22            LR994581.1  5058860  5059946 (19359026)  +          Kuruka  Unspecified (19359026)  5058860  5059946
  393 37.59  1.08  1.08            LR994581.1  5780599  5780875 (18638097)  +          Kuruka  Unspecified (18638097)  5780599  5780875
  228 36.50  2.75  3.23            LR994581.1  7655071  7655288 (16763684)  +          Kuruka  Unspecified (16763684)  7655071  7655288
  335 28.97  0.00  0.00            LR994581.1  7738472  7738578 (16680394)  +          Kuruka  Unspecified (16680394)  7738472  7738578
  270 36.68  1.75  1.75            LR994581.1  9623751  9624844 (14794937)  +          Kuruka  Unspecified (14794937)  9623751  9624844
  475 32.11  2.79  3.20            LR994581.1 14936218 14936468 (9482504)  +          Kuruka  Unspecified (9482504) 14936218 14936468
  644 36.00  2.68  2.68            LR994581.1 15215026 15216150 (9203648)  +          Kuruka  Unspecified (9203648) 15215026 15216150
  302 32.58  3.10  3.56            LR994581.1 16166206 16166431 (8252541)  +          Kuruka  Unspecified (8252541) 16166206 16166431
  381 32.03  6.34  4.76            LR994581.1 18654136 18654466 (5764506)  +          Kuruka  Unspecified (5764506) 18654136 18654466
  338 28.36  6.25  6.76            LR994581.1 19729858 19730065 (4688907)  +          Kuruka  Unspecified (4688907) 19729858 19730065
  338 28.36  6.25  6.76            LR994581.1 19784271 19784478 (4634494)  +          Kuruka  Unspecified (4634494) 19784271 19784478
  249 18.52  1.82  1.82            LR994581.1 22187616 22187670 (2231302)  +          Kuruka  Unspecified (2231302) 22187616 22187670
 2561 32.71  1.67  1.76            LR994581.1   534238   535373 (23883599)  C          Kuruka  Unspecified (23883599)   534238   535373
 1928 32.74  1.95  2.06            LR994581.1   544780   545702 (23873270)  C          Kuruka  Unspecified (23873270)   544780   545702
 1542 36.71  1.87  1.95            LR994581.1  6891153  6892330 (17526642)  C          Kuruka  Unspecified (17526642)  6891153  6892330
  795 34.16  3.00  3.00            LR994581.1  7536324  7537023 (16881949)  C          Kuruka  Unspecified (16881949)  7536324  7537023
  362 32.98  1.57  1.57            LR994581.1  7537286  7537476 (16881496)  C          Kuruka  Unspecified (16881496)  7537286  7537476
 2518 31.35  2.80  2.88            LR994581.1  8302519  8303733 (16115239)  C          Kuruka  Unspecified (16115239)  8302519  8303733
  630 35.99  4.34  4.60            LR994581.1  9146563  9147848 (15271603)  C          Kuruka  Unspecified (15271603)  9146563  9147848
 1542 36.71  1.87  1.95            LR994581.1 10856931 10858108 (13560864)  C          Kuruka  Unspecified (13560864) 10856931 10858108
  262 31.58  0.00  0.00            LR994581.1 11620092 11620167 (12798805)  C          Kuruka  Unspecified (12798805) 11620092 11620167
  263 34.31  2.80  3.29            LR994581.1 13141393 13141606 (11277366)  C          Kuruka  Unspecified (11277366) 13141393 13141606
 2383 34.79  1.40  1.49            LR994581.1 16555067 16556277 (7862695)  C          Kuruka  Unspecified (7862695) 16555067 16556277
 1912 36.04  1.56  1.89            LR994581.1 20096217 20097435 (4321537)  C          Kuruka  Unspecified (4321537) 20096217 20097435
 1863 36.15  1.57  1.91            LR994581.1 20103531 20104737 (4314235)  C          Kuruka  Unspecified (4314235) 20103531 20104737
 1912 36.04  1.56  1.89            LR994581.1 20110859 20112077 (4306895)  C          Kuruka  Unspecified (4306895) 20110859 20112077
  351 35.55  4.93  1.92            LR994582.1  2334572  2334875 (21700220)  +          Kuruka  Unspecified (21700220)  2334572  2334875
  335 28.97  0.00  0.00            LR994582.1  5679332  5679438 (18355657)  +          Kuruka  Unspecified (18355657)  5679332  5679438
  262 33.81  1.41  1.41            LR994582.1  7001735  7001947 (17033148)  +          Kuruka  Unspecified (17033148)  7001735  7001947
  537 35.19  3.57  3.72            LR994582.1  7002156  7002828 (17032267)  +          Kuruka  Unspecified (17032267)  7002156  7002828
  591 36.53  2.68  2.68            LR994582.1 10688083 10689208 (13346714)  +          Kuruka  Unspecified (13346714) 10688083 10689208
  418 33.33  0.00  0.00            LR994582.1 10968662 10968823 (13066272)  +          Kuruka  Unspecified (13066272) 10968662 10968823
  981 37.68  1.88  1.97            LR994582.1 11118586 11119703 (12915392)  +          Kuruka  Unspecified (12915392) 11118586 11119703
 2261 32.68  2.35  2.69            LR994582.1 12755025 12756216 (11278879)  +          Kuruka  Unspecified (11278879) 12755025 12756216
 2274 33.85  2.28  2.36            LR994582.1 13327364 13328679 (10706416)  +          Kuruka  Unspecified (10706416) 13327364 13328679
  339 40.15  0.39  0.78            LR994582.1 13563589 13563844 (10471251)  +          Kuruka  Unspecified (10471251) 13563589 13563844
  560 35.58  1.87  1.87            LR994582.1 13910345 13911548 (10124377)  +          Kuruka  Unspecified (10124377) 13910345 13911548
  248 32.89  0.00  0.00            LR994582.1 13940863 13940938 (10094157)  +          Kuruka  Unspecified (10094157) 13940863 13940938
  328 40.15  0.39  0.78            LR994582.1 14069269 14069524 (9965571)  +          Kuruka  Unspecified (9965571) 14069269 14069524
  323 33.76  3.98  4.40            LR994582.1 17481731 17481981 (6553114)  +          Kuruka  Unspecified (6553114) 17481731 17481981
  344 34.78  0.00  0.00            LR994582.1 17607663 17607846 (6427249)  +          Kuruka  Unspecified (6427249) 17607663 17607846
  250 18.18  2.94  2.94            LR994582.1 23639313 23639380 (395715)  +          Kuruka  Unspecified (395715) 23639313 23639380
 1019 36.03  3.56  3.64            LR994582.1  2244990  2246170 (21788925)  C          Kuruka  Unspecified (21788925)  2244990  2246170
  389 37.25  0.40  0.81            LR994582.1  2559725  2559973 (21475122)  C          Kuruka  Unspecified (21475122)  2559725  2559973
  479 25.23  0.00  0.00            LR994582.1  9383469  9383575 (14651520)  C          Kuruka  Unspecified (14651520)  9383469  9383575
  258 31.71  0.00  0.00            LR994582.1  9407614  9407695 (14627400)  C          Kuruka  Unspecified (14627400)  9407614  9407695
  306 33.09  1.45  1.45            LR994582.1 13757514 13757651 (10277444)  C          Kuruka  Unspecified (10277444) 13757514 13757651
  306 33.09  1.45  1.45            LR994582.1 13765168 13765305 (10269790)  C          Kuruka  Unspecified (10269790) 13765168 13765305
  306 33.09  1.45  1.45            LR994582.1 13829856 13829993 (10205102)  C          Kuruka  Unspecified (10205102) 13829856 13829993
  306 33.09  1.45  1.45            LR994582.1 13837510 13837647 (10197448)  C          Kuruka  Unspecified (10197448) 13837510 13837647
 1725 36.11  1.60  1.96            LR994582.1 14596398 14597524 (9437571)  C          Kuruka  Unspecified (9437571) 14596398 14597524
  329 33.96  0.00  0.00            LR994582.1 17618613 17618771 (6416324)  C          Kuruka  Unspecified (6416324) 17618613 17618771
  292 29.87  4.90  7.53            LR994582.1 18669783 18670068 (5365027)  C          Kuruka  Unspecified (5365027) 18669783 18670068
  299 33.72  4.63  5.00            LR994583.1  1920849  1921129 (21847798)  +          Kuruka  Unspecified (21847798)  1920849  1921129
 1906 34.11  2.55  2.12            LR994583.1 11309363 11310539 (12458388)  +          Kuruka  Unspecified (12458388) 11309363 11310539
  327 36.68  0.43  0.43            LR994583.1 11973191 11973420 (11795507)  +          Kuruka  Unspecified (11795507) 11973191 11973420
  889 37.81  0.93  1.08            LR994583.1 11973665 11974311 (11794616)  +          Kuruka  Unspecified (11794616) 11973665 11974311
  568 35.42  1.87  1.87            LR994583.1 12544070 12544443 (11224484)  +          Kuruka  Unspecified (11224484) 12544070 12544443
  657 35.61  3.13  5.95            LR994583.1 12544657 12545295 (11223632)  +          Kuruka  Unspecified (11223632) 12544657 12545295
  509 36.38  1.88  1.88            LR994583.1 15065071 15066281 (8703484)  +          Kuruka  Unspecified (8703484) 15065071 15066281
  607 35.44  2.68  2.68            LR994583.1 16597557 16598681 (7171072)  +          Kuruka  Unspecified (7171072) 16597557 16598681
  248 32.89  0.00  0.00            LR994583.1 23703898 23703973  (64954)  +          Kuruka  Unspecified  (64954) 23703898 23703973
  314 33.09  1.45  1.45            LR994583.1 10391293 10391430 (13377497)  C          Kuruka  Unspecified (13377497) 10391293 10391430
  674 37.17  3.16  3.30            LR994583.1 14587164 14588371 (9181035)  C          Kuruka  Unspecified (9181035) 14587164 14588371
  499 23.36  0.00  0.00            LR994583.1 15420660 15420766 (8348161)  C          Kuruka  Unspecified (8348161) 15420660 15420766
  281 30.73  4.60  3.31            LR994583.1 18000421 18000659 (5768268)  C          Kuruka  Unspecified (5768268) 18000421 18000659
  829 35.78  1.87  4.09            LR994583.1 21889859 21891042 (1878320)  C          Kuruka  Unspecified (1878320) 21889859 21891042
  327 36.68  0.43  0.43            LR994584.1   194982   195211 (21267653)  +          Kuruka  Unspecified (21267653)   194982   195211
  849 38.12  0.93  1.08            LR994584.1   195456   196102 (21266762)  +          Kuruka  Unspecified (21266762)   195456   196102
  342 28.97  0.00  0.00            LR994584.1  1277651  1277757 (20185107)  +          Kuruka  Unspecified (20185107)  1277651  1277757
  334 33.80  0.92  0.92            LR994584.1  3057703  3057920 (18404944)  +          Kuruka  Unspecified (18404944)  3057703  3057920
  694 36.65  1.27  1.43            LR994584.1  3058190  3058820 (18404044)  +          Kuruka  Unspecified (18404044)  3058190  3058820
  987 37.92  1.79  1.88            LR994584.1  4367653  4368770 (17094094)  +          Kuruka  Unspecified (17094094)  4367653  4368770
 1999 35.16  2.49  2.57            LR994584.1 11396630 11397992 (10064872)  +          Kuruka  Unspecified (10064872) 11396630 11397992
  376 32.61  2.67  5.96            LR994584.1 14306866 14307090 (7155774)  +          Kuruka  Unspecified (7155774) 14306866 14307090
 1008 36.21  3.56  3.64            LR994584.1 16375073 16376253 (5086611)  +          Kuruka  Unspecified (5086611) 16375073 16376253
  345 28.97  0.00  0.00            LR994584.1  5431521  5431627 (16031237)  C          Kuruka  Unspecified (16031237)  5431521  5431627
  300 35.38  1.33  2.01            LR994584.1  7207516  7207665 (14255199)  C          Kuruka  Unspecified (14255199)  7207516  7207665
 1944 33.88  2.33  2.41            LR994584.1  8672472  8673675 (12789189)  C          Kuruka  Unspecified (12789189)  8672472  8673675
  228 36.50  2.75  3.23            LR994584.1 10470815 10471032 (10991832)  C          Kuruka  Unspecified (10991832) 10470815 10471032
  341 33.59  4.32  4.69            LR994584.1 16319041 16319318 (5143546)  C          Kuruka  Unspecified (5143546) 16319041 16319318
  300 37.27  1.78  2.23            LR994584.1 20077774 20077998 (1384866)  C          Kuruka  Unspecified (1384866) 20077774 20077998
  551 36.29  2.68  2.68            LR994585.1  1021876  1023000 (20368594)  +          Kuruka  Unspecified (20368594)  1021876  1023000
  320 35.24  1.30  1.30            LR994585.1  1644650  1644879 (19745889)  +          Kuruka  Unspecified (19745889)  1644650  1644879
  854 37.66  0.93  1.08            LR994585.1  1645124  1645770 (19744998)  +          Kuruka  Unspecified (19744998)  1645124  1645770
  306 33.09  1.45  1.45            LR994585.1  3856480  3856617 (17534151)  +          Kuruka  Unspecified (17534151)  3856480  3856617
 1912 36.04  1.56  1.89            LR994585.1  3916829  3918047 (17472721)  +          Kuruka  Unspecified (17472721)  3916829  3918047
  391 37.25  0.40  0.81            LR994585.1  6717918  6718166 (14672602)  +          Kuruka  Unspecified (14672602)  6717918  6718166
  282 32.77  3.32  3.75            LR994585.1  8081096  8081336 (13309432)  +          Kuruka  Unspecified (13309432)  8081096  8081336
  591 36.13  2.68  2.68            LR994585.1 10015701 10016884 (11374769)  +          Kuruka  Unspecified (11374769) 10015701 10016884
  242 37.28  1.72  1.72            LR994585.1 10510336 10510567 (10880201)  +          Kuruka  Unspecified (10880201) 10510336 10510567
  736 36.32  2.15  2.31            LR994585.1 10510779 10511429 (10879339)  +          Kuruka  Unspecified (10879339) 10510779 10511429
 1019 37.24  2.39  2.48            LR994585.1 14489928 14491097 (6899671)  +          Kuruka  Unspecified (6899671) 14489928 14491097
  345 28.97  0.00  0.00            LR994585.1 16824264 16824370 (4566398)  +          Kuruka  Unspecified (4566398) 16824264 16824370
 1836 36.01  1.56  1.90            LR994585.1 20756506 20757722 (633046)  +          Kuruka  Unspecified (633046) 20756506 20757722
 1999 36.42  1.43  1.43            LR994585.1   561316   562716 (20828052)  C          Kuruka  Unspecified (20828052)   561316   562716
  616 34.81  3.17  5.64            LR994585.1   672345   673460 (20717698)  C          Kuruka  Unspecified (20717698)   672345   673460
  730 35.75  3.60  5.64            LR994585.1  4073237  4074437 (17316809)  C          Kuruka  Unspecified (17316809)  4073237  4074437
  712 35.30  2.61  2.95            LR994585.1  4842121  4842733 (16548035)  C          Kuruka  Unspecified (16548035)  4842121  4842733
  329 33.81  1.41  1.41            LR994585.1  4843003  4843215 (16547553)  C          Kuruka  Unspecified (16547553)  4843003  4843215
  304 29.49  4.90  7.53            LR994585.1  8896309  8896594 (12494174)  C          Kuruka  Unspecified (12494174)  8896309  8896594
 2043 34.98  2.48  2.55            LR994585.1 11558026 11559398 (9831370)  C          Kuruka  Unspecified (9831370) 11558026 11559398
  664 37.35  3.16  3.30            LR994585.1 14290171 14291378 (7099869)  C          Kuruka  Unspecified (7099869) 14290171 14291378
  323 33.76  3.98  4.40            LR994585.1 19280437 19280687 (2110081)  C          Kuruka  Unspecified (2110081) 19280437 19280687
  302 32.58  3.10  3.56            LR994586.1  6307140  6307365 (14368877)  +          Kuruka  Unspecified (14368877)  6307140  6307365
 1040 37.68  1.88  1.97            LR994586.1  8298686  8299803 (12376439)  +          Kuruka  Unspecified (12376439)  8298686  8299803
 1031 36.23  3.11  3.81            LR994586.1  8843918  8845105 (11831137)  +          Kuruka  Unspecified (11831137)  8843918  8845105
  229 29.11  3.80  0.00            LR994586.1  9437503  9437581 (11238661)  +          Kuruka  Unspecified (11238661)  9437503  9437581
 1519 33.68  3.04  3.13            LR994586.1 12999939 13001121 (7675121)  +          Kuruka  Unspecified (7675121) 12999939 13001121
  499 23.36  0.00  0.00            LR994586.1 15883678 15883784 (4792458)  +          Kuruka  Unspecified (4792458) 15883678 15883784
  352 37.63  2.35  2.35            LR994586.1 18852511 18853718 (1823349)  +          Kuruka  Unspecified (1823349) 18852511 18853718
  378 27.18  0.00  0.00            LR994586.1   192120   192222 (20484020)  C          Kuruka  Unspecified (20484020)   192120   192222
  228 29.11  3.80  0.00            LR994586.1   256114   256192 (20420050)  C          Kuruka  Unspecified (20420050)   256114   256192
  228 29.11  3.80  0.00            LR994586.1   326644   326722 (20349520)  C          Kuruka  Unspecified (20349520)   326644   326722
  455 36.96  3.28  3.44            LR994586.1   968872   969991 (19706730)  C          Kuruka  Unspecified (19706730)   968872   969991
  332 33.76  3.98  4.40            LR994586.1  1515796  1516046 (19160196)  C          Kuruka  Unspecified (19160196)  1515796  1516046
 2032 36.45  1.35  1.35            LR994586.1  5718139  5719548 (14956694)  C          Kuruka  Unspecified (14956694)  5718139  5719548
 1983 34.65  2.54  2.62            LR994586.1  7901003  7902300 (12773942)  C          Kuruka  Unspecified (12773942)  7901003  7902300
  499 23.36  0.00  0.00            LR994586.1  9216574  9216680 (11459562)  C          Kuruka  Unspecified (11459562)  9216574  9216680
  283 29.35  0.00  1.09            LR994586.1 10123116 10123208 (10553034)  C          Kuruka  Unspecified (10553034) 10123116 10123208
  248 32.89  0.00  0.00            LR994586.1 13567082 13567157 (7109085)  C          Kuruka  Unspecified (7109085) 13567082 13567157
  318 28.97  0.00  0.00            LR994586.1 13982001 13982107 (6694135)  C          Kuruka  Unspecified (6694135) 13982001 13982107
  805 35.65  3.17  5.64            LR994586.1 14407143 14408346 (6268374)  C          Kuruka  Unspecified (6268374) 14407143 14408346
  426 28.32  0.00  0.00            LR994586.1 14685529 14685641 (5990601)  C          Kuruka  Unspecified (5990601) 14685529 14685641
  495 23.36  0.00  0.00            LR994586.1 17645401 17645507 (3030735)  C          Kuruka  Unspecified (3030735) 17645401 17645507
  674 37.17  3.16  3.30            LR994586.1 18732709 18733916 (1942805)  C          Kuruka  Unspecified (1942805) 18732709 18733916
  267 32.77  3.32  3.75            LR994586.1 20055412 20055652 (620590)  C          Kuruka  Unspecified (620590) 20055412 20055652
  243 29.33  0.00  0.00            LR994587.1   399820   399894 (20026031)  +          Kuruka  Unspecified (20026031)   399820   399894
 1833 34.20  2.78  2.78            LR994587.1  3585365  3586552 (16839373)  +          Kuruka  Unspecified (16839373)  3585365  3586552
  241 35.28  2.16  3.49            LR994587.1  6066192  6066423 (14359502)  +          Kuruka  Unspecified (14359502)  6066192  6066423
  381 32.03  6.34  4.76            LR994587.1  8656343  8656673 (11769252)  +          Kuruka  Unspecified (11769252)  8656343  8656673
  527 36.32  3.85  2.63            LR994587.1  8949340  8950562 (11476248)  +          Kuruka  Unspecified (11476248)  8949340  8950562
  403 37.26  2.35  2.35            LR994587.1 10317028 10318235 (10108515)  +          Kuruka  Unspecified (10108515) 10317028 10318235
  243 36.11  0.00  0.00            LR994587.1 11956354 11956461 (8469464)  +          Kuruka  Unspecified (8469464) 11956354 11956461
  320 35.24  1.30  1.30            LR994587.1 18913402 18913631 (1512294)  +          Kuruka  Unspecified (1512294) 18913402 18913631
  869 37.66  0.93  1.08            LR994587.1 18913876 18914522 (1511403)  +          Kuruka  Unspecified (1511403) 18913876 18914522
  600 34.80  2.68  2.68            LR994587.1 19206194 19207297 (1219433)  +          Kuruka  Unspecified (1219433) 19206194 19207297
  267 24.66  0.00  1.37            LR994587.1 20350715 20350788  (75137)  +          Kuruka  Unspecified  (75137) 20350715 20350788
  382 31.72  6.34  4.76            LR994587.1  3578366  3578696 (16847229)  C          Kuruka  Unspecified (16847229)  3578366  3578696
  254 31.16  4.60  3.31            LR994587.1  4149687  4149925 (16276000)  C          Kuruka  Unspecified (16276000)  4149687  4149925
  317 36.07  0.00  0.00            LR994587.1  5253875  5254596 (15171866)  C          Kuruka  Unspecified (15171866)  5253875  5254596
  243 32.89  0.00  0.00            LR994587.1  6402397  6402472 (14023453)  C          Kuruka  Unspecified (14023453)  6402397  6402472
  329 29.91  0.00  0.00            LR994587.1  6654081  6654187 (13771738)  C          Kuruka  Unspecified (13771738)  6654081  6654187
  356 32.36  6.34  4.76            LR994587.1 13756395 13756725 (6669200)  C          Kuruka  Unspecified (6669200) 13756395 13756725
  499 23.36  0.00  0.00            LR994587.1 14231647 14231753 (6194172)  C          Kuruka  Unspecified (6194172) 14231647 14231753
  506 38.01  1.40  1.56            LR994587.1 15949788 15950907 (4475497)  C          Kuruka  Unspecified (4475497) 15949788 15950907
  789 37.66  3.64  3.73            LR994587.1 18261271 18262478 (2163447)  C          Kuruka  Unspecified (2163447) 18261271 18262478
  365 35.22  4.93  1.92            LR994587.1 19540559 19540862 (885063)  C          Kuruka  Unspecified (885063) 19540559 19540862
  495 23.36  0.00  0.00            LR994587.1 19841474 19841580 (584345)  C          Kuruka  Unspecified (584345) 19841474 19841580
  768 35.53  2.16  5.04            LR994587.1 20020447 20021574 (404786)  C          Kuruka  Unspecified (404786) 20020447 20021574
  454 34.79  2.31  6.51            LR994587.1 20343742 20344878  (81752)  C          Kuruka  Unspecified  (81752) 20343742 20344878
  258 31.71  0.00  0.00            LR994588.1   888679   888760 (18133395)  +          Kuruka  Unspecified (18133395)   888679   888760
  322 33.94  2.64  2.64            LR994588.1  1015384  1015610 (18006545)  +          Kuruka  Unspecified (18006545)  1015384  1015610
  459 37.97  2.69  3.30            LR994588.1  1015855  1016524 (18005631)  +          Kuruka  Unspecified (18005631)  1015855  1016524
  932 36.35  2.93  4.41            LR994588.1  1020963  1022090 (18000065)  +          Kuruka  Unspecified (18000065)  1020963  1022090
 1033 36.03  3.56  3.64            LR994588.1  4542633  4543813 (14478342)  +          Kuruka  Unspecified (14478342)  4542633  4543813
  989 35.92  3.54  3.62            LR994588.1  5991108  5992323 (13029832)  +          Kuruka  Unspecified (13029832)  5991108  5992323
 1912 36.04  1.56  1.89            LR994588.1  7239424  7240642 (11781513)  +          Kuruka  Unspecified (11781513)  7239424  7240642
  475 25.23  0.00  0.00            LR994588.1  7357108  7357214 (11664941)  +          Kuruka  Unspecified (11664941)  7357108  7357214
  591 35.62  2.68  2.68            LR994588.1  7586839  7587963 (11435018)  +          Kuruka  Unspecified (11435018)  7586839  7587963
 2065 34.83  2.48  2.55            LR994588.1  8863675  8865047 (10157108)  +          Kuruka  Unspecified (10157108)  8863675  8865047
  366 34.72  0.92  0.92            LR994588.1 18844914 18845131 (177024)  +          Kuruka  Unspecified (177024) 18844914 18845131
  904 36.07  1.43  1.59            LR994588.1 18845401 18846031 (176124)  +          Kuruka  Unspecified (176124) 18845401 18846031
  909 37.66  0.93  1.08            LR994588.1  1774871  1775517 (17246638)  C          Kuruka  Unspecified (17246638)  1774871  1775517
  327 36.68  0.43  0.43            LR994588.1  1775762  1775991 (17246164)  C          Kuruka  Unspecified (17246164)  1775762  1775991
 2426 31.35  2.80  2.88            LR994588.1  3034750  3035964 (15986191)  C          Kuruka  Unspecified (15986191)  3034750  3035964
  830 36.00  2.44  4.85            LR994588.1  4405843  4407010 (14615616)  C          Kuruka  Unspecified (14615616)  4405843  4407010
  906 35.92  3.54  3.62            LR994588.1  5867055  5868270 (13153885)  C          Kuruka  Unspecified (13153885)  5867055  5868270
 1061 37.89  1.70  1.88            LR994588.1  7460500  7461618 (11560537)  C          Kuruka  Unspecified (11560537)  7460500  7461618
  499 23.36  0.00  0.00            LR994588.1  7488422  7488528 (11533627)  C          Kuruka  Unspecified (11533627)  7488422  7488528
  981 37.68  1.88  1.97            LR994588.1  8316891  8318008 (10704147)  C          Kuruka  Unspecified (10704147)  8316891  8318008
  248 32.89  0.00  0.00            LR994588.1  8732714  8732789 (10289366)  C          Kuruka  Unspecified (10289366)  8732714  8732789
  863 37.97  0.93  1.08            LR994588.1 13627211 13627857 (5394298)  C          Kuruka  Unspecified (5394298) 13627211 13627857
  327 36.68  0.43  0.43            LR994588.1 13628102 13628331 (5393824)  C          Kuruka  Unspecified (5393824) 13628102 13628331
  320 28.97  0.00  0.00            LR994588.1 15497126 15497232 (3524923)  C          Kuruka  Unspecified (3524923) 15497126 15497232
  373 37.25  0.40  0.81            LR994588.1 17786470 17786718 (1235437)  C          Kuruka  Unspecified (1235437) 17786470 17786718
  329 29.91  0.00  0.00            LR994589.1  1606148  1606254 (17309445)  +          Kuruka  Unspecified (17309445)  1606148  1606254
  302 35.06  1.41  1.41            LR994589.1  2446746  2447839 (16468741)  +          Kuruka  Unspecified (16468741)  2446746  2447839
  992 37.68  1.88  1.97            LR994589.1  6196342  6197459 (12718240)  +          Kuruka  Unspecified (12718240)  6196342  6197459
  322 33.94  2.64  2.64            LR994589.1  8771413  8771639 (10144060)  +          Kuruka  Unspecified (10144060)  8771413  8771639
  459 37.97  2.69  3.30            LR994589.1  8771884  8772553 (10143146)  +          Kuruka  Unspecified (10143146)  8771884  8772553
  327 31.40  7.05  6.17            LR994589.1  9436363  9436603 (9479096)  +          Kuruka  Unspecified (9479096)  9436363  9436603
 1445 33.83  3.29  3.38            LR994589.1  9937609  9938792 (8976907)  +          Kuruka  Unspecified (8976907)  9937609  9938792
 1211 36.00  2.48  2.57            LR994589.1 14331856 14333064 (4582635)  +          Kuruka  Unspecified (4582635) 14331856 14333064
 1281 34.26  3.81  3.63            LR994589.1 17476437 17477617 (1438082)  +          Kuruka  Unspecified (1438082) 17476437 17477617
  260 31.58  0.00  0.00            LR994589.1   346791   346866 (18568833)  C          Kuruka  Unspecified (18568833)   346791   346866
 1066 37.35  1.97  2.06            LR994589.1 12329104 12330221 (6585478)  C          Kuruka  Unspecified (6585478) 12329104 12330221
 2310 31.51  2.23  2.32            LR994589.1 14682802 14683922 (4231777)  C          Kuruka  Unspecified (4231777) 14682802 14683922
  499 23.36  0.00  0.00            LR994589.1 15728247 15728353 (3187346)  C          Kuruka  Unspecified (3187346) 15728247 15728353
  419 37.22  1.08  1.08            LR994589.1 16198444 16198720 (2716979)  C          Kuruka  Unspecified (2716979) 16198444 16198720
  248 32.89  0.00  0.00            LR994589.1 16266283 16266358 (2649341)  C          Kuruka  Unspecified (2649341) 16266283 16266358
 1805 36.04  1.64  1.90            LR994590.1   285961   287176 (18235641)  +          Kuruka  Unspecified (18235641)   285961   287176
  346 39.76  0.39  0.78            LR994590.1   514193   514448 (18008369)  +          Kuruka  Unspecified (18008369)   514193   514448
  228 29.11  3.80  0.00            LR994590.1  1185738  1185816 (17337001)  +          Kuruka  Unspecified (17337001)  1185738  1185816
  271 35.57  1.72  3.06            LR994590.1  4474936  4475167 (14047650)  +          Kuruka  Unspecified (14047650)  4474936  4475167
 1472 33.74  3.29  3.38            LR994590.1  6117059  6118242 (12404575)  +          Kuruka  Unspecified (12404575)  6117059  6118242
  332 33.76  3.98  4.40            LR994590.1  9615629  9615879 (8906938)  +          Kuruka  Unspecified (8906938)  9615629  9615879
  389 37.25  0.40  0.81            LR994590.1 13221628 13221876 (5300941)  +          Kuruka  Unspecified (5300941) 13221628 13221876
  419 37.22  1.08  1.08            LR994590.1 15518177 15518453 (3004364)  +          Kuruka  Unspecified (3004364) 15518177 15518453
 1498 33.66  3.29  3.38            LR994590.1 15718931 15720114 (2802703)  +          Kuruka  Unspecified (2802703) 15718931 15720114
  621 36.45  2.68  2.68            LR994590.1 15982875 15983999 (2539644)  +          Kuruka  Unspecified (2539644) 15982875 15983999
  329 35.21  1.41  1.41            LR994590.1 16027059 16028152 (2495546)  +          Kuruka  Unspecified (2495546) 16027059 16028152
  309 28.97  0.00  0.00            LR994590.1  2478315  2478421 (16044396)  C          Kuruka  Unspecified (16044396)  2478315  2478421
  951 36.31  3.13  3.22            LR994590.1  2933636  2934722 (15588095)  C          Kuruka  Unspecified (15588095)  2933636  2934722
  407 37.59  1.08  1.08            LR994590.1 14347289 14347565 (4175252)  C          Kuruka  Unspecified (4175252) 14347289 14347565
  584 37.23  3.43  3.57            LR994590.1 17015733 17016940 (1506356)  C          Kuruka  Unspecified (1506356) 17015733 17016940
  475 32.11  2.79  3.20            LR994590.1 17889198 17889448 (633369)  C          Kuruka  Unspecified (633369) 17889198 17889448
 1895 34.11  2.55  2.12            LR994590.1 17912144 17913320 (609497)  C          Kuruka  Unspecified (609497) 17912144 17913320
  889 36.14  2.30  4.70            LR994590.1 18038712 18039879 (483409)  C          Kuruka  Unspecified (483409) 18038712 18039879
  597 35.41  2.68  2.68            LR994591.1   889532   890656 (17626487)  +          Kuruka  Unspecified (17626487)   889532   890656
  227 34.17  3.33  3.83            LR994591.1  1721093  1721302 (16795015)  +          Kuruka  Unspecified (16795015)  1721093  1721302
 1086 33.41  3.19  2.28            LR994591.1  2976216  2977496 (15539538)  +          Kuruka  Unspecified (15539538)  2976216  2977496
  229 29.11  3.80  0.00            LR994591.1  5988916  5988994 (12527323)  +          Kuruka  Unspecified (12527323)  5988916  5988994
  376 32.61  2.67  5.96            LR994591.1  5993903  5994127 (12522190)  +          Kuruka  Unspecified (12522190)  5993903  5994127
 1203 36.27  2.52  2.61            LR994591.1  9497567  9498755 (9017562)  +          Kuruka  Unspecified (9017562)  9497567  9498755
  322 33.94  2.64  2.64            LR994591.1 13045731 13045957 (5470360)  +          Kuruka  Unspecified (5470360) 13045731 13045957
  459 37.97  2.69  3.30            LR994591.1 13046202 13046871 (5469446)  +          Kuruka  Unspecified (5469446) 13046202 13046871
  229 29.11  3.80  0.00            LR994591.1 15735929 15736007 (2780310)  +          Kuruka  Unspecified (2780310) 15735929 15736007
  262 31.71  0.00  0.00            LR994591.1 18020309 18020390 (495927)  +          Kuruka  Unspecified (495927) 18020309 18020390
 1836 34.11  2.55  2.12            LR994591.1 18097082 18098258 (418059)  +          Kuruka  Unspecified (418059) 18097082 18098258
  238 35.87  0.00  0.00            LR994591.1  4446008  4446099 (14070218)  C          Kuruka  Unspecified (14070218)  4446008  4446099
 2291 34.79  1.40  1.49            LR994591.1  4647829  4649039 (13867278)  C          Kuruka  Unspecified (13867278)  4647829  4649039
  243 32.89  0.00  0.00            LR994591.1  8212886  8212961 (10303356)  C          Kuruka  Unspecified (10303356)  8212886  8212961
  229 18.52  1.82  1.82            LR994591.1 10113618 10113672 (8402645)  C          Kuruka  Unspecified (8402645) 10113618 10113672
  342 28.97  0.00  0.00            LR994591.1 10252153 10252259 (8264058)  C          Kuruka  Unspecified (8264058) 10252153 10252259
  752 35.21  3.05  3.05            LR994591.1 13354450 13355543 (5161147)  C          Kuruka  Unspecified (5161147) 13354450 13355543
 1291 34.09  3.29  3.38            LR994591.1 18167802 18168985 (347332)  C          Kuruka  Unspecified (347332) 18167802 18168985
  271 38.12  0.98  6.55            LR994591.1 18425788 18426093  (90224)  C          Kuruka  Unspecified  (90224) 18425788 18426093
  530 31.91  2.27  2.66            LR994592.1  1160746  1161009 (17263430)  +          Kuruka  Unspecified (17263430)  1160746  1161009
  621 35.66  2.68  2.68            LR994592.1  1869589  1870713 (16554552)  +          Kuruka  Unspecified (16554552)  1869589  1870713
  344 33.33  1.41  1.41            LR994592.1  2706485  2706697 (15717742)  +          Kuruka  Unspecified (15717742)  2706485  2706697
  751 35.48  3.12  3.27            LR994592.1  2706906  2707578 (15716861)  +          Kuruka  Unspecified (15716861)  2706906  2707578
  320 35.24  1.30  1.30            LR994592.1  3109112  3109341 (15315098)  +          Kuruka  Unspecified (15315098)  3109112  3109341
  234 29.87  0.00  0.00            LR994592.1  3109586  3109662 (15314777)  +          Kuruka  Unspecified (15314777)  3109586  3109662
  644 38.68  0.77  0.96            LR994592.1  3115793  3116314 (15308125)  +          Kuruka  Unspecified (15308125)  3115793  3116314
  389 37.25  0.40  0.81            LR994592.1  3765927  3766175 (14658264)  +          Kuruka  Unspecified (14658264)  3765927  3766175
  329 33.81  1.41  1.41            LR994592.1  4094269  4094481 (14329958)  +          Kuruka  Unspecified (14329958)  4094269  4094481
  751 35.48  3.12  3.27            LR994592.1  4094690  4095362 (14329077)  +          Kuruka  Unspecified (14329077)  4094690  4095362
 1067 37.50  1.88  1.97            LR994592.1 13609950 13611067 (4813372)  +          Kuruka  Unspecified (4813372) 13609950 13611067
  329 29.91  0.00  0.00            LR994592.1 14294704 14294810 (4129629)  +          Kuruka  Unspecified (4129629) 14294704 14294810
  300 35.38  1.33  2.01            LR994592.1 14877639 14877788 (3546651)  +          Kuruka  Unspecified (3546651) 14877639 14877788
  368 37.25  0.40  0.81            LR994592.1 17038625 17038873 (1385566)  +          Kuruka  Unspecified (1385566) 17038625 17038873
 1157 36.53  2.52  2.61            LR994592.1 18029170 18030358 (394081)  +          Kuruka  Unspecified (394081) 18029170 18030358
  537 30.72  3.41  3.80            LR994592.1   114388   114651 (18309788)  C          Kuruka  Unspecified (18309788)   114388   114651
  584 35.49  2.46  4.90            LR994592.1   126272   127396 (18297478)  C          Kuruka  Unspecified (18297478)   126272   127396
  257 31.71  0.00  0.00            LR994592.1   264965   265046 (18159393)  C          Kuruka  Unspecified (18159393)   264965   265046
  454 38.07  2.54  3.15            LR994592.1   820503   821172 (17603267)  C          Kuruka  Unspecified (17603267)   820503   821172
  320 33.94  2.64  2.64            LR994592.1   821417   821643 (17602796)  C          Kuruka  Unspecified (17602796)   821417   821643
 1173 35.99  2.74  2.48            LR994592.1  2439156  2440360 (15984079)  C          Kuruka  Unspecified (15984079)  2439156  2440360
  330 35.53  0.00  0.00            LR994592.1  4601005  4601156 (13823283)  C          Kuruka  Unspecified (13823283)  4601005  4601156
  456 32.51  2.79  3.20            LR994592.1  9673904  9674154 (8750285)  C          Kuruka  Unspecified (8750285)  9673904  9674154
 1723 36.26  2.65  1.89            LR994592.1 11063523 11064728 (7359711)  C          Kuruka  Unspecified (7359711) 11063523 11064728
  322 33.94  2.64  2.64            LR994592.1 14586050 14586276 (3838163)  C          Kuruka  Unspecified (3838163) 14586050 14586276
  248 18.52  1.82  1.82            LR994592.1 14874568 14874622 (3549817)  C          Kuruka  Unspecified (3549817) 14874568 14874622
  901 36.87  2.70  2.88            LR994592.1 16064794 16065977 (2358462)  C          Kuruka  Unspecified (2358462) 16064794 16065977
 1825 34.57  2.38  1.95            LR994592.1 18097164 18098340 (326099)  C          Kuruka  Unspecified (326099) 18097164 18098340
  329 35.21  1.41  1.41            LR994593.1   422120   423213 (17900666)  +          Kuruka  Unspecified (17900666)   422120   423213
  294 29.66  0.84  0.84            LR994593.1  1886868  1886986 (16436012)  +          Kuruka  Unspecified (16436012)  1886868  1886986
  662 37.97  0.93  1.08            LR994593.1  1887231  1887877 (16435121)  +          Kuruka  Unspecified (16435121)  1887231  1887877
 2356 34.87  1.40  1.49            LR994593.1  3885480  3886690 (14436308)  +          Kuruka  Unspecified (14436308)  3885480  3886690
  332 33.76  3.98  4.40            LR994593.1  6240588  6240838 (12082160)  +          Kuruka  Unspecified (12082160)  6240588  6240838
  306 33.09  1.45  1.45            LR994593.1  7098667  7098804 (11224194)  +          Kuruka  Unspecified (11224194)  7098667  7098804
  365 28.97  0.00  0.00            LR994593.1  7707870  7707976 (10615022)  +          Kuruka  Unspecified (10615022)  7707870  7707976
  284 33.04  3.10  3.56            LR994593.1  7740025  7740250 (10582748)  +          Kuruka  Unspecified (10582748)  7740025  7740250
  248 18.52  1.82  1.82            LR994593.1  7908749  7908803 (10414195)  +          Kuruka  Unspecified (10414195)  7908749  7908803
 1898 35.98  1.64  1.89            LR994593.1 14538740 14539957 (3783041)  +          Kuruka  Unspecified (3783041) 14538740 14539957
 2383 34.79  1.40  1.49            LR994593.1 15266388 15267598 (3055400)  +          Kuruka  Unspecified (3055400) 15266388 15267598
  366 35.86  0.28  0.28            LR994593.1 17536508 17537722 (786138)  +          Kuruka  Unspecified (786138) 17536508 17537722
  348 29.89  7.88  7.00            LR994593.1  6121422  6121662 (12201336)  C          Kuruka  Unspecified (12201336)  6121422  6121662
  300 35.38  1.33  2.01            LR994593.1  6774292  6774441 (11548557)  C          Kuruka  Unspecified (11548557)  6774292  6774441
  248 32.89  0.00  0.00            LR994593.1 11919510 11919585 (6403413)  C          Kuruka  Unspecified (6403413) 11919510 11919585
  896 35.75  1.43  1.59            LR994593.1 12623518 12624148 (5698850)  C          Kuruka  Unspecified (5698850) 12623518 12624148
  378 34.26  0.92  0.92            LR994593.1 12624418 12624635 (5698363)  C          Kuruka  Unspecified (5698363) 12624418 12624635
 2393 32.64  2.55  3.16            LR994593.1 13166788 13168157 (5154841)  C          Kuruka  Unspecified (5154841) 13166788 13168157
  426 28.32  0.00  0.00            LR994593.1 16278129 16278241 (2044757)  C          Kuruka  Unspecified (2044757) 16278129 16278241
  243 32.89  0.00  0.00            LR994593.1 16976261 16976336 (1346662)  C          Kuruka  Unspecified (1346662) 16976261 16976336
  848 36.52  1.64  1.81            LR994593.1 18198416 18199023 (123975)  C          Kuruka  Unspecified (123975) 18198416 18199023
 1445 34.38  1.60  1.98            LR994593.1 18201496 18202305 (120693)  C          Kuruka  Unspecified (120693) 18201496 18202305
 1040 37.68  1.88  1.97            LR994594.1  3230387  3231504 (13866007)  +          Kuruka  Unspecified (13866007)  3230387  3231504
  228 29.11  3.80  0.00            LR994594.1  3826229  3826307 (13271204)  +          Kuruka  Unspecified (13271204)  3826229  3826307
  372 37.66  0.40  0.81            LR994594.1  4750771  4751019 (12346492)  +          Kuruka  Unspecified (12346492)  4750771  4751019
  327 36.68  0.43  0.43            LR994594.1  6281963  6282192 (10815319)  +          Kuruka  Unspecified (10815319)  6281963  6282192
  863 37.97  0.93  1.08            LR994594.1  6282437  6283083 (10814428)  +          Kuruka  Unspecified (10814428)  6282437  6283083
 2300 31.51  2.23  2.32            LR994594.1  7256412  7257532 (9839979)  +          Kuruka  Unspecified (9839979)  7256412  7257532
  327 36.68  0.43  0.43            LR994594.1  7792905  7793134 (9304377)  +          Kuruka  Unspecified (9304377)  7792905  7793134
  863 37.97  0.93  1.08            LR994594.1  7793379  7794025 (9303486)  +          Kuruka  Unspecified (9303486)  7793379  7794025
  384 37.25  0.40  0.81            LR994594.1  8540775  8541023 (8556488)  +          Kuruka  Unspecified (8556488)  8540775  8541023
  397 38.37  2.35  2.35            LR994594.1 11360200 11361407 (5736929)  +          Kuruka  Unspecified (5736929) 11360200 11361407
 1974 34.58  2.62  2.70            LR994594.1 11637789 11639161 (5458350)  +          Kuruka  Unspecified (5458350) 11637789 11639161
  459 37.97  2.69  3.30            LR994594.1  3212466  3213135 (13884376)  C          Kuruka  Unspecified (13884376)  3212466  3213135
  322 33.94  2.64  2.64            LR994594.1  3213380  3213606 (13883905)  C          Kuruka  Unspecified (13883905)  3213380  3213606
  667 36.36  4.34  4.47            LR994594.1  3358515  3359799 (13738191)  C          Kuruka  Unspecified (13738191)  3358515  3359799
  622 35.41  2.17  4.60            LR994594.1  7672001  7673125 (9424821)  C          Kuruka  Unspecified (9424821)  7672001  7673125
  260 23.62  1.35  2.74            LR994594.1  7925085  7925158 (9172353)  C          Kuruka  Unspecified (9172353)  7925085  7925158
  229 29.11  3.80  0.00            LR994594.1  7962634  7962712 (9134799)  C          Kuruka  Unspecified (9134799)  7962634  7962712
 2193 31.60  2.23  2.32            LR994594.1 10011336 10012456 (7085055)  C          Kuruka  Unspecified (7085055) 10011336 10012456
  842 35.41  2.17  4.60            LR994594.1 15299400 15300524 (1797422)  C          Kuruka  Unspecified (1797422) 15299400 15300524
  322 32.60  4.20  4.64            LR994595.1   183644   183881 (16781253)  +          Kuruka  Unspecified (16781253)   183644   183881
  329 35.21  1.41  1.41            LR994595.1   288685   289778 (16676237)  +          Kuruka  Unspecified (16676237)   288685   289778
  329 35.21  1.41  1.41            LR994595.1   296934   298027 (16667988)  +          Kuruka  Unspecified (16667988)   296934   298027
 1272 36.08  2.48  2.57            LR994595.1  1567870  1569078 (15396056)  +          Kuruka  Unspecified (15396056)  1567870  1569078
 2465 31.53  2.80  2.88            LR994595.1  3101176  3102390 (13862744)  +          Kuruka  Unspecified (13862744)  3101176  3102390
 2465 31.53  2.80  2.88            LR994595.1  3108938  3110152 (13854982)  +          Kuruka  Unspecified (13854982)  3108938  3110152
  248 18.52  1.82  1.82            LR994595.1  3509421  3509475 (13455659)  +          Kuruka  Unspecified (13455659)  3509421  3509475
  335 28.97  0.00  0.00            LR994595.1  5781402  5781508 (11183626)  +          Kuruka  Unspecified (11183626)  5781402  5781508
  258 36.94  2.44  0.96            LR994595.1  5782272  5782476 (11182658)  +          Kuruka  Unspecified (11182658)  5782272  5782476
  321 32.11  3.10  3.56            LR994595.1  7853068  7853293 (9111841)  +          Kuruka  Unspecified (9111841)  7853068  7853293
  229 29.11  3.80  0.00            LR994595.1 11742175 11742253 (5222881)  +          Kuruka  Unspecified (5222881) 11742175 11742253
  354 28.97  0.00  0.00            LR994595.1 14235626 14235732 (2729402)  +          Kuruka  Unspecified (2729402) 14235626 14235732
 1481 35.98  2.62  2.17            LR994595.1 15741226 15742370 (1222764)  +          Kuruka  Unspecified (1222764) 15741226 15742370
  401 36.00  4.03  4.65            LR994595.1   141898   142567 (16822567)  C          Kuruka  Unspecified (16822567)   141898   142567
  303 33.94  2.64  2.64            LR994595.1   142812   143038 (16822096)  C          Kuruka  Unspecified (16822096)   142812   143038
 2300 31.51  2.23  2.32            LR994595.1  1846677  1847797 (15117337)  C          Kuruka  Unspecified (15117337)  1846677  1847797
  243 32.89  0.00  0.00            LR994595.1  3068165  3068240 (13896894)  C          Kuruka  Unspecified (13896894)  3068165  3068240
  723 35.39  3.27  3.42            LR994595.1 11759353 11760025 (5205109)  C          Kuruka  Unspecified (5205109) 11759353 11760025
  329 33.81  1.41  1.41            LR994595.1 11760234 11760446 (5204688)  C          Kuruka  Unspecified (5204688) 11760234 11760446
  448 37.97  2.69  3.30            LR994595.1 11763119 11763788 (5201346)  C          Kuruka  Unspecified (5201346) 11763119 11763788
  322 33.94  2.64  2.64            LR994595.1 11764033 11764259 (5200875)  C          Kuruka  Unspecified (5200875) 11764033 11764259
  247 40.57  0.00  0.57            LR994596.1   370817   370992 (16508438)  +          Kuruka  Unspecified (16508438)   370817   370992
  309 33.94  2.64  2.64            LR994596.1   411561   411787 (16467643)  +          Kuruka  Unspecified (16467643)   411561   411787
  340 36.31  3.37  3.69            LR994596.1   419003   419328 (16460102)  +          Kuruka  Unspecified (16460102)   419003   419328
  282 29.87  0.00  0.00            LR994596.1   699189   699265 (16180165)  +          Kuruka  Unspecified (16180165)   699189   699265
 1947 33.96  2.33  2.41            LR994596.1  1018827  1020030 (15859400)  +          Kuruka  Unspecified (15859400)  1018827  1020030
 2267 31.69  2.23  2.32            LR994596.1  1043696  1044816 (15834614)  +          Kuruka  Unspecified (15834614)  1043696  1044816
  818 32.49  1.75  1.75            LR994596.1  2201804  2202204 (14677226)  +          Kuruka  Unspecified (14677226)  2201804  2202204
 1244 34.84  2.13  4.13            LR994596.1  2202993  2203929 (14675501)  +          Kuruka  Unspecified (14675501)  2202993  2203929
  365 35.22  4.93  1.92            LR994596.1  2295491  2295794 (14583636)  +          Kuruka  Unspecified (14583636)  2295491  2295794
  322 33.94  2.64  2.64            LR994596.1  2753064  2753290 (14126140)  +          Kuruka  Unspecified (14126140)  2753064  2753290
  459 37.97  2.69  3.30            LR994596.1  2753535  2754204 (14125226)  +          Kuruka  Unspecified (14125226)  2753535  2754204
  439 38.41  2.16  2.01            LR994596.1  3902179  3902874 (12976556)  +          Kuruka  Unspecified (12976556)  3902179  3902874
  450 33.55  2.59  6.03            LR994596.1  3905853  3906315 (12973115)  +          Kuruka  Unspecified (12973115)  3905853  3906315
  254 21.13  2.74  2.74            LR994596.1  3919669  3919741 (12959689)  +          Kuruka  Unspecified (12959689)  3919669  3919741
  910 36.17  3.29  3.37            LR994596.1  5463429  5464644 (11414786)  +          Kuruka  Unspecified (11414786)  5463429  5464644
 1006 35.92  3.29  3.38            LR994596.1  8504637  8505820 (8373610)  +          Kuruka  Unspecified (8373610)  8504637  8505820
 1036 37.92  1.79  1.88            LR994596.1  8681910  8683027 (8196403)  +          Kuruka  Unspecified (8196403)  8681910  8683027
 1873 34.29  2.55  2.12            LR994596.1 13495024 13496200 (3383230)  +          Kuruka  Unspecified (3383230) 13495024 13496200
  381 37.01  2.35  2.35            LR994596.1 15743755 15744962 (1135293)  +          Kuruka  Unspecified (1135293) 15743755 15744962
  281 30.73  4.60  3.31            LR994596.1 16541536 16541774 (337656)  +          Kuruka  Unspecified (337656) 16541536 16541774
  626 35.97  2.13  2.30            LR994596.1   164210   165222 (16714611)  C          Kuruka  Unspecified (16714611)   164210   165222
  404 31.86  4.62  3.75            LR994596.1   252223   252460 (16626970)  C          Kuruka  Unspecified (16626970)   252223   252460
 2048 33.97  3.22  2.20            LR994596.1  3958364  3959576 (12919854)  C          Kuruka  Unspecified (12919854)  3958364  3959576
  320 30.28  3.67  0.00            LR994596.1  4764838  4764946 (12114484)  C          Kuruka  Unspecified (12114484)  4764838  4764946
 2283 31.60  2.23  2.32            LR994596.1  4863751  4864871 (12014559)  C          Kuruka  Unspecified (12014559)  4863751  4864871
  229 29.11  3.80  0.00            LR994596.1  5432712  5432790 (11446640)  C          Kuruka  Unspecified (11446640)  5432712  5432790
  378 34.88  4.93  1.92            LR994596.1  6890514  6890817 (9988613)  C          Kuruka  Unspecified (9988613)  6890514  6890817
  400 37.22  1.08  1.08            LR994596.1 11304320 11304596 (5574834)  C          Kuruka  Unspecified (5574834) 11304320 11304596
  792 35.10  3.05  3.05            LR994596.1 16441459 16442552 (437251)  C          Kuruka  Unspecified (437251) 16441459 16442552
  322 32.60  4.20  4.64            LR994597.1   568098   568335 (15948865)  +          Kuruka  Unspecified (15948865)   568098   568335
  306 33.94  2.64  2.64            LR994597.1  1657333  1657559 (14859641)  +          Kuruka  Unspecified (14859641)  1657333  1657559
  386 36.58  3.88  4.50            LR994597.1  1657804  1658473 (14858727)  +          Kuruka  Unspecified (14858727)  1657804  1658473
  294 29.66  0.84  0.84            LR994597.1 11528786 11528904 (4988296)  +          Kuruka  Unspecified (4988296) 11528786 11528904
  674 37.81  0.93  1.08            LR994597.1 11529149 11529795 (4987405)  +          Kuruka  Unspecified (4987405) 11529149 11529795
  281 33.04  3.10  3.56            LR994597.1 14133649 14133874 (2383326)  +          Kuruka  Unspecified (2383326) 14133649 14133874
  425 34.61  5.98  2.63            LR994597.1 15581163 15581530 (935670)  +          Kuruka  Unspecified (935670) 15581163 15581530
  343 28.97  0.00  0.00            LR994597.1    67916    68022 (16449178)  C          Kuruka  Unspecified (16449178)    67916    68022
  335 29.91  0.00  0.00            LR994597.1 12906637 12906743 (3610457)  C          Kuruka  Unspecified (3610457) 12906637 12906743
  814 35.24  2.02  4.75            LR994597.1 15830771 15831892 (685738)  C          Kuruka  Unspecified (685738) 15830771 15831892
  780 35.44  2.68  2.81            LR994597.1 15840957 15842145 (675461)  C          Kuruka  Unspecified (675461) 15840957 15842145
 1051 37.68  1.88  1.97            LR994597.1 16084427 16085544 (431656)  C          Kuruka  Unspecified (431656) 16084427 16085544
  228 28.16  5.23  7.10            LR994598.1  1496968  1497139 (14820916)  +          Kuruka  Unspecified (14820916)  1496968  1497139
  308 37.06  1.56  1.96            LR994598.1  3774613  3774868 (12543187)  +          Kuruka  Unspecified (12543187)  3774613  3774868
 1029 36.49  2.62  2.71            LR994598.1  4297326  4298508 (12019547)  +          Kuruka  Unspecified (12019547)  4297326  4298508
  530 31.91  2.27  2.66            LR994598.1  4846482  4846745 (11471310)  +          Kuruka  Unspecified (11471310)  4846482  4846745
  329 33.81  1.41  1.41            LR994598.1  8144828  8145040 (8173015)  +          Kuruka  Unspecified (8173015)  8144828  8145040
  751 35.48  3.12  3.27            LR994598.1  8145249  8145921 (8172134)  +          Kuruka  Unspecified (8172134)  8145249  8145921
  329 35.08  1.41  1.41            LR994598.1  9906906  9907974 (6410937)  +          Kuruka  Unspecified (6410937)  9906906  9907974
  329 38.49  2.35  2.35            LR994598.1 11230405 11231612 (5087268)  +          Kuruka  Unspecified (5087268) 11230405 11231612
 1285 36.00  2.48  2.57            LR994598.1 13583042 13584250 (2733805)  +          Kuruka  Unspecified (2733805) 13583042 13584250
  832 35.65  1.88  4.30            LR994598.1  2722534  2723659 (13594832)  C          Kuruka  Unspecified (13594832)  2722534  2723659
  487 32.11  2.79  3.20            LR994598.1  4186304  4186554 (12131501)  C          Kuruka  Unspecified (12131501)  4186304  4186554
  859 35.20  2.17  4.60            LR994598.1  4259080  4260204 (12058286)  C          Kuruka  Unspecified (12058286)  4259080  4260204
  582 38.20  3.86  3.40            LR994598.1  4962121  4963261 (11354794)  C          Kuruka  Unspecified (11354794)  4962121  4963261
 1830 36.15  1.48  1.81            LR994598.1 11606489 11607705 (4710350)  C          Kuruka  Unspecified (4710350) 11606489 11607705
  369 37.25  0.40  0.81            LR994598.1 11978265 11978513 (4339542)  C          Kuruka  Unspecified (4339542) 11978265 11978513
  229 29.11  3.80  0.00            LR994598.1 13341808 13341886 (2976169)  C          Kuruka  Unspecified (2976169) 13341808 13341886
 2300 31.51  2.23  2.32            LR994598.1 15058431 15059551 (1258504)  C          Kuruka  Unspecified (1258504) 15058431 15059551
  329 38.11  2.35  2.35            LR994599.1   121299   122506 (15614062)  +          Kuruka  Unspecified (15614062)   121299   122506
 1026 37.09  2.75  2.41            LR994599.1   394784   395982 (15339761)  +          Kuruka  Unspecified (15339761)   394784   395982
  586 35.49  2.68  2.68            LR994599.1   953955   955079 (14781490)  +          Kuruka  Unspecified (14781490)   953955   955079
  418 28.32  0.00  0.00            LR994599.1  2785701  2785813 (12949930)  +          Kuruka  Unspecified (12949930)  2785701  2785813
  237 27.53  5.23  7.10            LR994599.1  2786624  2786795 (12948948)  +          Kuruka  Unspecified (12948948)  2786624  2786795
  345 28.97  0.00  0.00            LR994599.1  3632244  3632350 (12103393)  +          Kuruka  Unspecified (12103393)  3632244  3632350
  547 35.57  1.87  1.87            LR994599.1  6596721  6597888 (9138649)  +          Kuruka  Unspecified (9138649)  6596721  6597888
  320 35.24  1.30  1.30            LR994599.1 11467312 11467541 (4268202)  +          Kuruka  Unspecified (4268202) 11467312 11467541
  822 37.97  0.93  1.08            LR994599.1 11467786 11468432 (4267311)  +          Kuruka  Unspecified (4267311) 11467786 11468432
  229 29.11  3.80  0.00            LR994599.1 12179793 12179871 (3555872)  +          Kuruka  Unspecified (3555872) 12179793 12179871
  688 34.87  1.66  4.75            LR994599.1   411130   411671 (15324072)  C          Kuruka  Unspecified (15324072)   411130   411671
  547 37.05  1.87  1.87            LR994599.1   411894   412267 (15323476)  C          Kuruka  Unspecified (15323476)   411894   412267
  322 32.60  4.20  4.64            LR994599.1  1213000  1213237 (14522506)  C          Kuruka  Unspecified (14522506)  1213000  1213237
  751 35.48  3.12  3.27            LR994599.1  2422466  2423138 (13312605)  C          Kuruka  Unspecified (13312605)  2422466  2423138
  329 33.81  1.41  1.41            LR994599.1  2423347  2423559 (13312184)  C          Kuruka  Unspecified (13312184)  2423347  2423559
  499 23.36  0.00  0.00            LR994599.1  3704119  3704225 (12031518)  C          Kuruka  Unspecified (12031518)  3704119  3704225
  894 37.81  0.93  1.08            LR994599.1  4318706  4319352 (11416391)  C          Kuruka  Unspecified (11416391)  4318706  4319352
  336 36.68  0.43  0.43            LR994599.1  4319597  4319826 (11415917)  C          Kuruka  Unspecified (11415917)  4319597  4319826
  418 33.33  0.00  0.00            LR994599.1  9189536  9189697 (6546046)  C          Kuruka  Unspecified (6546046)  9189536  9189697
  781 34.65  2.46  4.90            LR994599.1 14367800 14368924 (1367254)  C          Kuruka  Unspecified (1367254) 14367800 14368924
  320 28.97  0.00  0.00            LR994599.1 15527272 15527378 (208365)  C          Kuruka  Unspecified (208365) 15527272 15527378
  312 34.34  4.32  4.69            LR994600.1  4862647  4862924 (6586270)  +          Kuruka  Unspecified (6586270)  4862647  4862924
  337 37.11  2.35  2.35            LR994600.1  7060931  7062138 (4387881)  +          Kuruka  Unspecified (4387881)  7060931  7062138
  243 32.89  0.00  0.00            LR994600.1  7563113  7563188 (3886006)  +          Kuruka  Unspecified (3886006)  7563113  7563188
  329 35.50  1.41  1.41            LR994600.1  7629058  7630151 (3819924)  +          Kuruka  Unspecified (3819924)  7629058  7630151
 1028 36.27  3.05  3.15            LR994600.1  8390662  8391774 (3057420)  +          Kuruka  Unspecified (3057420)  8390662  8391774
  503 36.92  2.68  2.68            LR994600.1 11126057 11127181 (322839)  +          Kuruka  Unspecified (322839) 11126057 11127181
 1006 37.83  1.79  1.88            LR994600.1   236227   237344 (11211850)  C          Kuruka  Unspecified (11211850)   236227   237344
  915 35.84  3.54  3.62            LR994600.1  2313609  2314824 (9134370)  C          Kuruka  Unspecified (9134370)  2313609  2314824
  622 36.21  0.87  3.26            LR994600.1 11319675 11320799 (128830)  C          Kuruka  Unspecified (128830) 11319675 11320799
 1062 37.83  1.79  1.88            LR994601.1  1534391  1535508 (8768184)  +          Kuruka  Unspecified (8768184)  1534391  1535508
  229 29.11  3.80  0.00            LR994601.1  1805423  1805501 (8498191)  +          Kuruka  Unspecified (8498191)  1805423  1805501
  251 27.96  1.72  4.42            LR994601.1  3156647  3156762 (7146930)  +          Kuruka  Unspecified (7146930)  3156647  3156762
 1450 33.59  3.04  3.13            LR994601.1  3276575  3277757 (7025935)  +          Kuruka  Unspecified (7025935)  3276575  3277757
  245 29.33  0.00  0.00            LR994601.1  3649340  3649414 (6654278)  +          Kuruka  Unspecified (6654278)  3649340  3649414
 1067 37.50  1.88  1.97            LR994601.1  3799407  3800524 (6503168)  +          Kuruka  Unspecified (6503168)  3799407  3800524
  248 32.89  0.00  0.00            LR994601.1  5089159  5089234 (5214458)  +          Kuruka  Unspecified (5214458)  5089159  5089234
 1010 35.84  3.54  3.62            LR994601.1  6247668  6248883 (4054809)  +          Kuruka  Unspecified (4054809)  6247668  6248883
  342 28.97  0.00  0.00            LR994601.1  8387725  8387831 (1915861)  +          Kuruka  Unspecified (1915861)  8387725  8387831
  540 36.46  1.34  1.34            LR994601.1  9007459  9008670 (1295860)  +          Kuruka  Unspecified (1295860)  9007459  9008670
  495 23.36  0.00  0.00            LR994601.1   643934   644040 (9659652)  C          Kuruka  Unspecified (9659652)   643934   644040
 1062 36.05  3.39  3.47            LR994601.1  3419907  3421087 (6882605)  C          Kuruka  Unspecified (6882605)  3419907  3421087
  409 33.95  0.00  0.00            LR994601.1  3718010  3718171 (6585521)  C          Kuruka  Unspecified (6585521)  3718010  3718171
  248 32.89  0.00  0.00            LR994601.1  6834583  6834658 (3469034)  C          Kuruka  Unspecified (3469034)  6834583  6834658
  316 28.51  6.73  7.25            LR994601.1  8491687  8491894 (1811798)  C          Kuruka  Unspecified (1811798)  8491687  8491894
  606 35.55  3.27  3.42            LR994601.1 10112055 10113190 (190905)  C          Kuruka  Unspecified (190905) 10112055 10113190
 2010 34.91  2.47  2.77            LR994602.1   254554   255929 (6690474)  +          Kuruka  Unspecified (6690474)   254554   255929
 2294 32.55  2.19  2.28            LR994602.1   309132   310228 (6636175)  +          Kuruka  Unspecified (6636175)   309132   310228
 1479 36.16  1.56  1.90            LR994602.1  1039560  1040774 (5905629)  +          Kuruka  Unspecified (5905629)  1039560  1040774
 2346 33.15  1.47  1.56            LR994602.1  1254900  1255990 (5690413)  +          Kuruka  Unspecified (5690413)  1254900  1255990
 2276 31.80  3.14  2.88            LR994602.1  1647437  1648647 (5297756)  +          Kuruka  Unspecified (5297756)  1647437  1648647
  460 35.27  1.32  3.03            LR994602.1  1924506  1925721 (5021596)  +          Kuruka  Unspecified (5021596)  1924506  1925721
  405 34.48  8.54  2.69            LR994602.1  2415977  2417171 (4530146)  +          Kuruka  Unspecified (4530146)  2415977  2417171
  329 34.88  4.90  2.56            LR994602.1  2468779  2469084 (4477319)  +          Kuruka  Unspecified (4477319)  2468779  2469084
  338 37.83  0.00  0.00            LR994602.1  2580106  2580335 (4366068)  +          Kuruka  Unspecified (4366068)  2580106  2580335
  827 38.44  0.93  1.08            LR994602.1  2580580  2581226 (4365177)  +          Kuruka  Unspecified (4365177)  2580580  2581226
  302 36.22  2.96  1.83            LR994602.1  4875547  4875816 (2070587)  +          Kuruka  Unspecified (2070587)  4875547  4875816
 1940 33.79  2.32  2.49            LR994602.1  4903329  4904533 (2041870)  +          Kuruka  Unspecified (2041870)  4903329  4904533
 1862 35.93  1.56  1.90            LR994602.1  5083730  5084946 (1861457)  +          Kuruka  Unspecified (1861457)  5083730  5084946
 2156 32.84  2.19  2.28            LR994602.1  5240342  5241438 (1704965)  +          Kuruka  Unspecified (1704965)  5240342  5241438
  257 31.71  0.00  0.00            LR994602.1  5305320  5305401 (1641002)  +          Kuruka  Unspecified (1641002)  5305320  5305401
  393 37.73  1.09  1.09            LR994602.1  5399339  5399614 (1546789)  +          Kuruka  Unspecified (1546789)  5399339  5399614
  325 33.96  4.32  4.69            LR994602.1  5987754  5988031 (958372)  +          Kuruka  Unspecified (958372)  5987754  5988031
 2303 34.06  1.98  2.05            LR994602.1  6004135  6005450 (940953)  +          Kuruka  Unspecified (940953)  6004135  6005450
  970 34.73  4.02  4.11            LR994602.1  6119728  6120895 (825508)  +          Kuruka  Unspecified (825508)  6119728  6120895
  345 28.97  0.00  0.00            LR994602.1  6396611  6396717 (549686)  +          Kuruka  Unspecified (549686)  6396611  6396717
 1875 33.96  2.14  2.24            LR994602.1  6412704  6413733 (532670)  +          Kuruka  Unspecified (532670)  6412704  6413733
  479 32.51  2.80  2.80            LR994602.1  6493779  6494028 (452375)  +          Kuruka  Unspecified (452375)  6493779  6494028
  473 32.51  2.79  3.20            LR994602.1  6509611  6509861 (436542)  +          Kuruka  Unspecified (436542)  6509611  6509861
  400 37.22  1.08  1.08            LR994602.1  6550132  6550408 (395995)  +          Kuruka  Unspecified (395995)  6550132  6550408
  271 26.04  0.00  1.37            LR994602.1  6598522  6598595 (347808)  +          Kuruka  Unspecified (347808)  6598522  6598595
  846 35.17  2.55  2.69            LR994602.1   293258   294473 (6652363)  C          Kuruka  Unspecified (6652363)   293258   294473
  534 35.63  2.61  2.78            LR994602.1   502785   503396 (6443007)  C          Kuruka  Unspecified (6443007)   502785   503396
  908 39.32  1.43  1.52            LR994602.1  1288733  1289853 (5656550)  C          Kuruka  Unspecified (5656550)  1288733  1289853
 1077 35.70  4.00  3.06            LR994602.1  1451543  1452741 (5493662)  C          Kuruka  Unspecified (5493662)  1451543  1452741
  326 29.91  0.00  0.00            LR994602.1  1673264  1673370 (5273033)  C          Kuruka  Unspecified (5273033)  1673264  1673370
 1980 35.05  2.47  2.77            LR994602.1  1938131  1939506 (5006897)  C          Kuruka  Unspecified (5006897)  1938131  1939506
  499 23.36  0.00  0.00            LR994602.1  2105417  2105523 (4840880)  C          Kuruka  Unspecified (4840880)  2105417  2105523
 2489 33.07  1.41  1.50            LR994602.1  2645645  2646780 (4299623)  C          Kuruka  Unspecified (4299623)  2645645  2646780
  824 36.01  0.87  3.26            LR994602.1  3228992  3230116 (3716722)  C          Kuruka  Unspecified (3716722)  3228992  3230116
  789 35.77  2.16  5.04            LR994602.1  4134524  4135597 (2811187)  C          Kuruka  Unspecified (2811187)  4134524  4135597
  294 35.14  3.28  2.02            LR994602.1  4359256  4359499 (2586904)  C          Kuruka  Unspecified (2586904)  4359256  4359499
  808 36.34  1.74  3.96            LR994602.1  4751129  4752312 (2194526)  C          Kuruka  Unspecified (2194526)  4751129  4752312
 1737 35.74  3.60  1.89            LR994602.1  5407837  5409031 (1537372)  C          Kuruka  Unspecified (1537372)  5407837  5409031
  372 37.66  0.40  0.81            LR994602.1  5558570  5558818 (1387585)  C          Kuruka  Unspecified (1387585)  5558570  5558818
  388 33.95  0.00  0.00            LR994602.1  6032142  6032303 (914100)  C          Kuruka  Unspecified (914100)  6032142  6032303
  268 31.16  4.60  3.31            LR994602.1  6699378  6699616 (246787)  C          Kuruka  Unspecified (246787)  6699378  6699616
