  313 24.39  2.44  0.00            CM026273.1  5069658  5069739 (17009893)  C          Kuruka  Unspecified (17009893)  5069658  5069739
 2416 32.56  2.12  2.12            CM026273.1  9204343  9205569 (12874063)  C          Kuruka  Unspecified (12874063)  9204343  9205569
  386 30.22  5.20  4.04            CM026274.1   354512   354780 (20399030)  +          Kuruka  Unspecified (20399030)   354512   354780
  378 33.10  2.76  0.00            CM026274.1   446154   446298 (20307512)  +          Kuruka  Unspecified (20307512)   446154   446298
  424 38.30  1.22  2.47            CM026274.1   703005   703577 (20050233)  +          Kuruka  Unspecified (20050233)   703005   703577
 1760 35.72  1.69  1.78            CM026274.1   836722   837904 (19915906)  +          Kuruka  Unspecified (19915906)   836722   837904
  374 20.73  0.00  0.00            CM026274.1  1068619  1068700 (19685110)  +          Kuruka  Unspecified (19685110)  1068619  1068700
  582 33.31  1.75  2.11            CM026274.1  1369552  1370572 (19383973)  +          Kuruka  Unspecified (19383973)  1369552  1370572
  511 34.39  5.73  5.26            CM026274.1  1449849  1450511 (19303299)  +          Kuruka  Unspecified (19303299)  1449849  1450511
  444 36.20  3.90  6.04            CM026274.1  1481948  1482691 (19271119)  +          Kuruka  Unspecified (19271119)  1481948  1482691
  263 35.25  5.40  5.40            CM026274.1  1977151  1977865 (18776382)  +          Kuruka  Unspecified (18776382)  1977151  1977865
  314 24.39  2.44  0.00            CM026274.1  2163059  2163140 (18590670)  +          Kuruka  Unspecified (18590670)  2163059  2163140
 2028 34.44  2.40  2.48            CM026274.1  2348122  2349410 (18404400)  +          Kuruka  Unspecified (18404400)  2348122  2349410
  330 27.12  4.55  2.22            CM026274.1  2861719  2861850 (17891960)  +          Kuruka  Unspecified (17891960)  2861719  2861850
 1197 35.92  3.01  2.41            CM026274.1  2865203  2866232 (17887578)  +          Kuruka  Unspecified (17887578)  2865203  2866232
  468 34.79  2.60  2.93            CM026274.1  2870395  2870702 (17883108)  +          Kuruka  Unspecified (17883108)  2870395  2870702
  374 36.90  2.27  3.53            CM026274.1  2927231  2927803 (17826007)  +          Kuruka  Unspecified (17826007)  2927231  2927803
  455 33.14  0.00  0.00            CM026274.1  3085268  3085436 (17668374)  +          Kuruka  Unspecified (17668374)  3085268  3085436
  305 34.38  3.02  3.41            CM026274.1  3375567  3375831 (17377979)  +          Kuruka  Unspecified (17377979)  3375567  3375831
  250 22.42  0.00  1.72            CM026274.1  3396311  3396369 (17357441)  +          Kuruka  Unspecified (17357441)  3396311  3396369
  302 34.05  2.88  3.31            CM026274.1  3587128  3587370 (17166440)  +          Kuruka  Unspecified (17166440)  3587128  3587370
  473 33.01  5.21  1.48            CM026274.1  4501081  4501406 (16252404)  +          Kuruka  Unspecified (16252404)  4501081  4501406
 1914 33.91  1.95  1.78            CM026274.1  4540885  4542064 (16211746)  +          Kuruka  Unspecified (16211746)  4540885  4542064
  330 35.31  0.00  2.35            CM026274.1  4583718  4583891 (16169919)  +          Kuruka  Unspecified (16169919)  4583718  4583891
  538 36.54  2.18  2.79            CM026274.1  4588302  4588805 (16165005)  +          Kuruka  Unspecified (16165005)  4588302  4588805
  368 36.85  1.98  2.38            CM026274.1  5389309  5389561 (15364249)  +          Kuruka  Unspecified (15364249)  5389309  5389561
  257 27.40  0.00  0.00            CM026274.1  5398542  5398614 (15355196)  +          Kuruka  Unspecified (15355196)  5398542  5398614
  285 29.42  0.00  0.98            CM026274.1  5621768  5621870 (15131940)  +          Kuruka  Unspecified (15131940)  5621768  5621870
  285 29.42  0.00  0.98            CM026274.1  5637051  5637153 (15116657)  +          Kuruka  Unspecified (15116657)  5637051  5637153
  228 24.14  0.00  0.00            CM026274.1  6463879  6463936 (14289874)  +          Kuruka  Unspecified (14289874)  6463879  6463936
 2260 33.42  2.41  2.16            CM026274.1  6607638  6608839 (14144971)  +          Kuruka  Unspecified (14144971)  6607638  6608839
 2005 33.43  2.05  2.14            CM026274.1  6635407  6636577 (14117233)  +          Kuruka  Unspecified (14117233)  6635407  6636577
 2525 32.41  2.15  2.24            CM026274.1  7074872  7076080 (13677730)  +          Kuruka  Unspecified (13677730)  7074872  7076080
  300 36.74  0.87  0.87            CM026274.1  7448234  7448579 (13305231)  +          Kuruka  Unspecified (13305231)  7448234  7448579
  231 24.76  1.03  4.26            CM026274.1  7555536  7555632 (13198178)  +          Kuruka  Unspecified (13198178)  7555536  7555632
  366 28.09  0.00  0.00            CM026274.1  7611815  7611903 (13141907)  +          Kuruka  Unspecified (13141907)  7611815  7611903
  272 26.15  1.11  2.25            CM026274.1  7612584  7612673 (13141137)  +          Kuruka  Unspecified (13141137)  7612584  7612673
  287 32.61  4.15  4.58            CM026274.1  7888805  7889045 (12864765)  +          Kuruka  Unspecified (12864765)  7888805  7889045
  319 31.79  0.66  0.66            CM026274.1  8117611  8117762 (12636048)  +          Kuruka  Unspecified (12636048)  8117611  8117762
 1281 34.51  3.74  1.97            CM026274.1  8245009  8246158 (12507652)  +          Kuruka  Unspecified (12507652)  8245009  8246158
  542 34.96  5.13  4.65            CM026274.1  8433826  8434488 (12319322)  +          Kuruka  Unspecified (12319322)  8433826  8434488
  481 32.24  3.19  3.60            CM026274.1  8727959  8728209 (12025601)  +          Kuruka  Unspecified (12025601)  8727959  8728209
 2053 31.82  3.58  3.92            CM026274.1  8971715  8972944 (11780866)  +          Kuruka  Unspecified (11780866)  8971715  8972944
  580 31.45  5.17  2.37            CM026274.1  9171393  9171721 (11582089)  +          Kuruka  Unspecified (11582089)  9171393  9171721
  353 37.68  1.92  3.36            CM026274.1  9194048  9194621 (11559189)  +          Kuruka  Unspecified (11559189)  9194048  9194621
  243 35.92  2.21  2.67            CM026274.1  9908517  9908742 (10845068)  +          Kuruka  Unspecified (10845068)  9908517  9908742
 2059 34.54  2.56  1.69            CM026274.1 10336882 10338053 (10415757)  +          Kuruka  Unspecified (10415757) 10336882 10338053
  474 32.16  3.41  3.41            CM026274.1 10505556 10505819 (10247991)  +          Kuruka  Unspecified (10247991) 10505556 10505819
  675 30.42  2.57  0.63            CM026274.1 10527531 10527841 (10225969)  +          Kuruka  Unspecified (10225969) 10527531 10527841
  721 34.28  0.71  0.71            CM026274.1 10535745 10536167 (10217643)  +          Kuruka  Unspecified (10217643) 10535745 10536167
  390 30.30 10.12  1.12            CM026274.1 10539053 10539299 (10214511)  +          Kuruka  Unspecified (10214511) 10539053 10539299
  462 35.53  2.02  2.02            CM026274.1 10708404 10709058 (10045061)  +          Kuruka  Unspecified (10045061) 10708404 10709058
  257 22.22  0.00  0.00            CM026274.1 11016772 11016825 (9736985)  +          Kuruka  Unspecified (9736985) 11016772 11016825
  504 31.25  0.00  0.00            CM026274.1 11039307 11039466 (9714344)  +          Kuruka  Unspecified (9714344) 11039307 11039466
  318 34.64  3.40  1.91            CM026274.1 11040188 11040393 (9713417)  +          Kuruka  Unspecified (9713417) 11040188 11040393
  387 37.55  1.14  1.14            CM026274.1 11119626 11119889 (9633921)  +          Kuruka  Unspecified (9633921) 11119626 11119889
 1868 34.13  1.46  1.81            CM026274.1 11266462 11267625 (9486185)  +          Kuruka  Unspecified (9486185) 11266462 11267625
  273 36.42  1.34  2.95            CM026274.1 11307197 11307643 (9446167)  +          Kuruka  Unspecified (9446167) 11307197 11307643
  225 31.51  0.00  0.00            CM026274.1 11731212 11731284 (9022526)  +          Kuruka  Unspecified (9022526) 11731212 11731284
 1394 33.98  2.53  2.81            CM026274.1 11976962 11978069 (8775741)  +          Kuruka  Unspecified (8775741) 11976962 11978069
  500 32.47  3.25  3.25            CM026274.1 12288867 12289143 (8464667)  +          Kuruka  Unspecified (8464667) 12288867 12289143
  247 32.34  3.62  1.42            CM026274.1 12377433 12377570 (8376240)  +          Kuruka  Unspecified (8376240) 12377433 12377570
  289 33.56  1.30  1.30            CM026274.1 12530958 12531111 (8222699)  +          Kuruka  Unspecified (8222699) 12530958 12531111
  455 37.94  1.22  2.47            CM026274.1 13403899 13404471 (7349339)  +          Kuruka  Unspecified (7349339) 13403899 13404471
 1667 34.32  1.72  1.81            CM026274.1 13787739 13788842 (6964968)  +          Kuruka  Unspecified (6964968) 13787739 13788842
  305 29.07  2.33  0.00            CM026274.1 13983575 13983660 (6770150)  +          Kuruka  Unspecified (6770150) 13983575 13983660
  500 32.47  3.25  3.25            CM026274.1 14210233 14210509 (6543301)  +          Kuruka  Unspecified (6543301) 14210233 14210509
  314 24.39  2.44  0.00            CM026274.1 14757715 14757796 (5996014)  +          Kuruka  Unspecified (5996014) 14757715 14757796
  604 33.60  1.75  2.11            CM026274.1 15089698 15090722 (5663827)  +          Kuruka  Unspecified (5663827) 15089698 15090722
  358 34.28  3.73  4.08            CM026274.1 15450799 15451093 (5302717)  +          Kuruka  Unspecified (5302717) 15450799 15451093
 2008 32.90  3.45  3.53            CM026274.1 15573917 15575277 (5178533)  +          Kuruka  Unspecified (5178533) 15573917 15575277
  294 37.36  2.69  2.69            CM026274.1 15680573 15681781 (5072866)  +          Kuruka  Unspecified (5072866) 15680573 15681781
  327 34.73  0.00  2.35            CM026274.1 15840120 15840293 (4913517)  +          Kuruka  Unspecified (4913517) 15840120 15840293
 2091 32.61  1.94  2.04            CM026274.1 16079156 16080185 (4673625)  +          Kuruka  Unspecified (4673625) 16079156 16080185
  288 35.56  2.58  3.46            CM026274.1 16156341 16156573 (4597237)  +          Kuruka  Unspecified (4597237) 16156341 16156573
  399 29.11  5.00  5.53            CM026274.1 16312609 16312808 (4441002)  +          Kuruka  Unspecified (4441002) 16312609 16312808
  332 31.03  6.15  4.55            CM026274.1 16344614 16344873 (4408937)  +          Kuruka  Unspecified (4408937) 16344614 16344873
  248 33.59  2.81  3.90            CM026274.1 16476113 16476397 (4277413)  +          Kuruka  Unspecified (4277413) 16476113 16476397
  585 32.84  3.25  3.25            CM026274.1 17138381 17138657 (3615153)  +          Kuruka  Unspecified (3615153) 17138381 17138657
  299 25.00  0.00  0.00            CM026274.1 17360912 17360979 (3392831)  +          Kuruka  Unspecified (3392831) 17360912 17360979
  299 25.00  0.00  0.00            CM026274.1 17363933 17364000 (3389810)  +          Kuruka  Unspecified (3389810) 17363933 17364000
  316 36.93  2.95  3.23            CM026274.1 17504751 17505960 (3248687)  +          Kuruka  Unspecified (3248687) 17504751 17505960
  253 30.55  6.64  4.90            CM026274.1 17752465 17752705 (3001105)  +          Kuruka  Unspecified (3001105) 17752465 17752705
 1834 31.41  3.53  3.95            CM026274.1 17845819 17846809 (2907001)  +          Kuruka  Unspecified (2907001) 17845819 17846809
  314 27.97  4.10  4.64            CM026274.1 17980345 17980539 (2773271)  +          Kuruka  Unspecified (2773271) 17980345 17980539
  296 30.61  3.36  6.13            CM026274.1 18212762 18213029 (2540781)  +          Kuruka  Unspecified (2540781) 18212762 18213029
  785 32.81  1.03  1.03            CM026274.1 18511410 18512639 (2242110)  +          Kuruka  Unspecified (2242110) 18511410 18512639
  256 37.59  1.26  1.26            CM026274.1 18802749 18803144 (1950666)  +          Kuruka  Unspecified (1950666) 18802749 18803144
  373 34.19  3.29  3.72            CM026274.1 18842670 18842912 (1910898)  +          Kuruka  Unspecified (1910898) 18842670 18842912
  485 32.80  5.99  5.64            CM026274.1 18919668 18920268 (1833542)  +          Kuruka  Unspecified (1833542) 18919668 18920268
  256 33.11  4.03  4.73            CM026274.1 19091592 19091740 (1662070)  +          Kuruka  Unspecified (1662070) 19091592 19091740
  551 32.84  3.25  3.25            CM026274.1 19148473 19148749 (1605061)  +          Kuruka  Unspecified (1605061) 19148473 19148749
  337 27.83  1.71  1.71            CM026274.1 19415057 19415173 (1338637)  +          Kuruka  Unspecified (1338637) 19415057 19415173
 1307 35.45  2.31  2.40            CM026274.1 19437702 19438912 (1314898)  +          Kuruka  Unspecified (1314898) 19437702 19438912
  266 27.63  0.00  0.00            CM026274.1 19479981 19480056 (1273754)  +          Kuruka  Unspecified (1273754) 19479981 19480056
 1622 35.45  2.31  2.40            CM026274.1 19546245 19547455 (1206355)  +          Kuruka  Unspecified (1206355) 19546245 19547455
 1862 34.82  1.93  2.02            CM026274.1 19653028 19654167 (1099643)  +          Kuruka  Unspecified (1099643) 19653028 19654167
  452 27.01  1.44  1.44            CM026274.1    98537    98675 (20655135)  C          Kuruka  Unspecified (20655135)    98537    98675
  293 33.66  3.26  3.26            CM026274.1   110201   110415 (20643395)  C          Kuruka  Unspecified (20643395)   110201   110415
  951 35.36  1.90  2.03            CM026274.1   247496   248283 (20505527)  C          Kuruka  Unspecified (20505527)   247496   248283
  559 30.03  2.41  2.41            CM026274.1   250187   250476 (20503334)  C          Kuruka  Unspecified (20503334)   250187   250476
  299 21.13  1.75  4.50            CM026274.1   291109   291222 (20462588)  C          Kuruka  Unspecified (20462588)   291109   291222
  347 34.85  5.75  2.80            CM026274.1  1155209  1155521 (19598289)  C          Kuruka  Unspecified (19598289)  1155209  1155521
  711 27.79  1.39  5.04            CM026274.1  3090856  3091143 (17662667)  C          Kuruka  Unspecified (17662667)  3090856  3091143
  355 34.05  1.40  1.40            CM026274.1  3539945  3540087 (17213723)  C          Kuruka  Unspecified (17213723)  3539945  3540087
  371 33.68  6.58  4.01            CM026274.1  3540692  3541056 (17212754)  C          Kuruka  Unspecified (17212754)  3540692  3541056
  316 35.90  0.00  2.35            CM026274.1  3672800  3672973 (17080837)  C          Kuruka  Unspecified (17080837)  3672800  3672973
  266 35.09  1.16  1.16            CM026274.1  3728218  3728390 (17025420)  C          Kuruka  Unspecified (17025420)  3728218  3728390
 1064 33.62  1.97  3.06            CM026274.1  4101002  4102103 (16652149)  C          Kuruka  Unspecified (16652149)  4101002  4102103
 1774 33.53  4.07  3.29            CM026274.1  4450478  4451655 (16302155)  C          Kuruka  Unspecified (16302155)  4450478  4451655
  464 37.17  1.60  4.28            CM026274.1  4473390  4474013 (16279797)  C          Kuruka  Unspecified (16279797)  4473390  4474013
  463 34.80  4.94  2.27            CM026274.1  4515172  4515515 (16238295)  C          Kuruka  Unspecified (16238295)  4515172  4515515
  382 30.59  4.37  4.88            CM026274.1  4652545  4653106 (16101060)  C          Kuruka  Unspecified (16101060)  4652545  4653106
  477 31.92  0.00  2.45            CM026274.1  4655339  4655505 (16098305)  C          Kuruka  Unspecified (16098305)  4655339  4655505
  354 31.79  0.66  0.66            CM026274.1  4808430  4808581 (15945229)  C          Kuruka  Unspecified (15945229)  4808430  4808581
  405 32.60  2.97  3.36            CM026274.1  5204282  5204865 (15549260)  C          Kuruka  Unspecified (15549260)  5204282  5204865
  412 29.82  5.20  4.04            CM026274.1  5228552  5228820 (15524990)  C          Kuruka  Unspecified (15524990)  5228552  5228820
  314 32.92  3.64  4.07            CM026274.1  5334679  5334925 (15418885)  C          Kuruka  Unspecified (15418885)  5334679  5334925
  256 25.40  0.00  0.00            CM026274.1  6116078  6116140 (14637670)  C          Kuruka  Unspecified (14637670)  6116078  6116140
  303 34.64  3.40  1.91            CM026274.1  6302782  6302987 (14450823)  C          Kuruka  Unspecified (14450823)  6302782  6302987
  521 30.00  0.00  0.00            CM026274.1  6303709  6303868 (14449942)  C          Kuruka  Unspecified (14449942)  6303709  6303868
  494 33.14  0.00  0.00            CM026274.1  6674435  6674603 (14079207)  C          Kuruka  Unspecified (14079207)  6674435  6674603
  318 35.78  2.51  2.94            CM026274.1  6768516  6768754 (13985056)  C          Kuruka  Unspecified (13985056)  6768516  6768754
  457 34.11  1.99  2.29            CM026274.1  6853103  6853453 (13900357)  C          Kuruka  Unspecified (13900357)  6853103  6853453
  375 34.02  2.25  3.12            CM026274.1  7049191  7049545 (13704265)  C          Kuruka  Unspecified (13704265)  7049191  7049545
  297 33.15  3.39  2.95            CM026274.1  7051080  7051769 (13702495)  C          Kuruka  Unspecified (13702495)  7051080  7051769
 1572 32.29  2.26  2.12            CM026274.1  7088088  7088840 (13664970)  C          Kuruka  Unspecified (13664970)  7088088  7088840
  737 33.60  2.90  2.63            CM026274.1  7089569  7089947 (13663863)  C          Kuruka  Unspecified (13663863)  7089569  7089947
  551 32.84  3.25  3.25            CM026274.1  7152563  7152839 (13600971)  C          Kuruka  Unspecified (13600971)  7152563  7152839
  442 34.67  2.55  3.54            CM026274.1  7164139  7164452 (13589358)  C          Kuruka  Unspecified (13589358)  7164139  7164452
 1552 35.62  2.22  2.75            CM026274.1  7313213  7314563 (13439247)  C          Kuruka  Unspecified (13439247)  7313213  7314563
  479 36.08  3.49  3.15            CM026274.1  7397464  7398064 (13355746)  C          Kuruka  Unspecified (13355746)  7397464  7398064
  429 27.52  0.00  0.00            CM026274.1  7419121  7419229 (13334581)  C          Kuruka  Unspecified (13334581)  7419121  7419229
  256 28.92  0.00  0.00            CM026274.1  7514447  7514529 (13239281)  C          Kuruka  Unspecified (13239281)  7514447  7514529
  244 37.59  0.00  0.00            CM026274.1  7886033  7886165 (12867645)  C          Kuruka  Unspecified (12867645)  7886033  7886165
 1820 35.40  2.03  2.03            CM026274.1  7954160  7955344 (12798466)  C          Kuruka  Unspecified (12798466)  7954160  7955344
  322 30.31  6.07  6.50            CM026274.1  8424399  8424645 (12329165)  C          Kuruka  Unspecified (12329165)  8424399  8424645
  496 35.50  0.88  0.88            CM026274.1  8471831  8472171 (12281639)  C          Kuruka  Unspecified (12281639)  8471831  8472171
  563 33.88  3.73  3.73            CM026274.1  8535982  8537079 (12217185)  C          Kuruka  Unspecified (12217185)  8535982  8537079
  292 30.69  1.40  0.69            CM026274.1  8818847  8819438 (11934821)  C          Kuruka  Unspecified (11934821)  8818847  8819438
  292 30.69  1.40  0.69            CM026274.1  8824675  8825266 (11928993)  C          Kuruka  Unspecified (11928993)  8824675  8825266
  283 28.44  0.91  0.91            CM026274.1  9286771  9286880 (11466930)  C          Kuruka  Unspecified (11466930)  9286771  9286880
  361 34.04  3.72  3.72            CM026274.1  9287188  9287483 (11466327)  C          Kuruka  Unspecified (11466327)  9287188  9287483
  582 32.47  3.25  3.25            CM026274.1 10205394 10205670 (10548140)  C          Kuruka  Unspecified (10548140) 10205394 10205670
  252 31.65  7.98  5.76            CM026274.1 10354411 10354648 (10399162)  C          Kuruka  Unspecified (10399162) 10354411 10354648
  430 37.50  0.40  0.80            CM026274.1 10773012 10773261 (9980549)  C          Kuruka  Unspecified (9980549) 10773012 10773261
  248 28.99  0.00  0.00            CM026274.1 10853025 10853093 (9900717)  C          Kuruka  Unspecified (9900717) 10853025 10853093
  244 34.53  3.88  4.39            CM026274.1 10967105 10967310 (9786500)  C          Kuruka  Unspecified (9786500) 10967105 10967310
 1966 34.89  2.15  2.24            CM026274.1 10982471 10983678 (9770132)  C          Kuruka  Unspecified (9770132) 10982471 10983678
  478 36.18  1.30  4.01            CM026274.1 11241121 11241811 (9511999)  C          Kuruka  Unspecified (9511999) 11241121 11241811
 1436 35.41  2.11  2.54            CM026274.1 11378048 11379232 (9374578)  C          Kuruka  Unspecified (9374578) 11378048 11379232
 1614 34.05  3.95  2.80            CM026274.1 11624499 11625664 (9128146)  C          Kuruka  Unspecified (9128146) 11624499 11625664
 2077 32.79  1.86  2.99            CM026274.1 12240815 12241996 (8511814)  C          Kuruka  Unspecified (8511814) 12240815 12241996
  565 35.03  2.48  2.64            CM026274.1 12246299 12247444 (8506868)  C          Kuruka  Unspecified (8506868) 12246299 12247444
  279 36.48  3.31  3.73            CM026274.1 12928402 12928643 (7825167)  C          Kuruka  Unspecified (7825167) 12928402 12928643
 2061 33.33  2.58  2.02            CM026274.1 13014159 13015242 (7738568)  C          Kuruka  Unspecified (7738568) 13014159 13015242
  372 36.90  2.27  3.53            CM026274.1 13149256 13149828 (7603982)  C          Kuruka  Unspecified (7603982) 13149256 13149828
  373 33.05  4.66  5.11            CM026274.1 13413398 13413633 (7340177)  C          Kuruka  Unspecified (7340177) 13413398 13413633
  373 33.05  4.66  5.11            CM026274.1 13424728 13424963 (7328847)  C          Kuruka  Unspecified (7328847) 13424728 13424963
 2177 31.31  3.97  3.89            CM026274.1 13435334 13436566 (7317244)  C          Kuruka  Unspecified (7317244) 13435334 13436566
  261 36.98  0.90  0.90            CM026274.1 14498341 14498561 (6255249)  C          Kuruka  Unspecified (6255249) 14498341 14498561
 1078 36.37  1.57  1.81            CM026274.1 15483689 15484517 (5269293)  C          Kuruka  Unspecified (5269293) 15483689 15484517
 1621 35.45  2.31  2.40            CM026274.1 15529310 15530520 (5223290)  C          Kuruka  Unspecified (5223290) 15529310 15530520
  364 38.30  1.22  2.47            CM026274.1 15539692 15540264 (5213546)  C          Kuruka  Unspecified (5213546) 15539692 15540264
  277 32.65  5.43  5.02            CM026274.1 15552140 15552397 (5201413)  C          Kuruka  Unspecified (5201413) 15552140 15552397
  331 37.09  0.00  0.00            CM026274.1 15584633 15584783 (5169027)  C          Kuruka  Unspecified (5169027) 15584633 15584783
  832 37.36  1.09  1.23            CM026274.1 15682743 15683951 (5070337)  C          Kuruka  Unspecified (5070337) 15682743 15683951
  943 33.92  2.02  2.17            CM026274.1 15907682 15908326 (4845484)  C          Kuruka  Unspecified (4845484) 15907682 15908326
  549 30.39  2.41  2.41            CM026274.1 15908709 15908998 (4844812)  C          Kuruka  Unspecified (4844812) 15908709 15908998
  385 31.39  0.00  0.00            CM026274.1 15999774 15999910 (4753900)  C          Kuruka  Unspecified (4753900) 15999774 15999910
  575 32.47  3.25  3.25            CM026274.1 16087717 16087993 (4665817)  C          Kuruka  Unspecified (4665817) 16087717 16087993
  331 35.08  2.73  3.14            CM026274.1 16107675 16107930 (4645880)  C          Kuruka  Unspecified (4645880) 16107675 16107930
  255 37.59  1.26  1.26            CM026274.1 16285983 16286378 (4467432)  C          Kuruka  Unspecified (4467432) 16285983 16286378
 2361 33.76  2.00  1.74            CM026274.1 16896102 16897304 (3856506)  C          Kuruka  Unspecified (3856506) 16896102 16897304
  455 29.15  5.58  4.33            CM026274.1 17185080 17185330 (3568480)  C          Kuruka  Unspecified (3568480) 17185080 17185330
  567 32.84  3.25  3.25            CM026274.1 17341256 17341532 (3412278)  C          Kuruka  Unspecified (3412278) 17341256 17341532
  256 37.49  0.95  3.23            CM026274.1 17350361 17350677 (3403133)  C          Kuruka  Unspecified (3403133) 17350361 17350677
  663 34.36  4.19  4.19            CM026274.1 17735738 17736381 (3017429)  C          Kuruka  Unspecified (3017429) 17735738 17736381
 1705 31.52  1.86  1.99            CM026274.1 17776086 17776891 (2976919)  C          Kuruka  Unspecified (2976919) 17776086 17776891
  535 33.47  0.43  0.43            CM026274.1 17855316 17855549 (2898261)  C          Kuruka  Unspecified (2898261) 17855316 17855549
  270 28.30  0.93  0.93            CM026274.1 17967385 17967491 (2786319)  C          Kuruka  Unspecified (2786319) 17967385 17967491
  331 29.36  0.85  0.85            CM026274.1 18183072 18183638 (2570621)  C          Kuruka  Unspecified (2570621) 18183072 18183638
  270 38.41  0.00  0.00            CM026274.1 19164477 19164627 (1589183)  C          Kuruka  Unspecified (1589183) 19164477 19164627
 1622 35.45  2.31  2.40            CM026274.1 20020388 20021598 (732212)  C          Kuruka  Unspecified (732212) 20020388 20021598
  284 35.45  1.25  1.67            CM026274.1 20285121 20285835 (468450)  C          Kuruka  Unspecified (468450) 20285121 20285835
  260 32.30  3.42  3.42            CM026274.1 20463392 20463625 (290185)  C          Kuruka  Unspecified (290185) 20463392 20463625
  255 30.69  3.51  4.73            CM026275.1  1003627  1003797 (18114957)  +          Kuruka  Unspecified (18114957)  1003627  1003797
  511 35.49  1.89  4.31            CM026275.1  3729629  3730317 (15388437)  +          Kuruka  Unspecified (15388437)  3729629  3730317
  472 35.54  2.03  4.31            CM026275.1  3752342  3753029 (15365725)  +          Kuruka  Unspecified (15365725)  3752342  3753029
 1490 35.59  1.54  1.62            CM026275.1  1719276  1720446 (17398308)  C          Kuruka  Unspecified (17398308)  1719276  1720446
  575 32.47  3.25  3.25            CM026275.1 15814308 15814584 (3304170)  C          Kuruka  Unspecified (3304170) 15814308 15814584
  957 33.59  2.80  2.32            CM026276.1  2489432  2490074 (16607305)  +          Kuruka  Unspecified (16607305)  2489432  2490074
  723 35.87  1.87  4.26            CM026276.1  2596072  2596767 (16500612)  +          Kuruka  Unspecified (16500612)  2596072  2596767
  653 37.15  1.29  3.68            CM026276.1  3546542  3547237 (15550142)  +          Kuruka  Unspecified (15550142)  3546542  3547237
  656 34.90  2.32  4.75            CM026276.1  8297411  8298099 (10799280)  +          Kuruka  Unspecified (10799280)  8297411  8298099
  378 38.11  1.22  2.47            CM026276.1 13291531 13292103 (5805276)  +          Kuruka  Unspecified (5805276) 13291531 13292103
  278 33.13  0.62  1.24            CM026276.1 18780243 18780404 (316975)  C          Kuruka  Unspecified (316975) 18780243 18780404
  488 35.76  0.88  0.88            CM026277.1  3134833  3135895 (15360259)  +          Kuruka  Unspecified (15360259)  3134833  3135895
  255 30.61  0.00  1.02            CM026277.1 11886832 11886930 (6608502)  +          Kuruka  Unspecified (6608502) 11886832 11886930
 2550 31.64  2.36  2.61            CM026277.1  6350719  6351945 (12143487)  C          Kuruka  Unspecified (12143487)  6350719  6351945
  231 33.77  1.89  3.18            CM026278.1  3815040  3815198 (13991879)  +          Kuruka  Unspecified (13991879)  3815040  3815198
  248 37.59  1.26  1.26            CM026278.1  4385273  4385668 (13421409)  +          Kuruka  Unspecified (13421409)  4385273  4385668
  276 36.17  1.06  3.61            CM026278.1  7402911  7403194 (10403883)  +          Kuruka  Unspecified (10403883)  7402911  7403194
  247 26.76  0.00  0.00            CM026278.1 16198108 16198178 (1608899)  +          Kuruka  Unspecified (1608899) 16198108 16198178
  846 34.14  2.63  1.99            CM026278.1  4388747  4389929 (13417532)  C          Kuruka  Unspecified (13417532)  4388747  4389929
  405 38.30  1.22  2.47            CM026278.1  5119019  5119591 (12687486)  C          Kuruka  Unspecified (12687486)  5119019  5119591
  411 38.30  1.22  2.47            CM026279.1   339590   340162 (17219454)  +          Kuruka  Unspecified (17219454)   339590   340162
  439 38.11  1.22  2.47            CM026279.1   892420   892992 (16666624)  +          Kuruka  Unspecified (16666624)   892420   892992
  418 38.01  1.40  2.65            CM026279.1   126039   126611 (17433005)  C          Kuruka  Unspecified (17433005)   126039   126611
  873 37.08  1.09  1.23            CM026279.1  2610700  2611908 (14948186)  C          Kuruka  Unspecified (14948186)  2610700  2611908
  455 35.24  2.03  4.75            CM026280.1    11874    12564 (17277002)  +          Kuruka  Unspecified (17277002)    11874    12564
  326 38.47  1.22  2.47            CM026280.1 12107931 12108503 (5181063)  +          Kuruka  Unspecified (5181063) 12107931 12108503
  405 37.94  1.22  2.47            CM026280.1 15784214 15784786 (1504780)  +          Kuruka  Unspecified (1504780) 15784214 15784786
  279 37.34  1.26  1.26            CM026280.1   163431   163826 (17125740)  C          Kuruka  Unspecified (17125740)   163431   163826
  273 31.40  0.00  0.00            CM026280.1 11097466 11097551 (6192015)  C          Kuruka  Unspecified (6192015) 11097466 11097551
 1230 35.62  1.60  1.85            CM026281.1   183191   184380 (16949627)  +          Kuruka  Unspecified (16949627)   183191   184380
  284 31.93  5.04  0.00            CM026281.1   742932   743050 (16390957)  +          Kuruka  Unspecified (16390957)   742932   743050
  275 37.75  1.22  2.47            CM026281.1  8018339  8018911 (9115096)  +          Kuruka  Unspecified (9115096)  8018339  8018911
  252 35.91  1.79  3.64            CM026281.1 16501464 16501911 (632096)  C          Kuruka  Unspecified (632096) 16501464 16501911
  284 36.25  1.77  1.77            CM026282.1   786119   786514 (16062818)  +          Kuruka  Unspecified (16062818)   786119   786514
  422 36.63  2.82  2.67            CM026282.1  1026284  1027593 (15821739)  C          Kuruka  Unspecified (15821739)  1026284  1027593
  334 31.79  7.07  6.27            CM026282.1  2690516  2690911 (14158421)  C          Kuruka  Unspecified (14158421)  2690516  2690911
  390 36.74  0.87  0.87            CM026282.1  6470347  6470692 (10378640)  C          Kuruka  Unspecified (10378640)  6470347  6470692
  356 31.83  2.64  3.10            CM026283.1 14228689 14228915 (2582012)  +          Kuruka  Unspecified (2582012) 14228689 14228915
  302 33.21  4.00  4.84            CM026283.1   776737   776986 (16033941)  C          Kuruka  Unspecified (16033941)   776737   776986
  391 37.61  1.74  3.18            CM026283.1  3216466  3217039 (13593888)  C          Kuruka  Unspecified (13593888)  3216466  3217039
  244 24.14  0.00  0.00            CM026283.1 11681065 11681122 (5129805)  C          Kuruka  Unspecified (5129805) 11681065 11681122
  288 36.19  1.34  2.95            CM026284.1  1538934  1539380 (15140968)  +          Kuruka  Unspecified (15140968)  1538934  1539380
  416 34.86  3.35  5.23            CM026284.1 15938938 15939385 (740963)  +          Kuruka  Unspecified (740963) 15938938 15939385
  352 38.30  1.22  2.47            CM026284.1  6610412  6610984 (10069364)  C          Kuruka  Unspecified (10069364)  6610412  6610984
  495 31.87  4.55  2.07            CM026285.1   440292   440621 (15973602)  +          Kuruka  Unspecified (15973602)   440292   440621
 1747 34.48  1.92  2.00            CM026285.1 10437554 10438855 (5975368)  +          Kuruka  Unspecified (5975368) 10437554 10438855
  294 36.36  1.43  1.79            CM026285.1  3153592  3153871 (13260352)  C          Kuruka  Unspecified (13260352)  3153592  3153871
  480 33.24  3.70  3.70            CM026285.1  3156947  3157324 (13256899)  C          Kuruka  Unspecified (13256899)  3156947  3157324
  317 34.00  3.47  3.47            CM026285.1  7849377  7849635 (8564588)  C          Kuruka  Unspecified (8564588)  7849377  7849635
  362 38.30  1.22  2.47            CM026285.1  8023915  8024487 (8389736)  C          Kuruka  Unspecified (8389736)  8023915  8024487
  241 28.15  1.90  1.90            CM026285.1 10076373 10076477 (6337746)  C          Kuruka  Unspecified (6337746) 10076373 10076477
 1612 35.45  2.89  3.38            CM026285.1 10240863 10242348 (6171875)  C          Kuruka  Unspecified (6171875) 10240863 10242348
  256 28.95  1.27  5.96            CM026285.1 15822594 15822751 (591472)  C          Kuruka  Unspecified (591472) 15822594 15822751
 1690 35.37  2.31  2.40            CM026286.1  1996133  1997343 (14147235)  +          Kuruka  Unspecified (14147235)  1996133  1997343
  249 26.81  1.01  2.04            CM026286.1  4860318  4860416 (11284162)  +          Kuruka  Unspecified (11284162)  4860318  4860416
  289 26.16  3.68  4.44            CM026286.1  7495434  7495569 (8649009)  +          Kuruka  Unspecified (8649009)  7495434  7495569
  395 37.94  1.22  2.47            CM026286.1 10149678 10150250 (5994328)  +          Kuruka  Unspecified (5994328) 10149678 10150250
  289 35.86  0.68  0.68            CM026287.1    72440    72585 (16018711)  +          Kuruka  Unspecified (16018711)    72440    72585
  314 36.21  1.90  1.90            CM026287.1  3217868  3218912 (12873061)  +          Kuruka  Unspecified (12873061)  3217868  3218912
  314 36.21  1.90  1.90            CM026287.1  3258522  3259566 (12832407)  +          Kuruka  Unspecified (12832407)  3258522  3259566
  698 36.12  3.36  3.20            CM026287.1  4180977  4182286 (11909010)  +          Kuruka  Unspecified (11909010)  4180977  4182286
 1629 35.06  2.65  2.48            CM026287.1  4862596  4863803 (11227493)  +          Kuruka  Unspecified (11227493)  4862596  4863803
  249 31.11  3.57  3.57            CM026287.1   104197   104336 (15986960)  C          Kuruka  Unspecified (15986960)   104197   104336
 1645 36.41  2.07  2.15            CM026287.1 12111267 12112571 (3978725)  C          Kuruka  Unspecified (3978725) 12111267 12112571
  413 37.47  1.39  2.83            CM026288.1  3519767  3520340 (12550568)  +          Kuruka  Unspecified (12550568)  3519767  3520340
  232 27.72  4.85  6.25            CM026288.1  4870835  4871061 (11199847)  +          Kuruka  Unspecified (11199847)  4870835  4871061
  463 36.86  2.83  2.44            CM026288.1  9138085  9139391 (6931517)  +          Kuruka  Unspecified (6931517)  9138085  9139391
  281 35.50  4.13  4.56            CM026288.1  7478010  7478251 (8592657)  C          Kuruka  Unspecified (8592657)  7478010  7478251
  319 37.74  2.10  3.18            CM026288.1  9227859  9228430 (6842478)  C          Kuruka  Unspecified (6842478)  9227859  9228430
  455 37.94  1.22  2.47            CM026288.1 11015158 11015730 (5055178)  C          Kuruka  Unspecified (5055178) 11015158 11015730
  455 37.94  1.22  2.47            CM026289.1  3966017  3966589 (11639389)  +          Kuruka  Unspecified (11639389)  3966017  3966589
  358 36.85  1.98  2.38            CM026289.1  8049791  8050043 (7555935)  +          Kuruka  Unspecified (7555935)  8049791  8050043
  289 26.16  3.68  4.44            CM026289.1  8122872  8123007 (7482971)  +          Kuruka  Unspecified (7482971)  8122872  8123007
  237 36.54  0.81  0.81            CM026289.1 12687326 12688629 (2918282)  +          Kuruka  Unspecified (2918282) 12687326 12688629
  346 37.18  2.69  2.69            CM026289.1 14813652 14814860 (791955)  +          Kuruka  Unspecified (791955) 14813652 14814860
  876 37.08  1.09  1.23            CM026289.1  4779795  4781003 (10825453)  C          Kuruka  Unspecified (10825453)  4779795  4781003
  277 36.14  2.49  2.95            CM026289.1  7568060  7568501 (8037477)  C          Kuruka  Unspecified (8037477)  7568060  7568501
  252 28.15  1.90  1.90            CM026290.1  1161257  1161361 (14065279)  +          Kuruka  Unspecified (14065279)  1161257  1161361
  260 35.82  1.56  3.64            CM026290.1  3596096  3596544 (11630096)  +          Kuruka  Unspecified (11630096)  3596096  3596544
  263 29.79  6.38  7.14            CM026290.1  5337157  5337297 (9889343)  C          Kuruka  Unspecified (9889343)  5337157  5337297
  703 35.97  2.91  3.08            CM026290.1 14999804 15000866 (226219)  C          Kuruka  Unspecified (226219) 14999804 15000866
  267 31.81  3.35  6.51            CM026291.1  7658193  7658461 (7123377)  +          Kuruka  Unspecified (7123377)  7658193  7658461
  289 26.16  3.68  4.44            CM026292.1  6521662  6521797 (8135847)  +          Kuruka  Unspecified (8135847)  6521662  6521797
  967 32.61  2.63  2.29            CM026292.1  7438008  7438616 (7219028)  +          Kuruka  Unspecified (7219028)  7438008  7438616
 1526 35.23  2.02  2.11            CM026292.1  8021270  8022455 (6635189)  +          Kuruka  Unspecified (6635189)  8021270  8022455
 1657 33.63  2.73  4.61            CM026292.1  8816282  8817562 (5840082)  +          Kuruka  Unspecified (5840082)  8816282  8817562
  987 33.87  2.19  5.35            CM026292.1  8818456  8819322 (5838322)  +          Kuruka  Unspecified (5838322)  8818456  8819322
 1299 34.32  5.61  2.46            CM026292.1  8835377  8836481 (5821163)  +          Kuruka  Unspecified (5821163)  8835377  8836481
 1272 35.59  2.38  2.17            CM026292.1  9021524  9022488 (5635156)  +          Kuruka  Unspecified (5635156)  9021524  9022488
  366 33.68  2.01  1.50            CM026292.1  9023011  9023209 (5634435)  +          Kuruka  Unspecified (5634435)  9023011  9023209
  259 35.25  5.40  5.40            CM026292.1  9262108  9262823 (5395259)  +          Kuruka  Unspecified (5395259)  9262108  9262823
 1621 35.45  2.31  2.40            CM026292.1  6447987  6449197 (8208447)  C          Kuruka  Unspecified (8208447)  6447987  6449197
  534 32.91  2.04  2.04            CM026292.1  6549743  6549987 (8107657)  C          Kuruka  Unspecified (8107657)  6549743  6549987
  519 29.77  3.82  3.82            CM026292.1  6550247  6550508 (8107136)  C          Kuruka  Unspecified (8107136)  6550247  6550508
  263 37.59  1.26  1.26            CM026293.1  7346479  7346874 (7284942)  +          Kuruka  Unspecified (7284942)  7346479  7346874
  409 37.11  2.79  4.24            CM026293.1 11526915 11527488 (3104328)  +          Kuruka  Unspecified (3104328) 11526915 11527488
  432 33.31  5.91  1.75            CM026293.1  6567145  6567364 (8064452)  C          Kuruka  Unspecified (8064452)  6567145  6567364
  349 35.68  1.13  2.68            CM026293.1  7190178  7190442 (7441374)  C          Kuruka  Unspecified (7441374)  7190178  7190442
 1621 35.45  2.31  2.40            CM026293.1  8374694  8375904 (6255912)  C          Kuruka  Unspecified (6255912)  8374694  8375904
  269 37.75  0.00  0.00            CM026293.1  9871317  9871467 (4760349)  C          Kuruka  Unspecified (4760349)  9871317  9871467
  303 27.91  2.33  0.00            CM026293.1 12494029 12494114 (2137702)  C          Kuruka  Unspecified (2137702) 12494029 12494114
  296 34.38  3.43  3.88            CM026293.1 12742270 12742502 (1889314)  C          Kuruka  Unspecified (1889314) 12742270 12742502
  253 20.37  0.00  0.00            CM026294.1    58471    58524 (14025385)  +          Kuruka  Unspecified (14025385)    58471    58524
  228 33.67  2.83  3.32            CM026294.1  2528180  2528391 (11555518)  +          Kuruka  Unspecified (11555518)  2528180  2528391
  472 34.86  3.27  3.47            CM026294.1  2528705  2529224 (11554685)  +          Kuruka  Unspecified (11554685)  2528705  2529224
  238 35.11  1.75  1.75            CM026294.1  4637705  4637875 (9446034)  +          Kuruka  Unspecified (9446034)  4637705  4637875
  544 29.44  2.74  3.45            CM026294.1 10478740 10479031 (3604878)  +          Kuruka  Unspecified (3604878) 10478740 10479031
  989 34.61  2.08  2.69            CM026294.1 10479285 10479958 (3603951)  +          Kuruka  Unspecified (3603951) 10479285 10479958
  669 32.86  2.51  1.66            CM026294.1  3064173  3064531 (11019378)  C          Kuruka  Unspecified (11019378)  3064173  3064531
  942 37.63  2.82  2.01            CM026294.1  3064745  3065631 (11018278)  C          Kuruka  Unspecified (11018278)  3064745  3065631
 1499 35.79  2.31  2.40            CM026294.1  3158133  3159343 (10924566)  C          Kuruka  Unspecified (10924566)  3158133  3159343
  433 36.68  1.45  3.71            CM026294.1  5149917  5150604 (8933305)  C          Kuruka  Unspecified (8933305)  5149917  5150604
  369 35.78  2.10  2.53            CM026294.1  7285648  7285885 (6798024)  C          Kuruka  Unspecified (6798024)  7285648  7285885
  383 38.29  1.22  2.30            CM026294.1 10262330 10262901 (3821008)  C          Kuruka  Unspecified (3821008) 10262330 10262901
  256 26.56  0.00  0.00            CM026294.1 12690657 12690720 (1393189)  C          Kuruka  Unspecified (1393189) 12690657 12690720
 1926 32.82  1.90  1.90            CM026295.1  5434357  5435567 (8414436)  +          Kuruka  Unspecified (8414436)  5434357  5435567
  317 34.00  3.47  3.47            CM026295.1 10903237 10903495 (2946508)  +          Kuruka  Unspecified (2946508) 10903237 10903495
  272 37.85  1.27  1.01            CM026295.1  1348465  1348859 (12501144)  C          Kuruka  Unspecified (12501144)  1348465  1348859
  444 38.11  1.22  2.47            CM026295.1  2923941  2924513 (10925490)  C          Kuruka  Unspecified (10925490)  2923941  2924513
 1887 31.94  2.04  2.14            CM026295.1  6400764  6401793 (7448210)  C          Kuruka  Unspecified (7448210)  6400764  6401793
  370 35.90  1.11  3.86            CM026295.1  9222258  9222709 (4627294)  C          Kuruka  Unspecified (4627294)  9222258  9222709
 1866 33.51  2.07  2.47            CM026296.1  1331795  1332810 (11617530)  +          Kuruka  Unspecified (11617530)  1331795  1332810
  678 34.59  2.32  4.75            CM026296.1  2367575  2368263 (10582077)  +          Kuruka  Unspecified (10582077)  2367575  2368263
  934 36.81  1.50  1.64            CM026296.1   380447   381655 (12569163)  C          Kuruka  Unspecified (12569163)   380447   381655
  288 36.19  1.34  2.95            CM026296.1  4953290  4953736 (7996604)  C          Kuruka  Unspecified (7996604)  4953290  4953736
  276 33.50  2.83  2.83            CM026296.1  7087988  7088199 (5862141)  C          Kuruka  Unspecified (5862141)  7087988  7088199
 2187 33.07  1.57  1.66            CM026296.1  8463702  8464848 (4485492)  C          Kuruka  Unspecified (4485492)  8463702  8464848
  237 28.57  1.89  0.93            CM026297.1  3081237  3081342 (9234200)  +          Kuruka  Unspecified (9234200)  3081237  3081342
  273 31.80  3.36  6.13            CM026297.1  3294582  3294849 (9020693)  +          Kuruka  Unspecified (9020693)  3294582  3294849
  264 36.21  1.33  3.86            CM026297.1   494624   495074 (11820468)  C          Kuruka  Unspecified (11820468)   494624   495074
  255 27.12  0.00  0.00            CM026297.1  2278276  2278334 (10037208)  C          Kuruka  Unspecified (10037208)  2278276  2278334
  384 34.10  4.82  6.19            CM026297.1  3304585  3305206 (9010336)  C          Kuruka  Unspecified (9010336)  3304585  3305206
  836 34.51  2.41  3.14            CM026297.1  6978406  6979111 (5336431)  C          Kuruka  Unspecified (5336431)  6978406  6979111
  480 37.75  1.22  2.47            CM026297.1  7166070  7166642 (5148900)  C          Kuruka  Unspecified (5148900)  7166070  7166642
  263 32.92  3.98  4.40            CM026297.1 11374667 11374917 (940625)  C          Kuruka  Unspecified (940625) 11374667 11374917
  261 33.05  4.15  4.58            CM026298.1  9645647  9645887 (2034379)  +          Kuruka  Unspecified (2034379)  9645647  9645887
 1067 36.84  1.84  2.01            CM026298.1 11529698 11530891 (149375)  +          Kuruka  Unspecified (149375) 11529698 11530891
  469 32.54  0.00  0.00            CM026298.1 11551364 11551532 (128734)  +          Kuruka  Unspecified (128734) 11551364 11551532
  287 27.40  0.00  0.00            CM026298.1  8364913  8364985 (3315281)  C          Kuruka  Unspecified (3315281)  8364913  8364985
  370 24.78  0.91  0.91            CM026298.1 11474259 11474368 (205898)  C          Kuruka  Unspecified (205898) 11474259 11474368
  267 34.35  5.42  5.42            CM026299.1  1044571  1044847 (10460081)  +          Kuruka  Unspecified (10460081)  1044571  1044847
  306 36.44  1.25  1.67            CM026299.1  1045048  1045287 (10459641)  +          Kuruka  Unspecified (10459641)  1045048  1045287
  264 36.51  1.77  1.77            CM026299.1  2345415  2345810 (9159118)  +          Kuruka  Unspecified (9159118)  2345415  2345810
  336 30.68  6.22  6.67            CM026299.1  2664673  2664913 (8840015)  +          Kuruka  Unspecified (8840015)  2664673  2664913
  386 38.47  1.22  2.47            CM026299.1  2771063  2771635 (8733293)  +          Kuruka  Unspecified (8733293)  2771063  2771635
  403 36.77  2.31  3.67            CM026299.1  6943552  6944158 (4560770)  +          Kuruka  Unspecified (4560770)  6943552  6944158
 2176 33.85  2.79  2.33            CM026299.1  8977345  8978669 (2526259)  +          Kuruka  Unspecified (2526259)  8977345  8978669
  465 32.35  0.97  0.97            CM026300.1  7912517  7912722 (3529030)  C          Kuruka  Unspecified (3529030)  7912517  7912722
 1096 35.37  2.29  3.22            CM026301.1  2767222  2768442 (5621291)  C          Kuruka  Unspecified (5621291)  2767222  2768442
 1667 33.85  1.86  1.94            CM026302.1   640837   642020 (7169727)  C          Kuruka  Unspecified (7169727)   640837   642020
  247 24.66  2.67  2.67            CM026302.1  4736264  4736338 (3075409)  C          Kuruka  Unspecified (3075409)  4736264  4736338
  369 33.31  5.91  1.75            CM026302.1  7067737  7067956 (743791)  C          Kuruka  Unspecified (743791)  7067737  7067956
 1646 33.55  2.61  3.17            CM026303.1   311888   312998 (7337664)  +          Kuruka  Unspecified (7337664)   311888   312998
  237 28.33  5.29  6.70            CM026303.1  6092257  6092483 (1558179)  C          Kuruka  Unspecified (1558179)  6092257  6092483
  253 33.11  4.03  4.73     JABMDO010000041.1     3328     3476   (1515)  +          Kuruka  Unspecified   (1515)     3328     3476
  978 34.60  2.01  2.17     JABMDO010000061.1     2364     3010   (1981)  +          Kuruka  Unspecified   (1981)     2364     3010
 1793 35.22  2.28  2.52     JABMDO010000177.1      732     2004  (26845)  C          Kuruka  Unspecified  (26845)      732     2004
 1679 36.52  1.92  1.99     JABMDO010000252.1    19649    20953  (18172)  +          Kuruka  Unspecified  (18172)    19649    20953
  726 34.83  2.30  4.71     JABMDO010000266.1    16092    16787  (19637)  C          Kuruka  Unspecified  (19637)    16092    16787
  792 34.06  2.51  2.75     JABMDO010000281.1    25540    26428  (10642)  C          Kuruka  Unspecified  (10642)    25540    26428
  661 36.12  1.72  4.12     JABMDO010000318.1    15230    15925  (17184)  +          Kuruka  Unspecified  (17184)    15230    15925
  279 37.34  1.26  1.26     JABMDO010000323.1   148713   149108   (6263)  C          Kuruka  Unspecified   (6263)   148713   149108
  698 35.13  2.30  4.71     JABMDO010000327.1    21446    22141  (11259)  C          Kuruka  Unspecified  (11259)    21446    22141
  583 36.11  3.49  3.10     JABMDO010000355.1    27625    28427   (6024)  C          Kuruka  Unspecified   (6024)    27625    28427
  702 35.13  2.30  4.71     JABMDO010000370.1    11695    12390  (19216)  +          Kuruka  Unspecified  (19216)    11695    12390
  254 22.22  0.00  0.00     JABMDO010000400.1     6663     6716  (34358)  +          Kuruka  Unspecified  (34358)     6663     6716
  276 33.49  4.10  4.53     JABMDO010000406.1    26215    26458   (3767)  +          Kuruka  Unspecified   (3767)    26215    26458
  405 38.47  1.22  2.47     JABMDO010000474.1     2744     3316  (24492)  +          Kuruka  Unspecified  (24492)     2744     3316
 1492 34.78  3.07  2.81     JABMDO010000477.1     5261     6467  (24858)  C          Kuruka  Unspecified  (24858)     5261     6467
  442 37.94  1.22  2.65     JABMDO010000486.1    24061    24634   (4651)  C          Kuruka  Unspecified   (4651)    24061    24634
 1665 33.64  3.33  3.61     JABMDO010000489.1    31009    32118   (8277)  C          Kuruka  Unspecified   (8277)    31009    32118
 1665 35.12  2.56  2.64     JABMDO010000522.1    11031    12241  (14915)  +          Kuruka  Unspecified  (14915)    11031    12241
  250 26.77  2.80  5.77     JABMDO010000532.1     3598     3704  (20603)  C          Kuruka  Unspecified  (20603)     3598     3704
  622 36.48  2.30  4.56     JABMDO010000541.1    13339    14033  (14315)  +          Kuruka  Unspecified  (14315)    13339    14033
  470 37.75  1.22  2.47     JABMDO010000551.1    19653    20225   (7191)  C          Kuruka  Unspecified   (7191)    19653    20225
 2269 32.43  2.23  2.23     JABMDO010000561.1    21689    22899   (4341)  C          Kuruka  Unspecified   (4341)    21689    22899
  751 34.83  2.30  4.71     JABMDO010000637.1    16272    16967  (10310)  +          Kuruka  Unspecified  (10310)    16272    16967
  276 37.75  1.22  2.47     JABMDO010000684.1    12908    13480  (10766)  +          Kuruka  Unspecified  (10766)    12908    13480
 1712 34.41  2.75  2.83     JABMDO010000702.1      641     1878  (22304)  +          Kuruka  Unspecified  (22304)      641     1878
  395 38.36  1.22  2.48     JABMDO010000706.1     9645    10216  (14010)  C          Kuruka  Unspecified  (14010)     9645    10216
  418 38.00  1.40  2.47     JABMDO010000724.1    11685    12256  (10924)  +          Kuruka  Unspecified  (10924)    11685    12256
 1877 34.69  2.60  2.10     JABMDO010000730.1     7916     9146  (15124)  C          Kuruka  Unspecified  (15124)     7916     9146
  420 37.67  1.92  3.18     JABMDO010000733.1     4339     4911  (18428)  C          Kuruka  Unspecified  (18428)     4339     4911
  438 38.11  1.22  2.47     JABMDO010000804.1    32726    33298   (2697)  +          Kuruka  Unspecified   (2697)    32726    33298
 1552 35.64  2.06  1.91     JABMDO010000827.1    15784    17093  (34511)  +          Kuruka  Unspecified  (34511)    15784    17093
  656 36.34  3.00  3.14     JABMDO010000876.1    25647    26379  (12794)  C          Kuruka  Unspecified  (12794)    25647    26379
  288 33.17  3.76  3.76     JABMDO010000876.1    26640    26852  (12321)  C          Kuruka  Unspecified  (12321)    26640    26852
  423 38.11  1.22  2.47     JABMDO010000931.1     7161     7733  (10518)  C          Kuruka  Unspecified  (10518)     7161     7733
  600 32.09  3.25  3.25     JABMDO010000981.1    12030    12306   (6601)  +          Kuruka  Unspecified   (6601)    12030    12306
  249 27.03  0.00  1.35     JABMDO010000998.1    12572    12646   (7511)  +          Kuruka  Unspecified   (7511)    12572    12646
  833 34.17  2.84  2.98     JABMDO010000998.1    14887    15625   (4532)  +          Kuruka  Unspecified   (4532)    14887    15625
 1505 35.12  2.55  2.98     JABMDO010001051.1     6758     7972  (34614)  +          Kuruka  Unspecified  (34614)     6758     7972
 1665 35.12  2.56  2.64     JABMDO010001051.1    18903    20113  (22473)  +          Kuruka  Unspecified  (22473)    18903    20113
  233 30.14  0.00  0.00     JABMDO010001054.1    14625    14697   (4447)  +          Kuruka  Unspecified   (4447)    14625    14697
  397 38.18  1.40  2.47     JABMDO010001134.1     6335     6906  (11315)  +          Kuruka  Unspecified  (11315)     6335     6906
  424 38.11  1.22  2.47     JABMDO010001141.1     4032     4604  (13608)  C          Kuruka  Unspecified  (13608)     4032     4604
  233 30.77  0.00  0.00     JABMDO010001325.1    20529    20606  (16910)  C          Kuruka  Unspecified  (16910)    20529    20606
  419 38.11  1.22  2.47     JABMDO010001380.1     7189     7761  (12367)  C          Kuruka  Unspecified  (12367)     7189     7761
  247 24.19  1.61  0.00     JABMDO010001388.1     1624     1685  (16562)  C          Kuruka  Unspecified  (16562)     1624     1685
  429 38.11  1.22  2.47     JABMDO010001420.1    10904    11476   (3714)  +          Kuruka  Unspecified   (3714)    10904    11476
  226 25.71  3.70  2.75     JABMDO010001527.1    19038    19145  (13740)  C          Kuruka  Unspecified  (13740)    19038    19145
  266 34.13  3.27  2.79     JABMDO010001672.1     9044     9257   (3732)  C          Kuruka  Unspecified   (3732)     9044     9257
  433 32.33  6.64  5.90     JABMDO010001724.1     5096     5381   (5653)  +          Kuruka  Unspecified   (5653)     5096     5381
 1029 31.47  2.80  2.61     JABMDO010001776.1    11403    11937    (202)  C          Kuruka  Unspecified    (202)    11403    11937
  648 29.92  6.01  4.79     JABMDO010001777.1        1      516  (18394)  C          Kuruka  Unspecified  (18394)        1      516
  395 38.30  1.22  2.47     JABMDO010001796.1    44030    44602 (109308)  +          Kuruka  Unspecified (109308)    44030    44602
 1240 31.85  1.84  1.67     JABMDO010001891.1     9806    10402    (611)  C          Kuruka  Unspecified    (611)     9806    10402
  447 35.60  1.18  0.88     JABMDO010001911.1     6518     6857  (13194)  +          Kuruka  Unspecified  (13194)     6518     6857
  368 33.23  3.21  3.54     JABMDO010001987.1     1299     1610   (9484)  C          Kuruka  Unspecified   (9484)     1299     1610
  415 36.84  2.09  3.53     JABMDO010001988.1   146623   147196  (14808)  C          Kuruka  Unspecified  (14808)   146623   147196
  429 38.11  1.22  2.47     JABMDO010002069.1     4017     4589   (5426)  +          Kuruka  Unspecified   (5426)     4017     4589
  792 32.69  1.04  1.04     JABMDO010002138.1     2949     4176   (5752)  +          Kuruka  Unspecified   (5752)     2949     4176
  488 34.53  2.84  3.16     JABMDO010002141.1     1537     1853   (9266)  C          Kuruka  Unspecified   (9266)     1537     1853
  881 34.83  2.73  2.87     JABMDO010002621.1     4153     4885  (17344)  C          Kuruka  Unspecified  (17344)     4153     4885
  296 37.09  1.26  1.26     JABMDO010002650.1     9737    10132 (143516)  C          Kuruka  Unspecified (143516)     9737    10132
  840 29.65  3.62  1.36     JABMDO010002840.1     4205     4563   (2440)  +          Kuruka  Unspecified   (2440)     4205     4563
  236 28.92  2.35  2.35     JABMDO010002858.1     5522     5606   (7586)  C          Kuruka  Unspecified   (7586)     5522     5606
  226 34.73  3.06  3.06     JABMDO010002923.1     5811     6006     (11)  C          Kuruka  Unspecified     (11)     5811     6006
 1065 33.99  4.25  3.84     JABMDO010002924.1      553     1822   (4181)  C          Kuruka  Unspecified   (4181)      553     1822
  429 38.11  1.22  2.47     JABMDO010002936.1     2944     3516   (3467)  +          Kuruka  Unspecified   (3467)     2944     3516
  431 33.77  0.66  0.00     JABMDO010003111.1     2159     2309   (3680)  +          Kuruka  Unspecified   (3680)     2159     2309
