   366 39.15 0.50 1.76          NC_058189.1   5531172   5531574 (65645466) C               Kuruka     Unspecified  (4405)    4428    4031    
  1448 35.00 3.29 3.45          NC_058189.1   9132705   9134012 (62043028) +               Kuruka     Unspecified    3459    4764  (4069)    
  1614 34.72 2.74 2.84          NC_058189.1  15435296  15436389 (55740651) C               Kuruka     Unspecified  (4282)    4551    3459    
   392 31.09 2.86 2.86          NC_058189.1  15474508  15474752 (55702288) C               Kuruka     Unspecified  (4500)    4333    4089    
  1134 36.97 3.50 2.48          NC_058189.1  15907565  15908879 (55268161) C               Kuruka     Unspecified  (4069)    4764    3437    
  1134 36.97 3.50 2.48          NC_058189.1  15914621  15915935 (55261105) C               Kuruka     Unspecified  (4069)    4764    3437    
  1072 36.81 3.48 2.86          NC_058189.1  15921676  15922995 (55254045) C               Kuruka     Unspecified  (4069)    4764    3437    
   302 34.29 2.76 3.24          NC_058189.1  18563668  18563884 (52613156) +               Kuruka     Unspecified    4294    4509  (4324)    
  2454 32.90 3.03 2.65          NC_058189.1  19389423  19390774 (51786266) +               Kuruka     Unspecified    3489    4845  (3988)    
  1042 34.66 5.43 3.55          NC_058189.1  19535762  19536811 (51640229) +               Kuruka     Unspecified    3575    4643  (4190)    
   227 16.28 0.00 0.00          NC_058189.1  19556667  19556709 (51620331) +               Kuruka     Unspecified    3792    3834  (4999)    
   486 33.45 2.18 1.08          NC_058189.1  19568094  19568368 (51608672) +               Kuruka     Unspecified    3459    3736  (5097)    
   723 36.54 3.87 2.65          NC_058189.1  19569501  19570172 (51606868) +               Kuruka     Unspecified    3933    4612  (4221)    
   255 30.56 5.26 5.26          NC_058189.1  19572612  19572839 (51604201) +               Kuruka     Unspecified    3607    3834  (4999)    
   567 37.20 0.88 1.18          NC_058189.1  19642371  19642710 (51534330) C               Kuruka     Unspecified  (4221)    4612    4274    
   946 35.77 2.56 2.56          NC_058189.1  19642826  19643528 (51533512) C               Kuruka     Unspecified  (4672)    4161    3459    
   569 36.91 0.88 1.18          NC_058189.1  19670698  19671037 (51506003) C               Kuruka     Unspecified  (4221)    4612    4274    
   860 35.91 2.56 2.56          NC_058189.1  19671153  19671855 (51505185) C               Kuruka     Unspecified  (4672)    4161    3459    
   569 36.91 0.88 1.18          NC_058189.1  19681064  19681403 (51495637) C               Kuruka     Unspecified  (4221)    4612    4274    
   812 36.21 2.56 2.56          NC_058189.1  19681519  19682221 (51494819) C               Kuruka     Unspecified  (4672)    4161    3459    
   569 36.91 0.88 1.18          NC_058189.1  19701923  19702262 (51474778) C               Kuruka     Unspecified  (4221)    4612    4274    
   844 35.91 2.56 2.56          NC_058189.1  19702378  19703080 (51473960) C               Kuruka     Unspecified  (4672)    4161    3459    
   563 37.50 0.88 1.18          NC_058189.1  19728532  19728871 (51448169) C               Kuruka     Unspecified  (4221)    4612    4274    
   888 36.06 2.56 2.56          NC_058189.1  19728987  19729689 (51447351) C               Kuruka     Unspecified  (4672)    4161    3459    
   593 36.91 0.88 1.18          NC_058189.1  19743166  19743505 (51433535) C               Kuruka     Unspecified  (4221)    4612    4274    
   870 36.21 2.56 2.56          NC_058189.1  19743621  19744323 (51432717) C               Kuruka     Unspecified  (4672)    4161    3459    
  1305 36.23 3.11 3.47          NC_058189.1  19752852  19754009 (51423031) C               Kuruka     Unspecified  (4221)    4612    3459    
   594 36.91 0.88 1.18          NC_058189.1  19763374  19763713 (51413327) C               Kuruka     Unspecified  (4221)    4612    4274    
   888 36.06 2.56 2.56          NC_058189.1  19763829  19764531 (51412509) C               Kuruka     Unspecified  (4672)    4161    3459    
   578 37.20 0.88 1.18          NC_058189.1  19772970  19773309 (51403731) C               Kuruka     Unspecified  (4221)    4612    4274    
   888 36.06 2.56 2.56          NC_058189.1  19773425  19774127 (51402913) C               Kuruka     Unspecified  (4672)    4161    3459    
   593 36.91 0.88 1.18          NC_058189.1  19782831  19783170 (51393870) C               Kuruka     Unspecified  (4221)    4612    4274    
   769 35.86 2.39 3.05          NC_058189.1  19783286  19783912 (51393128) C               Kuruka     Unspecified  (4672)    4161    3539    
   593 36.91 0.88 1.18          NC_058189.1  19792697  19793036 (51384004) C               Kuruka     Unspecified  (4221)    4612    4274    
   904 35.77 2.56 2.56          NC_058189.1  19793152  19793854 (51383186) C               Kuruka     Unspecified  (4672)    4161    3459    
   914 35.91 2.56 2.56          NC_058189.1  19799053  19799755 (51377285) +               Kuruka     Unspecified    3459    4161  (4672)    
   593 36.91 0.88 1.18          NC_058189.1  19799871  19800210 (51376830) +               Kuruka     Unspecified    4274    4612  (4221)    
   914 35.91 2.56 2.56          NC_058189.1  19808982  19809684 (51367356) +               Kuruka     Unspecified    3459    4161  (4672)    
   593 36.91 0.88 1.18          NC_058189.1  19809800  19810139 (51366901) +               Kuruka     Unspecified    4274    4612  (4221)    
   894 35.77 2.56 2.56          NC_058189.1  19818915  19819617 (51357423) +               Kuruka     Unspecified    3459    4161  (4672)    
   557 36.42 0.95 1.27          NC_058189.1  19819733  19820049 (51356991) +               Kuruka     Unspecified    4274    4589  (4244)    
   593 36.91 0.88 1.18          NC_058189.1  19832393  19832732 (51344308) C               Kuruka     Unspecified  (4221)    4612    4274    
   914 35.91 2.56 2.56          NC_058189.1  19832848  19833550 (51343490) C               Kuruka     Unspecified  (4672)    4161    3459    
   593 36.91 0.88 1.18          NC_058189.1  19842327  19842666 (51334374) C               Kuruka     Unspecified  (4221)    4612    4274    
   914 35.91 2.56 2.56          NC_058189.1  19842782  19843484 (51333556) C               Kuruka     Unspecified  (4672)    4161    3459    
   593 36.91 0.88 1.18          NC_058189.1  19852188  19852527 (51324513) C               Kuruka     Unspecified  (4221)    4612    4274    
   914 35.91 2.56 2.56          NC_058189.1  19852643  19853345 (51323695) C               Kuruka     Unspecified  (4672)    4161    3459    
  1309 36.25 2.94 3.29          NC_058189.1  19862091  19863248 (51313792) C               Kuruka     Unspecified  (4221)    4612    3459    
   435 38.02 1.76 3.58          NC_058189.1  19879028  19879368 (51297672) C               Kuruka     Unspecified  (4221)    4612    4278    
   874 36.12 2.58 2.58          NC_058189.1  19879485  19880183 (51296857) C               Kuruka     Unspecified  (4676)    4157    3459    
  1952 34.14 1.72 1.20          NC_058189.1  19953811  19954975 (51222065) C               Kuruka     Unspecified  (4174)    4659    3489    
  2341 32.72 3.18 2.80          NC_058189.1  20032200  20033551 (51143489) C               Kuruka     Unspecified  (3988)    4845    3489    
   269 34.87 8.05 3.30          NC_058189.1  20189083  20189343 (50987697) +               Kuruka     Unspecified    3436    3708  (5125)    
   276 26.32 5.00 5.00          NC_058189.1  20974496  20974615 (50202425) +               Kuruka     Unspecified    3546    3665  (5168)    
  1604 34.89 2.92 3.01          NC_058189.1  21890844  21891972 (49285068) C               Kuruka     Unspecified  (4247)    4586    3459    
   708 35.28 0.48 0.48          NC_058189.1  22321950  22322362 (48854678) +               Kuruka     Unspecified    3486    3898  (4935)    
   669 34.48 3.01 3.17          NC_058189.1  22366663  22367294 (48809746) +               Kuruka     Unspecified    4116    4746  (4087)    
   371 34.09 0.00 0.00          NC_058189.1  22403375  22403506 (48773534) +               Kuruka     Unspecified    3580    3711  (5122)    
   308 35.37 2.37 2.78          NC_058189.1  22589449  22589701 (48587339) +               Kuruka     Unspecified    4294    4545  (4288)    
   367 33.33 2.92 1.44          NC_058189.1  22624455  22624728 (48552312) +               Kuruka     Unspecified    3459    3736  (5097)    
   441 35.84 2.51 2.51          NC_058189.1  22624924  22625441 (48551599) +               Kuruka     Unspecified    3927    4444  (4389)    
  2009 32.49 2.72 2.28          NC_058189.1  22903307  22904484 (48272556) +               Kuruka     Unspecified    3489    4671  (4162)    
   482 35.10 5.70 4.73          NC_058189.1  23020236  23020884 (48156156) +               Kuruka     Unspecified    3452    4106  (4727)    
  1369 35.26 2.99 3.15          NC_058189.1  23128336  23129638 (48047402) +               Kuruka     Unspecified    3459    4759  (4074)    
   461 34.78 5.32 4.33          NC_058189.1  23409730  23410255 (47766785) +               Kuruka     Unspecified    3452    3982  (4851)    
   290 35.77 2.37 2.78          NC_058189.1  23534732  23534984 (47642056) C               Kuruka     Unspecified  (4288)    4545    4294    
  1749 34.70 2.66 2.75          NC_058189.1  23583133  23584261 (47592779) +               Kuruka     Unspecified    3459    4586  (4247)    
   908 34.94 4.20 4.11          NC_058189.1  23598155  23599321 (47577719) +               Kuruka     Unspecified    3489    4656  (4177)    
   740 33.74 3.68 3.68          NC_058189.1  23623769  23624285 (47552755) +               Kuruka     Unspecified    3459    3975  (4858)    
   693 33.33 1.89 2.16          NC_058189.1  23624403  23624773 (47552267) +               Kuruka     Unspecified    4217    4586  (4247)    
  1421 35.09 2.31 2.40          NC_058189.1  24224394  24225517 (46951523) +               Kuruka     Unspecified    3486    4608  (4225)    
   412 32.58 0.00 0.00          NC_058189.1  24232769  24232900 (46944140) C               Kuruka     Unspecified  (5122)    3711    3580    
   820 36.26 1.70 2.58          NC_058189.1  24336100  24336804 (46840236) C               Kuruka     Unspecified  (4674)    4159    3461    
   724 35.04 5.10 4.71          NC_058189.1  26113870  26114968 (45062072) +               Kuruka     Unspecified    3452    4554  (4279)    
  1212 36.53 2.51 2.90          NC_058189.1  27203250  27204323 (43972717) C               Kuruka     Unspecified  (4189)    4644    3575    
   506 33.92 3.45 2.56          NC_058189.1  27393100  27393447 (43783593) C               Kuruka     Unspecified  (4391)    4442    4092    
   276 34.92 6.02 3.26          NC_058189.1  27393711  27394009 (43783031) C               Kuruka     Unspecified  (5002)    3831    3525    
   679 33.64 3.21 3.58          NC_058189.1  27457402  27457962 (43719078) C               Kuruka     Unspecified  (4075)    4758    4200    
   233 34.42 4.10 4.64          NC_058189.1  27459745  27459939 (43717101) C               Kuruka     Unspecified  (4674)    4159    3966    
   347 32.06 0.00 0.00          NC_058189.1  27459949  27460079 (43716961) C               Kuruka     Unspecified  (5217)    3616    3486    
   938 34.83 3.31 3.82          NC_058189.1  27537816  27538630 (43638410) C               Kuruka     Unspecified  (4069)    4764    3954    
   573 32.09 5.29 1.89          NC_058189.1  27538779  27539137 (43637903) C               Kuruka     Unspecified  (5001)    3832    3462    
   242 35.35 1.57 1.98          NC_058189.1  27545104  27545357 (43631683) C               Kuruka     Unspecified  (4297)    4536    4284    
  1387 35.15 2.93 3.00          NC_058189.1  27566057  27567355 (43609685) C               Kuruka     Unspecified  (4075)    4758    3461    
  1398 35.25 2.83 2.91          NC_058189.1  27631509  27632782 (43544258) C               Kuruka     Unspecified  (4075)    4758    3486    
   611 32.20 2.61 1.48          NC_058189.1  27761633  27761900 (43415140) +               Kuruka     Unspecified    3459    3729  (5104)    
   367 34.12 4.67 3.07          NC_058189.1  27765486  27765742 (43411298) +               Kuruka     Unspecified    3756    4016  (4817)    
   698 32.11 1.32 1.65          NC_058189.1  27766120  27766423 (43410617) +               Kuruka     Unspecified    4284    4586  (4247)    
   244 35.23 0.00 2.40          NC_058189.1  27784637  27784764 (43392276) +               Kuruka     Unspecified    3576    3700  (5133)    
   308 35.37 2.37 2.78          NC_058189.1  27921612  27921864 (43255176) C               Kuruka     Unspecified  (4288)    4545    4294    
   234 26.68 2.15 3.26          NC_058189.1  28153491  28153583 (43023457) C               Kuruka     Unspecified  (4447)    4386    4295    
   239 16.95 3.33 1.64          NC_058189.1  28186149  28186208 (42990832) +               Kuruka     Unspecified    4295    4355  (4478)    
  1342 35.09 3.07 2.99          NC_058189.1  28234584  28235855 (42941185) +               Kuruka     Unspecified    3486    4758  (4075)    
   284 35.63 3.81 3.81          NC_058189.1  28250229  28250832 (42926208) +               Kuruka     Unspecified    3933    4536  (4297)    
  1124 37.04 3.50 2.41          NC_058189.1  28397862  28399175 (42777865) C               Kuruka     Unspecified  (4069)    4764    3437    
  1040 35.33 2.00 2.15          NC_058189.1  28435776  28436475 (42740565) C               Kuruka     Unspecified  (4190)    4643    3945    
   516 34.80 1.82 0.72          NC_058189.1  28436521  28436795 (42740245) C               Kuruka     Unspecified  (5097)    3736    3459    
  1680 33.73 4.25 3.61          NC_058189.1  28595893  28597187 (42579853) C               Kuruka     Unspecified  (4069)    4764    3462    
   273 38.01 1.98 2.15          NC_058189.1  28622999  28623603 (42553437) C               Kuruka     Unspecified  (4297)    4536    3933    
  1646 33.97 4.25 3.61          NC_058189.1  29250798  29252092 (41924948) C               Kuruka     Unspecified  (4069)    4764    3462    
   237 34.14 2.79 3.27          NC_058189.1  30408980  30409194 (40767846) +               Kuruka     Unspecified    4296    4509  (4324)    
   711 35.24 4.77 4.12          NC_058189.1  30930693  30931488 (40245552) +               Kuruka     Unspecified    3452    4252  (4581)    
  1098 34.62 4.01 4.37          NC_058189.1  31041027  31042198 (40134842) C               Kuruka     Unspecified  (4177)    4656    3489    
   308 35.37 2.37 2.78          NC_058189.1  31264949  31265201 (39911839) C               Kuruka     Unspecified  (4288)    4545    4294    
   288 36.19 2.96 3.64          NC_058189.1  31368722  31369329 (39807711) +               Kuruka     Unspecified    3933    4536  (4297)    
   276 36.49 5.45 1.88          NC_058189.1  31451188  31451444 (39725596) +               Kuruka     Unspecified    3984    4249  (4584)    
   989 36.47 3.34 3.26          NC_058189.1  31725086  31726281 (39450759) C               Kuruka     Unspecified  (4198)    4635    3439    
   735 36.06 3.08 3.29          NC_058189.1  32111915  32112889 (39064151) +               Kuruka     Unspecified    3579    4551  (4282)    
   910 36.87 3.63 3.09          NC_058189.1  32252372  32253692 (38923348) +               Kuruka     Unspecified    3437    4764  (4069)    
   302 34.29 2.76 3.24          NC_058189.1  32273821  32274037 (38903003) +               Kuruka     Unspecified    4294    4509  (4324)    
  1144 35.37 2.31 2.40          NC_058189.1  32433915  32435038 (38742002) C               Kuruka     Unspecified  (4225)    4608    3486    
   238 34.43 2.69 3.62          NC_058189.1  32447116  32447338 (38729702) +               Kuruka     Unspecified    4289    4509  (4324)    
   300 34.29 2.76 3.24          NC_058189.1  32677279  32677495 (38499545) +               Kuruka     Unspecified    4294    4509  (4324)    
   314 35.62 3.80 3.97          NC_058189.1  34859198  34859802 (36317238) +               Kuruka     Unspecified    3933    4536  (4297)    
   991 37.87 3.42 2.33          NC_058189.1  35072044  35073357 (36103683) +               Kuruka     Unspecified    3437    4764  (4069)    
   326 34.61 4.30 4.47          NC_058189.1  35244397  35245001 (35932039) +               Kuruka     Unspecified    3933    4536  (4297)    
   326 34.61 4.30 4.47          NC_058189.1  35295065  35295669 (35881371) +               Kuruka     Unspecified    3933    4536  (4297)    
   300 34.77 4.30 4.47          NC_058189.1  35302533  35303137 (35873903) +               Kuruka     Unspecified    3933    4536  (4297)    
   881 34.42 3.26 3.51          NC_058189.1  35414072  35414899 (35762141) C               Kuruka     Unspecified  (4075)    4758    3933    
   680 33.56 0.34 0.34          NC_058189.1  35414965  35415254 (35761786) C               Kuruka     Unspecified  (5058)    3775    3486    
  1644 35.02 3.00 3.00          NC_058189.1  37458889  37460189 (33716851) +               Kuruka     Unspecified    3459    4759  (4074)    
   424 36.67 1.90 2.18          NC_058189.1  39645236  39645603 (31531437) C               Kuruka     Unspecified  (4074)    4759    4393    
   301 36.85 2.48 2.65          NC_058189.1  40499936  40500540 (30676500) C               Kuruka     Unspecified  (4297)    4536    3933    
   336 36.89 2.15 2.32          NC_058189.1  40906523  40907127 (30269913) +               Kuruka     Unspecified    3933    4536  (4297)    
   294 37.12 2.31 2.48          NC_058189.1  43960290  43960894 (27216146) C               Kuruka     Unspecified  (4297)    4536    3933    
  1079 37.22 3.58 2.48          NC_058189.1  47523987  47525300 (23651740) C               Kuruka     Unspecified  (4069)    4764    3437    
  1442 35.41 2.83 2.91          NC_058189.1  50521466  50522739 (20654301) +               Kuruka     Unspecified    3486    4758  (4075)    
  1191 35.90 3.13 3.23          NC_058189.1  51713368  51714484 (19462556) +               Kuruka     Unspecified    3436    4551  (4282)    
   366 37.06 2.15 2.32          NC_058190.1   2562835   2563439 (52087224) +               Kuruka     Unspecified    3933    4536  (4297)    
  1216 34.67 2.80 3.52          NC_058190.1   3137860   3138717 (51511946) +               Kuruka     Unspecified    3913    4764  (4069)    
   324 37.50 1.98 2.15          NC_058190.1   4423432   4424036 (50226627) C               Kuruka     Unspecified  (4297)    4536    3933    
  1068 37.48 3.42 2.33          NC_058190.1   6897436   6898749 (47751914) +               Kuruka     Unspecified    3437    4764  (4069)    
  1487 35.69 3.07 3.23          NC_058190.1   8736028   8737330 (45913333) +               Kuruka     Unspecified    3459    4759  (4074)    
   438 34.84 5.52 4.33          NC_058190.1   8950474   8950998 (45699665) C               Kuruka     Unspecified  (4851)    3982    3452    
   401 34.69 4.13 4.13          NC_058190.1   9510557   9510992 (45139671) +               Kuruka     Unspecified    4329    4764  (4069)    
   401 34.69 4.13 4.13          NC_058190.1   9522015   9522450 (45128213) +               Kuruka     Unspecified    4329    4764  (4069)    
   401 34.69 4.13 4.13          NC_058190.1   9533835   9534270 (45116393) +               Kuruka     Unspecified    4329    4764  (4069)    
   401 34.69 4.13 4.13          NC_058190.1   9545656   9546091 (45104572) +               Kuruka     Unspecified    4329    4764  (4069)    
   401 34.69 4.13 4.13          NC_058190.1   9560118   9560553 (45090110) +               Kuruka     Unspecified    4329    4764  (4069)    
   401 34.69 4.13 4.13          NC_058190.1   9574580   9575015 (45075648) +               Kuruka     Unspecified    4329    4764  (4069)    
   401 34.69 4.13 4.13          NC_058190.1   9586526   9586961 (45063702) +               Kuruka     Unspecified    4329    4764  (4069)    
   401 34.69 4.13 4.13          NC_058190.1   9600419   9600854 (45049809) +               Kuruka     Unspecified    4329    4764  (4069)    
   401 34.69 4.13 4.13          NC_058190.1   9612365   9612800 (45037863) +               Kuruka     Unspecified    4329    4764  (4069)    
   401 34.69 4.13 4.13          NC_058190.1   9624311   9624746 (45025917) +               Kuruka     Unspecified    4329    4764  (4069)    
   308 35.37 2.37 2.78          NC_058190.1   9827744   9827996 (44822667) +               Kuruka     Unspecified    4294    4545  (4288)    
   738 35.29 3.69 3.40          NC_058190.1   9981955   9982658 (44668005) +               Kuruka     Unspecified    3439    4144  (4689)    
   382 37.89 1.25 1.57          NC_058190.1   9982829   9983147 (44667516) +               Kuruka     Unspecified    4318    4635  (4198)    
   496 34.78 5.32 4.33          NC_058190.1  10409284  10409809 (44240854) +               Kuruka     Unspecified    3452    3982  (4851)    
   545 36.42 2.05 2.47          NC_058190.1  10968402  10968888 (43681775) C               Kuruka     Unspecified  (4074)    4759    4275    
  1005 33.03 3.43 3.43          NC_058190.1  10969653  10970351 (43680312) C               Kuruka     Unspecified  (4676)    4157    3459    
   288 38.08 2.18 2.35          NC_058190.1  11557330  11557926 (43092737) +               Kuruka     Unspecified    3933    4528  (4305)    
   281 31.88 6.44 6.44          NC_058190.1  11730460  11730754 (42919909) +               Kuruka     Unspecified    3546    3840  (4993)    
  1702 35.12 2.57 2.66          NC_058190.1  11831967  11833095 (42817568) C               Kuruka     Unspecified  (4247)    4586    3459    
   531 32.96 6.08 1.26          NC_058190.1  12010640  12011017 (42639646) +               Kuruka     Unspecified    3437    3832  (5001)    
   707 37.52 2.71 2.84          NC_058190.1  12011142  12011953 (42638710) +               Kuruka     Unspecified    3954    4764  (4069)    
  1253 36.18 2.61 2.99          NC_058190.1  12037532  12038605 (42612058) C               Kuruka     Unspecified  (4189)    4644    3575    
   319 35.90 3.14 3.31          NC_058190.1  12372453  12373057 (42277606) +               Kuruka     Unspecified    3933    4536  (4297)    
   235 35.11 3.78 3.78          NC_058190.1  12415902  12416271 (42234392) C               Kuruka     Unspecified  (4075)    4758    4389    
  1317 34.81 2.44 2.55          NC_058190.1  12416385  12417286 (42233377) C               Kuruka     Unspecified  (4447)    4386    3486    
   632 35.47 3.96 3.96          NC_058190.1  12508741  12509371 (42141292) +               Kuruka     Unspecified    3456    4086  (4747)    
   378 37.65 1.22 1.52          NC_058190.1  12526061  12526389 (42124274) +               Kuruka     Unspecified    4308    4635  (4198)    
  1446 35.24 3.14 3.38          NC_058190.1  15010484  15011787 (39638876) C               Kuruka     Unspecified  (4074)    4759    3459    
   874 34.02 5.99 2.97          NC_058190.1  15366310  15367127 (39283536) +               Kuruka     Unspecified    3462    4303  (4530)    
   238 35.54 4.05 4.05          NC_058190.1  15367132  15367477 (39283186) +               Kuruka     Unspecified    4419    4764  (4069)    
   422 32.40 1.12 0.00          NC_058190.1  15726286  15726464 (38924199) +               Kuruka     Unspecified    3896    4076  (4757)    
   327 33.52 2.58 2.58          NC_058190.1  15765181  15765529 (38885134) C               Kuruka     Unspecified  (4533)    4300    3952    
   396 32.21 0.00 0.00          NC_058190.1  15765736  15765884 (38884779) C               Kuruka     Unspecified  (5091)    3742    3594    
   701 34.98 5.19 4.81          NC_058190.1  16687884  16688982 (37961681) +               Kuruka     Unspecified    3452    4554  (4279)    
   240 24.75 0.00 4.94          NC_058190.1  16847981  16848065 (37802598) +               Kuruka     Unspecified    3585    3665  (5168)    
   698 34.81 5.03 4.37          NC_058190.1  17018762  17019557 (37631106) +               Kuruka     Unspecified    3452    4252  (4581)    
   276 26.32 5.00 5.00          NC_058190.1  17022594  17022713 (37627950) +               Kuruka     Unspecified    3546    3665  (5168)    
   260 30.96 3.73 3.73          NC_058190.1  18957112  18957272 (35693391) +               Kuruka     Unspecified    3583    3743  (5090)    
  1922 32.29 3.06 2.41          NC_058190.1  19350290  19351238 (35299425) C               Kuruka     Unspecified  (4390)    4443    3489    
  2446 33.10 2.96 2.58          NC_058190.1  19383667  19385018 (35265645) +               Kuruka     Unspecified    3489    4845  (3988)    
   967 36.17 4.11 3.01          NC_058190.1  19526515  19527828 (35122835) +               Kuruka     Unspecified    3437    4764  (4069)    
  1544 35.48 2.57 2.66          NC_058190.1  19694667  19695795 (34954868) +               Kuruka     Unspecified    3459    4586  (4247)    
   645 34.38 5.38 4.71          NC_058190.1  19748552  19749647 (34901016) C               Kuruka     Unspecified  (4279)    4554    3452    
  2028 32.72 2.38 1.94          NC_058190.1  19936726  19937903 (34712760) +               Kuruka     Unspecified    3489    4671  (4162)    
   307 31.78 0.00 0.00          NC_058190.1  19982217  19982323 (34668340) +               Kuruka     Unspecified    3588    3694  (5139)    
   985 36.99 3.58 2.48          NC_058190.1  20154272  20155585 (34495078) +               Kuruka     Unspecified    3437    4764  (4069)    
  1474 35.63 2.92 3.07          NC_058190.1  20526458  20527760 (34122903) +               Kuruka     Unspecified    3459    4759  (4074)    
  1713 33.64 4.25 3.61          NC_058190.1  20668392  20669686 (33980977) +               Kuruka     Unspecified    3462    4764  (4069)    
  2406 33.13 3.03 2.65          NC_058190.1  21363613  21364964 (33285699) +               Kuruka     Unspecified    3489    4845  (3988)    
   252 36.39 2.64 2.81          NC_058190.1  21448874  21449478 (33201185) C               Kuruka     Unspecified  (4297)    4536    3933    
   987 35.65 3.93 3.84          NC_058190.1  21772429  21773624 (32877039) C               Kuruka     Unspecified  (4198)    4635    3439    
   307 37.01 2.48 2.65          NC_058190.1  21839676  21840280 (32810383) +               Kuruka     Unspecified    3933    4536  (4297)    
   985 37.01 3.42 2.33          NC_058190.1  22013469  22014782 (32635881) +               Kuruka     Unspecified    3437    4764  (4069)    
  1524 35.01 2.87 2.95          NC_058190.1  23299393  23300578 (31350085) C               Kuruka     Unspecified  (4190)    4643    3459    
   315 37.29 2.32 2.32          NC_058190.1  23492147  23492750 (31157913) C               Kuruka     Unspecified  (4297)    4536    3933    
  1411 34.89 2.59 2.59          NC_058190.1  23695905  23697025 (30953638) C               Kuruka     Unspecified  (4225)    4608    3488    
   353 36.63 2.81 2.98          NC_058190.1  24206365  24206969 (30443694) +               Kuruka     Unspecified    3933    4536  (4297)    
  1289 36.17 2.87 2.78          NC_058190.1  28377022  28378136 (26272527) +               Kuruka     Unspecified    3436    4551  (4282)    
   354 37.36 1.74 3.02          NC_058190.1  29454981  29455383 (25195280) +               Kuruka     Unspecified    4031    4428  (4405)    
  1685 33.81 4.25 3.61          NC_058190.1  31199301  31200595 (23450068) C               Kuruka     Unspecified  (4069)    4764    3462    
   600 36.51 3.02 3.18          NC_058190.1  31600181  31600842 (23049821) C               Kuruka     Unspecified  (4069)    4764    4104    
  1730 35.09 2.48 2.57          NC_058190.1  32506556  32507684 (22142979) +               Kuruka     Unspecified    3459    4586  (4247)    
  2215 33.86 1.65 1.19          NC_058190.1  54279862  54280952 (369711) C               Kuruka     Unspecified  (4249)    4584    3489    
  1068 37.35 3.50 2.41          NC_058191.1     18722     20035 (43924230) +               Kuruka     Unspecified    3437    4764  (4069)    
   341 37.50 1.98 2.15          NC_058191.1   8686312   8686916 (35257349) +               Kuruka     Unspecified    3933    4536  (4297)    
  2360 33.28 3.03 2.65          NC_058191.1  11410270  11411621 (32532644) +               Kuruka     Unspecified    3489    4845  (3988)    
  2303 33.31 2.04 1.61          NC_058191.1  12449682  12450859 (31493406) C               Kuruka     Unspecified  (4162)    4671    3489    
   256 33.33 2.76 3.16          NC_058191.1  13060325  13060578 (30883687) +               Kuruka     Unspecified    4284    4536  (4297)    
   257 36.58 3.14 3.31          NC_058191.1  13128549  13129153 (30815112) C               Kuruka     Unspecified  (4297)    4536    3933    
  1018 35.21 3.67 4.02          NC_058191.1  13171733  13172904 (30771361) +               Kuruka     Unspecified    3489    4656  (4177)    
   902 34.51 4.48 5.42          NC_058191.1  13201807  13202811 (30741454) C               Kuruka     Unspecified  (4282)    4551    3556    
   239 16.95 3.33 1.64          NC_058191.1  13546582  13546641 (30397624) +               Kuruka     Unspecified    4295    4355  (4478)    
  1966 31.87 3.35 2.12          NC_058191.1  13667994  13669067 (30275198) +               Kuruka     Unspecified    3585    4671  (4162)    
  2325 33.07 2.12 1.69          NC_058191.1  13870850  13872027 (30072238) +               Kuruka     Unspecified    3489    4671  (4162)    
   350 36.01 2.98 3.15          NC_058191.1  14307795  14308399 (29635866) C               Kuruka     Unspecified  (4297)    4536    3933    
   234 26.68 2.15 3.26          NC_058191.1  14665924  14666016 (29278249) +               Kuruka     Unspecified    4295    4386  (4447)    
   660 30.54 2.95 3.33          NC_058191.1  14929272  14929542 (29014723) C               Kuruka     Unspecified  (4282)    4551    4282    
   692 37.07 2.36 2.08          NC_058191.1  14931713  14932431 (29011834) C               Kuruka     Unspecified  (4677)    4156    3436    
   649 35.08 3.59 3.13          NC_058191.1  15121322  15121989 (28822276) C               Kuruka     Unspecified  (4583)    4250    3580    
   692 35.99 3.45 3.25          NC_058191.1  15232933  15234006 (28710259) +               Kuruka     Unspecified    3594    4669  (4164)    
   229 30.96 4.35 3.70          NC_058191.1  15581042  15581202 (28363063) +               Kuruka     Unspecified    3668    3829  (5004)    
   485 35.52 3.46 3.46          NC_058191.1  18844692  18845385 (25098880) +               Kuruka     Unspecified    3451    4144  (4689)    
   318 37.26 1.84 1.22          NC_058191.1  18845549  18845874 (25098391) +               Kuruka     Unspecified    4308    4635  (4198)    
  2199 33.41 3.18 2.80          NC_058191.1  19162772  19164123 (24780142) C               Kuruka     Unspecified  (3988)    4845    3489    
   522 37.70 3.12 2.68          NC_058191.1  19500089  19500794 (24443471) +               Kuruka     Unspecified    3436    4144  (4689)    
   271 31.10 2.17 2.17          NC_058191.1  19500905  19501042 (24443223) +               Kuruka     Unspecified    4217    4354  (4479)    
   326 33.19 3.38 3.38          NC_058191.1  19501076  19501312 (24442953) +               Kuruka     Unspecified    4434    4670  (4163)    
  1144 35.11 3.67 4.02          NC_058191.1  19667477  19668648 (24275617) +               Kuruka     Unspecified    3489    4656  (4177)    
  1162 34.65 2.36 2.56          NC_058191.1  19776665  19777680 (24166585) C               Kuruka     Unspecified  (4334)    4499    3486    
   335 33.50 2.65 3.57          NC_058191.1  20306647  20306872 (23637393) C               Kuruka     Unspecified  (4437)    4396    4173    
  1480 35.02 3.22 3.38          NC_058191.1  20314622  20315924 (23628341) +               Kuruka     Unspecified    3459    4759  (4074)    
   270 35.08 1.97 2.37          NC_058191.1  20411220  20411473 (23532792) +               Kuruka     Unspecified    4284    4536  (4297)    
   330 36.78 2.31 2.48          NC_058191.1  20465623  20466227 (23478038) C               Kuruka     Unspecified  (4297)    4536    3933    
   329 36.97 2.81 2.98          NC_058191.1  23779785  23780389 (20163876) +               Kuruka     Unspecified    3933    4536  (4297)    
  1617 33.57 4.47 3.99          NC_058191.1  24097002  24098298 (19845967) C               Kuruka     Unspecified  (4069)    4764    3462    
   305 31.61 6.90 5.08          NC_058191.1  25662696  25662985 (18281280) C               Kuruka     Unspecified  (4993)    3840    3546    
   463 35.17 5.32 4.33          NC_058191.1  26046657  26047182 (17897083) C               Kuruka     Unspecified  (4851)    3982    3452    
  1036 35.67 3.76 3.68          NC_058191.1  28339864  28341059 (15603206) +               Kuruka     Unspecified    3439    4635  (4198)    
  1610 33.89 4.24 3.68          NC_058191.1  31838297  31839592 (12104673) +               Kuruka     Unspecified    3462    4764  (4069)    
   300 37.12 2.31 2.48          NC_058192.1  18657410  18658014 (22784119) C               Kuruka     Unspecified  (4297)    4536    3933    
   262 36.52 2.98 3.15          NC_058192.1  20781108  20781712 (20660421) +               Kuruka     Unspecified    3933    4536  (4297)    
   273 37.79 2.32 2.15          NC_058192.1  21983510  21984112 (19458021) C               Kuruka     Unspecified  (4297)    4536    3933    
   302 34.29 2.76 3.24          NC_058192.1  23757324  23757540 (17684593) +               Kuruka     Unspecified    4294    4509  (4324)    
   313 37.46 2.18 2.35          NC_058192.1  25929171  25929766 (15512367) +               Kuruka     Unspecified    3933    4527  (4306)    
  1085 37.28 3.50 2.41          NC_058192.1  27388044  27389357 (14052776) +               Kuruka     Unspecified    3437    4764  (4069)    
  1015 37.35 3.50 2.41          NC_058192.1  29316534  29317847 (12124286) C               Kuruka     Unspecified  (4069)    4764    3437    
   301 36.52 2.98 3.15          NC_058192.1  29846210  29846814 (11595319) +               Kuruka     Unspecified    3933    4536  (4297)    
   299 36.67 2.48 2.65          NC_058192.1  30147179  30147783 (11294350) C               Kuruka     Unspecified  (4297)    4536    3933    
   939 36.06 3.85 3.76          NC_058192.1  30356887  30358082 (11084051) +               Kuruka     Unspecified    3439    4635  (4198)    
   814 35.54 4.30 4.39          NC_058192.1  30683069  30684254 (10757879) +               Kuruka     Unspecified    3451    4635  (4198)    
   446 34.97 5.32 4.33          NC_058192.1  31638850  31639375 (9802758) C               Kuruka     Unspecified  (4851)    3982    3452    
   691 34.49 5.56 3.21          NC_058192.1  31828046  31828836 (9613297) C               Kuruka     Unspecified  (4319)    4514    3706    
   694 33.96 3.36 3.60          NC_058192.1  31932193  31932638 (9509495) +               Kuruka     Unspecified    4199    4643  (4190)    
  2254 33.53 2.88 2.51          NC_058192.1  32285602  32286953 (9155180) C               Kuruka     Unspecified  (3988)    4845    3489    
   376 30.38 3.27 3.27          NC_058192.1  32293299  32293543 (9148590) +               Kuruka     Unspecified    4089    4333  (4500)    
  1240 31.17 4.66 3.85          NC_058192.1  32635865  32636508 (8805625) C               Kuruka     Unspecified  (3988)    4845    4197    
   376 31.51 2.86 2.86          NC_058192.1  32849297  32849541 (8592592) C               Kuruka     Unspecified  (4500)    4333    4089    
  2254 33.53 2.88 2.51          NC_058192.1  32855887  32857238 (8584895) +               Kuruka     Unspecified    3489    4845  (3988)    
   237 34.14 2.79 3.27          NC_058192.1  33147801  33148015 (8294118) +               Kuruka     Unspecified    4296    4509  (4324)    
   376 31.51 2.86 2.86          NC_058192.1  33320628  33320872 (8121261) C               Kuruka     Unspecified  (4500)    4333    4089    
  2336 33.69 2.88 2.51          NC_058192.1  33327218  33328569 (8113564) +               Kuruka     Unspecified    3489    4845  (3988)    
  2327 33.69 2.88 2.51          NC_058192.1  33565442  33566793 (7875340) C               Kuruka     Unspecified  (3988)    4845    3489    
  2173 33.35 3.50 2.51          NC_058192.1  33873449  33874792 (7567341) C               Kuruka     Unspecified  (3988)    4845    3489    
   376 31.51 2.86 2.86          NC_058192.1  33881133  33881377 (7560756) +               Kuruka     Unspecified    4089    4333  (4500)    
  1119 35.61 3.25 3.60          NC_058192.1  34652551  34653721 (6788412) C               Kuruka     Unspecified  (4178)    4655    3489    
   509 32.69 6.08 1.26          NC_058192.1  34679002  34679379 (6762754) +               Kuruka     Unspecified    3437    3832  (5001)    
   720 36.84 2.59 2.71          NC_058192.1  34679504  34680315 (6761818) +               Kuruka     Unspecified    3954    4764  (4069)    
   259 34.41 2.36 2.77          NC_058192.1  34799474  34799727 (6642406) +               Kuruka     Unspecified    4284    4536  (4297)    
   285 40.57 0.82 2.92          NC_058192.1  34928129  34928618 (6513515) +               Kuruka     Unspecified    3964    4443  (4390)    
  1084 37.07 3.58 2.48          NC_058192.1  35141283  35142596 (6299537) C               Kuruka     Unspecified  (4069)    4764    3437    
  2229 33.71 1.97 1.54          NC_058192.1  35203243  35204408 (6237725) +               Kuruka     Unspecified    3489    4659  (4174)    
   393 31.09 2.86 2.86          NC_058192.1  35224305  35224549 (6217584) +               Kuruka     Unspecified    4089    4333  (4500)    
   413 35.06 4.34 3.82          NC_058192.1  35371041  35371639 (6070494) C               Kuruka     Unspecified  (4652)    4181    3580    
   267 20.41 0.00 0.00          NC_058192.1  35926416  35926464 (5515669) +               Kuruka     Unspecified    3937    3985  (4848)    
   520 28.14 5.96 2.21          NC_058192.1  35927717  35927934 (5514199) +               Kuruka     Unspecified    4214    4439  (4394)    
  1069 37.10 3.65 2.56          NC_058192.1  36073633  36074946 (5367187) +               Kuruka     Unspecified    3437    4764  (4069)    
   345 33.51 2.64 4.02          NC_058192.1  36088641  36088867 (5353266) +               Kuruka     Unspecified    3756    3979  (4854)    
   886 35.41 2.05 1.53          NC_058192.1  36089932  36090516 (5351617) +               Kuruka     Unspecified    3964    4551  (4282)    
  1123 34.95 3.92 4.28          NC_058192.1  36105120  36106291 (5335842) C               Kuruka     Unspecified  (4177)    4656    3489    
   346 27.56 2.31 2.31          NC_058192.1  36385294  36385423 (5056710) +               Kuruka     Unspecified    3572    3701  (5132)    
   395 35.87 5.21 2.71          NC_058192.1  36386071  36386646 (5055487) +               Kuruka     Unspecified    4067    4656  (4177)    
   254 36.91 2.64 2.81          NC_058192.1  36396438  36397042 (5045091) C               Kuruka     Unspecified  (4297)    4536    3933    
  1014 36.75 3.58 2.48          NC_058192.1  37213382  37214695 (4227438) C               Kuruka     Unspecified  (4069)    4764    3437    
   491 33.33 1.92 1.92          NC_058192.1  37473799  37474058 (3968075) C               Kuruka     Unspecified  (4999)    3834    3575    
   953 36.11 3.76 3.68          NC_058192.1  37667017  37668212 (3773921) C               Kuruka     Unspecified  (4198)    4635    3439    
   638 34.14 2.06 2.37          NC_058192.1  37704883  37705221 (3736912) C               Kuruka     Unspecified  (4221)    4612    4275    
   756 33.04 6.69 3.31          NC_058192.1  37705308  37705980 (3736153) C               Kuruka     Unspecified  (4677)    4156    3462    
   508 31.74 1.05 1.05          NC_058192.1  38056684  38056874 (3385259) C               Kuruka     Unspecified  (4174)    4659    4469    
  1589 33.53 2.80 1.56          NC_058192.1  38057532  38058352 (3383781) C               Kuruka     Unspecified  (4403)    4430    3600    
  1216 34.73 3.58 3.94          NC_058192.1  38203792  38204963 (3237170) C               Kuruka     Unspecified  (4177)    4656    3489    
  1901 31.91 4.02 2.76          NC_058192.1  38426605  38427500 (3014633) C               Kuruka     Unspecified  (3988)    4845    3939    
   600 35.17 0.58 0.58          NC_058192.1  38428705  38429050 (3013083) C               Kuruka     Unspecified  (4999)    3834    3489    
   309 34.96 4.25 3.47          NC_058192.1  38500219  38500618 (2941515) C               Kuruka     Unspecified  (4851)    3982    3580    
   495 35.92 4.60 4.00          NC_058192.1  38505838  38506707 (2935426) +               Kuruka     Unspecified    3575    4449  (4384)    
   255 28.95 0.00 0.00          NC_058192.1  38513406  38513481 (2928652) +               Kuruka     Unspecified    4476    4551  (4282)    
   312 36.45 2.81 2.81          NC_058192.1  38861094  38861697 (2580436) +               Kuruka     Unspecified    3933    4536  (4297)    
   276 26.32 5.00 5.00          NC_058192.1  38955801  38955920 (2486213) +               Kuruka     Unspecified    3546    3665  (5168)    
   285 36.06 2.18 2.18          NC_058192.1  38978477  38978751 (2463382) C               Kuruka     Unspecified  (4069)    4764    4490    
   782 36.95 3.50 1.66          NC_058192.1  38978835  38979720 (2462413) C               Kuruka     Unspecified  (4495)    4338    3437    
   853 34.53 5.81 3.57          NC_058192.1  39090837  39091989 (2350144) +               Kuruka     Unspecified    3479    4656  (4177)    
  2401 33.31 2.04 1.61          NC_058192.1  39297451  39298628 (2143505) C               Kuruka     Unspecified  (4162)    4671    3489    
  1578 35.58 2.76 2.92          NC_058192.1  40302412  40303714 (1138419) +               Kuruka     Unspecified    3459    4759  (4074)    
  1273 35.88 2.79 3.19          NC_058192.1  40464153  40465191 (976942) C               Kuruka     Unspecified  (4340)    4493    3459    
  2336 34.06 1.72 1.28          NC_058192.1  40580577  40581742 (860391) C               Kuruka     Unspecified  (4174)    4659    3489    
   470 25.31 1.86 1.86          NC_058192.1  40937350  40937510 (504623) C               Kuruka     Unspecified  (5098)    3735    3575    
  1505 34.97 2.49 2.67          NC_058192.1  41228193  41229317 (212816) C               Kuruka     Unspecified  (4225)    4608    3486    
   281 35.77 2.37 2.78          NC_058193.1     58735     58987 (40204897) C               Kuruka     Unspecified  (4288)    4545    4294    
  1525 35.11 3.22 3.38          NC_058193.1     78347     79649 (40184235) +               Kuruka     Unspecified    3459    4759  (4074)    
  1503 35.09 2.83 2.91          NC_058193.1    110542    111815 (40152069) C               Kuruka     Unspecified  (4075)    4758    3486    
   676 36.39 4.34 2.88          NC_058193.1    229066    230126 (40033758) +               Kuruka     Unspecified    3594    4669  (4164)    
  1922 32.64 3.23 2.09          NC_058193.1    285920    286911 (39976973) +               Kuruka     Unspecified    3489    4491  (4342)    
   270 30.83 2.65 3.33          NC_058193.1    321421    321571 (39942313) +               Kuruka     Unspecified    4294    4443  (4390)    
  1109 37.12 3.50 2.41          NC_058193.1    386139    387452 (39876432) C               Kuruka     Unspecified  (4069)    4764    3437    
   281 37.01 2.48 2.65          NC_058193.1    983648    984252 (39279632) C               Kuruka     Unspecified  (4297)    4536    3933    
   276 26.32 5.00 5.00          NC_058193.1   1059884   1060003 (39203881) +               Kuruka     Unspecified    3546    3665  (5168)    
   756 37.01 2.71 2.84          NC_058193.1   1170164   1170975 (39092909) C               Kuruka     Unspecified  (4069)    4764    3954    
   401 32.71 3.62 1.42          NC_058193.1   1171109   1171384 (39092500) C               Kuruka     Unspecified  (5115)    3718    3437    
  2036 32.87 2.14 1.71          NC_058193.1   1408096   1409262 (38854622) C               Kuruka     Unspecified  (4174)    4659    3488    
   304 36.36 2.98 3.15          NC_058193.1   2075169   2075773 (38188111) C               Kuruka     Unspecified  (4297)    4536    3933    
  2198 33.79 1.74 1.28          NC_058193.1   2614024   2615114 (37648770) +               Kuruka     Unspecified    3489    4584  (4249)    
   246 36.85 2.48 2.81          NC_058193.1   2640976   2641581 (37622303) C               Kuruka     Unspecified  (4297)    4536    3933    
   703 31.33 1.12 1.49          NC_058193.1   2695249   2695517 (37568367) C               Kuruka     Unspecified  (4282)    4551    4284    
  1056 35.73 2.58 2.58          NC_058193.1   2697810   2698507 (37565377) C               Kuruka     Unspecified  (4677)    4156    3459    
   227 16.28 0.00 0.00          NC_058193.1   3420779   3420821 (36843063) C               Kuruka     Unspecified  (4999)    3834    3792    
  1643 33.97 4.25 3.61          NC_058193.1   5072804   5074098 (35189786) C               Kuruka     Unspecified  (4069)    4764    3462    
   262 36.52 2.98 3.15          NC_058193.1   5227088   5227692 (35036192) C               Kuruka     Unspecified  (4297)    4536    3933    
  2317 33.25 2.65 1.61          NC_058193.1   6369895   6371065 (33892819) C               Kuruka     Unspecified  (4162)    4671    3489    
   524 34.21 1.11 1.49          NC_058193.1   6389772   6390041 (33873843) C               Kuruka     Unspecified  (4247)    4586    4318    
  1055 35.34 2.72 2.72          NC_058193.1   6391187   6391884 (33872000) C               Kuruka     Unspecified  (4677)    4156    3459    
   239 16.95 3.33 1.64          NC_058193.1   6964862   6964921 (33298963) +               Kuruka     Unspecified    4295    4355  (4478)    
   245 38.76 0.00 0.48          NC_058193.1   7526381   7526590 (32737294) C               Kuruka     Unspecified  (4405)    4428    4220    
   374 32.58 2.65 3.57          NC_058193.1   7893887   7894112 (32369772) C               Kuruka     Unspecified  (4437)    4396    4173    
   295 36.36 2.98 3.15          NC_058193.1   8010510   8011114 (32252770) +               Kuruka     Unspecified    3933    4536  (4297)    
   318 37.54 2.24 3.02          NC_058193.1   8229461   8229861 (32034023) C               Kuruka     Unspecified  (4405)    4428    4031    
   289 34.77 2.76 3.24          NC_058193.1   8258965   8259181 (32004703) C               Kuruka     Unspecified  (4324)    4509    4294    
   305 33.52 3.45 4.48          NC_058193.1   8305961   8306163 (31957721) +               Kuruka     Unspecified    4196    4396  (4437)    
  1060 34.85 3.17 3.30          NC_058193.1   8338940   8339758 (31924126) C               Kuruka     Unspecified  (4069)    4764    3947    
   537 31.97 5.88 1.89          NC_058193.1   8344400   8344756 (31919128) C               Kuruka     Unspecified  (5001)    3832    3462    
  1811 31.97 2.35 0.95          NC_058193.1   8486684   8487406 (31776478) +               Kuruka     Unspecified    3939    4671  (4162)    
   248 30.23 0.00 3.12          NC_058193.1   8680516   8680614 (31583270) +               Kuruka     Unspecified    3584    3679  (5154)    
  2259 32.86 3.06 2.62          NC_058193.1   8909422   8910599 (31353285) C               Kuruka     Unspecified  (4162)    4671    3489    
   598 34.78 4.70 5.03          NC_058193.1   9081437   9082414 (31181470) +               Kuruka     Unspecified    3580    4554  (4279)    
  1682 34.26 3.94 3.30          NC_058193.1   9291506   9292800 (30971084) +               Kuruka     Unspecified    3462    4764  (4069)    
   278 32.51 5.08 5.08          NC_058193.1   9333719   9333974 (30929910) +               Kuruka     Unspecified    3585    3840  (4993)    
  2255 33.94 1.89 1.28          NC_058193.1   9472489   9473652 (30790232) +               Kuruka     Unspecified    3489    4659  (4174)    
   377 27.53 5.58 7.08          NC_058193.1   9829630   9829844 (30434040) +               Kuruka     Unspecified    3489    3700  (5133)    
   414 31.14 5.60 6.23          NC_058193.1   9830380   9830718 (30433166) +               Kuruka     Unspecified    4320    4656  (4177)    
   280 36.52 2.98 3.15          NC_058193.1  10367034  10367638 (29896246) C               Kuruka     Unspecified  (4297)    4536    3933    
   581 32.74 1.06 1.78          NC_058193.1  10398333  10398615 (29865269) +               Kuruka     Unspecified    3554    3834  (4999)    
   926 33.63 2.01 0.88          NC_058193.1  10398672  10399118 (29864766) +               Kuruka     Unspecified    3943    4394  (4439)    
   327 29.79 0.00 1.06          NC_058193.1  10399181  10399275 (29864609) +               Kuruka     Unspecified    4392    4485  (4348)    
   319 35.26 1.71 1.14          NC_058193.1  10401253  10401427 (29862457) +               Kuruka     Unspecified    4481    4656  (4177)    
   888 35.37 1.75 1.36          NC_058193.1  10508258  10508770 (29755114) C               Kuruka     Unspecified  (4833)    4000    3486    
   980 36.43 2.53 2.95          NC_058193.1  10933944  10934930 (29328954) C               Kuruka     Unspecified  (4300)    4533    3551    
   302 30.00 0.00 0.00          NC_058193.1  10951512  10951611 (29312273) +               Kuruka     Unspecified    3580    3679  (5154)    
   231 37.46 2.31 2.48          NC_058193.1  11166193  11166797 (29097087) +               Kuruka     Unspecified    3933    4536  (4297)    
   277 33.36 1.83 3.74          NC_058193.1  11239441  11239658 (29024226) C               Kuruka     Unspecified  (4447)    4386    4173    
   499 34.67 4.03 3.57          NC_058193.1  11259900  11260569 (29003315) +               Kuruka     Unspecified    3580    4252  (4581)    
  2429 33.18 2.96 2.58          NC_058193.1  11305156  11306507 (28957377) C               Kuruka     Unspecified  (3988)    4845    3489    
   348 33.04 2.65 3.57          NC_058193.1  11496442  11496667 (28767217) +               Kuruka     Unspecified    4173    4396  (4437)    
   348 33.04 2.65 3.57          NC_058193.1  11544963  11545188 (28718696) +               Kuruka     Unspecified    4173    4396  (4437)    
   250 37.28 2.31 2.48          NC_058193.1  11632500  11633104 (28630780) C               Kuruka     Unspecified  (4297)    4536    3933    
   499 34.67 4.03 3.57          NC_058193.1  11757269  11757938 (28505946) C               Kuruka     Unspecified  (4581)    4252    3580    
   348 33.04 2.65 3.57          NC_058193.1  11778140  11778365 (28485519) +               Kuruka     Unspecified    4173    4396  (4437)    
   258 36.85 2.48 2.65          NC_058193.1  11877288  11877892 (28385992) C               Kuruka     Unspecified  (4297)    4536    3933    
   254 34.01 2.36 2.77          NC_058193.1  12196366  12196619 (28067265) +               Kuruka     Unspecified    4284    4536  (4297)    
   348 33.04 2.65 3.57          NC_058193.1  12274146  12274371 (27989513) C               Kuruka     Unspecified  (4437)    4396    4173    
   701 35.13 5.10 4.71          NC_058193.1  12730847  12731945 (27531939) +               Kuruka     Unspecified    3452    4554  (4279)    
  1307 34.86 4.06 2.76          NC_058193.1  12829365  12830473 (27433411) +               Kuruka     Unspecified    3486    4608  (4225)    
  1266 35.07 3.88 2.58          NC_058193.1  12928232  12929340 (27334544) C               Kuruka     Unspecified  (4225)    4608    3486    
  2301 33.33 2.12 1.69          NC_058193.1  13025484  13026661 (27237223) +               Kuruka     Unspecified    3489    4671  (4162)    
  1307 34.86 4.06 2.76          NC_058193.1  13117163  13118271 (27145613) +               Kuruka     Unspecified    3486    4608  (4225)    
  1266 35.07 3.88 2.58          NC_058193.1  13217423  13218531 (27045353) C               Kuruka     Unspecified  (4225)    4608    3486    
  2395 33.33 2.12 1.69          NC_058193.1  13317559  13318736 (26945148) +               Kuruka     Unspecified    3489    4671  (4162)    
   578 30.94 3.86 4.72          NC_058193.1  13475895  13476257 (26787627) +               Kuruka     Unspecified    3489    3848  (4985)    
  2438 32.90 2.11 2.20          NC_058193.1  13493894  13495077 (26768807) +               Kuruka     Unspecified    3489    4671  (4162)    
  1114 36.81 3.73 2.64          NC_058193.1  13510159  13511472 (26752412) +               Kuruka     Unspecified    3437    4764  (4069)    
   865 34.43 3.89 3.30          NC_058193.1  14050507  14051200 (26212684) C               Kuruka     Unspecified  (4677)    4156    3459    
   251 30.57 3.97 4.67          NC_058193.1  14671435  14671585 (25592299) +               Kuruka     Unspecified    4294    4443  (4390)    
   750 36.19 3.45 3.25          NC_058193.1  14730378  14731451 (25532433) C               Kuruka     Unspecified  (4164)    4669    3594    
   355 31.41 1.27 1.27          NC_058193.1  14894562  14894719 (25369165) C               Kuruka     Unspecified  (4198)    4635    4478    
   793 34.84 3.69 3.40          NC_058193.1  14895024  14895727 (25368157) C               Kuruka     Unspecified  (4689)    4144    3439    
  1613 34.05 4.25 3.61          NC_058193.1  14932855  14934149 (25329735) +               Kuruka     Unspecified    3462    4764  (4069)    
   996 36.41 3.88 2.79          NC_058193.1  15244268  15245581 (25018303) +               Kuruka     Unspecified    3437    4764  (4069)    
  1455 35.92 2.83 3.23          NC_058193.1  15341531  15342836 (24921048) C               Kuruka     Unspecified  (4074)    4759    3459    
  1064 37.18 3.65 2.56          NC_058193.1  15775841  15777154 (24486730) +               Kuruka     Unspecified    3437    4764  (4069)    
   846 34.72 2.15 1.55          NC_058193.1  15832598  15833109 (24430775) C               Kuruka     Unspecified  (4833)    4000    3486    
   228 28.17 1.41 0.00          NC_058193.1  15950501  15950571 (24313313) C               Kuruka     Unspecified  (4478)    4355    4284    
   322 38.45 1.17 2.98          NC_058193.1  16168877  16169388 (24094496) C               Kuruka     Unspecified  (4300)    4533    4031    
   380 32.89 0.00 0.00          NC_058193.1  16470098  16470246 (23793638) +               Kuruka     Unspecified    3594    3742  (5091)    
  1053 36.96 3.50 2.41          NC_058193.1  16530416  16531729 (23732155) C               Kuruka     Unspecified  (4069)    4764    3437    
   236 33.64 2.64 3.10          NC_058193.1  17486485  17486711 (22777173) +               Kuruka     Unspecified    4284    4509  (4324)    
   256 34.47 5.82 1.64          NC_058193.1  19996037  19996328 (20267556) C               Kuruka     Unspecified  (4300)    4533    4230    
  2465 32.67 2.20 2.11          NC_058193.1  20282136  20283317 (19980567) C               Kuruka     Unspecified  (4162)    4671    3489    
   308 35.37 2.37 2.78          NC_058193.1  20681943  20682195 (19581689) +               Kuruka     Unspecified    4294    4545  (4288)    
  1403 35.58 2.53 2.62          NC_058194.1    736484    737669 (33724823) +               Kuruka     Unspecified    3459    4643  (4190)    
  2332 33.57 2.29 1.78          NC_058194.1    877885    879061 (33583431) +               Kuruka     Unspecified    3489    4671  (4162)    
  1354 34.19 4.58 2.08          NC_058194.1    950502    951439 (33511053) +               Kuruka     Unspecified    3486    4446  (4387)    
   250 27.95 3.12 3.12          NC_058194.1   1013341   1013436 (33449056) +               Kuruka     Unspecified    3584    3679  (5154)    
   256 32.25 6.44 6.44          NC_058194.1   1086719   1087013 (33375479) +               Kuruka     Unspecified    3546    3840  (4993)    
   239 16.95 3.33 1.64          NC_058194.1   1129193   1129252 (33333240) +               Kuruka     Unspecified    4295    4355  (4478)    
   560 31.22 3.86 4.72          NC_058194.1   1136435   1136797 (33325695) C               Kuruka     Unspecified  (4985)    3848    3489    
   258 36.01 3.49 3.15          NC_058194.1   1156711   1157312 (33305180) +               Kuruka     Unspecified    3933    4536  (4297)    
   981 36.45 3.81 2.71          NC_058194.1   1220204   1221517 (33240975) +               Kuruka     Unspecified    3437    4764  (4069)    
   279 23.22 6.67 6.67          NC_058194.1   1451586   1451705 (33010787) +               Kuruka     Unspecified    3546    3665  (5168)    
   911 34.70 4.07 3.60          NC_058194.1   1623789   1624673 (32837819) +               Kuruka     Unspecified    3489    4377  (4456)    
   347 33.74 3.80 4.20          NC_058194.1   1637193   1637455 (32825037) +               Kuruka     Unspecified    4284    4545  (4288)    
   309 35.62 3.31 3.48          NC_058194.1   2343627   2344231 (32118261) +               Kuruka     Unspecified    3933    4536  (4297)    
  1081 37.28 3.50 2.41          NC_058194.1   2817745   2819058 (31643434) C               Kuruka     Unspecified  (4069)    4764    3437    
  1063 37.35 3.50 2.41          NC_058194.1   3382552   3383865 (31078627) C               Kuruka     Unspecified  (4069)    4764    3437    
  1081 37.28 3.50 2.41          NC_058194.1   3535270   3536583 (30925909) C               Kuruka     Unspecified  (4069)    4764    3437    
   675 34.06 1.62 1.89          NC_058194.1   4185179   4185549 (30276943) C               Kuruka     Unspecified  (4247)    4586    4217    
   433 33.90 4.93 8.41          NC_058194.1   4185602   4186068 (30276424) C               Kuruka     Unspecified  (4755)    4078    3627    
  1075 34.52 3.02 4.11          NC_058194.1   4205033   4205893 (30256599) C               Kuruka     Unspecified  (4069)    4764    3913    
   462 30.71 6.55 2.32          NC_058194.1   4205972   4206261 (30256231) C               Kuruka     Unspecified  (5001)    3832    3531    
  1032 33.49 4.65 3.97          NC_058194.1   4643216   4644440 (29818052) C               Kuruka     Unspecified  (4069)    4764    3532    
  1982 31.91 2.87 2.39          NC_058194.1   4747436   4748517 (29713975) +               Kuruka     Unspecified    3585    4671  (4162)    
  1651 34.90 2.74 2.84          NC_058194.1   5222407   5223500 (29238992) +               Kuruka     Unspecified    3459    4551  (4282)    
  1123 37.04 3.50 2.41          NC_058194.1   5550141   5551454 (28911038) C               Kuruka     Unspecified  (4069)    4764    3437    
  1214 33.92 2.13 2.13          NC_058194.1   5713174   5713923 (28748569) +               Kuruka     Unspecified    3489    4238  (4595)    
  1063 32.15 2.77 1.60          NC_058194.1   5716741   5717173 (28745319) +               Kuruka     Unspecified    4234    4671  (4162)    
  1559 34.61 3.38 3.54          NC_058194.1   5729640   5730942 (28731550) C               Kuruka     Unspecified  (4074)    4759    3459    
   239 33.49 1.94 3.95          NC_058194.1   5827619   5827876 (28634616) +               Kuruka     Unspecified    4284    4536  (4297)    
  2388 33.71 1.66 1.22          NC_058194.1   6088810   6089953 (28372539) +               Kuruka     Unspecified    3511    4659  (4174)    
   298 34.25 1.04 3.17          NC_058194.1   6394770   6394962 (28067530) +               Kuruka     Unspecified    3507    3695  (5138)    
   789 28.90 1.86 2.24          NC_058194.1   6396872   6397140 (28065352) +               Kuruka     Unspecified    4278    4545  (4288)    
  2289 32.84 2.52 1.97          NC_058194.1   6676228   6677339 (27785153) +               Kuruka     Unspecified    3554    4671  (4162)    
  1067 35.49 2.79 2.14          NC_058194.1   6689179   6689967 (27772525) C               Kuruka     Unspecified  (4247)    4586    3793    
   590 33.33 1.33 0.00          NC_058194.1   6690023   6690247 (27772245) C               Kuruka     Unspecified  (5147)    3686    3459    
   270 36.29 2.81 2.98          NC_058194.1   6884220   6884824 (27577668) +               Kuruka     Unspecified    3933    4536  (4297)    
  1016 37.53 3.50 2.41          NC_058194.1   6918859   6920171 (27542321) C               Kuruka     Unspecified  (4070)    4763    3437    
   235 36.47 3.31 3.31          NC_058194.1   6963033   6963636 (27498856) C               Kuruka     Unspecified  (4297)    4536    3933    
  2437 33.68 1.63 1.20          NC_058194.1   7595590   7596755 (26865737) C               Kuruka     Unspecified  (4174)    4659    3489    
  2033 34.47 2.95 1.45          NC_058194.1   8765590   8766743 (25695749) C               Kuruka     Unspecified  (4174)    4659    3489    
   268 32.71 3.17 3.17          NC_058194.1   9044547   9044767 (25417725) +               Kuruka     Unspecified    4089    4309  (4524)    
  1525 34.32 4.33 3.61          NC_058194.1   9281253   9282546 (25179946) C               Kuruka     Unspecified  (4069)    4764    3462    
  1030 35.47 3.93 3.76          NC_058194.1   9287190   9288384 (25174108) C               Kuruka     Unspecified  (4198)    4635    3439    
  1028 37.04 3.50 2.41          NC_058194.1   9414939   9416252 (25046240) C               Kuruka     Unspecified  (4069)    4764    3437    
   276 26.32 5.00 5.00          NC_058194.1   9423579   9423698 (25038794) +               Kuruka     Unspecified    3546    3665  (5168)    
   679 34.97 3.76 4.02          NC_058194.1   9554225   9555395 (24907097) C               Kuruka     Unspecified  (4177)    4656    3489    
   234 36.76 3.14 3.31          NC_058194.1   9641192   9641796 (24820696) C               Kuruka     Unspecified  (4297)    4536    3933    
  2365 32.98 3.25 2.87          NC_058194.1   9684240   9685591 (24776901) C               Kuruka     Unspecified  (3988)    4845    3489    
   314 36.51 2.48 2.65          NC_058194.1   9833309   9833913 (24628579) C               Kuruka     Unspecified  (4297)    4536    3933    
   327 37.86 1.74 3.02          NC_058194.1  10147789  10148191 (24314301) +               Kuruka     Unspecified    4031    4428  (4405)    
   393 35.22 3.64 3.64          NC_058194.1  10165425  10166028 (24296464) C               Kuruka     Unspecified  (4297)    4536    3933    
   519 33.22 3.86 2.64          NC_058194.1  10608549  10608885 (23853607) +               Kuruka     Unspecified    3494    3834  (4999)    
   704 35.02 4.69 2.29          NC_058194.1  10608991  10609630 (23852862) +               Kuruka     Unspecified    3957    4611  (4222)    
   302 34.29 2.76 3.24          NC_058194.1  14937713  14937929 (19524563) C               Kuruka     Unspecified  (4324)    4509    4294    
   331 36.73 2.64 2.81          NC_058194.1  19003045  19003649 (15458843) C               Kuruka     Unspecified  (4297)    4536    3933    
   317 37.95 1.82 1.99          NC_058194.1  19479029  19479633 (14982859) +               Kuruka     Unspecified    3933    4536  (4297)    
   308 35.37 2.37 2.78          NC_058194.1  27241411  27241663 (7220829) +               Kuruka     Unspecified    4294    4545  (4288)    
   232 29.48 0.00 1.05          NC_058195.1  17329827  17329922 (16679144) C               Kuruka     Unspecified  (3506)    5327    5233    
  1508 35.19 2.90 2.99          NC_058195.1  17330388  17331661 (16677405) C               Kuruka     Unspecified  (4075)    4758    3486    
   975 35.88 3.85 3.76          NC_058195.1  17664245  17665440 (16343626) C               Kuruka     Unspecified  (4198)    4635    3439    
   331 34.96 2.37 2.78          NC_058195.1  18596345  18596597 (15412469) +               Kuruka     Unspecified    4294    4545  (4288)    
   256 34.41 2.36 2.77          NC_058195.1  19201527  19201780 (14807286) +               Kuruka     Unspecified    4284    4536  (4297)    
  1234 35.11 3.13 3.56          NC_058195.1  19219244  19220457 (14788609) C               Kuruka     Unspecified  (4074)    4759    3551    
   324 33.50 2.65 3.57          NC_058195.1  19392499  19392724 (14616342) C               Kuruka     Unspecified  (4437)    4396    4173    
   977 34.36 3.12 3.27          NC_058195.1  19402645  19403348 (14605718) C               Kuruka     Unspecified  (4069)    4764    4062    
   269 33.81 4.20 5.13          NC_058195.1  19669696  19670147 (14338919) C               Kuruka     Unspecified  (4300)    4533    4086    
   263 36.43 2.35 2.35          NC_058195.1  19827943  19828240 (14180826) C               Kuruka     Unspecified  (4982)    3851    3554    
   743 34.71 4.12 3.82          NC_058195.1  19909357  19910060 (14099006) +               Kuruka     Unspecified    3439    4144  (4689)    
   273 30.23 1.53 1.53          NC_058195.1  19910347  19910477 (14098589) +               Kuruka     Unspecified    4505    4635  (4198)    
  2369 32.57 3.62 3.24          NC_058195.1  20207918  20209269 (13799797) +               Kuruka     Unspecified    3489    4845  (3988)    
  1166 36.59 2.78 2.69          NC_058195.1  20449467  20450581 (13558485) C               Kuruka     Unspecified  (4282)    4551    3436    
   240 28.92 5.14 5.14          NC_058195.1  20579378  20579552 (13429514) +               Kuruka     Unspecified    3655    3829  (5004)    
  1046 36.86 3.89 2.48          NC_058195.1  20628675  20629984 (13379082) C               Kuruka     Unspecified  (4069)    4764    3437    
  1318 34.63 3.62 3.53          NC_058195.1  20871945  20873216 (13135850) C               Kuruka     Unspecified  (4075)    4758    3486    
   318 33.13 0.60 0.60          NC_058195.1  22641854  22642020 (11367046) +               Kuruka     Unspecified    3920    4086  (4747)    
   400 33.32 4.10 1.45          NC_058195.1  22642149  22642416 (11366650) +               Kuruka     Unspecified    4284    4558  (4275)    
   236 31.44 3.31 6.86          NC_058195.1  22650219  22650399 (11358667) +               Kuruka     Unspecified    3903    4077  (4756)    
  1452 35.79 2.92 3.07          NC_058195.1  22812295  22813597 (11195469) C               Kuruka     Unspecified  (4074)    4759    3459    
   993 36.92 3.58 2.48          NC_058195.1  22877253  22878566 (11130500) +               Kuruka     Unspecified    3437    4764  (4069)    
   681 36.83 3.58 2.48          NC_058195.1  22968522  22969835 (11039231) +               Kuruka     Unspecified    3437    4764  (4069)    
   669 36.92 3.58 2.48          NC_058195.1  23037756  23039069 (10969997) +               Kuruka     Unspecified    3437    4764  (4069)    
   565 35.07 4.13 3.65          NC_058195.1  23350758  23351411 (10657655) C               Kuruka     Unspecified  (4597)    4236    3580    
   688 36.71 3.62 1.72          NC_058195.1  23374707  23375507 (10633559) C               Kuruka     Unspecified  (4581)    4252    3437    
   344 33.69 2.16 0.53          NC_058195.1  23416085  23416269 (10592797) +               Kuruka     Unspecified    3459    3646  (5187)    
   318 17.54 0.00 0.00          NC_058195.1  23672487  23672543 (10336523) +               Kuruka     Unspecified    3932    3988  (4845)    
   672 32.78 6.31 4.91          NC_058195.1  23695609  23696131 (10312935) C               Kuruka     Unspecified  (4845)    3988    3459    
  2401 32.55 2.63 2.20          NC_058195.1  23922721  23923898 (10085168) C               Kuruka     Unspecified  (4162)    4671    3489    
   987 36.71 3.65 2.56          NC_058195.1  24091978  24093291 (9915775) C               Kuruka     Unspecified  (4069)    4764    3437    
   383 33.85 4.67 3.46          NC_058195.1  24646736  24646992 (9362074) C               Kuruka     Unspecified  (5122)    3711    3452    
   404 33.85 4.67 3.46          NC_058195.1  24677303  24677559 (9331507) +               Kuruka     Unspecified    3452    3711  (5122)    
   269 36.35 2.40 2.61          NC_058195.1  25287634  25288133 (8720933) C               Kuruka     Unspecified  (4402)    4431    3933    
   313 37.67 1.98 2.15          NC_058195.1  25434532  25435136 (8573930) +               Kuruka     Unspecified    3933    4536  (4297)    
   231 32.56 0.00 0.00          NC_058195.1  25836989  25837074 (8171992) +               Kuruka     Unspecified    3594    3679  (5154)    
  1505 35.63 2.92 3.07          NC_058195.1  25947999  25949301 (8059765) C               Kuruka     Unspecified  (4074)    4759    3459    
  1541 34.80 2.65 3.10          NC_058195.1  26513232  26514364 (7494702) +               Kuruka     Unspecified    3459    4586  (4247)    
   767 36.35 3.35 3.16          NC_058195.1  26780099  26781172 (7227894) +               Kuruka     Unspecified    3594    4669  (4164)    
  2250 33.71 1.89 1.45          NC_058195.1  27051725  27052889 (6956177) C               Kuruka     Unspecified  (4174)    4659    3490    
   441 34.70 4.25 3.47          NC_058195.1  27404557  27404956 (6604110) +               Kuruka     Unspecified    3580    3982  (4851)    
  2202 32.57 3.22 2.87          NC_058195.1  27651954  27653132 (6355934) +               Kuruka     Unspecified    3489    4671  (4162)    
   568 36.33 3.06 4.55          NC_058195.1  28061473  28062386 (5946680) C               Kuruka     Unspecified  (4177)    4656    3756    
   285 38.28 1.92 2.91          NC_058195.1  28488333  28488749 (5520317) +               Kuruka     Unspecified    4031    4443  (4390)    
   262 36.52 2.98 3.15          NC_058195.1  28546019  28546623 (5462443) C               Kuruka     Unspecified  (4297)    4536    3933    
   440 32.08 4.00 4.00          NC_058195.1  29626542  29626791 (4382275) +               Kuruka     Unspecified    3451    3700  (5133)    
   239 16.95 3.33 1.64          NC_058195.1  29790183  29790242 (4218824) +               Kuruka     Unspecified    4295    4355  (4478)    
   238 28.40 0.00 0.00          NC_058195.1  29982731  29982811 (4026255) +               Kuruka     Unspecified    3585    3665  (5168)    
   440 35.45 4.77 4.17          NC_058195.1  30156248  30156771 (3852295) C               Kuruka     Unspecified  (4727)    4106    3580    
   284 26.32 5.00 5.00          NC_058195.1  30640099  30640218 (3368848) +               Kuruka     Unspecified    3546    3665  (5168)    
   352 31.78 0.00 0.00          NC_058195.1  30681413  30681541 (3327525) +               Kuruka     Unspecified    3486    3614  (5219)    
   416 36.86 3.64 2.05          NC_058195.1  30682001  30682385 (3326681) +               Kuruka     Unspecified    3610    4000  (4833)    
   681 33.09 2.44 2.69          NC_058195.1  30682612  30683021 (3326045) +               Kuruka     Unspecified    4200    4608  (4225)    
   667 33.41 2.36 3.02          NC_058195.1  30714789  30715254 (3293812) +               Kuruka     Unspecified    3575    4037  (4796)    
   321 37.01 2.48 2.65          NC_058195.1  31052762  31053366 (2955700) +               Kuruka     Unspecified    3933    4536  (4297)    
   506 32.68 1.55 1.55          NC_058195.1  31077932  31078189 (2930877) +               Kuruka     Unspecified    3462    3719  (5114)    
  1060 34.72 3.26 3.99          NC_058195.1  31078294  31079151 (2929915) +               Kuruka     Unspecified    3913    4764  (4069)    
  1543 33.49 4.48 3.76          NC_058195.1  31607845  31609138 (2399928) C               Kuruka     Unspecified  (4069)    4764    3462    
   441 35.13 4.03 3.57          NC_058195.1  31869432  31870101 (2138965) +               Kuruka     Unspecified    3580    4252  (4581)    
   421 35.72 4.60 1.90          NC_058195.1  31905170  31905734 (2103332) +               Kuruka     Unspecified    3437    4016  (4817)    
   294 35.30 1.29 1.29          NC_058195.1  32488714  32488868 (1520198) +               Kuruka     Unspecified    3957    4111  (4722)    
  1453 34.87 3.85 3.53          NC_058195.1  32500468  32501766 (1507300) +               Kuruka     Unspecified    3462    4764  (4069)    
  1489 35.09 2.17 2.57          NC_058195.1  32565258  32566272 (1442794) +               Kuruka     Unspecified    3525    4535  (4298)    
  1120 36.51 2.70 3.27          NC_058195.1  32672059  32673134 (1335932) +               Kuruka     Unspecified    3575    4644  (4189)    
   920 36.75 3.54 2.75          NC_058195.1  33025690  33026990 (982076) C               Kuruka     Unspecified  (4069)    4764    3454    
   676 34.67 4.03 3.57          NC_058195.1  33062048  33062717 (946349) C               Kuruka     Unspecified  (4581)    4252    3580    
   281 31.88 6.44 6.44          NC_058195.1  33403501  33403795 (605271) C               Kuruka     Unspecified  (4993)    3840    3546    
  2293 33.42 2.65 1.61          NC_058195.1  33532976  33534146 (474920) C               Kuruka     Unspecified  (4162)    4671    3489    
  1079 37.14 3.44 2.21          NC_058195.1  33555291  33556452 (452614) C               Kuruka     Unspecified  (4221)    4612    3437    
   914 37.63 3.32 2.57          NC_058195.1  33639444  33640526 (368540) C               Kuruka     Unspecified  (4069)    4764    3674    
  1092 37.28 3.50 2.41          NC_058195.1  33977362  33978675  (30391) C               Kuruka     Unspecified  (4069)    4764    3437    
  2009 33.10 2.21 1.78          NC_058196.1    516393    517570 (32971148) +               Kuruka     Unspecified    3489    4671  (4162)    
  2313 33.05 3.03 2.65          NC_058196.1    608033    609384 (32879334) +               Kuruka     Unspecified    3489    4845  (3988)    
  1461 35.89 2.76 2.84          NC_058196.1    760161    761462 (32727256) +               Kuruka     Unspecified    3459    4759  (4074)    
   544 34.38 1.34 0.00          NC_058196.1   1071938   1072161 (32416557) +               Kuruka     Unspecified    3459    3685  (5148)    
   498 35.46 2.58 2.58          NC_058196.1   1072302   1072767 (32415951) +               Kuruka     Unspecified    3792    4257  (4576)    
   937 35.18 3.84 4.20          NC_058196.1   1104953   1106124 (32382594) +               Kuruka     Unspecified    3489    4656  (4177)    
   749 36.34 3.34 3.53          NC_058196.1   1237141   1238218 (32250500) +               Kuruka     Unspecified    3594    4669  (4164)    
   909 35.74 3.39 3.00          NC_058196.1   1246353   1247148 (32241570) +               Kuruka     Unspecified    3459    4257  (4576)    
   299 31.52 6.44 6.44          NC_058196.1   1321383   1321677 (32167041) +               Kuruka     Unspecified    3546    3840  (4993)    
  2309 33.31 2.04 1.61          NC_058196.1   1419297   1420474 (32068244) C               Kuruka     Unspecified  (4162)    4671    3489    
   288 36.85 2.48 2.65          NC_058196.1   1430771   1431375 (32057343) +               Kuruka     Unspecified    3933    4536  (4297)    
   369 36.91 2.66 2.32          NC_058196.1   2061713   2062314 (31426404) C               Kuruka     Unspecified  (4297)    4536    3933    
  1052 37.22 3.58 2.48          NC_058196.1   2941938   2943251 (30545467) C               Kuruka     Unspecified  (4069)    4764    3437    
  1218 36.35 2.87 2.78          NC_058196.1   3024311   3025425 (30463293) C               Kuruka     Unspecified  (4282)    4551    3436    
   239 16.95 3.33 1.64          NC_058196.1   3189776   3189835 (30298883) C               Kuruka     Unspecified  (4478)    4355    4295    
   434 34.13 4.26 3.46          NC_058196.1   4221309   4221566 (29267152) C               Kuruka     Unspecified  (5122)    3711    3452    
   434 34.13 4.26 3.46          NC_058196.1   4286240   4286497 (29202221) C               Kuruka     Unspecified  (5122)    3711    3452    
   738 36.19 3.45 3.25          NC_058196.1   4799532   4800605 (28688113) +               Kuruka     Unspecified    3594    4669  (4164)    
  1523 35.73 2.48 2.57          NC_058196.1   4922071   4923199 (28565519) +               Kuruka     Unspecified    3459    4586  (4247)    
   234 26.68 2.15 3.26          NC_058196.1   5750180   5750272 (27738446) +               Kuruka     Unspecified    4295    4386  (4447)    
  1114 36.96 3.50 2.41          NC_058196.1   5867740   5869053 (27619665) C               Kuruka     Unspecified  (4069)    4764    3437    
   664 34.89 5.19 4.81          NC_058196.1   6188819   6189917 (27298801) C               Kuruka     Unspecified  (4279)    4554    3452    
  1056 37.35 3.50 2.41          NC_058196.1   7799517   7800830 (25687888) +               Kuruka     Unspecified    3437    4764  (4069)    
   314 34.56 1.04 1.04          NC_058196.1   8828180   8828372 (24660346) C               Kuruka     Unspecified  (4220)    4613    4421    
   436 32.10 2.80 2.80          NC_058196.1   8829078   8829327 (24659391) C               Kuruka     Unspecified  (5133)    3700    3451    
  2337 31.24 4.51 4.20          NC_058196.1   8881103   8882455 (24606263) +               Kuruka     Unspecified    3489    4845  (3988)    
   701 35.60 5.30 3.97          NC_058196.1   9322230   9323399 (24165319) C               Kuruka     Unspecified  (4198)    4635    3451    
   239 29.67 1.08 2.17          NC_058196.1   9390110   9390202 (24098516) C               Kuruka     Unspecified  (4456)    4377    4286    
  2019 31.87 2.59 2.21          NC_058196.1  10134971  10136051 (23352667) C               Kuruka     Unspecified  (4162)    4671    3587    
   653 35.45 5.64 4.30          NC_058196.1  10185754  10186923 (23301795) +               Kuruka     Unspecified    3451    4635  (4198)    
   480 34.68 2.00 1.13          NC_058196.1  10583929  10584278 (22904440) +               Kuruka     Unspecified    3486    3838  (4995)    
   254 27.16 0.00 0.00          NC_058196.1  10708304  10708384 (22780334) C               Kuruka     Unspecified  (5168)    3665    3585    
  2139 32.73 2.49 2.12          NC_058196.1  10771143  10772225 (22716493) C               Kuruka     Unspecified  (4162)    4671    3585    
  1150 35.65 3.13 3.04          NC_058196.1  11051445  11052627 (22436091) C               Kuruka     Unspecified  (4075)    4758    3575    
  1436 33.70 4.86 4.30          NC_058196.1  11087825  11089120 (22399598) C               Kuruka     Unspecified  (4069)    4764    3462    
   887 35.80 3.83 3.83          NC_058196.1  11405713  11406862 (22081856) C               Kuruka     Unspecified  (4069)    4764    3615    
  1534 35.31 2.14 2.14          NC_058196.1  11620265  11621387 (21867331) +               Kuruka     Unspecified    3486    4608  (4225)    
  1039 34.14 6.32 3.02          NC_058196.1  11784081  11785140 (21703578) +               Kuruka     Unspecified    3462    4555  (4278)    
   607 33.01 0.64 0.64          NC_058196.1  11826841  11827154 (21661564) +               Kuruka     Unspecified    3486    3799  (5034)    
   923 35.02 2.24 3.52          NC_058196.1  12220029  12220833 (21267885) +               Kuruka     Unspecified    3756    4550  (4283)    
   391 34.52 4.26 3.46          NC_058196.1  12439263  12439520 (21049198) C               Kuruka     Unspecified  (5122)    3711    3452    
   238 22.81 1.75 0.00          NC_058196.1  12462089  12462145 (21026573) C               Kuruka     Unspecified  (4825)    4008    3951    
   267 31.68 3.59 3.59          NC_058196.1  12462351  12462517 (21026201) C               Kuruka     Unspecified  (5084)    3749    3583    
   261 37.69 2.48 2.65          NC_058196.1  12513514  12514118 (20974600) +               Kuruka     Unspecified    3933    4536  (4297)    
  1117 36.87 2.53 2.81          NC_058196.1  12606599  12607667 (20881051) +               Kuruka     Unspecified    3579    4644  (4189)    
   936 34.57 3.15 3.47          NC_058196.1  12870551  12871533 (20617185) C               Kuruka     Unspecified  (4282)    4551    3572    
   359 33.04 2.65 3.57          NC_058196.1  13226232  13226457 (20262261) +               Kuruka     Unspecified    4173    4396  (4437)    
  1095 36.92 3.73 2.64          NC_058196.1  14200501  14201813 (19286905) +               Kuruka     Unspecified    3437    4763  (4070)    
   349 37.33 1.98 2.15          NC_058196.1  15101107  15101711 (18387007) C               Kuruka     Unspecified  (4297)    4536    3933    
   284 38.01 1.98 2.15          NC_058196.1  18481180  18481784 (15006934) +               Kuruka     Unspecified    3933    4536  (4297)    
   660 32.51 3.41 3.62          NC_058196.1  19648865  19649362 (13839356) C               Kuruka     Unspecified  (4220)    4613    4117    
   823 37.60 1.75 1.75          NC_058196.1  19649403  19650030 (13838688) C               Kuruka     Unspecified  (4712)    4121    3494    
   890 35.92 5.92 3.49          NC_058196.1  19799636  19800783 (13687935) C               Kuruka     Unspecified  (4161)    4672    3498    
   286 36.85 2.48 2.65          NC_058196.1  33431092  33431696  (57022) C               Kuruka     Unspecified  (4297)    4536    3933    
   335 33.02 4.55 4.55          NC_058197.1     77195     77524 (20675826) +               Kuruka     Unspecified    3504    3833  (5000)    
   430 33.43 4.29 4.82          NC_058197.1     77717     78112 (20675238) +               Kuruka     Unspecified    4026    4419  (4414)    
   251 34.21 6.22 6.22          NC_058197.1    101354    101964 (20651386) +               Kuruka     Unspecified    3546    4156  (4677)    
   282 34.77 2.76 3.24          NC_058197.1    208773    208989 (20544361) C               Kuruka     Unspecified  (4324)    4509    4294    
   257 30.72 3.77 3.77          NC_058197.1    227499    227657 (20525693) +               Kuruka     Unspecified    3583    3741  (5092)    
  1011 36.62 4.53 2.41          NC_058197.1    624616    625916 (20127434) C               Kuruka     Unspecified  (4069)    4764    3437    
  1552 34.71 2.62 3.00          NC_058197.1    963143    964247 (19789103) C               Kuruka     Unspecified  (4247)    4586    3486    
   761 36.09 3.45 3.25          NC_058197.1   1067751   1068824 (19684526) C               Kuruka     Unspecified  (4164)    4669    3594    
  1295 35.17 4.25 2.31          NC_058197.1   1107774   1108879 (19644471) +               Kuruka     Unspecified    3459    4585  (4248)    
   241 35.83 0.00 0.75          NC_058197.1   1200828   1200962 (19552388) +               Kuruka     Unspecified    4031    4164  (4669)    
   336 36.80 2.81 2.98          NC_058197.1   1254450   1255054 (19498296) +               Kuruka     Unspecified    3933    4536  (4297)    
   365 37.97 1.22 1.52          NC_058197.1   1507680   1508008 (19245342) C               Kuruka     Unspecified  (4198)    4635    4308    
   728 35.29 3.69 3.40          NC_058197.1   1508091   1508794 (19244556) C               Kuruka     Unspecified  (4689)    4144    3439    
  1083 37.20 3.50 2.41          NC_058197.1   1515748   1517061 (19236289) +               Kuruka     Unspecified    3437    4764  (4069)    
   680 34.98 4.01 4.28          NC_058197.1   1789640   1790810 (18962540) C               Kuruka     Unspecified  (4177)    4656    3489    
   864 36.36 2.75 3.20          NC_058197.1   1808155   1809063 (18944287) +               Kuruka     Unspecified    3611    4515  (4318)    
   276 26.32 5.00 5.00          NC_058197.1   1851915   1852034 (18901316) C               Kuruka     Unspecified  (5168)    3665    3546    
   925 37.22 3.58 2.48          NC_058197.1   2026410   2027723 (18725627) C               Kuruka     Unspecified  (4069)    4764    3437    
   225 34.15 3.89 4.85          NC_058197.1   2077591   2078027 (18675323) C               Kuruka     Unspecified  (4315)    4518    4086    
  1523 34.10 3.84 3.19          NC_058197.1   3785400   3786520 (16966830) +               Kuruka     Unspecified    3459    4586  (4247)    
  1292 33.72 5.27 3.55          NC_058197.1   4207109   4208132 (16545218) +               Kuruka     Unspecified    3462    4502  (4331)    
  1565 34.81 3.30 3.46          NC_058197.1   4325897   4327199 (16426151) C               Kuruka     Unspecified  (4074)    4759    3459    
  2318 32.32 2.67 2.20          NC_058197.1   4785154   4786238 (15967112) C               Kuruka     Unspecified  (4255)    4578    3489    
  2318 32.32 2.67 2.20          NC_058197.1   4947458   4948542 (15804808) C               Kuruka     Unspecified  (4255)    4578    3489    
  1000 36.12 3.94 2.35          NC_058197.1   5757578   5758541 (14994809) C               Kuruka     Unspecified  (4280)    4553    3575    
   928 35.56 1.88 2.41          NC_058197.1   5877706   5878290 (14875060) +               Kuruka     Unspecified    3575    4156  (4677)    
  2421 33.18 2.96 2.58          NC_058197.1   6211266   6212617 (14540733) C               Kuruka     Unspecified  (3988)    4845    3489    
  2393 32.93 2.46 2.03          NC_058197.1   6377027   6378204 (14375146) +               Kuruka     Unspecified    3489    4671  (4162)    
   465 34.57 2.73 3.58          NC_058197.1   6397013   6397378 (14355972) C               Kuruka     Unspecified  (4420)    4413    4051    
   240 30.31 0.00 1.01          NC_058197.1   6399321   6399420 (14353930) C               Kuruka     Unspecified  (3503)    5330    5232    
   570 35.65 2.83 3.20          NC_058197.1   6402743   6403307 (14350043) C               Kuruka     Unspecified  (4075)    4758    4196    
   319 35.90 3.14 3.31          NC_058197.1   7083601   7084205 (13669145) C               Kuruka     Unspecified  (4297)    4536    3933    
   330 37.50 1.98 2.15          NC_058197.1   7712353   7712957 (13040393) +               Kuruka     Unspecified    3933    4536  (4297)    
   440 35.74 1.77 2.13          NC_058197.1   8315373   8315655 (12437695) C               Kuruka     Unspecified  (4278)    4555    4274    
  1109 37.12 3.50 2.41          NC_058197.1   8824154   8825467 (11927883) C               Kuruka     Unspecified  (4069)    4764    3437    
   982 36.53 3.26 3.17          NC_058197.1  11619246  11620441 (9132909) C               Kuruka     Unspecified  (4198)    4635    3439    
   298 36.85 2.48 2.65          NC_058197.1  14233076  14233680 (6519670) +               Kuruka     Unspecified    3933    4536  (4297)    
   298 36.61 2.31 2.48          NC_058198.1   3607044   3607648 (20393139) C               Kuruka     Unspecified  (4297)    4536    3933    
   997 35.94 3.71 3.80          NC_058198.1   9954749   9955934 (14044853) C               Kuruka     Unspecified  (4198)    4635    3451    
   409 33.77 5.11 1.30          NC_058198.1  12932098  12932469 (11068318) +               Kuruka     Unspecified    4223    4608  (4225)    
  1000 34.22 3.07 3.07          NC_058198.1  13043994  13044611 (10956176) +               Kuruka     Unspecified    3459    4076  (4757)    
  1506 34.92 3.28 3.51          NC_058198.1  13884374  13885685 (10115102) C               Kuruka     Unspecified  (4066)    4767    3459    
   760 35.04 3.58 3.68          NC_058198.1  14061266  14062216 (9938571) +               Kuruka     Unspecified    3575    4524  (4309)    
  1516 35.17 2.82 3.31          NC_058198.1  14176930  14178205 (9822582) +               Kuruka     Unspecified    3490    4759  (4074)    
   435 32.89 0.00 0.00          NC_058198.1  14236383  14236531 (9764256) +               Kuruka     Unspecified    3594    3742  (5091)    
   432 36.45 2.92 3.06          NC_058198.1  14238193  14238911 (9761876) +               Kuruka     Unspecified    3952    4669  (4164)    
  2334 32.69 3.56 2.87          NC_058198.1  14344777  14346124 (9654663) +               Kuruka     Unspecified    3489    4845  (3988)    
  1153 35.03 3.67 4.02          NC_058198.1  14360645  14361816 (9638971) +               Kuruka     Unspecified    3489    4656  (4177)    
   323 36.00 3.17 3.17          NC_058198.1  14535495  14535778 (9465009) C               Kuruka     Unspecified  (4272)    4561    4278    
   686 35.85 4.30 4.06          NC_058198.1  14599578  14600461 (9400326) C               Kuruka     Unspecified  (4282)    4551    3666    
  1396 34.86 3.35 3.59          NC_058198.1  14668374  14669685 (9331102) C               Kuruka     Unspecified  (4066)    4767    3459    
  1012 34.17 3.78 4.46          NC_058198.1  14805839  14806763 (9194024) +               Kuruka     Unspecified    3459    4377  (4456)    
   417 33.73 4.26 3.46          NC_058198.1  14835106  14835363 (9165424) C               Kuruka     Unspecified  (5122)    3711    3452    
  2419 33.18 2.96 2.58          NC_058198.1  15120667  15122018 (8878769) C               Kuruka     Unspecified  (3988)    4845    3489    
   822 34.13 2.48 2.48          NC_058198.1  15184358  15184961 (8815826) +               Kuruka     Unspecified    3489    4092  (4741)    
  1960 32.67 2.31 1.84          NC_058198.1  15362869  15363950 (8636837) C               Kuruka     Unspecified  (4162)    4671    3585    
  1086 37.28 3.50 2.41          NC_058198.1  16253442  16254755 (7746032) +               Kuruka     Unspecified    3437    4764  (4069)    
  2306 33.39 2.04 1.61          NC_058198.1  16618069  16619246 (7381541) +               Kuruka     Unspecified    3489    4671  (4162)    
   369 37.62 1.74 3.02          NC_058198.1  16831130  16831532 (7169255) C               Kuruka     Unspecified  (4405)    4428    4031    
  2263 32.55 3.26 2.86          NC_058198.1  17486290  17487576 (6513211) +               Kuruka     Unspecified    3554    4845  (3988)    
  2349 32.90 3.11 2.71          NC_058198.1  17787693  17788979 (6211808) C               Kuruka     Unspecified  (3988)    4845    3554    
   335 33.50 2.65 3.57          NC_058198.1  18352225  18352450 (5648337) C               Kuruka     Unspecified  (4437)    4396    4173    
  1523 33.91 4.56 3.84          NC_058198.1  18429160  18430453 (5570334) +               Kuruka     Unspecified    3462    4764  (4069)    
  1322 33.39 4.51 3.81          NC_058198.1  18789224  18790266 (5210521) C               Kuruka     Unspecified  (4253)    4580    3531    
  1425 34.02 4.40 3.76          NC_058198.1  18912460  18913754 (5087033) C               Kuruka     Unspecified  (4069)    4764    3462    
   302 34.29 2.76 3.24          NC_058198.1  18939816  18940032 (5060755) C               Kuruka     Unspecified  (4324)    4509    4294    
  1439 34.21 4.26 3.38          NC_058198.1  19083828  19085119 (4915668) +               Kuruka     Unspecified    3462    4764  (4069)    
  2376 32.98 3.25 2.87          NC_058198.1  19430381  19431732 (4569055) +               Kuruka     Unspecified    3489    4845  (3988)    
  1143 36.07 2.86 3.05          NC_058198.1  20081159  20082276 (3918511) +               Kuruka     Unspecified    3436    4551  (4282)    
   338 33.08 0.00 0.00          NC_058198.1  20333225  20333354 (3667433) +               Kuruka     Unspecified    3580    3709  (5124)    
   605 36.62 2.98 3.13          NC_058198.1  20878420  20879090 (3121697) C               Kuruka     Unspecified  (4069)    4764    4095    
  1528 34.15 4.09 3.45          NC_058198.1  21034802  21036096 (2964691) +               Kuruka     Unspecified    3462    4764  (4069)    
  1047 36.68 3.58 2.48          NC_058198.1  21435265  21436578 (2564209) C               Kuruka     Unspecified  (4069)    4764    3437    
   970 35.62 3.85 3.76          NC_058198.1  21481618  21482813 (2517974) C               Kuruka     Unspecified  (4198)    4635    3439    
   385 32.75 6.15 2.18          NC_058198.1  21503752  21504060 (2496727) +               Kuruka     Unspecified    3511    3831  (5002)    
   482 36.81 4.31 2.89          NC_058198.1  21504185  21504833 (2495954) +               Kuruka     Unspecified    3954    4611  (4222)    
  1558 35.26 2.99 3.15          NC_058198.1  21841023  21842325 (2158462) C               Kuruka     Unspecified  (4074)    4759    3459    
   256 36.58 3.14 3.31          NC_058198.1  21899057  21899661 (2101126) +               Kuruka     Unspecified    3933    4536  (4297)    
   274 30.23 0.00 3.12          NC_058198.1  22036642  22036740 (1964047) +               Kuruka     Unspecified    3584    3679  (5154)    
  1473 34.17 1.76 1.02          NC_058198.1  22166513  22167192 (1833595) +               Kuruka     Unspecified    3975    4659  (4174)    
   972 36.64 3.34 3.26          NC_058198.1  22178785  22179980 (1820807) +               Kuruka     Unspecified    3439    4635  (4198)    
  1047 35.56 3.67 4.02          NC_058198.1  22209325  22210496 (1790291) +               Kuruka     Unspecified    3489    4656  (4177)    
   400 32.96 6.08 1.26          NC_058198.1  22363442  22363819 (1636968) +               Kuruka     Unspecified    3437    3832  (5001)    
  1623 34.64 2.69 2.88          NC_058198.1  22461635  22462713 (1538074) C               Kuruka     Unspecified  (4298)    4535    3459    
  1465 34.92 3.56 2.92          NC_058198.1  22504821  22506112 (1494675) C               Kuruka     Unspecified  (4075)    4758    3459    
   313 35.89 1.58 1.98          NC_058198.1  22509956  22510208 (1490579) C               Kuruka     Unspecified  (4288)    4545    4294    
   965 36.66 3.32 3.24          NC_058198.1  22997873  22999076 (1001711) C               Kuruka     Unspecified  (4190)    4643    3439    
  1950 33.16 2.12 2.03          NC_058198.1  23151826  23153007 (847780) +               Kuruka     Unspecified    3489    4671  (4162)    
   286 33.36 1.83 3.74          NC_058198.1  23161666  23161883 (838904) +               Kuruka     Unspecified    4173    4386  (4447)    
  1341 36.28 3.07 2.47          NC_058198.1  23580177  23581383 (419404) +               Kuruka     Unspecified    3459    4672  (4161)    
   624 34.55 3.84 3.25          NC_058198.1  23647709  23648411 (352376) +               Kuruka     Unspecified    3594    4300  (4533)    
  1069 36.07 4.03 2.94          NC_058198.1  23887846  23889159 (111628) C               Kuruka     Unspecified  (4069)    4764    3437    
   768 34.80 5.32 4.47          NC_058198.1  23963857  23964966  (35821) C               Kuruka     Unspecified  (4279)    4554    3436    
   977 35.88 3.85 3.76       NW_025408026.1     18379     19574  (12420) +               Kuruka     Unspecified    3439    4635  (4198)    
