   290 29.36 1.80 1.80           OX376696.1  12709074  12709184 (62070668) C               Kuruka     Unspecified  (4300)    4533    4423    
   290 29.36 1.80 1.80           OX376696.1  12756227  12756337 (62023515) C               Kuruka     Unspecified  (4300)    4533    4423    
   290 29.36 1.80 1.80           OX376696.1  12766647  12766757 (62013095) C               Kuruka     Unspecified  (4300)    4533    4423    
   267 36.71 2.06 2.48           OX376696.1  13942865  13943107 (60836745) +               Kuruka     Unspecified    4292    4533  (4300)    
   290 29.89 10.59 1.62           OX376696.1  15727271  15727440 (59052412) C               Kuruka     Unspecified  (4234)    4599    4415    
   290 29.89 10.59 1.62           OX376696.1  15732898  15733067 (59046785) C               Kuruka     Unspecified  (4234)    4599    4415    
   293 29.36 1.80 1.80           OX376696.1  17005093  17005203 (57774649) +               Kuruka     Unspecified    4423    4533  (4300)    
   260 33.55 5.40 2.45           OX376696.1  18533221  18533498 (56246354) +               Kuruka     Unspecified    3553    3838  (4995)    
   294 32.45 6.41 1.22           OX376696.1  18544354  18544587 (56235265) +               Kuruka     Unspecified    3593    3838  (4995)    
   250 27.16 0.00 0.00           OX376696.1  18550056  18550136 (56229716) +               Kuruka     Unspecified    3758    3838  (4995)    
   253 30.43 11.71 0.81           OX376696.1  18554693  18554914 (56224938) +               Kuruka     Unspecified    3593    3838  (4995)    
   253 30.43 11.71 0.81           OX376696.1  18559472  18559693 (56220159) +               Kuruka     Unspecified    3593    3838  (4995)    
   330 32.02 6.44 0.81           OX376696.1  18566694  18566926 (56212926) +               Kuruka     Unspecified    3593    3838  (4995)    
   303 31.94 6.05 1.54           OX376696.1  18573832  18574079 (56205773) +               Kuruka     Unspecified    3580    3838  (4995)    
   268 32.65 6.79 5.93           OX376696.1  18579931  18580298 (56199554) +               Kuruka     Unspecified    3468    3838  (4995)    
   550 38.17 2.56 1.35           OX376696.1  18580350  18580936 (56198916) +               Kuruka     Unspecified    3948    4541  (4292)    
   276 33.32 6.41 1.22           OX376696.1  18604116  18604349 (56175503) +               Kuruka     Unspecified    3593    3838  (4995)    
   270 33.32 6.41 1.22           OX376696.1  18610450  18610683 (56169169) +               Kuruka     Unspecified    3593    3838  (4995)    
   501 38.12 2.91 1.35           OX376696.1  18610796  18611380 (56168472) +               Kuruka     Unspecified    3948    4541  (4292)    
   270 33.32 6.41 1.22           OX376696.1  18616124  18616357 (56163495) +               Kuruka     Unspecified    3593    3838  (4995)    
   608 37.59 2.37 1.85           OX376696.1  18616470  18617060 (56162792) +               Kuruka     Unspecified    3948    4541  (4292)    
   243 33.74 6.41 1.22           OX376696.1  18621689  18621922 (56157930) +               Kuruka     Unspecified    3593    3838  (4995)    
   599 37.24 2.05 2.23           OX376696.1  18622045  18622629 (56157223) +               Kuruka     Unspecified    3958    4541  (4292)    
   292 32.06 6.79 5.93           OX376696.1  18635510  18635877 (56143975) +               Kuruka     Unspecified    3468    3838  (4995)    
   281 32.35 6.79 5.93           OX376696.1  18642629  18642996 (56136856) +               Kuruka     Unspecified    3468    3838  (4995)    
   273 32.88 6.41 1.22           OX376696.1  18649346  18649579 (56130273) +               Kuruka     Unspecified    3593    3838  (4995)    
   282 33.18 5.40 2.45           OX376696.1  18664902  18665179 (56114673) +               Kuruka     Unspecified    3553    3838  (4995)    
   269 33.55 5.40 2.45           OX376696.1  18671435  18671712 (56108140) +               Kuruka     Unspecified    3553    3838  (4995)    
   276 31.03 2.52 2.52           OX376696.1  18717437  18717555 (56062297) C               Kuruka     Unspecified  (4300)    4533    4415    
   276 31.03 2.52 2.52           OX376696.1  18723166  18723284 (56056568) C               Kuruka     Unspecified  (4300)    4533    4415    
   276 31.03 2.52 2.52           OX376696.1  18729034  18729152 (56050700) C               Kuruka     Unspecified  (4300)    4533    4415    
   290 29.36 1.80 1.80           OX376696.1  19076368  19076478 (55703374) +               Kuruka     Unspecified    4423    4533  (4300)    
   290 29.36 1.80 1.80           OX376696.1  19081654  19081764 (55698088) +               Kuruka     Unspecified    4423    4533  (4300)    
   276 29.89 10.59 1.62           OX376696.1  19139395  19139564 (55640288) +               Kuruka     Unspecified    4415    4599  (4234)    
   276 29.89 10.59 1.62           OX376696.1  19147776  19147945 (55631907) +               Kuruka     Unspecified    4415    4599  (4234)    
   268 31.35 9.41 0.54           OX376696.1  19241159  19241328 (55538524) C               Kuruka     Unspecified  (4234)    4599    4415    
   290 29.36 1.80 1.80           OX376696.1  20273567  20273677 (54506175) +               Kuruka     Unspecified    4423    4533  (4300)    
   290 29.36 1.80 1.80           OX376696.1  20287041  20287151 (54492701) +               Kuruka     Unspecified    4423    4533  (4300)    
   276 29.89 10.59 1.62           OX376696.1  20293826  20293995 (54485857) C               Kuruka     Unspecified  (4234)    4599    4415    
   237 30.49 10.59 1.62           OX376696.1  20305000  20305169 (54474683) C               Kuruka     Unspecified  (4234)    4599    4415    
   235 28.35 5.67 4.93           OX376696.1  20585789  20585929 (54193923) C               Kuruka     Unspecified  (4581)    4252    4111    
   292 32.24 3.70 3.16           OX376696.1  20589418  20589606 (54190246) C               Kuruka     Unspecified  (4581)    4252    4063    
   292 32.24 3.70 3.16           OX376696.1  20593144  20593332 (54186520) C               Kuruka     Unspecified  (4581)    4252    4063    
   251 34.35 3.62 3.28           OX376696.1  20600708  20601011 (54178841) C               Kuruka     Unspecified  (4581)    4252    3948    
   292 32.24 3.70 3.16           OX376696.1  20604780  20604968 (54174884) C               Kuruka     Unspecified  (4581)    4252    4063    
   250 25.88 5.93 5.04           OX376696.1  20608829  20608946 (54170906) C               Kuruka     Unspecified  (4581)    4252    4134    
   274 31.31 4.23 3.68           OX376696.1  20611639  20611827 (54168025) C               Kuruka     Unspecified  (4581)    4252    4063    
   280 31.31 4.23 3.68           OX376696.1  20615703  20615891 (54163961) C               Kuruka     Unspecified  (4581)    4252    4063    
   225 36.27 3.29 2.95           OX376696.1  20623543  20623846 (54156006) C               Kuruka     Unspecified  (4581)    4252    3948    
   234 25.86 0.00 0.00           OX376696.1  20627699  20627756 (54152096) C               Kuruka     Unspecified  (4581)    4252    4195    
   267 27.42 5.08 4.20           OX376696.1  20627794  20627911 (54151941) C               Kuruka     Unspecified  (4581)    4252    4134    
   234 25.86 0.00 0.00           OX376696.1  20631217  20631274 (54148578) C               Kuruka     Unspecified  (4581)    4252    4195    
   267 27.42 5.08 4.20           OX376696.1  20631312  20631429 (54148423) C               Kuruka     Unspecified  (4581)    4252    4134    
   269 27.82 5.00 4.13           OX376696.1  20634716  20634835 (54145017) C               Kuruka     Unspecified  (4581)    4252    4132    
   267 27.42 5.08 4.20           OX376696.1  20637899  20638016 (54141836) C               Kuruka     Unspecified  (4581)    4252    4134    
   280 31.31 4.23 3.68           OX376696.1  20641193  20641381 (54138471) C               Kuruka     Unspecified  (4581)    4252    4063    
   303 32.24 3.70 3.16           OX376696.1  20645168  20645356 (54134496) C               Kuruka     Unspecified  (4581)    4252    4063    
   257 31.86 4.23 3.68           OX376696.1  20649459  20649647 (54130205) C               Kuruka     Unspecified  (4581)    4252    4063    
   234 25.86 0.00 0.00           OX376696.1  20653744  20653801 (54126051) C               Kuruka     Unspecified  (4581)    4252    4195    
   257 31.86 4.23 3.68           OX376696.1  20657087  20657275 (54122577) C               Kuruka     Unspecified  (4581)    4252    4063    
   234 25.86 0.00 0.00           OX376696.1  20660842  20660899 (54118953) C               Kuruka     Unspecified  (4581)    4252    4195    
   234 25.86 0.00 0.00           OX376696.1  20664214  20664271 (54115581) C               Kuruka     Unspecified  (4581)    4252    4195    
   280 31.31 4.23 3.68           OX376696.1  20667586  20667774 (54112078) C               Kuruka     Unspecified  (4581)    4252    4063    
   277 32.40 4.30 2.11           OX376696.1  20671588  20671773 (54108079) C               Kuruka     Unspecified  (4581)    4252    4063    
   277 32.40 4.30 2.11           OX376696.1  20675697  20675882 (54103970) C               Kuruka     Unspecified  (4581)    4252    4063    
   277 32.40 4.30 2.11           OX376696.1  20680114  20680299 (54099553) C               Kuruka     Unspecified  (4581)    4252    4063    
   267 27.42 5.08 4.20           OX376696.1  20687979  20688096 (54091756) C               Kuruka     Unspecified  (4581)    4252    4134    
   275 31.31 4.23 3.68           OX376696.1  20691637  20691825 (54088027) C               Kuruka     Unspecified  (4581)    4252    4063    
   253 32.02 4.84 2.63           OX376696.1  20699537  20699722 (54080130) C               Kuruka     Unspecified  (4581)    4252    4063    
   305 28.71 10.65 1.08           OX376696.1  21634329  21634497 (53145355) C               Kuruka     Unspecified  (4234)    4599    4415    
   250 30.49 10.59 1.62           OX376696.1  22028097  22028266 (52751586) C               Kuruka     Unspecified  (4234)    4599    4415    
   310 28.71 10.59 1.62           OX376696.1  22070873  22071042 (52708810) +               Kuruka     Unspecified    4415    4599  (4234)    
   310 28.71 10.59 1.62           OX376696.1  22096616  22096785 (52683067) +               Kuruka     Unspecified    4415    4599  (4234)    
   269 29.89 10.59 1.62           OX376696.1  22112694  22112863 (52666989) +               Kuruka     Unspecified    4415    4599  (4234)    
   290 29.29 10.59 1.62           OX376696.1  22137844  22138013 (52641839) +               Kuruka     Unspecified    4415    4599  (4234)    
   290 29.29 10.59 1.62           OX376696.1  22152137  22152306 (52627546) +               Kuruka     Unspecified    4415    4599  (4234)    
   241 24.51 14.71 0.00           OX376696.1  22154631  22154732 (52625120) +               Kuruka     Unspecified    4483    4599  (4234)    
   290 29.29 10.59 1.62           OX376696.1  22162491  22162660 (52617192) +               Kuruka     Unspecified    4415    4599  (4234)    
   241 24.51 14.71 0.00           OX376696.1  22164985  22165086 (52614766) +               Kuruka     Unspecified    4483    4599  (4234)    
   290 29.29 10.59 1.62           OX376696.1  22190489  22190658 (52589194) +               Kuruka     Unspecified    4415    4599  (4234)    
   290 29.29 10.59 1.62           OX376696.1  22243797  22243966 (52535886) C               Kuruka     Unspecified  (4234)    4599    4415    
   254 30.49 10.59 1.62           OX376696.1  22913458  22913627 (51866225) C               Kuruka     Unspecified  (4234)    4599    4415    
   290 29.36 1.80 1.80           OX376696.1  23088158  23088268 (51691584) C               Kuruka     Unspecified  (4300)    4533    4423    
   300 29.36 1.80 1.80           OX376696.1  24241339  24241449 (50538403) +               Kuruka     Unspecified    4423    4533  (4300)    
   290 29.36 1.80 1.80           OX376696.1  25574252  25574362 (49205490) C               Kuruka     Unspecified  (4300)    4533    4423    
   242 30.49 10.59 1.62           OX376696.1  26563529  26563698 (48216154) +               Kuruka     Unspecified    4415    4599  (4234)    
   276 31.03 2.52 2.52           OX376696.1  27247773  27247891 (47531961) +               Kuruka     Unspecified    4415    4533  (4300)    
   276 31.03 2.52 2.52           OX376696.1  27253319  27253437 (47526415) +               Kuruka     Unspecified    4415    4533  (4300)    
   276 31.03 2.52 2.52           OX376696.1  27266019  27266137 (47513715) +               Kuruka     Unspecified    4415    4533  (4300)    
   276 31.03 2.52 2.52           OX376696.1  27271565  27271683 (47508169) +               Kuruka     Unspecified    4415    4533  (4300)    
   288 30.83 8.86 2.70           OX376696.1  27944031  27944380 (46835472) +               Kuruka     Unspecified    3468    3838  (4995)    
   516 39.28 1.01 1.18           OX376696.1  27944493  27945087 (46834765) +               Kuruka     Unspecified    3948    4541  (4292)    
   236 14.30 3.85 5.88           OX376696.1  28049832  28049883 (46729969) +               Kuruka     Unspecified    1307    1357  (7476)    
   236 14.30 3.85 5.88           OX376696.1  28054721  28054772 (46725080) +               Kuruka     Unspecified    1307    1357  (7476)    
   290 29.36 1.80 1.80           OX376696.1  28079915  28080025 (46699827) +               Kuruka     Unspecified    4423    4533  (4300)    
   290 29.29 10.59 1.62           OX376696.1  28138281  28138450 (46641402) C               Kuruka     Unspecified  (4234)    4599    4415    
   314 27.53 1.80 1.80           OX376696.1  28214161  28214271 (46565581) +               Kuruka     Unspecified    4423    4533  (4300)    
   290 29.29 10.59 1.62           OX376696.1  28278690  28278859 (46500993) C               Kuruka     Unspecified  (4234)    4599    4415    
   255 30.49 10.59 1.62           OX376696.1  28474883  28475052 (46304800) C               Kuruka     Unspecified  (4234)    4599    4415    
   296 28.11 10.59 1.62           OX376696.1  29080210  29080379 (45699473) +               Kuruka     Unspecified    4415    4599  (4234)    
   296 28.11 10.59 1.62           OX376696.1  29085822  29085991 (45693861) +               Kuruka     Unspecified    4415    4599  (4234)    
   236 29.06 11.18 1.70           OX376696.1  29517693  29517853 (45261999) C               Kuruka     Unspecified  (4234)    4599    4424    
   236 29.06 11.18 1.70           OX376696.1  29537307  29537467 (45242385) C               Kuruka     Unspecified  (4234)    4599    4424    
   263 28.89 5.92 7.83           OX376696.1  30581503  30581671 (44198181) +               Kuruka     Unspecified    4286    4451  (4382)    
   247 23.53 1.45 1.45           OX376696.1  30592290  30592358 (44187494) +               Kuruka     Unspecified    4286    4354  (4479)    
   269 28.89 5.92 7.83           OX376696.1  30597896  30598064 (44181788) +               Kuruka     Unspecified    4286    4451  (4382)    
   291 28.25 5.92 7.83           OX376696.1  30603569  30603737 (44176115) +               Kuruka     Unspecified    4286    4451  (4382)    
   247 23.53 1.45 1.45           OX376696.1  30609216  30609284 (44170568) +               Kuruka     Unspecified    4286    4354  (4479)    
   269 28.89 5.92 7.83           OX376696.1  30614463  30614631 (44165221) +               Kuruka     Unspecified    4286    4451  (4382)    
   236 29.38 6.13 8.12           OX376696.1  30620086  30620248 (44159604) +               Kuruka     Unspecified    4292    4451  (4382)    
   247 23.53 1.45 1.45           OX376696.1  30625723  30625791 (44154061) +               Kuruka     Unspecified    4286    4354  (4479)    
   279 28.89 5.92 7.83           OX376696.1  30631809  30631977 (44147875) +               Kuruka     Unspecified    4286    4451  (4382)    
   290 28.25 5.92 7.83           OX376696.1  30638000  30638168 (44141684) +               Kuruka     Unspecified    4286    4451  (4382)    
   290 29.29 10.59 1.62           OX376696.1  31224484  31224653 (43555199) C               Kuruka     Unspecified  (4234)    4599    4415    
   270 30.27 1.80 1.80           OX376696.1  32345155  32345265 (42434587) C               Kuruka     Unspecified  (4300)    4533    4423    
   287 36.98 1.65 2.07           OX376696.1  33279939  33280181 (41499671) +               Kuruka     Unspecified    4292    4533  (4300)    
   287 36.98 1.65 2.07           OX376696.1  33285265  33285507 (41494345) +               Kuruka     Unspecified    4292    4533  (4300)    
   250 37.13 2.07 2.07           OX376696.1  33291693  33291934 (41487918) +               Kuruka     Unspecified    4292    4533  (4300)    
   284 29.29 10.59 1.62           OX376696.1  33951137  33951306 (40828546) +               Kuruka     Unspecified    4415    4599  (4234)    
   269 29.89 10.59 1.62           OX376696.1  33956736  33956905 (40822947) +               Kuruka     Unspecified    4415    4599  (4234)    
   277 26.60 11.76 2.70           OX376696.1  33960654  33960823 (40819029) +               Kuruka     Unspecified    4415    4599  (4234)    
   269 29.89 10.59 1.62           OX376696.1  33964566  33964735 (40815117) +               Kuruka     Unspecified    4415    4599  (4234)    
   269 29.89 10.59 1.62           OX376696.1  33968474  33968643 (40811209) +               Kuruka     Unspecified    4415    4599  (4234)    
   276 31.03 2.52 2.52           OX376696.1  34893721  34893839 (39886013) +               Kuruka     Unspecified    4415    4533  (4300)    
   290 29.36 1.80 1.80           OX376696.1  37403205  37403315 (37376537) C               Kuruka     Unspecified  (4300)    4533    4423    
   277 29.89 10.59 1.62           OX376696.1  38201809  38201978 (36577874) C               Kuruka     Unspecified  (4234)    4599    4415    
   255 30.49 10.59 1.62           OX376696.1  38261619  38261788 (36518064) C               Kuruka     Unspecified  (4234)    4599    4415    
   290 29.29 10.59 1.62           OX376696.1  39390743  39390912 (35388940) C               Kuruka     Unspecified  (4234)    4599    4415    
   284 29.29 10.59 1.62           OX376696.1  40494556  40494725 (34285127) C               Kuruka     Unspecified  (4234)    4599    4415    
   276 31.03 2.52 2.52           OX376696.1  40567344  40567462 (34212390) +               Kuruka     Unspecified    4415    4533  (4300)    
   276 31.03 2.52 2.52           OX376696.1  40575130  40575248 (34204604) +               Kuruka     Unspecified    4415    4533  (4300)    
   276 31.03 2.52 2.52           OX376696.1  40579808  40579926 (34199926) +               Kuruka     Unspecified    4415    4533  (4300)    
   290 29.36 1.80 1.80           OX376696.1  40614828  40614938 (34164914) +               Kuruka     Unspecified    4423    4533  (4300)    
   277 29.89 10.59 1.62           OX376696.1  40782112  40782281 (33997571) +               Kuruka     Unspecified    4415    4599  (4234)    
   290 29.36 1.80 1.80           OX376696.1  40843453  40843563 (33936289) C               Kuruka     Unspecified  (4300)    4533    4423    
   271 31.03 2.52 2.52           OX376696.1  42102601  42102719 (32677133) C               Kuruka     Unspecified  (4300)    4533    4415    
   239 31.07 1.90 1.90           OX376696.1  42352205  42352309 (32427543) C               Kuruka     Unspecified  (4300)    4533    4429    
   290 29.36 1.80 1.80           OX376696.1  42378097  42378207 (32401645) +               Kuruka     Unspecified    4423    4533  (4300)    
   290 29.36 1.80 1.80           OX376696.1  42383319  42383429 (32396423) +               Kuruka     Unspecified    4423    4533  (4300)    
   296 29.36 1.80 1.80           OX376696.1  42388554  42388664 (32391188) +               Kuruka     Unspecified    4423    4533  (4300)    
   282 30.27 1.80 1.80           OX376696.1  43113625  43113735 (31666117) +               Kuruka     Unspecified    4423    4533  (4300)    
   259 28.89 5.92 7.83           OX376696.1  43308993  43309161 (31470691) C               Kuruka     Unspecified  (4382)    4451    4286    
   270 28.25 5.92 7.83           OX376696.1  43311257  43311425 (31468427) C               Kuruka     Unspecified  (4382)    4451    4286    
   291 27.60 5.92 7.83           OX376696.1  43342321  43342489 (31437363) C               Kuruka     Unspecified  (4382)    4451    4286    
   296 27.60 5.92 7.83           OX376696.1  43380300  43380468 (31399384) C               Kuruka     Unspecified  (4382)    4451    4286    
   290 29.36 1.80 1.80           OX376696.1  44100452  44100562 (30679290) C               Kuruka     Unspecified  (4300)    4533    4423    
   290 29.36 1.80 1.80           OX376696.1  45263601  45263711 (29516141) C               Kuruka     Unspecified  (4300)    4533    4423    
   290 29.36 1.80 1.80           OX376696.1  45268884  45268994 (29510858) C               Kuruka     Unspecified  (4300)    4533    4423    
   290 29.36 1.80 1.80           OX376696.1  45433382  45433492 (29346360) +               Kuruka     Unspecified    4423    4533  (4300)    
   290 29.36 1.80 1.80           OX376696.1  45438649  45438759 (29341093) +               Kuruka     Unspecified    4423    4533  (4300)    
   290 29.36 1.80 1.80           OX376696.1  45443916  45444026 (29335826) +               Kuruka     Unspecified    4423    4533  (4300)    
   290 29.36 1.80 1.80           OX376696.1  45728283  45728393 (29051459) C               Kuruka     Unspecified  (4300)    4533    4423    
   228 26.15 1.03 5.38           OX376696.1  46329553  46329649 (28450203) +               Kuruka     Unspecified    4282    4374  (4459)    
   228 26.15 1.03 5.38           OX376696.1  46336104  46336200 (28443652) +               Kuruka     Unspecified    4282    4374  (4459)    
   228 26.15 1.03 5.38           OX376696.1  46342597  46342693 (28437159) +               Kuruka     Unspecified    4282    4374  (4459)    
   245 30.49 10.59 1.62           OX376696.1  46668423  46668592 (28111260) +               Kuruka     Unspecified    4415    4599  (4234)    
   290 29.29 10.59 1.62           OX376696.1  46712712  46712881 (28066971) C               Kuruka     Unspecified  (4234)    4599    4415    
   269 29.89 10.59 1.62           OX376696.1  46721574  46721743 (28058109) C               Kuruka     Unspecified  (4234)    4599    4415    
   305 28.71 10.59 1.62           OX376696.1  46729681  46729850 (28050002) +               Kuruka     Unspecified    4415    4599  (4234)    
   290 29.36 1.80 1.80           OX376696.1  46739425  46739535 (28040317) C               Kuruka     Unspecified  (4300)    4533    4423    
   290 29.29 10.59 1.62           OX376696.1  46768830  46768999 (28010853) +               Kuruka     Unspecified    4415    4599  (4234)    
   290 29.36 1.80 1.80           OX376696.1  46778426  46778536 (28001316) C               Kuruka     Unspecified  (4300)    4533    4423    
   290 29.29 10.59 1.62           OX376696.1  46808636  46808805 (27971047) +               Kuruka     Unspecified    4415    4599  (4234)    
   290 29.29 10.59 1.62           OX376696.1  46814720  46814889 (27964963) +               Kuruka     Unspecified    4415    4599  (4234)    
   272 31.32 9.25 2.16           OX376696.1  46834343  46834515 (27945337) C               Kuruka     Unspecified  (4234)    4599    4415    
   311 32.04 4.53 4.96           OX376696.1  46864343  46864585 (27915267) +               Kuruka     Unspecified    4292    4533  (4300)    
   305 35.60 2.47 2.89           OX376696.1  46872902  46873144 (27906708) +               Kuruka     Unspecified    4292    4533  (4300)    
   318 36.56 1.65 2.07           OX376696.1  46932327  46932569 (27847283) C               Kuruka     Unspecified  (4300)    4533    4292    
   293 30.72 9.25 2.16           OX376696.1  47209407  47209579 (27570273) +               Kuruka     Unspecified    4415    4599  (4234)    
   290 29.36 1.80 1.80           OX376696.1  48614402  48614512 (26165340) C               Kuruka     Unspecified  (4300)    4533    4423    
   287 28.40 0.00 0.00           OX376696.1  50257478  50257558 (24522294) +               Kuruka     Unspecified    4266    4346  (4487)    
   278 30.32 0.74 3.01           OX376696.1  50261266  50261401 (24518451) +               Kuruka     Unspecified    4223    4355  (4478)    
   278 30.32 0.74 3.01           OX376696.1  50265980  50266115 (24513737) +               Kuruka     Unspecified    4223    4355  (4478)    
   300 29.57 0.74 3.01           OX376696.1  50270779  50270914 (24508938) +               Kuruka     Unspecified    4223    4355  (4478)    
   300 29.57 0.74 3.01           OX376696.1  50275484  50275619 (24504233) +               Kuruka     Unspecified    4223    4355  (4478)    
   300 29.57 0.74 3.01           OX376696.1  50279947  50280082 (24499770) +               Kuruka     Unspecified    4223    4355  (4478)    
   300 29.57 0.74 3.01           OX376696.1  50284749  50284884 (24494968) +               Kuruka     Unspecified    4223    4355  (4478)    
   300 29.57 0.74 3.01           OX376696.1  50289564  50289699 (24490153) +               Kuruka     Unspecified    4223    4355  (4478)    
   300 29.57 0.74 3.01           OX376696.1  50294317  50294452 (24485400) +               Kuruka     Unspecified    4223    4355  (4478)    
   300 29.57 0.74 3.01           OX376696.1  50298043  50298178 (24481674) +               Kuruka     Unspecified    4223    4355  (4478)    
   300 29.57 0.74 3.01           OX376696.1  50301778  50301913 (24477939) +               Kuruka     Unspecified    4223    4355  (4478)    
   300 29.57 0.74 3.01           OX376696.1  50305507  50305642 (24474210) +               Kuruka     Unspecified    4223    4355  (4478)    
   300 29.57 0.74 3.01           OX376696.1  50309241  50309376 (24470476) +               Kuruka     Unspecified    4223    4355  (4478)    
   317 28.81 0.74 3.01           OX376696.1  50312977  50313112 (24466740) +               Kuruka     Unspecified    4223    4355  (4478)    
   304 29.57 0.74 3.01           OX376696.1  50316714  50316849 (24463003) +               Kuruka     Unspecified    4223    4355  (4478)    
   304 29.57 0.74 3.01           OX376696.1  50320443  50320578 (24459274) +               Kuruka     Unspecified    4223    4355  (4478)    
   304 29.57 0.74 3.01           OX376696.1  50324180  50324315 (24455537) +               Kuruka     Unspecified    4223    4355  (4478)    
   304 29.57 0.74 3.01           OX376696.1  50327914  50328049 (24451803) +               Kuruka     Unspecified    4223    4355  (4478)    
   304 29.57 0.74 3.01           OX376696.1  50331648  50331783 (24448069) +               Kuruka     Unspecified    4223    4355  (4478)    
   288 29.80 1.47 3.76           OX376696.1  50335342  50335477 (24444375) +               Kuruka     Unspecified    4223    4355  (4478)    
   288 29.80 1.47 3.76           OX376696.1  50341522  50341657 (24438195) +               Kuruka     Unspecified    4223    4355  (4478)    
   288 29.80 1.47 3.76           OX376696.1  50345260  50345395 (24434457) +               Kuruka     Unspecified    4223    4355  (4478)    
   288 29.80 1.47 3.76           OX376696.1  50348998  50349133 (24430719) +               Kuruka     Unspecified    4223    4355  (4478)    
   288 29.80 1.47 3.76           OX376696.1  50355108  50355243 (24424609) +               Kuruka     Unspecified    4223    4355  (4478)    
   288 29.80 1.47 3.76           OX376696.1  50361215  50361350 (24418502) +               Kuruka     Unspecified    4223    4355  (4478)    
   275 22.06 1.45 1.45           OX376696.1  51298035  51298103 (23481749) C               Kuruka     Unspecified  (4479)    4354    4286    
   290 29.36 1.80 1.80           OX376696.1  53129315  53129425 (21650427) C               Kuruka     Unspecified  (4300)    4533    4423    
   290 29.36 1.80 1.80           OX376696.1  53140315  53140425 (21639427) C               Kuruka     Unspecified  (4300)    4533    4423    
   290 29.36 1.80 1.80           OX376696.1  53216732  53216842 (21563010) C               Kuruka     Unspecified  (4300)    4533    4423    
   264 30.27 1.80 1.80           OX376696.1  53320904  53321014 (21458838) +               Kuruka     Unspecified    4423    4533  (4300)    
   290 29.29 10.59 1.62           OX376696.1  53467195  53467364 (21312488) C               Kuruka     Unspecified  (4234)    4599    4415    
   269 29.89 10.59 1.62           OX376696.1  53489621  53489790 (21290062) +               Kuruka     Unspecified    4415    4599  (4234)    
   269 29.89 10.59 1.62           OX376696.1  53495082  53495251 (21284601) +               Kuruka     Unspecified    4415    4599  (4234)    
   269 29.89 10.59 1.62           OX376696.1  53568539  53568708 (21211144) +               Kuruka     Unspecified    4415    4599  (4234)    
   290 29.36 1.80 1.80           OX376696.1  54547517  54547627 (20232225) C               Kuruka     Unspecified  (4300)    4533    4423    
   278 30.27 1.80 1.80           OX376696.1  54563192  54563302 (20216550) +               Kuruka     Unspecified    4423    4533  (4300)    
   290 29.29 10.59 1.62           OX376696.1  54725708  54725877 (20053975) C               Kuruka     Unspecified  (4234)    4599    4415    
   290 29.29 10.59 1.62           OX376696.1  54732733  54732902 (20046950) C               Kuruka     Unspecified  (4234)    4599    4415    
   290 29.29 10.59 1.62           OX376696.1  54737914  54738083 (20041769) C               Kuruka     Unspecified  (4234)    4599    4415    
   290 29.29 10.59 1.62           OX376696.1  54744908  54745077 (20034775) C               Kuruka     Unspecified  (4234)    4599    4415    
   297 30.76 9.41 0.54           OX376696.1  54750088  54750257 (20029595) C               Kuruka     Unspecified  (4234)    4599    4415    
   290 29.36 1.80 1.80           OX376696.1  54975000  54975110 (19804742) C               Kuruka     Unspecified  (4300)    4533    4423    
   240 31.43 1.87 1.87           OX376696.1  55655022  55655128 (19124724) +               Kuruka     Unspecified    4427    4533  (4300)    
   243 30.49 10.59 1.62           OX376696.1  56041058  56041227 (18738625) C               Kuruka     Unspecified  (4234)    4599    4415    
   245 30.27 1.80 1.80           OX376696.1  60165269  60165379 (14614473) +               Kuruka     Unspecified    4423    4533  (4300)    
   300 29.36 1.80 1.80           OX376696.1  60629903  60630013 (14149839) C               Kuruka     Unspecified  (4300)    4533    4423    
   300 29.36 1.80 1.80           OX376696.1  62057684  62057794 (12722058) C               Kuruka     Unspecified  (4300)    4533    4423    
   296 29.36 1.80 1.80           OX376696.1  67458737  67458847 (7321005) +               Kuruka     Unspecified    4423    4533  (4300)    
   237 18.64 3.28 3.28           OX376697.1   6394759   6394819 (44581036) +               Kuruka     Unspecified    3292    3352  (5481)    
   261 35.76 1.71 4.39           OX376697.1  14740135  14740368 (36235487) C               Kuruka     Unspecified  (4157)    4676    4449    
   255 30.49 10.59 1.62           OX376697.1  15344566  15344735 (35631120) C               Kuruka     Unspecified  (4234)    4599    4415    
   269 29.89 10.59 1.62           OX376697.1  15377506  15377675 (35598180) +               Kuruka     Unspecified    4415    4599  (4234)    
   303 27.60 5.92 7.83           OX376697.1  15503799  15503967 (35471888) C               Kuruka     Unspecified  (4382)    4451    4286    
   290 29.29 10.59 1.62           OX376697.1  15687457  15687626 (35288229) C               Kuruka     Unspecified  (4234)    4599    4415    
   290 29.29 10.59 1.62           OX376697.1  15794367  15794536 (35181319) +               Kuruka     Unspecified    4415    4599  (4234)    
   290 29.29 10.59 1.62           OX376697.1  15799958  15800127 (35175728) +               Kuruka     Unspecified    4415    4599  (4234)    
   276 29.89 10.59 1.62           OX376697.1  15805566  15805735 (35170120) +               Kuruka     Unspecified    4415    4599  (4234)    
   289 29.36 1.80 1.80           OX376697.1  15856133  15856243 (35119612) C               Kuruka     Unspecified  (4300)    4533    4423    
   289 29.36 1.80 1.80           OX376697.1  15861419  15861529 (35114326) C               Kuruka     Unspecified  (4300)    4533    4423    
   289 29.36 1.80 1.80           OX376697.1  15866675  15866785 (35109070) C               Kuruka     Unspecified  (4300)    4533    4423    
   267 36.87 2.47 2.89           OX376697.1  15913812  15914054 (35061801) C               Kuruka     Unspecified  (4300)    4533    4292    
   267 36.87 2.47 2.89           OX376697.1  15922564  15922806 (35053049) C               Kuruka     Unspecified  (4300)    4533    4292    
   279 31.03 2.52 2.52           OX376697.1  15955272  15955390 (35020465) C               Kuruka     Unspecified  (4300)    4533    4415    
   290 29.29 10.59 1.62           OX376697.1  16805091  16805260 (34170595) +               Kuruka     Unspecified    4415    4599  (4234)    
   305 25.00 3.45 3.45           OX376697.1  18425871  18425986 (32549869) C               Kuruka     Unspecified  (4500)    4333    4218    
   290 29.36 1.80 1.80           OX376697.1  21929900  21930010 (29045845) +               Kuruka     Unspecified    4423    4533  (4300)    
   242 32.22 0.00 0.00           OX376697.1  22236883  22236972 (28738883) +               Kuruka     Unspecified    4266    4355  (4478)    
   274 28.25 5.92 7.83           OX376697.1  23048979  23049147 (27926708) C               Kuruka     Unspecified  (4382)    4451    4286    
   274 28.25 5.92 7.83           OX376697.1  23055641  23055809 (27920046) C               Kuruka     Unspecified  (4382)    4451    4286    
   281 28.71 5.33 7.23           OX376697.1  23526575  23526743 (27449112) C               Kuruka     Unspecified  (4382)    4451    4286    
   290 29.36 1.80 1.80           OX376697.1  24289739  24289849 (26686006) +               Kuruka     Unspecified    4423    4533  (4300)    
   290 29.36 1.80 1.80           OX376697.1  24360244  24360354 (26615501) C               Kuruka     Unspecified  (4300)    4533    4423    
   276 31.03 2.52 2.52           OX376697.1  24535757  24535875 (26439980) C               Kuruka     Unspecified  (4300)    4533    4415    
   290 29.29 10.59 1.62           OX376697.1  24541228  24541397 (26434458) C               Kuruka     Unspecified  (4234)    4599    4415    
   290 29.29 10.59 1.62           OX376697.1  24546750  24546919 (26428936) C               Kuruka     Unspecified  (4234)    4599    4415    
   272 28.89 5.92 7.83           OX376697.1  24607863  24608031 (26367824) +               Kuruka     Unspecified    4286    4451  (4382)    
   315 28.48 0.79 3.23           OX376697.1  24761560  24761686 (26214169) +               Kuruka     Unspecified    4223    4346  (4487)    
   318 32.49 2.96 2.96           OX376697.1  25001418  25001620 (25974235) +               Kuruka     Unspecified    3933    4135  (4698)    
   318 32.49 2.96 2.96           OX376697.1  25008450  25008652 (25967203) +               Kuruka     Unspecified    3933    4135  (4698)    
   316 32.49 2.96 2.96           OX376697.1  25015754  25015956 (25959899) +               Kuruka     Unspecified    3933    4135  (4698)    
   315 31.16 7.30 6.23           OX376697.1  25022946  25023342 (25952513) +               Kuruka     Unspecified    3933    4333  (4500)    
   282 31.28 6.72 6.98           OX376697.1  25029150  25029551 (25946304) +               Kuruka     Unspecified    3933    4333  (4500)    
   318 31.03 6.72 6.98           OX376697.1  25035697  25036098 (25939757) +               Kuruka     Unspecified    3933    4333  (4500)    
   290 31.25 3.30 3.30           OX376697.1  25068801  25068982 (25906873) +               Kuruka     Unspecified    3954    4135  (4698)    
   316 32.49 2.96 2.96           OX376697.1  25081971  25082173 (25893682) +               Kuruka     Unspecified    3933    4135  (4698)    
   328 30.83 6.98 6.98           OX376697.1  25088589  25088989 (25886866) +               Kuruka     Unspecified    3933    4333  (4500)    
   316 32.49 2.96 2.96           OX376697.1  25095189  25095391 (25880464) +               Kuruka     Unspecified    3933    4135  (4698)    
   316 32.49 2.96 2.96           OX376697.1  25101547  25101749 (25874106) +               Kuruka     Unspecified    3933    4135  (4698)    
   331 32.99 2.97 2.46           OX376697.1  25107885  25108086 (25867769) +               Kuruka     Unspecified    3933    4135  (4698)    
   274 31.66 6.05 6.05           OX376697.1  25120131  25120510 (25855345) +               Kuruka     Unspecified    3954    4333  (4500)    
   296 31.55 6.73 6.73           OX376697.1  25133079  25133479 (25842376) +               Kuruka     Unspecified    3933    4333  (4500)    
   306 32.49 2.96 2.96           OX376697.1  25144025  25144227 (25831628) +               Kuruka     Unspecified    3933    4135  (4698)    
   316 32.49 2.96 2.96           OX376697.1  25148711  25148913 (25826942) +               Kuruka     Unspecified    3933    4135  (4698)    
   306 32.49 2.96 2.96           OX376697.1  25153354  25153556 (25822299) +               Kuruka     Unspecified    3933    4135  (4698)    
   306 32.49 2.96 2.96           OX376697.1  25157538  25157740 (25818115) +               Kuruka     Unspecified    3933    4135  (4698)    
   306 32.49 2.96 2.96           OX376697.1  25161718  25161920 (25813935) +               Kuruka     Unspecified    3933    4135  (4698)    
   291 33.00 2.96 2.96           OX376697.1  25165907  25166109 (25809746) +               Kuruka     Unspecified    3933    4135  (4698)    
   295 30.86 6.22 6.48           OX376697.1  25170101  25170502 (25805353) +               Kuruka     Unspecified    3933    4333  (4500)    
   295 30.86 6.22 6.48           OX376697.1  25174287  25174688 (25801167) +               Kuruka     Unspecified    3933    4333  (4500)    
   319 30.59 6.22 6.48           OX376697.1  25178468  25178869 (25796986) +               Kuruka     Unspecified    3933    4333  (4500)    
   319 30.59 6.22 6.48           OX376697.1  25182650  25183051 (25792804) +               Kuruka     Unspecified    3933    4333  (4500)    
   303 33.00 2.96 2.96           OX376697.1  25186845  25187047 (25788808) +               Kuruka     Unspecified    3933    4135  (4698)    
   303 33.00 2.96 2.96           OX376697.1  25191044  25191246 (25784609) +               Kuruka     Unspecified    3933    4135  (4698)    
   319 30.59 6.22 6.48           OX376697.1  25195243  25195644 (25780211) +               Kuruka     Unspecified    3933    4333  (4500)    
   288 33.00 2.96 2.96           OX376697.1  25199431  25199633 (25776222) +               Kuruka     Unspecified    3933    4135  (4698)    
   303 33.00 2.96 2.96           OX376697.1  25207443  25207645 (25768210) +               Kuruka     Unspecified    3933    4135  (4698)    
   303 33.00 2.96 2.96           OX376697.1  25211636  25211838 (25764017) +               Kuruka     Unspecified    3933    4135  (4698)    
   303 33.00 2.96 2.96           OX376697.1  25215821  25216023 (25759832) +               Kuruka     Unspecified    3933    4135  (4698)    
   306 32.49 2.96 2.96           OX376697.1  25219981  25220183 (25755672) +               Kuruka     Unspecified    3933    4135  (4698)    
   306 32.49 2.96 2.96           OX376697.1  25224161  25224363 (25751492) +               Kuruka     Unspecified    3933    4135  (4698)    
   306 32.49 2.96 2.96           OX376697.1  25228161  25228363 (25747492) +               Kuruka     Unspecified    3933    4135  (4698)    
   326 30.59 6.22 6.48           OX376697.1  25232161  25232562 (25743293) +               Kuruka     Unspecified    3933    4333  (4500)    
   303 33.00 2.96 2.96           OX376697.1  25236335  25236537 (25739318) +               Kuruka     Unspecified    3933    4135  (4698)    
   303 33.00 2.96 2.96           OX376697.1  25245943  25246145 (25729710) +               Kuruka     Unspecified    3933    4135  (4698)    
   303 33.00 2.96 2.96           OX376697.1  25250130  25250332 (25725523) +               Kuruka     Unspecified    3933    4135  (4698)    
   325 28.95 6.98 6.98           OX376697.1  25254317  25254717 (25721138) +               Kuruka     Unspecified    3933    4333  (4500)    
   278 33.50 2.96 2.96           OX376697.1  25258376  25258578 (25717277) +               Kuruka     Unspecified    3933    4135  (4698)    
   278 33.50 2.96 2.96           OX376697.1  25262551  25262753 (25713102) +               Kuruka     Unspecified    3933    4135  (4698)    
   278 33.50 2.96 2.96           OX376697.1  25266743  25266945 (25708910) +               Kuruka     Unspecified    3933    4135  (4698)    
   250 32.39 3.30 3.30           OX376697.1  25277548  25277729 (25698126) +               Kuruka     Unspecified    3954    4135  (4698)    
   250 32.39 3.30 3.30           OX376697.1  25283443  25283624 (25692231) +               Kuruka     Unspecified    3954    4135  (4698)    
   331 31.98 2.96 2.96           OX376697.1  25294501  25294703 (25681152) +               Kuruka     Unspecified    3933    4135  (4698)    
   244 30.93 0.88 3.60           OX376697.1  25534229  25534342 (25441513) C               Kuruka     Unspecified  (4500)    4333    4223    
   244 30.93 0.88 3.60           OX376697.1  25538091  25538204 (25437651) C               Kuruka     Unspecified  (4500)    4333    4223    
   244 30.93 0.88 3.60           OX376697.1  25541345  25541458 (25434397) C               Kuruka     Unspecified  (4500)    4333    4223    
   284 26.47 0.00 0.00           OX376697.1  25544214  25544281 (25431574) C               Kuruka     Unspecified  (4500)    4333    4266    
   284 26.47 0.00 0.00           OX376697.1  25550682  25550749 (25425106) C               Kuruka     Unspecified  (4500)    4333    4266    
   263 30.03 0.88 3.60           OX376697.1  25557136  25557249 (25418606) C               Kuruka     Unspecified  (4500)    4333    4223    
   277 28.66 0.00 5.36           OX376697.1  25563950  25564067 (25411788) C               Kuruka     Unspecified  (4456)    4377    4266    
   264 29.98 0.61 6.45           OX376697.1  25568807  25568970 (25406885) C               Kuruka     Unspecified  (4456)    4377    4223    
   233 30.64 0.61 6.45           OX376697.1  25574829  25574992 (25400863) C               Kuruka     Unspecified  (4456)    4377    4223    
   273 28.66 0.00 5.36           OX376697.1  25580870  25580987 (25394868) C               Kuruka     Unspecified  (4456)    4377    4266    
   265 30.12 0.85 3.51           OX376697.1  25589024  25589140 (25386715) C               Kuruka     Unspecified  (4497)    4336    4223    
   271 28.17 0.00 0.00           OX376697.1  25593148  25593218 (25382637) C               Kuruka     Unspecified  (4497)    4336    4266    
   265 30.12 0.85 3.51           OX376697.1  25596954  25597070 (25378785) C               Kuruka     Unspecified  (4497)    4336    4223    
   265 30.12 0.85 3.51           OX376697.1  25601617  25601733 (25374122) C               Kuruka     Unspecified  (4497)    4336    4223    
   265 30.12 0.85 3.51           OX376697.1  25604924  25605040 (25370815) C               Kuruka     Unspecified  (4497)    4336    4223    
   265 30.12 0.85 3.51           OX376697.1  25609309  25609425 (25366430) C               Kuruka     Unspecified  (4497)    4336    4223    
   245 31.00 0.85 3.51           OX376697.1  25613157  25613273 (25362582) C               Kuruka     Unspecified  (4497)    4336    4223    
   250 31.00 0.85 3.51           OX376697.1  25616963  25617079 (25358776) C               Kuruka     Unspecified  (4497)    4336    4223    
   265 30.12 0.85 3.51           OX376697.1  25620216  25620332 (25355523) C               Kuruka     Unspecified  (4497)    4336    4223    
   254 29.58 0.00 0.00           OX376697.1  25623521  25623591 (25352264) C               Kuruka     Unspecified  (4497)    4336    4266    
   240 31.00 0.85 3.51           OX376697.1  25627065  25627181 (25348674) C               Kuruka     Unspecified  (4497)    4336    4223    
   271 28.17 0.00 0.00           OX376697.1  25630241  25630311 (25345544) C               Kuruka     Unspecified  (4497)    4336    4266    
   265 30.12 0.85 3.51           OX376697.1  25633801  25633917 (25341938) C               Kuruka     Unspecified  (4497)    4336    4223    
   265 30.12 0.85 3.51           OX376697.1  25637728  25637844 (25338011) C               Kuruka     Unspecified  (4497)    4336    4223    
   271 28.17 0.00 0.00           OX376697.1  25641544  25641614 (25334241) C               Kuruka     Unspecified  (4497)    4336    4266    
   265 30.12 0.85 3.51           OX376697.1  25645663  25645779 (25330076) C               Kuruka     Unspecified  (4497)    4336    4223    
   265 30.12 0.85 3.51           OX376697.1  25648952  25649068 (25326787) C               Kuruka     Unspecified  (4497)    4336    4223    
   250 31.00 0.85 3.51           OX376697.1  25652250  25652366 (25323489) C               Kuruka     Unspecified  (4497)    4336    4223    
   232 31.74 0.79 3.23           OX376697.1  25656419  25656545 (25319310) C               Kuruka     Unspecified  (4487)    4346    4223    
   263 29.63 0.00 0.00           OX376697.1  25669323  25669403 (25306452) C               Kuruka     Unspecified  (4487)    4346    4266    
   258 29.66 0.89 3.67           OX376697.1  25673486  25673597 (25302258) C               Kuruka     Unspecified  (4502)    4331    4223    
   270 30.12 0.85 3.51           OX376697.1  25748482  25748598 (25227257) C               Kuruka     Unspecified  (4497)    4336    4223    
   229 31.74 0.79 3.23           OX376697.1  25750938  25751064 (25224791) C               Kuruka     Unspecified  (4487)    4346    4223    
   276 31.03 2.52 2.52           OX376697.1  26451759  26451877 (24523978) C               Kuruka     Unspecified  (4300)    4533    4415    
   255 30.49 10.59 1.62           OX376697.1  26625133  26625302 (24350553) +               Kuruka     Unspecified    4415    4599  (4234)    
   306 28.71 10.59 1.62           OX376697.1  26639646  26639815 (24336040) C               Kuruka     Unspecified  (4234)    4599    4415    
   276 31.03 2.52 2.52           OX376697.1  26752862  26752980 (24222875) +               Kuruka     Unspecified    4415    4533  (4300)    
   290 29.29 10.59 1.62           OX376697.1  26779401  26779570 (24196285) +               Kuruka     Unspecified    4415    4599  (4234)    
   272 35.19 3.70 4.13           OX376697.1  26823502  26823744 (24152111) C               Kuruka     Unspecified  (4300)    4533    4292    
   285 34.64 3.27 4.55           OX376697.1  26838243  26838487 (24137368) C               Kuruka     Unspecified  (4300)    4533    4292    
   285 34.64 3.27 4.55           OX376697.1  26847651  26847895 (24127960) C               Kuruka     Unspecified  (4300)    4533    4292    
   289 29.36 1.80 1.80           OX376697.1  31807548  31807658 (19168197) +               Kuruka     Unspecified    4423    4533  (4300)    
   289 29.36 1.80 1.80           OX376697.1  31815797  31815907 (19159948) +               Kuruka     Unspecified    4423    4533  (4300)    
   289 29.36 1.80 1.80           OX376697.1  31841806  31841916 (19133939) +               Kuruka     Unspecified    4423    4533  (4300)    
   296 29.36 1.80 1.80           OX376697.1  43644502  43644612 (7331243) +               Kuruka     Unspecified    4423    4533  (4300)    
   289 29.36 1.80 1.80           OX376698.1  13150872  13150982 (34101777) C               Kuruka     Unspecified  (4300)    4533    4423    
   290 29.36 1.80 1.80           OX376698.1  13211449  13211559 (34041200) C               Kuruka     Unspecified  (4300)    4533    4423    
   315 24.74 4.52 8.72           OX376698.1  13344642  13344796 (33907963) +               Kuruka     Unspecified    3966    4114  (4719)    
   298 36.79 1.67 3.04           OX376698.1  14131406  14131705 (33121054) C               Kuruka     Unspecified  (4313)    4520    4225    
   317 37.13 1.67 3.04           OX376698.1  14138580  14138879 (33113880) C               Kuruka     Unspecified  (4313)    4520    4225    
   302 36.44 1.74 2.18           OX376698.1  14145670  14145899 (33106860) C               Kuruka     Unspecified  (4313)    4520    4292    
   290 29.36 1.80 1.80           OX376698.1  14319591  14319701 (32933058) +               Kuruka     Unspecified    4423    4533  (4300)    
   296 29.30 0.79 3.23           OX376698.1  14655988  14656114 (32596645) +               Kuruka     Unspecified    4223    4346  (4487)    
   278 28.25 5.92 7.83           OX376698.1  17287468  17287636 (29965123) +               Kuruka     Unspecified    4286    4451  (4382)    
   290 29.36 1.80 1.80           OX376698.1  17323415  17323525 (29929234) +               Kuruka     Unspecified    4423    4533  (4300)    
   290 29.36 1.80 1.80           OX376698.1  17328688  17328798 (29923961) +               Kuruka     Unspecified    4423    4533  (4300)    
   290 29.36 1.80 1.80           OX376698.1  17331281  17331391 (29921368) +               Kuruka     Unspecified    4423    4533  (4300)    
   290 29.36 1.80 1.80           OX376698.1  17515065  17515175 (29737584) C               Kuruka     Unspecified  (4300)    4533    4423    
   326 32.32 6.01 0.41           OX376698.1  18964923  18965155 (28287604) C               Kuruka     Unspecified  (4995)    3838    3593    
   326 32.32 6.01 0.41           OX376698.1  18976390  18976622 (28276137) C               Kuruka     Unspecified  (4995)    3838    3593    
   326 32.32 6.01 0.41           OX376698.1  18991533  18991765 (28260994) C               Kuruka     Unspecified  (4995)    3838    3593    
   298 32.75 6.01 0.41           OX376698.1  19006676  19006908 (28245851) C               Kuruka     Unspecified  (4995)    3838    3593    
   298 32.75 6.01 0.41           OX376698.1  19010458  19010690 (28242069) C               Kuruka     Unspecified  (4995)    3838    3593    
   326 32.32 6.01 0.41           OX376698.1  19018031  19018263 (28234496) C               Kuruka     Unspecified  (4995)    3838    3593    
   316 32.75 6.01 0.41           OX376698.1  19036674  19036906 (28215853) C               Kuruka     Unspecified  (4995)    3838    3593    
   326 32.32 6.01 0.41           OX376698.1  19040616  19040848 (28211911) C               Kuruka     Unspecified  (4995)    3838    3593    
   287 33.19 6.01 0.41           OX376698.1  19052367  19052599 (28200160) C               Kuruka     Unspecified  (4995)    3838    3593    
   311 32.60 6.06 0.41           OX376698.1  19068500  19068730 (28184029) C               Kuruka     Unspecified  (4995)    3838    3595    
   326 32.32 6.01 0.41           OX376698.1  19074115  19074347 (28178412) C               Kuruka     Unspecified  (4995)    3838    3593    
   326 32.32 6.01 0.41           OX376698.1  19077833  19078065 (28174694) C               Kuruka     Unspecified  (4995)    3838    3593    
   290 29.29 10.59 1.62           OX376698.1  19586060  19586229 (27666530) +               Kuruka     Unspecified    4415    4599  (4234)    
   277 29.89 10.59 1.62           OX376698.1  19951328  19951497 (27301262) +               Kuruka     Unspecified    4415    4599  (4234)    
   290 29.29 10.59 1.62           OX376698.1  19993898  19994067 (27258692) +               Kuruka     Unspecified    4415    4599  (4234)    
   290 29.36 1.80 1.80           OX376698.1  19998598  19998708 (27254051) C               Kuruka     Unspecified  (4300)    4533    4423    
   251 28.86 11.18 2.16           OX376698.1  20102233  20102402 (27150357) C               Kuruka     Unspecified  (4234)    4599    4415    
   235 22.58 1.59 1.59           OX376698.1  21417640  21417702 (25835057) C               Kuruka     Unspecified  (4479)    4354    4292    
   235 22.58 1.59 1.59           OX376698.1  21422113  21422175 (25830584) C               Kuruka     Unspecified  (4479)    4354    4292    
   281 34.47 2.88 3.31           OX376698.1  21426418  21426660 (25826099) C               Kuruka     Unspecified  (4300)    4533    4292    
   265 36.81 2.53 2.90           OX376698.1  21431463  21431739 (25821020) C               Kuruka     Unspecified  (4300)    4533    4258    
   289 35.60 2.47 2.89           OX376698.1  21478192  21478434 (25774325) C               Kuruka     Unspecified  (4300)    4533    4292    
   296 35.60 2.47 2.89           OX376698.1  21482624  21482866 (25769893) C               Kuruka     Unspecified  (4300)    4533    4292    
   295 35.59 2.48 2.48           OX376698.1  21486820  21487061 (25765698) C               Kuruka     Unspecified  (4300)    4533    4292    
   279 36.01 2.48 2.48           OX376698.1  21494770  21495011 (25757748) C               Kuruka     Unspecified  (4300)    4533    4292    
   261 36.02 2.47 2.89           OX376698.1  21502577  21502819 (25749940) C               Kuruka     Unspecified  (4300)    4533    4292    
   259 36.02 2.47 2.89           OX376698.1  21507131  21507373 (25745386) C               Kuruka     Unspecified  (4300)    4533    4292    
   255 36.27 1.81 4.44           OX376698.1  21511433  21511709 (25741050) C               Kuruka     Unspecified  (4272)    4561    4292    
   285 36.98 1.65 2.07           OX376698.1  21516338  21516580 (25736179) C               Kuruka     Unspecified  (4300)    4533    4292    
   322 36.56 1.65 2.07           OX376698.1  21520855  21521097 (25731662) C               Kuruka     Unspecified  (4300)    4533    4292    
   325 36.56 1.65 2.07           OX376698.1  21524523  21524765 (25727994) C               Kuruka     Unspecified  (4300)    4533    4292    
   284 37.40 1.65 2.07           OX376698.1  21529092  21529334 (25723425) C               Kuruka     Unspecified  (4300)    4533    4292    
   284 37.40 1.65 2.07           OX376698.1  21533661  21533903 (25718856) C               Kuruka     Unspecified  (4300)    4533    4292    
   284 37.40 1.65 2.07           OX376698.1  21538230  21538472 (25714287) C               Kuruka     Unspecified  (4300)    4533    4292    
   325 36.56 1.65 2.07           OX376698.1  21542795  21543037 (25709722) C               Kuruka     Unspecified  (4300)    4533    4292    
   325 36.56 1.65 2.07           OX376698.1  21547350  21547592 (25705167) C               Kuruka     Unspecified  (4300)    4533    4292    
   325 36.56 1.65 2.07           OX376698.1  21551897  21552139 (25700620) C               Kuruka     Unspecified  (4300)    4533    4292    
   243 30.49 10.59 1.62           OX376698.1  23413613  23413782 (23838977) +               Kuruka     Unspecified    4415    4599  (4234)    
   243 30.49 10.59 1.62           OX376698.1  23419114  23419283 (23833476) +               Kuruka     Unspecified    4415    4599  (4234)    
   298 33.00 2.96 2.96           OX376698.1  23627720  23627922 (23624837) +               Kuruka     Unspecified    3933    4135  (4698)    
   298 33.00 2.96 2.96           OX376698.1  23634820  23635022 (23617737) +               Kuruka     Unspecified    3933    4135  (4698)    
   298 33.00 2.96 2.96           OX376698.1  23641819  23642021 (23610738) +               Kuruka     Unspecified    3933    4135  (4698)    
   306 31.39 6.23 6.23           OX376698.1  23647123  23647523 (23605236) +               Kuruka     Unspecified    3933    4333  (4500)    
   303 31.82 6.73 6.73           OX376698.1  23652605  23653005 (23599754) +               Kuruka     Unspecified    3933    4333  (4500)    
   298 33.00 2.96 2.96           OX376698.1  23659505  23659707 (23593052) +               Kuruka     Unspecified    3933    4135  (4698)    
   298 33.00 2.96 2.96           OX376698.1  23666404  23666606 (23586153) +               Kuruka     Unspecified    3933    4135  (4698)    
   306 31.39 6.23 6.23           OX376698.1  23671744  23672144 (23580615) +               Kuruka     Unspecified    3933    4333  (4500)    
   280 32.09 6.73 6.73           OX376698.1  23677215  23677615 (23575144) +               Kuruka     Unspecified    3933    4333  (4500)    
   307 31.67 5.49 5.49           OX376698.1  23683866  23684266 (23568493) +               Kuruka     Unspecified    3933    4333  (4500)    
   290 29.29 10.59 1.62           OX376698.1  23884264  23884433 (23368326) C               Kuruka     Unspecified  (4234)    4599    4415    
   240 30.49 10.59 1.62           OX376698.1  24548093  24548262 (22704497) +               Kuruka     Unspecified    4415    4599  (4234)    
   290 29.36 1.80 1.80           OX376698.1  24774206  24774316 (22478443) +               Kuruka     Unspecified    4423    4533  (4300)    
   290 29.36 1.80 1.80           OX376698.1  24779413  24779523 (22473236) +               Kuruka     Unspecified    4423    4533  (4300)    
   290 29.36 1.80 1.80           OX376698.1  25821768  25821878 (21430881) +               Kuruka     Unspecified    4423    4533  (4300)    
   255 30.49 10.59 1.62           OX376698.1  26446896  26447065 (20805694) +               Kuruka     Unspecified    4415    4599  (4234)    
   301 31.59 6.41 1.22           OX376698.1  27327232  27327465 (19925294) +               Kuruka     Unspecified    3593    3838  (4995)    
   301 31.59 6.41 1.22           OX376698.1  27330674  27330907 (19921852) +               Kuruka     Unspecified    3593    3838  (4995)    
   301 31.59 6.41 1.22           OX376698.1  27334127  27334360 (19918399) +               Kuruka     Unspecified    3593    3838  (4995)    
   245 30.49 10.59 1.62           OX376698.1  27398933  27399102 (19853657) +               Kuruka     Unspecified    4415    4599  (4234)    
   277 29.89 10.59 1.62           OX376698.1  27458667  27458836 (19793923) C               Kuruka     Unspecified  (4234)    4599    4415    
   262 31.89 2.52 2.52           OX376698.1  27464217  27464335 (19788424) C               Kuruka     Unspecified  (4300)    4533    4415    
   277 29.89 10.59 1.62           OX376698.1  27469241  27469410 (19783349) C               Kuruka     Unspecified  (4234)    4599    4415    
   277 29.89 10.59 1.62           OX376698.1  27474744  27474913 (19777846) C               Kuruka     Unspecified  (4234)    4599    4415    
   277 29.89 10.59 1.62           OX376698.1  27480239  27480408 (19772351) C               Kuruka     Unspecified  (4234)    4599    4415    
   277 29.89 10.59 1.62           OX376698.1  27484349  27484518 (19768241) C               Kuruka     Unspecified  (4234)    4599    4415    
   270 28.26 11.18 2.16           OX376698.1  27489424  27489593 (19763166) C               Kuruka     Unspecified  (4234)    4599    4415    
   277 29.89 10.59 1.62           OX376698.1  27493958  27494127 (19758632) C               Kuruka     Unspecified  (4234)    4599    4415    
   270 28.26 11.18 2.16           OX376698.1  27499033  27499202 (19753557) C               Kuruka     Unspecified  (4234)    4599    4415    
   290 29.36 1.80 1.80           OX376699.1  10860233  10860343 (32305457) +               Kuruka     Unspecified    4423    4533  (4300)    
   267 29.89 10.59 1.62           OX376699.1  13516125  13516294 (29649506) +               Kuruka     Unspecified    4415    4599  (4234)    
   290 29.29 10.59 1.62           OX376699.1  13550214  13550383 (29615417) +               Kuruka     Unspecified    4415    4599  (4234)    
   290 29.29 10.59 1.62           OX376699.1  13892775  13892944 (29272856) C               Kuruka     Unspecified  (4234)    4599    4415    
   315 35.18 2.47 2.89           OX376699.1  14098647  14098889 (29066911) C               Kuruka     Unspecified  (4300)    4533    4292    
   226 24.64 1.45 0.00           OX376699.1  15901416  15901484 (27264316) C               Kuruka     Unspecified  (4482)    4351    4282    
   284 27.20 11.76 2.70           OX376699.1  16832653  16832822 (26332978) +               Kuruka     Unspecified    4415    4599  (4234)    
   297 28.43 11.18 1.70           OX376699.1  17096621  17096781 (26069019) +               Kuruka     Unspecified    4424    4599  (4234)    
   290 29.36 1.80 1.80           OX376699.1  19002425  19002535 (24163265) C               Kuruka     Unspecified  (4300)    4533    4423    
   273 30.27 1.80 1.80           OX376699.1  19785551  19785661 (23380139) C               Kuruka     Unspecified  (4300)    4533    4423    
   255 30.49 10.59 1.62           OX376699.1  19981873  19982042 (23183758) +               Kuruka     Unspecified    4415    4599  (4234)    
   290 29.36 1.80 1.80           OX376699.1  20004039  20004149 (23161651) C               Kuruka     Unspecified  (4300)    4533    4423    
   290 29.36 1.80 1.80           OX376699.1  20009325  20009435 (23156365) C               Kuruka     Unspecified  (4300)    4533    4423    
   279 30.27 1.80 1.80           OX376699.1  20043945  20044055 (23121745) +               Kuruka     Unspecified    4423    4533  (4300)    
   290 29.29 10.59 1.62           OX376699.1  20071152  20071321 (23094479) +               Kuruka     Unspecified    4415    4599  (4234)    
   290 29.29 10.59 1.62           OX376699.1  20131582  20131751 (23034049) C               Kuruka     Unspecified  (4234)    4599    4415    
   255 30.49 10.59 1.62           OX376699.1  20177031  20177200 (22988600) C               Kuruka     Unspecified  (4234)    4599    4415    
   255 30.49 10.59 1.62           OX376699.1  20245124  20245293 (22920507) +               Kuruka     Unspecified    4415    4599  (4234)    
   255 30.49 10.59 1.62           OX376699.1  20325553  20325722 (22840078) +               Kuruka     Unspecified    4415    4599  (4234)    
   289 29.36 1.80 1.80           OX376699.1  20366276  20366386 (22799414) C               Kuruka     Unspecified  (4300)    4533    4423    
   290 29.36 1.80 1.80           OX376699.1  20488544  20488654 (22677146) +               Kuruka     Unspecified    4423    4533  (4300)    
   277 29.89 10.59 1.62           OX376699.1  20509719  20509888 (22655912) C               Kuruka     Unspecified  (4234)    4599    4415    
   263 30.27 1.80 1.80           OX376699.1  20638054  20638164 (22527636) C               Kuruka     Unspecified  (4300)    4533    4423    
   277 29.89 10.59 1.62           OX376699.1  20693286  20693455 (22472345) +               Kuruka     Unspecified    4415    4599  (4234)    
   289 29.36 1.80 1.80           OX376699.1  24840659  24840769 (18325031) +               Kuruka     Unspecified    4423    4533  (4300)    
   289 29.36 1.80 1.80           OX376700.1   9680126   9680236 (27663066) +               Kuruka     Unspecified    4423    4533  (4300)    
   300 29.36 1.80 1.80           OX376700.1   9685676   9685786 (27657516) +               Kuruka     Unspecified    4423    4533  (4300)    
   300 29.36 1.80 1.80           OX376700.1   9690915   9691025 (27652277) +               Kuruka     Unspecified    4423    4533  (4300)    
   275 29.89 10.59 1.62           OX376700.1  10091339  10091508 (27251794) C               Kuruka     Unspecified  (4234)    4599    4415    
   275 29.89 10.59 1.62           OX376700.1  10096614  10096783 (27246519) C               Kuruka     Unspecified  (4234)    4599    4415    
   275 29.89 10.59 1.62           OX376700.1  10101655  10101824 (27241478) C               Kuruka     Unspecified  (4234)    4599    4415    
   290 29.29 10.59 1.62           OX376700.1  10107227  10107396 (27235906) C               Kuruka     Unspecified  (4234)    4599    4415    
   239 31.09 10.59 1.62           OX376700.1  10116559  10116728 (27226574) +               Kuruka     Unspecified    4415    4599  (4234)    
   290 29.36 1.80 1.80           OX376700.1  10828424  10828534 (26514768) +               Kuruka     Unspecified    4423    4533  (4300)    
   278 30.27 1.80 1.80           OX376700.1  10876602  10876712 (26466590) C               Kuruka     Unspecified  (4300)    4533    4423    
   277 25.57 12.42 2.84           OX376700.1  11135582  11135742 (26207560) +               Kuruka     Unspecified    4424    4599  (4234)    
   289 29.36 1.80 1.80           OX376700.1  11272993  11273103 (26070199) +               Kuruka     Unspecified    4423    4533  (4300)    
   290 29.29 10.59 1.62           OX376700.1  11745369  11745538 (25597764) C               Kuruka     Unspecified  (4234)    4599    4415    
   290 29.29 10.59 1.62           OX376700.1  11756131  11756300 (25587002) C               Kuruka     Unspecified  (4234)    4599    4415    
   290 29.29 10.59 1.62           OX376700.1  11768713  11768882 (25574420) C               Kuruka     Unspecified  (4234)    4599    4415    
   291 29.29 10.59 1.62           OX376700.1  11797459  11797628 (25545674) C               Kuruka     Unspecified  (4234)    4599    4415    
   290 29.29 10.59 1.62           OX376700.1  11889338  11889507 (25453795) C               Kuruka     Unspecified  (4234)    4599    4415    
   290 29.29 10.59 1.62           OX376700.1  11898256  11898425 (25444877) C               Kuruka     Unspecified  (4234)    4599    4415    
   290 29.36 1.80 1.80           OX376700.1  11912174  11912284 (25431018) C               Kuruka     Unspecified  (4300)    4533    4423    
   290 29.36 1.80 1.80           OX376700.1  11917255  11917365 (25425937) C               Kuruka     Unspecified  (4300)    4533    4423    
   290 29.36 1.80 1.80           OX376700.1  12071451  12071561 (25271741) C               Kuruka     Unspecified  (4300)    4533    4423    
   290 29.36 1.80 1.80           OX376700.1  12077000  12077110 (25266192) C               Kuruka     Unspecified  (4300)    4533    4423    
   290 29.36 1.80 1.80           OX376700.1  12085600  12085710 (25257592) C               Kuruka     Unspecified  (4300)    4533    4423    
   290 29.29 10.59 1.62           OX376700.1  12121464  12121633 (25221669) +               Kuruka     Unspecified    4415    4599  (4234)    
   290 29.36 1.80 1.80           OX376700.1  12124472  12124582 (25218720) +               Kuruka     Unspecified    4423    4533  (4300)    
   290 29.29 10.59 1.62           OX376700.1  12221489  12221658 (25121644) +               Kuruka     Unspecified    4415    4599  (4234)    
   290 29.36 1.80 1.80           OX376700.1  14439522  14439632 (22903670) +               Kuruka     Unspecified    4423    4533  (4300)    
   279 29.36 1.80 1.80           OX376700.1  14587561  14587671 (22755631) C               Kuruka     Unspecified  (4300)    4533    4423    
   290 29.36 1.80 1.80           OX376700.1  14635947  14636057 (22707245) C               Kuruka     Unspecified  (4300)    4533    4423    
   282 27.32 10.98 2.67           OX376700.1  14789228  14789400 (22553902) C               Kuruka     Unspecified  (4232)    4601    4415    
   269 29.89 10.59 1.62           OX376700.1  15738268  15738437 (21604865) C               Kuruka     Unspecified  (4234)    4599    4415    
   290 29.36 1.80 1.80           OX376700.1  15772931  15773041 (21570261) C               Kuruka     Unspecified  (4300)    4533    4423    
   289 29.29 10.59 1.62           OX376700.1  15892578  15892747 (21450555) C               Kuruka     Unspecified  (4234)    4599    4415    
   255 30.49 10.59 1.62           OX376700.1  15945176  15945345 (21397957) C               Kuruka     Unspecified  (4234)    4599    4415    
   255 30.49 10.59 1.62           OX376700.1  15952472  15952641 (21390661) +               Kuruka     Unspecified    4415    4599  (4234)    
   278 30.27 1.80 1.80           OX376700.1  16310174  16310284 (21033018) C               Kuruka     Unspecified  (4300)    4533    4423    
   316 32.49 2.96 2.96           OX376700.1  16441288  16441490 (20901812) C               Kuruka     Unspecified  (4698)    4135    3933    
   317 32.49 2.96 2.96           OX376700.1  16446818  16447020 (20896282) C               Kuruka     Unspecified  (4698)    4135    3933    
   341 31.98 2.96 2.96           OX376700.1  16453051  16453253 (20890049) C               Kuruka     Unspecified  (4698)    4135    3933    
   377 34.25 3.02 3.02           OX376700.1  16461900  16462197 (20881105) +               Kuruka     Unspecified    4223    4520  (4313)    
   290 29.29 10.59 1.62           OX376700.1  16531919  16532088 (20811214) +               Kuruka     Unspecified    4415    4599  (4234)    
   290 29.36 1.80 1.80           OX376700.1  16892547  16892657 (20450645) C               Kuruka     Unspecified  (4300)    4533    4423    
   280 29.13 10.00 1.08           OX376700.1  16993319  16993488 (20349814) C               Kuruka     Unspecified  (4234)    4599    4415    
   310 28.11 10.59 1.62           OX376700.1  17026032  17026201 (20317101) C               Kuruka     Unspecified  (4234)    4599    4415    
   289 29.36 1.80 1.80           OX376700.1  37320567  37320677  (22625) C               Kuruka     Unspecified  (4300)    4533    4423    
   352 31.15 3.68 3.68           OX376701.1   2074865   2075054 (1629843) +               Kuruka     Unspecified    3967    4156  (4677)    
   271 31.03 2.52 2.52           OX376702.1    179966    180084 (3227748) +               Kuruka     Unspecified    4415    4533  (4300)    
   232 32.11 1.83 0.00           OX376702.1   1484487   1484595 (1923237) +               Kuruka     Unspecified    4423    4533  (4300)    
   295 28.71 10.59 1.62           OX376702.1   1649367   1649536 (1758296) +               Kuruka     Unspecified    4415    4599  (4234)    
   290 29.36 1.80 1.80           OX376702.1   1812720   1812830 (1595002) +               Kuruka     Unspecified    4423    4533  (4300)    
   308 28.44 1.80 1.80           OX376702.1   1896068   1896178 (1511654) C               Kuruka     Unspecified  (4300)    4533    4423    
   308 28.44 1.80 1.80           OX376702.1   1907222   1907332 (1500500) +               Kuruka     Unspecified    4423    4533  (4300)    
   296 29.36 1.80 1.80           OX376702.1   2516432   2516542 (891290) C               Kuruka     Unspecified  (4300)    4533    4423    
   296 29.36 1.80 1.80           OX376702.1   2531196   2531306 (876526) C               Kuruka     Unspecified  (4300)    4533    4423    
