   434 31.09 5.13 4.13    CAJHZR030000013.1       976      1287  (24240) +               Kuruka     Unspecified    3584    3898  (4935)    
   242 33.64 4.22 4.66           LR991019.1   4561381   4561617 (32961796) +               Kuruka     Unspecified    4298    4533  (4300)    
  1620 34.88 1.69 1.79           LR991019.1   7844327   7845330 (29678083) +               Kuruka     Unspecified    3582    4584  (4249)    
   730 36.04 2.13 2.33           LR991019.1  10091267  10091783 (27431630) +               Kuruka     Unspecified    3737    4252  (4581)    
  1840 34.52 1.91 2.00           LR991019.1  14876097  14877246 (22646167) +               Kuruka     Unspecified    3489    4637  (4196)    
  1711 35.12 1.49 1.60           LR991019.1  20159524  20160527 (17362886) +               Kuruka     Unspecified    3582    4584  (4249)    
  1687 35.22 1.49 1.60           LR991019.1  23710427  23711430 (13811983) C               Kuruka     Unspecified  (4249)    4584    3582    
  1840 34.52 1.91 2.00           LR991019.1  28414335  28415484 (9107929) +               Kuruka     Unspecified    3489    4637  (4196)    
   238 29.58 0.00 0.00           LR991019.1  30009966  30010036 (7513377) +               Kuruka     Unspecified    1730    1800  (7033)    
  2093 33.53 1.94 2.03           LR991019.1  30011722  30012905 (7510508) +               Kuruka     Unspecified    3489    4671  (4162)    
   323 37.83 1.11 1.48           LR991019.1  33275760  33276030 (4247383) +               Kuruka     Unspecified    4264    4533  (4300)    
  1956 33.14 1.77 1.86           LR991019.1  35747391  35748574 (1774839) +               Kuruka     Unspecified    3488    4670  (4163)    
   481 35.74 1.07 1.43           LR991020.1   1777982   1778262 (34095252) C               Kuruka     Unspecified  (4279)    4554    4275    
   239 38.59 5.21 1.32           LR991020.1   1778711   1779075 (34094439) C               Kuruka     Unspecified  (5001)    3832    3454    
   272 31.97 1.63 0.81           LR991020.1   2716315   2716437 (33157077) +               Kuruka     Unspecified    4476    4599  (4234)    
  2039 33.61 2.62 2.92           LR991020.1   5853100   5854472 (30019042) +               Kuruka     Unspecified    3489    4857  (3976)    
  2047 33.61 2.62 2.92           LR991020.1   7720193   7721565 (28151949) C               Kuruka     Unspecified  (3976)    4857    3489    
   236 25.81 0.00 0.00           LR991020.1   7952240   7952301 (27921213) C               Kuruka     Unspecified  (4716)    4117    4056    
   374 29.61 0.00 0.80           LR991020.1  15563441  15563566 (20309948) C               Kuruka     Unspecified  (4417)    4416    4292    
  2204 33.47 2.59 2.91           LR991020.1  17661228  17662501 (18211013) +               Kuruka     Unspecified    3489    4758  (4075)    
   359 31.59 4.46 7.67           LR991020.1  19324098  19324433 (16549081) C               Kuruka     Unspecified  (4278)    4555    4230    
   234 23.73 0.00 0.00           LR991020.1  19720487  19720545 (16152969) +               Kuruka     Unspecified    4284    4342  (4491)    
  1700 35.12 1.49 1.60           LR991020.1  25316323  25317326 (10556188) +               Kuruka     Unspecified    3582    4584  (4249)    
  1637 34.78 1.69 1.79           LR991020.1  26847765  26848768 (9024746) C               Kuruka     Unspecified  (4249)    4584    3582    
   235 24.56 0.00 0.00           LR991020.1  28718705  28718761 (7154753) C               Kuruka     Unspecified  (4485)    4348    4292    
   784 33.40 2.00 2.00           LR991020.1  28894343  28894892 (6978622) C               Kuruka     Unspecified  (4774)    4059    3510    
  2165 33.34 1.88 1.97           LR991020.1  29042289  29043457 (6830057) C               Kuruka     Unspecified  (4163)    4670    3503    
   288 32.94 2.33 2.92           LR991020.1  31429007  31429178 (4444336) +               Kuruka     Unspecified    4287    4457  (4376)    
   633 31.34 3.17 4.37           LR991020.1  31710688  31711034 (4162480) C               Kuruka     Unspecified  (4277)    4556    4214    
   236 31.73 0.96 0.00           LR991020.1  31711212  31711315 (4162199) C               Kuruka     Unspecified  (4796)    4037    3933    
   447 36.54 3.91 3.21           LR991020.1  32628190  32628777 (3244737) +               Kuruka     Unspecified    3580    4171  (4662)    
   432 31.80 3.66 6.98           LR991020.1  32770396  32770750 (3102764) C               Kuruka     Unspecified  (4267)    4566    4223    
   235 24.56 0.00 0.00           LR991020.1  33138329  33138385 (2735129) C               Kuruka     Unspecified  (4485)    4348    4292    
   235 24.56 0.00 0.00           LR991020.1  33325262  33325318 (2548196) +               Kuruka     Unspecified    4292    4348  (4485)    
   269 31.97 1.63 0.81           LR991020.1  33660232  33660354 (2213160) C               Kuruka     Unspecified  (4234)    4599    4476    
  2052 33.54 2.62 2.92           LR991020.1  33984592  33985964 (1887550) C               Kuruka     Unspecified  (3976)    4857    3489    
   331 34.47 3.69 3.69           LR991020.1  34040638  34040881 (1832633) +               Kuruka     Unspecified    3498    3741  (5092)    
   250 23.64 0.00 0.00           LR991020.1  35545758  35545812 (327702) C               Kuruka     Unspecified  (4723)    4110    4056    
   256 33.00 2.48 2.48           LR991021.1    156615    156816 (32933075) +               Kuruka     Unspecified    4051    4252  (4581)    
  1341 35.83 2.42 1.98           LR991021.1   1156061   1157216 (31932675) C               Kuruka     Unspecified  (4163)    4670    3510    
   332 36.17 2.08 2.43           LR991021.1   3075769   3076057 (30013834) +               Kuruka     Unspecified    4233    4520  (4313)    
  1298 34.93 1.27 1.27           LR991021.1   6289115   6289981 (26799910) +               Kuruka     Unspecified    3488    4354  (4479)    
   574 31.87 2.32 2.32           LR991021.1   6290030   6290331 (26799560) +               Kuruka     Unspecified    4459    4760  (4073)    
   574 31.87 2.32 2.32           LR991021.1   6342422   6342723 (26747168) C               Kuruka     Unspecified  (4073)    4760    4459    
  1298 34.93 1.27 1.27           LR991021.1   6342772   6343638 (26746253) C               Kuruka     Unspecified  (4479)    4354    3488    
  1318 35.11 3.48 3.08           LR991021.1  11147515  11148807 (21941084) C               Kuruka     Unspecified  (4075)    4758    3461    
   236 24.53 0.00 0.00           LR991021.1  12908894  12908946 (20180945) +               Kuruka     Unspecified    4282    4334  (4499)    
   367 29.36 5.53 2.69           LR991021.1  13779109  13779325 (19310566) C               Kuruka     Unspecified  (5028)    3805    3583    
  1840 34.52 1.91 2.00           LR991021.1  22080969  22082118 (11007773) +               Kuruka     Unspecified    3489    4637  (4196)    
  1708 35.12 1.49 1.60           LR991021.1  24720076  24721079 (8368812) C               Kuruka     Unspecified  (4249)    4584    3582    
   295 33.15 1.55 1.55           LR991021.1  25757914  25758106 (7331785) +               Kuruka     Unspecified    3488    3680  (5153)    
  1016 35.38 1.91 2.05           LR991021.1  25758365  25759097 (7330794) +               Kuruka     Unspecified    3939    4670  (4163)    
   905 35.96 3.30 3.38           LR991021.1  26093828  26095010 (6994881) +               Kuruka     Unspecified    3489    4670  (4163)    
   301 33.00 6.85 5.74           LR991021.1  32828535  32829103 (260788) C               Kuruka     Unspecified  (4676)    4157    3583    
  1975 34.37 1.73 1.81           LR991022.1   1068961   1070234 (30602259) +               Kuruka     Unspecified    3488    4760  (4073)    
  1630 34.88 1.69 1.79           LR991022.1   2340084   2341087 (29331406) +               Kuruka     Unspecified    3582    4584  (4249)    
  2039 33.61 2.62 2.92           LR991022.1   3184649   3186021 (28486472) +               Kuruka     Unspecified    3489    4857  (3976)    
  1667 34.68 1.69 1.79           LR991022.1   8733259   8734262 (22938231) C               Kuruka     Unspecified  (4249)    4584    3582    
  1645 34.78 1.69 1.79           LR991022.1  10443724  10444727 (21227766) C               Kuruka     Unspecified  (4249)    4584    3582    
   331 30.20 8.16 8.41           LR991022.1  19071368  19071808 (12600685) +               Kuruka     Unspecified    3938    4377  (4456)    
   813 36.02 3.21 3.30           LR991022.1  25156036  25157218 (6515275) C               Kuruka     Unspecified  (4163)    4670    3489    
   283 33.10 1.36 1.36           LR991023.1   1015528   1015674 (29726717) C               Kuruka     Unspecified  (5104)    3729    3583    
   956 33.40 2.00 2.00           LR991023.1   3089645   3090194 (27652197) C               Kuruka     Unspecified  (4774)    4059    3510    
  1645 34.78 1.69 1.79           LR991023.1   9761726   9762729 (20979662) +               Kuruka     Unspecified    3582    4584  (4249)    
   719 33.80 4.37 3.52           LR991023.1  14039359  14040091 (16702300) +               Kuruka     Unspecified    3932    4670  (4163)    
  1902 34.83 2.47 1.78           LR991023.1  18767011  18768185 (11974206) +               Kuruka     Unspecified    3489    4671  (4162)    
   235 24.56 0.00 0.00           LR991023.1  19276437  19276493 (11465898) C               Kuruka     Unspecified  (4485)    4348    4292    
  1801 35.07 2.91 2.53           LR991023.1  23613447  23614786 (7127605) C               Kuruka     Unspecified  (3979)    4854    3510    
   465 30.62 3.15 3.56           LR991023.1  27649114  27649367 (3093024) C               Kuruka     Unspecified  (4297)    4536    4284    
   289 33.10 1.36 1.36           LR991024.1    298960    299106 (29953089) C               Kuruka     Unspecified  (5104)    3729    3583    
   234 23.73 0.00 0.00           LR991024.1   5047457   5047515 (25204680) C               Kuruka     Unspecified  (4491)    4342    4284    
  2459 33.63 2.12 2.20           LR991024.1   7011748   7013021 (23239174) C               Kuruka     Unspecified  (4073)    4760    3488    
  1708 35.12 1.49 1.60           LR991024.1   7596181   7597184 (22655011) +               Kuruka     Unspecified    3582    4584  (4249)    
   251 23.73 0.00 0.00           LR991024.1   8595478   8595536 (21656659) +               Kuruka     Unspecified    4284    4342  (4491)    
  1634 35.53 2.48 2.03           LR991024.1  13831660  13832788 (16419407) +               Kuruka     Unspecified    3510    4643  (4190)    
   323 37.83 1.11 1.48           LR991024.1  17586387  17586657 (12665538) +               Kuruka     Unspecified    4264    4533  (4300)    
   660 35.73 2.33 2.80           LR991024.1  17825079  17825723 (12426472) C               Kuruka     Unspecified  (4253)    4580    3939    
   257 29.89 5.38 3.98           LR991024.1  17825983  17826205 (12425990) C               Kuruka     Unspecified  (5154)    3679    3454    
   360 34.80 3.09 3.49           LR991024.1  28016069  28016327 (2235868) +               Kuruka     Unspecified    4278    4535  (4298)    
  1846 33.01 2.20 2.28           LR991024.1  28380816  28381999 (1870196) C               Kuruka     Unspecified  (4162)    4671    3489    
  2339 33.23 2.36 2.44           LR991024.1  29564999  29566312 (685883) C               Kuruka     Unspecified  (3985)    4848    3536    
  1641 35.19 1.69 1.79           LR991025.1   2295884   2296887 (27762691) C               Kuruka     Unspecified  (4249)    4584    3582    
   801 36.02 3.21 3.30           LR991025.1   4112043   4113225 (25946353) C               Kuruka     Unspecified  (4163)    4670    3489    
  1643 34.78 1.69 1.79           LR991025.1   4136271   4137274 (25922304) +               Kuruka     Unspecified    3582    4584  (4249)    
   718 34.40 3.24 3.38           LR991025.1  10708107  10708846 (19350732) C               Kuruka     Unspecified  (4163)    4670    3932    
   303 35.14 2.82 2.82           LR991025.1  10708951  10709234 (19350344) C               Kuruka     Unspecified  (5061)    3772    3489    
  1217 35.40 1.90 1.22           LR991025.1  10935885  10936619 (19122959) C               Kuruka     Unspecified  (4161)    4672    3933    
   766 33.60 3.32 3.32           LR991025.1  10936715  10937105 (19122473) C               Kuruka     Unspecified  (4996)    3837    3447    
  1644 34.54 3.20 2.80           LR991025.1  13844595  13845875 (16213703) +               Kuruka     Unspecified    3461    4746  (4087)    
   801 36.02 3.21 3.30           LR991025.1  17331733  17332915 (12726663) C               Kuruka     Unspecified  (4163)    4670    3489    
  2370 33.19 1.80 1.88           LR991025.1  17760529  17761753 (12297825) C               Kuruka     Unspecified  (4163)    4670    3447    
   322 35.89 0.58 1.17           LR991025.1  18158410  18158581 (11900997) C               Kuruka     Unspecified  (4376)    4457    4287    
   542 32.16 2.29 2.68           LR991025.1  20406885  20407146 (9652432) +               Kuruka     Unspecified    4273    4533  (4300)    
   542 32.16 2.29 2.68           LR991025.1  20413572  20413833 (9645745) C               Kuruka     Unspecified  (4300)    4533    4273    
   307 38.21 1.11 1.48           LR991025.1  24101517  24101787 (5957791) +               Kuruka     Unspecified    4264    4533  (4300)    
   262 29.52 4.66 5.21           LR991025.1  28949970  28950162 (1109416) C               Kuruka     Unspecified  (4456)    4377    4186    
   229 30.68 6.32 6.32           LR991025.1  28950237  28950410 (1109168) C               Kuruka     Unspecified  (4722)    4111    3938    
  1622 34.88 1.69 1.79           LR991025.1  29314292  29315295 (744283) C               Kuruka     Unspecified  (4249)    4584    3582    
   321 36.50 2.32 2.32           LR991026.1    500935    501279 (29478748) +               Kuruka     Unspecified    3489    3833  (5000)    
   783 34.94 2.88 3.02           LR991026.1    501479    502207 (29477820) +               Kuruka     Unspecified    3932    4659  (4174)    
  2036 34.01 2.61 2.91           LR991026.1   2727431   2728808 (27251219) C               Kuruka     Unspecified  (3976)    4857    3484    
  1681 33.50 2.67 2.99           LR991026.1   2927590   2928863 (27051164) +               Kuruka     Unspecified    3489    4758  (4075)    
  1620 34.88 1.69 1.79           LR991026.1   4544367   4545370 (25434657) +               Kuruka     Unspecified    3582    4584  (4249)    
   225 24.98 8.26 7.38           LR991026.1   7655397   7655517 (22324510) C               Kuruka     Unspecified  (4836)    3997    3876    
  1617 35.83 2.42 1.98           LR991026.1   8665625   8666780 (21313247) +               Kuruka     Unspecified    3510    4670  (4163)    
   475 28.93 5.79 4.44           LR991026.1  14194292  14194602 (15785425) C               Kuruka     Unspecified  (4935)    3898    3584    
   272 23.94 0.00 0.00           LR991026.1  16903363  16903433 (13076594) +               Kuruka     Unspecified    4284    4354  (4479)    
   345 37.83 1.11 1.48           LR991026.1  19008293  19008563 (10971464) +               Kuruka     Unspecified    4264    4533  (4300)    
   330 30.22 4.91 3.98           LR991026.1  22280564  22280787 (7699240) +               Kuruka     Unspecified    3454    3679  (5154)    
   816 36.15 2.18 2.34           LR991026.1  22281047  22281689 (7698338) +               Kuruka     Unspecified    3939    4580  (4253)    
   864 36.44 2.96 3.05           LR991026.1  26211928  26213110 (3766917) C               Kuruka     Unspecified  (4163)    4670    3489    
   323 37.83 1.11 1.48           LR991026.1  29470377  29470647 (509380) C               Kuruka     Unspecified  (4300)    4533    4264    
  1683 35.36 3.23 2.83           LR991027.1    970306    971606 (28648392) +               Kuruka     Unspecified    3453    4758  (4075)    
   273 12.24 4.08 0.00           LR991027.1   1026295   1026343 (28593655) +               Kuruka     Unspecified    2963    3013  (5820)    
   889 36.48 3.23 2.33           LR991027.1   5680766   5681447 (23938551) +               Kuruka     Unspecified    4086    4773  (4060)    
   889 36.48 3.23 2.33           LR991027.1   5688399   5689080 (23930918) +               Kuruka     Unspecified    4086    4773  (4060)    
   892 35.84 3.52 2.62           LR991027.1   5696033   5696714 (23923284) +               Kuruka     Unspecified    4086    4773  (4060)    
   249 29.58 0.00 0.00           LR991027.1   5730406   5730476 (23889522) C               Kuruka     Unspecified  (7033)    1800    1730    
   290 34.45 5.51 5.51           LR991027.1   5796697   5797077 (23822921) C               Kuruka     Unspecified  (3976)    4857    4477    
   263 32.74 0.88 0.00           LR991027.1   5956646   5956758 (23663240) +               Kuruka     Unspecified    4264    4377  (4456)    
  2016 34.08 2.28 2.36           LR991027.1   6111459   6112729 (23507269) C               Kuruka     Unspecified  (4069)    4764    3495    
   994 33.75 2.07 2.07           LR991027.1   6161521   6162101 (23457897) C               Kuruka     Unspecified  (4764)    4069    3489    
   798 36.02 3.21 3.30           LR991027.1   6676245   6677427 (22942571) C               Kuruka     Unspecified  (4163)    4670    3489    
  2230 32.87 2.60 2.92           LR991027.1   6720411   6721717 (22898281) +               Kuruka     Unspecified    3546    4848  (3985)    
  1690 34.83 3.54 3.14           LR991027.1  12517039  12518339 (17101659) C               Kuruka     Unspecified  (4075)    4758    3453    
   283 33.10 1.36 1.36           LR991027.1  13320562  13320708 (16299290) +               Kuruka     Unspecified    3583    3729  (5104)    
  1509 34.70 3.23 1.89           LR991027.1  18318831  18319820 (11300178) +               Kuruka     Unspecified    3582    4584  (4249)    
   258 21.67 0.00 0.00           LR991027.1  21539522  21539581 (8080417) +               Kuruka     Unspecified    4295    4354  (4479)    
   234 26.57 5.19 5.19           LR991027.1  24480161  24480295 (5139703) C               Kuruka     Unspecified  (4297)    4536    4402    
   251 35.00 0.71 0.71           LR991027.1  26579148  26579288 (3040710) +               Kuruka     Unspecified    3461    3601  (5232)    
   271 36.73 0.56 0.56           LR991027.1  26579608  26579785 (3040213) +               Kuruka     Unspecified    3933    4110  (4723)    
   582 35.30 1.80 3.04           LR991027.1  26579902  26580234 (3039764) +               Kuruka     Unspecified    4227    4555  (4278)    
   251 35.00 0.71 0.71           LR991027.1  26676877  26677017 (2942981) +               Kuruka     Unspecified    3461    3601  (5232)    
   485 36.32 2.31 3.10           LR991027.1  26677337  26677856 (2942142) +               Kuruka     Unspecified    3933    4448  (4385)    
  2051 32.74 1.12 1.21           LR991027.1  27542425  27543497 (2076501) +               Kuruka     Unspecified    3536    4607  (4226)    
   398 35.45 1.10 1.48           LR991028.1    250090    250361 (29148143) +               Kuruka     Unspecified    4284    4554  (4279)    
  1979 34.24 1.81 1.89           LR991028.1   1003440   1004713 (28393791) C               Kuruka     Unspecified  (4073)    4760    3488    
   349 30.47 4.11 4.11           LR991028.1   1109377   1109595 (28288909) +               Kuruka     Unspecified    3461    3679  (5154)    
   886 36.61 1.71 1.87           LR991028.1   1109855   1110497 (28288007) +               Kuruka     Unspecified    3939    4580  (4253)    
  1740 35.29 2.91 2.53           LR991028.1   1728207   1729546 (27668958) C               Kuruka     Unspecified  (3979)    4854    3510    
   225 24.98 8.26 7.38           LR991028.1   4401753   4401873 (24996631) +               Kuruka     Unspecified    3876    3997  (4836)    
   283 33.10 1.36 1.36           LR991028.1   5130482   5130628 (24267876) +               Kuruka     Unspecified    3583    3729  (5104)    
   360 34.80 3.09 3.49           LR991028.1   6461637   6461895 (22936609) +               Kuruka     Unspecified    4278    4535  (4298)    
   290 34.16 3.51 4.12           LR991028.1   7248662   7248832 (22149672) +               Kuruka     Unspecified    4295    4464  (4369)    
  1840 34.52 1.91 2.00           LR991028.1   7305391   7306540 (22091964) +               Kuruka     Unspecified    3489    4637  (4196)    
   353 30.94 4.46 7.67           LR991028.1  14360202  14360537 (15037967) C               Kuruka     Unspecified  (4278)    4555    4230    
   537 35.96 3.30 3.38           LR991028.1  22461309  22462491 (6936013) +               Kuruka     Unspecified    3489    4670  (4163)    
   241 30.49 0.00 0.00           LR991028.1  22539873  22539954 (6858550) +               Kuruka     Unspecified    4273    4354  (4479)    
  1621 34.88 1.69 1.79           LR991028.1  23117437  23118440 (6280064) +               Kuruka     Unspecified    3582    4584  (4249)    
  2103 33.58 2.91 2.91           LR991028.1  23610401  23611670 (5786834) +               Kuruka     Unspecified    3489    4758  (4075)    
  1644 34.78 1.69 1.79           LR991028.1  28461735  28462738 (935766) +               Kuruka     Unspecified    3582    4584  (4249)    
   231 22.00 0.00 0.00           LR991029.1  13698201  13698250 (15161873) C               Kuruka     Unspecified  (4479)    4354    4305    
   844 35.52 3.55 3.64           LR991029.1  16353519  16354701 (12505422) +               Kuruka     Unspecified    3489    4670  (4163)    
  1681 35.22 1.49 1.60           LR991029.1  18463871  18464874 (10395249) C               Kuruka     Unspecified  (4249)    4584    3582    
   236 27.87 0.83 4.31           LR991029.1  19513183  19513302 (9346821) C               Kuruka     Unspecified  (4676)    4157    4042    
   609 37.25 1.71 1.87           LR991029.1  24576412  24577054 (4283069) +               Kuruka     Unspecified    3939    4580  (4253)    
  2495 31.01 2.85 2.94           LR991030.1   2464424   2465579 (26186501) C               Kuruka     Unspecified  (4190)    4643    3489    
   302 31.95 4.72 5.14           LR991030.1   6380333   6380586 (22271494) C               Kuruka     Unspecified  (4297)    4536    4284    
  1773 34.85 2.73 2.33           LR991030.1   7947059   7948339 (20703741) C               Kuruka     Unspecified  (4087)    4746    3461    
  1878 34.03 2.36 2.44           LR991030.1  10089889  10091159 (18560921) C               Kuruka     Unspecified  (4069)    4764    3495    
  1673 35.22 1.49 1.60           LR991030.1  12576873  12577876 (16074204) C               Kuruka     Unspecified  (4249)    4584    3582    
  1016 35.38 1.91 2.05           LR991030.1  15116886  15117618 (13534462) C               Kuruka     Unspecified  (4163)    4670    3939    
   295 33.15 1.55 1.55           LR991030.1  15117877  15118069 (13534011) C               Kuruka     Unspecified  (5153)    3680    3488    
   235 26.98 5.97 5.97           LR991030.1  15836135  15836268 (12815812) +               Kuruka     Unspecified    4403    4536  (4297)    
  1336 35.46 3.55 3.63           LR991030.1  18243316  18244667 (10407413) C               Kuruka     Unspecified  (3994)    4839    3489    
   288 32.52 3.14 3.54           LR991030.1  18941574  18941828 (9710252) C               Kuruka     Unspecified  (4297)    4536    4283    
   233 26.98 5.97 5.97           LR991030.1  25533458  25533591 (3118489) +               Kuruka     Unspecified    4403    4536  (4297)    
   271 31.11 5.07 2.24           LR991030.1  26793150  26793366 (1858714) +               Kuruka     Unspecified    3583    3805  (5028)    
   250 34.47 3.69 3.69           LR991030.1  26804697  26804940 (1847140) C               Kuruka     Unspecified  (5092)    3741    3498    
   294 32.88 2.38 3.79           LR991030.1  28243994  28244287 (407793) +               Kuruka     Unspecified    4089    4378  (4455)    
   315 34.90 3.69 3.69           LR991031.1    265913    266156 (27853897) C               Kuruka     Unspecified  (5092)    3741    3498    
  1620 34.88 1.69 1.79           LR991031.1    873160    874163 (27245890) +               Kuruka     Unspecified    3582    4584  (4249)    
  1984 34.25 2.28 2.36           LR991031.1   2098625   2099895 (26020158) C               Kuruka     Unspecified  (4069)    4764    3495    
  1688 35.22 1.49 1.60           LR991031.1   2400948   2401951 (25718102) C               Kuruka     Unspecified  (4249)    4584    3582    
   314 31.13 4.71 5.53           LR991031.1   5211011   5211265 (22908788) C               Kuruka     Unspecified  (4297)    4536    4284    
   282 31.97 1.63 0.81           LR991031.1   5437934   5438056 (22681997) C               Kuruka     Unspecified  (4234)    4599    4476    
  1624 34.88 1.69 1.79           LR991031.1   8867220   8868223 (19251830) +               Kuruka     Unspecified    3582    4584  (4249)    
   251 23.73 0.00 0.00           LR991031.1  16240376  16240434 (11879619) C               Kuruka     Unspecified  (4491)    4342    4284    
  1844 34.52 1.91 2.00           LR991031.1  17622958  17624107 (10495946) +               Kuruka     Unspecified    3489    4637  (4196)    
   229 24.53 0.00 0.00           LR991031.1  19418503  19418555 (8701498) C               Kuruka     Unspecified  (4499)    4334    4282    
   432 31.43 3.15 3.56           LR991031.1  22934986  22935239 (5184814) +               Kuruka     Unspecified    4284    4536  (4297)    
  1402 35.29 2.91 2.53           LR991031.1  23375701  23377040 (4743013) C               Kuruka     Unspecified  (3979)    4854    3510    
  2343 31.20 2.85 2.94           LR991031.1  23742505  23743660 (4376393) C               Kuruka     Unspecified  (4190)    4643    3489    
   235 24.56 0.00 0.00           LR991032.1   3244043   3244099 (24778360) +               Kuruka     Unspecified    4292    4348  (4485)    
   360 34.80 3.09 3.49           LR991032.1   7793151   7793409 (20229050) +               Kuruka     Unspecified    4278    4535  (4298)    
  1258 33.30 2.54 2.66           LR991032.1   8079985   8080811 (19941648) +               Kuruka     Unspecified    3939    4764  (4069)    
  2325 33.11 1.80 1.88           LR991032.1   8128013   8129237 (19893222) +               Kuruka     Unspecified    3447    4670  (4163)    
   295 33.10 1.36 1.36           LR991032.1  10915751  10915897 (17106562) +               Kuruka     Unspecified    3583    3729  (5104)    
   534 32.16 2.29 2.68           LR991032.1  12263047  12263308 (15759151) C               Kuruka     Unspecified  (4300)    4533    4273    
  1654 34.78 1.69 1.79           LR991032.1  12618786  12619789 (15402670) +               Kuruka     Unspecified    3582    4584  (4249)    
  1621 34.88 1.69 1.79           LR991032.1  12673205  12674208 (15348251) C               Kuruka     Unspecified  (4249)    4584    3582    
  2270 33.45 1.80 1.88           LR991032.1  17059215  17060439 (10962020) C               Kuruka     Unspecified  (4163)    4670    3447    
  1790 33.07 2.36 2.45           LR991032.1  20791182  20792365 (7230094) C               Kuruka     Unspecified  (4162)    4671    3489    
  1313 33.72 2.57 3.23           LR991032.1  20816559  20817649 (7204810) +               Kuruka     Unspecified    3495    4578  (4255)    
   483 35.74 1.07 1.43           LR991032.1  23549680  23549960 (4472499) C               Kuruka     Unspecified  (4279)    4554    4275    
   239 38.59 5.21 1.32           LR991032.1  23550409  23550773 (4471686) C               Kuruka     Unspecified  (5001)    3832    3454    
  2039 33.61 2.62 2.92           LR991032.1  27172734  27174106 (848353) +               Kuruka     Unspecified    3489    4857  (3976)    
   295 33.10 1.36 1.36           LR991033.1   4494649   4494795 (23443724) +               Kuruka     Unspecified    3583    3729  (5104)    
   251 23.73 0.00 0.00           LR991033.1   6797230   6797288 (21141231) C               Kuruka     Unspecified  (4491)    4342    4284    
  2300 34.45 1.73 1.81           LR991033.1   7297711   7298984 (20639535) C               Kuruka     Unspecified  (4073)    4760    3488    
   243 31.82 1.79 1.79           LR991033.1  11891313  11891424 (16047095) +               Kuruka     Unspecified    3596    3707  (5126)    
   265 30.49 0.00 0.00           LR991033.1  11891996  11892077 (16046442) +               Kuruka     Unspecified    4273    4354  (4479)    
  1624 34.88 1.69 1.79           LR991033.1  13186233  13187236 (14751283) +               Kuruka     Unspecified    3582    4584  (4249)    
  1695 35.22 1.49 1.60           LR991033.1  16076265  16077268 (11861251) +               Kuruka     Unspecified    3582    4584  (4249)    
   441 31.34 0.00 1.33           LR991033.1  16091397  16091548 (11846971) +               Kuruka     Unspecified    3582    3731  (5102)    
  1697 35.22 1.49 1.60           LR991033.1  16094376  16095379 (11843140) C               Kuruka     Unspecified  (4249)    4584    3582    
  1300 35.14 1.81 1.93           LR991033.1  16098881  16099710 (11838809) +               Kuruka     Unspecified    3756    4584  (4249)    
   738 33.25 3.84 3.84           LR991033.1  17545747  17546137 (10392382) +               Kuruka     Unspecified    3447    3837  (4996)    
  1275 35.39 2.28 1.73           LR991033.1  17546233  17547152 (10391367) +               Kuruka     Unspecified    3933    4857  (3976)    
  2435 33.31 2.07 2.15           LR991033.1  18864837  18866140 (9072379) +               Kuruka     Unspecified    3546    4848  (3985)    
   331 36.53 2.08 2.43           LR991033.1  20899955  20900243 (7038276) C               Kuruka     Unspecified  (4313)    4520    4233    
   251 23.73 0.00 0.00           LR991033.1  21008086  21008144 (6930375) +               Kuruka     Unspecified    4284    4342  (4491)    
   231 22.00 0.00 0.00           LR991033.1  24386477  24386526 (3551993) +               Kuruka     Unspecified    4305    4354  (4479)    
   233 24.56 0.00 0.00           LR991033.1  24964010  24964066 (2974453) C               Kuruka     Unspecified  (4485)    4348    4292    
   328 31.54 4.72 5.14           LR991033.1  25887690  25887943 (2050576) C               Kuruka     Unspecified  (4297)    4536    4284    
  1687 35.22 1.49 1.60           LR991033.1  26269265  26270268 (1668251) C               Kuruka     Unspecified  (4249)    4584    3582    
   819 35.62 3.55 3.64           LR991033.1  26827437  26828619 (1109900) +               Kuruka     Unspecified    3489    4670  (4163)    
   261 32.52 2.38 3.79           LR991033.1  27913998  27914291  (24228) C               Kuruka     Unspecified  (4455)    4378    4089    
   747 35.50 3.44 3.55           LR991034.1   6653637   6654594 (21197942) +               Kuruka     Unspecified    3489    4445  (4388)    
   283 33.10 1.36 1.36           LR991034.1   8267189   8267335 (19585201) C               Kuruka     Unspecified  (5104)    3729    3583    
   326 35.25 1.61 2.02           LR991034.1  11674277  11674525 (16178011) +               Kuruka     Unspecified    4273    4520  (4313)    
  1040 35.52 1.91 2.05           LR991034.1  12107989  12108721 (15743815) C               Kuruka     Unspecified  (4163)    4670    3939    
   322 33.15 1.55 1.55           LR991034.1  12108980  12109172 (15743364) C               Kuruka     Unspecified  (5153)    3680    3488    
   449 31.02 3.15 3.56           LR991034.1  15871693  15871946 (11980590) C               Kuruka     Unspecified  (4297)    4536    4284    
   225 24.98 8.26 7.38           LR991034.1  21193344  21193464 (6659072) +               Kuruka     Unspecified    3876    3997  (4836)    
   268 31.97 1.63 0.81           LR991034.1  22447503  22447625 (5404911) C               Kuruka     Unspecified  (4234)    4599    4476    
  2281 34.19 1.88 2.04           LR991034.1  22450904  22452178 (5400358) +               Kuruka     Unspecified    3488    4760  (4073)    
  1689 35.22 1.49 1.60           LR991034.1  24041096  24042099 (3810437) +               Kuruka     Unspecified    3582    4584  (4249)    
  1630 34.43 3.28 2.88           LR991034.1  25118658  25119937 (2732599) +               Kuruka     Unspecified    3461    4745  (4088)    
   292 23.94 0.00 0.00           LR991035.1   2046562   2046632 (25191789) +               Kuruka     Unspecified    4284    4354  (4479)    
   234 23.73 0.00 0.00           LR991035.1   3315318   3315376 (23923045) C               Kuruka     Unspecified  (4491)    4342    4284    
   287 34.16 3.51 4.12           LR991035.1   6919556   6919726 (20318695) C               Kuruka     Unspecified  (4369)    4464    4295    
   639 33.34 3.00 3.23           LR991035.1   8348203   8348636 (18889785) C               Kuruka     Unspecified  (4075)    4758    4326    
   493 33.54 0.00 0.00           LR991035.1   8348631   8348794 (18889627) C               Kuruka     Unspecified  (5181)    3652    3489    
  1695 35.22 1.49 1.60           LR991035.1   8423986   8424989 (18813432) +               Kuruka     Unspecified    3582    4584  (4249)    
   406 35.97 4.25 3.55           LR991035.1  10079719  10080306 (17158115) +               Kuruka     Unspecified    3580    4171  (4662)    
  2036 34.01 2.61 2.91           LR991035.1  10091013  10092390 (17146031) C               Kuruka     Unspecified  (3976)    4857    3484    
  1544 36.31 2.76 2.38           LR991035.1  11799996  11801335 (15437086) C               Kuruka     Unspecified  (3979)    4854    3510    
   823 33.21 2.00 2.00           LR991035.1  13392102  13392651 (13845770) +               Kuruka     Unspecified    3510    4059  (4774)    
  2150 33.11 1.96 2.57           LR991035.1  16131758  16132932 (11105489) C               Kuruka     Unspecified  (4163)    4670    3503    
   313 32.52 2.38 3.79           LR991035.1  22933121  22933414 (4305007) +               Kuruka     Unspecified    4089    4378  (4455)    
  1246 36.09 2.42 1.98           LR991035.1  24575714  24576869 (2661552) C               Kuruka     Unspecified  (4163)    4670    3510    
   246 24.56 0.00 0.00           LR991036.1    272434    272490 (26726621) +               Kuruka     Unspecified    4292    4348  (4485)    
  2340 33.36 1.80 1.88           LR991036.1   1815684   1816908 (25182203) C               Kuruka     Unspecified  (4163)    4670    3447    
   286 31.14 1.63 0.81           LR991036.1   8993633   8993755 (18005356) C               Kuruka     Unspecified  (4234)    4599    4476    
   328 31.54 4.72 5.14           LR991036.1  12038897  12039150 (14959961) +               Kuruka     Unspecified    4284    4536  (4297)    
   278 33.10 2.05 2.76           LR991036.1  12666261  12666406 (14332705) C               Kuruka     Unspecified  (4402)    4431    4287    
   253 32.79 1.63 0.81           LR991036.1  12837203  12837325 (14161786) +               Kuruka     Unspecified    4476    4599  (4234)    
  2291 33.38 2.36 2.44           LR991036.1  13243758  13245071 (13754040) C               Kuruka     Unspecified  (3985)    4848    3536    
   241 24.56 0.00 0.00           LR991036.1  15903908  15903964 (11095147) C               Kuruka     Unspecified  (4485)    4348    4292    
   295 33.10 1.36 1.36           LR991036.1  15917679  15917825 (11081286) +               Kuruka     Unspecified    3583    3729  (5104)    
   372 29.61 0.00 0.80           LR991036.1  25524796  25524921 (1474190) C               Kuruka     Unspecified  (4417)    4416    4292    
   290 34.16 3.51 4.12           LR991037.1   2027956   2028126 (24808354) C               Kuruka     Unspecified  (4369)    4464    4295    
   290 34.16 3.51 4.12           LR991037.1   2032230   2032400 (24804080) C               Kuruka     Unspecified  (4369)    4464    4295    
  2323 33.39 1.63 1.72           LR991037.1   3127557   3128781 (23707699) C               Kuruka     Unspecified  (4163)    4670    3447    
   274 28.71 4.21 1.02           LR991037.1   5371284   5371378 (21465102) C               Kuruka     Unspecified  (4449)    4384    4287    
   268 35.87 0.00 0.69           LR991037.1   8476570   8476715 (18359765) +               Kuruka     Unspecified    4287    4431  (4402)    
  2204 33.31 2.45 2.79           LR991037.1  11763356  11764541 (15071939) C               Kuruka     Unspecified  (4163)    4670    3489    
  1748 35.22 2.91 2.53           LR991037.1  16076246  16077585 (10758895) +               Kuruka     Unspecified    3510    4854  (3979)    
  2029 33.68 2.62 2.92           LR991037.1  18997900  18999272 (7837208) +               Kuruka     Unspecified    3489    4857  (3976)    
   268 31.97 1.63 0.81           LR991037.1  24102919  24103041 (2733439) C               Kuruka     Unspecified  (4234)    4599    4476    
   338 31.81 6.35 6.59           LR991037.1  24484958  24485398 (2351082) +               Kuruka     Unspecified    3938    4377  (4456)    
  1635 34.38 1.99 2.19           LR991037.1  25602191  25603195 (1233285) +               Kuruka     Unspecified    3582    4584  (4249)    
   233 26.98 5.97 5.97           LR991037.1  25638339  25638472 (1198008) C               Kuruka     Unspecified  (4297)    4536    4403    
  1610 35.62 2.48 2.03           LR991038.1    794922    796050 (25810060) C               Kuruka     Unspecified  (4190)    4643    3510    
   830 35.99 2.18 2.34           LR991038.1   2665855   2666497 (23939613) C               Kuruka     Unspecified  (4253)    4580    3939    
   330 30.22 4.91 3.98           LR991038.1   2666757   2666980 (23939130) C               Kuruka     Unspecified  (5154)    3679    3454    
   251 23.73 0.00 0.00           LR991038.1   5123510   5123568 (21482542) C               Kuruka     Unspecified  (4491)    4342    4284    
   295 33.15 1.55 1.55           LR991038.1   8011484   8011676 (18594434) +               Kuruka     Unspecified    3488    3680  (5153)    
  1005 35.38 1.91 2.05           LR991038.1   8011935   8012667 (18593443) +               Kuruka     Unspecified    3939    4670  (4163)    
  2364 34.08 1.81 1.89           LR991038.1   8205992   8207265 (18398845) C               Kuruka     Unspecified  (4073)    4760    3488    
   251 23.73 0.00 0.00           LR991038.1   9431407   9431465 (17174645) +               Kuruka     Unspecified    4284    4342  (4491)    
   266 17.77 0.71 15.57           LR991038.1  11844068  11844207 (14761903) C               Kuruka     Unspecified  (1519)    7314    7193    
   233 24.56 0.00 0.00           LR991038.1  13578669  13578725 (13027385) +               Kuruka     Unspecified    4292    4348  (4485)    
   225 24.98 8.26 7.38           LR991038.1  14321539  14321659 (12284451) C               Kuruka     Unspecified  (4836)    3997    3876    
  1622 34.88 1.69 1.79           LR991038.1  22421224  22422227 (4183883) +               Kuruka     Unspecified    3582    4584  (4249)    
   250 22.81 0.00 0.00           LR991038.1  25026250  25026306 (1579804) +               Kuruka     Unspecified    4292    4348  (4485)    
   313 32.52 2.38 3.79           LR991038.1  26443140  26443433 (162677) C               Kuruka     Unspecified  (4455)    4378    4089    
   313 32.52 2.38 3.79           LR991038.1  26450600  26450893 (155217) C               Kuruka     Unspecified  (4455)    4378    4089    
   360 34.80 3.09 3.49           LR991039.1   1901687   1901945 (24123020) +               Kuruka     Unspecified    4278    4535  (4298)    
   249 34.88 1.53 1.53           LR991039.1   4545726   4545856 (21479109) C               Kuruka     Unspecified  (4479)    4354    4224    
   362 30.64 5.07 2.24           LR991039.1   5173848   5174064 (20850901) +               Kuruka     Unspecified    3583    3805  (5028)    
   360 34.80 3.09 3.49           LR991039.1   6163787   6164045 (19860920) C               Kuruka     Unspecified  (4298)    4535    4278    
   246 24.56 0.00 0.00           LR991039.1   7485392   7485448 (18539517) +               Kuruka     Unspecified    4292    4348  (4485)    
   295 33.10 1.36 1.36           LR991039.1   9484821   9484967 (16539998) C               Kuruka     Unspecified  (5104)    3729    3583    
  1424 35.22 2.91 2.53           LR991039.1  10124794  10126133 (15898832) +               Kuruka     Unspecified    3510    4854  (3979)    
  1980 33.40 1.07 1.16           LR991039.1  10952826  10953949 (15071016) +               Kuruka     Unspecified    3536    4658  (4175)    
  2199 32.96 3.22 3.54           LR991039.1  11569089  11570362 (14454603) C               Kuruka     Unspecified  (4075)    4758    3489    
  2370 32.87 2.38 2.46           LR991039.1  12676484  12677787 (13347178) +               Kuruka     Unspecified    3546    4848  (3985)    
  1687 35.22 1.49 1.60           LR991039.1  13508790  13509793 (12515172) +               Kuruka     Unspecified    3582    4584  (4249)    
   295 33.10 1.36 1.36           LR991039.1  13554832  13554978 (12469987) C               Kuruka     Unspecified  (5104)    3729    3583    
   283 33.10 1.36 1.36           LR991039.1  17857913  17858059 (8166906) +               Kuruka     Unspecified    3583    3729  (5104)    
   235 34.65 2.36 0.00           LR991039.1  18650802  18650928 (7374037) C               Kuruka     Unspecified  (4479)    4354    4225    
   331 36.53 2.08 2.43           LR991039.1  18719500  18719788 (7305177) C               Kuruka     Unspecified  (4313)    4520    4233    
  1657 36.01 2.76 2.38           LR991039.1  19260602  19261941 (6763024) C               Kuruka     Unspecified  (3979)    4854    3510    
  1673 35.33 1.49 1.60           LR991039.1  20103475  20104478 (5920487) C               Kuruka     Unspecified  (4249)    4584    3582    
   288 32.94 2.33 2.92           LR991039.1  23401424  23401595 (2623370) C               Kuruka     Unspecified  (4376)    4457    4287    
   301 35.03 0.00 0.00           LR991039.1  25594360  25594516 (430449) +               Kuruka     Unspecified    3583    3739  (5094)    
   295 33.15 1.55 1.55           LR991040.1   1265524   1265716 (23112027) +               Kuruka     Unspecified    3488    3680  (5153)    
  1034 35.24 1.91 2.05           LR991040.1   1265975   1266707 (23111036) +               Kuruka     Unspecified    3939    4670  (4163)    
   298 32.41 1.36 1.36           LR991040.1   3352102   3352248 (21025495) C               Kuruka     Unspecified  (5104)    3729    3583    
  1709 35.12 1.49 1.60           LR991040.1   3616986   3617989 (20759754) +               Kuruka     Unspecified    3582    4584  (4249)    
  1621 34.88 1.69 1.79           LR991040.1   7639799   7640802 (16736941) +               Kuruka     Unspecified    3582    4584  (4249)    
   379 31.02 3.15 3.56           LR991040.1   8126958   8127211 (16250532) C               Kuruka     Unspecified  (4297)    4536    4284    
   360 34.80 3.09 3.49           LR991040.1   8710087   8710345 (15667398) C               Kuruka     Unspecified  (4298)    4535    4278    
   236 24.53 0.00 0.00           LR991040.1  13531635  13531687 (10846056) C               Kuruka     Unspecified  (4499)    4334    4282    
   260 32.79 1.63 0.81           LR991040.1  21910112  21910234 (2467509) C               Kuruka     Unspecified  (4234)    4599    4476    
   324 35.66 1.61 2.02           LR991040.1  23876971  23877219 (500524) +               Kuruka     Unspecified    4273    4520  (4313)    
  1661 35.33 1.49 1.60           LR991041.1   2006112   2007115 (20854383) C               Kuruka     Unspecified  (4249)    4584    3582    
   301 31.93 2.61 3.00           LR991041.1   4178410   4178677 (18682821) +               Kuruka     Unspecified    4089    4355  (4478)    
   231 27.54 0.00 0.00           LR991041.1   4247968   4248036 (18613462) +               Kuruka     Unspecified    4286    4354  (4479)    
  1621 34.88 1.69 1.79           LR991041.1  10531252  10532255 (12329243) C               Kuruka     Unspecified  (4249)    4584    3582    
   225 24.98 8.26 7.38           LR991041.1  13214711  13214831 (9646667) +               Kuruka     Unspecified    3876    3997  (4836)    
  2224 34.51 1.88 1.96           LR991041.1  14724647  14725920 (8135578) C               Kuruka     Unspecified  (4073)    4760    3488    
   324 35.66 1.61 2.02           LR991041.1  16259538  16259786 (6601712) C               Kuruka     Unspecified  (4313)    4520    4273    
   801 36.02 3.21 3.30           LR991041.1  16753743  16754925 (6106573) C               Kuruka     Unspecified  (4163)    4670    3489    
   288 32.52 3.14 3.54           LR991041.1  17724608  17724862 (5136636) C               Kuruka     Unspecified  (4297)    4536    4283    
   283 31.81 6.35 6.59           LR991041.1  17981478  17981918 (4879580) C               Kuruka     Unspecified  (4456)    4377    3938    
  1352 34.88 1.69 1.79           LR991041.1  18305566  18306569 (4554929) C               Kuruka     Unspecified  (4249)    4584    3582    
   225 24.98 8.26 7.38           LR991041.1  20941212  20941332 (1920166) C               Kuruka     Unspecified  (4836)    3997    3876    
  1417 35.29 2.91 2.53           LR991041.1  22488472  22489811 (371687) +               Kuruka     Unspecified    3510    4854  (3979)    
   340 30.22 4.91 3.98           LR991042.1   6357884   6358107 (16448510) +               Kuruka     Unspecified    3454    3679  (5154)    
   860 36.61 1.71 1.87           LR991042.1   6358367   6359009 (16447608) +               Kuruka     Unspecified    3939    4580  (4253)    
  2173 33.55 2.59 2.91           LR991042.1  11405591  11406864 (11399753) +               Kuruka     Unspecified    3489    4758  (4075)    
   484 36.22 3.30 3.38           LR991042.1  11507160  11508342 (11298275) +               Kuruka     Unspecified    3489    4670  (4163)    
  2134 33.22 2.45 2.79           LR991042.1  11888990  11890175 (10916442) +               Kuruka     Unspecified    3489    4670  (4163)    
  1637 34.78 1.69 1.79           LR991042.1  11921719  11922722 (10883895) C               Kuruka     Unspecified  (4249)    4584    3582    
  1365 34.78 1.69 1.79           LR991042.1  12056672  12057675 (10748942) C               Kuruka     Unspecified  (4249)    4584    3582    
   359 32.66 4.96 3.00           LR991042.1  18192180  18192441 (4614176) C               Kuruka     Unspecified  (4987)    3846    3580    
  1305 35.09 1.69 1.79           LR991042.1  22309636  22310639 (495978) +               Kuruka     Unspecified    3582    4584  (4249)    
  1703 35.12 1.49 1.60           LR991043.1   4181494   4182497 (17899184) C               Kuruka     Unspecified  (4249)    4584    3582    
   328 31.54 4.72 5.14           LR991043.1   4843597   4843850 (17237831) +               Kuruka     Unspecified    4284    4536  (4297)    
   225 25.01 3.81 4.81           LR991043.1   5261528   5261632 (16820049) +               Kuruka     Unspecified    4283    4386  (4447)    
  1782 33.31 2.02 2.45           LR991043.1   5734200   5735387 (16346294) C               Kuruka     Unspecified  (4162)    4671    3489    
  2133 33.68 2.62 2.92           LR991043.1   7146503   7147875 (14933806) +               Kuruka     Unspecified    3489    4857  (3976)    
   307 38.21 1.11 1.48           LR991043.1   8538524   8538794 (13542887) C               Kuruka     Unspecified  (4300)    4533    4264    
  1629 34.88 1.69 1.79           LR991043.1   9145454   9146457 (12935224) +               Kuruka     Unspecified    3582    4584  (4249)    
  2208 34.80 1.81 1.89           LR991043.1  12497357  12498630 (9583051) +               Kuruka     Unspecified    3488    4760  (4073)    
   360 34.80 3.09 3.49           LR991043.1  13232910  13233168 (8848513) C               Kuruka     Unspecified  (4298)    4535    4278    
   319 33.44 4.96 3.00           LR991044.1    253540    253801 (18956073) C               Kuruka     Unspecified  (4987)    3846    3580    
   831 35.99 2.18 2.34           LR991044.1   5758930   5759572 (13450302) C               Kuruka     Unspecified  (4253)    4580    3939    
   330 30.22 4.91 3.98           LR991044.1   5759832   5760055 (13449819) C               Kuruka     Unspecified  (5154)    3679    3454    
   888 33.83 2.75 2.00           LR991044.1   7252159   7252704 (11957170) C               Kuruka     Unspecified  (4774)    4059    3510    
  2012 33.68 2.62 2.92           LR991044.1   9418883   9420255 (9789619) C               Kuruka     Unspecified  (3976)    4857    3489    
   288 32.94 2.33 2.92           LR991045.1   1105709   1105880 (17909581) +               Kuruka     Unspecified    4287    4457  (4376)    
   353 32.65 5.19 5.54           LR991045.1   9182302   9182609 (9832852) C               Kuruka     Unspecified  (4297)    4536    4230    
  1693 35.33 1.49 1.60           LR991045.1  10452459  10453462 (8561999) +               Kuruka     Unspecified    3582    4584  (4249)    
   303 33.15 1.55 1.55           LR991045.1  11513063  11513255 (7502206) +               Kuruka     Unspecified    3488    3680  (5153)    
  1046 35.38 1.91 2.05           LR991045.1  11513514  11514246 (7501215) +               Kuruka     Unspecified    3939    4670  (4163)    
   769 36.63 2.18 2.34           LR991045.1  13829944  13830586 (5184875) C               Kuruka     Unspecified  (4253)    4580    3939    
   328 31.54 4.72 5.14           LR991045.1  13990519  13990772 (5024689) C               Kuruka     Unspecified  (4297)    4536    4284    
   229 24.53 0.00 0.00           LR991045.1  14098668  14098720 (4916741) +               Kuruka     Unspecified    4282    4334  (4499)    
   238 26.80 6.73 6.73           LR991045.1  15691439  15691542 (3323919) +               Kuruka     Unspecified    4230    4333  (4500)    
  1644 34.78 1.69 1.79           LR991045.1  16982005  16983008 (2032453) +               Kuruka     Unspecified    3582    4584  (4249)    
   336 32.11 4.69 5.10           LR991045.1  17069507  17069762 (1945699) C               Kuruka     Unspecified  (4297)    4536    4282    
   345 37.83 1.11 1.48           LR991046.1   7030946   7031216 (10290964) +               Kuruka     Unspecified    4264    4533  (4300)    
   268 31.97 1.63 0.81           LR991046.1   9676831   9676953 (7645227) C               Kuruka     Unspecified  (4234)    4599    4476    
   354 35.03 0.00 0.00           LR991046.1   9740015   9740171 (7582009) +               Kuruka     Unspecified    3583    3739  (5094)    
   225 35.17 0.68 0.68           LR991046.1   9740455   9740600 (7581580) +               Kuruka     Unspecified    4026    4171  (4662)    
   354 35.03 0.00 0.00           LR991046.1   9745880   9746036 (7576144) +               Kuruka     Unspecified    3583    3739  (5094)    
   225 35.17 0.68 0.68           LR991046.1   9746320   9746465 (7575715) +               Kuruka     Unspecified    4026    4171  (4662)    
  1711 35.12 1.49 1.60           LR991046.1  11474056  11475059 (5847121) +               Kuruka     Unspecified    3582    4584  (4249)    
   475 32.79 2.39 2.80           LR991046.1  13483231  13483481 (3838699) C               Kuruka     Unspecified  (4311)    4522    4273    
  2109 33.31 2.45 2.79           LR991046.1  15928806  15929991 (1392189) C               Kuruka     Unspecified  (4163)    4670    3489    
  1263 34.02 2.53 3.26           LR991046.1  17239865  17240575  (81605) +               Kuruka     Unspecified    3510    4215  (4618)    
   613 36.06 3.82 2.88           LR991046.1  17240938  17241591  (80589) +               Kuruka     Unspecified    4195    4854  (3979)    
  1951 34.55 2.00 2.09           LR991047.1   1354329   1355478 (15391035) +               Kuruka     Unspecified    3489    4637  (4196)    
   255 31.95 4.72 5.14           LR991047.1   1552026   1552279 (15194234) +               Kuruka     Unspecified    4284    4536  (4297)    
   831 35.84 3.21 3.30           LR991047.1   2420867   2422049 (14324464) +               Kuruka     Unspecified    3489    4670  (4163)    
  2135 33.57 2.19 2.62           LR991047.1   2924201   2925387 (13821126) C               Kuruka     Unspecified  (4163)    4670    3489    
   235 24.56 0.00 0.00           LR991047.1   3085006   3085062 (13661451) C               Kuruka     Unspecified  (4485)    4348    4292    
   320 35.87 0.00 0.69           LR991047.1   4952778   4952923 (11793590) C               Kuruka     Unspecified  (4402)    4431    4287    
  1716 35.12 1.49 1.60           LR991047.1   6111911   6112914 (10633599) +               Kuruka     Unspecified    3582    4584  (4249)    
   298 32.41 1.36 1.36           LR991047.1  13696015  13696161 (3050352) +               Kuruka     Unspecified    3583    3729  (5104)    
  2131 33.74 1.77 1.86           LR991047.1  15847914  15849097 (897416) C               Kuruka     Unspecified  (4162)    4671    3489    
   238 29.58 0.00 0.00           LR991047.1  15850917  15850987 (895526) C               Kuruka     Unspecified  (7033)    1800    1730    
   313 38.58 1.11 1.48           LR991047.1  16159803  16160073 (586440) C               Kuruka     Unspecified  (4300)    4533    4264    
  1352 34.88 1.69 1.79           LR991047.1  16743366  16744369   (2144) +               Kuruka     Unspecified    3582    4584  (4249)    
  1621 34.88 1.69 1.79           LR991048.1    308960    309963 (15554895) C               Kuruka     Unspecified  (4249)    4584    3582    
  2099 33.53 1.94 2.03           LR991048.1    402580    403763 (15461095) C               Kuruka     Unspecified  (4162)    4671    3489    
   238 29.58 0.00 0.00           LR991048.1    405449    405519 (15459339) C               Kuruka     Unspecified  (7033)    1800    1730    
   268 31.97 1.63 0.81           LR991048.1   1995017   1995139 (13869719) +               Kuruka     Unspecified    4476    4599  (4234)    
   315 34.39 0.00 0.00           LR991048.1   8144558   8144714 (7720144) +               Kuruka     Unspecified    3583    3739  (5094)    
   288 32.94 2.33 2.92           LR991048.1  10990715  10990886 (4873972) C               Kuruka     Unspecified  (4376)    4457    4287    
   271 36.73 0.56 0.56           LR991048.1  11172094  11172271 (4692587) +               Kuruka     Unspecified    3933    4110  (4723)    
   596 34.97 1.77 2.99           LR991048.1  11172388  11172726 (4692132) +               Kuruka     Unspecified    4227    4561  (4272)    
   468 32.81 2.54 2.54           LR991048.1  11817877  11818073 (4046785) +               Kuruka     Unspecified    3489    3685  (5148)    
  1667 33.70 2.48 2.84           LR991048.1  11821155  11822284 (4042574) +               Kuruka     Unspecified    3732    4857  (3976)    
   328 31.54 4.72 5.14           LR991048.1  13916957  13917210 (1947648) +               Kuruka     Unspecified    4284    4536  (4297)    
   331 36.53 2.08 2.43           LR991049.1   6309873   6310161 (8490100) +               Kuruka     Unspecified    4233    4520  (4313)    
  1734 35.02 1.49 1.60           LR991049.1   8590058   8591061 (6209200) +               Kuruka     Unspecified    3582    4584  (4249)    
   359 35.62 0.62 0.00           LR991049.1  11936454  11936613 (2863648) +               Kuruka     Unspecified    3580    3740  (5093)    
   237 33.52 7.88 3.96           LR991049.1  14289629  14289920 (510341) C               Kuruka     Unspecified  (4267)    4566    4264    
   271 34.45 2.07 1.65           LR991049.1  14605747  14605988 (194273) +               Kuruka     Unspecified    3444    3686  (5147)    
   491 31.95 3.17 4.37           LR991049.1  14606504  14606850 (193411) +               Kuruka     Unspecified    4214    4556  (4277)    
  1173 30.52 1.70 1.70           LR991050.1   2285627   2286096 (5405871) C               Kuruka     Unspecified  (4818)    4015    3546    
   259 32.74 0.88 0.00           LR991050.1   3578552   3578664 (4113303) C               Kuruka     Unspecified  (4456)    4377    4264    
   235 24.56 0.00 0.00           LR991050.1   3747380   3747436 (3944531) C               Kuruka     Unspecified  (4485)    4348    4292    
  1523 33.78 3.09 2.44           LR991050.1   4734007   4735268 (2956699) +               Kuruka     Unspecified    3495    4764  (4069)    
  1352 34.88 1.69 1.79           LR991050.1   6046462   6047465 (1644502) +               Kuruka     Unspecified    3582    4584  (4249)    
   283 33.10 1.36 1.36           LR991050.1   6379839   6379985 (1311982) +               Kuruka     Unspecified    3583    3729  (5104)    
   295 33.10 1.36 1.36           LR991050.1   6462058   6462204 (1229763) C               Kuruka     Unspecified  (5104)    3729    3583    
   408 33.05 4.96 3.00           LR991050.1   6726195   6726456 (965511) C               Kuruka     Unspecified  (4987)    3846    3580    
  2144 33.22 2.45 2.79           LR991050.1   6933783   6934968 (756999) C               Kuruka     Unspecified  (4163)    4670    3489    
  1956 33.14 1.77 1.86           LR991050.1   7444042   7445225 (246742) C               Kuruka     Unspecified  (4163)    4670    3488    
