   248 9.62 15.38 0.00           OX453289.1   8093924   8093975 (29256367) +               Kuruka     Unspecified    7389    7448  (1385)    
   230 33.93 0.88 0.88           OX453289.1  12946053  12946165 (24404177) C               Kuruka     Unspecified  (5133)    3700    3588    
   411 30.75 5.47 3.45           OX453289.1  13001794  13002049 (24348293) C               Kuruka     Unspecified  (4988)    3845    3585    
   278 35.83 2.77 3.34           OX453289.1  13126311  13126671 (24223671) +               Kuruka     Unspecified    3990    4348  (4485)    
  1270 32.80 4.56 2.74           OX453289.1  13170663  13171452 (24178890) C               Kuruka     Unspecified  (4073)    4760    3957    
   821 31.85 4.66 1.13           OX453289.1  13171548  13171890 (24178452) C               Kuruka     Unspecified  (5001)    3832    3478    
   274 28.58 1.08 2.17           OX453289.1  13483176  13483268 (23867074) C               Kuruka     Unspecified  (4459)    4374    4283    
   274 28.58 1.08 2.17           OX453289.1  13491359  13491451 (23858891) C               Kuruka     Unspecified  (4459)    4374    4283    
   292 36.43 2.37 2.37           OX453289.1  13677777  13678029 (23672313) +               Kuruka     Unspecified    3582    3834  (4999)    
   566 33.74 4.70 1.68           OX453289.1  13811878  13812281 (23538061) +               Kuruka     Unspecified    3939    4354  (4479)    
   252 25.76 0.00 0.00           OX453289.1  13827659  13827724 (23522618) +               Kuruka     Unspecified    4283    4348  (4485)    
   309 38.91 0.39 0.39           OX453289.1  13915449  13915706 (23434636) +               Kuruka     Unspecified    3583    3840  (4993)    
   309 38.91 0.39 0.39           OX453289.1  13927014  13927271 (23423071) +               Kuruka     Unspecified    3583    3840  (4993)    
   322 38.52 0.39 0.39           OX453289.1  13942407  13942664 (23407678) +               Kuruka     Unspecified    3583    3840  (4993)    
   322 38.52 0.39 0.39           OX453289.1  13953417  13953674 (23396668) +               Kuruka     Unspecified    3583    3840  (4993)    
   322 38.52 0.39 0.39           OX453289.1  13964426  13964683 (23385659) +               Kuruka     Unspecified    3583    3840  (4993)    
   382 31.40 3.20 3.20           OX453289.1  14440866  14441115 (22909227) C               Kuruka     Unspecified  (4999)    3834    3585    
   369 30.44 9.96 1.85           OX453289.1  15041521  15041771 (22308571) C               Kuruka     Unspecified  (4274)    4559    4289    
   538 30.55 3.45 3.45           OX453289.1  15042208  15042468 (22307874) C               Kuruka     Unspecified  (4988)    3845    3585    
   474 31.75 3.45 3.45           OX453289.1  15069396  15069656 (22280686) +               Kuruka     Unspecified    3585    3845  (4988)    
   393 31.82 3.20 3.20           OX453289.1  15224719  15224968 (22125374) C               Kuruka     Unspecified  (4999)    3834    3585    
   338 33.61 5.16 5.16           OX453289.1  15284745  15285384 (22064958) C               Kuruka     Unspecified  (4500)    4333    3694    
   261 34.72 4.92 4.28           OX453289.1  15317935  15318259 (22032083) +               Kuruka     Unspecified    4219    4545  (4288)    
   285 32.20 7.61 4.36           OX453289.1  15355799  15356087 (21994255) +               Kuruka     Unspecified    4289    4586  (4247)    
   415 37.40 0.39 0.39           OX453289.1  15421828  15422082 (21928260) +               Kuruka     Unspecified    3580    3834  (4999)    
   372 19.54 3.33 3.33           OX453289.1  15469924  15470013 (21880329) C               Kuruka     Unspecified  (4988)    3845    3756    
   461 31.20 4.21 4.21           OX453289.1  15478986  15479246 (21871096) C               Kuruka     Unspecified  (4988)    3845    3585    
   413 35.32 3.37 3.37           OX453289.1  15504728  15505143 (21845199) C               Kuruka     Unspecified  (4485)    4348    3933    
   395 35.58 3.37 3.37           OX453289.1  15510038  15510453 (21839889) C               Kuruka     Unspecified  (4485)    4348    3933    
   394 35.58 3.37 3.37           OX453289.1  15518114  15518529 (21831813) C               Kuruka     Unspecified  (4485)    4348    3933    
   413 35.32 3.37 3.37           OX453289.1  15523382  15523797 (21826545) C               Kuruka     Unspecified  (4485)    4348    3933    
   398 35.58 3.37 3.37           OX453289.1  15528691  15529106 (21821236) C               Kuruka     Unspecified  (4485)    4348    3933    
   409 35.32 3.37 3.37           OX453289.1  15533997  15534412 (21815930) C               Kuruka     Unspecified  (4485)    4348    3933    
   409 35.32 3.37 3.37           OX453289.1  15539298  15539713 (21810629) C               Kuruka     Unspecified  (4485)    4348    3933    
   400 33.67 4.33 4.33           OX453289.1  15544605  15545020 (21805322) C               Kuruka     Unspecified  (4485)    4348    3933    
   382 33.19 3.91 3.50           OX453289.1  15750855  15751110 (21599232) C               Kuruka     Unspecified  (4988)    3845    3589    
   389 36.57 1.30 1.30           OX453289.1  15877032  15877261 (21473081) C               Kuruka     Unspecified  (4672)    4161    3932    
   499 31.19 4.23 3.83           OX453289.1  15907615  15907874 (21442468) +               Kuruka     Unspecified    3585    3845  (4988)    
   358 32.91 4.67 5.19           OX453289.1  16453323  16453729 (20896613) +               Kuruka     Unspecified    3908    4312  (4521)    
   473 35.31 2.37 2.37           OX453289.1  16477127  16477506 (20872836) C               Kuruka     Unspecified  (4503)    4330    3951    
   339 36.07 3.37 3.12           OX453289.1  16495155  16495569 (20854773) +               Kuruka     Unspecified    3933    4348  (4485)    
   313 32.83 7.16 4.66           OX453289.1  16581638  16582014 (20768328) +               Kuruka     Unspecified    3462    3847  (4986)    
   560 34.75 2.44 2.44           OX453289.1  16582142  16582551 (20767791) +               Kuruka     Unspecified    3939    4348  (4485)    
   232 27.14 0.00 0.00           OX453289.1  16582721  16582790 (20767552) +               Kuruka     Unspecified    4517    4586  (4247)    
   488 31.35 3.45 3.45           OX453289.1  16927772  16928032 (20422310) +               Kuruka     Unspecified    3585    3845  (4988)    
   488 31.35 3.45 3.45           OX453289.1  16946857  16947117 (20403225) +               Kuruka     Unspecified    3585    3845  (4988)    
   276 32.81 4.02 3.50           OX453289.1  17267513  17267711 (20082631) C               Kuruka     Unspecified  (4590)    4243    4044    
   276 32.81 4.02 3.50           OX453289.1  17281601  17281799 (20068543) +               Kuruka     Unspecified    4044    4243  (4590)    
   269 33.07 0.78 0.78           OX453289.1  17284335  17284462 (20065880) +               Kuruka     Unspecified    3588    3715  (5118)    
   654 36.47 2.77 2.94           OX453289.1  17284707  17285319 (20065023) +               Kuruka     Unspecified    3969    4580  (4253)    
   512 35.43 0.39 0.39           OX453289.1  17299037  17299291 (20051051) C               Kuruka     Unspecified  (4999)    3834    3580    
   410 38.09 2.94 3.09           OX453289.1  19265046  19265725 (18084617) +               Kuruka     Unspecified    3933    4611  (4222)    
   395 35.49 3.12 3.12           OX453289.1  19286688  19287103 (18063239) +               Kuruka     Unspecified    3933    4348  (4485)    
   395 35.49 3.12 3.12           OX453289.1  19302402  19302817 (18047525) +               Kuruka     Unspecified    3933    4348  (4485)    
   357 35.73 3.12 3.12           OX453289.1  19324429  19324844 (18025498) +               Kuruka     Unspecified    3933    4348  (4485)    
   394 33.47 4.04 4.43           OX453289.1  19478879  19479150 (17871192) +               Kuruka     Unspecified    4289    4559  (4274)    
   282 35.66 1.90 0.62           OX453289.1  19483504  19483661 (17866681) C               Kuruka     Unspecified  (4235)    4598    4439    
   296 36.54 3.60 0.39           OX453289.1  19484250  19484499 (17865843) C               Kuruka     Unspecified  (4993)    3840    3583    
   261 25.00 0.00 0.00           OX453289.1  19486874  19486945 (17863397) +               Kuruka     Unspecified    4047    4118  (4715)    
   511 33.46 1.53 1.92           OX453289.1  19525069  19525330 (17825012) +               Kuruka     Unspecified    3585    3845  (4988)    
   422 38.09 2.94 3.09           OX453289.1  19566249  19566928 (17783414) +               Kuruka     Unspecified    3933    4611  (4222)    
   757 32.14 4.29 0.00           OX453289.1  19593028  19593307 (17757035) +               Kuruka     Unspecified    3541    3832  (5001)    
   968 33.20 4.94 2.74           OX453289.1  19593438  19594044 (17756298) +               Kuruka     Unspecified    4052    4671  (4162)    
   428 37.93 2.94 3.09           OX453289.1  19623490  19624169 (17726173) C               Kuruka     Unspecified  (4222)    4611    3933    
   428 37.93 2.94 3.09           OX453289.1  19629280  19629959 (17720383) C               Kuruka     Unspecified  (4222)    4611    3933    
   428 37.93 2.94 3.09           OX453289.1  19638424  19639103 (17711239) C               Kuruka     Unspecified  (4222)    4611    3933    
   420 36.65 3.37 3.56           OX453289.1  19644904  19645466 (17704876) C               Kuruka     Unspecified  (4339)    4494    3933    
   261 34.29 3.48 3.48           OX453289.1  20160916  20161202 (17189140) C               Kuruka     Unspecified  (4500)    4333    4047    
   312 33.22 3.48 3.48           OX453289.1  20269728  20270014 (17080328) C               Kuruka     Unspecified  (4500)    4333    4047    
   356 33.33 3.57 3.57           OX453289.1  20411497  20411748 (16938594) C               Kuruka     Unspecified  (4999)    3834    3583    
   230 30.56 0.00 0.00           OX453289.1  20588239  20588310 (16762032) C               Kuruka     Unspecified  (4272)    4561    4490    
   287 24.36 1.27 1.27           OX453289.1  20694029  20694107 (16656235) +               Kuruka     Unspecified    3756    3834  (4999)    
   287 24.36 1.27 1.27           OX453289.1  20700582  20700660 (16649682) +               Kuruka     Unspecified    3756    3834  (4999)    
   287 24.36 1.27 1.27           OX453289.1  20707133  20707211 (16643131) +               Kuruka     Unspecified    3756    3834  (4999)    
   287 24.36 1.27 1.27           OX453289.1  20714412  20714490 (16635852) +               Kuruka     Unspecified    3756    3834  (4999)    
   287 24.36 1.27 1.27           OX453289.1  20721614  20721692 (16628650) +               Kuruka     Unspecified    3756    3834  (4999)    
  1515 33.07 2.96 4.08           OX453289.1  20743343  20744357 (16605985) C               Kuruka     Unspecified  (4073)    4760    3757    
   350 33.87 3.25 1.60           OX453289.1  20747385  20747630 (16602712) +               Kuruka     Unspecified    3585    3834  (4999)    
   294 31.81 2.46 2.46           OX453289.1  20865443  20865645 (16484697) +               Kuruka     Unspecified    4047    4249  (4584)    
   350 34.01 2.41 2.00           OX453289.1  20916927  20917175 (16433167) C               Kuruka     Unspecified  (4999)    3834    3585    
  1351 33.50 4.20 3.89           OX453289.1  20920785  20921784 (16428558) +               Kuruka     Unspecified    3757    4759  (4074)    
   236 29.33 0.97 4.00           OX453289.1  20938086  20938188 (16412154) +               Kuruka     Unspecified    3580    3679  (5154)    
   236 29.33 0.97 4.00           OX453289.1  20943719  20943821 (16406521) +               Kuruka     Unspecified    3580    3679  (5154)    
   235 31.88 8.40 4.63           OX453289.1  20949298  20949547 (16400795) +               Kuruka     Unspecified    3580    3838  (4995)    
   235 31.88 8.40 4.63           OX453289.1  20953776  20954025 (16396317) +               Kuruka     Unspecified    3580    3838  (4995)    
   235 31.88 8.40 4.63           OX453289.1  20958253  20958502 (16391840) +               Kuruka     Unspecified    3580    3838  (4995)    
   236 29.33 0.97 4.00           OX453289.1  20962180  20962282 (16388060) +               Kuruka     Unspecified    3580    3679  (5154)    
   236 29.33 0.97 4.00           OX453289.1  20967805  20967907 (16382435) +               Kuruka     Unspecified    3580    3679  (5154)    
   235 31.88 8.40 4.63           OX453289.1  20973384  20973633 (16376709) +               Kuruka     Unspecified    3580    3838  (4995)    
   235 31.88 8.40 4.63           OX453289.1  20977862  20978111 (16372231) +               Kuruka     Unspecified    3580    3838  (4995)    
   235 31.88 8.40 4.63           OX453289.1  20982339  20982588 (16367754) +               Kuruka     Unspecified    3580    3838  (4995)    
   235 31.88 8.40 4.63           OX453289.1  20986266  20986515 (16363827) +               Kuruka     Unspecified    3580    3838  (4995)    
   291 20.55 2.67 2.67           OX453289.1  21022192  21022266 (16328076) C               Kuruka     Unspecified  (5001)    3832    3758    
   596 31.63 3.62 3.28           OX453289.1  21114006  21114309 (16236033) C               Kuruka     Unspecified  (4330)    4503    4199    
   245 36.37 4.59 4.43           OX453289.1  21123993  21124645 (16225697) C               Kuruka     Unspecified  (4587)    4246    3593    
   237 33.33 0.00 0.00           OX453289.1  21139288  21139359 (16210983) C               Kuruka     Unspecified  (5177)    3656    3585    
   261 32.56 4.51 0.72           OX453289.1  21150134  21150266 (16200076) C               Kuruka     Unspecified  (5108)    3725    3588    
   251 39.16 0.00 0.00           OX453289.1  21192703  21192868 (16157474) +               Kuruka     Unspecified    4047    4212  (4621)    
   361 35.67 0.00 0.00           OX453289.1  21256981  21257137 (16093205) C               Kuruka     Unspecified  (4274)    4559    4403    
   449 33.36 2.26 3.83           OX453289.1  21257676  21257940 (16092402) C               Kuruka     Unspecified  (4988)    3845    3585    
   263 33.98 0.63 1.91           OX453289.1  21262416  21262574 (16087768) C               Kuruka     Unspecified  (4274)    4559    4403    
   342 32.07 4.98 2.65           OX453289.1  21323687  21323907 (16026435) +               Kuruka     Unspecified    4220    4445  (4388)    
   235 30.10 0.00 0.97           OX453289.1  21354894  21354997 (15995345) C               Kuruka     Unspecified  (4684)    4149    4047    
   290 29.59 4.38 4.38           OX453289.1  21378247  21378497 (15971845) C               Kuruka     Unspecified  (4500)    4333    4083    
   290 29.59 4.38 4.38           OX453289.1  21387743  21387993 (15962349) C               Kuruka     Unspecified  (4500)    4333    4083    
   278 30.00 4.38 4.38           OX453289.1  21394826  21395076 (15955266) C               Kuruka     Unspecified  (4500)    4333    4083    
   289 29.95 5.46 7.67           OX453289.1  21407711  21408003 (15942339) +               Kuruka     Unspecified    4047    4333  (4500)    
   327 28.77 3.29 3.97           OX453289.1  21438257  21438408 (15911934) C               Kuruka     Unspecified  (4387)    4446    4296    
   246 29.41 3.11 3.11           OX453289.1  21645412  21645604 (15704738) C               Kuruka     Unspecified  (4989)    3844    3652    
   240 38.51 0.00 0.00           OX453289.1  21649494  21649654 (15700688) +               Kuruka     Unspecified    4052    4212  (4621)    
   246 24.77 4.55 4.55           OX453289.1  21655967  21656076 (15694266) C               Kuruka     Unspecified  (4500)    4333    4224    
   362 36.03 0.40 0.40           OX453289.1  21801770  21802017 (15548325) +               Kuruka     Unspecified    3587    3834  (4999)    
   449 35.83 0.39 0.39           OX453289.1  21813452  21813706 (15536636) +               Kuruka     Unspecified    3580    3834  (4999)    
   293 32.11 0.92 0.00           OX453289.1  21841692  21841800 (15508542) +               Kuruka     Unspecified    3587    3696  (5137)    
   245 32.56 0.00 0.00           OX453289.1  21870589  21870674 (15479668) +               Kuruka     Unspecified    3755    3840  (4993)    
   275 34.09 0.00 0.76           OX453289.1  22024746  22024878 (15325464) +               Kuruka     Unspecified    3547    3678  (5155)    
   290 32.65 0.00 0.00           OX453289.1  22042478  22042575 (15307767) +               Kuruka     Unspecified    3585    3682  (5151)    
   465 29.88 3.83 3.83           OX453289.1  22052813  22053073 (15297269) +               Kuruka     Unspecified    3585    3845  (4988)    
   290 32.65 0.00 0.00           OX453289.1  22065342  22065439 (15284903) +               Kuruka     Unspecified    3585    3682  (5151)    
   454 30.28 3.83 3.83           OX453289.1  22074903  22075163 (15275179) +               Kuruka     Unspecified    3585    3845  (4988)    
   467 29.88 3.83 3.83           OX453289.1  22119319  22119579 (15230763) C               Kuruka     Unspecified  (4988)    3845    3585    
   230 30.57 4.72 4.72           OX453289.1  22165748  22165874 (15184468) C               Kuruka     Unspecified  (4485)    4348    4222    
   262 21.92 2.67 2.67           OX453289.1  22166142  22166216 (15184126) C               Kuruka     Unspecified  (5001)    3832    3758    
   342 30.65 4.86 3.60           OX453289.1  22255546  22255792 (15094550) +               Kuruka     Unspecified    3585    3834  (4999)    
   413 36.55 0.40 0.40           OX453289.1  22318458  22318707 (15031635) +               Kuruka     Unspecified    3585    3834  (4999)    
   237 23.29 2.67 2.67           OX453289.1  22335173  22335247 (15015095) C               Kuruka     Unspecified  (5001)    3832    3758    
   237 23.29 2.67 2.67           OX453289.1  22341990  22342064 (15008278) C               Kuruka     Unspecified  (5001)    3832    3758    
   237 23.29 2.67 2.67           OX453289.1  22348807  22348881 (15001461) C               Kuruka     Unspecified  (5001)    3832    3758    
   268 33.91 5.36 5.85           OX453289.1  22387412  22387840 (14962502) C               Kuruka     Unspecified  (4500)    4333    3907    
   544 30.99 3.59 3.59           OX453289.1  22422947  22423197 (14927145) +               Kuruka     Unspecified    3595    3845  (4988)    
   244 30.77 5.26 5.26           OX453289.1  22541768  22542014 (14808328) +               Kuruka     Unspecified    4087    4333  (4500)    
   372 35.73 3.12 3.12           OX453289.1  22599911  22600326 (14750016) +               Kuruka     Unspecified    3933    4348  (4485)    
   259 21.92 2.67 2.67           OX453289.1  22620324  22620398 (14729944) +               Kuruka     Unspecified    3758    3832  (5001)    
   386 37.66 3.73 2.73           OX453289.1  22828916  22829532 (14520810) +               Kuruka     Unspecified    3933    4555  (4278)    
   501 32.51 1.62 1.62           OX453289.1  22877381  22877627 (14472715) +               Kuruka     Unspecified    3939    4185  (4648)    
   363 35.24 2.37 0.47           OX453289.1  22906088  22906298 (14444044) +               Kuruka     Unspecified    3620    3834  (4999)    
   229 40.36 0.00 0.00           OX453289.1  23019969  23020134 (14330208) C               Kuruka     Unspecified  (4621)    4212    4047    
   257 35.23 7.39 1.61           OX453289.1  23446246  23446597 (13903745) C               Kuruka     Unspecified  (5001)    3832    3461    
   262 32.27 3.12 5.10           OX453289.1  23460008  23460167 (13890175) +               Kuruka     Unspecified    3587    3743  (5090)    
   495 34.26 3.91 3.66           OX453289.1  23460391  23460799 (13889543) +               Kuruka     Unspecified    3939    4348  (4485)    
   230 37.01 2.09 2.09           OX453289.1  23669256  23669542 (13680800) C               Kuruka     Unspecified  (4500)    4333    4047    
   498 34.26 3.91 3.66           OX453289.1  23673959  23674367 (13675975) C               Kuruka     Unspecified  (4485)    4348    3939    
   287 32.18 8.27 4.56           OX453289.1  23674497  23674750 (13675592) C               Kuruka     Unspecified  (4984)    3849    3587    
   253 32.39 5.82 6.77           OX453289.1  23771936  23772382 (13577960) +               Kuruka     Unspecified    3932    4374  (4459)    
   251 31.52 0.00 0.00           OX453289.1  24920663  24920754 (12429588) +               Kuruka     Unspecified    4044    4135  (4698)    
   339 33.34 5.13 5.62           OX453289.1  24939796  24940224 (12410118) C               Kuruka     Unspecified  (4500)    4333    3907    
   311 33.59 5.13 5.62           OX453289.1  24945333  24945761 (12404581) C               Kuruka     Unspecified  (4500)    4333    3907    
   440 33.79 1.14 4.71           OX453290.1   7833797   7834060 (28334213) +               Kuruka     Unspecified    3580    3834  (4999)    
   242 38.46 0.00 0.00           OX453290.1  12933103  12933271 (23235002) C               Kuruka     Unspecified  (4621)    4212    4044    
  1027 33.04 3.25 4.18           OX453290.1  12971138  12971813 (23196460) C               Kuruka     Unspecified  (4390)    4443    3774    
   649 27.97 7.87 1.48           OX453290.1  12971814  12972067 (23196206) C               Kuruka     Unspecified  (5099)    3734    3465    
   245 33.02 0.93 0.93           OX453290.1  13444921  13445027 (22723246) C               Kuruka     Unspecified  (4674)    4159    4053    
   926 34.63 6.80 2.46           OX453290.1  13528811  13529707 (22638566) +               Kuruka     Unspecified    3623    4557  (4276)    
   474 35.01 2.42 3.17           OX453290.1  13605568  13605980 (22562293) +               Kuruka     Unspecified    3939    4348  (4485)    
   342 34.65 2.26 0.56           OX453290.1  13724064  13724240 (22444033) C               Kuruka     Unspecified  (4225)    4608    4429    
   382 33.87 2.71 2.71           OX453290.1  13724813  13725070 (22443203) C               Kuruka     Unspecified  (4993)    3840    3583    
   357 31.52 3.83 3.83           OX453290.1  13925995  13926281 (22241992) C               Kuruka     Unspecified  (4500)    4333    4047    
   243 32.49 4.48 4.48           OX453290.1  14123778  14124067 (22044206) +               Kuruka     Unspecified    4044    4333  (4500)    
   399 38.40 2.94 3.09           OX453290.1  14131002  14131681 (22036592) C               Kuruka     Unspecified  (4222)    4611    3933    
   303 32.55 7.16 4.66           OX453290.1  14194886  14195262 (21973011) +               Kuruka     Unspecified    3462    3847  (4986)    
   633 35.26 4.57 2.63           OX453290.1  14195390  14196024 (21972249) +               Kuruka     Unspecified    3939    4585  (4248)    
   281 30.43 0.86 0.86           OX453290.1  14302625  14302740 (21865533) C               Kuruka     Unspecified  (4674)    4159    4044    
   320 24.14 1.14 1.14           OX453290.1  14326381  14326468 (21841805) C               Kuruka     Unspecified  (4988)    3845    3758    
   309 33.01 0.00 0.00           OX453290.1  14326493  14326595 (21841678) C               Kuruka     Unspecified  (5146)    3687    3585    
   558 33.15 3.58 2.02           OX453290.1  14419956  14420346 (21747927) C               Kuruka     Unspecified  (4486)    4347    3951    
   336 31.36 7.91 4.20           OX453290.1  14420493  14420745 (21747528) C               Kuruka     Unspecified  (4993)    3840    3579    
   323 35.70 3.88 2.29           OX453290.1  14425996  14426253 (21742020) C               Kuruka     Unspecified  (4177)    4656    4395    
   321 32.14 3.92 3.92           OX453290.1  14431386  14431589 (21736684) C               Kuruka     Unspecified  (5152)    3681    3478    
   322 25.72 0.88 3.64           OX453290.1  14790713  14790825 (21377448) C               Kuruka     Unspecified  (5136)    3697    3588    
   257 17.76 5.81 8.33           OX453290.1  14791569  14791654 (21376619) C               Kuruka     Unspecified  (5953)    2880    2797    
  1145 34.64 4.57 4.76           OX453290.1  14862257  14863329 (21304944) +               Kuruka     Unspecified    3690    4760  (4073)    
   374 21.59 1.12 1.12           OX453290.1  14923398  14923486 (21244787) C               Kuruka     Unspecified  (4988)    3845    3757    
   364 38.44 2.94 3.10           OX453290.1  15159603  15160249 (21008024) +               Kuruka     Unspecified    3966    4611  (4222)    
   657 31.18 6.16 2.99           OX453290.1  15416962  15417318 (20750955) +               Kuruka     Unspecified    3465    3832  (5001)    
   801 33.36 5.48 3.01           OX453290.1  15417455  15418038 (20750235) +               Kuruka     Unspecified    4074    4671  (4162)    
   657 31.18 6.16 2.99           OX453290.1  15424996  15425352 (20742921) +               Kuruka     Unspecified    3465    3832  (5001)    
   801 33.36 5.48 3.01           OX453290.1  15425489  15426072 (20742201) +               Kuruka     Unspecified    4074    4671  (4162)    
   657 31.18 6.16 2.99           OX453290.1  15432774  15433130 (20735143) +               Kuruka     Unspecified    3465    3832  (5001)    
   786 33.54 5.48 3.01           OX453290.1  15433267  15433850 (20734423) +               Kuruka     Unspecified    4074    4671  (4162)    
   253 22.60 8.24 1.10           OX453290.1  15456935  15457019 (20711254) C               Kuruka     Unspecified  (4520)    4313    4223    
   246 39.13 2.03 3.34           OX453290.1  15571049  15571442 (20596831) C               Kuruka     Unspecified  (4485)    4348    3960    
   276 38.86 2.03 3.34           OX453290.1  15576071  15576464 (20591809) C               Kuruka     Unspecified  (4485)    4348    3960    
   290 38.60 2.03 3.34           OX453290.1  15586151  15586544 (20581729) C               Kuruka     Unspecified  (4485)    4348    3960    
   359 35.39 2.02 2.02           OX453290.1  15695153  15695400 (20472873) +               Kuruka     Unspecified    3587    3834  (4999)    
   327 35.71 0.65 0.65           OX453290.1  15703521  15703675 (20464598) +               Kuruka     Unspecified    4394    4548  (4285)    
   447 34.26 1.50 3.45           OX453290.1  15705863  15706128 (20462145) C               Kuruka     Unspecified  (4988)    3845    3585    
   239 20.38 0.00 1.85           OX453290.1  15749740  15749794 (20418479) +               Kuruka     Unspecified    3780    3833  (5000)    
   254 30.91 0.90 0.90           OX453290.1  15750034  15750144 (20418129) +               Kuruka     Unspecified    4074    4184  (4649)    
   261 31.46 0.00 0.00           OX453290.1  15756878  15756966 (20411307) C               Kuruka     Unspecified  (4698)    4135    4047    
   572 34.40 1.83 1.83           OX453290.1  15793159  15793540 (20374733) +               Kuruka     Unspecified    3951    4332  (4501)    
   251 34.56 5.53 6.81           OX453290.1  15903936  15904351 (20263922) C               Kuruka     Unspecified  (4652)    4181    3771    
   254 30.46 6.42 5.54           OX453290.1  15918439  15918796 (20249477) +               Kuruka     Unspecified    4014    4374  (4459)    
   512 31.35 3.45 3.45           OX453290.1  15995668  15995928 (20172345) +               Kuruka     Unspecified    3585    3845  (4988)    
   226 39.76 0.00 0.00           OX453290.1  16006564  16006729 (20161544) +               Kuruka     Unspecified    4047    4212  (4621)    
   237 27.42 0.00 0.00           OX453290.1  16136270  16136331 (20031942) C               Kuruka     Unspecified  (4288)    4545    4484    
   490 30.99 3.59 3.59           OX453290.1  16288563  16288813 (19879460) +               Kuruka     Unspecified    3587    3837  (4996)    
   604 32.29 1.53 1.53           OX453290.1  16406580  16406840 (19761433) C               Kuruka     Unspecified  (4988)    3845    3585    
   383 38.44 2.94 3.10           OX453290.1  16430595  16431241 (19737032) +               Kuruka     Unspecified    3966    4611  (4222)    
   244 27.43 3.31 3.31           OX453290.1  19309618  19309798 (16858475) C               Kuruka     Unspecified  (5004)    3829    3649    
   242 38.96 1.03 1.03           OX453290.1  20307000  20307388 (15860885) C               Kuruka     Unspecified  (4989)    3844    3456    
   292 33.99 2.72 2.72           OX453290.1  23089566  23089822 (13078451) C               Kuruka     Unspecified  (4533)    4300    4044    
   250 18.17 6.41 1.22           OX453290.1  27979554  27979631 (8188642) C               Kuruka     Unspecified  (1523)    7310    7229    
   274 32.73 8.27 3.77           OX453291.1   5978348   5978601 (25629464) +               Kuruka     Unspecified    4274    4538  (4295)    
   305 38.07 4.77 3.24           OX453291.1   9917627   9918234 (21689831) C               Kuruka     Unspecified  (4278)    4555    3939    
   421 38.09 2.94 3.09           OX453291.1  11277514  11278193 (20329872) C               Kuruka     Unspecified  (4222)    4611    3933    
   534 30.55 3.45 3.45           OX453291.1  16404679  16404939 (15203126) +               Kuruka     Unspecified    3585    3845  (4988)    
   249 36.15 3.74 3.74           OX453291.1  16673193  16673646 (14934419) C               Kuruka     Unspecified  (4728)    4105    3652    
   302 29.63 3.57 3.57           OX453291.1  16847775  16847970 (14760095) C               Kuruka     Unspecified  (4989)    3844    3649    
   260 27.47 1.09 1.09           OX453292.1     52144     52235 (31290459) C               Kuruka     Unspecified  (5154)    3679    3588    
   262 38.55 0.00 0.00           OX453292.1   5721332   5721497 (25621197) +               Kuruka     Unspecified    4047    4212  (4621)    
   281 33.21 3.91 4.72           OX453292.1   6486689   6486944 (24855750) C               Kuruka     Unspecified  (4673)    4160    3907    
   286 30.43 7.03 4.98           OX453292.1   6626154   6626409 (24716285) C               Kuruka     Unspecified  (4988)    3845    3585    
   260 34.95 4.86 0.67           OX453292.1   6756822   6756965 (24585729) C               Kuruka     Unspecified  (4399)    4434    4285    
   449 35.62 2.82 2.82           OX453292.1   6783931   6784320 (24558374) C               Kuruka     Unspecified  (4505)    4328    3939    
   261 33.66 4.00 4.93           OX453292.1   6800017   6800241 (24542453) C               Kuruka     Unspecified  (4704)    4129    3907    
   449 36.09 2.68 2.68           OX453292.1   6835325   6835734 (24506960) C               Kuruka     Unspecified  (4485)    4348    3939    
   338 31.39 0.72 0.72           OX453292.1   6848040   6848177 (24494517) C               Kuruka     Unspecified  (5108)    3725    3588    
   385 27.94 7.83 4.48           OX453292.1   6849007   6849287 (24493407) C               Kuruka     Unspecified  (4500)    4333    4044    
   273 25.27 3.23 2.13           OX453292.1   7050424   7050516 (24292178) C               Kuruka     Unspecified  (4683)    4150    4057    
   245 35.36 5.35 5.35           OX453292.1   7083965   7084469 (24258225) C               Kuruka     Unspecified  (4677)    4156    3652    
   273 35.90 3.69 4.01           OX453292.1  15812956  15813280 (15529414) +               Kuruka     Unspecified    4222    4545  (4288)    
   330 32.83 2.46 2.46           OX453292.1  15846142  15846344 (15496350) +               Kuruka     Unspecified    4047    4249  (4584)    
   240 38.51 0.00 0.00           OX453292.1  16057236  16057396 (15285298) C               Kuruka     Unspecified  (4621)    4212    4052    
   258 33.22 3.89 5.12           OX453293.1   8550174   8550430 (22393428) C               Kuruka     Unspecified  (4673)    4160    3907    
   289 30.84 3.20 4.03           OX453293.1   9356988   9357112 (21586746) +               Kuruka     Unspecified    4308    4431  (4402)    
   319 32.78 3.59 2.77           OX453293.1  10143222  10143472 (20800386) C               Kuruka     Unspecified  (4996)    3837    3585    
   382 37.70 2.88 3.08           OX453293.1  10404048  10404567 (20539291) C               Kuruka     Unspecified  (4253)    4580    4062    
   281 26.66 1.10 1.10           OX453293.1  10404942  10405032 (20538826) C               Kuruka     Unspecified  (5155)    3678    3588    
   287 33.86 4.06 4.06           OX453293.1  10503836  10504032 (20439826) +               Kuruka     Unspecified    3585    3781  (5052)    
   346 34.63 2.27 2.66           OX453293.1  10504487  10504750 (20439108) +               Kuruka     Unspecified    4289    4551  (4282)    
   231 31.41 2.55 2.55           OX453293.1  10604963  10605158 (20338700) +               Kuruka     Unspecified    3649    3844  (4989)    
   244 26.88 5.83 0.79           OX453293.1  10739711  10739830 (20204028) C               Kuruka     Unspecified  (4635)    4198    4073    
   282 22.08 2.53 2.53           OX453293.1  10829416  10829494 (20114364) +               Kuruka     Unspecified    3756    3834  (4999)    
   228 29.89 2.02 2.02           OX453293.1  10855088  10855186 (20088672) +               Kuruka     Unspecified    3583    3681  (5152)    
   385 35.10 4.45 2.31           OX453293.1  11044570  11044951 (19898907) C               Kuruka     Unspecified  (4309)    4524    4135    
   341 30.65 0.72 0.72           OX453293.1  11045340  11045477 (19898381) C               Kuruka     Unspecified  (5108)    3725    3588    
   273 35.98 2.24 1.48           OX453293.1  11104283  11104550 (19839308) +               Kuruka     Unspecified    4043    4312  (4521)    
   346 33.05 3.23 2.40           OX453293.1  11462774  11463021 (19480837) +               Kuruka     Unspecified    3585    3834  (4999)    
   297 32.49 3.86 4.96           OX453293.1  12136005  12136289 (18807569) +               Kuruka     Unspecified    3462    3743  (5090)    
   574 34.50 2.44 2.44           OX453293.1  12136509  12136918 (18806940) +               Kuruka     Unspecified    3939    4348  (4485)    
   232 27.14 0.00 0.00           OX453293.1  12137088  12137157 (18806701) +               Kuruka     Unspecified    4517    4586  (4247)    
   504 30.33 3.56 3.56           OX453293.1  12143897  12144149 (18799709) C               Kuruka     Unspecified  (4996)    3837    3585    
   400 33.21 4.18 2.21           OX453293.1  12331126  12331436 (18612422) C               Kuruka     Unspecified  (4485)    4348    4032    
   270 21.92 2.67 2.67           OX453293.1  12431723  12431797 (18512061) C               Kuruka     Unspecified  (5001)    3832    3758    
   328 32.55 7.16 4.66           OX453293.1  15761001  15761377 (15182481) +               Kuruka     Unspecified    3462    3847  (4986)    
   524 34.16 3.70 2.44           OX453293.1  15761505  15761909 (15181949) +               Kuruka     Unspecified    3939    4348  (4485)    
   250 25.71 0.00 0.00           OX453293.1  15762079  15762148 (15181710) +               Kuruka     Unspecified    4517    4586  (4247)    
   439 34.92 1.18 1.18           OX453293.1  15800682  15800936 (15142922) +               Kuruka     Unspecified    3580    3834  (4999)    
   235 32.59 1.10 2.22           OX453293.1  16101317  16101407 (14842451) +               Kuruka     Unspecified    4285    4374  (4459)    
   235 34.03 3.91 4.72           OX453293.1  16130375  16130630 (14813228) +               Kuruka     Unspecified    3907    4160  (4673)    
   232 27.14 0.00 0.00           OX453293.1  16201766  16201835 (14742023) C               Kuruka     Unspecified  (4247)    4586    4517    
   590 34.25 2.44 2.44           OX453293.1  16202005  16202414 (14741444) C               Kuruka     Unspecified  (4485)    4348    3939    
   299 33.39 7.16 4.66           OX453293.1  16202542  16202918 (14740940) C               Kuruka     Unspecified  (4986)    3847    3462    
   392 36.88 3.41 3.60           OX453294.1    958761    959317 (8675966) C               Kuruka     Unspecified  (4339)    4494    3939    
   269 33.00 5.00 3.38           OX453294.1   1255764   1256083 (8379200) C               Kuruka     Unspecified  (4485)    4348    4024    
   290 34.73 4.20 4.68           OX453294.1   1271054   1271482 (8363801) C               Kuruka     Unspecified  (4500)    4333    3907    
   233 39.76 0.00 0.00           OX453294.1   1378183   1378348 (8256935) C               Kuruka     Unspecified  (4621)    4212    4047    
   242 16.28 0.00 0.00           OX453294.1   1479582   1479624 (8155659) +               Kuruka     Unspecified    3792    3834  (4999)    
   315 33.93 3.45 3.45           OX453294.1   1559769   1560058 (8075225) C               Kuruka     Unspecified  (4500)    4333    4044    
   389 31.98 4.30 4.71           OX453294.1   1962697   1962952 (7672331) C               Kuruka     Unspecified  (4288)    4545    4291    
   389 31.98 4.30 4.71           OX453294.1   1968429   1968684 (7666599) C               Kuruka     Unspecified  (4288)    4545    4291    
   399 32.92 3.53 3.53           OX453294.1   1977018   1977272 (7658011) C               Kuruka     Unspecified  (4288)    4545    4291    
   389 31.98 4.30 4.71           OX453294.1   1982711   1982966 (7652317) C               Kuruka     Unspecified  (4288)    4545    4291    
   259 28.58 0.00 1.30           OX453294.1   1992270   1992347 (7642936) C               Kuruka     Unspecified  (4818)    4015    3939    
   270 20.69 3.45 0.00           OX453294.1   2006366   2006423 (7628860) C               Kuruka     Unspecified  (4851)    3982    3923    
   305 32.58 4.98 4.98           OX453294.1   2109112   2109392 (7525891) +               Kuruka     Unspecified    4053    4333  (4500)    
   365 30.80 3.83 3.83           OX453294.1   2216310   2216596 (7418687) C               Kuruka     Unspecified  (4500)    4333    4047    
   335 38.13 0.39 0.39           OX453294.1   2240510   2240767 (7394516) +               Kuruka     Unspecified    3583    3840  (4993)    
   291 31.52 5.23 2.55           OX453294.1   2248340   2248492 (7386791) C               Kuruka     Unspecified  (4274)    4559    4403    
   249 35.86 7.03 0.51           OX453294.1   2317018   2317202 (7318081) +               Kuruka     Unspecified    3651    3847  (4986)    
   257 26.15 0.00 0.00           OX453294.1   2317420   2317484 (7317799) +               Kuruka     Unspecified    4481    4545  (4288)    
   389 28.93 9.24 4.21           OX453294.1   2514153   2514401 (7120882) C               Kuruka     Unspecified  (4988)    3845    3585    
   415 32.64 4.10 0.79           OX453294.1   2558275   2558518 (7076765) C               Kuruka     Unspecified  (4999)    3834    3583    
  1874 33.19 5.54 3.70           OX453294.1   2649537   2650891 (6984392) +               Kuruka     Unspecified    3476    4854  (3979)    
   266 31.65 0.00 0.00           OX453294.1   2682936   2683014 (6952269) C               Kuruka     Unspecified  (4999)    3834    3756    
   327 33.74 4.07 2.40           OX453294.1   2708642   2708887 (6926396) C               Kuruka     Unspecified  (4999)    3834    3585    
   554 32.33 5.43 2.51           OX453294.1   2750065   2750451 (6884832) +               Kuruka     Unspecified    3951    4348  (4485)    
   449 31.81 2.25 0.89           OX453294.1   2788638   2788859 (6846424) +               Kuruka     Unspecified    3941    4165  (4668)    
   393 33.47 2.00 2.00           OX453294.1   2806950   2807199 (6828084) C               Kuruka     Unspecified  (4999)    3834    3585    
   314 36.26 3.32 3.32           OX453294.1   2845795   2846065 (6789218) C               Kuruka     Unspecified  (4274)    4559    4289    
   434 31.69 3.97 3.56           OX453294.1   2846509   2846760 (6788523) C               Kuruka     Unspecified  (4996)    3837    3585    
   254 35.27 2.18 2.18           OX453294.1   2862380   2862608 (6772675) +               Kuruka     Unspecified    3933    4161  (4672)    
   302 31.71 2.44 0.00           OX453294.1   2862794   2862916 (6772367) +               Kuruka     Unspecified    4223    4348  (4485)    
   345 34.13 3.80 4.20           OX453294.1   2974814   2975076 (6660207) C               Kuruka     Unspecified  (4288)    4545    4284    
   388 31.91 5.78 5.51           OX453294.1   3000734   3001131 (6634152) +               Kuruka     Unspecified    3584    3982  (4851)    
   321 32.97 2.85 2.85           OX453294.1   3073927   3074207 (6561076) +               Kuruka     Unspecified    4053    4333  (4500)    
   268 35.28 4.35 4.76           OX453294.1   3130767   3131019 (6504264) +               Kuruka     Unspecified    3583    3834  (4999)    
   420 30.07 8.84 3.83           OX453294.1   3198886   3199134 (6436149) C               Kuruka     Unspecified  (4988)    3845    3585    
   238 36.66 2.09 2.09           OX453294.1   3209200   3209486 (6425797) +               Kuruka     Unspecified    4047    4333  (4500)    
   232 25.62 1.11 4.60           OX453294.1   3245668   3245757 (6389526) +               Kuruka     Unspecified    3747    3833  (5000)    
   331 31.13 7.08 3.63           OX453294.1   3250331   3250570 (6384713) +               Kuruka     Unspecified    4086    4333  (4500)    
   249 28.04 8.00 2.16           OX453294.1   3483630   3483804 (6151479) C               Kuruka     Unspecified  (5000)    3833    3649    
   307 27.68 8.04 0.00           OX453294.1   3572899   3573010 (6062273) C               Kuruka     Unspecified  (4274)    4559    4439    
   227 36.73 2.14 2.14           OX453294.1   3642782   3643062 (5992221) +               Kuruka     Unspecified    4053    4333  (4500)    
   310 32.97 2.85 2.85           OX453294.1   3652867   3653147 (5982136) C               Kuruka     Unspecified  (4500)    4333    4053    
   428 33.74 3.69 0.40           OX453294.1   3665862   3666105 (5969178) +               Kuruka     Unspecified    3583    3834  (4999)    
   239 39.76 0.00 0.00           OX453294.1   3778681   3778846 (5856437) C               Kuruka     Unspecified  (4621)    4212    4047    
   275 33.09 5.81 3.47           OX453294.1   3816760   3817069 (5818214) C               Kuruka     Unspecified  (4501)    4332    4016    
   460 31.32 4.63 3.83           OX453294.1   3997033   3997291 (5637992) C               Kuruka     Unspecified  (4988)    3845    3585    
   312 28.96 4.98 5.42           OX453294.1   4198667   4198907 (5436376) +               Kuruka     Unspecified    4094    4333  (4500)    
   267 32.92 3.32 4.18           OX453294.1   4209855   4210095 (5425188) +               Kuruka     Unspecified    3461    3699  (5134)    
   248 38.55 0.00 0.00           OX453294.1   4222881   4223046 (5412237) C               Kuruka     Unspecified  (4621)    4212    4047    
   375 33.79 1.76 2.21           OX453294.1   4238448   4238674 (5396609) +               Kuruka     Unspecified    4220    4445  (4388)    
   443 35.58 2.68 2.68           OX453294.1   4308711   4309120 (5326163) C               Kuruka     Unspecified  (4485)    4348    3939    
   248 38.55 0.00 0.00           OX453294.1   4447417   4447582 (5187701) C               Kuruka     Unspecified  (4621)    4212    4047    
   299 17.54 0.00 0.00           OX453294.1   4491656   4491712 (5143571) C               Kuruka     Unspecified  (4988)    3845    3789    
   258 33.33 0.00 0.00           OX453294.1   4491746   4491835 (5143448) C               Kuruka     Unspecified  (5159)    3674    3585    
   464 31.85 3.50 3.50           OX453294.1   4538454   4538710 (5096573) C               Kuruka     Unspecified  (4988)    3845    3589    
   464 31.85 3.50 3.50           OX453294.1   4628891   4629147 (5006136) +               Kuruka     Unspecified    3589    3845  (4988)    
   250 26.99 4.95 0.95           OX453294.1   4728970   4729070 (4906213) +               Kuruka     Unspecified    4094    4198  (4635)    
   267 25.98 2.53 2.53           OX453294.1   4745745   4745823 (4889460) C               Kuruka     Unspecified  (4999)    3834    3756    
   313 28.71 0.98 0.98           OX453294.1   4745868   4745969 (4889314) C               Kuruka     Unspecified  (5152)    3681    3580    
   237 34.96 7.14 4.65           OX453294.1   4962801   4963052 (4672231) C               Kuruka     Unspecified  (4993)    3840    3583    
   310 32.65 0.00 0.00           OX453294.1   4964607   4964704 (4670579) +               Kuruka     Unspecified    3585    3682  (5151)    
   347 23.59 1.11 1.11           OX453294.1   4965449   4965538 (4669745) +               Kuruka     Unspecified    3756    3845  (4988)    
   259 31.18 5.49 6.13           OX453294.1   5041950   5042113 (4593170) C               Kuruka     Unspecified  (4387)    4446    4284    
   534 34.59 2.68 2.68           OX453294.1   5124318   5124727 (4510556) +               Kuruka     Unspecified    3939    4348  (4485)    
   250 27.84 2.00 3.03           OX453294.1   5207124   5207223 (4428060) +               Kuruka     Unspecified    4447    4545  (4288)    
   313 37.28 4.47 0.78           OX453294.1   5334361   5334606 (4300677) C               Kuruka     Unspecified  (4999)    3834    3580    
   504 31.35 3.45 3.45           OX453294.1   5458047   5458307 (4176976) +               Kuruka     Unspecified    3585    3845  (4988)    
  1789 33.03 4.77 3.63           OX453294.1   5471608   5472697 (4162586) +               Kuruka     Unspecified    3478    4579  (4254)    
   364 35.25 0.78 3.61           OX453294.1   5482475   5482730 (4152553) C               Kuruka     Unspecified  (5005)    3828    3580    
   253 20.83 0.00 0.00           OX453294.1   5534008   5534055 (4101228) C               Kuruka     Unspecified  (4484)    4349    4302    
   250 29.67 1.09 1.09           OX453294.1   5535742   5535833 (4099450) C               Kuruka     Unspecified  (5155)    3678    3587    
   311 34.36 4.47 4.88           OX453294.1   5545334   5545847 (4089436) C               Kuruka     Unspecified  (4389)    4444    3933    
   317 37.28 4.47 0.78           OX453294.1   5647209   5647454 (3987829) +               Kuruka     Unspecified    3580    3834  (4999)    
   244 31.36 0.83 1.68           OX453294.1   5732090   5732209 (3903074) +               Kuruka     Unspecified    4042    4160  (4673)    
   418 35.51 3.19 2.44           OX453294.1   5771831   5772237 (3863046) +               Kuruka     Unspecified    3939    4348  (4485)    
   278 20.55 2.67 2.67           OX453294.1   5958090   5958164 (3677119) +               Kuruka     Unspecified    3758    3832  (5001)    
   232 31.08 0.00 0.00           OX453294.1   5958804   5958877 (3676406) +               Kuruka     Unspecified    4478    4551  (4282)    
   273 38.10 4.47 0.78           OX453294.1   5963861   5964106 (3671177) C               Kuruka     Unspecified  (4999)    3834    3580    
   795 34.15 9.34 3.25           OX453294.1   6005728   6006744 (3628539) C               Kuruka     Unspecified  (4278)    4555    3479    
   750 31.89 7.04 4.93           OX453294.1   6186529   6187125 (3448158) C               Kuruka     Unspecified  (4689)    4144    3536    
   413 35.23 3.12 3.12           OX453294.1   6228273   6228688 (3406595) C               Kuruka     Unspecified  (4485)    4348    3933    
   254 34.32 1.47 1.47           OX453294.1   6283878   6284013 (3351270) +               Kuruka     Unspecified    4418    4553  (4280)    
   303 35.58 1.88 2.36           OX453294.1   6318819   6319031 (3316252) C               Kuruka     Unspecified  (4353)    4480    4269    
   294 19.18 2.67 2.67           OX453294.1   6321031   6321105 (3314178) C               Kuruka     Unspecified  (5001)    3832    3758    
   249 15.91 0.00 0.00           OX453294.1   6419845   6419888 (3215395) +               Kuruka     Unspecified    3791    3834  (4999)    
   226 24.53 0.00 0.00           OX453294.1   6442253   6442305 (3192978) +               Kuruka     Unspecified    4302    4354  (4479)    
   560 26.99 10.50 1.94           OX453294.1   6492783   6493020 (3142263) C               Kuruka     Unspecified  (5001)    3832    3575    
   315 31.72 6.94 4.80           OX453294.1   6527793   6528037 (3107246) C               Kuruka     Unspecified  (4294)    4539    4290    
   435 32.06 3.66 3.66           OX453294.1   6528473   6528718 (3106565) C               Kuruka     Unspecified  (4999)    3834    3589    
   379 33.47 2.00 2.00           OX453294.1   6542892   6543141 (3092142) C               Kuruka     Unspecified  (4999)    3834    3585    
   466 29.55 5.36 5.36           OX453294.1   6662320   6662580 (2972703) C               Kuruka     Unspecified  (4988)    3845    3585    
   306 34.50 1.16 0.58           OX453294.1   6766728   6766899 (2868384) C               Kuruka     Unspecified  (4581)    4252    4080    
   338 28.32 3.54 0.00           OX453294.1   6767806   6767918 (2867365) C               Kuruka     Unspecified  (5137)    3696    3580    
   529 30.55 3.45 3.45           OX453294.1   6855128   6855388 (2779895) C               Kuruka     Unspecified  (4988)    3845    3585    
   293 33.17 5.28 3.19           OX453294.1   6896628   6896873 (2738410) C               Kuruka     Unspecified  (4294)    4539    4289    
   608 28.18 3.82 3.82           OX453294.1   6897302   6897563 (2737720) C               Kuruka     Unspecified  (4988)    3845    3584    
   296 38.91 0.39 0.39           OX453294.1   7021726   7021983 (2613300) C               Kuruka     Unspecified  (4993)    3840    3583    
   360 29.22 2.53 2.53           OX453294.1   7322796   7322953 (2312330) +               Kuruka     Unspecified    3941    4098  (4735)    
  1611 33.90 4.40 3.59           OX453294.1   7409513   7410785 (2224498) +               Kuruka     Unspecified    3478    4760  (4073)    
   267 32.68 4.10 4.10           OX453294.1   7481558   7481825 (2153458) +               Kuruka     Unspecified    4292    4559  (4274)    
   272 30.06 8.96 0.69           OX453294.1   7575233   7575366 (2059917) +               Kuruka     Unspecified    4302    4446  (4387)    
   392 34.94 5.22 3.17           OX453294.1   7668825   7669226 (1966057) +               Kuruka     Unspecified    3939    4348  (4485)    
   305 32.66 5.93 3.62           OX453294.1   7921608   7921877 (1713406) +               Kuruka     Unspecified    4485    4760  (4073)    
   248 32.71 8.13 4.72           OX453294.1   7932570   7932938 (1702345) +               Kuruka     Unspecified    3462    3842  (4991)    
   446 37.32 1.95 1.95           OX453294.1   7933070   7933479 (1701804) +               Kuruka     Unspecified    3939    4348  (4485)    
   232 27.14 0.00 0.00           OX453294.1   7933649   7933718 (1701565) +               Kuruka     Unspecified    4517    4586  (4247)    
  1738 32.60 5.36 3.69           OX453294.1   7939155   7940329 (1694954) C               Kuruka     Unspecified  (4162)    4671    3478    
   297 34.73 5.80 2.96           OX453294.1   7960672   7961033 (1674250) +               Kuruka     Unspecified    3461    3832  (5001)    
   368 38.86 1.46 1.46           OX453294.1   7961172   7961581 (1673702) +               Kuruka     Unspecified    3939    4348  (4485)    
   567 28.69 4.17 4.96           OX453294.1   7998485   7998748 (1636535) +               Kuruka     Unspecified    3585    3846  (4987)    
   422 34.42 4.49 0.39           OX453294.1   8021867   8022111 (1613172) +               Kuruka     Unspecified    3580    3834  (4999)    
   422 34.42 4.49 0.39           OX453294.1   8090776   8091020 (1544263) C               Kuruka     Unspecified  (4999)    3834    3580    
   306 35.24 2.34 1.86           OX453294.1   8195437   8195650 (1439633) +               Kuruka     Unspecified    3620    3834  (4999)    
   424 36.28 3.37 3.56           OX453294.1   8216018   8216580 (1418703) C               Kuruka     Unspecified  (4339)    4494    3933    
   976 31.18 4.55 6.42           OX453294.1   8448200   8448881 (1186402) +               Kuruka     Unspecified    3957    4626  (4207)    
   499 34.56 3.86 2.54           OX453294.1   8653163   8653551 (981732) +               Kuruka     Unspecified    3939    4332  (4501)    
   358 33.13 2.40 0.59           OX453294.1   8689024   8689190 (946093) C               Kuruka     Unspecified  (4225)    4608    4439    
   308 38.91 0.39 0.39           OX453294.1   8689774   8690031 (945252) C               Kuruka     Unspecified  (4993)    3840    3583    
   399 37.48 3.05 3.24           OX453294.1   8694269   8694825 (940458) +               Kuruka     Unspecified    3939    4494  (4339)    
   336 36.27 3.17 3.17           OX453294.1   8759253   8759662 (875621) +               Kuruka     Unspecified    3939    4348  (4485)    
   472 33.62 1.94 3.14           OX453294.1   8845659   8845916 (789367) +               Kuruka     Unspecified    3580    3834  (4999)    
   342 34.16 2.80 2.80           OX453294.1   8974559   8974808 (660475) C               Kuruka     Unspecified  (4999)    3834    3585    
   352 35.18 0.59 3.01           OX453294.1   9080644   9080813 (554470) C               Kuruka     Unspecified  (4274)    4559    4394    
   352 35.18 0.59 3.01           OX453294.1   9168805   9168974 (466309) +               Kuruka     Unspecified    4394    4559  (4274)    
   352 31.07 0.00 0.00           OX453294.1   9174939   9175041 (460242) +               Kuruka     Unspecified    3585    3687  (5146)    
   342 34.16 2.80 2.80           OX453294.1   9195377   9195626 (439657) C               Kuruka     Unspecified  (4999)    3834    3585    
   424 29.68 12.24 1.92           OX453294.1   9200029   9200265 (435018) C               Kuruka     Unspecified  (5049)    3784    3524    
   258 27.27 2.53 2.53           OX453294.1   9241425   9241503 (393780) C               Kuruka     Unspecified  (4999)    3834    3756    
   247 32.69 0.95 0.95           OX453294.1   9241539   9241643 (393640) C               Kuruka     Unspecified  (5149)    3684    3580    
   366 30.96 4.40 4.40           OX453294.1   9275893   9276142 (359141) C               Kuruka     Unspecified  (4999)    3834    3585    
   610 30.89 4.02 4.02           OX453294.1   9303767   9304164 (331119) +               Kuruka     Unspecified    3951    4348  (4485)    
