  313 35.78  0.90  1.36            CM033998.1   926602   926822 (53464266)  +          Kuruka  Unspecified (53464266)   926602   926822
  628 33.05  2.22  2.79            CM033998.1  3042780  3043140 (51347948)  +          Kuruka  Unspecified (51347948)  3042780  3043140
  880 34.12  4.45  4.23            CM033998.1  3134257  3135177 (51255911)  +          Kuruka  Unspecified (51255911)  3134257  3135177
  371 33.93  0.83  2.98            CM033998.1  3364196  3364435 (51026653)  +          Kuruka  Unspecified (51026653)  3364196  3364435
  375 34.35  0.83  2.98            CM033998.1  8988838  8989077 (45402011)  +          Kuruka  Unspecified (45402011)  8988838  8989077
  334 35.32  0.90  1.36            CM033998.1 10256524 10256744 (44134344)  +          Kuruka  Unspecified (44134344) 10256524 10256744
  344 34.86  0.90  1.36            CM033998.1 10452221 10452441 (43938647)  +          Kuruka  Unspecified (43938647) 10452221 10452441
  355 34.79  0.83  3.40            CM033998.1 12332351 12332591 (42058497)  +          Kuruka  Unspecified (42058497) 12332351 12332591
  863 33.00  4.34  2.28            CM033998.1 14652744 14653388 (39737700)  +          Kuruka  Unspecified (39737700) 14652744 14653388
  350 34.35  0.83  2.98            CM033998.1 15796365 15796604 (38594484)  +          Kuruka  Unspecified (38594484) 15796365 15796604
  287 35.78  0.90  1.36            CM033998.1 17397615 17397835 (36993253)  +          Kuruka  Unspecified (36993253) 17397615 17397835
 1515 34.89  1.74  2.02            CM033998.1 17724684 17725777 (36665311)  +          Kuruka  Unspecified (36665311) 17724684 17725777
  336 35.09  2.55  2.88            CM033998.1 17733173 17733486 (36657602)  +          Kuruka  Unspecified (36657602) 17733173 17733486
  277 33.18  3.62  3.15            CM033998.1 19980933 19981153 (34409935)  +          Kuruka  Unspecified (34409935) 19980933 19981153
  376 29.20  0.00  0.00            CM033998.1 31408998 31409110 (22981978)  +          Kuruka  Unspecified (22981978) 31408998 31409110
 1367 32.98  1.07  1.23            CM033998.1 31409541 31410194 (22980894)  +          Kuruka  Unspecified (22980894) 31409541 31410194
  352 36.37  1.59  1.92            CM033998.1 37159151 37159464 (17231624)  +          Kuruka  Unspecified (17231624) 37159151 37159464
  338 33.93  0.83  3.40            CM033998.1 37261257 37261497 (17129591)  +          Kuruka  Unspecified (17129591) 37261257 37261497
  352 36.37  1.59  1.92            CM033998.1 41447494 41447807 (12943281)  +          Kuruka  Unspecified (12943281) 41447494 41447807
  312 35.78  0.90  1.36            CM033998.1 43703242 43703462 (10687626)  +          Kuruka  Unspecified (10687626) 43703242 43703462
  332 34.79  0.83  2.98            CM033998.1 48082791 48083030 (6308058)  +          Kuruka  Unspecified (6308058) 48082791 48083030
  309 35.32  0.90  1.36            CM033998.1 51773456 51773676 (2617412)  +          Kuruka  Unspecified (2617412) 51773456 51773676
  307 32.06  4.57  3.15            CM033998.1 53868801 53869019 (522069)  +          Kuruka  Unspecified (522069) 53868801 53869019
  375 34.35  0.83  2.98            CM033998.1   955516   955755 (53435333)  C          Kuruka  Unspecified (53435333)   955516   955755
  332 32.37  3.26  3.74            CM033998.1  1822240  1822454 (52568634)  C          Kuruka  Unspecified (52568634)  1822240  1822454
  332 32.37  3.26  3.74            CM033998.1  2020631  2020845 (52370243)  C          Kuruka  Unspecified (52370243)  2020631  2020845
  237 25.45  0.00  4.76            CM033998.1  2203108  2203173 (52187915)  C          Kuruka  Unspecified (52187915)  2203108  2203173
  929 34.13  4.45  4.33            CM033998.1  3130051  3130972 (51260116)  C          Kuruka  Unspecified (51260116)  3130051  3130972
  926 34.24  3.13  3.13            CM033998.1  3946848  3947646 (50443442)  C          Kuruka  Unspecified (50443442)  3946848  3947646
  352 36.37  1.59  1.92            CM033998.1  6389365  6389678 (48001410)  C          Kuruka  Unspecified (48001410)  6389365  6389678
  352 36.37  1.59  1.92            CM033998.1  6395489  6395802 (47995286)  C          Kuruka  Unspecified (47995286)  6395489  6395802
  331 34.79  0.83  2.98            CM033998.1  8841700  8841939 (45549149)  C          Kuruka  Unspecified (45549149)  8841700  8841939
  362 34.79  0.83  2.98            CM033998.1  9013745  9013984 (45377104)  C          Kuruka  Unspecified (45377104)  9013745  9013984
  301 35.22  0.83  2.98            CM033998.1  9478297  9478536 (44912552)  C          Kuruka  Unspecified (44912552)  9478297  9478536
  259 33.82  1.89  2.37            CM033998.1 12603246 12603457 (41787631)  C          Kuruka  Unspecified (41787631) 12603246 12603457
 1686 33.14  2.45  2.86            CM033998.1 14538004 14539022 (39852066)  C          Kuruka  Unspecified (39852066) 14538004 14539022
  324 34.26  1.81  2.27            CM033998.1 15873116 15873336 (38517752)  C          Kuruka  Unspecified (38517752) 15873116 15873336
  352 34.35  0.83  2.98            CM033998.1 19146055 19146294 (35244794)  C          Kuruka  Unspecified (35244794) 19146055 19146294
  332 34.79  0.83  2.98            CM033998.1 20443935 20444174 (33946914)  C          Kuruka  Unspecified (33946914) 20443935 20444174
  331 34.79  0.83  2.98            CM033998.1 25029691 25029930 (29361158)  C          Kuruka  Unspecified (29361158) 25029691 25029930
  347 35.83  1.91  2.24            CM033998.1 29132721 29133034 (25258054)  C          Kuruka  Unspecified (25258054) 29132721 29133034
  338 34.79  0.83  2.98            CM033998.1 30248508 30248747 (24142341)  C          Kuruka  Unspecified (24142341) 30248508 30248747
 1709 33.03  2.45  2.86            CM033998.1 42308268 42309286 (12081802)  C          Kuruka  Unspecified (12081802) 42308268 42309286
  350 34.35  0.83  2.98            CM033998.1 44540374 44540613 (9850475)  C          Kuruka  Unspecified (9850475) 44540374 44540613
  349 34.79  0.83  2.98            CM033998.1 44733382 44733621 (9657467)  C          Kuruka  Unspecified (9657467) 44733382 44733621
  335 34.79  0.83  2.98            CM033998.1 45871878 45872117 (8518971)  C          Kuruka  Unspecified (8518971) 45871878 45872117
  350 34.35  0.83  2.98            CM033998.1 47887460 47887699 (6503389)  C          Kuruka  Unspecified (6503389) 47887460 47887699
  329 34.79  0.83  2.98            CM033998.1 48620270 48620509 (5770579)  C          Kuruka  Unspecified (5770579) 48620270 48620509
  322 34.79  0.83  2.98            CM033998.1 53119647 53119886 (1271202)  C          Kuruka  Unspecified (1271202) 53119647 53119886
  322 34.79  0.83  2.98            CM033999.1  1593066  1593305 (35609834)  +          Kuruka  Unspecified (35609834)  1593066  1593305
  335 34.79  0.83  2.98            CM033999.1  5351964  5352203 (31850936)  +          Kuruka  Unspecified (31850936)  5351964  5352203
  361 34.79  0.83  2.98            CM033999.1  7126785  7127024 (30076115)  +          Kuruka  Unspecified (30076115)  7126785  7127024
  329 36.69  1.59  1.92            CM033999.1  7491246  7491559 (29711580)  +          Kuruka  Unspecified (29711580)  7491246  7491559
  262 36.40  2.55  2.88            CM033999.1  7558800  7559113 (29644026)  +          Kuruka  Unspecified (29644026)  7558800  7559113
  282 35.78  0.90  1.36            CM033999.1  7658801  7659021 (29544118)  +          Kuruka  Unspecified (29544118)  7658801  7659021
  335 34.79  0.83  2.98            CM033999.1  7964970  7965209 (29237930)  +          Kuruka  Unspecified (29237930)  7964970  7965209
  352 36.37  1.59  1.92            CM033999.1 12293779 12294092 (24909047)  +          Kuruka  Unspecified (24909047) 12293779 12294092
  322 34.79  0.83  2.98            CM033999.1 13462212 13462451 (23740688)  +          Kuruka  Unspecified (23740688) 13462212 13462451
  313 34.86  0.90  1.36            CM033999.1 14427236 14427456 (22775683)  +          Kuruka  Unspecified (22775683) 14427236 14427456
  353 34.76  2.55  2.88            CM033999.1 20832545 20832858 (16370281)  +          Kuruka  Unspecified (16370281) 20832545 20832858
  350 34.35  0.83  2.98            CM033999.1 21749165 21749404 (15453735)  +          Kuruka  Unspecified (15453735) 21749165 21749404
  962 35.32  2.46  2.59            CM033999.1 26353155 26353927 (10849212)  +          Kuruka  Unspecified (10849212) 26353155 26353927
  395 35.72  1.59  1.92            CM033999.1 28241651 28241964 (8961175)  +          Kuruka  Unspecified (8961175) 28241651 28241964
  335 34.79  0.83  2.98            CM033999.1 29609486 29609725 (7593414)  +          Kuruka  Unspecified (7593414) 29609486 29609725
  383 33.91  0.84  1.70            CM033999.1 34225354 34225590 (2977549)  +          Kuruka  Unspecified (2977549) 34225354 34225590
  304 35.32  0.90  1.36            CM033999.1 36332440 36332660 (870479)  +          Kuruka  Unspecified (870479) 36332440 36332660
  360 34.76  2.55  2.88            CM033999.1  3375990  3376303 (33826836)  C          Kuruka  Unspecified (33826836)  3375990  3376303
  349 34.86  0.90  1.36            CM033999.1  3774922  3775142 (33427997)  C          Kuruka  Unspecified (33427997)  3774922  3775142
  371 33.93  0.83  2.98            CM033999.1  6050460  6050699 (31152440)  C          Kuruka  Unspecified (31152440)  6050460  6050699
  352 36.37  1.59  1.92            CM033999.1  7180218  7180531 (30022608)  C          Kuruka  Unspecified (30022608)  7180218  7180531
  323 34.50  1.26  2.98            CM033999.1  7395025  7395263 (29807876)  C          Kuruka  Unspecified (29807876)  7395025  7395263
  863 36.23  3.61  3.94            CM033999.1  7422293  7423565 (29779574)  C          Kuruka  Unspecified (29779574)  7422293  7423565
  329 36.69  1.59  1.92            CM033999.1  7499896  7500209 (29702930)  C          Kuruka  Unspecified (29702930)  7499896  7500209
  807 36.12  1.98  3.64            CM033999.1  7521810  7522619 (29680520)  C          Kuruka  Unspecified (29680520)  7521810  7522619
  318 34.86  0.90  1.36            CM033999.1 10708158 10708378 (26494761)  C          Kuruka  Unspecified (26494761) 10708158 10708378
  251 20.01  3.57  4.82            CM033999.1 11727087 11727170 (25475969)  C          Kuruka  Unspecified (25475969) 11727087 11727170
  352 36.37  1.59  1.92            CM033999.1 16776484 16776797 (20426342)  C          Kuruka  Unspecified (20426342) 16776484 16776797
  259 33.82  1.89  2.37            CM033999.1 17057185 17057396 (20145743)  C          Kuruka  Unspecified (20145743) 17057185 17057396
  980 30.53  5.38  3.16            CM033999.1 18618263 18618820 (18584319)  C          Kuruka  Unspecified (18584319) 18618263 18618820
  338 34.79  0.83  2.98            CM033999.1 20247474 20247713 (16955426)  C          Kuruka  Unspecified (16955426) 20247474 20247713
  338 34.79  0.83  2.98            CM033999.1 23666424 23666663 (13536476)  C          Kuruka  Unspecified (13536476) 23666424 23666663
  335 34.79  0.83  2.98            CM033999.1 24975268 24975507 (12227632)  C          Kuruka  Unspecified (12227632) 24975268 24975507
  309 35.32  0.90  1.36            CM033999.1 25723575 25723795 (11479344)  C          Kuruka  Unspecified (11479344) 25723575 25723795
  350 34.35  0.83  2.98            CM033999.1 37089124 37089363 (113776)  C          Kuruka  Unspecified (113776) 37089124 37089363
  349 34.79  0.83  2.98            CM034000.1   645365   645604 (31742353)  +          Kuruka  Unspecified (31742353)   645365   645604
  350 34.35  0.83  2.98            CM034000.1  1222497  1222736 (31165221)  +          Kuruka  Unspecified (31165221)  1222497  1222736
  329 34.79  0.83  3.40            CM034000.1  1656120  1656360 (30731597)  +          Kuruka  Unspecified (30731597)  1656120  1656360
  259 32.15  3.40  3.40            CM034000.1  3610355  3610589 (28777368)  +          Kuruka  Unspecified (28777368)  3610355  3610589
  309 33.79  1.67  3.40            CM034000.1  3614203  3614441 (28773516)  +          Kuruka  Unspecified (28773516)  3614203  3614441
  353 34.76  2.55  2.88            CM034000.1  3878850  3879163 (28508794)  +          Kuruka  Unspecified (28508794)  3878850  3879163
 1634 32.80  1.09  1.59            CM034000.1  5078914  5079737 (27308220)  +          Kuruka  Unspecified (27308220)  5078914  5079737
  304 35.32  0.90  1.36            CM034000.1 12385790 12386010 (20001947)  +          Kuruka  Unspecified (20001947) 12385790 12386010
  350 34.35  0.83  2.98            CM034000.1 18976398 18976637 (13411320)  +          Kuruka  Unspecified (13411320) 18976398 18976637
 1068 35.18  3.07  1.71            CM034000.1 26899437 26900185 (5487772)  +          Kuruka  Unspecified (5487772) 26899437 26900185
  311 35.79  3.64  3.85            CM034000.1 28967229 28967722 (3420235)  +          Kuruka  Unspecified (3420235) 28967229 28967722
  361 36.37  1.59  1.92            CM034000.1 31993172 31993485 (394472)  +          Kuruka  Unspecified (394472) 31993172 31993485
  500 33.20  3.28  2.17            CM034000.1  1785123  1785396 (30602561)  C          Kuruka  Unspecified (30602561)  1785123  1785396
  486 34.69  0.45  0.45            CM034000.1  1786210  1786432 (30601525)  C          Kuruka  Unspecified (30601525)  1786210  1786432
  473 29.35 10.39  2.33            CM034000.1  1802299  1802577 (30585380)  C          Kuruka  Unspecified (30585380)  1802299  1802577
  334 35.32  0.90  1.36            CM034000.1  2483888  2484108 (29903849)  C          Kuruka  Unspecified (29903849)  2483888  2484108
  458 36.62  3.26  3.67            CM034000.1  3366407  3367418 (29020539)  C          Kuruka  Unspecified (29020539)  3366407  3367418
  346 34.41  0.90  1.36            CM034000.1  5231534  5231754 (27156203)  C          Kuruka  Unspecified (27156203)  5231534  5231754
  225 31.65  6.70  3.24            CM034000.1  8849224  8849432 (23538525)  C          Kuruka  Unspecified (23538525)  8849224  8849432
  343 34.35  0.83  2.98            CM034000.1 15471440 15471679 (16916278)  C          Kuruka  Unspecified (16916278) 15471440 15471679
  304 35.32  0.90  1.36            CM034000.1 17876978 17877198 (14510759)  C          Kuruka  Unspecified (14510759) 17876978 17877198
  315 34.79  0.83  2.98            CM034000.1 21648096 21648335 (10739622)  C          Kuruka  Unspecified (10739622) 21648096 21648335
  334 35.32  0.90  1.36            CM034000.1 30337380 30337600 (2050357)  C          Kuruka  Unspecified (2050357) 30337380 30337600
  322 34.79  0.83  2.98            CM034001.1  2098957  2099196 (28262627)  +          Kuruka  Unspecified (28262627)  2098957  2099196
  375 34.35  0.83  2.98            CM034001.1  7546776  7547015 (22814808)  +          Kuruka  Unspecified (22814808)  7546776  7547015
 1633 32.80  1.09  1.59            CM034001.1  7861651  7862474 (22499349)  +          Kuruka  Unspecified (22499349)  7861651  7862474
  338 34.79  0.83  2.98            CM034001.1  8521899  8522138 (21839685)  +          Kuruka  Unspecified (21839685)  8521899  8522138
  335 34.79  0.83  2.98            CM034001.1  8788091  8788330 (21573493)  +          Kuruka  Unspecified (21573493)  8788091  8788330
  350 34.35  0.83  2.98            CM034001.1 13693299 13693538 (16668285)  +          Kuruka  Unspecified (16668285) 13693299 13693538
  336 34.35  0.83  2.98            CM034001.1 16047145 16047384 (14314439)  +          Kuruka  Unspecified (14314439) 16047145 16047384
  338 34.79  0.83  2.98            CM034001.1 21530086 21530325 (8831498)  +          Kuruka  Unspecified (8831498) 21530086 21530325
  318 34.86  0.90  1.36            CM034001.1 25138759 25138979 (5222844)  +          Kuruka  Unspecified (5222844) 25138759 25138979
  357 34.35  0.83  2.98            CM034001.1 25612105 25612344 (4749479)  +          Kuruka  Unspecified (4749479) 25612105 25612344
  350 34.35  0.83  2.98            CM034001.1 26502954 26503193 (3858630)  +          Kuruka  Unspecified (3858630) 26502954 26503193
  309 35.32  0.90  1.36            CM034001.1 28011310 28011530 (2350293)  +          Kuruka  Unspecified (2350293) 28011310 28011530
  287 33.65  5.56  2.45            CM034001.1 28814874 28815071 (1546752)  +          Kuruka  Unspecified (1546752) 28814874 28815071
  287 36.07  2.55  2.88            CM034001.1 30346419 30346732  (15091)  +          Kuruka  Unspecified  (15091) 30346419 30346732
  351 34.07  1.26  2.98            CM034001.1   647706   647944 (29713879)  C          Kuruka  Unspecified (29713879)   647706   647944
  350 34.35  0.83  2.98            CM034001.1  1617575  1617814 (28744009)  C          Kuruka  Unspecified (28744009)  1617575  1617814
  340 34.40  1.79  2.25            CM034001.1  3160843  3161065 (27200758)  C          Kuruka  Unspecified (27200758)  3160843  3161065
  729 36.04  3.88  4.27            CM034001.1  5917426  5918483 (24443340)  C          Kuruka  Unspecified (24443340)  5917426  5918483
  334 35.32  0.90  1.36            CM034001.1  7536735  7536955 (22824868)  C          Kuruka  Unspecified (22824868)  7536735  7536955
  351 34.37  0.83  3.40            CM034001.1  9347790  9348030 (21013793)  C          Kuruka  Unspecified (21013793)  9347790  9348030
  309 35.32  0.90  1.36            CM034001.1 11051025 11051245 (19310578)  C          Kuruka  Unspecified (19310578) 11051025 11051245
  338 34.79  0.83  2.98            CM034001.1 12049743 12049982 (18311841)  C          Kuruka  Unspecified (18311841) 12049743 12049982
  282 35.85  1.84  2.31            CM034001.1 17676624 17676840 (12684983)  C          Kuruka  Unspecified (12684983) 17676624 17676840
  854 35.84  3.35  4.07            CM034001.1 18311593 18312607 (12049216)  C          Kuruka  Unspecified (12049216) 18311593 18312607
  350 34.35  0.83  2.98            CM034001.1 23881660 23881899 (6479924)  C          Kuruka  Unspecified (6479924) 23881660 23881899
  350 34.35  0.83  2.98            CM034001.1 28239966 28240205 (2121618)  C          Kuruka  Unspecified (2121618) 28239966 28240205
  308 35.06  0.83  2.97            CM034001.1 29791835 29792075 (569748)  C          Kuruka  Unspecified (569748) 29791835 29792075
  350 34.35  0.83  2.98            CM034002.1  2013990  2014229 (25562588)  +          Kuruka  Unspecified (25562588)  2013990  2014229
  309 35.32  0.90  1.36            CM034002.1  4039009  4039229 (23537588)  +          Kuruka  Unspecified (23537588)  4039009  4039229
 1593 32.92  1.09  1.71            CM034002.1 10770034 10770858 (16805959)  +          Kuruka  Unspecified (16805959) 10770034 10770858
  876 35.92  3.56  3.97            CM034002.1 15358329 15359340 (12217477)  +          Kuruka  Unspecified (12217477) 15358329 15359340
  318 35.41  2.55  2.88            CM034002.1 26354946 26355259 (1221558)  +          Kuruka  Unspecified (1221558) 26354946 26355259
  347 35.09  2.55  2.88            CM034002.1   284225   284538 (27292279)  C          Kuruka  Unspecified (27292279)   284225   284538
  290 34.86  0.90  1.82            CM034002.1  3477138  3477359 (24099458)  C          Kuruka  Unspecified (24099458)  3477138  3477359
  345 34.35  0.83  2.98            CM034002.1  3485426  3485665 (24091152)  C          Kuruka  Unspecified (24091152)  3485426  3485665
  339 34.35  0.83  2.98            CM034002.1  4248015  4248254 (23328563)  C          Kuruka  Unspecified (23328563)  4248015  4248254
  309 35.32  0.90  1.36            CM034002.1  4328377  4328597 (23248220)  C          Kuruka  Unspecified (23248220)  4328377  4328597
  341 33.93  0.83  3.40            CM034002.1  9995208  9995448 (17581369)  C          Kuruka  Unspecified (17581369)  9995208  9995448
  322 34.79  0.83  2.98            CM034002.1 10086107 10086346 (17490471)  C          Kuruka  Unspecified (17490471) 10086107 10086346
  227 13.04  0.00  0.00            CM034002.1 16277920 16277965 (11298852)  C          Kuruka  Unspecified (11298852) 16277920 16277965
  242 24.04  0.94  1.90            CM034002.1 18843695 18843800 (8733017)  C          Kuruka  Unspecified (8733017) 18843695 18843800
  361 36.37  1.59  1.92            CM034002.1 24170726 24171039 (3405778)  C          Kuruka  Unspecified (3405778) 24170726 24171039
  318 34.86  0.90  1.36            CM034002.1 25004953 25005173 (2571644)  C          Kuruka  Unspecified (2571644) 25004953 25005173
  506 29.36 10.43  1.99            CM034003.1  3712003  3712280 (23349772)  +          Kuruka  Unspecified (23349772)  3712003  3712280
  479 32.94  3.66  2.17            CM034003.1  3726682  3726954 (23335098)  +          Kuruka  Unspecified (23335098)  3726682  3726954
  319 34.19  1.64  2.90            CM034003.1 14881599 14881842 (12180210)  +          Kuruka  Unspecified (12180210) 14881599 14881842
  322 34.79  0.83  2.98            CM034003.1 18701843 18702082 (8359970)  +          Kuruka  Unspecified (8359970) 18701843 18702082
  350 34.35  0.83  2.98            CM034003.1 19819866 19820105 (7241947)  +          Kuruka  Unspecified (7241947) 19819866 19820105
  309 35.32  0.90  1.36            CM034003.1 20038468 20038688 (7023364)  +          Kuruka  Unspecified (7023364) 20038468 20038688
  351 34.35  0.83  2.98            CM034003.1 20790279 20790518 (6271534)  +          Kuruka  Unspecified (6271534) 20790279 20790518
  350 34.35  0.83  2.98            CM034003.1 21006558 21006797 (6055255)  +          Kuruka  Unspecified (6055255) 21006558 21006797
  322 35.41  2.55  2.88            CM034003.1 21852974 21853287 (5208765)  +          Kuruka  Unspecified (5208765) 21852974 21853287
  297 36.24  0.90  1.36            CM034003.1 24183472 24183692 (2878360)  +          Kuruka  Unspecified (2878360) 24183472 24183692
  382 34.35  0.83  2.98            CM034003.1 24721832 24722071 (2339981)  +          Kuruka  Unspecified (2339981) 24721832 24722071
  335 34.79  0.83  2.98            CM034003.1 26095298 26095537 (966515)  +          Kuruka  Unspecified (966515) 26095298 26095537
  336 35.09  2.55  2.88            CM034003.1 26907986 26908299 (153753)  +          Kuruka  Unspecified (153753) 26907986 26908299
  352 36.37  1.59  1.92            CM034003.1 26997074 26997387  (64665)  +          Kuruka  Unspecified  (64665) 26997074 26997387
  344 33.94  1.79  2.25            CM034003.1 13619474 13619696 (13442356)  C          Kuruka  Unspecified (13442356) 13619474 13619696
  361 36.37  1.59  1.92            CM034003.1 17136156 17136469 (9925583)  C          Kuruka  Unspecified (9925583) 17136156 17136469
  322 34.79  0.83  2.98            CM034003.1 19973696 19973935 (7088117)  C          Kuruka  Unspecified (7088117) 19973696 19973935
  319 34.19  1.64  2.90            CM034003.1 22353134 22353377 (4708675)  C          Kuruka  Unspecified (4708675) 22353134 22353377
  352 34.35  0.83  2.98            CM034003.1 22661919 22662158 (4399894)  C          Kuruka  Unspecified (4399894) 22661919 22662158
  958 30.47  5.18  3.33            CM034003.1 23519187 23519746 (3542306)  C          Kuruka  Unspecified (3542306) 23519187 23519746
 1591 32.72  1.22  1.59            CM034004.1   157564   158386 (25847485)  +          Kuruka  Unspecified (25847485)   157564   158386
  363 34.76  2.55  2.88            CM034004.1  7339033  7339346 (18666525)  +          Kuruka  Unspecified (18666525)  7339033  7339346
  357 34.35  0.83  2.98            CM034004.1 19911700 19911939 (6093932)  +          Kuruka  Unspecified (6093932) 19911700 19911939
  324 34.89  4.18  3.01            CM034004.1 22193102 22193627 (3812244)  +          Kuruka  Unspecified (3812244) 22193102 22193627
  317 35.19  1.81  2.27            CM034004.1 22373885 22374105 (3631766)  +          Kuruka  Unspecified (3631766) 22373885 22374105
  901 33.41  2.00  2.56            CM034004.1 22412224 22413241 (3593099)  +          Kuruka  Unspecified (3593099) 22412224 22413241
  322 34.79  0.83  2.98            CM034004.1 23154827 23155066 (2850805)  +          Kuruka  Unspecified (2850805) 23154827 23155066
  300 35.32  0.90  1.36            CM034004.1 24217182 24217402 (1788469)  +          Kuruka  Unspecified (1788469) 24217182 24217402
  359 34.35  0.83  2.98            CM034004.1 25575903 25576142 (429729)  +          Kuruka  Unspecified (429729) 25575903 25576142
  346 35.09  2.55  2.88            CM034004.1  3197091  3197404 (22808467)  C          Kuruka  Unspecified (22808467)  3197091  3197404
  857 36.39  3.61  3.94            CM034004.1  4120226  4121498 (21884373)  C          Kuruka  Unspecified (21884373)  4120226  4121498
  268 32.20  2.83  3.32            CM034004.1  4174041  4174252 (21831619)  C          Kuruka  Unspecified (21831619)  4174041  4174252
  353 34.76  2.55  2.88            CM034004.1  5493100  5493413 (20512458)  C          Kuruka  Unspecified (20512458)  5493100  5493413
  628 33.33  1.38  1.38            CM034004.1  5510119  5510480 (20495391)  C          Kuruka  Unspecified (20495391)  5510119  5510480
  274 33.34  1.89  2.37            CM034004.1 17509246 17509457 (8496414)  C          Kuruka  Unspecified (8496414) 17509246 17509457
  378 36.04  1.59  1.92            CM034004.1 18830896 18831209 (7174662)  C          Kuruka  Unspecified (7174662) 18830896 18831209
  300 35.32  0.90  1.36            CM034004.1 20030689 20030909 (5974962)  C          Kuruka  Unspecified (5974962) 20030689 20030909
  279 33.50  3.14  3.60            CM034004.1 22326361 22326583 (3679288)  C          Kuruka  Unspecified (3679288) 22326361 22326583
  322 34.79  0.83  2.98            CM034004.1 22633769 22634008 (3371863)  C          Kuruka  Unspecified (3371863) 22633769 22634008
  332 34.79  0.83  2.98            CM034004.1 25626940 25627179 (378692)  C          Kuruka  Unspecified (378692) 25626940 25627179
  331 29.08  6.10  9.34            CM034005.1   785721   786327 (25282021)  +          Kuruka  Unspecified (25282021)   785721   786327
  350 34.35  0.83  2.98            CM034005.1  1669029  1669268 (24399080)  +          Kuruka  Unspecified (24399080)  1669029  1669268
  304 35.32  0.90  1.36            CM034005.1  6108898  6109118 (19959230)  +          Kuruka  Unspecified (19959230)  6108898  6109118
  242 32.32  4.39  1.90            CM034005.1  7770843  7771047 (18297301)  +          Kuruka  Unspecified (18297301)  7770843  7771047
 1365 34.26  3.29  3.66            CM034005.1 12217859 12218982 (13849366)  +          Kuruka  Unspecified (13849366) 12217859 12218982
  350 34.35  0.83  2.98            CM034005.1 12316686 12316925 (13751423)  +          Kuruka  Unspecified (13751423) 12316686 12316925
  322 34.79  0.83  2.98            CM034005.1 12733032 12733271 (13335077)  +          Kuruka  Unspecified (13335077) 12733032 12733271
  335 34.79  0.83  2.98            CM034005.1 12949038 12949277 (13119071)  +          Kuruka  Unspecified (13119071) 12949038 12949277
  234 16.22  9.52  4.55            CM034005.1 13121975 13122058 (12946290)  +          Kuruka  Unspecified (12946290) 13121975 13122058
  345 34.35  0.83  2.98            CM034005.1 17009964 17010203 (9058145)  +          Kuruka  Unspecified (9058145) 17009964 17010203
  305 34.86  0.90  1.36            CM034005.1 17513455 17513675 (8554673)  +          Kuruka  Unspecified (8554673) 17513455 17513675
  309 35.32  0.90  1.36            CM034005.1 19120182 19120402 (6947946)  +          Kuruka  Unspecified (6947946) 19120182 19120402
  309 35.32  0.90  1.36            CM034005.1 21691148 21691368 (4376980)  +          Kuruka  Unspecified (4376980) 21691148 21691368
  334 35.32  0.90  1.36            CM034005.1 22205546 22205766 (3862582)  +          Kuruka  Unspecified (3862582) 22205546 22205766
  322 34.79  0.83  2.98            CM034005.1 23688114 23688353 (2379995)  +          Kuruka  Unspecified (2379995) 23688114 23688353
  246 24.81 18.73  5.65            CM034005.1 24155833 24156131 (1912217)  +          Kuruka  Unspecified (1912217) 24155833 24156131
  322 34.79  0.83  2.98            CM034005.1  2429820  2430059 (23638289)  C          Kuruka  Unspecified (23638289)  2429820  2430059
  343 34.35  0.83  2.98            CM034005.1  4254126  4254365 (21813983)  C          Kuruka  Unspecified (21813983)  4254126  4254365
  350 34.35  0.83  2.98            CM034005.1  5685323  5685562 (20382786)  C          Kuruka  Unspecified (20382786)  5685323  5685562
  329 34.79  0.83  2.98            CM034005.1 16618517 16618756 (9449592)  C          Kuruka  Unspecified (9449592) 16618517 16618756
  329 34.79  0.83  2.98            CM034005.1 16681364 16681603 (9386745)  C          Kuruka  Unspecified (9386745) 16681364 16681603
 1709 33.03  2.45  2.86            CM034005.1 16972783 16973801 (9094547)  C          Kuruka  Unspecified (9094547) 16972783 16973801
  309 35.32  0.90  1.36            CM034005.1 18335896 18336116 (7732232)  C          Kuruka  Unspecified (7732232) 18335896 18336116
  226 20.00  0.00  0.00            CM034005.1 20497177 20497246 (5571102)  C          Kuruka  Unspecified (5571102) 20497177 20497246
  347 34.35  0.83  2.98            CM034005.1 20506707 20506946 (5561402)  C          Kuruka  Unspecified (5561402) 20506707 20506946
  322 34.79  0.83  2.98            CM034005.1 21490552 21490791 (4577557)  C          Kuruka  Unspecified (4577557) 21490552 21490791
  371 33.93  0.83  2.98            CM034005.1 21953573 21953812 (4114536)  C          Kuruka  Unspecified (4114536) 21953573 21953812
 1334 34.26  3.29  3.66            CM034005.1 22736207 22737330 (3331018)  C          Kuruka  Unspecified (3331018) 22736207 22737330
  349 34.79  0.83  2.98            CM034005.1 23578398 23578637 (2489711)  C          Kuruka  Unspecified (2489711) 23578398 23578637
  357 34.35  0.83  2.98            CM034005.1 24594344 24594583 (1473765)  C          Kuruka  Unspecified (1473765) 24594344 24594583
  346 35.09  2.55  2.88            CM034006.1  1704723  1705036 (23520217)  +          Kuruka  Unspecified (23520217)  1704723  1705036
  350 34.35  0.83  2.98            CM034006.1  4161219  4161458 (21063795)  +          Kuruka  Unspecified (21063795)  4161219  4161458
  304 35.32  0.90  1.36            CM034006.1  4915776  4915996 (20309257)  +          Kuruka  Unspecified (20309257)  4915776  4915996
  371 33.93  0.83  2.98            CM034006.1  7731767  7732006 (17493247)  +          Kuruka  Unspecified (17493247)  7731767  7732006
  382 34.35  0.83  2.98            CM034006.1  8281833  8282072 (16943181)  +          Kuruka  Unspecified (16943181)  8281833  8282072
  753 35.93  3.88  4.27            CM034006.1 16526030 16527087 (8698166)  +          Kuruka  Unspecified (8698166) 16526030 16527087
  352 34.86  0.90  1.36            CM034006.1 22363728 22363948 (2861305)  +          Kuruka  Unspecified (2861305) 22363728 22363948
  349 34.79  0.83  2.98            CM034006.1  1251983  1252222 (23973031)  C          Kuruka  Unspecified (23973031)  1251983  1252222
  350 34.35  0.83  2.98            CM034006.1  1983083  1983322 (23241931)  C          Kuruka  Unspecified (23241931)  1983083  1983322
  343 34.35  0.83  2.98            CM034006.1  8894854  8895093 (16330160)  C          Kuruka  Unspecified (16330160)  8894854  8895093
  329 34.79  0.83  3.40            CM034006.1  9360831  9361071 (15864182)  C          Kuruka  Unspecified (15864182)  9360831  9361071
  318 34.86  0.90  1.36            CM034006.1 13776397 13776617 (11448636)  C          Kuruka  Unspecified (11448636) 13776397 13776617
  355 34.79  0.83  3.40            CM034006.1 16669756 16669996 (8555257)  C          Kuruka  Unspecified (8555257) 16669756 16669996
  349 34.79  0.83  2.98            CM034006.1 18656509 18656748 (6568505)  C          Kuruka  Unspecified (6568505) 18656509 18656748
 1002 34.63  2.71  3.24            CM034006.1 19815652 19816427 (5408826)  C          Kuruka  Unspecified (5408826) 19815652 19816427
  334 35.32  0.90  1.36            CM034006.1 19988201 19988421 (5236832)  C          Kuruka  Unspecified (5236832) 19988201 19988421
  264 31.33  4.39  1.90            CM034007.1  3488371  3488575 (17403882)  +          Kuruka  Unspecified (17403882)  3488371  3488575
  271 36.24  0.90  1.36            CM034007.1 15066315 15066535 (5825922)  +          Kuruka  Unspecified (5825922) 15066315 15066535
  315 34.79  0.83  2.98            CM034007.1 19034845 19035084 (1857373)  +          Kuruka  Unspecified (1857373) 19034845 19035084
  350 34.35  0.83  2.98            CM034007.1 20608412 20608651 (283806)  +          Kuruka  Unspecified (283806) 20608412 20608651
  248 31.82  4.39  1.90            CM034007.1 20716260 20716464 (175993)  +          Kuruka  Unspecified (175993) 20716260 20716464
  357 34.35  0.83  2.98            CM034007.1  8773978  8774217 (12118240)  C          Kuruka  Unspecified (12118240)  8773978  8774217
  345 34.35  0.83  2.98            CM034007.1 11562006 11562245 (9330212)  C          Kuruka  Unspecified (9330212) 11562006 11562245
  310 32.86  1.89  2.37            CM034007.1 11998783 11998994 (8893463)  C          Kuruka  Unspecified (8893463) 11998783 11998994
  803 34.90  2.08  2.48            CM034007.1 14197377 14198146 (6694311)  C          Kuruka  Unspecified (6694311) 14197377 14198146
  318 34.86  0.90  1.36            CM034007.1 18149682 18149902 (2742555)  C          Kuruka  Unspecified (2742555) 18149682 18149902
  362 34.79  0.83  2.98            CM034007.1 20583776 20584015 (308442)  C          Kuruka  Unspecified (308442) 20583776 20584015
  302 35.22  0.83  2.98            CM034008.1  3375692  3375931 (14752000)  +          Kuruka  Unspecified (14752000)  3375692  3375931
  334 35.32  0.90  1.36            CM034008.1  3542897  3543117 (14584814)  +          Kuruka  Unspecified (14584814)  3542897  3543117
  366 33.93  0.83  3.40            CM034008.1  3571054  3571294 (14556637)  +          Kuruka  Unspecified (14556637)  3571054  3571294
  338 34.79  0.83  2.98            CM034008.1  4728240  4728479 (13399452)  +          Kuruka  Unspecified (13399452)  4728240  4728479
  375 34.35  0.83  2.98            CM034008.1  7428225  7428464 (10699467)  +          Kuruka  Unspecified (10699467)  7428225  7428464
  325 34.50  1.26  2.98            CM034008.1  8790810  8791048 (9336883)  +          Kuruka  Unspecified (9336883)  8790810  8791048
  320 36.08  0.45  0.91            CM034008.1 12725728 12725948 (5401983)  +          Kuruka  Unspecified (5401983) 12725728 12725948
  350 34.35  0.83  2.98            CM034008.1 14254779 14255018 (3872913)  +          Kuruka  Unspecified (3872913) 14254779 14255018
  309 35.32  0.90  1.36            CM034008.1  3958344  3958564 (14169367)  C          Kuruka  Unspecified (14169367)  3958344  3958564
  346 35.09  2.55  2.88            CM034008.1  5320385  5320698 (12807233)  C          Kuruka  Unspecified (12807233)  5320385  5320698
  309 35.32  0.90  1.36            CM034008.1 10406712 10406932 (7720999)  C          Kuruka  Unspecified (7720999) 10406712 10406932
  334 32.71  2.75  1.82            CM034008.1 10602360 10602577 (7525354)  C          Kuruka  Unspecified (7525354) 10602360 10602577
  318 34.86  0.90  1.36            CM034008.1 11684263 11684483 (6443448)  C          Kuruka  Unspecified (6443448) 11684263 11684483
  338 34.79  0.83  2.98            CM034008.1 12217360 12217599 (5910332)  C          Kuruka  Unspecified (5910332) 12217360 12217599
  336 34.35  0.83  2.98            CM034008.1 16632717 16632956 (1494975)  C          Kuruka  Unspecified (1494975) 16632717 16632956
  328 34.86  0.90  1.36            CM034009.1  1465067  1465287 (9067428)  +          Kuruka  Unspecified (9067428)  1465067  1465287
  350 34.35  0.83  2.98            CM034009.1  6063974  6064213 (4468502)  +          Kuruka  Unspecified (4468502)  6063974  6064213
  350 34.35  0.83  2.98            CM034009.1  6333033  6333272 (4199443)  +          Kuruka  Unspecified (4199443)  6333033  6333272
  292 35.78  0.90  1.36            CM034009.1  8929279  8929499 (1603216)  +          Kuruka  Unspecified (1603216)  8929279  8929499
  334 35.32  0.90  1.36            CM034009.1  9425211  9425431 (1107284)  +          Kuruka  Unspecified (1107284)  9425211  9425431
  365 33.93  0.83  2.98            CM034009.1  1616576  1616815 (8915900)  C          Kuruka  Unspecified (8915900)  1616576  1616815
  253 31.23  3.05  4.32            CM034009.1  7763617  7763780 (2768935)  C          Kuruka  Unspecified (2768935)  7763617  7763780
  877 35.15  3.12  2.59            CM034009.1  8234843  8235610 (2297105)  C          Kuruka  Unspecified (2297105)  8234843  8235610
  292 35.78  0.90  1.36            CM034009.1  9105263  9105483 (1427232)  C          Kuruka  Unspecified (1427232)  9105263  9105483
 1334 34.60  3.20  3.57            CM034009.1 10126429 10127552 (405163)  C          Kuruka  Unspecified (405163) 10126429 10127552
  343 35.09  2.55  2.88            CM034010.1   602759   603072 (1632981)  +          Kuruka  Unspecified (1632981)   602759   603072
  318 34.86  0.90  1.36            CM034010.1  1198976  1199196 (1036857)  +          Kuruka  Unspecified (1036857)  1198976  1199196
  321 37.02  1.59  1.92            CM034010.1  1834833  1835146 (400907)  +          Kuruka  Unspecified (400907)  1834833  1835146
  369 36.04  1.59  1.92            CM034010.1   561718   562031 (1674022)  C          Kuruka  Unspecified (1674022)   561718   562031
  310 38.56  1.61  2.23            CM034010.1   733464   733959 (1502094)  C          Kuruka  Unspecified (1502094)   733464   733959
  327 35.09  2.55  2.88            CM034010.1   855994   856307 (1379746)  C          Kuruka  Unspecified (1379746)   855994   856307
  303 31.37  3.77  3.77            CM034010.1   889962   890173 (1345880)  C          Kuruka  Unspecified (1345880)   889962   890173
  307 32.56  3.14  3.60            CM034010.1   892436   892658 (1343395)  C          Kuruka  Unspecified (1343395)   892436   892658
  360 34.76  2.55  2.88            CM034010.1  1028723  1029036 (1207017)  C          Kuruka  Unspecified (1207017)  1028723  1029036
  942 29.53  5.69  4.21            CM034010.1  1185495  1186056 (1049997)  C          Kuruka  Unspecified (1049997)  1185495  1186056
 1195 35.16  3.20  3.57     JADDOF010000110.1     2682     3805   (9348)  +          Kuruka  Unspecified   (9348)     2682     3805
  417 30.57  2.03  2.03     JADDOF010000152.1    13604    13800  (29973)  +          Kuruka  Unspecified  (29973)    13604    13800
  314 36.70  3.24  3.45     JADDOF010000152.1    29905    30398  (13375)  C          Kuruka  Unspecified  (13375)    29905    30398
  314 36.70  3.24  3.45     JADDOF010000152.1    39947    40440   (3333)  C          Kuruka  Unspecified   (3333)    39947    40440
 1639 32.80  1.09  1.59     JADDOF010000196.1    16873    17696  (55247)  +          Kuruka  Unspecified  (55247)    16873    17696
  350 34.35  0.83  2.98     JADDOF010000214.1     9976    10215  (10039)  C          Kuruka  Unspecified  (10039)     9976    10215
