  396 31.71  4.62  4.90            CM061114.1  4072228  4072595 (10058548)  +          Kuruka  Unspecified (10058548)  4072228  4072595
  482 34.20  4.44  6.01            CM061114.1  5109434  5109906 (9021237)  +          Kuruka  Unspecified (9021237)  5109434  5109906
  412 33.34  5.09  5.36            CM061114.1  5228044  5228436 (8902707)  +          Kuruka  Unspecified (8902707)  5228044  5228436
  526 37.79  2.59  2.80            CM061114.1  6833567  6834067 (7297076)  +          Kuruka  Unspecified (7297076)  6833567  6834067
  404 34.27  3.88  2.18            CM061114.1  7166729  7167089 (6964054)  +          Kuruka  Unspecified (6964054)  7166729  7167089
  319 33.49  3.10  3.56            CM061114.1  7741441  7741666 (6389477)  +          Kuruka  Unspecified (6389477)  7741441  7741666
  308 30.54  3.81  4.26            CM061114.1  3494091  3494326 (10636817)  C          Kuruka  Unspecified (10636817)  3494091  3494326
  357 25.85  1.54  4.76            CM061114.1  4855394  4855523 (9275620)  C          Kuruka  Unspecified (9275620)  4855394  4855523
  493 33.94  5.14  5.36            CM061114.1  4931360  4931826 (9199317)  C          Kuruka  Unspecified (9199317)  4931360  4931826
  317 36.64  1.69  2.12            CM061114.1  5182896  5183132 (8948011)  C          Kuruka  Unspecified (8948011)  5182896  5183132
  368 34.62  0.96  0.48            CM061114.1  5200030  5200238 (8930905)  C          Kuruka  Unspecified (8930905)  5200030  5200238
  235 36.89  2.10  4.29            CM061114.1  5385239  5385524 (8745619)  C          Kuruka  Unspecified (8745619)  5385239  5385524
  352 33.87  4.56  5.09            CM061114.1  5389325  5389719 (8741424)  C          Kuruka  Unspecified (8741424)  5389325  5389719
  274 31.86  7.61  3.32            CM061114.1  5635819  5636107 (8495036)  C          Kuruka  Unspecified (8495036)  5635819  5636107
  383 33.88  4.87  4.23            CM061115.1  3409030  3409522 (9801778)  +          Kuruka  Unspecified (9801778)  3409030  3409522
  303 31.02  4.57  5.10            CM061115.1  3989266  3989462 (9221838)  +          Kuruka  Unspecified (9221838)  3989266  3989462
  362 36.71  4.55  5.75            CM061115.1  5004756  5005547 (8205753)  +          Kuruka  Unspecified (8205753)  5004756  5005547
  531 35.49  4.61  4.79            CM061115.1  5153361  5153946 (8057354)  +          Kuruka  Unspecified (8057354)  5153361  5153946
  275 36.84  1.72  1.72            CM061115.1  6495197  6495486 (6715814)  +          Kuruka  Unspecified (6715814)  6495197  6495486
  300 29.46  0.88  0.88            CM061115.1  6644423  6644535 (6566765)  +          Kuruka  Unspecified (6566765)  6644423  6644535
  368 32.27  4.57  4.83            CM061115.1  6840735  6841128 (6370172)  +          Kuruka  Unspecified (6370172)  6840735  6841128
  240 24.70  2.41  2.41            CM061115.1   352120   352202 (12859098)  C          Kuruka  Unspecified (12859098)   352120   352202
  305 34.38  3.63  5.82            CM061115.1  3184784  3185169 (10026131)  C          Kuruka  Unspecified (10026131)  3184784  3185169
  313 34.72  2.80  3.12            CM061115.1  4006085  4006405 (9204895)  C          Kuruka  Unspecified (9204895)  4006085  4006405
  355 33.11  0.00  0.69            CM061115.1  4332657  4332802 (8878498)  C          Kuruka  Unspecified (8878498)  4332657  4332802
  302 35.52  3.82  3.29            CM061115.1  4836680  4837072 (8374228)  C          Kuruka  Unspecified (8374228)  4836680  4837072
  228 37.19  1.72  1.72            CM061115.1  5035125  5035414 (8175886)  C          Kuruka  Unspecified (8175886)  5035125  5035414
  321 34.36  3.32  3.32            CM061115.1  5139645  5139945 (8071355)  C          Kuruka  Unspecified (8071355)  5139645  5139945
  376 33.92  2.36  2.70            CM061115.1  5878951  5879247 (7332053)  C          Kuruka  Unspecified (7332053)  5878951  5879247
  437 32.03  6.53  7.07            CM061115.1  6280483  6280948 (6930619)  C          Kuruka  Unspecified (6930619)  6280483  6280948
  273 37.18  2.19  2.51            CM061115.1  6908283  6908602 (6302698)  C          Kuruka  Unspecified (6302698)  6908283  6908602
  520 35.88  3.24  3.24            CM061116.1  5916538  5916969 (11307326)  +          Kuruka  Unspecified (11307326)  5916538  5916969
  287 27.92  2.63  2.63            CM061116.1  7390974  7391087 (9833208)  +          Kuruka  Unspecified (9833208)  7390974  7391087
  491 33.49  5.67  6.31            CM061116.1  9017109  9017602 (8206693)  +          Kuruka  Unspecified (8206693)  9017109  9017602
  265 38.21  2.32  2.50            CM061116.1  9168002  9168562 (8055733)  +          Kuruka  Unspecified (8055733)  9168002  9168562
  330 34.73  2.80  3.44            CM061116.1  9180171  9180492 (8043803)  +          Kuruka  Unspecified (8043803)  9180171  9180492
  228 34.17  5.02  2.45            CM061116.1  9677140  9677418 (7546877)  +          Kuruka  Unspecified (7546877)  9677140  9677418
  297 31.93  4.06  4.59            CM061116.1 10104300 10104496 (7119799)  +          Kuruka  Unspecified (7119799) 10104300 10104496
  374 34.45  0.95  0.95            CM061116.1 10324895 10325105 (6899190)  +          Kuruka  Unspecified (6899190) 10324895 10325105
  354 27.05  0.81  0.81            CM061116.1 11337074 11337196 (5887099)  +          Kuruka  Unspecified (5887099) 11337074 11337196
  249 30.56  0.92  0.92            CM061116.1 11358976 11359084 (5865211)  +          Kuruka  Unspecified (5865211) 11358976 11359084
  300 34.08  4.26  4.57            CM061116.1 12158016 12158344 (5065951)  +          Kuruka  Unspecified (5065951) 12158016 12158344
  352 28.33  1.64  1.64            CM061116.1  6430239  6430360 (10793935)  C          Kuruka  Unspecified (10793935)  6430239  6430360
  393 30.36  5.85  6.12            CM061116.1  8329805  8330197 (8894098)  C          Kuruka  Unspecified (8894098)  8329805  8330197
  372 36.57  4.15  4.87            CM061116.1  8439434  8439867 (8784428)  C          Kuruka  Unspecified (8784428)  8439434  8439867
  274 29.04  4.76  5.12            CM061116.1  8784040  8784333 (8439962)  C          Kuruka  Unspecified (8439962)  8784040  8784333
  457 37.57  3.46  3.70            CM061116.1  9083066  9083499 (8140796)  C          Kuruka  Unspecified (8140796)  9083066  9083499
  386 32.38  5.41  5.69            CM061116.1  9349131  9349500 (7874795)  C          Kuruka  Unspecified (7874795)  9349131  9349500
  360 35.94  1.99  2.33            CM061116.1  9783724  9784025 (7440270)  C          Kuruka  Unspecified (7440270)  9783724  9784025
  317 36.28  1.99  2.33            CM061116.1 10334767 10335068 (6889227)  C          Kuruka  Unspecified (6889227) 10334767 10335068
  342 35.43  0.78  1.17            CM061116.1 10665771 10666027 (6558268)  C          Kuruka  Unspecified (6558268) 10665771 10666027
  241 31.66  2.10  2.82            CM061116.1 11774792 11774934 (5449361)  C          Kuruka  Unspecified (5449361) 11774792 11774934
  352 34.61  4.50  4.72            CM061117.1  3298154  3298620 (8409025)  +          Kuruka  Unspecified (8409025)  3298154  3298620
  337 34.38  3.11  1.53            CM061117.1  4645638  4645894 (7061751)  +          Kuruka  Unspecified (7061751)  4645638  4645894
  383 36.04  3.45  3.69            CM061117.1  4745463  4745897 (6961748)  +          Kuruka  Unspecified (6961748)  4745463  4745897
  311 32.04  2.17  1.62            CM061117.1  4829576  4829759 (6877886)  +          Kuruka  Unspecified (6877886)  4829576  4829759
  374 31.71  5.85  6.12            CM061117.1  5479289  5479681 (6227964)  +          Kuruka  Unspecified (6227964)  5479289  5479681
  289 32.72  2.70  3.64            CM061117.1  1996157  1996378 (9711267)  C          Kuruka  Unspecified (9711267)  1996157  1996378
  533 35.71  3.42  3.63            CM061117.1  2138981  2139477 (9568168)  C          Kuruka  Unspecified (9568168)  2138981  2139477
  342 35.43  0.78  1.17            CM061117.1  3604754  3605010 (8102635)  C          Kuruka  Unspecified (8102635)  3604754  3605010
  306 28.65  8.61  0.61            CM061117.1  3856794  3856944 (7850701)  C          Kuruka  Unspecified (7850701)  3856794  3856944
  373 35.05  4.50  4.72            CM061117.1  4182528  4182994 (7524651)  C          Kuruka  Unspecified (7524651)  4182528  4182994
  422 34.61  3.89  4.13            CM061117.1  4725215  4725651 (6981994)  C          Kuruka  Unspecified (6981994)  4725215  4725651
  503 33.50  5.82  6.05            CM061117.1  5135894  5136357 (6571288)  C          Kuruka  Unspecified (6571288)  5135894  5136357
  253 34.76  1.39  2.10            CM061117.1  5378571  5378714 (6328931)  C          Kuruka  Unspecified (6328931)  5378571  5378714
  332 31.36  6.45  6.70            CM061117.1  6958719  6959152 (4748493)  C          Kuruka  Unspecified (4748493)  6958719  6959152
  425 32.54  5.08  5.61            CM061117.1  8184058  8184451 (3523194)  C          Kuruka  Unspecified (3523194)  8184058  8184451
  290 29.82  1.72  1.72            CM061118.1   851596   851711 (11671037)  +          Kuruka  Unspecified (11671037)   851596   851711
  521 37.55  2.23  2.43            CM061118.1  2793736  2794229 (9728519)  +          Kuruka  Unspecified (9728519)  2793736  2794229
  467 37.03  2.30  2.53            CM061118.1  2814975  2815409 (9707339)  +          Kuruka  Unspecified (9707339)  2814975  2815409
  239 34.16  2.73  3.95            CM061118.1  2961689  2961944 (9560804)  +          Kuruka  Unspecified (9560804)  2961689  2961944
  284 34.84  1.10  2.22            CM061118.1  2997820  2998001 (9524747)  +          Kuruka  Unspecified (9524747)  2997820  2998001
  343 27.35  4.48  4.48            CM061118.1  3743366  3743499 (8779249)  +          Kuruka  Unspecified (8779249)  3743366  3743499
  324 28.57  0.88  0.88            CM061118.1  4166445  4166557 (8356191)  +          Kuruka  Unspecified (8356191)  4166445  4166557
  442 34.95  2.94  3.24            CM061118.1  4427424  4427763 (8094985)  +          Kuruka  Unspecified (8094985)  4427424  4427763
  481 36.61  3.51  3.69            CM061118.1  5405710  5406279 (7116469)  +          Kuruka  Unspecified (7116469)  5405710  5406279
  399 38.63  3.11  3.53            CM061118.1   682430   682912 (11839836)  C          Kuruka  Unspecified (11839836)   682430   682912
  409 35.43  0.78  1.17            CM061118.1  1966796  1967052 (10555696)  C          Kuruka  Unspecified (10555696)  1966796  1967052
  385 34.47  3.52  3.78            CM061118.1  2747832  2748229 (9774519)  C          Kuruka  Unspecified (9774519)  2747832  2748229
  365 35.11  3.43  3.65            CM061118.1  2776330  2776796 (9745952)  C          Kuruka  Unspecified (9745952)  2776330  2776796
  424 33.97  3.47  3.89            CM061118.1  3013486  3013975 (9508773)  C          Kuruka  Unspecified (9508773)  3013486  3013975
  564 34.59  3.82  4.03            CM061118.1  3112337  3112833 (9409915)  C          Kuruka  Unspecified (9409915)  3112337  3112833
  264 36.73  1.20  1.61            CM061118.1  4605599  4605847 (7916901)  C          Kuruka  Unspecified (7916901)  4605599  4605847
  412 35.83  0.78  1.17            CM061118.1  6505829  6506085 (6016663)  C          Kuruka  Unspecified (6016663)  6505829  6506085
  232 36.65  2.50  2.82            CM061118.1  6994828  6995147 (5527601)  C          Kuruka  Unspecified (5527601)  6994828  6995147
  442 36.54  3.60  3.95            CM061119.1  5827901  5828484 (7225503)  +          Kuruka  Unspecified (7225503)  5827901  5828484
  268 33.59  3.42  2.64            CM061119.1  6262798  6263060 (6790927)  +          Kuruka  Unspecified (6790927)  6262798  6263060
  552 38.36  2.00  2.20            CM061119.1  7012686  7013186 (6040801)  +          Kuruka  Unspecified (6040801)  7012686  7013186
  231 25.85  8.62  3.28            CM061119.1  7050190  7050305 (6003682)  +          Kuruka  Unspecified (6003682)  7050190  7050305
  411 38.60  1.89  2.07            CM061119.1  7435178  7435759 (5618228)  +          Kuruka  Unspecified (5618228)  7435178  7435759
  321 35.95  3.37  3.37            CM061119.1  7617202  7617676 (5436311)  +          Kuruka  Unspecified (5436311)  7617202  7617676
  335 36.96  3.16  3.16            CM061119.1  7630227  7630701 (5423286)  +          Kuruka  Unspecified (5423286)  7630227  7630701
  335 36.96  3.16  3.16            CM061119.1  7643177  7643651 (5410336)  +          Kuruka  Unspecified (5410336)  7643177  7643651
  308 26.96  1.71  1.71            CM061119.1  7701177  7701293 (5352694)  +          Kuruka  Unspecified (5352694)  7701177  7701293
  238 31.56  4.46  5.13            CM061119.1  5545574  5545730 (7508257)  C          Kuruka  Unspecified (7508257)  5545574  5545730
  333 33.02  2.36  2.84            CM061119.1  6206901  6207112 (6846875)  C          Kuruka  Unspecified (6846875)  6206901  6207112
  461 29.92  7.07  7.36            CM061120.1   732604   732971 (10339466)  +          Kuruka  Unspecified (10339466)   732604   732971
  409 32.66  4.71  4.94            CM061120.1   824083   824549 (10247888)  +          Kuruka  Unspecified (10247888)   824083   824549
  504 35.92  4.48  4.66            CM061120.1  1020829  1021409 (10051028)  +          Kuruka  Unspecified (10051028)  1020829  1021409
  415 34.44  4.45  5.00            CM061120.1  2303425  2303806 (8768631)  +          Kuruka  Unspecified (8768631)  2303425  2303806
  275 29.82  1.72  1.72            CM061120.1  5852467  5852582 (5219855)  +          Kuruka  Unspecified (5219855)  5852467  5852582
  625 34.73  3.69  3.87            CM061120.1  6542237  6542805 (4529632)  +          Kuruka  Unspecified (4529632)  6542237  6542805
  247 33.91  0.86  0.86            CM061120.1  8080392  8080507 (2991930)  +          Kuruka  Unspecified (2991930)  8080392  8080507
  308 30.54  3.81  4.26            CM061120.1  9834920  9835155 (1237282)  +          Kuruka  Unspecified (1237282)  9834920  9835155
  359 31.63  6.09  6.09            CM061120.1   569006   569399 (10503038)  C          Kuruka  Unspecified (10503038)   569006   569399
  358 33.93  4.50  4.72            CM061120.1   771777   772243 (10300194)  C          Kuruka  Unspecified (10300194)   771777   772243
  409 35.43  3.22  3.43            CM061120.1  7038335  7038831 (4033606)  C          Kuruka  Unspecified (4033606)  7038335  7038831
  273 33.07  3.86  4.26            CM061120.1  7663412  7663670 (3408767)  C          Kuruka  Unspecified (3408767)  7663412  7663670
  282 33.92  2.85  4.12            CM061120.1  7664117  7664362 (3408075)  C          Kuruka  Unspecified (3408075)  7664117  7664362
  352 33.56  4.05  4.38            CM061120.1  7703666  7703986 (3368451)  C          Kuruka  Unspecified (3368451)  7703666  7703986
  292 33.75  2.73  3.95            CM061120.1  7704373  7704628 (3367809)  C          Kuruka  Unspecified (3367809)  7704373  7704628
  250 32.43  1.77  1.77            CM061121.1   447991   448103 (19214243)  +          Kuruka  Unspecified (19214243)   447991   448103
  409 35.43  3.22  3.43            CM061121.1  5975242  5975738 (13686608)  +          Kuruka  Unspecified (13686608)  5975242  5975738
  256 30.56  0.92  0.92            CM061121.1  6165009  6165117 (13497229)  +          Kuruka  Unspecified (13497229)  6165009  6165117
  484 36.10  2.23  2.43            CM061121.1  6513131  6513624 (13148722)  +          Kuruka  Unspecified (13148722)  6513131  6513624
  484 36.10  2.23  2.43            CM061121.1  6525720  6526213 (13136133)  +          Kuruka  Unspecified (13136133)  6525720  6526213
  252 36.47  1.16  1.16            CM061121.1  7657470  7657641 (12004705)  +          Kuruka  Unspecified (12004705)  7657470  7657641
  601 33.81  4.09  5.12            CM061121.1  8010987  8011597 (11650749)  +          Kuruka  Unspecified (11650749)  8010987  8011597
  408 33.93  3.85  4.08            CM061121.1  8438429  8438895 (11223451)  +          Kuruka  Unspecified (11223451)  8438429  8438895
  332 33.57  3.88  4.56            CM061121.1  8628552  8628860 (11033486)  +          Kuruka  Unspecified (11033486)  8628552  8628860
  279 31.93  1.38  4.74            CM061121.1  9030901  9031554 (10631228)  +          Kuruka  Unspecified (10631228)  9030901  9031554
  348 37.51  2.63  2.84            CM061121.1  9230612  9231105 (10431241)  +          Kuruka  Unspecified (10431241)  9230612  9231105
  254 30.99  0.00  2.65            CM061121.1  9273587  9273702 (10388644)  +          Kuruka  Unspecified (10388644)  9273587  9273702
  349 33.33  3.25  3.58            CM061121.1  9386458  9386765 (10275581)  +          Kuruka  Unspecified (10275581)  9386458  9386765
  281 32.34  1.98  5.10            CM061121.1  9448452  9448653 (10213693)  +          Kuruka  Unspecified (10213693)  9448452  9448653
  231 30.78  1.67  2.52            CM061121.1 10133657 10133776 (9528570)  +          Kuruka  Unspecified (9528570) 10133657 10133776
  399 38.53  1.65  1.86            CM061121.1 10282565 10283048 (9379298)  +          Kuruka  Unspecified (9379298) 10282565 10283048
  359 34.08  2.80  3.12            CM061121.1 10977403 10977723 (8684623)  +          Kuruka  Unspecified (8684623) 10977403 10977723
  451 33.25  5.54  5.28            CM061121.1 16269536 16269932 (3392414)  +          Kuruka  Unspecified (3392414) 16269536 16269932
  462 33.33  5.34  5.34            CM061121.1 16280630 16281022 (3381324)  +          Kuruka  Unspecified (3381324) 16280630 16281022
  341 32.06  4.03  4.73            CM061121.1  3128346  3128643 (16533703)  C          Kuruka  Unspecified (16533703)  3128346  3128643
  325 29.23  1.52  1.52            CM061121.1  5136362  5136493 (14525853)  C          Kuruka  Unspecified (14525853)  5136362  5136493
  504 35.92  4.48  4.66            CM061121.1  6888750  6889330 (12773016)  C          Kuruka  Unspecified (12773016)  6888750  6889330
  287 27.92  2.63  2.63            CM061121.1  7074808  7074921 (12587425)  C          Kuruka  Unspecified (12587425)  7074808  7074921
  257 24.24  0.00  0.00            CM061121.1  7862193  7862258 (11800088)  C          Kuruka  Unspecified (11800088)  7862193  7862258
  430 36.17  0.84  1.27            CM061121.1  8061273  8061510 (11600836)  C          Kuruka  Unspecified (11600836)  8061273  8061510
  300 25.60  4.58  4.58            CM061121.1  8256071  8256201 (11406145)  C          Kuruka  Unspecified (11406145)  8256071  8256201
  311 28.57  0.88  0.88            CM061121.1  8955426  8955538 (10706808)  C          Kuruka  Unspecified (10706808)  8955426  8955538
  240 30.92  5.05  5.43            CM061121.1  9043159  9043435 (10618911)  C          Kuruka  Unspecified (10618911)  9043159  9043435
  571 33.06  3.98  4.39            CM061121.1  9559517  9560019 (10102327)  C          Kuruka  Unspecified (10102327)  9559517  9560019
  238 28.70  3.92  0.95            CM061121.1  9560375  9560476 (10101870)  C          Kuruka  Unspecified (10101870)  9560375  9560476
  402 35.43  3.22  3.43            CM061121.1 10312784 10313280 (9349066)  C          Kuruka  Unspecified (9349066) 10312784 10313280
  331 29.04  2.36  2.36            CM061121.1 11834257 11834383 (7827963)  C          Kuruka  Unspecified (7827963) 11834257 11834383
  541 35.92  4.48  4.66            CM061121.1 14051295 14051875 (5610471)  C          Kuruka  Unspecified (5610471) 14051295 14051875
  557 37.43  2.20  2.40            CM061122.1   948870   949370 (11389805)  +          Kuruka  Unspecified (11389805)   948870   949370
  412 37.92  2.40  2.75            CM061122.1  1186588  1187170 (11152005)  +          Kuruka  Unspecified (11152005)  1186588  1187170
  250 32.43  1.77  1.77            CM061122.1  2756307  2756419 (9582756)  +          Kuruka  Unspecified (9582756)  2756307  2756419
  350 30.33  5.38  5.38            CM061122.1  3322676  3322898 (9016277)  +          Kuruka  Unspecified (9016277)  3322676  3322898
  293 36.46  3.24  3.24            CM061122.1  3372625  3372933 (8966242)  +          Kuruka  Unspecified (8966242)  3372625  3372933
  480 35.30  4.56  4.78            CM061122.1  3392516  3392997 (8946178)  +          Kuruka  Unspecified (8946178)  3392516  3392997
  249 25.92  2.41  2.41            CM061122.1  4035991  4036073 (8303102)  +          Kuruka  Unspecified (8303102)  4035991  4036073
  252 29.79  1.99  2.67            CM061122.1  4940222  4940606 (7398803)  +          Kuruka  Unspecified (7398803)  4940222  4940606
  288 36.73  1.78  2.14            CM061122.1  5486343  5486623 (6852552)  +          Kuruka  Unspecified (6852552)  5486343  5486623
  322 30.77  2.49  3.00            CM061122.1  6173047  6173247 (6165928)  +          Kuruka  Unspecified (6165928)  6173047  6173247
  300 28.07  1.72  1.72            CM061122.1  6182675  6182790 (6156385)  +          Kuruka  Unspecified (6156385)  6182675  6182790
  389 35.14  1.65  2.33            CM061122.1  6372179  6372481 (5966694)  +          Kuruka  Unspecified (5966694)  6372179  6372481
  371 33.66  2.81  3.46            CM061122.1  6815809  6816128 (5523047)  +          Kuruka  Unspecified (5523047)  6815809  6816128
  263 27.35  3.03  3.03            CM061122.1  6980312  6980443 (5358732)  +          Kuruka  Unspecified (5358732)  6980312  6980443
  415 35.01  5.25  5.68            CM061122.1  7088476  7089447 (5249728)  +          Kuruka  Unspecified (5249728)  7088476  7089447
  243 29.82  1.72  1.72            CM061122.1  7604175  7604290 (4734885)  +          Kuruka  Unspecified (4734885)  7604175  7604290
  391 37.90  1.42  1.78            CM061122.1  8066576  8066857 (4272318)  +          Kuruka  Unspecified (4272318)  8066576  8066857
  639 34.72  3.27  4.46            CM061122.1   815973   816584 (11522591)  C          Kuruka  Unspecified (11522591)   815973   816584
  447 35.95  1.11  1.48            CM061122.1  2868410  2868680 (9470495)  C          Kuruka  Unspecified (9470495)  2868410  2868680
  277 39.51  0.00  0.00            CM061122.1  2869580  2869741 (9469434)  C          Kuruka  Unspecified (9469434)  2869580  2869741
  453 28.75  1.23  1.85            CM061122.1  3003979  3004141 (9335034)  C          Kuruka  Unspecified (9335034)  3003979  3004141
  376 28.58  1.27  1.92            CM061122.1  3071085  3071241 (9267934)  C          Kuruka  Unspecified (9267934)  3071085  3071241
  395 31.13  4.11  3.17            CM061122.1  3290761  3290979 (9048196)  C          Kuruka  Unspecified (9048196)  3290761  3290979
  307 32.25  2.70  3.64            CM061122.1  4219949  4220170 (8119005)  C          Kuruka  Unspecified (8119005)  4219949  4220170
  377 34.23  4.08  4.08            CM061122.1  4237733  4238198 (8100977)  C          Kuruka  Unspecified (8100977)  4237733  4238198
  270 30.70  1.72  1.72            CM061122.1  4747966  4748081 (7591094)  C          Kuruka  Unspecified (7591094)  4747966  4748081
  255 31.24  0.88  0.88            CM061122.1  5234117  5234229 (7104946)  C          Kuruka  Unspecified (7104946)  5234117  5234229
  332 33.78  3.26  3.59            CM061122.1  5857064  5857370 (6481805)  C          Kuruka  Unspecified (6481805)  5857064  5857370
  346 26.79  0.88  0.88            CM061122.1  6261032  6261144 (6078031)  C          Kuruka  Unspecified (6078031)  6261032  6261144
  226 33.95  3.90  4.35            CM061122.1  6434397  6434627 (5904548)  C          Kuruka  Unspecified (5904548)  6434397  6434627
  379 34.13  2.61  3.77            CM061123.1  5933688  5933955 (9127338)  +          Kuruka  Unspecified (9127338)  5933688  5933955
  226 25.22  7.92  1.87            CM061123.1  6772280  6772380 (8288913)  +          Kuruka  Unspecified (8288913)  6772280  6772380
  530 37.44  2.81  2.99            CM061123.1  7081805  7082374 (7978919)  +          Kuruka  Unspecified (7978919)  7081805  7082374
  334 34.87  1.92  2.58            CM061123.1  7228591  7228902 (7832391)  +          Kuruka  Unspecified (7832391)  7228591  7228902
  402 35.49  3.91  4.15            CM061123.1  7611188  7611622 (7449671)  +          Kuruka  Unspecified (7449671)  7611188  7611622
  279 34.12  3.91  6.12            CM061123.1  7750936  7751319 (7309974)  +          Kuruka  Unspecified (7309974)  7750936  7751319
  438 30.54  1.18  1.78            CM061123.1  7919960  7920129 (7141164)  +          Kuruka  Unspecified (7141164)  7919960  7920129
  369 33.34  3.48  3.85            CM061123.1  9057937  9058223 (6003070)  +          Kuruka  Unspecified (6003070)  9057937  9058223
  304 26.96  1.71  1.71            CM061123.1  9671069  9671185 (5390108)  +          Kuruka  Unspecified (5390108)  9671069  9671185
  328 36.40  2.32  2.66            CM061123.1 10929643 10929944 (4131349)  +          Kuruka  Unspecified (4131349) 10929643 10929944
  259 32.75  0.00  0.88            CM061123.1 11464892 11465005 (3596288)  +          Kuruka  Unspecified (3596288) 11464892 11465005
  562 35.05  3.39  4.58            CM061123.1 11772484 11773102 (3288191)  +          Kuruka  Unspecified (3288191) 11772484 11773102
  463 35.06  3.04  4.53            CM061123.1 11779926 11780418 (3280875)  +          Kuruka  Unspecified (3280875) 11779926 11780418
  293 35.21  2.11  2.11            CM061123.1 11939065 11939444 (3121849)  +          Kuruka  Unspecified (3121849) 11939065 11939444
  408 33.93  3.85  4.08            CM061123.1  6207012  6207478 (8853815)  C          Kuruka  Unspecified (8853815)  6207012  6207478
  237 19.57  0.00  0.00            CM061123.1  7356949  7356994 (7704299)  C          Kuruka  Unspecified (7704299)  7356949  7356994
  369 33.48  4.51  4.51            CM061123.1  7801806  7802271 (7259022)  C          Kuruka  Unspecified (7259022)  7801806  7802271
  244 32.00  0.00  0.00            CM061123.1  7931781  7931880 (7129413)  C          Kuruka  Unspecified (7129413)  7931781  7931880
  270 39.94  2.24  2.42            CM061123.1  9027890  9028469 (6032824)  C          Kuruka  Unspecified (6032824)  9027890  9028469
  334 34.49  5.22  5.22            CM061123.1 11183101 11183464 (3877829)  C          Kuruka  Unspecified (3877829) 11183101 11183464
  364 34.38  4.90  4.90            CM061123.1 11184098 11184464 (3876829)  C          Kuruka  Unspecified (3876829) 11184098 11184464
  357 28.88  4.02  4.55            CM061123.1 11666827 11667194 (3394268)  C          Kuruka  Unspecified (3394268) 11666827 11667194
  606 34.10  3.90  4.07            CM061123.1 11978449 11979038 (3082255)  C          Kuruka  Unspecified (3082255) 11978449 11979038
  349 31.80  5.60  6.04            CM061123.1 12090058 12090539 (2970754)  C          Kuruka  Unspecified (2970754) 12090058 12090539
  230 25.37  0.00  0.00            CM061123.1 12465309 12465375 (2595918)  C          Kuruka  Unspecified (2595918) 12465309 12465375
  674 35.44  2.45  3.47     JAUANT010000050.1   495854   496464 (102951)  +          Kuruka  Unspecified (102951)   495854   496464
  234 30.24  2.26  3.03     JAUANT010000105.1     3545     3677  (99808)  +          Kuruka  Unspecified  (99808)     3545     3677
  244 29.69  3.03  3.03     JAUANT010000105.1    15292    15423  (88062)  C          Kuruka  Unspecified  (88062)    15292    15423
  374 32.47  0.00  0.65     JAUANT010000105.1    42772    42926  (60559)  C          Kuruka  Unspecified  (60559)    42772    42926
  374 33.48  5.43  5.65     JAUANT010000156.1    38319    38815  (26498)  +          Kuruka  Unspecified  (26498)    38319    38815
