  1792 34.19 2.89 1.94           CM055252.1   7682230   7683404 (38308674) C               Kuruka     Unspecified  (4187)    4646    3461    
  1608 35.93 2.22 2.59           CM055252.1  13511412  13512808 (32479270) C               Kuruka     Unspecified  (3967)    4866    3475    
  1775 34.00 3.06 2.11           CM055252.1  14124670  14125844 (31866234) C               Kuruka     Unspecified  (4187)    4646    3461    
  1701 34.30 2.38 2.75           CM055252.1  15776319  15777412 (30214666) +               Kuruka     Unspecified    3489    4578  (4255)    
  1342 35.26 3.31 1.81           CM055252.1  22043547  22044632 (23947446) +               Kuruka     Unspecified    3657    4758  (4075)    
  1070 32.88 2.33 2.50           CM055252.1  22381295  22381896 (23610182) +               Kuruka     Unspecified    3933    4533  (4300)    
   250 33.75 1.84 1.84           CM055252.1  22382058  22382220 (23609858) +               Kuruka     Unspecified    4695    4857  (3976)    
   259 30.66 5.06 5.06           CM055252.1  22691896  22692053 (23300025) +               Kuruka     Unspecified    3489    3646  (5187)    
  1492 35.92 2.85 1.50           CM055252.1  22819405  22820526 (23171552) C               Kuruka     Unspecified  (4253)    4580    3444    
   565 30.90 8.00 3.32           CM055252.1  23779796  23780170 (22211908) +               Kuruka     Unspecified    3503    3894  (4939)    
   278 35.37 4.42 2.36           CM055252.1  23863262  23863510 (22128568) +               Kuruka     Unspecified    3441    3694  (5139)    
   248 32.99 1.03 0.00           CM055252.1  23960879  23960975 (22031103) C               Kuruka     Unspecified  (5149)    3684    3587    
  1152 35.41 3.98 3.24           CM055252.1  25919438  25920692 (20071386) C               Kuruka     Unspecified  (4090)    4743    3480    
   501 34.57 3.08 2.79           CM055252.1  25925134  25925490 (20066588) C               Kuruka     Unspecified  (4497)    4336    3979    
   258 36.15 1.82 4.10           CM055252.1  36507821  36508094 (9483984) +               Kuruka     Unspecified    4161    4428  (4405)    
   271 38.28 4.76 0.46           CM055252.1  37226270  37226479 (8765599) C               Kuruka     Unspecified  (4676)    4157    3939    
   415 32.11 0.52 3.19           CM055252.1  37226686  37226878 (8765200) C               Kuruka     Unspecified  (5118)    3715    3528    
   295 38.14 3.57 1.16           CM055252.1  37502197  37502448 (8489630) +               Kuruka     Unspecified    3575    3832  (5001)    
   338 40.34 1.10 1.39           CM055252.1  37502710  37503071 (8489007) +               Kuruka     Unspecified    4218    4578  (4255)    
   258 27.69 0.00 0.00           CM055252.1  37574960  37575024 (8417054) +               Kuruka     Unspecified    4484    4548  (4285)    
   344 33.26 10.20 2.86           CM055252.1  40479760  40480053 (5512025) C               Kuruka     Unspecified  (5031)    3802    3488    
   691 35.31 4.99 3.22           CM055253.1   9514153   9514793 (35651687) C               Kuruka     Unspecified  (4233)    4600    3949    
   266 36.00 2.63 1.30           CM055253.1   9514882   9515109 (35651371) C               Kuruka     Unspecified  (5123)    3710    3480    
   309 28.34 1.63 2.46           CM055253.1   9818498   9818620 (35347860) C               Kuruka     Unspecified  (4956)    3877    3756    
   237 25.00 0.00 0.00           CM055253.1  15011883  15011942 (30154538) +               Kuruka     Unspecified    4275    4334  (4499)    
   322 33.67 2.97 2.97           CM055253.1  15276114  15276315 (29890165) C               Kuruka     Unspecified  (4500)    4333    4132    
   499 31.80 7.07 2.58           CM055253.1  15277025  15277321 (29889159) C               Kuruka     Unspecified  (4993)    3840    3531    
   312 28.18 0.90 0.90           CM055253.1  15566240  15566350 (29600130) +               Kuruka     Unspecified    4222    4332  (4501)    
   416 34.72 5.09 0.00           CM055253.1  16098446  16098661 (29067819) +               Kuruka     Unspecified    3468    3694  (5139)    
   741 32.59 9.50 1.44           CM055253.1  16098875  16099453 (29067027) +               Kuruka     Unspecified    3933    4557  (4276)    
  1083 34.83 2.94 3.38           CM055253.1  16210669  16211619 (28954861) C               Kuruka     Unspecified  (4254)    4579    3633    
   454 38.17 3.57 1.93           CM055253.1  16358848  16359408 (28807072) C               Kuruka     Unspecified  (4317)    4516    3947    
   327 32.69 4.80 4.03           CM055253.1  20139532  20139802 (25026678) C               Kuruka     Unspecified  (4162)    4671    4399    
   830 35.10 5.52 4.08           CM055253.1  26693522  26694608 (18471872) +               Kuruka     Unspecified    3489    4590  (4243)    
  1829 35.88 2.25 2.32           CM055253.1  28369009  28370429 (16796051) +               Kuruka     Unspecified    3439    4858  (3975)    
   342 35.49 4.05 4.05           CM055253.1  29519681  29520050 (15646430) C               Kuruka     Unspecified  (4999)    3834    3465    
   418 23.42 1.79 0.88           CM055253.1  34060580  34060691 (11105789) +               Kuruka     Unspecified    3606    3718  (5115)    
  1317 35.42 4.48 1.67           CM055253.1  37904842  37905889 (7260591) +               Kuruka     Unspecified    3459    4535  (4298)    
   238 30.28 3.40 3.40           CM055253.1  37906048  37906194 (7260286) +               Kuruka     Unspecified    4695    4841  (3992)    
   983 35.10 4.94 4.27           CM055253.1  38649618  38650873 (6515607) +               Kuruka     Unspecified    3480    4743  (4090)    
   265 18.37 0.00 0.00           CM055253.1  38665011  38665059 (6501421) +               Kuruka     Unspecified    3633    3681  (5152)    
   255 31.46 0.00 0.00           CM055253.1  38775415  38775503 (6390977) +               Kuruka     Unspecified    4050    4138  (4695)    
   336 34.15 5.20 5.20           CM055253.1  39096778  39097123 (6069357) C               Kuruka     Unspecified  (4999)    3834    3489    
  1577 33.15 4.86 3.88           CM055253.1  39227780  39228953 (5937527) +               Kuruka     Unspecified    3489    4673  (4160)    
   414 35.37 1.80 0.35           CM055253.1  39962028  39962305 (5204175) +               Kuruka     Unspecified    3603    3884  (4949)    
   848 37.99 0.96 1.52           CM055253.1  40128121  40128847 (5037633) C               Kuruka     Unspecified  (4622)    4211    3489    
  2074 31.57 4.21 3.16           CM055253.1  40278963  40280339 (4886141) +               Kuruka     Unspecified    3467    4857  (3976)    
  1257 35.98 0.93 0.31           CM055253.1  40365352  40365995 (4800485) C               Kuruka     Unspecified  (4247)    4586    3939    
   642 34.44 4.52 0.29           CM055253.1  40366097  40366428 (4800052) C               Kuruka     Unspecified  (4999)    3834    3489    
   395 37.71 6.70 1.46           CM055253.1  42582195  42582716 (2583764) +               Kuruka     Unspecified    3467    4015  (4818)    
   322 27.96 0.00 0.00           CM055253.1  42582727  42582819 (2583661) +               Kuruka     Unspecified    4065    4157  (4676)    
   680 36.26 2.39 2.94           CM055253.1  42600755  42601507 (2564973) C               Kuruka     Unspecified  (3975)    4858    4110    
   993 32.16 1.09 1.54           CM055253.1  42615078  42615535 (2550945) C               Kuruka     Unspecified  (4253)    4580    4125    
   627 36.28 4.08 2.25           CM055253.1  42620879  42621490 (2544990) C               Kuruka     Unspecified  (4767)    4066    3444    
  1098 35.89 4.66 3.16           CM055253.1  42640192  42641221 (2525259) C               Kuruka     Unspecified  (4309)    4524    3480    
   631 35.15 2.52 0.76           CM055253.1  42723001  42723516 (2442964) C               Kuruka     Unspecified  (4447)    4386    3862    
   515 29.50 2.91 2.91           CM055253.1  42795558  42795763 (2370717) +               Kuruka     Unspecified    3489    3694  (5139)    
  1587 35.25 3.77 2.75           CM055253.1  42799871  42801276 (2365204) +               Kuruka     Unspecified    3439    4858  (3975)    
   316 35.44 0.00 0.00           CM055253.1  42892746  42892903 (2273577) +               Kuruka     Unspecified    3580    3737  (5096)    
  1098 35.89 4.66 3.16           CM055253.1  42972769  42973798 (2192682) +               Kuruka     Unspecified    3480    4524  (4309)    
   639 36.10 4.08 2.25           CM055253.1  42992370  42992981 (2173499) +               Kuruka     Unspecified    3444    4066  (4767)    
   276 31.58 4.52 4.52           CM055253.1  43078639  43078837 (2087643) +               Kuruka     Unspecified    3489    3687  (5146)    
   255 32.08 4.79 4.79           CM055253.1  43082290  43082456 (2084024) C               Kuruka     Unspecified  (5178)    3655    3489    
  1283 34.67 1.96 2.33           CM055253.1  43666836  43667653 (1498827) C               Kuruka     Unspecified  (4530)    4303    3489    
   346 27.79 6.36 5.46           CM055253.1  43960635  43960870 (1205610) +               Kuruka     Unspecified    3480    3717  (5116)    
   960 35.66 2.64 2.64           CM055253.1  43961080  43961874 (1204606) +               Kuruka     Unspecified    3949    4743  (4090)    
   653 35.29 0.97 0.97           CM055253.1  44015363  44015774 (1150706) +               Kuruka     Unspecified    3439    3850  (4983)    
   485 36.67 4.47 2.41           CM055254.1   2273371   2273817 (40072052) +               Kuruka     Unspecified    4123    4578  (4255)    
  1774 34.11 3.02 3.26           CM055254.1   9144340   9145630 (33200239) C               Kuruka     Unspecified  (4057)    4776    3489    
  1613 34.75 3.99 3.02           CM055254.1   9284502   9285881 (33059988) +               Kuruka     Unspecified    3465    4857  (3976)    
   257 32.57 8.47 4.67           CM055254.1   9704022   9704269 (32641600) +               Kuruka     Unspecified    3578    3834  (4999)    
   238 37.93 0.00 0.00           CM055254.1  10398203  10398318 (31947551) +               Kuruka     Unspecified    4062    4177  (4656)    
  1858 33.93 2.94 3.26           CM055254.1  10404422  10405713 (31940156) +               Kuruka     Unspecified    3489    4776  (4057)    
   455 30.48 1.21 0.60           CM055254.1  10439087  10439251 (31906618) C               Kuruka     Unspecified  (4255)    4578    4413    
  1837 34.00 2.94 3.26           CM055254.1  10670164  10671455 (31674414) C               Kuruka     Unspecified  (4057)    4776    3489    
   439 33.15 6.36 4.08           CM055254.1  10809281  10809736 (31536133) +               Kuruka     Unspecified    4293    4758  (4075)    
   508 34.80 1.46 0.36           CM055254.1  10870101  10870374 (31475495) +               Kuruka     Unspecified    3439    3715  (5118)    
   525 31.58 7.37 0.00           CM055254.1  11088066  11088255 (31257614) C               Kuruka     Unspecified  (4691)    4142    3939    
   274 32.67 1.98 0.00           CM055254.1  11088355  11088455 (31257414) C               Kuruka     Unspecified  (4999)    3834    3732    
   267 31.63 1.02 0.00           CM055254.1  11232735  11232832 (31113037) +               Kuruka     Unspecified    3736    3834  (4999)    
   279 31.71 3.68 2.07           CM055254.1  11831040  11831229 (30514640) +               Kuruka     Unspecified    3610    3802  (5031)    
   462 33.45 4.92 0.36           CM055254.1  11831307  11831570 (30514299) +               Kuruka     Unspecified    3949    4224  (4609)    
  1916 32.36 4.83 2.51           CM055254.1  11942838  11944203 (30401666) C               Kuruka     Unspecified  (3976)    4857    3461    
  1011 35.67 5.23 2.30           CM055254.1  12019516  12020528 (30325341) C               Kuruka     Unspecified  (4333)    4500    3459    
   635 34.45 2.17 2.17           CM055254.1  12041940  12042307 (30303562) +               Kuruka     Unspecified    3510    3877  (4956)    
  1009 34.56 1.88 1.41           CM055254.1  12476402  12477038 (29868831) +               Kuruka     Unspecified    3941    4580  (4253)    
   790 33.92 4.21 3.61           CM055254.1  12568415  12568937 (29776932) C               Kuruka     Unspecified  (4073)    4760    4235    
   730 35.85 4.24 2.70           CM055254.1  12588403  12589133 (29756736) C               Kuruka     Unspecified  (4312)    4521    3780    
   305 35.21 0.49 3.50           CM055254.1  12589201  12589406 (29756463) C               Kuruka     Unspecified  (5139)    3694    3495    
   574 36.06 3.93 2.32           CM055254.1  12699070  12699705 (29646164) C               Kuruka     Unspecified  (4678)    4155    3510    
   818 30.58 1.16 1.45           CM055254.1  12717969  12718313 (29627556) +               Kuruka     Unspecified    4291    4634  (4199)    
   265 30.58 2.48 0.00           CM055254.1  12735766  12735886 (29609983) C               Kuruka     Unspecified  (5155)    3678    3555    
   681 36.45 7.99 2.89           CM055254.1  12823578  12824303 (29521566) C               Kuruka     Unspecified  (4340)    4493    3732    
   285 34.38 0.00 0.00           CM055254.1  12824326  12824453 (29521416) C               Kuruka     Unspecified  (5199)    3634    3507    
  1735 34.92 2.72 1.77           CM055254.1  12872185  12873359 (29472510) +               Kuruka     Unspecified    3461    4646  (4187)    
  1292 35.35 3.36 1.82           CM055254.1  13165444  13166365 (29179504) +               Kuruka     Unspecified    3610    4545  (4288)    
  1504 37.01 2.39 2.39           CM055254.1  13341395  13342814 (29003055) +               Kuruka     Unspecified    3439    4858  (3975)    
   345 34.36 9.33 3.16           CM055254.1  13350426  13350993 (28994876) C               Kuruka     Unspecified  (4474)    4359    3758    
   564 34.26 4.44 1.08           CM055254.1  13794064  13794423 (28551446) +               Kuruka     Unspecified    3461    3832  (5001)    
   858 34.52 7.52 2.09           CM055254.1  13794480  13795343 (28550526) +               Kuruka     Unspecified    3948    4857  (3976)    
   266 34.33 2.17 2.92           CM055254.1  14022205  14022342 (28323527) C               Kuruka     Unspecified  (4405)    4428    4292    
   356 37.30 4.23 4.00           CM055254.1  14886579  14887452 (27458417) C               Kuruka     Unspecified  (4378)    4455    3580    
  1781 34.95 3.39 2.58           CM055254.1  16857609  16858994 (25486875) C               Kuruka     Unspecified  (3976)    4857    3461    
  1346 33.15 4.08 1.82           CM055254.1  21065168  21065975 (21279894) C               Kuruka     Unspecified  (4075)    4758    3933    
   421 33.60 3.67 1.60           CM055254.1  21066069  21066313 (21279556) C               Kuruka     Unspecified  (5122)    3711    3462    
  1527 36.88 2.91 2.15           CM055254.1  24085081  24086421 (18259448) C               Kuruka     Unspecified  (3988)    4845    3495    
  1180 31.77 5.73 1.74           CM055254.1  27942643  27943305 (14402564) +               Kuruka     Unspecified    3621    4309  (4524)    
   334 33.53 6.94 0.00           CM055254.1  28409947  28410119 (13935750) C               Kuruka     Unspecified  (4279)    4554    4370    
   342 30.91 6.91 3.17           CM055254.1  28410476  28410779 (13935090) C               Kuruka     Unspecified  (4983)    3850    3536    
   421 31.53 5.96 4.18           CM055254.1  33748395  33748629 (8597240) +               Kuruka     Unspecified    3939    4177  (4656)    
  1730 34.69 3.92 2.51           CM055255.1   9094766   9096143 (31788147) +               Kuruka     Unspecified    3461    4857  (3976)    
  1817 34.11 2.89 1.94           CM055255.1  10194826  10196000 (30688290) +               Kuruka     Unspecified    3461    4646  (4187)    
   772 27.49 4.96 0.68           CM055255.1  11244413  11244694 (29639596) C               Kuruka     Unspecified  (5028)    3805    3512    
  1528 35.74 2.52 1.95           CM055255.1  12964378  12965450 (27918840) C               Kuruka     Unspecified  (4280)    4553    3475    
   316 35.44 0.00 0.00           CM055255.1  13199497  13199654 (27684636) +               Kuruka     Unspecified    3580    3737  (5096)    
  1189 34.92 2.74 3.04           CM055255.1  15903091  15904112 (24980178) C               Kuruka     Unspecified  (4279)    4554    3536    
  1426 33.82 4.57 3.92           CM055255.1  16607668  16608935 (24275355) +               Kuruka     Unspecified    3489    4764  (4069)    
   320 25.00 0.00 0.00           CM055255.1  16870830  16870905 (24013385) C               Kuruka     Unspecified  (4479)    4354    4279    
   348 32.70 6.51 0.44           CM055255.1  16871159  16871373 (24012917) C               Kuruka     Unspecified  (4851)    3982    3755    
   688 35.08 5.39 1.98           CM055255.1  17174250  17174787 (23709503) C               Kuruka     Unspecified  (4339)    4494    3939    
   480 33.47 1.65 1.65           CM055255.1  17233877  17234119 (23650171) C               Kuruka     Unspecified  (4264)    4569    4327    
   418 35.52 1.52 1.90           CM055255.1  17238122  17238385 (23645905) C               Kuruka     Unspecified  (4280)    4553    4291    
   371 26.65 6.62 0.69           CM055255.1  17238817  17238952 (23645338) C               Kuruka     Unspecified  (5109)    3724    3581    
   306 30.63 4.50 0.00           CM055255.1  17297940  17298050 (23586240) C               Kuruka     Unspecified  (4321)    4512    4397    
   388 37.57 7.01 1.66           CM055255.1  17298314  17298884 (23585406) C               Kuruka     Unspecified  (4456)    4377    3777    
   363 25.81 0.00 0.00           CM055255.1  17298935  17299027 (23585263) C               Kuruka     Unspecified  (5156)    3677    3585    
   994 36.11 4.31 2.22           CM055255.1  17407069  17407997 (23476293) C               Kuruka     Unspecified  (4406)    4427    3480    
  1239 36.03 2.20 1.95           CM055255.1  17722349  17723166 (23161124) C               Kuruka     Unspecified  (4291)    4542    3723    
   529 31.31 2.54 2.54           CM055255.1  18149815  18150050 (22734240) +               Kuruka     Unspecified    3489    3724  (5109)    
  1354 31.66 4.22 4.85           CM055255.1  18151752  18152747 (22731543) +               Kuruka     Unspecified    3590    4579  (4254)    
  1689 31.26 6.88 2.77           CM055255.1  18987836  18988911 (21895379) C               Kuruka     Unspecified  (4254)    4579    3461    
  1438 35.28 3.29 2.23           CM055255.1  19044636  19045699 (21838591) +               Kuruka     Unspecified    3459    4533  (4300)    
   251 34.81 5.43 3.19           CM055255.1  19481124  19481307 (21402983) C               Kuruka     Unspecified  (4704)    4129    3942    
   256 25.01 1.30 1.30           CM055255.1  19483172  19483248 (21401042) C               Kuruka     Unspecified  (7028)    1805    1729    
   370 36.75 2.76 0.38           CM055255.1  19592901  19593154 (21291136) +               Kuruka     Unspecified    3435    3694  (5139)    
   479 33.53 6.58 0.93           CM055255.1  19593358  19593661 (21290629) +               Kuruka     Unspecified    3932    4252  (4581)    
   334 32.77 1.12 1.12           CM055255.1  19593755  19593933 (21290357) +               Kuruka     Unspecified    4435    4613  (4220)    
  1764 34.02 3.42 1.94           CM055255.1  19678106  19679274 (21205016) C               Kuruka     Unspecified  (4187)    4646    3461    
  1793 33.57 4.07 3.34           CM055255.1  19860245  19861523 (21022767) C               Kuruka     Unspecified  (4057)    4776    3489    
  1823 34.08 2.94 3.26           CM055255.1  20221235  20222526 (20661764) +               Kuruka     Unspecified    3489    4776  (4057)    
  1591 35.59 3.45 3.52           CM055255.1  20250459  20251879 (20632411) C               Kuruka     Unspecified  (3975)    4858    3439    
   847 37.61 4.42 2.07           CM055255.1  20306358  20307443 (20576847) +               Kuruka     Unspecified    3495    4605  (4228)    
   472 33.60 4.38 4.11           CM055255.1  20319855  20320242 (20564048) +               Kuruka     Unspecified    4282    4670  (4163)    
   607 29.97 1.59 1.99           CM055255.1  20486859  20487110 (20397180) C               Kuruka     Unspecified  (4300)    4533    4283    
   499 35.82 5.29 1.83           CM055255.1  20489771  20490299 (20393991) C               Kuruka     Unspecified  (4677)    4156    3610    
   783 36.89 3.42 3.73           CM055255.1  20505084  20506077 (20378213) +               Kuruka     Unspecified    3531    4521  (4312)    
   959 35.54 2.43 0.68           CM055255.1  20522661  20523235 (20361055) C               Kuruka     Unspecified  (4225)    4608    4024    
   567 37.37 0.82 0.82           CM055255.1  20523367  20523733 (20360557) C               Kuruka     Unspecified  (5002)    3831    3465    
   238 35.76 4.33 3.11           CM055255.1  20611884  20612137 (20272153) +               Kuruka     Unspecified    3461    3717  (5116)    
   752 33.54 3.16 2.08           CM055255.1  20654757  20655231 (20229059) +               Kuruka     Unspecified    3536    4015  (4818)    
   355 33.56 5.74 3.03           CM055255.1  20655254  20655671 (20228619) +               Kuruka     Unspecified    4128    4556  (4277)    
   818 32.46 1.80 1.80           CM055255.1  20697892  20698280 (20186010) +               Kuruka     Unspecified    3489    3877  (4956)    
   692 34.04 2.31 2.58           CM055255.1  20698369  20698757 (20185533) +               Kuruka     Unspecified    4024    4411  (4422)    
  1549 34.64 2.77 3.29           CM055255.1  20765952  20767142 (20117148) C               Kuruka     Unspecified  (4160)    4673    3489    
  1358 35.71 2.31 2.61           CM055255.1  23785517  23786554 (17097736) +               Kuruka     Unspecified    3439    4473  (4360)    
   454 34.70 1.61 1.61           CM055255.1  23852414  23852662 (17031628) C               Kuruka     Unspecified  (4387)    4446    4198    
   422 32.32 0.00 1.22           CM055255.1  23853692  23853857 (17030433) C               Kuruka     Unspecified  (4723)    4110    3947    
   589 34.19 2.25 1.39           CM055255.1  23853839  23854194 (17030096) C               Kuruka     Unspecified  (4968)    3865    3507    
  1832 34.19 2.89 1.94           CM055255.1  29008958  29010132 (11874158) +               Kuruka     Unspecified    3461    4646  (4187)    
  1837 34.43 2.81 1.85           CM055255.1  32511444  32512618 (8371672) C               Kuruka     Unspecified  (4187)    4646    3461    
  1243 35.85 3.00 2.14           CM055256.1  12529160  12530225 (27675246) +               Kuruka     Unspecified    3459    4533  (4300)    
   227 32.64 2.04 2.04           CM055256.1  12530387  12530533 (27674938) +               Kuruka     Unspecified    4695    4841  (3992)    
  1051 34.34 3.27 1.61           CM055256.1  13450544  13451277 (26754194) C               Kuruka     Unspecified  (4627)    4206    3461    
  1708 34.71 4.21 2.72           CM055256.1  14649562  14650938 (25554533) +               Kuruka     Unspecified    3461    4857  (3976)    
   368 33.00 6.38 4.26           CM055256.1  14841460  14841804 (25363667) +               Kuruka     Unspecified    3489    3840  (4993)    
   497 32.37 1.79 1.79           CM055256.1  15039671  15039950 (25165521) +               Kuruka     Unspecified    3755    4034  (4799)    
   328 34.49 2.56 2.13           CM055256.1  15040152  15040385 (25165086) +               Kuruka     Unspecified    4395    4629  (4204)    
  1513 31.15 3.48 1.78           CM055256.1  15058639  15059357 (25146114) +               Kuruka     Unspecified    3461    4191  (4642)    
   783 32.47 4.05 2.96           CM055256.1  15059385  15059952 (25145519) +               Kuruka     Unspecified    4284    4857  (3976)    
   366 33.97 2.28 1.51           CM055256.1  15071340  15071602 (25133869) +               Kuruka     Unspecified    4090    4354  (4479)    
  1802 34.68 2.55 1.60           CM055256.1  15151558  15152732 (25052739) C               Kuruka     Unspecified  (4187)    4646    3461    
  1348 34.48 4.33 3.65           CM055256.1  15749339  15750563 (24454908) +               Kuruka     Unspecified    3489    4721  (4112)    
  1825 34.08 2.94 3.26           CM055256.1  16083325  16084616 (24120855) C               Kuruka     Unspecified  (4057)    4776    3489    
   545 33.19 6.53 4.73           CM055256.1  20232506  20233087 (19972384) C               Kuruka     Unspecified  (4661)    4172    3581    
  1450 35.08 3.29 2.23           CM055256.1  20957354  20958417 (19247054) +               Kuruka     Unspecified    3459    4533  (4300)    
  1450 35.08 3.29 2.23           CM055256.1  20960506  20961569 (19243902) +               Kuruka     Unspecified    3459    4533  (4300)    
   269 33.13 1.84 1.84           CM055256.1  20961731  20961893 (19243578) +               Kuruka     Unspecified    4695    4857  (3976)    
   342 37.30 4.23 4.00           CM055256.1  22392450  22393323 (17812148) +               Kuruka     Unspecified    3580    4455  (4378)    
  1242 34.83 4.79 4.02           CM055256.1  23070813  23072170 (17133301) +               Kuruka     Unspecified    3480    4847  (3986)    
   767 35.12 0.49 0.49           CM055256.1  24806040  24806451 (15399020) +               Kuruka     Unspecified    3439    3850  (4983)    
  1093 35.53 1.86 1.99           CM055256.1  24806613  24807419 (15398052) +               Kuruka     Unspecified    4053    4858  (3975)    
  1817 34.11 2.89 1.94           CM055256.1  31876333  31877507 (8327964) +               Kuruka     Unspecified    3461    4646  (4187)    
   288 28.95 0.00 0.00           CM055257.1   3099567   3099642 (32011975) C               Kuruka     Unspecified  (5133)    3700    3625    
  1854 36.09 2.04 2.11           CM055257.1   9568066   9569486 (25542131) +               Kuruka     Unspecified    3439    4858  (3975)    
  1554 36.33 2.75 2.16           CM055257.1  14937998  14939381 (20172236) +               Kuruka     Unspecified    3475    4866  (3967)    
   268 34.60 8.80 1.31           CM055257.1  15940848  15941131 (19170486) +               Kuruka     Unspecified    4366    4670  (4163)    
  1718 34.48 2.94 3.26           CM055257.1  15966114  15967405 (19144212) +               Kuruka     Unspecified    3489    4776  (4057)    
  1604 35.44 2.27 2.35           CM055257.1  16038202  16039481 (19072136) +               Kuruka     Unspecified    3489    4767  (4066)    
  1684 34.46 3.59 3.11           CM055257.1  16051222  16052503 (19059114) +               Kuruka     Unspecified    3489    4776  (4057)    
   646 34.69 5.51 3.10           CM055257.1  16118161  16118886 (18992731) +               Kuruka     Unspecified    3758    4500  (4333)    
  1601 36.80 2.84 1.96           CM055257.1  16165550  16166713 (18944904) C               Kuruka     Unspecified  (4165)    4668    3495    
   364 34.57 1.23 0.00           CM055257.1  16192263  16192424 (18919193) +               Kuruka     Unspecified    3585    3748  (5085)    
   525 34.61 4.01 3.83           CM055257.1  16202524  16203097 (18908520) C               Kuruka     Unspecified  (3976)    4857    4283    
  1038 35.12 2.75 2.33           CM055257.1  16408224  16408949 (18702668) +               Kuruka     Unspecified    3507    4235  (4598)    
   637 35.99 4.68 2.36           CM055257.1  16430355  16431017 (18680600) C               Kuruka     Unspecified  (4388)    4445    3768    
  1417 36.73 2.26 1.72           CM055257.1  16483709  16485035 (18626582) C               Kuruka     Unspecified  (3967)    4866    3533    
  1842 33.84 2.94 3.26           CM055257.1  16616578  16617869 (18493748) C               Kuruka     Unspecified  (4057)    4776    3489    
  1139 33.28 2.18 2.18           CM055257.1  16649177  16649772 (18461845) C               Kuruka     Unspecified  (4255)    4578    3983    
   926 30.57 4.57 2.81           CM055257.1  16652990  16653514 (18458103) C               Kuruka     Unspecified  (4839)    3994    3461    
   710 34.11 1.80 3.25           CM055257.1  16737577  16738076 (18373541) C               Kuruka     Unspecified  (4255)    4578    4086    
   331 34.81 0.00 0.00           CM055257.1  16800048  16800205 (18311412) +               Kuruka     Unspecified    3580    3737  (5096)    
   393 35.77 0.85 0.85           CM055257.1  16808850  16809083 (18302534) +               Kuruka     Unspecified    4279    4512  (4321)    
   246 37.23 0.00 0.73           CM055257.1  19274877  19275014 (15836603) C               Kuruka     Unspecified  (4389)    4444    4308    
   468 33.33 1.49 1.87           CM055257.1  19281941  19282209 (15829408) +               Kuruka     Unspecified    4266    4533  (4300)    
   546 28.50 3.63 2.39           CM055257.1  19560526  19560773 (15550844) +               Kuruka     Unspecified    3468    3718  (5115)    
  1561 30.94 3.54 2.76           CM055257.1  19563078  19563868 (15547749) +               Kuruka     Unspecified    3757    4553  (4280)    
   916 32.62 4.73 3.27           CM055257.1  19632850  19633483 (15478134) +               Kuruka     Unspecified    3610    4252  (4581)    
  1459 35.97 2.87 2.95           CM055257.1  19671005  19672396 (15439221) C               Kuruka     Unspecified  (3967)    4866    3476    
   435 34.84 3.04 3.04           CM055257.1  19771105  19771400 (15340217) C               Kuruka     Unspecified  (4255)    4578    4283    
   442 32.78 1.08 1.08           CM055257.1  19771727  19771911 (15339706) C               Kuruka     Unspecified  (5139)    3694    3510    
  1902 32.66 3.68 2.91           CM055257.1  22793788  22795118 (12316499) +               Kuruka     Unspecified    3501    4841  (3992)    
   364 35.75 3.52 3.22           CM055257.1  27049692  27050032 (8061585) C               Kuruka     Unspecified  (4424)    4409    4068    
   273 35.56 6.94 4.29           CM055257.1  27050050  27050481 (8061136) C               Kuruka     Unspecified  (4815)    4018    3576    
   253 23.33 0.00 0.00           CM055258.1   4930219   4930278 (29440244) +               Kuruka     Unspecified    4274    4333  (4500)    
  1850 36.05 2.11 2.18           CM055258.1   7445854   7447274 (26923248) C               Kuruka     Unspecified  (3975)    4858    3439    
  1477 32.38 3.77 2.36           CM055258.1   9606272   9607147 (24763375) +               Kuruka     Unspecified    3471    4358  (4475)    
  1035 34.98 1.89 2.34           CM055258.1  10291304  10291991 (24078531) +               Kuruka     Unspecified    3489    4173  (4660)    
   471 32.57 1.14 0.56           CM055258.1  12767618  12767793 (21602729) +               Kuruka     Unspecified    3498    3674  (5159)    
   490 34.69 0.00 0.00           CM055258.1  12767964  12768159 (21602363) +               Kuruka     Unspecified    3933    4128  (4705)    
   510 31.09 5.72 4.61           CM055258.1  12904737  12905208 (21465314) +               Kuruka     Unspecified    3536    4012  (4821)    
   770 33.56 2.98 0.90           CM055258.1  12905267  12905702 (21464820) +               Kuruka     Unspecified    4125    4569  (4264)    
   314 35.12 1.91 1.91           CM055258.1  13032059  13032267 (21338255) +               Kuruka     Unspecified    3459    3667  (5166)    
  1016 34.13 3.07 3.21           CM055258.1  13032305  13033085 (21337437) +               Kuruka     Unspecified    3754    4533  (4300)    
   265 32.15 4.76 2.67           CM055258.1  13446393  13446539 (20923983) C               Kuruka     Unspecified  (4402)    4431    4282    
  1194 35.90 3.41 2.33           CM055258.1  13476706  13477555 (20892967) +               Kuruka     Unspecified    3588    4446  (4387)    
   740 33.74 5.59 1.80           CM055258.1  13557307  13557789 (20812733) C               Kuruka     Unspecified  (4247)    4586    4086    
   445 36.68 3.51 1.14           CM055258.1  13557935  13558276 (20812246) C               Kuruka     Unspecified  (4995)    3838    3489    
   883 32.87 2.52 3.12           CM055258.1  13629343  13629857 (20740665) +               Kuruka     Unspecified    3489    4000  (4833)    
  1521 32.98 3.06 1.68           CM055258.1  13749791  13750672 (20619850) +               Kuruka     Unspecified    3461    4354  (4479)    
   311 34.56 3.29 3.29           CM055258.1  13750709  13751073 (20619449) +               Kuruka     Unspecified    4477    4841  (3992)    
  1624 36.42 1.93 1.83           CM055258.1  13827004  13828038 (20542484) C               Kuruka     Unspecified  (4309)    4524    3489    
  1389 35.62 3.20 1.95           CM055258.1  13900254  13901315 (20469207) +               Kuruka     Unspecified    3459    4533  (4300)    
   269 33.13 1.84 1.84           CM055258.1  13901477  13901639 (20468883) +               Kuruka     Unspecified    4695    4857  (3976)    
   675 33.15 2.22 3.07           CM055258.1  13915588  13915948 (20454574) C               Kuruka     Unspecified  (4363)    4470    4113    
   635 34.94 4.95 2.50           CM055258.1  13915993  13916538 (20453984) C               Kuruka     Unspecified  (4800)    4033    3475    
  1086 33.88 1.44 1.61           CM055258.1  13940468  13941091 (20429431) +               Kuruka     Unspecified    4024    4646  (4187)    
  1868 36.02 2.04 2.11           CM055258.1  14026222  14027642 (20342880) +               Kuruka     Unspecified    3439    4858  (3975)    
   448 33.21 3.03 3.03           CM055258.1  14305564  14305827 (20064695) C               Kuruka     Unspecified  (4288)    4545    4282    
   292 35.60 1.12 1.12           CM055258.1  14306120  14306298 (20064224) C               Kuruka     Unspecified  (5028)    3805    3627    
  1740 34.00 3.43 3.11           CM055258.1  14434498  14435781 (19934741) C               Kuruka     Unspecified  (4057)    4776    3489    
   739 34.69 1.08 0.80           CM055258.1  14505222  14505593 (19864929) +               Kuruka     Unspecified    3462    3834  (4999)    
  1197 34.75 2.70 1.00           CM055258.1  14505698  14506290 (19864232) +               Kuruka     Unspecified    3939    4541  (4292)    
   404 30.26 4.00 3.08           CM055258.1  14527615  14527839 (19842683) C               Kuruka     Unspecified  (4980)    3853    3627    
  1253 35.89 3.02 1.89           CM055258.1  14628159  14629152 (19741370) C               Kuruka     Unspecified  (4370)    4463    3459    
  1284 35.17 4.33 3.29           CM055258.1  14680596  14681980 (19688542) +               Kuruka     Unspecified    3459    4857  (3976)    
  1841 33.81 3.10 3.26           CM055258.1  14761444  14762733 (19607789) C               Kuruka     Unspecified  (4057)    4776    3489    
  1854 36.09 2.04 2.11           CM055258.1  15758186  15759606 (18610916) +               Kuruka     Unspecified    3439    4858  (3975)    
   875 35.43 3.30 1.62           CM055258.1  17344872  17345416 (17025106) +               Kuruka     Unspecified    3939    4492  (4341)    
  1227 32.93 3.36 1.78           CM055258.1  17402751  17403523 (16966999) +               Kuruka     Unspecified    3468    4252  (4581)    
   619 33.09 4.64 2.60           CM055258.1  17403622  17404074 (16966448) +               Kuruka     Unspecified    4396    4857  (3976)    
   426 36.27 6.21 2.22           CM055258.1  17428870  17429433 (16941089) C               Kuruka     Unspecified  (4255)    4578    3993    
  1114 36.31 3.93 3.93           CM055258.1  17460816  17462214 (16908308) +               Kuruka     Unspecified    3459    4857  (3976)    
   450 31.66 2.70 2.70           CM055258.1  17475986  17476170 (16894352) +               Kuruka     Unspecified    3492    3676  (5157)    
   645 35.07 3.48 3.64           CM055258.1  17514889  17515548 (16854974) C               Kuruka     Unspecified  (3976)    4857    4199    
   399 17.33 1.33 0.00           CM055258.1  17641401  17641475 (16729047) C               Kuruka     Unspecified  (5152)    3681    3606    
   623 31.29 2.32 2.66           CM055258.1  18793152  18793453 (15577069) +               Kuruka     Unspecified    4224    4524  (4309)    
  1638 35.93 2.22 2.51           CM055258.1  22277365  22278760 (12091762) +               Kuruka     Unspecified    3475    4866  (3967)    
  1422 35.93 2.50 2.41           CM055258.1  22422367  22423444 (11947078) +               Kuruka     Unspecified    3475    4553  (4280)    
  1133 34.34 5.06 3.96           CM055258.1  22468092  22469316 (11901206) C               Kuruka     Unspecified  (3986)    4847    3610    
   853 31.70 2.83 3.56           CM055258.1  22534283  22534848 (11835674) C               Kuruka     Unspecified  (3988)    4845    4284    
   307 26.37 6.62 4.55           CM055258.1  22536217  22536367 (11834155) C               Kuruka     Unspecified  (4594)    4239    4086    
   764 30.66 3.90 2.16           CM055258.1  22536424  22536833 (11833689) C               Kuruka     Unspecified  (4986)    3847    3431    
  1801 34.19 2.89 1.94           CM055258.1  22780842  22782016 (11588506) C               Kuruka     Unspecified  (4187)    4646    3461    
  1131 31.72 2.08 2.27           CM055258.1  23488640  23489168 (10881354) C               Kuruka     Unspecified  (4280)    4553    4026    
   553 32.33 10.64 1.96           CM055258.1  23489191  23489660 (10880862) C               Kuruka     Unspecified  (4863)    3970    3461    
  1817 34.11 2.89 1.94           CM055259.1   2566115   2567289 (30650467) +               Kuruka     Unspecified    3461    4646  (4187)    
   630 35.80 3.41 1.83           CM055259.1   4274734   4275379 (28942377) C               Kuruka     Unspecified  (4075)    4758    4103    
   785 33.61 12.00 1.82           CM055259.1   9823867   9824666 (23393090) +               Kuruka     Unspecified    3475    4354  (4479)    
  1347 35.48 3.89 1.95           CM055259.1  11983617  11984671 (21233085) +               Kuruka     Unspecified    3459    4533  (4300)    
   265 33.13 1.84 1.84           CM055259.1  11984833  11984995 (21232761) +               Kuruka     Unspecified    4695    4857  (3976)    
  1627 35.49 2.32 2.64           CM055259.1  12111182  12112472 (21105284) +               Kuruka     Unspecified    3475    4761  (4072)    
  1651 34.31 4.59 2.86           CM055259.1  15609921  15611294 (17606462) C               Kuruka     Unspecified  (3976)    4857    3461    
  1096 33.81 7.56 3.56           CM055259.1  16197637  16198826 (17018930) C               Kuruka     Unspecified  (3986)    4847    3612    
  2011 32.04 3.50 2.37           CM055259.1  17379055  17380224 (15837532) C               Kuruka     Unspecified  (4220)    4613    3431    
   586 33.73 1.53 1.53           CM055259.1  17430770  17431031 (15786725) C               Kuruka     Unspecified  (4190)    4643    4382    
  1594 35.75 2.72 3.02           CM055259.1  18008274  18009669 (15208087) +               Kuruka     Unspecified    3475    4866  (3967)    
   410 36.05 1.85 0.73           CM055259.1  22562543  22562813 (10654943) C               Kuruka     Unspecified  (4282)    4551    4278    
   385 29.34 4.19 3.65           CM055259.1  22562957  22563147 (10654609) C               Kuruka     Unspecified  (5154)    3679    3488    
   329 34.77 3.93 1.39           CM055259.1  22574174  22574453 (10643303) +               Kuruka     Unspecified    3547    3833  (5000)    
   408 36.13 0.00 0.00           CM055259.1  22582544  22582734 (10635022) C               Kuruka     Unspecified  (4225)    4608    4418    
   425 38.48 1.50 1.25           CM055259.1  22582786  22583185 (10634571) C               Kuruka     Unspecified  (4500)    4333    3933    
   389 32.79 4.60 1.87           CM055259.1  22583371  22583631 (10634125) C               Kuruka     Unspecified  (5105)    3728    3461    
   439 35.86 8.06 2.32           CM055259.1  22598290  22598860 (10618896) C               Kuruka     Unspecified  (4292)    4541    3939    
   608 33.14 6.80 0.00           CM055259.1  22599270  22599607 (10618149) C               Kuruka     Unspecified  (4978)    3855    3495    
   375 37.44 5.83 1.33           CM055259.1  22614066  22614425 (10603331) C               Kuruka     Unspecified  (4518)    4315    3940    
   381 36.25 4.97 1.78           CM055259.1  22616187  22616568 (10601188) +               Kuruka     Unspecified    4278    4671  (4162)    
   491 33.76 7.94 3.59           CM055259.1  22630167  22630808 (10586948) C               Kuruka     Unspecified  (4073)    4760    4092    
   700 35.85 4.32 3.68           CM055259.1  22631960  22632770 (10584986) C               Kuruka     Unspecified  (4253)    4580    3765    
   333 33.72 5.31 3.78           CM055259.1  22640714  22641052 (10576704) +               Kuruka     Unspecified    3546    3889  (4944)    
   263 30.52 14.53 4.75           CM055259.1  22645912  22646200 (10571556) C               Kuruka     Unspecified  (4982)    3851    3536    
   278 30.60 7.08 1.34           CM055259.1  24689558  24689769 (8527987) +               Kuruka     Unspecified    3588    3811  (5022)    
   488 36.33 1.48 1.48           CM055259.1  28560148  28560418 (4657338) +               Kuruka     Unspecified    3945    4215  (4618)    
  1141 35.78 4.17 2.14           CM055260.1   8499012   8500065 (17871699) C               Kuruka     Unspecified  (4300)    4533    3459    
   262 30.39 1.92 1.92           CM055260.1   8508815   8508918 (17862846) C               Kuruka     Unspecified  (5269)    3564    3461    
  1580 29.54 8.60 2.14           CM055260.1   8531627   8532591 (17839173) C               Kuruka     Unspecified  (4340)    4493    3468    
   606 36.87 3.24 2.57           CM055260.1   9269886   9270503 (17101261) C               Kuruka     Unspecified  (4292)    4541    3920    
   386 31.68 0.61 1.23           CM055260.1   9453499   9453661 (16918103) C               Kuruka     Unspecified  (4253)    4580    4419    
   785 35.20 3.34 2.41           CM055260.1   9545756   9546413 (16825351) C               Kuruka     Unspecified  (4675)    4158    3495    
   535 36.49 6.92 1.19           CM055260.1   9716815   9717291 (16654473) C               Kuruka     Unspecified  (4279)    4554    4051    
   286 35.03 1.50 1.50           CM055260.1   9917284   9917483 (16454281) C               Kuruka     Unspecified  (4581)    4252    4053    
   225 31.61 0.00 3.16           CM055260.1  12169587  12169684 (14202080) +               Kuruka     Unspecified    3585    3679  (5154)    
   420 33.03 4.94 4.94           CM055260.1  12262866  12263209 (14108555) +               Kuruka     Unspecified    3489    3832  (5001)    
   330 27.60 5.56 2.70           CM055260.1  12263287  12263394 (14108370) +               Kuruka     Unspecified    3938    4048  (4785)    
   230 29.17 0.00 0.00           CM055260.1  12263569  12263640 (14108124) +               Kuruka     Unspecified    4283    4354  (4479)    
   340 25.24 4.85 0.00           CM055260.1  12297535  12297637 (14074127) C               Kuruka     Unspecified  (4995)    3838    3731    
   417 31.78 0.00 0.00           CM055260.1  12506863  12506991 (13864773) +               Kuruka     Unspecified    4396    4524  (4309)    
   309 35.30 0.73 0.73           CM055260.1  12664278  12664414 (13707350) +               Kuruka     Unspecified    3462    3598  (5235)    
  1242 36.02 5.05 2.17           CM055260.1  12664560  12665589 (13706175) +               Kuruka     Unspecified    3707    4765  (4068)    
   635 35.89 5.45 3.23           CM055260.1  12735204  12735992 (13635772) +               Kuruka     Unspecified    4053    4858  (3975)    
   727 34.38 2.13 2.13           CM055260.1  12739643  12740064 (13631700) +               Kuruka     Unspecified    3933    4354  (4479)    
   271 35.22 4.47 4.47           CM055260.1  12740102  12740526 (13631238) +               Kuruka     Unspecified    4433    4857  (3976)    
   363 31.76 10.88 0.47           CM055260.1  13431176  13431368 (12940396) +               Kuruka     Unspecified    3949    4161  (4672)    
  1588 36.15 2.22 2.51           CM055260.1  14721920  14723315 (11648449) C               Kuruka     Unspecified  (3967)    4866    3475    
   746 34.32 8.55 3.25           CM055260.1  16997921  16998914 (9372850) +               Kuruka     Unspecified    3507    4551  (4282)    
   481 33.49 5.69 2.09           CM055260.1  20277308  20277676 (6094088) +               Kuruka     Unspecified    3640    4021  (4812)    
   459 32.70 9.20 2.27           CM055261.1   7515529   7515941 (18287682) C               Kuruka     Unspecified  (4280)    4553    4113    
  1817 34.11 2.89 1.94           CM055261.1  10484704  10485878 (15317745) C               Kuruka     Unspecified  (4187)    4646    3461    
   837 32.80 1.79 1.79           CM055261.1  13100781  13101227 (12702396) C               Kuruka     Unspecified  (4255)    4578    4132    
   581 34.69 6.14 1.74           CM055261.1  13101246  13101685 (12701938) C               Kuruka     Unspecified  (4824)    4009    3551    
  1403 36.12 3.18 2.66           CM055261.1  17847858  17849242 (7954381) C               Kuruka     Unspecified  (3967)    4866    3475    
  1190 33.93 4.39 1.32           CM055261.1  17862021  17862680 (7940943) C               Kuruka     Unspecified  (4220)    4613    3934    
  1480 34.12 4.36 3.04           CM055261.1  17957138  17958307 (7845316) C               Kuruka     Unspecified  (4160)    4673    3489    
   283 32.72 4.80 5.26           CM055261.1  17969640  17969868 (7833755) C               Kuruka     Unspecified  (4388)    4445    4218    
  1511 36.26 2.74 2.37           CM055261.1  23204232  23205618 (2598005) +               Kuruka     Unspecified    3475    4866  (3967)    
  1527 33.08 2.30 2.41           CM055261.1  23261539  23262452 (2541171) C               Kuruka     Unspecified  (3988)    4845    3933    
   567 31.60 1.02 2.78           CM055261.1  23262609  23262901 (2540722) C               Kuruka     Unspecified  (5115)    3718    3431    
  1823 34.16 2.94 3.26           CM055261.1  23286415  23287706 (2515917) C               Kuruka     Unspecified  (4057)    4776    3489    
  1614 35.38 2.63 2.23           CM055261.1  23300938  23302232 (2501391) +               Kuruka     Unspecified    3459    4758  (4075)    
  1533 34.99 2.28 2.67           CM055261.1  23332438  23333488 (2470135) C               Kuruka     Unspecified  (4298)    4535    3489    
  1148 35.75 4.27 2.78           CM055261.1  23616536  23617565 (2186058) +               Kuruka     Unspecified    3480    4524  (4309)    
   631 36.28 4.08 2.25           CM055261.1  23634903  23635514 (2168109) +               Kuruka     Unspecified    3444    4066  (4767)    
   993 32.16 1.09 1.54           CM055261.1  23640868  23641325 (2162298) +               Kuruka     Unspecified    4125    4580  (4253)    
   631 35.77 2.92 3.47           CM055261.1  23650130  23650882 (2152741) +               Kuruka     Unspecified    4110    4858  (3975)    
   308 29.03 0.00 0.00           CM055261.1  23663199  23663291 (2140332) C               Kuruka     Unspecified  (4676)    4157    4065    
   342 38.90 5.70 1.28           CM055261.1  23663302  23663827 (2139796) C               Kuruka     Unspecified  (4818)    4015    3467    
   286 33.93 6.34 3.83           CM055261.1  23710001  23710331 (2093292) +               Kuruka     Unspecified    3496    3834  (4999)    
  1283 34.67 1.96 2.33           CM055261.1  23840393  23841210 (1962413) +               Kuruka     Unspecified    3489    4303  (4530)    
   308 29.03 0.00 0.00           CM055261.1  25226932  25227024 (576599) C               Kuruka     Unspecified  (4676)    4157    4065    
   342 38.90 5.70 1.28           CM055261.1  25227035  25227560 (576063) C               Kuruka     Unspecified  (4818)    4015    3467    
   286 33.93 6.34 3.83           CM055261.1  25264539  25264869 (538754) +               Kuruka     Unspecified    3496    3834  (4999)    
  1283 34.67 1.96 2.33           CM055261.1  25367720  25368537 (435086) +               Kuruka     Unspecified    3489    4303  (4530)    
   677 36.10 0.49 0.49           CM055261.1  25585732  25586143 (217480) +               Kuruka     Unspecified    3439    3850  (4983)    
  1148 35.75 4.27 2.78           CM055261.1  25756680  25757709  (45914) +               Kuruka     Unspecified    3480    4524  (4309)    
   631 36.28 4.08 2.25           CM055261.1  25775047  25775658  (27965) +               Kuruka     Unspecified    3444    4066  (4767)    
   993 32.16 1.09 1.54           CM055261.1  25781013  25781470  (22153) +               Kuruka     Unspecified    4125    4580  (4253)    
   631 35.77 2.92 3.47           CM055261.1  25790281  25791033  (12590) +               Kuruka     Unspecified    4110    4858  (3975)    
   308 29.03 0.00 0.00           CM055261.1  25803350  25803442    (181) C               Kuruka     Unspecified  (4676)    4157    4065    
  1910 33.23 3.42 2.98           CM055262.1    893085    894489 (19359690) +               Kuruka     Unspecified    3431    4841  (3992)    
  1349 34.86 4.27 3.29           CM055262.1    954986    956038 (19298141) C               Kuruka     Unspecified  (4281)    4552    3490    
  1436 36.28 3.32 2.43           CM055262.1   1007149   1008535 (19245644) +               Kuruka     Unspecified    3459    4857  (3976)    
  1474 35.50 4.65 2.23           CM055262.1   1021296   1022436 (19231743) C               Kuruka     Unspecified  (4220)    4613    3446    
   357 34.22 4.94 2.22           CM055262.1   1056091   1056353 (19197826) +               Kuruka     Unspecified    4085    4354  (4479)    
   875 35.71 4.34 1.12           CM055262.1   1092207   1092897 (19161282) C               Kuruka     Unspecified  (4585)    4248    3536    
   742 35.29 3.05 2.66           CM055262.1   1130935   1131458 (19122721) C               Kuruka     Unspecified  (4200)    4633    4108    
   425 35.05 8.21 0.28           CM055262.1   1131647   1131975 (19122204) C               Kuruka     Unspecified  (4990)    3843    3489    
  1474 35.83 1.90 2.29           CM055262.1   1408435   1409485 (18844694) +               Kuruka     Unspecified    3489    4535  (4298)    
  1601 35.78 2.39 2.00           CM055262.1   1436720   1438014 (18816165) C               Kuruka     Unspecified  (4075)    4758    3459    
  1718 34.48 2.94 3.26           CM055262.1   1448102   1449393 (18804786) +               Kuruka     Unspecified    3489    4776  (4057)    
   539 33.01 0.96 2.61           CM055262.1   1472833   1473143 (18781036) +               Kuruka     Unspecified    3431    3736  (5097)    
  1449 33.04 2.52 2.63           CM055262.1   1473282   1474195 (18779984) +               Kuruka     Unspecified    3933    4845  (3988)    
   677 36.10 0.49 0.49           CM055262.1   3101378   3101789 (17152390) +               Kuruka     Unspecified    3439    3850  (4983)    
  1915 33.23 3.42 2.98           CM055262.1   4957056   4958460 (15295719) +               Kuruka     Unspecified    3431    4841  (3992)    
  1349 34.86 4.27 3.29           CM055262.1   5019131   5020183 (15233996) C               Kuruka     Unspecified  (4281)    4552    3490    
  1436 36.28 3.32 2.43           CM055262.1   5073118   5074504 (15179675) +               Kuruka     Unspecified    3459    4857  (3976)    
  1491 35.41 4.65 2.23           CM055262.1   5087246   5088386 (15165793) C               Kuruka     Unspecified  (4220)    4613    3446    
   357 34.22 4.94 2.22           CM055262.1   5121957   5122219 (15131960) +               Kuruka     Unspecified    4085    4354  (4479)    
   929 35.95 5.42 2.64           CM055262.1   5169169   5170128 (15084051) C               Kuruka     Unspecified  (4312)    4521    3536    
   750 35.29 3.05 2.66           CM055262.1   5208343   5208866 (15045313) C               Kuruka     Unspecified  (4200)    4633    4108    
   439 33.93 8.51 0.56           CM055262.1   5209055   5209383 (15044796) C               Kuruka     Unspecified  (4990)    3843    3489    
  1850 36.05 2.11 2.18           CM055262.1   5539067   5540487 (14713692) C               Kuruka     Unspecified  (3975)    4858    3439    
  1992 31.37 5.49 3.22           CM055262.1   7829442   7830808 (12423371) +               Kuruka     Unspecified    3461    4857  (3976)    
   671 28.87 1.24 1.24           CM055262.1   7831715   7831956 (12422223) C               Kuruka     Unspecified  (5131)    3702    3461    
  1644 34.22 4.32 3.03           CM055262.1   7894189   7895460 (12358719) C               Kuruka     Unspecified  (4057)    4776    3489    
  1578 34.48 3.06 3.15           CM055262.1   7924640   7925783 (12328396) +               Kuruka     Unspecified    3490    4632  (4201)    
  1694 34.16 3.87 1.85           CM055262.1   8393905   8395067 (11859112) +               Kuruka     Unspecified    3461    4646  (4187)    
   472 35.26 8.18 2.46           CM055262.1   8594659   8595196 (11658983) C               Kuruka     Unspecified  (4152)    4681    4114    
   676 35.57 4.25 2.31           CM055262.1   9552105   9552740 (10701439) +               Kuruka     Unspecified    3613    4260  (4573)    
   868 31.26 3.38 2.00           CM055262.1   9953318   9953761 (10300418) C               Kuruka     Unspecified  (4187)    4646    4197    
   743 35.01 4.07 1.91           CM055262.1   9953815   9954379 (10299800) C               Kuruka     Unspecified  (4796)    4037    3461    
  2036 33.53 3.01 2.18           CM055262.1  11103613  11104975 (9149204) +               Kuruka     Unspecified    3468    4841  (3992)    
   268 35.32 7.06 2.13           CM055263.1   9064174   9064442 (34716685) +               Kuruka     Unspecified    3610    3891  (4942)    
   555 35.47 5.78 2.23           CM055263.1   9064495   9065013 (34716114) +               Kuruka     Unspecified    3966    4502  (4331)    
   401 31.16 0.72 0.00           CM055263.1  11878955  11879092 (31902035) C               Kuruka     Unspecified  (4752)    4081    3943    
   294 36.36 3.60 0.88           CM055263.1  11879211  11879432 (31901695) C               Kuruka     Unspecified  (5139)    3694    3467    
   346 36.33 6.08 2.67           CM055263.1  12485683  12486044 (31295083) C               Kuruka     Unspecified  (5001)    3832    3459    
   721 37.86 2.86 1.23           CM055263.1  12674992  12675550 (31105577) C               Kuruka     Unspecified  (4261)    4572    4005    
   278 33.62 4.78 5.20           CM055263.1  14978287  14978537 (28802590) +               Kuruka     Unspecified    3585    3834  (4999)    
   607 35.86 4.36 2.34           CM055263.1  15296718  15297428 (28483699) +               Kuruka     Unspecified    3489    4213  (4620)    
  1275 35.33 5.00 2.80           CM055263.1  15946884  15948144 (27832983) C               Kuruka     Unspecified  (4057)    4776    3489    
  1154 32.61 3.36 2.21           CM055263.1  16742452  16743166 (27037961) +               Kuruka     Unspecified    3431    4153  (4680)    
  1420 35.63 3.78 2.97           CM055263.1  16837868  16839270 (26941857) +               Kuruka     Unspecified    3444    4857  (3976)    
  1730 34.48 2.94 3.26           CM055263.1  16859957  16861248 (26919879) +               Kuruka     Unspecified    3489    4776  (4057)    
   583 32.99 4.60 4.81           CM055263.1  16870522  16871021 (26910106) C               Kuruka     Unspecified  (4057)    4776    4278    
   862 33.45 3.79 4.12           CM055263.1  16871045  16871677 (26909450) C               Kuruka     Unspecified  (4714)    4119    3489    
  1528 33.10 4.24 4.50           CM055263.1  16904248  16905427 (26875700) C               Kuruka     Unspecified  (4168)    4665    3489    
  1725 33.07 4.46 2.50           CM055263.1  16992884  16993981 (26787146) C               Kuruka     Unspecified  (4254)    4579    3461    
  1883 32.45 4.26 2.68           CM055263.1  17141268  17142369 (26638758) +               Kuruka     Unspecified    3461    4579  (4254)    
   850 33.96 4.75 6.21           CM055263.1  17329427  17330079 (26451048) +               Kuruka     Unspecified    3462    4105  (4728)    
   386 37.01 0.00 0.50           CM055263.1  17332590  17332790 (26448337) +               Kuruka     Unspecified    4325    4524  (4309)    
  1742 32.60 4.47 2.41           CM055263.1  20169766  20170862 (23610265) +               Kuruka     Unspecified    3461    4579  (4254)    
  1651 36.16 1.60 1.67           CM055263.1  20228859  20230174 (23550953) C               Kuruka     Unspecified  (4075)    4758    3444    
  2000 31.98 3.75 2.35           CM055263.1  20258644  20259735 (23521392) +               Kuruka     Unspecified    3468    4574  (4259)    
   311 33.06 0.80 0.80           CM055263.1  20469332  20469456 (23311671) C               Kuruka     Unspecified  (5219)    3614    3490    
   320 35.75 4.65 4.05           CM055263.1  20499754  20500097 (23281030) C               Kuruka     Unspecified  (4165)    4668    4323    
   385 35.40 5.00 1.13           CM055263.1  20500318  20500657 (23280470) C               Kuruka     Unspecified  (4974)    3859    3507    
   240 22.45 0.00 0.00           CM055263.1  20547223  20547271 (23233856) C               Kuruka     Unspecified  (5142)    3691    3643    
   483 32.46 6.30 3.78           CM055263.1  20598439  20598851 (23182276) C               Kuruka     Unspecified  (4187)    4646    4224    
   307 36.89 0.95 4.93           CM055263.1  20598889  20599099 (23182028) C               Kuruka     Unspecified  (4698)    4135    3933    
   482 31.94 1.38 0.91           CM055263.1  20599295  20599512 (23181615) C               Kuruka     Unspecified  (5108)    3725    3507    
  1287 34.69 4.34 3.50           CM055263.1  20635020  20636124 (23145003) +               Kuruka     Unspecified    3500    4613  (4220)    
  1236 36.45 1.58 1.68           CM055263.1  20846732  20847741 (22933386) C               Kuruka     Unspecified  (4075)    4758    3750    
   920 34.47 6.44 3.76           CM055263.1  20946995  20948004 (22833123) C               Kuruka     Unspecified  (4163)    4670    3635    
   572 31.92 0.84 0.84           CM055263.1  21109172  21109408 (22671719) +               Kuruka     Unspecified    3489    3725  (5108)    
   967 31.69 2.22 2.99           CM055263.1  21109716  21110255 (22670872) +               Kuruka     Unspecified    4111    4646  (4187)    
  1158 34.82 5.02 1.95           CM055263.1  21136406  21137401 (22643726) +               Kuruka     Unspecified    3546    4571  (4262)    
  1789 32.09 5.89 2.93           CM055263.1  21237164  21238521 (22542606) C               Kuruka     Unspecified  (3976)    4857    3461    
   473 36.38 2.62 1.44           CM055263.1  21532671  21533013 (22248114) +               Kuruka     Unspecified    3462    3808  (5025)    
  1147 32.67 4.21 2.68           CM055263.1  21533016  21533751 (22247376) +               Kuruka     Unspecified    3862    4608  (4225)    
  1200 35.70 4.72 3.23           CM055263.1  21729343  21730656 (22050471) C               Kuruka     Unspecified  (4059)    4774    3442    
   517 37.81 1.62 1.83           CM055263.1  21754116  21754608 (22026519) C               Kuruka     Unspecified  (4068)    4765    4274    
   709 34.98 2.74 0.54           CM055263.1  21754992  21755356 (22025771) C               Kuruka     Unspecified  (4999)    3834    3462    
   631 36.12 3.78 2.10           CM055263.1  21878065  21878672 (21902455) C               Kuruka     Unspecified  (4165)    4668    4051    
   409 36.04 4.84 1.56           CM055263.1  21878797  21879168 (21901959) C               Kuruka     Unspecified  (4961)    3872    3489    
   416 37.20 5.25 3.05           CM055263.1  21924827  21925436 (21855691) +               Kuruka     Unspecified    3755    4377  (4456)    
   478 29.08 6.31 0.85           CM055263.1  21993488  21993709 (21787418) +               Kuruka     Unspecified    3548    3781  (5052)    
  1446 31.26 2.99 1.14           CM055263.1  21993834  21994435 (21786692) +               Kuruka     Unspecified    3932    4544  (4289)    
  1576 35.70 2.80 3.02           CM055263.1  22030334  22031728 (21749399) +               Kuruka     Unspecified    3475    4866  (3967)    
  1281 35.48 3.57 2.51           CM055263.1  22041338  22042401 (21738726) +               Kuruka     Unspecified    3459    4533  (4300)    
   498 31.31 4.80 7.24           CM055263.1  22436896  22437291 (21343836) C               Kuruka     Unspecified  (4482)    4351    3965    
  1685 32.32 4.31 2.50           CM055263.1  22479158  22480179 (21300948) +               Kuruka     Unspecified    3461    4500  (4333)    
   390 38.26 0.00 0.00           CM055263.1  22610738  22610967 (21170160) +               Kuruka     Unspecified    3489    3718  (5115)    
   416 35.70 5.47 0.92           CM055263.1  22611068  22611378 (21169749) +               Kuruka     Unspecified    4230    4554  (4279)    
  1730 33.67 3.90 3.34           CM055263.1  22663483  22664763 (21116364) +               Kuruka     Unspecified    3489    4776  (4057)    
  1730 33.67 3.90 3.34           CM055263.1  22668569  22669849 (21111278) C               Kuruka     Unspecified  (4057)    4776    3489    
   757 37.80 3.58 1.70           CM055263.1  22761331  22762253 (21018874) +               Kuruka     Unspecified    3489    4428  (4405)    
   684 35.90 5.41 4.37           CM055263.1  22768894  22769799 (21011328) C               Kuruka     Unspecified  (4309)    4524    3610    
   563 31.89 4.20 2.06           CM055263.1  22792622  22792954 (20988173) +               Kuruka     Unspecified    3531    3870  (4963)    
   311 34.83 3.00 3.34           CM055263.1  22795815  22796114 (20985013) C               Kuruka     Unspecified  (4999)    3834    3536    
  1694 34.33 3.42 3.34           CM055263.1  23078088  23079374 (20701753) C               Kuruka     Unspecified  (4057)    4776    3489    
  1677 34.90 2.55 2.87           CM055263.1  23353184  23354475 (20426652) +               Kuruka     Unspecified    3489    4776  (4057)    
   424 32.85 2.38 1.42           CM055263.1  23389518  23389727 (20391400) +               Kuruka     Unspecified    4415    4626  (4207)    
   238 36.60 8.32 2.75           CM055263.1  23399854  23400370 (20380757) +               Kuruka     Unspecified    3610    4154  (4679)    
   284 32.14 3.45 3.45           CM055263.1  23400522  23400666 (20380461) +               Kuruka     Unspecified    4397    4541  (4292)    
  1818 34.08 2.94 3.26           CM055263.1  24169602  24170893 (19610234) C               Kuruka     Unspecified  (4057)    4776    3489    
   376 36.21 2.02 1.61           CM055263.1  24627808  24628054 (19153073) C               Kuruka     Unspecified  (4980)    3853    3606    
  1577 35.00 2.95 3.19           CM055263.1  24736342  24737631 (19043496) C               Kuruka     Unspecified  (4057)    4776    3490    
   612 32.94 9.35 4.73           CM055263.1  24924206  24924954 (18856173) C               Kuruka     Unspecified  (4479)    4354    3573    
  1229 34.48 5.09 4.17           CM055263.1  24945003  24946358 (18834769) C               Kuruka     Unspecified  (3986)    4847    3480    
  1607 36.00 2.22 2.51           CM055263.1  24953676  24955071 (18826056) C               Kuruka     Unspecified  (3967)    4866    3475    
   292 30.57 4.29 3.66           CM055263.1  24964954  24965116 (18816011) C               Kuruka     Unspecified  (5139)    3694    3531    
   268 33.13 1.84 1.84           CM055263.1  24973005  24973167 (18807960) C               Kuruka     Unspecified  (3976)    4857    4695    
  1379 35.95 3.30 1.86           CM055263.1  24973329  24974388 (18806739) C               Kuruka     Unspecified  (4300)    4533    3459    
   468 36.84 2.33 2.80           CM055263.1  25039870  25040299 (18740828) +               Kuruka     Unspecified    4127    4554  (4279)    
  1292 34.27 4.93 4.17           CM055263.1  25067618  25068975 (18712152) C               Kuruka     Unspecified  (3986)    4847    3480    
   225 30.08 10.57 0.00           CM055263.1  25350945  25351067 (18430060) C               Kuruka     Unspecified  (5187)    3646    3511    
  1526 34.77 5.14 1.77           CM055263.1  26570631  26571778 (17209349) C               Kuruka     Unspecified  (4187)    4646    3461    
   567 32.45 1.13 1.13           CM055263.1  26931207  26931471 (16849656) +               Kuruka     Unspecified    3461    3725  (5108)    
   514 34.17 2.46 2.11           CM055263.1  26931659  26931942 (16849185) +               Kuruka     Unspecified    3933    4217  (4616)    
   764 30.57 2.20 1.25           CM055263.1  26931986  26932303 (16848824) +               Kuruka     Unspecified    4292    4612  (4221)    
   364 36.19 2.33 2.33           CM055263.1  35640281  35640495 (8140632) +               Kuruka     Unspecified    3932    4146  (4687)    
   572 36.13 2.61 2.42           CM055263.1  35786961  35787496 (7993631) C               Kuruka     Unspecified  (4761)    4072    3536    
   665 35.19 2.46 0.30           CM055263.1  35789288  35789612 (7991515) C               Kuruka     Unspecified  (4999)    3834    3503    
   483 35.09 8.06 0.26           CM055263.1  35912625  35912984 (7868143) C               Kuruka     Unspecified  (4360)    4473    4086    
   523 30.80 6.32 2.02           CM055263.1  36027319  36027603 (7753524) +               Kuruka     Unspecified    4283    4579  (4254)    
   742 34.79 7.89 1.86           CM055263.1  36101418  36102076 (7679051) +               Kuruka     Unspecified    3459    4156  (4677)    
   343 35.84 2.27 3.20           CM055263.1  36102189  36102629 (7678498) +               Kuruka     Unspecified    4338    4774  (4059)    
   666 34.38 5.53 1.71           CM055263.1  36145230  36145735 (7635392) C               Kuruka     Unspecified  (4220)    4613    4089    
   517 34.99 7.58 2.26           CM055263.1  36330451  36330912 (7450215) C               Kuruka     Unspecified  (4074)    4759    4274    
   284 36.25 2.92 0.00           CM055263.1  36331059  36331298 (7449829) C               Kuruka     Unspecified  (4950)    3883    3637    
   309 27.03 0.00 0.00           CM055263.1  36434799  36434872 (7346255) +               Kuruka     Unspecified    3621    3694  (5139)    
   412 35.57 2.33 3.13           CM055263.1  36434932  36435317 (7345810) +               Kuruka     Unspecified    3933    4315  (4518)    
  1184 35.63 3.35 1.29           CM055263.1  36762829  36763664 (7017463) C               Kuruka     Unspecified  (4225)    4608    3756    
   698 33.39 3.78 3.41           CM055263.1  36794235  36794789 (6986338) C               Kuruka     Unspecified  (3985)    4848    4292    
   709 35.31 5.17 1.55           CM055263.1  36794853  36795413 (6985714) C               Kuruka     Unspecified  (4792)    4041    3461    
   397 34.23 0.54 0.54           CM055263.1  36950184  36950368 (6830759) +               Kuruka     Unspecified    3461    3645  (5188)    
   360 35.05 4.52 2.88           CM055263.1  37515784  37516159 (6264968) C               Kuruka     Unspecified  (4174)    4659    4278    
   261 31.18 2.15 0.00           CM055263.1  37516206  37516298 (6264829) C               Kuruka     Unspecified  (4672)    4161    4067    
   320 37.17 0.52 0.52           CM055263.1  38641050  38641241 (5139886) C               Kuruka     Unspecified  (4247)    4586    4395    
   420 36.13 1.94 0.82           CM055263.1  39982630  39982989 (3798138) C               Kuruka     Unspecified  (4939)    3894    3531    
   233 35.43 7.91 4.47           CM055263.1  40083530  40083984 (3697143) +               Kuruka     Unspecified    3610    4079  (4754)    
   291 35.17 1.98 1.48           CM055263.1  40194072  40194273 (3586854) +               Kuruka     Unspecified    3944    4146  (4687)    
   290 27.77 6.30 0.75           CM055264.1    279291    279417 (11788373) +               Kuruka     Unspecified    4224    4357  (4476)    
   262 28.56 6.30 0.75           CM055264.1    925198    925324 (11142466) C               Kuruka     Unspecified  (4476)    4357    4224    
   541 32.15 3.08 3.08           CM055264.1    956770    957061 (11110729) C               Kuruka     Unspecified  (5035)    3798    3507    
   253 27.77 7.09 0.74           CM055264.1   1162106   1162232 (10905558) +               Kuruka     Unspecified    4223    4357  (4476)    
   322 29.57 6.95 4.17           CM055264.1   1180086   1180272 (10887518) +               Kuruka     Unspecified    4223    4414  (4419)    
   274 28.33 6.25 0.74           CM055264.1   1370145   1370272 (10697518) +               Kuruka     Unspecified    4223    4357  (4476)    
   333 29.02 6.95 4.17           CM055264.1   1451063   1451249 (10616541) C               Kuruka     Unspecified  (4419)    4414    4223    
   347 28.46 6.95 4.17           CM055264.1   1479043   1479229 (10588561) C               Kuruka     Unspecified  (4419)    4414    4223    
   305 29.57 6.95 4.17           CM055264.1   3682947   3683133 (8384657) +               Kuruka     Unspecified    4223    4414  (4419)    
   312 33.04 3.02 2.14           CM055264.1   5302782   5303013 (6764777) +               Kuruka     Unspecified    3755    3988  (4845)    
  1060 34.60 3.24 3.67           CM055264.1   5317133   5318089 (6749701) C               Kuruka     Unspecified  (4090)    4743    3791    
   304 23.08 2.50 2.50           CM055264.1   5318089   5318168 (6749622) C               Kuruka     Unspecified  (5144)    3689    3610    
   437 32.60 4.51 3.08           CM055264.1   5643965   5644252 (6423538) +               Kuruka     Unspecified    3507    3798  (5035)    
   518 33.64 3.50 1.56           CM055264.1   5644304   5644617 (6423173) +               Kuruka     Unspecified    3933    4252  (4581)    
   296 27.54 6.25 0.74           CM055264.1   5874947   5875074 (6192716) +               Kuruka     Unspecified    4223    4357  (4476)    
   556 31.80 3.08 3.08           CM055264.1   6012531   6012822 (6054968) +               Kuruka     Unspecified    3507    3798  (5035)    
   927 35.36 2.03 2.21           CM055264.1   6012874   6013463 (6054327) +               Kuruka     Unspecified    3933    4521  (4312)    
   312 29.57 6.95 4.17           CM055264.1   7081675   7081861 (4985929) C               Kuruka     Unspecified  (4419)    4414    4223    
   295 30.14 6.95 4.17           CM055264.1   7260966   7261152 (4806638) C               Kuruka     Unspecified  (4419)    4414    4223    
   304 23.08 2.50 2.50           CM055264.1   7381312   7381391 (4686399) +               Kuruka     Unspecified    3610    3689  (5144)    
  1023 34.68 3.45 3.78           CM055264.1   7381391   7382346 (4685444) +               Kuruka     Unspecified    3791    4743  (4090)    
   312 33.04 3.02 2.14           CM055264.1   7396457   7396688 (4671102) C               Kuruka     Unspecified  (4845)    3988    3755    
   570 32.15 3.08 3.08           CM055264.1   8505098   8505389 (3562401) C               Kuruka     Unspecified  (5035)    3798    3507    
   279 29.08 9.29 4.17           CM055264.1   8576939   8577121 (3490669) +               Kuruka     Unspecified    4223    4414  (4419)    
   521 30.73 3.95 3.54           CM055264.1   9015020   9015272 (3052518) C               Kuruka     Unspecified  (5073)    3760    3507    
   279 29.08 9.29 4.17           CM055264.1   9083038   9083220 (2984570) +               Kuruka     Unspecified    4223    4414  (4419)    
   810 35.44 5.59 2.96           CM055264.1   9500172   9500994 (2566796) C               Kuruka     Unspecified  (4057)    4776    3933    
   556 32.26 3.42 3.42           CM055264.1   9501046   9501337 (2566453) C               Kuruka     Unspecified  (5035)    3798    3507    
   810 35.44 5.59 2.96           CM055264.1   9624300   9625122 (2442668) C               Kuruka     Unspecified  (4057)    4776    3933    
   556 32.26 3.42 3.42           CM055264.1   9625174   9625465 (2442325) C               Kuruka     Unspecified  (5035)    3798    3507    
   255 29.30 5.13 0.82           CM055264.1  10200913  10201029 (1866761) +               Kuruka     Unspecified    4223    4344  (4489)    
   290 27.77 6.30 0.75           CM055264.1  10270055  10270181 (1797609) +               Kuruka     Unspecified    4224    4357  (4476)    
   287 28.33 6.25 0.74           CM055264.1  10387606  10387733 (1680057) +               Kuruka     Unspecified    4223    4357  (4476)    
   290 27.77 6.30 0.75           CM055264.1  10462887  10463013 (1604777) C               Kuruka     Unspecified  (4476)    4357    4224    
   279 29.08 9.29 4.17           CM055264.1  10808030  10808212 (1259578) C               Kuruka     Unspecified  (4419)    4414    4223    
   556 32.26 3.42 3.42           CM055264.1  10904405  10904696 (1163094) +               Kuruka     Unspecified    3507    3798  (5035)    
   810 35.44 5.59 2.96           CM055264.1  10904748  10905570 (1162220) +               Kuruka     Unspecified    3933    4776  (4057)    
   556 31.80 3.08 3.08           CM055264.1  11057697  11057988 (1009802) +               Kuruka     Unspecified    3507    3798  (5035)    
   927 35.36 2.03 2.21           CM055264.1  11058040  11058629 (1009161) +               Kuruka     Unspecified    3933    4521  (4312)    
   342 38.90 5.70 1.28    JAOVVM010000016.1     14159     14684 (549466) +               Kuruka     Unspecified    3467    4015  (4818)    
   308 29.03 0.00 0.00    JAOVVM010000016.1     14695     14787 (549363) +               Kuruka     Unspecified    4065    4157  (4676)    
   639 37.03 2.26 2.80    JAOVVM010000016.1     27104     27856 (536294) C               Kuruka     Unspecified  (3975)    4858    4110    
   924 33.37 3.79 1.78    JAOVVM010000016.1     33201     33807 (530343) C               Kuruka     Unspecified  (4090)    4743    4125    
   639 36.31 1.76 1.56    JAOVVM010000016.1     39327     39838 (524312) C               Kuruka     Unspecified  (4767)    4066    3554    
  1135 35.26 4.85 3.35    JAOVVM010000016.1     62688     63717 (500433) C               Kuruka     Unspecified  (4309)    4524    3480    
  1283 34.67 1.96 2.33    JAOVVM010000016.1    540964    541781  (22369) C               Kuruka     Unspecified  (4530)    4303    3489    
