  245 21.14  2.21  6.11            OU426851.1 17542601 17542736 (12637600)  +          Kuruka  Unspecified (12637600) 17542601 17542736
  237 22.22  1.23  0.00            OU426851.1 18557824 18557904 (11622432)  +          Kuruka  Unspecified (11622432) 18557824 18557904
  807 38.34  2.38  2.29            OU426851.1 21596609 21597828 (8582508)  +          Kuruka  Unspecified (8582508) 21596609 21597828
  239 28.46  0.84  2.56            OU426851.1 26746690 26746808 (3433528)  +          Kuruka  Unspecified (3433528) 26746690 26746808
  254 18.99  2.53  0.00            OU426851.1 28025733 28025811 (2154525)  +          Kuruka  Unspecified (2154525) 28025733 28025811
  257 10.44  1.47  1.47            OU426851.1  2009553  2009620 (28170716)  C          Kuruka  Unspecified (28170716)  2009553  2009620
  283 20.37  4.42  4.42            OU426851.1 13043044 13043156 (17137180)  C          Kuruka  Unspecified (17137180) 13043044 13043156
  249 27.35  2.56  0.00            OU426851.1 16726163 16726279 (13454057)  C          Kuruka  Unspecified (13454057) 16726163 16726279
  405 35.72  1.85  1.48            OU426851.1 21626447 21626716 (8553620)  C          Kuruka  Unspecified (8553620) 21626447 21626716
  417 35.33  1.85  1.48            OU426851.1 21634422 21634691 (8545645)  C          Kuruka  Unspecified (8545645) 21634422 21634691
  417 35.33  1.85  1.48            OU426851.1 21642397 21642666 (8537670)  C          Kuruka  Unspecified (8537670) 21642397 21642666
  417 35.33  1.85  1.48            OU426851.1 21650387 21650656 (8529680)  C          Kuruka  Unspecified (8529680) 21650387 21650656
  417 35.33  1.85  1.48            OU426851.1 21658368 21658637 (8521699)  C          Kuruka  Unspecified (8521699) 21658368 21658637
  417 35.33  1.85  1.48            OU426851.1 21666350 21666619 (8513717)  C          Kuruka  Unspecified (8513717) 21666350 21666619
  417 35.33  1.85  1.48            OU426851.1 21674341 21674610 (8505726)  C          Kuruka  Unspecified (8505726) 21674341 21674610
  417 35.33  1.85  1.48            OU426851.1 21682319 21682588 (8497748)  C          Kuruka  Unspecified (8497748) 21682319 21682588
  417 35.33  1.85  1.48            OU426851.1 21690297 21690566 (8489770)  C          Kuruka  Unspecified (8489770) 21690297 21690566
  417 35.33  1.85  1.48            OU426851.1 21698288 21698557 (8481779)  C          Kuruka  Unspecified (8481779) 21698288 21698557
  417 35.33  1.85  1.48            OU426851.1 21706279 21706548 (8473788)  C          Kuruka  Unspecified (8473788) 21706279 21706548
  417 35.33  1.85  1.48            OU426851.1 21714271 21714540 (8465796)  C          Kuruka  Unspecified (8465796) 21714271 21714540
  406 35.33  1.85  1.48            OU426851.1 21722263 21722532 (8457804)  C          Kuruka  Unspecified (8457804) 21722263 21722532
  687 37.70  3.22  2.77            OU426852.1    44791    45723 (13173135)  +          Kuruka  Unspecified (13173135)    44791    45723
  261 22.08 13.60  2.16            OU426852.1  2067894  2068018 (11150840)  +          Kuruka  Unspecified (11150840)  2067894  2068018
  260 15.91  5.38  5.38            OU426852.1  6916557  6916649 (6302209)  +          Kuruka  Unspecified (6302209)  6916557  6916649
  296 34.22  1.58  1.58            OU426852.1    79418    79607 (13139251)  C          Kuruka  Unspecified (13139251)    79418    79607
  229 17.98  6.74  0.00            OU426852.1 12413389 12413477 (805381)  C          Kuruka  Unspecified (805381) 12413389 12413477
  713 37.01  2.38  3.13            OU426853.1   331957   332921 (11157443)  +          Kuruka  Unspecified (11157443)   331957   332921
  257 20.24  2.38  0.00            OU426853.1  7557528  7557611 (3932753)  +          Kuruka  Unspecified (3932753)  7557528  7557611
  902 37.56  2.54  2.46            OU426853.1   274276   275495 (11214869)  C          Kuruka  Unspecified (11214869)   274276   275495
  356 35.85  3.15  3.30            OU426853.1   283266   283963 (11206401)  C          Kuruka  Unspecified (11206401)   283266   283963
  233 13.96  0.00  6.94            OU426853.1  3443387  3443463 (8046901)  C          Kuruka  Unspecified (8046901)  3443387  3443463
  592 37.47  3.56  3.22            OU426854.1   622890   623788 (10030321)  +          Kuruka  Unspecified (10030321)   622890   623788
  296 34.22  1.58  1.58            OU426854.1   658071   658260 (9995849)  C          Kuruka  Unspecified (9995849)   658071   658260
  231 20.56  0.00  2.74            OU426854.1  5794203  5794277 (4859832)  C          Kuruka  Unspecified (4859832)  5794203  5794277
  913 36.46  3.43  2.99            OU426855.1   403892   404824 (10157077)  C          Kuruka  Unspecified (10157077)   403892   404824
  231 16.91  3.66  6.25            OU426857.1  2419999  2420080 (7818337)  +          Kuruka  Unspecified (7818337)  2419999  2420080
  763 38.52  2.21  2.13            OU426857.1  7965624  7966843 (2271574)  +          Kuruka  Unspecified (2271574)  7965624  7966843
  474 36.38  2.08  2.25            OU426857.1  6327156  6328033 (3910684)  C          Kuruka  Unspecified (3910684)  6327156  6328033
  799 37.23  4.06  2.36            OU426858.1   536821   537780 (9391770)  C          Kuruka  Unspecified (9391770)   536821   537780
  227 11.48  0.00  1.64            OU426858.1  7185639  7185700 (2743850)  C          Kuruka  Unspecified (2743850)  7185639  7185700
  231 26.35  3.25  3.92            OU426858.1  8284140  8284293 (1645257)  C          Kuruka  Unspecified (1645257)  8284140  8284293
  229 23.27  1.75  9.91            OU426859.1  2516485  2516713 (7193749)  +          Kuruka  Unspecified (7193749)  2516485  2516713
  231 24.17  3.33  6.90            OU426859.1  8921669  8921788 (788674)  C          Kuruka  Unspecified (788674)  8921669  8921788
  629 38.34  2.48  2.38            OU426859.1  9268697  9269786 (440676)  C          Kuruka  Unspecified (440676)  9268697  9269786
  373 37.10  2.53  2.53            OU426860.1    41834    43055 (9454646)  +          Kuruka  Unspecified (9454646)    41834    43055
  252 18.01  5.61  6.60            OU426860.1  7249010  7249116 (2248074)  +          Kuruka  Unspecified (2248074)  7249010  7249116
  673 35.98  4.80  5.01            OU426861.1   171780   172759 (9279564)  C          Kuruka  Unspecified (9279564)   171780   172759
  827 38.45  2.38  2.30            OU426862.1   169940   171158 (9171628)  +          Kuruka  Unspecified (9171628)   169940   171158
  228 17.01  6.90  8.77            OU426862.1  3763195  3763310 (5579476)  +          Kuruka  Unspecified (5579476)  3763195  3763310
  718 37.24  3.09  3.20            OU426862.1   335697   336667 (9006119)  C          Kuruka  Unspecified (9006119)   335697   336667
  884 37.75  2.39  2.30            OU426863.1    60067    61194 (8017243)  +          Kuruka  Unspecified (8017243)    60067    61194
  876 38.01  2.13  2.04            OU426863.1    49585    50712 (8027725)  C          Kuruka  Unspecified (8027725)    49585    50712
  244 29.11  3.21  2.66            OU426864.1  1594878  1595064 (5520800)  +          Kuruka  Unspecified (5520800)  1594878  1595064
  233 22.09  1.15  1.15            OU426864.1  4463090  4463176 (2652688)  +          Kuruka  Unspecified (2652688)  4463090  4463176
  334 37.34  2.46  1.96            OU426864.1  5986344  5986750 (1129114)  +          Kuruka  Unspecified (1129114)  5986344  5986750
  357 34.44  2.05  1.22            OU426865.1   257624   257867 (6697958)  +          Kuruka  Unspecified (6697958)   257624   257867
  357 34.44  2.05  1.22            OU426865.1   653839   654082 (6301743)  +          Kuruka  Unspecified (6301743)   653839   654082
  371 36.56  1.73  1.73            OU426865.1  2220452  2220682 (4735143)  +          Kuruka  Unspecified (4735143)  2220452  2220682
  600 35.33  5.21  3.57            OU426865.1  2220898  2221531 (4734294)  +          Kuruka  Unspecified (4734294)  2220898  2221531
  649 38.59  2.62  2.40            OU426865.1   338582   339537 (6616288)  C          Kuruka  Unspecified (6616288)   338582   339537
  649 38.59  2.62  2.40            OU426865.1   734426   735381 (6220444)  C          Kuruka  Unspecified (6220444)   734426   735381
  486 36.22  0.78  1.17            OU426866.1  1216131  1216387 (5581881)  +          Kuruka  Unspecified (5581881)  1216131  1216387
  232 16.62 14.29  2.56            OU426866.1  4890249  4890353 (1907915)  +          Kuruka  Unspecified (1907915)  4890249  4890353
  509 35.83  0.78  1.17            OU426866.1  1573448  1573704 (5224564)  C          Kuruka  Unspecified (5224564)  1573448  1573704
  509 35.83  0.78  1.17            OU426866.1  1902178  1902434 (4895834)  C          Kuruka  Unspecified (4895834)  1902178  1902434
  420 26.87  3.73  0.00            OU426867.1  5479041  5479174 (361975)  +          Kuruka  Unspecified (361975)  5479041  5479174
  235 33.62  5.17  0.00            OU426867.1  5451229  5451344 (389805)  C          Kuruka  Unspecified (389805)  5451229  5451344
  700 34.94  2.69  2.35            OU426867.1  5464734  5465328 (375821)  C          Kuruka  Unspecified (375821)  5464734  5465328
  850 37.59  2.62  2.54            OU426868.1  5473524  5474743 (166685)  +          Kuruka  Unspecified (166685)  5473524  5474743
  975 36.65  3.19  3.01            OU426869.1   656896   658023 (4673215)  +          Kuruka  Unspecified (4673215)   656896   658023
  343 33.48  2.01  2.83            OU426869.1   676909   677157 (4654081)  C          Kuruka  Unspecified (4654081)   676909   677157
  728 37.44  2.62  2.19            OU426870.1  4824044  4824996 (231760)  +          Kuruka  Unspecified (231760)  4824044  4824996
  538 36.50  1.97  1.69            OU426870.1  4850772  4851900 (205276)  +          Kuruka  Unspecified (205276)  4850772  4851900
  749 37.85  2.66  2.57            OU426870.1  5013377  5014504  (42252)  +          Kuruka  Unspecified  (42252)  5013377  5014504
  225 20.27  0.00  1.35            OU426870.1  3773227  3773301 (1283455)  C          Kuruka  Unspecified (1283455)  3773227  3773301
  229 13.94  4.49  3.33            OU426871.1   782542   782630 (3888147)  +          Kuruka  Unspecified (3888147)   782542   782630
  258 12.81  7.41  3.57            OU426871.1  2339327  2339407 (2331370)  +          Kuruka  Unspecified (2331370)  2339327  2339407
  515 33.23  1.81  3.30            OU426871.1  3842171  3842447 (828330)  +          Kuruka  Unspecified (828330)  3842171  3842447
  226 16.67  2.78  0.00            OU426871.1  2133918  2133989 (2536788)  C          Kuruka  Unspecified (2536788)  2133918  2133989
  405 38.61  2.63  2.20            OU426872.1  3552327  3553049 (1002003)  +          Kuruka  Unspecified (1002003)  3552327  3553049
  230 17.50  0.00  0.00            OU426872.1  1381928  1382007 (3173045)  C          Kuruka  Unspecified (3173045)  1381928  1382007
  244 13.85  3.08  0.00            OU426873.1   978352   978416 (3149336)  +          Kuruka  Unspecified (3149336)   978352   978416
  234 13.79  0.00  0.00            OU426873.1  3677817  3677874 (449878)  C          Kuruka  Unspecified (449878)  3677817  3677874
  886 37.71  2.71  2.38            OU426873.1  3928760  3929976 (197776)  C          Kuruka  Unspecified (197776)  3928760  3929976
  412 35.93  1.80  2.17            OU426874.1     6934     7925 (3816178)  C          Kuruka  Unspecified (3816178)     6934     7925
  364 38.72  3.44  3.33            OU426875.1   117497   118455 (3555704)  +          Kuruka  Unspecified (3555704)   117497   118455
  480 38.62  3.28  3.18            OU426875.1   109353   110419 (3563740)  C          Kuruka  Unspecified (3563740)   109353   110419
  337 36.69  2.07  2.92            OU426875.1   126919   128006 (3546999)  C          Kuruka  Unspecified (3546999)   126919   128006
  245 34.96  0.00  0.00            OU426875.1  1028054  1028176 (2645983)  C          Kuruka  Unspecified (2645983)  1028054  1028176
