   257 10.44 1.47 1.47           OU426851.1   2009553   2009620 (28170716) C               Kuruka     Unspecified  (1403)    7430    7363    
   283 20.37 4.42 4.42           OU426851.1  13043044  13043156 (17137180) C               Kuruka     Unspecified  (1519)    7314    7202    
   249 27.35 2.56 0.00           OU426851.1  16726163  16726279 (13454057) C               Kuruka     Unspecified  (1527)    7306    7187    
   245 21.14 2.21 6.11           OU426851.1  17542601  17542736 (12637600) +               Kuruka     Unspecified    7188    7318  (1515)    
   237 22.22 1.23 0.00           OU426851.1  18557824  18557904 (11622432) +               Kuruka     Unspecified    7361    7442  (1391)    
   807 38.34 2.38 2.29           OU426851.1  21596609  21597828 (8582508) +               Kuruka     Unspecified    3451    4671  (4162)    
   405 35.72 1.85 1.48           OU426851.1  21626447  21626716 (8553620) C               Kuruka     Unspecified  (4279)    4554    4284    
   417 35.33 1.85 1.48           OU426851.1  21634422  21634691 (8545645) C               Kuruka     Unspecified  (4279)    4554    4284    
   417 35.33 1.85 1.48           OU426851.1  21642397  21642666 (8537670) C               Kuruka     Unspecified  (4279)    4554    4284    
   417 35.33 1.85 1.48           OU426851.1  21650387  21650656 (8529680) C               Kuruka     Unspecified  (4279)    4554    4284    
   417 35.33 1.85 1.48           OU426851.1  21658368  21658637 (8521699) C               Kuruka     Unspecified  (4279)    4554    4284    
   417 35.33 1.85 1.48           OU426851.1  21666350  21666619 (8513717) C               Kuruka     Unspecified  (4279)    4554    4284    
   417 35.33 1.85 1.48           OU426851.1  21674341  21674610 (8505726) C               Kuruka     Unspecified  (4279)    4554    4284    
   417 35.33 1.85 1.48           OU426851.1  21682319  21682588 (8497748) C               Kuruka     Unspecified  (4279)    4554    4284    
   417 35.33 1.85 1.48           OU426851.1  21690297  21690566 (8489770) C               Kuruka     Unspecified  (4279)    4554    4284    
   417 35.33 1.85 1.48           OU426851.1  21698288  21698557 (8481779) C               Kuruka     Unspecified  (4279)    4554    4284    
   417 35.33 1.85 1.48           OU426851.1  21706279  21706548 (8473788) C               Kuruka     Unspecified  (4279)    4554    4284    
   417 35.33 1.85 1.48           OU426851.1  21714271  21714540 (8465796) C               Kuruka     Unspecified  (4279)    4554    4284    
   406 35.33 1.85 1.48           OU426851.1  21722263  21722532 (8457804) C               Kuruka     Unspecified  (4279)    4554    4284    
   239 28.46 0.84 2.56           OU426851.1  26746690  26746808 (3433528) +               Kuruka     Unspecified    7294    7410  (1423)    
   254 18.99 2.53 0.00           OU426851.1  28025733  28025811 (2154525) +               Kuruka     Unspecified    7350    7430  (1403)    
   687 37.70 3.22 2.77           OU426852.1     44791     45723 (13173135) +               Kuruka     Unspecified    3621    4557  (4276)    
   296 34.22 1.58 1.58           OU426852.1     79418     79607 (13139251) C               Kuruka     Unspecified  (5137)    3696    3507    
   261 22.08 13.60 2.16           OU426852.1   2067894   2068018 (11150840) +               Kuruka     Unspecified    7335    7473  (1360)    
   260 15.91 5.38 5.38           OU426852.1   6916557   6916649 (6302209) +               Kuruka     Unspecified    7231    7323  (1510)    
   229 17.98 6.74 0.00           OU426852.1  12413389  12413477 (805381) C               Kuruka     Unspecified  (1553)    7280    7186    
   902 37.56 2.54 2.46           OU426853.1    274276    275495 (11214869) C               Kuruka     Unspecified  (4162)    4671    3451    
   356 35.85 3.15 3.30           OU426853.1    283266    283963 (11206401) C               Kuruka     Unspecified  (4132)    4701    4005    
   713 37.01 2.38 3.13           OU426853.1    331957    332921 (11157443) +               Kuruka     Unspecified    3621    4578  (4255)    
   233 13.96 0.00 6.94           OU426853.1   3443387   3443463 (8046901) C               Kuruka     Unspecified  (1401)    7432    7361    
   257 20.24 2.38 0.00           OU426853.1   7557528   7557611 (3932753) +               Kuruka     Unspecified    7208    7293  (1540)    
   592 37.47 3.56 3.22           OU426854.1    622890    623788 (10030321) +               Kuruka     Unspecified    3621    4522  (4311)    
   296 34.22 1.58 1.58           OU426854.1    658071    658260 (9995849) C               Kuruka     Unspecified  (5137)    3696    3507    
   231 20.56 0.00 2.74           OU426854.1   5794203   5794277 (4859832) C               Kuruka     Unspecified  (1400)    7433    7361    
   913 36.46 3.43 2.99           OU426855.1    403892    404824 (10157077) C               Kuruka     Unspecified  (4276)    4557    3621    
   231 16.91 3.66 6.25           OU426857.1   2419999   2420080 (7818337) +               Kuruka     Unspecified    7231    7310  (1523)    
   474 37.17 2.08 2.25           OU426857.1   6327156   6327733 (3910684) C               Kuruka     Unspecified  (4162)    4671    4095    
   451 34.63 1.92 1.15           OU426857.1   6327774   6328033 (3910384) C               Kuruka     Unspecified  (5121)    3712    3451    
   763 38.52 2.21 2.13           OU426857.1   7965624   7966843 (2271574) +               Kuruka     Unspecified    3451    4671  (4162)    
   799 37.23 4.06 2.36           OU426858.1    536821    537780 (9391770) C               Kuruka     Unspecified  (4282)    4551    3576    
   227 11.48 0.00 1.64           OU426858.1   7185639   7185700 (2743850) C               Kuruka     Unspecified  (1399)    7434    7374    
   231 26.35 3.25 3.92           OU426858.1   8284140   8284293 (1645257) C               Kuruka     Unspecified  (1372)    7461    7309    
   229 23.27 1.75 9.91           OU426859.1   2516485   2516713 (7193749) +               Kuruka     Unspecified    7202    7413  (1420)    
   231 24.17 3.33 6.90           OU426859.1   8921669   8921788 (788674) C               Kuruka     Unspecified  (1513)    7320    7205    
   629 38.34 2.48 2.38           OU426859.1   9268697   9269786 (440676) C               Kuruka     Unspecified  (4292)    4541    3451    
   373 38.96 2.53 2.53           OU426860.1     41834     42544 (9454646) +               Kuruka     Unspecified    3451    4161  (4672)    
   460 33.61 2.91 3.18           OU426860.1     42678     43055 (9454135) +               Kuruka     Unspecified    4295    4671  (4162)    
   252 18.01 5.61 6.60           OU426860.1   7249010   7249116 (2248074) +               Kuruka     Unspecified    7205    7310  (1523)    
   673 35.98 4.80 5.01           OU426861.1    171780    172759 (9279564) C               Kuruka     Unspecified  (4282)    4551    3574    
   827 38.45 2.38 2.30           OU426862.1    169940    171158 (9171628) +               Kuruka     Unspecified    3451    4670  (4163)    
   718 37.24 3.09 3.20           OU426862.1    335697    336667 (9006119) C               Kuruka     Unspecified  (4290)    4543    3574    
   228 17.01 6.90 8.77           OU426862.1   3763195   3763310 (5579476) +               Kuruka     Unspecified    7339    7452  (1381)    
   876 38.01 2.13 2.04           OU426863.1     49585     50712 (8027725) C               Kuruka     Unspecified  (4254)    4579    3451    
   884 37.75 2.39 2.30           OU426863.1     60067     61194 (8017243) +               Kuruka     Unspecified    3451    4579  (4254)    
   244 29.11 3.21 2.66           OU426864.1   1594878   1595064 (5520800) +               Kuruka     Unspecified    7357    7544  (1289)    
   233 22.09 1.15 1.15           OU426864.1   4463090   4463176 (2652688) +               Kuruka     Unspecified    7209    7295  (1538)    
   334 37.34 2.46 1.96           OU426864.1   5986344   5986750 (1129114) +               Kuruka     Unspecified    3451    3859  (4974)    
   357 34.44 2.05 1.22           OU426865.1    257624    257867 (6697958) +               Kuruka     Unspecified    3451    3696  (5137)    
   649 38.59 2.62 2.40           OU426865.1    338582    339537 (6616288) C               Kuruka     Unspecified  (4255)    4578    3621    
   357 34.44 2.05 1.22           OU426865.1    653839    654082 (6301743) +               Kuruka     Unspecified    3451    3696  (5137)    
   649 38.59 2.62 2.40           OU426865.1    734426    735381 (6220444) C               Kuruka     Unspecified  (4255)    4578    3621    
   371 36.56 1.73 1.73           OU426865.1   2220452   2220682 (4735143) +               Kuruka     Unspecified    3488    3718  (5115)    
   600 35.33 5.21 3.57           OU426865.1   2220898   2221531 (4734294) +               Kuruka     Unspecified    3938    4581  (4252)    
   486 36.22 0.78 1.17           OU426866.1   1216131   1216387 (5581881) +               Kuruka     Unspecified    4299    4554  (4279)    
   509 35.83 0.78 1.17           OU426866.1   1573448   1573704 (5224564) C               Kuruka     Unspecified  (4279)    4554    4299    
   509 35.83 0.78 1.17           OU426866.1   1902178   1902434 (4895834) C               Kuruka     Unspecified  (4279)    4554    4299    
   232 16.62 14.29 2.56           OU426866.1   4890249   4890353 (1907915) +               Kuruka     Unspecified    7345    7461  (1372)    
   235 33.62 5.17 0.00           OU426867.1   5451229   5451344 (389805) C               Kuruka     Unspecified  (4680)    4153    4032    
   700 34.94 2.69 2.35           OU426867.1   5464734   5465328 (375821) C               Kuruka     Unspecified  (4273)    4560    3964    
   420 26.87 3.73 0.00           OU426867.1   5479041   5479174 (361975) +               Kuruka     Unspecified    3588    3726  (5107)    
   850 37.59 2.62 2.54           OU426868.1   5473524   5474743 (166685) +               Kuruka     Unspecified    3451    4671  (4162)    
   975 36.65 3.19 3.01           OU426869.1    656896    658023 (4673215) +               Kuruka     Unspecified    3451    4580  (4253)    
   343 33.48 2.01 2.83           OU426869.1    676909    677157 (4654081) C               Kuruka     Unspecified  (4292)    4541    4295    
   225 20.27 0.00 1.35           OU426870.1   3773227   3773301 (1283455) C               Kuruka     Unspecified  (1398)    7435    7362    
   728 37.44 2.62 2.19           OU426870.1   4824044   4824996 (231760) +               Kuruka     Unspecified    3622    4578  (4255)    
   538 38.59 1.97 1.69           OU426870.1   4850772   4851480 (205276) +               Kuruka     Unspecified    3451    4161  (4672)    
   546 31.32 1.74 2.10           OU426870.1   4851614   4851900 (204856) +               Kuruka     Unspecified    4295    4580  (4253)    
   749 37.85 2.66 2.57           OU426870.1   5013377   5014504  (42252) +               Kuruka     Unspecified    3451    4579  (4254)    
   229 13.94 4.49 3.33           OU426871.1    782542    782630 (3888147) +               Kuruka     Unspecified    7342    7431  (1402)    
   226 16.67 2.78 0.00           OU426871.1   2133918   2133989 (2536788) C               Kuruka     Unspecified  (1402)    7431    7358    
   258 12.81 7.41 3.57           OU426871.1   2339327   2339407 (2331370) +               Kuruka     Unspecified    7361    7444  (1389)    
   515 33.23 1.81 3.30           OU426871.1   3842171   3842447 (828330) +               Kuruka     Unspecified    4304    4576  (4257)    
   230 17.50 0.00 0.00           OU426872.1   1381928   1382007 (3173045) C               Kuruka     Unspecified  (1551)    7282    7203    
   405 38.61 2.63 2.20           OU426872.1   3552327   3553049 (1002003) +               Kuruka     Unspecified    3451    4176  (4657)    
   244 13.85 3.08 0.00           OU426873.1    978352    978416 (3149336) +               Kuruka     Unspecified    7987    8053   (780)    
   234 13.79 0.00 0.00           OU426873.1   3677817   3677874 (449878) C               Kuruka     Unspecified  (1407)    7426    7369    
   886 37.71 2.71 2.38           OU426873.1   3928760   3929976 (197776) C               Kuruka     Unspecified  (4162)    4671    3451    
   412 35.30 1.80 2.17           OU426874.1      6934      7211 (3816178) C               Kuruka     Unspecified  (4282)    4551    4275    
   357 36.22 5.51 5.51           OU426874.1      7327      7925 (3815464) C               Kuruka     Unspecified  (4674)    4159    3561    
   480 38.62 3.28 3.18           OU426875.1    109353    110419 (3563740) C               Kuruka     Unspecified  (4315)    4518    3451    
   364 38.72 3.44 3.33           OU426875.1    117497    118455 (3555704) +               Kuruka     Unspecified    3451    4410  (4423)    
   337 34.48 2.07 2.92           OU426875.1    126919    127160 (3546999) C               Kuruka     Unspecified  (4292)    4541    4302    
   409 37.45 3.54 2.81           OU426875.1    127301    128006 (3546153) C               Kuruka     Unspecified  (4672)    4161    3451    
   245 34.96 0.00 0.00           OU426875.1   1028054   1028176 (2645983) C               Kuruka     Unspecified  (5133)    3700    3578    
