  938 37.24  2.45  2.36     CAKKNJ020000031.1     6882     7984  (22340)  C          Kuruka  Unspecified  (22340)     6882     7984
  938 37.24  2.45  2.36     CAKKNJ020000151.1    16501    17603   (5235)  C          Kuruka  Unspecified   (5235)    16501    17603
  275 35.68  1.59  2.13     CAKKNJ020000182.1     5742     5930 (284863)  +          Kuruka  Unspecified (284863)     5742     5930
  275 35.68  1.59  2.13     CAKKNJ020000182.1    83480    83668 (207125)  +          Kuruka  Unspecified (207125)    83480    83668
  275 35.68  1.59  2.13     CAKKNJ020000182.1   161277   161465 (129328)  +          Kuruka  Unspecified (129328)   161277   161465
  275 35.68  1.59  2.13     CAKKNJ020000182.1   234978   235166  (55627)  +          Kuruka  Unspecified  (55627)   234978   235166
  234 21.53  0.00  2.53            OU964961.1 25350792 25350872 (604963)  C          Kuruka  Unspecified (604963) 25350792 25350872
  225 21.27  5.10  4.04            OU964962.1  1801065  1801162 (11326492)  +          Kuruka  Unspecified (11326492)  1801065  1801162
  240 21.82  5.17  5.17            OU964962.1  2327812  2327927 (10799727)  +          Kuruka  Unspecified (10799727)  2327812  2327927
  250 16.65  8.14  2.20            OU964963.1  1162687  1162772 (10329082)  C          Kuruka  Unspecified (10329082)  1162687  1162772
  229 11.89  0.00 10.29            OU964963.1  5260896  5260970 (6230884)  C          Kuruka  Unspecified (6230884)  5260896  5260970
  236 21.65  1.02  1.02            OU964963.1  6309946  6310043 (5181811)  C          Kuruka  Unspecified (5181811)  6309946  6310043
  229 18.84  2.90  0.00            OU964963.1 11094136 11094204 (397650)  C          Kuruka  Unspecified (397650) 11094136 11094204
  226 17.65  0.00  1.47            OU964966.1 10145058 10145126 (466096)  +          Kuruka  Unspecified (466096) 10145058 10145126
  241 24.24  0.99  2.00            OU964967.1  8102528  8102628 (2118931)  C          Kuruka  Unspecified (2118931)  8102528  8102628
  244 16.80 11.70  5.00            OU964970.1  8327544  8327637 (1268508)  +          Kuruka  Unspecified (1268508)  8327544  8327637
  226 21.58  3.33  2.20            OU964971.1  7101330  7101419 (2244764)  +          Kuruka  Unspecified (2244764)  7101330  7101419
  241 21.35  0.00  9.62            OU964971.1  8833593  8833706 (512477)  C          Kuruka  Unspecified (512477)  8833593  8833706
  244 18.39  3.33  3.33            OU964972.1  3619244  3619333 (4763358)  +          Kuruka  Unspecified (4763358)  3619244  3619333
  275 25.26  0.99  2.00            OU964972.1  7786857  7786957 (595734)  +          Kuruka  Unspecified (595734)  7786857  7786957
  465 34.44  4.03  3.85            OU964973.1   240070   241034 (7573448)  +          Kuruka  Unspecified (7573448)   240070   241034
  814 38.49  3.40  1.85            OU964973.1  2751384  2752500 (5061588)  +          Kuruka  Unspecified (5061588)  2751384  2752500
  238 14.82  3.23 12.94            OU964973.1  5584751  5584843 (2229245)  C          Kuruka  Unspecified (2229245)  5584751  5584843
  227 25.76  1.65  6.96            OU964973.1  6442331  6442451 (1371637)  C          Kuruka  Unspecified (1371637)  6442331  6442451
  275 35.68  1.59  2.13            OU964974.1   847162   847350 (6624243)  +          Kuruka  Unspecified (6624243)   847162   847350
  260 36.22  1.59  2.13            OU964974.1   920912   921100 (6550493)  +          Kuruka  Unspecified (6550493)   920912   921100
  275 35.68  1.59  2.13            OU964974.1  1001470  1001658 (6469935)  +          Kuruka  Unspecified (6469935)  1001470  1001658
  669 35.79  3.16  2.82            OU964974.1  2365173  2365773 (5105820)  +          Kuruka  Unspecified (5105820)  2365173  2365773
  669 35.79  3.16  2.82            OU964974.1  2424710  2425310 (5046283)  C          Kuruka  Unspecified (5046283)  2424710  2425310
  261 37.17  3.27  3.27            OU964975.1  2013519  2013824 (5047524)  +          Kuruka  Unspecified (5047524)  2013519  2013824
  537 34.73  2.28  0.37            OU964975.1  2014041  2014303 (5047045)  +          Kuruka  Unspecified (5047045)  2014041  2014303
  240 26.37  0.90  0.90            OU964975.1  2640000  2640110 (4421238)  C          Kuruka  Unspecified (4421238)  2640000  2640110
  239 17.92  0.00  1.49            OU964975.1  3932666  3932733 (3128615)  C          Kuruka  Unspecified (3128615)  3932666  3932733
  238 26.93  1.39 10.61            OU964977.1  4139543  4139758 (1860197)  +          Kuruka  Unspecified (1860197)  4139543  4139758
  834 36.41  3.76  3.85            OU964977.1   938913   940003 (5059952)  C          Kuruka  Unspecified (5059952)   938913   940003
  235 10.99  2.33  4.76            OU964977.1  2939345  2939430 (3060525)  C          Kuruka  Unspecified (3060525)  2939345  2939430
  241 19.12  0.00  0.00            OU964978.1  2793561  2793628 (3166574)  +          Kuruka  Unspecified (3166574)  2793561  2793628
  891 33.60  4.30  4.43            OU964978.1  1190112  1190902 (4769300)  C          Kuruka  Unspecified (4769300)  1190112  1190902
  309 33.86  0.00  0.00            OU964979.1  2538583  2538709 (3083468)  +          Kuruka  Unspecified (3083468)  2538583  2538709
  309 33.86  0.00  0.00            OU964979.1  2668857  2668983 (2953194)  +          Kuruka  Unspecified (2953194)  2668857  2668983
  290 35.43  0.00  0.00            OU964979.1  2794979  2795105 (2827072)  +          Kuruka  Unspecified (2827072)  2794979  2795105
  304 39.73  0.00  0.00            OU964979.1  2796544  2796767 (2825410)  +          Kuruka  Unspecified (2825410)  2796544  2796767
  309 33.86  0.00  0.00            OU964979.1  2408893  2409019 (3213158)  C          Kuruka  Unspecified (3213158)  2408893  2409019
  575 38.36  3.00  1.83            OU964980.1   877969   878669 (4582433)  +          Kuruka  Unspecified (4582433)   877969   878669
  584 36.56  2.43  2.58            OU964980.1   881362   882060 (4579042)  +          Kuruka  Unspecified (4579042)   881362   882060
  539 35.02  2.74  2.21            OU964980.1   889249   889832 (4571270)  C          Kuruka  Unspecified (4571270)   889249   889832
  262 28.24  0.00  1.18            OU964981.1   156706   156791 (5229411)  +          Kuruka  Unspecified (5229411)   156706   156791
  890 38.08  2.13  2.05            OU964982.1   875418   876637 (4472773)  +          Kuruka  Unspecified (4472773)   875418   876637
  561 31.08  3.14  0.44            OU964986.1   577352   577574 (3728601)  C          Kuruka  Unspecified (3728601)   577352   577574
  260 35.43  0.00  0.00            OU964986.1   578171   578297 (3727878)  C          Kuruka  Unspecified (3727878)   578171   578297
