  459 34.95  6.78  5.42            CM065418.1  2335351  2336206 (32395424)  +          Kuruka  Unspecified (32395424)  2335351  2336206
 1515 35.82  2.08  2.18            CM065418.1  2998303  2999358 (31732272)  +          Kuruka  Unspecified (31732272)  2998303  2999358
  425 30.99  1.39  1.39            CM065418.1 12774478 12774621 (21957009)  +          Kuruka  Unspecified (21957009) 12774478 12774621
  322 28.90  6.71  2.94            CM065418.1 12775215 12775378 (21956252)  +          Kuruka  Unspecified (21956252) 12775215 12775378
  360 35.14  2.92  2.92            CM065418.1 13955768 13956110 (20775520)  +          Kuruka  Unspecified (20775520) 13955768 13956110
  228 32.58 10.05  4.55            CM065418.1 15351324 15351532 (19380098)  +          Kuruka  Unspecified (19380098) 15351324 15351532
  250 35.50  2.31  2.31            CM065418.1 16941738 16941910 (17789720)  +          Kuruka  Unspecified (17789720) 16941738 16941910
  264 35.60  4.17  4.41            CM065418.1 17868686 17869117 (16862513)  +          Kuruka  Unspecified (16862513) 17868686 17869117
  285 33.92  4.60  3.41            CM065418.1 17872050 17872223 (16859407)  +          Kuruka  Unspecified (16859407) 17872050 17872223
  353 37.11  1.04  2.10            CM065418.1 30894867 30895155 (3836475)  +          Kuruka  Unspecified (3836475) 30894867 30895155
  234 32.50  0.00  0.00            CM065418.1 16306910 16306989 (18424641)  C          Kuruka  Unspecified (18424641) 16306910 16306989
  616 34.07  5.43  5.43            CM065418.1 23497570 23498435 (11233195)  C          Kuruka  Unspecified (11233195) 23497570 23498435
  284 34.36  4.53  3.36            CM065418.1 23959751 23960015 (10771615)  C          Kuruka  Unspecified (10771615) 23959751 23960015
  265 26.47  0.00  0.00            CM065418.1 30684763 30684830 (4046800)  C          Kuruka  Unspecified (4046800) 30684763 30684830
  227 25.35  2.74  2.74            CM065419.1   138144   138216 (57121035)  +          Kuruka  Unspecified (57121035)   138144   138216
  293 29.91  2.46  6.12            CM065419.1   385870   386072 (56873179)  +          Kuruka  Unspecified (56873179)   385870   386072
  354 29.46  2.67  2.67            CM065419.1  1184595  1184744 (56074507)  +          Kuruka  Unspecified (56074507)  1184595  1184744
  391 31.01  8.04  2.11            CM065419.1  1302673  1302896 (55956355)  +          Kuruka  Unspecified (55956355)  1302673  1302896
  226 27.89  0.00  3.80            CM065419.1  1996250  1996331 (55262920)  +          Kuruka  Unspecified (55262920)  1996250  1996331
  391 36.49  2.09  1.86            CM065419.1  2793624  2794053 (54465198)  +          Kuruka  Unspecified (54465198)  2793624  2794053
  234 30.12  7.23  0.00            CM065419.1  3027171  3027253 (54231998)  +          Kuruka  Unspecified (54231998)  3027171  3027253
  613 35.85  4.14  4.38            CM065419.1  3266753  3267598 (53991653)  +          Kuruka  Unspecified (53991653)  3266753  3267598
  226 33.36  0.77  3.15            CM065419.1  3722032  3722161 (53537090)  +          Kuruka  Unspecified (53537090)  3722032  3722161
  995 36.22  2.72  3.14            CM065419.1  4452876  4453867 (52805384)  +          Kuruka  Unspecified (52805384)  4452876  4453867
  297 24.12  3.48  6.25            CM065419.1  4544776  4544890 (52714361)  +          Kuruka  Unspecified (52714361)  4544776  4544890
  642 38.07  3.18  3.58            CM065419.1  4561870  4562907 (52696344)  +          Kuruka  Unspecified (52696344)  4561870  4562907
  652 34.31  5.26  5.38            CM065419.1  6781062  6781936 (50477315)  +          Kuruka  Unspecified (50477315)  6781062  6781936
  282 34.75  4.53  3.36            CM065419.1  7242733  7242997 (50016254)  +          Kuruka  Unspecified (50016254)  7242733  7242997
  677 33.91  4.39  4.50            CM065419.1  7537675  7538653 (49720598)  +          Kuruka  Unspecified (49720598)  7537675  7538653
  373 34.95  3.20  3.20            CM065419.1  8153076  8154021 (49105832)  +          Kuruka  Unspecified (49105832)  8153076  8154021
  247 27.47  2.15  2.15            CM065419.1  8347232  8347324 (48911927)  +          Kuruka  Unspecified (48911927)  8347232  8347324
  236 25.64  2.50  2.50            CM065419.1  8896936  8897015 (48362236)  +          Kuruka  Unspecified (48362236)  8896936  8897015
  246 26.98  6.93  0.93            CM065419.1  9188443  9188543 (48070708)  +          Kuruka  Unspecified (48070708)  9188443  9188543
  315 22.47  5.44  6.16            CM065419.1 10313618 10313764 (46945487)  +          Kuruka  Unspecified (46945487) 10313618 10313764
  328 34.49  2.98  3.42            CM065419.1 10534924 10535480 (46724093)  +          Kuruka  Unspecified (46724093) 10534924 10535480
  255 18.75  0.00  0.00            CM065419.1 10685687 10685734 (46573517)  +          Kuruka  Unspecified (46573517) 10685687 10685734
  403 29.35  4.83  4.83            CM065419.1 13017310 13017599 (44241652)  +          Kuruka  Unspecified (44241652) 13017310 13017599
  933 35.50  0.79  1.58            CM065419.1 14377965 14379121 (42880905)  +          Kuruka  Unspecified (42880905) 14377965 14379121
 2003 32.48  2.88  2.39            CM065419.1 15192203 15193243 (42066008)  +          Kuruka  Unspecified (42066008) 15192203 15193243
  308 30.14  2.31  4.12            CM065419.1 16087214 16087386 (41171865)  +          Kuruka  Unspecified (41171865) 16087214 16087386
  362 34.63  4.70  4.05            CM065419.1 26381277 26381595 (30877656)  +          Kuruka  Unspecified (30877656) 26381277 26381595
  329 35.29  4.70  4.05            CM065419.1 37188504 37188822 (20070429)  +          Kuruka  Unspecified (20070429) 37188504 37188822
  241 34.98  5.35  3.68            CM065419.1    52473    52846 (57206405)  C          Kuruka  Unspecified (57206405)    52473    52846
  423 33.13  6.35  1.01            CM065419.1   809135   809323 (56449928)  C          Kuruka  Unspecified (56449928)   809135   809323
  225 27.89  0.00  3.80            CM065419.1  1384410  1384491 (55874760)  C          Kuruka  Unspecified (55874760)  1384410  1384491
  417 33.13  6.32  1.51            CM065419.1  1663030  1663219 (55596032)  C          Kuruka  Unspecified (55596032)  1663030  1663219
 2330 32.88  1.59  1.68            CM065419.1  1743688  1744822 (55514429)  C          Kuruka  Unspecified (55514429)  1743688  1744822
  226 27.89  0.00  3.80            CM065419.1  2107847  2107928 (55151323)  C          Kuruka  Unspecified (55151323)  2107847  2107928
  337 20.51  4.10  4.10            CM065419.1  2120099  2120220 (55139031)  C          Kuruka  Unspecified (55139031)  2120099  2120220
  256 32.06  1.50  3.85            CM065419.1  2643479  2643611 (54615640)  C          Kuruka  Unspecified (54615640)  2643479  2643611
  550 29.27  1.21  0.60            CM065419.1  2851589  2851753 (54407498)  C          Kuruka  Unspecified (54407498)  2851589  2851753
 1466 34.65  2.26  1.88            CM065419.1  2969298  2970094 (54289157)  C          Kuruka  Unspecified (54289157)  2969298  2970094
  916 37.56  2.55  2.55            CM065419.1  3086956  3088130 (54171121)  C          Kuruka  Unspecified (54171121)  3086956  3088130
  306 23.89  2.61  5.36            CM065419.1  3603642  3603756 (53655495)  C          Kuruka  Unspecified (53655495)  3603642  3603756
  380 33.30  6.88  1.51            CM065419.1  3839852  3840040 (53419211)  C          Kuruka  Unspecified (53419211)  3839852  3840040
 1490 33.57  3.18  2.67            CM065419.1  4092980  4093986 (53165265)  C          Kuruka  Unspecified (53165265)  4092980  4093986
  642 33.95  5.65  5.65            CM065419.1  5073480  5074347 (52184904)  C          Kuruka  Unspecified (52184904)  5073480  5074347
  630 33.25  6.38  6.50            CM065419.1  5083929  5084790 (52174461)  C          Kuruka  Unspecified (52174461)  5083929  5084790
  240 30.77  2.15  2.15            CM065419.1  5401434  5401526 (51857725)  C          Kuruka  Unspecified (51857725)  5401434  5401526
  273 26.83  3.70  5.66            CM065419.1  6643654  6643815 (50615436)  C          Kuruka  Unspecified (50615436)  6643654  6643815
  404 30.58  0.00  0.00            CM065419.1  6985922  6986042 (50273209)  C          Kuruka  Unspecified (50273209)  6985922  6986042
  237 34.78  3.09  2.30            CM065419.1  7429591  7429849 (49829402)  C          Kuruka  Unspecified (49829402)  7429591  7429849
 1060 35.30  3.34  3.25            CM065419.1  7548710  7549848 (49709403)  C          Kuruka  Unspecified (49709403)  7548710  7549848
 1164 36.07  2.46  2.46            CM065419.1  7584115  7585254 (49673997)  C          Kuruka  Unspecified (49673997)  7584115  7585254
  522 34.57  5.08  4.46            CM065419.1  7785287  7785955 (49473296)  C          Kuruka  Unspecified (49473296)  7785287  7785955
  434 34.42  2.47  2.47            CM065419.1  8555697  8555979 (48703272)  C          Kuruka  Unspecified (48703272)  8555697  8555979
  675 34.85  4.33  4.44            CM065419.1  8697527  8698496 (48560755)  C          Kuruka  Unspecified (48560755)  8697527  8698496
 1289 36.20  2.90  2.82            CM065419.1  8974696  8975866 (48283385)  C          Kuruka  Unspecified (48283385)  8974696  8975866
  254 32.86  1.40  2.11            CM065419.1  9453451  9453593 (47805658)  C          Kuruka  Unspecified (47805658)  9453451  9453593
  809 35.33  1.36  1.51            CM065419.1 11415431 11416410 (45843159)  C          Kuruka  Unspecified (45843159) 11415431 11416410
  232 25.97  2.78  3.74            CM065419.1 12931250 12931357 (44327894)  C          Kuruka  Unspecified (44327894) 12931250 12931357
  343 37.08  3.67  2.26            CM065419.1 16103375 16103810 (41155441)  C          Kuruka  Unspecified (41155441) 16103375 16103810
  251 29.20  1.60  4.10            CM065419.1 20379809 20379933 (36879318)  C          Kuruka  Unspecified (36879318) 20379809 20379933
  274 32.95  1.38  6.28            CM065419.1 23013789 23014005 (34245246)  C          Kuruka  Unspecified (34245246) 23013789 23014005
  274 32.95  1.38  6.28            CM065419.1 23019149 23019365 (34239886)  C          Kuruka  Unspecified (34239886) 23019149 23019365
  284 34.73  1.79  3.18            CM065419.1 28872427 28872649 (28386602)  C          Kuruka  Unspecified (28386602) 28872427 28872649
  263 35.89  1.58  3.21            CM065419.1 30328634 30328823 (26930428)  C          Kuruka  Unspecified (26930428) 30328634 30328823
 2328 34.71  0.78  1.13            CM065419.1 34558300 34559450 (22699801)  C          Kuruka  Unspecified (22699801) 34558300 34559450
 2146 33.60  2.46  1.48            CM065419.1 37694243 37695378 (19563873)  C          Kuruka  Unspecified (19563873) 37694243 37695378
  348 31.34  4.29  4.29            CM065419.1 45639568 45639847 (11619404)  C          Kuruka  Unspecified (11619404) 45639568 45639847
 2111 34.34  2.67  1.71            CM065420.1  2281199  2282472 (17380312)  +          Kuruka  Unspecified (17380312)  2281199  2282472
 2259 32.76  2.34  1.66            CM065420.1  4402240  4403437 (15259347)  +          Kuruka  Unspecified (15259347)  4402240  4403437
  315 30.80  4.52  4.52            CM065420.1 17707882 17708102 (1954682)  +          Kuruka  Unspecified (1954682) 17707882 17708102
