   301 34.60 5.27 6.07           CM017777.1      2261      3057 (48129649) C               Kuruka     Unspecified  (4288)    4545    3755    
   306 21.62 3.90 3.90           CM017777.1   3458771   3458847 (44673859) +               Kuruka     Unspecified    4459    4535  (4298)    
   306 21.62 3.90 3.90           CM017777.1   3465331   3465407 (44667299) +               Kuruka     Unspecified    4459    4535  (4298)    
   699 32.78 5.30 3.70           CM017777.1   9559764   9560216 (38572490) +               Kuruka     Unspecified    3546    4005  (4828)    
   493 30.96 4.10 4.10           CM017777.1   9565389   9565681 (38567025) +               Kuruka     Unspecified    4062    4354  (4479)    
   228 27.87 0.00 0.00           CM017777.1  10872725  10872785 (37259921) +               Kuruka     Unspecified    4298    4358  (4475)    
   307 31.06 3.65 3.65           CM017777.1  11344933  11345069 (36787637) C               Kuruka     Unspecified  (4294)    4539    4403    
   240 19.65 7.94 3.03           CM017777.1  11779562  11779624 (36353082) +               Kuruka     Unspecified    3755    3820  (5013)    
   320 35.85 4.89 5.06           CM017777.1  11779773  11780386 (36352320) +               Kuruka     Unspecified    3933    4545  (4288)    
   344 31.83 5.23 6.21           CM017777.1  12218400  12218724 (35913982) +               Kuruka     Unspecified    4218    4539  (4294)    
   278 29.10 3.62 2.88           CM017777.1  12428913  12429050 (35703656) +               Kuruka     Unspecified    4403    4541  (4292)    
   309 29.63 2.88 2.88           CM017777.1  12524614  12524752 (35607954) +               Kuruka     Unspecified    4403    4541  (4292)    
  1654 33.78 4.10 2.91           CM017777.1  12860448  12861569 (35271137) C               Kuruka     Unspecified  (4255)    4578    3444    
   233 20.37 1.82 1.82           CM017777.1  12931057  12931111 (35201595) +               Kuruka     Unspecified    3646    3700  (5133)    
   244 20.37 1.82 1.82           CM017777.1  12939324  12939378 (35193328) +               Kuruka     Unspecified    3646    3700  (5133)    
   882 34.15 3.89 2.23           CM017777.1  12972482  12973098 (35159608) +               Kuruka     Unspecified    3511    4137  (4696)    
   638 33.25 3.85 3.62           CM017777.1  12977886  12978353 (35154353) +               Kuruka     Unspecified    4132    4600  (4233)    
   556 33.75 2.45 2.13           CM017777.1  12981634  12981960 (35150746) +               Kuruka     Unspecified    4273    4600  (4233)    
  1699 33.85 3.73 3.00           CM017777.1  12987429  12988555 (35144151) C               Kuruka     Unspecified  (4255)    4578    3444    
  1768 33.81 3.64 2.73           CM017777.1  12998459  12999583 (35133123) C               Kuruka     Unspecified  (4255)    4578    3444    
  1540 34.00 3.56 2.98           CM017777.1  13007608  13008674 (35124032) +               Kuruka     Unspecified    3511    4583  (4250)    
  1134 34.70 6.05 2.45           CM017777.1  13319525  13320549 (34812157) C               Kuruka     Unspecified  (4250)    4583    3523    
   238 34.33 4.84 4.17           CM017777.1  13446833  13447142 (34685564) C               Kuruka     Unspecified  (4300)    4533    4222    
   332 30.56 6.25 6.25           CM017777.1  13456781  13457164 (34675542) +               Kuruka     Unspecified     852    1235  (7598)    
   980 33.64 3.16 3.26           CM017777.1  13462296  13463340 (34669366) +               Kuruka     Unspecified    1599    2642  (6191)    
  2417 33.84 1.56 1.89           CM017777.1  13473383  13474924 (34657782) +               Kuruka     Unspecified    2635    4171  (4662)    
   240 19.65 7.94 3.03           CM017777.1  13678863  13678925 (34453781) +               Kuruka     Unspecified    3755    3820  (5013)    
   363 33.74 6.93 6.58           CM017777.1  13679079  13679684 (34453022) +               Kuruka     Unspecified    3938    4545  (4288)    
  1698 33.66 3.73 2.82           CM017777.1  13714775  13715899 (34416807) C               Kuruka     Unspecified  (4255)    4578    3444    
  1712 33.66 3.74 2.73           CM017777.1  13721360  13722483 (34410223) C               Kuruka     Unspecified  (4255)    4578    3444    
  1712 33.57 3.73 2.82           CM017777.1  13727942  13729066 (34403640) C               Kuruka     Unspecified  (4255)    4578    3444    
  1703 33.31 3.71 3.44           CM017777.1  13734522  13735653 (34397053) C               Kuruka     Unspecified  (4255)    4578    3444    
  1749 33.54 4.05 3.31           CM017777.1  13740924  13742033 (34390673) C               Kuruka     Unspecified  (4255)    4578    3461    
   293 27.25 5.15 2.88           CM017777.1  13782733  13782868 (34349838) +               Kuruka     Unspecified    4403    4541  (4292)    
   323 28.89 2.88 2.88           CM017777.1  13798241  13798379 (34334327) +               Kuruka     Unspecified    4403    4541  (4292)    
   372 29.44 5.49 6.79           CM017777.1  13829060  13829387 (34303319) C               Kuruka     Unspecified  (4292)    4541    4218    
   345 29.55 3.65 3.65           CM017777.1  13897859  13897995 (34234711) C               Kuruka     Unspecified  (4294)    4539    4403    
   233 33.02 0.93 0.93           CM017777.1  13911656  13911762 (34220944) +               Kuruka     Unspecified    4227    4333  (4500)    
   327 29.98 5.16 3.16           CM017777.1  13963663  13963817 (34168889) C               Kuruka     Unspecified  (4273)    4560    4403    
   303 21.62 3.90 3.90           CM017777.1  14002539  14002615 (34130091) +               Kuruka     Unspecified    4459    4535  (4298)    
   317 28.89 2.88 2.88           CM017777.1  14093968  14094106 (34038600) C               Kuruka     Unspecified  (4292)    4541    4403    
   246 36.55 3.90 1.69           CM017777.1  14353816  14354046 (33778660) +               Kuruka     Unspecified    3461    3696  (5137)    
   245 24.62 0.00 0.00           CM017777.1  14447989  14448053 (33684653) C               Kuruka     Unspecified  (4478)    4355    4291    
   711 32.94 4.53 1.10           CM017777.1  14613096  14613448 (33519258) +               Kuruka     Unspecified    3465    3829  (5004)    
   773 34.27 2.33 2.53           CM017777.1  14613546  14614060 (33518646) +               Kuruka     Unspecified    3932    4445  (4388)    
   300 21.62 3.90 3.90           CM017777.1  14699698  14699774 (33432932) +               Kuruka     Unspecified    4459    4535  (4298)    
   276 29.25 6.40 1.53           CM017777.1  14951924  14952048 (33180658) +               Kuruka     Unspecified    4023    4153  (4680)    
   303 21.62 3.90 3.90           CM017777.1  14997408  14997484 (33135222) +               Kuruka     Unspecified    4459    4535  (4298)    
   239 34.55 1.79 1.79           CM017777.1  15086764  15086875 (33045831) C               Kuruka     Unspecified  (4307)    4526    4415    
   303 21.62 3.90 3.90           CM017777.1  15156273  15156349 (32976357) C               Kuruka     Unspecified  (4298)    4535    4459    
  1665 33.45 3.78 3.13           CM017777.1  15169376  15170486 (32962220) +               Kuruka     Unspecified    3461    4578  (4255)    
   279 35.25 5.52 6.04           CM017777.1  15191481  15192096 (32940610) C               Kuruka     Unspecified  (4288)    4545    3933    
   330 30.31 3.65 3.65           CM017777.1  15291579  15291715 (32840991) C               Kuruka     Unspecified  (4294)    4539    4403    
  1777 32.95 4.29 3.09           CM017777.1  15324146  15325263 (32807443) C               Kuruka     Unspecified  (4255)    4578    3448    
  1745 33.11 4.01 2.91           CM017777.1  15370767  15371889 (32760817) C               Kuruka     Unspecified  (4255)    4578    3444    
  1427 33.80 3.83 3.06           CM017777.1  15415426  15416496 (32716210) +               Kuruka     Unspecified    3498    4576  (4257)    
   242 29.23 3.08 0.00           CM017777.1  15484152  15484216 (32648490) +               Kuruka     Unspecified     505     571  (8262)    
   762 36.36 2.75 2.44           CM017777.1  15493095  15494075 (32638631) +               Kuruka     Unspecified    2099    3082  (5751)    
  2151 32.39 5.10 1.81           CM017777.1  15494460  15495635 (32637071) +               Kuruka     Unspecified    3458    4671  (4162)    
   249 28.93 1.18 2.38           CM017777.1  15614508  15614592 (32518114) C               Kuruka     Unspecified  (5946)    2887    2804    
  2385 32.21 5.38 1.65           CM017777.1  15626240  15627410 (32505296) C               Kuruka     Unspecified  (4162)    4671    3458    
   922 35.55 2.60 2.82           CM017777.1  15627796  15628756 (32503950) C               Kuruka     Unspecified  (5751)    3082    2124    
   240 35.38 3.51 4.12           CM017777.1  15700816  15700986 (32431720) C               Kuruka     Unspecified  (4379)    4454    4285    
  1775 33.27 4.14 3.34           CM017777.1  16018925  16020084 (32112622) C               Kuruka     Unspecified  (4255)    4578    3410    
   284 32.79 5.56 5.88           CM017777.1  16040296  16040619 (32092087) C               Kuruka     Unspecified  (4294)    4539    4217    
   314 31.06 3.65 3.65           CM017777.1  16055754  16055890 (32076816) C               Kuruka     Unspecified  (4294)    4539    4403    
   343 35.68 5.39 5.22           CM017777.1  16204686  16205297 (31927409) +               Kuruka     Unspecified    3933    4545  (4288)    
   226 27.87 0.00 0.00           CM017777.1  16510162  16510222 (31622484) C               Kuruka     Unspecified  (4475)    4358    4298    
   983 33.37 4.37 3.02           CM017777.1  16684657  16685342 (31447364) +               Kuruka     Unspecified    3465    4159  (4674)    
   443 34.38 6.03 6.20           CM017777.1  16750727  16751340 (31381366) C               Kuruka     Unspecified  (4288)    4545    3933    
   241 20.94 7.81 2.99           CM017777.1  16751488  16751551 (31381155) C               Kuruka     Unspecified  (5012)    3821    3755    
   288 30.31 3.65 3.65           CM017777.1  16909334  16909470 (31223236) +               Kuruka     Unspecified    4403    4539  (4294)    
   242 35.29 1.30 0.65           CM017777.1  16978461  16978614 (31154092) +               Kuruka     Unspecified    4095    4249  (4584)    
   252 30.52 4.41 3.65           CM017777.1  17057037  17057172 (31075534) +               Kuruka     Unspecified    4403    4539  (4294)    
   248 33.04 0.89 0.00           CM017777.1  17125908  17126019 (31006687) +               Kuruka     Unspecified    4137    4249  (4584)    
   278 32.25 5.60 0.76           CM017777.1  17459230  17459354 (30673352) C               Kuruka     Unspecified  (4680)    4153    4023    
   780 33.12 4.05 3.43           CM017777.1  17549692  17550357 (30582349) C               Kuruka     Unspecified  (4233)    4600    3931    
   625 32.33 4.71 1.40           CM017777.1  17550462  17550737 (30581969) C               Kuruka     Unspecified  (5003)    3830    3546    
   330 30.31 3.65 3.65           CM017777.1  17740104  17740240 (30392466) C               Kuruka     Unspecified  (4294)    4539    4403    
   246 26.72 6.43 6.43           CM017777.1  17890109  17890248 (30242458) C               Kuruka     Unspecified  (5232)    3601    3462    
   346 31.91 1.81 1.81           CM017777.1  18099370  18099535 (30033171) C               Kuruka     Unspecified  (4255)    4578    4413    
  1627 33.26 3.90 3.26           CM017777.1  18103003  18104130 (30028576) C               Kuruka     Unspecified  (4255)    4578    3444    
   884 33.62 4.83 3.32           CM017777.1  18274473  18275155 (29857551) +               Kuruka     Unspecified    3461    4153  (4680)    
   798 31.13 1.24 1.55           CM017777.1  18275182  18275504 (29857202) +               Kuruka     Unspecified    4257    4578  (4255)    
   225 35.81 1.33 1.33           CM017777.1  18397833  18397982 (29734724) C               Kuruka     Unspecified  (4282)    4551    4402    
   247 35.03 4.47 5.14           CM017777.1  18651329  18651641 (29481065) C               Kuruka     Unspecified  (4305)    4528    4218    
   253 33.89 5.07 4.79           CM017777.1  18716642  18717016 (29415690) +               Kuruka     Unspecified    3465    3840  (4993)    
   290 29.77 4.41 3.65           CM017777.1  18726811  18726946 (29405760) C               Kuruka     Unspecified  (4294)    4539    4403    
   266 33.88 4.47 4.47           CM017777.1  18772625  18773004 (29359702) +               Kuruka     Unspecified    3461    3840  (4993)    
   248 34.55 1.79 1.79           CM017777.1  18780895  18781006 (29351700) C               Kuruka     Unspecified  (4307)    4526    4415    
   361 30.98 6.92 5.59           CM017777.1  18782798  18783115 (29349591) C               Kuruka     Unspecified  (4294)    4539    4218    
   237 33.45 5.77 6.11           CM017777.1  18871426  18871737 (29260969) C               Kuruka     Unspecified  (4305)    4528    4218    
   226 21.92 2.67 2.67           CM017777.1  18872160  18872234 (29260472) C               Kuruka     Unspecified  (5001)    3832    3758    
   229 35.72 2.66 3.21           CM017777.1  18929140  18929327 (29203379) C               Kuruka     Unspecified  (4715)    4118    3932    
   229 35.72 2.66 3.21           CM017777.1  18945634  18945821 (29186885) C               Kuruka     Unspecified  (4715)    4118    3932    
  1678 33.51 4.10 3.00           CM017777.1  18991115  18992237 (29140469) C               Kuruka     Unspecified  (4255)    4578    3444    
  1460 33.75 3.81 3.08           CM017777.1  19344012  19345139 (28787567) C               Kuruka     Unspecified  (4233)    4600    3465    
   507 29.84 3.05 3.05           CM017777.1  19562717  19562913 (28569793) +               Kuruka     Unspecified    3461    3657  (5176)    
   491 30.37 3.05 3.05           CM017777.1  19565883  19566079 (28566627) +               Kuruka     Unspecified    3461    3657  (5176)    
  1770 33.54 3.78 3.13           CM017777.1  19569046  19570156 (28562550) +               Kuruka     Unspecified    3461    4578  (4255)    
  1461 33.85 3.97 3.04           CM017777.1  19806757  19807865 (28324841) +               Kuruka     Unspecified    3465    4583  (4250)    
   276 29.25 6.40 1.53           CM017777.1  19955947  19956071 (28176635) +               Kuruka     Unspecified    4023    4153  (4680)    
   326 29.95 3.72 3.72           CM017777.1  20146703  20146917 (27985789) C               Kuruka     Unspecified  (5154)    3679    3465    
   330 30.31 3.65 3.65           CM017777.1  20320829  20320965 (27811741) +               Kuruka     Unspecified    4403    4539  (4294)    
  1773 33.42 3.97 3.04           CM017777.1  20421963  20423070 (27709636) C               Kuruka     Unspecified  (4255)    4578    3461    
  1595 33.85 3.60 2.76           CM017777.1  20639667  20640638 (27492068) +               Kuruka     Unspecified    3554    4533  (4300)    
   253 21.92 2.67 2.67           CM017777.1  20686606  20686680 (27446026) +               Kuruka     Unspecified    3758    3832  (5001)    
  1139 33.45 5.12 2.89           CM017777.1  20892137  20893152 (27239554) +               Kuruka     Unspecified    3546    4583  (4250)    
   627 31.98 4.76 0.35           CM017777.1  20907959  20908231 (27224475) +               Kuruka     Unspecified    3546    3830  (5003)    
   759 34.06 3.40 2.45           CM017777.1  20908334  20908980 (27223726) +               Kuruka     Unspecified    3931    4583  (4250)    
   240 33.84 4.35 4.35           CM017777.1  20937219  20937425 (27195281) +               Kuruka     Unspecified    3932    4138  (4695)    
   326 30.31 3.65 3.65           CM017777.1  21305380  21305516 (26827190) +               Kuruka     Unspecified    4403    4539  (4294)    
   293 33.55 5.28 5.59           CM017777.1  21399898  21400238 (26732468) +               Kuruka     Unspecified    4218    4557  (4276)    
   322 30.31 3.65 3.65           CM017777.1  21501260  21501396 (26631310) C               Kuruka     Unspecified  (4294)    4539    4403    
   276 29.77 4.41 3.65           CM017777.1  21607591  21607726 (26524980) C               Kuruka     Unspecified  (4294)    4539    4403    
  1512 34.17 3.66 2.77           CM017777.1  21695930  21697076 (26435630) +               Kuruka     Unspecified    3444    4600  (4233)    
   228 27.87 0.00 0.00           CM017777.1  21929095  21929155 (26203551) +               Kuruka     Unspecified    4298    4358  (4475)    
   228 27.87 0.00 0.00           CM017777.1  21939277  21939337 (26193369) +               Kuruka     Unspecified    4298    4358  (4475)    
   228 27.87 0.00 0.00           CM017777.1  21944277  21944337 (26188369) +               Kuruka     Unspecified    4298    4358  (4475)    
   228 27.87 0.00 0.00           CM017777.1  21949273  21949333 (26183373) +               Kuruka     Unspecified    4298    4358  (4475)    
   228 27.87 0.00 0.00           CM017777.1  21954273  21954333 (26178373) +               Kuruka     Unspecified    4298    4358  (4475)    
   461 34.80 1.84 2.15           CM017777.1  22057263  22057588 (26075118) C               Kuruka     Unspecified  (4286)    4547    4223    
   751 33.18 6.72 2.31           CM017777.1  22062717  22063296 (26069410) C               Kuruka     Unspecified  (4674)    4159    3555    
   283 27.55 2.00 2.00           CM017777.1  22152201  22152300 (25980406) C               Kuruka     Unspecified  (4255)    4578    4479    
  1123 34.30 3.74 2.71           CM017777.1  22152295  22153097 (25979609) C               Kuruka     Unspecified  (4422)    4411    3601    
   576 35.74 1.08 1.30           CM017777.1  22152326  22152787 (25979919) C               Kuruka     Unspecified  (4453)    4380    3920    
   319 27.55 2.00 2.00           CM017777.1  22184676  22184775 (25947931) C               Kuruka     Unspecified  (4255)    4578    4479    
  1335 34.56 3.61 2.73           CM017777.1  22184770  22185712 (25946994) C               Kuruka     Unspecified  (4422)    4411    3461    
   319 27.55 2.00 2.00           CM017777.1  22192015  22192114 (25940592) C               Kuruka     Unspecified  (4255)    4578    4479    
   407 31.13 0.66 0.66           CM017777.1  22192149  22192300 (25940406) C               Kuruka     Unspecified  (4482)    4351    4200    
   955 32.11 5.00 3.45           CM017777.1  22196934  22197533 (25935173) C               Kuruka     Unspecified  (4764)    4069    3461    
   319 27.55 2.00 2.00           CM017777.1  22204032  22204131 (25928575) C               Kuruka     Unspecified  (4255)    4578    4479    
  1329 34.21 3.63 2.58           CM017777.1  22204166  22205047 (25927659) C               Kuruka     Unspecified  (4482)    4351    3461    
  1444 32.41 6.78 2.86           CM017777.1  22211343  22212419 (25920287) C               Kuruka     Unspecified  (4255)    4578    3461    
   235 27.20 0.00 3.70           CM017777.1  22215521  22215604 (25917102) C               Kuruka     Unspecified  (4822)    4011    3931    
   489 31.08 0.56 1.12           CM017777.1  22215774  22215952 (25916754) C               Kuruka     Unspecified  (5092)    3741    3564    
  1707 32.53 4.70 3.58           CM017777.1  22218386  22219491 (25913215) C               Kuruka     Unspecified  (4255)    4578    3461    
   319 32.37 5.17 5.17           CM017777.1  22262146  22262474 (25870232) C               Kuruka     Unspecified  (4288)    4545    4217    
   385 35.49 5.25 5.60           CM017777.1  22270649  22271257 (25861449) C               Kuruka     Unspecified  (4288)    4545    3939    
   367 35.19 5.96 5.44           CM017777.1  22275161  22275764 (25856942) C               Kuruka     Unspecified  (4288)    4545    3939    
   322 28.57 0.00 1.02           CM017777.1  22287294  22287392 (25845314) C               Kuruka     Unspecified  (2346)    6487    6390    
  1807 29.47 4.35 1.16           CM017777.1  22290844  22291509 (25841197) C               Kuruka     Unspecified  (4209)    4624    3938    
   449 33.49 1.44 0.00           CM017777.1  22293467  22293675 (25839031) C               Kuruka     Unspecified  (4913)    3920    3709    
   674 30.64 2.97 0.41           CM017777.1  22294826  22295061 (25837645) C               Kuruka     Unspecified  (5155)    3678    3437    
   712 35.50 4.05 3.53           CM017777.1  22295408  22296394 (25836312) C               Kuruka     Unspecified  (5743)    3090    2099    
   240 27.63 1.30 1.30           CM017777.1  22296727  22296803 (25835903) C               Kuruka     Unspecified  (7001)    1832    1756    
   245 29.10 5.71 1.83           CM017777.1  22297374  22297478 (25835228) C               Kuruka     Unspecified  (8257)     576     468    
   687 30.89 6.02 1.44           CM017777.1  22321498  22321763 (25810943) C               Kuruka     Unspecified  (5001)    3832    3555    
   356 32.05 5.15 5.47           CM017777.1  22326176  22326505 (25806201) C               Kuruka     Unspecified  (4288)    4545    4217    
   248 38.31 2.19 2.19           CM017777.1  22331114  22331524 (25801182) C               Kuruka     Unspecified  (4485)    4348    3938    
   437 30.75 4.62 4.94           CM017777.1  22357736  22358060 (25774646) C               Kuruka     Unspecified  (4292)    4541    4218    
   283 33.33 2.41 2.41           CM017777.1  22368992  22369157 (25763549) C               Kuruka     Unspecified  (4204)    4629    4464    
   236 25.00 0.00 0.00           CM017777.1  22369588  22369635 (25763071) C               Kuruka     Unspecified  (4848)    3985    3938    
   231 34.62 3.60 5.02           CM017777.1  22369663  22369884 (25762822) C               Kuruka     Unspecified  (5153)    3680    3462    
   313 31.96 2.67 2.67           CM017777.1  22383230  22383454 (25749252) C               Kuruka     Unspecified  (5148)    3685    3461    
   300 30.32 3.62 4.38           CM017777.1  22411880  22412017 (25720689) +               Kuruka     Unspecified    4403    4539  (4294)    
  1462 33.76 3.88 3.08           CM017777.1  22639162  22640191 (25492515) C               Kuruka     Unspecified  (4250)    4583    3546    
   265 31.12 2.88 2.88           CM017777.1  22812554  22812692 (25320014) C               Kuruka     Unspecified  (4292)    4541    4403    
  1702 34.65 2.97 2.42           CM017777.1  23002231  23003342 (25129364) +               Kuruka     Unspecified    3461    4578  (4255)    
  1697 34.19 3.24 2.59           CM017777.1  23008713  23009823 (25122883) +               Kuruka     Unspecified    3461    4578  (4255)    
  1667 34.17 3.37 2.56           CM017777.1  23015192  23016317 (25116389) +               Kuruka     Unspecified    3444    4578  (4255)    
   229 23.00 1.30 4.00           CM017777.1  23077284  23077360 (25055346) C               Kuruka     Unspecified  (5001)    3832    3758    
  1392 32.97 4.45 3.70           CM017777.1  23122196  23123162 (25009544) C               Kuruka     Unspecified  (4306)    4527    3554    
   728 30.68 4.92 0.00           CM017777.1  23130298  23130561 (25002145) +               Kuruka     Unspecified    3554    3830  (5003)    
   688 31.51 5.19 4.61           CM017777.1  23130693  23131231 (25001475) +               Kuruka     Unspecified    3964    4505  (4328)    
   300 21.62 3.90 3.90           CM017777.1  23452672  23452748 (24679958) +               Kuruka     Unspecified    4459    4535  (4298)    
   326 31.35 5.90 5.90           CM017777.1  23486910  23487231 (24645475) +               Kuruka     Unspecified    4218    4539  (4294)    
   257 32.25 5.60 0.76           CM017777.1  23705990  23706114 (24426592) +               Kuruka     Unspecified    4023    4153  (4680)    
   246 26.72 6.43 6.43           CM017777.1  23806994  23807133 (24325573) C               Kuruka     Unspecified  (5232)    3601    3462    
   246 26.72 6.43 6.43           CM017777.1  23829026  23829165 (24303541) C               Kuruka     Unspecified  (5232)    3601    3462    
  1480 33.66 3.96 3.13           CM017777.1  23878794  23879903 (24252803) C               Kuruka     Unspecified  (4250)    4583    3465    
   348 28.94 7.75 6.92           CM017777.1  23915363  23915878 (24216828) C               Kuruka     Unspecified  (4250)    4583    4064    
  1194 33.55 4.77 4.31           CM017777.1  23977339  23978469 (24154237) C               Kuruka     Unspecified  (4233)    4600    3465    
  1638 33.35 4.16 3.61           CM017777.1  24056379  24057507 (24075199) +               Kuruka     Unspecified    3444    4578  (4255)    
  1368 33.08 3.78 3.04           CM017777.1  24150460  24151569 (23981137) +               Kuruka     Unspecified    3461    4578  (4255)    
   242 34.55 1.79 1.79           CM017777.1  24434805  24434916 (23697790) C               Kuruka     Unspecified  (4307)    4526    4415    
   424 30.17 5.26 5.59           CM017777.1  24500079  24500401 (23632305) C               Kuruka     Unspecified  (4292)    4541    4220    
   371 35.52 5.37 5.55           CM017777.1  24633377  24633990 (23498716) C               Kuruka     Unspecified  (4288)    4545    3933    
   236 19.96 8.06 3.08           CM017777.1  24634136  24634197 (23498509) C               Kuruka     Unspecified  (5012)    3821    3757    
  1560 33.69 3.78 3.04           CM017777.1  25086115  25087225 (23045481) +               Kuruka     Unspecified    3465    4583  (4250)    
   302 29.13 3.05 3.05           CM017777.1  25292886  25293016 (22839690) +               Kuruka     Unspecified    4403    4533  (4300)    
   241 20.94 7.81 2.99           CM017777.1  25381986  25382049 (22750657) +               Kuruka     Unspecified    3755    3821  (5012)    
   302 31.06 3.65 3.65           CM017777.1  25532590  25532726 (22599980) C               Kuruka     Unspecified  (4294)    4539    4403    
   684 35.43 2.25 2.40           CM017777.1  25699170  25699837 (22432869) +               Kuruka     Unspecified    3912    4578  (4255)    
   260 22.60 11.11 7.14           CM017777.1  25772050  25772130 (22360576) C               Kuruka     Unspecified  (8282)     551     468    
   658 30.94 7.95 5.66           CM017777.1  25843263  25843954 (22288752) +               Kuruka     Unspecified    3546    4252  (4581)    
   645 31.25 7.97 5.37           CM017777.1  25849500  25850189 (22282517) +               Kuruka     Unspecified    3546    4252  (4581)    
   667 31.10 7.96 5.52           CM017777.1  25855748  25856438 (22276268) +               Kuruka     Unspecified    3546    4252  (4581)    
  1729 33.42 3.69 3.04           CM017777.1  26158325  26159435 (21973271) C               Kuruka     Unspecified  (4255)    4578    3461    
   226 30.34 1.11 1.11           CM017777.1  26251007  26251096 (21881610) +               Kuruka     Unspecified    4039    4128  (4705)    
   300 30.89 4.55 4.86           CM017777.1  26261429  26261758 (21870948) +               Kuruka     Unspecified    4217    4545  (4288)    
   281 30.99 4.86 4.86           CM017777.1  26264435  26264763 (21867943) +               Kuruka     Unspecified    4217    4545  (4288)    
  1484 33.06 4.71 3.22           CM017777.1  26270062  26271164 (21861542) C               Kuruka     Unspecified  (4250)    4583    3465    
  1489 33.94 3.58 3.38           CM017777.1  26484195  26485228 (21647478) C               Kuruka     Unspecified  (4253)    4580    3545    
  1618 33.70 4.05 3.31           CM017777.1  26540696  26541806 (21590900) C               Kuruka     Unspecified  (4250)    4583    3465    
   259 28.99 2.94 1.94           CM017777.1  26550494  26550595 (21582111) C               Kuruka     Unspecified  (4250)    4583    4481    
   697 33.49 2.86 1.65           CM017777.1  26591655  26592073 (21540633) C               Kuruka     Unspecified  (4479)    4354    3931    
   361 21.92 0.00 0.00           CM017777.1  28144488  28144560 (19988146) +               Kuruka     Unspecified     509     581  (8252)    
  1796 33.81 3.64 2.82           CM017777.1  28754213  28755338 (19377368) +               Kuruka     Unspecified    3444    4578  (4255)    
   323 30.31 3.65 3.65           CM017777.1  28790647  28790783 (19341923) +               Kuruka     Unspecified    4403    4539  (4294)    
   308 31.06 3.65 3.65           CM017777.1  28945167  28945303 (19187403) C               Kuruka     Unspecified  (4294)    4539    4403    
  1196 33.28 9.63 2.27           CM017777.1  29038158  29039144 (19093562) C               Kuruka     Unspecified  (4253)    4580    3523    
   846 33.75 2.45 2.60           CM017777.1  29056027  29056680 (19076026) C               Kuruka     Unspecified  (4250)    4583    3931    
   514 34.09 4.55 0.00           CM017777.1  29056785  29057048 (19075658) C               Kuruka     Unspecified  (5004)    3829    3554    
  1434 34.28 4.07 2.87           CM017777.1  29197056  29198088 (18934618) +               Kuruka     Unspecified    3465    4509  (4324)    
  1659 33.20 4.00 3.08           CM017777.1  29895717  29896841 (18235865) +               Kuruka     Unspecified    3444    4578  (4255)    
   247 35.24 3.36 4.76           CM017777.1  29987770  29987918 (18144788) +               Kuruka     Unspecified    4285    4431  (4402)    
   252 25.68 3.90 3.90           CM017777.1  48063915  48063991  (68715) +               Kuruka     Unspecified    4459    4535  (4298)    
   286 28.57 0.00 0.00           CM017778.1      3434      3510 (24426577) +               Kuruka     Unspecified    4459    4535  (4298)    
  1342 33.97 3.79 2.77           CM017778.1    106009    107116 (24322971) C               Kuruka     Unspecified  (4250)    4583    3465    
   330 30.31 3.65 3.65           CM017778.1    127594    127730 (24302357) C               Kuruka     Unspecified  (4294)    4539    4403    
   314 33.50 3.72 5.02           CM017778.1    239999    240240 (24189847) +               Kuruka     Unspecified    3462    3700  (5133)    
   267 25.81 1.61 0.00           CM017778.1    240502    240563 (24189524) +               Kuruka     Unspecified    3938    4000  (4833)    
   412 33.22 5.06 4.73           CM017778.1    245814    246129 (24183958) +               Kuruka     Unspecified    4295    4611  (4222)    
   230 19.65 7.94 3.03           CM017778.1    250251    250313 (24179774) +               Kuruka     Unspecified    3755    3820  (5013)    
   415 34.26 6.19 6.36           CM017778.1    250462    251075 (24179012) +               Kuruka     Unspecified    3933    4545  (4288)    
   277 32.92 4.55 5.86           CM017778.1    262480    262721 (24167366) +               Kuruka     Unspecified    3462    3700  (5133)    
   243 26.32 1.75 0.00           CM017778.1    262977    263033 (24167054) +               Kuruka     Unspecified    3938    3995  (4838)    
   317 33.90 5.59 4.90           CM017778.1    268435    268738 (24161349) +               Kuruka     Unspecified    4306    4611  (4222)    
   230 19.65 7.94 3.03           CM017778.1    272860    272922 (24157165) +               Kuruka     Unspecified    3755    3820  (5013)    
   418 33.62 6.87 6.53           CM017778.1    273071    273681 (24156406) +               Kuruka     Unspecified    3933    4545  (4288)    
   281 27.85 7.26 1.53           CM017778.1    288376    288499 (24141588) +               Kuruka     Unspecified    4023    4153  (4680)    
   276 29.25 6.40 1.53           CM017778.1    625062    625186 (23804901) C               Kuruka     Unspecified  (4680)    4153    4023    
   311 37.71 1.61 1.94           CM017778.1    666419    666729 (23763358) +               Kuruka     Unspecified    4227    4536  (4297)    
  1523 33.63 3.87 3.13           CM017778.1    841613    842723 (23587364) +               Kuruka     Unspecified    3465    4583  (4250)    
  1075 35.43 1.06 1.21           CM017778.1    963334    963993 (23466094) C               Kuruka     Unspecified  (4255)    4578    3920    
   807 31.25 4.99 1.61           CM017778.1    968492    968852 (23461235) C               Kuruka     Unspecified  (5000)    3833    3461    
   800 31.81 4.99 1.61           CM017778.1   1013662   1014022 (23416065) C               Kuruka     Unspecified  (5000)    3833    3461    
   986 34.30 4.63 3.46           CM017778.1   1075779   1076663 (23353424) +               Kuruka     Unspecified    3681    4575  (4258)    
  1024 34.76 3.95 3.02           CM017778.1   1257920   1258806 (23171281) +               Kuruka     Unspecified    3681    4575  (4258)    
   264 34.23 5.77 6.90           CM017778.1   1514363   1515021 (22915066) +               Kuruka     Unspecified    3918    4569  (4264)    
  1587 34.30 3.19 2.56           CM017778.1   1538072   1539199 (22890888) C               Kuruka     Unspecified  (4255)    4578    3444    
   255 13.95 0.00 0.00           CM017778.1   1579828   1579870 (22850217) +               Kuruka     Unspecified    4291    4333  (4500)    
   311 31.06 3.65 3.65           CM017778.1   1616787   1616923 (22813164) +               Kuruka     Unspecified    4403    4539  (4294)    
   335 30.31 3.65 3.65           CM017778.1   1929328   1929464 (22500623) +               Kuruka     Unspecified    4403    4539  (4294)    
   233 20.37 1.82 1.82           CM017778.1   1997936   1997990 (22432097) C               Kuruka     Unspecified  (5133)    3700    3646    
   226 35.17 2.68 2.68           CM017778.1   2341485   2341633 (22088454) +               Kuruka     Unspecified    4403    4551  (4282)    
   252 32.22 0.00 0.00           CM017778.1   2363443   2363532 (22066555) C               Kuruka     Unspecified  (4282)    4551    4462    
   251 32.22 0.00 0.00           CM017778.1   2411060   2411149 (22018938) +               Kuruka     Unspecified    4462    4551  (4282)    
  1480 33.66 3.88 3.08           CM017778.1   2550704   2551733 (21878354) C               Kuruka     Unspecified  (4250)    4583    3546    
  1611 33.78 3.82 3.08           CM017778.1   2806873   2807999 (21622088) +               Kuruka     Unspecified    3444    4578  (4255)    
   241 35.87 3.14 3.68           CM017778.1   2864574   2864764 (21565323) +               Kuruka     Unspecified    4265    4454  (4379)    
  1172 32.75 6.53 3.06           CM017778.1   2936419   2937429 (21492658) C               Kuruka     Unspecified  (4255)    4578    3534    
   326 30.31 3.65 3.65           CM017778.1   3144609   3144745 (21285342) C               Kuruka     Unspecified  (4294)    4539    4403    
   249 33.05 5.60 0.76           CM017778.1   3236628   3236752 (21193335) +               Kuruka     Unspecified    4023    4153  (4680)    
   330 30.31 3.65 3.65           CM017778.1   3243581   3243717 (21186370) +               Kuruka     Unspecified    4403    4539  (4294)    
   293 22.98 3.90 3.90           CM017778.1   3483859   3483935 (20946152) +               Kuruka     Unspecified    4459    4535  (4298)    
   238 33.31 4.46 2.50           CM017778.1   3679329   3679485 (20750602) +               Kuruka     Unspecified    4402    4561  (4272)    
   246 35.38 3.51 4.12           CM017778.1   4046926   4047096 (20382991) +               Kuruka     Unspecified    4285    4454  (4379)    
   233 28.57 3.08 3.08           CM017778.1   4146120   4146249 (20283838) C               Kuruka     Unspecified  (4956)    3877    3748    
   250 33.84 4.35 4.35           CM017778.1   4206868   4207074 (20223013) +               Kuruka     Unspecified    3932    4138  (4695)    
   245 35.38 3.51 4.12           CM017778.1  10466359  10466529 (13963558) C               Kuruka     Unspecified  (4379)    4454    4285    
   443 29.98 5.23 5.56           CM017779.1     43069     43393 (30989504) +               Kuruka     Unspecified    4218    4541  (4292)    
   296 31.06 3.65 3.65           CM017779.1   1221116   1221252 (29811645) +               Kuruka     Unspecified    4403    4539  (4294)    
   330 30.31 3.65 3.65           CM017779.1   1559928   1560064 (29472833) C               Kuruka     Unspecified  (4294)    4539    4403    
   349 29.55 3.65 3.65           CM017779.1   1889979   1890115 (29142782) C               Kuruka     Unspecified  (4294)    4539    4403    
  1194 33.71 4.56 2.85           CM017779.1   1961918   1962882 (29070015) C               Kuruka     Unspecified  (4388)    4445    3465    
   303 21.62 3.90 3.90           CM017779.1   2109247   2109323 (28923574) +               Kuruka     Unspecified    4459    4535  (4298)    
   253 31.10 7.11 7.11           CM017779.1   2133649   2133873 (28899024) +               Kuruka     Unspecified    3938    4162  (4671)    
   240 35.38 3.51 4.12           CM017779.1   2265172   2265342 (28767555) +               Kuruka     Unspecified    4285    4454  (4379)    
   247 33.10 2.94 4.48           CM017779.1   2446194   2446329 (28586568) +               Kuruka     Unspecified    3932    4065  (4768)    
   306 21.62 3.90 3.90           CM017779.1   4237996   4238072 (26794825) C               Kuruka     Unspecified  (4298)    4535    4459    
   245 33.10 2.94 4.48           CM017779.1   4514232   4514367 (26518530) C               Kuruka     Unspecified  (4768)    4065    3932    
  1717 33.05 3.75 2.64           CM017779.1   4557101   4558113 (26474784) C               Kuruka     Unspecified  (4255)    4578    3555    
   246 30.35 0.00 2.25           CM017779.1   4563626   4563716 (26469181) C               Kuruka     Unspecified  (4255)    4578    4490    
   303 21.62 3.90 3.90           CM017779.1   4636029   4636105 (26396792) C               Kuruka     Unspecified  (4298)    4535    4459    
   320 35.35 5.37 5.55           CM017779.1   5049723   5050336 (25982561) C               Kuruka     Unspecified  (4288)    4545    3933    
   245 35.38 3.51 4.12           CM017779.1  10484956  10485126 (20547771) +               Kuruka     Unspecified    4285    4454  (4379)    
   228 27.87 0.00 0.00           CM017779.1  10737824  10737884 (20295013) C               Kuruka     Unspecified  (4475)    4358    4298    
   356 36.47 4.74 4.57           CM017779.1  11781953  11782564 (19250333) +               Kuruka     Unspecified    3933    4545  (4288)    
   239 29.40 7.50 0.78           CM017779.1  15736630  15736749 (15296148) +               Kuruka     Unspecified    4026    4153  (4680)    
  1575 33.72 3.92 2.82           CM017779.1  17439572  17440694 (13592203) +               Kuruka     Unspecified    3444    4578  (4255)    
   232 27.87 0.00 0.00           CM017779.1  19690746  19690806 (11342091) +               Kuruka     Unspecified    4298    4358  (4475)    
  1688 32.56 4.24 3.96           CM017779.1  19800000  19801131 (11231766) C               Kuruka     Unspecified  (4255)    4578    3444    
   320 29.00 4.41 3.65           CM017779.1  24193242  24193377 (6839520) +               Kuruka     Unspecified    4403    4539  (4294)    
   237 28.78 3.91 2.31           CM017781.1   6927697   6927824 (29297645) +               Kuruka     Unspecified    3748    3877  (4956)    
   234 28.05 7.94 3.82           CM017781.1  20701143  20701268 (15524201) C               Kuruka     Unspecified  (4680)    4153    4023    
   287 30.53 0.00 0.00           CM017781.1  25995537  25995631 (10229838) C               Kuruka     Unspecified  (2381)    6452    6358    
   773 31.90 2.62 2.09           CM017781.1  25996392  25996772 (10228697) C               Kuruka     Unspecified  (6108)    2725    2343    
  1436 33.94 3.96 3.22           CM017781.1  26796265  26797375 (9428094) C               Kuruka     Unspecified  (4250)    4583    3465    
   781 35.34 2.63 0.47           CM017781.1  28772542  28772959 (7452510) C               Kuruka     Unspecified  (2263)    6570    6144    
   239 35.98 3.51 4.12           CM017781.1  30549193  30549363 (5676106) C               Kuruka     Unspecified  (4379)    4454    4285    
  1498 33.02 4.53 3.79           CM017781.1  30637628  30638754 (5586715) C               Kuruka     Unspecified  (4255)    4578    3444    
  1262 32.95 5.30 4.92           CM017781.1  30817571  30818684 (5406785) C               Kuruka     Unspecified  (4255)    4578    3461    
   271 22.86 4.11 4.11           CM017781.1  31092348  31092420 (5133049) C               Kuruka     Unspecified  (4298)    4535    4463    
  1233 33.43 8.13 1.80           CM017781.1  31180440  31181435 (5044034) C               Kuruka     Unspecified  (4253)    4580    3523    
   228 27.87 0.00 0.00           CM017781.1  31319171  31319231 (4906238) +               Kuruka     Unspecified    4298    4358  (4475)    
   232 27.87 0.00 0.00           CM017781.1  31324250  31324310 (4901159) +               Kuruka     Unspecified    4298    4358  (4475)    
   232 27.87 0.00 0.00           CM017781.1  31334445  31334505 (4890964) +               Kuruka     Unspecified    4298    4358  (4475)    
   232 27.87 0.00 0.00           CM017781.1  31339628  31339688 (4885781) +               Kuruka     Unspecified    4298    4358  (4475)    
   228 27.87 0.00 0.00           CM017781.1  31344688  31344748 (4880721) +               Kuruka     Unspecified    4298    4358  (4475)    
   276 29.77 4.41 3.65           CM017781.1  31557252  31557387 (4668082) +               Kuruka     Unspecified    4403    4539  (4294)    
   299 30.31 3.65 3.65           CM017781.1  31563960  31564096 (4661373) +               Kuruka     Unspecified    4403    4539  (4294)    
   241 33.33 0.00 0.00           CM017781.1  31635788  31635886 (4589583) C               Kuruka     Unspecified  (4273)    4560    4462    
   287 35.47 3.84 4.99           CM017781.1  31713081  31713445 (4512024) C               Kuruka     Unspecified  (4255)    4578    4218    
   303 21.62 3.90 3.90           CM017781.1  31814385  31814461 (4411008) +               Kuruka     Unspecified    4459    4535  (4298)    
   306 21.62 3.90 3.90           CM017781.1  31946433  31946509 (4278960) C               Kuruka     Unspecified  (4298)    4535    4459    
   335 29.55 7.54 5.48           CM017781.1  31957731  31958088 (4267381) +               Kuruka     Unspecified    5258    5622  (3211)    
   634 32.38 1.41 1.05           CM017781.1  31959062  31959345 (4266124) +               Kuruka     Unspecified    6184    6468  (2365)    
   296 34.43 1.97 0.65           CM017781.1  31976549  31976700 (4248769) C               Kuruka     Unspecified  (4277)    4556    4403    
  1097 34.06 4.53 3.59           CM017781.1  31976737  31977619 (4247850) C               Kuruka     Unspecified  (4506)    4327    3437    
   319 30.53 3.68 3.68           CM017781.1  31990553  31990688 (4234781) C               Kuruka     Unspecified  (4295)    4538    4403    
   244 30.92 5.23 4.66           CM017781.1  32010252  32010614 (4214855) +               Kuruka     Unspecified    5258    5622  (3211)    
   628 31.58 7.79 0.30           CM017781.1  32011513  32011820 (4213649) +               Kuruka     Unspecified    6138    6468  (2365)    
   604 34.13 2.61 2.12           CM017781.1  32016085  32016506 (4208963) +               Kuruka     Unspecified    3931    4354  (4479)    
  1495 34.79 0.54 1.49           CM017781.1  32074198  32074941 (4150528) C               Kuruka     Unspecified  (4186)    4647    3911    
   764 30.22 1.83 1.83           CM017781.1  32075022  32075294 (4150175) C               Kuruka     Unspecified  (5103)    3730    3458    
   246 26.72 6.43 6.43           CM017781.1  32094818  32094957 (4130512) C               Kuruka     Unspecified  (5232)    3601    3462    
  1177 33.85 1.93 2.69           CM017781.1  32231937  32232610 (3992859) C               Kuruka     Unspecified  (4253)    4580    3912    
   666 30.63 5.68 1.09           CM017781.1  32232696  32232959 (3992510) C               Kuruka     Unspecified  (5004)    3829    3554    
  1759 32.31 2.74 2.86           CM017781.1  32244189  32245099 (3980370) C               Kuruka     Unspecified  (3710)    5123    4214    
  1888 33.37 2.21 2.78           CM017781.1  32245100  32246184 (3979285) C               Kuruka     Unspecified  (4719)    4114    3036    
  2032 34.18 4.35 3.57           CM017781.1  32246861  32248975 (3976494) C               Kuruka     Unspecified  (5856)    2977     847    
   240 17.64 6.67 5.49           CM017781.1  32249276  32249365 (3976104) C               Kuruka     Unspecified  (8279)     554     464    
   306 29.63 2.88 2.88           CM017781.1  32256705  32256843 (3968626) C               Kuruka     Unspecified  (4292)    4541    4403    
   444 30.29 5.25 5.25           CM017781.1  33061791  33062114 (3163355) C               Kuruka     Unspecified  (4292)    4541    4218    
   278 30.88 6.45 0.76           CM017781.1  33074992  33075115 (3150354) +               Kuruka     Unspecified    4023    4153  (4680)    
   228 27.87 0.00 0.00           CM017781.1  33114313  33114373 (3111096) +               Kuruka     Unspecified    4298    4358  (4475)    
   247 30.06 6.40 1.53           CM017781.1  33299932  33300056 (2925413) C               Kuruka     Unspecified  (4680)    4153    4023    
   314 30.53 3.68 3.68           CM017781.1  33327228  33327363 (2898106) C               Kuruka     Unspecified  (4294)    4539    4404    
   261 13.95 0.00 0.00           CM017781.1  33339457  33339499 (2885970) C               Kuruka     Unspecified  (4500)    4333    4291    
   232 33.32 4.76 2.54           CM017781.1  33399817  33400047 (2825422) +               Kuruka     Unspecified    3461    3696  (5137)    
   229 27.87 0.00 0.00           CM017781.1  33465585  33465645 (2759824) C               Kuruka     Unspecified  (4475)    4358    4298    
   253 33.84 4.41 4.41           CM017781.1  33569956  33570159 (2655310) C               Kuruka     Unspecified  (4698)    4135    3932    
   246 26.72 6.43 6.43           CM017781.1  33604236  33604375 (2621094) +               Kuruka     Unspecified    3462    3601  (5232)    
   267 30.06 6.40 1.53           CM017781.1  33609036  33609160 (2616309) +               Kuruka     Unspecified    4023    4153  (4680)    
  1754 33.63 3.79 2.95           CM017781.1  33621417  33622525 (2602944) +               Kuruka     Unspecified    3461    4578  (4255)    
  1689 33.76 3.45 3.17           CM017781.1  33627873  33629004 (2596465) +               Kuruka     Unspecified    3444    4578  (4255)    
   330 30.31 3.65 3.65           CM017781.1  34132043  34132179 (2093290) C               Kuruka     Unspecified  (4294)    4539    4403    
   299 30.31 3.65 3.65           CM017781.1  34265792  34265928 (1959541) +               Kuruka     Unspecified    4403    4539  (4294)    
   253 33.84 4.41 4.41           CM017781.1  34412555  34412758 (1812711) +               Kuruka     Unspecified    3932    4135  (4698)    
   303 21.62 3.90 3.90           CM017781.1  34498019  34498095 (1727374) C               Kuruka     Unspecified  (4298)    4535    4459    
   326 30.31 3.65 3.65           CM017781.1  34510598  34510734 (1714735) C               Kuruka     Unspecified  (4294)    4539    4403    
   494 35.89 2.99 4.35           CM017781.1  34630691  34631226 (1594243) C               Kuruka     Unspecified  (4253)    4580    4052    
   335 27.36 0.94 0.00           CM017781.1  34634414  34634519 (1590950) C               Kuruka     Unspecified  (4796)    4037    3931    
   312 31.44 18.58 0.67           CM017781.1  34634616  34634868 (1590601) C               Kuruka     Unspecified  (5003)    3830    3533    
   704 35.16 2.62 3.59           CM017781.1  34737461  34737994 (1487475) C               Kuruka     Unspecified  (4253)    4580    4052    
   470 31.82 13.91 2.18           CM017781.1  34741155  34741607 (1483862) C               Kuruka     Unspecified  (4796)    4037    3533    
   293 33.96 7.10 5.47           CM017781.1  34804890  34805213 (1420256) C               Kuruka     Unspecified  (4288)    4545    4217    
   241 20.94 7.81 2.99           CM017781.1  34811130  34811193 (1414276) C               Kuruka     Unspecified  (5012)    3821    3755    
   309 33.12 4.33 4.66           CM017781.1  34814931  34815253 (1410216) C               Kuruka     Unspecified  (4294)    4539    4218    
   292 26.03 4.04 3.00           CM017781.1  35021541  35021639 (1203830) C               Kuruka     Unspecified  (4275)    4558    4459    
  1612 34.03 3.38 2.70           CM017781.1  35032020  35033085 (1192384) +               Kuruka     Unspecified    3511    4583  (4250)    
   643 30.03 4.92 0.36           CM017781.1  35202880  35203143 (1022326) +               Kuruka     Unspecified    3554    3829  (5004)    
   253 29.29 4.73 5.44           CM017781.1  35383639  35383786 (841683) C               Kuruka     Unspecified  (4694)    4139    3993    
   243 30.44 7.14 7.62           CM017781.1  35423796  35424019 (801450) +               Kuruka     Unspecified    3938    4160  (4673)    
   235 22.81 5.26 3.09           CM017781.1  35451093  35451187 (774282) C               Kuruka     Unspecified  (5192)    3641    3545    
   304 31.82 3.65 3.65           CM017781.1  35467969  35468105 (757364) +               Kuruka     Unspecified    4403    4539  (4294)    
   300 31.82 3.65 3.65           CM017781.1  35541765  35541901 (683568) C               Kuruka     Unspecified  (4294)    4539    4403    
   434 32.20 6.37 5.95           CM017781.1  35630422  35630923 (594546) C               Kuruka     Unspecified  (4244)    4589    4086    
   327 36.11 3.38 3.70           CM017781.1  35737470  35737794 (487675) +               Kuruka     Unspecified    4218    4541  (4292)    
   278 32.25 5.60 0.76           CM017781.1  35744000  35744124 (481345) +               Kuruka     Unspecified    4023    4153  (4680)    
   244 31.59 4.58 5.02           CM017781.1  35873505  35873744 (351725) +               Kuruka     Unspecified    4110    4348  (4485)    
  1522 35.24 3.11 2.29           CM017781.1  35883844  35884967 (340502) +               Kuruka     Unspecified    3465    4597  (4236)    
   254 37.55 3.02 2.78           CM017781.1  35902097  35902526 (322943) C               Kuruka     Unspecified  (4485)    4348    3918    
  1534 33.53 4.00 2.99           CM017781.1  35941035  35942159 (283310) +               Kuruka     Unspecified    3465    4600  (4233)    
  1417 33.97 3.23 2.77           CM017781.1  36003117  36004230 (221239) C               Kuruka     Unspecified  (4250)    4583    3465    
  1476 33.11 4.22 3.75           CM017781.1  36060059  36061172 (164297) C               Kuruka     Unspecified  (4250)    4583    3465    
   237 31.59 4.58 5.02           CM017781.1  36071292  36071531 (153938) C               Kuruka     Unspecified  (4485)    4348    4110    
   275 31.44 5.60 0.76           CM017781.1  36195644  36195768  (29701) C               Kuruka     Unspecified  (4680)    4153    4023    
