  1678 36.01 2.13 1.72           CM032414.1    344969    346186 (1823775) C               Kuruka     Unspecified  (4165)    4668    3446    
  1311 35.46 4.53 2.08           CM032414.1    383809    384934 (1785027) +               Kuruka     Unspecified    3516    4668  (4165)    
   292 25.54 1.04 2.11           CM032414.1    397902    397997 (1771964) +               Kuruka     Unspecified    4283    4377  (4456)    
   290 25.54 1.04 2.11           CM032414.1    409755    409850 (1760111) C               Kuruka     Unspecified  (4456)    4377    4283    
   910 35.17 4.05 2.67           CM032414.1    410375    411262 (1758699) C               Kuruka     Unspecified  (4172)    4661    3762    
   367 32.89 0.00 1.34           CM032414.1    420227    420377 (1749584) C               Kuruka     Unspecified  (5097)    3736    3588    
   494 31.82 0.00 0.00           CM032414.1    439811    439986 (1729975) C               Kuruka     Unspecified  (5142)    3691    3516    
   944 35.84 2.98 3.09           CM032414.1    498932    499838 (1670123) C               Kuruka     Unspecified  (4165)    4668    3763    
   274 36.91 0.00 0.00           CM032414.1    503807    503955 (1666006) C               Kuruka     Unspecified  (5097)    3736    3588    
   425 31.88 0.62 0.00           CM032414.1    505901    506060 (1663901) C               Kuruka     Unspecified  (5142)    3691    3531    
   225 19.51 0.00 0.00           CM032414.1    574841    574881 (1595080) C               Kuruka     Unspecified  (4509)    4324    4284    
   303 34.92 2.92 3.35           CM032414.1    689412    689651 (1480310) +               Kuruka     Unspecified    4298    4536  (4297)    
  1504 34.82 3.05 2.29           CM032414.1    844956    846169 (1323792) +               Kuruka     Unspecified    3446    4668  (4165)    
   317 33.11 2.58 2.58           CM032414.1   1248569   1248723 (921238) C               Kuruka     Unspecified  (5094)    3739    3585    
   524 35.54 4.83 4.36           CM032414.1   1702454   1703115 (466846) C               Kuruka     Unspecified  (4581)    4252    3588    
   321 35.57 0.00 0.00           CM032414.1   1923127   1923275 (246686) C               Kuruka     Unspecified  (5097)    3736    3588    
   241 33.02 1.89 0.00           CM032414.1   2050686   2050791 (119170) +               Kuruka     Unspecified    3588    3695  (5138)    
   294 37.15 1.82 0.90           CM032415.1   6286232   6286451 (13984417) +               Kuruka     Unspecified    4223    4444  (4389)    
   279 37.61 1.82 0.90           CM032415.1   6458863   6459082 (13811786) C               Kuruka     Unspecified  (4389)    4444    4223    
   385 35.49 0.00 0.92           CM032415.1  12765681  12765899 (7504969) C               Kuruka     Unspecified  (5156)    3677    3461    
  1007 36.71 2.58 2.76           CM032415.1  13927402  13928527 (6342341) +               Kuruka     Unspecified    3461    4584  (4249)    
  1733 35.20 2.21 1.88           CM032416.1    584930    586148 (15582371) C               Kuruka     Unspecified  (4165)    4668    3446    
   234 24.59 0.00 0.00           CM032416.1   2063686   2063746 (14104773) +               Kuruka     Unspecified    4282    4342  (4491)    
   303 24.66 0.00 0.00           CM032416.1  12867783  12867855 (3300664) +               Kuruka     Unspecified    4282    4354  (4479)    
  1801 34.88 2.34 2.43           CM032416.1  14704277  14705431 (1463088) C               Kuruka     Unspecified  (4218)    4615    3462    
   291 31.00 1.53 1.53           CM032416.1  14706174  14706304 (1462215) C               Kuruka     Unspecified  (5857)    2976    2846    
   968 34.66 2.22 2.82           CM032417.1   3034367   3035043 (14027396) +               Kuruka     Unspecified    3939    4611  (4222)    
   246 29.19 4.69 6.35           CM032417.1   5159433   5159560 (11902879) +               Kuruka     Unspecified    4305    4430  (4403)    
   303 24.66 0.00 0.00           CM032417.1   6647603   6647675 (10414764) C               Kuruka     Unspecified  (4479)    4354    4282    
   289 29.67 1.42 9.16           CM032417.1  11542894  11543034 (5519405) +               Kuruka     Unspecified    4223    4353  (4480)    
  1076 36.56 3.45 2.39           CM032417.1  11829532  11830691 (5231748) C               Kuruka     Unspecified  (4222)    4611    3440    
   262 29.88 2.14 9.16           CM032417.1  16943560  16943699 (118740) C               Kuruka     Unspecified  (4480)    4353    4223    
   255 31.42 3.94 4.76           CM032418.1   8867371   8867497 (7925665) C               Kuruka     Unspecified  (4403)    4430    4305    
  1825 35.57 1.82 1.91           CM032418.1  10159057  10160211 (6632951) C               Kuruka     Unspecified  (4218)    4615    3462    
   276 31.79 1.53 1.53           CM032418.1  10160955  10161085 (6632077) C               Kuruka     Unspecified  (5857)    2976    2846    
   952 37.26 3.18 2.39           CM032418.1  10687377  10688539 (6104623) +               Kuruka     Unspecified    3440    4611  (4222)    
   297 35.08 1.27 2.56           CM032418.1  10919945  10920102 (5873060) C               Kuruka     Unspecified  (4449)    4384    4229    
  1215 35.18 3.68 3.78           CM032418.1  12243697  12244730 (4548432) C               Kuruka     Unspecified  (4247)    4586    3554    
   332 29.93 8.20 6.88           CM032419.1   5627262   5627505 (7700885) +               Kuruka     Unspecified    3588    3834  (4999)    
   399 34.98 0.82 0.82           CM032419.1   5627581   5627825 (7700565) +               Kuruka     Unspecified    4008    4252  (4581)    
   240 31.72 9.69 1.90           CM032420.1   1528902   1529097 (15064871) C               Kuruka     Unspecified  (4163)    4670    4460    
   298 35.07 3.33 3.77           CM032420.1   7860723   7860962 (8733006) +               Kuruka     Unspecified    4298    4536  (4297)    
  2010 33.15 2.69 2.60           CM032420.1   8311943   8313057 (8280911) C               Kuruka     Unspecified  (4264)    4569    3454    
   336 34.90 0.00 0.00           CM032420.1  12295997  12296145 (4297823) +               Kuruka     Unspecified    3588    3736  (5097)    
  1592 35.91 2.62 2.31           CM032420.1  12976006  12977302 (3616666) C               Kuruka     Unspecified  (4087)    4746    3446    
   340 33.11 0.67 0.67           CM032420.1  14900503  14900651 (1693317) +               Kuruka     Unspecified    3588    3736  (5097)    
   339 37.60 1.95 2.35           CM032421.1   2180342   2180597 (11796310) +               Kuruka     Unspecified    4282    4536  (4297)    
   238 31.72 9.69 1.90           CM032421.1   6199481   6199676 (7777231) +               Kuruka     Unspecified    4460    4670  (4163)    
  2010 33.97 2.76 2.61           CM032421.1   6569745   6571047 (7405860) +               Kuruka     Unspecified    3454    4758  (4075)    
   273 32.65 0.00 1.02           CM032421.1   9495282   9495380 (4481527) +               Kuruka     Unspecified    4287    4384  (4449)    
   231 34.78 0.00 0.00           CM032421.1  11950730  11950821 (2026086) +               Kuruka     Unspecified    3588    3679  (5154)    
   303 24.66 0.00 0.00           CM032422.1   8318045   8318117 (8738648) +               Kuruka     Unspecified    4282    4354  (4479)    
  1752 35.12 2.35 1.92           CM032422.1   8370812   8372004 (8684761) +               Kuruka     Unspecified    3446    4643  (4190)    
  1964 33.03 2.87 2.69           CM032422.1  13420784  13421897 (3634868) C               Kuruka     Unspecified  (4264)    4569    3454    
   713 35.33 1.60 1.14           CM032423.1    597507    597944 (15121997) +               Kuruka     Unspecified    3446    3885  (4948)    
   859 36.02 2.01 2.17           CM032423.1    888739    889385 (14830556) C               Kuruka     Unspecified  (4249)    4584    3939    
   489 29.86 2.75 3.23           CM032423.1    889646    889863 (14830078) C               Kuruka     Unspecified  (5156)    3677    3461    
   240 31.72 9.69 1.90           CM032423.1  13644458  13644653 (2075288) C               Kuruka     Unspecified  (4163)    4670    4460    
   233 33.12 9.18 1.42           CM032423.1  14095868  14096063 (1623878) C               Kuruka     Unspecified  (4163)    4670    4460    
   321 36.36 2.69 2.69           CM032424.1   3500566   3500825 (13101265) +               Kuruka     Unspecified    3465    3724  (5109)    
   290 35.21 2.96 3.47           CM032424.1   7052947   7053149 (9548941) C               Kuruka     Unspecified  (4403)    4430    4229    
  1208 34.58 3.10 4.77           CM032424.1   9575355   9576420 (7025670) +               Kuruka     Unspecified    3503    4551  (4282)    
   269 30.59 3.94 4.76           CM032424.1  10660335  10660461 (5941629) C               Kuruka     Unspecified  (4403)    4430    4305    
   242 31.72 9.69 1.90           CM032425.1    580097    580292 (16585026) C               Kuruka     Unspecified  (4163)    4670    4460    
   231 34.78 0.00 0.00           CM032425.1    813570    813661 (16351657) +               Kuruka     Unspecified    3588    3679  (5154)    
   279 37.61 1.82 0.90           CM032425.1   4627060   4627279 (12538039) C               Kuruka     Unspecified  (4389)    4444    4223    
  1727 35.45 2.21 1.88           CM032425.1   4785865   4787083 (12378235) C               Kuruka     Unspecified  (4165)    4668    3446    
   231 34.78 0.00 0.00           CM032425.1  15167673  15167764 (1997554) +               Kuruka     Unspecified    3588    3679  (5154)    
   240 31.72 9.69 1.90           CM032425.1  15813502  15813697 (1351621) C               Kuruka     Unspecified  (4163)    4670    4460    
  2033 33.06 2.69 2.60           CM032426.1   3100533   3101647 (11607260) +               Kuruka     Unspecified    3454    4569  (4264)    
   244 28.84 4.76 6.45           CM032426.1   6183754   6183879 (8525028) C               Kuruka     Unspecified  (4405)    4428    4305    
  1117 36.02 3.35 2.33           CM032427.1    191647    192749 (15276096) +               Kuruka     Unspecified    3440    4553  (4280)    
   256 30.25 1.52 9.84           CM032427.1    309209    309340 (15159505) +               Kuruka     Unspecified    4223    4344  (4489)    
   269 30.59 3.94 4.76           CM032427.1   5505773   5505899 (9962946) C               Kuruka     Unspecified  (4403)    4430    4305    
   269 30.59 3.94 4.76           CM032427.1   9277500   9277626 (6191219) C               Kuruka     Unspecified  (4403)    4430    4305    
  1797 35.28 2.25 2.25           CM032427.1  11638168  11639321 (3829524) C               Kuruka     Unspecified  (4218)    4615    3462    
  1772 34.87 2.22 1.80           CM032428.1    505170    506387 (15495462) +               Kuruka     Unspecified    3446    4668  (4165)    
  1751 35.63 1.99 2.08           CM032428.1   8320909   8322063 (7679786) C               Kuruka     Unspecified  (4218)    4615    3462    
   296 31.00 1.53 1.53           CM032428.1   8322807   8322937 (7678912) C               Kuruka     Unspecified  (5857)    2976    2846    
  1096 36.44 2.58 2.67           CM032428.1   8528329   8529453 (7472396) +               Kuruka     Unspecified    3461    4584  (4249)    
  1694 35.67 2.13 1.80           CM032429.1   1568165   1569383 (15356591) +               Kuruka     Unspecified    3446    4668  (4165)    
  2010 33.33 3.22 3.22           CM032429.1   2224081   2225385 (14700589) C               Kuruka     Unspecified  (4075)    4758    3454    
  1778 35.29 2.22 1.80           CM032429.1   3069770   3070987 (13854987) C               Kuruka     Unspecified  (4165)    4668    3446    
  2030 33.75 2.84 2.76           CM032429.1   7326218   7327521 (9598453) +               Kuruka     Unspecified    3454    4758  (4075)    
  1714 35.23 2.55 2.13           CM032429.1   8283323   8284540 (8641434) +               Kuruka     Unspecified    3446    4668  (4165)    
   264 31.79 1.53 1.53           CM032429.1  15952217  15952347 (973627) +               Kuruka     Unspecified    2846    2976  (5857)    
  1834 34.78 2.34 2.51           CM032429.1  15953091  15954246 (971728) +               Kuruka     Unspecified    3462    4615  (4218)    
   292 31.13 0.00 0.94           CM032429.1  16726671  16726777 (199197) +               Kuruka     Unspecified    3583    3688  (5145)    
   312 35.89 1.89 1.41           CM032429.1  16727034  16727245 (198729) +               Kuruka     Unspecified    3949    4161  (4672)    
  1739 35.67 2.13 1.72           CM032430.1   2438152   2439369 (12869702) +               Kuruka     Unspecified    3446    4668  (4165)    
   282 37.61 1.82 0.90           CM032430.1   3174643   3174862 (12134209) C               Kuruka     Unspecified  (4389)    4444    4223    
   264 31.79 1.53 1.53           CM032430.1   6314430   6314560 (8994511) +               Kuruka     Unspecified    2846    2976  (5857)    
  1821 35.28 2.25 2.25           CM032430.1   6315305   6316458 (8992613) +               Kuruka     Unspecified    3462    4615  (4218)    
   303 24.66 0.00 0.00           CM032430.1  10341395  10341467 (4967604) +               Kuruka     Unspecified    4282    4354  (4479)    
   246 34.38 0.00 0.00           CM032431.1     25314     25409 (14845589) +               Kuruka     Unspecified    3584    3679  (5154)    
   310 35.57 0.00 0.00           CM032431.1   1075088   1075236 (13795762) C               Kuruka     Unspecified  (5097)    3736    3588    
  1983 33.62 3.14 3.07           CM032431.1   2220510   2221813 (12649185) +               Kuruka     Unspecified    3454    4758  (4075)    
  1045 36.46 3.61 2.73           CM032431.1   4615844   4617005 (10253993) C               Kuruka     Unspecified  (4222)    4611    3440    
   252 31.23 1.42 9.16           CM032431.1   7656116   7656256 (7214742) C               Kuruka     Unspecified  (4480)    4353    4223    
   273 30.70 5.94 6.47           CM032431.1   8970687   8970888 (5900110) C               Kuruka     Unspecified  (4328)    4505    4305    
  1692 35.87 2.22 1.80           CM032431.1   9970700   9971917 (4899081) +               Kuruka     Unspecified    3446    4668  (4165)    
   949 35.70 3.71 2.11           CM032431.1  12483242  12483942 (2387056) C               Kuruka     Unspecified  (4169)    4664    3953    
   321 35.57 0.00 0.00           CM032431.1  14664310  14664458 (206540) C               Kuruka     Unspecified  (5097)    3736    3588    
  1739 35.69 2.15 1.73           CM032432.1    919053    920264 (12608921) +               Kuruka     Unspecified    3446    4662  (4171)    
  1738 35.31 2.30 1.88           CM032432.1   8454141   8455358 (5073827) +               Kuruka     Unspecified    3446    4668  (4165)    
   269 30.59 3.94 4.76           CM032432.1  12938657  12938783 (590402) C               Kuruka     Unspecified  (4403)    4430    4305    
  1785 35.03 2.21 1.88           CM032433.1    909016    910234 (14322392) +               Kuruka     Unspecified    3446    4668  (4165)    
   269 35.36 4.20 3.77           CM032433.1   3451309   3451546 (11781080) +               Kuruka     Unspecified    4298    4536  (4297)    
   245 34.38 0.00 0.00           CM032433.1   4284167   4284262 (10948364) C               Kuruka     Unspecified  (5154)    3679    3584    
  1078 36.54 2.58 2.67           CM032433.1  14223855  14224979 (1007647) +               Kuruka     Unspecified    3461    4584  (4249)    
   235 38.74 2.90 0.40           CM032434.1     65627     65867 (12694398) +               Kuruka     Unspecified    3440    3686  (5147)    
   856 35.72 1.62 2.29           CM032434.1     66111     66726 (12693539) +               Kuruka     Unspecified    3939    4550  (4283)    
   247 31.25 2.31 1.53           CM032434.1   1100841   1100970 (11659295) +               Kuruka     Unspecified    2846    2976  (5857)    
  1816 34.91 2.42 2.51           CM032434.1   1101714   1102868 (11657397) +               Kuruka     Unspecified    3462    4615  (4218)    
  1056 36.71 2.58 2.67           CM032434.1   6156394   6157518 (6602747) +               Kuruka     Unspecified    3461    4584  (4249)    
   245 34.38 0.00 0.00           CM032434.1   8677269   8677364 (4082901) +               Kuruka     Unspecified    3584    3679  (5154)    
  1150 35.03 3.87 4.06           CM032434.1  12731445  12732530  (27735) C               Kuruka     Unspecified  (4247)    4586    3503    
   303 24.66 0.00 0.00           CM032435.1   9755248   9755320 (4138801) C               Kuruka     Unspecified  (4479)    4354    4282    
   250 32.56 1.53 1.53           CM032436.1   9651830   9651960 (2825147) +               Kuruka     Unspecified    2846    2976  (5857)    
  1854 34.93 2.25 2.34           CM032436.1   9652704   9653858 (2823249) +               Kuruka     Unspecified    3462    4615  (4218)    
   324 33.08 1.52 1.52           CM032436.1   9765571   9765702 (2711405) +               Kuruka     Unspecified    4223    4354  (4479)    
   245 34.38 0.00 0.00           CM032436.1  10029251  10029346 (2447761) C               Kuruka     Unspecified  (5154)    3679    3584    
  1756 35.12 2.46 2.04           CM032436.1  10093144  10094361 (2382746) +               Kuruka     Unspecified    3446    4668  (4165)    
   273 32.65 0.00 1.02           CM032436.1  10855093  10855191 (1621916) +               Kuruka     Unspecified    4287    4384  (4449)    
   315 35.72 2.59 3.48           CM032437.1   2335372   2335603 (9666431) C               Kuruka     Unspecified  (4375)    4458    4229    
  1458 34.46 2.67 3.27           CM032437.1   6134695   6135741 (5866293) C               Kuruka     Unspecified  (4218)    4615    3575    
   291 31.00 1.53 1.53           CM032437.1   6136594   6136724 (5865310) C               Kuruka     Unspecified  (5857)    2976    2846    
   251 33.67 0.00 1.02           CM032437.1  10971541  10971639 (1030395) C               Kuruka     Unspecified  (4449)    4384    4287    
   225 19.51 0.00 0.00           CM032437.1  11254001  11254041 (747993) C               Kuruka     Unspecified  (4509)    4324    4284    
   268 32.65 0.00 1.02           CM032438.1   2584646   2584744 (8390613) +               Kuruka     Unspecified    4287    4384  (4449)    
  1936 34.33 2.36 2.44           CM032438.1   3290452   3291723 (7683634) +               Kuruka     Unspecified    3488    4758  (4075)    
   294 37.15 1.82 0.90           CM032438.1   4423519   4423738 (6551619) +               Kuruka     Unspecified    4223    4444  (4389)    
   242 32.70 5.07 5.56           CM032439.1    466189    466405 (11960369) C               Kuruka     Unspecified  (4313)    4520    4305    
   269 30.59 3.94 4.76           CM032439.1    983145    983271 (11443503) +               Kuruka     Unspecified    4305    4430  (4403)    
  1768 35.53 2.22 1.80           CM032439.1   2972812   2974029 (9452745) C               Kuruka     Unspecified  (4165)    4668    3446    
   309 36.76 2.69 2.69           CM032439.1   5833514   5833773 (6593001) C               Kuruka     Unspecified  (5109)    3724    3465    
  1047 36.36 3.62 2.47           CM032439.1   6536926   6538084 (5888690) +               Kuruka     Unspecified    3440    4611  (4222)    
   872 35.55 1.90 3.10           CM032439.1   8031378   8032062 (4394712) +               Kuruka     Unspecified    3446    4122  (4711)    
   250 32.56 1.53 1.53           CM032439.1   9845430   9845560 (2581214) +               Kuruka     Unspecified    2846    2976  (5857)    
  1788 33.33 2.82 2.82           CM032439.1   9846396   9847457 (2579317) +               Kuruka     Unspecified    3554    4615  (4218)    
  1746 35.29 2.22 1.80           CM032439.1  12415688  12416905   (9869) +               Kuruka     Unspecified    3446    4668  (4165)    
   231 34.78 0.00 0.00           CM032440.1   5150818   5150909 (7702118) C               Kuruka     Unspecified  (5154)    3679    3588    
   338 35.62 5.96 5.37           CM032440.1   8372297   8372833 (4480194) +               Kuruka     Unspecified    3588    4127  (4706)    
   718 34.76 3.43 2.63           CM032440.1   8423103   8423743 (4429284) C               Kuruka     Unspecified  (4066)    4767    4122    
   252 36.23 0.00 0.79           CM032440.1   8427932   8428059 (4424968) C               Kuruka     Unspecified  (4676)    4157    4031    
   449 25.86 0.00 0.00           CM032440.1   8428078   8428193 (4424834) C               Kuruka     Unspecified  (5172)    3661    3546    
   277 30.68 3.40 4.29           CM032441.1    395253    395487 (10859120) C               Kuruka     Unspecified  (4656)    4177    3945    
   309 36.76 2.69 2.69           CM032441.1   5088394   5088653 (6165954) +               Kuruka     Unspecified    3465    3724  (5109)    
   848 36.17 2.01 2.17           CM032441.1   8172497   8173143 (3081464) C               Kuruka     Unspecified  (4249)    4584    3939    
  1039 36.39 3.70 2.73           CM032441.1   8178706   8179866 (3074741) C               Kuruka     Unspecified  (4222)    4611    3440    
  1054 35.73 4.06 2.73           CM032441.1   8186123   8187279 (3067328) C               Kuruka     Unspecified  (4222)    4611    3440    
   942 33.14 2.94 2.56           CM032441.1  10490818  10491362 (763245) +               Kuruka     Unspecified    3454    4000  (4833)    
  1165 30.48 2.20 2.43           CM032441.1  10491354  10491807 (762800) +               Kuruka     Unspecified    4117    4569  (4264)    
   242 32.70 5.07 5.56           CM032441.1  11053671  11053887 (200720) C               Kuruka     Unspecified  (4313)    4520    4305    
   268 31.79 1.53 1.53           CM032442.1    287098    287228 (9243292) +               Kuruka     Unspecified    2846    2976  (5857)    
  1802 35.66 1.82 1.91           CM032442.1    287972    289126 (9241394) +               Kuruka     Unspecified    3462    4615  (4218)    
  1704 34.92 2.38 1.96           CM032442.1   2361285   2362502 (7168018) C               Kuruka     Unspecified  (4165)    4668    3446    
   264 31.79 1.53 1.53           CM032442.1   8308631   8308761 (1221759) +               Kuruka     Unspecified    2846    2976  (5857)    
  1848 34.93 2.25 2.43           CM032442.1   8309504   8310659 (1219861) +               Kuruka     Unspecified    3462    4615  (4218)    
   239 31.72 9.69 1.90           CM032442.1   9239688   9239883 (290637) +               Kuruka     Unspecified    4460    4670  (4163)    
   496 29.46 3.88 3.43           CM032443.1   6075404   6075635 (527668) +               Kuruka     Unspecified    3454    3686  (5147)    
   668 32.91 3.92 4.13           CM032444.1   1581028   1581512 (5816996) +               Kuruka     Unspecified    3933    4416  (4417)    
   234 37.64 3.32 0.81           CM032445.1   2957239   2957479 (3387361) +               Kuruka     Unspecified    3440    3686  (5147)    
   921 34.78 1.78 2.44           CM032445.1   2957758   2958376 (3386464) +               Kuruka     Unspecified    3939    4553  (4280)    
  1722 35.31 2.30 1.88           CM032445.1   3509811   3511028 (2833812) +               Kuruka     Unspecified    3446    4668  (4165)    
   908 33.06 2.97 2.97           CM032445.1   4022510   4023014 (2321826) C               Kuruka     Unspecified  (4390)    4443    3939    
  1665 34.63 2.89 2.63    JAHESG010000063.1     15722     16934  (15855) +               Kuruka     Unspecified    3446    4661  (4172)    
   250 30.25 1.52 9.84    JAHESG010000070.1     11284     11415  (17746) C               Kuruka     Unspecified  (4489)    4344    4223    
   274 28.11 3.94 4.76    JAHESG010000089.1     18827     18953   (6048) +               Kuruka     Unspecified    4305    4430  (4403)    
   255 33.02 0.00 0.94    JAHESG010000115.1     16616     16722   (8276) C               Kuruka     Unspecified  (5145)    3688    3583    
   319 33.11 2.58 2.58    JAHESG010000165.1     19055     19209   (3526) C               Kuruka     Unspecified  (5094)    3739    3585    
  1732 33.52 3.03 3.21    JAHESG010000176.1     10317     11472   (6538) C               Kuruka     Unspecified  (4218)    4615    3462    
   272 31.31 1.19 3.03    JAHESG010000176.1     12179     12346   (5664) C               Kuruka     Unspecified  (5823)    3010    2846    
   271 30.45 1.42 9.16    JAHESG010000200.1      8676      8816   (4184) C               Kuruka     Unspecified  (4480)    4353    4223    
  1134 34.01 4.38 4.58    JAHESG010000203.1      3610      4660   (7697) C               Kuruka     Unspecified  (4282)    4551    3503    
   258 28.94 3.94 4.76    JAHESG010000274.1      3451      3577   (2639) +               Kuruka     Unspecified    4305    4430  (4403)    
  1736 34.40 2.79 2.37    JAHESG010000320.1      2644      3861   (1039) +               Kuruka     Unspecified    3446    4668  (4165)    
   632 34.42 2.65 2.37    JAHESG010000348.1      3879      4256     (34) C               Kuruka     Unspecified  (4172)    4661    4283    
   230 19.51 0.00 0.00    JAHESG010000371.1      1544      1584   (2416) C               Kuruka     Unspecified  (4509)    4324    4284    
   240 31.20 9.69 1.90    JAHESG010000372.1      1936      2131   (1869) C               Kuruka     Unspecified  (4163)    4670    4460    
  1956 33.02 2.52 2.61    JAHESG010000495.1      1270      2379    (121) +               Kuruka     Unspecified    3461    4569  (4264)    
  1652 34.71 2.89 2.63    JAHESG010000571.1       133      1345    (655) C               Kuruka     Unspecified  (4172)    4661    3446    
