  481 34.54  0.40  0.80     CAKJSZ010000015.1    20392    20642 (122727)  C          Kuruka  Unspecified (122727)    20392    20642
  519 33.74  0.40  0.80     CAKJSZ010000015.1    27419    27669 (115700)  C          Kuruka  Unspecified (115700)    27419    27669
  240 31.65  0.00  0.00     CAKJSZ010000018.1    78584    78662 (1866140)  +          Kuruka  Unspecified (1866140)    78584    78662
  671 34.11  3.61  3.79     CAKJSZ010000018.1   173223   173804 (1770998)  +          Kuruka  Unspecified (1770998)   173223   173804
  315 34.29  3.15  3.56     CAKJSZ010000018.1   245488   245741 (1699061)  +          Kuruka  Unspecified (1699061)   245488   245741
  861 33.73  4.04  4.21     CAKJSZ010000018.1  1079195  1079813 (864989)  +          Kuruka  Unspecified (864989)  1079195  1079813
  355 33.47  3.15  3.56     CAKJSZ010000018.1  1161085  1161338 (783464)  +          Kuruka  Unspecified (783464)  1161085  1161338
  360 33.47  3.15  3.56     CAKJSZ010000018.1  1310432  1310685 (634117)  +          Kuruka  Unspecified (634117)  1310432  1310685
 2017 34.80  2.30  1.88     CAKJSZ010000018.1  1635434  1636651 (308151)  +          Kuruka  Unspecified (308151)  1635434  1636651
 1160 35.95  2.66  2.20     CAKJSZ010000018.1   159642   160770 (1784032)  C          Kuruka  Unspecified (1784032)   159642   160770
  435 30.65  6.10  6.10     CAKJSZ010000018.1   835742   836085 (1108717)  C          Kuruka  Unspecified (1108717)   835742   836085
  360 32.75  3.36  3.80     CAKJSZ010000018.1  1365077  1365314 (579488)  C          Kuruka  Unspecified (579488)  1365077  1365314
  280 32.75  3.36  3.80     CAKJSZ010000019.1   697352   697589 (1219822)  +          Kuruka  Unspecified (1219822)   697352   697589
  366 33.47  3.15  3.56     CAKJSZ010000019.1  1323659  1323912 (593499)  +          Kuruka  Unspecified (593499)  1323659  1323912
  334 30.34  6.10  6.10     CAKJSZ010000019.1  1653318  1653661 (263750)  +          Kuruka  Unspecified (263750)  1653318  1653661
  311 30.65  6.10  6.10     CAKJSZ010000019.1  1655727  1656070 (261341)  +          Kuruka  Unspecified (261341)  1655727  1656070
  311 30.65  6.10  6.10     CAKJSZ010000019.1  1658136  1658479 (258932)  +          Kuruka  Unspecified (258932)  1658136  1658479
  311 30.65  6.10  6.10     CAKJSZ010000019.1  1660455  1660798 (256613)  +          Kuruka  Unspecified (256613)  1660455  1660798
  759 36.46  2.66  2.79     CAKJSZ010000019.1   333932   334721 (1582690)  C          Kuruka  Unspecified (1582690)   333932   334721
  817 33.14  2.72  2.54     CAKJSZ010000019.1   336350   336900 (1580511)  C          Kuruka  Unspecified (1580511)   336350   336900
 2448 33.28  1.55  1.98     CAKJSZ010000019.1   420672   421836 (1495575)  C          Kuruka  Unspecified (1495575)   420672   421836
  349 32.75  3.36  3.80     CAKJSZ010000019.1   758929   759166 (1158245)  C          Kuruka  Unspecified (1158245)   758929   759166
  422 34.21  2.20  2.57     CAKJSZ010000019.1   940962   941234 (976177)  C          Kuruka  Unspecified (976177)   940962   941234
  342 33.63  2.16  2.60     CAKJSZ010000019.1   969159   969390 (948021)  C          Kuruka  Unspecified (948021)   969159   969390
  311 30.65  6.10  6.10     CAKJSZ010000019.1  1034267  1034610 (882801)  C          Kuruka  Unspecified (882801)  1034267  1034610
  311 30.65  6.10  6.10     CAKJSZ010000019.1  1044759  1045102 (872309)  C          Kuruka  Unspecified (872309)  1044759  1045102
  311 30.65  6.10  6.10     CAKJSZ010000019.1  1058327  1058670 (858741)  C          Kuruka  Unspecified (858741)  1058327  1058670
  311 30.65  6.10  6.10     CAKJSZ010000019.1  1068675  1069018 (848393)  C          Kuruka  Unspecified (848393)  1068675  1069018
  435 30.65  6.10  6.10     CAKJSZ010000019.1  1079023  1079366 (838045)  C          Kuruka  Unspecified (838045)  1079023  1079366
  407 34.59  2.20  2.57     CAKJSZ010000019.1  1169049  1169321 (748090)  C          Kuruka  Unspecified (748090)  1169049  1169321
  343 32.02  3.78  4.22     CAKJSZ010000019.1  1376340  1376577 (540834)  C          Kuruka  Unspecified (540834)  1376340  1376577
  435 30.65  6.10  6.10     CAKJSZ010000019.1  1588441  1588784 (328627)  C          Kuruka  Unspecified (328627)  1588441  1588784
  435 30.65  6.10  6.10     CAKJSZ010000019.1  1590850  1591193 (326218)  C          Kuruka  Unspecified (326218)  1590850  1591193
  435 30.65  6.10  6.10     CAKJSZ010000019.1  1593259  1593602 (323809)  C          Kuruka  Unspecified (323809)  1593259  1593602
  435 30.65  6.10  6.10     CAKJSZ010000019.1  1595668  1596011 (321400)  C          Kuruka  Unspecified (321400)  1595668  1596011
  357 32.02  3.78  4.22     CAKJSZ010000020.1    41238    41475 (787266)  +          Kuruka  Unspecified (787266)    41238    41475
  281 33.47  3.15  3.56     CAKJSZ010000020.1   152503   152756 (675985)  +          Kuruka  Unspecified (675985)   152503   152756
  400 30.96  6.10  6.10     CAKJSZ010000020.1   603547   603890 (224851)  +          Kuruka  Unspecified (224851)   603547   603890
  419 30.96  6.10  6.10     CAKJSZ010000020.1   609625   609968 (218773)  +          Kuruka  Unspecified (218773)   609625   609968
  357 32.02  3.78  4.22     CAKJSZ010000020.1   209931   210168 (618573)  C          Kuruka  Unspecified (618573)   209931   210168
  232 31.65  0.00  0.00     CAKJSZ010000021.1   397749   397827 (417910)  +          Kuruka  Unspecified (417910)   397749   397827
  882 34.06  3.55  3.72     CAKJSZ010000021.1   534671   535289 (280448)  +          Kuruka  Unspecified (280448)   534671   535289
  354 33.89  3.15  3.56     CAKJSZ010000021.1   590664   590917 (224820)  +          Kuruka  Unspecified (224820)   590664   590917
  339 33.89  3.15  3.56     CAKJSZ010000021.1    94759    95012 (720725)  C          Kuruka  Unspecified (720725)    94759    95012
  857 34.23  3.55  3.72     CAKJSZ010000021.1   152397   153015 (662722)  C          Kuruka  Unspecified (662722)   152397   153015
 2489 32.93  1.80  2.16     CAKJSZ010000021.1   514458   515621 (300116)  C          Kuruka  Unspecified (300116)   514458   515621
  370 33.47  3.15  3.56     CAKJSZ010000021.1   640288   640541 (175196)  C          Kuruka  Unspecified (175196)   640288   640541
  311 30.65  6.10  6.10     CAKJSZ010000021.1   690030   690373 (125364)  C          Kuruka  Unspecified (125364)   690030   690373
  311 30.65  6.10  6.10     CAKJSZ010000021.1   705470   705813 (109924)  C          Kuruka  Unspecified (109924)   705470   705813
  435 30.65  6.10  6.10     CAKJSZ010000021.1   715123   715466 (100271)  C          Kuruka  Unspecified (100271)   715123   715466
  435 30.65  6.10  6.10     CAKJSZ010000021.1   725555   725898  (89839)  C          Kuruka  Unspecified  (89839)   725555   725898
  435 30.65  6.10  6.10     CAKJSZ010000021.1   735987   736330  (79407)  C          Kuruka  Unspecified  (79407)   735987   736330
  435 30.65  6.10  6.10     CAKJSZ010000021.1   753314   753657  (62080)  C          Kuruka  Unspecified  (62080)   753314   753657
  311 30.65  6.10  6.10     CAKJSZ010000021.1   763746   764089  (51648)  C          Kuruka  Unspecified  (51648)   763746   764089
  311 30.65  6.10  6.10     CAKJSZ010000021.1   777457   777800  (37937)  C          Kuruka  Unspecified  (37937)   777457   777800
  311 30.65  6.10  6.10     CAKJSZ010000021.1   787725   788068  (27669)  C          Kuruka  Unspecified  (27669)   787725   788068
  311 30.65  6.10  6.10     CAKJSZ010000021.1   798016   798359  (17378)  C          Kuruka  Unspecified  (17378)   798016   798359
  311 30.65  6.10  6.10     CAKJSZ010000021.1   808322   808665   (7072)  C          Kuruka  Unspecified   (7072)   808322   808665
 2004 34.90  2.30  1.88     CAKJSZ010000022.1   504955   506172  (84247)  C          Kuruka  Unspecified  (84247)   504955   506172
 2017 34.80  2.30  1.88     CAKJSZ010000023.1   193473   194690 (105523)  C          Kuruka  Unspecified (105523)   193473   194690
 1160 35.95  2.66  2.20     CAKJSZ010000025.1    71155    72283  (16897)  +          Kuruka  Unspecified  (16897)    71155    72283
  519 33.05  0.41  0.83     CAKJSZ010000025.1    57543    57783  (31397)  C          Kuruka  Unspecified  (31397)    57543    57783
  234 32.23  7.60  7.20     CAKJSZ010000031.1   111401   112189  (14685)  +          Kuruka  Unspecified  (14685)   111401   112189
  267 38.24  0.49  0.49            OU823241.1    51432    51636 (35026354)  +          Kuruka  Unspecified (35026354)    51432    51636
  562 38.71  1.73  1.87            OU823241.1    54168    54862 (35023128)  +          Kuruka  Unspecified (35023128)    54168    54862
 1478 35.89  3.06  2.68            OU823241.1  2611989  2613328 (32464662)  +          Kuruka  Unspecified (32464662)  2611989  2613328
 1511 35.57  2.00  4.42            OU823241.1  5313522  5314771 (29763219)  +          Kuruka  Unspecified (29763219)  5313522  5314771
 1761 35.64  1.81  2.59            OU823241.1  8106266  8107590 (26970400)  +          Kuruka  Unspecified (26970400)  8106266  8107590
 1686 34.64  2.70  2.25            OU823241.1  8415777  8416925 (26661065)  +          Kuruka  Unspecified (26661065)  8415777  8416925
  296 31.91  3.50  1.37            OU823241.1 12872684 12872826 (22205164)  +          Kuruka  Unspecified (22205164) 12872684 12872826
  286 27.71  0.00  1.20            OU823241.1 18003543 18003626 (17074364)  +          Kuruka  Unspecified (17074364) 18003543 18003626
  532 35.16  1.52  2.56            OU823241.1 27895874 27896267 (7181723)  +          Kuruka  Unspecified (7181723) 27895874 27896267
  705 34.25  1.43  4.84            OU823241.1 27898192 27898682 (7179308)  +          Kuruka  Unspecified (7179308) 27898192 27898682
  309 34.84  2.63  3.08            OU823241.1 31944072 31944299 (3133691)  +          Kuruka  Unspecified (3133691) 31944072 31944299
 1476 35.89  3.28  2.90            OU823241.1 34393605 34394944 (683046)  +          Kuruka  Unspecified (683046) 34393605 34394944
  312 32.59  0.57  4.12            OU823241.1 35040982 35041157  (36833)  +          Kuruka  Unspecified  (36833) 35040982 35041157
  230 31.83  7.83  5.76            OU823241.1 35041636 35042095  (35895)  +          Kuruka  Unspecified  (35895) 35041636 35042095
  250 36.84  0.00  0.66            OU823241.1  5423136  5423288 (29654702)  C          Kuruka  Unspecified (29654702)  5423136  5423288
 1425 36.29  2.91  2.53            OU823241.1  5586157  5587496 (29490494)  C          Kuruka  Unspecified (29490494)  5586157  5587496
 1824 35.56  1.82  1.90            OU823241.1  5597898  5599213 (29478777)  C          Kuruka  Unspecified (29478777)  5597898  5599213
  277 32.81  4.55  5.34            OU823241.1  8294153  8294416 (26783574)  C          Kuruka  Unspecified (26783574)  8294153  8294416
  399 34.59  2.20  2.57            OU823241.1 19526287 19526559 (15551431)  C          Kuruka  Unspecified (15551431) 19526287 19526559
 1891 33.28  3.09  3.45            OU823241.1 22894064 22895227 (12182763)  C          Kuruka  Unspecified (12182763) 22894064 22895227
  263 30.12  0.00  1.20            OU823241.1 34577414 34577497 (500493)  C          Kuruka  Unspecified (500493) 34577414 34577497
 1421 35.87  3.21  2.75            OU823241.1 34668053 34669391 (408599)  C          Kuruka  Unspecified (408599) 34668053 34669391
  501 35.65  1.18  1.18            OU823242.1   247712   248870 (29086526)  +          Kuruka  Unspecified (29086526)   247712   248870
  269 34.23  5.37  0.00            OU823242.1   463449   463597 (28870979)  +          Kuruka  Unspecified (28870979)   463449   463597
  235 30.10  0.96  0.96            OU823242.1   463906   464009 (28870567)  +          Kuruka  Unspecified (28870567)   463906   464009
  231 23.64  0.00  0.00            OU823242.1   804114   804168 (28530408)  +          Kuruka  Unspecified (28530408)   804114   804168
  293 32.85  0.71  0.71            OU823242.1  2019453  2019593 (27314983)  +          Kuruka  Unspecified (27314983)  2019453  2019593
 1622 34.14  3.31  2.86            OU823242.1  2831157  2832305 (26502271)  +          Kuruka  Unspecified (26502271)  2831157  2832305
  238 28.39  2.44  1.20            OU823242.1  3247713  3247794 (26086782)  +          Kuruka  Unspecified (26086782)  3247713  3247794
 1028 33.57  3.36  3.36            OU823242.1  3378800  3379693 (25954883)  +          Kuruka  Unspecified (25954883)  3378800  3379693
  300 36.94  0.00  0.00            OU823242.1  6444500  6444656 (22889920)  +          Kuruka  Unspecified (22889920)  6444500  6444656
 1276 34.41  2.80  2.80            OU823242.1  7952056  7952949 (21381627)  +          Kuruka  Unspecified (21381627)  7952056  7952949
 1779 32.80  2.39  2.39            OU823242.1 14942848 14943937 (14390639)  +          Kuruka  Unspecified (14390639) 14942848 14943937
  568 38.23  3.88  2.91            OU823242.1 15820585 15821640 (13512936)  +          Kuruka  Unspecified (13512936) 15820585 15821640
  263 33.30  0.59  0.59            OU823242.1 16137322 16137949 (13197085)  +          Kuruka  Unspecified (13197085) 16137322 16137949
  263 34.02  0.59  0.59            OU823242.1 16178131 16178758 (13156276)  +          Kuruka  Unspecified (13156276) 16178131 16178758
  326 32.34  0.00  5.92            OU823242.1 16999739 16999899 (12334677)  +          Kuruka  Unspecified (12334677) 16999739 16999899
  266 34.51  0.00  0.00            OU823242.1 17314225 17314852 (12020182)  +          Kuruka  Unspecified (12020182) 17314225 17314852
 1769 34.29  2.85  3.16            OU823242.1 17685056 17686389 (11648187)  +          Kuruka  Unspecified (11648187) 17685056 17686389
  226 23.64  0.00  0.00            OU823242.1 18111801 18111855 (11222721)  +          Kuruka  Unspecified (11222721) 18111801 18111855
 2058 33.73  2.47  2.55            OU823242.1 20412304 20413678 (8920898)  +          Kuruka  Unspecified (8920898) 20412304 20413678
  774 33.82  1.88  3.83            OU823242.1 22094806 22095337 (7239239)  +          Kuruka  Unspecified (7239239) 22094806 22095337
 1909 33.18  3.09  3.45            OU823242.1 25208086 25209249 (4125327)  +          Kuruka  Unspecified (4125327) 25208086 25209249
  358 33.77  2.93  3.36            OU823242.1 25605063 25605301 (3729275)  +          Kuruka  Unspecified (3729275) 25605063 25605301
  231 23.64  0.00  0.00            OU823242.1 25940807 25940861 (3393715)  +          Kuruka  Unspecified (3393715) 25940807 25940861
 1799 35.96  2.70  2.28            OU823242.1 27213553 27214773 (2119803)  +          Kuruka  Unspecified (2119803) 27213553 27214773
  338 30.49  5.51  5.51            OU823242.1  1035142  1035377 (28299199)  C          Kuruka  Unspecified (28299199)  1035142  1035377
 1020 35.29  2.95  2.20            OU823242.1  2965987  2966664 (26367912)  C          Kuruka  Unspecified (26367912)  2965987  2966664
  761 34.47  0.97  0.97            OU823242.1  2972453  2972865 (26361711)  C          Kuruka  Unspecified (26361711)  2972453  2972865
  410 35.38  1.14  1.14            OU823242.1  6547470  6547732 (22786844)  C          Kuruka  Unspecified (22786844)  6547470  6547732
  253 31.13  0.93  0.93            OU823242.1  6625569  6625675 (22708901)  C          Kuruka  Unspecified (22708901)  6625569  6625675
  279 33.59  0.00  0.00            OU823242.1  6656687  6656817 (22677759)  C          Kuruka  Unspecified (22677759)  6656687  6656817
  259 21.67  0.00  0.00            OU823242.1  6665896  6665955 (22668621)  C          Kuruka  Unspecified (22668621)  6665896  6665955
  348 35.72  0.94  0.94            OU823242.1  6737273  6737484 (22597092)  C          Kuruka  Unspecified (22597092)  6737273  6737484
 2112 32.98  1.68  2.23            OU823242.1  7400305  7401433 (21933143)  C          Kuruka  Unspecified (21933143)  7400305  7401433
  413 35.02  0.77  1.54            OU823242.1  8313699  8313959 (21020617)  C          Kuruka  Unspecified (21020617)  8313699  8313959
 2010 34.56  2.30  1.88            OU823242.1 10866963 10868180 (18466396)  C          Kuruka  Unspecified (18466396) 10866963 10868180
  707 33.52  4.79  4.95            OU823242.1 16054638 16055951 (13279292)  C          Kuruka  Unspecified (13279292) 16054638 16055951
  350 34.68  2.56  8.11            OU823242.1 16589720 16589992 (12744584)  C          Kuruka  Unspecified (12744584) 16589720 16589992
  517 34.02  3.29  3.86            OU823242.1 17046096 17046723 (12288116)  C          Kuruka  Unspecified (12288116) 17046096 17046723
  238 28.39  2.44  1.20            OU823242.1 17525612 17525693 (11808883)  C          Kuruka  Unspecified (11808883) 17525612 17525693
  243 35.77  1.60  1.60            OU823242.1 19287355 19287479 (10047097)  C          Kuruka  Unspecified (10047097) 19287355 19287479
  389 34.59  2.20  2.57            OU823242.1 19619275 19619547 (9715029)  C          Kuruka  Unspecified (9715029) 19619275 19619547
  263 33.31  6.55  5.68            OU823242.1 20203482 20204092 (9130484)  C          Kuruka  Unspecified (9130484) 20203482 20204092
  316 33.19  0.57  4.12            OU823242.1 20204403 20204578 (9129998)  C          Kuruka  Unspecified (9129998) 20204403 20204578
  277 32.71  6.06  3.38            OU823242.1 23286656 23286886 (6047690)  C          Kuruka  Unspecified (6047690) 23286656 23286886
  289 35.01  2.46  2.46            OU823242.1 24018011 24018294 (5316282)  C          Kuruka  Unspecified (5316282) 24018011 24018294
  235 26.77  9.30  4.44            OU823242.1 25640174 25640302 (3694274)  C          Kuruka  Unspecified (3694274) 25640174 25640302
  305 33.19  0.57  4.12            OU823242.1 25641033 25641208 (3693368)  C          Kuruka  Unspecified (3693368) 25641033 25641208
  386 30.24  2.38  2.38            OU823243.1   162748   162957 (26275274)  +          Kuruka  Unspecified (26275274)   162748   162957
 1004 36.73  3.31  2.16            OU823243.1   334959   336288 (26101943)  +          Kuruka  Unspecified (26101943)   334959   336288
  239 36.59  1.59  2.00            OU823243.1   347146   347396 (26090835)  +          Kuruka  Unspecified (26090835)   347146   347396
  230 13.89  0.00  0.00            OU823243.1  1519657  1519692 (24918539)  +          Kuruka  Unspecified (24918539)  1519657  1519692
  278 22.74  0.00  1.52            OU823243.1  4478912  4478978 (21959253)  +          Kuruka  Unspecified (21959253)  4478912  4478978
  618 35.36  4.23  4.86            OU823243.1  4480895  4481893 (21956509)  +          Kuruka  Unspecified (21956509)  4480895  4481893
  286 32.41  4.55  5.34            OU823243.1  7811719  7811982 (18626249)  +          Kuruka  Unspecified (18626249)  7811719  7811982
  228 13.78  8.47  1.59            OU823243.1 10917133 10917191 (15521040)  +          Kuruka  Unspecified (15521040) 10917133 10917191
 1667 34.85  2.79  2.34            OU823243.1 22136363 22137511 (4300720)  +          Kuruka  Unspecified (4300720) 22136363 22137511
  537 29.89  0.54  0.54            OU823243.1 25046056 25046240 (1391991)  +          Kuruka  Unspecified (1391991) 25046056 25046240
 1450 36.30  3.19  2.97            OU823243.1 26010130 26011475 (426756)  +          Kuruka  Unspecified (426756) 26010130 26011475
  326 34.08  2.16  2.60            OU823243.1   374505   374736 (26063495)  C          Kuruka  Unspecified (26063495)   374505   374736
 2086 33.36  3.74  3.89            OU823243.1  4232281  4233643 (22204588)  C          Kuruka  Unspecified (22204588)  4232281  4233643
  590 33.74  0.40  0.80            OU823243.1 15085314 15085564 (11352667)  C          Kuruka  Unspecified (11352667) 15085314 15085564
 1921 35.20  1.90  1.98            OU823243.1 23360698 23362013 (3076218)  C          Kuruka  Unspecified (3076218) 23360698 23362013
 1339 34.37  3.22  2.77            OU823243.1 24544115 24545263 (1892968)  C          Kuruka  Unspecified (1892968) 24544115 24545263
 1492 35.33  2.95  2.77            OU823243.1 24734878 24735995 (1702236)  C          Kuruka  Unspecified (1702236) 24734878 24735995
 1230 34.84  2.14  2.26            OU823243.1 26124237 26125076 (313155)  C          Kuruka  Unspecified (313155) 26124237 26125076
  529 34.37  0.92  0.92            OU823243.1 26130677 26131002 (307229)  C          Kuruka  Unspecified (307229) 26130677 26131002
  687 30.92  1.61  1.94            OU823243.1 26231391 26231700 (206531)  C          Kuruka  Unspecified (206531) 26231391 26231700
  893 35.32  3.54  1.45            OU823243.1 26232485 26233162 (205069)  C          Kuruka  Unspecified (205069) 26232485 26233162
  384 31.41  3.81  5.26            OU823243.1 26362473 26362761  (75470)  C          Kuruka  Unspecified  (75470) 26362473 26362761
  225 32.52  0.96  0.00            OU823244.1   115530   116157 (25015708)  +          Kuruka  Unspecified (25015708)   115530   116157
  268 30.49  0.00  0.00            OU823244.1 14756468 14756549 (10374792)  +          Kuruka  Unspecified (10374792) 14756468 14756549
  952 30.53  9.45  4.46            OU823244.1 23239255 23240238 (1891103)  +          Kuruka  Unspecified (1891103) 23239255 23240238
 2019 33.13  2.13  2.31            OU823244.1 23256543 23257670 (1873671)  +          Kuruka  Unspecified (1873671) 23256543 23257670
  237 28.04  5.31  5.31            OU823244.1    54089    54201 (25077140)  C          Kuruka  Unspecified (25077140)    54089    54201
  260 34.38  4.27  4.27            OU823244.1    54976    55209 (25076132)  C          Kuruka  Unspecified (25076132)    54976    55209
 2002 33.51  3.78  3.63            OU823244.1   144448   145850 (24985491)  C          Kuruka  Unspecified (24985491)   144448   145850
  241 25.40  0.00  0.00            OU823244.1  1111108  1111170 (24020171)  C          Kuruka  Unspecified (24020171)  1111108  1111170
  236 27.78  4.31 10.00            OU823244.1  4146539  4146654 (20984687)  C          Kuruka  Unspecified (20984687)  4146539  4146654
  268 30.49  0.00  0.00            OU823244.1  8885929  8886010 (16245331)  C          Kuruka  Unspecified (16245331)  8885929  8886010
  241 25.40  0.00  0.00            OU823244.1 11446635 11446697 (13684644)  C          Kuruka  Unspecified (13684644) 11446635 11446697
  301 34.20  4.13  4.56            OU823244.1 11686292 11686533 (13444808)  C          Kuruka  Unspecified (13444808) 11686292 11686533
 1996 33.86  2.71  2.47            OU823244.1 16111209 16112501 (9018840)  C          Kuruka  Unspecified (9018840) 16111209 16112501
 1639 33.57  2.39  2.79            OU823244.1 16714282 16715326 (8416015)  C          Kuruka  Unspecified (8416015) 16714282 16715326
  471 34.38  1.16  1.16            OU823244.1 21781434 21781692 (3349649)  C          Kuruka  Unspecified (3349649) 21781434 21781692
  503 34.21  3.29  3.86            OU823244.1 22046681 22047308 (3084296)  C          Kuruka  Unspecified (3084296) 22046681 22047308
 2252 33.24  1.38  1.48            OU823245.1  5093468  5094551 (19737975)  +          Kuruka  Unspecified (19737975)  5093468  5094551
 1486 36.36  2.69  2.30            OU823245.1  8424544  8425883 (16406643)  +          Kuruka  Unspecified (16406643)  8424544  8425883
  434 34.63  0.77  1.16            OU823245.1  9220039  9220298 (15612228)  +          Kuruka  Unspecified (15612228)  9220039  9220298
 1924 35.02  1.82  1.90            OU823245.1 11912191 11913506 (12919020)  +          Kuruka  Unspecified (12919020) 11912191 11913506
  231 23.64  0.00  0.00            OU823245.1 12568431 12568485 (12264041)  +          Kuruka  Unspecified (12264041) 12568431 12568485
 1608 34.46  3.22  2.77            OU823245.1 17954328 17955476 (6877050)  +          Kuruka  Unspecified (6877050) 17954328 17955476
  367 36.59  1.59  2.00            OU823245.1 23925999 23926249 (906277)  +          Kuruka  Unspecified (906277) 23925999 23926249
  367 36.59  1.59  2.00            OU823245.1 23931818 23932068 (900458)  +          Kuruka  Unspecified (900458) 23931818 23932068
  367 36.59  1.59  2.00            OU823245.1 23937637 23937887 (894639)  +          Kuruka  Unspecified (894639) 23937637 23937887
  367 36.59  1.59  2.00            OU823245.1 23943456 23943706 (888820)  +          Kuruka  Unspecified (888820) 23943456 23943706
  255 27.94  0.00  0.00            OU823245.1  1823594  1823661 (23008865)  C          Kuruka  Unspecified (23008865)  1823594  1823661
 2075 33.28  1.55  1.90            OU823245.1  2700073  2701236 (22131290)  C          Kuruka  Unspecified (22131290)  2700073  2701236
  269 38.14  1.85  0.46            OU823245.1  4049234  4049449 (20783077)  C          Kuruka  Unspecified (20783077)  4049234  4049449
  255 21.05  0.00  0.00            OU823245.1  7217183  7217239 (17615287)  C          Kuruka  Unspecified (17615287)  7217183  7217239
 1435 36.22  2.91  2.53            OU823245.1  9887517  9888856 (14943670)  C          Kuruka  Unspecified (14943670)  9887517  9888856
  590 33.74  0.40  0.80            OU823245.1 19022289 19022539 (5809987)  C          Kuruka  Unspecified (5809987) 19022289 19022539
 1889 34.60  1.64  1.73            OU823245.1 22453581 22454736 (2377790)  C          Kuruka  Unspecified (2377790) 22453581 22454736
 1166 35.03  3.37  2.91            OU823245.1 24679046 24680174 (152352)  C          Kuruka  Unspecified (152352) 24679046 24680174
 1692 34.84  2.52  2.08            OU823246.1   115687   116835 (24650778)  +          Kuruka  Unspecified (24650778)   115687   116835
 1611 34.17  3.39  2.95            OU823246.1  4512026  4513174 (20254439)  +          Kuruka  Unspecified (20254439)  4512026  4513174
 2327 33.65  2.26  2.26            OU823246.1  8840381  8841666 (15925947)  +          Kuruka  Unspecified (15925947)  8840381  8841666
  286 32.41  4.55  5.34            OU823246.1 22746653 22746916 (2020697)  +          Kuruka  Unspecified (2020697) 22746653 22746916
  310 30.15  3.29  3.97            OU823246.1   739628   739779 (24027834)  C          Kuruka  Unspecified (24027834)   739628   739779
  518 37.58  3.43  2.55            OU823246.1  3845425  3846123 (20921490)  C          Kuruka  Unspecified (20921490)  3845425  3846123
  276 37.11  0.00  0.00            OU823246.1 12808454 12808612 (11959001)  C          Kuruka  Unspecified (11959001) 12808454 12808612
  226 31.91  7.71  7.93            OU823246.1 18481831 18482310 (6285303)  C          Kuruka  Unspecified (6285303) 18481831 18482310
  513 34.02  3.29  3.86            OU823246.1 23015542 23016169 (1751707)  C          Kuruka  Unspecified (1751707) 23015542 23016169
  801 35.44  1.83  2.01            OU823246.1 24480869 24481415 (286198)  C          Kuruka  Unspecified (286198) 24480869 24481415
 1962 33.40  1.49  1.58            OU823247.1   238966   240106 (24489990)  +          Kuruka  Unspecified (24489990)   238966   240106
 1889 34.60  1.64  1.73            OU823247.1  3540729  3541884 (21188212)  +          Kuruka  Unspecified (21188212)  3540729  3541884
  363 33.33  2.94  2.94            OU823247.1 11925468 11925705 (12804391)  +          Kuruka  Unspecified (12804391) 11925468 11925705
  299 32.79  6.40  3.85            OU823247.1 13894506 13894708 (10835388)  +          Kuruka  Unspecified (10835388) 13894506 13894708
 1894 34.84  2.56  2.41            OU823247.1 15508619 15510027 (9220069)  +          Kuruka  Unspecified (9220069) 15508619 15510027
  489 33.71  0.00  0.00            OU823247.1 16058821 16058998 (8671098)  +          Kuruka  Unspecified (8671098) 16058821 16058998
  299 35.51  1.99  2.40            OU823247.1 19299195 19299445 (5430651)  +          Kuruka  Unspecified (5430651) 19299195 19299445
 2117 34.70  1.43  1.52            OU823247.1 19911871 19912991 (4817105)  +          Kuruka  Unspecified (4817105) 19911871 19912991
 1633 34.96  2.61  2.08            OU823247.1 20769739 20770886 (3959210)  +          Kuruka  Unspecified (3959210) 20769739 20770886
 2350 31.63  2.49  2.84            OU823247.1 22664969 22666133 (2063963)  +          Kuruka  Unspecified (2063963) 22664969 22666133
 1591 37.65  1.92  1.56            OU823247.1    85707    87112 (24642984)  C          Kuruka  Unspecified (24642984)    85707    87112
  331 28.45  4.78  5.24            OU823247.1   248146   248375 (24481721)  C          Kuruka  Unspecified (24481721)   248146   248375
 2479 33.10  1.55  1.90            OU823247.1  3612812  3613975 (21116121)  C          Kuruka  Unspecified (21116121)  3612812  3613975
 1865 33.37  3.09  3.45            OU823247.1  6597128  6598291 (18131805)  C          Kuruka  Unspecified (18131805)  6597128  6598291
  505 33.48  0.41  0.83            OU823247.1 11770071 11770311 (12959785)  C          Kuruka  Unspecified (12959785) 11770071 11770311
 1878 35.32  1.82  1.90            OU823247.1 13264221 13265536 (11464560)  C          Kuruka  Unspecified (11464560) 13264221 13265536
  301 28.70  3.31  5.41            OU823247.1 13860582 13860732 (10869364)  C          Kuruka  Unspecified (10869364) 13860582 13860732
  864 32.48  4.19  2.75            OU823247.1 13986655 13987227 (10742869)  C          Kuruka  Unspecified (10742869) 13986655 13987227
 1038 33.48  1.19  2.20            OU823247.1 13987473 13987976 (10742120)  C          Kuruka  Unspecified (10742120) 13987473 13987976
 1947 33.08  2.68  3.55            OU823247.1 14222183 14223489 (10506607)  C          Kuruka  Unspecified (10506607) 14222183 14223489
  235 31.03  0.00  0.00            OU823247.1 14540792 14540961 (10189205)  C          Kuruka  Unspecified (10189205) 14540792 14540961
 2070 31.89  2.23  2.58            OU823247.1 24424274 24425438 (304658)  C          Kuruka  Unspecified (304658) 24424274 24425438
 1516 35.56  3.21  2.75            OU823248.1  8708469  8709807 (15874793)  +          Kuruka  Unspecified (15874793)  8708469  8709807
  274 34.38  4.27  4.27            OU823248.1 18485764 18485997 (6098603)  +          Kuruka  Unspecified (6098603) 18485764 18485997
  244 38.12  0.55  0.55            OU823248.1 18486247 18486428 (6098172)  +          Kuruka  Unspecified (6098172) 18486247 18486428
 1982 34.92  2.13  1.72            OU823248.1 21088254 21089471 (3495129)  +          Kuruka  Unspecified (3495129) 21088254 21089471
 1422 36.24  2.99  2.53            OU823248.1 23792001 23793339 (791261)  +          Kuruka  Unspecified (791261) 23792001 23793339
 1459 36.04  2.70  2.28            OU823248.1   767314   768534 (23816066)  C          Kuruka  Unspecified (23816066)   767314   768534
 1914 35.09  1.82  1.90            OU823248.1  1297740  1299055 (23285545)  C          Kuruka  Unspecified (23285545)  1297740  1299055
  655 33.50  1.42  6.16            OU823248.1  2420296  2420788 (22163812)  C          Kuruka  Unspecified (22163812)  2420296  2420788
  513 34.02  3.29  3.86            OU823248.1  2536567  2537194 (22047669)  C          Kuruka  Unspecified (22047669)  2536567  2537194
 2126 33.65  1.85  2.28            OU823248.1  3846089  3847277 (20737323)  C          Kuruka  Unspecified (20737323)  3846089  3847277
  405 33.07  3.15  3.56            OU823248.1  3870312  3870565 (20714035)  C          Kuruka  Unspecified (20714035)  3870312  3870565
 1678 34.93  2.52  2.08            OU823248.1 17170043 17171191 (7413409)  C          Kuruka  Unspecified (7413409) 17170043 17171191
 2005 35.02  1.82  1.90            OU823248.1 22378359 22379674 (2204926)  C          Kuruka  Unspecified (2204926) 22378359 22379674
  229 27.80  2.14  7.52            OU823249.1 10686087 10686226 (13532306)  +          Kuruka  Unspecified (13532306) 10686087 10686226
  241 25.40  0.00  0.00            OU823249.1 14856093 14856155 (9362377)  +          Kuruka  Unspecified (9362377) 14856093 14856155
  404 36.80  1.10  1.67            OU823249.1 15096209 15096570 (9121962)  C          Kuruka  Unspecified (9121962) 15096209 15096570
 1752 33.66  1.62  1.72            OU823249.1 15214095 15215143 (9003389)  C          Kuruka  Unspecified (9003389) 15214095 15215143
 2462 33.19  1.55  1.90            OU823249.1 21213660 21214823 (3003709)  C          Kuruka  Unspecified (3003709) 21213660 21214823
 1708 33.39  2.13  2.22            OU823249.1 21533000 21534126 (2684406)  C          Kuruka  Unspecified (2684406) 21533000 21534126
 1424 35.10  2.15  1.58            OU823249.1 23465567 23466637 (751895)  C          Kuruka  Unspecified (751895) 23465567 23466637
  281 27.71  0.00  1.20            OU823250.1    78757    78840 (23915403)  +          Kuruka  Unspecified (23915403)    78757    78840
 1836 35.17  3.70  3.33            OU823250.1  1535811  1537216 (22457027)  +          Kuruka  Unspecified (22457027)  1535811  1537216
  251 26.47  0.00  0.00            OU823250.1  9095567  9095634 (14898609)  +          Kuruka  Unspecified (14898609)  9095567  9095634
  243 35.77  1.60  1.60            OU823250.1 10000478 10000602 (13993641)  +          Kuruka  Unspecified (13993641) 10000478 10000602
  344 35.92  1.20  1.61            OU823250.1 14422416 14422664 (9571579)  +          Kuruka  Unspecified (9571579) 14422416 14422664
  249 36.16  1.52  1.52            OU823250.1 23588919 23589050 (405193)  +          Kuruka  Unspecified (405193) 23588919 23589050
 1403 33.90  3.17  5.14            OU823250.1 23700504 23701890 (292353)  +          Kuruka  Unspecified (292353) 23700504 23701890
 2206 33.42  1.38  1.48            OU823250.1 23776319 23777402 (216841)  +          Kuruka  Unspecified (216841) 23776319 23777402
  234 26.57  5.19  5.19            OU823250.1  2999101  2999235 (20995008)  C          Kuruka  Unspecified (20995008)  2999101  2999235
  576 34.13  0.40  0.80            OU823250.1  9524198  9524448 (14469795)  C          Kuruka  Unspecified (14469795)  9524198  9524448
  241 25.40  0.00  0.00            OU823250.1 19241710 19241772 (4752471)  C          Kuruka  Unspecified (4752471) 19241710 19241772
  324 32.50  0.62  1.24            OU823250.1 23744122 23744283 (249960)  C          Kuruka  Unspecified (249960) 23744122 23744283
 1570 33.78  3.09  2.36            OU823251.1  1225357  1226490 (22601111)  +          Kuruka  Unspecified (22601111)  1225357  1226490
 2133 34.21  1.89  1.98            OU823251.1  4410046  4411208 (19416393)  +          Kuruka  Unspecified (19416393)  4410046  4411208
  278 35.04  3.29  3.72            OU823251.1  5936943  5937185 (17890416)  +          Kuruka  Unspecified (17890416)  5936943  5937185
  367 31.61  1.27  1.27            OU823251.1 12536385 12536541 (11291060)  +          Kuruka  Unspecified (11291060) 12536385 12536541
  278 28.14  5.15  5.93            OU823251.1 15444796 15444931 (8382670)  +          Kuruka  Unspecified (8382670) 15444796 15444931
 2235 33.13  2.54  2.62            OU823251.1 22309146 22310444 (1517157)  +          Kuruka  Unspecified (1517157) 22309146 22310444
  339 36.31  0.00  0.00            OU823251.1 23689411 23689567 (138034)  +          Kuruka  Unspecified (138034) 23689411 23689567
  242 28.69  2.59  0.85            OU823251.1 23689881 23689996 (137605)  +          Kuruka  Unspecified (137605) 23689881 23689996
  358 33.77  2.93  3.36            OU823251.1  1832913  1833151 (21994450)  C          Kuruka  Unspecified (21994450)  1832913  1833151
  281 31.51  3.29  3.97            OU823251.1  2165694  2165845 (21661756)  C          Kuruka  Unspecified (21661756)  2165694  2165845
 1798 33.27  3.35  2.95            OU823251.1  2370316  2371597 (21456004)  C          Kuruka  Unspecified (21456004)  2370316  2371597
 1753 34.89  1.92  1.43            OU823251.1  4995388  4996431 (18831170)  C          Kuruka  Unspecified (18831170)  4995388  4996431
  487 34.63  0.77  1.16            OU823251.1  5035426  5035685 (18791916)  C          Kuruka  Unspecified (18791916)  5035426  5035685
 2335 32.86  2.32  2.88            OU823251.1  5123351  5124641 (18702960)  C          Kuruka  Unspecified (18702960)  5123351  5124641
  490 34.40  3.29  3.86            OU823251.1  7089384  7090011 (16737853)  C          Kuruka  Unspecified (16737853)  7089384  7090011
 2182 34.22  1.89  2.07            OU823251.1 13144666 13145829 (10681772)  C          Kuruka  Unspecified (10681772) 13144666 13145829
 1882 33.62  2.96  2.56            OU823251.1 17057956 17059237 (6768364)  C          Kuruka  Unspecified (6768364) 17057956 17059237
  360 35.92  1.20  1.61            OU823251.1 23318303 23318551 (509050)  C          Kuruka  Unspecified (509050) 23318303 23318551
  370 33.34  3.08  3.54            OU823251.1 23650882 23651108 (176493)  C          Kuruka  Unspecified (176493) 23650882 23651108
 1972 32.70  2.55  3.03            OU823252.1   533440   534732 (22931249)  +          Kuruka  Unspecified (22931249)   533440   534732
  405 28.45  4.78  5.24            OU823252.1  2972276  2972505 (20493476)  +          Kuruka  Unspecified (20493476)  2972276  2972505
  327 36.31  0.00  0.00            OU823252.1  9846447  9846603 (13619378)  +          Kuruka  Unspecified (13619378)  9846447  9846603
  239 28.69  2.59  0.85            OU823252.1  9846917  9847032 (13618949)  +          Kuruka  Unspecified (13618949)  9846917  9847032
  243 35.77  1.60  1.60            OU823252.1 11776645 11776769 (11689212)  +          Kuruka  Unspecified (11689212) 11776645 11776769
  313 26.25  0.00  0.00            OU823252.1 12344171 12344250 (11121731)  +          Kuruka  Unspecified (11121731) 12344171 12344250
  239 25.40  0.00  0.00            OU823252.1 12911029 12911091 (10554890)  +          Kuruka  Unspecified (10554890) 12911029 12911091
 2043 33.03  2.13  2.22            OU823252.1 15923653 15924779 (7541202)  C          Kuruka  Unspecified (7541202) 15923653 15924779
 1605 34.59  1.48  1.58            OU823252.1 20731239 20732316 (2733665)  C          Kuruka  Unspecified (2733665) 20731239 20732316
  262 28.92  0.00  1.20            OU823253.1  7317147  7317230 (16142679)  +          Kuruka  Unspecified (16142679)  7317147  7317230
 2325 33.65  2.26  2.26            OU823253.1  7657436  7658721 (15801188)  +          Kuruka  Unspecified (15801188)  7657436  7658721
 2409 31.28  2.49  2.84            OU823253.1  9735024  9736188 (13723721)  +          Kuruka  Unspecified (13723721)  9735024  9736188
 1677 34.94  1.97  1.55            OU823253.1 15180480 15181697 (8278212)  +          Kuruka  Unspecified (8278212) 15180480 15181697
  229 29.33  2.92  2.92            OU823253.1 16989743 16989879 (6470030)  +          Kuruka  Unspecified (6470030) 16989743 16989879
 1723 33.66  1.62  1.81            OU823253.1 23333759 23334808 (125101)  +          Kuruka  Unspecified (125101) 23333759 23334808
  378 35.03  0.00  0.00            OU823253.1   130963   131119 (23328790)  C          Kuruka  Unspecified (23328790)   130963   131119
 2074 32.94  2.13  2.22            OU823253.1  3254335  3255461 (20204448)  C          Kuruka  Unspecified (20204448)  3254335  3255461
 2292 32.97  2.32  2.40            OU823253.1  7557932  7559140 (15900769)  C          Kuruka  Unspecified (15900769)  7557932  7559140
 1917 33.72  2.58  3.02            OU823253.1  9636463  9637627 (13822282)  C          Kuruka  Unspecified (13822282)  9636463  9637627
  659 32.42  1.04  1.30            OU823253.1 21234031 21234949 (2225493)  C          Kuruka  Unspecified (2225493) 21234031 21234949
 1972 34.85  1.61  1.61            OU823253.1 21568719 21569838 (1890071)  C          Kuruka  Unspecified (1890071) 21568719 21569838
 1485 36.36  2.69  2.30            OU823253.1 22223167 22224506 (1235403)  C          Kuruka  Unspecified (1235403) 22223167 22224506
  407 34.59  2.20  2.57            OU823253.1 22793388 22793660 (666249)  C          Kuruka  Unspecified (666249) 22793388 22793660
 1909 33.18  3.09  3.45            OU823254.1   583615   584778 (22742403)  +          Kuruka  Unspecified (22742403)   583615   584778
  276 26.51  0.00  1.20            OU823254.1  1488206  1488289 (21838892)  +          Kuruka  Unspecified (21838892)  1488206  1488289
 2075 33.28  1.55  1.90            OU823254.1 12860241 12861404 (10465777)  +          Kuruka  Unspecified (10465777) 12860241 12861404
  354 36.19  0.77  1.16            OU823254.1 22835701 22835960 (491221)  +          Kuruka  Unspecified (491221) 22835701 22835960
 1884 34.60  1.64  1.73            OU823254.1   698981   700136 (22627045)  C          Kuruka  Unspecified (22627045)   698981   700136
  494 36.66  2.70  3.40            OU823254.1 10640622 10641214 (12685967)  C          Kuruka  Unspecified (12685967) 10640622 10641214
  968 34.78  3.70  4.09            OU823254.1 16740432 16741486 (6585695)  C          Kuruka  Unspecified (6585695) 16740432 16741486
 1456 36.79  2.61  2.23            OU823254.1 18045059 18046398 (5280783)  C          Kuruka  Unspecified (5280783) 18045059 18046398
 2481 33.02  1.55  1.90            OU823254.1 18567423 18568586 (4758595)  C          Kuruka  Unspecified (4758595) 18567423 18568586
 1635 33.81  2.41  2.49            OU823254.1 19112114 19113399 (4213782)  C          Kuruka  Unspecified (4213782) 19112114 19113399
 1603 34.60  1.64  1.73            OU823254.1 22218575 22219730 (1107451)  C          Kuruka  Unspecified (1107451) 22218575 22219730
 2222 34.44  1.55  1.64            OU823255.1  1458238  1459400 (21802557)  +          Kuruka  Unspecified (21802557)  1458238  1459400
  238 28.39  2.44  1.20            OU823255.1  1745550  1745631 (21516326)  +          Kuruka  Unspecified (21516326)  1745550  1745631
  275 31.51  3.29  3.97            OU823255.1  4121502  4121653 (19140304)  +          Kuruka  Unspecified (19140304)  4121502  4121653
 1938 35.02  1.82  1.90            OU823255.1  5001839  5003154 (18258803)  +          Kuruka  Unspecified (18258803)  5001839  5003154
 1513 35.54  3.36  2.97            OU823255.1  7110736  7112075 (16149882)  +          Kuruka  Unspecified (16149882)  7110736  7112075
 1880 35.12  1.90  1.90            OU823255.1  9568456  9569770 (13692187)  +          Kuruka  Unspecified (13692187)  9568456  9569770
  371 31.58  2.98  5.68            OU823255.1 11106362 11106596 (12155361)  +          Kuruka  Unspecified (12155361) 11106362 11106596
 1914 35.09  1.82  1.90            OU823255.1 18327915 18329230 (4932727)  +          Kuruka  Unspecified (4932727) 18327915 18329230
  243 35.77  1.60  1.60            OU823255.1 22306291 22306415 (955542)  +          Kuruka  Unspecified (955542) 22306291 22306415
 2389 33.19  1.55  1.90            OU823255.1  7379851  7381014 (15880943)  C          Kuruka  Unspecified (15880943)  7379851  7381014
  316 32.38  2.93  3.36            OU823255.1 12845721 12845959 (10415998)  C          Kuruka  Unspecified (10415998) 12845721 12845959
  251 28.58  2.14  7.52            OU823255.1 13781725 13781864 (9480093)  C          Kuruka  Unspecified (9480093) 13781725 13781864
  278 30.49  0.00  0.00            OU823255.1 13822416 13822497 (9439460)  C          Kuruka  Unspecified (9439460) 13822416 13822497
  322 31.76  6.40  3.85            OU823255.1 16062205 16062407 (7199550)  C          Kuruka  Unspecified (7199550) 16062205 16062407
 1732 33.12  2.41  1.87            OU823255.1 18575230 18576349 (4685608)  C          Kuruka  Unspecified (4685608) 18575230 18576349
  262 27.94  0.00  0.00            OU823256.1  1607478  1607545 (21599442)  +          Kuruka  Unspecified (21599442)  1607478  1607545
  386 34.52  5.76  7.27            OU823256.1  4302315  4303095 (18903892)  +          Kuruka  Unspecified (18903892)  4302315  4303095
  282 32.81  4.55  5.34            OU823256.1 11610132 11610395 (11596592)  +          Kuruka  Unspecified (11596592) 11610132 11610395
 1039 34.25  1.43  1.43            OU823256.1 19448697 19449324 (3757663)  +          Kuruka  Unspecified (3757663) 19448697 19449324
  747 31.23  2.30  2.56            OU823256.1 19450692 19451082 (3755905)  +          Kuruka  Unspecified (3755905) 19450692 19451082
 1938 35.02  1.82  1.90            OU823256.1 19673661 19674976 (3532011)  +          Kuruka  Unspecified (3532011) 19673661 19674976
  324 34.08  2.16  2.60            OU823256.1 20505860 20506091 (2700896)  +          Kuruka  Unspecified (2700896) 20505860 20506091
  477 35.41  0.77  1.16            OU823256.1 22968262 22968521 (238466)  +          Kuruka  Unspecified (238466) 22968262 22968521
  274 30.26  3.82  3.16            OU823256.1  2264462  2264618 (20942369)  C          Kuruka  Unspecified (20942369)  2264462  2264618
 1836 35.43  3.11  2.69            OU823256.1  4972010  4973230 (18233757)  C          Kuruka  Unspecified (18233757)  4972010  4973230
  317 34.06  2.50  3.36            OU823256.1 15194164 15194403 (8012584)  C          Kuruka  Unspecified (8012584) 15194164 15194403
  872 31.72  4.12  4.66            OU823256.1 20970800 20971381 (2235606)  C          Kuruka  Unspecified (2235606) 20970800 20971381
 1464 33.24  1.13  1.56            OU823256.1 20974714 20975422 (2231565)  C          Kuruka  Unspecified (2231565) 20974714 20975422
 2030 35.29  2.27  2.34            OU823257.1  7024925  7026291 (16027473)  +          Kuruka  Unspecified (16027473)  7024925  7026291
  455 32.43  0.00  0.00            OU823257.1  7091964  7092148 (15961616)  +          Kuruka  Unspecified (15961616)  7091964  7092148
 1603 34.60  1.64  1.73            OU823257.1  8916253  8917408 (14136356)  +          Kuruka  Unspecified (14136356)  8916253  8917408
  340 36.25  1.23  1.23            OU823257.1  9096830  9097072 (13956692)  +          Kuruka  Unspecified (13956692)  9096830  9097072
  344 35.92  1.20  1.61            OU823257.1 13725751 13725999 (9327765)  +          Kuruka  Unspecified (9327765) 13725751 13725999
 1319 34.70  2.38  2.47            OU823257.1 22661541 22662716 (391048)  +          Kuruka  Unspecified (391048) 22661541 22662716
 1606 34.17  3.39  2.95            OU823257.1  6022448  6023596 (17030168)  C          Kuruka  Unspecified (17030168)  6022448  6023596
 1639 36.14  2.95  2.45            OU823257.1  8416591  8417810 (14635954)  C          Kuruka  Unspecified (14635954)  8416591  8417810
 1755 33.60  3.35  2.95            OU823257.1 17035494 17036775 (6016989)  C          Kuruka  Unspecified (6016989) 17035494 17036775
 1867 35.24  1.82  1.90            OU823257.1 21613645 21614960 (1438804)  C          Kuruka  Unspecified (1438804) 21613645 21614960
  235 26.77  9.30  4.44            OU823257.1 22366311 22366439 (687325)  C          Kuruka  Unspecified (687325) 22366311 22366439
  305 33.19  0.57  4.12            OU823257.1 22367170 22367345 (686419)  C          Kuruka  Unspecified (686419) 22367170 22367345
 1778 33.71  3.20  2.72            OU823258.1  1810098  1811378 (21182761)  +          Kuruka  Unspecified (21182761)  1810098  1811378
 2015 33.27  1.96  1.96            OU823258.1 15763743 15764965 (7229174)  +          Kuruka  Unspecified (7229174) 15763743 15764965
 1875 34.94  1.81  1.98            OU823258.1   247761   248922 (22745217)  C          Kuruka  Unspecified (22745217)   247761   248922
 1982 33.31  2.94  2.70            OU823258.1  7678398  7679690 (15314449)  C          Kuruka  Unspecified (15314449)  7678398  7679690
  318 31.62  0.00  0.00            OU823258.1 10929561 10929677 (12064462)  C          Kuruka  Unspecified (12064462) 10929561 10929677
 2409 31.28  2.49  2.84            OU823258.1 16545164 16546328 (6447811)  C          Kuruka  Unspecified (6447811) 16545164 16546328
 1998 33.66  1.62  1.72            OU823258.1 16648727 16649775 (6344364)  C          Kuruka  Unspecified (6344364) 16648727 16649775
 1995 35.02  1.97  1.55            OU823258.1 21835010 21836227 (1157912)  C          Kuruka  Unspecified (1157912) 21835010 21836227
  243 35.77  1.60  1.60            OU823259.1   608126   608250 (21460298)  +          Kuruka  Unspecified (21460298)   608126   608250
  246 32.89  3.92  4.61            OU823259.1  1461931  1462083 (20606465)  +          Kuruka  Unspecified (20606465)  1461931  1462083
  243 35.77  1.60  1.60            OU823259.1  2671685  2671809 (19396739)  +          Kuruka  Unspecified (19396739)  2671685  2671809
 2099 33.19  1.55  1.90            OU823259.1  3506063  3507226 (18561322)  +          Kuruka  Unspecified (18561322)  3506063  3507226
  274 31.67  5.00  0.00            OU823259.1  5694412  5694531 (16374017)  +          Kuruka  Unspecified (16374017)  5694412  5694531
  269 31.67  5.00  0.00            OU823259.1  5802712  5802831 (16265717)  +          Kuruka  Unspecified (16265717)  5802712  5802831
  372 34.17  1.98  1.48            OU823259.1  6129254  6129455 (15939093)  +          Kuruka  Unspecified (15939093)  6129254  6129455
  305 33.19  0.57  4.12            OU823259.1  6695923  6696098 (15372450)  +          Kuruka  Unspecified (15372450)  6695923  6696098
  235 26.77  9.30  4.44            OU823259.1  6696829  6696957 (15371591)  +          Kuruka  Unspecified (15371591)  6696829  6696957
  231 23.64  0.00  0.00            OU823259.1 10070200 10070254 (11998294)  +          Kuruka  Unspecified (11998294) 10070200 10070254
  291 27.27  3.41  0.00            OU823259.1 14736411 14736498 (7332050)  +          Kuruka  Unspecified (7332050) 14736411 14736498
  318 33.07  3.15  3.56            OU823259.1 15378682 15378935 (6689613)  +          Kuruka  Unspecified (6689613) 15378682 15378935
  621 34.79  1.16  1.16            OU823259.1 17808938 17809283 (4259265)  +          Kuruka  Unspecified (4259265) 17808938 17809283
  325 35.77  4.62  0.00            OU823259.1 17815571 17815830 (4252718)  +          Kuruka  Unspecified (4252718) 17815571 17815830
  233 33.49  4.63  4.63            OU823259.1   648055   648270 (21420278)  C          Kuruka  Unspecified (21420278)   648055   648270
  229 27.80  2.14  7.52            OU823259.1  2432203  2432342 (19636206)  C          Kuruka  Unspecified (19636206)  2432203  2432342
 1810 33.27  3.35  2.95            OU823259.1  3784395  3785676 (18282872)  C          Kuruka  Unspecified (18282872)  3784395  3785676
  242 24.76  5.77  6.80            OU823259.1  5722069  5722172 (16346376)  C          Kuruka  Unspecified (16346376)  5722069  5722172
 1261 34.87  2.67  2.86            OU823259.1  5740616  5741737 (16326811)  C          Kuruka  Unspecified (16326811)  5740616  5741737
  421 27.99  4.78  5.24            OU823259.1 11216813 11217042 (10851506)  C          Kuruka  Unspecified (10851506) 11216813 11217042
  516 37.80  1.20  1.20            OU823259.1 14216252 14216583 (7851965)  C          Kuruka  Unspecified (7851965) 14216252 14216583
  286 27.71  0.00  1.20            OU823259.1 17369932 17370015 (4698533)  C          Kuruka  Unspecified (4698533) 17369932 17370015
  513 34.02  3.29  3.86            OU823259.1 19036879 19037506 (3031305)  C          Kuruka  Unspecified (3031305) 19036879 19037506
  567 33.48  0.39  1.96            OU823259.1 19763777 19764035 (2304513)  C          Kuruka  Unspecified (2304513) 19763777 19764035
  968 34.50  2.35  2.16            OU823259.1 19767866 19768419 (2300129)  C          Kuruka  Unspecified (2300129) 19767866 19768419
  245 33.90  4.38  4.80            OU823260.1   110574   110824 (21899136)  +          Kuruka  Unspecified (21899136)   110574   110824
 1787 34.20  0.95  1.04            OU823260.1  2490805  2491862 (19518098)  +          Kuruka  Unspecified (19518098)  2490805  2491862
 2276 32.81  2.54  2.62            OU823260.1  3739752  3741050 (18268910)  +          Kuruka  Unspecified (18268910)  3739752  3741050
 2281 33.32  2.24  2.72            OU823260.1  4948391  4949683 (17060277)  +          Kuruka  Unspecified (17060277)  4948391  4949683
 1869 35.32  1.82  1.90            OU823260.1  6847621  6848936 (15161024)  +          Kuruka  Unspecified (15161024)  6847621  6848936
 2404 31.99  2.75  3.08            OU823260.1  9624612  9625882 (12384078)  +          Kuruka  Unspecified (12384078)  9624612  9625882
  229 27.80  2.14  7.52            OU823260.1 15955404 15955543 (6054417)  +          Kuruka  Unspecified (6054417) 15955404 15955543
 1918 33.37  1.04  1.14            OU823260.1 20162094 20163151 (1846809)  +          Kuruka  Unspecified (1846809) 20162094 20163151
  370 29.46  0.88  0.88            OU823260.1  7043951  7044063 (14965897)  C          Kuruka  Unspecified (14965897)  7043951  7044063
  513 34.02  3.29  3.86            OU823260.1  7541298  7541925 (14468298)  C          Kuruka  Unspecified (14468298)  7541298  7541925
  399 34.59  2.20  2.57            OU823260.1  7621375  7621647 (14388313)  C          Kuruka  Unspecified (14388313)  7621375  7621647
  262 27.94  0.00  0.00            OU823260.1  8815729  8815796 (13194164)  C          Kuruka  Unspecified (13194164)  8815729  8815796
  422 27.99  4.78  5.24            OU823260.1  9121511  9121740 (12888220)  C          Kuruka  Unspecified (12888220)  9121511  9121740
  458 31.05  2.87  8.54            OU823260.1 10950067 10950712 (11059511)  C          Kuruka  Unspecified (11059511) 10950067 10950712
 2003 33.61  3.40  3.84            OU823260.1 18331737 18333147 (3676813)  C          Kuruka  Unspecified (3676813) 18331737 18333147
  378 31.55  1.90  1.90            OU823260.1 22009751 22009960      (0)  C          Kuruka  Unspecified      (0) 22009751 22009960
 1861 35.07  1.98  2.05            OU823261.1  4991657  4992972 (16979138)  +          Kuruka  Unspecified (16979138)  4991657  4992972
 2056 33.33  1.95  2.04            OU823261.1 11712459 11713585 (10258525)  +          Kuruka  Unspecified (10258525) 11712459 11713585
  276 38.41  4.31  1.04            OU823261.1 13368558 13368928 (8603182)  +          Kuruka  Unspecified (8603182) 13368558 13368928
  400 33.64  2.47  3.89            OU823261.1 13369278 13369642 (8602468)  +          Kuruka  Unspecified (8602468) 13369278 13369642
  358 33.77  2.93  3.36            OU823261.1 15137088 15137326 (6834784)  +          Kuruka  Unspecified (6834784) 15137088 15137326
 1440 36.01  2.99  2.60            OU823261.1 16554608 16555947 (5416163)  +          Kuruka  Unspecified (5416163) 16554608 16555947
  342 33.63  2.16  2.60            OU823261.1 16638194 16638425 (5333685)  +          Kuruka  Unspecified (5333685) 16638194 16638425
  308 30.87  0.00  3.33            OU823261.1 21618209 21618332 (353778)  +          Kuruka  Unspecified (353778) 21618209 21618332
  234 27.58  9.30  4.44            OU823261.1 21729421 21729549 (242561)  +          Kuruka  Unspecified (242561) 21729421 21729549
  875 31.60  1.28  1.28            OU823261.1 21829629 21830019 (142091)  +          Kuruka  Unspecified (142091) 21829629 21830019
  401 33.15  1.60  1.60            OU823261.1 21835507 21835693 (136417)  +          Kuruka  Unspecified (136417) 21835507 21835693
 2061 31.54  2.49  2.84            OU823261.1 15214614 15215778 (6756332)  C          Kuruka  Unspecified (6756332) 15214614 15215778
 1629 34.08  3.39  2.95            OU823261.1 19862537 19863685 (2108425)  C          Kuruka  Unspecified (2108425) 19862537 19863685
  305 33.19  0.57  4.12            OU823262.1  3101291  3101466 (18546201)  +          Kuruka  Unspecified (18546201)  3101291  3101466
  235 26.77  9.30  4.44            OU823262.1  3102197  3102325 (18545342)  +          Kuruka  Unspecified (18545342)  3102197  3102325
  466 31.98  1.20  1.20            OU823262.1 10567487 10568000 (11079931)  +          Kuruka  Unspecified (11079931) 10567487 10568000
 1750 34.80  0.76  0.85            OU823262.1 19414301 19415358 (2232309)  +          Kuruka  Unspecified (2232309) 19414301 19415358
  326 35.16  2.03  2.87            OU823262.1   255961   256206 (21391461)  C          Kuruka  Unspecified (21391461)   255961   256206
 1989 34.84  2.13  1.72            OU823262.1   702743   703960 (20943707)  C          Kuruka  Unspecified (20943707)   702743   703960
  294 27.71  0.00  1.20            OU823262.1  1487880  1487963 (20159704)  C          Kuruka  Unspecified (20159704)  1487880  1487963
 2176 33.53  1.38  1.48            OU823262.1  2463186  2464269 (19183398)  C          Kuruka  Unspecified (19183398)  2463186  2464269
  611 36.93  2.67  2.37            OU823262.1 15637619 15638292 (6009375)  C          Kuruka  Unspecified (6009375) 15637619 15638292
  249 29.46  2.65  0.87            OU823262.1 15638572 15638684 (6008983)  C          Kuruka  Unspecified (6008983) 15638572 15638684
  296 30.53  0.00  1.05            OU823262.1 21330755 21330850 (316817)  C          Kuruka  Unspecified (316817) 21330755 21330850
  290 37.76  2.34  2.75            OU823263.1  7817844  7818099 (13200445)  +          Kuruka  Unspecified (13200445)  7817844  7818099
 1791 35.77  2.87  2.45            OU823263.1 12373067 12374287 (8644257)  +          Kuruka  Unspecified (8644257) 12373067 12374287
 2125 34.39  1.34  1.52            OU823263.1  5368725  5369846 (15648698)  C          Kuruka  Unspecified (15648698)  5368725  5369846
  231 23.64  0.00  0.00            OU823263.1  7536848  7536902 (13481642)  C          Kuruka  Unspecified (13481642)  7536848  7536902
 1583 35.38  2.57  2.65            OU823263.1  9158763  9160086 (11858458)  C          Kuruka  Unspecified (11858458)  9158763  9160086
  600 33.74  0.40  0.80            OU823264.1 10748559 10748809 (9569687)  +          Kuruka  Unspecified (9569687) 10748559 10748809
 2366 33.04  1.63  1.98            OU823264.1 12002798 12003961 (8314535)  +          Kuruka  Unspecified (8314535) 12002798 12003961
 2064 33.85  1.35  1.44            OU823264.1 19229353 19230461 (1088035)  +          Kuruka  Unspecified (1088035) 19229353 19230461
  420 35.03  0.77  1.16            OU823264.1   925363   925622 (19392874)  C          Kuruka  Unspecified (19392874)   925363   925622
 2100 33.46  3.41  3.49            OU823264.1 11052185 11053590 (9264906)  C          Kuruka  Unspecified (9264906) 11052185 11053590
  388 34.84  1.83  2.21            OU823264.1 16640537 16640809 (3677687)  C          Kuruka  Unspecified (3677687) 16640537 16640809
 2078 33.19  1.55  1.90            OU823265.1  4058869  4060032 (15881195)  +          Kuruka  Unspecified (15881195)  4058869  4060032
 1195 36.11  2.57  2.12            OU823265.1  7678969  7680097 (12261130)  +          Kuruka  Unspecified (12261130)  7678969  7680097
  318 37.36  2.34  2.75            OU823265.1 17874069 17874324 (2066903)  +          Kuruka  Unspecified (2066903) 17874069 17874324
 1672 34.20  3.22  2.77            OU823265.1 17964448 17965596 (1975631)  +          Kuruka  Unspecified (1975631) 17964448 17965596
 2022 34.86  1.97  1.55            OU823265.1  5909992  5911209 (14030018)  C          Kuruka  Unspecified (14030018)  5909992  5911209
  243 35.77  1.60  1.60            OU823265.1 15407243 15407367 (4533860)  C          Kuruka  Unspecified (4533860) 15407243 15407367
  344 35.92  1.20  1.61            OU823265.1 16947254 16947502 (2993725)  C          Kuruka  Unspecified (2993725) 16947254 16947502
 1678 34.93  2.52  2.08            OU823265.1 17365857 17367005 (2574222)  C          Kuruka  Unspecified (2574222) 17365857 17367005
 1603 34.60  1.64  1.73            OU823266.1  1079611  1080766 (17885196)  +          Kuruka  Unspecified (17885196)  1079611  1080766
 2452 32.10  2.84  3.40            OU823266.1  4017603  4018905 (14947057)  +          Kuruka  Unspecified (14947057)  4017603  4018905
  319 27.77  0.81  4.17            OU823266.1  4812596  4812719 (14153243)  +          Kuruka  Unspecified (14153243)  4812596  4812719
  366 30.28  1.19  3.66            OU823266.1  4847933  4848100 (14117862)  +          Kuruka  Unspecified (14117862)  4847933  4848100
  331 28.45  4.78  5.24            OU823266.1  5643898  5644127 (13321835)  +          Kuruka  Unspecified (13321835)  5643898  5644127
  340 36.48  0.00  0.00            OU823266.1 14201471 14201629 (4764333)  +          Kuruka  Unspecified (4764333) 14201471 14201629
  250 28.69  2.59  0.85            OU823266.1 14201941 14202056 (4763906)  +          Kuruka  Unspecified (4763906) 14201941 14202056
 1839 35.31  3.49  3.12            OU823266.1 17309706 17311111 (1654851)  +          Kuruka  Unspecified (1654851) 17309706 17311111
 2137 34.04  2.46  2.54            OU823266.1    87062    88360 (18877602)  C          Kuruka  Unspecified (18877602)    87062    88360
 2137 34.04  2.46  2.54            OU823266.1    94218    95516 (18870446)  C          Kuruka  Unspecified (18870446)    94218    95516
 1963 33.60  3.63  3.63            OU823266.1  1221480  1222884 (17743078)  C          Kuruka  Unspecified (17743078)  1221480  1222884
 1977 32.90  2.36  2.44            OU823266.1  1566401  1567671 (17398291)  C          Kuruka  Unspecified (17398291)  1566401  1567671
 1968 32.90  2.36  2.44            OU823266.1  2057834  2059104 (16906858)  C          Kuruka  Unspecified (16906858)  2057834  2059104
 1515 36.62  2.76  2.45            OU823266.1  8032759  8034099 (10931863)  C          Kuruka  Unspecified (10931863)  8032759  8034099
  552 33.56  4.41  4.05            OU823267.1   924572   925161 (16532414)  +          Kuruka  Unspecified (16532414)   924572   925161
  358 33.77  2.93  3.36            OU823267.1  1678534  1678772 (15778803)  +          Kuruka  Unspecified (15778803)  1678534  1678772
  316 34.94  3.77  4.20            OU823267.1  2910257  2910495 (14547080)  +          Kuruka  Unspecified (14547080)  2910257  2910495
  345 35.67  0.00  0.00            OU823267.1  7483875  7484031 (9973544)  +          Kuruka  Unspecified (9973544)  7483875  7484031
  256 29.55  0.00  0.00            OU823267.1  7484340  7484427 (9973148)  +          Kuruka  Unspecified (9973148)  7484340  7484427
  345 35.67  0.00  0.00            OU823267.1  7500092  7500248 (9957327)  +          Kuruka  Unspecified (9957327)  7500092  7500248
  245 30.68  0.00  0.00            OU823267.1  7500560  7500647 (9956928)  +          Kuruka  Unspecified (9956928)  7500560  7500647
 1938 35.02  1.82  1.90            OU823267.1 12022506 12023821 (5433754)  +          Kuruka  Unspecified (5433754) 12022506 12023821
  238 28.39  2.44  1.20            OU823267.1 16537181 16537262 (920313)  +          Kuruka  Unspecified (920313) 16537181 16537262
  295 32.41  4.55  5.34            OU823267.1 16637358 16637621 (819954)  +          Kuruka  Unspecified (819954) 16637358 16637621
 1656 33.74  3.30  3.38            OU823267.1 17016151 17017512 (440063)  +          Kuruka  Unspecified (440063) 17016151 17017512
 2091 34.12  3.22  2.78            OU823267.1   870023   871421 (16586154)  C          Kuruka  Unspecified (16586154)   870023   871421
 1724 34.66  1.65  1.75            OU823267.1  9161572  9162599 (8294976)  C          Kuruka  Unspecified (8294976)  9161572  9162599
  228 27.80  2.14  7.52            OU823267.1 11323099 11323238 (6134337)  C          Kuruka  Unspecified (6134337) 11323099 11323238
 2366 33.50  2.26  2.26            OU823267.1 12899165 12900450 (4557125)  C          Kuruka  Unspecified (4557125) 12899165 12900450
 1863 35.33  1.45  1.54            OU823267.1 12969357 12970526 (4487049)  C          Kuruka  Unspecified (4487049) 12969357 12970526
  401 34.59  2.20  2.57            OU823267.1 16943192 16943464 (514111)  C          Kuruka  Unspecified (514111) 16943192 16943464
 2342 32.96  1.66  1.75            OU823268.1  4239258  4240341 (10303502)  +          Kuruka  Unspecified (10303502)  4239258  4240341
  952 34.49  2.72  2.17            OU823268.1  9663451  9664185 (4879658)  +          Kuruka  Unspecified (4879658)  9663451  9664185
  556 36.40  2.23  2.88            OU823268.1  2466048  2466675 (12077168)  C          Kuruka  Unspecified (12077168)  2466048  2466675
  229 34.09  1.49  1.49            OU823268.1  2936847  2936980 (11606863)  C          Kuruka  Unspecified (11606863)  2936847  2936980
 1458 35.20  3.22  3.83            OU823268.1  5081975  5082999 (9460844)  C          Kuruka  Unspecified (9460844)  5081975  5082999
  231 23.64  0.00  0.00            OU823268.1  5676491  5676545 (8867298)  C          Kuruka  Unspecified (8867298)  5676491  5676545
  252 27.03  2.14  7.52            OU823268.1 11059898 11060037 (3483806)  C          Kuruka  Unspecified (3483806) 11059898 11060037
 2126 34.41  1.72  1.81            OU823268.1 12646838 12648000 (1895843)  C          Kuruka  Unspecified (1895843) 12646838 12648000
 2068 33.28  1.55  1.90            OU823269.1  6373889  6375052 (6578144)  +          Kuruka  Unspecified (6578144)  6373889  6375052
  358 33.77  2.93  3.36            OU823270.1  8101642  8101880 (7742054)  +          Kuruka  Unspecified (7742054)  8101642  8101880
 1585 34.74  3.18  2.87            OU823270.1 10133235 10134556 (5709378)  +          Kuruka  Unspecified (5709378) 10133235 10134556
  317 34.08  2.16  2.60            OU823271.1  5641250  5641481 (8449079)  +          Kuruka  Unspecified (8449079)  5641250  5641481
  344 35.92  1.20  1.61            OU823271.1  7149595  7149843 (6940717)  +          Kuruka  Unspecified (6940717)  7149595  7149843
  225 32.29  0.96  0.00            OU823271.1 11280670 11281297 (2809787)  +          Kuruka  Unspecified (2809787) 11280670 11281297
 1156 36.31  2.39  1.94            OU823271.1  4861793  4862921 (9227639)  C          Kuruka  Unspecified (9227639)  4861793  4862921
  701 31.49  1.72  1.72            OU823271.1 12329005 12329353 (1761207)  C          Kuruka  Unspecified (1761207) 12329005 12329353
  285 28.29  2.76  4.93            OU823272.1  1048720  1048864 (1472076)  +          Kuruka  Unspecified (1472076)  1048720  1048864
 1856 35.07  1.47  1.56            OU823272.1  1070418  1071573 (1449367)  +          Kuruka  Unspecified (1449367)  1070418  1071573
  280 32.75  3.36  3.80            OU823272.1  2411598  2411835 (109105)  +          Kuruka  Unspecified (109105)  2411598  2411835
  404 34.59  2.20  2.57            OU823272.1   925491   925763 (1595177)  C          Kuruka  Unspecified (1595177)   925491   925763
 2314 33.33  1.60  1.69            OU823272.1  2348124  2349249 (171691)  C          Kuruka  Unspecified (171691)  2348124  2349249
  366 33.47  3.15  3.56            OU823272.1  2465475  2465728  (55212)  C          Kuruka  Unspecified  (55212)  2465475  2465728
