  1343 33.58 2.42 2.53    CANPUT010000005.1    477129    478118 (147998) +               Kuruka     Unspecified    3535    4523  (4310)    
  1710 33.58 2.42 2.53    CANPUT010000005.1    516949    517938 (108178) +               Kuruka     Unspecified    3535    4523  (4310)    
  1698 33.48 2.42 2.53    CANPUT010000005.1    569207    570196  (55920) C               Kuruka     Unspecified  (4310)    4523    3535    
  1329 33.68 2.42 2.53    CANPUT010000008.1     27036     28025  (82685) C               Kuruka     Unspecified  (4310)    4523    3535    
  1761 33.72 3.18 2.84    CANPUT010000010.1     32596     33822  (49459) C               Kuruka     Unspecified  (4068)    4765    3535    
   322 34.76 4.24 5.85    CANPUT010000010.1     47781     48110  (35171) +               Kuruka     Unspecified    4212    4536  (4297)    
   323 32.16 0.69 0.69    CANPUT010000012.1    383344    383487 (121235) +               Kuruka     Unspecified    3593    3736  (5097)    
   244 34.06 1.43 1.43    CANPUT010000013.1      7130      7269 (406429) +               Kuruka     Unspecified    3576    3715  (5118)    
   244 34.06 1.43 1.43    CANPUT010000013.1    175918    176057 (237641) C               Kuruka     Unspecified  (5118)    3715    3576    
   301 37.26 2.29 2.68    CANPUT010000015.1     38017     38278 (117975) +               Kuruka     Unspecified    4273    4533  (4300)    
   462 29.71 0.72 0.72    CANPUT010000023.1    147520    147658 (334689) +               Kuruka     Unspecified    3535    3673  (5160)    
  1375 33.54 2.15 2.28    CANPUT010000023.1    153180    153969 (328378) +               Kuruka     Unspecified    3735    4523  (4310)    
  1361 33.48 2.42 2.53    CANPUT010000023.1    240163    241152 (241195) +               Kuruka     Unspecified    3535    4523  (4310)    
   239 22.00 0.00 0.00    CANPUT010000029.1    100632    100681 (202525) +               Kuruka     Unspecified    3964    4013  (4820)    
   321 31.17 2.11 2.84    CANPUT010000029.1    288015    288156  (15050) C               Kuruka     Unspecified  (4400)    4433    4293    
   425 30.70 5.59 5.92    CANPUT010000030.1     79793     80114 (442918) C               Kuruka     Unspecified  (4297)    4536    4216    
   356 42.24 0.00 0.00    CANPUT010000030.1     95464     95766 (427266) +               Kuruka     Unspecified    3948    4250  (4583)    
   356 42.24 0.00 0.00    CANPUT010000030.1     97471     97773 (425259) +               Kuruka     Unspecified    3948    4250  (4583)    
  1684 33.58 2.42 2.53    CANPUT010000037.1    697660    698649 (397051) +               Kuruka     Unspecified    3535    4523  (4310)    
  1710 33.58 2.42 2.53    CANPUT010000037.1    737480    738469 (357231) +               Kuruka     Unspecified    3535    4523  (4310)    
  1679 33.58 2.42 2.53    CANPUT010000037.1    854491    855480 (240220) C               Kuruka     Unspecified  (4310)    4523    3535    
  1702 33.48 2.42 2.53    CANPUT010000040.1    590063    591052  (58543) +               Kuruka     Unspecified    3535    4523  (4310)    
  1369 33.58 2.42 2.53    CANPUT010000041.1      5878      6867  (64110) +               Kuruka     Unspecified    3535    4523  (4310)    
   234 32.65 4.85 4.85    CANPUT010000047.1    427915    428120 (304880) +               Kuruka     Unspecified    4391    4596  (4237)    
   347 31.94 4.80 3.56    CANPUT010000047.1    522998    523247 (209753) +               Kuruka     Unspecified    3588    3840  (4993)    
   242 32.30 5.80 5.80    CANPUT010000047.1    523796    524002 (208998) +               Kuruka     Unspecified    4391    4597  (4236)    
  1684 33.58 2.42 2.53    CANPUT010000049.1    456836    457825 (855140) +               Kuruka     Unspecified    3535    4523  (4310)    
  1343 33.58 2.42 2.53    CANPUT010000049.1   1181905   1182894 (130071) +               Kuruka     Unspecified    3535    4523  (4310)    
  1710 33.58 2.42 2.53    CANPUT010000049.1   1221725   1222714  (90251) +               Kuruka     Unspecified    3535    4523  (4310)    
  1698 33.48 2.42 2.53    CANPUT010000049.1   1273415   1274404  (38561) C               Kuruka     Unspecified  (4310)    4523    3535    
   347 31.94 4.80 3.56    CANPUT010000052.1     26553     26802 (243175) +               Kuruka     Unspecified    3588    3840  (4993)    
   254 31.79 5.80 5.80    CANPUT010000052.1     27351     27557 (242420) +               Kuruka     Unspecified    4391    4597  (4236)    
   239 22.00 0.00 0.00    CANPUT010000052.1    233997    234046  (35931) C               Kuruka     Unspecified  (4820)    4013    3964    
  1082 35.42 2.27 3.50    CANPUT010000053.1     19970     21069 (100730) C               Kuruka     Unspecified  (4282)    4551    3465    
   255 22.41 0.00 0.00    CANPUT010000061.1     33687     33744  (62256) C               Kuruka     Unspecified  (4508)    4325    4268    
  1710 33.58 2.42 2.53    CANPUT010000064.1      8877      9866 (435533) +               Kuruka     Unspecified    3535    4523  (4310)    
  1702 33.48 2.42 2.53    CANPUT010000064.1    126088    127077 (318322) C               Kuruka     Unspecified  (4310)    4523    3535    
   317 34.90 3.40 3.79    CANPUT010000069.1     86120     86384 (233826) C               Kuruka     Unspecified  (4297)    4536    4273    
   289 36.69 3.25 3.25    CANPUT010000069.1    285843    286180  (34030) +               Kuruka     Unspecified    3447    3784  (5049)    
   264 22.41 0.00 0.00    CANPUT010000071.1     33250     33307 (687879) C               Kuruka     Unspecified  (4508)    4325    4268    
   323 32.16 0.69 0.69    CANPUT010000071.1    454079    454222 (266964) +               Kuruka     Unspecified    3593    3736  (5097)    
   288 28.05 0.00 0.00    CANPUT010000072.1    114949    115030 (461874) +               Kuruka     Unspecified    4273    4354  (4479)    
   301 37.26 2.29 2.68    CANPUT010000072.1    530203    530464  (46440) C               Kuruka     Unspecified  (4300)    4533    4273    
   243 33.34 2.36 3.17    CANPUT010000073.1    105006    105132  (22868) +               Kuruka     Unspecified    4308    4433  (4400)    
  1419 35.32 2.37 3.24    CANPUT010000075.1    227384    228565 (122657) C               Kuruka     Unspecified  (4218)    4615    3444    
   301 37.26 2.29 2.68    CANPUT010000078.1    203602    203863 (446337) C               Kuruka     Unspecified  (4300)    4533    4273    
  1343 33.58 2.42 2.53    CANPUT010000082.1    550348    551337 (117060) +               Kuruka     Unspecified    3535    4523  (4310)    
  1710 33.58 2.42 2.53    CANPUT010000082.1    602037    603026  (65371) C               Kuruka     Unspecified  (4310)    4523    3535    
  1343 33.58 2.42 2.53    CANPUT010000082.1    641857    642846  (25551) C               Kuruka     Unspecified  (4310)    4523    3535    
   356 42.24 0.00 0.00    CANPUT010000083.1     16768     17070 (241073) C               Kuruka     Unspecified  (4583)    4250    3948    
   356 42.24 0.00 0.00    CANPUT010000083.1     18775     19077 (239066) C               Kuruka     Unspecified  (4583)    4250    3948    
   425 30.70 5.59 5.92    CANPUT010000083.1     34427     34748 (223395) +               Kuruka     Unspecified    4216    4536  (4297)    
   351 32.87 0.69 0.69    CANPUT010000087.1     27068     27211 (217164) +               Kuruka     Unspecified    3593    3736  (5097)    
   274 31.79 5.80 5.80    CANPUT010000087.1     34742     34948 (209427) +               Kuruka     Unspecified    4391    4597  (4236)    
  1305 36.41 1.77 2.40    CANPUT010000088.1     29721     30851 (154127) C               Kuruka     Unspecified  (4222)    4611    3488    
  1305 36.41 1.77 2.40    CANPUT010000094.1    266009    267139 (197861) C               Kuruka     Unspecified  (4222)    4611    3488    
  1343 33.58 2.42 2.53    CANPUT010000096.1     58103     59092  (52028) +               Kuruka     Unspecified    3535    4523  (4310)    
  1369 33.58 2.42 2.53    CANPUT010000096.1    101515    102504   (8616) C               Kuruka     Unspecified  (4310)    4523    3535    
   347 31.94 4.80 3.56    CANPUT010000097.1     47434     47683  (14314) +               Kuruka     Unspecified    3588    3840  (4993)    
   242 32.30 5.80 5.80    CANPUT010000097.1     48232     48438  (13559) +               Kuruka     Unspecified    4391    4597  (4236)    
  1999 33.50 1.72 1.82    CANPUT010000098.1    107783    108828 (132127) C               Kuruka     Unspecified  (4253)    4580    3536    
   343 34.99 4.34 4.54    CANPUT010000099.1    559828    560357 (1124474) C               Kuruka     Unspecified  (4330)    4503    3975    
   300 32.87 0.69 0.69    CANPUT010000101.1    595864    596007 (525993) C               Kuruka     Unspecified  (5097)    3736    3593    
   336 32.47 4.13 4.56    CANPUT010000101.1    837343    837584 (284416) C               Kuruka     Unspecified  (4312)    4521    4281    
  1670 33.68 2.42 2.53    CANPUT010000115.1     14210     15199 (139291) +               Kuruka     Unspecified    3535    4523  (4310)    
   243 34.45 2.52 2.89    CANPUT010000121.1    161215    161492 (2408508) +               Kuruka     Unspecified    4227    4503  (4330)    
   401 31.13 1.95 1.95    CANPUT010000121.1    458740    458893 (2111107) +               Kuruka     Unspecified    3583    3736  (5097)    
   318 27.79 6.86 7.47    CANPUT010000121.1    481432    481606 (2088394) +               Kuruka     Unspecified    4273    4446  (4387)    
  1445 31.85 2.54 3.34    CANPUT010000121.1    836165    837070 (1732930) C               Kuruka     Unspecified  (4351)    4482    3584    
   265 33.49 3.35 3.78    CANPUT010000122.1    188963    189201 (916799) +               Kuruka     Unspecified    4296    4533  (4300)    
   267 28.21 4.88 4.88    CANPUT010000122.1    224224    224387 (881613) C               Kuruka     Unspecified  (4246)    4587    4424    
   409 32.68 4.81 4.81    CANPUT010000122.1    237260    237529 (868471) C               Kuruka     Unspecified  (5097)    3736    3467    
   258 32.10 3.95 7.21    CANPUT010000122.1    425870    426198 (679802) +               Kuruka     Unspecified    4215    4533  (4300)    
   345 31.79 1.95 1.95    CANPUT010000122.1    833839    833992 (272008) +               Kuruka     Unspecified    3583    3736  (5097)    
   239 33.92 3.35 3.78    CANPUT010000122.1    880242    880480 (225520) C               Kuruka     Unspecified  (4300)    4533    4296    
   294 32.23 2.42 2.42    CANPUT010000122.1   1101410   1101533   (4467) C               Kuruka     Unspecified  (4313)    4520    4397    
   253 28.15 6.36 6.36           OX388200.1   2256483   2256702 (59241327) +               Kuruka     Unspecified    3459    3678  (5155)    
   272 36.67 0.74 0.74           OX388200.1   2256959   2257230 (59240799) +               Kuruka     Unspecified    3938    4209  (4624)    
   340 31.79 1.95 1.95           OX388200.1   5429915   5430068 (56067961) +               Kuruka     Unspecified    3583    3736  (5097)    
   232 31.74 4.55 4.55           OX388200.1   5430726   5430923 (56067106) +               Kuruka     Unspecified    4399    4596  (4237)    
   272 36.67 0.74 0.74           OX388200.1  10986476  10986747 (50511282) C               Kuruka     Unspecified  (4624)    4209    3938    
   253 28.15 6.36 6.36           OX388200.1  10987004  10987223 (50510806) C               Kuruka     Unspecified  (5155)    3678    3459    
   239 22.00 0.00 0.00           OX388200.1  12074110  12074159 (49423870) +               Kuruka     Unspecified    3964    4013  (4820)    
   307 34.21 3.27 3.27           OX388200.1  17153329  17153603 (44344426) C               Kuruka     Unspecified  (5094)    3739    3465    
   279 35.08 1.47 1.47           OX388200.1  17793480  17793615 (43704414) +               Kuruka     Unspecified    3975    4110  (4723)    
   306 35.45 3.27 2.53           OX388200.1  17793732  17794006 (43704023) +               Kuruka     Unspecified    4227    4503  (4330)    
   260 36.05 1.69 1.69           OX388200.1  18188768  18189004 (43309025) C               Kuruka     Unspecified  (4650)    4183    3947    
   278 33.78 2.63 5.41           OX388200.1  21970683  21970948 (39527081) C               Kuruka     Unspecified  (4278)    4555    4297    
   239 22.00 0.00 0.00           OX388200.1  24257174  24257223 (37240806) +               Kuruka     Unspecified    3964    4013  (4820)    
   272 36.67 0.74 0.74           OX388200.1  25194586  25194857 (36303172) C               Kuruka     Unspecified  (4624)    4209    3938    
   253 28.15 6.36 6.36           OX388200.1  25195114  25195333 (36302696) C               Kuruka     Unspecified  (5155)    3678    3459    
  1016 36.56 1.72 2.37           OX388200.1  37327916  37329019 (24169010) +               Kuruka     Unspecified    3488    4584  (4249)    
   820 32.12 3.16 3.35           OX388200.1  38453024  38453561 (23044468) C               Kuruka     Unspecified  (4068)    4765    4229    
  1146 33.97 2.43 2.29           OX388200.1  38454420  38455118 (23042911) C               Kuruka     Unspecified  (4599)    4234    3535    
   246 32.86 2.05 2.05           OX388200.1  42605652  42605797 (18892232) C               Kuruka     Unspecified  (4718)    4115    3970    
  1361 35.20 2.74 3.77           OX388200.1  55243831  55245144 (6252885) +               Kuruka     Unspecified    3465    4765  (4068)    
   239 22.00 0.00 0.00           OX388200.1  57053692  57053741 (4444288) C               Kuruka     Unspecified  (4820)    4013    3964    
  2053 33.00 2.14 2.48           OX388201.1     44754     45968 (45578213) +               Kuruka     Unspecified    3446    4656  (4177)    
   318 27.79 6.86 7.47           OX388201.1   1262197   1262371 (44361810) C               Kuruka     Unspecified  (4387)    4446    4273    
   227 28.77 0.00 0.00           OX388201.1   2204287   2204359 (43419822) +               Kuruka     Unspecified    4282    4354  (4479)    
  2052 32.90 2.13 2.48           OX388201.1   2725374   2726545 (42897636) C               Kuruka     Unspecified  (4177)    4656    3489    
   233 34.96 4.61 5.09           OX388201.1   6502996   6503212 (39120969) +               Kuruka     Unspecified    4305    4520  (4313)    
  1302 36.66 1.68 2.31           OX388201.1  16939988  16941118 (28683063) +               Kuruka     Unspecified    3488    4611  (4222)    
   338 33.60 2.28 2.67           OX388201.1  24469888  24470150 (21154031) C               Kuruka     Unspecified  (4297)    4536    4275    
   236 13.17 0.00 2.63           OX388201.1  26945513  26945551 (18678630) C               Kuruka     Unspecified  (1238)    7595    7558    
  1902 33.59 1.72 1.82           OX388201.1  28734519  28735564 (16888617) +               Kuruka     Unspecified    3536    4580  (4253)    
  1902 33.59 1.72 1.82           OX388201.1  30839700  30840745 (14783436) C               Kuruka     Unspecified  (4253)    4580    3536    
  1244 36.00 2.28 3.16           OX388201.1  33645013  33646194 (11977987) +               Kuruka     Unspecified    3444    4615  (4218)    
  2028 31.72 2.69 3.36           OX388201.1  37139271  37140350 (8483831) +               Kuruka     Unspecified    3584    4656  (4177)    
   280 35.02 5.66 5.48           OX388201.1  45295041  45295605 (328576) C               Kuruka     Unspecified  (4237)    4596    4031    
   269 22.41 0.00 0.00           OX388202.1    237762    237819 (40553181) +               Kuruka     Unspecified    4268    4325  (4508)    
   235 32.30 5.80 5.80           OX388202.1   4617929   4618135 (36172865) C               Kuruka     Unspecified  (4236)    4597    4391    
   342 37.64 3.32 2.86           OX388202.1   4618272   4618933 (36172067) C               Kuruka     Unspecified  (4581)    4252    3588    
   247 31.79 5.80 5.80           OX388202.1   5979795   5980001 (34810999) +               Kuruka     Unspecified    4391    4597  (4236)    
   343 34.12 3.40 3.79           OX388202.1  11566097  11566361 (29224639) C               Kuruka     Unspecified  (4297)    4536    4273    
   398 31.79 1.95 1.95           OX388202.1  12412691  12412844 (28378156) +               Kuruka     Unspecified    3583    3736  (5097)    
   306 35.61 5.08 4.70           OX388202.1  12413149  12413699 (28377301) +               Kuruka     Unspecified    4044    4596  (4237)    
  2059 34.46 2.54 2.62           OX388202.1  13506030  13507328 (27283672) C               Kuruka     Unspecified  (4075)    4758    3461    
   249 28.77 0.00 0.00           OX388202.1  18993960  18994032 (21796968) C               Kuruka     Unspecified  (4479)    4354    4282    
   238 36.12 4.41 4.87           OX388202.1  20295659  20295885 (20495115) +               Kuruka     Unspecified    4295    4520  (4313)    
   288 35.43 3.03 3.48           OX388202.1  28774763  28774993 (12016007) +               Kuruka     Unspecified    4307    4536  (4297)    
   257 29.23 3.70 3.70           OX388202.1  31259341  31259475 (9531525) C               Kuruka     Unspecified  (4297)    4536    4402    
   228 31.98 4.37 4.37           OX388202.1  31399884  31400089 (9390911) +               Kuruka     Unspecified    3591    3796  (5037)    
  1652 33.50 1.72 1.82           OX388202.1  31962746  31963791 (8827209) +               Kuruka     Unspecified    3536    4580  (4253)    
   228 28.97 2.73 2.73           OX388202.1  32575604  32575713 (8215287) +               Kuruka     Unspecified    3591    3700  (5133)    
   286 30.32 5.47 8.78           OX388203.1   5304405   5304733 (26052392) +               Kuruka     Unspecified    4215    4533  (4300)    
   288 35.43 3.03 3.48           OX388203.1  11306392  11306622 (20050503) +               Kuruka     Unspecified    4307    4536  (4297)    
   336 32.47 4.13 4.56           OX388203.1  17279510  17279751 (14077374) +               Kuruka     Unspecified    4281    4521  (4312)    
   435 32.71 6.02 5.59           OX388203.1  22850432  22851179 (8505946) C               Kuruka     Unspecified  (4624)    4209    3459    
   261 35.48 0.53 0.53           OX388203.1  22853010  22853196 (8503929) +               Kuruka     Unspecified    4023    4209  (4624)    
  2026 34.23 2.54 2.62           OX388203.1  23688700  23689998 (7667127) +               Kuruka     Unspecified    3461    4758  (4075)    
   237 31.77 0.00 1.18           OX388203.1  24750993  24751078 (6606047) C               Kuruka     Unspecified  (4453)    4380    4296    
   280 23.15 6.90 7.64           OX388204.1   1452888   1453032 (29373044) +               Kuruka     Unspecified    4308    4451  (4382)    
   253 28.15 6.36 6.36           OX388204.1   1568532   1568751 (29257325) +               Kuruka     Unspecified    3459    3678  (5155)    
   272 36.67 0.74 0.74           OX388204.1   1569008   1569279 (29256797) +               Kuruka     Unspecified    3938    4209  (4624)    
  2067 33.41 3.40 3.40           OX388204.1   2964893   2966302 (27859774) C               Kuruka     Unspecified  (3985)    4848    3439    
   282 20.64 0.00 1.59           OX388204.1   2967516   2967579 (27858497) C               Kuruka     Unspecified  (6337)    2496    2434    
   247 31.79 5.80 5.80           OX388204.1   3590452   3590658 (27235418) C               Kuruka     Unspecified  (4236)    4597    4391    
   342 37.64 3.32 2.86           OX388204.1   3590795   3591456 (27234620) C               Kuruka     Unspecified  (4581)    4252    3588    
  1626 33.59 1.72 1.82           OX388204.1   6242723   6243768 (24582308) C               Kuruka     Unspecified  (4253)    4580    3536    
   254 33.92 3.35 3.78           OX388204.1   6297691   6297929 (24528147) C               Kuruka     Unspecified  (4300)    4533    4296    
  2024 34.23 2.54 2.62           OX388204.1   7248618   7249916 (23576160) +               Kuruka     Unspecified    3461    4758  (4075)    
  1374 37.08 2.00 2.53           OX388204.1  10692930  10694282 (20131794) +               Kuruka     Unspecified    3488    4833  (4000)    
   293 32.34 5.61 5.61           OX388204.1  12953605  12953925 (17872151) +               Kuruka     Unspecified    4216    4536  (4297)    
  2376 33.00 2.14 2.48           OX388204.1  17956071  17957285 (12868791) +               Kuruka     Unspecified    3446    4656  (4177)    
  1238 34.72 2.87 2.13           OX388204.1  25566475  25567451 (5258625) +               Kuruka     Unspecified    3557    4540  (4293)    
   323 33.02 5.36 5.36           OX388204.1  27589625  27589960 (3236116) +               Kuruka     Unspecified    3461    3796  (5037)    
   460 32.57 6.02 5.59           OX388204.1  28629150  28629897 (2196179) +               Kuruka     Unspecified    3459    4209  (4624)    
   228 31.98 4.37 4.37           OX388205.1    124885    125090 (29835510) C               Kuruka     Unspecified  (5037)    3796    3591    
   288 35.43 3.03 3.48           OX388205.1    276465    276695 (29683905) +               Kuruka     Unspecified    4307    4536  (4297)    
   402 37.70 1.04 1.04           OX388205.1    371170    371555 (29589045) +               Kuruka     Unspecified    3465    3850  (4983)    
  1058 34.02 2.60 4.20           OX388205.1    372929    373775 (29586825) +               Kuruka     Unspecified    3932    4765  (4068)    
  1341 35.27 2.74 3.77           OX388205.1    407354    408667 (29551933) +               Kuruka     Unspecified    3465    4765  (4068)    
  1341 35.27 2.74 3.77           OX388205.1    470749    472062 (29488538) +               Kuruka     Unspecified    3465    4765  (4068)    
  1062 36.37 1.72 2.37           OX388205.1   1020789   1021892 (28938708) +               Kuruka     Unspecified    3488    4584  (4249)    
   267 35.17 5.45 4.88           OX388205.1   8786238   8786787 (21173813) C               Kuruka     Unspecified  (4237)    4596    4044    
   382 31.79 1.95 1.95           OX388205.1   8787092   8787245 (21173355) C               Kuruka     Unspecified  (5097)    3736    3583    
   400 31.18 2.24 5.07           OX388205.1  12673278  12673500 (17287100) +               Kuruka     Unspecified    4320    4536  (4297)    
  1270 36.75 1.68 2.31           OX388205.1  12778378  12779508 (17181092) C               Kuruka     Unspecified  (4222)    4611    3488    
  2023 34.23 2.54 2.62           OX388205.1  12945536  12946834 (17013766) C               Kuruka     Unspecified  (4075)    4758    3461    
   255 22.00 0.00 0.00           OX388205.1  13752898  13752947 (16207653) +               Kuruka     Unspecified    3964    4013  (4820)    
   317 27.16 5.00 5.66           OX388205.1  14361206  14361365 (15599235) +               Kuruka     Unspecified    4282    4440  (4393)    
   270 28.05 0.00 0.00           OX388205.1  27244470  27244551 (2716049) C               Kuruka     Unspecified  (4479)    4354    4273    
   339 32.22 1.96 2.63           OX388205.1  27623236  27623388 (2337212) +               Kuruka     Unspecified    4282    4433  (4400)    
   451 33.89 5.35 4.93           OX388205.1  29045072  29045819 (914781) +               Kuruka     Unspecified    3459    4209  (4624)    
   592 33.33 0.88 0.88           OX388205.1  29174183  29174524 (786076) +               Kuruka     Unspecified    3536    3877  (4956)    
  1902 33.59 1.72 1.82           OX388205.1  29360267  29361312 (599288) +               Kuruka     Unspecified    3536    4580  (4253)    
   244 30.91 1.79 1.79           OX388206.1   2557453   2557564 (27266879) +               Kuruka     Unspecified    3591    3702  (5131)    
   287 35.80 5.08 4.70           OX388206.1   4963646   4964196 (24860247) C               Kuruka     Unspecified  (4237)    4596    4044    
   411 33.59 4.73 4.73           OX388206.1   4964501   4964775 (24859668) C               Kuruka     Unspecified  (5097)    3736    3462    
   258 22.00 0.00 0.00           OX388206.1   9353655   9353704 (20470739) C               Kuruka     Unspecified  (4820)    4013    3964    
   261 31.85 3.51 0.85           OX388206.1  14081721  14081834 (15742609) +               Kuruka     Unspecified    4215    4331  (4502)    
   226 33.60 0.00 0.00           OX388206.1  15649791  15649915 (14174528) +               Kuruka     Unspecified    4403    4527  (4306)    
   228 31.98 4.37 4.37           OX388207.1    373308    373513 (28889949) +               Kuruka     Unspecified    3591    3796  (5037)    
  1505 35.12 3.39 3.48           OX388207.1  18029292  18030471 (11232991) +               Kuruka     Unspecified    3444    4622  (4211)    
  1046 35.61 2.27 3.50           OX388207.1  21571107  21572206 (7691256) +               Kuruka     Unspecified    3465    4551  (4282)    
  1470 35.03 3.41 3.50           OX388207.1  21908674  21909818 (7353644) +               Kuruka     Unspecified    3479    4622  (4211)    
   248 32.43 3.95 7.21           OX388207.1  26596478  26596806 (2666656) C               Kuruka     Unspecified  (4300)    4533    4215    
   770 36.33 1.90 2.44           OX388208.1    945413    946360 (27657391) +               Kuruka     Unspecified    3642    4584  (4249)    
   285 36.69 3.25 3.25           OX388208.1   1773454   1773791 (26829960) C               Kuruka     Unspecified  (5049)    3784    3447    
  1308 35.41 3.86 4.38           OX388208.1   1982972   1984164 (26619587) C               Kuruka     Unspecified  (4211)    4622    3436    
   339 33.33 3.19 3.19           OX388208.1   2078848   2079129 (26524622) C               Kuruka     Unspecified  (4074)    4759    4478    
   353 25.99 5.88 6.67           OX388208.1   2082079   2082214 (26521537) C               Kuruka     Unspecified  (4403)    4430    4296    
   722 36.26 3.81 3.30           OX388208.1   2086572   2087384 (26516367) C               Kuruka     Unspecified  (4581)    4252    3436    
   346 30.76 1.38 1.38           OX388208.1   2158448   2158592 (26445159) C               Kuruka     Unspecified  (4211)    4622    4478    
   510 37.59 2.36 2.08           OX388208.1   2166092   2166811 (26436940) C               Kuruka     Unspecified  (4581)    4252    3531    
  1858 33.78 1.72 1.82           OX388208.1   4114427   4115472 (24488279) C               Kuruka     Unspecified  (4253)    4580    3536    
   277 33.49 3.35 3.78           OX388208.1   6855484   6855722 (21748029) +               Kuruka     Unspecified    4296    4533  (4300)    
   423 33.89 5.35 4.93           OX388208.1   7075770   7076517 (21527234) C               Kuruka     Unspecified  (4624)    4209    3459    
   427 36.32 0.47 0.47           OX388208.1  12047083  12047295 (16556456) +               Kuruka     Unspecified    4117    4329  (4504)    
   409 36.79 0.47 0.47           OX388208.1  12050403  12050615 (16553136) +               Kuruka     Unspecified    4117    4329  (4504)    
   409 36.79 0.47 0.47           OX388208.1  12053721  12053933 (16549818) +               Kuruka     Unspecified    4117    4329  (4504)    
   409 36.79 0.47 0.47           OX388208.1  12057039  12057251 (16546500) +               Kuruka     Unspecified    4117    4329  (4504)    
   409 36.79 0.47 0.47           OX388208.1  12066587  12066799 (16536952) +               Kuruka     Unspecified    4117    4329  (4504)    
   409 36.79 0.47 0.47           OX388208.1  12069907  12070119 (16533632) +               Kuruka     Unspecified    4117    4329  (4504)    
   409 36.79 0.47 0.47           OX388208.1  12079444  12079656 (16524095) +               Kuruka     Unspecified    4117    4329  (4504)    
   396 37.27 0.47 0.47           OX388208.1  12082764  12082976 (16520775) +               Kuruka     Unspecified    4117    4329  (4504)    
   421 36.79 0.47 0.47           OX388208.1  12086084  12086296 (16517455) +               Kuruka     Unspecified    4117    4329  (4504)    
   421 36.79 0.47 0.47           OX388208.1  12089404  12089616 (16514135) +               Kuruka     Unspecified    4117    4329  (4504)    
   421 36.79 0.47 0.47           OX388208.1  12092724  12092936 (16510815) +               Kuruka     Unspecified    4117    4329  (4504)    
   409 36.79 0.47 0.47           OX388208.1  12096044  12096256 (16507495) +               Kuruka     Unspecified    4117    4329  (4504)    
   409 36.79 0.47 0.47           OX388208.1  12099364  12099576 (16504175) +               Kuruka     Unspecified    4117    4329  (4504)    
   405 36.79 0.47 0.47           OX388208.1  12102684  12102896 (16500855) +               Kuruka     Unspecified    4117    4329  (4504)    
   639 31.47 2.55 2.92           OX388208.1  12111556  12111830 (16491921) +               Kuruka     Unspecified    4339    4612  (4221)    
   509 31.58 2.75 3.15           OX388208.1  12197527  12197781 (16405970) +               Kuruka     Unspecified    4275    4528  (4305)    
  1341 35.27 2.74 3.77           OX388208.1  12590452  12591765 (16011986) C               Kuruka     Unspecified  (4068)    4765    3465    
   236 33.05 5.34 4.15           OX388208.1  12949538  12949799 (15653952) +               Kuruka     Unspecified    3580    3844  (4989)    
  1861 35.10 1.49 2.03           OX388208.1  13196439  13197578 (15406173) C               Kuruka     Unspecified  (4221)    4612    3479    
   326 37.03 0.74 0.74           OX388208.1  13354969  13355240 (15248511) +               Kuruka     Unspecified    3938    4209  (4624)    
   237 31.36 0.00 3.61           OX388208.1  17115748  17115833 (11487918) +               Kuruka     Unspecified    3585    3667  (5166)    
   253 28.15 6.36 6.36           OX388208.1  18277161  18277380 (10326371) C               Kuruka     Unspecified  (5155)    3678    3459    
   262 35.02 5.66 5.48           OX388208.1  20029213  20029777 (8573974) +               Kuruka     Unspecified    4031    4596  (4237)    
   287 36.10 4.51 2.55           OX388208.1  20053859  20054435 (8549316) C               Kuruka     Unspecified  (4666)    4167    3580    
  1771 35.04 1.91 1.73           OX388208.1  20104211  20105308 (8498443) C               Kuruka     Unspecified  (4221)    4612    3513    
  1809 35.01 1.76 1.85           OX388208.1  20111226  20112360 (8491391) C               Kuruka     Unspecified  (4221)    4612    3479    
  1432 35.17 2.82 3.66           OX388208.1  20663514  20664614 (7939137) C               Kuruka     Unspecified  (4211)    4622    3531    
  1571 35.04 1.59 1.59           OX388208.1  20828033  20829166 (7774585) +               Kuruka     Unspecified    3479    4612  (4221)    
  1927 33.37 2.21 1.82           OX388208.1  20972612  20973652 (7630099) C               Kuruka     Unspecified  (4253)    4580    3536    
   435 36.04 0.32 0.32           OX388208.1  21602677  21602985 (7000766) C               Kuruka     Unspecified  (4163)    4670    4362    
   238 38.53 0.00 0.00           OX388208.1  21605769  21605986 (6997765) C               Kuruka     Unspecified  (4677)    4156    3939    
   340 35.77 1.08 1.08           OX388208.1  21606091  21606367 (6997384) C               Kuruka     Unspecified  (4999)    3834    3558    
   363 37.23 2.16 2.36           OX388208.1  21983021  21983529 (6620222) C               Kuruka     Unspecified  (4585)    4248    3741    
   299 35.27 1.56 1.04           OX388208.1  21983594  21983785 (6619966) C               Kuruka     Unspecified  (5176)    3657    3465    
   254 25.81 0.00 0.00           OX388208.1  22100104  22100165 (6503586) C               Kuruka     Unspecified  (4491)    4342    4281    
   269 22.23 0.00 1.59           OX388208.1  22600449  22600512 (6003239) +               Kuruka     Unspecified    2434    2496  (6337)    
  2207 32.94 3.34 3.12           OX388208.1  22601726  22603132 (6000619) +               Kuruka     Unspecified    3439    4848  (3985)    
  1472 34.04 4.66 1.89           OX388208.1  22713485  22714514 (5889237) C               Kuruka     Unspecified  (4201)    4632    3575    
   279 34.53 2.19 2.19           OX388208.1  22737862  22738089 (5865662) C               Kuruka     Unspecified  (4672)    4161    3934    
   379 30.46 1.95 1.95           OX388208.1  22793309  22793462 (5810289) C               Kuruka     Unspecified  (5097)    3736    3583    
   427 33.21 4.73 4.73           OX388208.1  22847511  22847785 (5755966) +               Kuruka     Unspecified    3462    3736  (5097)    
   306 35.61 5.08 4.70           OX388208.1  22848090  22848640 (5755111) +               Kuruka     Unspecified    4044    4596  (4237)    
   290 32.86 3.38 6.18           OX388208.1  22866503  22866768 (5736983) +               Kuruka     Unspecified    4297    4555  (4278)    
  1712 34.05 2.90 3.16           OX388208.1  23216772  23217978 (5385773) C               Kuruka     Unspecified  (4165)    4668    3465    
   359 34.09 4.00 4.00           OX388208.1  23300025  23300299 (5303452) +               Kuruka     Unspecified    3465    3739  (5094)    
   345 31.79 1.95 1.95           OX388208.1  23396202  23396355 (5207396) C               Kuruka     Unspecified  (5097)    3736    3583    
   334 35.81 1.21 2.03           OX388208.1  23489277  23489524 (5114227) C               Kuruka     Unspecified  (4654)    4179    3934    
   358 28.99 2.82 2.82           OX388208.1  23489731  23489872 (5113879) C               Kuruka     Unspecified  (5109)    3724    3583    
   305 37.84 2.32 1.98           OX388208.1  23549157  23549458 (5054293) C               Kuruka     Unspecified  (4583)    4250    3948    
   247 30.12 5.45 5.45           OX388208.1  23582015  23582179 (5021572) C               Kuruka     Unspecified  (4278)    4555    4391    
  1883 33.42 3.05 3.05           OX388208.1  23939785  23940932 (4662819) +               Kuruka     Unspecified    3465    4612  (4221)    
  1808 35.33 2.31 2.31           OX388208.1  24059339  24060636 (4543115) C               Kuruka     Unspecified  (4075)    4758    3461    
   238 30.69 4.55 4.55           OX388208.1  24139329  24139526 (4464225) C               Kuruka     Unspecified  (4237)    4596    4399    
   295 33.10 0.00 0.00           OX388208.1  24215260  24215401 (4388350) +               Kuruka     Unspecified    3583    3724  (5109)    
  1453 32.77 3.12 2.73           OX388208.1  24263251  24264307 (4339444) C               Kuruka     Unspecified  (4219)    4614    3554    
   276 36.65 2.72 2.33           OX388208.1  24811080  24811336 (3792415) C               Kuruka     Unspecified  (4583)    4250    3993    
   311 34.60 5.43 5.24           OX388208.1  28339981  28340532 (263219) C               Kuruka     Unspecified  (4237)    4596    4044    
   398 31.79 1.95 1.95           OX388208.1  28340837  28340990 (262761) C               Kuruka     Unspecified  (5097)    3736    3583    
  1991 33.38 2.68 2.68           OX388209.1    424934    426164 (27648868) +               Kuruka     Unspecified    3535    4765  (4068)    
   351 29.79 0.00 0.00           OX388209.1   1818734   1818827 (26256205) +               Kuruka     Unspecified    3580    3673  (5160)    
  2043 33.95 2.62 2.70           OX388209.1   1823938   1825236 (26249796) +               Kuruka     Unspecified    3461    4758  (4075)    
  2394 32.92 2.14 2.48           OX388209.1  10387011  10388225 (17686807) C               Kuruka     Unspecified  (4177)    4656    3446    
   257 28.22 6.99 3.38           OX388209.1  12376494  12376636 (15698396) +               Kuruka     Unspecified    4230    4377  (4456)    
   319 34.90 3.40 3.79           OX388209.1  15685639  15685903 (12389129) +               Kuruka     Unspecified    4273    4536  (4297)    
   372 36.68 1.89 2.27           OX388209.1  16515471  16515735 (11559297) C               Kuruka     Unspecified  (4297)    4536    4273    
   265 31.84 8.38 0.00           OX388209.1  17195053  17195231 (10879801) C               Kuruka     Unspecified  (4237)    4596    4403    
   301 36.25 2.72 2.33           OX388209.1  24521230  24521486 (3553546) +               Kuruka     Unspecified    3993    4250  (4583)    
   415 30.19 4.29 4.74           OX388209.1  26583482  26583714 (1491318) C               Kuruka     Unspecified  (4312)    4521    4290    
   429 29.34 2.34 2.34           OX388210.1   1367228   1367398 (26494946) C               Kuruka     Unspecified  (4297)    4536    4366    
   359 33.06 4.51 9.20           OX388210.1   1496597   1497039 (26365305) +               Kuruka     Unspecified    4199    4622  (4211)    
   373 31.33 2.51 2.51           OX388210.1   2124416   2124654 (25737690) C               Kuruka     Unspecified  (4069)    4764    4526    
  1407 33.90 2.49 2.49           OX388210.1   2125684   2126766 (25735578) C               Kuruka     Unspecified  (4312)    4521    3439    
   254 20.64 0.00 1.59           OX388210.1   2127980   2128043 (25734301) C               Kuruka     Unspecified  (6337)    2496    2434    
  1634 33.43 1.82 1.91           OX388210.1   4902546   4903591 (22958753) +               Kuruka     Unspecified    3536    4580  (4253)    
   380 30.13 0.68 0.68           OX388210.1   6115761   6115907 (21746437) C               Kuruka     Unspecified  (5130)    3703    3557    
  2069 32.92 2.14 2.48           OX388210.1  13190684  13191898 (14670446) +               Kuruka     Unspecified    3446    4656  (4177)    
   238 34.38 0.00 0.00           OX388210.1  14174715  14174810 (13687534) +               Kuruka     Unspecified    3584    3679  (5154)    
   402 29.31 4.72 5.98           OX388210.1  15034579  15034832 (12827512) +               Kuruka     Unspecified    4514    4764  (4069)    
   274 35.08 1.03 1.55           OX388210.1  16613037  16613230 (11249114) C               Kuruka     Unspecified  (4333)    4500    4308    
   239 22.00 0.00 0.00           OX388210.1  17047683  17047732 (10814612) C               Kuruka     Unspecified  (4820)    4013    3964    
  2007 33.50 1.72 1.82           OX388210.1  17992066  17993111 (9869233) +               Kuruka     Unspecified    3536    4580  (4253)    
  2007 33.50 1.72 1.82           OX388210.1  17999473  18000518 (9861826) +               Kuruka     Unspecified    3536    4580  (4253)    
  2008 33.50 1.72 1.82           OX388210.1  18006880  18007925 (9854419) +               Kuruka     Unspecified    3536    4580  (4253)    
   262 28.37 1.49 10.57           OX388210.1  21795897  21796030 (6066314) C               Kuruka     Unspecified  (4438)    4395    4273    
   258 22.00 0.00 0.00           OX388210.1  21826485  21826534 (6035810) +               Kuruka     Unspecified    3964    4013  (4820)    
  1626 33.59 1.72 1.82           OX388210.1  23113072  23114117 (4748227) C               Kuruka     Unspecified  (4253)    4580    3536    
  1031 36.46 1.72 2.37           OX388211.1    452614    453717 (27034938) C               Kuruka     Unspecified  (4249)    4584    3488    
  2509 32.89 2.06 2.39           OX388211.1   1059530   1060744 (26427911) +               Kuruka     Unspecified    3446    4656  (4177)    
  2072 32.92 2.14 2.48           OX388211.1   2534448   2535662 (24952993) C               Kuruka     Unspecified  (4177)    4656    3446    
  2393 32.92 2.14 2.48           OX388211.1   2735813   2737027 (24751628) C               Kuruka     Unspecified  (4177)    4656    3446    
  1704 33.93 2.19 2.28           OX388211.1   7610686   7611870 (19876785) +               Kuruka     Unspecified    3575    4758  (4075)    
  1159 35.35 3.12 3.02           OX388211.1   9046121   9047211 (18441444) C               Kuruka     Unspecified  (4211)    4622    3531    
  1406 35.28 3.59 3.50           OX388211.1   9046130   9047298 (18441357) C               Kuruka     Unspecified  (4220)    4613    3444    
   338 33.60 2.28 2.67           OX388211.1  11600186  11600448 (15888207) +               Kuruka     Unspecified    4275    4536  (4297)    
   249 34.38 0.00 0.00           OX388211.1  12286004  12286099 (15202556) +               Kuruka     Unspecified    3584    3679  (5154)    
   461 35.20 3.17 3.50           OX388211.1  13767467  13767781 (13720874) C               Kuruka     Unspecified  (4297)    4536    4223    
   354 30.80 5.90 6.23           OX388211.1  15055670  15055991 (12432664) +               Kuruka     Unspecified    4216    4536  (4297)    
   318 27.79 6.86 7.47           OX388211.1  17506426  17506600 (9982055) C               Kuruka     Unspecified  (4387)    4446    4273    
   227 28.77 0.00 0.00           OX388211.1  24007131  24007203 (3481452) C               Kuruka     Unspecified  (4479)    4354    4282    
   359 31.40 3.75 2.47           OX388211.1  25623246  25623405 (1865250) +               Kuruka     Unspecified    4282    4443  (4390)    
   230 31.74 4.55 4.55           OX388211.1  26035542  26035739 (1452916) C               Kuruka     Unspecified  (4237)    4596    4399    
   340 31.79 1.95 1.95           OX388211.1  26036397  26036550 (1452105) C               Kuruka     Unspecified  (5097)    3736    3583    
  1040 36.46 1.72 2.37           OX388212.1    340371    341474 (27055205) +               Kuruka     Unspecified    3488    4584  (4249)    
   292 32.86 2.05 2.05           OX388212.1   1984914   1985059 (25411620) +               Kuruka     Unspecified    3970    4115  (4718)    
   338 33.60 2.28 2.67           OX388212.1   4418446   4418708 (22977971) +               Kuruka     Unspecified    4275    4536  (4297)    
  1626 33.59 1.72 1.82           OX388212.1   5243502   5244547 (22152132) +               Kuruka     Unspecified    3536    4580  (4253)    
  1342 35.93 2.12 2.99           OX388212.1   5980118   5981299 (21415380) C               Kuruka     Unspecified  (4218)    4615    3444    
  1012 36.56 1.72 2.37           OX388212.1   7415303   7416406 (19980273) C               Kuruka     Unspecified  (4249)    4584    3488    
   334 34.30 3.19 3.60           OX388212.1  10860131  10860381 (16536298) C               Kuruka     Unspecified  (4300)    4533    4284    
  1602 33.78 1.72 1.82           OX388212.1  22543420  22544465 (4852214) +               Kuruka     Unspecified    3536    4580  (4253)    
   342 37.64 3.32 2.86           OX388212.1  23261944  23262605 (4134074) +               Kuruka     Unspecified    3588    4252  (4581)    
   247 31.79 5.80 5.80           OX388212.1  23262742  23262948 (4133731) +               Kuruka     Unspecified    4391    4597  (4236)    
   429 29.34 2.34 2.34           OX388213.1    384709    384879 (26176847) C               Kuruka     Unspecified  (4297)    4536    4366    
   343 36.67 0.74 0.74           OX388213.1    651344    651615 (25910111) +               Kuruka     Unspecified    3938    4209  (4624)    
  1865 33.56 1.62 2.01           OX388213.1   8693267   8694315 (17867411) +               Kuruka     Unspecified    3536    4580  (4253)    
   262 34.09 1.49 1.49           OX388213.1   8977920   8978053 (17583673) C               Kuruka     Unspecified  (4297)    4536    4403    
   255 22.00 0.00 0.00           OX388213.1  23313358  23313407 (3248319) C               Kuruka     Unspecified  (4820)    4013    3964    
  1626 33.59 1.72 1.82           OX388213.1  23423174  23424219 (3137507) +               Kuruka     Unspecified    3536    4580  (4253)    
   385 37.20 3.50 3.03           OX388213.1  23702247  23702903 (2858823) +               Kuruka     Unspecified    3593    4252  (4581)    
   274 31.79 5.80 5.80           OX388213.1  23703040  23703246 (2858480) +               Kuruka     Unspecified    4391    4597  (4236)    
   237 28.74 0.00 1.15           OX388214.1   1723143   1723230 (23955277) C               Kuruka     Unspecified  (4456)    4377    4291    
  2053 33.00 2.14 2.48           OX388214.1   2562988   2564202 (23114305) C               Kuruka     Unspecified  (4177)    4656    3446    
   376 33.71 4.00 4.00           OX388214.1   5117072   5117346 (20561161) C               Kuruka     Unspecified  (5094)    3739    3465    
  1604 33.62 1.82 1.91           OX388214.1   7267731   7268776 (18409731) +               Kuruka     Unspecified    3536    4580  (4253)    
   249 28.77 0.00 0.00           OX388214.1  13579549  13579621 (12098886) +               Kuruka     Unspecified    4282    4354  (4479)    
   246 27.78 5.26 5.26           OX388214.1  20110191  20110342 (5568165) +               Kuruka     Unspecified    4393    4544  (4289)    
   498 31.60 2.29 2.76           OX388214.1  20731489  20731706 (4946801) +               Kuruka     Unspecified    4320    4536  (4297)    
  2024 34.23 2.54 2.62           OX388214.1  21790600  21791898 (3886609) C               Kuruka     Unspecified  (4075)    4758    3461    
  1993 34.31 2.54 2.62           OX388214.1  21798063  21799361 (3879146) C               Kuruka     Unspecified  (4075)    4758    3461    
   323 32.16 0.69 0.69           OX388214.1  23257018  23257161 (2421346) C               Kuruka     Unspecified  (5097)    3736    3593    
   278 26.78 4.27 4.27           OX388214.1  23959879  23959995 (1718512) +               Kuruka     Unspecified    4217    4333  (4500)    
   355 34.52 3.40 3.79           OX388214.1  24834289  24834553 (843954) C               Kuruka     Unspecified  (4297)    4536    4273    
   277 33.49 3.35 3.78           OX388215.1   2124130   2124368 (23434066) +               Kuruka     Unspecified    4296    4533  (4300)    
  1505 35.12 3.39 3.48           OX388215.1   3973681   3974860 (21583574) +               Kuruka     Unspecified    3444    4622  (4211)    
  1905 33.59 1.72 1.82           OX388215.1   6922870   6923915 (18634519) C               Kuruka     Unspecified  (4253)    4580    3536    
   315 35.38 4.34 4.54           OX388215.1   7548442   7548971 (18009463) +               Kuruka     Unspecified    3975    4503  (4330)    
  1539 35.23 2.36 1.83           OX388215.1   8378139   8379280 (17179154) +               Kuruka     Unspecified    3465    4612  (4221)    
   266 30.65 5.47 8.78           OX388215.1   8478035   8478363 (17080071) C               Kuruka     Unspecified  (4300)    4533    4215    
   253 28.15 6.36 6.36           OX388215.1   9056292   9056511 (16501923) +               Kuruka     Unspecified    3459    3678  (5155)    
   272 36.67 0.74 0.74           OX388215.1   9056768   9057039 (16501395) +               Kuruka     Unspecified    3938    4209  (4624)    
   246 33.63 0.88 0.00           OX388215.1  10713432  10713544 (14844890) C               Kuruka     Unspecified  (5109)    3724    3611    
  1979 33.87 2.84 3.16           OX388215.1  10968964  10970265 (14588169) +               Kuruka     Unspecified    3461    4758  (4075)    
   354 37.73 3.17 2.86           OX388215.1  11878398  11879060 (13679374) +               Kuruka     Unspecified    3588    4252  (4581)    
   247 31.79 5.80 5.80           OX388215.1  11879197  11879403 (13679031) +               Kuruka     Unspecified    4391    4597  (4236)    
   274 34.32 0.74 0.74           OX388215.1  12632574  12632708 (12925726) C               Kuruka     Unspecified  (4297)    4536    4402    
   247 32.23 2.42 2.42           OX388215.1  13516593  13516716 (12041718) C               Kuruka     Unspecified  (4313)    4520    4397    
   243 33.34 2.36 3.17           OX388215.1  13805483  13805609 (11752825) C               Kuruka     Unspecified  (4400)    4433    4308    
   270 35.47 2.87 2.87           OX388215.1  14187395  14187603 (11370831) C               Kuruka     Unspecified  (5049)    3784    3576    
  1885 33.69 1.72 1.82           OX388215.1  14566777  14567822 (10990612) +               Kuruka     Unspecified    3536    4580  (4253)    
   413 33.60 2.28 2.67           OX388215.1  15436132  15436394 (10122040) +               Kuruka     Unspecified    4275    4536  (4297)    
   312 37.33 2.40 2.75           OX388215.1  16924514  16924805 (8633629) +               Kuruka     Unspecified    4230    4520  (4313)    
   244 13.95 0.00 0.00           OX388215.1  18475866  18475908 (7082526) C               Kuruka     Unspecified  (4484)    4349    4307    
   415 31.21 4.08 4.51           OX388215.1  24847146  24847390 (711044) +               Kuruka     Unspecified    4293    4536  (4297)    
   340 31.79 1.95 1.95           OX388216.1     26067     26220 (24737142) +               Kuruka     Unspecified    3583    3736  (5097)    
   232 31.74 4.55 4.55           OX388216.1     26878     27075 (24736287) +               Kuruka     Unspecified    4399    4596  (4237)    
   278 32.40 8.38 0.00           OX388216.1    835132    835310 (23928052) C               Kuruka     Unspecified  (4237)    4596    4403    
  1229 35.19 2.93 3.02           OX388216.1   7363772   7364864 (17398498) +               Kuruka     Unspecified    3531    4622  (4211)    
  1352 35.20 2.74 3.77           OX388216.1   9603173   9604486 (15158876) +               Kuruka     Unspecified    3465    4765  (4068)    
   334 35.30 1.05 1.59           OX388216.1  16557880  16558069 (8205293) +               Kuruka     Unspecified    4308    4496  (4337)    
   301 36.25 2.72 2.33           OX388216.1  17390248  17390504 (7372858) +               Kuruka     Unspecified    3993    4250  (4583)    
  1914 35.80 1.64 1.73           OX388216.1  19249241  19250397 (5512965) +               Kuruka     Unspecified    3488    4643  (4190)    
   270 35.47 2.87 2.87           OX388216.1  23693803  23694011 (1069351) C               Kuruka     Unspecified  (5049)    3784    3576    
  1602 33.78 1.72 1.82           OX388216.1  24108052  24109097 (654265) +               Kuruka     Unspecified    3536    4580  (4253)    
  1626 33.59 1.72 1.82           OX388216.1  24414293  24415338 (348024) +               Kuruka     Unspecified    3536    4580  (4253)    
   446 32.77 5.75 5.33           OX388217.1     59399     60146 (24516924) +               Kuruka     Unspecified    3459    4209  (4624)    
   333 34.11 4.82 4.32           OX388217.1     63367     63988 (24513082) +               Kuruka     Unspecified    3585    4209  (4624)    
   287 27.50 0.00 0.00           OX388217.1    482870    482949 (24094121) +               Kuruka     Unspecified    4275    4354  (4479)    
   269 29.27 0.00 0.00           OX388217.1   6610038   6610119 (17966951) +               Kuruka     Unspecified    4273    4354  (4479)    
   269 33.33 0.00 0.85           OX388217.1   6912087   6912204 (17664866) C               Kuruka     Unspecified  (5134)    3699    3583    
   286 32.86 2.05 2.05           OX388217.1   8870032   8870177 (15706893) C               Kuruka     Unspecified  (4718)    4115    3970    
  2021 34.23 2.54 2.62           OX388217.1  10657326  10658624 (13918446) +               Kuruka     Unspecified    3461    4758  (4075)    
   383 34.59 4.91 5.10           OX388217.1  12990562  12991091 (11585979) +               Kuruka     Unspecified    3975    4503  (4330)    
   726 33.90 2.54 1.68           OX388217.1  16594418  16595008 (7982062) C               Kuruka     Unspecified  (4185)    4648    4053    
   453 33.57 1.03 1.73           OX388217.1  16595198  16595488 (7981582) C               Kuruka     Unspecified  (4988)    3845    3557    
   340 31.79 1.95 1.95           OX388217.1  20379879  20380032 (4197038) +               Kuruka     Unspecified    3583    3736  (5097)    
   232 31.74 4.55 4.55           OX388217.1  20380690  20380887 (4196183) +               Kuruka     Unspecified    4399    4596  (4237)    
  1870 33.43 2.11 1.82           OX388217.1  20775815  20776856 (3800214) C               Kuruka     Unspecified  (4253)    4580    3536    
  1696 33.31 5.76 2.96           OX388217.1  21406088  21407303 (3169767) C               Kuruka     Unspecified  (4075)    4758    3510    
   239 22.00 0.00 0.00           OX388218.1   4129603   4129652 (19490125) C               Kuruka     Unspecified  (4820)    4013    3964    
   436 31.63 4.08 4.51           OX388218.1   5374475   5374719 (18245058) C               Kuruka     Unspecified  (4297)    4536    4293    
   234 32.04 6.79 1.76           OX388218.1  12729007  12729168 (10890609) C               Kuruka     Unspecified  (5118)    3715    3546    
   280 23.15 6.90 7.64           OX388218.1  15423147  15423291 (8196486) C               Kuruka     Unspecified  (4382)    4451    4308    
   261 21.88 0.00 0.00           OX388218.1  17324544  17324607 (6295170) C               Kuruka     Unspecified  (4479)    4354    4291    
   273 35.61 5.08 4.70           OX388218.1  19800103  19800653 (3819124) C               Kuruka     Unspecified  (4237)    4596    4044    
   382 31.79 1.95 1.95           OX388218.1  19800958  19801111 (3818666) C               Kuruka     Unspecified  (5097)    3736    3583    
   232 31.74 4.55 4.55           OX388218.1  20153946  20154143 (3465634) C               Kuruka     Unspecified  (4237)    4596    4399    
   340 31.79 1.95 1.95           OX388218.1  20154801  20154954 (3464823) C               Kuruka     Unspecified  (5097)    3736    3583    
   269 32.22 2.60 3.27           OX388218.1  20770467  20770620 (2849157) C               Kuruka     Unspecified  (4390)    4443    4291    
   245 31.77 0.00 1.18           OX388218.1  21822478  21822563 (1797214) C               Kuruka     Unspecified  (4453)    4380    4296    
   359 36.67 0.74 0.74           OX388219.1   3543819   3544090 (20059952) C               Kuruka     Unspecified  (4624)    4209    3938    
   239 22.00 0.00 0.00           OX388219.1   6221160   6221209 (17382833) C               Kuruka     Unspecified  (4820)    4013    3964    
   233 26.76 1.14 2.30           OX388219.1   6242635   6242722 (17361320) C               Kuruka     Unspecified  (4456)    4377    4291    
   228 20.83 0.00 0.00           OX388219.1  11717525  11717572 (11886470) C               Kuruka     Unspecified  (4518)    4315    4268    
   246 32.86 2.05 2.05           OX388219.1  15548548  15548693 (8055349) +               Kuruka     Unspecified    3970    4115  (4718)    
   248 34.45 2.52 2.89           OX388219.1  17141192  17141469 (6462573) +               Kuruka     Unspecified    4227    4503  (4330)    
   322 32.90 4.13 4.56           OX388219.1  22795594  22795835 (808207) C               Kuruka     Unspecified  (4312)    4521    4281    
  2007 33.50 1.72 1.82           OX388220.1   1220227   1221272 (19473245) C               Kuruka     Unspecified  (4253)    4580    3536    
   272 36.67 0.74 0.74           OX388220.1   2610298   2610569 (18083948) +               Kuruka     Unspecified    3938    4209  (4624)    
   272 36.67 0.74 0.74           OX388220.1  13425036  13425307 (7269210) C               Kuruka     Unspecified  (4624)    4209    3938    
   253 28.15 6.36 6.36           OX388220.1  13425564  13425783 (7268734) C               Kuruka     Unspecified  (5155)    3678    3459    
   225 25.81 0.00 0.00           OX388220.1  14283433  14283494 (6411023) C               Kuruka     Unspecified  (4491)    4342    4281    
   406 33.46 5.75 5.33           OX388220.1  15105305  15106052 (5588465) +               Kuruka     Unspecified    3459    4209  (4624)    
   288 35.43 3.03 3.48           OX388220.1  17261542  17261772 (3432745) +               Kuruka     Unspecified    4307    4536  (4297)    
   249 28.77 0.00 0.00           OX388220.1  20434289  20434361 (260156) C               Kuruka     Unspecified  (4479)    4354    4282    
  2016 33.34 1.82 1.91           OX388221.1    187323    188368 (19787400) +               Kuruka     Unspecified    3536    4580  (4253)    
   435 32.71 6.02 5.59           OX388221.1   1108621   1109368 (18866400) +               Kuruka     Unspecified    3459    4209  (4624)    
   227 28.77 0.00 0.00           OX388221.1   5232558   5232630 (14743138) C               Kuruka     Unspecified  (4479)    4354    4282    
   233 22.41 0.00 0.00           OX388221.1  10572381  10572438 (9403330) C               Kuruka     Unspecified  (4508)    4325    4268    
   427 33.21 2.28 2.67           OX388221.1  11497776  11498038 (8477730) +               Kuruka     Unspecified    4275    4536  (4297)    
   379 35.25 4.53 4.73           OX388221.1  11778743  11779272 (8196496) +               Kuruka     Unspecified    3975    4503  (4330)    
   389 31.79 1.95 1.95           OX388221.1  12295277  12295430 (7680338) +               Kuruka     Unspecified    3583    3736  (5097)    
  1922 33.50 1.72 1.82           OX388221.1  15020577  15021622 (4954146) C               Kuruka     Unspecified  (4253)    4580    3536    
   266 30.58 3.20 3.20           OX388221.1  16717882  16718006 (3257762) C               Kuruka     Unspecified  (4491)    4342    4218    
   229 34.56 1.39 3.55           OX388221.1  17556953  17557096 (2418672) C               Kuruka     Unspecified  (4718)    4115    3975    
   331 33.10 0.00 0.00           OX388222.1    111720    111861 (19330188) +               Kuruka     Unspecified    3583    3724  (5109)    
   306 37.89 0.44 0.44           OX388222.1    112068    112295 (19329754) +               Kuruka     Unspecified    3934    4161  (4672)    
   267 40.23 0.74 1.12           OX388222.1    245228    245496 (19196553) C               Kuruka     Unspecified  (4297)    4536    4269    
   253 28.15 6.36 6.36           OX388222.1   1511917   1512136 (17929913) +               Kuruka     Unspecified    3459    3678  (5155)    
   272 36.67 0.74 0.74           OX388222.1   1512393   1512664 (17929385) +               Kuruka     Unspecified    3938    4209  (4624)    
   273 35.61 5.08 4.70           OX388222.1   2776442   2776992 (16665057) C               Kuruka     Unspecified  (4237)    4596    4044    
   382 31.79 1.95 1.95           OX388222.1   2777297   2777450 (16664599) C               Kuruka     Unspecified  (5097)    3736    3583    
   260 22.41 0.00 0.00           OX388222.1   7403990   7404047 (12038002) C               Kuruka     Unspecified  (4508)    4325    4268    
   272 36.67 0.74 0.74           OX388222.1  13769111  13769382 (5672667) C               Kuruka     Unspecified  (4624)    4209    3938    
   253 28.15 6.36 6.36           OX388222.1  13769639  13769858 (5672191) C               Kuruka     Unspecified  (5155)    3678    3459    
   305 31.46 2.78 0.68           OX388222.1  15502157  15502300 (3939749) C               Kuruka     Unspecified  (5092)    3741    3595    
   266 34.79 1.43 1.43           OX388222.1  17028821  17028960 (2413089) +               Kuruka     Unspecified    3576    3715  (5118)    
   253 28.15 6.36 6.36           OX388223.1    327097    327316 (16912238) +               Kuruka     Unspecified    3459    3678  (5155)    
   272 36.67 0.74 0.74           OX388223.1    327573    327844 (16911710) +               Kuruka     Unspecified    3938    4209  (4624)    
   339 32.22 1.96 2.63           OX388223.1   1761123   1761275 (15478279) +               Kuruka     Unspecified    4282    4433  (4400)    
   313 28.05 0.00 0.00           OX388223.1   2329813   2329894 (14909660) +               Kuruka     Unspecified    4273    4354  (4479)    
   280 33.33 0.00 0.00           OX388223.1   5272303   5272386 (11967168) +               Kuruka     Unspecified    3583    3666  (5167)    
   283 31.66 4.33 4.33           OX388223.1   5272918   5273125 (11966429) +               Kuruka     Unspecified    4389    4596  (4237)    
   233 22.41 0.00 0.00           OX388223.1   8618817   8618874 (8620680) +               Kuruka     Unspecified    4268    4325  (4508)    
   256 37.34 2.09 2.52           OX388223.1  17142939  17143177  (96377) +               Kuruka     Unspecified    4283    4520  (4313)    
   385 35.91 1.89 2.27           OX388223.1  17165394  17165658  (73896) +               Kuruka     Unspecified    4273    4536  (4297)    
   299 37.51 2.57 2.95           OX388224.1   1012545   1012816 (15491900) +               Kuruka     Unspecified    4265    4535  (4298)    
   999 35.74 1.04 1.19           OX388224.1   1755793   1756466 (14748250) C               Kuruka     Unspecified  (4222)    4611    3939    
   283 38.54 0.00 0.00           OX388224.1   1756658   1756849 (14747867) C               Kuruka     Unspecified  (5154)    3679    3488    
   226 33.60 0.00 0.00           OX388224.1   1999123   1999247 (14505469) +               Kuruka     Unspecified    4403    4527  (4306)    
   336 32.47 4.13 4.56           OX388224.1   3054620   3054861 (13449855) C               Kuruka     Unspecified  (4312)    4521    4281    
   272 36.67 0.74 0.74           OX388224.1   4826590   4826861 (11677855) C               Kuruka     Unspecified  (4624)    4209    3938    
   253 28.15 6.36 6.36           OX388224.1   4827118   4827337 (11677379) C               Kuruka     Unspecified  (5155)    3678    3459    
   270 28.05 0.00 0.00           OX388224.1   5924153   5924234 (10580482) C               Kuruka     Unspecified  (4479)    4354    4273    
   233 22.41 0.00 0.00           OX388224.1   7319173   7319230 (9185486) C               Kuruka     Unspecified  (4508)    4325    4268    
   233 22.41 0.00 0.00           OX388224.1   8704546   8704603 (7800113) C               Kuruka     Unspecified  (4508)    4325    4268    
   280 23.15 6.90 7.64           OX388224.1  11049607  11049751 (5454965) +               Kuruka     Unspecified    4308    4451  (4382)    
   278 26.78 4.27 4.27           OX388224.1  12922538  12922654 (3582062) C               Kuruka     Unspecified  (4500)    4333    4217    
  1030 36.46 1.72 2.37           OX388225.1    128435    129538 (13782480) C               Kuruka     Unspecified  (4249)    4584    3488    
  1124 36.02 2.41 3.71           OX388225.1    486832    487869 (13424149) +               Kuruka     Unspecified    3465    4489  (4344)    
  2476 33.05 2.06 2.39           OX388225.1   1546608   1547822 (12364196) C               Kuruka     Unspecified  (4177)    4656    3446    
   398 31.79 1.95 1.95           OX388225.1   3038993   3039146 (10872872) +               Kuruka     Unspecified    3583    3736  (5097)    
   306 35.61 5.08 4.70           OX388225.1   3039451   3040001 (10872017) +               Kuruka     Unspecified    4044    4596  (4237)    
   323 32.16 0.69 0.69           OX388225.1   4335661   4335804 (9576214) C               Kuruka     Unspecified  (5097)    3736    3593    
  1952 33.57 2.73 2.28           OX388225.1   4961109   4962242 (8949776) C               Kuruka     Unspecified  (4253)    4580    3442    
   248 31.48 4.37 4.37           OX388225.1   7313177   7313382 (6598636) C               Kuruka     Unspecified  (5037)    3796    3591    
   228 31.98 4.37 4.37           OX388225.1   7622725   7622930 (6289088) C               Kuruka     Unspecified  (5037)    3796    3591    
  2007 33.50 1.72 1.82           OX388225.1   9879384   9880429 (4031589) +               Kuruka     Unspecified    3536    4580  (4253)    
  1626 33.59 1.72 1.82           OX388225.1  10940301  10941346 (2970672) C               Kuruka     Unspecified  (4253)    4580    3536    
   286 32.86 2.05 2.05           OX388225.1  11287568  11287713 (2624305) C               Kuruka     Unspecified  (4718)    4115    3970    
   253 28.15 6.36 6.36           OX388225.1  12870611  12870830 (1041188) +               Kuruka     Unspecified    3459    3678  (5155)    
   296 36.30 0.74 0.74           OX388225.1  12871087  12871358 (1040660) +               Kuruka     Unspecified    3938    4209  (4624)    
   379 32.34 7.61 5.46           OX388226.1   1815494   1816229 (11670467) C               Kuruka     Unspecified  (4624)    4209    3459    
   278 34.64 4.20 3.02           OX388226.1   4717679   4717940 (8768756) +               Kuruka     Unspecified    3580    3844  (4989)    
  2070 32.92 2.14 2.48           OX388226.1   6458321   6459535 (7027161) +               Kuruka     Unspecified    3446    4656  (4177)    
   481 32.90 5.75 5.33           OX388226.1  12509166  12509913 (976783) C               Kuruka     Unspecified  (4624)    4209    3459    
   431 32.71 6.02 5.59           OX388227.1    882130    882877 (11864187) C               Kuruka     Unspecified  (4624)    4209    3459    
   331 32.64 5.58 6.00           OX388227.1    915288    915538 (11831526) C               Kuruka     Unspecified  (4300)    4533    4284    
  1458 35.35 2.74 3.77           OX388227.1   1547367   1548680 (11198384) C               Kuruka     Unspecified  (4068)    4765    3465    
   329 34.49 3.73 3.73           OX388227.1   1891258   1891498 (10855566) +               Kuruka     Unspecified    4296    4536  (4297)    
   350 25.36 8.40 8.86           OX388227.1   3136117   3136354 (9610710) C               Kuruka     Unspecified  (4324)    4509    4273    
  1354 36.83 2.14 2.67           OX388227.1   3789552   3790904 (8956160) +               Kuruka     Unspecified    3488    4833  (4000)    
   490 36.61 1.74 3.96           OX388227.1   5044166   5044913 (7702151) C               Kuruka     Unspecified  (4163)    4670    3939    
   340 35.77 1.08 1.08           OX388227.1   5045018   5045294 (7701770) C               Kuruka     Unspecified  (4999)    3834    3558    
  1041 36.82 1.45 2.10           OX388227.1   7536974   7538077 (5208987) C               Kuruka     Unspecified  (4249)    4584    3488    
   226 33.60 0.00 0.00           OX388227.1  10260072  10260196 (2486868) +               Kuruka     Unspecified    4403    4527  (4306)    
   321 33.02 5.36 5.36           OX388227.1  10561051  10561386 (2185678) C               Kuruka     Unspecified  (5037)    3796    3461    
   321 33.02 5.36 5.36           OX388227.1  10566835  10567170 (2179894) C               Kuruka     Unspecified  (5037)    3796    3461    
   321 33.02 5.36 5.36           OX388227.1  10572620  10572955 (2174109) C               Kuruka     Unspecified  (5037)    3796    3461    
   565 30.83 2.10 2.46           OX388227.1  10825791  10826076 (1920988) +               Kuruka     Unspecified    4296    4580  (4253)    
