  449 32.43  2.63  2.63            CM056741.1 15385505 15385732 (97368454)  +          Kuruka  Unspecified (97368454) 15385505 15385732
  300 22.58  0.00  0.00            CM056741.1 19635824 19635885 (93118301)  +          Kuruka  Unspecified (93118301) 19635824 19635885
  225 38.48  2.91  3.61            CM056741.1 21080484 21081068 (91673118)  +          Kuruka  Unspecified (91673118) 21080484 21081068
  264 33.16  3.98  3.98            CM056741.1 21081320 21081520 (91672666)  +          Kuruka  Unspecified (91672666) 21081320 21081520
  345 31.89  2.82  2.82            CM056741.1 21734192 21734404 (91019782)  +          Kuruka  Unspecified (91019782) 21734192 21734404
  274 31.62  0.00  0.00            CM056741.1 23031015 23031131 (89723055)  +          Kuruka  Unspecified (89723055) 23031015 23031131
  314 34.93  1.88  1.88            CM056741.1 23031362 23031574 (89722612)  +          Kuruka  Unspecified (89722612) 23031362 23031574
  226 27.42  0.00  0.00            CM056741.1 25230637 25230698 (87523488)  +          Kuruka  Unspecified (87523488) 25230637 25230698
  373 32.40  2.70  2.70            CM056741.1 36467668 36467889 (76286297)  +          Kuruka  Unspecified (76286297) 36467668 36467889
  263 37.69  0.00  0.00            CM056741.1 40409327 40409456 (72344730)  +          Kuruka  Unspecified (72344730) 40409327 40409456
  246 36.91  0.94  0.47            CM056741.1 40409684 40410293 (72344290)  +          Kuruka  Unspecified (72344290) 40409684 40410293
  329 34.83  1.95  1.95            CM056741.1 41605102 41605306 (71148880)  +          Kuruka  Unspecified (71148880) 41605102 41605306
  245 32.81  1.59  3.23            CM056741.1 44382396 44382521 (68371665)  +          Kuruka  Unspecified (68371665) 44382396 44382521
  228 26.04  3.03  3.03            CM056741.1 46498084 46498182 (66256004)  +          Kuruka  Unspecified (66256004) 46498084 46498182
  425 35.21  0.51  0.51            CM056741.1 53503472 53503668 (59250518)  +          Kuruka  Unspecified (59250518) 53503472 53503668
  330 31.55  4.63  4.63            CM056741.1 53503911 53504126 (59250060)  +          Kuruka  Unspecified (59250060) 53503911 53504126
  291 35.14  2.44  1.45            CM056741.1 54614329 54614533 (58139653)  +          Kuruka  Unspecified (58139653) 54614329 54614533
  282 30.87  4.35  1.41            CM056741.1 72117355 72117492 (40636694)  +          Kuruka  Unspecified (40636694) 72117355 72117492
  361 36.44  1.38  1.38            CM056741.1 78115435 78115651 (34638535)  +          Kuruka  Unspecified (34638535) 78115435 78115651
  583 36.74  3.34  2.94            CM056741.1 79907188 79908205 (32845981)  +          Kuruka  Unspecified (32845981) 79907188 79908205
  289 36.59  1.44  1.44            CM056741.1 80971168 80971375 (31782811)  +          Kuruka  Unspecified (31782811) 80971168 80971375
  253 26.56  5.33  4.64            CM056741.1 80972067 80972216 (31781970)  +          Kuruka  Unspecified (31781970) 80972067 80972216
  585 36.45  2.57  2.74            CM056741.1 81724229 81724812 (31029374)  +          Kuruka  Unspecified (31029374) 81724229 81724812
  301 33.31  5.98  5.08            CM056741.1 82621902 82622135 (30132051)  +          Kuruka  Unspecified (30132051) 82621902 82622135
  308 36.57  1.13  1.13            CM056741.1 83417599 83417775 (29336411)  +          Kuruka  Unspecified (29336411) 83417599 83417775
  299 31.55  4.00  4.00            CM056741.1 83418035 83418209 (29335977)  +          Kuruka  Unspecified (29335977) 83418035 83418209
  455 33.02  1.42  1.42            CM056741.1 86472529 86472740 (26281446)  +          Kuruka  Unspecified (26281446) 86472529 86472740
  392 37.56  4.10  4.26            CM056741.1 86577781 86578439 (26175747)  +          Kuruka  Unspecified (26175747) 86577781 86578439
  334 34.94  0.60  0.60            CM056741.1 86897264 86897430 (25856756)  +          Kuruka  Unspecified (25856756) 86897264 86897430
  225 28.77  0.00  0.00            CM056741.1 86914086 86914158 (25840028)  +          Kuruka  Unspecified (25840028) 86914086 86914158
  360 35.31  4.40  5.33            CM056741.1 86914546 86914886 (25839300)  +          Kuruka  Unspecified (25839300) 86914546 86914886
  225 37.20  3.27  3.27            CM056741.1 87487802 87488015 (25266171)  +          Kuruka  Unspecified (25266171) 87487802 87488015
  227 34.74  0.84  0.84            CM056741.1 88365105 88365223 (24388963)  +          Kuruka  Unspecified (24388963) 88365105 88365223
  248 35.15  2.74  2.74            CM056741.1 88776588 88777378 (23977526)  +          Kuruka  Unspecified (23977526) 88776588 88777378
  343 35.51  4.22  4.40            CM056741.1 90020690 90021281 (22732905)  +          Kuruka  Unspecified (22732905) 90020690 90021281
  392 32.54  0.60  0.60            CM056741.1 90566996 90567162 (22187024)  +          Kuruka  Unspecified (22187024) 90566996 90567162
  245 30.43  0.00  0.00            CM056741.1 90991062 90991153 (21763033)  +          Kuruka  Unspecified (21763033) 90991062 90991153
  445 32.99  1.50  1.50            CM056741.1 92535228 92535427 (20218759)  +          Kuruka  Unspecified (20218759) 92535228 92535427
  236 31.52  0.00  0.00            CM056741.1 96091784 96091875 (16662311)  +          Kuruka  Unspecified (16662311) 96091784 96091875
  539 34.33  5.65  5.78            CM056741.1 96136483 96137261 (16616925)  +          Kuruka  Unspecified (16616925) 96136483 96137261
  240 29.67  7.66  7.66            CM056741.1 96660927 96661303 (16093038)  +          Kuruka  Unspecified (16093038) 96660927 96661303
  380 34.83  3.68  4.00            CM056741.1 97312358 97312683 (15441503)  +          Kuruka  Unspecified (15441503) 97312358 97312683
  486 35.51  4.58  4.58            CM056741.1 98646249 98646859 (14107327)  +          Kuruka  Unspecified (14107327) 98646249 98646859
  252 24.66  0.00  0.00            CM056741.1 99849439 99849511 (12904675)  +          Kuruka  Unspecified (12904675) 99849439 99849511
  347 31.72  2.37  2.98            CM056741.1 99850049 99850217 (12903969)  +          Kuruka  Unspecified (12903969) 99850049 99850217
  246 35.53  0.00  0.00            CM056741.1 99889755 99890539 (12864359)  +          Kuruka  Unspecified (12864359) 99889755 99890539
  430 35.34  4.58  4.58            CM056741.1 101694332 101694942 (11059244)  +          Kuruka  Unspecified (11059244) 101694332 101694942
  233 28.48  4.24  4.24            CM056741.1 104181125 104181289 (8572897)  +          Kuruka  Unspecified (8572897) 104181125 104181289
  264 39.40  0.00  0.61            CM056741.1 105270478 105270643 (7483543)  +          Kuruka  Unspecified (7483543) 105270478 105270643
  763 34.40  4.57  4.71            CM056741.1 106004330 106005116 (6749070)  +          Kuruka  Unspecified (6749070) 106004330 106005116
  769 36.01  4.45  4.14            CM056741.1 106632404 106633414 (6120772)  +          Kuruka  Unspecified (6120772) 106632404 106633414
  537 34.69  3.76  3.93            CM056741.1 106994205 106994816 (5759370)  +          Kuruka  Unspecified (5759370) 106994205 106994816
  235 21.22  7.48  7.48            CM056741.1 107392987 107393093 (5361093)  +          Kuruka  Unspecified (5361093) 107392987 107393093
  239 35.52  2.73  2.73            CM056741.1 107555560 107555779 (5198407)  +          Kuruka  Unspecified (5198407) 107555560 107555779
  330 34.88  0.92  0.92            CM056741.1 108822033 108822249 (3931937)  +          Kuruka  Unspecified (3931937) 108822033 108822249
  324 37.03  0.00  0.00            CM056741.1 110944541 110945108 (1809521)  +          Kuruka  Unspecified (1809521) 110944541 110945108
  603 35.70  3.48  3.61            CM056741.1   615625   616400 (112137786)  C          Kuruka  Unspecified (112137786)   615625   616400
  290 34.70  2.24  1.79            CM056741.1 11098834 11099056 (101655130)  C          Kuruka  Unspecified (101655130) 11098834 11099056
  448 36.18  4.17  4.17            CM056741.1 13054552 13055174 (99699012)  C          Kuruka  Unspecified (99699012) 13054552 13055174
  256 28.72  3.94  3.94            CM056741.1 16355488 16355690 (96398496)  C          Kuruka  Unspecified (96398496) 16355488 16355690
  239 28.72  3.94  3.94            CM056741.1 16594066 16594268 (96159918)  C          Kuruka  Unspecified (96159918) 16594066 16594268
  363 35.96  4.50  2.29            CM056741.1 17752704 17753258 (95000928)  C          Kuruka  Unspecified (95000928) 17752704 17753258
  226 27.42  0.00  0.00            CM056741.1 17852914 17852975 (94901211)  C          Kuruka  Unspecified (94901211) 17852914 17852975
  257 34.46  1.99  1.99            CM056741.1 18490662 18490812 (94263374)  C          Kuruka  Unspecified (94263374) 18490662 18490812
  287 38.28  0.00  0.00            CM056741.1 18491072 18491280 (94262906)  C          Kuruka  Unspecified (94262906) 18491072 18491280
  379 34.54  1.79  1.34            CM056741.1 18491503 18491725 (94262461)  C          Kuruka  Unspecified (94262461) 18491503 18491725
  283 32.03  1.54  1.54            CM056741.1 22995270 22995399 (89758787)  C          Kuruka  Unspecified (89758787) 22995270 22995399
  305 38.14  0.51  0.51            CM056741.1 22995695 22995889 (89758297)  C          Kuruka  Unspecified (89758297) 22995695 22995889
  278 37.68  0.96  0.96            CM056741.1 27486525 27486733 (85267453)  C          Kuruka  Unspecified (85267453) 27486525 27486733
  321 32.14  3.45  3.45            CM056741.1 27487077 27487250 (85266936)  C          Kuruka  Unspecified (85266936) 27487077 27487250
  260 32.82  1.54  1.54            CM056741.1 28091666 28091795 (84662391)  C          Kuruka  Unspecified (84662391) 28091666 28091795
  317 37.63  0.51  0.51            CM056741.1 28092091 28092285 (84661901)  C          Kuruka  Unspecified (84661901) 28092091 28092285
  360 34.29  0.86  4.46            CM056741.1 30445945 30446176 (82308010)  C          Kuruka  Unspecified (82308010) 30445945 30446176
  481 38.42  2.11  1.93            CM056741.1 41453295 41453862 (71300324)  C          Kuruka  Unspecified (71300324) 41453295 41453862
  245 11.63  0.00  2.33            CM056741.1 47415296 47415339 (65338847)  C          Kuruka  Unspecified (65338847) 47415296 47415339
  368 32.40  2.70  2.70            CM056741.1 54195967 54196188 (58557998)  C          Kuruka  Unspecified (58557998) 54195967 54196188
  311 37.74  0.47  0.47            CM056741.1 54803109 54803321 (57950865)  C          Kuruka  Unspecified (57950865) 54803109 54803321
  262 33.33  0.00  0.00            CM056741.1 54803552 54803677 (57950509)  C          Kuruka  Unspecified (57950509) 54803552 54803677
  370 31.75  1.33  1.33            CM056741.1 61231730 61231879 (51522307)  C          Kuruka  Unspecified (51522307) 61231730 61231879
  279 34.19  1.90  1.90            CM056741.1 69346575 69346732 (43407454)  C          Kuruka  Unspecified (43407454) 69346575 69346732
  283 37.21  1.38  1.38            CM056741.1 69346971 69347188 (43406998)  C          Kuruka  Unspecified (43406998) 69346971 69347188
  252 32.08  0.93  0.93            CM056741.1 69347456 69347562 (43406624)  C          Kuruka  Unspecified (43406624) 69347456 69347562
  272 34.17  5.25  5.42            CM056741.1 74275694 74276284 (38477902)  C          Kuruka  Unspecified (38477902) 74275694 74276284
  573 35.14  4.03  4.70            CM056741.1 74407527 74408147 (38346039)  C          Kuruka  Unspecified (38346039) 74407527 74408147
  246 27.21  4.24  4.24            CM056741.1 75095060 75095224 (37658962)  C          Kuruka  Unspecified (37658962) 75095060 75095224
  245 33.06  0.67  0.67            CM056741.1 76225365 76225982 (36528672)  C          Kuruka  Unspecified (36528672) 76225365 76225982
  440 35.23  4.77  4.77            CM056741.1 76902653 76903281 (35850905)  C          Kuruka  Unspecified (35850905) 76902653 76903281
  298 34.21  4.09  4.42            CM056741.1 80095816 80096133 (32658053)  C          Kuruka  Unspecified (32658053) 80095816 80096133
  249 26.53  2.00  2.00            CM056741.1 80096525 80096624 (32657562)  C          Kuruka  Unspecified (32657562) 80096525 80096624
  330 34.33  6.04  6.04            CM056741.1 80343148 80343925 (32410261)  C          Kuruka  Unspecified (32410261) 80343148 80343925
  282 30.87  4.35  1.41            CM056741.1 80879415 80879552 (31874634)  C          Kuruka  Unspecified (31874634) 80879415 80879552
  584 36.46  4.69  2.38            CM056741.1 81108386 81108961 (31645225)  C          Kuruka  Unspecified (31645225) 81108386 81108961
  289 38.22  1.03  1.55            CM056741.1 81940477 81940670 (30813516)  C          Kuruka  Unspecified (30813516) 81940477 81940670
  242 35.21  3.62  3.62            CM056741.1 81940889 81941109 (30813077)  C          Kuruka  Unspecified (30813077) 81940889 81941109
  280 34.50  3.07  3.07            CM056741.1 82406939 82407264 (30346922)  C          Kuruka  Unspecified (30346922) 82406939 82407264
  343 31.20  2.48  2.48            CM056741.1 82937912 82938072 (29816114)  C          Kuruka  Unspecified (29816114) 82937912 82938072
  429 35.73  4.57  4.71            CM056741.1 84676914 84677700 (28076486)  C          Kuruka  Unspecified (28076486) 84676914 84677700
  706 37.54  2.63  2.30            CM056741.1 85295401 85296008 (27458178)  C          Kuruka  Unspecified (27458178) 85295401 85296008
  230 37.60  3.22  3.22            CM056741.1 85417190 85417593 (27336593)  C          Kuruka  Unspecified (27336593) 85417190 85417593
  305 33.25  6.74  5.20            CM056741.1 85537470 85538151 (27216035)  C          Kuruka  Unspecified (27216035) 85537470 85538151
  235 35.29  1.46  0.72            CM056741.1 86214013 86214149 (26540037)  C          Kuruka  Unspecified (26540037) 86214013 86214149
  609 34.89  2.78  2.95            CM056741.1 87081923 87082713 (25671652)  C          Kuruka  Unspecified (25671652) 87081923 87082713
  447 38.29  3.30  3.47            CM056741.1 88019375 88019980 (24734206)  C          Kuruka  Unspecified (24734206) 88019375 88019980
  358 31.80  5.72  5.72            CM056741.1 88079436 88080012 (24674174)  C          Kuruka  Unspecified (24674174) 88079436 88080012
  567 34.40  3.10  3.27            CM056741.1 90766644 90767434 (21986931)  C          Kuruka  Unspecified (21986931) 90766644 90767434
  248 36.48  3.79  3.79            CM056741.1 93310392 93310787 (19443399)  C          Kuruka  Unspecified (19443399) 93310392 93310787
  455 35.50  4.42  4.56            CM056741.1 94860739 94861529 (17892657)  C          Kuruka  Unspecified (17892657) 94860739 94861529
  250 32.81  1.59  3.23            CM056741.1 97255092 97255217 (15498969)  C          Kuruka  Unspecified (15498969) 97255092 97255217
  509 35.48  4.02  4.86            CM056741.1 97824344 97824965 (14929221)  C          Kuruka  Unspecified (14929221) 97824344 97824965
  328 38.53  2.55  2.90            CM056741.1 98258259 98258846 (14495340)  C          Kuruka  Unspecified (14495340) 98258259 98258846
  489 37.21  2.19  2.71            CM056741.1 99522084 99522677 (13231509)  C          Kuruka  Unspecified (13231509) 99522084 99522677
  506 37.74  3.61  3.72            CM056741.1 99772658 99773598 (12980588)  C          Kuruka  Unspecified (12980588) 99772658 99773598
  233 36.11  0.00  0.00            CM056741.1 100327791 100327898 (12426288)  C          Kuruka  Unspecified (12426288) 100327791 100327898
  238 30.43  0.00  0.00            CM056741.1 100885872 100885963 (11868223)  C          Kuruka  Unspecified (11868223) 100885872 100885963
  235 29.27  1.20  1.20            CM056741.1 102046393 102046475 (10707711)  C          Kuruka  Unspecified (10707711) 102046393 102046475
  427 37.50  2.66  2.83            CM056741.1 102214785 102215385 (10538801)  C          Kuruka  Unspecified (10538801) 102214785 102215385
  597 38.31  1.79  1.95            CM056741.1 104753241 104753855 (8000331)  C          Kuruka  Unspecified (8000331) 104753241 104753855
  349 29.47  4.27  4.27            CM056741.1 105100946 105101179 (7653007)  C          Kuruka  Unspecified (7653007) 105100946 105101179
  229 31.52  0.00  0.00            CM056741.1 108714073 108714164 (4040022)  C          Kuruka  Unspecified (4040022) 108714073 108714164
  276 33.08  1.52  1.52            CM056741.1 109030560 109030691 (3723495)  C          Kuruka  Unspecified (3723495) 109030560 109030691
  301 36.43  0.00  0.00            CM056741.1 110270992 110271120 (2483066)  C          Kuruka  Unspecified (2483066) 110270992 110271120
  234 25.00  6.31  6.31            CM056741.1 111046236 111046346 (1707840)  C          Kuruka  Unspecified (1707840) 111046236 111046346
