   295 29.81 7.14 4.17    CASGFO010000002.1    137921    138130 (105316) +               Kuruka     Unspecified    3465    3680  (5153)    
   415 30.63 1.23 1.23           OX438627.1   1173156   1173317 (16678857) C               Kuruka     Unspecified  (5097)    3736    3575    
   263 32.83 5.24 5.74           OX438627.1   4006360   4006569 (13845605) +               Kuruka     Unspecified    4286    4494  (4339)    
  2106 33.17 2.45 2.21           OX438627.1   5081223   5082486 (12769688) +               Kuruka     Unspecified    3511    4777  (4056)    
  1684 33.42 4.29 3.27           OX438627.1   5120371   5121793 (12730381) C               Kuruka     Unspecified  (3966)    4867    3431    
   253 32.22 0.00 0.00           OX438627.1   7955166   7955255 (9896919) C               Kuruka     Unspecified  (4282)    4551    4462    
   227 30.43 0.00 0.00           OX438627.1   7955538   7955629 (9896545) C               Kuruka     Unspecified  (4653)    4180    4089    
   375 31.35 0.58 2.99           OX438627.1   7955976   7956146 (9896028) C               Kuruka     Unspecified  (5094)    3739    3573    
   295 32.43 2.67 4.35           OX438627.1  11022604  11022790 (6829384) +               Kuruka     Unspecified    3944    4127  (4706)    
   249 31.26 2.41 3.66           OX438627.1  12159530  12159778 (5692396) +               Kuruka     Unspecified    4089    4334  (4499)    
   227 24.57 0.00 1.75           OX438627.1  12949882  12949939 (4902235) +               Kuruka     Unspecified    2434    2490  (6343)    
  1685 34.01 3.33 3.64           OX438627.1  12951253  12952604 (4899570) +               Kuruka     Unspecified    3507    4854  (3979)    
   316 33.33 0.62 0.62           OX438627.1  12986378  12986537 (4865637) +               Kuruka     Unspecified    3580    3739  (5094)    
  1701 34.34 1.21 1.58           OX438627.1  14335633  14336709 (3515465) C               Kuruka     Unspecified  (4226)    4607    3535    
   392 30.95 4.18 4.18           OX438627.1  15715687  15715949 (2136225) C               Kuruka     Unspecified  (5109)    3724    3462    
  1907 33.06 3.06 2.33           OX438627.1  16098554  16099829 (1752345) +               Kuruka     Unspecified    3496    4780  (4053)    
   884 35.68 1.72 1.87           OX438627.1  17752915  17753611  (98563) +               Kuruka     Unspecified    3939    4634  (4199)    
  2350 31.98 3.54 3.46           OX438628.1    137634    138961 (17335234) +               Kuruka     Unspecified    3452    4780  (4053)    
   232 23.73 0.00 0.00           OX438628.1    463188    463246 (17010949) +               Kuruka     Unspecified    4284    4342  (4491)    
  1971 32.43 3.03 3.11           OX438628.1    931614    932899 (16541296) +               Kuruka     Unspecified    3496    4780  (4053)    
   375 31.87 1.23 1.23           OX438628.1   3599146   3599307 (13874888) C               Kuruka     Unspecified  (5097)    3736    3575    
  2074 33.46 2.37 2.13           OX438628.1   3806888   3808151 (13666044) C               Kuruka     Unspecified  (4056)    4777    3511    
  1417 35.04 2.88 2.45           OX438628.1   6514915   6516093 (10958102) +               Kuruka     Unspecified    3488    4671  (4162)    
   246 30.33 6.22 6.22           OX438628.1   9074041   9074265 (8399930) +               Kuruka     Unspecified    3456    3680  (5153)    
   596 35.67 3.03 3.18           OX438628.1   9074524   9075215 (8398980) +               Kuruka     Unspecified    3939    4629  (4204)    
   585 37.74 3.03 2.85           OX438628.1   9572767   9573887 (7900308) +               Kuruka     Unspecified    3489    4611  (4222)    
   275 31.38 1.71 5.33           OX438628.1  13289047  13289221 (4184974) +               Kuruka     Unspecified    3512    3680  (5153)    
   624 35.48 3.32 3.47           OX438628.1  13289480  13290171 (4184024) +               Kuruka     Unspecified    3939    4629  (4204)    
  1694 34.41 3.18 3.49           OX438628.1  13821800  13823151 (3651044) C               Kuruka     Unspecified  (3979)    4854    3507    
   227 24.57 0.00 1.75           OX438628.1  13824465  13824522 (3649673) C               Kuruka     Unspecified  (6343)    2490    2434    
  2130 34.27 1.81 1.90           OX438628.1  14192985  14194144 (3280051) C               Kuruka     Unspecified  (4162)    4671    3513    
   279 32.90 5.97 6.31           OX438628.1  14224077  14224394 (3249801) C               Kuruka     Unspecified  (4287)    4546    4230    
   232 34.10 2.67 4.35           OX438629.1   4927048   4927234 (10966419) +               Kuruka     Unspecified    3944    4127  (4706)    
  2091 33.80 1.95 2.04           OX438629.1   5196960   5198137 (10695516) C               Kuruka     Unspecified  (4163)    4670    3494    
   463 35.33 3.32 3.47           OX438629.1   7800893   7801584 (8092069) +               Kuruka     Unspecified    3939    4629  (4204)    
  1777 34.49 1.66 1.75           OX438629.1  12352792  12353933 (3539720) +               Kuruka     Unspecified    3531    4671  (4162)    
   522 35.79 4.23 3.33           OX438629.1  13270925  13271609 (2622044) C               Kuruka     Unspecified  (4204)    4629    3939    
   285 29.86 6.22 6.22           OX438629.1  13271868  13272092 (2621561) C               Kuruka     Unspecified  (5153)    3680    3456    
   277 33.35 2.02 3.27           OX438629.1  14117403  14117650 (1776003) C               Kuruka     Unspecified  (4500)    4333    4089    
   272 31.38 1.71 5.33           OX438630.1   2054984   2055158 (13833330) +               Kuruka     Unspecified    3512    3680  (5153)    
   605 35.67 3.03 3.18           OX438630.1   2055417   2056108 (13832380) +               Kuruka     Unspecified    3939    4629  (4204)    
  1710 34.03 3.18 3.49           OX438630.1   3597857   3599208 (12289280) C               Kuruka     Unspecified  (3979)    4854    3507    
   227 24.57 0.00 1.75           OX438630.1   3600522   3600579 (12287909) C               Kuruka     Unspecified  (6343)    2490    2434    
  1218 34.66 1.34 1.84           OX438630.1   4078244   4079063 (11809425) C               Kuruka     Unspecified  (4226)    4607    3792    
   516 31.60 0.00 0.00           OX438630.1   4081153   4081364 (11807124) C               Kuruka     Unspecified  (5115)    3718    3507    
   694 37.64 3.03 2.85           OX438630.1   4173068   4174188 (11714300) +               Kuruka     Unspecified    3489    4611  (4222)    
  1319 33.98 3.25 3.56           OX438630.1   4280087   4281438 (11607050) +               Kuruka     Unspecified    3507    4854  (3979)    
   358 33.33 0.62 0.62           OX438630.1   8569110   8569269 (7319219) C               Kuruka     Unspecified  (5094)    3739    3580    
  2037 34.11 2.12 2.21           OX438630.1   9205746   9206923 (6681565) C               Kuruka     Unspecified  (4163)    4670    3494    
   308 32.77 5.41 5.75           OX438630.1  10028440  10028753 (5859735) C               Kuruka     Unspecified  (4297)    4536    4224    
  2082 34.44 1.81 1.90           OX438630.1  13595344  13596503 (2291985) C               Kuruka     Unspecified  (4162)    4671    3513    
   581 35.82 3.03 3.18           OX438630.1  14558989  14559680 (1328808) C               Kuruka     Unspecified  (4204)    4629    3939    
   246 30.33 6.22 6.22           OX438630.1  14559939  14560163 (1328325) C               Kuruka     Unspecified  (5153)    3680    3456    
   248 28.93 1.18 2.38           OX438630.1  15011041  15011125 (877363) +               Kuruka     Unspecified    4291    4374  (4459)    
  1801 34.57 1.64 1.73           OX438631.1   2038073   2039232 (13343283) C               Kuruka     Unspecified  (4162)    4671    3513    
   277 33.35 2.02 3.27           OX438631.1   4037262   4037509 (11345006) C               Kuruka     Unspecified  (4500)    4333    4089    
  2072 33.71 2.21 2.29           OX438631.1   6954725   6955902 (8426613) C               Kuruka     Unspecified  (4163)    4670    3494    
  2103 34.36 1.81 1.90           OX438631.1   9413364   9414523 (5967992) C               Kuruka     Unspecified  (4162)    4671    3513    
   658 35.34 2.01 2.16           OX438631.1  10142999  10143695 (5238820) C               Kuruka     Unspecified  (4199)    4634    3939    
  1330 33.88 3.40 3.71           OX438631.1  12062272  12063623 (3318892) C               Kuruka     Unspecified  (3979)    4854    3507    
   234 28.12 0.00 0.00           OX438631.1  12872227  12872290 (2510225) +               Kuruka     Unspecified    4291    4354  (4479)    
  1729 34.24 1.21 1.58           OX438631.1  14733801  14734877 (647638) C               Kuruka     Unspecified  (4226)    4607    3535    
   651 37.56 3.03 2.85           OX438632.1   4912630   4913750 (10168954) C               Kuruka     Unspecified  (4222)    4611    3489    
   366 33.33 0.62 0.62           OX438632.1   7189246   7189405 (7893299) C               Kuruka     Unspecified  (5094)    3739    3580    
   282 33.53 3.33 3.91           OX438632.1   9356173   9356352 (5726352) C               Kuruka     Unspecified  (4456)    4377    4199    
   400 33.91 2.87 3.29           OX438632.1  13256232  13256475 (1826229) C               Kuruka     Unspecified  (4300)    4533    4291    
   266 31.87 2.67 4.35           OX438632.1  14199575  14199761 (882943) +               Kuruka     Unspecified    3944    4127  (4706)    
   269 29.86 6.22 6.22           OX438633.1    645360    645584 (14292889) +               Kuruka     Unspecified    3456    3680  (5153)    
   606 35.67 3.03 3.18           OX438633.1    645843    646534 (14291939) +               Kuruka     Unspecified    3939    4629  (4204)    
   244 32.22 0.00 0.00           OX438633.1   7362530   7362619 (7575854) C               Kuruka     Unspecified  (4282)    4551    4462    
   237 30.43 0.00 0.00           OX438633.1   7362902   7362993 (7575480) C               Kuruka     Unspecified  (4653)    4180    4089    
   375 31.35 0.58 2.99           OX438633.1   7363340   7363510 (7574963) C               Kuruka     Unspecified  (5094)    3739    3573    
   323 33.11 2.09 3.17           OX438633.1   8676144   8676430 (6262043) +               Kuruka     Unspecified    4051    4334  (4499)    
  2122 33.77 2.12 2.21           OX438633.1   9143614   9144791 (5793682) C               Kuruka     Unspecified  (4163)    4670    3494    
   337 35.08 1.80 2.72           OX438633.1  11774879  11775212 (3163261) C               Kuruka     Unspecified  (4499)    4334    4004    
   232 23.73 0.00 0.00           OX438633.1  13738214  13738272 (1200201) C               Kuruka     Unspecified  (4491)    4342    4284    
   656 36.68 3.75 3.47           OX438633.1  14769492  14770612 (167861) +               Kuruka     Unspecified    3488    4611  (4222)    
   275 32.82 4.03 4.03           OX438634.1     65233     65505 (13753967) C               Kuruka     Unspecified  (5094)    3739    3467    
   225 38.15 2.91 2.59           OX438634.1   1051597   1052250 (12767222) C               Kuruka     Unspecified  (4222)    4611    3956    
   387 34.87 1.70 1.70           OX438634.1   1052366   1052718 (12766754) C               Kuruka     Unspecified  (4993)    3840    3488    
   225 37.86 1.38 1.84           OX438634.1   4012442   4012659 (9806813) C               Kuruka     Unspecified  (4333)    4500    4284    
  1633 34.12 3.25 3.56           OX438634.1   9591667   9593018 (4226454) C               Kuruka     Unspecified  (3979)    4854    3507    
   227 24.57 0.00 1.75           OX438634.1   9594332   9594389 (4225083) C               Kuruka     Unspecified  (6343)    2490    2434    
  1680 33.79 3.40 3.71           OX438634.1  10149748  10151099 (3668373) C               Kuruka     Unspecified  (3979)    4854    3507    
   227 24.57 0.00 1.75           OX438634.1  10152413  10152470 (3667002) C               Kuruka     Unspecified  (6343)    2490    2434    
   263 32.83 5.24 5.74           OX438634.1  11098619  11098828 (2720644) +               Kuruka     Unspecified    4286    4494  (4339)    
   275 32.98 2.67 4.35           OX438634.1  11673901  11674087 (2145385) C               Kuruka     Unspecified  (4706)    4127    3944    
   401 36.86 0.42 0.84           OX438634.1  12801832  12802069 (1017403) +               Kuruka     Unspecified    4273    4509  (4324)    
   660 35.34 2.01 2.16           OX438634.1  13632081  13632777 (186695) C               Kuruka     Unspecified  (4199)    4634    3939    
  2060 33.79 2.21 2.29           OX438635.1   3706358   3707535 (9186089) C               Kuruka     Unspecified  (4163)    4670    3494    
   295 32.43 2.67 4.35           OX438635.1   5769035   5769221 (7124403) C               Kuruka     Unspecified  (4706)    4127    3944    
   619 37.70 3.03 2.85           OX438635.1   6698825   6699946 (6193678) +               Kuruka     Unspecified    3489    4612  (4221)    
   249 32.22 0.00 0.00           OX438635.1   9076209   9076298 (3817326) C               Kuruka     Unspecified  (4282)    4551    4462    
   243 27.47 1.09 1.09           OX438635.1   9076581   9076672 (3816952) C               Kuruka     Unspecified  (4653)    4180    4089    
   375 31.35 0.58 2.99           OX438635.1   9077019   9077189 (3816435) C               Kuruka     Unspecified  (5094)    3739    3573    
   242 32.43 2.67 4.35           OX438635.1   9723573   9723759 (3169865) C               Kuruka     Unspecified  (4706)    4127    3944    
   275 32.98 2.67 4.35           OX438635.1   9984162   9984348 (2909276) +               Kuruka     Unspecified    3944    4127  (4706)    
  2000 34.65 1.18 1.54           OX438635.1  11842114  11843218 (1050406) C               Kuruka     Unspecified  (4226)    4607    3507    
   248 28.93 1.18 2.38           OX438636.1    525609    525693 (11343881) C               Kuruka     Unspecified  (4459)    4374    4291    
   279 32.90 5.97 6.31           OX438636.1   1031178   1031495 (10838079) C               Kuruka     Unspecified  (4287)    4546    4230    
  1749 33.89 2.21 2.29           OX438636.1   1955454   1956631 (9912943) C               Kuruka     Unspecified  (4163)    4670    3494    
   248 28.93 1.18 2.38           OX438636.1   2542015   2542099 (9327475) +               Kuruka     Unspecified    4291    4374  (4459)    
  2068 34.54 1.81 1.90           OX438636.1   5419225   5420384 (6449190) C               Kuruka     Unspecified  (4162)    4671    3513    
   279 32.90 5.97 6.31           OX438636.1   6050659   6050976 (5818598) +               Kuruka     Unspecified    4230    4546  (4287)    
   247 28.93 1.18 2.38           OX438636.1   8688646   8688730 (3180844) +               Kuruka     Unspecified    4291    4374  (4459)    
   660 36.87 3.66 3.47           OX438637.1    138199    139319 (9032885) C               Kuruka     Unspecified  (4222)    4611    3489    
   628 35.63 2.01 2.16           OX438637.1   4555770   4556466 (4615738) C               Kuruka     Unspecified  (4199)    4634    3939    
   279 32.90 5.97 6.31           OX438638.1   1408125   1408442 (4549410) C               Kuruka     Unspecified  (4287)    4546    4230    
  2118 33.94 1.87 1.95           OX438638.1   2046695   2047872 (3909980) C               Kuruka     Unspecified  (4163)    4670    3494    
   225 31.68 2.41 3.66           OX438638.1   3099949   3100197 (2857655) +               Kuruka     Unspecified    4089    4334  (4499)    
   335 34.61 1.66 3.97           OX438638.1   4088376   4088736 (1869116) C               Kuruka     Unspecified  (4499)    4334    3982    
   248 28.93 1.18 2.38           OX438638.1   4817173   4817257 (1140595) C               Kuruka     Unspecified  (4459)    4374    4291    
  1970 35.44 2.15 2.47           OX438638.1   5328298   5329599 (628253) +               Kuruka     Unspecified    3461    4758  (4075)    
   335 34.61 1.66 3.97           OX438640.1   6402571   6402931 (29293852) C               Kuruka     Unspecified  (4499)    4334    3982    
   335 34.61 1.66 3.97           OX438640.1  11666321  11666681 (24030102) C               Kuruka     Unspecified  (4499)    4334    3982    
   269 29.86 6.22 6.22           OX438640.1  12479583  12479807 (23216976) +               Kuruka     Unspecified    3456    3680  (5153)    
   602 35.67 3.03 3.18           OX438640.1  12480066  12480757 (23216026) +               Kuruka     Unspecified    3939    4629  (4204)    
   239 35.12 1.50 1.50           OX438640.1  12496568  12496700 (23200083) C               Kuruka     Unspecified  (4298)    4535    4403    
   296 35.20 1.66 3.97           OX438640.1  13832388  13832748 (21864035) C               Kuruka     Unspecified  (4499)    4334    3982    
  2127 33.35 2.29 2.05           OX438640.1  13900616  13901879 (21794904) +               Kuruka     Unspecified    3511    4777  (4056)    
  2290 32.29 3.54 3.46           OX438640.1  18744437  18745764 (16951019) +               Kuruka     Unspecified    3452    4780  (4053)    
   277 33.35 2.02 3.27           OX438640.1  19764754  19765001 (15931782) +               Kuruka     Unspecified    4089    4333  (4500)    
   287 32.68 6.05 6.05           OX438640.1  19797976  19798190 (15898593) +               Kuruka     Unspecified    3461    3675  (5158)    
   263 32.83 5.24 5.74           OX438640.1  21017528  21017737 (14679046) +               Kuruka     Unspecified    4286    4494  (4339)    
  1859 33.01 1.92 2.00           OX438640.1  22240129  22241377 (13455406) C               Kuruka     Unspecified  (4075)    4758    3511    
  2045 34.05 1.95 2.04           OX438640.1  31443874  31445051 (4251732) C               Kuruka     Unspecified  (4163)    4670    3494    
  1768 34.65 1.64 1.73           OX438640.1  34194257  34195416 (1501367) +               Kuruka     Unspecified    3513    4671  (4162)    
   341 33.56 3.59 4.53           OX438641.1   2029963   2030296 (33055536) C               Kuruka     Unspecified  (4499)    4334    4004    
  2085 34.44 1.81 1.90           OX438641.1   4611647   4612806 (30473026) C               Kuruka     Unspecified  (4162)    4671    3513    
   279 32.90 5.97 6.31           OX438641.1  10475305  10475622 (24610210) C               Kuruka     Unspecified  (4287)    4546    4230    
   255 34.35 1.50 1.50           OX438641.1  12069176  12069308 (23016524) +               Kuruka     Unspecified    4403    4535  (4298)    
   279 32.90 5.97 6.31           OX438641.1  12575898  12576215 (22509617) C               Kuruka     Unspecified  (4287)    4546    4230    
  2127 34.59 1.89 1.98           OX438641.1  17874911  17876072 (17209760) +               Kuruka     Unspecified    3511    4671  (4162)    
  1819 36.23 1.77 2.08           OX438641.1  20719240  20720541 (14365291) C               Kuruka     Unspecified  (4075)    4758    3461    
  1812 34.48 1.64 1.73           OX438641.1  22140244  22141403 (12944429) +               Kuruka     Unspecified    3513    4671  (4162)    
  2110 32.62 2.77 2.37           OX438641.1  23774992  23776253 (11309579) +               Kuruka     Unspecified    3511    4777  (4056)    
  1704 34.34 1.21 1.58           OX438641.1  24539178  24540254 (10545578) C               Kuruka     Unspecified  (4226)    4607    3535    
   801 35.85 2.05 2.19           OX438641.1  25230699  25231431 (9854401) C               Kuruka     Unspecified  (4163)    4670    3939    
   364 25.00 4.00 4.00           OX438641.1  28337076  28337200 (6748632) C               Kuruka     Unspecified  (4479)    4354    4230    
   277 33.35 2.02 3.27           OX438641.1  29524131  29524378 (5561454) +               Kuruka     Unspecified    4089    4333  (4500)    
  2107 33.80 1.95 2.04           OX438641.1  29541833  29543010 (5542822) C               Kuruka     Unspecified  (4163)    4670    3494    
  2121 33.38 2.37 2.13           OX438641.1  29798083  29799346 (5286486) +               Kuruka     Unspecified    3511    4777  (4056)    
   242 32.43 2.67 4.35           OX438641.1  33754761  33754947 (1330885) +               Kuruka     Unspecified    3944    4127  (4706)    
   333 30.49 3.86 4.31           OX438641.1  34905789  34906021 (179811) C               Kuruka     Unspecified  (4297)    4536    4305    
  1736 34.14 2.21 2.29           OX438642.1    824578    825755 (30556826) +               Kuruka     Unspecified    3494    4670  (4163)    
  1778 34.57 1.64 1.73           OX438642.1    852698    853857 (30528724) +               Kuruka     Unspecified    3513    4671  (4162)    
  2076 33.94 2.12 2.21           OX438642.1   2454930   2456107 (28926474) +               Kuruka     Unspecified    3494    4670  (4163)    
   400 29.73 1.33 1.33           OX438642.1   3373705   3373854 (28008727) +               Kuruka     Unspecified    3575    3724  (5109)    
   249 34.90 0.67 0.67           OX438642.1   7729141   7729290 (23653291) C               Kuruka     Unspecified  (5092)    3741    3592    
   589 35.67 3.03 3.18           OX438642.1   9513380   9514071 (21868510) C               Kuruka     Unspecified  (4204)    4629    3939    
   269 29.86 6.22 6.22           OX438642.1   9514330   9514554 (21868027) C               Kuruka     Unspecified  (5153)    3680    3456    
  2121 34.20 1.87 1.95           OX438642.1  10067464  10068641 (21313940) +               Kuruka     Unspecified    3494    4670  (4163)    
  1428 35.41 2.46 2.03           OX438642.1  10742903  10744081 (20638500) +               Kuruka     Unspecified    3488    4671  (4162)    
   287 26.15 0.00 0.00           OX438642.1  11749079  11749143 (19633438) +               Kuruka     Unspecified    3621    3685  (5148)    
   383 31.35 0.58 2.99           OX438642.1  13397851  13398021 (17984560) +               Kuruka     Unspecified    3573    3739  (5094)    
   284 34.32 4.31 4.54           OX438642.1  13398368  13398831 (17983750) +               Kuruka     Unspecified    4089    4551  (4282)    
  2076 34.65 1.64 1.73           OX438642.1  17275056  17276215 (14106366) +               Kuruka     Unspecified    3513    4671  (4162)    
   260 32.98 2.67 4.35           OX438642.1  19999452  19999638 (11382943) C               Kuruka     Unspecified  (4706)    4127    3944    
   579 35.82 3.03 3.18           OX438642.1  22496946  22497637 (8884944) C               Kuruka     Unspecified  (4204)    4629    3939    
   246 30.33 6.22 6.22           OX438642.1  22497896  22498120 (8884461) C               Kuruka     Unspecified  (5153)    3680    3456    
   597 37.83 3.03 2.85           OX438642.1  22785732  22786852 (8595729) +               Kuruka     Unspecified    3489    4611  (4222)    
  2225 33.55 2.03 2.35           OX438642.1  24526857  24528135 (6854446) +               Kuruka     Unspecified    3511    4785  (4048)    
  2098 33.97 1.95 2.04           OX438642.1  26705600  26706777 (4675804) C               Kuruka     Unspecified  (4163)    4670    3494    
  2062 33.79 2.21 2.29           OX438642.1  27976514  27977691 (3404890) C               Kuruka     Unspecified  (4163)    4670    3494    
  2334 32.06 3.54 3.46           OX438642.1  31287275  31288602  (93979) C               Kuruka     Unspecified  (4053)    4780    3452    
   373 32.70 0.62 0.62           OX438643.1   1209887   1210046 (29229655) C               Kuruka     Unspecified  (5094)    3739    3580    
  1617 34.01 3.33 3.64           OX438643.1   2549231   2550582 (27889119) C               Kuruka     Unspecified  (3979)    4854    3507    
   265 33.34 5.24 5.74           OX438643.1   4539071   4539280 (25900421) +               Kuruka     Unspecified    4286    4494  (4339)    
  2056 34.63 1.81 1.90           OX438643.1   4975542   4976701 (25463000) +               Kuruka     Unspecified    3513    4671  (4162)    
  1938 34.84 1.18 1.54           OX438643.1  14152501  14153605 (16286096) +               Kuruka     Unspecified    3507    4607  (4226)    
   248 28.93 1.18 2.38           OX438643.1  15003343  15003427 (15436274) +               Kuruka     Unspecified    4291    4374  (4459)    
  2340 32.32 3.39 3.31           OX438643.1  17208241  17209568 (13230133) C               Kuruka     Unspecified  (4053)    4780    3452    
   383 31.35 0.58 2.99           OX438643.1  18620884  18621054 (11818647) +               Kuruka     Unspecified    3573    3739  (5094)    
   225 30.82 3.05 3.05           OX438643.1  18621401  18621564 (11818137) +               Kuruka     Unspecified    4089    4252  (4581)    
   277 33.35 2.02 3.27           OX438643.1  28090293  28090540 (2349161) +               Kuruka     Unspecified    4089    4333  (4500)    
   361 31.65 1.25 1.25           OX438643.1  29183754  29183913 (1255788) +               Kuruka     Unspecified    3580    3739  (5094)    
  2134 35.02 1.64 1.72           OX438644.1    164315    165476 (30031591) +               Kuruka     Unspecified    3511    4671  (4162)    
   242 32.43 2.67 4.35           OX438644.1    695656    695842 (29501225) C               Kuruka     Unspecified  (4706)    4127    3944    
  2355 32.40 3.39 3.31           OX438644.1   4541778   4543105 (25653962) +               Kuruka     Unspecified    3452    4780  (4053)    
  2159 34.06 1.87 1.96           OX438644.1   4782781   4783957 (25413110) C               Kuruka     Unspecified  (4163)    4670    3495    
   269 29.86 6.22 6.22           OX438644.1   6318416   6318640 (23878427) +               Kuruka     Unspecified    3456    3680  (5153)    
   602 35.67 3.03 3.18           OX438644.1   6318899   6319590 (23877477) +               Kuruka     Unspecified    3939    4629  (4204)    
  2058 34.43 1.78 1.87           OX438644.1   6907881   6909058 (23288009) C               Kuruka     Unspecified  (4163)    4670    3494    
   272 31.38 1.71 5.33           OX438644.1   9834858   9835032 (20362035) +               Kuruka     Unspecified    3512    3680  (5153)    
   596 35.67 3.03 3.18           OX438644.1   9835291   9835982 (20361085) +               Kuruka     Unspecified    3939    4629  (4204)    
   232 30.43 0.00 0.00           OX438644.1  12187972  12188063 (18009004) C               Kuruka     Unspecified  (4653)    4180    4089    
   401 30.74 0.58 2.99           OX438644.1  12188410  12188580 (18008487) C               Kuruka     Unspecified  (5094)    3739    3573    
   230 29.58 0.00 0.00           OX438644.1  15736330  15736400 (14460667) +               Kuruka     Unspecified    4284    4354  (4479)    
   429 35.32 0.00 0.00           OX438644.1  17617916  17618116 (12578951) +               Kuruka     Unspecified    3495    3695  (5138)    
   817 35.47 1.32 1.47           OX438644.1  17618321  17619001 (12578066) +               Kuruka     Unspecified    3932    4611  (4222)    
  1865 36.00 1.77 2.08           OX438644.1  17807610  17808911 (12388156) +               Kuruka     Unspecified    3461    4758  (4075)    
  1749 33.89 2.21 2.29           OX438644.1  17933157  17934334 (12262733) +               Kuruka     Unspecified    3494    4670  (4163)    
   312 33.35 2.02 3.27           OX438644.1  19045878  19046125 (11150942) +               Kuruka     Unspecified    4089    4333  (4500)    
  1746 33.80 1.84 1.92           OX438644.1  23511999  23513247 (6683820) +               Kuruka     Unspecified    3511    4758  (4075)    
   676 38.65 2.43 2.25           OX438645.1    128221    129374 (29512427) +               Kuruka     Unspecified    3488    4643  (4190)    
   277 33.35 2.02 3.27           OX438645.1   1340236   1340483 (28301318) +               Kuruka     Unspecified    4089    4333  (4500)    
   383 31.35 0.58 2.99           OX438645.1   1740764   1740934 (27900867) +               Kuruka     Unspecified    3573    3739  (5094)    
   243 27.47 1.09 1.09           OX438645.1   1741281   1741372 (27900429) +               Kuruka     Unspecified    4089    4180  (4653)    
   245 31.33 0.00 0.00           OX438645.1   1741662   1741744 (27900057) +               Kuruka     Unspecified    4469    4551  (4282)    
   296 34.18 1.25 1.25           OX438645.1   3702628   3702787 (25939014) C               Kuruka     Unspecified  (5094)    3739    3580    
   296 35.20 1.66 3.97           OX438645.1   3807887   3808247 (25833554) +               Kuruka     Unspecified    3982    4334  (4499)    
   327 31.35 0.58 2.99           OX438645.1   9037958   9038128 (20603673) C               Kuruka     Unspecified  (5094)    3739    3573    
  1828 33.39 1.84 1.92           OX438645.1   9879241   9880489 (19761312) +               Kuruka     Unspecified    3511    4758  (4075)    
  2120 34.05 1.95 2.04           OX438645.1  18896520  18897697 (10744104) +               Kuruka     Unspecified    3494    4670  (4163)    
  1855 32.59 3.27 3.27           OX438645.1  19568875  19570159 (10071642) C               Kuruka     Unspecified  (4053)    4780    3496    
   265 32.91 1.25 1.25           OX438645.1  19894887  19895046 (9746755) +               Kuruka     Unspecified    3580    3739  (5094)    
   385 36.86 0.42 0.84           OX438645.1  20093629  20093866 (9547935) +               Kuruka     Unspecified    4273    4509  (4324)    
   231 29.58 0.00 0.00           OX438645.1  20682878  20682948 (8958853) +               Kuruka     Unspecified    4284    4354  (4479)    
   337 32.50 1.23 1.23           OX438645.1  20691851  20692012 (8949789) C               Kuruka     Unspecified  (5092)    3741    3580    
   349 31.65 1.25 1.25           OX438645.1  20940170  20940329 (8701472) C               Kuruka     Unspecified  (5094)    3739    3580    
   388 30.61 2.01 1.33           OX438645.1  20993137  20993285 (8648516) C               Kuruka     Unspecified  (5109)    3724    3575    
   263 32.83 5.24 5.74           OX438645.1  22280702  22280911 (7360890) +               Kuruka     Unspecified    4286    4494  (4339)    
   260 33.55 2.67 4.35           OX438645.1  27282449  27282635 (2359166) C               Kuruka     Unspecified  (4706)    4127    3944    
   230 29.58 0.00 0.00           OX438646.1   1204817   1204887 (27297869) C               Kuruka     Unspecified  (4479)    4354    4284    
   231 26.39 0.00 0.00           OX438646.1   3746233   3746304 (24756452) C               Kuruka     Unspecified  (5187)    3646    3575    
   249 31.26 2.41 3.66           OX438646.1   7539577   7539825 (20962931) C               Kuruka     Unspecified  (4499)    4334    4089    
  1629 34.18 3.18 3.49           OX438646.1   8852999   8854350 (19648406) +               Kuruka     Unspecified    3507    4854  (3979)    
  1864 36.00 1.77 2.08           OX438646.1  10532001  10533302 (17969454) C               Kuruka     Unspecified  (4075)    4758    3461    
   305 32.43 2.67 4.35           OX438646.1  12420117  12420303 (16082453) C               Kuruka     Unspecified  (4706)    4127    3944    
  1761 34.74 1.64 1.73           OX438646.1  16242353  16243512 (12259244) C               Kuruka     Unspecified  (4162)    4671    3513    
   349 35.54 1.70 1.70           OX438646.1  20292921  20293272 (8209484) +               Kuruka     Unspecified    3489    3840  (4993)    
   233 38.15 2.91 2.59           OX438646.1  20293388  20294041 (8208715) +               Kuruka     Unspecified    3956    4611  (4222)    
   295 32.43 2.67 4.35           OX438646.1  20394971  20395157 (8107599) +               Kuruka     Unspecified    3944    4127  (4706)    
   602 35.67 3.03 3.18           OX438646.1  25703923  25704614 (2798142) C               Kuruka     Unspecified  (4204)    4629    3939    
   269 29.86 6.22 6.22           OX438646.1  25704873  25705097 (2797659) C               Kuruka     Unspecified  (5153)    3680    3456    
  2089 33.79 2.21 2.29           OX438646.1  26800582  26801759 (1700997) +               Kuruka     Unspecified    3494    4670  (4163)    
  1929 34.84 1.18 1.54           OX438647.1   1475692   1476796 (24767654) C               Kuruka     Unspecified  (4226)    4607    3507    
   243 27.47 1.09 1.09           OX438647.1   6082082   6082173 (20162277) C               Kuruka     Unspecified  (4653)    4180    4089    
   383 31.35 0.58 2.99           OX438647.1   6082520   6082690 (20161760) C               Kuruka     Unspecified  (5094)    3739    3573    
   403 30.56 4.18 4.18           OX438647.1  13046973  13047235 (13197215) +               Kuruka     Unspecified    3462    3724  (5109)    
  2131 33.01 2.45 2.21           OX438647.1  14616471  14617734 (11626716) +               Kuruka     Unspecified    3511    4777  (4056)    
   327 31.35 0.58 2.99           OX438647.1  15070739  15070909 (11173541) +               Kuruka     Unspecified    3573    3739  (5094)    
  1834 36.16 1.77 2.08           OX438647.1  18845023  18846324 (7398126) +               Kuruka     Unspecified    3461    4758  (4075)    
  2075 33.46 2.37 2.13           OX438647.1  19957507  19958770 (6285680) C               Kuruka     Unspecified  (4056)    4777    3511    
  2017 35.18 1.64 1.73           OX438647.1  20126509  20127668 (6116782) C               Kuruka     Unspecified  (4162)    4671    3513    
   348 35.72 1.74 2.63           OX438647.1  20457875  20458219 (5786231) +               Kuruka     Unspecified    3993    4334  (4499)    
   232 36.57 1.05 2.66           OX438647.1  21093683  21093873 (5150577) +               Kuruka     Unspecified    3621    3808  (5025)    
   234 33.57 1.27 3.25           OX438647.1  24088140  24088296 (2156154) C               Kuruka     Unspecified  (5025)    3808    3655    
   244 32.22 0.00 0.00           OX438647.1  24865320  24865409 (1379041) C               Kuruka     Unspecified  (4282)    4551    4462    
   232 30.43 0.00 0.00           OX438647.1  24865692  24865783 (1378667) C               Kuruka     Unspecified  (4653)    4180    4089    
   398 30.74 0.58 2.99           OX438647.1  24866129  24866299 (1378151) C               Kuruka     Unspecified  (5094)    3739    3573    
   430 30.00 1.23 1.23           OX438648.1   2940975   2941136 (21536028) +               Kuruka     Unspecified    3575    3736  (5097)    
   385 36.86 0.42 0.84           OX438648.1   6762922   6763159 (17714005) C               Kuruka     Unspecified  (4324)    4509    4273    
  2267 32.47 3.39 3.31           OX438648.1  10498831  10500158 (13977006) +               Kuruka     Unspecified    3452    4780  (4053)    
  1952 34.75 1.18 1.54           OX438648.1  11642883  11643987 (12833177) C               Kuruka     Unspecified  (4226)    4607    3507    
  1851 33.09 2.22 1.97           OX438648.1  13133325  13134588 (11342576) C               Kuruka     Unspecified  (4056)    4777    3511    
   368 33.33 0.62 0.62           OX438648.1  17050958  17051117 (7426047) +               Kuruka     Unspecified    3580    3739  (5094)    
   363 30.14 0.58 2.99           OX438648.1  20384981  20385151 (4092013) C               Kuruka     Unspecified  (5094)    3739    3573    
   225 31.38 1.71 5.33           OX438648.1  20535828  20536002 (3941162) C               Kuruka     Unspecified  (5153)    3680    3512    
   225 31.38 1.71 5.33           OX438648.1  20761951  20762125 (3715039) C               Kuruka     Unspecified  (5153)    3680    3512    
  1749 33.86 3.63 3.27           OX438649.1    415127    416558 (19880590) +               Kuruka     Unspecified    3431    4867  (3966)    
   272 31.38 1.71 5.33           OX438649.1   2428515   2428689 (17868459) +               Kuruka     Unspecified    3512    3680  (5153)    
   596 35.67 3.03 3.18           OX438649.1   2428948   2429639 (17867509) +               Kuruka     Unspecified    3939    4629  (4204)    
   225 24.57 0.00 1.75           OX438649.1   2967710   2967767 (17329381) +               Kuruka     Unspecified    2434    2490  (6343)    
  1774 34.26 2.96 3.26           OX438649.1   2969081   2970432 (17326716) +               Kuruka     Unspecified    3507    4854  (3979)    
  1893 35.93 1.77 2.08           OX438649.1   3076948   3078249 (17218899) C               Kuruka     Unspecified  (4075)    4758    3461    
   234 24.59 0.00 0.00           OX438649.1   3150936   3150996 (17146152) +               Kuruka     Unspecified    4282    4342  (4491)    
   263 32.83 5.24 5.74           OX438649.1   5378587   5378796 (14918352) C               Kuruka     Unspecified  (4339)    4494    4286    
   238 26.46 4.69 5.51           OX438649.1  11941357  11941484 (8355664) C               Kuruka     Unspecified  (4426)    4407    4281    
  1951 32.46 3.11 3.19           OX438649.1  17100454  17101739 (3195409) C               Kuruka     Unspecified  (4053)    4780    3496    
   263 32.83 5.24 5.74           OX438649.1  18746194  18746403 (1550745) C               Kuruka     Unspecified  (4339)    4494    4286    
   358 33.33 0.62 0.62           OX438649.1  18773806  18773965 (1523183) C               Kuruka     Unspecified  (5094)    3739    3580    
  1036 34.53 1.24 1.24           OX438649.1  20238894  20239456  (57692) +               Kuruka     Unspecified    3511    4073  (4760)    
  1251 33.14 1.75 1.90           OX438649.1  20239505  20240190  (56958) +               Kuruka     Unspecified    4092    4776  (4057)    
   802 35.49 2.01 2.16           OX438650.1    704252    704948 (18390635) +               Kuruka     Unspecified    3939    4634  (4199)    
  1939 35.60 2.15 2.47           OX438650.1   1153942   1155243 (17940340) +               Kuruka     Unspecified    3461    4758  (4075)    
   602 35.67 3.03 3.18           OX438650.1   4523238   4523929 (14571654) C               Kuruka     Unspecified  (4204)    4629    3939    
   269 29.86 6.22 6.22           OX438650.1   4524188   4524412 (14571171) C               Kuruka     Unspecified  (5153)    3680    3456    
   255 30.81 6.22 6.22           OX438650.1   5414647   5414871 (13680712) +               Kuruka     Unspecified    3456    3680  (5153)    
   547 36.08 3.32 3.47           OX438650.1   5415130   5415821 (13679762) +               Kuruka     Unspecified    3939    4629  (4204)    
  1762 34.74 1.64 1.73           OX438650.1   6442544   6443703 (12651880) +               Kuruka     Unspecified    3513    4671  (4162)    
   294 32.43 2.67 4.35           OX438650.1   7963443   7963629 (11131954) C               Kuruka     Unspecified  (4706)    4127    3944    
  2192 32.93 2.45 2.21           OX438650.1   8220360   8221623 (10873960) C               Kuruka     Unspecified  (4056)    4777    3511    
  1785 33.34 1.92 2.00           OX438650.1  10645898  10647146 (8448437) +               Kuruka     Unspecified    3511    4758  (4075)    
   316 36.86 0.42 0.84           OX438650.1  12159401  12159638 (6935945) +               Kuruka     Unspecified    4273    4509  (4324)    
  1624 34.26 3.18 3.49           OX438650.1  16615266  16616617 (2478966) C               Kuruka     Unspecified  (3979)    4854    3507    
   601 38.24 2.68 2.49           OX438650.1  16654992  16656112 (2439471) C               Kuruka     Unspecified  (4222)    4611    3489    
   401 33.21 3.35 3.73           OX438651.1   1585466   1585734 (16753693) +               Kuruka     Unspecified    4269    4536  (4297)    
   981 36.01 2.37 1.89           OX438651.1   2684918   2685970 (15653457) +               Kuruka     Unspecified    3488    4545  (4288)    
   867 35.65 0.65 0.65           OX438651.1   3944606   3945068 (14394359) C               Kuruka     Unspecified  (4858)    3975    3513    
   281 33.76 3.09 3.09           OX438651.1   4132090   4132251 (14207176) +               Kuruka     Unspecified    3580    3741  (5092)    
   338 31.98 0.68 0.68           OX438651.1   4132515   4132662 (14206765) +               Kuruka     Unspecified    4024    4171  (4662)    
   404 30.56 4.18 4.18           OX438651.1   4770931   4771193 (13568234) +               Kuruka     Unspecified    3462    3724  (5109)    
  1962 36.20 1.46 1.77           OX438651.1   7463897   7465198 (10874229) +               Kuruka     Unspecified    3461    4758  (4075)    
  1042 35.62 3.35 1.69           OX438651.1  10164005  10165169 (8174258) +               Kuruka     Unspecified    3488    4671  (4162)    
   319 32.24 1.30 1.30           OX438651.1  10562660  10562813 (7776614) C               Kuruka     Unspecified  (5094)    3739    3586    
   244 22.73 4.55 0.00           OX438651.1  13820411  13820476 (4518951) C               Kuruka     Unspecified  (4491)    4342    4274    
   420 28.48 1.95 1.95           OX438651.1  15672356  15672509 (2666918) C               Kuruka     Unspecified  (4588)    4245    4092    
   260 33.17 2.69 4.37           OX438651.1  15762348  15762533 (2576894) +               Kuruka     Unspecified    3944    4126  (4707)    
   413 29.06 1.33 1.33           OX438651.1  17836699  17836848 (502579) +               Kuruka     Unspecified    3575    3724  (5109)    
