 1794 33.72  3.01  3.10     CAWLEN010000016.1    14856    16018   (1569)  C          Kuruka  Unspecified   (1569)    14856    16018
  424 28.57  3.85  1.25     CAWLEN010000124.1     4657     4812  (25581)  +          Kuruka  Unspecified  (25581)     4657     4812
  312 31.01  4.65  0.00     CAWLEN010000124.1     5503     5631  (24762)  +          Kuruka  Unspecified  (24762)     5503     5631
  298 31.22  6.78  5.88     CAWLEN010000141.1    10895    11248   (9523)  C          Kuruka  Unspecified   (9523)    10895    11248
  281 31.32  0.85  2.59            OY982559.1 11157201 11157318 (19055276)  +          Kuruka  Unspecified (19055276) 11157201 11157318
  275 30.49  0.00  0.00            OY982559.1 18998284 18998365 (11214229)  +          Kuruka  Unspecified (11214229) 18998284 18998365
  415 35.24  4.86  4.35            OY982559.1 25850250 25850866 (4361728)  +          Kuruka  Unspecified (4361728) 25850250 25850866
 1776 34.78  2.49  2.58            OY982559.1 10227786 10228948 (19983646)  C          Kuruka  Unspecified (19983646) 10227786 10228948
 1040 35.02  2.23  2.37            OY982559.1 11978841 11980033 (18233035)  C          Kuruka  Unspecified (18233035) 11978841 11980033
  481 29.25  0.68  0.00            OY982559.1 23650364 23650510 (6562084)  C          Kuruka  Unspecified (6562084) 23650364 23650510
  247 31.58  1.04  1.04            OY982560.1  2928325  2928420 (26067869)  +          Kuruka  Unspecified (26067869)  2928325  2928420
 1825 34.30  2.67  2.75            OY982560.1  6152320  6153482 (22842807)  +          Kuruka  Unspecified (22842807)  6152320  6153482
  240 32.74  0.00  2.80            OY982560.1 10661076 10661185 (18335104)  +          Kuruka  Unspecified (18335104) 10661076 10661185
  225 29.17  0.00  0.00            OY982560.1 21541945 21542016 (7454273)  +          Kuruka  Unspecified (7454273) 21541945 21542016
  990 36.97  2.96  3.05            OY982560.1 27092875 27094057 (1902232)  +          Kuruka  Unspecified (1902232) 27092875 27094057
  400 34.38  0.00  0.00            OY982560.1 28978264 28978423  (17866)  +          Kuruka  Unspecified  (17866) 28978264 28978423
 1040 35.02  2.23  2.37            OY982560.1  6226868  6228060 (22768703)  C          Kuruka  Unspecified (22768703)  6226868  6228060
  227 38.66  0.51  0.51            OY982560.1 19089794 19089988 (9906301)  C          Kuruka  Unspecified (9906301) 19089794 19089988
 1003 35.02  2.23  2.37            OY982560.1 23094127 23095319 (5901444)  C          Kuruka  Unspecified (5901444) 23094127 23095319
  322 34.40  1.25  1.89            OY982560.1 26807434 26807593 (2188696)  C          Kuruka  Unspecified (2188696) 26807434 26807593
 1003 35.02  2.23  2.37            OY982560.1 28790007 28791199 (205564)  C          Kuruka  Unspecified (205564) 28790007 28791199
 1815 34.19  2.23  2.32            OY982561.1  1084661  1085738 (26750786)  +          Kuruka  Unspecified (26750786)  1084661  1085738
  421 35.02  1.86  1.86            OY982561.1 11619783 11620975 (16216366)  +          Kuruka  Unspecified (16216366) 11619783 11620975
  438 35.02  1.86  1.86            OY982561.1 19310042 19311234 (8526107)  +          Kuruka  Unspecified (8526107) 19310042 19311234
  438 35.11  1.86  1.86            OY982561.1 22626519 22627711 (5209630)  +          Kuruka  Unspecified (5209630) 22626519 22627711
  240 32.74  0.00  2.80            OY982561.1 17815593 17815702 (10020822)  C          Kuruka  Unspecified (10020822) 17815593 17815702
  615 37.00  1.77  1.91            OY982561.1 18417487 18418219 (9418305)  C          Kuruka  Unspecified (9418305) 18417487 18418219
  249 34.16  3.01  3.01            OY982561.1 18485247 18485412 (9351112)  C          Kuruka  Unspecified (9351112) 18485247 18485412
  439 35.34  2.68  4.42            OY982561.1 27025061 27025359 (811165)  C          Kuruka  Unspecified (811165) 27025061 27025359
  423 36.13  2.01  3.74            OY982561.1 27750579 27750877  (85647)  C          Kuruka  Unspecified  (85647) 27750579 27750877
 1778 34.22  2.67  2.75            OY982562.1  5723441  5724603 (21927892)  +          Kuruka  Unspecified (21927892)  5723441  5724603
 1794 34.13  2.67  2.75            OY982562.1  5730688  5731850 (21920645)  +          Kuruka  Unspecified (21920645)  5730688  5731850
  258 30.28 10.99  1.44            OY982562.1 11301223 11301413 (16351082)  +          Kuruka  Unspecified (16351082) 11301223 11301413
  430 33.12  0.00  0.00            OY982562.1  1768128  1768284 (25884211)  C          Kuruka  Unspecified (25884211)  1768128  1768284
  253 30.85  2.08  2.08            OY982562.1 12013128 12013223 (15639272)  C          Kuruka  Unspecified (15639272) 12013128 12013223
  547 36.49  1.94  2.08            OY982562.1 17944739 17945460 (9707035)  C          Kuruka  Unspecified (9707035) 17944739 17945460
  406 34.88  0.00  0.00            OY982562.1 18443004 18443175 (9209320)  C          Kuruka  Unspecified (9209320) 18443004 18443175
  438 35.02  1.86  1.86            OY982563.1  3347806  3348998 (23244700)  +          Kuruka  Unspecified (23244700)  3347806  3348998
 1856 34.29  2.23  2.32            OY982563.1  9758958  9760035 (16832846)  +          Kuruka  Unspecified (16832846)  9758958  9760035
 1057 34.48  1.45  1.78            OY982563.1 14155644 14156858 (12436619)  +          Kuruka  Unspecified (12436619) 14155644 14156858
  438 35.02  1.86  1.86            OY982563.1 16087279 16088471 (10505227)  +          Kuruka  Unspecified (10505227) 16087279 16088471
  251 23.17  1.20  1.20            OY982563.1 20980288 20980370 (5612511)  C          Kuruka  Unspecified (5612511) 20980288 20980370
  343 33.34  1.37  1.37            OY982563.1 20980682 20980827 (5612054)  C          Kuruka  Unspecified (5612054) 20980682 20980827
 1000 35.02  2.23  2.37            OY982563.1 23191865 23193057 (3400298)  C          Kuruka  Unspecified (3400298) 23191865 23193057
 1000 35.02  2.23  2.37            OY982563.1 23200384 23201576 (3391779)  C          Kuruka  Unspecified (3391779) 23200384 23201576
  274 31.63  0.00  0.00            OY982564.1  4863822  4863919 (21622957)  +          Kuruka  Unspecified (21622957)  4863822  4863919
  340 35.05  3.79  1.86            OY982564.1  6176795  6177980 (20309713)  +          Kuruka  Unspecified (20309713)  6176795  6177980
  309 30.55  9.38  2.08            OY982564.1  8411917  8412140 (18074736)  C          Kuruka  Unspecified (18074736)  8411917  8412140
  299 35.04  1.25  1.89            OY982564.1 25554642 25554801 (932075)  C          Kuruka  Unspecified (932075) 25554642 25554801
  421 35.02  1.86  1.86            OY982565.1  2610155  2611347 (23870102)  +          Kuruka  Unspecified (23870102)  2610155  2611347
  438 35.29  1.86  1.86            OY982565.1  4150839  4152031 (22329418)  +          Kuruka  Unspecified (22329418)  4150839  4152031
 1837 34.22  2.67  2.75            OY982565.1  9587146  9588308 (16892324)  +          Kuruka  Unspecified (16892324)  9587146  9588308
  941 35.02  3.52  2.37            OY982565.1 13873343 13874526 (12606580)  C          Kuruka  Unspecified (12606580) 13873343 13874526
  775 35.69  3.00  3.34            OY982565.1 24034020 24034619 (2446013)  C          Kuruka  Unspecified (2446013) 24034020 24034619
  415 37.89  1.80  2.07            OY982566.1 10068456 10068843 (16086798)  +          Kuruka  Unspecified (16086798) 10068456 10068843
  558 37.14  1.63  1.79            OY982566.1 15762159 15762772 (10392869)  +          Kuruka  Unspecified (10392869) 15762159 15762772
  425 29.41  2.91  1.14            OY982566.1 16110933 16111104 (10044537)  +          Kuruka  Unspecified (10044537) 16110933 16111104
 1795 34.45  2.55  2.64            OY982566.1 18573680 18574815 (7580826)  +          Kuruka  Unspecified (7580826) 18573680 18574815
  237 29.59  6.12  0.00            OY982566.1  9079011  9079108 (17076533)  C          Kuruka  Unspecified (17076533)  9079011  9079108
 1586 35.86  2.68  2.05            OY982566.1 17589273 17590579 (8565062)  C          Kuruka  Unspecified (8565062) 17589273 17590579
 1608 32.04  4.91  2.96            OY982566.1 25827217 25828377 (327264)  C          Kuruka  Unspecified (327264) 25827217 25828377
  227 26.92  0.00  0.00            OY982566.1 25829598 25829649 (325992)  C          Kuruka  Unspecified (325992) 25829598 25829649
  339 34.87  0.00  0.00            OY982567.1  3356644  3356795 (22467998)  +          Kuruka  Unspecified (22467998)  3356644  3356795
  991 36.97  2.96  3.05            OY982567.1 17869004 17870186 (7954607)  +          Kuruka  Unspecified (7954607) 17869004 17870186
 1833 34.51  2.49  2.58            OY982567.1  5273554  5274716 (20550077)  C          Kuruka  Unspecified (20550077)  5273554  5274716
  304 34.87  0.00  0.00            OY982567.1 13462410 13462561 (12362232)  C          Kuruka  Unspecified (12362232) 13462410 13462561
  339 33.05  3.63  3.63            OY982568.1  1592658  1592905 (23927154)  +          Kuruka  Unspecified (23927154)  1592658  1592905
  328 32.76  2.52  3.83            OY982568.1  8372111  8372348 (17147711)  +          Kuruka  Unspecified (17147711)  8372111  8372348
  438 35.02  1.86  1.86            OY982568.1 10555259 10556451 (14964425)  +          Kuruka  Unspecified (14964425) 10555259 10556451
  990 36.97  2.96  3.05            OY982568.1 17341225 17342407 (8177652)  +          Kuruka  Unspecified (8177652) 17341225 17342407
  364 36.25  0.00  0.00            OY982568.1  3224975  3225134 (22294925)  C          Kuruka  Unspecified (22294925)  3224975  3225134
  438 36.68  1.94  2.94            OY982568.1  9228497  9228805 (16291254)  C          Kuruka  Unspecified (16291254)  9228497  9228805
  947 35.58  4.03  4.12            OY982568.1 12295188 12296427 (13223632)  C          Kuruka  Unspecified (13223632) 12295188 12296427
  351 36.63  0.00  0.00            OY982568.1 23464073 23464244 (2055815)  C          Kuruka  Unspecified (2055815) 23464073 23464244
  438 35.02  1.86  1.86            OY982569.1  3447845  3449037 (21516273)  +          Kuruka  Unspecified (21516273)  3447845  3449037
  328 36.22  0.51  0.51            OY982569.1  7065526  7065722 (17898771)  +          Kuruka  Unspecified (17898771)  7065526  7065722
  318 35.70  0.00  0.00            OY982569.1  7065936  7066542 (17898396)  +          Kuruka  Unspecified (17898396)  7065936  7066542
  869 34.34  1.07  1.07            OY982569.1  7087723  7089117 (17876397)  +          Kuruka  Unspecified (17876397)  7087723  7089117
  279 33.12  1.90  2.55            OY982569.1  9120255  9120412 (15844081)  +          Kuruka  Unspecified (15844081)  9120255  9120412
  559 35.46  6.02  4.09            OY982569.1 10145144 10146272 (14818221)  +          Kuruka  Unspecified (14818221) 10145144 10146272
  525 31.87  0.00  0.00            OY982569.1 14510444 14510625 (10453868)  +          Kuruka  Unspecified (10453868) 14510444 14510625
  497 36.09  3.45  3.72            OY982569.1    30652    31405 (24933088)  C          Kuruka  Unspecified (24933088)    30652    31405
 1040 35.02  2.23  2.37            OY982569.1   984223   985415 (23979552)  C          Kuruka  Unspecified (23979552)   984223   985415
  903 35.19  3.81  2.37            OY982569.1  8861319  8862500 (16102467)  C          Kuruka  Unspecified (16102467)  8861319  8862500
 1042 35.02  2.23  2.37            OY982569.1 13184610 13185802 (11779165)  C          Kuruka  Unspecified (11779165) 13184610 13185802
  472 33.74  2.80  2.80            OY982569.1 13720263 13720512 (11243981)  C          Kuruka  Unspecified (11243981) 13720263 13720512
  626 33.30  3.67  4.18            OY982569.1 14309489 14310693 (10654596)  C          Kuruka  Unspecified (10654596) 14309489 14310693
  321 37.51  1.43  1.72            OY982569.1 14361922 14362271 (10602222)  C          Kuruka  Unspecified (10602222) 14361922 14362271
 1012 35.21  2.23  2.37            OY982569.1 19862847 19864039 (5100928)  C          Kuruka  Unspecified (5100928) 19862847 19864039
  228 32.63  1.04  1.04            OY982569.1 21827882 21827977 (3136516)  C          Kuruka  Unspecified (3136516) 21827882 21827977
  934 35.66  4.03  4.12            OY982570.1   889301   890540 (23677479)  +          Kuruka  Unspecified (23677479)   889301   890540
  900 35.29  3.91  4.00            OY982570.1  8138190  8139340 (16428679)  +          Kuruka  Unspecified (16428679)  8138190  8139340
  450 37.28  2.17  2.17            OY982570.1 11350871 11351724 (13216458)  +          Kuruka  Unspecified (13216458) 11350871 11351724
  438 35.11  1.86  1.86            OY982570.1 17603940 17605132 (6963704)  +          Kuruka  Unspecified (6963704) 17603940 17605132
  376 29.63  6.72  6.42            OY982570.1 17968815 17969171 (6598848)  +          Kuruka  Unspecified (6598848) 17968815 17969171
 1832 34.57  2.67  2.75            OY982570.1 18662268 18663430 (5904589)  +          Kuruka  Unspecified (5904589) 18662268 18663430
 1482 34.47  2.23  2.32            OY982570.1 22643352 22644429 (1923590)  +          Kuruka  Unspecified (1923590) 22643352 22644429
 1774 34.48  2.67  2.75            OY982570.1  6132849  6134011 (18434008)  C          Kuruka  Unspecified (18434008)  6132849  6134011
 1807 34.40  2.67  2.75            OY982570.1  8331092  8332254 (16235765)  C          Kuruka  Unspecified (16235765)  8331092  8332254
 1838 34.22  2.67  2.75            OY982570.1 10068230 10069392 (14498627)  C          Kuruka  Unspecified (14498627) 10068230 10069392
  243 32.47  0.00  0.00            OY982570.1 17948624 17948700 (6619319)  C          Kuruka  Unspecified (6619319) 17948624 17948700
 1813 34.40  2.67  2.75            OY982571.1  9883029  9884191 (13312416)  +          Kuruka  Unspecified (13312416)  9883029  9884191
 1501 34.31  2.04  2.14            OY982571.1 23092765 23093842 (102765)  +          Kuruka  Unspecified (102765) 23092765 23093842
  287 33.96  5.54  4.38            OY982571.1  1204098  1204368 (21992239)  C          Kuruka  Unspecified (21992239)  1204098  1204368
  236 31.60  7.36  2.94            OY982571.1 21224808 21224970 (1971637)  C          Kuruka  Unspecified (1971637) 21224808 21224970
  438 35.21  1.86  1.86            OY982572.1  3234649  3235841 (19506535)  +          Kuruka  Unspecified (19506535)  3234649  3235841
 1772 34.22  2.67  2.75            OY982572.1  4560401  4561563 (18179996)  +          Kuruka  Unspecified (18179996)  4560401  4561563
  438 35.02  1.86  1.86            OY982572.1 13339823 13341015 (9401361)  +          Kuruka  Unspecified (9401361) 13339823 13341015
  485 31.49  0.55  0.55            OY982572.1 15589595 15589776 (7151783)  +          Kuruka  Unspecified (7151783) 15589595 15589776
  303 35.39  4.90  1.98            OY982572.1 21507858 21508102 (1233457)  +          Kuruka  Unspecified (1233457) 21507858 21508102
  344 36.32  3.44  2.26            OY982572.1 22534387 22534648 (206911)  +          Kuruka  Unspecified (206911) 22534387 22534648
  249 32.74  0.00  2.80            OY982572.1 22590523 22590632 (150927)  +          Kuruka  Unspecified (150927) 22590523 22590632
  247 31.58  1.04  1.04            OY982572.1  1054683  1054778 (21686781)  C          Kuruka  Unspecified (21686781)  1054683  1054778
  764 33.26  2.80  2.80            OY982572.1  2242459  2242922 (20498637)  C          Kuruka  Unspecified (20498637)  2242459  2242922
 1015 35.21  2.23  2.37            OY982572.1  6238518  6239710 (16502323)  C          Kuruka  Unspecified (16502323)  6238518  6239710
  400 32.96  0.00  3.19            OY982572.1 21574847 21575551 (1166519)  C          Kuruka  Unspecified (1166519) 21574847 21575551
  252 36.05  0.68  0.00            OY982572.1 21575898 21576044 (1165515)  C          Kuruka  Unspecified (1165515) 21575898 21576044
  337 34.21  0.00  0.00            OY982573.1    21243    21394 (22701317)  +          Kuruka  Unspecified (22701317)    21243    21394
  421 35.02  1.86  1.86            OY982573.1  2552463  2553655 (20169873)  +          Kuruka  Unspecified (20169873)  2552463  2553655
  737 31.20  4.68  1.60            OY982573.1 15548362 15548887 (7173987)  +          Kuruka  Unspecified (7173987) 15548362 15548887
  438 35.02  1.86  1.86            OY982573.1 17121992 17123184 (5600344)  +          Kuruka  Unspecified (5600344) 17121992 17123184
  307 36.88  3.81  1.94            OY982573.1    89585    90292 (22632419)  C          Kuruka  Unspecified (22632419)    89585    90292
  388 36.36  2.94  2.94            OY982573.1  1720111  1720382 (21002329)  C          Kuruka  Unspecified (21002329)  1720111  1720382
 1042 35.02  2.23  2.37            OY982573.1  5127756  5128948 (17594237)  C          Kuruka  Unspecified (17594237)  5127756  5128948
 1040 35.02  2.23  2.37            OY982573.1  8228352  8229544 (14493641)  C          Kuruka  Unspecified (14493641)  8228352  8229544
 2075 34.39  2.55  2.78            OY982573.1 16824151 16825484 (5897227)  C          Kuruka  Unspecified (5897227) 16824151 16825484
  679 37.59  3.28  3.47            OY982574.1 12217358 12218484 (10263538)  +          Kuruka  Unspecified (10263538) 12217358 12218484
  736 34.21  1.69  1.93            OY982574.1  3748251  3748902 (18733357)  C          Kuruka  Unspecified (18733357)  3748251  3748902
  308 37.86  0.94  0.94            OY982574.1  3749114  3749433 (18732589)  C          Kuruka  Unspecified (18732589)  3749114  3749433
 2148 34.36  2.45  2.45            OY982574.1 12886486 12887711 (9594311)  C          Kuruka  Unspecified (9594311) 12886486 12887711
  988 34.74  2.64  2.79            OY982574.1 13983322 13984514 (8497982)  C          Kuruka  Unspecified (8497982) 13983322 13984514
 1042 35.02  2.23  2.37            OY982574.1 15083469 15084661 (7397835)  C          Kuruka  Unspecified (7397835) 15083469 15084661
 1040 35.02  2.23  2.37            OY982574.1 15466212 15467404 (7015092)  C          Kuruka  Unspecified (7015092) 15466212 15467404
 1815 34.19  2.23  2.32            OY982575.1 15614382 15615459 (6716126)  +          Kuruka  Unspecified (6716126) 15614382 15615459
  438 35.21  1.86  1.86            OY982575.1 20683265 20684457 (1647945)  +          Kuruka  Unspecified (1647945) 20683265 20684457
 1003 35.02  2.23  2.37            OY982575.1  2360590  2361782 (19970277)  C          Kuruka  Unspecified (19970277)  2360590  2361782
 1040 35.02  2.23  2.37            OY982575.1  5679378  5680570 (16651489)  C          Kuruka  Unspecified (16651489)  5679378  5680570
 1000 34.95  2.23  2.37            OY982575.1 10051786 10052977 (12279081)  C          Kuruka  Unspecified (12279081) 10051786 10052977
  437 35.34  2.68  4.42            OY982575.1 21795114 21795412 (536173)  C          Kuruka  Unspecified (536173) 21795114 21795412
  309 35.04  1.25  1.89            OY982576.1  5175753  5175912 (17113402)  +          Kuruka  Unspecified (17113402)  5175753  5175912
  240 32.74  0.00  2.80            OY982576.1 16043682 16043791 (6245523)  +          Kuruka  Unspecified (6245523) 16043682 16043791
  780 35.24  3.85  5.57            OY982576.1 16164665 16165833 (6123481)  +          Kuruka  Unspecified (6123481) 16164665 16165833
  422 30.56  0.69  0.00            OY982576.1 16587011 16587154 (5702160)  +          Kuruka  Unspecified (5702160) 16587011 16587154
  542 34.48  1.90  2.64            OY982576.1    49386    49805 (22239509)  C          Kuruka  Unspecified (22239509)    49386    49805
  274 30.91  0.91  0.00            OY982576.1   115436   115545 (22173769)  C          Kuruka  Unspecified (22173769)   115436   115545
  367 36.25  0.00  0.00            OY982576.1 15682947 15683106 (6606208)  C          Kuruka  Unspecified (6606208) 15682947 15683106
  318 32.98  2.11  2.65            OY982577.1 21132582 21132771 (965169)  +          Kuruka  Unspecified (965169) 21132582 21132771
  245 35.32  3.12  2.67            OY982577.1 14097931 14098154 (7999786)  C          Kuruka  Unspecified (7999786) 14097931 14098154
  338 30.23  6.43  4.33            OY982578.1  2845412  2845660 (17577015)  +          Kuruka  Unspecified (17577015)  2845412  2845660
  326 34.40  1.25  1.89            OY982578.1  7272812  7272971 (13149704)  +          Kuruka  Unspecified (13149704)  7272812  7272971
  234 31.58  1.04  1.04            OY982578.1 15898796 15898891 (4523784)  +          Kuruka  Unspecified (4523784) 15898796 15898891
 1003 35.02  2.23  2.37            OY982578.1  2178829  2180021 (18243128)  C          Kuruka  Unspecified (18243128)  2178829  2180021
 1659 32.83  4.03  4.48            OY982578.1  7377120  7378286 (13044389)  C          Kuruka  Unspecified (13044389)  7377120  7378286
 1770 33.13  3.60  4.04            OY982578.1  7595000  7596166 (12826509)  C          Kuruka  Unspecified (12826509)  7595000  7596166
 1042 35.02  2.23  2.37            OY982578.1 11234491 11235683 (9187466)  C          Kuruka  Unspecified (9187466) 11234491 11235683
 1009 35.20  2.23  2.37            OY982578.1 14438445 14439637 (5983512)  C          Kuruka  Unspecified (5983512) 14438445 14439637
 2128 35.00  2.46  2.69            OY982578.1 15450476 15451814 (4970861)  C          Kuruka  Unspecified (4970861) 15450476 15451814
  657 33.58  1.88  2.12            OY982578.1 19144036 19144822 (1278215)  C          Kuruka  Unspecified (1278215) 19144036 19144822
  430 32.78  5.99  4.04            OY982578.1 19411149 19411415 (1011260)  C          Kuruka  Unspecified (1011260) 19411149 19411415
 1759 34.30  2.67  2.75            OY982578.1 20174306 20175468 (247207)  C          Kuruka  Unspecified (247207) 20174306 20175468
  736 34.21  1.69  1.93            OY982578.1 20324612 20325263  (97649)  C          Kuruka  Unspecified  (97649) 20324612 20325263
  308 37.86  0.94  0.94            OY982578.1 20325475 20325794  (96881)  C          Kuruka  Unspecified  (96881) 20325475 20325794
  449 28.57  2.70  0.66            OY982579.1 16167638 16167785 (4048544)  +          Kuruka  Unspecified (4048544) 16167638 16167785
  253 30.85  2.08  2.08            OY982579.1  1964107  1964202 (18252127)  C          Kuruka  Unspecified (18252127)  1964107  1964202
 1839 34.13  2.67  2.75            OY982579.1 15571662 15572824 (4643505)  C          Kuruka  Unspecified (4643505) 15571662 15572824
 1040 35.02  2.23  2.37            OY982579.1 17069236 17070428 (3146375)  C          Kuruka  Unspecified (3146375) 17069236 17070428
  603 34.73  3.32  3.90            OY982580.1 11013550 11014271 (8021960)  +          Kuruka  Unspecified (8021960) 11013550 11014271
  736 34.21  1.69  1.93            OY982580.1  2526662  2527313 (16509155)  C          Kuruka  Unspecified (16509155)  2526662  2527313
  308 37.86  0.94  0.94            OY982580.1  2527525  2527844 (16508387)  C          Kuruka  Unspecified (16508387)  2527525  2527844
 1000 35.02  2.23  2.37            OY982580.1  6083403  6084595 (12952110)  C          Kuruka  Unspecified (12952110)  6083403  6084595
  929 34.93  2.92  2.62            OY982581.1  5759128  5759812 (12455770)  +          Kuruka  Unspecified (12455770)  5759128  5759812
  388 34.38  4.58  3.40            OY982581.1  5771602  5771863 (12443719)  +          Kuruka  Unspecified (12443719)  5771602  5771863
  271 35.24  0.00  0.00            OY982581.1  7210812  7210916 (11004666)  +          Kuruka  Unspecified (11004666)  7210812  7210916
  309 35.04  1.25  1.89            OY982581.1  9099702  9099861 (9115721)  +          Kuruka  Unspecified (9115721)  9099702  9099861
  491 36.78  1.55  3.37            OY982581.1 16982024 16982476 (1233106)  +          Kuruka  Unspecified (1233106) 16982024 16982476
 1042 35.02  2.23  2.37            OY982581.1  1643233  1644425 (16571631)  C          Kuruka  Unspecified (16571631)  1643233  1644425
  373 34.77  4.58  3.40            OY982581.1  5765772  5766033 (12449549)  C          Kuruka  Unspecified (12449549)  5765772  5766033
  229 30.62  9.35  4.83            OY982581.1  7136512  7136789 (11078793)  C          Kuruka  Unspecified (11078793)  7136512  7136789
  297 35.56  0.00  0.00            OY982581.1  7514357  7514491 (10701091)  C          Kuruka  Unspecified (10701091)  7514357  7514491
 1040 35.02  2.23  2.37            OY982581.1  9962387  9963579 (8252477)  C          Kuruka  Unspecified (8252477)  9962387  9963579
 1841 34.83  3.17  2.78            OY982581.1 15658482 15659807 (2555775)  C          Kuruka  Unspecified (2555775) 15658482 15659807
 1040 35.02  2.23  2.37            OY982581.1 17188740 17189932 (1026124)  C          Kuruka  Unspecified (1026124) 17188740 17189932
  443 34.45  4.81  4.26            OY982581.1 18194455 18195015  (20567)  C          Kuruka  Unspecified  (20567) 18194455 18195015
  755 33.98  4.02  4.02            OY982581.1 18199197 18199843  (15739)  C          Kuruka  Unspecified  (15739) 18199197 18199843
 1735 34.40  2.67  2.75            OY982582.1  3538737  3539899 (13287974)  +          Kuruka  Unspecified (13287974)  3538737  3539899
  225 33.14  3.72  3.72            OY982582.1  8695101  8695288 (8132585)  +          Kuruka  Unspecified (8132585)  8695101  8695288
 1776 34.78  2.49  2.58            OY982582.1 15501416 15502578 (1325295)  +          Kuruka  Unspecified (1325295) 15501416 15502578
  524 28.67  0.66  0.66            OY982582.1  7901680  7901830 (8926043)  C          Kuruka  Unspecified (8926043)  7901680  7901830
  532 35.84  2.49  2.77            OY982582.1 13121222 13121944 (3705929)  C          Kuruka  Unspecified (3705929) 13121222 13121944
 1000 35.02  2.23  2.37            OY982582.1 16639472 16640664 (187683)  C          Kuruka  Unspecified (187683) 16639472 16640664
  324 35.22  0.62  0.62            OY982583.1  5882040  5882199 (10606815)  C          Kuruka  Unspecified (10606815)  5882040  5882199
 1040 35.02  2.23  2.37            OY982583.1  6725705  6726897 (9762591)  C          Kuruka  Unspecified (9762591)  6725705  6726897
 1833 34.51  2.49  2.58            OY982584.1  3649662  3650824 (11625711)  C          Kuruka  Unspecified (11625711)  3649662  3650824
 1040 35.02  2.23  2.37            OY982584.1  5526158  5527350 (9749659)  C          Kuruka  Unspecified (9749659)  5526158  5527350
  976 35.21  2.23  2.37            OY982584.1  8062391  8063583 (7213426)  C          Kuruka  Unspecified (7213426)  8062391  8063583
  990 36.97  2.96  3.05            OY982584.1 10056585 10057767 (5218768)  C          Kuruka  Unspecified (5218768) 10056585 10057767
  421 35.02  1.86  1.86            OY982585.1   406191   407383 (14796993)  +          Kuruka  Unspecified (14796993)   406191   407383
  452 37.43  1.40  1.69            OY982585.1  7384102  7384457 (7819102)  +          Kuruka  Unspecified (7819102)  7384102  7384457
  438 35.02  1.86  1.86            OY982585.1 14288069 14289261 (915115)  +          Kuruka  Unspecified (915115) 14288069 14289261
  484 38.38  1.95  1.59            OY982585.1  3279086  3279649 (11923910)  C          Kuruka  Unspecified (11923910)  3279086  3279649
  309 35.04  1.25  1.89            OY982585.1 14271420 14271579 (931980)  C          Kuruka  Unspecified (931980) 14271420 14271579
  247 31.58  1.04  1.04            OY982586.1    68351    68446 (13429290)  +          Kuruka  Unspecified (13429290)    68351    68446
  342 33.15  5.39  0.94            OY982586.1  1328255  1328458 (12169278)  +          Kuruka  Unspecified (12169278)  1328255  1328458
  379 36.14  4.13  4.13            OY982586.1  6999643  7000150 (6497586)  +          Kuruka  Unspecified (6497586)  6999643  7000150
  690 32.45  1.75  2.95            OY982586.1  9911016  9911358 (3586378)  +          Kuruka  Unspecified (3586378)  9911016  9911358
  881 33.55  8.67  2.82            OY982586.1 10327078 10328312 (3170290)  +          Kuruka  Unspecified (3170290) 10327078 10328312
  821 36.64  2.83  2.98            OY982586.1 10966849 10967554 (2530182)  +          Kuruka  Unspecified (2530182) 10966849 10967554
  421 35.02  1.86  1.86            OY982586.1 11894532 11895724 (1602829)  +          Kuruka  Unspecified (1602829) 11894532 11895724
  426 35.02  1.86  1.86            OY982586.1 13465415 13466607  (31946)  +          Kuruka  Unspecified  (31946) 13465415 13466607
  289 32.28  0.78  0.78            OY982586.1   905039   905166 (12592570)  C          Kuruka  Unspecified (12592570)   905039   905166
  977 35.02  2.23  2.37            OY982586.1  2073757  2074949 (11423261)  C          Kuruka  Unspecified (11423261)  2073757  2074949
 1040 35.02  2.23  2.37            OY982586.1  6944358  6945550 (6552660)  C          Kuruka  Unspecified (6552660)  6944358  6945550
  516 34.02  6.80  2.74            OY982586.1 10428542 10429557 (3068739)  C          Kuruka  Unspecified (3068739) 10428542 10429557
  476 33.83  0.97  0.97            OY982587.1   203544   203749 (11198472)  +          Kuruka  Unspecified (11198472)   203544   203749
  359 37.01  2.29  2.29            OY982587.1   204743   205179 (11197042)  +          Kuruka  Unspecified (11197042)   204743   205179
  421 35.21  1.86  1.86            OY982587.1  9388766  9389958 (2013080)  +          Kuruka  Unspecified (2013080)  9388766  9389958
  895 36.72  2.83  2.98            OY982587.1  4104355  4105537 (7297161)  C          Kuruka  Unspecified (7297161)  4104355  4105537
  230 34.83  0.00  0.00            OY982587.1 11341652 11341740  (60481)  C          Kuruka  Unspecified  (60481) 11341652 11341740
 1758 34.51  2.49  2.58            OY982588.1  3050498  3051660 (7710835)  +          Kuruka  Unspecified (7710835)  3050498  3051660
  423 35.90  3.89  3.39            OY982588.1    76503    77119 (10685376)  C          Kuruka  Unspecified (10685376)    76503    77119
 1015 35.21  2.23  2.37            OY982588.1  6095911  6097103 (4665866)  C          Kuruka  Unspecified (4665866)  6095911  6097103
  438 35.02  1.86  1.86            OY982589.1  7568689  7569881 (1684277)  +          Kuruka  Unspecified (1684277)  7568689  7569881
  236 32.74  0.00  2.80            OY982589.1  8780060  8780169 (473172)  C          Kuruka  Unspecified (473172)  8780060  8780169
