  295 36.11  3.08  3.08     CAJQFA010000005.1   243860   244119 (198106)  +          Kuruka  Unspecified (198106)   243860   244119
 2066 34.08  1.99  2.34     CAJQFA010000008.1   177415   178571 (128830)  +          Kuruka  Unspecified (128830)   177415   178571
  400 33.22  6.02  4.65     CAJQFA010000008.1    80246    80627 (226774)  C          Kuruka  Unspecified (226774)    80246    80627
  289 35.42  3.21  4.17     CAJQFA010000008.1   159623   159840 (147561)  C          Kuruka  Unspecified (147561)   159623   159840
  437 36.78  3.36  2.67     CAJQFA010000011.1    61265    61859 (214035)  +          Kuruka  Unspecified (214035)    61265    61859
  387 33.50  6.02  4.65     CAJQFA010000015.1    87412    87793 (115425)  C          Kuruka  Unspecified (115425)    87412    87793
  403 33.22  6.02  4.65     CAJQFA010000020.1    84554    84935  (75684)  C          Kuruka  Unspecified  (75684)    84554    84935
  403 33.22  6.02  4.65     CAJQFA010000020.1   106914   107295  (53324)  C          Kuruka  Unspecified  (53324)   106914   107295
  402 33.22  6.02  4.65     CAJQFA010000024.1   122563   122944  (11123)  +          Kuruka  Unspecified  (11123)   122563   122944
  402 33.22  6.02  4.65     CAJQFA010000043.1     2451     2832  (50611)  C          Kuruka  Unspecified  (50611)     2451     2832
  404 33.22  6.02  4.65            FR989982.1  5874380  5874761 (24963376)  +          Kuruka  Unspecified (24963376)  5874380  5874761
  306 26.59  7.10  7.79            FR989982.1 17677604 17677758 (13160379)  +          Kuruka  Unspecified (13160379) 17677604 17677758
  327 33.82  1.92  1.92            FR989982.1 23681882 23682089 (7156048)  +          Kuruka  Unspecified (7156048) 23681882 23682089
 1007 37.40  1.22  1.22            FR989982.1 23682327 23683065 (7155072)  +          Kuruka  Unspecified (7155072) 23682327 23683065
  323 32.83  2.45  2.96            FR989982.1 24032194 24032397 (6805740)  +          Kuruka  Unspecified (6805740) 24032194 24032397
  417 32.94  6.02  4.65            FR989982.1  2826838  2827219 (28010918)  C          Kuruka  Unspecified (28010918)  2826838  2827219
  362 34.58  4.92  2.81            FR989982.1 26796172 26796415 (4041722)  C          Kuruka  Unspecified (4041722) 26796172 26796415
  402 33.22  6.02  4.65            FR989983.1   659675   660056 (25391814)  +          Kuruka  Unspecified (25391814)   659675   660056
  454 36.61  3.36  2.67            FR989983.1  1008427  1009021 (25042849)  +          Kuruka  Unspecified (25042849)  1008427  1009021
  387 33.50  6.02  4.65            FR989983.1  2119259  2119640 (23932230)  +          Kuruka  Unspecified (23932230)  2119259  2119640
  327 33.82  1.92  1.92            FR989983.1  2593884  2594091 (23457779)  +          Kuruka  Unspecified (23457779)  2593884  2594091
 1042 37.35  1.08  1.22            FR989983.1  2594329  2595068 (23456802)  +          Kuruka  Unspecified (23456802)  2594329  2595068
 2033 32.99  3.55  3.64            FR989983.1  4882339  4883549 (21168321)  +          Kuruka  Unspecified (21168321)  4882339  4883549
  295 36.11  3.08  3.08            FR989983.1  4925668  4925927 (21125943)  +          Kuruka  Unspecified (21125943)  4925668  4925927
  327 33.82  1.92  1.92            FR989983.1  6851407  6851614 (19200256)  +          Kuruka  Unspecified (19200256)  6851407  6851614
 1045 37.35  1.08  1.22            FR989983.1  6851852  6852591 (19199279)  +          Kuruka  Unspecified (19199279)  6851852  6852591
  300 34.67  3.98  1.73            FR989983.1  8678268  8678493 (17373377)  +          Kuruka  Unspecified (17373377)  8678268  8678493
  403 33.22  6.02  4.65            FR989983.1  8842562  8842943 (17208927)  +          Kuruka  Unspecified (17208927)  8842562  8842943
  400 33.22  6.02  4.65            FR989983.1 14017657 14018038 (12033832)  +          Kuruka  Unspecified (12033832) 14017657 14018038
  291 36.72  0.48  0.48            FR989983.1 20458541 20458748 (5593122)  +          Kuruka  Unspecified (5593122) 20458541 20458748
  829 36.66  2.45  1.83            FR989983.1 21956165 21956817 (4095053)  +          Kuruka  Unspecified (4095053) 21956165 21956817
  548 33.96  5.56  4.18            FR989983.1 25648714 25649091 (402779)  +          Kuruka  Unspecified (402779) 25648714 25649091
  409 37.07  1.89  2.27            FR989983.1   715058   715322 (25336548)  C          Kuruka  Unspecified (25336548)   715058   715322
  408 36.96  3.36  2.67            FR989983.1  4604773  4605367 (21446503)  C          Kuruka  Unspecified (21446503)  4604773  4605367
 2018 33.07  3.55  3.64            FR989983.1  9644950  9646160 (16405710)  C          Kuruka  Unspecified (16405710)  9644950  9646160
  372 33.50  6.02  4.65            FR989983.1 10820605 10820986 (15230884)  C          Kuruka  Unspecified (15230884) 10820605 10820986
  338 23.29  0.00  0.00            FR989983.1 12534966 12535038 (13516832)  C          Kuruka  Unspecified (13516832) 12534966 12535038
  403 33.22  6.02  4.65            FR989983.1 12754363 12754744 (13297126)  C          Kuruka  Unspecified (13297126) 12754363 12754744
  864 37.29  0.67  2.86            FR989983.1 14555884 14557082 (11495238)  C          Kuruka  Unspecified (11495238) 14555884 14557082
 2484 32.59  2.02  1.59            FR989983.1 14771283 14772473 (11279397)  C          Kuruka  Unspecified (11279397) 14771283 14772473
  233 30.99  0.00  0.00            FR989983.1 14912527 14912597 (11139273)  C          Kuruka  Unspecified (11139273) 14912527 14912597
 1041 37.35  1.08  1.22            FR989983.1 14978976 14979715 (11072155)  C          Kuruka  Unspecified (11072155) 14978976 14979715
  327 33.82  1.92  1.92            FR989983.1 14979953 14980160 (11071710)  C          Kuruka  Unspecified (11071710) 14979953 14980160
  524 33.69  1.37  1.71            FR989983.1 20499327 20499619 (5552251)  C          Kuruka  Unspecified (5552251) 20499327 20499619
 1195 36.84  2.12  3.47            FR989983.1 25799778 25801003 (250867)  C          Kuruka  Unspecified (250867) 25799778 25801003
  327 33.82  1.92  1.92            FR989984.1  7841836  7842043 (11526543)  +          Kuruka  Unspecified (11526543)  7841836  7842043
 1005 37.76  1.08  1.22            FR989984.1  7842281  7843020 (11525566)  +          Kuruka  Unspecified (11525566)  7842281  7843020
  403 33.22  6.02  4.65            FR989984.1 14540526 14540907 (4827679)  +          Kuruka  Unspecified (4827679) 14540526 14540907
  249 36.21  3.82  4.15            FR989984.1 15935573 15935886 (3432700)  +          Kuruka  Unspecified (3432700) 15935573 15935886
  402 33.22  6.02  4.65            FR989984.1  1633621  1634002 (17734584)  C          Kuruka  Unspecified (17734584)  1633621  1634002
  402 33.22  6.02  4.65            FR989984.1  5605078  5605459 (13763127)  C          Kuruka  Unspecified (13763127)  5605078  5605459
  455 37.06  3.19  2.67            FR989984.1 13729240 13729835 (5638751)  C          Kuruka  Unspecified (5638751) 13729240 13729835
  356 21.92  0.00  0.00            FR989984.1 13983353 13983425 (5385161)  C          Kuruka  Unspecified (5385161) 13983353 13983425
  246 34.82  2.17  2.62            FR989984.1 18245265 18245494 (1123092)  C          Kuruka  Unspecified (1123092) 18245265 18245494
  394 32.60  3.36  6.13            FR989985.1  4215582  4215849 (15078543)  +          Kuruka  Unspecified (15078543)  4215582  4215849
  323 32.83  2.45  2.96            FR989985.1  4965955  4966158 (14328234)  +          Kuruka  Unspecified (14328234)  4965955  4966158
  379 33.50  6.02  4.65            FR989985.1 10939464 10939845 (8354547)  +          Kuruka  Unspecified (8354547) 10939464 10939845
  225 30.70  1.94  1.94            FR989985.1  3995862  3995964 (15298428)  C          Kuruka  Unspecified (15298428)  3995862  3995964
  295 36.11  3.08  3.08            FR989985.1 14130578 14130837 (5163555)  C          Kuruka  Unspecified (5163555) 14130578 14130837
 2018 33.07  3.55  3.64            FR989985.1 16872569 16873779 (2420613)  C          Kuruka  Unspecified (2420613) 16872569 16873779
  327 33.82  1.92  1.92            FR989986.1  1046489  1046696 (17769244)  +          Kuruka  Unspecified (17769244)  1046489  1046696
 1063 37.21  1.08  1.22            FR989986.1  1046934  1047673 (17768267)  +          Kuruka  Unspecified (17768267)  1046934  1047673
  400 33.22  6.02  4.65            FR989986.1  2036544  2036925 (16779015)  +          Kuruka  Unspecified (16779015)  2036544  2036925
  407 33.22  6.02  4.65            FR989986.1  6294961  6295342 (12520598)  +          Kuruka  Unspecified (12520598)  6294961  6295342
  327 33.82  1.92  1.92            FR989986.1 18257705 18257912 (558028)  +          Kuruka  Unspecified (558028) 18257705 18257912
 1033 37.49  1.08  1.22            FR989986.1 18258150 18258889 (557051)  +          Kuruka  Unspecified (557051) 18258150 18258889
  368 32.32  3.73  6.51            FR989986.1   610167   610434 (18205506)  C          Kuruka  Unspecified (18205506)   610167   610434
  585 33.69  5.56  4.18            FR989986.1  4766114  4766491 (14049449)  C          Kuruka  Unspecified (14049449)  4766114  4766491
  246 34.82  2.17  2.62            FR989986.1  5686026  5686255 (13129685)  C          Kuruka  Unspecified (13129685)  5686026  5686255
  386 33.50  6.02  4.65            FR989986.1 18161839 18162220 (653720)  C          Kuruka  Unspecified (653720) 18161839 18162220
  403 33.22  6.02  4.65            FR989987.1  1055330  1055711 (17639424)  +          Kuruka  Unspecified (17639424)  1055330  1055711
  403 33.22  6.02  4.65            FR989987.1  1112180  1112561 (17582574)  +          Kuruka  Unspecified (17582574)  1112180  1112561
  327 33.82  1.92  1.92            FR989987.1 10177746 10177953 (8517182)  +          Kuruka  Unspecified (8517182) 10177746 10177953
 1079 37.07  1.08  1.22            FR989987.1 10178191 10178930 (8516205)  +          Kuruka  Unspecified (8516205) 10178191 10178930
  403 33.22  6.02  4.65            FR989987.1 13785941 13786322 (4908813)  +          Kuruka  Unspecified (4908813) 13785941 13786322
  394 32.60  3.36  6.13            FR989987.1 16752478 16752745 (1942390)  +          Kuruka  Unspecified (1942390) 16752478 16752745
  356 21.92  0.00  0.00            FR989987.1  1308521  1308593 (17386542)  C          Kuruka  Unspecified (17386542)  1308521  1308593
  892 37.87  1.35  1.76            FR989987.1 16086103 16086844 (2608291)  C          Kuruka  Unspecified (2608291) 16086103 16086844
  298 34.31  1.92  1.92            FR989987.1 16087082 16087289 (2607846)  C          Kuruka  Unspecified (2607846) 16087082 16087289
  386 33.50  6.02  4.65            FR989988.1   631513   631894 (17913992)  +          Kuruka  Unspecified (17913992)   631513   631894
  327 33.82  1.92  1.92            FR989988.1  2974162  2974369 (15571517)  +          Kuruka  Unspecified (15571517)  2974162  2974369
 1033 37.49  1.08  1.22            FR989988.1  2974607  2975346 (15570540)  +          Kuruka  Unspecified (15570540)  2974607  2975346
  291 36.11  3.08  3.08            FR989988.1  5543019  5543278 (13002608)  +          Kuruka  Unspecified (13002608)  5543019  5543278
  453 29.15  5.11  5.11            FR989988.1 12202894 12203128 (6342758)  +          Kuruka  Unspecified (6342758) 12202894 12203128
  391 36.27  3.79  3.40            FR989988.1 12203456 12203983 (6341903)  +          Kuruka  Unspecified (6341903) 12203456 12203983
  232 34.72  4.00  4.00            FR989988.1 14738191 14738415 (3807471)  +          Kuruka  Unspecified (3807471) 14738191 14738415
  245 25.42  0.00  0.00            FR989988.1 15125898 15125956 (3419930)  +          Kuruka  Unspecified (3419930) 15125898 15125956
  542 35.60  0.29  0.29            FR989988.1 17417286 17418441 (1128256)  +          Kuruka  Unspecified (1128256) 17417286 17418441
  225 30.70  1.94  1.94            FR989988.1  1378084  1378186 (17167700)  C          Kuruka  Unspecified (17167700)  1378084  1378186
  475 34.08  2.55  2.55            FR989988.1  4459459  4459732 (14086154)  C          Kuruka  Unspecified (14086154)  4459459  4459732
 1033 37.49  1.08  1.22            FR989988.1  5891712  5892451 (12653435)  C          Kuruka  Unspecified (12653435)  5891712  5892451
  327 33.82  1.92  1.92            FR989988.1  5892689  5892896 (12652990)  C          Kuruka  Unspecified (12652990)  5892689  5892896
  401 36.12  3.56  3.15            FR989988.1 12116745 12117250 (6428636)  C          Kuruka  Unspecified (6428636) 12116745 12117250
  371 31.39  5.11  5.11            FR989988.1 12118511 12118745 (6427141)  C          Kuruka  Unspecified (6427141) 12118511 12118745
  403 33.22  6.02  4.65            FR989988.1 15853353 15853734 (2692152)  C          Kuruka  Unspecified (2692152) 15853353 15853734
  403 33.22  6.02  4.65            FR989989.1  2356275  2356656 (15976199)  +          Kuruka  Unspecified (15976199)  2356275  2356656
 1956 33.91  2.42  2.51            FR989989.1  3001358  3002555 (15330300)  +          Kuruka  Unspecified (15330300)  3001358  3002555
 2267 33.34  2.24  2.33            FR989989.1  7839698  7840815 (10492040)  +          Kuruka  Unspecified (10492040)  7839698  7840815
  300 34.67  3.98  1.73            FR989989.1  8561645  8561870 (9770985)  +          Kuruka  Unspecified (9770985)  8561645  8561870
  327 33.82  1.92  1.92            FR989989.1  8631267  8631474 (9701381)  +          Kuruka  Unspecified (9701381)  8631267  8631474
 1013 37.62  1.08  1.22            FR989989.1  8631712  8632451 (9700404)  +          Kuruka  Unspecified (9700404)  8631712  8632451
  262 26.90  6.48  3.60            FR989989.1 13385230 13385337 (4947518)  +          Kuruka  Unspecified (4947518) 13385230 13385337
 1928 34.08  2.42  2.51            FR989989.1 17620459 17621656 (711199)  +          Kuruka  Unspecified (711199) 17620459 17621656
  264 36.91  3.08  3.08            FR989989.1   669195   669454 (17663401)  C          Kuruka  Unspecified (17663401)   669195   669454
  317 36.85  2.87  3.19            FR989989.1  9261871  9262184 (9070671)  C          Kuruka  Unspecified (9070671)  9261871  9262184
  245 25.42  0.00  0.00            FR989989.1 10778117 10778175 (7554680)  C          Kuruka  Unspecified (7554680) 10778117 10778175
  309 35.72  3.08  3.08            FR989989.1 14086132 14086391 (4246464)  C          Kuruka  Unspecified (4246464) 14086132 14086391
 1189 33.14  3.39  2.45            FR989989.1 14095783 14096549 (4236306)  C          Kuruka  Unspecified (4236306) 14095783 14096549
  859 36.97  1.53  2.94            FR989989.1 14118260 14118914 (4213941)  C          Kuruka  Unspecified (4213941) 14118260 14118914
 1046 37.00  1.62  1.76            FR989989.1 14123758 14124497 (4208358)  C          Kuruka  Unspecified (4208358) 14123758 14124497
  327 33.82  1.92  1.92            FR989989.1 14124735 14124942 (4207913)  C          Kuruka  Unspecified (4207913) 14124735 14124942
  886 35.70  3.21  3.36            FR989989.1 18042551 18043706 (289650)  C          Kuruka  Unspecified (289650) 18042551 18043706
  327 33.82  1.92  1.92            FR989990.1  2318423  2318630 (16005605)  +          Kuruka  Unspecified (16005605)  2318423  2318630
 1033 37.49  1.08  1.22            FR989990.1  2318868  2319607 (16004628)  +          Kuruka  Unspecified (16004628)  2318868  2319607
  361 37.23  1.45  1.45            FR989990.1  2658232  2659455 (15665660)  +          Kuruka  Unspecified (15665660)  2658232  2659455
  434 30.56  2.32  2.71            FR989990.1  7442739  7442997 (10881238)  +          Kuruka  Unspecified (10881238)  7442739  7442997
  722 35.94  2.58  3.54            FR989990.1 10176631 10177599 (8146636)  +          Kuruka  Unspecified (8146636) 10176631 10177599
  309 35.72  3.08  3.08            FR989990.1 10428371 10428630 (7895605)  +          Kuruka  Unspecified (7895605) 10428371 10428630
  323 32.83  2.45  2.96            FR989990.1  5394617  5394820 (12929415)  C          Kuruka  Unspecified (12929415)  5394617  5394820
  394 32.60  3.36  6.13            FR989990.1  9034358  9034625 (9289610)  C          Kuruka  Unspecified (9289610)  9034358  9034625
  390 33.98  5.39  4.74            FR989990.1  9970404  9970885 (8353350)  C          Kuruka  Unspecified (8353350)  9970404  9970885
  552 35.39  0.29  0.29            FR989991.1 15371913 15373068 (2605753)  +          Kuruka  Unspecified (2605753) 15371913 15373068
 1962 34.19  2.25  2.34            FR989991.1 16202258 16203455 (1774555)  +          Kuruka  Unspecified (1774555) 16202258 16203455
  300 34.67  3.98  1.73            FR989991.1 17334210 17334435 (643575)  +          Kuruka  Unspecified (643575) 17334210 17334435
  264 36.91  3.08  3.08            FR989991.1  2160105  2160364 (15817646)  C          Kuruka  Unspecified (15817646)  2160105  2160364
  384 33.50  6.02  4.65            FR989991.1 16453191 16453572 (1524438)  C          Kuruka  Unspecified (1524438) 16453191 16453572
  245 25.42  0.00  0.00            FR989992.1   668870   668928 (16537624)  +          Kuruka  Unspecified (16537624)   668870   668928
  403 33.22  6.02  4.65            FR989992.1  3905575  3905956 (13300596)  +          Kuruka  Unspecified (13300596)  3905575  3905956
 1942 33.99  2.42  2.51            FR989992.1 16948908 16950105 (256447)  +          Kuruka  Unspecified (256447) 16948908 16950105
  349 36.27  3.79  3.40            FR989992.1  2268603  2269130 (14937422)  C          Kuruka  Unspecified (14937422)  2268603  2269130
  438 29.15  5.11  5.11            FR989992.1  2269458  2269692 (14936860)  C          Kuruka  Unspecified (14936860)  2269458  2269692
  421 36.96  3.36  2.67            FR989992.1  2561941  2562535 (14644017)  C          Kuruka  Unspecified (14644017)  2561941  2562535
  238 28.73  4.31 10.00            FR989992.1  4204659  4204774 (13001778)  C          Kuruka  Unspecified (13001778)  4204659  4204774
  403 33.22  6.02  4.65            FR989992.1  5942676  5943057 (11263495)  C          Kuruka  Unspecified (11263495)  5942676  5943057
  394 32.60  3.36  6.13            FR989992.1 15108521 15108788 (2097764)  C          Kuruka  Unspecified (2097764) 15108521 15108788
  327 33.82  1.92  1.92            FR989993.1  3298541  3298748 (13616157)  +          Kuruka  Unspecified (13616157)  3298541  3298748
 1033 37.49  1.08  1.22            FR989993.1  3298986  3299725 (13615180)  +          Kuruka  Unspecified (13615180)  3298986  3299725
  403 33.22  6.02  4.65            FR989993.1  7542167  7542548 (9372357)  +          Kuruka  Unspecified (9372357)  7542167  7542548
  262 28.05  0.00  0.00            FR989993.1 16127798 16127879 (787026)  +          Kuruka  Unspecified (787026) 16127798 16127879
  378 33.50  6.02  4.65            FR989993.1   721183   721564 (16193341)  C          Kuruka  Unspecified (16193341)   721183   721564
  911 37.03  1.34  3.55            FR989993.1  1192971  1194196 (15721186)  C          Kuruka  Unspecified (15721186)  1192971  1194196
 1033 37.49  1.08  1.22            FR989993.1 11519466 11520205 (5394700)  C          Kuruka  Unspecified (5394700) 11519466 11520205
  327 33.82  1.92  1.92            FR989993.1 11520443 11520650 (5394255)  C          Kuruka  Unspecified (5394255) 11520443 11520650
  264 36.91  3.08  3.08            FR989994.1  3975622  3975881 (12763487)  +          Kuruka  Unspecified (12763487)  3975622  3975881
  338 23.29  0.00  0.00            FR989994.1  6964796  6964868 (9774500)  +          Kuruka  Unspecified (9774500)  6964796  6964868
  327 33.82  1.92  1.92            FR989994.1  8770970  8771177 (7968191)  +          Kuruka  Unspecified (7968191)  8770970  8771177
 1065 37.21  1.08  1.22            FR989994.1  8771415  8772154 (7967214)  +          Kuruka  Unspecified (7967214)  8771415  8772154
  340 36.18  2.87  3.19            FR989994.1 12829513 12829826 (3909542)  +          Kuruka  Unspecified (3909542) 12829513 12829826
  319 35.72  3.08  3.08            FR989994.1 13274086 13274345 (3465023)  +          Kuruka  Unspecified (3465023) 13274086 13274345
  327 33.82  1.92  1.92            FR989994.1 15086180 15086387 (1652981)  +          Kuruka  Unspecified (1652981) 15086180 15086387
 1033 37.49  1.08  1.22            FR989994.1 15086625 15087364 (1652004)  +          Kuruka  Unspecified (1652004) 15086625 15087364
  301 26.72  3.68  3.68            FR989994.1  1929650  1929785 (14809583)  C          Kuruka  Unspecified (14809583)  1929650  1929785
  390 33.98  5.39  4.74            FR989994.1  1930263  1930744 (14808624)  C          Kuruka  Unspecified (14808624)  1930263  1930744
  379 33.50  6.02  4.65            FR989994.1  3918442  3918823 (12820545)  C          Kuruka  Unspecified (12820545)  3918442  3918823
  402 33.22  6.02  4.65            FR989994.1  8083515  8083896 (8655472)  C          Kuruka  Unspecified (8655472)  8083515  8083896
  404 33.22  6.02  4.65            FR989995.1  2917791  2918172 (13645079)  +          Kuruka  Unspecified (13645079)  2917791  2918172
 2060 34.65  1.38  1.73            FR989995.1  4182102  4183258 (12379993)  +          Kuruka  Unspecified (12379993)  4182102  4183258
 2513 32.59  2.02  1.59            FR989995.1 15112860 15114050 (1449201)  +          Kuruka  Unspecified (1449201) 15112860 15114050
  235 36.55  3.82  4.15            FR989995.1  5530341  5530654 (11032597)  C          Kuruka  Unspecified (11032597)  5530341  5530654
  409 37.07  1.89  2.27            FR989995.1 13381476 13381740 (3181511)  C          Kuruka  Unspecified (3181511) 13381476 13381740
  367 36.47  3.79  3.40            FR989995.1 16554579 16555106   (8145)  C          Kuruka  Unspecified   (8145) 16554579 16555106
  471 28.70  5.11  5.11            FR989995.1 16555434 16555668   (7583)  C          Kuruka  Unspecified   (7583) 16555434 16555668
  427 31.75  2.32  2.71            FR989996.1  2077016  2077274 (14342726)  +          Kuruka  Unspecified (14342726)  2077016  2077274
  327 33.82  1.92  1.92            FR989996.1  2249167  2249374 (14170626)  +          Kuruka  Unspecified (14170626)  2249167  2249374
 1014 37.28  1.62  1.76            FR989996.1  2249612  2250351 (14169649)  +          Kuruka  Unspecified (14169649)  2249612  2250351
  257 30.74  3.96  3.96            FR989996.1   775179   775405 (15644595)  C          Kuruka  Unspecified (15644595)   775179   775405
  290 37.14  0.00  0.00            FR989996.1   775684   775823 (15644177)  C          Kuruka  Unspecified (15644177)   775684   775823
  402 33.22  6.02  4.65            FR989996.1  4935579  4935960 (11484040)  C          Kuruka  Unspecified (11484040)  4935579  4935960
  356 21.92  0.00  0.00            FR989996.1  8581386  8581458 (7838542)  C          Kuruka  Unspecified (7838542)  8581386  8581458
  386 33.50  6.02  4.65            FR989997.1 10979752 10980133 (5004579)  +          Kuruka  Unspecified (5004579) 10979752 10980133
  384 33.50  6.02  4.65            FR989997.1 12991423 12991804 (2992908)  +          Kuruka  Unspecified (2992908) 12991423 12991804
  400 33.22  6.02  4.65            FR989997.1 12997387 12997768 (2986944)  +          Kuruka  Unspecified (2986944) 12997387 12997768
  225 30.70  1.94  1.94            FR989997.1 13245671 13245773 (2738939)  +          Kuruka  Unspecified (2738939) 13245671 13245773
  235 36.55  3.82  4.15            FR989997.1  5886729  5887042 (10097670)  C          Kuruka  Unspecified (10097670)  5886729  5887042
 1063 37.21  1.08  1.22            FR989997.1 10088803 10089542 (5895170)  C          Kuruka  Unspecified (5895170) 10088803 10089542
  327 33.82  1.92  1.92            FR989997.1 10089780 10089987 (5894725)  C          Kuruka  Unspecified (5894725) 10089780 10089987
  309 35.72  3.08  3.08            FR989998.1  1444286  1444545 (14415455)  +          Kuruka  Unspecified (14415455)  1444286  1444545
  235 36.55  3.82  4.15            FR989998.1  5649622  5649935 (10210065)  +          Kuruka  Unspecified (10210065)  5649622  5649935
  287 35.12  3.98  1.73            FR989998.1  5722816  5723041 (10136959)  +          Kuruka  Unspecified (10136959)  5722816  5723041
  242 37.30  3.08  3.08            FR989998.1  6827198  6827457 (9032543)  +          Kuruka  Unspecified (9032543)  6827198  6827457
 2033 32.99  3.55  3.64            FR989998.1  8284187  8285397 (7574603)  +          Kuruka  Unspecified (7574603)  8284187  8285397
  496 37.26  1.59  1.32            FR989998.1 14558373 14558750 (1301250)  +          Kuruka  Unspecified (1301250) 14558373 14558750
 2033 32.99  3.55  3.64            FR989998.1 14631284 14632494 (1227506)  +          Kuruka  Unspecified (1227506) 14631284 14632494
  237 36.20  3.91  2.76            FR989998.1 14728323 14728501 (1131499)  +          Kuruka  Unspecified (1131499) 14728323 14728501
 1009 37.62  1.08  1.22            FR989998.1  1769289  1770028 (14089972)  C          Kuruka  Unspecified (14089972)  1769289  1770028
  327 33.82  1.92  1.92            FR989998.1  1770266  1770473 (14089527)  C          Kuruka  Unspecified (14089527)  1770266  1770473
  267 36.91  3.08  3.08            FR989998.1  1846843  1847102 (14012898)  C          Kuruka  Unspecified (14012898)  1846843  1847102
  225 30.70  1.94  1.94            FR989998.1  2019684  2019786 (13840214)  C          Kuruka  Unspecified (13840214)  2019684  2019786
  387 33.50  6.02  4.65            FR989998.1  2661301  2661682 (13198318)  C          Kuruka  Unspecified (13198318)  2661301  2661682
 1045 37.35  1.08  1.22            FR989998.1  5729268  5730007 (10129993)  C          Kuruka  Unspecified (10129993)  5729268  5730007
  327 33.82  1.92  1.92            FR989998.1  5730245  5730452 (10129548)  C          Kuruka  Unspecified (10129548)  5730245  5730452
  395 30.94  0.00  4.94            FR989998.1 14650806 14650975 (1209025)  C          Kuruka  Unspecified (1209025) 14650806 14650975
  376 26.09  1.71  1.71            FR989998.1 14696569 14696685 (1163315)  C          Kuruka  Unspecified (1163315) 14696569 14696685
  933 35.24  1.16  1.49            FR989999.1   177678   178282 (15475534)  +          Kuruka  Unspecified (15475534)   177678   178282
  403 33.22  6.02  4.65            FR989999.1   846573   846954 (14806862)  +          Kuruka  Unspecified (14806862)   846573   846954
  327 33.82  1.92  1.92            FR989999.1  1345700  1345907 (14307909)  +          Kuruka  Unspecified (14307909)  1345700  1345907
 1033 37.49  1.08  1.22            FR989999.1  1346145  1346884 (14306932)  +          Kuruka  Unspecified (14306932)  1346145  1346884
 1942 33.99  2.42  2.51            FR989999.1  1756582  1757779 (13896037)  C          Kuruka  Unspecified (13896037)  1756582  1757779
  943 35.26  1.89  2.08            FR989999.1  5287532  5288061 (10365755)  C          Kuruka  Unspecified (10365755)  5287532  5288061
  262 26.90  6.48  3.60            FR989999.1 15352866 15352973 (300843)  C          Kuruka  Unspecified (300843) 15352866 15352973
 2033 32.99  3.55  3.64            FR990000.1  1473297  1474507 (13461998)  +          Kuruka  Unspecified (13461998)  1473297  1474507
  390 33.98  5.39  4.74            FR990000.1  2405111  2405592 (12530913)  +          Kuruka  Unspecified (12530913)  2405111  2405592
 1010 35.26  1.98  1.98            FR990000.1  7722726  7723431 (7213074)  +          Kuruka  Unspecified (7213074)  7722726  7723431
  403 33.22  6.02  4.65            FR990000.1  8096628  8097009 (6839496)  +          Kuruka  Unspecified (6839496)  8096628  8097009
  323 32.83  2.45  2.96            FR990000.1 10215459 10215662 (4720843)  +          Kuruka  Unspecified (4720843) 10215459 10215662
  323 32.83  2.45  2.96            FR990000.1 10755009 10755212 (4181293)  +          Kuruka  Unspecified (4181293) 10755009 10755212
  405 36.08  3.79  3.40            FR990000.1  1582854  1583381 (13353124)  C          Kuruka  Unspecified (13353124)  1582854  1583381
  453 29.15  5.11  5.11            FR990000.1  1583709  1583943 (13352562)  C          Kuruka  Unspecified (13352562)  1583709  1583943
  403 33.22  6.02  4.65            FR990000.1  3307564  3307945 (11628560)  C          Kuruka  Unspecified (11628560)  3307564  3307945
 1256 35.17  2.60  1.88            FR990001.1  2518494  2519637 (11950876)  +          Kuruka  Unspecified (11950876)  2518494  2519637
 1797 35.06  2.67  2.07            FR990001.1  2526062  2527261 (11942954)  +          Kuruka  Unspecified (11942954)  2526062  2527261
 1641 35.19  3.79  2.07            FR990001.1  2533687  2534873 (11935342)  +          Kuruka  Unspecified (11935342)  2533687  2534873
  264 31.12 10.92  2.12            FR990001.1 13760836 13761009 (709206)  +          Kuruka  Unspecified (709206) 13760836 13761009
  437 36.78  3.36  2.67            FR990001.1   463419   464013 (14006202)  C          Kuruka  Unspecified (14006202)   463419   464013
  403 33.22  6.02  4.65            FR990001.1   649281   649662 (13820553)  C          Kuruka  Unspecified (13820553)   649281   649662
  579 35.26  5.95  1.47            FR990001.1  2543911  2544431 (11925784)  C          Kuruka  Unspecified (11925784)  2543911  2544431
 2046 32.70  2.49  2.02            FR990001.1  3140178  3141263 (11328952)  C          Kuruka  Unspecified (11328952)  3140178  3141263
  263 33.36  5.74  6.83            FR990001.1  3141867  3142162 (11328053)  C          Kuruka  Unspecified (11328053)  3141867  3142162
  282 36.11  3.08  3.08            FR990001.1  3995295  3995554 (10474661)  C          Kuruka  Unspecified (10474661)  3995295  3995554
 1983 33.82  2.42  2.51            FR990001.1  5625120  5626317 (8843898)  C          Kuruka  Unspecified (8843898)  5625120  5626317
  235 36.55  3.82  4.15            FR990001.1  5710696  5711009 (8759206)  C          Kuruka  Unspecified (8759206)  5710696  5711009
  343 31.39  0.73  0.00            FR990001.1  7484274  7484410 (6985805)  C          Kuruka  Unspecified (6985805)  7484274  7484410
  454 36.61  3.36  2.67            FR990001.1  8542818  8543412 (5926803)  C          Kuruka  Unspecified (5926803)  8542818  8543412
  262 26.90  6.48  3.60            FR990001.1  9675621  9675728 (4794487)  C          Kuruka  Unspecified (4794487)  9675621  9675728
 1033 37.49  1.08  1.22            FR990001.1 13767861 13768600 (701615)  C          Kuruka  Unspecified (701615) 13767861 13768600
  327 33.82  1.92  1.92            FR990001.1 13768838 13769045 (701170)  C          Kuruka  Unspecified (701170) 13768838 13769045
  409 37.07  1.89  2.27            FR990002.1  2047515  2047779 (11780411)  +          Kuruka  Unspecified (11780411)  2047515  2047779
  242 34.84  2.20  2.65            FR990002.1  2312146  2312372 (11515818)  +          Kuruka  Unspecified (11515818)  2312146  2312372
  427 31.75  2.32  2.71            FR990002.1  2368866  2369124 (11459066)  +          Kuruka  Unspecified (11459066)  2368866  2369124
  402 33.98  2.83  2.83            FR990002.1  3061295  3061506 (10766684)  +          Kuruka  Unspecified (10766684)  3061295  3061506
  387 33.50  6.02  4.65            FR990002.1  6690695  6691076 (7137114)  +          Kuruka  Unspecified (7137114)  6690695  6691076
 2240 32.86  3.19  3.43            FR990002.1 11491611 11492896 (2335294)  +          Kuruka  Unspecified (2335294) 11491611 11492896
  287 35.24  0.00  0.00            FR990002.1 11514765 11514869 (2313321)  +          Kuruka  Unspecified (2313321) 11514765 11514869
  403 33.22  6.02  4.65            FR990002.1   343665   344046 (13484144)  C          Kuruka  Unspecified (13484144)   343665   344046
 2008 33.07  3.55  3.64            FR990002.1   438617   439827 (13388363)  C          Kuruka  Unspecified (13388363)   438617   439827
  475 34.08  2.55  2.55            FR990002.1  6452843  6453116 (7375074)  C          Kuruka  Unspecified (7375074)  6452843  6453116
 2349 32.65  2.00  2.09            FR990002.1 11593771 11594921 (2233269)  C          Kuruka  Unspecified (2233269) 11593771 11594921
  249 30.38  0.00  0.00            FR990002.1 11597743 11597821 (2230369)  C          Kuruka  Unspecified (2230369) 11597743 11597821
  357 30.06  3.16  3.16            FR990003.1  2836963  2837120 (10987994)  +          Kuruka  Unspecified (10987994)  2836963  2837120
 2129 35.05  2.21  2.52            FR990003.1  2921836  2923146 (10901968)  +          Kuruka  Unspecified (10901968)  2921836  2923146
  552 36.90  1.28  1.28            FR990003.1  3056191  3057416 (10768534)  +          Kuruka  Unspecified (10768534)  3056191  3057416
  304 36.11  3.08  3.08            FR990003.1  3355773  3356032 (10469082)  +          Kuruka  Unspecified (10469082)  3355773  3356032
  473 36.19  1.09  1.09            FR990003.1  3713544  3714674 (10111295)  +          Kuruka  Unspecified (10111295)  3713544  3714674
  464 29.28  0.00  0.00            FR990003.1  3989016  3989738 (9835931)  +          Kuruka  Unspecified (9835931)  3989016  3989738
  457 30.38  1.83  1.83            FR990003.1  4059382  4059599 (9765515)  +          Kuruka  Unspecified (9765515)  4059382  4059599
  948 35.88  1.56  1.72            FR990003.1  4059859  4060499 (9764615)  +          Kuruka  Unspecified (9764615)  4059859  4060499
  402 33.22  6.02  4.65            FR990003.1  6182955  6183336 (7641778)  +          Kuruka  Unspecified (7641778)  6182955  6183336
  407 35.69  1.39  1.74            FR990003.1  6292580  6292867 (7532247)  +          Kuruka  Unspecified (7532247)  6292580  6292867
  407 35.69  1.39  1.74            FR990003.1  6297620  6297907 (7527207)  +          Kuruka  Unspecified (7527207)  6297620  6297907
  319 35.72  3.08  3.08            FR990003.1  6444368  6444627 (7380487)  +          Kuruka  Unspecified (7380487)  6444368  6444627
 2256 33.12  2.42  2.51            FR990003.1  8099162  8100279 (5724835)  +          Kuruka  Unspecified (5724835)  8099162  8100279
  409 37.07  1.89  2.27            FR990003.1  8140896  8141160 (5683954)  +          Kuruka  Unspecified (5683954)  8140896  8141160
  332 36.51  2.87  3.19            FR990003.1  8454973  8455286 (5369828)  +          Kuruka  Unspecified (5369828)  8454973  8455286
  349 33.77  2.93  3.36            FR990003.1 10004330 10004568 (3820546)  +          Kuruka  Unspecified (3820546) 10004330 10004568
  379 32.99  3.36  6.13            FR990003.1 10105807 10106074 (3719040)  +          Kuruka  Unspecified (3719040) 10105807 10106074
  368 35.16  1.09  1.09            FR990003.1 10483046 10483321 (3341793)  +          Kuruka  Unspecified (3341793) 10483046 10483321
  291 35.72  3.08  3.08            FR990003.1 11006825 11007084 (2818030)  +          Kuruka  Unspecified (2818030) 11006825 11007084
  349 33.77  2.93  3.36            FR990003.1 11139709 11139947 (2685167)  +          Kuruka  Unspecified (2685167) 11139709 11139947
  387 33.50  6.02  4.65            FR990003.1 11199996 11200377 (2624737)  +          Kuruka  Unspecified (2624737) 11199996 11200377
  467 36.52  2.02  2.02            FR990003.1 11504741 11505880 (2320028)  +          Kuruka  Unspecified (2320028) 11504741 11505880
  458 29.15  5.11  5.11            FR990003.1 12497998 12498232 (1326882)  +          Kuruka  Unspecified (1326882) 12497998 12498232
  390 36.27  3.79  3.40            FR990003.1 12498560 12499087 (1326027)  +          Kuruka  Unspecified (1326027) 12498560 12499087
  390 33.98  5.39  4.74            FR990003.1 12690159 12690640 (1134474)  +          Kuruka  Unspecified (1134474) 12690159 12690640
 2065 32.82  3.55  3.64            FR990003.1 12863746 12864956 (960158)  +          Kuruka  Unspecified (960158) 12863746 12864956
  243 21.93  0.00  4.69            FR990003.1 13000903 13000969 (824145)  +          Kuruka  Unspecified (824145) 13000903 13000969
 2017 32.76  2.43  1.96            FR990003.1 13001591 13002658 (822456)  +          Kuruka  Unspecified (822456) 13001591 13002658
  327 33.82  1.92  1.92            FR990003.1 13137911 13138118 (686996)  +          Kuruka  Unspecified (686996) 13137911 13138118
 1034 37.49  1.08  1.22            FR990003.1 13138356 13139095 (686019)  +          Kuruka  Unspecified (686019) 13138356 13139095
  346 31.75  2.32  2.71            FR990003.1 13468660 13468918 (356196)  +          Kuruka  Unspecified (356196) 13468660 13468918
  319 35.72  3.08  3.08            FR990003.1   273449   273708 (13551406)  C          Kuruka  Unspecified (13551406)   273449   273708
  585 33.69  5.56  4.18            FR990003.1  2880606  2880983 (10944131)  C          Kuruka  Unspecified (10944131)  2880606  2880983
 2303 32.64  2.29  2.03            FR990003.1  2946665  2947843 (10877271)  C          Kuruka  Unspecified (10877271)  2946665  2947843
  249 30.38  0.00  0.00            FR990003.1  2949641  2949719 (10875395)  C          Kuruka  Unspecified (10875395)  2949641  2949719
  458 29.15  5.11  5.11            FR990003.1  3168453  3168687 (10656427)  C          Kuruka  Unspecified (10656427)  3168453  3168687
  317 36.85  2.87  3.19            FR990003.1  3249649  3249962 (10575152)  C          Kuruka  Unspecified (10575152)  3249649  3249962
 1033 37.49  1.08  1.22            FR990003.1  4130540  4131279 (9693835)  C          Kuruka  Unspecified (9693835)  4130540  4131279
  327 33.82  1.92  1.92            FR990003.1  4131517  4131724 (9693390)  C          Kuruka  Unspecified (9693390)  4131517  4131724
  334 33.77  2.93  3.36            FR990003.1  4389140  4389378 (9435736)  C          Kuruka  Unspecified (9435736)  4389140  4389378
  968 35.71  1.56  1.72            FR990003.1  4465991  4466631 (9358483)  C          Kuruka  Unspecified (9358483)  4465991  4466631
  457 30.38  1.83  1.83            FR990003.1  4466891  4467108 (9358006)  C          Kuruka  Unspecified (9358006)  4466891  4467108
  403 33.22  6.02  4.65            FR990003.1  4585562  4585943 (9239171)  C          Kuruka  Unspecified (9239171)  4585562  4585943
  449 31.88  2.97  2.97            FR990003.1  5132263  5132498 (8692616)  C          Kuruka  Unspecified (8692616)  5132263  5132498
  585 33.69  5.56  4.18            FR990003.1  5414806  5415183 (8409931)  C          Kuruka  Unspecified (8409931)  5414806  5415183
  287 30.66  0.73  0.00            FR990003.1  6056645  6056781 (7768333)  C          Kuruka  Unspecified (7768333)  6056645  6056781
  306 27.28  3.65  3.65            FR990003.1  6061976  6062112 (7763002)  C          Kuruka  Unspecified (7763002)  6061976  6062112
  870 36.99  1.33  3.54            FR990003.1  6607030  6608255 (7217335)  C          Kuruka  Unspecified (7217335)  6607030  6608255
  370 33.77  6.02  4.65            FR990003.1  7622089  7622470 (6202644)  C          Kuruka  Unspecified (6202644)  7622089  7622470
 1964 32.99  3.55  3.64            FR990003.1  7914495  7915705 (5909409)  C          Kuruka  Unspecified (5909409)  7914495  7915705
 1993 34.02  2.25  2.34            FR990003.1  7985310  7986507 (5838607)  C          Kuruka  Unspecified (5838607)  7985310  7986507
  254 34.89  2.07  2.50            FR990003.1  8205364  8205604 (5619510)  C          Kuruka  Unspecified (5619510)  8205364  8205604
 2102 34.22  1.90  2.25            FR990003.1 10112421 10113577 (3711537)  C          Kuruka  Unspecified (3711537) 10112421 10113577
  527 34.15  0.25  5.79            FR990003.1 10488288 10488688 (3336426)  C          Kuruka  Unspecified (3336426) 10488288 10488688
  304 34.56  5.81  5.15            FR990003.1 10550314 10550795 (3274319)  C          Kuruka  Unspecified (3274319) 10550314 10550795
  300 34.67  3.98  1.73            FR990003.1 11224414 11224639 (2600475)  C          Kuruka  Unspecified (2600475) 11224414 11224639
  403 33.22  6.02  4.65            FR990003.1 11949899 11950280 (1874834)  C          Kuruka  Unspecified (1874834) 11949899 11950280
 2065 32.82  3.55  3.64            FR990003.1 12586800 12588010 (1237104)  C          Kuruka  Unspecified (1237104) 12586800 12588010
  457 36.55  0.00  0.00            FR990003.1 13194182 13194430 (630684)  C          Kuruka  Unspecified (630684) 13194182 13194430
  464 38.27  1.22  1.22            FR990003.1 13214534 13214943 (610171)  C          Kuruka  Unspecified (610171) 13214534 13214943
  260 36.91  2.89  2.89            FR990004.1   587967   588139 (13161058)  +          Kuruka  Unspecified (13161058)   587967   588139
  465 29.91  1.83  1.83            FR990004.1   675863   676080 (13073117)  +          Kuruka  Unspecified (13073117)   675863   676080
  918 36.19  1.56  1.72            FR990004.1   676340   676980 (13072217)  +          Kuruka  Unspecified (13072217)   676340   676980
  327 33.82  1.92  1.92            FR990004.1  1769554  1769761 (11979436)  +          Kuruka  Unspecified (11979436)  1769554  1769761
 1033 37.49  1.08  1.22            FR990004.1  1769999  1770738 (11978459)  +          Kuruka  Unspecified (11978459)  1769999  1770738
  400 33.22  6.02  4.65            FR990004.1  7430603  7430984 (6318213)  +          Kuruka  Unspecified (6318213)  7430603  7430984
  323 32.83  2.45  2.96            FR990004.1 13322895 13323098 (426099)  +          Kuruka  Unspecified (426099) 13322895 13323098
  390 33.98  5.39  4.74            FR990004.1  2265030  2265511 (11483686)  C          Kuruka  Unspecified (11483686)  2265030  2265511
  394 32.60  3.36  6.13            FR990004.1  4269107  4269374 (9479823)  C          Kuruka  Unspecified (9479823)  4269107  4269374
  295 36.11  3.08  3.08            FR990004.1 12129717 12129976 (1619221)  C          Kuruka  Unspecified (1619221) 12129717 12129976
  300 36.41  4.17  3.77            FR990005.1  5273318  5273845 (7802806)  +          Kuruka  Unspecified (7802806)  5273318  5273845
  410 32.19  3.36  6.13            FR990005.1  7423295  7423562 (5653089)  +          Kuruka  Unspecified (5653089)  7423295  7423562
  416 33.13  1.25  1.89            FR990005.1  1458846  1459005 (11617646)  C          Kuruka  Unspecified (11617646)  1458846  1459005
  231 27.85  6.48  3.60            FR990005.1  2279965  2280072 (10796579)  C          Kuruka  Unspecified (10796579)  2279965  2280072
  402 33.22  6.02  4.65            FR990005.1  7824748  7825129 (5251522)  C          Kuruka  Unspecified (5251522)  7824748  7825129
  403 33.22  6.02  4.65            FR990005.1 12242315 12242696 (833955)  C          Kuruka  Unspecified (833955) 12242315 12242696
  396 36.38  3.69  3.17            FR990005.1 12432962 12433557 (643094)  C          Kuruka  Unspecified (643094) 12432962 12433557
  357 30.87  1.32  1.32            FR990005.1 12887568 12887718 (188933)  C          Kuruka  Unspecified (188933) 12887568 12887718
 1946 34.08  2.42  2.34            FR990006.1  1029011  1030206 (11524436)  +          Kuruka  Unspecified (11524436)  1029011  1030206
  289 35.42  3.21  4.17            FR990006.1  2357863  2358080 (10196562)  +          Kuruka  Unspecified (10196562)  2357863  2358080
  225 30.70  1.94  1.94            FR990006.1  5152756  5152858 (7401784)  +          Kuruka  Unspecified (7401784)  5152756  5152858
  241 35.89  1.22  1.22            FR990006.1  5372625  5373746 (7181772)  +          Kuruka  Unspecified (7181772)  5372625  5373746
  373 33.50  6.02  4.65            FR990006.1  8167963  8168344 (4386298)  +          Kuruka  Unspecified (4386298)  8167963  8168344
  312 36.85  2.87  3.19            FR990007.1  2518869  2519182 (9994218)  +          Kuruka  Unspecified (9994218)  2518869  2519182
  279 35.58  3.98  1.73            FR990007.1  7697022  7697247 (4816153)  +          Kuruka  Unspecified (4816153)  7697022  7697247
  400 33.22  6.02  4.65            FR990007.1  8139889  8140270 (4373130)  +          Kuruka  Unspecified (4373130)  8139889  8140270
  475 34.08  2.55  2.55            FR990007.1   310970   311243 (12202157)  C          Kuruka  Unspecified (12202157)   310970   311243
  464 32.23  1.85  2.33            FR990007.1  9284323  9284538 (3228862)  C          Kuruka  Unspecified (3228862)  9284323  9284538
  402 33.22  6.02  4.65            FR990008.1   616527   616908 (10794145)  +          Kuruka  Unspecified (10794145)   616527   616908
  760 37.37  2.91  2.43            FR990008.1  2050118  2051387 (9359666)  +          Kuruka  Unspecified (9359666)  2050118  2051387
  403 33.22  6.02  4.65            FR990008.1  5950034  5950415 (5460638)  +          Kuruka  Unspecified (5460638)  5950034  5950415
  403 33.76  5.26  1.27            FR990008.1 10204998 10205225 (1205828)  +          Kuruka  Unspecified (1205828) 10204998 10205225
  387 33.50  6.02  4.65            FR990008.1  1324344  1324725 (10086328)  C          Kuruka  Unspecified (10086328)  1324344  1324725
  344 37.16  1.00  1.00            FR990008.1  3543531  3543829 (7867224)  C          Kuruka  Unspecified (7867224)  3543531  3543829
  387 33.50  6.02  4.65            FR990008.1  5330479  5330860 (6080193)  C          Kuruka  Unspecified (6080193)  5330479  5330860
  239 36.62  3.41  3.80            FR990008.1  7079221  7079484 (4331569)  C          Kuruka  Unspecified (4331569)  7079221  7079484
  378 33.47  5.82  4.95            FR990008.1 10213107 10213587 (1197466)  C          Kuruka  Unspecified (1197466) 10213107 10213587
  356 21.92  0.00  0.00            FR990009.1  8152841  8152913 (2802714)  +          Kuruka  Unspecified (2802714)  8152841  8152913
  400 33.22  6.02  4.65            FR990009.1  2781866  2782247 (8173380)  C          Kuruka  Unspecified (8173380)  2781866  2782247
  918 35.50  3.21  3.36            FR990009.1  6893256  6894411 (4061717)  C          Kuruka  Unspecified (4061717)  6893256  6894411
  299 30.88  2.92  0.71            FR990010.1  4544616  4544752 (3801092)  +          Kuruka  Unspecified (3801092)  4544616  4544752
  790 33.55  3.11  1.31            FR990010.1  4547652  4548101 (3797743)  +          Kuruka  Unspecified (3797743)  4547652  4548101
  301 30.88  2.92  0.71            FR990010.1  4579940  4580076 (3765768)  +          Kuruka  Unspecified (3765768)  4579940  4580076
  840 32.71  2.73  1.35            FR990010.1  4584825  4585264 (3760580)  +          Kuruka  Unspecified (3760580)  4584825  4585264
  402 33.22  6.02  4.65            FR990010.1  6629563  6629944 (1715900)  +          Kuruka  Unspecified (1715900)  6629563  6629944
  235 36.55  3.82  4.15            FR990010.1  2648410  2648723 (5697121)  C          Kuruka  Unspecified (5697121)  2648410  2648723
  707 33.60  2.46  0.81            FR990010.1  4638480  4638845 (3706999)  C          Kuruka  Unspecified (3706999)  4638480  4638845
  338 23.29  0.00  0.00            FR990010.1  4709721  4709793 (3636051)  C          Kuruka  Unspecified (3636051)  4709721  4709793
 2113 34.05  1.90  2.25            FR990010.1  6005623  6006779 (2339065)  C          Kuruka  Unspecified (2339065)  6005623  6006779
