  239 24.53  0.00  0.00            OY292321.1 10860573 10860625 (4216371)  +          Kuruka  Unspecified (4216371) 10860573 10860625
  418 32.04  2.92  3.78            OY292322.1  1012905  1013144 (12735275)  +          Kuruka  Unspecified (12735275)  1012905  1013144
  616 33.98  5.34  7.64            OY292322.1  1013355  1014103 (12734316)  +          Kuruka  Unspecified (12734316)  1013355  1014103
  279 28.05  0.00  0.00            OY292322.1  8805918  8805999 (4942420)  +          Kuruka  Unspecified (4942420)  8805918  8805999
  292 32.59  2.94  5.26            OY292322.1  2761571  2761842 (10986577)  C          Kuruka  Unspecified (10986577)  2761571  2761842
  467 37.07  2.88  3.01            OY292323.1   243441   244205 (13158484)  C          Kuruka  Unspecified (13158484)   243441   244205
  551 36.92  2.48  2.62            OY292323.1 11483888 11484652 (1918037)  C          Kuruka  Unspecified (1918037) 11483888 11484652
  267 33.25  2.90  5.19            OY292324.1  5653526  5653801 (7594672)  +          Kuruka  Unspecified (7594672)  5653526  5653801
  251 28.77  0.00  0.00            OY292324.1   320823   320895 (12927578)  C          Kuruka  Unspecified (12927578)   320823   320895
  278 33.25  2.90  5.19            OY292324.1 10593613 10593888 (2654585)  C          Kuruka  Unspecified (2654585) 10593613 10593888
  272 29.27  0.00  0.00            OY292325.1  9945111  9945192 (3119689)  +          Kuruka  Unspecified (3119689)  9945111  9945192
  793 37.83  1.02  2.97            OY292325.1  3160556  3161678 (9903640)  C          Kuruka  Unspecified (9903640)  3160556  3161678
  821 37.54  1.02  2.97            OY292325.1  5209367  5210489 (7854829)  C          Kuruka  Unspecified (7854829)  5209367  5210489
  476 37.50  2.61  2.75            OY292325.1  9785622  9786386 (3278495)  C          Kuruka  Unspecified (3278495)  9785622  9786386
  467 37.07  2.88  3.01            OY292327.1  6708707  6709471 (6087251)  +          Kuruka  Unspecified (6087251)  6708707  6709471
  358 34.13  3.44  3.83            OY292327.1 11077964 11078225 (1718497)  +          Kuruka  Unspecified (1718497) 11077964 11078225
  404 32.79  4.60  3.02            OY292328.1  5669485  5669745 (6932583)  +          Kuruka  Unspecified (6932583)  5669485  5669745
  551 36.92  2.48  2.62            OY292328.1  4650082  4650846 (7951482)  C          Kuruka  Unspecified (7951482)  4650082  4650846
  404 32.79  4.60  3.02            OY292329.1  3090054  3090314 (9361602)  +          Kuruka  Unspecified (9361602)  3090054  3090314
  491 36.93  2.88  3.01            OY292329.1  8572684  8573448 (3878468)  +          Kuruka  Unspecified (3878468)  8572684  8573448
  360 37.45  1.71  1.88            OY292329.1  9842003  9842587 (2609329)  +          Kuruka  Unspecified (2609329)  9842003  9842587
  767 37.64  1.02  2.97            OY292329.1  8158980  8160102 (4292251)  C          Kuruka  Unspecified (4292251)  8158980  8160102
  273 32.35  3.62  5.93            OY292330.1  5123103  5123378 (7203231)  +          Kuruka  Unspecified (7203231)  5123103  5123378
  239 24.53  0.00  0.00            OY292330.1  5291425  5291477 (7035132)  +          Kuruka  Unspecified (7035132)  5291425  5291477
  261 27.35  4.48  4.48            OY292330.1    18789    18922 (12307687)  C          Kuruka  Unspecified (12307687)    18789    18922
  344 25.61  0.00  0.00            OY292330.1 11029516 11029597 (1297012)  C          Kuruka  Unspecified (1297012) 11029516 11029597
  344 25.61  0.00  0.00            OY292330.1 11135785 11135866 (1190743)  C          Kuruka  Unspecified (1190743) 11135785 11135866
  325 37.68  1.72  2.08            OY292331.1  4545170  4545459 (7656195)  +          Kuruka  Unspecified (7656195)  4545170  4545459
  325 37.68  1.72  2.08            OY292331.1  4550250  4550539 (7651115)  +          Kuruka  Unspecified (7651115)  4550250  4550539
  325 37.68  1.72  2.08            OY292331.1  4555330  4555619 (7646035)  +          Kuruka  Unspecified (7646035)  4555330  4555619
  404 32.48  2.92  3.78            OY292331.1  9161091  9161330 (3040324)  +          Kuruka  Unspecified (3040324)  9161091  9161330
  273 28.77  0.00  0.00            OY292331.1  6353683  6353755 (5847899)  C          Kuruka  Unspecified (5847899)  6353683  6353755
  280 22.22  0.00  0.00            OY292332.1  8350759  8350821 (3846748)  +          Kuruka  Unspecified (3846748)  8350759  8350821
  312 34.39  3.38  3.73            OY292332.1  9686133  9686428 (2511141)  +          Kuruka  Unspecified (2511141)  9686133  9686428
  265 22.22  0.00  0.00            OY292332.1 10177440 10177502 (2020067)  +          Kuruka  Unspecified (2020067) 10177440 10177502
  478 37.63  1.43  1.72            OY292333.1  2760399  2761521 (9052416)  +          Kuruka  Unspecified (9052416)  2760399  2761521
  590 33.59  5.87  8.19            OY292333.1  5546094  5546842 (6266322)  C          Kuruka  Unspecified (6266322)  5546094  5546842
  418 32.04  2.92  3.78            OY292333.1  5547053  5547292 (6265872)  C          Kuruka  Unspecified (6265872)  5547053  5547292
  342 32.05  3.73  4.17            OY292333.1 11564337 11564577 (248587)  C          Kuruka  Unspecified (248587) 11564337 11564577
  467 37.07  2.88  3.01            OY292334.1  1535595  1536359 (10235120)  +          Kuruka  Unspecified (10235120)  1535595  1536359
  545 36.78  2.48  2.62            OY292334.1  4696035  4696799 (7074680)  +          Kuruka  Unspecified (7074680)  4696035  4696799
  462 37.54  1.43  1.72            OY292334.1  5851530  5852652 (5919600)  +          Kuruka  Unspecified (5919600)  5851530  5852652
  476 37.50  2.61  2.75            OY292334.1  6525036  6525800 (5245679)  C          Kuruka  Unspecified (5245679)  6525036  6525800
  476 37.50  2.61  2.75            OY292334.1  7301784  7302548 (4468931)  C          Kuruka  Unspecified (4468931)  7301784  7302548
  441 35.49  5.12  4.40            OY292335.1  6822139  6822860 (4781959)  +          Kuruka  Unspecified (4781959)  6822139  6822860
 2255 32.09  3.20  3.54            OY292336.1  2659608  2660825 (8828028)  +          Kuruka  Unspecified (8828028)  2659608  2660825
  344 25.61  0.00  0.00            OY292336.1  5262960  5263041 (6225812)  +          Kuruka  Unspecified (6225812)  5262960  5263041
  344 25.61  0.00  0.00            OY292336.1  5268685  5268766 (6220087)  +          Kuruka  Unspecified (6220087)  5268685  5268766
  302 32.23  3.23  3.90            OY292336.1  4114656  4114810 (7374043)  C          Kuruka  Unspecified (7374043)  4114656  4114810
  545 36.78  2.48  2.62            OY292336.1  6867752  6868516 (4620337)  C          Kuruka  Unspecified (4620337)  6867752  6868516
  345 37.68  1.72  2.08            OY292337.1  2122182  2122471 (9293389)  +          Kuruka  Unspecified (9293389)  2122182  2122471
  305 32.23  3.23  3.90            OY292337.1 10382597 10382751 (1033109)  +          Kuruka  Unspecified (1033109) 10382597 10382751
  467 37.07  2.88  3.01            OY292337.1  4879358  4880122 (6535738)  C          Kuruka  Unspecified (6535738)  4879358  4880122
  243 34.40  1.57  1.57            OY292337.1  7237313  7237439 (4178421)  C          Kuruka  Unspecified (4178421)  7237313  7237439
  380 33.18  4.60  3.02            OY292338.1  8735658  8735918 (2353967)  +          Kuruka  Unspecified (2353967)  8735658  8735918
  454 37.64  1.43  1.72            OY292339.1  8847207  8848329 (1690276)  +          Kuruka  Unspecified (1690276)  8847207  8848329
  468 37.07  2.88  3.01            OY292339.1  7608342  7609106 (2928726)  C          Kuruka  Unspecified (2928726)  7608342  7609106
  228 37.75  1.44  1.93            OY292340.1  3022766  3022973 (7466368)  +          Kuruka  Unspecified (7466368)  3022766  3022973
  545 36.78  2.48  2.62            OY292341.1  3368340  3369104 (6895273)  +          Kuruka  Unspecified (6895273)  3368340  3369104
  239 24.53  0.00  0.00            OY292341.1  6417716  6417768 (3846609)  C          Kuruka  Unspecified (3846609)  6417716  6417768
  449 37.20  2.88  3.01            OY292341.1  8873703  8874467 (1389910)  C          Kuruka  Unspecified (1389910)  8873703  8874467
  345 37.68  1.72  2.08            OY292342.1   632300   632589 (9327225)  +          Kuruka  Unspecified (9327225)   632300   632589
  467 37.07  2.88  3.01            OY292342.1  7425989  7426753 (2533061)  +          Kuruka  Unspecified (2533061)  7425989  7426753
  554 36.73  2.48  2.61            OY292342.1  1761598  1762363 (8197451)  C          Kuruka  Unspecified (8197451)  1761598  1762363
 2155 33.40  0.93  1.02            OY292342.1  2503118  2504197 (7455617)  C          Kuruka  Unspecified (7455617)  2503118  2504197
  372 37.28  1.71  1.88            OY292342.1  2531961  2532545 (7427269)  C          Kuruka  Unspecified (7427269)  2531961  2532545
  310 35.22  0.63  0.00            OY292343.1   808935   809093 (8407266)  C          Kuruka  Unspecified (8407266)   808935   809093
  293 28.05  0.00  0.00            OY292343.1  3804421  3804502 (5411857)  C          Kuruka  Unspecified (5411857)  3804421  3804502
  981 37.24  1.48  1.63            OY292344.1  2850599  2851275 (6089046)  +          Kuruka  Unspecified (6089046)  2850599  2851275
  275 28.77  0.00  0.00            OY292344.1  2920695  2920767 (6019554)  +          Kuruka  Unspecified (6019554)  2920695  2920767
  316 30.48  0.00  0.95            OY292344.1  2906716  2906821 (6033500)  C          Kuruka  Unspecified (6033500)  2906716  2906821
  325 37.68  1.72  2.08            OY292344.1  5532387  5532676 (3407645)  C          Kuruka  Unspecified (3407645)  5532387  5532676
  467 37.07  2.88  3.01            OY292344.1  6331781  6332545 (2607776)  C          Kuruka  Unspecified (2607776)  6331781  6332545
  242 35.30  0.00  0.84            OY292345.1   741264   741383 (7945480)  C          Kuruka  Unspecified (7945480)   741264   741383
  458 37.63  2.61  2.75            OY292345.1  3763668  3764432 (4922431)  C          Kuruka  Unspecified (4922431)  3763668  3764432
  592 33.59  5.87  8.19            OY292345.1  5743718  5744466 (2942397)  C          Kuruka  Unspecified (2942397)  5743718  5744466
  433 31.62  2.92  3.78            OY292345.1  5744677  5744916 (2941947)  C          Kuruka  Unspecified (2941947)  5744677  5744916
  301 35.70  1.80  4.95            OY292346.1  6943642  6943974 (1413096)  +          Kuruka  Unspecified (1413096)  6943642  6943974
  463 37.20  2.88  3.01            OY292346.1  1232605  1233369 (7123701)  C          Kuruka  Unspecified (7123701)  1232605  1233369
  345 37.68  1.72  2.08            OY292348.1  2762271  2762560 (3534096)  +          Kuruka  Unspecified (3534096)  2762271  2762560
  608 37.54  1.02  2.97            OY292348.1  5603749  5604871 (692222)  C          Kuruka  Unspecified (692222)  5603749  5604871
  251 28.77  0.00  0.00            OY292349.1  2426035  2426107 (3579374)  C          Kuruka  Unspecified (3579374)  2426035  2426107
  371 37.28  1.71  1.88            OY292351.1   889561   890145 (4268794)  C          Kuruka  Unspecified (4268794)   889561   890145
