  276 31.82  2.76  2.76            OX438563.1 13381525 13381705 (1717284)  +          Kuruka  Unspecified (1717284) 13381525 13381705
 2012 33.77  2.09  2.18            OX438563.1 14594700 14595801 (503188)  +          Kuruka  Unspecified (503188) 14594700 14595801
  442 35.83  0.74  0.74            OX438563.1 12831911 12832180 (2266809)  C          Kuruka  Unspecified (2266809) 12831911 12832180
  698 33.17  2.63  2.87            OX438564.1  5245519  5245937 (9472979)  +          Kuruka  Unspecified (9472979)  5245519  5245937
  263 33.22  4.56  4.93            OX438564.1 12954481 12954765 (1764151)  +          Kuruka  Unspecified (1764151) 12954481 12954765
  231 33.14  3.78  3.78            OX438564.1  1015592  1015776 (13703140)  C          Kuruka  Unspecified (13703140)  1015592  1015776
  265 32.38  2.76  2.76            OX438565.1  2440834  2441014 (12091148)  +          Kuruka  Unspecified (12091148)  2440834  2441014
  306 33.73  4.72  4.31            OX438565.1  3393329  3393582 (11138580)  +          Kuruka  Unspecified (11138580)  3393329  3393582
 1542 36.14  2.01  3.13            OX438565.1  4376602  4377795 (10154367)  +          Kuruka  Unspecified (10154367)  4376602  4377795
  292 31.82  2.76  2.76            OX438565.1 11727182 11727362 (2804800)  +          Kuruka  Unspecified (2804800) 11727182 11727362
  235 12.56  0.00  6.94            OX438565.1  1289611  1289687 (13242475)  C          Kuruka  Unspecified (13242475)  1289611  1289687
 2052 34.96  1.54  1.88            OX438566.1  2304452  2305623 (11971931)  +          Kuruka  Unspecified (11971931)  2304452  2305623
  248 27.36  1.04  1.04            OX438566.1  3008270  3008365 (11269189)  +          Kuruka  Unspecified (11269189)  3008270  3008365
 1939 33.01  3.09  3.45            OX438566.1  4881193  4882356 (9395198)  +          Kuruka  Unspecified (9395198)  4881193  4882356
  888 36.36  2.95  4.24            OX438566.1  5579224  5580274 (8697280)  +          Kuruka  Unspecified (8697280)  5579224  5580274
  292 31.82  2.76  2.76            OX438566.1  6721552  6721732 (7555822)  +          Kuruka  Unspecified (7555822)  6721552  6721732
  265 32.38  2.76  2.76            OX438566.1  4448945  4449125 (9828429)  C          Kuruka  Unspecified (9828429)  4448945  4449125
  251 33.10  1.39  1.39            OX438566.1  4471844  4471987 (9805567)  C          Kuruka  Unspecified (9805567)  4471844  4471987
  226 31.13  7.32  0.76            OX438566.1  5701073  5701195 (8576359)  C          Kuruka  Unspecified (8576359)  5701073  5701195
  339 31.38  3.61  4.03            OX438566.1  7592269  7592517 (6685037)  C          Kuruka  Unspecified (6685037)  7592269  7592517
  371 35.57  5.23  4.70            OX438566.1 10319254 10319846 (3957708)  C          Kuruka  Unspecified (3957708) 10319254 10319846
  265 34.79  1.23  1.23            OX438566.1 11564981 11565143 (2712411)  C          Kuruka  Unspecified (2712411) 11564981 11565143
 1934 34.15  3.07  3.15            OX438566.1 12292484 12293850 (1983704)  C          Kuruka  Unspecified (1983704) 12292484 12293850
 2002 34.47  2.44  2.52            OX438566.1 13601953 13603223 (674331)  C          Kuruka  Unspecified (674331) 13601953 13603223
  522 31.46  4.25  3.05            OX438566.1 13871979 13872237 (405317)  C          Kuruka  Unspecified (405317) 13871979 13872237
  292 31.82  2.76  2.76            OX438567.1   372231   372411 (13526070)  +          Kuruka  Unspecified (13526070)   372231   372411
  292 31.82  2.76  2.76            OX438567.1  2130395  2130575 (11767906)  +          Kuruka  Unspecified (11767906)  2130395  2130575
 2414 33.55  2.14  2.22            OX438567.1  3242982  3244197 (10654284)  +          Kuruka  Unspecified (10654284)  3242982  3244197
  292 31.82  2.76  2.76            OX438567.1  3604182  3604362 (10294119)  +          Kuruka  Unspecified (10294119)  3604182  3604362
  240 31.82  2.22  2.22            OX438567.1  9674364  9674498 (4223983)  +          Kuruka  Unspecified (4223983)  9674364  9674498
  370 33.33  1.05  1.05            OX438567.1 10095608 10095798 (3802683)  +          Kuruka  Unspecified (3802683) 10095608 10095798
  779 37.27  1.77  1.91            OX438567.1 10096058 10096790 (3801691)  +          Kuruka  Unspecified (3801691) 10096058 10096790
 2219 33.53  2.45  2.45            OX438567.1 11134746 11135968 (2762513)  +          Kuruka  Unspecified (2762513) 11134746 11135968
  251 31.86  4.21  4.69            OX438567.1  2556982  2557195 (11341286)  C          Kuruka  Unspecified (11341286)  2556982  2557195
 1805 32.86  3.46  3.55            OX438567.1  2603576  2604730 (11293751)  C          Kuruka  Unspecified (11293751)  2603576  2604730
  886 35.38  3.53  3.71            OX438567.1  2801924  2802991 (11095991)  C          Kuruka  Unspecified (11095991)  2801924  2802991
  230 30.16  0.00  0.00            OX438567.1  3470278  3470340 (10428141)  C          Kuruka  Unspecified (10428141)  3470278  3470340
  848 36.31  3.04  4.34            OX438567.1  6888134  6889184 (7009297)  C          Kuruka  Unspecified (7009297)  6888134  6889184
  265 32.38  2.76  2.76            OX438567.1 11066399 11066579 (2831902)  C          Kuruka  Unspecified (2831902) 11066399 11066579
  278 27.83  1.02  1.02            OX438567.1 11217609 11217706 (2680775)  C          Kuruka  Unspecified (2680775) 11217609 11217706
  413 33.99  4.62  4.62            OX438568.1   912451   913529 (12893175)  +          Kuruka  Unspecified (12893175)   912451   913529
  292 31.82  2.76  2.76            OX438568.1   986341   986521 (12819450)  +          Kuruka  Unspecified (12819450)   986341   986521
  234 29.83  7.87  6.88            OX438568.1  2784083  2784298 (11021673)  +          Kuruka  Unspecified (11021673)  2784083  2784298
  507 28.29  1.30  1.30            OX438568.1  8550005  8550158 (5255813)  +          Kuruka  Unspecified (5255813)  8550005  8550158
  542 36.09  2.82  2.82            OX438568.1  8856935  8857607 (4948364)  +          Kuruka  Unspecified (4948364)  8856935  8857607
  256 36.45  2.15  2.15            OX438568.1  9487315  9488467 (4318285)  +          Kuruka  Unspecified (4318285)  9487315  9488467
  428 36.20  0.74  0.74            OX438568.1  3834380  3834649 (9971322)  C          Kuruka  Unspecified (9971322)  3834380  3834649
  229 34.07  0.00  1.10            OX438568.1  8819145  8819236 (4986735)  C          Kuruka  Unspecified (4986735)  8819145  8819236
  244 24.51  6.80  8.91            OX438568.1  9404377  9404582 (4401389)  C          Kuruka  Unspecified (4401389)  9404377  9404582
  360 33.95  3.81  4.17            OX438568.1 12571572 12571860 (1234111)  C          Kuruka  Unspecified (1234111) 12571572 12571860
  408 33.22  3.81  4.17            OX438568.1 12576567 12576855 (1229116)  C          Kuruka  Unspecified (1229116) 12576567 12576855
  276 26.31  1.04  1.04            OX438568.1 13572029 13572124 (233847)  C          Kuruka  Unspecified (233847) 13572029 13572124
  292 33.88  7.54  3.34            OX438568.1 13649402 13649746 (156225)  C          Kuruka  Unspecified (156225) 13649402 13649746
  228 29.83  7.87  6.88            OX438569.1  5573179  5573394 (7009072)  +          Kuruka  Unspecified (7009072)  5573179  5573394
  396 36.94  0.74  0.74            OX438569.1 10612131 10612400 (1970066)  +          Kuruka  Unspecified (1970066) 10612131 10612400
  272 34.79  1.23  1.23            OX438569.1 11155723 11155885 (1426581)  +          Kuruka  Unspecified (1426581) 11155723 11155885
  902 36.36  2.95  4.24            OX438569.1  1498713  1499763 (11082703)  C          Kuruka  Unspecified (11082703)  1498713  1499763
  852 35.69  4.23  4.42            OX438569.1  5245711  5246778 (7336189)  C          Kuruka  Unspecified (7336189)  5245711  5246778
  230 30.16  0.00  0.00            OX438569.1  8025553  8025615 (4556851)  C          Kuruka  Unspecified (4556851)  8025553  8025615
  274 34.96  0.69  0.69            OX438570.1  4317178  4317321 (7667324)  +          Kuruka  Unspecified (7667324)  4317178  4317321
  912 36.27  2.95  4.24            OX438570.1  5537495  5538545 (6446100)  +          Kuruka  Unspecified (6446100)  5537495  5538545
  454 31.23  4.15  4.55            OX438570.1  5990693  5990957 (5993688)  +          Kuruka  Unspecified (5993688)  5990693  5990957
  248 27.36  1.04  1.04            OX438570.1  8520507  8520602 (3464043)  +          Kuruka  Unspecified (3464043)  8520507  8520602
  713 36.32  2.59  2.73            OX438570.1  4436725  4437457 (7547188)  C          Kuruka  Unspecified (7547188)  4436725  4437457
  363 33.33  1.05  1.05            OX438570.1  4437717  4437907 (7546738)  C          Kuruka  Unspecified (7546738)  4437717  4437907
  265 32.38  2.76  2.76            OX438571.1  4999901  5000081 (6101343)  +          Kuruka  Unspecified (6101343)  4999901  5000081
  265 32.38  2.76  2.76            OX438571.1  1483318  1483498 (9617926)  C          Kuruka  Unspecified (9617926)  1483318  1483498
  856 36.56  2.95  4.24            OX438571.1  6019856  6020906 (5080518)  C          Kuruka  Unspecified (5080518)  6019856  6020906
  298 32.41  4.55  5.34            OX438571.1  7394993  7395256 (3706168)  C          Kuruka  Unspecified (3706168)  7394993  7395256
  442 35.83  0.74  0.74            OX438572.1  7416321  7416590 (3136865)  +          Kuruka  Unspecified (3136865)  7416321  7416590
  401 36.01  2.75  2.91            OX438574.1  1635995  1636649 (6478163)  C          Kuruka  Unspecified (6478163)  1635995  1636649
  265 34.79  1.23  1.23            OX438574.1  3313182  3313344 (4801468)  C          Kuruka  Unspecified (4801468)  3313182  3313344
  351 36.20  0.74  0.74            OX438575.1   172414   172683 (7830628)  +          Kuruka  Unspecified (7830628)   172414   172683
  233 15.62  0.00  6.67            OX438575.1  2483881  2483928 (5519383)  +          Kuruka  Unspecified (5519383)  2483881  2483928
  308 25.83  1.64  1.64            OX438575.1  6311596  6311717 (1691594)  +          Kuruka  Unspecified (1691594)  6311596  6311717
  540 36.32  2.59  2.73            OX438575.1  6311977  6312709 (1690602)  +          Kuruka  Unspecified (1690602)  6311977  6312709
  292 31.82  2.76  2.76            OX438575.1  6353934  6354114 (1649197)  +          Kuruka  Unspecified (1649197)  6353934  6354114
  228 29.56  2.59  0.85            OX438575.1  1228390  1228505 (6774806)  C          Kuruka  Unspecified (6774806)  1228390  1228505
  288 35.26  0.64  0.64            OX438575.1  1229912  1230068 (6773243)  C          Kuruka  Unspecified (6773243)  1229912  1230068
  320 37.90  0.40  0.80            OX438576.1  4386304  4386553 (3281496)  +          Kuruka  Unspecified (3281496)  4386304  4386553
  244 26.98  0.00  0.00            OX438576.1  5531268  5531330 (2136719)  +          Kuruka  Unspecified (2136719)  5531268  5531330
 2135 34.22  2.44  2.52            OX438578.1 12212361 12213631 (11901400)  +          Kuruka  Unspecified (11901400) 12212361 12213631
  878 35.69  3.52  4.82            OX438578.1 18740129 18741179 (5373852)  +          Kuruka  Unspecified (5373852) 18740129 18741179
 1678 33.60  3.94  3.53            OX438578.1 21160430 21161697 (2953334)  +          Kuruka  Unspecified (2953334) 21160430 21161697
  324 32.81  5.22  5.62            OX438578.1 21320637 21320904 (2794127)  +          Kuruka  Unspecified (2794127) 21320637 21320904
  254 31.76  0.00  0.00            OX438578.1 21321897 21321981 (2793050)  +          Kuruka  Unspecified (2793050) 21321897 21321981
  235 27.95  4.43  7.14            OX438578.1 22396583 22396740 (1718291)  +          Kuruka  Unspecified (1718291) 22396583 22396740
  285 34.16  1.23  1.23            OX438578.1 11843057 11843219 (12271812)  C          Kuruka  Unspecified (12271812) 11843057 11843219
 1137 35.57  2.99  3.08            OX438578.1 14370068 14371236 (9743795)  C          Kuruka  Unspecified (9743795) 14370068 14371236
  404 33.22  3.79  4.51            OX438579.1   291155   291444 (18835904)  +          Kuruka  Unspecified (18835904)   291155   291444
  276 26.31  1.04  1.04            OX438579.1   376419   376514 (18750834)  +          Kuruka  Unspecified (18750834)   376419   376514
  245 26.98  0.00  0.00            OX438579.1  4572486  4572548 (14554800)  +          Kuruka  Unspecified (14554800)  4572486  4572548
  245 26.98  0.00  0.00            OX438579.1  4578487  4578549 (14548799)  +          Kuruka  Unspecified (14548799)  4578487  4578549
  244 26.98  0.00  0.00            OX438579.1  4584488  4584550 (14542798)  +          Kuruka  Unspecified (14542798)  4584488  4584550
  383 38.17  0.38  0.76            OX438579.1  7320613  7320876 (11806472)  +          Kuruka  Unspecified (11806472)  7320613  7320876
  405 35.57  5.23  4.70            OX438579.1 12175928 12176520 (6950828)  +          Kuruka  Unspecified (6950828) 12175928 12176520
 1549 34.42  1.55  1.65            OX438579.1 14054136 14055169 (5072179)  +          Kuruka  Unspecified (5072179) 14054136 14055169
  265 32.38  2.76  2.76            OX438579.1  1219810  1219990 (17907358)  C          Kuruka  Unspecified (17907358)  1219810  1219990
  247 30.68  2.27  0.00            OX438579.1 16552349 16552436 (2574912)  C          Kuruka  Unspecified (2574912) 16552349 16552436
  355 34.44  5.62  5.07            OX438580.1     4671     5239 (18284685)  +          Kuruka  Unspecified (18284685)     4671     5239
  233 33.11  3.23  2.56            OX438580.1     5483     5637 (18284287)  +          Kuruka  Unspecified (18284287)     5483     5637
 1956 34.14  1.53  1.62            OX438580.1 13419619 13420791 (4869133)  +          Kuruka  Unspecified (4869133) 13419619 13420791
 2139 35.18  1.37  1.45            OX438580.1 13593547 13594717 (4695207)  +          Kuruka  Unspecified (4695207) 13593547 13594717
  310 33.10  1.39  1.39            OX438580.1   256729   256872 (18033052)  C          Kuruka  Unspecified (18033052)   256729   256872
 1492 36.00  2.03  3.17            OX438580.1  2428099  2429280 (15860644)  C          Kuruka  Unspecified (15860644)  2428099  2429280
  347 35.74  5.23  4.70            OX438581.1 12335213 12335805 (5862568)  C          Kuruka  Unspecified (5862568) 12335213 12335805
  236 26.36  7.56  7.56            OX438581.1 17236098 17236216 (962157)  C          Kuruka  Unspecified (962157) 17236098 17236216
  235 27.95  4.43  7.14            OX438581.1 17550633 17550790 (647583)  C          Kuruka  Unspecified (647583) 17550633 17550790
  292 31.82  2.76  2.76            OX438582.1   867489   867669 (16917092)  +          Kuruka  Unspecified (16917092)   867489   867669
 1549 35.73  2.03  3.17            OX438582.1  1340165  1341346 (16443415)  +          Kuruka  Unspecified (16443415)  1340165  1341346
  389 35.88  0.58  0.58            OX438582.1  4037363  4038430 (13747055)  +          Kuruka  Unspecified (13747055)  4037363  4038430
  292 31.82  2.76  2.76            OX438582.1  5378707  5378887 (12405874)  +          Kuruka  Unspecified (12405874)  5378707  5378887
  294 31.64  3.28  3.28            OX438582.1  9051708  9051890 (8732871)  +          Kuruka  Unspecified (8732871)  9051708  9051890
  363 33.33  1.05  1.05            OX438582.1 14110384 14110574 (3674187)  +          Kuruka  Unspecified (3674187) 14110384 14110574
  696 36.20  2.57  3.42            OX438582.1 14110834 14111571 (3673190)  +          Kuruka  Unspecified (3673190) 14110834 14111571
 1992 33.36  2.84  3.19            OX438582.1 16271770 16272933 (1511828)  +          Kuruka  Unspecified (1511828) 16271770 16272933
  459 35.45  0.74  0.74            OX438582.1 17366723 17366992 (417769)  +          Kuruka  Unspecified (417769) 17366723 17366992
  255 32.27  3.10  1.53            OX438583.1 17492961 17493089 (181989)  +          Kuruka  Unspecified (181989) 17492961 17493089
  238 31.91  0.00  0.00            OX438583.1 13936650 13936743 (3738335)  C          Kuruka  Unspecified (3738335) 13936650 13936743
  332 25.00  0.00  0.00            OX438584.1  3354654  3354725 (14316985)  +          Kuruka  Unspecified (14316985)  3354654  3354725
 1136 33.68  3.27  2.57            OX438584.1  1931895  1933073 (15739081)  C          Kuruka  Unspecified (15739081)  1931895  1933073
 2389 33.39  2.14  2.22            OX438584.1  7842537  7843752 (9827958)  C          Kuruka  Unspecified (9827958)  7842537  7843752
  251 33.10  1.39  1.39            OX438584.1  9812115  9812258 (7859452)  C          Kuruka  Unspecified (7859452)  9812115  9812258
  294 31.64  3.28  3.28            OX438584.1 12073081 12073263 (5598447)  C          Kuruka  Unspecified (5598447) 12073081 12073263
  410 33.22  3.81  4.17            OX438585.1  1631351  1631639 (15778967)  +          Kuruka  Unspecified (15778967)  1631351  1631639
  339 37.04  0.00  0.00            OX438585.1  2127907  2128068 (15282538)  +          Kuruka  Unspecified (15282538)  2127907  2128068
  250 28.97  0.85  2.61            OX438585.1  2128385  2128501 (15282105)  +          Kuruka  Unspecified (15282105)  2128385  2128501
  392 36.00  0.58  0.58            OX438585.1  2191706  2192773 (15218557)  +          Kuruka  Unspecified (15218557)  2191706  2192773
  294 35.11  1.56  2.09            OX438585.1  7096041  7096232 (10314374)  +          Kuruka  Unspecified (10314374)  7096041  7096232
  721 36.13  2.18  2.32            OX438585.1  7096491  7097224 (10313382)  +          Kuruka  Unspecified (10313382)  7096491  7097224
  327 37.76  2.47  1.75            OX438585.1  7285026  7285308 (10125298)  +          Kuruka  Unspecified (10125298)  7285026  7285308
  236 29.84  0.85  2.61            OX438585.1  7285624  7285740 (10124866)  +          Kuruka  Unspecified (10124866)  7285624  7285740
  605 37.42  2.58  2.49            OX438585.1  9008023  9009225 (8401381)  +          Kuruka  Unspecified (8401381)  9008023  9009225
  265 32.38  2.76  2.76            OX438585.1 10488073 10488253 (6922353)  +          Kuruka  Unspecified (6922353) 10488073 10488253
  294 31.64  3.28  3.28            OX438585.1 15282635 15282817 (2127789)  +          Kuruka  Unspecified (2127789) 15282635 15282817
  243 32.50  1.65  0.82            OX438585.1 17379224 17379344  (31262)  +          Kuruka  Unspecified  (31262) 17379224 17379344
 1927 33.10  3.09  3.45            OX438585.1   458319   459482 (16951124)  C          Kuruka  Unspecified (16951124)   458319   459482
 1880 34.69  1.71  1.79            OX438585.1  4743006  4744176 (12666430)  C          Kuruka  Unspecified (12666430)  4743006  4744176
 1273 36.07  1.35  1.35            OX438585.1  4744504  4745318 (12665288)  C          Kuruka  Unspecified (12665288)  4744504  4745318
  292 31.82  2.76  2.76            OX438585.1 12608142 12608322 (4802284)  C          Kuruka  Unspecified (4802284) 12608142 12608322
  556 36.36  2.79  2.94            OX438585.1 15760566 15761718 (1649359)  C          Kuruka  Unspecified (1649359) 15760566 15761718
  750 36.04  2.59  2.73            OX438585.1 15843255 15843987 (1566619)  C          Kuruka  Unspecified (1566619) 15843255 15843987
  363 33.33  1.05  1.05            OX438585.1 15844247 15844437 (1566169)  C          Kuruka  Unspecified (1566169) 15844247 15844437
  270 35.69  0.58  0.58            OX438586.1  5290976  5292043 (12067591)  +          Kuruka  Unspecified (12067591)  5290976  5292043
  992 37.76  2.33  2.24            OX438586.1 11634834 11636036 (5722874)  +          Kuruka  Unspecified (5722874) 11634834 11636036
 2228 31.99  2.37  2.46            OX438586.1 11726370 11727510 (5631400)  +          Kuruka  Unspecified (5631400) 11726370 11727510
  370 33.33  1.05  1.05            OX438586.1 14251268 14251458 (3107452)  +          Kuruka  Unspecified (3107452) 14251268 14251458
  796 37.14  1.77  1.91            OX438586.1 14251718 14252450 (3106460)  +          Kuruka  Unspecified (3106460) 14251718 14252450
  427 36.20  0.74  0.74            OX438586.1  2594600  2594869 (14764041)  C          Kuruka  Unspecified (14764041)  2594600  2594869
  371 35.57  5.23  4.70            OX438586.1  3105468  3106060 (14252850)  C          Kuruka  Unspecified (14252850)  3105468  3106060
  381 35.80  0.58  0.58            OX438587.1   755930   756997 (16338001)  +          Kuruka  Unspecified (16338001)   755930   756997
  354 37.50  0.40  0.80            OX438587.1   829642   829891 (16264383)  +          Kuruka  Unspecified (16264383)   829642   829891
  261 32.38  2.76  2.76            OX438587.1  4131753  4131933 (12962341)  +          Kuruka  Unspecified (12962341)  4131753  4131933
  302 27.07  3.40  2.01            OX438587.1  6110042  6110188 (10984086)  +          Kuruka  Unspecified (10984086)  6110042  6110188
  247 29.87  0.00  0.00            OX438587.1 16946515 16946591 (147683)  +          Kuruka  Unspecified (147683) 16946515 16946591
  257 30.11  5.71  5.11            OX438587.1  1727343  1727517 (15366757)  C          Kuruka  Unspecified (15366757)  1727343  1727517
 1557 35.92  2.09  3.22            OX438587.1  2244609  2245802 (14848472)  C          Kuruka  Unspecified (14848472)  2244609  2245802
  367 35.92  5.23  4.70            OX438587.1 12016652 12017244 (5077030)  C          Kuruka  Unspecified (5077030) 12016652 12017244
  421 30.97  3.61  4.03            OX438588.1  3451311  3451559 (13378951)  C          Kuruka  Unspecified (13378951)  3451311  3451559
 1944 35.86  2.07  1.99            OX438588.1  6256273  6257578 (10572932)  C          Kuruka  Unspecified (10572932)  6256273  6257578
 2148 31.06  3.04  3.13            OX438588.1  9855610  9856729 (6973781)  C          Kuruka  Unspecified (6973781)  9855610  9856729
  263 33.22  4.56  4.93            OX438588.1 11974726 11975010 (4855500)  C          Kuruka  Unspecified (4855500) 11974726 11975010
  556 36.36  2.79  2.94            OX438588.1 14268513 14269665 (2561316)  C          Kuruka  Unspecified (2561316) 14268513 14269665
  298 32.41  4.55  5.34            OX438589.1  6034507  6034770 (10511467)  +          Kuruka  Unspecified (10511467)  6034507  6034770
  247 33.59  4.56  4.93            OX438589.1 14853922 14854206 (1692031)  +          Kuruka  Unspecified (1692031) 14853922 14854206
  405 35.57  5.23  4.70            OX438589.1 15942439 15943031 (603206)  +          Kuruka  Unspecified (603206) 15942439 15943031
 2175 31.20  2.98  3.07            OX438589.1  2789136  2790276 (13755961)  C          Kuruka  Unspecified (13755961)  2789136  2790276
 1939 33.01  3.09  3.45            OX438589.1 13948865 13950028 (2596209)  C          Kuruka  Unspecified (2596209) 13948865 13950028
  258 33.22  4.56  4.93            OX438590.1  2688309  2688593 (13819575)  +          Kuruka  Unspecified (13819575)  2688309  2688593
 1585 35.74  2.09  3.22            OX438590.1  7855378  7856571 (8651597)  +          Kuruka  Unspecified (8651597)  7855378  7856571
  272 34.79  1.23  1.23            OX438590.1 10236585 10236747 (6271421)  +          Kuruka  Unspecified (6271421) 10236585 10236747
 2132 35.18  1.37  1.45            OX438590.1 12494237 12495407 (4012761)  +          Kuruka  Unspecified (4012761) 12494237 12495407
  562 27.09  1.27  1.27            OX438590.1 14057867 14058023 (2450145)  +          Kuruka  Unspecified (2450145) 14057867 14058023
 2413 33.55  2.14  2.22            OX438590.1 12147594 12148809 (4359359)  C          Kuruka  Unspecified (4359359) 12147594 12148809
  878 36.00  3.53  3.71            OX438590.1 14212822 14213889 (2294780)  C          Kuruka  Unspecified (2294780) 14212822 14213889
  323 38.49  1.17  1.57            OX438591.1   170145   170400 (16055600)  +          Kuruka  Unspecified (16055600)   170145   170400
 1858 31.28  2.86  2.95            OX438591.1   943109   944228 (15281772)  +          Kuruka  Unspecified (15281772)   943109   944228
  287 33.10  1.39  1.39            OX438591.1  1809607  1809750 (14416250)  +          Kuruka  Unspecified (14416250)  1809607  1809750
 1610 33.67  2.39  2.79            OX438591.1  2051260  2052304 (14173696)  +          Kuruka  Unspecified (14173696)  2051260  2052304
 1982 33.16  2.75  3.10            OX438591.1 10826283 10827446 (5398554)  C          Kuruka  Unspecified (5398554) 10826283 10827446
 1979 34.54  2.44  2.52            OX438591.1 11639267 11640537 (4585463)  C          Kuruka  Unspecified (4585463) 11639267 11640537
  553 36.11  2.31  2.31            OX438592.1  3861652  3862883 (12333102)  +          Kuruka  Unspecified (12333102)  3861652  3862883
  244 30.68  2.27  0.00            OX438592.1  4781867  4781954 (11413189)  +          Kuruka  Unspecified (11413189)  4781867  4781954
 2414 33.55  2.14  2.22            OX438592.1 14598211 14599426 (1595717)  +          Kuruka  Unspecified (1595717) 14598211 14599426
 1553 36.14  2.01  3.13            OX438592.1  5168006  5169199 (11025944)  C          Kuruka  Unspecified (11025944)  5168006  5169199
  292 31.82  2.76  2.76            OX438593.1  1771760  1771940 (14111447)  +          Kuruka  Unspecified (14111447)  1771760  1771940
  265 32.58  2.73  2.73            OX438593.1  7732770  7732952 (8150435)  +          Kuruka  Unspecified (8150435)  7732770  7732952
  256 36.26  2.15  2.15            OX438593.1 10353583 10354735 (5529433)  +          Kuruka  Unspecified (5529433) 10353583 10354735
  265 32.38  2.76  2.76            OX438593.1 13621224 13621404 (2261983)  +          Kuruka  Unspecified (2261983) 13621224 13621404
  528 35.54  1.71  2.10            OX438593.1  1745512  1746037 (14137350)  C          Kuruka  Unspecified (14137350)  1745512  1746037
 1532 35.59  2.12  3.25            OX438593.1  2603841  2605022 (13278365)  C          Kuruka  Unspecified (13278365)  2603841  2605022
  243 25.28  6.97  7.50            OX438593.1  7230475  7230675 (8652712)  C          Kuruka  Unspecified (8652712)  7230475  7230675
  603 33.68  2.65  2.95            OX438593.1  8692927  8693702 (7190121)  C          Kuruka  Unspecified (7190121)  8692927  8693702
 2166 33.86  2.47  2.80            OX438593.1 11265319 11266573 (4616814)  C          Kuruka  Unspecified (4616814) 11265319 11266573
  256 36.70  2.62  2.62            OX438593.1 14188677 14188981 (1694406)  C          Kuruka  Unspecified (1694406) 14188677 14188981
  347 33.88  7.54  3.34            OX438593.1 15430570 15430914 (452473)  C          Kuruka  Unspecified (452473) 15430570 15430914
  294 31.64  3.28  3.28            OX438594.1  1561357  1561539 (14215578)  +          Kuruka  Unspecified (14215578)  1561357  1561539
  294 31.64  3.28  3.28            OX438594.1  1583002  1583184 (14193933)  +          Kuruka  Unspecified (14193933)  1583002  1583184
  248 27.36  1.04  1.04            OX438594.1  4468055  4468150 (11308967)  +          Kuruka  Unspecified (11308967)  4468055  4468150
  272 34.79  1.23  1.23            OX438594.1  7791521  7791683 (7985434)  +          Kuruka  Unspecified (7985434)  7791521  7791683
 1993 33.36  2.84  3.19            OX438594.1 14496818 14497981 (1279136)  +          Kuruka  Unspecified (1279136) 14496818 14497981
  265 32.38  2.76  2.76            OX438594.1 15050276 15050456 (726661)  +          Kuruka  Unspecified (726661) 15050276 15050456
  344 37.58  0.00  0.00            OX438594.1 15520104 15520268 (256849)  +          Kuruka  Unspecified (256849) 15520104 15520268
  242 34.70  0.50  1.52            OX438594.1 15520581 15520779 (256338)  +          Kuruka  Unspecified (256338) 15520581 15520779
  331 38.07  2.45  1.74            OX438594.1 15611751 15612036 (165081)  +          Kuruka  Unspecified (165081) 15611751 15612036
  242 34.70  0.50  1.52            OX438594.1 15612349 15612547 (164570)  +          Kuruka  Unspecified (164570) 15612349 15612547
  424 33.22  3.81  4.17            OX438594.1 14740688 14740976 (1036141)  C          Kuruka  Unspecified (1036141) 14740688 14740976
 1459 34.59  2.05  2.05            OX438594.1 15558128 15559101 (218016)  C          Kuruka  Unspecified (218016) 15558128 15559101
