  1516 35.85 2.93 3.01           OU538820.1   2137823   2139119 (23525044) C               Kuruka     Unspecified  (4073)    4760    3465    
  1538 33.26 1.62 1.74           OU538820.1   2154512   2155374 (23508789) +               Kuruka     Unspecified    3723    4584  (4249)    
  1137 32.46 6.64 3.27           OU538820.1   2230182   2231130 (23433033) C               Kuruka     Unspecified  (4417)    4416    3437    
   324 33.48 3.03 3.03           OU538820.1   2818197   2818427 (22845736) C               Kuruka     Unspecified  (5138)    3695    3465    
  1524 36.45 1.39 1.48           OU538820.1   4301053   4302202 (21361961) +               Kuruka     Unspecified    3495    4643  (4190)    
  2118 31.21 4.65 4.03           OU538820.1   4489882   4491213 (21172950) C               Kuruka     Unspecified  (4057)    4776    3437    
  1449 35.85 2.93 3.01           OU538820.1  12473796  12475092 (13189071) C               Kuruka     Unspecified  (4073)    4760    3465    
  1195 36.62 3.19 2.94           OU538820.1  14596395  14597615 (11066548) C               Kuruka     Unspecified  (4162)    4671    3448    
  2142 31.01 4.49 4.10           OU538820.1  16813446  16814780 (8849383) +               Kuruka     Unspecified    3437    4776  (4057)    
   266 35.64 3.12 3.53           OU538820.1  18488337  18488592 (7175571) C               Kuruka     Unspecified  (4297)    4536    4282    
  2156 31.46 4.42 4.03           OU538820.1  18558256  18559590 (7104573) +               Kuruka     Unspecified    3437    4776  (4057)    
   565 34.34 4.19 4.35           OU538820.1  21348911  21349531 (4314632) C               Kuruka     Unspecified  (4282)    4551    3932    
  2139 31.56 4.27 3.88           OU538820.1  21440583  21441917 (4222246) +               Kuruka     Unspecified    3437    4776  (4057)    
  2232 31.06 4.42 4.03           OU538820.1  22419796  22421130 (3243033) C               Kuruka     Unspecified  (4057)    4776    3437    
  1983 33.09 3.57 3.18           OU538820.1  25536146  25537462 (126701) +               Kuruka     Unspecified    3437    4758  (4075)    
  1733 35.07 2.69 2.76           OU538820.1  25584977  25586501  (77662) C               Kuruka     Unspecified  (3873)    4960    3437    
  1500 35.93 2.93 3.01           OU538821.1   5973887   5975183 (16702139) +               Kuruka     Unspecified    3465    4760  (4073)    
  1544 36.37 1.39 1.48           OU538821.1   6848782   6849931 (15827391) C               Kuruka     Unspecified  (4190)    4643    3495    
  1938 33.20 3.42 3.03           OU538821.1  11078089  11079405 (11597917) C               Kuruka     Unspecified  (4075)    4758    3437    
  1428 36.01 2.93 3.01           OU538821.1  11853561  11854857 (10822465) +               Kuruka     Unspecified    3465    4760  (4073)    
  1979 33.75 2.96 2.57           OU538821.1  16931625  16932941 (5744381) +               Kuruka     Unspecified    3437    4758  (4075)    
  2240 31.06 4.42 4.03           OU538821.1  21272918  21274252 (1403070) +               Kuruka     Unspecified    3437    4776  (4057)    
  1510 35.86 1.47 1.57           OU538822.1   1889958   1891042 (18985520) C               Kuruka     Unspecified  (4255)    4578    3495    
   444 33.82 2.53 2.82           OU538822.1   2313351   2313706 (18562856) +               Kuruka     Unspecified    3495    3849  (4984)    
   391 35.27 5.13 4.32           OU538822.1   2313821   2314463 (18562099) +               Kuruka     Unspecified    3965    4612  (4221)    
  1560 36.28 1.39 1.48           OU538822.1   3052369   3053518 (17823044) C               Kuruka     Unspecified  (4190)    4643    3495    
  1556 36.37 1.39 1.48           OU538822.1   3821672   3822821 (17053741) +               Kuruka     Unspecified    3495    4643  (4190)    
  1457 29.87 3.80 4.35           OU538822.1   5940994   5941756 (14934806) C               Kuruka     Unspecified  (4057)    4776    4018    
   776 33.93 4.39 3.30           OU538822.1   5941885   5942454 (14934108) C               Kuruka     Unspecified  (4821)    4012    3437    
  1360 35.48 4.87 3.01           OU538822.1   6886718   6887990 (13988572) C               Kuruka     Unspecified  (4073)    4760    3465    
  2164 31.06 4.42 4.03           OU538822.1   8576002   8577336 (12299226) C               Kuruka     Unspecified  (4057)    4776    3437    
   225 27.34 6.12 2.97           OU538822.1   9819251   9819348 (11057214) C               Kuruka     Unspecified  (4508)    4325    4225    
  2181 31.06 4.42 4.03           OU538822.1   9862754   9864088 (11012474) C               Kuruka     Unspecified  (4057)    4776    3437    
  2112 31.55 4.53 3.36           OU538822.1   9878166   9879490 (10997072) +               Kuruka     Unspecified    3437    4776  (4057)    
  1533 36.45 1.39 1.48           OU538822.1   9985556   9986705 (10889857) +               Kuruka     Unspecified    3495    4643  (4190)    
   226 25.00 0.00 0.00           OU538822.1  14514097  14514156 (6362406) +               Kuruka     Unspecified    4295    4354  (4479)    
  2192 31.56 4.27 3.88           OU538822.1  19238555  19239889 (1636673) C               Kuruka     Unspecified  (4057)    4776    3437    
  1516 35.85 2.93 3.01           OU538822.1  19586559  19587855 (1288707) C               Kuruka     Unspecified  (4073)    4760    3465    
  2190 31.30 4.42 4.03           OU538822.1  20376400  20377734 (498828) +               Kuruka     Unspecified    3437    4776  (4057)    
   354 35.18 2.87 3.29           OU538822.1  20629258  20629501 (247061) +               Kuruka     Unspecified    4294    4536  (4297)    
   620 35.55 4.94 4.47           OU538823.1    696555    697667 (18299867) +               Kuruka     Unspecified    3495    4612  (4221)    
   611 35.55 4.94 4.47           OU538823.1    836760    837872 (18159662) +               Kuruka     Unspecified    3495    4612  (4221)    
   226 22.00 0.00 0.00           OU538823.1   2685810   2685859 (16311675) C               Kuruka     Unspecified  (4479)    4354    4305    
  1544 36.37 1.39 1.48           OU538823.1   5206373   5207522 (13790012) +               Kuruka     Unspecified    3495    4643  (4190)    
  2241 31.06 4.42 4.03           OU538823.1   7214589   7215923 (11781611) +               Kuruka     Unspecified    3437    4776  (4057)    
  2202 31.22 4.42 4.03           OU538823.1   8258842   8260176 (10737358) C               Kuruka     Unspecified  (4057)    4776    3437    
   444 33.82 2.53 2.82           OU538823.1  13281970  13282325 (5715209) +               Kuruka     Unspecified    3495    3849  (4984)    
   363 35.60 5.13 4.32           OU538823.1  13282440  13283082 (5714452) +               Kuruka     Unspecified    3965    4612  (4221)    
  1997 33.46 3.04 2.65           OU538823.1  13681841  13683157 (5314377) C               Kuruka     Unspecified  (4075)    4758    3437    
  2181 31.06 4.42 4.03           OU538823.1  18487212  18488546 (508988) +               Kuruka     Unspecified    3437    4776  (4057)    
   225 25.00 0.00 0.00           OU538824.1    522254    522313 (16656381) C               Kuruka     Unspecified  (4479)    4354    4295    
  2103 31.90 4.12 3.73           OU538824.1    902531    903865 (16274829) C               Kuruka     Unspecified  (4057)    4776    3437    
  1563 36.28 1.39 1.48           OU538824.1   1797187   1798336 (15380358) C               Kuruka     Unspecified  (4190)    4643    3495    
  1510 35.86 1.47 1.57           OU538824.1   4277253   4278337 (12900357) +               Kuruka     Unspecified    3495    4578  (4255)    
  1544 36.37 1.39 1.48           OU538824.1   4288608   4289757 (12888937) +               Kuruka     Unspecified    3495    4643  (4190)    
  1251 36.88 2.65 2.74           OU538824.1   5804944   5806114 (11372580) +               Kuruka     Unspecified    3502    4671  (4162)    
  1510 35.86 1.47 1.57           OU538824.1   6798133   6799217 (10379477) +               Kuruka     Unspecified    3495    4578  (4255)    
  1510 35.86 1.47 1.57           OU538824.1   7996807   7997891 (9180803) C               Kuruka     Unspecified  (4255)    4578    3495    
  1504 35.93 2.93 3.01           OU538824.1   9109774   9111070 (8067624) C               Kuruka     Unspecified  (4073)    4760    3465    
  1960 33.98 2.96 2.57           OU538824.1  10064102  10065418 (7113276) +               Kuruka     Unspecified    3437    4758  (4075)    
   404 36.29 4.43 4.64           OU538824.1  10491833  10492329 (6686365) +               Kuruka     Unspecified    4026    4521  (4312)    
  2013 33.67 2.96 2.57           OU538824.1  13344449  13345765 (3832929) C               Kuruka     Unspecified  (4075)    4758    3437    
   444 33.82 2.53 2.82           OU538824.1  14790671  14791026 (2387668) +               Kuruka     Unspecified    3495    3849  (4984)    
   377 35.43 5.13 4.32           OU538824.1  14791141  14791783 (2386911) +               Kuruka     Unspecified    3965    4612  (4221)    
   300 33.81 0.70 0.70           OU538824.1  16687111  16687253 (491441) C               Kuruka     Unspecified  (4297)    4536    4394    
  1996 33.75 2.96 2.57           OU538824.1  17033734  17035050 (143644) +               Kuruka     Unspecified    3437    4758  (4075)    
   352 35.81 2.79 3.20           OU538825.1   2634165   2634415 (14385547) +               Kuruka     Unspecified    4287    4536  (4297)    
  1519 36.45 1.39 1.48           OU538825.1   3338357   3339506 (13680456) +               Kuruka     Unspecified    3495    4643  (4190)    
  1989 33.75 2.96 2.57           OU538825.1   3725924   3727240 (13292722) +               Kuruka     Unspecified    3437    4758  (4075)    
  1749 34.98 2.76 2.29           OU538825.1   4833204   4834505 (12185457) C               Kuruka     Unspecified  (4072)    4761    3454    
  1560 36.28 1.39 1.48           OU538825.1   5254912   5256061 (11763901) C               Kuruka     Unspecified  (4190)    4643    3495    
  2505 32.92 1.48 1.57           OU538825.1   5604329   5605476 (11414486) C               Kuruka     Unspecified  (4177)    4656    3510    
  2004 33.67 2.96 2.57           OU538825.1   6033416   6034732 (10985230) +               Kuruka     Unspecified    3437    4758  (4075)    
  1560 36.28 1.39 1.48           OU538825.1   7575160   7576309 (9443653) C               Kuruka     Unspecified  (4190)    4643    3495    
  1971 33.82 2.96 2.57           OU538825.1  11399621  11400937 (5619025) +               Kuruka     Unspecified    3437    4758  (4075)    
   338 33.48 3.03 3.03           OU538825.1  11588318  11588548 (5431414) +               Kuruka     Unspecified    3465    3695  (5138)    
  1563 36.28 1.39 1.48           OU538825.1  11950465  11951614 (5068348) C               Kuruka     Unspecified  (4190)    4643    3495    
  2162 31.46 4.42 4.03           OU538825.1  15458753  15460087 (1559875) C               Kuruka     Unspecified  (4057)    4776    3437    
  1544 36.37 1.39 1.48           OU538826.1    392830    393979 (16456250) +               Kuruka     Unspecified    3495    4643  (4190)    
  1521 36.45 1.39 1.48           OU538826.1    452662    453811 (16396418) +               Kuruka     Unspecified    3495    4643  (4190)    
  1985 33.90 2.96 2.57           OU538826.1   1426411   1427727 (15422502) C               Kuruka     Unspecified  (4075)    4758    3437    
  2198 31.22 4.42 4.03           OU538826.1   2003311   2004645 (14845584) C               Kuruka     Unspecified  (4057)    4776    3437    
  1507 35.95 1.47 1.57           OU538826.1   7317536   7318620 (9531609) C               Kuruka     Unspecified  (4255)    4578    3495    
  1944 34.18 2.89 2.50           OU538826.1   8896261   8897577 (7952652) C               Kuruka     Unspecified  (4075)    4758    3437    
  1511 36.54 1.39 1.48           OU538826.1  11872290  11873439 (4976790) C               Kuruka     Unspecified  (4190)    4643    3495    
  1778 31.52 4.29 3.61           OU538826.1  12425962  12427034 (4423195) C               Kuruka     Unspecified  (4317)    4516    3437    
  2159 31.22 4.42 4.03           OU538826.1  13425584  13426918 (3423311) +               Kuruka     Unspecified    3437    4776  (4057)    
  2021 33.54 3.04 2.65           OU538826.1  14739730  14741046 (2109183) +               Kuruka     Unspecified    3437    4758  (4075)    
   419 34.79 4.03 4.19           OU538827.1    490184    490804 (16191905) +               Kuruka     Unspecified    3932    4551  (4282)    
  2166 31.41 4.27 3.88           OU538827.1    877187    878521 (15804188) +               Kuruka     Unspecified    3437    4776  (4057)    
  2184 31.30 4.42 4.03           OU538827.1   1314008   1315342 (15367367) C               Kuruka     Unspecified  (4057)    4776    3437    
  1556 36.37 1.39 1.48           OU538827.1   3514961   3516110 (13166599) C               Kuruka     Unspecified  (4190)    4643    3495    
  1510 35.86 1.47 1.57           OU538827.1   6819872   6820956 (9861753) C               Kuruka     Unspecified  (4255)    4578    3495    
  1544 36.37 1.39 1.48           OU538827.1   8195545   8196694 (8486015) +               Kuruka     Unspecified    3495    4643  (4190)    
  1235 35.86 1.47 1.57           OU538827.1   8411753   8412837 (8269872) C               Kuruka     Unspecified  (4255)    4578    3495    
  1783 34.98 2.29 2.45           OU538827.1  11158098  11159407 (5523302) C               Kuruka     Unspecified  (4072)    4761    3454    
   244 31.35 1.20 8.33           OU538827.1  11160084  11160250 (5522459) C               Kuruka     Unspecified  (5769)    3064    2909    
   917 37.13 4.78 3.74           OU538827.1  11639516  11640707 (5042002) +               Kuruka     Unspecified    3465    4668  (4165)    
  1510 35.86 1.47 1.57           OU538827.1  12744746  12745830 (3936879) +               Kuruka     Unspecified    3495    4578  (4255)    
  1558 35.83 1.38 1.48           OU538827.1  12773039  12774123 (3908586) C               Kuruka     Unspecified  (4255)    4578    3495    
   599 36.33 0.28 0.56           OU538827.1  14634243  14634599 (2048110) +               Kuruka     Unspecified    3495    3850  (4983)    
   393 36.08 0.00 0.00           OU538827.1  14634663  14634856 (2047853) +               Kuruka     Unspecified    4385    4578  (4255)    
   338 33.48 3.03 3.03           OU538827.1  15913703  15913933 (768776) +               Kuruka     Unspecified    3465    3695  (5138)    
   257 28.80 6.34 7.09           OU538828.1    273194    273335 (16371848) +               Kuruka     Unspecified    4294    4434  (4399)    
  1251 36.88 2.65 2.74           OU538828.1   1161006   1162176 (15483007) C               Kuruka     Unspecified  (4162)    4671    3502    
  1498 35.95 1.47 1.57           OU538828.1   2890970   2892054 (13753129) C               Kuruka     Unspecified  (4255)    4578    3495    
  1563 36.28 1.39 1.48           OU538828.1   2980225   2981374 (13663809) +               Kuruka     Unspecified    3495    4643  (4190)    
   313 29.30 0.00 3.25           OU538828.1   3343280   3343406 (13301777) +               Kuruka     Unspecified    3573    3695  (5138)    
  1758 34.93 2.37 2.52           OU538828.1   3969000   3970309 (12674874) C               Kuruka     Unspecified  (4072)    4761    3454    
   272 33.11 1.28 1.28           OU538828.1   3970986   3971141 (12674042) C               Kuruka     Unspecified  (5769)    3064    2909    
  1544 36.37 1.39 1.48           OU538828.1   4201689   4202838 (12442345) +               Kuruka     Unspecified    3495    4643  (4190)    
   263 35.64 3.12 3.53           OU538828.1   4577899   4578154 (12067029) C               Kuruka     Unspecified  (4297)    4536    4282    
  1510 35.86 1.47 1.57           OU538828.1   5487539   5488623 (11156560) +               Kuruka     Unspecified    3495    4578  (4255)    
  2136 31.15 4.40 4.55           OU538828.1   6676706   6678047 (9967136) C               Kuruka     Unspecified  (4057)    4776    3437    
  1958 33.82 2.96 2.57           OU538828.1   7694944   7696260 (8948923) C               Kuruka     Unspecified  (4075)    4758    3437    
   257 28.80 6.34 7.09           OU538828.1   8669300   8669441 (7975742) +               Kuruka     Unspecified    4294    4434  (4399)    
   414 35.60 1.57 1.97           OU538828.1   9093595   9093849 (7551334) +               Kuruka     Unspecified    4282    4535  (4298)    
  2004 33.67 2.96 2.57           OU538828.1  13833106  13834422 (2810761) C               Kuruka     Unspecified  (4075)    4758    3437    
  1560 36.28 1.39 1.48           OU538828.1  14803744  14804893 (1840290) +               Kuruka     Unspecified    3495    4643  (4190)    
  1556 36.37 1.39 1.48           OU538828.1  15331615  15332764 (1312419) C               Kuruka     Unspecified  (4190)    4643    3495    
   278 35.24 2.92 3.26           OU538828.1  15395686  15395993 (1249190) +               Kuruka     Unspecified    4230    4536  (4297)    
   244 23.82 0.00 1.59           OU538828.1  16122933  16122996 (522187) C               Kuruka     Unspecified  (4477)    4356    4294    
  2196 31.61 4.19 3.81           OU538829.1   1007965   1009299 (15509909) C               Kuruka     Unspecified  (4057)    4776    3437    
   379 35.39 2.79 3.20           OU538829.1   2086737   2086987 (14432221) C               Kuruka     Unspecified  (4297)    4536    4287    
   338 33.48 3.03 3.03           OU538829.1   3078810   3079040 (13440168) +               Kuruka     Unspecified    3465    3695  (5138)    
  1990 33.75 2.96 2.57           OU538829.1   3651460   3652776 (12866432) +               Kuruka     Unspecified    3437    4758  (4075)    
   620 35.55 4.94 4.47           OU538829.1   4032209   4033321 (12485887) C               Kuruka     Unspecified  (4221)    4612    3495    
   300 33.81 0.70 0.70           OU538829.1   7591018   7591160 (8928048) +               Kuruka     Unspecified    4394    4536  (4297)    
  2162 31.66 4.34 3.96           OU538829.1   8558209   8559543 (7959665) C               Kuruka     Unspecified  (4057)    4776    3437    
  2176 31.37 4.42 4.03           OU538829.1   9095377   9096711 (7422497) C               Kuruka     Unspecified  (4057)    4776    3437    
   338 33.48 3.03 3.03           OU538829.1  12326926  12327156 (4192052) +               Kuruka     Unspecified    3465    3695  (5138)    
  1566 36.51 1.30 1.39           OU538829.1  12833358  12834507 (3684701) C               Kuruka     Unspecified  (4190)    4643    3495    
  1544 36.37 1.39 1.48           OU538829.1  13412199  13413348 (3105860) C               Kuruka     Unspecified  (4190)    4643    3495    
   227 27.27 2.53 2.53           OU538829.1  15474656  15474734 (1044474) +               Kuruka     Unspecified    4422    4500  (4333)    
  1947 33.98 2.96 2.57           OU538829.1  15941315  15942631 (576577) +               Kuruka     Unspecified    3437    4758  (4075)    
  1544 36.37 1.39 1.48           OU538830.1    350344    351493 (15741408) +               Kuruka     Unspecified    3495    4643  (4190)    
   257 28.80 6.34 7.09           OU538830.1   1331400   1331541 (14761360) +               Kuruka     Unspecified    4294    4434  (4399)    
  1557 36.28 1.39 1.48           OU538830.1   1488921   1490070 (14602831) +               Kuruka     Unspecified    3495    4643  (4190)    
   627 35.30 5.03 4.56           OU538830.1   1978945   1980057 (14112844) C               Kuruka     Unspecified  (4221)    4612    3495    
  1544 36.37 1.39 1.48           OU538830.1   3807418   3808567 (12284334) C               Kuruka     Unspecified  (4190)    4643    3495    
  1544 36.37 1.39 1.48           OU538830.1   5340498   5341647 (10751254) C               Kuruka     Unspecified  (4190)    4643    3495    
  1199 36.24 2.85 2.95           OU538830.1   8377525   8378610 (7714291) +               Kuruka     Unspecified    3502    4586  (4247)    
  1989 33.75 2.96 2.57           OU538830.1   8880526   8881842 (7211059) +               Kuruka     Unspecified    3437    4758  (4075)    
  1989 33.75 2.96 2.57           OU538830.1   8908824   8910140 (7182761) +               Kuruka     Unspecified    3437    4758  (4075)    
   241 29.87 0.00 0.00           OU538830.1   9059086   9059162 (7033739) C               Kuruka     Unspecified  (4479)    4354    4278    
  1537 35.85 2.93 3.01           OU538830.1  10106380  10107676 (5985225) +               Kuruka     Unspecified    3465    4760  (4073)    
  2065 31.35 4.57 4.18           OU538830.1  10849249  10850583 (5242318) C               Kuruka     Unspecified  (4057)    4776    3437    
   444 33.82 2.53 2.82           OU538830.1  11260278  11260633 (4832268) +               Kuruka     Unspecified    3495    3849  (4984)    
   379 35.43 5.13 4.32           OU538830.1  11260748  11261390 (4831511) +               Kuruka     Unspecified    3965    4612  (4221)    
   324 33.48 3.03 3.03           OU538830.1  11765747  11765977 (4326924) +               Kuruka     Unspecified    3465    3695  (5138)    
   245 28.17 0.00 0.00           OU538830.1  13583165  13583235 (2509666) C               Kuruka     Unspecified  (4479)    4354    4284    
  1552 36.08 2.70 2.78           OU538830.1  14823602  14824898 (1268003) C               Kuruka     Unspecified  (4073)    4760    3465    
  1529 36.31 1.74 1.83           OU538831.1   4135561   4136710 (11543565) C               Kuruka     Unspecified  (4190)    4643    3495    
  2154 31.46 4.42 4.03           OU538831.1   7948560   7949894 (7730381) +               Kuruka     Unspecified    3437    4776  (4057)    
   342 31.26 1.67 2.23           OU538831.1   8416730   8416909 (7263366) C               Kuruka     Unspecified  (4455)    4378    4200    
   338 33.48 3.03 3.03           OU538831.1   8874892   8875122 (6805153) +               Kuruka     Unspecified    3465    3695  (5138)    
  2240 31.06 4.42 4.03           OU538831.1   9264526   9265860 (6414415) +               Kuruka     Unspecified    3437    4776  (4057)    
   627 35.30 5.03 4.56           OU538831.1  10403852  10404964 (5275311) C               Kuruka     Unspecified  (4221)    4612    3495    
  2210 31.22 4.42 4.03           OU538831.1  11835820  11837154 (3843121) +               Kuruka     Unspecified    3437    4776  (4057)    
  1525 35.77 1.47 1.57           OU538831.1  12107909  12108993 (3571282) C               Kuruka     Unspecified  (4255)    4578    3495    
  2150 31.22 4.42 4.03           OU538831.1  13153934  13155268 (2525007) C               Kuruka     Unspecified  (4057)    4776    3437    
  2220 31.06 4.42 4.03           OU538831.1  13359095  13360429 (2319846) +               Kuruka     Unspecified    3437    4776  (4057)    
   278 35.24 2.92 3.26           OU538831.1  13501875  13502182 (2178093) +               Kuruka     Unspecified    4230    4536  (4297)    
  1965 33.90 2.96 2.57           OU538831.1  13982888  13984204 (1696071) +               Kuruka     Unspecified    3437    4758  (4075)    
   627 35.30 5.03 4.56           OU538831.1  14103108  14104220 (1576055) C               Kuruka     Unspecified  (4221)    4612    3495    
  1516 35.85 2.93 3.01           OU538831.1  14271815  14273111 (1407164) C               Kuruka     Unspecified  (4073)    4760    3465    
  1974 33.82 2.96 2.57           OU538831.1  14502261  14503577 (1176698) +               Kuruka     Unspecified    3437    4758  (4075)    
   639 34.45 4.03 4.19           OU538831.1  14612171  14612791 (1067484) +               Kuruka     Unspecified    3932    4551  (4282)    
  1942 33.82 3.20 2.57           OU538831.1  14766894  14768207 (912068) C               Kuruka     Unspecified  (4075)    4758    3437    
   271 28.27 3.12 4.21           OU538832.1   2255853   2255948 (13282489) +               Kuruka     Unspecified    4284    4378  (4455)    
  2223 31.15 4.42 4.03           OU538832.1   2402956   2404290 (13134147) +               Kuruka     Unspecified    3437    4776  (4057)    
  1942 34.06 2.96 2.57           OU538832.1   3256517   3257833 (12280604) +               Kuruka     Unspecified    3437    4758  (4075)    
   552 34.51 4.19 4.35           OU538832.1   4347217   4347837 (11190600) C               Kuruka     Unspecified  (4282)    4551    3932    
  1975 33.82 2.96 2.57           OU538832.1   8312796   8314112 (7224325) C               Kuruka     Unspecified  (4075)    4758    3437    
  1563 36.28 1.39 1.48           OU538832.1  10440207  10441356 (5097081) C               Kuruka     Unspecified  (4190)    4643    3495    
   363 35.60 5.13 4.32           OU538832.1  12423235  12423877 (3114560) C               Kuruka     Unspecified  (4221)    4612    3965    
   444 33.82 2.53 2.82           OU538832.1  12423992  12424347 (3114090) C               Kuruka     Unspecified  (4984)    3849    3495    
   261 33.11 1.28 1.28           OU538832.1  13082594  13082749 (2455688) +               Kuruka     Unspecified    2909    3064  (5769)    
  1723 33.44 3.51 3.67           OU538832.1  13083426  13084735 (2453702) +               Kuruka     Unspecified    3454    4761  (4072)    
  1978 33.82 2.96 2.57           OU538832.1  14036605  14037921 (1500516) C               Kuruka     Unspecified  (4075)    4758    3437    
   272 28.27 3.12 4.21           OU538832.1  14092257  14092352 (1446085) +               Kuruka     Unspecified    4284    4378  (4455)    
  1533 36.45 1.39 1.48           OU538832.1  14630697  14631846 (906591) +               Kuruka     Unspecified    3495    4643  (4190)    
  1993 33.96 2.89 2.50           OU538833.1   3691601   3692917 (11677150) C               Kuruka     Unspecified  (4075)    4758    3437    
  1533 36.45 1.39 1.48           OU538833.1   5302040   5303189 (10066878) +               Kuruka     Unspecified    3495    4643  (4190)    
  1926 33.28 3.42 3.03           OU538833.1   7961990   7963306 (7406761) +               Kuruka     Unspecified    3437    4758  (4075)    
   428 36.43 1.06 1.06           OU538833.1   8395282   8395564 (6974503) C               Kuruka     Unspecified  (4075)    4758    4476    
   513 31.07 2.48 2.90           OU538833.1   8395722   8395963 (6974104) C               Kuruka     Unspecified  (4352)    4481    4241    
  1111 33.19 3.39 2.59           OU538833.1   8398653   8399419 (6970648) C               Kuruka     Unspecified  (4624)    4209    3437    
   393 35.27 5.13 4.32           OU538833.1   8664859   8665501 (6704566) C               Kuruka     Unspecified  (4221)    4612    3965    
   444 33.82 2.53 2.82           OU538833.1   8665616   8665971 (6704096) C               Kuruka     Unspecified  (4984)    3849    3495    
  1525 35.77 1.47 1.57           OU538833.1   8746481   8747565 (6622502) +               Kuruka     Unspecified    3495    4578  (4255)    
  1546 36.51 1.30 1.48           OU538833.1   8760967   8762117 (6607950) +               Kuruka     Unspecified    3495    4643  (4190)    
   338 31.26 1.67 2.23           OU538833.1  10612033  10612212 (4757855) +               Kuruka     Unspecified    4200    4378  (4455)    
  1544 36.37 1.39 1.48           OU538833.1  10773557  10774706 (4595361) C               Kuruka     Unspecified  (4190)    4643    3495    
   342 31.26 1.67 2.23           OU538833.1  11981343  11981522 (3388545) C               Kuruka     Unspecified  (4455)    4378    4200    
   620 35.55 4.94 4.47           OU538833.1  12177891  12179003 (3191064) C               Kuruka     Unspecified  (4221)    4612    3495    
   241 29.87 0.00 0.00           OU538833.1  14077899  14077975 (1292092) +               Kuruka     Unspecified    4278    4354  (4479)    
  2196 31.61 4.19 3.81           OU538833.1  14155164  14156498 (1213569) +               Kuruka     Unspecified    3437    4776  (4057)    
  2520 32.84 1.48 1.57           OU538833.1  14242568  14243715 (1126352) +               Kuruka     Unspecified    3510    4656  (4177)    
   245 28.17 0.00 0.00           OU538833.1  15015639  15015709 (354358) +               Kuruka     Unspecified    4284    4354  (4479)    
  1326 32.04 1.98 2.15           OU538834.1   2380950   2381555 (12505649) C               Kuruka     Unspecified  (4177)    4656    4052    
  1193 31.78 1.71 1.71           OU538834.1   2383020   2383544 (12503660) C               Kuruka     Unspecified  (4799)    4034    3510    
   338 33.48 3.03 3.03           OU538834.1   3347412   3347642 (11539562) C               Kuruka     Unspecified  (5138)    3695    3465    
  2111 31.64 4.27 3.88           OU538834.1   3899307   3900641 (10986563) +               Kuruka     Unspecified    3437    4776  (4057)    
   363 35.60 5.13 4.32           OU538834.1   5686053   5686695 (9200509) C               Kuruka     Unspecified  (4221)    4612    3965    
   438 33.04 2.81 3.10           OU538834.1   5686810   5687165 (9200039) C               Kuruka     Unspecified  (4984)    3849    3495    
  1525 35.77 1.47 1.57           OU538834.1   5791854   5792938 (9094266) C               Kuruka     Unspecified  (4255)    4578    3495    
  1980 34.03 2.89 2.50           OU538834.1   6364420   6365736 (8521468) C               Kuruka     Unspecified  (4075)    4758    3437    
  1981 33.72 2.89 2.50           OU538834.1   6761591   6762907 (8124297) C               Kuruka     Unspecified  (4075)    4758    3437    
  1544 36.37 1.39 1.48           OU538834.1   6870676   6871825 (8015379) +               Kuruka     Unspecified    3495    4643  (4190)    
  1801 34.91 2.29 2.45           OU538834.1   8952956   8954265 (5932939) C               Kuruka     Unspecified  (4072)    4761    3454    
   272 33.11 1.28 1.28           OU538834.1   8954942   8955097 (5932107) C               Kuruka     Unspecified  (5769)    3064    2909    
  1527 35.93 2.93 3.01           OU538834.1  10560890  10562186 (4325018) +               Kuruka     Unspecified    3465    4760  (4073)    
  1510 35.86 1.47 1.57           OU538834.1  13460204  13461288 (1425916) C               Kuruka     Unspecified  (4255)    4578    3495    
  1509 35.86 1.47 1.57           OU538835.1    801054    802138 (13756285) +               Kuruka     Unspecified    3495    4578  (4255)    
   338 33.48 3.03 3.03           OU538835.1   2103753   2103983 (12454440) C               Kuruka     Unspecified  (5138)    3695    3465    
  1560 36.28 1.39 1.48           OU538835.1   4147466   4148615 (10409808) +               Kuruka     Unspecified    3495    4643  (4190)    
  2173 31.30 4.42 4.03           OU538835.1   7879350   7880684 (6677739) +               Kuruka     Unspecified    3437    4776  (4057)    
  1990 33.75 2.96 2.57           OU538835.1   8045407   8046723 (6511700) C               Kuruka     Unspecified  (4075)    4758    3437    
  1544 36.37 1.39 1.48           OU538835.1   8166431   8167580 (6390843) +               Kuruka     Unspecified    3495    4643  (4190)    
  1971 33.82 2.96 2.57           OU538835.1  10260200  10261516 (4296907) +               Kuruka     Unspecified    3437    4758  (4075)    
   301 35.39 2.79 3.20           OU538835.1  12274374  12274624 (2283799) +               Kuruka     Unspecified    4287    4536  (4297)    
  2319 33.89 1.48 1.57           OU538835.1  12481340  12482487 (2075936) +               Kuruka     Unspecified    3510    4656  (4177)    
  1530 36.45 1.39 1.48           OU538835.1  12639781  12640930 (1917493) C               Kuruka     Unspecified  (4190)    4643    3495    
   372 35.75 5.13 4.32           OU538835.1  13641932  13642574 (915849) C               Kuruka     Unspecified  (4221)    4612    3965    
   440 34.11 2.53 2.82           OU538835.1  13642689  13643044 (915379) C               Kuruka     Unspecified  (4984)    3849    3495    
  1933 33.98 2.96 2.57           OU538835.1  13688320  13689636 (868787) C               Kuruka     Unspecified  (4075)    4758    3437    
   414 35.60 1.57 1.97           OU538835.1  13854380  13854634 (703789) C               Kuruka     Unspecified  (4298)    4535    4282    
   567 34.34 4.19 4.35           OU538836.1    796887    797507 (13503520) +               Kuruka     Unspecified    3932    4551  (4282)    
  1533 36.45 1.39 1.48           OU538836.1   1858490   1859639 (12441388) +               Kuruka     Unspecified    3495    4643  (4190)    
  2185 31.30 4.42 4.03           OU538836.1   2744613   2745947 (11555080) +               Kuruka     Unspecified    3437    4776  (4057)    
  2175 31.21 4.65 4.03           OU538836.1   3707943   3709274 (10591753) +               Kuruka     Unspecified    3437    4776  (4057)    
  1544 36.37 1.39 1.48           OU538836.1   4426885   4428034 (9872993) +               Kuruka     Unspecified    3495    4643  (4190)    
  1176 36.96 2.65 2.74           OU538836.1   5348089   5349259 (8951768) C               Kuruka     Unspecified  (4162)    4671    3502    
  2163 31.15 4.42 4.03           OU538836.1  12109411  12110745 (2190282) +               Kuruka     Unspecified    3437    4776  (4057)    
  1510 35.86 1.47 1.57           OU538836.1  12316063  12317147 (1983880) C               Kuruka     Unspecified  (4255)    4578    3495    
  1164 36.96 2.65 2.74           OU538837.1    228245    229415 (13973824) C               Kuruka     Unspecified  (4162)    4671    3502    
  1944 33.98 2.96 2.57           OU538837.1   1427517   1428833 (12774406) +               Kuruka     Unspecified    3437    4758  (4075)    
   272 28.27 3.12 4.21           OU538837.1   1616964   1617059 (12586180) C               Kuruka     Unspecified  (4455)    4378    4284    
   272 28.27 3.12 4.21           OU538837.1   1617204   1617299 (12585940) C               Kuruka     Unspecified  (4455)    4378    4284    
  1525 35.77 1.47 1.57           OU538837.1   4809263   4810347 (9392892) C               Kuruka     Unspecified  (4255)    4578    3495    
  1531 36.45 1.39 1.48           OU538837.1   7600571   7601720 (6601519) C               Kuruka     Unspecified  (4190)    4643    3495    
   600 34.79 4.03 4.19           OU538837.1   8052000   8052620 (6150619) C               Kuruka     Unspecified  (4282)    4551    3932    
  2184 30.90 4.89 4.03           OU538837.1   8892705   8894033 (5309206) +               Kuruka     Unspecified    3437    4776  (4057)    
  2022 33.59 2.96 2.57           OU538837.1  12703438  12704754 (1498485) +               Kuruka     Unspecified    3437    4758  (4075)    
   438 34.59 2.25 2.54           OU538837.1  13335407  13335762 (867477) +               Kuruka     Unspecified    3495    3849  (4984)    
   363 35.60 5.13 4.32           OU538837.1  13335877  13336519 (866720) +               Kuruka     Unspecified    3965    4612  (4221)    
   226 25.00 0.00 0.00           OU538837.1  13463321  13463380 (739859) C               Kuruka     Unspecified  (4479)    4354    4295    
  2227 31.06 4.42 4.03           OU538837.1  13585272  13586606 (616633) C               Kuruka     Unspecified  (4057)    4776    3437    
  1978 33.75 2.96 2.57           OU538837.1  13606529  13607845 (595394) C               Kuruka     Unspecified  (4075)    4758    3437    
  1510 35.86 1.47 1.57           OU538838.1    380713    381797 (13687907) C               Kuruka     Unspecified  (4255)    4578    3495    
   620 35.55 4.94 4.47           OU538838.1   1957137   1958249 (12111455) C               Kuruka     Unspecified  (4221)    4612    3495    
   227 27.27 2.53 2.53           OU538838.1   2582309   2582387 (11487317) C               Kuruka     Unspecified  (4333)    4500    4422    
  2158 31.15 4.42 4.03           OU538838.1   6410639   6411973 (7657731) +               Kuruka     Unspecified    3437    4776  (4057)    
   261 33.11 1.28 1.28           OU538838.1   6418121   6418276 (7651428) +               Kuruka     Unspecified    2909    3064  (5769)    
   662 34.43 2.82 2.63           OU538838.1   6418953   6419483 (7650221) +               Kuruka     Unspecified    3454    3985  (4848)    
  1039 32.39 3.45 3.60           OU538838.1   6425854   6426548 (7643156) +               Kuruka     Unspecified    4068    4761  (4072)    
   454 33.82 2.53 2.82           OU538838.1   6474125   6474480 (7595224) +               Kuruka     Unspecified    3495    3849  (4984)    
   391 34.84 4.95 3.60           OU538838.1   6474862   6475245 (7594459) +               Kuruka     Unspecified    4224    4612  (4221)    
   440 34.62 4.03 4.19           OU538838.1   6555384   6556004 (7513700) C               Kuruka     Unspecified  (4282)    4551    3932    
   404 34.95 4.03 4.19           OU538838.1  11484886  11485506 (2584198) +               Kuruka     Unspecified    3932    4551  (4282)    
  2406 32.42 1.83 2.01           OU538838.1  13383885  13385033 (684671) C               Kuruka     Unspecified  (4177)    4656    3510    
   278 35.24 2.92 3.26           OU538839.1   2933253   2933560 (10996014) C               Kuruka     Unspecified  (4297)    4536    4230    
  1921 33.28 3.42 3.03           OU538839.1   3138238   3139554 (10790020) +               Kuruka     Unspecified    3437    4758  (4075)    
  1507 35.86 1.47 1.57           OU538839.1   3515321   3516405 (10413169) +               Kuruka     Unspecified    3495    4578  (4255)    
  2238 31.06 4.42 4.03           OU538839.1   4343665   4344999 (9584575) C               Kuruka     Unspecified  (4057)    4776    3437    
  2238 31.06 4.42 4.03           OU538839.1   4350907   4352241 (9577333) C               Kuruka     Unspecified  (4057)    4776    3437    
  2184 31.06 4.42 4.03           OU538839.1   6751700   6753034 (7176540) C               Kuruka     Unspecified  (4057)    4776    3437    
   338 33.48 3.03 3.03           OU538839.1   8136274   8136504 (5793070) +               Kuruka     Unspecified    3465    3695  (5138)    
  1544 36.37 1.39 1.48           OU538839.1   9097015   9098164 (4831410) +               Kuruka     Unspecified    3495    4643  (4190)    
  1510 35.86 1.47 1.57           OU538839.1   9895770   9896854 (4032720) C               Kuruka     Unspecified  (4255)    4578    3495    
  1542 36.37 1.39 1.48           OU538839.1  10691764  10692913 (3236661) +               Kuruka     Unspecified    3495    4643  (4190)    
   282 28.00 0.00 0.00           OU538839.1  11402836  11402910 (2526664) +               Kuruka     Unspecified    4280    4354  (4479)    
  1251 36.88 2.65 2.74           OU538839.1  12672145  12673315 (1256259) +               Kuruka     Unspecified    3502    4671  (4162)    
   272 28.27 3.12 4.21           OU538840.1   1131321   1131416 (10045694) C               Kuruka     Unspecified  (4455)    4378    4284    
   580 34.34 4.19 4.35           OU538840.1   1253648   1254268 (9922842) C               Kuruka     Unspecified  (4282)    4551    3932    
  2249 31.25 4.27 3.88           OU538840.1   1610032   1611366 (9565744) C               Kuruka     Unspecified  (4057)    4776    3437    
  2258 30.99 4.42 4.03           OU538840.1   2341546   2342880 (8834230) C               Kuruka     Unspecified  (4057)    4776    3437    
  2208 31.22 4.42 4.03           OU538840.1   4003634   4004968 (7172142) C               Kuruka     Unspecified  (4057)    4776    3437    
   620 35.55 4.94 4.47           OU538840.1   6119119   6120231 (5056879) +               Kuruka     Unspecified    3495    4612  (4221)    
  2194 31.30 4.42 4.03           OU538840.1   6355630   6356964 (4820146) +               Kuruka     Unspecified    3437    4776  (4057)    
   227 27.27 2.53 2.53           OU538840.1   6488173   6488251 (4688859) C               Kuruka     Unspecified  (4333)    4500    4422    
  1962 33.90 2.96 2.57           OU538840.1   6926866   6928182 (4248928) +               Kuruka     Unspecified    3437    4758  (4075)    
   672 35.02 5.03 4.56           OU538840.1   7051038   7052150 (4124960) +               Kuruka     Unspecified    3495    4612  (4221)    
  2158 31.15 4.42 4.03           OU538840.1  10332198  10333532 (843578) C               Kuruka     Unspecified  (4057)    4776    3437    
  1516 35.85 2.93 3.01           OU538840.1  10365194  10366490 (810620) C               Kuruka     Unspecified  (4073)    4760    3465    
  2083 31.67 4.35 3.81           OU538840.1  10680987  10682319 (494791) C               Kuruka     Unspecified  (4057)    4776    3437    
  2252 30.99 4.42 4.03           OU538841.1   5191299   5192633 (5932446) C               Kuruka     Unspecified  (4057)    4776    3437    
   338 33.48 3.03 3.03           OU538841.1   6510437   6510667 (4614412) C               Kuruka     Unspecified  (5138)    3695    3465    
  1544 36.37 1.39 1.48           OU538841.1   7163837   7164986 (3960093) C               Kuruka     Unspecified  (4190)    4643    3495    
  1483 35.93 2.93 3.09           OU538841.1   8733457   8734754 (2390325) +               Kuruka     Unspecified    3465    4760  (4073)    
  1740 34.77 2.84 2.45           OU538841.1   9986538   9987840 (1137239) +               Kuruka     Unspecified    3454    4761  (4072)    
   225 27.34 6.12 2.97           OU538842.1   1636620   1636717 (8801870) C               Kuruka     Unspecified  (4508)    4325    4225    
  2182 31.15 4.42 4.03           OU538842.1   6964614   6965948 (3472639) +               Kuruka     Unspecified    3437    4776  (4057)    
  2182 31.37 4.42 4.03           OU538842.1   8785700   8787034 (1651553) +               Kuruka     Unspecified    3437    4776  (4057)    
   355 30.68 1.67 2.23           OU538843.1   2045401   2045580 (8155417) C               Kuruka     Unspecified  (4455)    4378    4200    
  1563 36.28 1.39 1.48           OU538843.1   6629754   6630903 (3570094) +               Kuruka     Unspecified    3495    4643  (4190)    
   620 35.55 4.94 4.47           OU538844.1   1318961   1320073 (6542079) C               Kuruka     Unspecified  (4221)    4612    3495    
  2185 31.30 4.42 4.03           OU538844.1   5895773   5897107 (1965045) +               Kuruka     Unspecified    3437    4776  (4057)    
  2207 31.22 4.42 4.03           OU538844.1   5977134   5978468 (1883684) C               Kuruka     Unspecified  (4057)    4776    3437    
  1801 34.91 2.29 2.45           OU538844.1   6760621   6761930 (1100222) C               Kuruka     Unspecified  (4072)    4761    3454    
   272 33.11 1.28 1.28           OU538844.1   6762607   6762762 (1099390) C               Kuruka     Unspecified  (5769)    3064    2909    
  1240 36.96 2.65 2.74           OU538844.1   7406723   7407893 (454259) C               Kuruka     Unspecified  (4162)    4671    3502    
  1988 33.75 2.96 2.57           OU538845.1   5685612   5686928 (1744158) +               Kuruka     Unspecified    3437    4758  (4075)    
   665 35.11 5.03 4.56           OU538845.1   7094479   7095591 (335495) +               Kuruka     Unspecified    3495    4612  (4221)    
   309 31.36 4.76 4.76           OU538847.1     95496     95726 (16804553) C               Kuruka     Unspecified  (5138)    3695    3465    
  2206 31.22 4.42 4.03           OU538847.1    752879    754213 (16146066) +               Kuruka     Unspecified    3437    4776  (4057)    
  1525 35.77 1.47 1.57           OU538847.1   1306848   1307932 (15592347) +               Kuruka     Unspecified    3495    4578  (4255)    
   438 34.59 2.25 2.54           OU538847.1   1435610   1435965 (15464314) +               Kuruka     Unspecified    3495    3849  (4984)    
   363 35.60 5.13 4.32           OU538847.1   1436080   1436722 (15463557) +               Kuruka     Unspecified    3965    4612  (4221)    
  1971 33.82 2.96 2.57           OU538847.1   3057206   3058522 (13841757) +               Kuruka     Unspecified    3437    4758  (4075)    
  1510 35.86 1.47 1.57           OU538847.1   4488711   4489795 (12410484) +               Kuruka     Unspecified    3495    4578  (4255)    
  1525 35.77 1.47 1.57           OU538847.1   5492167   5493251 (11407028) +               Kuruka     Unspecified    3495    4578  (4255)    
   265 36.15 1.83 2.30           OU538847.1   7408116   7408333 (9491946) +               Kuruka     Unspecified    4230    4446  (4387)    
   438 34.59 2.25 2.54           OU538847.1   9692212   9692567 (7207712) +               Kuruka     Unspecified    3495    3849  (4984)    
   363 35.60 5.13 4.32           OU538847.1   9692682   9693324 (7206955) +               Kuruka     Unspecified    3965    4612  (4221)    
  1944 33.98 2.96 2.57           OU538847.1  10613259  10614575 (6285704) C               Kuruka     Unspecified  (4075)    4758    3437    
  1560 36.28 1.39 1.48           OU538847.1  10632830  10633979 (6266300) C               Kuruka     Unspecified  (4190)    4643    3495    
  2238 31.06 4.42 4.03           OU538847.1  11836171  11837505 (5062774) C               Kuruka     Unspecified  (4057)    4776    3437    
   379 35.39 2.79 3.20           OU538847.1  11936598  11936848 (4963431) +               Kuruka     Unspecified    4287    4536  (4297)    
  1989 33.75 2.96 2.57           OU538847.1  12096921  12098237 (4802042) +               Kuruka     Unspecified    3437    4758  (4075)    
   600 34.79 4.03 4.19           OU538847.1  13491022  13491642 (3408637) C               Kuruka     Unspecified  (4282)    4551    3932    
   275 33.48 3.77 4.17           OU538847.1  15593168  15593432 (1306847) +               Kuruka     Unspecified    4273    4536  (4297)    
  1938 33.67 2.96 2.57           OU538847.1  16162517  16163833 (736446) +               Kuruka     Unspecified    3437    4758  (4075)    
   257 28.80 6.34 7.09           OU538847.1  16266117  16266258 (634021) +               Kuruka     Unspecified    4294    4434  (4399)    
   297 33.81 0.70 0.70           OU538847.1  16800304  16800446  (99833) C               Kuruka     Unspecified  (4297)    4536    4394    
   665 34.68 5.39 4.92           OU538847.1  16818511  16819623  (80656) +               Kuruka     Unspecified    3495    4612  (4221)    
  1559 36.28 1.39 1.48           OU538848.1   1627520   1628669 (8475843) C               Kuruka     Unspecified  (4190)    4643    3495    
   338 33.48 3.03 3.03           OU538848.1   2405455   2405685 (7698827) +               Kuruka     Unspecified    3465    3695  (5138)    
  2210 31.61 4.19 3.81           OU538848.1   2489484   2490818 (7613694) +               Kuruka     Unspecified    3437    4776  (4057)    
  2197 31.56 4.27 3.88           OU538848.1   4933316   4934650 (5169862) C               Kuruka     Unspecified  (4057)    4776    3437    
   385 35.60 5.13 4.32           OU538848.1   5471451   5472093 (4632419) C               Kuruka     Unspecified  (4221)    4612    3965    
   397 33.33 2.94 2.94           OU538848.1   5474521   5474792 (4629720) C               Kuruka     Unspecified  (5067)    3766    3495    
  1544 36.37 1.39 1.48           OU538848.1   5504894   5506043 (4598469) +               Kuruka     Unspecified    3495    4643  (4190)    
  1537 35.85 2.93 3.01           OU538848.1   9277399   9278695 (825817) C               Kuruka     Unspecified  (4073)    4760    3465    
