  278 33.96  1.23  1.86            OX577845.1  2795573  2795734 (17674470)  +          Kuruka  Unspecified (17674470)  2795573  2795734
  251 29.48  6.49  6.49            OX577845.1  4212947  4213131 (16257073)  +          Kuruka  Unspecified (16257073)  4212947  4213131
  248 26.96  2.73  5.61            OX577845.1 14105671 14105780 (6364424)  +          Kuruka  Unspecified (6364424) 14105671 14105780
  254 37.72  1.13  1.13            OX577845.1 16362604 16362780 (4107424)  +          Kuruka  Unspecified (4107424) 16362604 16362780
  271 35.72  5.04  1.21            OX577845.1 16774548 16774785 (3695419)  +          Kuruka  Unspecified (3695419) 16774548 16774785
  289 33.96  1.23  1.86            OX577845.1 19960270 19960431 (509773)  +          Kuruka  Unspecified (509773) 19960270 19960431
  289 33.96  1.23  1.86            OX577845.1  2693901  2694062 (17776142)  C          Kuruka  Unspecified (17776142)  2693901  2694062
 2091 35.21  1.83  1.66            OX577845.1  7354728  7355931 (13114273)  C          Kuruka  Unspecified (13114273)  7354728  7355931
  341 35.90  0.81  3.77            OX577845.1  7676394  7676639 (12793565)  C          Kuruka  Unspecified (12793565)  7676394  7676639
  256 23.73  0.00  0.00            OX577845.1  9954835  9954893 (10515311)  C          Kuruka  Unspecified (10515311)  9954835  9954893
  262 27.67  3.08  5.51            OX577845.1 13025525 13025654 (7444550)  C          Kuruka  Unspecified (7444550) 13025525 13025654
 2348 33.07  2.91  2.83            OX577845.1 13131001 13132270 (7337934)  C          Kuruka  Unspecified (7337934) 13131001 13132270
 2106 32.62  3.23  3.23            OX577845.1 13296920 13298281 (7171923)  C          Kuruka  Unspecified (7171923) 13296920 13298281
  256 23.73  0.00  0.00            OX577845.1 17903480 17903538 (2566666)  C          Kuruka  Unspecified (2566666) 17903480 17903538
  322 35.03  2.72  2.72            OX577846.1  4349699  4350847 (11788528)  +          Kuruka  Unspecified (11788528)  4349699  4350847
  544 36.19  4.46  4.03            OX577846.1  4773796  4774512 (11364008)  +          Kuruka  Unspecified (11364008)  4773796  4774512
 1046 35.64  2.67  2.67            OX577846.1  9275848  9276559 (6861961)  +          Kuruka  Unspecified (6861961)  9275848  9276559
  807 32.88  2.92  1.57            OX577846.1  9284319  9284695 (6853825)  +          Kuruka  Unspecified (6853825)  9284319  9284695
  368 34.34  2.72  2.72            OX577846.1 12710355 12711503 (3427872)  +          Kuruka  Unspecified (3427872) 12710355 12711503
  296 37.36  1.53  1.92            OX577846.1 13274228 13274489 (2864031)  +          Kuruka  Unspecified (2864031) 13274228 13274489
 2013 34.01  1.99  2.16            OX577846.1 14416520 14417724 (1720796)  +          Kuruka  Unspecified (1720796) 14416520 14417724
  525 32.09  4.19  0.00            OX577846.1 15429627 15429841 (708679)  +          Kuruka  Unspecified (708679) 15429627 15429841
  354 35.47  2.72  2.72            OX577846.1 15457144 15458292 (681083)  +          Kuruka  Unspecified (681083) 15457144 15458292
  414 30.01  1.32  1.32            OX577846.1 15482739 15482890 (655630)  +          Kuruka  Unspecified (655630) 15482739 15482890
 2592 31.73  3.16  2.77            OX577846.1 15748297 15749625 (388895)  +          Kuruka  Unspecified (388895) 15748297 15749625
  332 36.49  5.26  4.00            OX577846.1 15838779 15839443 (299495)  +          Kuruka  Unspecified (299495) 15838779 15839443
  739 35.84  2.60  2.74            OX577846.1  3044162  3045344 (13093628)  C          Kuruka  Unspecified (13093628)  3044162  3045344
  228 29.31  0.00  0.00            OX577846.1  3226238  3226295 (12912225)  C          Kuruka  Unspecified (12912225)  3226238  3226295
  232 23.53  0.00  0.00            OX577846.1  3226702  3226752 (12911768)  C          Kuruka  Unspecified (12911768)  3226702  3226752
  308 15.69  0.00  0.00            OX577846.1  4147626  4147676 (11990844)  C          Kuruka  Unspecified (11990844)  4147626  4147676
  236 27.38  3.57  5.45            OX577846.1  4357607  4357718 (11780802)  C          Kuruka  Unspecified (11780802)  4357607  4357718
  751 35.10  3.30  3.44            OX577846.1  8336795  8337943 (7801028)  C          Kuruka  Unspecified (7801028)  8336795  8337943
  414 30.01  1.32  1.32            OX577846.1  9307403  9307554 (6830966)  C          Kuruka  Unspecified (6830966)  9307403  9307554
 2043 33.84  1.99  2.16            OX577846.1 10719104 10720308 (5418212)  C          Kuruka  Unspecified (5418212) 10719104 10720308
  531 35.77  4.20  3.68            OX577846.1 11389478 11390072 (4748448)  C          Kuruka  Unspecified (4748448) 11389478 11390072
  273 32.18  1.18  6.21            OX577847.1    97488    97656 (16020218)  +          Kuruka  Unspecified (16020218)    97488    97656
  418 30.44  1.82  2.44            OX577847.1   395030   395194 (15722680)  +          Kuruka  Unspecified (15722680)   395030   395194
  296 34.88  2.22  3.14            OX577847.1  1886919  1887143 (14230731)  +          Kuruka  Unspecified (14230731)  1886919  1887143
 2264 32.22  3.16  3.16            OX577847.1  2769683  2771044 (13346830)  +          Kuruka  Unspecified (13346830)  2769683  2771044
 2521 32.14  3.01  2.62            OX577847.1  3247947  3249275 (12868599)  +          Kuruka  Unspecified (12868599)  3247947  3249275
  610 36.14  4.32  3.89            OX577847.1  4373506  4374222 (11743652)  +          Kuruka  Unspecified (11743652)  4373506  4374222
  340 34.41  2.22  3.14            OX577847.1  7287264  7287488 (8830386)  +          Kuruka  Unspecified (8830386)  7287264  7287488
 1954 33.23  2.61  3.19            OX577847.1  7524881  7526142 (8591732)  +          Kuruka  Unspecified (8591732)  7524881  7526142
  338 34.75  0.00  0.00            OX577847.1  8257836  8257976 (7859898)  +          Kuruka  Unspecified (7859898)  8257836  8257976
  254 29.17  0.00  3.88            OX577847.1  7325791  7325897 (8791977)  C          Kuruka  Unspecified (8791977)  7325791  7325897
  335 33.92  3.01  3.36            OX577848.1  1689531  1689829 (14163129)  +          Kuruka  Unspecified (14163129)  1689531  1689829
  414 30.01  1.32  1.32            OX577848.1  2027716  2027867 (13825091)  +          Kuruka  Unspecified (13825091)  2027716  2027867
 2055 33.76  1.99  2.16            OX577848.1  2464192  2465396 (13387562)  +          Kuruka  Unspecified (13387562)  2464192  2465396
  255 28.57  6.12  0.00            OX577848.1  6229296  6229393 (9623565)  +          Kuruka  Unspecified (9623565)  6229296  6229393
 2195 36.14  1.40  1.48            OX577848.1  7821452  7822740 (8030218)  +          Kuruka  Unspecified (8030218)  7821452  7822740
  380 32.91  2.83  2.83            OX577848.1  8725376  8725622 (7127336)  +          Kuruka  Unspecified (7127336)  8725376  8725622
  257 19.67  1.61  1.61            OX577848.1 10452801 10452862 (5400096)  +          Kuruka  Unspecified (5400096) 10452801 10452862
  230 23.53  0.00  0.00            OX577848.1 13478377 13478427 (2374531)  +          Kuruka  Unspecified (2374531) 13478377 13478427
  228 32.91  0.00  0.00            OX577848.1 13478834 13479242 (2374067)  +          Kuruka  Unspecified (2374067) 13478834 13479242
  721 35.10  3.28  3.42            OX577848.1  2157683  2158865 (13694545)  C          Kuruka  Unspecified (13694545)  2157683  2158865
 2296 33.00  2.03  1.58            OX577848.1  2360487  2361619 (13491339)  C          Kuruka  Unspecified (13491339)  2360487  2361619
  300 36.86  0.98  0.98            OX577848.1  4778495  4779159 (11074159)  C          Kuruka  Unspecified (11074159)  4778495  4779159
  602 36.14  4.32  3.89            OX577848.1  9023203  9023919 (6829039)  C          Kuruka  Unspecified (6829039)  9023203  9023919
  315 34.26  3.01  3.36            OX577848.1 13763396 13763694 (2089264)  C          Kuruka  Unspecified (2089264) 13763396 13763694
 2294 33.51  1.52  1.61            OX577849.1  3586148  3587330 (12200591)  +          Kuruka  Unspecified (12200591)  3586148  3587330
 2044 33.42  2.57  3.14            OX577849.1  5756393  5757674 (10030247)  +          Kuruka  Unspecified (10030247)  5756393  5757674
  260 36.81  1.09  1.09            OX577849.1  7044633  7044816 (8743105)  +          Kuruka  Unspecified (8743105)  7044633  7044816
  376 34.89  2.72  2.72            OX577849.1  9462369  9463517 (6325259)  +          Kuruka  Unspecified (6325259)  9462369  9463517
 2047 33.42  2.57  3.14            OX577849.1 13673373 13674654 (2113267)  +          Kuruka  Unspecified (2113267) 13673373 13674654
  308 15.69  0.00  0.00            OX577849.1 13934655 13934705 (1853216)  +          Kuruka  Unspecified (1853216) 13934655 13934705
  260 36.81  1.09  1.09            OX577849.1 14473403 14473586 (1314335)  +          Kuruka  Unspecified (1314335) 14473403 14473586
  296 37.36  1.53  1.92            OX577849.1  4430600  4430861 (11357060)  C          Kuruka  Unspecified (11357060)  4430600  4430861
  380 32.91  2.83  2.83            OX577849.1  4794224  4794470 (10993451)  C          Kuruka  Unspecified (10993451)  4794224  4794470
  760 35.00  3.30  3.44            OX577849.1  7517583  7518731 (8269641)  C          Kuruka  Unspecified (8269641)  7517583  7518731
  228 25.49  0.00  0.00            OX577849.1  8263356  8263406 (7524515)  C          Kuruka  Unspecified (7524515)  8263356  8263406
  247 28.49  3.08  5.51            OX577849.1  9838482  9838611 (5949310)  C          Kuruka  Unspecified (5949310)  9838482  9838611
  561 36.14  4.32  4.03            OX577850.1  4180635  4181352 (11164294)  +          Kuruka  Unspecified (11164294)  4180635  4181352
  341 35.90  0.81  3.77            OX577850.1 11517982 11518227 (3827419)  +          Kuruka  Unspecified (3827419) 11517982 11518227
  345 33.78  2.72  2.72            OX577850.1 13199221 13200210 (2146132)  +          Kuruka  Unspecified (2146132) 13199221 13200210
  309 38.24  2.23  2.56            OX577850.1 13917631 13917944 (1427702)  +          Kuruka  Unspecified (1427702) 13917631 13917944
  341 35.90  0.81  3.77            OX577850.1 14758575 14758820 (586826)  +          Kuruka  Unspecified (586826) 14758575 14758820
  541 31.63  4.19  0.00            OX577850.1  1446658  1446872 (13898774)  C          Kuruka  Unspecified (13898774)  1446658  1446872
  264 29.81  5.77  0.00            OX577850.1  1743140  1743243 (13602403)  C          Kuruka  Unspecified (13602403)  1743140  1743243
  289 33.96  1.23  1.86            OX577850.1  2002892  2003053 (13342593)  C          Kuruka  Unspecified (13342593)  2002892  2003053
  587 35.87  3.53  3.01            OX577850.1  7775150  7775744 (7569902)  C          Kuruka  Unspecified (7569902)  7775150  7775744
  254 21.15  0.00  0.00            OX577850.1 10732431 10732482 (4613164)  C          Kuruka  Unspecified (4613164) 10732431 10732482
  299 38.24  2.23  2.56            OX577850.1 13038931 13039244 (2306402)  C          Kuruka  Unspecified (2306402) 13038931 13039244
  296 37.36  1.53  1.92            OX577851.1  4166405  4166666 (11091828)  +          Kuruka  Unspecified (11091828)  4166405  4166666
 2320 33.42  1.52  1.61            OX577851.1  5111095  5112277 (10146217)  +          Kuruka  Unspecified (10146217)  5111095  5112277
  317 39.41  0.98  0.98            OX577851.1 11266516 11266820 (3991674)  +          Kuruka  Unspecified (3991674) 11266516 11266820
  235 23.53  0.00  0.00            OX577851.1 13062930 13062980 (2195514)  +          Kuruka  Unspecified (2195514) 13062930 13062980
  231 35.67  0.00  0.00            OX577851.1 13063387 13063795 (2195050)  +          Kuruka  Unspecified (2195050) 13063387 13063795
  379 32.91  2.83  2.83            OX577851.1 13245256 13245502 (2012992)  +          Kuruka  Unspecified (2012992) 13245256 13245502
  802 34.58  3.30  3.44            OX577851.1   350387   351535 (14907410)  C          Kuruka  Unspecified (14907410)   350387   351535
  281 35.56  1.35  1.35            OX577851.1   898943   899523 (14359329)  C          Kuruka  Unspecified (14359329)   898943   899523
  398 33.74  3.52  3.92            OX577851.1  3435600  3435855 (11822639)  C          Kuruka  Unspecified (11822639)  3435600  3435855
  524 32.09  4.19  0.00            OX577851.1  4937877  4938091 (10320403)  C          Kuruka  Unspecified (10320403)  4937877  4938091
 2347 33.34  1.52  1.61            OX577851.1 10940125 10941307 (4317187)  C          Kuruka  Unspecified (4317187) 10940125 10941307
 1498 33.98  1.54  1.90            OX577851.1 11006811 11007656 (4250838)  C          Kuruka  Unspecified (4250838) 11006811 11007656
 1699 35.21  3.01  2.56            OX577851.1 11619373 11620500 (3637994)  C          Kuruka  Unspecified (3637994) 11619373 11620500
  315 34.26  3.01  3.36            OX577851.1 12335511 12335809 (2922685)  C          Kuruka  Unspecified (2922685) 12335511 12335809
  404 30.20  1.32  1.32            OX577851.1 13319399 13319549 (1938945)  C          Kuruka  Unspecified (1938945) 13319399 13319549
  386 34.76  3.35  3.73            OX577851.1 13423124 13423392 (1835102)  C          Kuruka  Unspecified (1835102) 13423124 13423392
  296 37.36  1.53  1.92            OX577851.1 14545169 14545430 (713064)  C          Kuruka  Unspecified (713064) 14545169 14545430
  292 33.96  1.23  1.86            OX577852.1   174467   174628 (14902006)  +          Kuruka  Unspecified (14902006)   174467   174628
  264 29.81  5.77  0.00            OX577852.1   611063   611166 (14465468)  +          Kuruka  Unspecified (14465468)   611063   611166
  257 19.67  1.61  1.61            OX577852.1  2971194  2971255 (12105379)  +          Kuruka  Unspecified (12105379)  2971194  2971255
  233 27.27  0.00  0.00            OX577852.1  8717912  8717977 (6358657)  +          Kuruka  Unspecified (6358657)  8717912  8717977
  292 35.79  2.22  3.14            OX577852.1 11392129 11392353 (3684281)  +          Kuruka  Unspecified (3684281) 11392129 11392353
  434 35.29  0.78  1.17            OX577852.1 13489642 13489899 (1586735)  +          Kuruka  Unspecified (1586735) 13489642 13489899
  784 34.89  3.30  3.44            OX577852.1   844381   845529 (14231556)  C          Kuruka  Unspecified (14231556)   844381   845529
 1998 33.06  2.61  3.19            OX577852.1  1768192  1769453 (13307181)  C          Kuruka  Unspecified (13307181)  1768192  1769453
  261 28.59  5.37  6.08            OX577852.1  5262212  5262360 (9814274)  C          Kuruka  Unspecified (9814274)  5262212  5262360
  745 34.38  0.28  0.28            OX577852.1  8247638  8247990 (6828644)  C          Kuruka  Unspecified (6828644)  8247638  8247990
  493 32.03  0.43  5.00            OX577852.1 11565025 11565254 (3511380)  C          Kuruka  Unspecified (3511380) 11565025 11565254
 2059 33.76  1.99  2.16            OX577852.1 14202380 14203584 (873050)  C          Kuruka  Unspecified (873050) 14202380 14203584
  274 34.59  1.23  1.86            OX577853.1  1823673  1823834 (13090082)  +          Kuruka  Unspecified (13090082)  1823673  1823834
  264 37.72  1.13  1.13            OX577853.1  2001913  2002089 (12911827)  +          Kuruka  Unspecified (12911827)  2001913  2002089
 1667 34.76  3.28  2.82            OX577853.1  3112014  3113141 (11800775)  +          Kuruka  Unspecified (11800775)  3112014  3113141
 1998 33.06  2.61  3.19            OX577853.1  3287146  3288407 (11625509)  +          Kuruka  Unspecified (11625509)  3287146  3288407
  264 27.51  3.62  5.15            OX577853.1  3599068  3599205 (11314711)  +          Kuruka  Unspecified (11314711)  3599068  3599205
 1088 36.72  2.75  2.84            OX577853.1  4487189  4488351 (10425565)  +          Kuruka  Unspecified (10425565)  4487189  4488351
  315 34.26  3.01  3.36            OX577853.1 10266929 10267227 (4646689)  +          Kuruka  Unspecified (4646689) 10266929 10267227
  291 15.69  0.00  0.00            OX577853.1 10650129 10650179 (4263737)  +          Kuruka  Unspecified (4263737) 10650129 10650179
  279 27.38 12.50  2.16            OX577853.1 10834735 10834902 (4079014)  +          Kuruka  Unspecified (4079014) 10834735 10834902
 1764 34.21  2.60  2.20            OX577853.1 10836031 10837297 (4076619)  +          Kuruka  Unspecified (4076619) 10836031 10837297
 1993 33.06  2.61  3.19            OX577853.1 14026735 14027996 (885920)  +          Kuruka  Unspecified (885920) 14026735 14027996
  310 33.74  3.52  3.92            OX577853.1 14786941 14787196 (126720)  +          Kuruka  Unspecified (126720) 14786941 14787196
 2409 32.93  2.75  2.83            OX577853.1  5682395  5683666 (9230250)  C          Kuruka  Unspecified (9230250)  5682395  5683666
  535 32.35  5.64  2.12            OX577853.1  8055033  8055351 (6858565)  C          Kuruka  Unspecified (6858565)  8055033  8055351
  234 23.21  0.00  0.00            OX577853.1 10127963 10128018 (4785898)  C          Kuruka  Unspecified (4785898) 10127963 10128018
  541 31.63  4.19  0.00            OX577853.1 11967570 11967784 (2946132)  C          Kuruka  Unspecified (2946132) 11967570 11967784
  289 33.96  1.23  1.86            OX577854.1  3154156  3154317 (11591856)  +          Kuruka  Unspecified (11591856)  3154156  3154317
 1269 35.07  1.21  1.62            OX577854.1  4627711  4628455 (10117718)  +          Kuruka  Unspecified (10117718)  4627711  4628455
 2364 32.93  2.75  2.83            OX577854.1  8540249  8541520 (6204653)  +          Kuruka  Unspecified (6204653)  8540249  8541520
  228 27.94  0.00  0.00            OX577854.1 14246352 14246419 (499754)  +          Kuruka  Unspecified (499754) 14246352 14246419
  769 35.30  2.60  2.74            OX577854.1  1221760  1222921 (13523683)  C          Kuruka  Unspecified (13523683)  1221760  1222921
 2299 33.51  1.52  1.61            OX577854.1  2951353  2952535 (11793638)  C          Kuruka  Unspecified (11793638)  2951353  2952535
  274 34.59  1.23  1.86            OX577854.1  4224866  4225027 (10521146)  C          Kuruka  Unspecified (10521146)  4224866  4225027
 2046 33.84  1.99  2.16            OX577854.1  6231466  6232670 (8513503)  C          Kuruka  Unspecified (8513503)  6231466  6232670
 2307 33.51  1.52  1.61            OX577854.1  7270647  7271829 (7474344)  C          Kuruka  Unspecified (7474344)  7270647  7271829
 2469 32.33  2.86  2.47            OX577854.1  7749736  7751064 (6995109)  C          Kuruka  Unspecified (6995109)  7749736  7751064
  990 37.07  2.49  2.58            OX577854.1 10610468 10611630 (4134543)  C          Kuruka  Unspecified (4134543) 10610468 10611630
  236 30.86  0.00  0.00            OX577854.1 12507397 12507477 (2238696)  C          Kuruka  Unspecified (2238696) 12507397 12507477
 1098 37.33  2.24  2.32            OX577854.1 12517162 12518324 (2227849)  C          Kuruka  Unspecified (2227849) 12517162 12518324
 2239 33.51  1.52  1.61            OX577855.1   409418   410600 (14316072)  +          Kuruka  Unspecified (14316072)   409418   410600
 2239 33.51  1.52  1.61            OX577855.1   528261   529443 (14197229)  +          Kuruka  Unspecified (14197229)   528261   529443
  317 39.41  0.98  0.98            OX577855.1  2659516  2659820 (12066852)  +          Kuruka  Unspecified (12066852)  2659516  2659820
  286 34.60  3.01  3.36            OX577855.1  2711795  2712093 (12014579)  +          Kuruka  Unspecified (12014579)  2711795  2712093
 1083 36.30  3.01  3.10            OX577855.1  5213704  5214866 (9511806)  +          Kuruka  Unspecified (9511806)  5213704  5214866
  305 35.33  2.22  3.14            OX577855.1  6548288  6548512 (8178160)  +          Kuruka  Unspecified (8178160)  6548288  6548512
 2311 33.51  1.52  1.61            OX577855.1  9650075  9651257 (5075415)  +          Kuruka  Unspecified (5075415)  9650075  9651257
  234 23.21  0.00  0.00            OX577855.1 10047655 10047710 (4678962)  +          Kuruka  Unspecified (4678962) 10047655 10047710
  585 36.09  4.40  3.96            OX577855.1 14128818 14129521 (597151)  +          Kuruka  Unspecified (597151) 14128818 14129521
 2043 33.84  1.99  2.16            OX577855.1  2990315  2991519 (11735153)  C          Kuruka  Unspecified (11735153)  2990315  2991519
  350 32.92  2.82  3.24            OX577855.1  5872400  5872647 (8854025)  C          Kuruka  Unspecified (8854025)  5872400  5872647
  249 38.28  1.13  1.13            OX577855.1  8657002  8657178 (6069494)  C          Kuruka  Unspecified (6069494)  8657002  8657178
 1098 37.09  2.32  2.41            OX577855.1 11892464 11893626 (2833046)  C          Kuruka  Unspecified (2833046) 11892464 11893626
  270 35.80  4.83  2.97            OX577855.1 12951103 12951433 (1775239)  C          Kuruka  Unspecified (1775239) 12951103 12951433
  289 33.96  1.23  1.86            OX577856.1   552653   552814 (14076496)  +          Kuruka  Unspecified (14076496)   552653   552814
 2044 33.42  2.57  3.14            OX577856.1   613969   615250 (14014060)  +          Kuruka  Unspecified (14014060)   613969   615250
  392 32.50  2.83  2.83            OX577856.1  2015599  2015845 (12613465)  +          Kuruka  Unspecified (12613465)  2015599  2015845
  443 35.63  1.44  1.44            OX577856.1  2434957  2436139 (12194076)  +          Kuruka  Unspecified (12194076)  2434957  2436139
  279 27.38 12.50  2.16            OX577856.1  4922143  4922310 (9707000)  +          Kuruka  Unspecified (9707000)  4922143  4922310
 1764 34.21  2.60  2.20            OX577856.1  4923439  4924705 (9704605)  +          Kuruka  Unspecified (9704605)  4923439  4924705
 2073 33.68  1.99  2.16            OX577856.1   379492   380696 (14248614)  C          Kuruka  Unspecified (14248614)   379492   380696
  350 34.77  3.32  4.48            OX577856.1   478402   478672 (14150638)  C          Kuruka  Unspecified (14150638)   478402   478672
 1018 36.89  2.49  2.58            OX577856.1  3359742  3360904 (11268406)  C          Kuruka  Unspecified (11268406)  3359742  3360904
  257 30.70  2.63  0.00            OX577856.1  6392698  6392811 (8236499)  C          Kuruka  Unspecified (8236499)  6392698  6392811
 1485 34.49  3.27  3.36            OX577856.1 10558060 10559160 (4070150)  C          Kuruka  Unspecified (4070150) 10558060 10559160
  306 27.27  2.25  1.11            OX577856.1 14475385 14475473 (153837)  C          Kuruka  Unspecified (153837) 14475385 14475473
  350 33.33  2.83  2.83            OX577857.1   625693   625939 (13858307)  +          Kuruka  Unspecified (13858307)   625693   625939
  414 30.01  1.32  1.32            OX577857.1  6845310  6845461 (7638785)  +          Kuruka  Unspecified (7638785)  6845310  6845461
  298 34.13  1.90  1.42            OX577857.1  6845667  6845877 (7638369)  +          Kuruka  Unspecified (7638369)  6845667  6845877
  335 34.93  0.00  0.00            OX577857.1 13573987 13574132 (910114)  +          Kuruka  Unspecified (910114) 13573987 13574132
  335 34.93  0.00  0.00            OX577857.1 13592914 13593059 (891187)  +          Kuruka  Unspecified (891187) 13592914 13593059
  461 32.40  0.00  0.00            OX577857.1 14342519 14342697 (141549)  +          Kuruka  Unspecified (141549) 14342519 14342697
 1125 37.54  1.63  1.72            OX577857.1  5253551  5254713 (9229533)  C          Kuruka  Unspecified (9229533)  5253551  5254713
  802 34.58  3.30  3.44            OX577857.1  5308951  5310099 (9174598)  C          Kuruka  Unspecified (9174598)  5308951  5310099
 2404 32.77  2.75  2.83            OX577857.1 10272744 10274015 (4210231)  C          Kuruka  Unspecified (4210231) 10272744 10274015
  536 34.40  4.07  3.33            OX577857.1 13960019 13960436 (523810)  C          Kuruka  Unspecified (523810) 13960019 13960436
  246 30.29  0.89  2.73            OX577858.1   139567   139678 (14302037)  +          Kuruka  Unspecified (14302037)   139567   139678
  277 36.33  3.60  3.97            OX577858.1  4952233  4952510 (9489205)  +          Kuruka  Unspecified (9489205)  4952233  4952510
 2482 32.22  3.01  2.62            OX577858.1  5260353  5261681 (9180034)  +          Kuruka  Unspecified (9180034)  5260353  5261681
  419 35.29  0.78  1.17            OX577858.1  6746985  6747242 (7694473)  +          Kuruka  Unspecified (7694473)  6746985  6747242
  296 37.36  1.53  1.92            OX577858.1 13215911 13216172 (1225543)  +          Kuruka  Unspecified (1225543) 13215911 13216172
  230 34.48  0.00  0.00            OX577858.1 14321809 14321895 (119820)  +          Kuruka  Unspecified (119820) 14321809 14321895
  263 21.15  0.00  0.00            OX577858.1 14331231 14331282 (110433)  +          Kuruka  Unspecified (110433) 14331231 14331282
  738 35.46  2.56  3.59            OX577858.1  5297353  5298507 (9143659)  C          Kuruka  Unspecified (9143659)  5297353  5298507
  250 35.67  1.65  3.36            OX577858.1  8881525  8881932 (5559949)  C          Kuruka  Unspecified (5559949)  8881525  8881932
  235 23.53  0.00  0.00            OX577858.1  8882339  8882389 (5559326)  C          Kuruka  Unspecified (5559326)  8882339  8882389
 1965 33.93  1.99  2.16            OX577858.1  9031265  9032469 (5409246)  C          Kuruka  Unspecified (5409246)  9031265  9032469
  255 28.57  6.12  0.00            OX577858.1  9769409  9769506 (4672209)  C          Kuruka  Unspecified (4672209)  9769409  9769506
 1690 34.58  3.55  3.09            OX577859.1  1392004  1393131 (12736053)  +          Kuruka  Unspecified (12736053)  1392004  1393131
  265 35.48  1.00  1.00            OX577859.1  2412363  2413427 (11716522)  +          Kuruka  Unspecified (11716522)  2412363  2413427
  289 33.96  1.23  1.86            OX577859.1  5352793  5352954 (8776230)  +          Kuruka  Unspecified (8776230)  5352793  5352954
 2301 33.51  1.52  1.61            OX577859.1  7163511  7164693 (6964491)  +          Kuruka  Unspecified (6964491)  7163511  7164693
  296 37.36  1.53  1.92            OX577859.1  8963595  8963856 (5165328)  +          Kuruka  Unspecified (5165328)  8963595  8963856
  270 25.77  6.19  0.00            OX577859.1   634466   634562 (13494622)  C          Kuruka  Unspecified (13494622)   634466   634562
 2360 32.93  2.75  2.83            OX577859.1   707279   708550 (13420634)  C          Kuruka  Unspecified (13420634)   707279   708550
  239 36.84  0.00  0.00            OX577859.1  1457371  1457465 (12671719)  C          Kuruka  Unspecified (12671719)  1457371  1457465
  434 35.29  0.78  1.17            OX577859.1  4984102  4984359 (9144825)  C          Kuruka  Unspecified (9144825)  4984102  4984359
 1721 34.39  3.81  3.35            OX577859.1  9531412  9532539 (4596645)  C          Kuruka  Unspecified (4596645)  9531412  9532539
  768 34.79  3.30  3.44            OX577859.1 12105318 12106466 (2023169)  C          Kuruka  Unspecified (2023169) 12105318 12106466
 1996 33.06  2.61  3.19            OX577860.1  1459743  1461004 (12641609)  +          Kuruka  Unspecified (12641609)  1459743  1461004
  252 29.48  6.49  6.49            OX577860.1  2420733  2420917 (11681696)  +          Kuruka  Unspecified (11681696)  2420733  2420917
  378 34.00  2.72  2.72            OX577860.1  3580613  3581275 (10521707)  +          Kuruka  Unspecified (10521707)  3580613  3581275
  469 36.44  2.38  2.63            OX577860.1  3581613  3582032 (10520581)  +          Kuruka  Unspecified (10520581)  3581613  3582032
  341 35.90  0.81  3.77            OX577860.1  4706600  4706845 (9395768)  +          Kuruka  Unspecified (9395768)  4706600  4706845
 2010 33.93  1.99  2.16            OX577860.1  5888858  5890062 (8212551)  +          Kuruka  Unspecified (8212551)  5888858  5890062
  434 35.29  0.78  1.17            OX577860.1  6688785  6689042 (7413571)  +          Kuruka  Unspecified (7413571)  6688785  6689042
 1113 37.00  2.32  2.41            OX577860.1  6862536  6863698 (7238915)  +          Kuruka  Unspecified (7238915)  6862536  6863698
  985 36.98  2.49  2.58            OX577860.1  9505959  9507121 (4595492)  +          Kuruka  Unspecified (4595492)  9505959  9507121
  533 31.63  4.19  0.00            OX577860.1 10568550 10568764 (3533849)  +          Kuruka  Unspecified (3533849) 10568550 10568764
  319 33.04  3.56  4.48            OX577860.1 11747402 11747626 (2354987)  +          Kuruka  Unspecified (2354987) 11747402 11747626
 2328 33.51  1.52  1.61            OX577860.1   168102   169284 (13933329)  C          Kuruka  Unspecified (13933329)   168102   169284
 1400 34.41  3.58  3.30            OX577860.1  1257661  1258778 (12843835)  C          Kuruka  Unspecified (12843835)  1257661  1258778
  541 31.63  4.19  0.00            OX577860.1  3377751  3377965 (10724648)  C          Kuruka  Unspecified (10724648)  3377751  3377965
 1098 37.09  2.32  2.41            OX577860.1  6726913  6728075 (7374538)  C          Kuruka  Unspecified (7374538)  6726913  6728075
  264 29.81  5.77  0.00            OX577860.1 11567903 11568006 (2534607)  C          Kuruka  Unspecified (2534607) 11567903 11568006
  434 35.29  0.78  1.17            OX577860.1 12396761 12397018 (1705595)  C          Kuruka  Unspecified (1705595) 12396761 12397018
  228 25.49  0.00  0.00            OX577860.1 12825697 12825747 (1276866)  C          Kuruka  Unspecified (1276866) 12825697 12825747
 2065 33.76  1.99  2.16            OX577861.1   592599   593803 (13492255)  +          Kuruka  Unspecified (13492255)   592599   593803
  264 27.51  3.62  5.15            OX577861.1  2237167  2237304 (11848754)  +          Kuruka  Unspecified (11848754)  2237167  2237304
 2047 34.07  1.91  2.08            OX577861.1  5289228  5290432 (8795626)  +          Kuruka  Unspecified (8795626)  5289228  5290432
 1742 35.12  3.01  2.56            OX577861.1  6863650  6864777 (7221281)  +          Kuruka  Unspecified (7221281)  6863650  6864777
  419 35.29  0.78  1.17            OX577861.1  7002197  7002454 (7083604)  +          Kuruka  Unspecified (7083604)  7002197  7002454
 2202 33.59  1.52  1.61            OX577861.1  9918105  9919287 (4166771)  +          Kuruka  Unspecified (4166771)  9918105  9919287
 2453 32.77  2.75  2.83            OX577861.1 13008662 13009933 (1076125)  +          Kuruka  Unspecified (1076125) 13008662 13009933
  289 33.96  1.23  1.86            OX577861.1  1094991  1095152 (12990906)  C          Kuruka  Unspecified (12990906)  1094991  1095152
  255 28.57  6.12  0.00            OX577861.1  2991934  2992031 (11094027)  C          Kuruka  Unspecified (11094027)  2991934  2992031
  787 34.68  3.30  3.44            OX577861.1  6868589  6869737 (7216772)  C          Kuruka  Unspecified (7216772)  6868589  6869737
 1947 33.31  2.61  3.19            OX577861.1  6978476  6979737 (7106321)  C          Kuruka  Unspecified (7106321)  6978476  6979737
  292 35.96  3.60  3.97            OX577861.1  7103267  7103544 (6982514)  C          Kuruka  Unspecified (6982514)  7103267  7103544
 2304 32.38  3.15  3.23            OX577861.1  7400563  7401925 (6684133)  C          Kuruka  Unspecified (6684133)  7400563  7401925
  311 34.26  3.01  3.36            OX577861.1 10478334 10478632 (3607426)  C          Kuruka  Unspecified (3607426) 10478334 10478632
  257 19.67  1.61  1.61            OX577861.1 11668651 11668712 (2417346)  C          Kuruka  Unspecified (2417346) 11668651 11668712
  236 30.86  0.00  0.00            OX577862.1   592013   592093 (13173445)  +          Kuruka  Unspecified (13173445)   592013   592093
  254 29.30  5.37  6.08            OX577862.1   720251   720399 (13045139)  +          Kuruka  Unspecified (13045139)   720251   720399
 1048 37.60  0.77  1.24            OX577862.1  2069952  2070600 (11694938)  +          Kuruka  Unspecified (11694938)  2069952  2070600
 1607 34.46  3.10  2.04            OX577862.1  2109033  2110291 (11655247)  +          Kuruka  Unspecified (11655247)  2109033  2110291
 1221 36.06  1.67  2.33            OX577862.1  2140689  2141466 (11624072)  +          Kuruka  Unspecified (11624072)  2140689  2141466
  262 34.59  1.23  1.86            OX577862.1  2361256  2361417 (11404121)  +          Kuruka  Unspecified (11404121)  2361256  2361417
  287 20.27 14.86  0.00            OX577862.1  3006339  3006412 (10759126)  +          Kuruka  Unspecified (10759126)  3006339  3006412
  309 15.69  0.00  0.00            OX577862.1  4359152  4359202 (9406336)  +          Kuruka  Unspecified (9406336)  4359152  4359202
  254 29.30  5.37  6.08            OX577862.1  5691048  5691196 (8074342)  +          Kuruka  Unspecified (8074342)  5691048  5691196
  232 23.53  0.00  0.00            OX577862.1  6305782  6305832 (7459706)  +          Kuruka  Unspecified (7459706)  6305782  6305832
  231 35.34  0.00  0.00            OX577862.1  6306239  6306647 (7459242)  +          Kuruka  Unspecified (7459242)  6306239  6306647
 1087 36.98  2.34  2.43            OX577862.1 10232210 10233362 (3532176)  +          Kuruka  Unspecified (3532176) 10232210 10233362
  434 35.29  0.78  1.17            OX577862.1 13369264 13369521 (396017)  +          Kuruka  Unspecified (396017) 13369264 13369521
  264 37.72  1.13  1.13            OX577862.1  1726071  1726247 (12039291)  C          Kuruka  Unspecified (12039291)  1726071  1726247
  373 35.14  3.35  3.73            OX577862.1  3209671  3209939 (10555599)  C          Kuruka  Unspecified (10555599)  3209671  3209939
 1686 34.42  3.64  3.09            OX577862.1  3917127  3918253 (9847285)  C          Kuruka  Unspecified (9847285)  3917127  3918253
  418 30.44  1.82  2.44            OX577862.1  4247948  4248112 (9517426)  C          Kuruka  Unspecified (9517426)  4247948  4248112
  256 23.73  0.00  0.00            OX577862.1  4409167  4409225 (9356313)  C          Kuruka  Unspecified (9356313)  4409167  4409225
  242 26.96  2.73  5.61            OX577862.1  9258874  9258983 (4506555)  C          Kuruka  Unspecified (4506555)  9258874  9258983
  522 32.66  5.64  2.12            OX577862.1  9340777  9341095 (4424443)  C          Kuruka  Unspecified (4424443)  9340777  9341095
  702 35.94  2.60  2.74            OX577862.1 10974268 10975450 (2790540)  C          Kuruka  Unspecified (2790540) 10974268 10975450
  378 35.17  2.72  2.72            OX577863.1  6072517  6073665 (7426435)  +          Kuruka  Unspecified (7426435)  6072517  6073665
 2468 32.68  2.75  2.83            OX577863.1  6585571  6586842 (6912403)  +          Kuruka  Unspecified (6912403)  6585571  6586842
  336 33.74  2.83  2.83            OX577863.1  7461210  7461456 (6037789)  +          Kuruka  Unspecified (6037789)  7461210  7461456
 1740 35.12  3.01  2.56            OX577863.1  8944940  8946067 (4553178)  +          Kuruka  Unspecified (4553178)  8944940  8946067
  260 36.33  3.60  3.97            OX577863.1  9716320  9716597 (3782648)  +          Kuruka  Unspecified (3782648)  9716320  9716597
  462 35.34  1.44  1.44            OX577863.1 10524547 10525729 (2974421)  +          Kuruka  Unspecified (2974421) 10524547 10525729
  243 32.63  1.04  1.04            OX577863.1 12008947 12009042 (1490203)  +          Kuruka  Unspecified (1490203) 12008947 12009042
 1211 33.09  2.12  2.26            OX577863.1   317296   318003 (13181242)  C          Kuruka  Unspecified (13181242)   317296   318003
  289 33.96  1.23  1.86            OX577863.1  2019189  2019350 (11479895)  C          Kuruka  Unspecified (11479895)  2019189  2019350
 1683 34.85  3.28  2.82            OX577863.1  2902652  2903779 (10595466)  C          Kuruka  Unspecified (10595466)  2902652  2903779
 1916 33.81  2.09  2.27            OX577863.1  4083191  4084337 (9414908)  C          Kuruka  Unspecified (9414908)  4083191  4084337
 1912 33.93  3.02  2.08            OX577863.1  5639668  5640859 (7858386)  C          Kuruka  Unspecified (7858386)  5639668  5640859
  304 26.11  6.74  6.74            OX577863.1  7680129  7680321 (5818924)  C          Kuruka  Unspecified (5818924)  7680129  7680321
  296 37.36  1.53  1.92            OX577863.1 13241913 13242174 (257071)  C          Kuruka  Unspecified (257071) 13241913 13242174
  250 35.59  1.00  1.00            OX577864.1   819172   820236 (12635451)  +          Kuruka  Unspecified (12635451)   819172   820236
 1019 36.89  2.49  2.58            OX577864.1  3437833  3438995 (10015927)  +          Kuruka  Unspecified (10015927)  3437833  3438995
 2044 33.84  1.99  2.16            OX577864.1  6646092  6647296 (6807626)  +          Kuruka  Unspecified (6807626)  6646092  6647296
  533 31.63  4.19  0.00            OX577864.1  2680865  2681079 (10773843)  C          Kuruka  Unspecified (10773843)  2680865  2681079
  277 36.33  3.60  3.97            OX577864.1 11645105 11645382 (1809540)  C          Kuruka  Unspecified (1809540) 11645105 11645382
 2089 33.18  2.57  3.14            OX577865.1  5332550  5333831 (7147639)  +          Kuruka  Unspecified (7147639)  5332550  5333831
  236 30.86  0.00  0.00            OX577865.1  6958972  6959052 (5522418)  +          Kuruka  Unspecified (5522418)  6958972  6959052
  380 32.91  2.83  2.83            OX577865.1  8883927  8884173 (3597297)  +          Kuruka  Unspecified (3597297)  8883927  8884173
 1126 33.39  1.52  1.52            OX577865.1  9746001  9746593 (2734877)  +          Kuruka  Unspecified (2734877)  9746001  9746593
 1979 33.76  1.99  2.16            OX577865.1 12177016 12178220 (303250)  +          Kuruka  Unspecified (303250) 12177016 12178220
 1109 37.09  2.32  2.41            OX577865.1  9800754  9801916 (2679554)  C          Kuruka  Unspecified (2679554)  9800754  9801916
  359 35.93  0.98  0.98            OX577865.1 10068632 10069297 (2412534)  C          Kuruka  Unspecified (2412534) 10068632 10069297
  255 28.57  6.12  0.00            OX577865.1 12108485 12108582 (372888)  C          Kuruka  Unspecified (372888) 12108485 12108582
  839 36.10  1.60  1.76            OX577866.1  1628831  1629456 (10757217)  +          Kuruka  Unspecified (10757217)  1628831  1629456
 2029 33.50  2.57  3.14            OX577866.1  7354908  7356189 (5030484)  +          Kuruka  Unspecified (5030484)  7354908  7356189
  381 34.45  1.43  1.43            OX577866.1  9211309  9212325 (3175225)  +          Kuruka  Unspecified (3175225)  9211309  9212325
 1026 34.00  1.79  1.79            OX577866.1  9213448  9214061 (3172612)  +          Kuruka  Unspecified (3172612)  9213448  9214061
  262 29.20  3.51  0.85            OX577866.1 11040370 11040483 (1346190)  +          Kuruka  Unspecified (1346190) 11040370 11040483
 2291 32.50  3.08  3.16            OX577866.1  3024256  3025618 (9361055)  C          Kuruka  Unspecified (9361055)  3024256  3025618
  765 33.95  2.78  2.78            OX577866.1  4858817  4859428 (7527245)  C          Kuruka  Unspecified (7527245)  4858817  4859428
 2428 32.93  2.75  2.83            OX577866.1  5004972  5006243 (7380430)  C          Kuruka  Unspecified (7380430)  5004972  5006243
  953 35.47  2.12  2.12            OX577866.1  6490141  6491205 (5895921)  C          Kuruka  Unspecified (5895921)  6490141  6491205
  410 30.44  1.82  2.44            OX577866.1  7626422  7626586 (4760087)  C          Kuruka  Unspecified (4760087)  7626422  7626586
  228 25.49  0.00  0.00            OX577866.1 10178983 10179033 (2207640)  C          Kuruka  Unspecified (2207640) 10178983 10179033
 2016 32.98  2.61  3.19            OX577866.1 10398263 10399524 (1987149)  C          Kuruka  Unspecified (1987149) 10398263 10399524
  310 31.26  8.20  5.60            OX577867.1   329338   329581 (11002948)  +          Kuruka  Unspecified (11002948)   329338   329581
  327 37.27  1.35  1.35            OX577867.1   330505   330727 (11001802)  +          Kuruka  Unspecified (11001802)   330505   330727
  289 33.96  1.23  1.86            OX577867.1  4175403  4175564 (7156965)  +          Kuruka  Unspecified (7156965)  4175403  4175564
  274 34.59  1.23  1.86            OX577867.1  5016218  5016379 (6316150)  +          Kuruka  Unspecified (6316150)  5016218  5016379
  315 34.26  3.01  3.36            OX577867.1  5997427  5997725 (5334804)  +          Kuruka  Unspecified (5334804)  5997427  5997725
  290 35.79  2.22  3.14            OX577867.1   324974   325198 (11007331)  C          Kuruka  Unspecified (11007331)   324974   325198
  277 36.33  3.60  3.97            OX577867.1  1184568  1184845 (10147684)  C          Kuruka  Unspecified (10147684)  1184568  1184845
 2008 33.50  2.57  3.14            OX577867.1  1247955  1249236 (10083293)  C          Kuruka  Unspecified (10083293)  1247955  1249236
  541 31.63  4.19  0.00            OX577867.1 10757809 10758023 (574506)  C          Kuruka  Unspecified (574506) 10757809 10758023
  225 31.51  0.00  0.00            OX577867.1 11253771 11253843  (78686)  C          Kuruka  Unspecified  (78686) 11253771 11253843
  232 32.95  0.00  0.00            OX577868.1   724497   724584 (10374937)  +          Kuruka  Unspecified (10374937)   724497   724584
  418 30.44  1.82  2.44            OX577868.1  6005478  6005642 (5093879)  +          Kuruka  Unspecified (5093879)  6005478  6005642
  270 35.80  4.83  2.97            OX577868.1  6763958  6764288 (4335233)  +          Kuruka  Unspecified (4335233)  6763958  6764288
  243 32.63  1.04  1.04            OX577868.1 10265307 10265402 (834119)  +          Kuruka  Unspecified (834119) 10265307 10265402
  251 29.48  6.49  6.49            OX577868.1  1204728  1204912 (9894609)  C          Kuruka  Unspecified (9894609)  1204728  1204912
  236 30.86  0.00  0.00            OX577868.1  1224407  1224487 (9875034)  C          Kuruka  Unspecified (9875034)  1224407  1224487
  419 35.29  0.78  1.17            OX577868.1  2135259  2135516 (8964005)  C          Kuruka  Unspecified (8964005)  2135259  2135516
 1730 35.21  3.01  2.56            OX577868.1  5206010  5207137 (5892384)  C          Kuruka  Unspecified (5892384)  5206010  5207137
  697 35.14  4.35  3.16            OX577868.1  5545013  5546148 (5553820)  C          Kuruka  Unspecified (5553820)  5545013  5546148
  336 33.74  2.83  2.83            OX577868.1  7051088  7051334 (4048187)  C          Kuruka  Unspecified (4048187)  7051088  7051334
  434 35.29  0.78  1.17            OX577868.1  7962026  7962283 (3137238)  C          Kuruka  Unspecified (3137238)  7962026  7962283
 1519 34.47  3.21  3.30            OX577868.1  8139093  8140214 (2959307)  C          Kuruka  Unspecified (2959307)  8139093  8140214
  554 36.43  4.32  3.89            OX577869.1  3327897  3328613 (7268178)  +          Kuruka  Unspecified (7268178)  3327897  3328613
 1678 34.67  3.55  3.09            OX577869.1  3582909  3584036 (7012755)  +          Kuruka  Unspecified (7012755)  3582909  3584036
 2552 32.07  3.01  2.62            OX577869.1  3869394  3870722 (6726069)  +          Kuruka  Unspecified (6726069)  3869394  3870722
  327 34.44  2.72  2.72            OX577869.1  8553409  8554557 (2043089)  +          Kuruka  Unspecified (2043089)  8553409  8554557
 1434 34.56  3.21  3.30            OX577869.1  9770240  9771361 (825430)  +          Kuruka  Unspecified (825430)  9770240  9771361
  434 35.29  0.78  1.17            OX577869.1  2511819  2512076 (8084715)  C          Kuruka  Unspecified (8084715)  2511819  2512076
 1113 37.00  2.32  2.41            OX577869.1  2657175  2658337 (7938454)  C          Kuruka  Unspecified (7938454)  2657175  2658337
  257 32.92  1.85  2.48            OX577869.1  4285096  4285257 (6311534)  C          Kuruka  Unspecified (6311534)  4285096  4285257
  243 32.63  1.04  1.04            OX577870.1   362754   362849 (9845645)  +          Kuruka  Unspecified (9845645)   362754   362849
  434 35.29  0.78  1.17            OX577870.1  2159564  2159821 (8048673)  +          Kuruka  Unspecified (8048673)  2159564  2159821
  443 35.63  1.44  1.44            OX577870.1  5000481  5001663 (5207736)  +          Kuruka  Unspecified (5207736)  5000481  5001663
  279 27.38 12.50  2.16            OX577870.1  5584615  5584782 (4623712)  +          Kuruka  Unspecified (4623712)  5584615  5584782
 1748 33.98  2.84  2.44            OX577870.1  5585911  5587177 (4621317)  +          Kuruka  Unspecified (4621317)  5585911  5587177
  368 34.93  2.72  2.72            OX577870.1  6893916  6895064 (3314285)  +          Kuruka  Unspecified (3314285)  6893916  6895064
  541 31.63  4.19  0.00            OX577870.1  9025036  9025250 (1183244)  +          Kuruka  Unspecified (1183244)  9025036  9025250
  574 35.42  4.20  3.68            OX577870.1  2821015  2821609 (7386885)  C          Kuruka  Unspecified (7386885)  2821015  2821609
  305 35.33  2.22  3.14            OX577870.1  5856070  5856294 (4352200)  C          Kuruka  Unspecified (4352200)  5856070  5856294
  350 33.33  2.83  2.83            OX577870.1  7480230  7480476 (2728018)  C          Kuruka  Unspecified (2728018)  7480230  7480476
 1109 37.09  2.32  2.41            OX577871.1  1001526  1002688 (8793802)  +          Kuruka  Unspecified (8793802)  1001526  1002688
  239 34.96  0.00  0.97            OX577871.1  1638333  1638436 (8158054)  +          Kuruka  Unspecified (8158054)  1638333  1638436
 2425 32.72  2.83  2.83            OX577871.1  2905697  2906967 (6889523)  +          Kuruka  Unspecified (6889523)  2905697  2906967
  396 28.18  0.00  0.00            OX577871.1  3147631  3147740 (6648750)  +          Kuruka  Unspecified (6648750)  3147631  3147740
  520 32.66  5.64  2.12            OX577871.1  4516542  4516860 (5279630)  +          Kuruka  Unspecified (5279630)  4516542  4516860
  309 38.24  2.23  2.56            OX577871.1  6233700  6234013 (3562477)  +          Kuruka  Unspecified (3562477)  6233700  6234013
 2252 32.42  3.08  3.16            OX577871.1  7702958  7704320 (2092170)  +          Kuruka  Unspecified (2092170)  7702958  7704320
  248 26.96  2.73  5.61            OX577871.1  4636450  4636559 (5159931)  C          Kuruka  Unspecified (5159931)  4636450  4636559
  289 33.96  1.23  1.86            OX577872.1   342703   342864 (8771349)  +          Kuruka  Unspecified (8771349)   342703   342864
 1660 33.84  2.24  2.02            OX577872.1  1254271  1255208 (7859005)  +          Kuruka  Unspecified (7859005)  1254271  1255208
  309 26.17 12.50  2.16            OX577872.1  1936507  1936674 (7177539)  +          Kuruka  Unspecified (7177539)  1936507  1936674
 1725 34.91  2.29  1.89            OX577872.1  1937787  1939053 (7175160)  +          Kuruka  Unspecified (7175160)  1937787  1939053
  261 34.93  1.08  1.08            OX577872.1  5781266  5782330 (3332670)  +          Kuruka  Unspecified (3332670)  5781266  5782330
 2426 32.25  3.09  2.70            OX577872.1  6410800  6412128 (2702085)  +          Kuruka  Unspecified (2702085)  6410800  6412128
  232 23.53  0.00  0.00            OX577872.1  7524068  7524118 (1590095)  +          Kuruka  Unspecified (1590095)  7524068  7524118
  228 29.31  0.00  0.00            OX577872.1  7524525  7524582 (1589631)  +          Kuruka  Unspecified (1589631)  7524525  7524582
  399 33.10  4.01  2.52            OX577872.1  1032936  1033606 (8081004)  C          Kuruka  Unspecified (8081004)  1032936  1033606
 1619 33.18  3.51  2.98            OX577872.1  1118213  1119380 (7994833)  C          Kuruka  Unspecified (7994833)  1118213  1119380
  252 20.63  1.56  1.56            OX577872.1  1384336  1384399 (7729814)  C          Kuruka  Unspecified (7729814)  1384336  1384399
  718 35.14  3.28  3.42            OX577872.1  1467775  1468957 (7645708)  C          Kuruka  Unspecified (7645708)  1467775  1468957
  720 34.88  3.17  2.33            OX577872.1  1498293  1499017 (7615196)  C          Kuruka  Unspecified (7615196)  1498293  1499017
  262 27.67  3.08  5.51            OX577872.1  2818450  2818579 (6295634)  C          Kuruka  Unspecified (6295634)  2818450  2818579
  296 37.36  1.53  1.92            OX577872.1  4708685  4708946 (4405267)  C          Kuruka  Unspecified (4405267)  4708685  4708946
  341 35.90  0.81  3.77            OX577872.1  4915088  4915333 (4198880)  C          Kuruka  Unspecified (4198880)  4915088  4915333
 1983 33.15  2.61  3.19            OX577872.1  7592832  7594093 (1520120)  C          Kuruka  Unspecified (1520120)  7592832  7594093
  415 30.44  1.82  2.44            OX577872.1  8613025  8613189 (501024)  C          Kuruka  Unspecified (501024)  8613025  8613189
  418 30.44  1.82  2.44            OX577873.1  5321552  5321716 (2946846)  +          Kuruka  Unspecified (2946846)  5321552  5321716
  255 35.19  1.00  1.00            OX577873.1  7213835  7214899 (1054428)  +          Kuruka  Unspecified (1054428)  7213835  7214899
 2027 33.50  2.57  3.14            OX577873.1  7400127  7401408 (867154)  +          Kuruka  Unspecified (867154)  7400127  7401408
 2529 32.24  2.58  2.66            OX577873.1  2245382  2246697 (6021865)  C          Kuruka  Unspecified (6021865)  2245382  2246697
  419 35.29  0.78  1.17            OX577873.1  5402041  5402298 (2866264)  C          Kuruka  Unspecified (2866264)  5402041  5402298
 2250 33.42  1.52  1.61            OX577874.1  5158337  5159519 (2336704)  +          Kuruka  Unspecified (2336704)  5158337  5159519
  414 30.01  1.32  1.32            OX577874.1  6801344  6801495 (694728)  +          Kuruka  Unspecified (694728)  6801344  6801495
  239 36.84  0.00  0.00            OX577874.1  7042683  7042777 (453446)  +          Kuruka  Unspecified (453446)  7042683  7042777
  262 27.67  3.08  5.51            OX577874.1  7155045  7155174 (341049)  +          Kuruka  Unspecified (341049)  7155045  7155174
  262 27.67  3.08  5.51            OX577874.1  7159194  7159323 (336900)  +          Kuruka  Unspecified (336900)  7159194  7159323
  269 33.99  1.28  1.94            OX577874.1  2528901  2529056 (4967167)  C          Kuruka  Unspecified (4967167)  2528901  2529056
  420 27.27  0.00  0.00            OX577874.1  7037022  7037131 (459092)  C          Kuruka  Unspecified (459092)  7037022  7037131
 2466 32.33  2.86  2.47            OX577875.1   934136   935464 (6396925)  +          Kuruka  Unspecified (6396925)   934136   935464
  535 31.63  4.19  0.00            OX577875.1  1137949  1138163 (6194226)  +          Kuruka  Unspecified (6194226)  1137949  1138163
 1978 33.15  2.61  3.19            OX577875.1  2233501  2234762 (5097627)  +          Kuruka  Unspecified (5097627)  2233501  2234762
 2424 32.48  2.86  2.47            OX577875.1  6020949  6022277 (1310112)  +          Kuruka  Unspecified (1310112)  6020949  6022277
 2293 33.25  1.52  1.61            OX577875.1  6197415  6198597 (1133792)  +          Kuruka  Unspecified (1133792)  6197415  6198597
  419 35.29  0.78  1.17            OX577875.1  4119020  4119277 (3213112)  C          Kuruka  Unspecified (3213112)  4119020  4119277
  254 37.72  1.13  1.13            OX577875.1  4233047  4233223 (3099166)  C          Kuruka  Unspecified (3099166)  4233047  4233223
  308 15.69  0.00  0.00            OX577875.1  5633456  5633506 (1698883)  C          Kuruka  Unspecified (1698883)  5633456  5633506
