  849 35.32  1.54  1.89            OZ001243.1 19732941 19733523 (1795414)  +          Kuruka  Unspecified (1795414) 19732941 19733523
  841 35.78  3.85  3.77            OZ001243.1 20002182 20003401 (1525536)  +          Kuruka  Unspecified (1525536) 20002182 20003401
  430 40.87  0.00  0.00            OZ001243.1 20018459 20018847 (1510090)  +          Kuruka  Unspecified (1510090) 20018459 20018847
  441 36.67  4.27  4.42            OZ001243.1 20046908 20047586 (1481351)  +          Kuruka  Unspecified (1481351) 20046908 20047586
  326 34.74  3.05  3.40            OZ001243.1 20489804 20490098 (1038839)  +          Kuruka  Unspecified (1038839) 20489804 20490098
  867 34.94  4.54  4.62            OZ001243.1 20619159 20620370 (908567)  +          Kuruka  Unspecified (908567) 20619159 20620370
  235 33.21  3.69  4.98            OZ001243.1 20936735 20936978 (591959)  +          Kuruka  Unspecified (591959) 20936735 20936978
  669 38.81  2.17  2.26            OZ001243.1 21029860 21031011 (497926)  +          Kuruka  Unspecified (497926) 21029860 21031011
  304 34.48  4.56  4.56            OZ001243.1 21178932 21179326 (349611)  +          Kuruka  Unspecified (349611) 21178932 21179326
  608 34.51  1.15  1.45            OZ001243.1 21179669 21180015 (348922)  +          Kuruka  Unspecified (348922) 21179669 21180015
  235 33.21  3.69  4.98            OZ001243.1 21223004 21223247 (305690)  +          Kuruka  Unspecified (305690) 21223004 21223247
  803 37.25  1.98  2.15            OZ001243.1 19785674 19786767 (1742657)  C          Kuruka  Unspecified (1742657) 19785674 19786767
  709 32.23  2.24  2.50            OZ001243.1 19925955 19926355 (1602582)  C          Kuruka  Unspecified (1602582) 19925955 19926355
  738 38.64  1.83  1.93            OZ001243.1 20152240 20153329 (1375608)  C          Kuruka  Unspecified (1375608) 20152240 20153329
  512 35.15  0.89  1.80            OZ001243.1 20256767 20257102 (1271835)  C          Kuruka  Unspecified (1271835) 20256767 20257102
  898 34.75  4.46  4.54            OZ001243.1 20288237 20289448 (1239489)  C          Kuruka  Unspecified (1239489) 20288237 20289448
  279 28.50  7.04  8.57            OZ001243.1 20392231 20392514 (1136423)  C          Kuruka  Unspecified (1136423) 20392231 20392514
  270 25.00  2.63  0.00            OZ001243.1 21053062 21053137 (475800)  C          Kuruka  Unspecified (475800) 21053062 21053137
  563 33.82  0.36  1.08            OZ001243.1 21123774 21124054 (404883)  C          Kuruka  Unspecified (404883) 21123774 21124054
  721 36.42  2.14  2.31            OZ001243.1 21299999 21300605 (228332)  C          Kuruka  Unspecified (228332) 21299999 21300605
  751 31.20  1.72  1.43            OZ001243.1 21327521 21327868 (201069)  C          Kuruka  Unspecified (201069) 21327521 21327868
  567 33.44  1.47  2.37            OZ001243.1 21402182 21402521 (126416)  C          Kuruka  Unspecified (126416) 21402182 21402521
  276 34.48  4.56  4.56            OZ001244.1    95802    96196 (20746679)  +          Kuruka  Unspecified (20746679)    95802    96196
  587 34.51  1.15  1.45            OZ001244.1    96539    96885 (20745990)  +          Kuruka  Unspecified (20745990)    96539    96885
  228 18.43 10.20  5.88            OZ001244.1  2258073  2258170 (18584705)  +          Kuruka  Unspecified (18584705)  2258073  2258170
  497 35.02  0.71  1.08            OZ001244.1 20065066 20065345 (777530)  +          Kuruka  Unspecified (777530) 20065066 20065345
  713 32.40  1.23  1.54            OZ001244.1 20096976 20097301 (745574)  +          Kuruka  Unspecified (745574) 20096976 20097301
  326 33.63  3.90  3.90            OZ001244.1 20138583 20139161 (704088)  +          Kuruka  Unspecified (704088) 20138583 20139161
  234 22.35  3.41  3.41            OZ001244.1 20256530 20256617 (586258)  +          Kuruka  Unspecified (586258) 20256530 20256617
  295 24.68  3.66  1.19            OZ001244.1 20766964 20767045  (75830)  +          Kuruka  Unspecified  (75830) 20766964 20767045
  452 38.83  2.92  2.73            OZ001244.1 20785949 20786496  (56379)  +          Kuruka  Unspecified  (56379) 20785949 20786496
  708 33.80  2.71  3.11            OZ001244.1  1378451  1378966 (19463909)  C          Kuruka  Unspecified (19463909)  1378451  1378966
  706 32.71  1.23  1.54            OZ001244.1 19366697 19367022 (1475853)  C          Kuruka  Unspecified (1475853) 19366697 19367022
  570 34.83  0.37  0.75            OZ001244.1 19435232 19435500 (1407375)  C          Kuruka  Unspecified (1407375) 19435232 19435500
  310 37.46  2.76  2.76            OZ001244.1 19435897 19436294 (1406581)  C          Kuruka  Unspecified (1406581) 19435897 19436294
  656 33.52  5.55  5.72            OZ001244.1 19452586 19453180 (1389695)  C          Kuruka  Unspecified (1389695) 19452586 19453180
  723 37.12  3.07  3.52            OZ001244.1 19564368 19565766 (1277109)  C          Kuruka  Unspecified (1277109) 19564368 19565766
  717 33.12  2.11  2.33            OZ001244.1 19571919 19572391 (1270484)  C          Kuruka  Unspecified (1270484) 19571919 19572391
  297 35.55  2.17  2.17            OZ001244.1 19572917 19573100 (1269775)  C          Kuruka  Unspecified (1269775) 19572917 19573100
  531 35.09  1.15  1.45            OZ001244.1 19587108 19587454 (1255421)  C          Kuruka  Unspecified (1255421) 19587108 19587454
  270 28.83  1.75  2.65            OZ001244.1 19587797 19587910 (1254965)  C          Kuruka  Unspecified (1254965) 19587797 19587910
  772 38.14  1.65  1.82            OZ001244.1 19612578 19613671 (1229692)  C          Kuruka  Unspecified (1229692) 19612578 19613671
  832 37.36  1.98  2.15            OZ001244.1 19655636 19656729 (1186633)  C          Kuruka  Unspecified (1186633) 19655636 19656729
  503 34.96  0.74  1.12            OZ001244.1 19998315 19998583 (844292)  C          Kuruka  Unspecified (844292) 19998315 19998583
  260 38.48  2.46  2.74            OZ001244.1 19998980 19999345 (843530)  C          Kuruka  Unspecified (843530) 19998980 19999345
  714 35.62  3.11  3.25            OZ001244.1 20209473 20210212 (632663)  C          Kuruka  Unspecified (632663) 20209473 20210212
  517 36.32  3.79  3.79            OZ001244.1 20316133 20316713 (526162)  C          Kuruka  Unspecified (526162) 20316133 20316713
  728 38.15  1.48  1.65            OZ001244.1 20822615 20823708  (19654)  C          Kuruka  Unspecified  (19654) 20822615 20823708
  532 35.65  0.60  1.50            OZ001245.1   415328   415663 (19485448)  +          Kuruka  Unspecified (19485448)   415328   415663
  298 34.38  1.93  4.46            OZ001245.1   475452   475658 (19425453)  +          Kuruka  Unspecified (19425453)   475452   475658
  727 33.34  2.11  2.33            OZ001245.1   476178   476650 (19424461)  +          Kuruka  Unspecified (19424461)   476178   476650
  603 34.94  4.41  4.02            OZ001245.1  1333722  1334538 (18566573)  +          Kuruka  Unspecified (18566573)  1333722  1334538
  512 32.15  3.72  3.72            OZ001245.1  1368093  1368441 (18532670)  +          Kuruka  Unspecified (18532670)  1368093  1368441
  549 33.55  1.49  2.40            OZ001245.1  1832174  1832509 (18068602)  +          Kuruka  Unspecified (18068602)  1832174  1832509
  484 36.26  0.00  0.37            OZ001245.1  1918906  1919179 (17981932)  +          Kuruka  Unspecified (17981932)  1918906  1919179
  237 22.35  3.41  3.41            OZ001245.1  2028671  2028758 (17872353)  +          Kuruka  Unspecified (17872353)  2028671  2028758
 1036 37.68  2.94  2.87            OZ001245.1  2071864  2073188 (17827923)  +          Kuruka  Unspecified (17827923)  2071864  2073188
 1103 35.90  3.26  3.26            OZ001245.1  2297932  2298913 (17602198)  +          Kuruka  Unspecified (17602198)  2297932  2298913
  715 34.03  5.25  5.43            OZ001245.1  2346532  2347140 (17553971)  +          Kuruka  Unspecified (17553971)  2346532  2347140
  788 38.13  1.74  1.84            OZ001245.1  2501751  2502840 (17398271)  +          Kuruka  Unspecified (17398271)  2501751  2502840
  570 33.24  1.49  2.40            OZ001245.1  3274532  3274867 (16626244)  +          Kuruka  Unspecified (16626244)  3274532  3274867
  322 33.69  5.32  5.32            OZ001245.1  3348769  3349163 (16551948)  +          Kuruka  Unspecified (16551948)  3348769  3349163
  589 34.31  1.44  1.73            OZ001245.1  3349506  3349852 (16551259)  +          Kuruka  Unspecified (16551259)  3349506  3349852
  578 36.22  0.79  0.79            OZ001245.1  3366699  3368086 (16534034)  +          Kuruka  Unspecified (16534034)  3366699  3368086
  268 27.27  2.27  0.00            OZ001245.1  3461537  3461624 (16439487)  +          Kuruka  Unspecified (16439487)  3461537  3461624
  568 37.36  3.96  4.13            OZ001245.1    61189    62263 (19839292)  C          Kuruka  Unspecified (19839292)    61189    62263
  665 32.71  1.23  1.54            OZ001245.1   106199   106524 (19794587)  C          Kuruka  Unspecified (19794587)   106199   106524
  243 17.31  3.85  0.00            OZ001245.1   122348   122399 (19778712)  C          Kuruka  Unspecified (19778712)   122348   122399
  230 27.63  2.63  0.00            OZ001245.1   313269   313344 (19587767)  C          Kuruka  Unspecified (19587767)   313269   313344
  613 34.22  1.15  1.45            OZ001245.1   341997   342343 (19558768)  C          Kuruka  Unspecified (19558768)   341997   342343
  241 30.00  5.47  5.47            OZ001245.1   342686   342886 (19558225)  C          Kuruka  Unspecified (19558225)   342686   342886
  269 28.69  3.36  3.36            OZ001245.1   399085   399203 (19501908)  C          Kuruka  Unspecified (19501908)   399085   399203
 1188 35.75  3.56  3.35            OZ001245.1   634023   635006 (19266105)  C          Kuruka  Unspecified (19266105)   634023   635006
  824 38.09  1.15  1.32            OZ001245.1   740667   741760 (19159838)  C          Kuruka  Unspecified (19159838)   740667   741760
  647 36.41  3.54  3.75            OZ001245.1   812075   813090 (19088021)  C          Kuruka  Unspecified (19088021)   812075   813090
  235 22.35  3.41  3.41            OZ001245.1  1037643  1037730 (18863381)  C          Kuruka  Unspecified (18863381)  1037643  1037730
  535 38.60  2.48  2.48            OZ001245.1  1742862  1743954 (18157644)  C          Kuruka  Unspecified (18157644)  1742862  1743954
  705 35.55  2.92  3.05            OZ001245.1  2049430  2050250 (17850861)  C          Kuruka  Unspecified (17850861)  2049430  2050250
  681 34.57  2.93  3.09            OZ001245.1  2064406  2065020 (17836091)  C          Kuruka  Unspecified (17836091)  2064406  2065020
  335 36.70  0.46  0.46            OZ001245.1  2065255  2065473 (17835638)  C          Kuruka  Unspecified (17835638)  2065255  2065473
  561 35.19  1.22  1.22            OZ001245.1  2247627  2247954 (17653157)  C          Kuruka  Unspecified (17653157)  2247627  2247954
  437 32.40  1.38  1.85            OZ001245.1  2308775  2308991 (17592120)  C          Kuruka  Unspecified (17592120)  2308775  2308991
  328 30.08  0.88  0.88            OZ001245.1  2328623  2328736 (17572375)  C          Kuruka  Unspecified (17572375)  2328623  2328736
  732 32.42  2.17  2.42            OZ001245.1  2436622  2437035 (17464076)  C          Kuruka  Unspecified (17464076)  2436622  2437035
  638 34.05  2.33  2.54            OZ001245.1  2520292  2520764 (17380347)  C          Kuruka  Unspecified (17380347)  2520292  2520764
  318 34.61  2.15  2.15            OZ001245.1  2521284  2521469 (17379642)  C          Kuruka  Unspecified (17379642)  2521284  2521469
  589 39.35  2.84  1.49            OZ001245.1  2576775  2577859 (17323739)  C          Kuruka  Unspecified (17323739)  2576775  2577859
  589 39.46  2.84  1.49            OZ001245.1  2622119  2623203 (17278395)  C          Kuruka  Unspecified (17278395)  2622119  2623203
  589 39.46  2.84  1.49            OZ001245.1  2653751  2654835 (17246763)  C          Kuruka  Unspecified (17246763)  2653751  2654835
  589 39.46  2.84  1.49            OZ001245.1  2685372  2686456 (17215142)  C          Kuruka  Unspecified (17215142)  2685372  2686456
  589 39.46  2.84  1.49            OZ001245.1  2709331  2710415 (17191183)  C          Kuruka  Unspecified (17191183)  2709331  2710415
  377 39.02  3.18  1.82            OZ001245.1  2740905  2741989 (17159609)  C          Kuruka  Unspecified (17159609)  2740905  2741989
  596 39.12  3.18  1.82            OZ001245.1  2780531  2781615 (17119983)  C          Kuruka  Unspecified (17119983)  2780531  2781615
  596 39.12  3.18  1.82            OZ001245.1  2793649  2794733 (17106865)  C          Kuruka  Unspecified (17106865)  2793649  2794733
  596 39.12  3.18  1.82            OZ001245.1  2825314  2826398 (17075200)  C          Kuruka  Unspecified (17075200)  2825314  2826398
  589 39.46  2.84  1.49            OZ001245.1  2856917  2858001 (17043597)  C          Kuruka  Unspecified (17043597)  2856917  2858001
  589 39.35  2.84  1.49            OZ001245.1  2886574  2887658 (17013940)  C          Kuruka  Unspecified (17013940)  2886574  2887658
  377 39.12  3.18  1.82            OZ001245.1  2970202  2971286 (16930312)  C          Kuruka  Unspecified (16930312)  2970202  2971286
  277 29.82  5.39  7.65            OZ001245.1  3099283  3099616 (16801495)  C          Kuruka  Unspecified (16801495)  3099283  3099616
  758 32.10  1.93  2.18            OZ001246.1    21374    21787 (19159428)  +          Kuruka  Unspecified (19159428)    21374    21787
  250 32.46  3.46  5.29            OZ001246.1    53282    53512 (19127703)  +          Kuruka  Unspecified (19127703)    53282    53512
  280 31.99  3.46  5.29            OZ001246.1   312573   312803 (18868412)  +          Kuruka  Unspecified (18868412)   312573   312803
  442 39.14  0.26  0.26            OZ001246.1   567401   568196 (18613426)  +          Kuruka  Unspecified (18613426)   567401   568196
  449 36.62  0.99  2.35            OZ001246.1   568824   569125 (18612090)  +          Kuruka  Unspecified (18612090)   568824   569125
  921 36.14  3.83  4.00            OZ001246.1   648183   649358 (18531857)  +          Kuruka  Unspecified (18531857)   648183   649358
  266 29.32  4.39  5.78            OZ001246.1   671645   671872 (18509343)  +          Kuruka  Unspecified (18509343)   671645   671872
 1119 35.55  3.26  3.35            OZ001246.1   821125   822320 (18358895)  +          Kuruka  Unspecified (18358895)   821125   822320
  248 28.00  0.00  0.00            OZ001246.1  1384286  1384360 (17796855)  +          Kuruka  Unspecified (17796855)  1384286  1384360
  685 34.77  2.58  2.74            OZ001246.1  1871079  1871699 (17309516)  +          Kuruka  Unspecified (17309516)  1871079  1871699
 1134 35.32  3.34  3.43            OZ001246.1  2011148  2012343 (17168872)  +          Kuruka  Unspecified (17168872)  2011148  2012343
  321 32.46  3.50  4.84            OZ001246.1  2028957  2029270 (17151945)  +          Kuruka  Unspecified (17151945)  2028957  2029270
  760 34.66  2.86  3.03            OZ001246.1  2197054  2197648 (16983567)  +          Kuruka  Unspecified (16983567)  2197054  2197648
  304 31.99  3.46  5.29            OZ001246.1  2217692  2217922 (16963293)  +          Kuruka  Unspecified (16963293)  2217692  2217922
  760 34.66  2.86  3.03            OZ001246.1  2252449  2253043 (16928172)  +          Kuruka  Unspecified (16928172)  2252449  2253043
  918 35.81  3.35  3.72            OZ001246.1  2353884  2355017 (16826198)  +          Kuruka  Unspecified (16826198)  2353884  2355017
  453 39.30  0.00  0.00            OZ001246.1  2480553  2481643 (16700274)  +          Kuruka  Unspecified (16700274)  2480553  2481643
  465 37.29  0.26  0.26            OZ001246.1  2662203  2663296 (16518624)  +          Kuruka  Unspecified (16518624)  2662203  2663296
 1285 33.79  2.98  3.08            OZ001246.1  2703143  2704116 (16477099)  +          Kuruka  Unspecified (16477099)  2703143  2704116
  400 37.63  0.99  2.35            OZ001246.1  2754980  2755281 (16425934)  +          Kuruka  Unspecified (16425934)  2754980  2755281
  688 32.71  1.23  1.54            OZ001246.1  2873095  2873420 (16307795)  +          Kuruka  Unspecified (16307795)  2873095  2873420
  412 37.42  0.26  0.26            OZ001246.1  2990875  2991968 (16189952)  +          Kuruka  Unspecified (16189952)  2990875  2991968
  514 30.73  3.88  4.82            OZ001246.1  3018377  3018711 (16162504)  +          Kuruka  Unspecified (16162504)  3018377  3018711
  543 36.68  1.04  1.04            OZ001246.1  3077811  3078817 (16103020)  +          Kuruka  Unspecified (16103020)  3077811  3078817
  312 33.85  2.54  2.54            OZ001246.1  3123935  3124131 (16057084)  +          Kuruka  Unspecified (16057084)  3123935  3124131
  961 33.01  2.99  3.18            OZ001246.1  3124419  3124953 (16056262)  +          Kuruka  Unspecified (16056262)  3124419  3124953
 1173 35.99  3.35  3.14            OZ001246.1  3181146  3182129 (15999086)  +          Kuruka  Unspecified (15999086)  3181146  3182129
  231 24.68  3.66  1.19            OZ001246.1  3261781  3261862 (15919353)  +          Kuruka  Unspecified (15919353)  3261781  3261862
  584 34.07  1.69  1.94            OZ001246.1  3307793  3308205 (15873010)  +          Kuruka  Unspecified (15873010)  3307793  3308205
  256 28.83  1.75  2.65            OZ001246.1  3344401  3344514 (15836701)  +          Kuruka  Unspecified (15836701)  3344401  3344514
  562 34.51  1.15  1.45            OZ001246.1  3344857  3345203 (15836012)  +          Kuruka  Unspecified (15836012)  3344857  3345203
  606 32.35  0.74  1.11            OZ001246.1  3391949  3392220 (15788995)  +          Kuruka  Unspecified (15788995)  3391949  3392220
  400 37.66  0.26  0.26            OZ001246.1  3592665  3593758 (15588162)  +          Kuruka  Unspecified (15588162)  3592665  3593758
  234 22.35  3.41  3.41            OZ001246.1    67783    67870 (19113345)  C          Kuruka  Unspecified (19113345)    67783    67870
  830 37.36  1.98  2.15            OZ001246.1    98226    99319 (19082383)  C          Kuruka  Unspecified (19082383)    98226    99319
  538 33.85  1.49  2.40            OZ001246.1   124880   125215 (19056000)  C          Kuruka  Unspecified (19056000)   124880   125215
  676 35.31  2.92  3.05            OZ001246.1   201662   202482 (18978733)  C          Kuruka  Unspecified (18978733)   201662   202482
  334 34.04  4.05  4.05            OZ001246.1   344196   344590 (18836625)  C          Kuruka  Unspecified (18836625)   344196   344590
  719 39.18  1.56  1.65            OZ001246.1   503806   504895 (18676320)  C          Kuruka  Unspecified (18676320)   503806   504895
  544 33.34  1.07  1.79            OZ001246.1   601750   602030 (18579185)  C          Kuruka  Unspecified (18579185)   601750   602030
  300 32.46  3.50  4.84            OZ001246.1  1216349  1216662 (17964553)  C          Kuruka  Unspecified (17964553)  1216349  1216662
  544 37.46  1.98  2.15            OZ001246.1  1325014  1326107 (17855595)  C          Kuruka  Unspecified (17855595)  1325014  1326107
  808 36.08  3.26  3.36            OZ001246.1  2019059  2020010 (17161205)  C          Kuruka  Unspecified (17161205)  2019059  2020010
  807 35.74  2.02  2.19            OZ001246.1  2125566  2126160 (17055055)  C          Kuruka  Unspecified (17055055)  2125566  2126160
  807 35.74  2.02  2.19            OZ001246.1  2138030  2138624 (17042591)  C          Kuruka  Unspecified (17042591)  2138030  2138624
  304 31.99  3.46  5.29            OZ001246.1  2173195  2173425 (17007790)  C          Kuruka  Unspecified (17007790)  2173195  2173425
  604 32.74  0.00  0.37            OZ001246.1  2419681  2420289 (16761261)  C          Kuruka  Unspecified (16761261)  2419681  2420289
  445 38.11  0.00  0.00            OZ001246.1  2451817  2452081 (16729134)  C          Kuruka  Unspecified (16729134)  2451817  2452081
  535 33.85  1.49  2.40            OZ001246.1  2516527  2516862 (16664353)  C          Kuruka  Unspecified (16664353)  2516527  2516862
 1102 34.13  4.13  4.58            OZ001246.1  2619566  2620486 (16560729)  C          Kuruka  Unspecified (16560729)  2619566  2620486
  543 34.04  1.19  2.10            OZ001246.1  2926405  2926740 (16254475)  C          Kuruka  Unspecified (16254475)  2926405  2926740
  415 35.72  4.20  4.47            OZ001246.1  3175304  3175684 (16005531)  C          Kuruka  Unspecified (16005531)  3175304  3175684
  231 36.96  1.12  1.12            OZ001246.1  3185694  3186364 (15995344)  C          Kuruka  Unspecified (15995344)  3185694  3186364
  592 38.81  1.65  1.65            OZ001246.1  3195527  3196619 (15985083)  C          Kuruka  Unspecified (15985083)  3195527  3196619
  613 39.07  1.65  1.65            OZ001246.1  3229127  3230219 (15951483)  C          Kuruka  Unspecified (15951483)  3229127  3230219
  679 37.08  1.86  1.99            OZ001246.1  3352597  3353350 (15827865)  C          Kuruka  Unspecified (15827865)  3352597  3353350
  327 36.24  0.46  0.46            OZ001246.1  3353590  3353808 (15827407)  C          Kuruka  Unspecified (15827407)  3353590  3353808
  244 35.58  2.02  3.69            OZ001246.1  3442744  3442991 (15738224)  C          Kuruka  Unspecified (15738224)  3442744  3442991
  784 32.91  2.11  2.33            OZ001246.1  3457855  3458327 (15722888)  C          Kuruka  Unspecified (15722888)  3457855  3458327
  317 34.61  2.15  2.15            OZ001246.1  3458847  3459032 (15722183)  C          Kuruka  Unspecified (15722183)  3458847  3459032
  617 33.23  1.85  1.54            OZ001246.1  3508708  3509031 (15672184)  C          Kuruka  Unspecified (15672184)  3508708  3509031
  708 33.80  2.71  3.11            OZ001246.1  5833272  5833787 (13347428)  C          Kuruka  Unspecified (13347428)  5833272  5833787
  944 34.60  4.54  4.62            OZ001247.1 14410969 14412180 (4582789)  +          Kuruka  Unspecified (4582789) 14410969 14412180
  520 37.76  0.26  0.26            OZ001247.1 14905023 14906078 (4089558)  +          Kuruka  Unspecified (4089558) 14905023 14906078
 1273 35.70  2.59  2.69            OZ001247.1 15076644 15077685 (3917284)  +          Kuruka  Unspecified (3917284) 15076644 15077685
  998 35.42  3.39  3.52            OZ001247.1 15080508 15081303 (3913666)  +          Kuruka  Unspecified (3913666) 15080508 15081303
  740 36.19  3.71  3.80            OZ001247.1 15171958 15173169 (3821800)  +          Kuruka  Unspecified (3821800) 15171958 15173169
  522 33.57  0.68  2.06            OZ001247.1 15213086 15213380 (3781589)  +          Kuruka  Unspecified (3781589) 15213086 15213380
  586 36.08  4.35  4.35            OZ001247.1 15336436 15337539 (3657430)  +          Kuruka  Unspecified (3657430) 15336436 15337539
  267 29.98  2.58  5.30            OZ001247.1 15373634 15373788 (3621181)  +          Kuruka  Unspecified (3621181) 15373634 15373788
  738 35.97  2.68  2.80            OZ001247.1 15395698 15396518 (3598451)  +          Kuruka  Unspecified (3598451) 15395698 15396518
  541 33.04  2.58  2.87            OZ001247.1 15423280 15423628 (3571341)  +          Kuruka  Unspecified (3571341) 15423280 15423628
  324 31.90  3.45  4.90            OZ001247.1 15491475 15491764 (3503205)  +          Kuruka  Unspecified (3503205) 15491475 15491764
  436 37.90  0.00  4.11            OZ001247.1 15640533 15641600 (3354032)  +          Kuruka  Unspecified (3354032) 15640533 15641600
  352 39.15  0.26  0.26            OZ001247.1 15707467 15708560 (3287114)  +          Kuruka  Unspecified (3287114) 15707467 15708560
  378 39.52  1.57  1.57            OZ001247.1 15920939 15921321 (3073648)  +          Kuruka  Unspecified (3073648) 15920939 15921321
  666 31.76  2.15  2.46            OZ001247.1 16146317 16146642 (2848327)  +          Kuruka  Unspecified (2848327) 16146317 16146642
 1045 36.33  3.14  3.49            OZ001247.1 16153454 16154631 (2840338)  +          Kuruka  Unspecified (2840338) 16153454 16154631
  758 32.18  2.17  2.42            OZ001247.1 16193051 16193464 (2801505)  +          Kuruka  Unspecified (2801505) 16193051 16193464
  557 34.70  1.45  1.74            OZ001247.1 16432660 16433005 (2561964)  +          Kuruka  Unspecified (2561964) 16432660 16433005
  848 34.00  4.91  4.81            OZ001247.1 16473083 16474182 (2520787)  +          Kuruka  Unspecified (2520787) 16473083 16474182
  643 35.12  1.94  2.33            OZ001247.1 16575150 16575665 (2419304)  +          Kuruka  Unspecified (2419304) 16575150 16575665
  442 38.10  0.26  0.26            OZ001247.1 16583436 16584529 (2411145)  +          Kuruka  Unspecified (2411145) 16583436 16584529
  427 37.56  0.26  0.26            OZ001247.1 16884349 16885442 (2110232)  +          Kuruka  Unspecified (2110232) 16884349 16885442
  763 31.76  2.05  2.31            OZ001247.1 17120560 17120949 (1874020)  +          Kuruka  Unspecified (1874020) 17120560 17120949
  427 39.30  0.00  0.00            OZ001247.1 17168671 17169764 (1825910)  +          Kuruka  Unspecified (1825910) 17168671 17169764
  540 33.58  1.11  1.11            OZ001247.1 17281580 17281850 (1713119)  +          Kuruka  Unspecified (1713119) 17281580 17281850
  241 33.25  4.78  6.13            OZ001247.1 17300459 17300772 (1694197)  +          Kuruka  Unspecified (1694197) 17300459 17300772
  355 37.05  3.02  3.02            OZ001247.1 17379708 17380105 (1614864)  +          Kuruka  Unspecified (1614864) 17379708 17380105
  598 29.56  6.89  3.78            OZ001247.1 17380455 17380788 (1614181)  +          Kuruka  Unspecified (1614181) 17380455 17380788
 1279 34.65  3.38  3.49            OZ001247.1 17561167 17562141 (1432828)  +          Kuruka  Unspecified (1432828) 17561167 17562141
  309 36.35  3.38  3.23            OZ001247.1 17686257 17687337 (1308032)  +          Kuruka  Unspecified (1308032) 17686257 17687337
  231 37.36  2.15  2.15            OZ001247.1 17722371 17722556 (1272413)  +          Kuruka  Unspecified (1272413) 17722371 17722556
  791 31.50  2.05  2.31            OZ001247.1 17723074 17723463 (1271506)  +          Kuruka  Unspecified (1271506) 17723074 17723463
  295 24.68  3.66  1.19            OZ001247.1 18096365 18096446 (898523)  +          Kuruka  Unspecified (898523) 18096365 18096446
  580 39.79  1.95  1.95            OZ001247.1 18115428 18115991 (878978)  +          Kuruka  Unspecified (878978) 18115428 18115991
  406 38.23  0.26  0.26            OZ001247.1 18351907 18353000 (642680)  +          Kuruka  Unspecified (642680) 18351907 18353000
  234 22.35  3.41  3.41            OZ001247.1 18482764 18482851 (512118)  +          Kuruka  Unspecified (512118) 18482764 18482851
  522 32.97  1.07  1.43            OZ001247.1 18495367 18495646 (499323)  +          Kuruka  Unspecified (499323) 18495367 18495646
  579 34.25  0.89  1.80            OZ001247.1 18529231 18529566 (465403)  +          Kuruka  Unspecified (465403) 18529231 18529566
  241 23.33  0.00  0.00            OZ001247.1 18740400 18740459 (254510)  +          Kuruka  Unspecified (254510) 18740400 18740459
  466 37.66  0.26  0.26            OZ001247.1 18794747 18795840 (199834)  +          Kuruka  Unspecified (199834) 18794747 18795840
  502 32.61  1.07  1.43            OZ001247.1 18935087 18935366  (59603)  +          Kuruka  Unspecified  (59603) 18935087 18935366
  528 33.85  1.49  2.40            OZ001247.1 18960493 18960828  (34141)  +          Kuruka  Unspecified  (34141) 18960493 18960828
  250 15.91  3.41  0.00            OZ001247.1 13401449 13401536 (5593433)  C          Kuruka  Unspecified (5593433) 13401449 13401536
  285 34.33  2.02  3.69            OZ001247.1 14396879 14397126 (4597843)  C          Kuruka  Unspecified (4597843) 14396879 14397126
  577 34.22  1.15  1.45            OZ001247.1 14488432 14488778 (4506191)  C          Kuruka  Unspecified (4506191) 14488432 14488778
  270 28.83  1.75  2.65            OZ001247.1 14489121 14489234 (4505735)  C          Kuruka  Unspecified (4505735) 14489121 14489234
  717 31.12  1.63  2.46            OZ001247.1 14521082 14521450 (4473519)  C          Kuruka  Unspecified (4473519) 14521082 14521450
  276 35.72  2.15  2.15            OZ001247.1 14521970 14522155 (4472814)  C          Kuruka  Unspecified (4472814) 14521970 14522155
  730 32.26  2.42  2.66            OZ001247.1 14644115 14644528 (4350441)  C          Kuruka  Unspecified (4350441) 14644115 14644528
  573 33.53  1.41  2.28            OZ001247.1 14699725 14700078 (4294891)  C          Kuruka  Unspecified (4294891) 14699725 14700078
  762 33.19  2.11  2.32            OZ001247.1 14758901 14759375 (4235594)  C          Kuruka  Unspecified (4235594) 14758901 14759375
  263 25.00  2.63  0.00            OZ001247.1 14950943 14951018 (4043951)  C          Kuruka  Unspecified (4043951) 14950943 14951018
  800 36.66  3.19  3.10            OZ001247.1 15272913 15274041 (3720928)  C          Kuruka  Unspecified (3720928) 15272913 15274041
  285 32.41  1.36  3.47            OZ001247.1 15478277 15478423 (3516546)  C          Kuruka  Unspecified (3516546) 15478277 15478423
  237 22.35  3.41  3.41            OZ001247.1 15619890 15619977 (3374992)  C          Kuruka  Unspecified (3374992) 15619890 15619977
  651 35.97  2.68  2.80            OZ001247.1 15678029 15678849 (3316120)  C          Kuruka  Unspecified (3316120) 15678029 15678849
  713 32.40  1.23  1.54            OZ001247.1 15755104 15755429 (3239540)  C          Kuruka  Unspecified (3239540) 15755104 15755429
  512 34.15  1.49  2.40            OZ001247.1 15910609 15910944 (3084025)  C          Kuruka  Unspecified (3084025) 15910609 15910944
  602 32.33  0.74  1.12            OZ001247.1 15939296 15939564 (3055405)  C          Kuruka  Unspecified (3055405) 15939296 15939564
  390 37.78  2.26  2.26            OZ001247.1 15939980 15940377 (3054592)  C          Kuruka  Unspecified (3054592) 15939980 15940377
  872 35.02  4.59  4.50            OZ001247.1 16013330 16014549 (2980420)  C          Kuruka  Unspecified (2980420) 16013330 16014549
  480 33.46  0.36  1.08            OZ001247.1 16047292 16047572 (2947397)  C          Kuruka  Unspecified (2947397) 16047292 16047572
  655 33.61  4.36  3.67            OZ001247.1 16103252 16103847 (2891122)  C          Kuruka  Unspecified (2891122) 16103252 16103847
  304 37.16  0.46  0.46            OZ001247.1 16104464 16104682 (2890287)  C          Kuruka  Unspecified (2890287) 16104464 16104682
 1161 35.58  3.66  3.45            OZ001247.1 16350997 16351980 (2642989)  C          Kuruka  Unspecified (2642989) 16350997 16351980
  803 38.96  2.29  2.38            OZ001247.1 16604072 16605165 (2389804)  C          Kuruka  Unspecified (2389804) 16604072 16605165
  236 30.58  3.95  5.33            OZ001247.1 17014594 17014821 (1980148)  C          Kuruka  Unspecified (1980148) 17014594 17014821
  691 31.14  2.15  2.46            OZ001247.1 17063672 17063997 (1930972)  C          Kuruka  Unspecified (1930972) 17063672 17063997
  809 36.93  3.19  2.51            OZ001247.1 17140816 17141882 (1853087)  C          Kuruka  Unspecified (1853087) 17140816 17141882
  484 34.03  2.72  3.07            OZ001247.1 17581232 17581525 (1413444)  C          Kuruka  Unspecified (1413444) 17581232 17581525
  437 40.28  1.38  1.38            OZ001247.1 17605829 17606626 (1388343)  C          Kuruka  Unspecified (1388343) 17605829 17606626
  251 25.97  2.60  0.00            OZ001247.1 17734335 17734411 (1260558)  C          Kuruka  Unspecified (1260558) 17734335 17734411
  747 37.15  2.47  2.64            OZ001247.1 17846527 17847620 (1147836)  C          Kuruka  Unspecified (1147836) 17846527 17847620
 1056 35.87  2.75  2.85            OZ001247.1 18032111 18033163 (961806)  C          Kuruka  Unspecified (961806) 18032111 18033163
  719 38.21  1.65  1.65            OZ001247.1 18172779 18173870 (821585)  C          Kuruka  Unspecified (821585) 18172779 18173870
  705 32.71  1.23  1.54            OZ001247.1 18210612 18210937 (784032)  C          Kuruka  Unspecified (784032) 18210612 18210937
 1031 34.37  4.04  3.77            OZ001247.1 18464864 18465631 (529338)  C          Kuruka  Unspecified (529338) 18464864 18465631
  708 37.34  3.08  3.37            OZ001247.1 18513922 18515318 (479651)  C          Kuruka  Unspecified (479651) 18513922 18515318
  678 33.03  1.23  1.54            OZ001247.1 18657944 18658269 (336700)  C          Kuruka  Unspecified (336700) 18657944 18658269
  249 22.66  3.95  1.28            OZ001247.1 18670851 18670926 (324043)  C          Kuruka  Unspecified (324043) 18670851 18670926
  638 38.28  2.86  2.95            OZ001247.1 18814003 18815154 (179815)  C          Kuruka  Unspecified (179815) 18814003 18815154
  758 36.62  3.72  4.02            OZ001248.1 16781580 16782976 (1829001)  +          Kuruka  Unspecified (1829001) 16781580 16782976
 1006 38.00  1.22  1.22            OZ001248.1 16909283 16910185 (1701792)  +          Kuruka  Unspecified (1701792) 16909283 16910185
  466 37.56  0.26  0.26            OZ001248.1 16990786 16991879 (1620803)  +          Kuruka  Unspecified (1620803) 16990786 16991879
  288 33.35  3.45  4.90            OZ001248.1 17017054 17017343 (1594634)  +          Kuruka  Unspecified (1594634) 17017054 17017343
  617 34.31  1.57  1.83            OZ001248.1 17078720 17079102 (1532875)  +          Kuruka  Unspecified (1532875) 17078720 17079102
  328 29.74  4.88  4.88            OZ001248.1 17155274 17155478 (1456499)  +          Kuruka  Unspecified (1456499) 17155274 17155478
  873 37.66  2.20  2.30            OZ001248.1 17355877 17356966 (1255011)  +          Kuruka  Unspecified (1255011) 17355877 17356966
  868 35.09  4.12  4.22            OZ001248.1 17652341 17653432 (958545)  +          Kuruka  Unspecified (958545) 17652341 17653432
  236 24.68  3.66  1.19            OZ001248.1 17902243 17902324 (709653)  +          Kuruka  Unspecified (709653) 17902243 17902324
  257 24.99  4.11  1.33            OZ001248.1 17929712 17929784 (682193)  +          Kuruka  Unspecified (682193) 17929712 17929784
  599 34.22  1.15  1.45            OZ001248.1 18044818 18045164 (566813)  +          Kuruka  Unspecified (566813) 18044818 18045164
  494 37.36  0.26  0.26            OZ001248.1 18416060 18417153 (195529)  +          Kuruka  Unspecified (195529) 18416060 18417153
  263 33.93  3.28  4.56            OZ001248.1 16881958 16882201 (1729776)  C          Kuruka  Unspecified (1729776) 16881958 16882201
  295 27.50  3.23  3.23            OZ001248.1 17313489 17313612 (1298365)  C          Kuruka  Unspecified (1298365) 17313489 17313612
  272 32.43  3.65  3.65            OZ001248.1 17315921 17316112 (1295865)  C          Kuruka  Unspecified (1295865) 17315921 17316112
  404 36.78  2.58  2.75            OZ001248.1 17348714 17349676 (1262682)  C          Kuruka  Unspecified (1262682) 17348714 17349676
  773 37.36  1.98  2.15            OZ001248.1 17591731 17592824 (1019640)  C          Kuruka  Unspecified (1019640) 17591731 17592824
  272 24.18  6.45  9.27            OZ001248.1 17677911 17678065 (933912)  C          Kuruka  Unspecified (933912) 17677911 17678065
 1180 34.57  3.49  3.59            OZ001248.1 17811569 17812543 (799434)  C          Kuruka  Unspecified (799434) 17811569 17812543
  237 35.76  1.31  1.31            OZ001248.1 17946498 17946650 (665327)  C          Kuruka  Unspecified (665327) 17946498 17946650
  243 34.05  2.00  2.00            OZ001248.1 17946993 17947494 (664885)  C          Kuruka  Unspecified (664885) 17946993 17947494
  806 37.46  1.98  2.15            OZ001248.1 18113858 18114951 (497513)  C          Kuruka  Unspecified (497513) 18113858 18114951
  607 33.63  1.15  1.45            OZ001248.1 18151788 18152134 (459843)  C          Kuruka  Unspecified (459843) 18151788 18152134
  567 33.96  6.63  3.38            OZ001248.1 18173853 18174425 (437552)  C          Kuruka  Unspecified (437552) 18173853 18174425
 1222 38.19  2.01  2.10            OZ001248.1 18205388 18206481 (405496)  C          Kuruka  Unspecified (405496) 18205388 18206481
  921 38.32  2.10  2.20            OZ001248.1 18401865 18402958 (209019)  C          Kuruka  Unspecified (209019) 18401865 18402958
  306 28.31  6.94  9.14            OZ001249.1  8172575  8172920 (9987157)  +          Kuruka  Unspecified (9987157)  8172575  8172920
  561 36.89  0.79  0.79            OZ001249.1  8765748  8766899 (9393951)  +          Kuruka  Unspecified (9393951)  8765748  8766899
  321 34.61  2.15  2.15            OZ001249.1  8912298  8912483 (9247594)  +          Kuruka  Unspecified (9247594)  8912298  8912483
  614 32.57  2.02  6.78            OZ001249.1  8913003  8913496 (9246581)  +          Kuruka  Unspecified (9246581)  8913003  8913496
  430 34.00  2.88  3.21            OZ001249.1  8932325  8932637 (9227440)  +          Kuruka  Unspecified (9227440)  8932325  8932637
 1180 34.99  2.77  2.88            OZ001249.1  9604901  9605874 (8554203)  +          Kuruka  Unspecified (8554203)  9604901  9605874
  431 38.34  0.00  0.00            OZ001249.1  9974329  9975304 (8185360)  +          Kuruka  Unspecified (8185360)  9974329  9975304
  237 22.35  3.41  3.41            OZ001249.1 10232139 10232226 (7927851)  +          Kuruka  Unspecified (7927851) 10232139 10232226
  322 37.75  3.01  3.01            OZ001249.1 10276775 10277140 (7882937)  +          Kuruka  Unspecified (7882937) 10276775 10277140
  513 35.90  1.74  2.04            OZ001249.1 10277481 10277824 (7882253)  +          Kuruka  Unspecified (7882253) 10277481 10277824
  297 34.92  4.30  4.30            OZ001249.1 10421126 10421520 (7738557)  +          Kuruka  Unspecified (7738557) 10421126 10421520
  608 34.51  1.15  1.45            OZ001249.1 10421863 10422209 (7737868)  +          Kuruka  Unspecified (7737868) 10421863 10422209
 1142 35.68  3.66  3.45            OZ001249.1 10441008 10441991 (7718086)  +          Kuruka  Unspecified (7718086) 10441008 10441991
  372 39.02  0.00  0.00            OZ001249.1 10521150 10522251 (7638539)  +          Kuruka  Unspecified (7638539) 10521150 10522251
  881 34.75  2.41  2.58            OZ001249.1 10916561 10917142 (7242935)  +          Kuruka  Unspecified (7242935) 10916561 10917142
 1361 35.66  2.57  2.77            OZ001249.1 10924363 10925412 (7234665)  +          Kuruka  Unspecified (7234665) 10924363 10925412
  316 32.63  3.45  4.90            OZ001249.1 11026074 11026363 (7133714)  +          Kuruka  Unspecified (7133714) 11026074 11026363
  940 35.65  3.85  3.94            OZ001249.1 11045720 11046887 (7113190)  +          Kuruka  Unspecified (7113190) 11045720 11046887
  355 31.90  3.45  4.90            OZ001249.1 11071487 11071776 (7088301)  +          Kuruka  Unspecified (7088301) 11071487 11071776
  764 32.00  2.29  2.53            OZ001249.1 11088346 11088781 (7071296)  +          Kuruka  Unspecified (7071296) 11088346 11088781
  236 25.58  2.27  2.27            OZ001249.1 12427548 12427635 (5732442)  +          Kuruka  Unspecified (5732442) 12427548 12427635
  448 36.14  3.78  3.96            OZ001249.1 12500811 12501392 (5658685)  +          Kuruka  Unspecified (5658685) 12500811 12501392
  322 37.27  3.30  3.30            OZ001249.1 12864558 12864951 (5295126)  +          Kuruka  Unspecified (5295126) 12864558 12864951
  612 34.79  1.15  1.45            OZ001249.1 12865294 12865640 (5294437)  +          Kuruka  Unspecified (5294437) 12865294 12865640
  871 37.11  3.35  3.65            OZ001249.1 12882110 12883510 (5276567)  +          Kuruka  Unspecified (5276567) 12882110 12883510
 1208 33.70  4.31  4.41            OZ001249.1 12935746 12936720 (5223357)  +          Kuruka  Unspecified (5223357) 12935746 12936720
  494 37.60  0.26  0.26            OZ001249.1 13030266 13031359 (5129423)  +          Kuruka  Unspecified (5129423) 13030266 13031359
  776 38.09  1.27  1.27            OZ001249.1 13060510 13061219 (5098858)  +          Kuruka  Unspecified (5098858) 13060510 13061219
  236 34.85  5.50  6.97            OZ001249.1 13083536 13084044 (5076033)  +          Kuruka  Unspecified (5076033) 13083536 13084044
  577 34.22  1.15  1.45            OZ001249.1 13169081 13169427 (4990650)  +          Kuruka  Unspecified (4990650) 13169081 13169427
  469 37.79  0.26  0.26            OZ001249.1 13177120 13178213 (4982569)  +          Kuruka  Unspecified (4982569) 13177120 13178213
  403 39.22  1.46  1.83            OZ001249.1 13186174 13186721 (4973356)  +          Kuruka  Unspecified (4973356) 13186174 13186721
 1344 33.76  3.90  4.00            OZ001249.1 13225120 13226094 (4933983)  +          Kuruka  Unspecified (4933983) 13225120 13226094
  731 38.85  1.65  1.74            OZ001249.1 13284368 13285457 (4874620)  +          Kuruka  Unspecified (4874620) 13284368 13285457
  803 36.91  1.65  1.82            OZ001249.1 13848022 13848628 (4311449)  +          Kuruka  Unspecified (4311449) 13848022 13848628
  235 22.35  3.41  3.41            OZ001249.1 16298858 16298945 (1861132)  +          Kuruka  Unspecified (1861132) 16298858 16298945
  264 27.27  2.27  0.00            OZ001249.1  8082098  8082185 (10077892)  C          Kuruka  Unspecified (10077892)  8082098  8082185
  683 34.61  3.40  3.56            OZ001249.1  8093074  8093720 (10066357)  C          Kuruka  Unspecified (10066357)  8093074  8093720
  537 32.98  1.06  2.15            OZ001249.1  8496866  8497147 (9662930)  C          Kuruka  Unspecified (9662930)  8496866  8497147
  661 37.19  3.80  3.90            OZ001249.1  9791356  9792407 (8367670)  C          Kuruka  Unspecified (8367670)  9791356  9792407
  659 36.72  2.68  2.80            OZ001249.1 10343780 10344600 (7815477)  C          Kuruka  Unspecified (7815477) 10343780 10344600
  790 34.72  4.95  4.86            OZ001249.1 10366962 10368051 (7792026)  C          Kuruka  Unspecified (7792026) 10366962 10368051
  447 37.37  3.06  3.23            OZ001249.1 10392685 10393273 (7766804)  C          Kuruka  Unspecified (7766804) 10392685 10393273
 1322 35.79  2.30  2.40            OZ001249.1 10428094 10429135 (7730942)  C          Kuruka  Unspecified (7730942) 10428094 10429135
  514 35.48  1.16  1.45            OZ001249.1 10473557 10473902 (7686175)  C          Kuruka  Unspecified (7686175) 10473557 10473902
  335 33.49  5.24  3.94            OZ001249.1 10474245 10474645 (7685432)  C          Kuruka  Unspecified (7685432) 10474245 10474645
  285 34.33  2.02  3.69            OZ001249.1 10708157 10708404 (7451673)  C          Kuruka  Unspecified (7451673) 10708157 10708404
  612 36.08  4.08  2.68            OZ001249.1 10831799 10832607 (7327470)  C          Kuruka  Unspecified (7327470) 10831799 10832607
 1251 34.41  3.49  3.59            OZ001249.1 10862126 10863156 (7296921)  C          Kuruka  Unspecified (7296921) 10862126 10863156
  647 36.08  3.80  3.93            OZ001249.1 10993593 10994625 (7165721)  C          Kuruka  Unspecified (7165721) 10993593 10994625
 1310 32.80  3.49  3.60            OZ001249.1 11109285 11110258 (7049819)  C          Kuruka  Unspecified (7049819) 11109285 11110258
  622 34.22  1.15  1.45            OZ001249.1 11124961 11125307 (7034770)  C          Kuruka  Unspecified (7034770) 11124961 11125307
  264 29.47  5.47  5.47            OZ001249.1 11125650 11125850 (7034227)  C          Kuruka  Unspecified (7034227) 11125650 11125850
  249 24.68  3.66  1.19            OZ001249.1 12321785 12321866 (5838211)  C          Kuruka  Unspecified (5838211) 12321785 12321866
  355 32.90  1.31  3.11            OZ001249.1 12539984 12540212 (5619865)  C          Kuruka  Unspecified (5619865) 12539984 12540212
  325 36.87  4.28  4.60            OZ001249.1 12566826 12567838 (5592925)  C          Kuruka  Unspecified (5592925) 12566826 12567838
  271 34.99  1.96  3.59            OZ001249.1 12613624 12613878 (5546199)  C          Kuruka  Unspecified (5546199) 12613624 12613878
  771 37.79  1.65  1.82            OZ001249.1 12752449 12753542 (5407022)  C          Kuruka  Unspecified (5407022) 12752449 12753542
  265 34.75  2.02  3.69            OZ001249.1 13071014 13071261 (5088816)  C          Kuruka  Unspecified (5088816) 13071014 13071261
  927 35.54  2.05  2.37            OZ001249.1 13192856 13193489 (4966588)  C          Kuruka  Unspecified (4966588) 13192856 13193489
  730 38.13  2.47  2.64            OZ001249.1 13433690 13434783 (4725781)  C          Kuruka  Unspecified (4725781) 13433690 13434783
  267 23.98  6.58  9.46            OZ001249.1 13562077 13562228 (4597849)  C          Kuruka  Unspecified (4597849) 13562077 13562228
  853 37.26  1.98  2.15            OZ001249.1 13644007 13645100 (4515464)  C          Kuruka  Unspecified (4515464) 13644007 13645100
  604 34.51  1.15  1.45            OZ001249.1 13680147 13680493 (4479584)  C          Kuruka  Unspecified (4479584) 13680147 13680493
  276 35.02  4.56  4.56            OZ001249.1 13680836 13681230 (4478847)  C          Kuruka  Unspecified (4478847) 13680836 13681230
  256 30.43  3.36  3.36            OZ001249.1 13689886 13690004 (4470073)  C          Kuruka  Unspecified (4470073) 13689886 13690004
  803 34.34  4.79  4.87            OZ001249.1 13800975 13802186 (4357891)  C          Kuruka  Unspecified (4357891) 13800975 13802186
 1199 35.64  3.56  3.35            OZ001249.1 13882371 13883354 (4276723)  C          Kuruka  Unspecified (4276723) 13882371 13883354
  336 32.27  3.45  4.90            OZ001250.1 13766237 13766526 (4100897)  +          Kuruka  Unspecified (4100897) 13766237 13766526
  233 36.17  2.08  2.08            OZ001250.1 16590021 16590212 (1277211)  +          Kuruka  Unspecified (1277211) 16590021 16590212
  627 34.47  4.18  4.47            OZ001250.1 16590459 16591199 (1276224)  +          Kuruka  Unspecified (1276224) 16590459 16591199
  559 32.97  1.07  1.79            OZ001250.1 16795689 16795969 (1071454)  +          Kuruka  Unspecified (1071454) 16795689 16795969
  837 35.32  4.09  4.00            OZ001250.1 16833041 16834140 (1033283)  +          Kuruka  Unspecified (1033283) 16833041 16834140
  234 22.35  3.41  3.41            OZ001250.1 17542360 17542447 (324976)  +          Kuruka  Unspecified (324976) 17542360 17542447
  424 37.56  0.26  0.26            OZ001250.1 17664900 17665993 (202135)  +          Kuruka  Unspecified (202135) 17664900 17665993
  332 37.17  3.29  3.29            OZ001250.1 17790928 17791322  (76101)  +          Kuruka  Unspecified  (76101) 17790928 17791322
  617 34.79  1.15  1.45            OZ001250.1 17791665 17792011  (75412)  +          Kuruka  Unspecified  (75412) 17791665 17792011
  562 34.79  1.15  1.45            OZ001250.1 16426736 16427082 (1440341)  C          Kuruka  Unspecified (1440341) 16426736 16427082
 1156 35.58  3.66  3.45            OZ001250.1 16877877 16878860 (988563)  C          Kuruka  Unspecified (988563) 16877877 16878860
  739 33.06  5.06  5.42            OZ001250.1 16903378 16904266 (963157)  C          Kuruka  Unspecified (963157) 16903378 16904266
  582 33.80  1.66  3.02            OZ001250.1 16907960 16908261 (959162)  C          Kuruka  Unspecified (959162) 16907960 16908261
  722 38.51  2.14  2.14            OZ001250.1 16910507 16911302 (956121)  C          Kuruka  Unspecified (956121) 16910507 16911302
  671 38.55  1.82  1.82            OZ001250.1 17128886 17129978 (737932)  C          Kuruka  Unspecified (737932) 17128886 17129978
  713 38.72  1.65  1.82            OZ001250.1 17145110 17146199 (721707)  C          Kuruka  Unspecified (721707) 17145110 17146199
  595 33.46  0.36  1.08            OZ001250.1 17168773 17169053 (698370)  C          Kuruka  Unspecified (698370) 17168773 17169053
  248 28.17  3.54  2.63            OZ001250.1 17195673 17195785 (671638)  C          Kuruka  Unspecified (671638) 17195673 17195785
  480 31.39  3.31  4.00            OZ001250.1 17303666 17303967 (563456)  C          Kuruka  Unspecified (563456) 17303666 17303967
  610 35.08  4.02  4.15            OZ001250.1 17368816 17369636 (497787)  C          Kuruka  Unspecified (497787) 17368816 17369636
  279 28.69  3.36  3.36            OZ001251.1    34871    34989 (17346746)  +          Kuruka  Unspecified (17346746)    34871    34989
  674 33.80  2.71  3.11            OZ001251.1   206665   207180 (17174555)  +          Kuruka  Unspecified (17174555)   206665   207180
  527 35.05  0.60  1.50            OZ001251.1   438822   439157 (16942578)  +          Kuruka  Unspecified (16942578)   438822   439157
  504 38.20  0.26  0.26            OZ001251.1   454173   455266 (16927174)  +          Kuruka  Unspecified (16927174)   454173   455266
  399 35.71  1.99  2.33            OZ001251.1   531975   532275 (16849460)  +          Kuruka  Unspecified (16849460)   531975   532275
  406 35.68  0.37  0.74            OZ001251.1   689623   689893 (16691842)  +          Kuruka  Unspecified (16691842)   689623   689893
  640 37.40  3.22  3.52            OZ001251.1   720602   721998 (16659737)  +          Kuruka  Unspecified (16659737)   720602   721998
  285 34.33  2.02  3.69            OZ001251.1   745389   745636 (16636099)  +          Kuruka  Unspecified (16636099)   745389   745636
  632 35.93  1.53  1.79            OZ001251.1   763261   763651 (16618084)  +          Kuruka  Unspecified (16618084)   763261   763651
  300 26.14  2.27  0.00            OZ001251.1   781378   781465 (16600270)  +          Kuruka  Unspecified (16600270)   781378   781465
  519 37.99  0.26  0.26            OZ001251.1   807806   808899 (16573541)  +          Kuruka  Unspecified (16573541)   807806   808899
  278 33.13  1.28  3.27            OZ001251.1   845310   845465 (16536270)  +          Kuruka  Unspecified (16536270)   845310   845465
  307 35.17  2.15  2.15            OZ001251.1  1090359  1090544 (16291191)  +          Kuruka  Unspecified (16291191)  1090359  1090544
  734 33.12  2.11  2.33            OZ001251.1  1091064  1091536 (16290199)  +          Kuruka  Unspecified (16290199)  1091064  1091536
  489 37.90  2.38  2.38            OZ001251.1  1381705  1382585 (15999150)  +          Kuruka  Unspecified (15999150)  1381705  1382585
  235 36.04  3.12  3.53            OZ001251.1  1501752  1502007 (15879728)  +          Kuruka  Unspecified (15879728)  1501752  1502007
  391 37.25  1.50  1.50            OZ001251.1  1514863  1515801 (15866607)  +          Kuruka  Unspecified (15866607)  1514863  1515801
  426 38.06  0.26  0.26            OZ001251.1  1541619  1542712 (15839728)  +          Kuruka  Unspecified (15839728)  1541619  1542712
  565 33.10  0.36  1.08            OZ001251.1  1549143  1549423 (15832312)  +          Kuruka  Unspecified (15832312)  1549143  1549423
  237 22.66  3.95  1.28            OZ001251.1  1567974  1568049 (15813686)  +          Kuruka  Unspecified (15813686)  1567974  1568049
  260 27.27  2.27  0.00            OZ001251.1  2322520  2322607 (15059128)  +          Kuruka  Unspecified (15059128)  2322520  2322607
 1065 35.78  2.75  2.85            OZ001251.1  2892207  2893259 (14488476)  +          Kuruka  Unspecified (14488476)  2892207  2893259
  358 37.37  2.51  2.51            OZ001251.1  2923211  2923608 (14458127)  +          Kuruka  Unspecified (14458127)  2923211  2923608
  559 32.71  0.74  1.12            OZ001251.1  2924024  2924292 (14457443)  +          Kuruka  Unspecified (14457443)  2924024  2924292
  573 34.22  1.15  1.45            OZ001251.1  3042069  3042415 (14339320)  +          Kuruka  Unspecified (14339320)  3042069  3042415
  890 35.33  4.26  4.18            OZ001251.1  3088054  3089273 (14292462)  +          Kuruka  Unspecified (14292462)  3088054  3089273
  313 34.81  2.98  3.42            OZ001251.1  3232506  3232740 (14148995)  +          Kuruka  Unspecified (14148995)  3232506  3232740
  662 36.61  2.93  3.08            OZ001251.1  3232978  3233659 (14148076)  +          Kuruka  Unspecified (14148076)  3232978  3233659
  737 38.18  2.60  2.69            OZ001251.1    22241    23392 (17358343)  C          Kuruka  Unspecified (17358343)    22241    23392
 1090 35.42  3.17  3.27            OZ001251.1   130080   131121 (17250614)  C          Kuruka  Unspecified (17250614)   130080   131121
  478 34.67  1.52  1.83            OZ001251.1   174822   175150 (17206585)  C          Kuruka  Unspecified (17206585)   174822   175150
  798 38.03  1.81  1.98            OZ001251.1   539491   540584 (16841638)  C          Kuruka  Unspecified (16841638)   539491   540584
  890 38.26  1.48  1.65            OZ001251.1   796529   797622 (16584600)  C          Kuruka  Unspecified (16584600)   796529   797622
  309 25.26  2.08  1.03            OZ001251.1   833936   834031 (16547704)  C          Kuruka  Unspecified (16547704)   833936   834031
  697 37.91  1.45  3.80            OZ001251.1  1238575  1239681 (16142541)  C          Kuruka  Unspecified (16142541)  1238575  1239681
  684 39.10  1.32  1.49            OZ001251.1  1272170  1273263 (16108959)  C          Kuruka  Unspecified (16108959)  1272170  1273263
  561 32.97  1.07  1.79            OZ001251.1  1309083  1309363 (16072372)  C          Kuruka  Unspecified (16072372)  1309083  1309363
  400 33.07  1.53  1.92            OZ001251.1  1455034  1455410 (15926441)  C          Kuruka  Unspecified (15926441)  1455034  1455410
  446 38.55  1.48  1.65            OZ001251.1  1528961  1530050 (15852168)  C          Kuruka  Unspecified (15852168)  1528961  1530050
  944 34.54  4.67  4.59            OZ001251.1  1717575  1718794 (15662941)  C          Kuruka  Unspecified (15662941)  1717575  1718794
  831 38.81  1.91  2.29            OZ001251.1  1741244  1742340 (15639395)  C          Kuruka  Unspecified (15639395)  1741244  1742340
  790 31.37  2.52  2.76            OZ001251.1  1846842  1847277 (15534458)  C          Kuruka  Unspecified (15534458)  1846842  1847277
  298 35.17  2.15  2.15            OZ001251.1  1847798  1847983 (15533752)  C          Kuruka  Unspecified (15533752)  1847798  1847983
  226 22.35  3.41  3.41            OZ001251.1  2526556  2526643 (14855092)  C          Kuruka  Unspecified (14855092)  2526556  2526643
  280 28.62  2.58  5.30            OZ001251.1  2565899  2566053 (14815682)  C          Kuruka  Unspecified (14815682)  2565899  2566053
  263 25.00  2.63  0.00            OZ001251.1  3057177  3057252 (14324483)  C          Kuruka  Unspecified (14324483)  3057177  3057252
  643 36.09  2.68  2.80            OZ001251.1  3067739  3068559 (14313176)  C          Kuruka  Unspecified (14313176)  3067739  3068559
  589 34.79  1.15  1.45            OZ001251.1  3104946  3105292 (14276443)  C          Kuruka  Unspecified (14276443)  3104946  3105292
  286 35.81  4.56  4.56            OZ001251.1  3105635  3106029 (14275706)  C          Kuruka  Unspecified (14275706)  3105635  3106029
  466 36.72  3.52  3.52            OZ001252.1    78234    78631 (16583445)  +          Kuruka  Unspecified (16583445)    78234    78631
  598 35.61  1.74  2.04            OZ001252.1    78972    79315 (16582761)  +          Kuruka  Unspecified (16582761)    78972    79315
  519 38.06  0.26  0.26            OZ001252.1   164926   166019 (16496762)  +          Kuruka  Unspecified (16496762)   164926   166019
  266 33.91  2.02  3.69            OZ001252.1   222288   222535 (16439541)  +          Kuruka  Unspecified (16439541)   222288   222535
  954 35.49  3.77  3.69            OZ001252.1   234919   236138 (16425938)  +          Kuruka  Unspecified (16425938)   234919   236138
  960 37.76  1.44  1.44            OZ001252.1   315088   315987 (16346089)  +          Kuruka  Unspecified (16346089)   315088   315987
  233 20.00  0.00  0.00            OZ001252.1   316370   316414 (16345662)  +          Kuruka  Unspecified (16345662)   316370   316414
  625 36.94  1.61  3.96            OZ001252.1   446022   446641 (16215435)  +          Kuruka  Unspecified (16215435)   446022   446641
  232 27.27  2.60  0.00            OZ001252.1   607962   608038 (16054038)  +          Kuruka  Unspecified (16054038)   607962   608038
  294 35.02  4.56  4.56            OZ001252.1   717302   717696 (15944380)  +          Kuruka  Unspecified (15944380)   717302   717696
  649 33.13  1.44  1.73            OZ001252.1   718039   718385 (15943691)  +          Kuruka  Unspecified (15943691)   718039   718385
  286 29.56  3.36  3.36            OZ001252.1   766703   766821 (15895255)  +          Kuruka  Unspecified (15895255)   766703   766821
  296 27.16  0.00  0.00            OZ001252.1  1294192  1294272 (15367804)  +          Kuruka  Unspecified (15367804)  1294192  1294272
  541 37.19  0.79  0.79            OZ001252.1  1516956  1518107 (15144742)  +          Kuruka  Unspecified (15144742)  1516956  1518107
  550 34.98  4.55  5.30            OZ001252.1  1529873  1530708 (15131368)  +          Kuruka  Unspecified (15131368)  1529873  1530708
  434 38.16  0.26  0.26            OZ001252.1  1653295  1654388 (15008393)  +          Kuruka  Unspecified (15008393)  1653295  1654388
  587 32.93  1.49  2.40            OZ001252.1  1983635  1983970 (14678106)  +          Kuruka  Unspecified (14678106)  1983635  1983970
  290 31.54  3.46  5.29            OZ001252.1  2303567  2303797 (14358279)  +          Kuruka  Unspecified (14358279)  2303567  2303797
  743 35.23  3.89  3.79            OZ001252.1  2424450  2425529 (14236547)  +          Kuruka  Unspecified (14236547)  2424450  2425529
  440 37.90  0.26  0.26            OZ001252.1  2466199  2467293 (14195489)  +          Kuruka  Unspecified (14195489)  2466199  2467293
  760 34.66  2.86  3.03            OZ001252.1  2856455  2857049 (13805027)  +          Kuruka  Unspecified (13805027)  2856455  2857049
  521 35.15  0.89  1.80            OZ001252.1  2919599  2919934 (13742142)  +          Kuruka  Unspecified (13742142)  2919599  2919934
  466 37.36  0.26  0.26            OZ001252.1  2928561  2929654 (13733127)  +          Kuruka  Unspecified (13733127)  2928561  2929654
  270 35.43  1.61  3.28            OZ001252.1  2937129  2937376 (13724700)  +          Kuruka  Unspecified (13724700)  2937129  2937376
  414 36.03  3.77  3.77            OZ001252.1 11980989 11981386 (4680690)  +          Kuruka  Unspecified (4680690) 11980989 11981386
  571 35.61  1.74  2.04            OZ001252.1 11981727 11982070 (4680006)  +          Kuruka  Unspecified (4680006) 11981727 11982070
  720 38.75  1.65  1.84            OZ001252.1    33369    34459 (16627617)  C          Kuruka  Unspecified (16627617)    33369    34459
  751 37.90  1.65  1.82            OZ001252.1    46193    47286 (16615277)  C          Kuruka  Unspecified (16615277)    46193    47286
  249 28.41  2.27  0.00            OZ001252.1   110897   110984 (16551092)  C          Kuruka  Unspecified (16551092)   110897   110984
  598 35.09  1.15  1.45            OZ001252.1   120568   120914 (16541162)  C          Kuruka  Unspecified (16541162)   120568   120914
  342 37.17  3.29  3.29            OZ001252.1   121257   121651 (16540425)  C          Kuruka  Unspecified (16540425)   121257   121651
  741 35.12  1.94  2.33            OZ001252.1   141887   142402 (16519674)  C          Kuruka  Unspecified (16519674)   141887   142402
  809 36.91  2.87  2.98            OZ001252.1   173332   174272 (16487804)  C          Kuruka  Unspecified (16487804)   173332   174272
  551 31.65  3.83  4.09            OZ001252.1   216577   216968 (16445108)  C          Kuruka  Unspecified (16445108)   216577   216968
  233 20.00  0.00  0.00            OZ001252.1   327992   328036 (16334040)  C          Kuruka  Unspecified (16334040)   327992   328036
  942 37.98  1.44  1.44            OZ001252.1   328419   329321 (16332755)  C          Kuruka  Unspecified (16332755)   328419   329321
  477 37.33  2.23  2.41            OZ001252.1   525603   526184 (16135892)  C          Kuruka  Unspecified (16135892)   525603   526184
  772 37.87  2.95  3.04            OZ001252.1   704873   706024 (15956052)  C          Kuruka  Unspecified (15956052)   704873   706024
  228 30.69  5.14  7.14            OZ001252.1   836066   836279 (15825797)  C          Kuruka  Unspecified (15825797)   836066   836279
 1053 36.75  1.96  2.07            OZ001252.1   872904   873820 (15788256)  C          Kuruka  Unspecified (15788256)   872904   873820
  820 37.56  1.98  2.15            OZ001252.1  1305223  1306316 (15356247)  C          Kuruka  Unspecified (15356247)  1305223  1306316
  570 33.24  1.49  2.40            OZ001252.1  1400198  1400533 (15261543)  C          Kuruka  Unspecified (15261543)  1400198  1400533
  746 31.49  1.71  2.01            OZ001252.1  1498386  1498735 (15163341)  C          Kuruka  Unspecified (15163341)  1498386  1498735
  283 35.72  2.15  2.15            OZ001252.1  1499255  1499440 (15162636)  C          Kuruka  Unspecified (15162636)  1499255  1499440
  562 34.79  1.15  1.45            OZ001252.1  1850444  1850790 (14811286)  C          Kuruka  Unspecified (14811286)  1850444  1850790
  287 34.48  4.56  4.56            OZ001252.1  1851133  1851527 (14810549)  C          Kuruka  Unspecified (14810549)  1851133  1851527
 1100 36.00  2.56  2.66            OZ001252.1  2194545  2195597 (14466479)  C          Kuruka  Unspecified (14466479)  2194545  2195597
  686 34.27  2.33  2.54            OZ001252.1  2231907  2232379 (14429697)  C          Kuruka  Unspecified (14429697)  2231907  2232379
  273 36.11  2.17  2.17            OZ001252.1  2232901  2233084 (14428992)  C          Kuruka  Unspecified (14428992)  2232901  2233084
  226 23.68  3.90  1.27            OZ001252.1  2400177  2400253 (14261823)  C          Kuruka  Unspecified (14261823)  2400177  2400253
  286 35.81  4.56  4.56            OZ001253.1  6393222  6393616 (10039964)  +          Kuruka  Unspecified (10039964)  6393222  6393616
  608 34.51  1.15  1.45            OZ001253.1  6393959  6394305 (10039275)  +          Kuruka  Unspecified (10039275)  6393959  6394305
  547 35.02  2.35  2.35            OZ001253.1  6401310  6401692 (10031888)  +          Kuruka  Unspecified (10031888)  6401310  6401692
  339 41.50  0.26  0.26            OZ001253.1  6833241  6833629 (9599951)  +          Kuruka  Unspecified (9599951)  6833241  6833629
  350 36.65  3.83  3.83            OZ001253.1  7225137  7225502 (9208078)  +          Kuruka  Unspecified (9208078)  7225137  7225502
  515 35.90  1.74  2.04            OZ001253.1  7225843  7226186 (9207394)  +          Kuruka  Unspecified (9207394)  7225843  7226186
  685 38.13  2.69  2.78            OZ001253.1  7969286  7970437 (8463143)  +          Kuruka  Unspecified (8463143)  7969286  7970437
  373 37.82  2.19  2.19            OZ001253.1  8216935  8217299 (8216281)  +          Kuruka  Unspecified (8216281)  8216935  8217299
  577 32.33  0.74  1.12            OZ001253.1  8217715  8217983 (8215597)  +          Kuruka  Unspecified (8215597)  8217715  8217983
  256 34.33  2.02  3.69            OZ001253.1  8402796  8403043 (8030537)  +          Kuruka  Unspecified (8030537)  8402796  8403043
  755 35.84  2.68  2.80            OZ001253.1  8493373  8494193 (7939387)  +          Kuruka  Unspecified (7939387)  8493373  8494193
  951 37.36  3.06  4.00            OZ001253.1  8647604  8648941 (7784639)  +          Kuruka  Unspecified (7784639)  8647604  8648941
  532 33.34  1.07  1.79            OZ001253.1  8697772  8698052 (7735528)  +          Kuruka  Unspecified (7735528)  8697772  8698052
  229 33.09  1.45  1.45            OZ001253.1  8957456  8957593 (7475987)  +          Kuruka  Unspecified (7475987)  8957456  8957593
  468 33.85  1.49  2.40            OZ001253.1  9186974  9187309 (7246271)  +          Kuruka  Unspecified (7246271)  9186974  9187309
  741 36.77  4.01  3.36            OZ001253.1  9322572  9323694 (7109886)  +          Kuruka  Unspecified (7109886)  9322572  9323694
  762 38.27  0.82  0.99            OZ001253.1  9401793  9402399 (7031181)  +          Kuruka  Unspecified (7031181)  9401793  9402399
  771 32.76  2.11  2.32            OZ001253.1  9514770  9515244 (6918336)  +          Kuruka  Unspecified (6918336)  9514770  9515244
  287 29.89  6.45  5.96            OZ001253.1  9921151  9921367 (6512213)  +          Kuruka  Unspecified (6512213)  9921151  9921367
  294 33.35  3.45  4.90            OZ001253.1  9958842  9959131 (6474449)  +          Kuruka  Unspecified (6474449)  9958842  9959131
  238 33.34  4.40  4.40            OZ001253.1 10035162 10035434 (6398146)  +          Kuruka  Unspecified (6398146) 10035162 10035434
  440 35.32  0.37  0.74            OZ001253.1 10035855 10036125 (6397455)  +          Kuruka  Unspecified (6397455) 10035855 10036125
  669 35.94  4.33  5.42            OZ001253.1 10677083 10678144 (5755436)  +          Kuruka  Unspecified (5755436) 10677083 10678144
  450 35.32  0.37  0.74            OZ001253.1 10750018 10750288 (5683292)  +          Kuruka  Unspecified (5683292) 10750018 10750288
  227 36.61  1.61  1.61            OZ001253.1 10762995 10763180 (5670400)  +          Kuruka  Unspecified (5670400) 10762995 10763180
  664 35.45  2.63  2.63            OZ001253.1 10763433 10764078 (5669502)  +          Kuruka  Unspecified (5669502) 10763433 10764078
  512 37.80  2.06  2.06            OZ001253.1 10792264 10792652 (5640928)  +          Kuruka  Unspecified (5640928) 10792264 10792652
  880 37.01  1.50  1.67            OZ001253.1 10794103 10794701 (5638879)  +          Kuruka  Unspecified (5638879) 10794103 10794701
 1186 39.72  0.92  0.92            OZ001253.1 10838773 10839857 (5593723)  +          Kuruka  Unspecified (5593723) 10838773 10839857
  348 34.04  1.98  3.61            OZ001253.1 10855438 10855690 (5577890)  +          Kuruka  Unspecified (5577890) 10855438 10855690
  541 33.55  1.49  2.40            OZ001253.1 11015450 11015785 (5417795)  +          Kuruka  Unspecified (5417795) 11015450 11015785
  228 22.99  5.43  5.43            OZ001253.1 11130619 11130710 (5302870)  +          Kuruka  Unspecified (5302870) 11130619 11130710
  314 28.88  4.78  6.64            OZ001253.1 11703864 11704093 (4729487)  +          Kuruka  Unspecified (4729487) 11703864 11704093
  703 37.89  4.61  1.42            OZ001253.1 12053524 12054412 (4379168)  +          Kuruka  Unspecified (4379168) 12053524 12054412
  270 35.78  0.46  0.46            OZ001253.1 12197221 12197439 (4236141)  +          Kuruka  Unspecified (4236141) 12197221 12197439
  523 36.13  1.61  2.10            OZ001253.1 12197693 12198314 (4235266)  +          Kuruka  Unspecified (4235266) 12197693 12198314
  917 37.19  3.57  3.57            OZ001253.1 12237138 12238230 (4195350)  +          Kuruka  Unspecified (4195350) 12237138 12238230
  383 36.56  3.77  3.77            OZ001253.1 12282579 12282976 (4150604)  +          Kuruka  Unspecified (4150604) 12282579 12282976
  523 34.85  0.38  0.75            OZ001253.1 12283395 12283660 (4149920)  +          Kuruka  Unspecified (4149920) 12283395 12283660
  397 34.81  2.30  2.59            OZ001253.1 12406611 12406958 (4026622)  +          Kuruka  Unspecified (4026622) 12406611 12406958
  479 38.24  0.26  0.26            OZ001253.1 12473437 12474530 (3959755)  +          Kuruka  Unspecified (3959755) 12473437 12474530
  260 27.27  2.27  0.00            OZ001253.1 12503659 12503746 (3929834)  +          Kuruka  Unspecified (3929834) 12503659 12503746
  287 35.02  4.56  4.56            OZ001253.1 12560425 12560819 (3872761)  +          Kuruka  Unspecified (3872761) 12560425 12560819
  590 34.31  1.44  1.73            OZ001253.1 12561162 12561508 (3872072)  +          Kuruka  Unspecified (3872072) 12561162 12561508
  963 37.92  2.94  2.87            OZ001253.1 12709101 12710425 (3723155)  +          Kuruka  Unspecified (3723155) 12709101 12710425
  463 37.79  0.00  0.00            OZ001253.1 13030148 13030744 (3403044)  +          Kuruka  Unspecified (3403044) 13030148 13030744
  553 32.10  1.62  1.62            OZ001253.1 13053382 13053628 (3379952)  +          Kuruka  Unspecified (3379952) 13053382 13053628
  550 33.55  1.49  2.40            OZ001253.1 13061873 13062208 (3371372)  +          Kuruka  Unspecified (3371372) 13061873 13062208
  550 37.56  2.29  1.13            OZ001253.1 13068474 13069173 (3364407)  +          Kuruka  Unspecified (3364407) 13068474 13069173
  241 28.57  2.00  2.00            OZ001253.1 13197017 13197116 (3236464)  +          Kuruka  Unspecified (3236464) 13197017 13197116
  474 32.83  1.83  1.83            OZ001253.1 13197534 13197806 (3235774)  +          Kuruka  Unspecified (3235774) 13197534 13197806
  777 37.55  3.32  2.69            OZ001253.1 13402340 13403483 (3030097)  +          Kuruka  Unspecified (3030097) 13402340 13403483
  494 37.36  0.26  0.26            OZ001253.1 13535879 13536972 (2897313)  +          Kuruka  Unspecified (2897313) 13535879 13536972
  520 34.19  0.36  0.73            OZ001253.1 13588524 13588797 (2844783)  +          Kuruka  Unspecified (2844783) 13588524 13588797
  545 33.13  2.08  3.00            OZ001253.1 14006680 14007015 (2426565)  +          Kuruka  Unspecified (2426565) 14006680 14007015
  260 36.26  2.15  2.15            OZ001253.1 14029551 14029736 (2403844)  +          Kuruka  Unspecified (2403844) 14029551 14029736
  738 31.88  2.96  3.18            OZ001253.1 14030256 14030728 (2402852)  +          Kuruka  Unspecified (2402852) 14030256 14030728
  235 22.35  3.41  3.41            OZ001253.1 14117288 14117375 (2316205)  +          Kuruka  Unspecified (2316205) 14117288 14117375
  287 35.76  3.96  3.96            OZ001253.1 14147543 14148072 (2285508)  +          Kuruka  Unspecified (2285508) 14147543 14148072
  363 34.07  1.70  2.58            OZ001253.1 14157223 14157457 (2276123)  +          Kuruka  Unspecified (2276123) 14157223 14157457
  871 38.24  1.55  1.55            OZ001253.1 14214740 14215642 (2217938)  +          Kuruka  Unspecified (2217938) 14214740 14215642
  237 22.22  0.00  0.00            OZ001253.1 14216024 14216068 (2217512)  +          Kuruka  Unspecified (2217512) 14216024 14216068
  327 35.18  4.30  4.30            OZ001253.1 14257089 14257483 (2176097)  +          Kuruka  Unspecified (2176097) 14257089 14257483
  552 34.58  1.23  1.54            OZ001253.1 14257826 14258151 (2175429)  +          Kuruka  Unspecified (2175429) 14257826 14258151
  256 28.87  4.05  5.88            OZ001253.1 14540756 14540928 (1892652)  +          Kuruka  Unspecified (1892652) 14540756 14540928
  465 37.36  0.26  0.26            OZ001253.1 14575600 14576693 (1857592)  +          Kuruka  Unspecified (1857592) 14575600 14576693
  601 34.22  1.15  1.45            OZ001253.1 14648196 14648542 (1785038)  +          Kuruka  Unspecified (1785038) 14648196 14648542
  549 36.48  0.93  1.25            OZ001253.1 14896703 14897024 (1536556)  +          Kuruka  Unspecified (1536556) 14896703 14897024
  314 31.30  3.79  5.24            OZ001253.1 15026229 15026518 (1407062)  +          Kuruka  Unspecified (1407062) 15026229 15026518
 1267 34.88  2.77  2.88            OZ001253.1 15043537 15044510 (1389070)  +          Kuruka  Unspecified (1389070) 15043537 15044510
  238 21.84  5.43  5.43            OZ001253.1 15077860 15077951 (1355629)  +          Kuruka  Unspecified (1355629) 15077860 15077951
  481 37.36  0.26  0.26            OZ001253.1 15095518 15096611 (1337674)  +          Kuruka  Unspecified (1337674) 15095518 15096611
  576 33.82  0.36  1.08            OZ001253.1 15763987 15764267 (669313)  +          Kuruka  Unspecified (669313) 15763987 15764267
  237 22.35  3.41  3.41            OZ001253.1 15845766 15845853 (587727)  +          Kuruka  Unspecified (587727) 15845766 15845853
  303 28.20  3.31  3.31            OZ001253.1 15874858 15874978 (558602)  +          Kuruka  Unspecified (558602) 15874858 15874978
  491 39.43  0.26  0.26            OZ001253.1 15901841 15902929 (531351)  +          Kuruka  Unspecified (531351) 15901841 15902929
  480 38.33  0.77  0.77            OZ001253.1 16198515 16199607 (234678)  +          Kuruka  Unspecified (234678) 16198515 16199607
  768 31.64  2.09  2.36            OZ001253.1  6629817  6630198 (9803382)  C          Kuruka  Unspecified (9803382)  6629817  6630198
  620 37.77  1.25  1.25            OZ001253.1  7201028  7201665 (9231915)  C          Kuruka  Unspecified (9231915)  7201028  7201665
  283 34.27  2.74  2.74            OZ001253.1  7201906  7202124 (9231456)  C          Kuruka  Unspecified (9231456)  7201906  7202124
  227 33.64  5.61  0.00            OZ001253.1  7570339  7570445 (8863135)  C          Kuruka  Unspecified (8863135)  7570339  7570445
  699 34.10  2.89  2.89            OZ001253.1  7675207  7675795 (8757785)  C          Kuruka  Unspecified (8757785)  7675207  7675795
  591 32.33  0.74  1.12            OZ001253.1  7810290  7810558 (8623022)  C          Kuruka  Unspecified (8623022)  7810290  7810558
  844 37.26  1.98  2.15            OZ001253.1  7955793  7956886 (8477181)  C          Kuruka  Unspecified (8477181)  7955793  7956886
  656 37.27  3.81  3.91            OZ001253.1  8130722  8131796 (8301784)  C          Kuruka  Unspecified (8301784)  8130722  8131796
  721 34.61  3.40  3.56            OZ001253.1  8522979  8523625 (7909955)  C          Kuruka  Unspecified (7909955)  8522979  8523625
  271 35.65  5.19  5.19            OZ001253.1  8556727  8557439 (7876141)  C          Kuruka  Unspecified (7876141)  8556727  8557439
  664 36.94  4.18  4.28            OZ001253.1  8562413  8563464 (7870116)  C          Kuruka  Unspecified (7870116)  8562413  8563464
  462 33.80  1.74  1.38            OZ001253.1  8784735  8785022 (7648558)  C          Kuruka  Unspecified (7648558)  8784735  8785022
  711 33.97  3.66  3.82            OZ001253.1  8808327  8808981 (7624599)  C          Kuruka  Unspecified (7624599)  8808327  8808981
  268 35.98  2.06  2.59            OZ001253.1  8809234  8809427 (7624153)  C          Kuruka  Unspecified (7624153)  8809234  8809427
  508 34.18  0.36  1.08            OZ001253.1  8922598  8922878 (7510702)  C          Kuruka  Unspecified (7510702)  8922598  8922878
  527 34.65  1.20  1.50            OZ001253.1  8983822  8984155 (7449425)  C          Kuruka  Unspecified (7449425)  8983822  8984155
  280 28.83  1.75  2.65            OZ001253.1  8984572  8984685 (7448895)  C          Kuruka  Unspecified (7448895)  8984572  8984685
  265 34.75  2.02  3.69            OZ001253.1  9269843  9270090 (7163490)  C          Kuruka  Unspecified (7163490)  9269843  9270090
  504 35.15  0.89  1.80            OZ001253.1  9307982  9308317 (7125263)  C          Kuruka  Unspecified (7125263)  9307982  9308317
  372 37.32  1.15  1.44            OZ001253.1  9474077  9474424 (6959156)  C          Kuruka  Unspecified (6959156)  9474077  9474424
  911 36.11  3.74  4.09            OZ001253.1  9535083  9536260 (6897320)  C          Kuruka  Unspecified (6897320)  9535083  9536260
 1235 35.22  2.88  2.98            OZ001253.1  9590219  9591260 (6842320)  C          Kuruka  Unspecified (6842320)  9590219  9591260
  754 35.19  3.11  3.25            OZ001253.1  9751650  9752389 (6681191)  C          Kuruka  Unspecified (6681191)  9751650  9752389
  266 33.94  5.26  4.35            OZ001253.1  9752642  9752869 (6680711)  C          Kuruka  Unspecified (6680711)  9752642  9752869
  882 34.85  4.59  4.42            OZ001253.1  9773241  9774459 (6659121)  C          Kuruka  Unspecified (6659121)  9773241  9774459
  654 31.64  2.76  3.08            OZ001253.1  9795117  9795442 (6638138)  C          Kuruka  Unspecified (6638138)  9795117  9795442
  232 22.35  3.41  3.41            OZ001253.1  9883615  9883702 (6549878)  C          Kuruka  Unspecified (6549878)  9883615  9883702
  459 35.12  0.00  0.49            OZ001253.1  9970845  9971050 (6462530)  C          Kuruka  Unspecified (6462530)  9970845  9971050
  413 28.96  4.19  4.19            OZ001253.1  9979608  9979798 (6453782)  C          Kuruka  Unspecified (6453782)  9979608  9979798
  359 34.57  3.17  3.59            OZ001253.1 10266519 10266770 (6166810)  C          Kuruka  Unspecified (6166810) 10266519 10266770
  564 31.87  1.65  2.67            OZ001253.1 10473372 10473674 (5959906)  C          Kuruka  Unspecified (5959906) 10473372 10473674
  277 28.69  3.36  3.36            OZ001253.1 10485647 10485765 (5947815)  C          Kuruka  Unspecified (5947815) 10485647 10485765
  353 33.55  3.67  4.86            OZ001253.1 10853696 10854049 (5579531)  C          Kuruka  Unspecified (5579531) 10853696 10854049
  324 32.50  4.22  5.49            OZ001253.1 10869445 10869776 (5563804)  C          Kuruka  Unspecified (5563804) 10869445 10869776
  450 35.55  4.12  4.30            OZ001253.1 11209351 11209932 (5223648)  C          Kuruka  Unspecified (5223648) 11209351 11209932
  701 33.26  2.56  2.56            OZ001253.1 11262114 11262582 (5170998)  C          Kuruka  Unspecified (5170998) 11262114 11262582
  232 22.35  3.41  3.41            OZ001253.1 11539185 11539272 (4894308)  C          Kuruka  Unspecified (4894308) 11539185 11539272
  709 37.05  2.26  2.76            OZ001253.1 11583503 11584121 (4849459)  C          Kuruka  Unspecified (4849459) 11583503 11584121
  431 33.18  1.79  1.79            OZ001253.1 11584333 11584556 (4849024)  C          Kuruka  Unspecified (4849024) 11584333 11584556
  835 34.34  4.79  4.87            OZ001253.1 11649012 11650223 (4783357)  C          Kuruka  Unspecified (4783357) 11649012 11650223
  516 38.42  1.11  0.79            OZ001253.1 11751414 11752480 (4681535)  C          Kuruka  Unspecified (4681535) 11751414 11752480
  712 32.07  1.71  2.01            OZ001253.1 11832774 11833123 (4600457)  C          Kuruka  Unspecified (4600457) 11832774 11833123
  283 35.72  2.15  2.15            OZ001253.1 11833643 11833828 (4599752)  C          Kuruka  Unspecified (4599752) 11833643 11833828
  228 33.34  1.46  1.46            OZ001253.1 11889683 11889819 (4543761)  C          Kuruka  Unspecified (4543761) 11889683 11889819
 1323 35.40  2.59  2.69            OZ001253.1 12289376 12290417 (4143163)  C          Kuruka  Unspecified (4143163) 12289376 12290417
  641 33.92  1.15  1.45            OZ001253.1 12309919 12310265 (4123315)  C          Kuruka  Unspecified (4123315) 12309919 12310265
  274 35.03  4.59  4.59            OZ001253.1 12310611 12311002 (4122578)  C          Kuruka  Unspecified (4122578) 12310611 12311002
  247 27.06  3.41  3.41            OZ001253.1 12319282 12319369 (4114211)  C          Kuruka  Unspecified (4114211) 12319282 12319369
  729 34.83  4.99  4.21            OZ001253.1 12689660 12690861 (3742719)  C          Kuruka  Unspecified (3742719) 12689660 12690861
  448 35.49  1.72  2.02            OZ001253.1 12698864 12699211 (3734369)  C          Kuruka  Unspecified (3734369) 12698864 12699211
  348 29.04  2.94  4.79            OZ001253.1 12734467 12734636 (3698944)  C          Kuruka  Unspecified (3698944) 12734467 12734636
  233 23.68  3.90  1.27            OZ001253.1 12964799 12964875 (3468705)  C          Kuruka  Unspecified (3468705) 12964799 12964875
  524 34.46  1.49  2.40            OZ001253.1 13205954 13206289 (3227291)  C          Kuruka  Unspecified (3227291) 13205954 13206289
  583 33.94  0.89  1.80            OZ001253.1 13408864 13409199 (3024381)  C          Kuruka  Unspecified (3024381) 13408864 13409199
  765 34.44  5.15  4.88            OZ001253.1 13771520 13772685 (2660895)  C          Kuruka  Unspecified (2660895) 13771520 13772685
  280 25.00  2.63  0.00            OZ001253.1 13801620 13801695 (2631885)  C          Kuruka  Unspecified (2631885) 13801620 13801695
  237 22.35  3.41  3.41            OZ001253.1 14080182 14080269 (2353311)  C          Kuruka  Unspecified (2353311) 14080182 14080269
  570 33.24  1.49  2.40            OZ001253.1 14505621 14505956 (1927624)  C          Kuruka  Unspecified (1927624) 14505621 14505956
  717 35.31  3.09  3.44            OZ001253.1 14653571 14654444 (1779136)  C          Kuruka  Unspecified (1779136) 14653571 14654444
  384 35.66  3.43  3.79            OZ001253.1 14669154 14669736 (1763844)  C          Kuruka  Unspecified (1763844) 14669154 14669736
  718 37.76  1.65  1.82            OZ001253.1 14771701 14772614 (1661273)  C          Kuruka  Unspecified (1661273) 14771701 14772614
  749 33.12  2.12  2.12            OZ001253.1 14787699 14788170 (1645410)  C          Kuruka  Unspecified (1645410) 14787699 14788170
  299 35.17  2.15  2.15            OZ001253.1 14788690 14788875 (1644705)  C          Kuruka  Unspecified (1644705) 14788690 14788875
  336 32.56  4.24  5.43            OZ001253.1 14969197 14969550 (1464030)  C          Kuruka  Unspecified (1464030) 14969197 14969550
  617 34.67  1.13  1.42            OZ001253.1 14976312 14976665 (1456915)  C          Kuruka  Unspecified (1456915) 14976312 14976665
  290 29.51  2.40  2.40            OZ001253.1 14977008 14977132 (1456448)  C          Kuruka  Unspecified (1456448) 14977008 14977132
  594 33.94  0.89  1.80            OZ001253.1 15062991 15063326 (1370254)  C          Kuruka  Unspecified (1370254) 15062991 15063326
  761 36.61  2.80  2.97            OZ001253.1 15108138 15109231 (1324836)  C          Kuruka  Unspecified (1324836) 15108138 15109231
 1205 35.94  2.73  2.81            OZ001253.1 15779600 15780810 (652770)  C          Kuruka  Unspecified (652770) 15779600 15780810
  328 29.67  5.86  5.86            OZ001253.1 15971951 15972240 (461340)  C          Kuruka  Unspecified (461340) 15971951 15972240
  225 22.35  3.41  3.41            OZ001253.1 15996522 15996609 (436971)  C          Kuruka  Unspecified (436971) 15996522 15996609
  648 38.34  1.33  1.50            OZ001253.1 16064158 16065079 (368822)  C          Kuruka  Unspecified (368822) 16064158 16065079
  686 35.89  2.69  2.69            OZ001253.1 16104974 16106013 (327975)  C          Kuruka  Unspecified (327975) 16104974 16106013
 1020 35.51  4.02  4.02            OZ001253.1 16123118 16124138 (309442)  C          Kuruka  Unspecified (309442) 16123118 16124138
  570 31.30  1.82  2.20            OZ001253.1 16129114 16129722 (304193)  C          Kuruka  Unspecified (304193) 16129114 16129722
  471 34.90  0.36  1.08            OZ001253.1 16237090 16237370 (196210)  C          Kuruka  Unspecified (196210) 16237090 16237370
  771 37.79  1.65  1.82            OZ001253.1 16243807 16244900 (189167)  C          Kuruka  Unspecified (189167) 16243807 16244900
  575 33.54  1.20  1.81            OZ001253.1 16260292 16260625 (172955)  C          Kuruka  Unspecified (172955) 16260292 16260625
  746 36.70  2.66  2.66            OZ001253.1 16301846 16302598 (130982)  C          Kuruka  Unspecified (130982) 16301846 16302598
  294 41.41  0.00  0.00            OZ001253.1 16303142 16303467 (130113)  C          Kuruka  Unspecified (130113) 16303142 16303467
 1154 35.93  3.66  3.76            OZ001253.1 16337278 16338289  (95291)  C          Kuruka  Unspecified  (95291) 16337278 16338289
  468 37.15  0.26  0.26            OZ001254.1   246968   248061 (15796034)  +          Kuruka  Unspecified (15796034)   246968   248061
 1284 34.78  2.77  2.88            OZ001254.1   257485   258458 (15784932)  +          Kuruka  Unspecified (15784932)   257485   258458
 1006 34.64  3.19  3.29            OZ001254.1   445139   446111 (15597279)  +          Kuruka  Unspecified (15597279)   445139   446111
  228 22.99  5.43  5.43            OZ001254.1   671383   671474 (15371916)  +          Kuruka  Unspecified (15371916)   671383   671474
  458 37.62  0.26  0.26            OZ001254.1   900459   901545 (15142543)  +          Kuruka  Unspecified (15142543)   900459   901545
  544 33.55  1.49  2.40            OZ001254.1   931768   932103 (15111287)  +          Kuruka  Unspecified (15111287)   931768   932103
  481 38.31  0.26  0.26            OZ001254.1  1111257  1112350 (14931745)  +          Kuruka  Unspecified (14931745)  1111257  1112350
  468 37.46  0.26  0.26            OZ001254.1  1174475  1175568 (14868527)  +          Kuruka  Unspecified (14868527)  1174475  1175568
  495 34.04  1.02  1.72            OZ001254.1  1425053  1425345 (14618045)  +          Kuruka  Unspecified (14618045)  1425053  1425345
  268 25.28  5.43  5.43            OZ001254.1  2450246  2450337 (13593053)  +          Kuruka  Unspecified (13593053)  2450246  2450337
  587 39.02  3.42  1.44            OZ001254.1  2744334  2745152 (13298238)  +          Kuruka  Unspecified (13298238)  2744334  2745152
  228 41.44  0.00  0.00            OZ001254.1  2753901  2754122 (13289268)  +          Kuruka  Unspecified (13289268)  2753901  2754122
  297 35.72  2.15  2.15            OZ001254.1  3078904  3079089 (12964301)  +          Kuruka  Unspecified (12964301)  3078904  3079089
  780 33.19  2.33  2.54            OZ001254.1  3079609  3080081 (12963309)  +          Kuruka  Unspecified (12963309)  3079609  3080081
  285 34.33  2.02  3.69            OZ001254.1  3100047  3100294 (12943096)  +          Kuruka  Unspecified (12943096)  3100047  3100294
  241 36.26  2.15  2.15            OZ001254.1  3110763  3110948 (12932442)  +          Kuruka  Unspecified (12932442)  3110763  3110948
  734 31.86  4.08  2.32            OZ001254.1  3111458  3111923 (12931467)  +          Kuruka  Unspecified (12931467)  3111458  3111923
  499 35.66  0.36  0.73            OZ001254.1  3209458  3209731 (12833659)  +          Kuruka  Unspecified (12833659)  3209458  3209731
  404 38.26  0.26  0.26            OZ001254.1  3668822  3669915 (12374180)  +          Kuruka  Unspecified (12374180)  3668822  3669915
  241 33.95  5.33  5.06            OZ001254.1  3760906  3761299 (12282091)  +          Kuruka  Unspecified (12282091)  3760906  3761299
  663 33.44  1.19  1.19            OZ001254.1  3761652  3761987 (12281403)  +          Kuruka  Unspecified (12281403)  3761652  3761987
  257 23.45  3.66  1.19            OZ001254.1  3775171  3775252 (12268138)  +          Kuruka  Unspecified (12268138)  3775171  3775252
  560 34.55  0.89  1.80            OZ001254.1  4081725  4082060 (11961330)  +          Kuruka  Unspecified (11961330)  4081725  4082060
  873 34.60  4.45  4.36            OZ001254.1  4662998  4664097 (11379293)  +          Kuruka  Unspecified (11379293)  4662998  4664097
  662 34.30  4.38  4.55            OZ001254.1  4717579  4718195 (11325195)  +          Kuruka  Unspecified (11325195)  4717579  4718195
  261 35.28  4.56  4.56            OZ001254.1  4826549  4826943 (11216447)  +          Kuruka  Unspecified (11216447)  4826549  4826943
  574 35.09  1.15  1.45            OZ001254.1  4827286  4827632 (11215758)  +          Kuruka  Unspecified (11215758)  4827286  4827632
  234 22.35  3.41  3.41            OZ001254.1 10175936 10176023 (5867367)  +          Kuruka  Unspecified (5867367) 10175936 10176023
  397 36.43  0.37  0.74            OZ001254.1   123509   123779 (15919611)  C          Kuruka  Unspecified (15919611)   123509   123779
 1066 36.56  2.47  2.57            OZ001254.1   131742   132833 (15910557)  C          Kuruka  Unspecified (15910557)   131742   132833
  254 21.32  3.95  1.28            OZ001254.1   230073   230148 (15813242)  C          Kuruka  Unspecified (15813242)   230073   230148
  733 33.41  2.33  2.33            OZ001254.1   282156   282627 (15760763)  C          Kuruka  Unspecified (15760763)   282156   282627
  297 35.72  2.15  2.15            OZ001254.1   283147   283332 (15760058)  C          Kuruka  Unspecified (15760058)   283147   283332
  523 38.54  2.60  2.69            OZ001254.1   355981   357132 (15686258)  C          Kuruka  Unspecified (15686258)   355981   357132
  450 35.32  0.37  0.74            OZ001254.1   831037   831307 (15212083)  C          Kuruka  Unspecified (15212083)   831037   831307
  750 37.38  2.05  2.23            OZ001254.1   850641   851726 (15192166)  C          Kuruka  Unspecified (15192166)   850641   851726
  365 41.75  0.00  0.00            OZ001254.1  1063815  1064202 (14979188)  C          Kuruka  Unspecified (14979188)  1063815  1064202
  469 37.14  3.60  2.72            OZ001254.1  1074834  1075417 (14967973)  C          Kuruka  Unspecified (14967973)  1074834  1075417
  300 32.30  0.00  1.04            OZ001254.1  1275296  1275392 (14767998)  C          Kuruka  Unspecified (14767998)  1275296  1275392
  567 33.08  0.74  1.12            OZ001254.1  2576904  2577172 (13466218)  C          Kuruka  Unspecified (13466218)  2576904  2577172
  359 36.65  1.40  1.40            OZ001254.1  2577611  2577895 (13465495)  C          Kuruka  Unspecified (13465495)  2577611  2577895
  756 37.20  2.50  2.60            OZ001254.1  2857520  2858637 (13184753)  C          Kuruka  Unspecified (13184753)  2857520  2858637
  808 32.47  2.11  2.33            OZ001254.1  2964038  2964510 (13078880)  C          Kuruka  Unspecified (13078880)  2964038  2964510
  283 32.11  3.54  4.06            OZ001254.1  3129140  3129337 (12914053)  C          Kuruka  Unspecified (12914053)  3129140  3129337
  783 35.81  3.62  3.81            OZ001254.1  3182642  3183773 (12859617)  C          Kuruka  Unspecified (12859617)  3182642  3183773
  318 31.97  4.52  5.79            OZ001254.1  3372509  3372840 (12670550)  C          Kuruka  Unspecified (12670550)  3372509  3372840
  593 33.24  1.49  2.40            OZ001254.1  3399789  3400124 (12643266)  C          Kuruka  Unspecified (12643266)  3399789  3400124
  543 34.11  1.41  2.28            OZ001254.1  3491551  3491904 (12551486)  C          Kuruka  Unspecified (12551486)  3491551  3491904
  583 34.79  1.15  1.45            OZ001254.1  3824060  3824406 (12218984)  C          Kuruka  Unspecified (12218984)  3824060  3824406
  293 29.51  2.40  2.40            OZ001254.1  3824749  3824873 (12218517)  C          Kuruka  Unspecified (12218517)  3824749  3824873
  237 22.35  3.41  3.41            OZ001254.1  3972942  3973029 (12070361)  C          Kuruka  Unspecified (12070361)  3972942  3973029
  458 35.19  1.72  2.02            OZ001254.1  4258751  4259098 (11784292)  C          Kuruka  Unspecified (11784292)  4258751  4259098
  865 35.50  4.26  4.18            OZ001254.1  4363840  4365059 (11678331)  C          Kuruka  Unspecified (11678331)  4363840  4365059
  736 32.19  2.06  2.33            OZ001254.1  4749325  4749712 (11293678)  C          Kuruka  Unspecified (11293678)  4749325  4749712
  293 35.72  2.15  2.15            OZ001254.1  4750232  4750417 (11292973)  C          Kuruka  Unspecified (11292973)  4750232  4750417
  407 37.56  3.04  2.26            OZ001255.1  6785910  6786304 (3354081)  +          Kuruka  Unspecified (3354081)  6785910  6786304
  617 32.71  0.74  1.12            OZ001255.1  6786720  6786988 (3353397)  +          Kuruka  Unspecified (3353397)  6786720  6786988
  228 36.81  2.15  2.15            OZ001255.1  7089517  7089702 (3050683)  +          Kuruka  Unspecified (3050683)  7089517  7089702
  717 33.34  2.11  2.33            OZ001255.1  7090222  7090694 (3049691)  +          Kuruka  Unspecified (3049691)  7090222  7090694
  532 32.45  3.11  4.19            OZ001255.1  7100424  7100809 (3039576)  +          Kuruka  Unspecified (3039576)  7100424  7100809
  410 38.18  0.26  0.26            OZ001255.1  7156449  7157542 (2983548)  +          Kuruka  Unspecified (2983548)  7156449  7157542
  256 34.33  2.02  3.69            OZ001255.1  7239568  7239815 (2900570)  +          Kuruka  Unspecified (2900570)  7239568  7239815
  372 36.33  1.92  1.92            OZ001255.1  7303558  7303818 (2836567)  +          Kuruka  Unspecified (2836567)  7303558  7303818
  844 34.98  4.37  4.46            OZ001255.1  7371981  7373192 (2767193)  +          Kuruka  Unspecified (2767193)  7371981  7373192
 1036 36.48  3.29  3.39            OZ001255.1  7393377  7394440 (2745945)  +          Kuruka  Unspecified (2745945)  7393377  7394440
 1227 35.22  2.88  2.98            OZ001255.1  7581658  7582699 (2557686)  +          Kuruka  Unspecified (2557686)  7581658  7582699
  463 37.32  0.26  0.26            OZ001255.1  7684936  7686029 (2455061)  +          Kuruka  Unspecified (2455061)  7684936  7686029
  979 31.24  2.19  2.42            OZ001255.1  7970701  7971156 (2169229)  +          Kuruka  Unspecified (2169229)  7970701  7971156
  290 29.59  2.04  0.00            OZ001255.1  8062185  8062282 (2078103)  +          Kuruka  Unspecified (2078103)  8062185  8062282
  803 38.00  2.60  2.69            OZ001255.1  8125989  8127140 (2013245)  +          Kuruka  Unspecified (2013245)  8125989  8127140
  482 35.12  1.94  2.33            OZ001255.1  4053507  4054022 (6086363)  C          Kuruka  Unspecified (6086363)  4053507  4054022
  628 34.51  1.15  1.45            OZ001255.1  6800110  6800456 (3339929)  C          Kuruka  Unspecified (3339929)  6800110  6800456
  355 36.91  3.29  3.29            OZ001255.1  6800799  6801193 (3339192)  C          Kuruka  Unspecified (3339192)  6800799  6801193
  791 31.87  2.27  2.50            OZ001255.1  6978167  6978607 (3161778)  C          Kuruka  Unspecified (3161778)  6978167  6978607
  234 36.81  2.15  2.15            OZ001255.1  6979125  6979310 (3161075)  C          Kuruka  Unspecified (3161075)  6979125  6979310
  416 37.29  3.04  3.20            OZ001255.1  7134392  7135017 (3005368)  C          Kuruka  Unspecified (3005368)  7134392  7135017
  315 31.99  3.46  5.29            OZ001255.1  7379143  7379373 (2761012)  C          Kuruka  Unspecified (2761012)  7379143  7379373
  575 35.06  1.41  1.70            OZ001255.1  7405053  7405406 (2734979)  C          Kuruka  Unspecified (2734979)  7405053  7405406
  383 34.56  4.06  3.80            OZ001255.1  7405750  7406143 (2734242)  C          Kuruka  Unspecified (2734242)  7405750  7406143
  256 32.91  4.78  6.13            OZ001255.1  7487735  7488048 (2652337)  C          Kuruka  Unspecified (2652337)  7487735  7488048
  364 35.45  4.90  5.38            OZ001255.1  7649275  7649927 (2490458)  C          Kuruka  Unspecified (2490458)  7649275  7649927
  524 32.62  4.09  4.36            OZ001255.1  7844234  7844624 (2295761)  C          Kuruka  Unspecified (2295761)  7844234  7844624
  460 36.75  3.98  3.98            OZ001255.1  7989747  7990273 (2150112)  C          Kuruka  Unspecified (2150112)  7989747  7990273
  319 33.16  2.03  2.03            OZ001255.1  8096138  8096334 (2044051)  C          Kuruka  Unspecified (2044051)  8096138  8096334
