  748 33.87  1.00  1.00     CANAHW010000001.1    72387    73288 (365213)  +          Kuruka  Unspecified (365213)    72387    73288
  361 29.61  7.14  6.80     CANAHW010000001.1   111441   111748 (326252)  +          Kuruka  Unspecified (326252)   111441   111748
  236 38.33  0.87  1.31     CANAHW010000001.1   220513   220742 (217258)  C          Kuruka  Unspecified (217258)   220513   220742
  361 29.61  7.14  6.80     CANAHW010000001.1   271808   272115 (165885)  C          Kuruka  Unspecified (165885)   271808   272115
  841 33.87  1.12  1.40     CANAHW010000001.1   314259   315160 (123384)  C          Kuruka  Unspecified (123384)   314259   315160
  299 34.01  1.75  2.20     CANAHW010000009.1    37782    38571  (22991)  C          Kuruka  Unspecified  (22991)    37782    38571
  303 34.01  1.75  2.20     CANAHW010000009.1    59429    60218   (1344)  C          Kuruka  Unspecified   (1344)    59429    60218
  321 36.53  3.96  5.47     CANAHW010000011.1     1604     1881  (74119)  C          Kuruka  Unspecified  (74119)     1604     1881
  254 34.70  1.75  2.20     CANAHW010000013.1    25217    26006 (119652)  C          Kuruka  Unspecified (119652)    25217    26006
 2214 33.52  2.24  2.32     CANAHW010000013.1   107533   108827  (36269)  C          Kuruka  Unspecified  (36269)   107533   108827
  454 34.06  5.68  3.94            OX375794.1     8693     9291 (57178095)  +          Kuruka  Unspecified (57178095)     8693     9291
  245 33.81  1.86  4.46            OX375794.1 18016691 18016851 (39170535)  +          Kuruka  Unspecified (39170535) 18016691 18016851
  312 37.84  1.89  2.27            OX375794.1 19977574 19977838 (37209548)  +          Kuruka  Unspecified (37209548) 19977574 19977838
  267 30.49  0.00  1.22            OX375794.1 26893853 26893935 (30293451)  +          Kuruka  Unspecified (30293451) 26893853 26893935
 1208 35.69  2.71  3.10            OX375794.1 28200969 28202038 (28985348)  +          Kuruka  Unspecified (28985348) 28200969 28202038
  289 37.21  1.52  1.91            OX375794.1 29655274 29655536 (27531850)  +          Kuruka  Unspecified (27531850) 29655274 29655536
  457 34.72  1.82  1.82            OX375794.1 29889630 29889849 (27297537)  +          Kuruka  Unspecified (27297537) 29889630 29889849
  249 29.21  1.11  1.11            OX375794.1 29894957 29895046 (27292340)  +          Kuruka  Unspecified (27292340) 29894957 29895046
  256 31.91  0.00  0.00            OX375794.1 30107503 30107596 (27079790)  +          Kuruka  Unspecified (27079790) 30107503 30107596
  349 29.91  0.00  0.00            OX375794.1 30293414 30293520 (26893866)  +          Kuruka  Unspecified (26893866) 30293414 30293520
 1551 36.92  1.79  2.06            OX375794.1 30393984 30395103 (26792283)  +          Kuruka  Unspecified (26792283) 30393984 30395103
  252 34.06  0.71  1.44            OX375794.1 30442716 30442855 (26744531)  +          Kuruka  Unspecified (26744531) 30442716 30442855
  274 30.49  0.00  1.22            OX375794.1 31978974 31979056 (25208330)  +          Kuruka  Unspecified (25208330) 31978974 31979056
  479 33.89  5.68  3.94            OX375794.1 33075621 33076219 (24111167)  +          Kuruka  Unspecified (24111167) 33075621 33076219
  226 34.79  0.71  1.44            OX375794.1 40523288 40523427 (16663959)  +          Kuruka  Unspecified (16663959) 40523288 40523427
  483 34.59  2.34  2.88            OX375794.1 43334422 43334805 (13852581)  +          Kuruka  Unspecified (13852581) 43334422 43334805
  229 22.87  2.74  4.17            OX375794.1 46554986 46555058 (10632328)  +          Kuruka  Unspecified (10632328) 46554986 46555058
  243 34.24  1.85  4.43            OX375794.1 47986347 47986508 (9200878)  +          Kuruka  Unspecified (9200878) 47986347 47986508
  262 30.49  0.00  1.22            OX375794.1 53693016 53693098 (3494288)  +          Kuruka  Unspecified (3494288) 53693016 53693098
  415 34.71  1.78  2.69            OX375794.1 56376749 56376973 (810413)  +          Kuruka  Unspecified (810413) 56376749 56376973
  226 34.79  0.71  1.44            OX375794.1 15966000 15966139 (41221247)  C          Kuruka  Unspecified (41221247) 15966000 15966139
  327 37.45  1.89  2.27            OX375794.1 16747461 16747725 (40439661)  C          Kuruka  Unspecified (40439661) 16747461 16747725
  327 37.45  1.89  2.27            OX375794.1 20093856 20094120 (37093266)  C          Kuruka  Unspecified (37093266) 20093856 20094120
 2102 33.69  2.60  2.68            OX375794.1 20923304 20924648 (36262738)  C          Kuruka  Unspecified (36262738) 20923304 20924648
  340 31.37  3.49  3.95            OX375794.1 21251152 21251380 (35936006)  C          Kuruka  Unspecified (35936006) 21251152 21251380
 2061 33.24  1.91  2.09            OX375794.1 21452468 21453567 (35733819)  C          Kuruka  Unspecified (35733819) 21452468 21453567
  249 29.21  1.11  1.11            OX375794.1 21459544 21459633 (35727753)  C          Kuruka  Unspecified (35727753) 21459544 21459633
  256 27.50  4.76  4.76            OX375794.1 22402145 22402270 (34785116)  C          Kuruka  Unspecified (34785116) 22402145 22402270
  256 27.50  4.76  4.76            OX375794.1 22557617 22557742 (34629644)  C          Kuruka  Unspecified (34629644) 22557617 22557742
  305 34.65  3.05  3.05            OX375794.1 22659216 22659477 (34527909)  C          Kuruka  Unspecified (34527909) 22659216 22659477
  361 35.82  2.18  2.55            OX375794.1 22695888 22696162 (34491224)  C          Kuruka  Unspecified (34491224) 22695888 22696162
  316 33.66  1.75  2.20            OX375794.1 22741653 22742442 (34445506)  C          Kuruka  Unspecified (34445506) 22741653 22742442
  226 34.79  0.71  1.44            OX375794.1 23092140 23092279 (34095107)  C          Kuruka  Unspecified (34095107) 23092140 23092279
  764 35.19  3.65  3.15            OX375794.1 23305814 23306933 (33880942)  C          Kuruka  Unspecified (33880942) 23305814 23306933
  226 19.23  1.89  1.89            OX375794.1 23307996 23308048 (33879338)  C          Kuruka  Unspecified (33879338) 23307996 23308048
  316 33.84  1.75  2.20            OX375794.1 23392733 23393522 (33794426)  C          Kuruka  Unspecified (33794426) 23392733 23393522
  226 34.79  0.71  1.44            OX375794.1 25990201 25990340 (31197046)  C          Kuruka  Unspecified (31197046) 25990201 25990340
  438 32.71  2.71  3.18            OX375794.1 26252015 26252235 (30935151)  C          Kuruka  Unspecified (30935151) 26252015 26252235
 1774 34.36  2.20  1.83            OX375794.1 26320098 26321188 (30866198)  C          Kuruka  Unspecified (30866198) 26320098 26321188
  421 29.04  0.00  1.61            OX375794.1 26437345 26437470 (30749916)  C          Kuruka  Unspecified (30749916) 26437345 26437470
  246 38.16  0.87  1.30            OX375794.1 26544024 26544254 (30643132)  C          Kuruka  Unspecified (30643132) 26544024 26544254
  226 34.79  0.71  1.44            OX375794.1 27007790 27007929 (30179457)  C          Kuruka  Unspecified (30179457) 27007790 27007929
  226 34.79  0.71  1.44            OX375794.1 27760446 27760585 (29426801)  C          Kuruka  Unspecified (29426801) 27760446 27760585
  275 21.82  0.00  0.00            OX375794.1 28560220 28560274 (28627112)  C          Kuruka  Unspecified (28627112) 28560220 28560274
  226 34.79  0.71  1.44            OX375794.1 30151361 30151500 (27035886)  C          Kuruka  Unspecified (27035886) 30151361 30151500
  257 36.46  1.92  2.42            OX375794.1 30260323 30260530 (26926856)  C          Kuruka  Unspecified (26926856) 30260323 30260530
  236 38.33  0.87  1.31            OX375794.1 30685137 30685366 (26502020)  C          Kuruka  Unspecified (26502020) 30685137 30685366
  269 36.70  3.25  3.58            OX375794.1 31041178 31041485 (26145901)  C          Kuruka  Unspecified (26145901) 31041178 31041485
  230 20.96  1.59  1.59            OX375794.1 31308534 31308596 (25878790)  C          Kuruka  Unspecified (25878790) 31308534 31308596
  256 33.59  1.85  4.43            OX375794.1 32591729 32591890 (24595496)  C          Kuruka  Unspecified (24595496) 32591729 32591890
  306 36.47  1.21  1.21            OX375795.1 19165693 19165939 (14720560)  +          Kuruka  Unspecified (14720560) 19165693 19165939
  226 34.79  0.71  1.44            OX375795.1 25146429 25146568 (8739931)  +          Kuruka  Unspecified (8739931) 25146429 25146568
  286 29.28  0.00  1.22            OX375795.1 25672844 25672926 (8213573)  +          Kuruka  Unspecified (8213573) 25672844 25672926
  245 33.81  1.86  4.46            OX375795.1 28815703 28815863 (5070636)  +          Kuruka  Unspecified (5070636) 28815703 28815863
  400 33.85  3.09  2.45            OX375795.1 30434495 30434818 (3451681)  +          Kuruka  Unspecified (3451681) 30434495 30434818
 1011 32.71  2.01  2.01            OX375795.1 31329478 31330023 (2556476)  +          Kuruka  Unspecified (2556476) 31329478 31330023
  253 30.47  5.86  6.25            OX375795.1 31838126 31838398 (2048101)  +          Kuruka  Unspecified (2048101) 31838126 31838398
  319 32.79  0.00  0.82            OX375795.1 32308575 32308697 (1577802)  +          Kuruka  Unspecified (1577802) 32308575 32308697
  443 31.85  4.95  4.58            OX375795.1 32338649 32338931 (1547568)  +          Kuruka  Unspecified (1547568) 32338649 32338931
  319 32.79  0.00  0.82            OX375795.1 32841884 32842006 (1044493)  +          Kuruka  Unspecified (1044493) 32841884 32842006
  459 31.48  4.95  4.58            OX375795.1 32872016 32872298 (1014201)  +          Kuruka  Unspecified (1014201) 32872016 32872298
  502 33.72  5.68  3.94            OX375795.1 33094943 33095541 (790958)  +          Kuruka  Unspecified (790958) 33094943 33095541
  319 32.79  0.00  0.82            OX375795.1 33145251 33145373 (741126)  +          Kuruka  Unspecified (741126) 33145251 33145373
  416 29.67  3.14  2.50            OX375795.1 33184721 33184879 (701620)  +          Kuruka  Unspecified (701620) 33184721 33184879
  484 33.42  5.84  4.11            OX375795.1 33354633 33355231 (531268)  +          Kuruka  Unspecified (531268) 33354633 33355231
 2077 33.83  2.23  2.55            OX375795.1 33383461 33384758 (501741)  +          Kuruka  Unspecified (501741) 33383461 33384758
  248 38.33  0.87  1.31            OX375795.1 33823261 33823490  (63009)  +          Kuruka  Unspecified  (63009) 33823261 33823490
  376 35.92  1.45  1.82            OX375795.1  2657332  2657606 (31228893)  C          Kuruka  Unspecified (31228893)  2657332  2657606
  390 30.25  6.36  7.46            OX375795.1  2841220  2841612 (31044887)  C          Kuruka  Unspecified (31044887)  2841220  2841612
 2129 33.58  2.53  2.60            OX375795.1  8435632  8436976 (25449523)  C          Kuruka  Unspecified (25449523)  8435632  8436976
 2189 33.60  2.24  2.32            OX375795.1 15877104 15878398 (18008101)  C          Kuruka  Unspecified (18008101) 15877104 15878398
  245 33.81  1.86  4.46            OX375795.1 22831508 22831668 (11054831)  C          Kuruka  Unspecified (11054831) 22831508 22831668
 1610 34.45  4.23  3.59            OX375795.1 28280462 28281762 (5604737)  C          Kuruka  Unspecified (5604737) 28280462 28281762
 1099 35.50  3.57  3.47            OX375795.1 28312554 28313618 (5572881)  C          Kuruka  Unspecified (5572881) 28312554 28313618
 1409 34.25  5.21  3.73            OX375795.1 30626493 30627760 (3258739)  C          Kuruka  Unspecified (3258739) 30626493 30627760
  421 32.22  4.95  4.58            OX375795.1 30829488 30829770 (3056729)  C          Kuruka  Unspecified (3056729) 30829488 30829770
  236 38.33  0.87  1.31            OX375796.1 15790860 15791089 (18076076)  +          Kuruka  Unspecified (18076076) 15790860 15791089
  233 31.72  0.00  1.22            OX375796.1 24423052 24423134 (9444031)  +          Kuruka  Unspecified (9444031) 24423052 24423134
  231 30.44  0.00  1.45            OX375796.1 24446340 24446409 (9420756)  +          Kuruka  Unspecified (9420756) 24446340 24446409
  482 29.34  5.39  0.00            OX375796.1 24447868 24448034 (9419131)  +          Kuruka  Unspecified (9419131) 24447868 24448034
  652 33.09  0.36  0.36            OX375796.1 25150838 25151113 (8716052)  +          Kuruka  Unspecified (8716052) 25150838 25151113
 1495 33.86  2.56  2.66            OX375796.1 25153491 25154467 (8712698)  +          Kuruka  Unspecified (8712698) 25153491 25154467
  465 30.02  5.47  6.84            OX375796.1 26758633 26758943 (7108222)  +          Kuruka  Unspecified (7108222) 26758633 26758943
  229 33.84  2.01  4.83            OX375796.1 28013938 28014086 (5853079)  +          Kuruka  Unspecified (5853079) 28013938 28014086
  470 33.14  5.36  4.52            OX375796.1 28475936 28476308 (5390857)  +          Kuruka  Unspecified (5390857) 28475936 28476308
  340 32.75  2.64  4.48            OX375796.1 28525643 28525869 (5341296)  +          Kuruka  Unspecified (5341296) 28525643 28525869
  282 36.36  3.25  3.58            OX375796.1 28557925 28558232 (5308933)  +          Kuruka  Unspecified (5308933) 28557925 28558232
  390 30.25  6.36  7.46            OX375796.1 28706716 28707108 (5160057)  +          Kuruka  Unspecified (5160057) 28706716 28707108
 1543 34.48  4.30  3.67            OX375796.1 28755921 28757221 (5109944)  +          Kuruka  Unspecified (5109944) 28755921 28757221
 1611 34.01  4.38  3.74            OX375796.1 29281645 29282945 (4584220)  +          Kuruka  Unspecified (4584220) 29281645 29282945
  296 24.36  1.28  0.00            OX375796.1 29848203 29848280 (4018885)  +          Kuruka  Unspecified (4018885) 29848203 29848280
  423 32.90  1.67  1.67            OX375796.1 29858010 29858943 (4008976)  +          Kuruka  Unspecified (4008976) 29858010 29858943
  226 34.79  0.71  1.44            OX375796.1 29917288 29917427 (3949738)  +          Kuruka  Unspecified (3949738) 29917288 29917427
  513 34.18  4.56  3.72            OX375796.1 30249999 30250788 (3616794)  +          Kuruka  Unspecified (3616794) 30249999 30250788
  253 33.59  1.85  4.43            OX375796.1 30716417 30716578 (3150587)  +          Kuruka  Unspecified (3150587) 30716417 30716578
  720 37.16  1.68  2.19            OX375796.1 30732890 30733486 (3133679)  +          Kuruka  Unspecified (3133679) 30732890 30733486
  265 35.51  3.78  1.05            OX375796.1 30743005 30743189 (3123976)  +          Kuruka  Unspecified (3123976) 30743005 30743189
  459 27.98  7.34  1.06            OX375796.1 30774360 30774536 (3092629)  +          Kuruka  Unspecified (3092629) 30774360 30774536
  249 29.87  2.96  2.96            OX375796.1 30774790 30774958 (3092207)  +          Kuruka  Unspecified (3092207) 30774790 30774958
  450 31.98  4.24  3.87            OX375796.1 31095729 31096011 (2771154)  +          Kuruka  Unspecified (2771154) 31095729 31096011
  514 33.21  5.62  2.88            OX375796.1 31146668 31147005 (2720160)  +          Kuruka  Unspecified (2720160) 31146668 31147005
  311 34.08  1.75  2.20            OX375796.1 31147230 31147457 (2719708)  +          Kuruka  Unspecified (2719708) 31147230 31147457
 2174 33.68  2.24  2.32            OX375796.1 31357715 31359009 (2508156)  +          Kuruka  Unspecified (2508156) 31357715 31359009
  233 35.86  1.16  1.16            OX375796.1 31384322 31384679 (2482758)  +          Kuruka  Unspecified (2482758) 31384322 31384679
  256 27.50  4.76  4.76            OX375796.1 31497791 31497916 (2369249)  +          Kuruka  Unspecified (2369249) 31497791 31497916
  303 32.79  0.00  0.82            OX375796.1 31750107 31750229 (2116936)  +          Kuruka  Unspecified (2116936) 31750107 31750229
 1114 35.67  4.87  3.74            OX375796.1 31765021 31766211 (2100954)  +          Kuruka  Unspecified (2100954) 31765021 31766211
  267 27.14  1.43  0.00            OX375796.1 32134544 32134613 (1732552)  +          Kuruka  Unspecified (1732552) 32134544 32134613
  336 33.61  2.48  2.90            OX375796.1 32257837 32258078 (1609087)  +          Kuruka  Unspecified (1609087) 32257837 32258078
  306 34.65  3.05  3.05            OX375796.1 32499872 32500133 (1367032)  +          Kuruka  Unspecified (1367032) 32499872 32500133
  390 30.25  6.36  7.46            OX375796.1 32520472 32520864 (1346301)  +          Kuruka  Unspecified (1346301) 32520472 32520864
  230 20.96  1.59  1.59            OX375796.1 32526749 32526811 (1340354)  +          Kuruka  Unspecified (1340354) 32526749 32526811
  615 36.60  3.34  2.65            OX375796.1 32548525 32548973 (1318192)  +          Kuruka  Unspecified (1318192) 32548525 32548973
  267 27.14  1.43  0.00            OX375796.1 32833721 32833790 (1033375)  +          Kuruka  Unspecified (1033375) 32833721 32833790
  459 33.02  6.14  5.09            OX375796.1 32947064 32947666 (919499)  +          Kuruka  Unspecified (919499) 32947064 32947666
  336 33.61  2.48  2.90            OX375796.1 32963306 32963547 (903618)  +          Kuruka  Unspecified (903618) 32963306 32963547
  319 34.25  3.05  3.05            OX375796.1 33198866 33199127 (668038)  +          Kuruka  Unspecified (668038) 33198866 33199127
  230 20.96  1.59  1.59            OX375796.1 33219590 33219652 (647513)  +          Kuruka  Unspecified (647513) 33219590 33219652
  615 36.60  3.34  2.65            OX375796.1 33241028 33241476 (625689)  +          Kuruka  Unspecified (625689) 33241028 33241476
  291 26.60  6.03  6.03            OX375796.1 33453273 33453388 (413777)  +          Kuruka  Unspecified (413777) 33453273 33453388
  572 35.60  2.43  2.65            OX375796.1 33499508 33499960 (367205)  +          Kuruka  Unspecified (367205) 33499508 33499960
  584 35.49  3.29  3.29            OX375796.1 33505972 33506548 (360617)  +          Kuruka  Unspecified (360617) 33505972 33506548
  274 30.49  0.00  1.22            OX375796.1 33573405 33573487 (293678)  +          Kuruka  Unspecified (293678) 33573405 33573487
  390 30.25  6.36  7.46            OX375796.1 15279290 15279682 (18587483)  C          Kuruka  Unspecified (18587483) 15279290 15279682
  311 32.79  0.00  0.82            OX375796.1 24527537 24527659 (9339506)  C          Kuruka  Unspecified (9339506) 24527537 24527659
  390 30.25  6.36  7.46            OX375796.1 24625580 24625972 (9241193)  C          Kuruka  Unspecified (9241193) 24625580 24625972
  457 33.80  1.81  2.27            OX375796.1 24748897 24749117 (9118048)  C          Kuruka  Unspecified (9118048) 24748897 24749117
  226 34.79  0.71  1.44            OX375796.1 24806748 24806887 (9060278)  C          Kuruka  Unspecified (9060278) 24806748 24806887
  317 37.00  1.78  2.69            OX375796.1 29455491 29455715 (4411450)  C          Kuruka  Unspecified (4411450) 29455491 29455715
  284 33.70  0.66  0.66            OX375796.1 29708207 29708953 (4158807)  C          Kuruka  Unspecified (4158807) 29708207 29708953
  256 27.50  4.76  4.76            OX375796.1 29807153 29807278 (4059887)  C          Kuruka  Unspecified (4059887) 29807153 29807278
  240 36.60  3.78  1.05            OX375796.1 30049438 30049622 (3817543)  C          Kuruka  Unspecified (3817543) 30049438 30049622
  263 27.03  1.35  0.00            OX375796.1 30085651 30085724 (3781441)  C          Kuruka  Unspecified (3781441) 30085651 30085724
  226 34.79  0.71  1.44            OX375796.1 30118603 30118742 (3748423)  C          Kuruka  Unspecified (3748423) 30118603 30118742
  392 31.10  2.60  3.95            OX375796.1 30448394 30448624 (3418541)  C          Kuruka  Unspecified (3418541) 30448394 30448624
  482 33.89  5.68  3.94            OX375796.1 31490736 31491334 (2375831)  C          Kuruka  Unspecified (2375831) 31490736 31491334
 1522 35.00  4.23  3.59            OX375796.1 31612752 31614052 (2253113)  C          Kuruka  Unspecified (2253113) 31612752 31614052
  305 34.65  3.05  3.05            OX375796.1 32628853 32629114 (1238051)  C          Kuruka  Unspecified (1238051) 32628853 32629114
  305 34.65  3.05  3.05            OX375796.1 33325470 33325731 (541434)  C          Kuruka  Unspecified (541434) 33325470 33325731
  405 30.65  2.60  3.95            OX375797.1  1148529  1148759 (31052420)  +          Kuruka  Unspecified (31052420)  1148529  1148759
  390 30.25  6.36  7.46            OX375797.1  1172190  1172582 (31028597)  +          Kuruka  Unspecified (31028597)  1172190  1172582
  264 28.09  1.11  1.11            OX375797.1  1710785  1710874 (30490305)  +          Kuruka  Unspecified (30490305)  1710785  1710874
  427 33.80  1.80  2.73            OX375797.1  2293496  2293717 (29907462)  +          Kuruka  Unspecified (29907462)  2293496  2293717
  724 35.10  3.30  4.49            OX375797.1  2697721  2698418 (29502761)  +          Kuruka  Unspecified (29502761)  2697721  2698418
  376 35.92  1.45  1.82            OX375797.1  3571476  3571750 (28629429)  +          Kuruka  Unspecified (28629429)  3571476  3571750
  249 29.21  1.11  1.11            OX375797.1  5633492  5633581 (26567598)  +          Kuruka  Unspecified (26567598)  5633492  5633581
  236 38.33  0.87  1.31            OX375797.1  5897127  5897356 (26303823)  +          Kuruka  Unspecified (26303823)  5897127  5897356
  253 33.59  1.85  4.43            OX375797.1  6172838  6172999 (26028180)  +          Kuruka  Unspecified (26028180)  6172838  6172999
  390 30.25  6.36  7.46            OX375797.1  7503066  7503458 (24697721)  +          Kuruka  Unspecified (24697721)  7503066  7503458
  286 29.28  0.00  1.22            OX375797.1 10967951 10968033 (21233146)  +          Kuruka  Unspecified (21233146) 10967951 10968033
  256 27.50  4.76  4.76            OX375797.1 11069176 11069301 (21131878)  +          Kuruka  Unspecified (21131878) 11069176 11069301
  327 37.45  1.89  2.27            OX375797.1 12438590 12438854 (19762325)  +          Kuruka  Unspecified (19762325) 12438590 12438854
  274 30.49  0.00  1.22            OX375797.1 13952913 13952995 (18248184)  +          Kuruka  Unspecified (18248184) 13952913 13952995
  253 28.00  5.30  5.30            OX375797.1 15701472 15701603 (16499576)  +          Kuruka  Unspecified (16499576) 15701472 15701603
  256 27.50  4.76  4.76            OX375797.1 22868182 22868307 (9332872)  +          Kuruka  Unspecified (9332872) 22868182 22868307
  256 27.50  4.76  4.76            OX375797.1 29996401 29996526 (2204653)  +          Kuruka  Unspecified (2204653) 29996401 29996526
  226 34.79  0.71  1.44            OX375797.1    61356    61495 (32139684)  C          Kuruka  Unspecified (32139684)    61356    61495
  363 37.36  2.55  4.45            OX375797.1   342852   343400 (31857779)  C          Kuruka  Unspecified (31857779)   342852   343400
  246 38.16  0.87  1.30            OX375797.1   363068   363298 (31837881)  C          Kuruka  Unspecified (31837881)   363068   363298
 1004 32.05  3.19  3.37            OX375797.1  1070472  1071036 (31130143)  C          Kuruka  Unspecified (31130143)  1070472  1071036
  390 30.25  6.36  7.46            OX375797.1  1153816  1154208 (31046971)  C          Kuruka  Unspecified (31046971)  1153816  1154208
  306 36.47  1.21  1.21            OX375797.1  1165325  1165571 (31035608)  C          Kuruka  Unspecified (31035608)  1165325  1165571
  330 29.56  0.86  0.86            OX375797.1  1177708  1177823 (31023356)  C          Kuruka  Unspecified (31023356)  1177708  1177823
  397 30.07  5.41  6.77            OX375797.1  1191781  1192094 (31009085)  C          Kuruka  Unspecified (31009085)  1191781  1192094
  252 29.35  1.06  2.15            OX375797.1  1751809  1751902 (30449277)  C          Kuruka  Unspecified (30449277)  1751809  1751902
  265 33.02  5.45  0.87            OX375797.1  2849941  2850050 (29351129)  C          Kuruka  Unspecified (29351129)  2849941  2850050
  250 30.77  0.00  0.00            OX375797.1  2920040  2920117 (29281062)  C          Kuruka  Unspecified (29281062)  2920040  2920117
  250 36.06  3.78  1.05            OX375797.1  6383903  6384087 (25817092)  C          Kuruka  Unspecified (25817092)  6383903  6384087
 1380 36.63  1.59  1.69            OX375797.1 10973931 10974938 (21226241)  C          Kuruka  Unspecified (21226241) 10973931 10974938
  257 36.46  1.92  2.42            OX375797.1 13012825 13013032 (19188147)  C          Kuruka  Unspecified (19188147) 13012825 13013032
  390 30.25  6.36  7.46            OX375797.1 16966401 16966793 (15234386)  C          Kuruka  Unspecified (15234386) 16966401 16966793
  228 28.36  5.88  6.67            OX375797.1 22708578 22708713 (9492466)  C          Kuruka  Unspecified (9492466) 22708578 22708713
  479 33.89  5.68  3.94            OX375797.1 27218688 27219286 (4981893)  C          Kuruka  Unspecified (4981893) 27218688 27219286
  231 35.48  0.00  2.73            OX375798.1  4773990  4774102 (27134417)  +          Kuruka  Unspecified (27134417)  4773990  4774102
  274 30.49  0.00  1.22            OX375798.1 19168609 19168691 (12739828)  +          Kuruka  Unspecified (12739828) 19168609 19168691
  305 26.83  0.00  0.00            OX375798.1 21231668 21231749 (10676770)  +          Kuruka  Unspecified (10676770) 21231668 21231749
  294 35.93  1.90  2.38            OX375798.1 25802750 25802960 (6105559)  +          Kuruka  Unspecified (6105559) 25802750 25802960
  228 28.36  5.88  6.67            OX375798.1 26687765 26687900 (5220619)  +          Kuruka  Unspecified (5220619) 26687765 26687900
  327 37.45  1.89  2.27            OX375798.1 26773544 26773808 (5134711)  +          Kuruka  Unspecified (5134711) 26773544 26773808
  502 33.72  5.68  3.94            OX375798.1 26898327 26898925 (5009594)  +          Kuruka  Unspecified (5009594) 26898327 26898925
  254 30.49  0.00  0.00            OX375798.1 29404523 29404604 (2503915)  +          Kuruka  Unspecified (2503915) 29404523 29404604
  227 28.00  0.00  0.00            OX375798.1 29978809 29979121 (1929624)  +          Kuruka  Unspecified (1929624) 29978809 29979121
  261 37.89  0.87  1.31            OX375798.1 30668726 30668955 (1239564)  +          Kuruka  Unspecified (1239564) 30668726 30668955
  358 38.78  1.82  3.53            OX375798.1 30773866 30774413 (1134106)  +          Kuruka  Unspecified (1134106) 30773866 30774413
  253 27.50  4.76  4.76            OX375798.1 30900564 30900689 (1007830)  +          Kuruka  Unspecified (1007830) 30900564 30900689
  358 38.78  1.82  3.53            OX375798.1 31112465 31113012 (795507)  +          Kuruka  Unspecified (795507) 31112465 31113012
  328 30.91  1.80  0.89            OX375798.1 31274586 31274696 (633823)  +          Kuruka  Unspecified (633823) 31274586 31274696
  509 32.57  5.36  4.52            OX375798.1 31638968 31639757 (269179)  +          Kuruka  Unspecified (269179) 31638968 31639757
  286 29.28  0.00  1.22            OX375798.1 31829791 31829873  (78646)  +          Kuruka  Unspecified  (78646) 31829791 31829873
  286 29.28  0.00  1.22            OX375798.1 31865550 31865632  (42887)  +          Kuruka  Unspecified  (42887) 31865550 31865632
  274 30.49  0.00  1.22            OX375798.1  3539285  3539367 (28369152)  C          Kuruka  Unspecified (28369152)  3539285  3539367
  286 29.28  0.00  1.22            OX375798.1 10989517 10989599 (20918920)  C          Kuruka  Unspecified (20918920) 10989517 10989599
  435 32.99  7.84  3.94            OX375798.1 24317262 24317848 (7590671)  C          Kuruka  Unspecified (7590671) 24317262 24317848
  232 34.87  1.85  4.43            OX375798.1 27111963 27112124 (4796395)  C          Kuruka  Unspecified (4796395) 27111963 27112124
  242 34.82  2.17  2.17            OX375798.1 28143936 28144073 (3764446)  C          Kuruka  Unspecified (3764446) 28143936 28144073
  252 29.35  1.06  2.15            OX375798.1 28226797 28226890 (3681629)  C          Kuruka  Unspecified (3681629) 28226797 28226890
 2122 33.67  2.53  2.60            OX375798.1 29026897 29028241 (2880278)  C          Kuruka  Unspecified (2880278) 29026897 29028241
  248 38.33  0.87  1.31            OX375798.1 29247965 29248194 (2660325)  C          Kuruka  Unspecified (2660325) 29247965 29248194
  256 27.50  4.76  4.76            OX375798.1 29576532 29576657 (2331862)  C          Kuruka  Unspecified (2331862) 29576532 29576657
 1700 33.15  5.10  1.92            OX375798.1 29868081 29869138 (2039381)  C          Kuruka  Unspecified (2039381) 29868081 29869138
  479 33.89  5.68  3.94            OX375798.1 30923864 30924462 (984057)  C          Kuruka  Unspecified (984057) 30923864 30924462
  479 33.89  5.68  3.94            OX375799.1  3514890  3515488 (24476900)  +          Kuruka  Unspecified (24476900)  3514890  3515488
 2148 33.75  2.24  2.32            OX375799.1 18845658 18846952 (9145436)  +          Kuruka  Unspecified (9145436) 18845658 18846952
  272 28.09  1.11  1.11            OX375799.1 18978518 18978607 (9013781)  +          Kuruka  Unspecified (9013781) 18978518 18978607
  410 30.50  5.11  5.49            OX375799.1 19375260 19375533 (8616855)  +          Kuruka  Unspecified (8616855) 19375260 19375533
  248 18.18  0.00  0.00            OX375799.1 19520720 19520763 (8471625)  +          Kuruka  Unspecified (8471625) 19520720 19520763
  256 27.50  4.76  4.76            OX375799.1 20065737 20065862 (7926526)  +          Kuruka  Unspecified (7926526) 20065737 20065862
  558 31.35  0.00  0.00            OX375799.1 20321699 20321883 (7670505)  +          Kuruka  Unspecified (7670505) 20321699 20321883
  341 33.21  2.64  4.48            OX375799.1 20883117 20883343 (7109045)  +          Kuruka  Unspecified (7109045) 20883117 20883343
  281 32.94  1.85  4.43            OX375799.1 21437181 21437342 (6555046)  +          Kuruka  Unspecified (6555046) 21437181 21437342
  287 26.78  3.45  3.45            OX375799.1 21483084 21483199 (6509189)  +          Kuruka  Unspecified (6509189) 21483084 21483199
  393 31.10  2.60  3.95            OX375799.1 21495622 21495852 (6496536)  +          Kuruka  Unspecified (6496536) 21495622 21495852
  253 33.59  1.85  4.43            OX375799.1 22307207 22307368 (5685020)  +          Kuruka  Unspecified (5685020) 22307207 22307368
 1349 37.18  0.89  0.99            OX375799.1 22329278 22330285 (5662103)  +          Kuruka  Unspecified (5662103) 22329278 22330285
 1349 37.18  0.89  0.99            OX375799.1 22827369 22828376 (5164012)  +          Kuruka  Unspecified (5164012) 22827369 22828376
  339 30.00  1.80  0.89            OX375799.1 23215197 23215307 (4777081)  +          Kuruka  Unspecified (4777081) 23215197 23215307
  383 38.40  1.82  3.53            OX375799.1 23532657 23533204 (4459184)  +          Kuruka  Unspecified (4459184) 23532657 23533204
  255 29.12  0.00  1.27            OX375799.1 23818689 23818768 (4173620)  +          Kuruka  Unspecified (4173620) 23818689 23818768
  308 35.57  0.00  0.67            OX375799.1 24003701 24003850 (3988538)  +          Kuruka  Unspecified (3988538) 24003701 24003850
  415 32.22  4.95  4.58            OX375799.1 24219432 24219714 (3772674)  +          Kuruka  Unspecified (3772674) 24219432 24219714
  325 24.68  0.00  0.00            OX375799.1 24446943 24447019 (3545369)  +          Kuruka  Unspecified (3545369) 24446943 24447019
 1149 35.98  2.71  3.10            OX375799.1 24469871 24470940 (3521448)  +          Kuruka  Unspecified (3521448) 24469871 24470940
  307 33.17  3.54  4.06            OX375799.1 24552696 24552893 (3439495)  +          Kuruka  Unspecified (3439495) 24552696 24552893
  320 34.25  3.05  3.05            OX375799.1 24974846 24975107 (3017281)  +          Kuruka  Unspecified (3017281) 24974846 24975107
  232 33.84  1.97  4.73            OX375799.1 25186219 25186370 (2806018)  +          Kuruka  Unspecified (2806018) 25186219 25186370
  232 33.84  1.97  4.73            OX375799.1 25914010 25914161 (2078227)  +          Kuruka  Unspecified (2078227) 25914010 25914161
  291 26.60  6.03  6.03            OX375799.1 26483746 26483861 (1508527)  +          Kuruka  Unspecified (1508527) 26483746 26483861
  312 37.84  1.89  2.27            OX375799.1 27182882 27183146 (809242)  +          Kuruka  Unspecified (809242) 27182882 27183146
 1150 35.53  3.39  3.10            OX375799.1 27320211 27321273 (671115)  +          Kuruka  Unspecified (671115) 27320211 27321273
  236 38.33  0.87  1.31            OX375799.1 27445860 27446089 (546299)  +          Kuruka  Unspecified (546299) 27445860 27446089
  400 31.55  2.60  3.95            OX375799.1 27545274 27545504 (446884)  +          Kuruka  Unspecified (446884) 27545274 27545504
  265 30.49  0.00  1.22            OX375799.1 27555620 27555702 (436686)  +          Kuruka  Unspecified (436686) 27555620 27555702
  396 30.33  3.03  4.39            OX375799.1 27630349 27630579 (361809)  +          Kuruka  Unspecified (361809) 27630349 27630579
  265 30.49  0.00  1.22            OX375799.1 27642163 27642245 (350143)  +          Kuruka  Unspecified (350143) 27642163 27642245
  396 30.33  3.03  4.39            OX375799.1 27685543 27685773 (306615)  +          Kuruka  Unspecified (306615) 27685543 27685773
  265 30.49  0.00  1.22            OX375799.1 27691740 27691822 (300566)  +          Kuruka  Unspecified (300566) 27691740 27691822
  349 30.60  0.62  3.16            OX375799.1 27728376 27728537 (263851)  +          Kuruka  Unspecified (263851) 27728376 27728537
  274 36.36  1.19  1.80            OX375799.1 27734556 27734723 (257665)  +          Kuruka  Unspecified (257665) 27734556 27734723
  383 31.04  1.55  3.68            OX375799.1 27916552 27916745  (75643)  +          Kuruka  Unspecified  (75643) 27916552 27916745
  365 30.60  0.62  3.16            OX375799.1 27940601 27940762  (51626)  +          Kuruka  Unspecified  (51626) 27940601 27940762
  374 28.45  0.85  0.85            OX375799.1 27985698 27985814   (6574)  +          Kuruka  Unspecified   (6574) 27985698 27985814
  257 36.46  1.92  2.42            OX375799.1  7171250  7171457 (20820931)  C          Kuruka  Unspecified (20820931)  7171250  7171457
  479 33.89  5.68  3.94            OX375799.1  9239933  9240531 (18751857)  C          Kuruka  Unspecified (18751857)  9239933  9240531
  886 35.53  3.57  3.23            OX375799.1 13243412 13244336 (14748052)  C          Kuruka  Unspecified (14748052) 13243412 13244336
  286 29.28  0.00  1.22            OX375799.1 16361286 16361368 (11631020)  C          Kuruka  Unspecified (11631020) 16361286 16361368
  279 29.65  3.36  0.82            OX375799.1 16534369 16534487 (11457901)  C          Kuruka  Unspecified (11457901) 16534369 16534487
  253 30.97  2.63  0.86            OX375799.1 16628885 16628998 (11363390)  C          Kuruka  Unspecified (11363390) 16628885 16628998
  388 38.18  3.94  0.00            OX375799.1 17706353 17706682 (10285706)  C          Kuruka  Unspecified (10285706) 17706353 17706682
  284 28.05  0.00  0.00            OX375799.1 18723502 18723583 (9268805)  C          Kuruka  Unspecified (9268805) 18723502 18723583
  261 23.81  0.00  0.00            OX375799.1 18796062 18796124 (9196264)  C          Kuruka  Unspecified (9196264) 18796062 18796124
 1133 36.17  2.71  3.10            OX375799.1 19070193 19071262 (8921126)  C          Kuruka  Unspecified (8921126) 19070193 19071262
  258 30.57  0.90  2.75            OX375799.1 19075776 19075886 (8916502)  C          Kuruka  Unspecified (8916502) 19075776 19075886
  458 27.86  6.59  1.14            OX375799.1 19300817 19300983 (8691405)  C          Kuruka  Unspecified (8691405) 19300817 19300983
  250 38.16  0.87  1.30            OX375799.1 20405444 20405674 (7586714)  C          Kuruka  Unspecified (7586714) 20405444 20405674
  332 36.63  2.78  3.10            OX375799.1 20499360 20499683 (7492705)  C          Kuruka  Unspecified (7492705) 20499360 20499683
 1944 33.97  2.76  2.68            OX375799.1 20808297 20809639 (7182749)  C          Kuruka  Unspecified (7182749) 20808297 20809639
  247 29.85  3.53  5.39            OX375799.1 21133014 21133183 (6859205)  C          Kuruka  Unspecified (6859205) 21133014 21133183
  305 34.65  3.05  3.05            OX375799.1 21331424 21331685 (6660703)  C          Kuruka  Unspecified (6660703) 21331424 21331685
  306 36.47  1.21  1.21            OX375799.1 21488546 21488792 (6503596)  C          Kuruka  Unspecified (6503596) 21488546 21488792
 1363 37.08  0.89  0.99            OX375799.1 21583498 21584505 (6407883)  C          Kuruka  Unspecified (6407883) 21583498 21584505
  253 33.59  1.85  4.43            OX375799.1 21606416 21606577 (6385811)  C          Kuruka  Unspecified (6385811) 21606416 21606577
 1198 35.78  2.71  3.10            OX375799.1 22212478 22213547 (5778841)  C          Kuruka  Unspecified (5778841) 22212478 22213547
  398 34.06  2.47  2.47            OX375799.1 22219699 22219981 (5772407)  C          Kuruka  Unspecified (5772407) 22219699 22219981
  339 30.00  1.80  0.89            OX375799.1 22484353 22484463 (5507925)  C          Kuruka  Unspecified (5507925) 22484353 22484463
  339 30.00  1.80  0.89            OX375799.1 22616704 22616814 (5375574)  C          Kuruka  Unspecified (5375574) 22616704 22616814
  339 30.00  1.80  0.89            OX375799.1 22982182 22982292 (5010096)  C          Kuruka  Unspecified (5010096) 22982182 22982292
  307 33.67  1.75  2.20            OX375799.1 23398277 23399066 (4593884)  C          Kuruka  Unspecified (4593884) 23398277 23399066
  255 29.12  0.00  1.27            OX375799.1 24274030 24274109 (3718279)  C          Kuruka  Unspecified (3718279) 24274030 24274109
 2154 33.68  2.24  2.32            OX375799.1 24475809 24477103 (3515285)  C          Kuruka  Unspecified (3515285) 24475809 24477103
  338 33.63  0.00  0.00            OX375799.1 24534602 24534714 (3457674)  C          Kuruka  Unspecified (3457674) 24534602 24534714
  234 23.73  0.00  0.00            OX375799.1 24555574 24555632 (3436756)  C          Kuruka  Unspecified (3436756) 24555574 24555632
  250 33.15  1.97  4.73            OX375799.1 24996559 24996710 (2995678)  C          Kuruka  Unspecified (2995678) 24996559 24996710
  320 34.25  3.05  3.05            OX375799.1 25207822 25208083 (2784305)  C          Kuruka  Unspecified (2784305) 25207822 25208083
  383 38.40  1.82  3.53            OX375799.1 25410809 25411356 (2581032)  C          Kuruka  Unspecified (2581032) 25410809 25411356
  320 34.25  3.05  3.05            OX375799.1 25935623 25935884 (2056504)  C          Kuruka  Unspecified (2056504) 25935623 25935884
  368 38.59  1.82  3.53            OX375799.1 26578603 26579150 (1413238)  C          Kuruka  Unspecified (1413238) 26578603 26579150
  249 29.21  1.11  1.11            OX375799.1 26911366 26911455 (1080933)  C          Kuruka  Unspecified (1080933) 26911366 26911455
  253 30.47  5.86  6.25            OX375799.1 27100292 27100564 (891824)  C          Kuruka  Unspecified (891824) 27100292 27100564
 1650 35.79  1.83  1.64            OX375799.1 27172754 27173790 (818598)  C          Kuruka  Unspecified (818598) 27172754 27173790
  339 28.09  0.00  0.00            OX375799.1 27363065 27363153 (629235)  C          Kuruka  Unspecified (629235) 27363065 27363153
  236 38.33  0.87  1.31            OX375799.1 27459259 27459488 (532900)  C          Kuruka  Unspecified (532900) 27459259 27459488
  236 38.33  0.87  1.31            OX375799.1 27502819 27503048 (489340)  C          Kuruka  Unspecified (489340) 27502819 27503048
  234 37.50  2.18  2.18            OX375799.1 27777739 27777967 (214421)  C          Kuruka  Unspecified (214421) 27777739 27777967
  479 33.89  5.68  3.94            OX375800.1  1920574  1921172 (25247882)  +          Kuruka  Unspecified (25247882)  1920574  1921172
  299 36.03  3.25  3.58            OX375800.1  8128677  8128984 (19040070)  +          Kuruka  Unspecified (19040070)  8128677  8128984
  336 33.61  2.48  2.90            OX375800.1 25937423 25937664 (1231390)  +          Kuruka  Unspecified (1231390) 25937423 25937664
  328 30.91  1.80  0.89            OX375800.1  2580097  2580207 (24588847)  C          Kuruka  Unspecified (24588847)  2580097  2580207
 1349 32.05  2.39  2.69            OX375800.1 25962318 25962987 (1206067)  C          Kuruka  Unspecified (1206067) 25962318 25962987
  303 30.34  0.00  0.00            OX375801.1    35077    35165 (25335981)  +          Kuruka  Unspecified (25335981)    35077    35165
  753 37.60  3.22  3.62            OX375801.1    46256    47530 (25323616)  +          Kuruka  Unspecified (25323616)    46256    47530
  230 20.96  1.59  1.59            OX375801.1    65611    65673 (25305473)  +          Kuruka  Unspecified (25305473)    65611    65673
  256 27.50  4.76  4.76            OX375801.1   198957   199082 (25172064)  +          Kuruka  Unspecified (25172064)   198957   199082
  502 33.72  5.68  3.94            OX375801.1   716882   717480 (24653666)  +          Kuruka  Unspecified (24653666)   716882   717480
  230 33.07  1.59  1.59            OX375801.1  2450142  2450267 (22920879)  +          Kuruka  Unspecified (22920879)  2450142  2450267
  469 27.26  6.59  1.14            OX375801.1  2468648  2468814 (22902332)  +          Kuruka  Unspecified (22902332)  2468648  2468814
  253 33.59  1.85  4.43            OX375801.1  2979165  2979326 (22391820)  +          Kuruka  Unspecified (22391820)  2979165  2979326
  535 33.72  4.56  3.72            OX375801.1  3616551  3617335 (21754223)  +          Kuruka  Unspecified (21754223)  3616551  3617335
  245 33.81  1.86  4.46            OX375801.1  4164456  4164616 (21206530)  +          Kuruka  Unspecified (21206530)  4164456  4164616
  230 20.96  1.59  1.59            OX375801.1  4244471  4244533 (21126613)  +          Kuruka  Unspecified (21126613)  4244471  4244533
  275 36.42  1.90  2.38            OX375801.1  4658301  4658511 (20712635)  +          Kuruka  Unspecified (20712635)  4658301  4658511
  290 37.60  2.26  2.65            OX375801.1  4696738  4697002 (20674144)  +          Kuruka  Unspecified (20674144)  4696738  4697002
  306 36.47  1.21  1.21            OX375801.1  5050678  5050924 (20320222)  +          Kuruka  Unspecified (20320222)  5050678  5050924
  479 33.89  5.68  3.94            OX375801.1  5677687  5678285 (19692861)  +          Kuruka  Unspecified (19692861)  5677687  5678285
  457 33.04  4.31  3.10            OX375801.1  6097457  6098128 (19273435)  +          Kuruka  Unspecified (19273435)  6097457  6098128
  279 29.65  3.36  0.82            OX375801.1  6242862  6242980 (19128166)  +          Kuruka  Unspecified (19128166)  6242862  6242980
  270 29.05  4.20  1.64            OX375801.1  6333314  6333432 (19037714)  +          Kuruka  Unspecified (19037714)  6333314  6333432
  345 31.97  0.00  1.64            OX375801.1  7112337  7112460 (18258686)  +          Kuruka  Unspecified (18258686)  7112337  7112460
  247  7.07  0.00 11.63            OX375801.1  8966913  8966960 (16404186)  +          Kuruka  Unspecified (16404186)  8966913  8966960
  274 30.49  0.00  1.22            OX375801.1 21922113 21922195 (3448951)  +          Kuruka  Unspecified (3448951) 21922113 21922195
  295 36.03  3.25  3.58            OX375801.1   688089   688396 (24682750)  C          Kuruka  Unspecified (24682750)   688089   688396
  293 35.04  3.05  3.05            OX375801.1  1354412  1354673 (24016473)  C          Kuruka  Unspecified (24016473)  1354412  1354673
  271 33.32  4.19  2.58            OX375801.1  4188260  4188450 (21182696)  C          Kuruka  Unspecified (21182696)  4188260  4188450
  270 36.42  1.90  2.38            OX375801.1  4211483  4211693 (21159453)  C          Kuruka  Unspecified (21159453)  4211483  4211693
  230 20.96  1.59  1.59            OX375801.1  4410746  4410808 (20960338)  C          Kuruka  Unspecified (20960338)  4410746  4410808
  268 37.28  2.16  1.72            OX375801.1  5254043  5254274 (20116872)  C          Kuruka  Unspecified (20116872)  5254043  5254274
  321 32.80  0.00  1.64            OX375801.1  5254512  5254635 (20116511)  C          Kuruka  Unspecified (20116511)  5254512  5254635
  289 36.36  3.25  3.58            OX375801.1  6640207  6640514 (18730632)  C          Kuruka  Unspecified (18730632)  6640207  6640514
  311 33.90  1.75  2.20            OX375801.1  7164427  7165215 (18206492)  C          Kuruka  Unspecified (18206492)  7164427  7165215
  955 34.89  3.88  3.88            OX375801.1  7794083  7794881 (17576265)  C          Kuruka  Unspecified (17576265)  7794083  7794881
  303 35.29  7.08  2.35            OX375801.1  7801374  7801698 (17569448)  C          Kuruka  Unspecified (17569448)  7801374  7801698
  256 27.50  4.76  4.76            OX375801.1  7830498  7830623 (17540523)  C          Kuruka  Unspecified (17540523)  7830498  7830623
 2051 33.39  2.14  2.22            OX375801.1  8264259  8265428 (17105718)  C          Kuruka  Unspecified (17105718)  8264259  8265428
  279 29.65  3.36  0.82            OX375801.1  8924598  8924716 (16446430)  C          Kuruka  Unspecified (16446430)  8924598  8924716
  226 34.79  0.71  1.44            OX375801.1  9730737  9730876 (15640270)  C          Kuruka  Unspecified (15640270)  9730737  9730876
  327 37.45  1.89  2.27            OX375801.1 11643796 11644060 (13727086)  C          Kuruka  Unspecified (13727086) 11643796 11644060
  253 33.59  1.85  4.43            OX375801.1 15097887 15098048 (10273098)  C          Kuruka  Unspecified (10273098) 15097887 15098048
  243 34.06  0.71  1.44            OX375801.1 19457290 19457429 (5913717)  C          Kuruka  Unspecified (5913717) 19457290 19457429
 2119 33.67  2.53  2.60            OX375801.1 23256262 23257606 (2113540)  C          Kuruka  Unspecified (2113540) 23256262 23257606
 2158 33.93  2.08  2.16            OX375801.1 23444997 23446291 (1924855)  C          Kuruka  Unspecified (1924855) 23444997 23446291
  344 36.15  3.96  5.47            OX375802.1   773644   773921 (21565516)  +          Kuruka  Unspecified (21565516)   773644   773921
  256 27.50  4.76  4.76            OX375802.1   843863   843988 (21495449)  +          Kuruka  Unspecified (21495449)   843863   843988
  256 33.59  1.85  4.43            OX375802.1  4859498  4859659 (17479778)  +          Kuruka  Unspecified (17479778)  4859498  4859659
  358 29.09  1.80  0.89            OX375802.1  5297673  5297783 (17041654)  +          Kuruka  Unspecified (17041654)  5297673  5297783
  311 38.55  0.75  1.14            OX375802.1 14563620 14563884 (7775553)  +          Kuruka  Unspecified (7775553) 14563620 14563884
  376 35.92  1.45  1.82            OX375802.1   155832   156106 (22183331)  C          Kuruka  Unspecified (22183331)   155832   156106
  282 34.98  1.75  2.20            OX375802.1   173904   174131 (22165306)  C          Kuruka  Unspecified (22165306)   173904   174131
  546 33.62  5.03  2.31            OX375802.1   174356   174693 (22164744)  C          Kuruka  Unspecified (22164744)   174356   174693
 1485 36.83  1.66  3.94            OX375802.1   209889   211030 (22128407)  C          Kuruka  Unspecified (22128407)   209889   211030
  413 32.22  4.95  4.58            OX375802.1   838693   838975 (21500462)  C          Kuruka  Unspecified (21500462)   838693   838975
  479 33.89  5.68  3.94            OX375802.1  2123110  2123708 (20215729)  C          Kuruka  Unspecified (20215729)  2123110  2123708
 2114 33.87  2.45  2.53            OX375802.1  2952112  2953456 (19385981)  C          Kuruka  Unspecified (19385981)  2952112  2953456
  226 34.79  0.71  1.44            OX375803.1 13878475 13878614 (7842687)  +          Kuruka  Unspecified (7842687) 13878475 13878614
  336 34.51  0.00  0.70            OX375803.1 16245472 16245614 (5475687)  +          Kuruka  Unspecified (5475687) 16245472 16245614
  339 38.17  4.38  3.85            OX375803.1 17418540 17419133 (4302168)  +          Kuruka  Unspecified (4302168) 17418540 17419133
  306 36.47  1.21  1.21            OX375803.1 17697891 17698137 (4023164)  +          Kuruka  Unspecified (4023164) 17697891 17698137
  306 34.54  1.21  1.21            OX375803.1 17955356 17955602 (3765699)  +          Kuruka  Unspecified (3765699) 17955356 17955602
  381 29.98  6.36  7.46            OX375803.1 17960155 17960547 (3760754)  +          Kuruka  Unspecified (3760754) 17960155 17960547
  368 30.25  6.36  7.46            OX375803.1 18016155 18016547 (3704754)  +          Kuruka  Unspecified (3704754) 18016155 18016547
  310 30.43  0.86  0.86            OX375803.1 18259868 18259983 (3461318)  +          Kuruka  Unspecified (3461318) 18259868 18259983
  423 30.19  2.60  3.95            OX375803.1 18305176 18305406 (3415895)  +          Kuruka  Unspecified (3415895) 18305176 18305406
  306 36.47  1.21  1.21            OX375803.1 18311316 18311562 (3409739)  +          Kuruka  Unspecified (3409739) 18311316 18311562
  310 30.43  0.86  0.86            OX375803.1 18329955 18330070 (3391231)  +          Kuruka  Unspecified (3391231) 18329955 18330070
  310 30.43  0.86  0.86            OX375803.1 18574369 18574484 (3146817)  +          Kuruka  Unspecified (3146817) 18574369 18574484
  310 30.43  0.86  0.86            OX375803.1 18711415 18711530 (3009771)  +          Kuruka  Unspecified (3009771) 18711415 18711530
  310 30.43  0.86  0.86            OX375803.1 18726921 18727036 (2994265)  +          Kuruka  Unspecified (2994265) 18726921 18727036
  405 30.65  2.60  3.95            OX375803.1 18934406 18934636 (2786665)  +          Kuruka  Unspecified (2786665) 18934406 18934636
  228 28.36  5.88  6.67            OX375803.1  7394768  7394903 (14326398)  C          Kuruka  Unspecified (14326398)  7394768  7394903
  415 34.71  1.78  2.69            OX375803.1  9652130  9652354 (12068947)  C          Kuruka  Unspecified (12068947)  9652130  9652354
  502 33.72  5.68  3.94            OX375803.1 15554264 15554862 (6166439)  C          Kuruka  Unspecified (6166439) 15554264 15554862
  274 36.27  3.92  3.58            OX375803.1 16239844 16240149 (5481152)  C          Kuruka  Unspecified (5481152) 16239844 16240149
  434 29.74  2.60  3.95            OX375803.1 17645512 17645742 (4075559)  C          Kuruka  Unspecified (4075559) 17645512 17645742
  423 30.19  2.60  3.95            OX375803.1 17677867 17678097 (4043204)  C          Kuruka  Unspecified (4043204) 17677867 17678097
  306 36.47  1.21  1.21            OX375803.1 17788223 17788469 (3932832)  C          Kuruka  Unspecified (3932832) 17788223 17788469
  390 30.25  6.36  7.46            OX375803.1 17794229 17794621 (3926680)  C          Kuruka  Unspecified (3926680) 17794229 17794621
  256 27.50  4.76  4.76            OX375803.1 17950086 17950211 (3771090)  C          Kuruka  Unspecified (3771090) 17950086 17950211
  239 37.62  1.73  2.17            OX375803.1 17975295 17975525 (3745776)  C          Kuruka  Unspecified (3745776) 17975295 17975525
  381 29.98  6.36  7.46            OX375803.1 17985829 17986221 (3735080)  C          Kuruka  Unspecified (3735080) 17985829 17986221
  310 30.43  0.86  0.86            OX375803.1 18170175 18170290 (3551011)  C          Kuruka  Unspecified (3551011) 18170175 18170290
  423 30.19  2.60  3.95            OX375803.1 18198197 18198427 (3522874)  C          Kuruka  Unspecified (3522874) 18198197 18198427
  310 30.43  0.86  0.86            OX375803.1 18618764 18618879 (3102422)  C          Kuruka  Unspecified (3102422) 18618764 18618879
  405 30.65  2.60  3.95            OX375803.1 20484201 20484431 (1236870)  C          Kuruka  Unspecified (1236870) 20484201 20484431
  405 30.65  2.60  3.95            OX375803.1 21457231 21457461 (263840)  C          Kuruka  Unspecified (263840) 21457231 21457461
  405 30.65  2.60  3.95            OX375803.1 21477149 21477379 (243922)  C          Kuruka  Unspecified (243922) 21477149 21477379
  256 27.50  4.76  4.76            OX375804.1  9540683  9540808 (11253438)  +          Kuruka  Unspecified (11253438)  9540683  9540808
  319 37.45  1.89  2.27            OX375804.1 10693048 10693312 (10100934)  +          Kuruka  Unspecified (10100934) 10693048 10693312
 1374 37.08  0.89  0.99            OX375804.1 15637221 15638228 (5156018)  +          Kuruka  Unspecified (5156018) 15637221 15638228
  230 20.96  1.59  1.59            OX375804.1 16067911 16067973 (4726273)  +          Kuruka  Unspecified (4726273) 16067911 16067973
  226 34.79  0.71  1.44            OX375804.1 16378231 16378370 (4415876)  +          Kuruka  Unspecified (4415876) 16378231 16378370
  479 33.89  5.68  3.94            OX375804.1 16586110 16586708 (4207538)  +          Kuruka  Unspecified (4207538) 16586110 16586708
  480 33.89  5.68  3.94            OX375804.1 16682514 16683112 (4111134)  +          Kuruka  Unspecified (4111134) 16682514 16683112
  659 37.34  2.57  1.70            OX375804.1 16693116 16693698 (4100548)  +          Kuruka  Unspecified (4100548) 16693116 16693698
  283 27.42  4.62  4.62            OX375804.1 16840905 16841034 (3953212)  +          Kuruka  Unspecified (3953212) 16840905 16841034
  414 30.49  2.38  2.38            OX375804.1 16979397 16979564 (3814682)  +          Kuruka  Unspecified (3814682) 16979397 16979564
  242 28.44  2.68  2.68            OX375804.1 17231901 17232012 (3562234)  +          Kuruka  Unspecified (3562234) 17231901 17232012
  339 28.11  2.38  4.03            OX375804.1 17383879 17384004 (3410242)  +          Kuruka  Unspecified (3410242) 17383879 17384004
  334 25.32  0.00  0.00            OX375804.1 18223752 18223830 (2570416)  +          Kuruka  Unspecified (2570416) 18223752 18223830
  305 34.65  3.05  3.05            OX375804.1 19009142 19009403 (1784843)  +          Kuruka  Unspecified (1784843) 19009142 19009403
  287 34.33  2.90  2.90            OX375804.1 19275221 19275427 (1518819)  +          Kuruka  Unspecified (1518819) 19275221 19275427
  332 25.32  0.00  0.00            OX375804.1 19358695 19358773 (1435473)  +          Kuruka  Unspecified (1435473) 19358695 19358773
  391 32.96  4.95  4.58            OX375804.1 19591646 19591928 (1202318)  +          Kuruka  Unspecified (1202318) 19591646 19591928
  262 27.78  0.00  0.00            OX375804.1 19717226 19717297 (1076949)  +          Kuruka  Unspecified (1076949) 19717226 19717297
  286 29.28  0.00  1.22            OX375804.1   403993   404075 (20390171)  C          Kuruka  Unspecified (20390171)   403993   404075
  479 33.89  5.68  3.94            OX375804.1 10184789 10185387 (10608859)  C          Kuruka  Unspecified (10608859) 10184789 10185387
  236 34.24  1.85  4.43            OX375804.1 15205223 15205384 (5588862)  C          Kuruka  Unspecified (5588862) 15205223 15205384
  336 32.28  2.58  4.19            OX375804.1 15953084 15953277 (4840969)  C          Kuruka  Unspecified (4840969) 15953084 15953277
  424 32.10  4.59  4.23            OX375804.1 16501647 16501929 (4292317)  C          Kuruka  Unspecified (4292317) 16501647 16501929
  502 33.72  5.68  3.94            OX375804.1 16533289 16533887 (4260359)  C          Kuruka  Unspecified (4260359) 16533289 16533887
  231 20.96  1.59  1.59            OX375804.1 17346994 17347056 (3447190)  C          Kuruka  Unspecified (3447190) 17346994 17347056
  270 27.67  3.45  3.45            OX375804.1 17355040 17355155 (3439091)  C          Kuruka  Unspecified (3439091) 17355040 17355155
  387 31.10  2.60  3.95            OX375804.1 17360786 17361016 (3433230)  C          Kuruka  Unspecified (3433230) 17360786 17361016
 1217 36.18  4.10  3.41            OX375804.1 17673260 17674455 (3119791)  C          Kuruka  Unspecified (3119791) 17673260 17674455
  235 28.69  6.42  0.87            OX375804.1 17849476 17849584 (2944662)  C          Kuruka  Unspecified (2944662) 17849476 17849584
 1042 36.22  4.43  3.74            OX375804.1 17858510 17859705 (2934541)  C          Kuruka  Unspecified (2934541) 17858510 17859705
  235 29.37  4.55  4.55            OX375804.1 18165909 18166040 (2628206)  C          Kuruka  Unspecified (2628206) 18165909 18166040
  246 33.81  1.86  4.46            OX375804.1 18244602 18244762 (2549484)  C          Kuruka  Unspecified (2549484) 18244602 18244762
  268 37.28  2.16  1.72            OX375804.1 19396576 19396807 (1397439)  C          Kuruka  Unspecified (1397439) 19396576 19396807
  321 32.80  0.00  1.64            OX375804.1 19397045 19397168 (1397078)  C          Kuruka  Unspecified (1397078) 19397045 19397168
  290 36.67  2.63  2.63            OX375804.1 19907721 19907986 (886260)  C          Kuruka  Unspecified (886260) 19907721 19907986
  502 33.72  5.68  3.94            OX375804.1 20006923 20007521 (786725)  C          Kuruka  Unspecified (786725) 20006923 20007521
  290 36.67  2.63  2.63            OX375804.1 20124043 20124308 (669938)  C          Kuruka  Unspecified (669938) 20124043 20124308
  748 33.87  1.00  1.00            OX375805.1   104256   105157 (924344)  +          Kuruka  Unspecified (924344)   104256   105157
  361 29.61  7.14  6.80            OX375805.1   149389   149696 (879304)  +          Kuruka  Unspecified (879304)   149389   149696
  236 38.33  0.87  1.31            OX375805.1   195306   195535 (833465)  +          Kuruka  Unspecified (833465)   195306   195535
  748 33.87  1.00  1.00            OX375805.1   492241   493142 (536359)  +          Kuruka  Unspecified (536359)   492241   493142
  348 29.96  7.14  6.80            OX375805.1   531074   531381 (497619)  +          Kuruka  Unspecified (497619)   531074   531381
  236 25.81  0.00  0.00            OX375805.1   564349   564410 (464590)  +          Kuruka  Unspecified (464590)   564349   564410
  383 31.55  2.60  3.95            OX375805.1   580562   580792 (448208)  +          Kuruka  Unspecified (448208)   580562   580792
  400 31.10  2.60  3.95            OX375805.1   588426   588656 (440344)  +          Kuruka  Unspecified (440344)   588426   588656
  382 31.55  2.60  3.95            OX375805.1   600422   600652 (428348)  +          Kuruka  Unspecified (428348)   600422   600652
  309 37.84  1.89  2.27            OX375805.1   711667   711931 (317069)  +          Kuruka  Unspecified (317069)   711667   711931
  748 33.87  1.00  1.00            OX375805.1   749827   750728 (278773)  +          Kuruka  Unspecified (278773)   749827   750728
  348 29.96  7.14  6.80            OX375805.1   788644   788951 (240049)  +          Kuruka  Unspecified (240049)   788644   788951
  236 25.81  0.00  0.00            OX375805.1   815734   815795 (213205)  +          Kuruka  Unspecified (213205)   815734   815795
  383 31.55  2.60  3.95            OX375805.1   831948   832178 (196822)  +          Kuruka  Unspecified (196822)   831948   832178
  400 31.10  2.60  3.95            OX375805.1   839813   840043 (188957)  +          Kuruka  Unspecified (188957)   839813   840043
  382 31.55  2.60  3.95            OX375805.1   851809   852039 (176961)  +          Kuruka  Unspecified (176961)   851809   852039
  244 28.58  3.45  3.45            OX375805.1   901366   901481 (127519)  +          Kuruka  Unspecified (127519)   901366   901481
  361 29.61  7.14  6.80            OX375805.1   304042   304349 (724651)  C          Kuruka  Unspecified (724651)   304042   304349
  841 33.87  1.12  1.40            OX375805.1   342506   343407 (686137)  C          Kuruka  Unspecified (686137)   342506   343407
  833 33.87  1.12  1.40            OX375805.1   452911   453812 (575732)  C          Kuruka  Unspecified (575732)   452911   453812
  361 29.61  7.14  6.80            OX375805.1   654365   654672 (374328)  C          Kuruka  Unspecified (374328)   654365   654672
  841 33.87  1.12  1.40            OX375805.1   692582   693483 (336061)  C          Kuruka  Unspecified (336061)   692582   693483
  255 33.59  1.85  4.43            OX375805.1   906908   907069 (121931)  C          Kuruka  Unspecified (121931)   906908   907069
  369 32.00  2.60  3.95            OX375805.1   942852   943082  (85918)  C          Kuruka  Unspecified  (85918)   942852   943082
  384 31.24  2.61  3.96            OX375805.1   968268   968497  (60503)  C          Kuruka  Unspecified  (60503)   968268   968497
 1160 35.98  2.71  3.10            OX375805.1  1021290  1022359   (6641)  C          Kuruka  Unspecified   (6641)  1021290  1022359
