  243 30.53  5.11  4.35            CM027723.2  7036349  7036485 (48229379)  +          Kuruka  Unspecified (48229379)  7036349  7036485
  232  5.88  0.00  0.00            CM027723.2 34048103 34048136 (21217728)  +          Kuruka  Unspecified (21217728) 34048103 34048136
  261 31.34  3.37  4.88            CM027723.2 48898226 48898433 (6367431)  +          Kuruka  Unspecified (6367431) 48898226 48898433
  228 25.94  0.00  4.71            CM027723.2 55147549 55147637 (118227)  C          Kuruka  Unspecified (118227) 55147549 55147637
  287 21.98  6.86  1.87            CM027724.2 22453654 22453755 (18421518)  C          Kuruka  Unspecified (18421518) 22453654 22453755
  227 29.23  0.00  0.00            CM027724.2 24736938 24737002 (16138271)  C          Kuruka  Unspecified (16138271) 24736938 24737002
  260 32.08  3.20  3.20            CM027725.2  3499356  3499574 (47190493)  +          Kuruka  Unspecified (47190493)  3499356  3499574
  256  9.43  3.77  0.00            CM027725.2 23009142 23009194 (27680873)  +          Kuruka  Unspecified (27680873) 23009142 23009194
  231 23.64  0.00  0.00            CM027725.2 47570603 47570657 (3119410)  +          Kuruka  Unspecified (3119410) 47570603 47570657
  227 28.83  7.24  1.88            CM027725.2  9221083  9221234 (41468833)  C          Kuruka  Unspecified (41468833)  9221083  9221234
  323 24.78  5.93  0.81            CM027725.2 47018636 47018753 (3671314)  C          Kuruka  Unspecified (3671314) 47018636 47018753
  260 29.03  2.11  2.11            CM027725.2 50600441 50600535  (89532)  C          Kuruka  Unspecified  (89532) 50600441 50600535
  260 29.03  2.11  2.11            CM027725.2 50637892 50637986  (52081)  C          Kuruka  Unspecified  (52081) 50637892 50637986
  290 25.25  6.06  0.00            CM027726.2 13711098 13711196 (39544242)  +          Kuruka  Unspecified (39544242) 13711098 13711196
  225 18.76  0.00  2.08            CM027726.2 15410680 15410728 (37844710)  +          Kuruka  Unspecified (37844710) 15410680 15410728
  279 28.41  2.08  1.03            CM027726.2 30372079 30372174 (22883264)  +          Kuruka  Unspecified (22883264) 30372079 30372174
  227 31.58  2.08  1.03            CM027726.2 10792687 10792782 (42462656)  C          Kuruka  Unspecified (42462656) 10792687 10792782
  319 27.77  5.51  0.75            CM027726.2 11116939 11117065 (42138373)  C          Kuruka  Unspecified (42138373) 11116939 11117065
  255 19.07  1.00 16.09            CM027727.2 17343643 17343742 (55910495)  +          Kuruka  Unspecified (55910495) 17343643 17343742
  251 32.68  4.65  4.65            CM027727.2 28546342 28546556 (44707681)  +          Kuruka  Unspecified (44707681) 28546342 28546556
  234 28.36  0.00  0.00            CM027727.2 27433539 27433605 (45820632)  C          Kuruka  Unspecified (45820632) 27433539 27433605
  286 29.81  4.59  4.59            CM027727.2 68425344 68425561 (4828676)  C          Kuruka  Unspecified (4828676) 68425344 68425561
  244 25.84  7.53  1.95            CM027728.2 35171168 35171313 (23502145)  C          Kuruka  Unspecified (23502145) 35171168 35171313
  234 31.63  2.00  2.00            CM027728.2 41223081 41223180 (17450278)  C          Kuruka  Unspecified (17450278) 41223081 41223180
  228 33.13  5.10  3.00            CM027728.2 43370478 43370673 (15302785)  C          Kuruka  Unspecified (15302785) 43370478 43370673
  283 34.31  1.45  0.72            CM027728.2 45543109 45543246 (13130212)  C          Kuruka  Unspecified (13130212) 45543109 45543246
  253 20.83  0.00  0.00            CM027729.2 25883426 25883473 (15640332)  +          Kuruka  Unspecified (15640332) 25883426 25883473
  254 15.07  0.00  0.00            CM027729.2 38750335 38750407 (2773398)  +          Kuruka  Unspecified (2773398) 38750335 38750407
  261 28.40  0.00  1.23            CM027729.2 20243444 20243525 (21280280)  C          Kuruka  Unspecified (21280280) 20243444 20243525
  234 20.29  4.17  4.17            CM027729.2 22757372 22757443 (18766362)  C          Kuruka  Unspecified (18766362) 22757372 22757443
  233 18.37  0.00  0.00            CM027730.2 35170975 35171023 (3500295)  +          Kuruka  Unspecified (3500295) 35170975 35171023
  257 32.62  2.08  2.62            CM027730.2  9017567  9017758 (29653560)  C          Kuruka  Unspecified (29653560)  9017567  9017758
  287 32.98  3.12  3.66            CM027730.2 30537243 30537434 (8133884)  C          Kuruka  Unspecified (8133884) 30537243 30537434
  242 17.50  0.00  0.00            CM027731.2   718309   718348 (30963264)  +          Kuruka  Unspecified (30963264)   718309   718348
  385 21.75  7.09  2.26            CM027731.2 26815281 26815407 (4866205)  C          Kuruka  Unspecified (4866205) 26815281 26815407
  254 34.42  3.23  1.59            CM027732.2 10645254 10645439 (13251568)  +          Kuruka  Unspecified (13251568) 10645254 10645439
  226 31.44  8.61  4.13            CM027732.2  5937267  5937475 (17959532)  C          Kuruka  Unspecified (17959532)  5937267  5937475
  294 25.80  3.19  1.04            CM027734.2  3635250  3635343 (9894268)  C          Kuruka  Unspecified (9894268)  3635250  3635343
  248 26.05  7.63  2.42            CM027734.2 11687816 11687933 (1841678)  C          Kuruka  Unspecified (1841678) 11687816 11687933
  245 34.21  1.72  1.72            CM027735.2  9890836  9890951 (37640336)  +          Kuruka  Unspecified (37640336)  9890836  9890951
  237 29.46  2.65  3.33            CM027735.2 11123899 11124049 (36407238)  +          Kuruka  Unspecified (36407238) 11123899 11124049
  263 29.47  5.83  2.83            CM027735.2 23084957 23085162 (24446125)  +          Kuruka  Unspecified (24446125) 23084957 23085162
  244 21.82  0.00  0.00            CM027735.2 45726145 45726199 (1805088)  C          Kuruka  Unspecified (1805088) 45726145 45726199
  246 29.35  5.51  0.75            CM027736.2 34999316 34999442 (9033150)  +          Kuruka  Unspecified (9033150) 34999316 34999442
  282 29.16  6.21  0.65            CM027736.2 11347479 11347623 (32684969)  C          Kuruka  Unspecified (32684969) 11347479 11347623
  233 26.44  6.45  6.45            CM027736.2 36243416 36243508 (7789084)  C          Kuruka  Unspecified (7789084) 36243416 36243508
  287 25.03  3.92  6.00            CM027736.2 36932657 36932758 (7099834)  C          Kuruka  Unspecified (7099834) 36932657 36932758
  236 23.85  7.45  6.32     JADKYV020003444.1      859      952   (1317)  C          Kuruka  Unspecified   (1317)      859      952
  289 24.68  0.00  0.00     JADKYV020003600.1     1724     1800   (3850)  +          Kuruka  Unspecified   (3850)     1724     1800
  234 26.44  6.45  6.45     JADKYV020004409.1    34262    34354   (7399)  +          Kuruka  Unspecified   (7399)    34262    34354
  244 30.36  3.45  3.45     JADKYV020005649.1     6166     6281  (10054)  C          Kuruka  Unspecified  (10054)     6166     6281
