  2493 32.08 1.33 1.43           OX637260.1   1394870   1395919 (9033883) +               Kuruka     Unspecified    3536    4584  (4249)    
   445 32.28 1.05 1.05           OX637260.1  10161708  10161898 (267904) C               Kuruka     Unspecified  (5154)    3679    3489    
   401 33.70 1.65 0.54           OX637261.1   7093791   7093972 (2488444) +               Kuruka     Unspecified    3453    3636  (5197)    
   991 28.56 3.04 5.09           OX637264.1   4272574   4273034 (4381725) C               Kuruka     Unspecified  (4256)    4577    4126    
   949 33.99 1.95 1.08           OX637264.1   4273067   4273527 (4381232) C               Kuruka     Unspecified  (4833)    4000    3536    
   742 36.28 2.99 3.08           OX637265.1     85578     86746 (8343785) +               Kuruka     Unspecified    3489    4656  (4177)    
  1132 36.53 2.48 2.57           OX637267.1    880986    882154 (7483737) C               Kuruka     Unspecified  (4177)    4656    3489    
   944 34.36 6.94 1.54           OX637268.1   1713916   1714592 (6550123) +               Kuruka     Unspecified    3734    4446  (4387)    
   544 34.88 1.53 1.53           OX637268.1   2320094   2320355 (5944360) +               Kuruka     Unspecified    3489    3750  (5083)    
   496 34.06 2.83 2.46           OX637268.1   2320368   2320650 (5944065) +               Kuruka     Unspecified    4270    4553  (4280)    
  2477 32.11 1.43 1.43           OX637268.1   6664228   6665276 (1599439) C               Kuruka     Unspecified  (4249)    4584    3536    
  1182 36.33 2.65 2.74           OX637270.1   5106220   5107388 (3097616) +               Kuruka     Unspecified    3489    4656  (4177)    
   227 33.68 1.05 0.00           OX637270.1   5595857   5595951 (2609053) C               Kuruka     Unspecified  (5154)    3679    3584    
   494 30.69 1.05 1.05           OX637271.1   5616508   5616698 (2277232) +               Kuruka     Unspecified    3489    3679  (5154)    
   922 35.01 2.46 2.46           OX637271.1   5616920   5617569 (2276361) +               Kuruka     Unspecified    3920    4569  (4264)    
  1102 36.14 3.08 3.17           OX637273.1    329189    330357 (7508020) +               Kuruka     Unspecified    3489    4656  (4177)    
   572 28.31 3.56 2.64           OX637273.1   5323868   5324092 (2514285) +               Kuruka     Unspecified    3453    3679  (5154)    
   889 34.75 2.49 2.66           OX637273.1   5324397   5324999 (2513378) +               Kuruka     Unspecified    3977    4578  (4255)    
   545 27.73 10.68 4.44           OX637274.1     63407     63640 (7635832) C               Kuruka     Unspecified  (5022)    3811    3564    
  2439 32.01 1.43 1.53           OX637274.1   5204491   5205540 (2493932) +               Kuruka     Unspecified    3536    4584  (4249)    
   298 32.26 3.11 3.57           OX637274.1   7470053   7470277 (229195) C               Kuruka     Unspecified  (4204)    4629    4406    
   227 20.01 1.49 3.03           OX637276.1   3776524   3776590 (3798244) +               Kuruka     Unspecified    2932    2997  (5836)    
  2477 32.17 1.33 1.43           OX637277.1   6017329   6018378 (1200758) +               Kuruka     Unspecified    3536    4584  (4249)    
   231 23.58 5.49 2.13           OX637279.1   1165851   1165941 (5776041) +               Kuruka     Unspecified    6877    6970  (1863)    
   492 31.55 2.40 4.92           OX637279.1   3527933   3528182 (3413800) +               Kuruka     Unspecified    3546    3789  (5044)    
   496 32.85 7.58 4.58           OX637282.1   3084143   3084630 (2711946) C               Kuruka     Unspecified  (4340)    4493    3992    
   338 25.83 14.71 2.09           OX637282.1   3084921   3085090 (2711486) C               Kuruka     Unspecified  (5154)    3679    3489    
   920 33.64 4.01 3.22           OX637282.1   3664713   3665360 (2131216) C               Kuruka     Unspecified  (4251)    4582    3930    
   460 32.19 0.00 0.00           OX637282.1   3800806   3800951 (1995625) C               Kuruka     Unspecified  (5199)    3634    3489    
  2034 32.54 3.37 2.48           OX637282.1   4463000   4464039 (1332537) C               Kuruka     Unspecified  (4249)    4584    3536    
   691 34.10 0.00 1.62           OX637283.1   1792090   1792402 (3931395) +               Kuruka     Unspecified    3526    3833  (5000)    
   496 30.00 3.97 3.97           OX637283.1   1792595   1792896 (3930901) +               Kuruka     Unspecified    4053    4354  (4479)    
   358 31.86 0.00 3.41           OX637283.1   1798335   1798516 (3925281) +               Kuruka     Unspecified    3526    3701  (5132)    
   579 31.64 5.75 2.80           OX637283.1   1798868   1799319 (3924478) +               Kuruka     Unspecified    4120    4584  (4249)    
   422 35.02 2.51 1.55           OX637284.1   2356741   2357059 (1498441) C               Kuruka     Unspecified  (4282)    4551    4230    
   413 31.08 0.00 0.68           OX637284.1   2357586   2357734 (1497766) C               Kuruka     Unspecified  (5197)    3636    3489    
   555 34.07 2.51 1.55           OX637284.1   2361738   2362056 (1493444) C               Kuruka     Unspecified  (4282)    4551    4230    
   453 31.58 0.52 1.05           OX637284.1   2362540   2362731 (1492769) C               Kuruka     Unspecified  (5154)    3679    3489    
  2462 32.27 1.33 1.43           OX637284.1   2768900   2769949 (1085551) C               Kuruka     Unspecified  (4249)    4584    3536    
