   265 38.49 0.41 0.83    CATQIM010000007.1     10385     10625  (40070) +               Kuruka     Unspecified    4282    4521  (4312)    
   233 32.22 5.06 3.75           OY282461.1  10530505  10530662 (26596902) +               Kuruka     Unspecified    4365    4524  (4309)    
   343 32.94 7.88 2.27           OY282461.1  11233267  11233558 (25894006) C               Kuruka     Unspecified  (4162)    4671    4364    
   265 23.90 0.72 12.10           OY282461.1  11413259  11413396 (25714168) +               Kuruka     Unspecified    4213    4336  (4497)    
   634 31.66 2.31 2.60           OY282461.1  25939422  25939768 (11187796) +               Kuruka     Unspecified    3489    3834  (4999)    
   626 29.08 4.55 4.25           OY282461.1  30588390  30588741 (6538823) C               Kuruka     Unspecified  (4483)    4350    3998    
   527 37.25 0.00 3.43           OY282461.1  33807993  33808384 (3319180) C               Kuruka     Unspecified  (4222)    4611    4233    
   458 33.12 1.95 1.95           OY282461.1  34959663  34959970 (2167594) +               Kuruka     Unspecified    3554    3861  (4972)    
   282 33.68 0.00 0.00           OY282461.1  36985993  36986087 (141477) +               Kuruka     Unspecified    3607    3701  (5132)    
   262 29.73 1.77 1.77           OY282461.1  37029376  37029488  (98076) +               Kuruka     Unspecified    4224    4336  (4497)    
   500 35.69 2.18 2.18           OY282462.1    597846    598120 (31216073) C               Kuruka     Unspecified  (5097)    3736    3462    
   306 16.68 4.82 6.10           OY282462.1   1175162   1175244 (30638949) +               Kuruka     Unspecified    4296    4377  (4456)    
  2062 34.11 1.53 1.62           OY282462.1   1954068   1955116 (29859077) C               Kuruka     Unspecified  (4255)    4578    3531    
   248 30.00 0.00 0.00           OY282462.1   2218562   2218631 (29595562) +               Kuruka     Unspecified    1730    1799  (7034)    
  2209 32.49 3.36 3.44           OY282462.1   2220457   2221795 (29592398) +               Kuruka     Unspecified    3511    4848  (3985)    
   243 35.22 2.05 2.76           OY282462.1   2231657   2231802 (29582391) C               Kuruka     Unspecified  (4402)    4431    4287    
  1071 32.14 0.51 0.77           OY282462.1   2302905   2303296 (29510897) +               Kuruka     Unspecified    3488    3878  (4955)    
   795 35.04 3.53 2.57           OY282462.1   2303477   2304015 (29510178) +               Kuruka     Unspecified    3939    4482  (4351)    
   499 35.29 2.35 2.35           OY282462.1   2304196   2304578 (29509615) +               Kuruka     Unspecified    4472    4854  (3979)    
  2225 32.59 2.88 2.96           OY282462.1   2511892   2513140 (29301053) C               Kuruka     Unspecified  (4075)    4758    3511    
   248 30.00 0.00 0.00           OY282462.1   2514971   2515040 (29299153) C               Kuruka     Unspecified  (7034)    1799    1730    
   269 28.05 0.00 0.00           OY282462.1   3186690   3186771 (28627422) +               Kuruka     Unspecified    4273    4354  (4479)    
   249 32.39 1.39 1.39           OY282462.1   3694219   3694362 (28119831) +               Kuruka     Unspecified    4199    4342  (4491)    
   244 22.00 0.00 0.00           OY282462.1   3845194   3845243 (27968950) +               Kuruka     Unspecified    3759    3808  (5025)    
  2051 34.69 2.79 2.41           OY282462.1   3927994   3929355 (27884838) +               Kuruka     Unspecified    3488    4854  (3979)    
  2024 32.70 3.85 2.16           OY282462.1   3989615   3990705 (27823488) +               Kuruka     Unspecified    3551    4659  (4174)    
  1760 34.31 2.25 2.16           OY282462.1   4968126   4969236 (26844957) +               Kuruka     Unspecified    3560    4671  (4162)    
   361 33.71 5.04 5.04           OY282462.1   5060253   5060530 (26753663) +               Kuruka     Unspecified    3462    3739  (5094)    
   255 29.99 3.96 0.96           OY282462.1   5296272   5296372 (26517821) C               Kuruka     Unspecified  (4500)    4333    4230    
  2427 33.31 2.25 2.41           OY282462.1   6433253   6434541 (25379652) +               Kuruka     Unspecified    3489    4775  (4058)    
   260 33.81 2.05 2.76           OY282462.1   6610747   6610892 (25203301) +               Kuruka     Unspecified    4287    4431  (4402)    
   252 23.15 6.90 6.90           OY282462.1   6639241   6639356 (25174837) +               Kuruka     Unspecified    4218    4333  (4500)    
   292 34.52 3.55 5.74           OY282462.1   6665419   6665756 (25148437) +               Kuruka     Unspecified    4230    4560  (4273)    
   256 28.92 3.01 3.79           OY282462.1   6765181   6765313 (25048880) +               Kuruka     Unspecified    4282    4413  (4420)    
  1889 33.82 3.62 2.63           OY282462.1   7263978   7265219 (24548974) +               Kuruka     Unspecified    3531    4784  (4049)    
   246 22.00 0.00 0.00           OY282462.1   7374302   7374351 (24439842) +               Kuruka     Unspecified    3759    3808  (5025)    
   279 33.68 4.24 5.52           OY282462.1   7986715   7987044 (23827149) C               Kuruka     Unspecified  (4278)    4555    4230    
  1527 35.02 3.55 3.19           OY282462.1   8429196   8430602 (23383591) +               Kuruka     Unspecified    3446    4857  (3976)    
   249 32.39 1.39 1.39           OY282462.1   8820271   8820414 (22993779) +               Kuruka     Unspecified    4199    4342  (4491)    
   244 22.00 0.00 0.00           OY282462.1   8950587   8950636 (22863557) C               Kuruka     Unspecified  (5025)    3808    3759    
  1736 35.28 2.68 2.52           OY282462.1   9114217   9115446 (22698747) C               Kuruka     Unspecified  (3979)    4854    3623    
   322 34.19 0.00 0.00           OY282462.1   9116034   9116150 (22698043) C               Kuruka     Unspecified  (5208)    3625    3509    
   494 36.06 2.18 2.18           OY282462.1   9123431   9123705 (22690488) +               Kuruka     Unspecified    3462    3736  (5097)    
  1716 30.99 3.41 3.13           OY282462.1   9561281   9562396 (22251797) +               Kuruka     Unspecified    3552    4670  (4163)    
   270 32.39 1.39 1.39           OY282462.1   9771247   9771390 (22042803) C               Kuruka     Unspecified  (4491)    4342    4199    
  2062 33.30 3.51 2.03           OY282462.1  10175900  10177067 (21637126) C               Kuruka     Unspecified  (4161)    4672    3488    
   262 23.15 6.90 6.90           OY282462.1  10973599  10973714 (20840479) +               Kuruka     Unspecified    4218    4333  (4500)    
   277 25.00 0.00 0.00           OY282462.1  11160646  11160705 (20653488) +               Kuruka     Unspecified    4295    4354  (4479)    
   511 32.39 3.12 3.53           OY282462.1  11328989  11329244 (20484949) +               Kuruka     Unspecified    4282    4536  (4297)    
  1647 34.57 2.54 2.11           OY282462.1  11678610  11679788 (20134405) +               Kuruka     Unspecified    3488    4671  (4162)    
   381 27.19 0.00 5.08           OY282462.1  12218128  12218251 (19595942) +               Kuruka     Unspecified    3570    3687  (5146)    
   229 20.83 0.00 0.00           OY282462.1  13101046  13101093 (18713100) +               Kuruka     Unspecified    2441    2488  (6345)    
  2321 33.57 1.72 1.80           OY282462.1  13102229  13103508 (18710685) +               Kuruka     Unspecified    3480    4758  (4075)    
   279 31.08 4.82 1.16           OY282462.1  13200474  13200639 (18613554) +               Kuruka     Unspecified    3464    3635  (5198)    
  1497 30.10 3.75 3.86           OY282462.1  13202254  13203134 (18611059) +               Kuruka     Unspecified    3791    4670  (4163)    
   239 30.00 1.10 1.10           OY282462.1  13410318  13410408 (18403785) C               Kuruka     Unspecified  (4479)    4354    4264    
   251 33.36 4.24 5.52           OY282462.1  13714080  13714409 (18099784) +               Kuruka     Unspecified    4230    4555  (4278)    
   250 31.45 1.59 1.59           OY282462.1  13822852  13822977 (17991216) C               Kuruka     Unspecified  (4479)    4354    4229    
   236 30.14 0.00 0.00           OY282462.1  14214852  14214924 (17599269) +               Kuruka     Unspecified    4282    4354  (4479)    
   238 36.43 4.29 0.00           OY282462.1  14370749  14370888 (17443305) +               Kuruka     Unspecified    4209    4354  (4479)    
  1187 36.05 2.81 2.89           OY282462.1  14462565  14463775 (17350418) C               Kuruka     Unspecified  (4163)    4670    3461    
   262 23.15 6.90 6.90           OY282462.1  15913853  15913968 (15900225) +               Kuruka     Unspecified    4218    4333  (4500)    
  1048 34.56 2.22 2.22           OY282462.1  16531235  16531820 (15282373) C               Kuruka     Unspecified  (4228)    4605    4020    
  1362 30.92 1.64 1.82           OY282462.1  16532421  16532970 (15281223) C               Kuruka     Unspecified  (4796)    4037    3489    
   825 35.07 1.94 1.94           OY282462.1  16741300  16741866 (15072327) C               Kuruka     Unspecified  (4247)    4586    4020    
  1157 30.92 1.64 1.82           OY282462.1  16742467  16743016 (15071177) C               Kuruka     Unspecified  (4796)    4037    3489    
   392 35.80 4.34 1.58           OY282462.1  17577120  17577488 (14236705) C               Kuruka     Unspecified  (4222)    4611    4233    
   232 32.38 5.71 0.00           OY282462.1  17751776  17751880 (14062313) +               Kuruka     Unspecified    4223    4333  (4500)    
   371 29.71 6.61 6.61           OY282462.1  17773180  17773406 (14040787) +               Kuruka     Unspecified    3465    3691  (5142)    
   861 35.13 3.80 2.99           OY282462.1  18187736  18188498 (13625695) C               Kuruka     Unspecified  (3979)    4854    4086    
   972 32.27 4.41 2.45           OY282462.1  18188898  18189418 (13624775) C               Kuruka     Unspecified  (4752)    4081    3551    
   513 32.19 7.39 6.98           OY282462.1  18252896  18253680 (13560513) +               Kuruka     Unspecified    3465    4252  (4581)    
   263 36.49 1.33 1.33           OY282462.1  18980668  18980892 (12833301) C               Kuruka     Unspecified  (4676)    4157    3933    
   640 34.79 1.34 1.34           OY282462.1  18980974  18981346 (12832847) C               Kuruka     Unspecified  (4982)    3851    3479    
   995 34.37 1.38 1.69           OY282462.1  19511418  19512071 (12302122) C               Kuruka     Unspecified  (4694)    4139    3488    
  1913 33.15 2.36 2.45           OY282462.1  19629063  19630166 (12184027) C               Kuruka     Unspecified  (4075)    4758    3656    
   319 33.11 0.66 0.66           OY282462.1  19631179  19631330 (12182863) C               Kuruka     Unspecified  (5202)    3631    3480    
   227 20.83 0.00 0.00           OY282462.1  19632661  19632708 (12181485) C               Kuruka     Unspecified  (6345)    2488    2441    
   232 33.75 0.00 0.00           OY282462.1  19720582  19720661 (12093532) C               Kuruka     Unspecified  (4485)    4348    4269    
   938 34.81 3.26 2.86           OY282462.1  20178251  20179016 (11635177) +               Kuruka     Unspecified    4086    4854  (3979)    
   938 34.81 3.26 2.86           OY282462.1  20187734  20188499 (11625694) C               Kuruka     Unspecified  (3979)    4854    4086    
  1133 33.90 2.19 2.19           OY282462.1  20189935  20190528 (11623665) C               Kuruka     Unspecified  (4752)    4081    3488    
   240 22.00 0.00 0.00           OY282462.1  20319673  20319722 (11494471) +               Kuruka     Unspecified    3759    3808  (5025)    
   236 23.81 7.55 7.55           OY282462.1  20467662  20467820 (11346373) C               Kuruka     Unspecified  (5095)    3738    3580    
   339 32.90 1.94 1.94           OY282462.1  20730998  20731152 (11083041) +               Kuruka     Unspecified    3585    3739  (5094)    
   302 26.80 2.02 2.02           OY282462.1  21259797  21259895 (10554298) C               Kuruka     Unspecified  (5150)    3683    3585    
  1086 32.69 2.62 2.05           OY282462.1  21875809  21876342 (9937851) +               Kuruka     Unspecified    3488    4024  (4809)    
   847 34.91 4.78 2.60           OY282462.1  21885153  21885905 (9928288) +               Kuruka     Unspecified    4086    4854  (3979)    
  2278 32.46 3.55 1.97           OY282462.1  22098142  22099241 (9714952) C               Kuruka     Unspecified  (4228)    4605    3489    
  1661 30.92 3.51 2.69           OY282462.1  22141360  22142243 (9671950) +               Kuruka     Unspecified    3464    4354  (4479)    
  1795 30.82 2.84 3.57           OY282462.1  22216942  22218068 (9596125) C               Kuruka     Unspecified  (4163)    4670    3552    
   784 38.01 1.02 2.97           OY282462.1  22338255  22338940 (9475253) +               Kuruka     Unspecified    3939    4611  (4222)    
   412 26.83 0.00 4.72           OY282462.1  22345041  22345173 (9469020) C               Kuruka     Unspecified  (5138)    3695    3569    
   782 29.82 3.01 3.01           OY282462.1  22788772  22789103 (9025090) C               Kuruka     Unspecified  (4950)    3883    3552    
   244 22.00 0.00 0.00           OY282462.1  23225246  23225295 (8588898) C               Kuruka     Unspecified  (5025)    3808    3759    
   291 32.82 7.94 1.76           OY282462.1  23906235  23906448 (7907745) +               Kuruka     Unspecified    3585    3811  (5022)    
   244 22.00 0.00 0.00           OY282462.1  23934172  23934221 (7879972) +               Kuruka     Unspecified    3759    3808  (5025)    
  2314 33.15 2.11 2.19           OY282462.1  24124238  24125517 (7688676) C               Kuruka     Unspecified  (4075)    4758    3480    
   229 20.83 0.00 0.00           OY282462.1  24131284  24131331 (7682862) C               Kuruka     Unspecified  (6345)    2488    2441    
  1693 33.75 2.51 2.14           OY282462.1  24599697  24600813 (7213380) C               Kuruka     Unspecified  (4162)    4671    3551    
   243 34.07 0.00 1.10           OY282462.1  25054112  25054203 (6759990) C               Kuruka     Unspecified  (4456)    4377    4287    
   513 37.68 0.29 0.29           OY282462.1  25161399  25161744 (6652449) +               Kuruka     Unspecified    3489    3834  (4999)    
   510 36.19 1.68 1.68           OY282462.1  25161849  25162264 (6651929) +               Kuruka     Unspecified    3939    4354  (4479)    
  1929 32.36 4.01 3.75           OY282462.1  25759119  25760341 (6053852) +               Kuruka     Unspecified    3552    4777  (4056)    
  1726 34.18 2.52 1.97           OY282462.1  25907630  25908742 (5905451) +               Kuruka     Unspecified    3552    4670  (4163)    
   622 33.70 2.95 2.95           OY282462.1  26760851  26761223 (5052970) +               Kuruka     Unspecified    3479    3851  (4982)    
   274 30.95 0.00 0.00           OY282462.1  26761305  26761388 (5052805) +               Kuruka     Unspecified    3933    4016  (4817)    
   700 31.28 0.00 0.44           OY282462.1  26790595  26790822 (5023371) C               Kuruka     Unspecified  (4324)    4509    4283    
  1125 32.08 3.65 3.79           OY282462.1  27308226  27308938 (4505255) C               Kuruka     Unspecified  (4075)    4758    4047    
  1192 31.58 2.18 2.18           OY282462.1  27309911  27310415 (4503778) C               Kuruka     Unspecified  (4818)    4015    3511    
   248 30.00 0.00 0.00           OY282462.1  27312246  27312315 (4501878) C               Kuruka     Unspecified  (7034)    1799    1730    
   336 34.09 5.04 5.04           OY282462.1  29334399  29334676 (2479517) C               Kuruka     Unspecified  (5094)    3739    3462    
   948 35.06 2.75 2.05           OY282462.1  29826142  29826869 (1987324) +               Kuruka     Unspecified    3939    4671  (4162)    
   241 31.26 0.00 1.04           OY282462.1  29863807  29863903 (1950290) C               Kuruka     Unspecified  (4455)    4378    4283    
  2035 34.73 1.56 1.65           OY282462.1  30340323  30341414 (1472779) +               Kuruka     Unspecified    3488    4578  (4255)    
   872 33.51 2.91 3.08           OY282462.1  30457753  30458337 (1355856) +               Kuruka     Unspecified    4274    4857  (3976)    
  1705 34.46 2.46 2.03           OY282462.1  30737894  30739072 (1075121) +               Kuruka     Unspecified    3488    4671  (4162)    
  1716 34.46 2.46 2.03           OY282462.1  31726624  31727802  (86391) C               Kuruka     Unspecified  (4162)    4671    3488    
   248 30.00 0.00 0.00           OY282463.1  15679887  15679956 (15140006) +               Kuruka     Unspecified    1730    1799  (7034)    
  2216 32.69 3.29 3.36           OY282463.1  15681787  15683125 (15136837) +               Kuruka     Unspecified    3511    4848  (3985)    
  2160 30.90 3.49 3.07           OY282463.1  16728917  16730118 (14089844) C               Kuruka     Unspecified  (4163)    4670    3464    
  2037 35.38 2.42 2.05           OY282463.1  18520771  18522132 (12297830) +               Kuruka     Unspecified    3488    4854  (3979)    
  1554 34.40 2.05 2.13           OY282463.1  20281545  20282815 (10537147) C               Kuruka     Unspecified  (4069)    4764    3495    
  2053 35.30 2.42 2.05           OY282464.1   2241613   2242974 (25922302) +               Kuruka     Unspecified    3488    4854  (3979)    
   307 30.70 1.72 1.72           OY282464.1   4703161   4703276 (23462000) +               Kuruka     Unspecified    3585    3700  (5133)    
  2311 33.22 1.94 2.03           OY282464.1  11594708  11595893 (16569383) +               Kuruka     Unspecified    3488    4672  (4161)    
   239 22.00 0.00 0.00           OY282464.1  22904090  22904139 (5261137) +               Kuruka     Unspecified    3759    3808  (5025)    
   252 20.75 0.00 0.00           OY282464.1  22923571  22923623 (5241653) +               Kuruka     Unspecified    4284    4336  (4497)    
   241 30.99 3.96 0.96           OY282465.1   9082638   9082738 (18896208) C               Kuruka     Unspecified  (4500)    4333    4230    
  1010 34.53 3.59 3.03           OY282465.1  16846568  16847487 (11131459) C               Kuruka     Unspecified  (3976)    4857    3933    
   691 33.25 2.96 2.96           OY282465.1  16847569  16847974 (11130972) C               Kuruka     Unspecified  (4982)    3851    3446    
   260 33.81 2.05 2.76           OY282465.1  17055166  17055311 (10923635) +               Kuruka     Unspecified    4287    4431  (4402)    
  1185 36.33 2.64 2.73           OY282465.1  24556280  24557490 (3421456) +               Kuruka     Unspecified    3461    4670  (4163)    
   848 34.92 2.75 5.06           OY282465.1  24685897  24686623 (3292323) C               Kuruka     Unspecified  (4184)    4649    3939    
   524 36.80 1.06 1.06           OY282465.1  24686728  24687106 (3291840) C               Kuruka     Unspecified  (4999)    3834    3456    
  2258 30.90 3.49 3.07           OY282465.1  26345404  26346605 (1632341) +               Kuruka     Unspecified    3464    4670  (4163)    
   846 34.10 2.44 1.62           OY282465.1  27446015  27446628 (532318) C               Kuruka     Unspecified  (4282)    4551    3933    
   592 32.67 3.03 3.03           OY282465.1  27446710  27447072 (531874) C               Kuruka     Unspecified  (4982)    3851    3489    
   229 25.42 1.69 0.00           OY282466.1   7204611   7204669 (20419391) C               Kuruka     Unspecified  (4479)    4354    4295    
   677 32.96 3.03 3.03           OY282466.1  13195444  13195806 (14428254) +               Kuruka     Unspecified    3489    3851  (4982)    
   970 34.86 3.59 3.03           OY282466.1  13195888  13196807 (14427253) +               Kuruka     Unspecified    3933    4857  (3976)    
  2352 32.94 1.61 1.70           OY282466.1  15689366  15690483 (11933577) C               Kuruka     Unspecified  (4228)    4605    3489    
  1903 34.31 4.17 2.34           OY282466.1  27448413  27449755 (174305) C               Kuruka     Unspecified  (3979)    4854    3488    
   399 26.17 0.00 0.00           OY282467.1    288618    288724 (27099486) +               Kuruka     Unspecified    3585    3691  (5142)    
  1204 36.39 2.56 2.64           OY282467.1   6373191   6374401 (21013809) +               Kuruka     Unspecified    3461    4670  (4163)    
   260 33.81 2.05 2.76           OY282467.1   6990368   6990513 (20397697) +               Kuruka     Unspecified    4287    4431  (4402)    
   847 34.92 2.75 5.06           OY282467.1   8294501   8295227 (19092983) C               Kuruka     Unspecified  (4184)    4649    3939    
   511 37.07 1.06 1.06           OY282467.1   8295332   8295710 (19092500) C               Kuruka     Unspecified  (4999)    3834    3456    
   252 20.75 0.00 0.00           OY282467.1   9454370   9454422 (17933788) C               Kuruka     Unspecified  (4497)    4336    4284    
   484 35.69 2.18 2.18           OY282467.1   9531773   9532047 (17856163) C               Kuruka     Unspecified  (5097)    3736    3462    
   254 26.67 0.00 0.00           OY282467.1  13499893  13499952 (13888258) C               Kuruka     Unspecified  (4479)    4354    4295    
  2357 32.88 1.70 1.79           OY282467.1  14460277  14461394 (12926816) C               Kuruka     Unspecified  (4228)    4605    3489    
   232 32.97 0.00 1.10           OY282467.1  17883068  17883159 (9505051) +               Kuruka     Unspecified    4287    4377  (4456)    
   291 38.40 0.42 0.84           OY282467.1  21213501  21213739 (6174471) +               Kuruka     Unspecified    4284    4521  (4312)    
  1846 30.69 3.04 3.13           OY282467.1  26950524  26951643 (436567) +               Kuruka     Unspecified    3552    4670  (4163)    
  1716 34.46 2.46 2.03           OY282468.1   5395862   5397040 (21924638) +               Kuruka     Unspecified    3488    4671  (4162)    
   230 20.83 0.00 0.00           OY282468.1   5816019   5816066 (21505612) +               Kuruka     Unspecified    2441    2488  (6345)    
  2168 31.61 2.42 3.82           OY282468.1   5817203   5818317 (21503361) +               Kuruka     Unspecified    3480    4579  (4254)    
   237 20.75 0.00 0.00           OY282468.1  10963960  10964012 (16357666) +               Kuruka     Unspecified    4284    4336  (4497)    
   691 33.25 2.96 2.96           OY282468.1  15632716  15633121 (11688557) +               Kuruka     Unspecified    3446    3851  (4982)    
   968 35.04 3.48 2.92           OY282468.1  15633203  15634122 (11687556) +               Kuruka     Unspecified    3933    4857  (3976)    
  1538 34.48 2.05 2.13           OY282468.1  18966938  18968208 (8353470) +               Kuruka     Unspecified    3495    4764  (4069)    
   237 20.75 0.00 0.00           OY282468.1  20539625  20539677 (6782001) +               Kuruka     Unspecified    4284    4336  (4497)    
   372 36.43 3.24 3.24           OY282468.1  24215079  24215356 (3106322) C               Kuruka     Unspecified  (5094)    3739    3462    
   352 31.59 6.54 6.89           OY282469.1    452483    452788 (26811117) +               Kuruka     Unspecified    4217    4521  (4312)    
   337 33.32 9.61 0.40           OY282469.1    481605    481833 (26782072) +               Kuruka     Unspecified    4053    4302  (4531)    
   252 20.75 0.00 0.00           OY282469.1   1547194   1547246 (25716659) +               Kuruka     Unspecified    4284    4336  (4497)    
   307 30.70 1.72 1.72           OY282469.1   6119441   6119556 (21144349) +               Kuruka     Unspecified    3585    3700  (5133)    
   446 33.88 1.99 2.40           OY282469.1   6241027   6241277 (21022628) C               Kuruka     Unspecified  (4297)    4536    4287    
  1716 34.51 2.37 1.94           OY282469.1  16383546  16384724 (10879181) C               Kuruka     Unspecified  (4162)    4671    3488    
   661 39.51 0.29 2.23           OY282469.1  24269221  24269906 (2993999) +               Kuruka     Unspecified    3939    4611  (4222)    
   352 31.59 6.54 6.89           OY282469.1  24704330  24704635 (2559270) +               Kuruka     Unspecified    4217    4521  (4312)    
  2207 31.07 3.49 3.15           OY282470.1   5682037   5683239 (21459873) C               Kuruka     Unspecified  (4163)    4670    3464    
  2002 33.08 1.96 2.05           OY282470.1   7173624   7174796 (19968316) C               Kuruka     Unspecified  (4174)    4659    3488    
   258 30.99 0.00 0.00           OY282470.1   9279666   9279736 (17863376) C               Kuruka     Unspecified  (4479)    4354    4284    
  1801 30.97 3.04 3.13           OY282470.1  16929806  16930925 (10212187) +               Kuruka     Unspecified    3552    4670  (4163)    
  2051 35.35 2.35 1.98           OY282470.1  17569001  17570362 (9572750) C               Kuruka     Unspecified  (3979)    4854    3488    
   239 32.50 0.00 0.00           OY282470.1  25207416  25207495 (1935617) +               Kuruka     Unspecified    4269    4348  (4485)    
  1783 33.33 1.98 2.07           OY282470.1  25786405  25787565 (1355547) +               Kuruka     Unspecified    3511    4670  (4163)    
  1845 30.69 3.04 3.13           OY282471.1   6746027   6747146 (19778131) +               Kuruka     Unspecified    3552    4670  (4163)    
   499 31.41 3.19 3.60           OY282471.1  15363488  15363738 (11161539) C               Kuruka     Unspecified  (4297)    4536    4287    
   433 33.84 4.36 4.36           OY282472.1    107659    107933 (26342050) +               Kuruka     Unspecified    3462    3736  (5097)    
   846 34.10 2.44 1.62           OY282472.1   4967136   4967749 (21482234) C               Kuruka     Unspecified  (4282)    4551    3933    
   592 32.67 3.03 3.03           OY282472.1   4967831   4968193 (21481790) C               Kuruka     Unspecified  (4982)    3851    3489    
   483 33.69 2.15 0.00           OY282472.1   9641560   9641838 (16808145) +               Kuruka     Unspecified    3553    3837  (4996)    
  1223 36.17 2.64 2.73           OY282472.1   9755556   9756766 (16693217) +               Kuruka     Unspecified    3461    4670  (4163)    
   236 34.02 0.00 1.03           OY282472.1  12213993  12214090 (14235893) +               Kuruka     Unspecified    4282    4378  (4455)    
   525 37.25 0.00 3.43           OY282472.1  17280223  17280614 (9169369) C               Kuruka     Unspecified  (4222)    4611    4233    
   700 38.64 0.73 2.67           OY282472.1  17290338  17291023 (9158960) C               Kuruka     Unspecified  (4222)    4611    3939    
  1863 34.22 2.20 2.28           OY282472.1  19197999  19199269 (7250714) +               Kuruka     Unspecified    3495    4764  (4069)    
   239 22.00 0.00 0.00           OY282472.1  23864011  23864060 (2585923) C               Kuruka     Unspecified  (5025)    3808    3759    
  2102 35.46 2.42 2.05           OY282473.1   3074286   3075647 (22734493) C               Kuruka     Unspecified  (3979)    4854    3488    
   609 32.38 3.03 3.03           OY282473.1   4499321   4499683 (21310457) +               Kuruka     Unspecified    3489    3851  (4982)    
   776 34.76 2.44 1.62           OY282473.1   4499765   4500378 (21309762) +               Kuruka     Unspecified    3933    4551  (4282)    
  2083 32.63 1.79 1.88           OY282473.1   7786904   7788021 (18022119) +               Kuruka     Unspecified    3489    4605  (4228)    
  2241 33.55 2.11 2.11           OY282473.1   8018193   8019471 (17790669) C               Kuruka     Unspecified  (4075)    4758    3480    
   227 20.83 0.00 0.00           OY282473.1   8020607   8020654 (17789486) C               Kuruka     Unspecified  (6345)    2488    2441    
  1170 36.47 2.56 2.64           OY282473.1  14179005  14180215 (11629925) C               Kuruka     Unspecified  (4163)    4670    3461    
  1756 33.51 1.98 2.07           OY282473.1  17132400  17133560 (8676580) C               Kuruka     Unspecified  (4163)    4670    3511    
   592 32.67 3.03 3.03           OY282473.1  22198362  22198724 (3611416) +               Kuruka     Unspecified    3489    3851  (4982)    
   805 34.60 2.44 1.62           OY282473.1  22198806  22199419 (3610721) +               Kuruka     Unspecified    3933    4551  (4282)    
   237 20.75 0.00 0.00           OY282473.1  23792149  23792201 (2017939) C               Kuruka     Unspecified  (4497)    4336    4284    
  1716 34.46 2.46 2.03           OY282474.1   5823276   5824454 (19821874) +               Kuruka     Unspecified    3488    4671  (4162)    
   863 35.69 2.30 2.40           OY282474.1   6803172   6804173 (18842155) C               Kuruka     Unspecified  (4255)    4578    3578    
   240 30.00 0.00 0.00           OY282474.1  15159735  15159804 (10486524) +               Kuruka     Unspecified    1730    1799  (7034)    
  2044 32.79 2.96 3.04           OY282474.1  15161636  15162884 (10483444) +               Kuruka     Unspecified    3511    4758  (4075)    
  1716 34.46 2.46 2.03           OY282474.1  21758230  21759408 (3886920) +               Kuruka     Unspecified    3488    4671  (4162)    
  1999 33.08 1.96 2.05           OY282474.1  22805707  22806879 (2839449) +               Kuruka     Unspecified    3488    4659  (4174)    
  1025 30.62 2.92 3.15           OY282475.1    132370    132814 (25238369) C               Kuruka     Unspecified  (4162)    4671    4228    
  1030 33.27 2.08 2.08           OY282475.1    132820    133347 (25237836) C               Kuruka     Unspecified  (4818)    4015    3488    
  2128 31.07 3.49 3.07           OY282475.1    491391    492592 (24878591) C               Kuruka     Unspecified  (4163)    4670    3464    
   225 16.78 1.19 14.86           OY282475.1  14359294  14359377 (11011806) C               Kuruka     Unspecified  (7996)     837     764    
   282 36.01 3.09 3.49           OY282475.1  19268165  19268423 (6102760) +               Kuruka     Unspecified    4278    4535  (4298)    
   430 31.41 3.19 3.60           OY282475.1  20655377  20655627 (4715556) +               Kuruka     Unspecified    4287    4536  (4297)    
   814 35.23 2.51 2.62           OY282476.1   5935605   5936522 (18939380) C               Kuruka     Unspecified  (4339)    4494    3578    
  2324 33.22 1.94 2.03           OY282476.1   7709509   7710694 (17165208) C               Kuruka     Unspecified  (4161)    4672    3488    
   230 30.14 0.00 0.00           OY282476.1   7732391   7732463 (17143439) C               Kuruka     Unspecified  (4479)    4354    4282    
  2136 30.98 3.49 3.07           OY282476.1  15902874  15904075 (8971827) C               Kuruka     Unspecified  (4163)    4670    3464    
   872 36.04 2.21 2.31           OY282476.1  19319289  19320373 (5555529) +               Kuruka     Unspecified    3578    4661  (4172)    
  2307 33.22 1.94 2.03           OY282476.1  24105582  24106767 (769135) C               Kuruka     Unspecified  (4161)    4672    3488    
   282 36.01 3.09 3.49           OY282476.1  24116541  24116799 (759103) +               Kuruka     Unspecified    4278    4535  (4298)    
   291 38.40 0.42 0.84           OY282477.1    685733    685971 (24118669) +               Kuruka     Unspecified    4284    4521  (4312)    
   332 33.00 5.56 5.90           OY282477.1    991762    992067 (23812573) +               Kuruka     Unspecified    4217    4521  (4312)    
   237 20.75 0.00 0.00           OY282477.1   1121615   1121667 (23682973) C               Kuruka     Unspecified  (4497)    4336    4284    
   230 33.11 1.91 1.91           OY282477.1   3958348   3958504 (20846136) C               Kuruka     Unspecified  (4199)    4634    4478    
   603 30.63 3.06 3.41           OY282477.1   3960298   3960591 (20844049) C               Kuruka     Unspecified  (4342)    4491    4199    
   726 35.09 3.39 3.39           OY282477.1   3964176   3964706 (20839934) C               Kuruka     Unspecified  (4728)    4105    3575    
   229 32.18 0.86 0.86           OY282477.1   5610315   5610430 (19194210) C               Kuruka     Unspecified  (4500)    4333    4218    
   769 27.50 7.13 5.76           OY282477.1   5774301   5774763 (19029877) C               Kuruka     Unspecified  (4817)    4016    3548    
  2047 32.79 2.96 3.04           OY282477.1   5795224   5796472 (19008168) C               Kuruka     Unspecified  (4075)    4758    3511    
   240 30.00 0.00 0.00           OY282477.1   5798303   5798372 (19006268) C               Kuruka     Unspecified  (7034)    1799    1730    
   289 36.27 2.96 2.96           OY282477.1   7820961   7821264 (16983376) +               Kuruka     Unspecified    4230    4533  (4300)    
   356 36.80 3.24 3.24           OY282477.1   9096862   9097139 (15707501) +               Kuruka     Unspecified    3462    3739  (5094)    
   504 31.16 3.50 3.50           OY282477.1  11605874  11606159 (13198481) C               Kuruka     Unspecified  (4184)    4649    4364    
   993 33.07 3.00 3.46           OY282477.1  11911258  11911924 (12892716) +               Kuruka     Unspecified    4096    4759  (4074)    
  2013 32.99 1.96 2.05           OY282477.1  12527545  12528717 (12275923) C               Kuruka     Unspecified  (4174)    4659    3488    
  2306 33.13 1.94 2.03           OY282477.1  19102637  19103822 (5700818) C               Kuruka     Unspecified  (4161)    4672    3488    
   287 38.60 0.70 0.70           OY282477.1  19276485  19276771 (5527869) +               Kuruka     Unspecified    4384    4670  (4163)    
  1007 34.28 1.41 1.58           OY282477.1  22476880  22477448 (2327192) C               Kuruka     Unspecified  (4069)    4764    4197    
   922 34.59 1.76 1.76           OY282477.1  22477467  22478034 (2326606) C               Kuruka     Unspecified  (4692)    4141    3574    
  1869 34.22 2.20 2.28           OY282477.1  22972759  22974029 (1830611) +               Kuruka     Unspecified    3495    4764  (4069)    
  1642 34.43 1.62 1.72           OY282477.1  23867384  23868432 (936208) +               Kuruka     Unspecified    3531    4578  (4255)    
   229 38.61 0.62 2.88           OY282477.1  24332146  24332465 (472175) C               Kuruka     Unspecified  (4297)    4536    4224    
  1676 34.94 1.91 1.81           OY282478.1  19042655  19043648 (5252042) +               Kuruka     Unspecified    3488    4482  (4351)    
   252 20.75 0.00 0.00           OY282478.1  21121279  21121331 (3174359) +               Kuruka     Unspecified    4284    4336  (4497)    
   228 18.16 7.35 2.82           OY282478.1  24059872  24059939 (235751) +               Kuruka     Unspecified    3735    3805  (5028)    
   446 33.88 1.99 2.40           OY282479.1   1279363   1279613 (22393782) +               Kuruka     Unspecified    4287    4536  (4297)    
  1851 34.30 2.20 2.28           OY282479.1   4011468   4012738 (19660657) +               Kuruka     Unspecified    3495    4764  (4069)    
   249 25.00 0.00 0.00           OY282479.1   4664954   4665013 (19008382) C               Kuruka     Unspecified  (4479)    4354    4295    
   252 20.75 0.00 0.00           OY282479.1  12112743  12112795 (11560600) C               Kuruka     Unspecified  (4497)    4336    4284    
   346 32.65 5.56 5.90           OY282479.1  17164901  17165206 (6508189) +               Kuruka     Unspecified    4217    4521  (4312)    
  2010 32.99 1.96 2.05           OY282479.1  20064582  20065754 (3607641) +               Kuruka     Unspecified    3488    4659  (4174)    
   314 33.34 5.56 5.90           OY282479.1  21625578  21625883 (2047512) +               Kuruka     Unspecified    4217    4521  (4312)    
  2311 33.22 1.94 2.03           OY282479.1  21905188  21906373 (1767022) C               Kuruka     Unspecified  (4161)    4672    3488    
   419 35.69 2.18 2.18           OY282480.1   1066660   1066934 (22606302) +               Kuruka     Unspecified    3462    3736  (5097)    
  1610 34.73 3.55 3.19           OY282480.1   7838556   7839962 (15833274) +               Kuruka     Unspecified    3446    4857  (3976)    
   320 33.34 5.56 5.90           OY282480.1   9835647   9835952 (13837284) +               Kuruka     Unspecified    4217    4521  (4312)    
  2469 32.82 1.79 1.88           OY282480.1  10965150  10966267 (12706969) +               Kuruka     Unspecified    3489    4605  (4228)    
   227 25.42 1.69 0.00           OY282480.1  11754114  11754172 (11919064) +               Kuruka     Unspecified    4295    4354  (4479)    
   284 32.04 0.00 0.97           OY282480.1  14511533  14511636 (9161600) C               Kuruka     Unspecified  (4458)    4375    4273    
   229 25.42 1.69 0.00           OY282480.1  19415177  19415235 (4258001) C               Kuruka     Unspecified  (4479)    4354    4295    
  1411 35.45 3.82 2.20           OY282480.1  23067918  23068990 (604246) C               Kuruka     Unspecified  (4162)    4671    3582    
   249 32.39 1.39 1.39           OY282481.1   2608478   2608621 (20880946) +               Kuruka     Unspecified    4199    4342  (4491)    
  2002 33.08 1.96 2.05           OY282481.1   8168129   8169301 (15320266) +               Kuruka     Unspecified    3488    4659  (4174)    
   227 28.77 0.00 0.00           OY282481.1  10683511  10683583 (12805984) C               Kuruka     Unspecified  (4479)    4354    4282    
  2079 32.73 1.79 1.88           OY282481.1  16478385  16479502 (7010065) +               Kuruka     Unspecified    3489    4605  (4228)    
   274 32.03 1.28 1.94           OY282481.1  17179416  17179571 (6309996) C               Kuruka     Unspecified  (4480)    4353    4199    
  1220 36.30 2.56 2.64           OY282481.1  17613416  17614626 (5874941) C               Kuruka     Unspecified  (4163)    4670    3461    
   243 25.00 0.00 0.00           OY282481.1  18460362  18460417 (5029150) C               Kuruka     Unspecified  (4485)    4348    4293    
  1390 32.70 3.41 3.21           OY282482.1    622907    623933 (21541590) C               Kuruka     Unspecified  (4253)    4580    3552    
  1365 33.70 2.70 2.29           OY282482.1    700905    701903 (21463620) C               Kuruka     Unspecified  (4249)    4584    3582    
   356 36.80 3.24 3.24           OY282482.1   4625570   4625847 (17539676) +               Kuruka     Unspecified    3462    3739  (5094)    
  1975 33.08 1.96 2.05           OY282482.1   4973296   4974468 (17191055) +               Kuruka     Unspecified    3488    4659  (4174)    
   956 34.86 3.59 3.03           OY282482.1   7012094   7013013 (15152510) C               Kuruka     Unspecified  (3976)    4857    3933    
   693 33.25 2.96 2.96           OY282482.1   7013095   7013500 (15152023) C               Kuruka     Unspecified  (4982)    3851    3446    
   428 37.68 0.29 0.29           OY282482.1  22013902  22014247 (151276) +               Kuruka     Unspecified    3489    3834  (4999)    
   421 36.19 1.68 1.68           OY282482.1  22014352  22014767 (150756) +               Kuruka     Unspecified    3939    4354  (4479)    
   300 31.07 0.00 0.97           OY282483.1  12295633  12295736 (8793941) +               Kuruka     Unspecified    4273    4375  (4458)    
  1990 32.99 1.96 2.05           OY282483.1  18632651  18633823 (2455854) C               Kuruka     Unspecified  (4174)    4659    3488    
   226 28.71 2.88 2.88           OY282483.1  18739591  18739694 (2349983) C               Kuruka     Unspecified  (4506)    4327    4224    
   265 25.82 3.09 4.17           OY282484.1   3643622   3643718 (17152208) +               Kuruka     Unspecified    4283    4378  (4455)    
  1763 32.70 2.96 3.04           OY282484.1   4279852   4281100 (16514826) +               Kuruka     Unspecified    3511    4758  (4075)    
   239 22.00 0.00 0.00           OY282484.1  10741954  10742003 (10053923) +               Kuruka     Unspecified    3759    3808  (5025)    
   946 34.97 3.59 3.03           OY282484.1  10914372  10915291 (9880635) C               Kuruka     Unspecified  (3976)    4857    3933    
   691 33.25 2.96 2.96           OY282484.1  10915373  10915778 (9880148) C               Kuruka     Unspecified  (4982)    3851    3446    
   230 30.14 0.00 0.00           OY282484.1  12170333  12170405 (8625521) C               Kuruka     Unspecified  (4479)    4354    4282    
   417 29.35 3.16 3.16           OY282484.1  17998436  17998625 (2797301) +               Kuruka     Unspecified    3495    3684  (5149)    
  1562 34.75 1.70 1.80           OY282484.1  17998686  17999743 (2796183) +               Kuruka     Unspecified    3708    4764  (4069)    
  2009 32.93 2.05 2.13           OY282485.1   2480245   2481417 (17606124) C               Kuruka     Unspecified  (4174)    4659    3488    
   356 36.80 3.24 3.24           OY282485.1  10609223  10609500 (9478041) +               Kuruka     Unspecified    3462    3739  (5094)    
   266 32.18 0.68 2.08           OY282485.1  12954627  12954772 (7132769) +               Kuruka     Unspecified    4199    4342  (4491)    
   253 32.39 1.39 1.39           OY282485.1  13118273  13118416 (6969125) C               Kuruka     Unspecified  (4491)    4342    4199    
   296 34.32 3.21 4.05           OY282485.1  13172507  13172755 (6914786) +               Kuruka     Unspecified    4310    4556  (4277)    
   249 27.09 2.02 3.06           OY282485.1  13194071  13194169 (6893372) +               Kuruka     Unspecified    4280    4377  (4456)    
  2219 33.99 1.94 2.25           OY282485.1  13208216  13209506 (6878035) +               Kuruka     Unspecified    3489    4775  (4058)    
   519 37.68 0.29 0.29           OY282485.1  16207997  16208342 (3879199) +               Kuruka     Unspecified    3489    3834  (4999)    
   477 36.68 1.68 1.68           OY282485.1  16208447  16208862 (3878679) +               Kuruka     Unspecified    3939    4354  (4479)    
  1716 34.46 2.46 2.03           OY282486.1    340026    341204 (18606399) C               Kuruka     Unspecified  (4162)    4671    3488    
   237 20.75 0.00 0.00           OY282486.1   3098325   3098377 (15849226) +               Kuruka     Unspecified    4284    4336  (4497)    
  1663 34.66 1.43 1.53           OY282486.1   4060045   4061093 (14886510) C               Kuruka     Unspecified  (4255)    4578    3531    
  2218 31.16 3.24 2.82           OY282486.1   8564579   8565780 (10381823) C               Kuruka     Unspecified  (4163)    4670    3464    
  2305 32.85 1.88 1.97           OY282486.1   9171275   9172392 (9775211) C               Kuruka     Unspecified  (4228)    4605    3489    
   289 20.00 0.00 0.00           OY282486.1  13345095  13345154 (5602449) C               Kuruka     Unspecified  (4479)    4354    4295    
  1199 36.25 2.64 2.73           OY282486.1  14799686  14800896 (4146707) C               Kuruka     Unspecified  (4163)    4670    3461    
   252 20.75 0.00 0.00           OY282486.1  14906964  14907016 (4040587) +               Kuruka     Unspecified    4284    4336  (4497)    
  2370 32.79 1.70 1.79           OY282487.1  11928124  11929241 (4170503) +               Kuruka     Unspecified    3489    4605  (4228)    
   237 20.75 0.00 0.00           OY282487.1  12627795  12627847 (3471897) C               Kuruka     Unspecified  (4497)    4336    4284    
   419 35.69 2.18 2.18           OY282487.1  13452431  13452705 (2647039) +               Kuruka     Unspecified    3462    3736  (5097)    
   376 36.80 3.24 3.24           OY282487.1  14069434  14069711 (2030033) C               Kuruka     Unspecified  (5094)    3739    3462    
   375 35.45 3.60 3.60           OY282488.1    130177    130454 (15785059) +               Kuruka     Unspecified    3462    3739  (5094)    
   289 20.00 0.00 0.00           OY282488.1  15097341  15097400 (818113) +               Kuruka     Unspecified    4295    4354  (4479)    
   245 30.00 0.00 0.00           OY282488.1  15645692  15645761 (269752) +               Kuruka     Unspecified    1730    1799  (7034)    
  2210 32.65 3.04 3.12           OY282488.1  15647592  15648840 (266673) +               Kuruka     Unspecified    3511    4758  (4075)    
   232 32.97 0.00 1.10           OY282489.1   6989430   6989521 (5876481) C               Kuruka     Unspecified  (4456)    4377    4287    
   232 32.97 0.00 1.10           OY282489.1   9406077   9406168 (3459834) +               Kuruka     Unspecified    4287    4377  (4456)    
  1716 34.46 2.46 2.03           OY282489.1  11182697  11183875 (1682127) C               Kuruka     Unspecified  (4162)    4671    3488    
   267 25.00 0.00 0.00           OY282489.1  11868025  11868084 (997918) +               Kuruka     Unspecified    4295    4354  (4479)    
  1421 34.10 1.86 1.98           OY282490.1   2451095   2451902 (9880098) C               Kuruka     Unspecified  (4259)    4574    3768    
   475 32.95 0.00 0.00           OY282490.1   2456177   2456349 (9875651) C               Kuruka     Unspecified  (5148)    3685    3513    
  2134 30.98 3.49 3.07           OY282490.1   2625620   2626821 (9705179) C               Kuruka     Unspecified  (4163)    4670    3464    
   809 32.71 1.31 1.57           OY282490.1   3905886   3906267 (8425733) C               Kuruka     Unspecified  (4175)    4658    4278    
  1196 35.03 1.72 1.72           OY282490.1   3912848   3913605 (8418395) C               Kuruka     Unspecified  (4588)    4245    3488    
   225 22.64 0.00 0.00           OY282490.1  10909682  10909734 (1422266) +               Kuruka     Unspecified    4284    4336  (4497)    
   289 20.00 0.00 0.00           OY282490.1  11915918  11915977 (416023) C               Kuruka     Unspecified  (4479)    4354    4295    
  1854 34.56 1.43 1.53           OY282491.1     37737     38785 (11364024) +               Kuruka     Unspecified    3531    4578  (4255)    
   386 27.10 0.00 0.00           OY282491.1     93368     93474 (11309335) C               Kuruka     Unspecified  (5142)    3691    3585    
   244 22.00 0.00 0.00           OY282491.1    308106    308155 (11094654) C               Kuruka     Unspecified  (5025)    3808    3759    
  1716 34.46 2.46 2.03           OY282491.1   3278546   3279724 (8123085) C               Kuruka     Unspecified  (4162)    4671    3488    
   256 25.00 0.00 0.00           OY282491.1  10029833  10029900 (1372909) C               Kuruka     Unspecified  (4479)    4354    4287    
   227 25.00 0.00 0.00           OY282492.1  10911846  10911913 (186269) +               Kuruka     Unspecified    4287    4354  (4479)    
