 2330 33.99  1.40  1.71            OX346213.1   135980   137269 (18273313)  +          Kuruka  Unspecified (18273313)   135980   137269
  487 34.72  1.25  0.41            OX346213.1  2736632  2736871 (15673711)  +          Kuruka  Unspecified (15673711)  2736632  2736871
  453 33.04  3.09  2.45            OX346213.1 11603214 11604376 (6807045)  +          Kuruka  Unspecified (6807045) 11603214 11604376
  455 38.47  2.11  2.98            OX346213.1 11687020 11687729 (6722853)  +          Kuruka  Unspecified (6722853) 11687020 11687729
 1566 34.96  2.38  2.47            OX346213.1 12933661 12934836 (5475746)  +          Kuruka  Unspecified (5475746) 12933661 12934836
 1029 35.19  3.13  4.26            OX346213.1 13130072 13130902 (5279680)  +          Kuruka  Unspecified (5279680) 13130072 13130902
 1095 35.30  3.17  2.92            OX346213.1 13136284 13137103 (5273479)  +          Kuruka  Unspecified (5273479) 13136284 13137103
 1095 35.30  3.17  2.92            OX346213.1 13142485 13143304 (5267278)  +          Kuruka  Unspecified (5267278) 13142485 13143304
  942 35.91  4.38  2.70            OX346213.1  4027871  4029035 (14381547)  C          Kuruka  Unspecified (14381547)  4027871  4029035
  329 23.71  4.96  7.25            OX346213.1  7566149  7566289 (10844293)  C          Kuruka  Unspecified (10844293)  7566149  7566289
  230 32.00  1.33  1.33            OX346213.1 11731569 11732156 (6678939)  C          Kuruka  Unspecified (6678939) 11731569 11732156
  303 27.31  4.50  6.63            OX346213.1 12411889 12412088 (5998494)  C          Kuruka  Unspecified (5998494) 12411889 12412088
 1607 37.18  1.37  2.08            OX346213.1 13201240 13202549 (5208033)  C          Kuruka  Unspecified (5208033) 13201240 13202549
  536 38.49  2.20  2.35            OX346213.1 13605729 13606409 (4804173)  C          Kuruka  Unspecified (4804173) 13605729 13606409
  536 38.49  2.20  2.35            OX346213.1 13612072 13612752 (4797830)  C          Kuruka  Unspecified (4797830) 13612072 13612752
  342 39.97  0.74  0.74            OX346213.1 13616087 13616628 (4793954)  C          Kuruka  Unspecified (4793954) 13616087 13616628
  300 30.97  2.50  3.14            OX346213.1 13736879 13737038 (4673544)  C          Kuruka  Unspecified (4673544) 13736879 13737038
 1590 34.02  2.40  2.49            OX346213.1 18259841 18261046 (149536)  C          Kuruka  Unspecified (149536) 18259841 18261046
  458 35.73  1.07  1.07            OX346214.1   164202   165509 (16294099)  +          Kuruka  Unspecified (16294099)   164202   165509
  615 36.80  0.65  0.65            OX346214.1  1110549  1111013 (15347568)  +          Kuruka  Unspecified (15347568)  1110549  1111013
 1567 34.58  2.55  2.64            OX346214.1  2433265  2434440 (14024141)  +          Kuruka  Unspecified (14024141)  2433265  2434440
  564 35.64  2.10  2.34            OX346214.1  4465925  4466352 (11992229)  +          Kuruka  Unspecified (11992229)  4465925  4466352
 2220 33.62  2.24  1.71            OX346214.1  5319796  5320957 (11137624)  +          Kuruka  Unspecified (11137624)  5319796  5320957
  239 25.01  0.00  1.67            OX346214.1  7894300  7894360 (8564221)  +          Kuruka  Unspecified (8564221)  7894300  7894360
 1597 34.83  2.07  2.16            OX346214.1 11919399 11920604 (4537977)  +          Kuruka  Unspecified (4537977) 11919399 11920604
  278 31.10  3.65  1.43            OX346214.1 12347925 12348061 (4110520)  +          Kuruka  Unspecified (4110520) 12347925 12348061
 1513 35.17  2.58  2.19            OX346214.1 15311761 15313077 (1145504)  +          Kuruka  Unspecified (1145504) 15311761 15313077
  313 30.12  0.00  1.08            OX346214.1 15694882 15694975 (763606)  +          Kuruka  Unspecified (763606) 15694882 15694975
  255 28.92  0.00  1.20            OX346214.1   152611   152694 (16305887)  C          Kuruka  Unspecified (16305887)   152611   152694
 2298 33.02  1.97  2.05            OX346214.1  2326324  2327492 (14131089)  C          Kuruka  Unspecified (14131089)  2326324  2327492
 1521 34.41  2.32  2.41            OX346214.1  4520981  4522186 (11936395)  C          Kuruka  Unspecified (11936395)  4520981  4522186
 1430 36.38  2.14  2.77            OX346214.1  4538060  4539368 (11919213)  C          Kuruka  Unspecified (11919213)  4538060  4539368
 1443 36.13  2.35  2.43            OX346214.1  7912390  7913708 (8544873)  C          Kuruka  Unspecified (8544873)  7912390  7913708
 1146 36.19  2.30  2.12            OX346214.1  8293371  8294502 (8164079)  C          Kuruka  Unspecified (8164079)  8293371  8294502
 1306 34.62  2.26  2.38            OX346214.1 10390613 10391694 (6067128)  C          Kuruka  Unspecified (6067128) 10390613 10391694
  323 37.83  2.85  3.21            OX346214.1 12056241 12057223 (4402060)  C          Kuruka  Unspecified (4402060) 12056241 12057223
  313 30.12  0.00  1.08            OX346214.1 13039200 13039293 (3419288)  C          Kuruka  Unspecified (3419288) 13039200 13039293
  325 32.36  2.29  2.87            OX346215.1    70750    70924 (16243763)  +          Kuruka  Unspecified (16243763)    70750    70924
 1523 36.11  2.30  2.61            OX346215.1   153777   155081 (16159606)  +          Kuruka  Unspecified (16159606)   153777   155081
  502 35.02  1.86  1.86            OX346215.1  1668723  1669205 (14645482)  +          Kuruka  Unspecified (14645482)  1668723  1669205
  970 33.93  2.44  2.59            OX346215.1  1679166  1679861 (14634826)  +          Kuruka  Unspecified (14634826)  1679166  1679861
 1578 34.30  2.24  2.32            OX346215.1  3210022  3211227 (13103460)  +          Kuruka  Unspecified (13103460)  3210022  3211227
 1611 34.38  2.24  2.32            OX346215.1  3470218  3471423 (12843264)  +          Kuruka  Unspecified (12843264)  3470218  3471423
 1764 34.62  3.16  2.56            OX346215.1  3863337  3864697 (12449990)  +          Kuruka  Unspecified (12449990)  3863337  3864697
  294 36.33  1.40  1.64            OX346215.1  5177238  5178011 (11137021)  +          Kuruka  Unspecified (11137021)  5177238  5178011
 1503 35.22  2.51  2.12            OX346215.1  7345305  7346621 (8968066)  +          Kuruka  Unspecified (8968066)  7345305  7346621
 1472 36.13  2.35  2.43            OX346215.1  9783631  9784949 (6529738)  +          Kuruka  Unspecified (6529738)  9783631  9784949
 1448 35.64  2.50  2.58            OX346215.1 12477003 12478321 (3836366)  +          Kuruka  Unspecified (3836366) 12477003 12478321
  583 38.11  0.66  0.66            OX346215.1 13793090 13793546 (2521141)  +          Kuruka  Unspecified (2521141) 13793090 13793546
 1833 33.94  2.14  2.23            OX346215.1 14991201 14992321 (1322366)  +          Kuruka  Unspecified (1322366) 14991201 14992321
 1595 34.18  2.40  2.49            OX346215.1 15471126 15472331 (842356)  +          Kuruka  Unspecified (842356) 15471126 15472331
 1236 34.41  2.32  2.32            OX346215.1 16198603 16199807 (114880)  +          Kuruka  Unspecified (114880) 16198603 16199807
  243 25.40  0.00  1.59            OX346215.1  1251526  1251589 (15063098)  C          Kuruka  Unspecified (15063098)  1251526  1251589
 1548 35.05  2.38  2.47            OX346215.1  3409945  3411120 (12903567)  C          Kuruka  Unspecified (12903567)  3409945  3411120
  522 38.55  0.65  1.09            OX346215.1 13289230 13289688 (3024999)  C          Kuruka  Unspecified (3024999) 13289230 13289688
  805 34.39  2.19  2.64            OX346215.1 16214938 16215621  (99066)  C          Kuruka  Unspecified  (99066) 16214938 16215621
  249 26.46  3.54  6.36            OX346215.1 16223071 16223183  (91504)  C          Kuruka  Unspecified  (91504) 16223071 16223183
  278 31.10  3.65  1.43            OX346216.1  1454866  1455002 (14849431)  +          Kuruka  Unspecified (14849431)  1454866  1455002
 1751 36.08  1.52  1.60            OX346216.1  5799375  5800560 (10503873)  +          Kuruka  Unspecified (10503873)  5799375  5800560
 1342 33.50  3.72  3.82            OX346216.1  6139958  6141031 (10163402)  +          Kuruka  Unspecified (10163402)  6139958  6141031
  449 31.56  2.16  3.04            OX346216.1  6700658  6700889 (9603544)  +          Kuruka  Unspecified (9603544)  6700658  6700889
  278 31.10  3.65  1.43            OX346216.1  8230877  8231013 (8073420)  +          Kuruka  Unspecified (8073420)  8230877  8231013
  331 26.14  4.69  6.35            OX346216.1  9319351  9319542 (6984891)  +          Kuruka  Unspecified (6984891)  9319351  9319542
 1591 34.47  2.24  2.32            OX346216.1 10431552 10432757 (5871676)  +          Kuruka  Unspecified (5871676) 10431552 10432757
  278 31.10  3.65  1.43            OX346216.1 11180739 11180875 (5123558)  +          Kuruka  Unspecified (5123558) 11180739 11180875
 2308 33.02  1.97  2.05            OX346216.1 15081799 15082967 (1221466)  +          Kuruka  Unspecified (1221466) 15081799 15082967
 1242 35.87  3.37  2.50            OX346216.1 15981630 15982936 (321497)  +          Kuruka  Unspecified (321497) 15981630 15982936
  486 29.01  4.29  4.78            OX346216.1  2581174  2581383 (13723050)  C          Kuruka  Unspecified (13723050)  2581174  2581383
 1536 35.82  2.35  2.43            OX346216.1  5821029  5822347 (10482086)  C          Kuruka  Unspecified (10482086)  5821029  5822347
 1191 35.91  2.27  2.38            OX346216.1  8469694  8470617 (7833816)  C          Kuruka  Unspecified (7833816)  8469694  8470617
  278 31.10  3.65  1.43            OX346216.1  8653297  8653433 (7651000)  C          Kuruka  Unspecified (7651000)  8653297  8653433
 1455 34.37  2.38  3.57            OX346216.1 10343204 10344422 (5960011)  C          Kuruka  Unspecified (5960011) 10343204 10344422
 1642 35.68  2.61  2.92            OX346216.1 10682529 10683833 (5620600)  C          Kuruka  Unspecified (5620600) 10682529 10683833
 2299 33.56  1.80  1.88            OX346216.1 11175864 11177032 (5127401)  C          Kuruka  Unspecified (5127401) 11175864 11177032
  500 38.06  1.10  0.44            OX346216.1 13174124 13174577 (3129856)  C          Kuruka  Unspecified (3129856) 13174124 13174577
 1567 34.36  2.90  2.64            OX346216.1 14430724 14431895 (1872538)  C          Kuruka  Unspecified (1872538) 14430724 14431895
  601 38.68  0.44  0.44            OX346216.1 14455063 14455519 (1848914)  C          Kuruka  Unspecified (1848914) 14455063 14455519
  331 24.33  6.25  7.94            OX346216.1 15936614 15936805 (367628)  C          Kuruka  Unspecified (367628) 15936614 15936805
  236 30.05  0.87  4.50            OX346216.1 15977234 15977348 (327085)  C          Kuruka  Unspecified (327085) 15977234 15977348
 1493 34.81  2.75  2.49            OX346216.1 16001104 16002305 (302128)  C          Kuruka  Unspecified (302128) 16001104 16002305
  431 30.57  4.43  4.95            OX346216.1 16140500 16140702 (163731)  C          Kuruka  Unspecified (163731) 16140500 16140702
 1320 33.53  4.89  3.21            OX346217.1   113069   114233 (15883152)  +          Kuruka  Unspecified (15883152)   113069   114233
  264 26.32  1.03  2.08            OX346217.1  1653213  1653309 (14344076)  +          Kuruka  Unspecified (14344076)  1653213  1653309
 1607 34.50  2.55  2.64            OX346217.1  4156679  4157854 (11839531)  +          Kuruka  Unspecified (11839531)  4156679  4157854
  449 31.56  2.16  3.04            OX346217.1  5382238  5382469 (10614916)  +          Kuruka  Unspecified (10614916)  5382238  5382469
  823 35.43  1.59  1.59            OX346217.1  8418833  8419460 (7577925)  +          Kuruka  Unspecified (7577925)  8418833  8419460
 1526 34.60  2.11  2.20            OX346217.1  8882550  8883734 (7113651)  +          Kuruka  Unspecified (7113651)  8882550  8883734
 1500 35.88  2.50  2.58            OX346217.1 14842276 14843594 (1153791)  +          Kuruka  Unspecified (1153791) 14842276 14843594
  250 32.93  0.00  0.00            OX346217.1   326524   326605 (15670780)  C          Kuruka  Unspecified (15670780)   326524   326605
  984 34.39  2.19  2.64            OX346217.1  3835261  3835944 (12161441)  C          Kuruka  Unspecified (12161441)  3835261  3835944
 1541 34.58  2.32  2.41            OX346217.1  4871452  4872657 (11124728)  C          Kuruka  Unspecified (11124728)  4871452  4872657
  250 32.93  0.00  0.00            OX346217.1  5885902  5885983 (10111402)  C          Kuruka  Unspecified (10111402)  5885902  5885983
 1562 34.50  2.32  2.41            OX346217.1  6806971  6808176 (9189209)  C          Kuruka  Unspecified (9189209)  6806971  6808176
  554 37.23  0.48  0.48            OX346217.1  9055728  9056140 (6941245)  C          Kuruka  Unspecified (6941245)  9055728  9056140
 1216 36.26  2.65  2.85            OX346217.1 10327065 10328120 (5669265)  C          Kuruka  Unspecified (5669265) 10327065 10328120
 1249 34.84  2.70  4.15            OX346217.1 10342408 10343629 (5653756)  C          Kuruka  Unspecified (5653756) 10342408 10343629
 1345 35.19  2.08  2.18            OX346217.1 10903708 10904718 (5092667)  C          Kuruka  Unspecified (5092667) 10903708 10904718
  320 22.37  4.96  7.63            OX346217.1 15627832 15627952 (369433)  C          Kuruka  Unspecified (369433) 15627832 15627952
  458 39.21  0.65  1.09            OX346218.1   633698   634156 (15188077)  +          Kuruka  Unspecified (15188077)   633698   634156
 1172 35.15  5.14  2.12            OX346218.1  2581867  2583151 (13239082)  +          Kuruka  Unspecified (13239082)  2581867  2583151
 1424 34.79  2.49  2.58            OX346218.1  6418403  6419606 (9402627)  +          Kuruka  Unspecified (9402627)  6418403  6419606
 2298 33.02  1.97  2.05            OX346218.1  6711337  6712505 (9109728)  +          Kuruka  Unspecified (9109728)  6711337  6712505
 1591 35.19  2.30  2.38            OX346218.1 14500538 14501713 (1320520)  +          Kuruka  Unspecified (1320520) 14500538 14501713
 1311 36.08  3.08  2.47            OX346218.1  2164460  2165627 (13656606)  C          Kuruka  Unspecified (13656606)  2164460  2165627
 2343 34.43  1.80  1.65            OX346218.1  4327646  4328980 (11493253)  C          Kuruka  Unspecified (11493253)  4327646  4328980
  938 35.76  2.98  2.25            OX346218.1  8391024  8391861 (7430372)  C          Kuruka  Unspecified (7430372)  8391024  8391861
 1558 34.50  2.32  2.41            OX346219.1  3613357  3614562 (11776201)  +          Kuruka  Unspecified (11776201)  3613357  3614562
  969 33.78  1.81  1.81            OX346219.1  4810058  4811205 (10579986)  +          Kuruka  Unspecified (10579986)  4810058  4811205
  635 37.15  0.43  0.43            OX346219.1  5493599  5494063 (9896700)  +          Kuruka  Unspecified (9896700)  5493599  5494063
  352 36.91  0.43  2.65            OX346219.1  7162329  7162559 (8228204)  +          Kuruka  Unspecified (8228204)  7162329  7162559
 1575 34.47  2.24  2.41            OX346219.1  8239745  8240951 (7149812)  +          Kuruka  Unspecified (7149812)  8239745  8240951
  323 31.54  1.52  1.52            OX346219.1 10557081 10557212 (4833551)  +          Kuruka  Unspecified (4833551) 10557081 10557212
  313 27.31  4.50  6.63            OX346219.1 11078352 11078551 (4312212)  +          Kuruka  Unspecified (4312212) 11078352 11078551
 1481 34.33  2.57  2.74            OX346219.1  3450016  3451222 (11939541)  C          Kuruka  Unspecified (11939541)  3450016  3451222
 1555 35.74  2.35  2.43            OX346219.1  6532648  6533966 (8856797)  C          Kuruka  Unspecified (8856797)  6532648  6533966
  631 36.66  0.86  0.86            OX346219.1  8770060  8770524 (6620239)  C          Kuruka  Unspecified (6620239)  8770060  8770524
  457 30.05  4.46  4.93            OX346219.1 12486044 12486267 (2904496)  C          Kuruka  Unspecified (2904496) 12486044 12486267
  405 35.74  2.84  2.11            OX346220.1   219354   219776 (15034531)  +          Kuruka  Unspecified (15034531)   219354   219776
 1559 34.44  2.40  2.49            OX346220.1  6655221  6656426 (8597881)  +          Kuruka  Unspecified (8597881)  6655221  6656426
  449 31.56  2.16  3.04            OX346220.1  7015646  7015877 (8238430)  +          Kuruka  Unspecified (8238430)  7015646  7015877
 1591 34.69  2.16  2.24            OX346220.1 12873539 12874744 (2379563)  +          Kuruka  Unspecified (2379563) 12873539 12874744
  405 31.19  2.29  2.87            OX346220.1  3539777  3539951 (11714356)  C          Kuruka  Unspecified (11714356)  3539777  3539951
 1541 34.68  2.55  2.64            OX346220.1  4031395  4032570 (11221737)  C          Kuruka  Unspecified (11221737)  4031395  4032570
 2307 33.18  1.70  1.79            OX346220.1  7051285  7052404 (8201903)  C          Kuruka  Unspecified (8201903)  7051285  7052404
  473 36.00  0.99  0.99            OX346220.1  7557634  7557936 (7696371)  C          Kuruka  Unspecified (7696371)  7557634  7557936
 1053 33.83  3.21  3.21            OX346220.1  7562153  7562992 (7691315)  C          Kuruka  Unspecified (7691315)  7562153  7562992
  836 35.17  3.05  2.67            OX346220.1  7571313  7572133 (7682174)  C          Kuruka  Unspecified (7682174)  7571313  7572133
  402 31.19  2.29  2.87            OX346220.1  8310263  8310437 (6943870)  C          Kuruka  Unspecified (6943870)  8310263  8310437
  267 33.34  3.78  4.22            OX346220.1  8823173  8823410 (6430897)  C          Kuruka  Unspecified (6430897)  8823173  8823410
  819 34.79  2.07  1.91            OX346220.1 10198896 10199522 (5054785)  C          Kuruka  Unspecified (5054785) 10198896 10199522
  760 35.53  2.65  3.07            OX346220.1 12490865 12492150 (2762953)  C          Kuruka  Unspecified (2762953) 12490865 12492150
  386 39.02  0.73  0.73            OX346220.1 12858511 12858923 (2395384)  C          Kuruka  Unspecified (2395384) 12858511 12858923
  314 24.47  4.96  7.25            OX346220.1 13048658 13048798 (2205509)  C          Kuruka  Unspecified (2205509) 13048658 13048798
  273 31.71  1.60  1.60            OX346221.1   376035   376159 (14775638)  +          Kuruka  Unspecified (14775638)   376035   376159
 1620 34.41  2.55  2.64            OX346221.1   488479   489654 (14662143)  +          Kuruka  Unspecified (14662143)   488479   489654
  250 32.93  0.00  0.00            OX346221.1   551545   551626 (14600171)  +          Kuruka  Unspecified (14600171)   551545   551626
 1556 34.78  2.16  2.24            OX346221.1   919850   921055 (14230742)  +          Kuruka  Unspecified (14230742)   919850   921055
  897 35.62  1.98  1.98            OX346221.1   972306   973064 (14178733)  +          Kuruka  Unspecified (14178733)   972306   973064
 1247 36.84  1.54  1.61            OX346221.1  1210697  1211998 (13939799)  +          Kuruka  Unspecified (13939799)  1210697  1211998
  944 36.91  3.16  2.18            OX346221.1  6118020  6119063 (9032734)  +          Kuruka  Unspecified (9032734)  6118020  6119063
  276 34.77  2.52  3.83            OX346221.1  7058349  7058665 (8093132)  +          Kuruka  Unspecified (8093132)  7058349  7058665
 1384 35.64  3.02  2.54            OX346221.1  7275538  7276830 (7874967)  +          Kuruka  Unspecified (7874967)  7275538  7276830
  284 35.37  3.14  3.54            OX346221.1 10721514 10721768 (4430029)  +          Kuruka  Unspecified (4430029) 10721514 10721768
 1635 35.81  2.53  2.84            OX346221.1 11111258 11112562 (4039235)  +          Kuruka  Unspecified (4039235) 11111258 11112562
  313 30.12  0.00  1.08            OX346221.1 11598063 11598156 (3553641)  +          Kuruka  Unspecified (3553641) 11598063 11598156
 1593 34.96  2.38  2.47            OX346221.1 12616040 12617215 (2534582)  +          Kuruka  Unspecified (2534582) 12616040 12617215
 1581 36.44  2.02  2.34            OX346221.1  1995127  1996413 (13155384)  C          Kuruka  Unspecified (13155384)  1995127  1996413
 1793 35.81  1.52  1.60            OX346221.1  4838907  4840092 (10311705)  C          Kuruka  Unspecified (10311705)  4838907  4840092
 1583 34.69  2.16  2.24            OX346221.1  5899624  5900829 (9250968)  C          Kuruka  Unspecified (9250968)  5899624  5900829
 1596 34.52  2.16  2.24            OX346221.1  6607402  6608607 (8543190)  C          Kuruka  Unspecified (8543190)  6607402  6608607
  975 34.39  2.19  2.64            OX346221.1  7280342  7281025 (7870772)  C          Kuruka  Unspecified (7870772)  7280342  7281025
 1007 34.92  2.19  2.64            OX346221.1  7299747  7300881 (7851367)  C          Kuruka  Unspecified (7851367)  7299747  7300881
 1335 33.59  3.72  3.82            OX346221.1  7641722  7642795 (7509002)  C          Kuruka  Unspecified (7509002)  7641722  7642795
 1015 35.45  2.88  2.34            OX346221.1  8831147  8832082 (6319715)  C          Kuruka  Unspecified (6319715)  8831147  8832082
 1556 35.74  2.35  2.43            OX346221.1 11991403 11992721 (3159076)  C          Kuruka  Unspecified (3159076) 11991403 11992721
 1572 34.58  2.32  2.41            OX346222.1   581933   583138 (14203188)  +          Kuruka  Unspecified (14203188)   581933   583138
  671 37.82  2.92  3.01            OX346222.1  2910270  2911433 (11874893)  +          Kuruka  Unspecified (11874893)  2910270  2911433
  863 32.75  7.09  1.73            OX346222.1  6556763  6557312 (8229014)  +          Kuruka  Unspecified (8229014)  6556763  6557312
  848 35.82  1.28  4.11            OX346222.1  6557690  6558315 (8228011)  +          Kuruka  Unspecified (8228011)  6557690  6558315
 1517 34.72  3.01  2.16            OX346222.1  8285845  8287039 (6499287)  +          Kuruka  Unspecified (6499287)  8285845  8287039
 1565 34.50  2.32  2.41            OX346222.1 12326754 12327959 (2458367)  +          Kuruka  Unspecified (2458367) 12326754 12327959
 1428 35.20  1.95  2.04            OX346222.1 13708981 13710111 (1076215)  +          Kuruka  Unspecified (1076215) 13708981 13710111
  823 35.07  2.41  2.51            OX346222.1 14444470 14445748 (340861)  +          Kuruka  Unspecified (340861) 14444470 14445748
 1618 34.32  3.57  3.04            OX346222.1   705942   707119 (14079207)  C          Kuruka  Unspecified (14079207)   705942   707119
  254 25.39 12.80  3.93            OX346222.1   708181   708344 (14077982)  C          Kuruka  Unspecified (14077982)   708181   708344
 1555 36.43  2.07  2.38            OX346222.1   786030   787334 (13998992)  C          Kuruka  Unspecified (13998992)   786030   787334
 1620 34.04  2.49  2.57            OX346222.1  2916016  2917221 (11869105)  C          Kuruka  Unspecified (11869105)  2916016  2917221
 1542 34.58  2.32  2.41            OX346222.1  4408964  4410169 (10376157)  C          Kuruka  Unspecified (10376157)  4408964  4410169
  321 24.66  0.00  0.00            OX346222.1  4638470  4638542 (10147784)  C          Kuruka  Unspecified (10147784)  4638470  4638542
  288 34.41  3.12  3.53            OX346222.1  6860104  6860359 (7925967)  C          Kuruka  Unspecified (7925967)  6860104  6860359
 1884 33.94  2.14  2.23            OX346222.1  9034945  9036065 (5750261)  C          Kuruka  Unspecified (5750261)  9034945  9036065
 1220 35.42  2.99  2.90            OX346222.1 10915396 10916599 (3869727)  C          Kuruka  Unspecified (3869727) 10915396 10916599
 1828 35.56  1.58  1.66            OX346222.1 13830415 13831618 (954708)  C          Kuruka  Unspecified (954708) 13830415 13831618
 1584 34.91  2.07  2.16            OX346223.1   337998   339203 (14241260)  +          Kuruka  Unspecified (14241260)   337998   339203
  622 36.80  0.65  0.65            OX346223.1   345954   346418 (14234045)  +          Kuruka  Unspecified (14234045)   345954   346418
  254 27.71  0.00  1.20            OX346223.1  4061376  4061459 (10519004)  +          Kuruka  Unspecified (10519004)  4061376  4061459
  412 33.20  1.72  2.61            OX346223.1  5915015  5915246 (8665217)  +          Kuruka  Unspecified (8665217)  5915015  5915246
  539 37.52  0.86  0.86            OX346223.1  8564017  8564481 (6015982)  +          Kuruka  Unspecified (6015982)  8564017  8564481
 1516 35.90  2.35  2.43            OX346223.1 10679355 10680673 (3899790)  +          Kuruka  Unspecified (3899790) 10679355 10680673
  229 27.69  0.00  0.00            OX346223.1 12237308 12237372 (2343091)  +          Kuruka  Unspecified (2343091) 12237308 12237372
 1477 34.78  2.14  2.99            OX346223.1  2494545  2495759 (12084704)  C          Kuruka  Unspecified (12084704)  2494545  2495759
 1539 34.32  2.57  2.57            OX346223.1  2899067  2900271 (11680192)  C          Kuruka  Unspecified (11680192)  2899067  2900271
 1555 35.74  2.35  2.43            OX346223.1  4148482  4149800 (10430663)  C          Kuruka  Unspecified (10430663)  4148482  4149800
  250 32.93  0.00  0.00            OX346223.1  4375537  4375618 (10204845)  C          Kuruka  Unspecified (10204845)  4375537  4375618
  278 31.10  3.65  1.43            OX346223.1  4419993  4420129 (10160334)  C          Kuruka  Unspecified (10160334)  4419993  4420129
  396 31.87  3.64  3.01            OX346223.1  4698082  4698246 (9882217)  C          Kuruka  Unspecified (9882217)  4698082  4698246
 1596 34.61  2.16  2.24            OX346223.1  5508468  5509673 (9070790)  C          Kuruka  Unspecified (9070790)  5508468  5509673
 1558 34.58  2.32  2.41            OX346223.1 13580996 13582201 (998262)  C          Kuruka  Unspecified (998262) 13580996 13582201
 1558 34.58  2.32  2.41            OX346223.1 13588566 13589771 (990692)  C          Kuruka  Unspecified (990692) 13588566 13589771
 1595 34.66  2.07  2.16            OX346223.1 14304662 14305867 (274596)  C          Kuruka  Unspecified (274596) 14304662 14305867
  376 35.09  5.01  1.38            OX346223.1 14358678 14359096 (221367)  C          Kuruka  Unspecified (221367) 14358678 14359096
  487 33.02  2.77  4.58            OX346224.1    92173    93344 (14217990)  +          Kuruka  Unspecified (14217990)    92173    93344
  271 26.32  1.03  2.08            OX346224.1   107499   107595 (14202856)  +          Kuruka  Unspecified (14202856)   107499   107595
 1674 37.41  1.38  1.31            OX346224.1  3693682  3694981 (10615470)  +          Kuruka  Unspecified (10615470)  3693682  3694981
 1546 34.58  2.32  2.41            OX346224.1 10918264 10919469 (3390982)  +          Kuruka  Unspecified (3390982) 10918264 10919469
 1510 34.50  2.32  2.41            OX346224.1 13743542 13744747 (565704)  +          Kuruka  Unspecified (565704) 13743542 13744747
  757 32.74  3.84  2.31            OX346224.1  1020462  1020930 (13289521)  C          Kuruka  Unspecified (13289521)  1020462  1020930
  712 35.08  2.99  2.81            OX346224.1  1025816  1026384 (13284067)  C          Kuruka  Unspecified (13284067)  1025816  1026384
  273 24.46 11.52  3.37            OX346224.1  1027405  1027569 (13282882)  C          Kuruka  Unspecified (13282882)  1027405  1027569
  819 34.79  2.07  1.91            OX346224.1  5486469  5487095 (8823356)  C          Kuruka  Unspecified (8823356)  5486469  5487095
  449 31.56  2.16  3.04            OX346224.1  5821421  5821652 (8488799)  C          Kuruka  Unspecified (8488799)  5821421  5821652
 1580 34.41  2.32  2.41            OX346224.1  6626769  6627974 (7682477)  C          Kuruka  Unspecified (7682477)  6626769  6627974
  508 37.20  0.94  0.47            OX346224.1  8024906  8025329 (6285122)  C          Kuruka  Unspecified (6285122)  8024906  8025329
 1371 34.75  2.74  2.74            OX346225.1  3148939  3150142 (11106727)  +          Kuruka  Unspecified (11106727)  3148939  3150142
 1437 34.84  2.32  2.41            OX346225.1  3186301  3187506 (11069363)  +          Kuruka  Unspecified (11069363)  3186301  3187506
 1437 34.84  2.32  2.41            OX346225.1  3223898  3225103 (11031766)  +          Kuruka  Unspecified (11031766)  3223898  3225103
 1437 34.84  2.32  2.41            OX346225.1  3261503  3262708 (10994161)  +          Kuruka  Unspecified (10994161)  3261503  3262708
 1413 35.20  2.41  2.24            OX346225.1  3301916  3303118 (10953751)  +          Kuruka  Unspecified (10953751)  3301916  3303118
 2311 33.48  1.80  1.88            OX346225.1  9260630  9261798 (4995071)  +          Kuruka  Unspecified (4995071)  9260630  9261798
 1489 34.36  2.39  2.99            OX346225.1  2968936  2970147 (11286722)  C          Kuruka  Unspecified (11286722)  2968936  2970147
  805 35.03  1.93  2.64            OX346225.1  3097422  3098675 (11158722)  C          Kuruka  Unspecified (11158722)  3097422  3098675
 1576 34.41  2.32  2.41            OX346225.1  5432344  5433549 (8823320)  C          Kuruka  Unspecified (8823320)  5432344  5433549
 1521 34.41  2.32  2.41            OX346225.1 14159622 14160827  (96042)  C          Kuruka  Unspecified  (96042) 14159622 14160827
  804 35.24  1.61  1.61            OX346226.1  2870515  2871137 (11191282)  +          Kuruka  Unspecified (11191282)  2870515  2871137
  301 32.90  3.78  4.22            OX346226.1  7348936  7349173 (6713246)  +          Kuruka  Unspecified (6713246)  7348936  7349173
  466 37.80  2.19  1.97            OX346226.1  7862146  7862601 (6199818)  +          Kuruka  Unspecified (6199818)  7862146  7862601
 1556 35.74  2.35  2.43            OX346226.1  8326105  8327423 (5734996)  +          Kuruka  Unspecified (5734996)  8326105  8327423
  950 33.24  0.77  0.77            OX346226.1 10698582 10699726 (3363449)  +          Kuruka  Unspecified (3363449) 10698582 10699726
 1555 34.21  2.49  2.57            OX346226.1 11116565 11117770 (2944649)  +          Kuruka  Unspecified (2944649) 11116565 11117770
  314 30.12  0.00  1.08            OX346226.1   431888   431981 (13630438)  C          Kuruka  Unspecified (13630438)   431888   431981
 1098 34.37  2.31  2.43            OX346226.1  2881558  2882422 (11179997)  C          Kuruka  Unspecified (11179997)  2881558  2882422
  278 31.10  3.65  1.43            OX346226.1  3284684  3284820 (10777599)  C          Kuruka  Unspecified (10777599)  3284684  3284820
 1576 34.41  2.32  2.41            OX346226.1  5381118  5382323 (8680096)  C          Kuruka  Unspecified (8680096)  5381118  5382323
 1442 36.61  2.59  2.20            OX346226.1  8767655  8768967 (5293452)  C          Kuruka  Unspecified (5293452)  8767655  8768967
 1558 34.50  2.32  2.41            OX346226.1 12441231 12442436 (1619983)  C          Kuruka  Unspecified (1619983) 12441231 12442436
 2244 33.48  1.80  1.88            OX346226.1 13009401 13010569 (1051850)  C          Kuruka  Unspecified (1051850) 13009401 13010569
  583 38.90  0.44  0.44            OX346226.1 13803084 13803540 (258879)  C          Kuruka  Unspecified (258879) 13803084 13803540
  320 30.12  0.00  1.08            OX346227.1   772762   772855 (12765439)  +          Kuruka  Unspecified (12765439)   772762   772855
  415 30.59  2.29  2.87            OX346227.1  1420623  1420797 (12117497)  +          Kuruka  Unspecified (12117497)  1420623  1420797
  559 37.83  1.09  1.09            OX346227.1  4248620  4249076 (9289218)  +          Kuruka  Unspecified (9289218)  4248620  4249076
 1312 34.08  3.93  2.62            OX346227.1  7330514  7331682 (6206612)  +          Kuruka  Unspecified (6206612)  7330514  7331682
  278 31.10  3.65  1.43            OX346227.1 12278725 12278861 (1259433)  +          Kuruka  Unspecified (1259433) 12278725 12278861
  321 24.66  0.00  0.00            OX346227.1  1074021  1074093 (12464201)  C          Kuruka  Unspecified (12464201)  1074021  1074093
  323 31.54  1.52  1.52            OX346227.1  3739655  3739786 (9798508)  C          Kuruka  Unspecified (9798508)  3739655  3739786
 1556 35.74  2.35  2.43            OX346227.1  4258687  4260005 (9278289)  C          Kuruka  Unspecified (9278289)  4258687  4260005
  439 30.52  4.46  4.93            OX346228.1  1504975  1505198 (11722098)  +          Kuruka  Unspecified (11722098)  1504975  1505198
 2292 33.31  1.80  1.88            OX346228.1  2421240  2422408 (10804888)  +          Kuruka  Unspecified (10804888)  2421240  2422408
 1427 35.37  2.16  2.24            OX346228.1  3097960  3099165 (10128131)  +          Kuruka  Unspecified (10128131)  3097960  3099165
  244 18.38  4.62  7.94            OX346228.1  6892160  6892224 (6335072)  +          Kuruka  Unspecified (6335072)  6892160  6892224
 1570 36.35  2.07  2.38            OX346228.1 10156988 10158292 (3069004)  +          Kuruka  Unspecified (3069004) 10156988 10158292
 1571 35.67  2.35  2.43            OX346228.1 11690834 11692152 (1535144)  +          Kuruka  Unspecified (1535144) 11690834 11692152
 2131 33.25  2.14  2.23            OX346228.1 12327259 12328427 (898869)  +          Kuruka  Unspecified (898869) 12327259 12328427
  292 22.37  4.96  7.63            OX346228.1 13208358 13208478  (18818)  +          Kuruka  Unspecified  (18818) 13208358 13208478
  444 37.50  1.11  0.88            OX346228.1   733258   733709 (12493587)  C          Kuruka  Unspecified (12493587)   733258   733709
 1449 34.90  2.23  2.57            OX346228.1  3413723  3414931 (9812365)  C          Kuruka  Unspecified (9812365)  3413723  3414931
 2328 33.10  1.97  2.05            OX346228.1  3499866  3501034 (9726262)  C          Kuruka  Unspecified (9726262)  3499866  3501034
  230 32.30  4.17  4.17            OX346228.1  4616233  4616400 (8610896)  C          Kuruka  Unspecified (8610896)  4616233  4616400
 1464 34.64  2.49  2.49            OX346228.1  5755043  5756247 (7471049)  C          Kuruka  Unspecified (7471049)  5755043  5756247
  631 37.04  4.07  2.18            OX346228.1  6535353  6536628 (6691403)  C          Kuruka  Unspecified (6691403)  6535353  6536628
  565 38.32  0.66  0.66            OX346228.1  9828095  9828551 (3398745)  C          Kuruka  Unspecified (3398745)  9828095  9828551
 1760 36.75  1.46  1.54            OX346229.1  2746297  2747598 (10444614)  +          Kuruka  Unspecified (10444614)  2746297  2747598
 1555 35.74  2.35  2.43            OX346229.1  3188061  3189379 (10002833)  +          Kuruka  Unspecified (10002833)  3188061  3189379
  259 33.49  3.80  4.24            OX346229.1  4305160  4305396 (8886816)  +          Kuruka  Unspecified (8886816)  4305160  4305396
  428 36.93  2.16  1.72            OX346229.1  4940433  4940895 (8251317)  +          Kuruka  Unspecified (8251317)  4940433  4940895
  229 28.24  4.71  0.00            OX346229.1 10478726 10478810 (2713402)  +          Kuruka  Unspecified (2713402) 10478726 10478810
  562 38.32  0.66  0.66            OX346229.1 11222796 11223252 (1968960)  +          Kuruka  Unspecified (1968960) 11222796 11223252
  568 37.44  0.65  0.65            OX346229.1 12394366 12394830 (797382)  +          Kuruka  Unspecified (797382) 12394366 12394830
 1252 36.00  2.23  2.33            OX346229.1 13022421 13023495 (168717)  +          Kuruka  Unspecified (168717) 13022421 13023495
  368 33.03  3.40  3.40            OX346229.1 13023965 13024199 (168013)  +          Kuruka  Unspecified (168013) 13023965 13024199
  373 31.77  2.29  2.87            OX346229.1   172998   173172 (13019040)  C          Kuruka  Unspecified (13019040)   172998   173172
 1555 35.74  2.35  2.43            OX346229.1  2773622  2774940 (10417272)  C          Kuruka  Unspecified (10417272)  2773622  2774940
 1568 34.27  2.40  2.57            OX346229.1  5862721  5863927 (7328285)  C          Kuruka  Unspecified (7328285)  5862721  5863927
  619 35.50  7.58  2.36            OX346229.1  6439206  6440010 (6752202)  C          Kuruka  Unspecified (6752202)  6439206  6440010
  292 26.99  4.55  4.55            OX346229.1  8765034  8765165 (4427047)  C          Kuruka  Unspecified (4427047)  8765034  8765165
  243 25.40  0.00  1.59            OX346229.1  9629905  9629968 (3562244)  C          Kuruka  Unspecified (3562244)  9629905  9629968
 2369 34.12  1.80  1.65            OX346230.1  2193416  2194750 (10777510)  +          Kuruka  Unspecified (10777510)  2193416  2194750
  460 36.18  1.94  1.72            OX346230.1  7783272  7783735 (5188525)  +          Kuruka  Unspecified (5188525)  7783272  7783735
  889 35.10  2.51  2.17            OX346230.1 12481895 12482491 (489769)  +          Kuruka  Unspecified (489769) 12481895 12482491
  250 32.93  0.00  0.00            OX346230.1   766890   766971 (12205289)  C          Kuruka  Unspecified (12205289)   766890   766971
  243 37.60  1.68  2.71            OX346230.1  2075862  2076159 (10896101)  C          Kuruka  Unspecified (10896101)  2075862  2076159
 1558 35.74  2.35  2.43            OX346230.1  2785105  2786423 (10185837)  C          Kuruka  Unspecified (10185837)  2785105  2786423
 1576 34.41  2.32  2.41            OX346230.1  3758363  3759568 (9212692)  C          Kuruka  Unspecified (9212692)  3758363  3759568
 1852 34.03  2.14  2.23            OX346230.1  3930242  3931362 (9040898)  C          Kuruka  Unspecified (9040898)  3930242  3931362
  453 37.19  1.75  1.53            OX346230.1  7121526  7121981 (5850279)  C          Kuruka  Unspecified (5850279)  7121526  7121981
 1543 34.21  2.49  2.57            OX346230.1 11606077 11607282 (1364978)  C          Kuruka  Unspecified (1364978) 11606077 11607282
 1478 34.38  2.49  2.57            OX346230.1 12938636 12939841  (32419)  C          Kuruka  Unspecified  (32419) 12938636 12939841
  331 24.33  6.25  7.94            OX346230.1 12960885 12961076  (11184)  C          Kuruka  Unspecified  (11184) 12960885 12961076
 2267 32.90  2.13  2.57            OX346231.1  4925824  4926996 (7968194)  +          Kuruka  Unspecified (7968194)  4925824  4926996
 1112 36.13  2.20  2.36            OX346231.1  8311008  8312325 (4582865)  +          Kuruka  Unspecified (4582865)  8311008  8312325
 1489 35.49  2.50  2.58            OX346231.1 10547061 10548379 (2346811)  +          Kuruka  Unspecified (2346811) 10547061 10548379
  279 26.83  0.00  0.00            OX346231.1 10677175 10677256 (2217934)  +          Kuruka  Unspecified (2217934) 10677175 10677256
 1849 33.85  2.14  2.23            OX346231.1 10980562 10981682 (1913508)  +          Kuruka  Unspecified (1913508) 10980562 10981682
  443 36.06  2.81  2.15            OX346231.1  1965047  1965508 (10929682)  C          Kuruka  Unspecified (10929682)  1965047  1965508
 1760 36.75  1.46  1.54            OX346231.1  2000412  2001713 (10893477)  C          Kuruka  Unspecified (10893477)  2000412  2001713
 2347 33.31  1.80  1.88            OX346231.1  8608484  8609652 (4285538)  C          Kuruka  Unspecified (4285538)  8608484  8609652
  992 34.39  2.19  2.64            OX346231.1  9704840  9705523 (3189667)  C          Kuruka  Unspecified (3189667)  9704840  9705523
 1268 33.78  2.59  2.72            OX346231.1  9772322  9773094 (3122096)  C          Kuruka  Unspecified (3122096)  9772322  9773094
  675 33.42  1.32  1.32            OX346231.1  9775928  9776306 (3118884)  C          Kuruka  Unspecified (3118884)  9775928  9776306
  424 36.85  0.70  0.70            OX346231.1  9937480  9937766 (2957424)  C          Kuruka  Unspecified (2957424)  9937480  9937766
 2212 33.92  1.80  1.88            OX346231.1 10141982 10143150 (2752040)  C          Kuruka  Unspecified (2752040) 10141982 10143150
 1489 35.49  2.50  2.58            OX346231.1 10518147 10519465 (2375725)  C          Kuruka  Unspecified (2375725) 10518147 10519465
  990 36.23  2.34  3.71            OX346231.1 10649694 10650977 (2244213)  C          Kuruka  Unspecified (2244213) 10649694 10650977
  314 30.12  0.00  1.08            OX346231.1 10702746 10702839 (2192351)  C          Kuruka  Unspecified (2192351) 10702746 10702839
  961 36.06  2.84  4.85            OX346231.1 10890411 10891608 (2003582)  C          Kuruka  Unspecified (2003582) 10890411 10891608
 1608 36.19  2.07  2.38            OX346231.1 11595017 11596321 (1298869)  C          Kuruka  Unspecified (1298869) 11595017 11596321
 1363 33.53  3.82  3.91            OX346231.1 12282994 12284067 (611123)  C          Kuruka  Unspecified (611123) 12282994 12284067
 1207 35.25  3.50  2.53            OX346232.1  1761057  1762229 (10835169)  +          Kuruka  Unspecified (10835169)  1761057  1762229
  227 26.01  0.00  3.90            OX346232.1  2215582  2215661 (10381737)  +          Kuruka  Unspecified (10381737)  2215582  2215661
  442 31.56  2.16  3.04            OX346232.1  2416722  2416953 (10180445)  +          Kuruka  Unspecified (10180445)  2416722  2416953
 1587 36.26  2.07  2.38            OX346232.1  4757315  4758619 (7838779)  +          Kuruka  Unspecified (7838779)  4757315  4758619
 1574 34.41  2.32  2.41            OX346232.1  5712571  5713776 (6883622)  +          Kuruka  Unspecified (6883622)  5712571  5713776
 1493 34.58  2.32  2.41            OX346232.1 11692283 11693488 (903910)  +          Kuruka  Unspecified (903910) 11692283 11693488
 1162 33.17  3.02  3.26            OX346232.1 12522915 12523743  (73655)  +          Kuruka  Unspecified  (73655) 12522915 12523743
  303 27.85  4.50  6.63            OX346232.1  2943135  2943334 (9654064)  C          Kuruka  Unspecified (9654064)  2943135  2943334
  278 31.10  3.65  1.43            OX346232.1  6278523  6278659 (6318739)  C          Kuruka  Unspecified (6318739)  6278523  6278659
 1760 36.75  1.46  1.54            OX346232.1  8043795  8045096 (4552302)  C          Kuruka  Unspecified (4552302)  8043795  8045096
  267 26.32  1.03  2.08            OX346232.1  9514461  9514557 (3082841)  C          Kuruka  Unspecified (3082841)  9514461  9514557
  308 30.78  3.48  3.93            OX346232.1 10023455 10023684 (2573714)  C          Kuruka  Unspecified (2573714) 10023455 10023684
 1290 34.39  2.75  2.49            OX346233.1    95442    96643 (12314191)  +          Kuruka  Unspecified (12314191)    95442    96643
 1885 33.51  1.88  2.05            OX346233.1  3123308  3124477 (9286357)  +          Kuruka  Unspecified (9286357)  3123308  3124477
  428 38.61  2.00  0.66            OX346233.1  4269571  4270021 (8140813)  +          Kuruka  Unspecified (8140813)  4269571  4270021
  619 36.07  1.76  1.31            OX346233.1  5487734  5488188 (6922646)  +          Kuruka  Unspecified (6922646)  5487734  5488188
 1536 34.50  2.55  2.64            OX346233.1  6592919  6594094 (5816740)  +          Kuruka  Unspecified (5816740)  6592919  6594094
  526 37.83  1.09  1.09            OX346233.1  7958407  7958863 (4451971)  +          Kuruka  Unspecified (4451971)  7958407  7958863
 1116 34.79  2.15  3.10            OX346233.1  1011106  1012081 (11398753)  C          Kuruka  Unspecified (11398753)  1011106  1012081
 1204 34.41  2.32  2.41            OX346233.1  2391105  2392310 (10018524)  C          Kuruka  Unspecified (10018524)  2391105  2392310
 1958 32.40  4.72  1.87            OX346233.1  2645092  2646129 (9764705)  C          Kuruka  Unspecified (9764705)  2645092  2646129
  758 31.81  3.11  3.57            OX346233.1  2660168  2660617 (9750217)  C          Kuruka  Unspecified (9750217)  2660168  2660617
  395 35.95  7.50  4.03            OX346233.1  5890733  5891332 (6519502)  C          Kuruka  Unspecified (6519502)  5890733  5891332
  500 38.63  0.88  0.88            OX346233.1  7953599  7954055 (4456779)  C          Kuruka  Unspecified (4456779)  7953599  7954055
 1567 34.58  2.55  2.64            OX346233.1 11334521 11335696 (1075138)  C          Kuruka  Unspecified (1075138) 11334521 11335696
 1556 35.74  2.35  2.43            OX346233.1 11386063 11387381 (1023453)  C          Kuruka  Unspecified (1023453) 11386063 11387381
 1454 34.75  2.32  2.41            OX346234.1   477160   478365 (11694892)  +          Kuruka  Unspecified (11694892)   477160   478365
  932 36.55  1.53  1.53            OX346234.1  3224196  3225239 (8948280)  +          Kuruka  Unspecified (8948280)  3224196  3225239
  246 27.37  1.03  2.08            OX346234.1  3286234  3286330 (8886927)  +          Kuruka  Unspecified (8886927)  3286234  3286330
  405 37.74  0.47  1.44            OX346234.1  4359395  4359816 (7813441)  +          Kuruka  Unspecified (7813441)  4359395  4359816
 1575 34.87  2.38  2.47            OX346234.1  5362269  5363444 (6809813)  +          Kuruka  Unspecified (6809813)  5362269  5363444
  453 37.12  1.51  1.29            OX346234.1  7090596  7091059 (5082198)  +          Kuruka  Unspecified (5082198)  7090596  7091059
 1576 34.69  2.16  2.24            OX346234.1  8545695  8546900 (3626357)  +          Kuruka  Unspecified (3626357)  8545695  8546900
  257 32.93  0.00  0.00            OX346234.1  8676664  8676745 (3496512)  +          Kuruka  Unspecified (3496512)  8676664  8676745
 1558 34.50  2.32  2.41            OX346234.1 11365047 11366252 (807005)  +          Kuruka  Unspecified (807005) 11365047 11366252
  302 28.01  5.84  3.57            OX346234.1 12100561 12100697  (72560)  +          Kuruka  Unspecified  (72560) 12100561 12100697
 1589 34.02  3.48  3.04            OX346234.1   103557   104735 (12068522)  C          Kuruka  Unspecified (12068522)   103557   104735
  263 25.87 12.20  3.37            OX346234.1   105801   105964 (12067293)  C          Kuruka  Unspecified (12067293)   105801   105964
  526 38.77  0.66  0.66            OX346234.1  3232301  3232757 (8940500)  C          Kuruka  Unspecified (8940500)  3232301  3232757
 1556 35.74  2.35  2.43            OX346234.1  6110503  6111821 (6061436)  C          Kuruka  Unspecified (6061436)  6110503  6111821
  635 37.15  0.43  0.43            OX346234.1  6661022  6661486 (5511771)  C          Kuruka  Unspecified (5511771)  6661022  6661486
 1540 34.94  2.81  2.42            OX346234.1 10002885 10004201 (2169056)  C          Kuruka  Unspecified (2169056) 10002885 10004201
 1462 36.13  2.35  2.43            OX346234.1 11241879 11243197 (930060)  C          Kuruka  Unspecified (930060) 11241879 11243197
 1585 36.04  2.53  2.84            OX346234.1 11354202 11355506 (817751)  C          Kuruka  Unspecified (817751) 11354202 11355506
 1516 33.79  2.92  3.11            OX346235.1  1307975  1309037 (9650250)  +          Kuruka  Unspecified (9650250)  1307975  1309037
  313 30.12  0.00  1.08            OX346235.1  1582361  1582454 (9376833)  +          Kuruka  Unspecified (9376833)  1582361  1582454
  264 26.32  1.03  2.08            OX346235.1  6630498  6630594 (4328693)  +          Kuruka  Unspecified (4328693)  6630498  6630594
 1658 33.90  2.32  2.41            OX346235.1  6915408  6916613 (4042674)  +          Kuruka  Unspecified (4042674)  6915408  6916613
 1518 34.08  2.31  2.99            OX346235.1  7044426  7045638 (3913649)  +          Kuruka  Unspecified (3913649)  7044426  7045638
  644 38.53  2.39  2.48            OX346235.1  7670126  7671296 (3287991)  +          Kuruka  Unspecified (3287991)  7670126  7671296
  387 36.51  0.00  0.53            OX346235.1 10871117 10871306  (87981)  +          Kuruka  Unspecified  (87981) 10871117 10871306
 1570 34.04  2.49  2.57            OX346235.1    85849    87054 (10872233)  C          Kuruka  Unspecified (10872233)    85849    87054
 1314 35.67  4.17  2.35            OX346235.1    97893    99187 (10860100)  C          Kuruka  Unspecified (10860100)    97893    99187
 2334 34.04  1.80  1.65            OX346235.1  4238663  4239997 (6719290)  C          Kuruka  Unspecified (6719290)  4238663  4239997
  588 33.73  2.97  4.62            OX346235.1  5975811  5976382 (4982905)  C          Kuruka  Unspecified (4982905)  5975811  5976382
  310 34.24  3.01  3.40            OX346235.1  7075124  7075389 (3883898)  C          Kuruka  Unspecified (3883898)  7075124  7075389
 1416 36.51  2.54  2.23            OX346235.1  7279198  7280494 (3678793)  C          Kuruka  Unspecified (3678793)  7279198  7280494
 1283 36.44  3.45  2.28            OX346235.1  9519102  9520404 (1438883)  C          Kuruka  Unspecified (1438883)  9519102  9520404
  452 37.33  1.51  1.29            OX346236.1   947103   947566 (9089215)  +          Kuruka  Unspecified (9089215)   947103   947566
 1489 36.19  2.51  2.28            OX346236.1  2164200  2165514 (7871267)  +          Kuruka  Unspecified (7871267)  2164200  2165514
 1516 36.91  1.74  1.82            OX346236.1  5045782  5047100 (4989681)  +          Kuruka  Unspecified (4989681)  5045782  5047100
 1513 36.85  2.14  2.92            OX346236.1  5333288  5334598 (4702183)  +          Kuruka  Unspecified (4702183)  5333288  5334598
 1576 34.41  2.32  2.41            OX346236.1  8849025  8850230 (1186551)  +          Kuruka  Unspecified (1186551)  8849025  8850230
 1243 35.54  3.72  2.65            OX346236.1  5100303  5101458 (4935323)  C          Kuruka  Unspecified (4935323)  5100303  5101458
 1426 35.34  3.03  3.03            OX346237.1   327701   329022 (9673497)  +          Kuruka  Unspecified (9673497)   327701   329022
 1590 34.61  2.16  2.24            OX346237.1   345709   346914 (9655605)  +          Kuruka  Unspecified (9655605)   345709   346914
  484 37.14  1.09  1.09            OX346237.1  4970288  4970747 (5031772)  +          Kuruka  Unspecified (5031772)  4970288  4970747
  476 38.85  0.88  0.88            OX346237.1  7819390  7819846 (2182673)  +          Kuruka  Unspecified (2182673)  7819390  7819846
  256 34.29  3.15  3.56            OX346237.1  9802232  9802485 (200034)  +          Kuruka  Unspecified (200034)  9802232  9802485
  491 35.76  2.59  2.37            OX346237.1   295049   295512 (9707007)  C          Kuruka  Unspecified (9707007)   295049   295512
  415 30.57  4.43  4.95            OX346237.1  9309808  9310010 (692509)  C          Kuruka  Unspecified (692509)  9309808  9310010
  268 32.15  5.46  5.91            OX346238.1   744782   745019 (8658487)  +          Kuruka  Unspecified (8658487)   744782   745019
 1157 35.59  2.11  2.21            OX346238.1  3249408  3250450 (6153056)  +          Kuruka  Unspecified (6153056)  3249408  3250450
  498 38.63  0.88  0.88            OX346238.1  5962931  5963387 (3440119)  +          Kuruka  Unspecified (3440119)  5962931  5963387
  491 32.45  4.58  4.86            OX346238.1    59111    59827 (9344025)  C          Kuruka  Unspecified (9344025)    59111    59827
 2149 33.88  1.97  2.05            OX346238.1   278378   279546 (9123960)  C          Kuruka  Unspecified (9123960)   278378   279546
  785 34.58  2.39  2.23            OX346239.1  1052557  1053183 (8027459)  +          Kuruka  Unspecified (8027459)  1052557  1053183
  251 34.29  4.08  4.28            OX346239.1  3096166  3096680 (5983962)  +          Kuruka  Unspecified (5983962)  3096166  3096680
  430 37.55  1.51  1.29            OX346239.1  3546484  3546947 (5533695)  +          Kuruka  Unspecified (5533695)  3546484  3546947
  525 38.02  3.18  2.83            OX346239.1  6688448  6689611 (2391031)  +          Kuruka  Unspecified (2391031)  6688448  6689611
  593 37.24  2.19  2.19            OX346239.1  1926727  1927969 (7153550)  C          Kuruka  Unspecified (7153550)  1926727  1927969
 1341 34.81  3.53  2.24            OX346239.1  2858134  2859323 (6221319)  C          Kuruka  Unspecified (6221319)  2858134  2859323
  332 25.00  0.00  0.00            OX346240.1  4147341  4147412 (4548825)  +          Kuruka  Unspecified (4548825)  4147341  4147412
 1385 34.97  3.43  2.72            OX346240.1  4186060  4187226 (4509011)  +          Kuruka  Unspecified (4509011)  4186060  4187226
 1584 35.41  2.50  2.58            OX346240.1  6985484  6986802 (1709435)  +          Kuruka  Unspecified (1709435)  6985484  6986802
 1441 34.33  2.19  4.40            OX346240.1  2657271  2658501 (6037736)  C          Kuruka  Unspecified (6037736)  2657271  2658501
 1161 34.75  2.32  2.41            OX346240.1  3754748  3755953 (4940284)  C          Kuruka  Unspecified (4940284)  3754748  3755953
  404 30.07  6.47  2.39            OX346240.1  3794536  3794736 (4901501)  C          Kuruka  Unspecified (4901501)  3794536  3794736
  806 35.80  0.22  0.65            OX346240.1  4193671  4194131 (4502106)  C          Kuruka  Unspecified (4502106)  4193671  4194131
  823 34.67  2.58  2.11            OX346240.1  4201338  4201997 (4494240)  C          Kuruka  Unspecified (4494240)  4201338  4201997
  591 36.07  1.76  1.31            OX346240.1  4210689  4211143 (4485094)  C          Kuruka  Unspecified (4485094)  4210689  4211143
  328 23.71  4.96  7.25            OX346240.1  5610251  5610391 (3085846)  C          Kuruka  Unspecified (3085846)  5610251  5610391
  250 31.22  2.25  6.43            OX346241.1    74024    74201 (8036375)  +          Kuruka  Unspecified (8036375)    74024    74201
  255 27.78  0.00  0.00            OX346241.1  2016017  2016088 (6094488)  +          Kuruka  Unspecified (6094488)  2016017  2016088
  512 38.17  2.00  0.66            OX346241.1  4893830  4894280 (3216296)  +          Kuruka  Unspecified (3216296)  4893830  4894280
  508 37.20  0.94  0.47            OX346241.1  4920755  4921178 (3189398)  +          Kuruka  Unspecified (3189398)  4920755  4921178
  491 35.76  2.59  2.37            OX346241.1  4939685  4940148 (3170428)  +          Kuruka  Unspecified (3170428)  4939685  4940148
  250 32.93  0.00  0.00            OX346241.1  7409717  7409798 (700778)  +          Kuruka  Unspecified (700778)  7409717  7409798
 1150 35.72  2.35  2.43            OX346241.1  1984998  1986314 (6124262)  C          Kuruka  Unspecified (6124262)  1984998  1986314
 1553 34.50  2.32  2.41            OX346241.1  2060700  2061905 (6048671)  C          Kuruka  Unspecified (6048671)  2060700  2061905
 1820 34.21  2.14  2.23            OX346241.1  2395741  2396861 (5713715)  C          Kuruka  Unspecified (5713715)  2395741  2396861
 1427 34.61  2.40  2.66            OX346241.1  4690674  4691881 (3418695)  C          Kuruka  Unspecified (3418695)  4690674  4691881
  602 39.61  1.59  1.69            OX346241.1  4723817  4724820 (3385756)  C          Kuruka  Unspecified (3385756)  4723817  4724820
 1482 34.75  2.32  2.41            OX346241.1  4903531  4904736 (3205840)  C          Kuruka  Unspecified (3205840)  4903531  4904736
  288 22.37  4.96  7.63            OX346241.1  4997663  4997783 (3112793)  C          Kuruka  Unspecified (3112793)  4997663  4997783
  741 36.20  2.34  2.18            OX346241.1  6100495  6101135 (2009441)  C          Kuruka  Unspecified (2009441)  6100495  6101135
 1098 33.87  4.23  2.15            OX346241.1  6103408  6104092 (2006484)  C          Kuruka  Unspecified (2006484)  6103408  6104092
 1574 36.12  2.07  2.54            OX346241.1  6565355  6566661 (1543915)  C          Kuruka  Unspecified (1543915)  6565355  6566661
 1781 33.83  2.32  2.41            OX346242.1  1283460  1284580 (5341273)  +          Kuruka  Unspecified (5341273)  1283460  1284580
 1521 36.06  2.76  3.08            OX346242.1  2605910  2607211 (4018642)  +          Kuruka  Unspecified (4018642)  2605910  2607211
 2277 32.82  2.15  2.15            OX346242.1  5468977  5470094 (1155759)  +          Kuruka  Unspecified (1155759)  5468977  5470094
  468 29.51  4.29  4.78            OX346242.1  6353299  6353508 (272345)  +          Kuruka  Unspecified (272345)  6353299  6353508
  269 28.77  0.00  0.00            OX346242.1  6360038  6360110 (265743)  +          Kuruka  Unspecified (265743)  6360038  6360110
 1588 34.41  2.33  2.24            OX346242.1  4798616  4799819 (1826034)  C          Kuruka  Unspecified (1826034)  4798616  4799819
  449 31.56  2.16  3.04            OX346243.1   480741   480972 (6103188)  +          Kuruka  Unspecified (6103188)   480741   480972
 1283 36.34  2.52  2.60            OX346243.1   556366   557557 (6026603)  +          Kuruka  Unspecified (6026603)   556366   557557
  286 29.63  3.57  3.57            OX346243.1  2362967  2363106 (4221054)  +          Kuruka  Unspecified (4221054)  2362967  2363106
 1551 34.58  2.32  2.41            OX346243.1  1034508  1035713 (5548447)  C          Kuruka  Unspecified (5548447)  1034508  1035713
  267 33.34  3.78  4.22            OX346243.1  4292245  4292482 (2291678)  C          Kuruka  Unspecified (2291678)  4292245  4292482
  620 38.71  2.39  2.48            OX346243.1  4765559  4766729 (1817431)  C          Kuruka  Unspecified (1817431)  4765559  4766729
 1545 34.58  2.55  2.64            OX346243.1  6031083  6032258 (551902)  C          Kuruka  Unspecified (551902)  6031083  6032258
