   885 38.92 1.50 1.64           OX638388.1   6098175   6098908 (41476597) C               Kuruka     Unspecified  (4162)    4671    3939    
   634 32.16 2.84 2.84           OX638388.1   6099001   6099352 (41476153) C               Kuruka     Unspecified  (4987)    3846    3495    
  1100 36.41 3.32 2.56           OX638389.1   1333223   1334307 (44632476) +               Kuruka     Unspecified    3462    4554  (4279)    
   240 33.68 4.86 2.11           OX638389.1   9040000   9040184 (36926599) C               Kuruka     Unspecified  (4415)    4418    4229    
   648 31.88 2.84 2.84           OX638390.1  41627240  41627591 (956050) +               Kuruka     Unspecified    3495    3846  (4987)    
   830 38.49 2.18 2.32           OX638390.1  41627684  41628417 (955224) +               Kuruka     Unspecified    3939    4671  (4162)    
  1313 36.28 3.06 3.14           OX638391.1  28657124  28658301 (13689525) C               Kuruka     Unspecified  (4162)    4671    3495    
  1172 36.07 3.30 2.53           OX638391.1  29758440  29759500 (12588326) C               Kuruka     Unspecified  (4276)    4557    3489    
  1322 36.50 2.72 2.80           OX638391.1  32749262  32750439 (9597387) C               Kuruka     Unspecified  (4162)    4671    3495    
   911 38.00 1.63 1.77           OX638392.1  20080146  20080879 (21698521) C               Kuruka     Unspecified  (4162)    4671    3939    
   654 33.14 1.42 1.42           OX638392.1  20080972  20081323 (21698077) C               Kuruka     Unspecified  (4987)    3846    3495    
   330 30.57 7.02 4.02           OX638392.1  29984744  29984985 (11794415) +               Kuruka     Unspecified    3585    3833  (5000)    
   230 30.71 2.78 2.78           OX638392.1  29985375  29985518 (11793882) +               Kuruka     Unspecified    4214    4357  (4476)    
   230 30.71 2.78 2.78           OX638393.1   4104260   4104403 (36762245) C               Kuruka     Unspecified  (4476)    4357    4214    
   330 30.57 7.02 4.02           OX638393.1   4104793   4105034 (36761614) C               Kuruka     Unspecified  (5000)    3833    3585    
  1302 36.59 2.72 2.80           OX638393.1  10476198  10477375 (30389273) +               Kuruka     Unspecified    3495    4671  (4162)    
  1274 36.77 2.72 2.80           OX638393.1  13596288  13597465 (27269183) C               Kuruka     Unspecified  (4162)    4671    3495    
   667 32.86 1.42 1.42           OX638394.1   1343791   1344142 (38670561) +               Kuruka     Unspecified    3495    3846  (4987)    
   866 38.55 1.63 1.77           OX638394.1   1344235   1344968 (38669735) +               Kuruka     Unspecified    3939    4671  (4162)    
  1332 36.42 2.72 2.80           OX638396.1  20331418  20332595 (16920697) +               Kuruka     Unspecified    3495    4671  (4162)    
   411 28.07 3.33 2.65           OX638398.1   9339767   9339916 (25975346) +               Kuruka     Unspecified    4404    4554  (4279)    
   898 38.28 1.63 1.77           OX638399.1  10920749  10921482 (24313703) C               Kuruka     Unspecified  (4162)    4671    3939    
   650 31.88 2.84 2.84           OX638399.1  10921575  10921926 (24313259) C               Kuruka     Unspecified  (4987)    3846    3495    
  1355 36.24 2.72 2.80           OX638399.1  25207245  25208422 (10026763) C               Kuruka     Unspecified  (4162)    4671    3495    
   229 26.98 1.56 1.56           OX638401.1  33513936  33513999 (1144766) +               Kuruka     Unspecified    3952    4015  (4818)    
  1313 36.96 2.55 2.63           OX638402.1   4714883   4716060 (29552294) +               Kuruka     Unspecified    3495    4671  (4162)    
   239 16.00 6.00 0.00           OX638402.1  10048463  10048512 (24219842) C               Kuruka     Unspecified  (2898)    5935    5883    
  1353 36.10 3.06 3.14           OX638403.1   8424877   8426054 (25281639) +               Kuruka     Unspecified    3495    4671  (4162)    
  1307 36.42 2.72 2.80           OX638403.1  31626451  31627628 (2080065) C               Kuruka     Unspecified  (4162)    4671    3495    
  1314 36.28 3.06 3.14           OX638404.1   1040067   1041244 (32484305) +               Kuruka     Unspecified    3495    4671  (4162)    
   905 38.28 1.63 1.77           OX638405.1   3100160   3100893 (30171861) C               Kuruka     Unspecified  (4162)    4671    3939    
   648 31.88 2.84 2.84           OX638405.1   3100986   3101337 (30171417) C               Kuruka     Unspecified  (4987)    3846    3495    
  1093 36.90 2.64 2.45           OX638406.1  16643188  16644287 (11577954) C               Kuruka     Unspecified  (4162)    4671    3570    
   664 31.58 2.84 2.84           OX638408.1   5276875   5277226 (22276693) +               Kuruka     Unspecified    3495    3846  (4987)    
   877 38.42 1.63 1.77           OX638408.1   5277319   5278052 (22275867) +               Kuruka     Unspecified    3939    4671  (4162)    
   508 28.58 1.16 2.35           OX638410.1   3449558   3449729 (22913338) +               Kuruka     Unspecified    4275    4444  (4389)    
  1308 36.50 2.72 2.80           OX638410.1   8482980   8484157 (17878910) +               Kuruka     Unspecified    3495    4671  (4162)    
   693 37.29 5.36 2.90           OX638411.1   5741240   5742283 (20598373) C               Kuruka     Unspecified  (4276)    4557    3489    
  1333 36.42 2.72 2.80           OX638411.1   6615845   6617022 (19723634) +               Kuruka     Unspecified    3495    4671  (4162)    
   647 31.88 2.84 2.84           OX638411.1  14160518  14160869 (12179787) +               Kuruka     Unspecified    3495    3846  (4987)    
   926 38.00 1.63 1.77           OX638411.1  14160962  14161695 (12178961) +               Kuruka     Unspecified    3939    4671  (4162)    
   781 37.65 4.14 1.39           OX638412.1   4187385   4188157 (18432458) +               Kuruka     Unspecified    3764    4557  (4276)    
  1307 36.42 2.72 2.80           OX638412.1  14191164  14192341 (8428274) +               Kuruka     Unspecified    3495    4671  (4162)    
   857 38.55 1.63 1.77           OX638412.1  14201666  14202399 (8418216) C               Kuruka     Unspecified  (4162)    4671    3939    
   664 31.58 2.84 2.84           OX638412.1  14202492  14202843 (8417772) C               Kuruka     Unspecified  (4987)    3846    3495    
  1279 36.45 3.06 3.14           OX638412.1  21961416  21962593 (658022) +               Kuruka     Unspecified    3495    4671  (4162)    
  1300 36.59 2.72 2.80           OX638413.1  16616821  16617998 (5526959) +               Kuruka     Unspecified    3495    4671  (4162)    
  1362 36.24 2.72 2.80           OX638413.1  18866011  18867188 (3277769) C               Kuruka     Unspecified  (4162)    4671    3495    
   262 31.52 0.00 0.00           OX638414.1   2981888   2981979 (16432030) +               Kuruka     Unspecified    4263    4354  (4479)    
   262 31.52 0.00 0.00           OX638414.1   3105431   3105522 (16308487) +               Kuruka     Unspecified    4263    4354  (4479)    
   290 34.51 0.00 0.00           OX638414.1   6317984   6318096 (13095913) C               Kuruka     Unspecified  (5232)    3601    3489    
   746 37.07 4.17 2.68           OX638416.1   2338552   2339582 (15886095) C               Kuruka     Unspecified  (4279)    4554    3509    
   443 35.92 6.53 3.06           OX638416.1   3730343   3731353 (14494324) +               Kuruka     Unspecified    3510    4554  (4279)    
   232 36.45 0.00 0.93           OX638417.1   3549092   3549199 (13908570) +               Kuruka     Unspecified    3462    3568  (5265)    
   524 33.57 5.05 4.05           OX638417.1   3549641   3550056 (13907713) +               Kuruka     Unspecified    4138    4557  (4276)    
  1185 35.97 3.30 2.53           OX638417.1   5925099   5926159 (11531610) +               Kuruka     Unspecified    3489    4557  (4276)    
