   304 35.70 3.19 3.19           CM063440.1   1401744   1402339 (42818579) C               Kuruka     Unspecified  (4176)    4657    4062    
   919 35.78 3.47 4.75           CM063440.1   3896889   3897953 (40322965) +               Kuruka     Unspecified    3561    4612  (4221)    
  1030 35.91 3.39 4.60           CM063440.1   5848507   5849627 (38371291) +               Kuruka     Unspecified    3561    4668  (4165)    
   926 36.28 3.39 4.51           CM063440.1   8053033   8054152 (36166766) C               Kuruka     Unspecified  (4165)    4668    3561    
   974 35.67 3.75 4.87           CM063440.1   8111564   8112683 (36108235) C               Kuruka     Unspecified  (4165)    4668    3561    
   316 24.66 0.00 0.00           CM063440.1   8634636   8634708 (35586210) C               Kuruka     Unspecified  (4479)    4354    4282    
   246 36.90 2.61 2.61           CM063440.1  17041003  17041347 (27179571) +               Kuruka     Unspecified    3488    3832  (5001)    
   514 36.21 3.19 3.34           CM063440.1  17041454  17042173 (27178745) +               Kuruka     Unspecified    3939    4657  (4176)    
   473 35.93 3.61 3.76           CM063440.1  17444838  17445557 (26775361) C               Kuruka     Unspecified  (4176)    4657    3939    
   899 36.79 2.46 2.55           CM063440.1  17949032  17950250 (26270668) C               Kuruka     Unspecified  (4059)    4774    3557    
   593 36.21 3.19 3.34           CM063440.1  19535931  19536650 (24684268) C               Kuruka     Unspecified  (4176)    4657    3939    
   270 36.90 2.61 2.61           CM063440.1  19536757  19537101 (24683817) C               Kuruka     Unspecified  (5001)    3832    3488    
  1575 33.62 2.41 2.30           CM063440.1  22284024  22284979 (21935939) +               Kuruka     Unspecified    3489    4445  (4388)    
   892 35.71 3.45 3.37           CM063441.1    294820    296036 (42123039) C               Kuruka     Unspecified  (4059)    4774    3557    
   637 37.42 0.66 0.82           CM063441.1   1631884   1632492 (40786583) C               Kuruka     Unspecified  (4249)    4584    3977    
   381 33.50 0.52 0.52           CM063441.1   1632789   1632980 (40786095) C               Kuruka     Unspecified  (5153)    3680    3489    
   836 34.91 3.32 3.77           CM063441.1  10163269  10164441 (32254634) C               Kuruka     Unspecified  (4178)    4655    3488    
  1984 33.56 2.13 2.23           CM063441.1  11201409  11202487 (31216588) +               Kuruka     Unspecified    3536    4613  (4220)    
   249 36.90 2.61 2.61           CM063441.1  12074685  12075029 (30344046) +               Kuruka     Unspecified    3488    3832  (5001)    
   509 36.21 3.19 3.34           CM063441.1  12075136  12075855 (30343220) +               Kuruka     Unspecified    3939    4657  (4176)    
  2358 31.96 2.87 3.14           CM063441.1  12525795  12526944 (29892131) C               Kuruka     Unspecified  (4226)    4607    3461    
   265 36.61 2.61 2.61           CM063441.1  15329436  15329780 (27089295) +               Kuruka     Unspecified    3488    3832  (5001)    
   534 36.06 3.19 3.34           CM063441.1  15329887  15330606 (27088469) +               Kuruka     Unspecified    3939    4657  (4176)    
   848 37.21 2.71 2.45           CM063441.1  18297125  18298303 (24120772) C               Kuruka     Unspecified  (4163)    4670    3489    
   599 36.76 2.24 2.34           CM063441.1  18609312  18610336 (23808739) +               Kuruka     Unspecified    3557    4580  (4253)    
   276 28.34 3.79 3.79           CM063441.1  22271404  22271535 (20147540) C               Kuruka     Unspecified  (4479)    4354    4223    
   830 34.91 3.32 3.77           CM063441.1  22448613  22449785 (19969290) +               Kuruka     Unspecified    3488    4655  (4178)    
  2242 32.17 1.85 2.45           CM063441.1  23197272  23198297 (19220778) +               Kuruka     Unspecified    3588    4607  (4226)    
   485 37.66 2.50 2.64           CM063441.1  25470820  25471539 (16947536) C               Kuruka     Unspecified  (4176)    4657    3939    
   316 24.66 0.00 0.00           CM063441.1  25748377  25748449 (16670626) C               Kuruka     Unspecified  (4479)    4354    4282    
   936 36.18 2.87 2.96           CM063441.1  26393218  26394436 (16024639) C               Kuruka     Unspecified  (4059)    4774    3557    
   861 37.13 2.71 2.45           CM063441.1  27834964  27836142 (14582933) C               Kuruka     Unspecified  (4163)    4670    3489    
  2006 32.13 1.88 2.33           CM063441.1  31835166  31836070 (10583005) C               Kuruka     Unspecified  (4226)    4607    3707    
   914 36.71 2.46 2.55           CM063441.1  32862134  32863352 (9555723) C               Kuruka     Unspecified  (4059)    4774    3557    
   486 34.89 1.53 1.79           CM063441.1  35002753  35003143 (7415932) C               Kuruka     Unspecified  (4220)    4613    4224    
   437 31.81 2.04 1.21           CM063441.1  35003667  35003911 (7415164) C               Kuruka     Unspecified  (5133)    3700    3454    
  2543 32.10 2.64 2.98           CM063441.1  42208700  42209913 (209162) C               Kuruka     Unspecified  (4163)    4670    3461    
  1445 33.92 3.55 3.63           CM063442.1  21294788  21295971 (20534029) +               Kuruka     Unspecified    3489    4671  (4162)    
  1020 34.46 3.32 3.77           CM063442.1  23916018  23917190 (17912810) C               Kuruka     Unspecified  (4178)    4655    3488    
  1307 35.17 3.12 3.21           CM063442.1  26390146  26391329 (15438671) +               Kuruka     Unspecified    3489    4671  (4162)    
   899 35.91 3.55 2.96           CM063442.1  26723952  26725162 (15104838) C               Kuruka     Unspecified  (4059)    4774    3557    
  2124 33.53 1.77 1.87           CM063442.1  33863348  33864420 (7965580) C               Kuruka     Unspecified  (4226)    4607    3536    
   236 37.20 2.61 2.61           CM063442.1  36363183  36363527 (5466473) +               Kuruka     Unspecified    3488    3832  (5001)    
   369 35.68 3.52 3.52           CM063442.1  36363634  36364031 (5465969) +               Kuruka     Unspecified    3939    4336  (4497)    
   288 34.86 1.80 1.80           CM063442.1  36364098  36364319 (5465681) +               Kuruka     Unspecified    4436    4657  (4176)    
   514 36.21 3.19 3.34           CM063443.1   2563147   2563866 (36737228) C               Kuruka     Unspecified  (4176)    4657    3939    
   246 36.90 2.61 2.61           CM063443.1   2563973   2564317 (36736777) C               Kuruka     Unspecified  (5001)    3832    3488    
  1019 36.06 3.30 4.51           CM063443.1   4163839   4164959 (35136135) +               Kuruka     Unspecified    3561    4668  (4165)    
   954 35.46 3.66 4.94           CM063443.1   8646454   8647518 (30653576) +               Kuruka     Unspecified    3561    4612  (4221)    
   271 24.14 0.00 0.00           CM063443.1  10725825  10725882 (28575212) C               Kuruka     Unspecified  (5179)    3654    3597    
   976 34.34 3.85 3.93           CM063443.1  13362359  13363528 (25937566) C               Kuruka     Unspecified  (4177)    4656    3488    
   550 36.50 3.19 3.34           CM063443.1  13590448  13591167 (25709927) C               Kuruka     Unspecified  (4176)    4657    3939    
   907 34.49 4.34 4.20           CM063443.1  19057038  19057821 (20243273) C               Kuruka     Unspecified  (4488)    4345    3561    
   913 35.44 3.56 5.04           CM063443.1  21367367  21368433 (17932661) C               Kuruka     Unspecified  (4221)    4612    3561    
   601 32.65 3.72 4.32           CM063443.1  25094787  25095647 (14205447) C               Kuruka     Unspecified  (4178)    4655    3800    
   858 34.90 3.58 4.02           CM063443.1  30075150  30076322 (9224772) +               Kuruka     Unspecified    3488    4655  (4178)    
   611 36.66 2.24 2.34           CM063443.1  30997371  30998395 (8302699) +               Kuruka     Unspecified    3557    4580  (4253)    
   351 36.21 3.19 3.34           CM063443.1  36062776  36063495 (3237599) +               Kuruka     Unspecified    3939    4657  (4176)    
   608 35.93 1.71 1.71           CM063443.1  36409493  36410078 (2891016) C               Kuruka     Unspecified  (4255)    4578    3993    
   318 30.49 4.93 4.93           CM063444.1    605948    606292 (38621461) C               Kuruka     Unspecified  (4689)    4144    3800    
   318 30.49 4.93 4.93           CM063444.1    613302    613646 (38614107) C               Kuruka     Unspecified  (4689)    4144    3800    
   979 35.88 3.30 4.51           CM063444.1   5077801   5078921 (34148832) C               Kuruka     Unspecified  (4165)    4668    3561    
   915 36.16 2.91 4.09           CM063444.1   6400559   6401622 (32826131) +               Kuruka     Unspecified    3561    4612  (4221)    
  1057 26.74 3.85 4.11           CM063444.1   6472193   6472582 (32755171) +               Kuruka     Unspecified    4219    4607  (4226)    
   800 36.95 2.46 2.55           CM063444.1  10066981  10068199 (29159554) C               Kuruka     Unspecified  (4059)    4774    3557    
   708 38.01 1.88 2.65           CM063444.1  12810376  12811440 (26416313) +               Kuruka     Unspecified    3489    4545  (4288)    
  1355 35.46 2.96 3.04           CM063444.1  17234357  17235540 (21992213) C               Kuruka     Unspecified  (4162)    4671    3489    
   931 35.57 3.50 4.79           CM063444.1  17621320  17622376 (21605377) +               Kuruka     Unspecified    3569    4612  (4221)    
   479 35.36 3.13 3.13           CM063444.1  28189187  28189729 (11038024) +               Kuruka     Unspecified    3557    4099  (4734)    
   390 36.95 2.30 2.46           CM063444.1  28191039  28191690 (11036063) +               Kuruka     Unspecified    4124    4774  (4059)    
   276 26.03 0.00 0.00           CM063444.1  30017298  30017370 (9210383) C               Kuruka     Unspecified  (4479)    4354    4282    
   639 36.05 1.53 1.71           CM063444.1  33974602  33975188 (5252565) C               Kuruka     Unspecified  (4255)    4578    3993    
   298 26.03 0.00 0.00           CM063444.1  34653948  34654020 (4573733) +               Kuruka     Unspecified    4282    4354  (4479)    
  1012 36.49 3.22 4.24           CM063444.1  35494586  35495704 (3732049) +               Kuruka     Unspecified    3561    4668  (4165)    
   594 35.65 3.61 3.76           CM063444.1  35632864  35633583 (3594170) C               Kuruka     Unspecified  (4176)    4657    3939    
   265 36.90 2.61 2.61           CM063444.1  35633690  35634034 (3593719) C               Kuruka     Unspecified  (5001)    3832    3488    
   576 36.15 2.38 2.25           CM063445.1   1387852   1388649 (37569073) +               Kuruka     Unspecified    3557    4355  (4478)    
   882 36.23 2.79 2.87           CM063445.1   3282304   3283522 (35674200) C               Kuruka     Unspecified  (4059)    4774    3557    
   227 32.56 0.00 0.00           CM063445.1   6106235   6106320 (32851402) C               Kuruka     Unspecified  (4479)    4354    4269    
   890 34.81 3.32 3.77           CM063445.1   7309298   7310470 (31647252) C               Kuruka     Unspecified  (4178)    4655    3488    
   246 36.90 2.61 2.61           CM063445.1   8175708   8176052 (30781670) +               Kuruka     Unspecified    3488    3832  (5001)    
   518 36.21 3.19 3.34           CM063445.1   8176159   8176878 (30780844) +               Kuruka     Unspecified    3939    4657  (4176)    
   898 36.77 1.68 1.95           CM063445.1  14717128  14718256 (24239466) C               Kuruka     Unspecified  (4247)    4586    3461    
   477 36.50 3.19 3.34           CM063445.1  14769888  14770607 (24187115) +               Kuruka     Unspecified    3939    4657  (4176)    
   292 27.58 5.88 6.67           CM063445.1  22945785  22945920 (16011802) C               Kuruka     Unspecified  (4417)    4416    4282    
   552 35.82 2.47 2.58           CM063445.1  24905606  24906496 (14051226) +               Kuruka     Unspecified    3557    4446  (4387)    
  1339 34.99 3.12 3.21           CM063445.1  25805570  25806753 (13150969) +               Kuruka     Unspecified    3489    4671  (4162)    
  1055 35.88 3.30 4.51           CM063445.1  26310833  26311953 (12645769) +               Kuruka     Unspecified    3561    4668  (4165)    
  1124 33.40 4.04 4.14           CM063445.1  32809370  32810434 (6147288) +               Kuruka     Unspecified    3585    4648  (4185)    
   611 36.66 2.24 2.34           CM063445.1  35133958  35134982 (3822740) C               Kuruka     Unspecified  (4253)    4580    3557    
  1337 35.05 3.04 3.13           CM063446.1   2091496   2092679 (36619510) C               Kuruka     Unspecified  (4162)    4671    3489    
  2326 31.62 2.55 2.55           CM063446.1   6946142   6947238 (31764951) C               Kuruka     Unspecified  (4226)    4607    3511    
  1009 36.15 3.30 4.51           CM063446.1  10581270  10582390 (28129799) +               Kuruka     Unspecified    3561    4668  (4165)    
  1712 34.29 1.49 1.59           CM063446.1  12639717  12640789 (26071400) +               Kuruka     Unspecified    3536    4607  (4226)    
   287 35.48 4.41 4.41           CM063446.1  13760007  13760233 (24951956) +               Kuruka     Unspecified    4222    4448  (4385)    
   847 37.13 2.71 2.45           CM063446.1  18234043  18235221 (20476968) +               Kuruka     Unspecified    3489    4670  (4163)    
   583 31.91 4.44 4.32           CM063446.1  22755614  22756468 (15955721) C               Kuruka     Unspecified  (4178)    4655    3800    
   606 33.05 3.64 3.76           CM063446.1  28968686  28969537 (9742652) +               Kuruka     Unspecified    3800    4650  (4183)    
  2107 33.49 1.95 1.95           CM063446.1  31601067  31602144 (7110045) C               Kuruka     Unspecified  (4220)    4613    3536    
  2010 34.06 1.68 1.77           CM063446.1  31971658  31972730 (6739459) C               Kuruka     Unspecified  (4226)    4607    3536    
   365 35.59 4.30 3.41           CM063447.1   2790011   2790359 (35552806) +               Kuruka     Unspecified    3489    3840  (4993)    
  1103 37.27 1.82 1.92           CM063447.1   6043353   6044449 (32298716) C               Kuruka     Unspecified  (4249)    4584    3489    
   241 31.17 0.00 0.00           CM063447.1   7089721   7089797 (31253368) C               Kuruka     Unspecified  (5160)    3673    3597    
  1195 34.44 3.82 3.21           CM063447.1   7522916   7524277 (30818888) +               Kuruka     Unspecified    3479    4848  (3985)    
   863 34.38 3.75 4.19           CM063447.1  13479104  13480302 (24862863) C               Kuruka     Unspecified  (4178)    4655    3462    
   273 27.40 0.00 0.00           CM063447.1  14271319  14271391 (24071774) +               Kuruka     Unspecified    4282    4354  (4479)    
   463 33.36 2.54 4.43           CM063447.1  14908631  14908906 (23434259) +               Kuruka     Unspecified    4266    4536  (4297)    
   508 35.60 3.47 3.62           CM063447.1  16276281  16277000 (22066165) +               Kuruka     Unspecified    3939    4657  (4176)    
   325 34.22 5.44 4.55           CM063447.1  20169978  20170326 (18172839) +               Kuruka     Unspecified    3489    3840  (4993)    
   748 36.11 3.38 3.04           CM063447.1  21833924  21835137 (16508028) C               Kuruka     Unspecified  (4059)    4774    3557    
   669 32.14 1.18 1.18           CM063447.1  22642710  22642964 (15700201) C               Kuruka     Unspecified  (5068)    3765    3511    
  2015 33.50 1.96 2.05           CM063447.1  22909275  22910347 (15432818) +               Kuruka     Unspecified    3536    4607  (4226)    
   590 36.04 2.71 2.79           CM063447.1  24173869  24175087 (14168078) +               Kuruka     Unspecified    3557    4774  (4059)    
  1010 35.82 3.39 4.60           CM063447.1  24704219  24705339 (13637826) +               Kuruka     Unspecified    3561    4668  (4165)    
   827 36.79 2.46 2.55           CM063447.1  25160138  25161356 (13181809) C               Kuruka     Unspecified  (4059)    4774    3557    
   418 37.50 1.56 1.71           CM063447.1  25468971  25469613 (12873552) C               Kuruka     Unspecified  (4253)    4580    3939    
   380 33.93 1.77 1.77           CM063447.1  25469714  25469995 (12873170) C               Kuruka     Unspecified  (4995)    3838    3557    
   537 36.35 3.19 3.34           CM063447.1  27159949  27160668 (11182497) C               Kuruka     Unspecified  (4176)    4657    3939    
   259 36.90 2.61 2.61           CM063447.1  27160775  27161119 (11182046) C               Kuruka     Unspecified  (5001)    3832    3488    
   274 33.96 5.29 5.29           CM063447.1  28514687  28514913 (9828252) C               Kuruka     Unspecified  (4385)    4448    4222    
   611 36.22 1.53 1.71           CM063447.1  30201038  30201624 (8141541) +               Kuruka     Unspecified    3993    4578  (4255)    
   558 33.22 3.60 4.21           CM063447.1  33151705  33152565 (5190600) +               Kuruka     Unspecified    3800    4655  (4178)    
   287 26.32 3.03 4.08           CM063447.1  35018858  35018956 (3324209) +               Kuruka     Unspecified    4280    4377  (4456)    
   599 35.53 2.99 3.08           CM063447.1  37006456  37007625 (1335540) C               Kuruka     Unspecified  (4177)    4656    3488    
   843 36.71 2.46 2.55           CM063447.1  37517020  37518238 (824927) C               Kuruka     Unspecified  (4059)    4774    3557    
  1660 34.35 1.68 1.77           CM063448.1    630713    631785 (36635344) +               Kuruka     Unspecified    3536    4607  (4226)    
   266 28.57 3.82 3.82           CM063448.1   2741092   2741222 (34525907) C               Kuruka     Unspecified  (4479)    4354    4224    
   895 36.79 2.46 2.55           CM063448.1   9219052   9220270 (28046859) +               Kuruka     Unspecified    3557    4774  (4059)    
   313 27.49 8.50 7.20           CM063448.1  13446732  13446978 (23820151) +               Kuruka     Unspecified    3447    3696  (5137)    
   436 31.81 2.04 1.21           CM063448.1  16311186  16311430 (20955699) +               Kuruka     Unspecified    3454    3700  (5133)    
   434 35.25 1.79 1.79           CM063448.1  16311955  16312344 (20954785) +               Kuruka     Unspecified    4224    4613  (4220)    
   913 37.30 2.71 2.45           CM063448.1  17237364  17238542 (20028587) C               Kuruka     Unspecified  (4163)    4670    3489    
   246 36.90 2.61 2.61           CM063448.1  17611739  17612083 (19655046) +               Kuruka     Unspecified    3488    3832  (5001)    
   512 36.21 3.19 3.34           CM063448.1  17612190  17612909 (19654220) +               Kuruka     Unspecified    3939    4657  (4176)    
   266 28.57 3.82 3.82           CM063448.1  21165145  21165275 (16101854) +               Kuruka     Unspecified    4224    4354  (4479)    
   448 34.03 0.52 0.52           CM063448.1  23275946  23276137 (13990992) +               Kuruka     Unspecified    3489    3680  (5153)    
   884 37.50 0.61 0.77           CM063448.1  23276392  23277044 (13990085) +               Kuruka     Unspecified    3933    4584  (4249)    
   520 33.47 3.60 4.21           CM063448.1  25026470  25027330 (12239799) +               Kuruka     Unspecified    3800    4655  (4178)    
   270 36.90 2.61 2.61           CM063448.1  25694708  25695052 (11572077) +               Kuruka     Unspecified    3488    3832  (5001)    
   576 36.35 3.19 3.34           CM063448.1  25695159  25695878 (11571251) +               Kuruka     Unspecified    3939    4657  (4176)    
   249 27.56 3.79 3.79           CM063448.1  30813563  30813694 (6453435) +               Kuruka     Unspecified    4223    4354  (4479)    
  1956 34.21 1.67 1.67           CM063448.1  31530718  31531793 (5735336) +               Kuruka     Unspecified    3536    4611  (4222)    
   322 35.84 0.36 0.36           CM063448.1  33863870  33864149 (3402980) +               Kuruka     Unspecified    3502    3781  (5052)    
   651 34.24 3.57 3.71           CM063448.1  33864310  33865037 (3402092) +               Kuruka     Unspecified    3942    4668  (4165)    
   246 36.90 2.61 2.61           CM063448.1  35321053  35321397 (1945732) +               Kuruka     Unspecified    3488    3832  (5001)    
   514 36.21 3.19 3.34           CM063448.1  35321504  35322223 (1944906) +               Kuruka     Unspecified    3939    4657  (4176)    
   824 37.64 0.90 1.05           CM063449.1    477746    478411 (36074705) C               Kuruka     Unspecified  (4249)    4584    3920    
   441 34.03 0.52 0.52           CM063449.1    478649    478840 (36074276) C               Kuruka     Unspecified  (5153)    3680    3489    
  1399 34.30 3.38 3.47           CM063449.1   4644162   4645345 (31907771) C               Kuruka     Unspecified  (4162)    4671    3489    
   329 36.21 3.19 3.34           CM063449.1   5205452   5206171 (31346945) +               Kuruka     Unspecified    3939    4657  (4176)    
   611 35.56 2.82 2.91           CM063449.1   8093465   8094634 (28458482) C               Kuruka     Unspecified  (4177)    4656    3488    
   606 35.77 2.91 2.99           CM063449.1   8132158   8133327 (28419789) +               Kuruka     Unspecified    3488    4656  (4177)    
   611 36.66 2.24 2.34           CM063449.1   9625859   9626883 (26926233) +               Kuruka     Unspecified    3557    4580  (4253)    
   397 35.01 2.46 2.46           CM063449.1   9643175   9643458 (26909658) +               Kuruka     Unspecified    3561    3844  (4989)    
   501 30.79 4.07 4.07           CM063449.1   9643591   9643959 (26909157) +               Kuruka     Unspecified    3977    4345  (4488)    
   953 35.69 3.47 4.75           CM063449.1  11787480  11788544 (24764572) +               Kuruka     Unspecified    3561    4612  (4221)    
   842 35.44 3.32 3.77           CM063449.1  14289130  14290302 (22262814) +               Kuruka     Unspecified    3488    4655  (4178)    
   859 36.82 3.05 2.79           CM063449.1  36350809  36351987 (201129) +               Kuruka     Unspecified    3489    4670  (4163)    
   266 36.84 0.00 0.00           CM063450.1   1126134   1126399 (34711130) +               Kuruka     Unspecified    3510    3775  (5058)    
   616 35.70 2.88 3.03           CM063450.1   1126522   1127249 (34710280) +               Kuruka     Unspecified    3942    4668  (4165)    
   823 34.95 2.30 3.99           CM063450.1   1530932   1531670 (34305859) C               Kuruka     Unspecified  (4165)    4668    3942    
   392 35.43 0.36 1.10           CM063450.1   1531837   1532110 (34305419) C               Kuruka     Unspecified  (5060)    3773    3502    
   239 36.95 1.46 1.46           CM063450.1   2722497   2722702 (33114827) C               Kuruka     Unspecified  (4689)    4144    3939    
   382 31.25 3.55 3.55           CM063450.1   5440160   5440441 (30397088) +               Kuruka     Unspecified    3557    3838  (4995)    
   347 36.28 2.95 3.12           CM063450.1   5440542   5441184 (30396345) +               Kuruka     Unspecified    3939    4580  (4253)    
   514 36.21 3.19 3.34           CM063450.1  11745255  11745974 (24091555) +               Kuruka     Unspecified    3939    4657  (4176)    
  2077 31.40 2.46 2.55           CM063450.1  18178687  18179784 (17657745) +               Kuruka     Unspecified    3511    4607  (4226)    
   836 36.79 2.46 2.55           CM063450.1  19242257  19243475 (16594054) +               Kuruka     Unspecified    3557    4774  (4059)    
   847 36.71 2.46 2.55           CM063450.1  25707198  25708416 (10129113) C               Kuruka     Unspecified  (4059)    4774    3557    
   864 36.66 2.24 2.34           CM063450.1  28112082  28113106 (7724423) C               Kuruka     Unspecified  (4253)    4580    3557    
   273 32.22 7.08 6.61           CM063450.1  31914499  31914724 (3922805) C               Kuruka     Unspecified  (4385)    4448    4222    
   776 36.17 0.56 0.75           CM063450.1  34206393  34206924 (1630605) C               Kuruka     Unspecified  (4247)    4586    4056    
   417 35.90 3.84 3.84           CM063450.1  35010088  35010452 (827077) C               Kuruka     Unspecified  (4075)    4758    4394    
  2223 32.60 2.34 1.75           CM063450.1  35010867  35011890 (825639) C               Kuruka     Unspecified  (4253)    4580    3551    
   326 33.51 5.54 8.24           CM063450.1  35019360  35019720 (817809) C               Kuruka     Unspecified  (4993)    3840    3489    
   893 35.10 3.25 3.34           CM063450.1  35332984  35334153 (503376) C               Kuruka     Unspecified  (4177)    4656    3488    
   545 34.41 2.71 2.93           CM063451.1     55309     55787 (35467373) C               Kuruka     Unspecified  (4390)    4443    3966    
  1050 34.90 3.12 3.21           CM063451.1    276724    277907 (35245253) +               Kuruka     Unspecified    3489    4671  (4162)    
  1825 32.52 2.12 3.26           CM063451.1   2696615   2697698 (32825462) +               Kuruka     Unspecified    3536    4607  (4226)    
   944 33.81 7.22 2.30           CM063451.1   6981466   6982337 (28540823) C               Kuruka     Unspecified  (3985)    4848    3935    
   592 32.77 4.03 4.03           CM063451.1   6985478   6985849 (28537311) C               Kuruka     Unspecified  (4983)    3850    3479    
   644 36.05 1.53 1.71           CM063451.1  10741265  10741851 (24781309) C               Kuruka     Unspecified  (4255)    4578    3993    
   226 39.72 0.28 1.12           CM063451.1  10742000  10742358 (24780802) C               Kuruka     Unspecified  (4989)    3844    3489    
   592 36.76 2.24 2.34           CM063451.1  15542226  15543250 (19979910) +               Kuruka     Unspecified    3557    4580  (4253)    
   891 36.12 2.71 2.79           CM063451.1  17528922  17530140 (17993020) C               Kuruka     Unspecified  (4059)    4774    3557    
   276 26.03 0.00 0.00           CM063451.1  23683002  23683074 (11840086) +               Kuruka     Unspecified    4282    4354  (4479)    
   266 28.57 3.82 3.82           CM063451.1  30250084  30250214 (5272946) +               Kuruka     Unspecified    4224    4354  (4479)    
   878 36.08 3.47 4.75           CM063451.1  31015122  31016186 (4506974) C               Kuruka     Unspecified  (4221)    4612    3561    
   406 34.59 2.76 2.76           CM063451.1  31016960  31017176 (4505984) C               Kuruka     Unspecified  (5056)    3777    3561    
  1654 34.08 3.88 3.50           CM063451.1  31983733  31985097 (3538063) C               Kuruka     Unspecified  (3985)    4848    3479    
  1677 34.01 3.88 3.50           CM063451.1  32031630  32032994 (3490166) C               Kuruka     Unspecified  (3985)    4848    3479    
   246 36.90 2.61 2.61           CM063451.1  34105782  34106126 (1417034) +               Kuruka     Unspecified    3488    3832  (5001)    
   534 36.06 3.19 3.34           CM063451.1  34106233  34106952 (1416208) +               Kuruka     Unspecified    3939    4657  (4176)    
   624 36.57 2.24 2.34           CM063452.1    930229    931253 (34491421) C               Kuruka     Unspecified  (4253)    4580    3557    
   264 32.71 0.00 0.00           CM063452.1   1763316   1763422 (33659252) +               Kuruka     Unspecified    3585    3691  (5142)    
   505 35.53 1.74 4.36           CM063452.1   5691095   5691612 (29731062) C               Kuruka     Unspecified  (4221)    4612    4108    
   486 34.65 2.46 2.46           CM063452.1   5691825   5692108 (29730566) C               Kuruka     Unspecified  (4989)    3844    3561    
   270 36.90 2.61 2.61           CM063452.1  15158799  15159143 (20263531) +               Kuruka     Unspecified    3488    3832  (5001)    
   593 36.21 3.19 3.34           CM063452.1  15159250  15159969 (20262705) +               Kuruka     Unspecified    3939    4657  (4176)    
  1516 34.88 1.96 1.77           CM063452.1  15288170  15289243 (20133431) +               Kuruka     Unspecified    3536    4611  (4222)    
   265 36.61 2.61 2.61           CM063452.1  15549351  15549695 (19872979) +               Kuruka     Unspecified    3488    3832  (5001)    
   527 36.06 3.19 3.34           CM063452.1  15549802  15550521 (19872153) +               Kuruka     Unspecified    3939    4657  (4176)    
   317 38.81 0.84 0.84           CM063452.1  18791309  18791664 (16631010) +               Kuruka     Unspecified    3489    3844  (4989)    
   809 35.35 2.37 1.92           CM063452.1  18791813  18792487 (16630187) +               Kuruka     Unspecified    3993    4670  (4163)    
   863 37.32 2.66 2.66           CM063452.1  18838326  18839415 (16583259) +               Kuruka     Unspecified    3489    4578  (4255)    
   929 36.61 2.46 2.55           CM063452.1  23146910  23148128 (12274546) +               Kuruka     Unspecified    3557    4774  (4059)    
   935 37.21 2.71 2.45           CM063452.1  25790124  25791302 (9631372) C               Kuruka     Unspecified  (4163)    4670    3489    
   599 35.53 2.99 3.08           CM063452.1  32563667  32564836 (2857838) +               Kuruka     Unspecified    3488    4656  (4177)    
   318 36.50 3.19 3.34           CM063452.1  33404673  33405392 (2017282) C               Kuruka     Unspecified  (4176)    4657    3939    
  1558 33.86 4.35 3.36           CM063452.1  34918335  34919691 (502983) +               Kuruka     Unspecified    3479    4848  (3985)    
   886 34.65 3.95 3.32           CM063452.1  34952424  34953411 (469263) +               Kuruka     Unspecified    3587    4580  (4253)    
   861 37.04 2.71 2.45           CM063453.1   2266195   2267373 (32390158) C               Kuruka     Unspecified  (4163)    4670    3489    
  1907 32.57 2.05 2.15           CM063453.1   5365184   5366256 (29291275) C               Kuruka     Unspecified  (4226)    4607    3536    
   848 37.21 2.71 2.45           CM063453.1  11062263  11063441 (23594090) +               Kuruka     Unspecified    3489    4670  (4163)    
  1008 34.96 3.29 3.38           CM063453.1  12597851  12599034 (22058497) +               Kuruka     Unspecified    3489    4671  (4162)    
   494 33.66 0.49 0.49           CM063453.1  12664710  12664915 (21992616) C               Kuruka     Unspecified  (5139)    3694    3489    
   818 37.27 2.63 2.37           CM063453.1  13313665  13314843 (21342688) +               Kuruka     Unspecified    3489    4670  (4163)    
   246 36.90 2.61 2.61           CM063453.1  13820394  13820738 (20836793) +               Kuruka     Unspecified    3488    3832  (5001)    
   522 36.21 3.19 3.34           CM063453.1  13820845  13821564 (20835967) +               Kuruka     Unspecified    3939    4657  (4176)    
   535 31.81 2.04 1.21           CM063453.1  17292001  17292245 (17365286) +               Kuruka     Unspecified    3454    3700  (5133)    
   456 34.86 4.40 4.17           CM063453.1  17292769  17293223 (17364308) +               Kuruka     Unspecified    4224    4679  (4154)    
   794 35.52 3.07 3.51           CM063453.1  18319327  18320499 (16337032) +               Kuruka     Unspecified    3488    4655  (4178)    
   517 33.66 3.61 3.73           CM063453.1  20995634  20996491 (13661040) +               Kuruka     Unspecified    3800    4656  (4177)    
   460 33.82 4.12 3.27           CM063453.1  30460951  30461800 (4195731) C               Kuruka     Unspecified  (4177)    4656    3800    
   246 36.90 2.61 2.61           CM063453.1  31961291  31961635 (2695896) +               Kuruka     Unspecified    3488    3832  (5001)    
   503 36.35 3.19 3.34           CM063453.1  31961742  31962461 (2695070) +               Kuruka     Unspecified    3939    4657  (4176)    
   505 34.83 2.77 4.87           CM063453.1  34052713  34053361 (604170) C               Kuruka     Unspecified  (4221)    4612    3977    
   382 35.38 2.46 2.46           CM063453.1  34053494  34053777 (603754) C               Kuruka     Unspecified  (4989)    3844    3561    
   616 33.05 3.64 3.76           CM063454.1   1558676   1559527 (32924876) +               Kuruka     Unspecified    3800    4650  (4183)    
  1773 33.34 2.05 2.15           CM063454.1   3255901   3256973 (31227430) C               Kuruka     Unspecified  (4226)    4607    3536    
  1407 33.48 2.05 2.16           CM063454.1   3285230   3286108 (31198295) C               Kuruka     Unspecified  (4226)    4607    3730    
   459 27.56 0.00 0.00           CM063454.1   3286523   3286649 (31197754) C               Kuruka     Unspecified  (5171)    3662    3536    
   229 29.63 1.22 1.22           CM063454.1   6060033   6060114 (28424289) C               Kuruka     Unspecified  (4479)    4354    4273    
   904 36.92 0.66 0.82           CM063454.1   7419410   7420018 (27064385) C               Kuruka     Unspecified  (4249)    4584    3977    
   469 32.10 1.04 1.04           CM063454.1   7420315   7420506 (27063897) C               Kuruka     Unspecified  (5153)    3680    3489    
   247 23.59 4.30 4.30           CM063454.1   7499758   7499850 (26984553) C               Kuruka     Unspecified  (4278)    4555    4463    
   999 35.13 3.33 3.42           CM063454.1  17768408  17769577 (16714826) C               Kuruka     Unspecified  (4177)    4656    3488    
   424 36.52 2.87 3.04           CM063454.1  22168575  22169201 (12315202) C               Kuruka     Unspecified  (4165)    4668    4043    
  1610 33.87 2.33 1.95           CM063454.1  31821527  31822598 (2661805) C               Kuruka     Unspecified  (4222)    4611    3536    
   241 34.71 0.00 0.00           CM063455.1   1262702   1262822 (31156176) +               Kuruka     Unspecified    4491    4611  (4222)    
  1894 34.13 2.44 1.87           CM063455.1   2573604   2574669 (29844329) +               Kuruka     Unspecified    3536    4607  (4226)    
   293 24.66 0.00 0.00           CM063455.1   3188997   3189069 (29229929) C               Kuruka     Unspecified  (4479)    4354    4282    
   402 26.24 1.40 1.40           CM063455.1   3847395   3847537 (28571461) +               Kuruka     Unspecified    3558    3700  (5133)    
   515 35.71 1.56 1.82           CM063455.1   3848068   3848452 (28570546) +               Kuruka     Unspecified    4230    4613  (4220)    
   304 35.19 0.35 3.28           CM063455.1   4314596   4314877 (28104121) +               Kuruka     Unspecified    3502    3775  (5058)    
   775 33.87 3.67 3.81           CM063455.1   4315044   4315752 (28103246) +               Kuruka     Unspecified    3942    4649  (4184)    
   849 37.35 0.61 0.77           CM063455.1   5918268   5918920 (26500078) C               Kuruka     Unspecified  (4249)    4584    3933    
   440 32.10 1.04 1.04           CM063455.1   5919173   5919364 (26499634) C               Kuruka     Unspecified  (5153)    3680    3489    
   554 33.02 3.72 4.32           CM063455.1  10717739  10718599 (21700399) C               Kuruka     Unspecified  (4178)    4655    3800    
   654 36.90 1.08 0.92           CM063455.1  12693318  12693968 (19725030) C               Kuruka     Unspecified  (4249)    4584    3933    
   374 33.50 0.52 0.52           CM063455.1  12694221  12694412 (19724586) C               Kuruka     Unspecified  (5153)    3680    3489    
   827 36.79 2.46 2.55           CM063455.1  13699957  13701175 (18717823) C               Kuruka     Unspecified  (4059)    4774    3557    
   915 35.01 3.26 3.08           CM063455.1  16575485  16576651 (15842347) +               Kuruka     Unspecified    3488    4656  (4177)    
   266 37.35 2.24 2.75           CM063455.1  18353737  18354138 (14064860) +               Kuruka     Unspecified    3488    3887  (4946)    
   753 33.07 4.72 3.54           CM063455.1  18354235  18354933 (14064065) +               Kuruka     Unspecified    3966    4672  (4161)    
   348 36.21 3.19 3.34           CM063455.1  21395017  21395736 (11023262) +               Kuruka     Unspecified    3939    4657  (4176)    
  1078 34.82 3.12 3.21           CM063455.1  21406477  21407660 (11011338) +               Kuruka     Unspecified    3489    4671  (4162)    
   726 36.55 2.82 2.90           CM063455.1  25371391  25372562 (7046436) +               Kuruka     Unspecified    3604    4774  (4059)    
  1010 35.05 3.33 3.42           CM063455.1  26066331  26067500 (6351498) C               Kuruka     Unspecified  (4177)    4656    3488    
   810 36.04 3.20 3.28           CM063455.1  26426512  26427730 (5991268) +               Kuruka     Unspecified    3557    4774  (4059)    
   582 36.80 2.34 2.44           CM063455.1  27099637  27100661 (5318337) C               Kuruka     Unspecified  (4253)    4580    3557    
   857 35.34 2.81 3.25           CM063455.1  27197519  27198691 (5220307) C               Kuruka     Unspecified  (4178)    4655    3488    
   552 35.26 3.08 3.53           CM063455.1  27299150  27299831 (5119167) C               Kuruka     Unspecified  (4165)    4668    3990    
   265 35.68 0.47 0.47           CM063455.1  27301280  27301493 (5117505) C               Kuruka     Unspecified  (5118)    3715    3502    
   773 34.76 3.43 3.71           CM063455.1  31421220  31421948 (997050) C               Kuruka     Unspecified  (4165)    4668    3942    
   382 35.90 0.36 0.36           CM063455.1  31422115  31422388 (996610) C               Kuruka     Unspecified  (5058)    3775    3502    
   937 35.17 3.32 3.77           CM063455.1  31844964  31846136 (572862) +               Kuruka     Unspecified    3488    4655  (4178)    
  1204 36.93 2.13 2.22           CM063456.1   4994480   4995606 (27416325) +               Kuruka     Unspecified    3461    4586  (4247)    
   254 31.17 0.00 0.00           CM063456.1   5175948   5176024 (27235907) C               Kuruka     Unspecified  (5160)    3673    3597    
  1996 33.05 2.61 2.71           CM063456.1   5539390   5540462 (26871469) C               Kuruka     Unspecified  (4226)    4607    3536    
   801 35.72 2.99 3.08           CM063456.1   6652759   6653928 (25758003) +               Kuruka     Unspecified    3488    4656  (4177)    
  1998 33.05 2.61 2.71           CM063456.1   7653025   7654097 (24757834) C               Kuruka     Unspecified  (4226)    4607    3536    
  1982 33.81 2.05 2.15           CM063456.1   9623359   9624431 (22787500) C               Kuruka     Unspecified  (4226)    4607    3536    
  2075 33.96 1.68 1.77           CM063456.1  10359982  10361054 (22050877) +               Kuruka     Unspecified    3536    4607  (4226)    
  1713 34.29 1.49 1.59           CM063456.1  10409588  10410660 (22001271) +               Kuruka     Unspecified    3536    4607  (4226)    
   296 28.57 3.82 3.82           CM063456.1  12188546  12188676 (20223255) +               Kuruka     Unspecified    4224    4354  (4479)    
   953 35.69 3.47 4.75           CM063456.1  16237574  16238638 (16173293) +               Kuruka     Unspecified    3561    4612  (4221)    
   272 22.48 4.30 4.30           CM063456.1  16862463  16862555 (15549376) +               Kuruka     Unspecified    4463    4555  (4278)    
  1859 33.75 1.85 1.95           CM063456.1  17301748  17302826 (15109105) +               Kuruka     Unspecified    3536    4613  (4220)    
  1722 34.01 1.92 2.01           CM063456.1  17866188  17867231 (14544700) +               Kuruka     Unspecified    3536    4578  (4255)    
   271 24.14 0.00 0.00           CM063456.1  18341791  18341848 (14070083) +               Kuruka     Unspecified    3597    3654  (5179)    
   229 29.63 1.22 1.22           CM063456.1  18541680  18541761 (13870170) C               Kuruka     Unspecified  (4479)    4354    4273    
   272 29.87 0.00 0.00           CM063456.1  18790535  18790611 (13621320) C               Kuruka     Unspecified  (5160)    3673    3597    
   253 25.86 0.00 0.00           CM063456.1  21680600  21680657 (10731274) +               Kuruka     Unspecified    3597    3654  (5179)    
  1138 36.93 2.13 2.22           CM063456.1  21877081  21878207 (10533724) C               Kuruka     Unspecified  (4247)    4586    3461    
  1668 33.17 2.51 2.60           CM063456.1  24352029  24353105 (8058826) C               Kuruka     Unspecified  (4222)    4611    3536    
  1996 33.52 2.33 2.52           CM063456.1  24589276  24590349 (7821582) C               Kuruka     Unspecified  (4226)    4607    3536    
  1138 36.93 2.13 2.22           CM063456.1  26370931  26372057 (6039874) +               Kuruka     Unspecified    3461    4586  (4247)    
   254 31.17 0.00 0.00           CM063456.1  26552134  26552210 (5859721) C               Kuruka     Unspecified  (5160)    3673    3597    
  1206 38.27 1.20 1.28           CM063456.1  28847948  28849117 (3562814) +               Kuruka     Unspecified    3489    4657  (4176)    
  1160 36.93 2.13 2.22           CM063456.1  29796312  29797438 (2614493) C               Kuruka     Unspecified  (4247)    4586    3461    
  1206 38.27 1.20 1.28           CM063456.1  30761788  30762957 (1648974) +               Kuruka     Unspecified    3489    4657  (4176)    
  1204 36.37 2.30 2.49           CM063456.1  30815582  30816709 (1595222) +               Kuruka     Unspecified    3461    4586  (4247)    
  1164 36.55 2.30 2.49           CM063456.1  30848455  30849582 (1562349) +               Kuruka     Unspecified    3461    4586  (4247)    
   272 29.87 0.00 0.00           CM063456.1  31239767  31239843 (1172088) C               Kuruka     Unspecified  (5160)    3673    3597    
   690 34.14 4.33 4.56           CM063457.1    946581    947504 (31260908) +               Kuruka     Unspecified    3462    4383  (4450)    
   545 35.92 3.19 3.34           CM063457.1   7491236   7491955 (24716457) C               Kuruka     Unspecified  (4176)    4657    3939    
   246 36.90 2.61 2.61           CM063457.1   7492062   7492406 (24716006) C               Kuruka     Unspecified  (5001)    3832    3488    
   253 25.86 0.00 0.00           CM063457.1  17430358  17430415 (14777997) C               Kuruka     Unspecified  (5179)    3654    3597    
   234 39.72 0.28 0.28           CM063457.1  22552441  22552796 (9655616) +               Kuruka     Unspecified    3489    3844  (4989)    
   625 36.22 1.53 1.71           CM063457.1  22552945  22553531 (9654881) +               Kuruka     Unspecified    3993    4578  (4255)    
   276 28.34 3.79 3.79           CM063457.1  22604967  22605098 (9603314) +               Kuruka     Unspecified    4223    4354  (4479)    
   848 37.21 2.71 2.45           CM063457.1  25078979  25080157 (7128255) +               Kuruka     Unspecified    3489    4670  (4163)    
   867 36.43 3.67 2.88           CM063457.1  25095628  25096800 (7111612) C               Kuruka     Unspecified  (4163)    4670    3489    
   246 36.90 2.61 2.61           CM063457.1  25742325  25742669 (6465743) +               Kuruka     Unspecified    3488    3832  (5001)    
   504 36.06 3.19 3.34           CM063457.1  25742776  25743495 (6464917) +               Kuruka     Unspecified    3939    4657  (4176)    
   841 34.20 1.48 1.69           CM063457.1  27633296  27633768 (4574644) C               Kuruka     Unspecified  (4315)    4518    4047    
   453 32.98 0.52 0.52           CM063457.1  30511628  30511819 (1696593) +               Kuruka     Unspecified    3489    3680  (5153)    
   828 36.82 1.68 1.84           CM063457.1  30512072  30512724 (1695688) +               Kuruka     Unspecified    3933    4584  (4249)    
  1494 33.18 3.15 3.55           CM063458.1   6642808   6643854 (24938574) +               Kuruka     Unspecified    3536    4578  (4255)    
   325 24.66 0.00 0.00           CM063458.1   8975604   8975676 (22606752) +               Kuruka     Unspecified    4282    4354  (4479)    
  1539 34.46 3.45 3.02           CM063458.1  16330057  16331244 (15251184) +               Kuruka     Unspecified    3479    4671  (4162)    
   906 37.49 2.54 2.28           CM063458.1  18861823  18863001 (12719427) +               Kuruka     Unspecified    3489    4670  (4163)    
   976 34.60 3.59 3.68           CM063458.1  27411449  27412618 (4169810) +               Kuruka     Unspecified    3488    4656  (4177)    
   899 37.16 2.80 2.45           CM063458.1  28429981  28431158 (3151270) +               Kuruka     Unspecified    3489    4670  (4163)    
  1693 34.38 1.49 1.59           CM063458.1  30185007  30186079 (1396349) C               Kuruka     Unspecified  (4226)    4607    3536    
   593 36.21 3.19 3.34           CM063459.1   4460414   4461133 (24780912) +               Kuruka     Unspecified    3939    4657  (4176)    
   259 34.46 0.67 1.34           CM063459.1   6476896   6477045 (22765000) C               Kuruka     Unspecified  (4453)    4380    4232    
   916 36.24 3.30 4.51           CM063459.1  13985703  13986823 (15255222) +               Kuruka     Unspecified    3561    4668  (4165)    
   525 36.10 2.84 2.84           CM063459.1  13995999  13996668 (15245377) +               Kuruka     Unspecified    3488    4157  (4676)    
   601 31.10 3.23 4.43           CM063459.1  14003789  14004222 (15237823) +               Kuruka     Unspecified    4227    4655  (4178)    
   503 35.35 3.44 3.59           CM063459.1  26685275  26685943 (2556102) C               Kuruka     Unspecified  (4176)    4657    3990    
   246 36.90 2.61 2.61           CM063459.1  26686092  26686436 (2555609) C               Kuruka     Unspecified  (5001)    3832    3488    
   459 35.72 1.30 2.64           CM063459.1  27115261  27115720 (2126325) C               Kuruka     Unspecified  (4154)    4679    4226    
  1351 34.90 3.12 3.21           CM063459.1  28787940  28789123 (452922) +               Kuruka     Unspecified    3489    4671  (4162)    
   239 35.82 6.15 4.47           CM063460.1    802955    803328 (27521465) +               Kuruka     Unspecified    3969    4348  (4485)    
   341 36.06 3.19 3.34           CM063460.1  11191941  11192660 (17132133) C               Kuruka     Unspecified  (4176)    4657    3939    
  1349 34.90 3.12 3.21           CM063460.1  14292800  14293983 (14030810) C               Kuruka     Unspecified  (4162)    4671    3489    
   940 37.13 2.71 2.45           CM063460.1  20554028  20555206 (7769587) +               Kuruka     Unspecified    3489    4670  (4163)    
   497 36.06 3.20 3.20           CM063460.1  27099017  27099735 (1225058) C               Kuruka     Unspecified  (4176)    4657    3939    
   928 35.69 3.47 4.75           CM063461.1   5440569   5441633 (22607200) +               Kuruka     Unspecified    3561    4612  (4221)    
  1319 35.30 2.96 2.78           CM063461.1   5447050   5448232 (22600601) +               Kuruka     Unspecified    3574    4758  (4075)    
   845 37.08 2.54 2.63           CM063461.1   7322224   7323442 (20725391) C               Kuruka     Unspecified  (4059)    4774    3557    
   864 35.43 3.07 3.51           CM063461.1  10034720  10035892 (18012941) C               Kuruka     Unspecified  (4178)    4655    3488    
  1861 34.91 1.67 1.86           CM063461.1  10980027  10981106 (17067727) C               Kuruka     Unspecified  (4220)    4613    3536    
   848 34.93 3.41 3.85           CM063461.1  12118765  12119937 (15928896) C               Kuruka     Unspecified  (4178)    4655    3488    
   332 33.71 3.65 3.65           CM063461.1  13073672  13073945 (14974888) +               Kuruka     Unspecified    3502    3775  (5058)    
   847 35.14 3.30 3.44           CM063461.1  13074112  13074839 (14973994) +               Kuruka     Unspecified    3942    4668  (4165)    
   448 30.23 0.00 0.00           CM063461.1  13166247  13166375 (14882458) C               Kuruka     Unspecified  (5168)    3665    3537    
   864 35.43 3.07 3.51           CM063461.1  13430350  13431522 (14617311) C               Kuruka     Unspecified  (4178)    4655    3488    
   452 36.18 1.82 2.09           CM063461.1  19777031  19777414 (8271419) C               Kuruka     Unspecified  (4220)    4613    4231    
   434 25.53 1.40 1.40           CM063461.1  19777945  19778087 (8270746) C               Kuruka     Unspecified  (5133)    3700    3558    
   603 36.76 2.24 2.34           CM063461.1  22993044  22994068 (5054765) +               Kuruka     Unspecified    3557    4580  (4253)    
   283 36.32 0.37 0.37           CM063461.1  26098323  26098590 (1950243) +               Kuruka     Unspecified    3502    3769  (5064)    
   596 35.11 3.09 3.24           CM063461.1  26098811  26099490 (1949343) +               Kuruka     Unspecified    3990    4668  (4165)    
  1275 36.95 1.69 1.78           CM063461.1  26223416  26224542 (1824291) +               Kuruka     Unspecified    3461    4586  (4247)    
   243 32.79 0.00 0.00           CM063461.1  26386535  26386656 (1662177) +               Kuruka     Unspecified    3502    3623  (5210)    
   321 34.76 0.00 0.00           CM063461.1  26386969  26387132 (1661701) +               Kuruka     Unspecified    3942    4105  (4728)    
   527 34.12 2.72 2.95           CM063461.1  26387255  26387695 (1661138) +               Kuruka     Unspecified    4229    4668  (4165)    
   622 36.22 1.53 1.71           CM063461.1  26470053  26470639 (1578194) C               Kuruka     Unspecified  (4255)    4578    3993    
   541 35.19 3.08 3.28           CM063461.1  26715699  26716218 (1332615) +               Kuruka     Unspecified    4224    4742  (4091)    
   252 23.59 4.30 4.30           CM063462.1   1452026   1452118 (25437316) +               Kuruka     Unspecified    4463    4555  (4278)    
   367 36.06 3.19 3.34           CM063462.1   5553792   5554511 (21334923) +               Kuruka     Unspecified    3939    4657  (4176)    
  1371 34.21 3.63 3.63           CM063462.1  12856629  12857811 (14031623) C               Kuruka     Unspecified  (4162)    4671    3489    
   502 31.81 2.04 1.21           CM063462.1  14698169  14698413 (12191021) +               Kuruka     Unspecified    3454    3700  (5133)    
   487 36.90 1.30 2.41           CM063462.1  14698937  14699397 (12190037) +               Kuruka     Unspecified    4224    4679  (4154)    
   831 36.51 2.63 2.71           CM063462.1  15641673  15642891 (11246543) +               Kuruka     Unspecified    3557    4774  (4059)    
  1342 34.99 3.12 3.21           CM063462.1  19770022  19771205 (7118229) +               Kuruka     Unspecified    3489    4671  (4162)    
  2456 31.62 1.65 2.05           CM063462.1  22398571  22399600 (4489834) +               Kuruka     Unspecified    3526    4551  (4282)    
   989 29.75 4.40 2.73           CM063462.1  22506461  22506892 (4382542) C               Kuruka     Unspecified  (4226)    4607    4169    
  1341 32.95 1.28 1.77           CM063462.1  22511329  22511952 (4377482) C               Kuruka     Unspecified  (4677)    4156    3536    
   271 33.96 5.29 5.29           CM063462.1  22542376  22542602 (4346832) +               Kuruka     Unspecified    4222    4448  (4385)    
   300 28.34 3.79 3.79           CM063462.1  25447935  25448066 (1441368) +               Kuruka     Unspecified    4223    4354  (4479)    
   229 29.63 1.22 1.22           CM063463.1   4946077   4946158 (19732005) +               Kuruka     Unspecified    4273    4354  (4479)    
   521 36.03 2.55 2.74           CM063463.1  18653899  18654446 (6023717) C               Kuruka     Unspecified  (4063)    4770    4224    
   510 31.12 2.46 1.21           CM063463.1  18654968  18655211 (6022952) C               Kuruka     Unspecified  (5133)    3700    3454    
   249 30.46 4.43 4.43           CM063463.1  19086915  19087072 (5591091) C               Kuruka     Unspecified  (4162)    4671    4514    
  1219 35.74 2.96 3.06           CM063463.1  19091107  19092119 (5586044) C               Kuruka     Unspecified  (4333)    4500    3489    
   635 36.05 1.53 1.71           CM063463.1  24380601  24381187 (296976) C               Kuruka     Unspecified  (4255)    4578    3993    
   293 26.03 0.00 0.00           CM063464.1   5584668   5584740 (18446738) +               Kuruka     Unspecified    4282    4354  (4479)    
   316 24.66 0.00 0.00           CM063464.1   6840275   6840347 (17191131) +               Kuruka     Unspecified    4282    4354  (4479)    
   635 36.05 1.53 1.71           CM063464.1  12804146  12804732 (11226746) +               Kuruka     Unspecified    3993    4578  (4255)    
   639 36.05 1.53 1.71           CM063464.1  13033025  13033611 (10997867) C               Kuruka     Unspecified  (4255)    4578    3993    
   463 37.55 1.62 1.62           CM063464.1  14140482  14141036 (9890442) +               Kuruka     Unspecified    3461    4015  (4818)    
  1030 35.80 0.54 0.90           CM063464.1  14141498  14142055 (9889423) +               Kuruka     Unspecified    4031    4586  (4247)    
  1417 34.80 3.76 3.39           CM063464.1  14266305  14267687 (9763791) +               Kuruka     Unspecified    3461    4848  (3985)    
   321 36.35 3.19 3.34           CM063464.1  19911614  19912333 (4119145) +               Kuruka     Unspecified    3939    4657  (4176)    
  1311 36.31 2.39 2.58           CM063464.1  23600763  23601890 (429588) +               Kuruka     Unspecified    3461    4586  (4247)    
   596 33.37 3.49 3.73           CM063465.1    546640    547498 (23020265) +               Kuruka     Unspecified    3800    4656  (4177)    
   847 37.13 2.71 2.45           CM063465.1   2949567   2950745 (20617018) +               Kuruka     Unspecified    3489    4670  (4163)    
   359 36.06 3.19 3.34           CM063465.1   4305755   4306474 (19261289) C               Kuruka     Unspecified  (4176)    4657    3939    
   945 34.93 3.41 3.85           CM063465.1   6285772   6286944 (17280819) +               Kuruka     Unspecified    3488    4655  (4178)    
  1358 36.76 1.69 1.78           CM063465.1   7256329   7257455 (16310308) C               Kuruka     Unspecified  (4247)    4586    3461    
   611 36.66 2.24 2.34           CM063465.1   7587687   7588711 (15979052) C               Kuruka     Unspecified  (4253)    4580    3557    
   554 36.02 3.35 2.91           CM063465.1   7785346   7786509 (15781254) C               Kuruka     Unspecified  (4177)    4656    3488    
  1027 34.99 3.12 3.21           CM063465.1  11052701  11053884 (12513879) C               Kuruka     Unspecified  (4162)    4671    3489    
  1950 30.82 4.26 2.55           CM063465.1  15625401  15626479 (7941284) +               Kuruka     Unspecified    3511    4607  (4226)    
   371 32.78 3.20 3.61           CM063465.1  17194239  17194488 (6373275) C               Kuruka     Unspecified  (4312)    4521    4273    
   635 36.05 1.53 1.71           CM063465.1  17530218  17530804 (6036959) +               Kuruka     Unspecified    3993    4578  (4255)    
  1020 36.22 1.45 1.55           CM063465.1  17931666  17932697 (5635066) C               Kuruka     Unspecified  (4247)    4586    3556    
   648 35.87 1.53 1.71           CM063465.1  21738895  21739481 (1828282) C               Kuruka     Unspecified  (4255)    4578    3993    
   903 36.71 2.46 2.55           CM063465.1  21941211  21942429 (1625334) C               Kuruka     Unspecified  (4059)    4774    3557    
   303 28.15 0.96 0.96           CM063466.1    305869    305972 (20543340) +               Kuruka     Unspecified    3588    3691  (5142)    
   881 36.16 3.04 3.12           CM063466.1    389311    390529 (20458783) +               Kuruka     Unspecified    3557    4774  (4059)    
   575 35.71 2.47 2.58           CM063466.1   4302510   4303400 (16545912) +               Kuruka     Unspecified    3557    4446  (4387)    
   236 34.43 0.00 0.00           CM063466.1   5151029   5151150 (15698162) +               Kuruka     Unspecified    4062    4183  (4650)    
   585 35.25 3.08 3.25           CM063466.1  19667130  19668299 (1181013) C               Kuruka     Unspecified  (4178)    4655    3488    
  2170 31.97 1.77 2.06           CM063466.1  19941682  19942754 (906558) +               Kuruka     Unspecified    3515    4584  (4249)    
   525 35.36 4.03 4.17           CM063467.1   1860668   1861387 (18675006) C               Kuruka     Unspecified  (4176)    4657    3939    
   249 36.90 2.61 2.61           CM063467.1   1861494   1861838 (18674555) C               Kuruka     Unspecified  (5001)    3832    3488    
   241 25.77 3.00 3.00           CM063467.1   7707602   7707701 (12828692) C               Kuruka     Unspecified  (5154)    3679    3580    
   635 36.05 1.53 1.71           CM063467.1   9930240   9930826 (10605567) C               Kuruka     Unspecified  (4255)    4578    3993    
  1712 34.22 1.67 1.77           CM063467.1  11554569  11555645 (8980748) +               Kuruka     Unspecified    3536    4611  (4222)    
  1249 34.89 3.28 3.72           CM063467.1  13684923  13686110 (6850283) +               Kuruka     Unspecified    3489    4671  (4162)    
   554 33.02 3.72 4.32           CM063467.1  15303624  15304484 (5231909) +               Kuruka     Unspecified    3800    4655  (4178)    
  1889 32.72 1.82 1.92           CM063467.1  15851221  15852264 (4684129) +               Kuruka     Unspecified    3536    4578  (4255)    
   308 35.98 0.00 0.00           CM063468.1   5057811   5057974 (13558098) +               Kuruka     Unspecified    3575    3738  (5095)    
   247 25.27 3.03 4.08           CM063468.1   5067310   5067408 (13548664) +               Kuruka     Unspecified    4280    4377  (4456)    
   487 33.09 3.44 5.37           CM063468.1   7545920   7546791 (11069281) +               Kuruka     Unspecified    3800    4655  (4178)    
   612 35.34 2.81 3.25           CM063468.1   8859232   8860404 (9755668) +               Kuruka     Unspecified    3488    4655  (4178)    
  1895 33.68 1.75 3.86           CM063468.1   9609103   9610186 (9005886) +               Kuruka     Unspecified    3546    4607  (4226)    
   270 36.90 2.61 2.61           CM063468.1   9974531   9974875 (8641197) +               Kuruka     Unspecified    3488    3832  (5001)    
   593 36.21 3.19 3.34           CM063468.1   9974982   9975701 (8640371) +               Kuruka     Unspecified    3939    4657  (4176)    
  1010 34.91 3.32 3.77           CM063468.1  10121008  10122180 (8493892) C               Kuruka     Unspecified  (4178)    4655    3488    
  1154 35.04 1.19 1.34           CM063468.1  11110163  11110836 (7505236) C               Kuruka     Unspecified  (4226)    4607    3935    
   889 30.91 3.16 3.16           CM063468.1  11111014  11111424 (7504648) C               Kuruka     Unspecified  (4887)    3946    3536    
   253 27.40 0.00 0.00           CM063468.1  12143096  12143168 (6472904) +               Kuruka     Unspecified    4282    4354  (4479)    
   618 35.35 2.83 1.92           CM063468.1  13717223  13717894 (4898178) C               Kuruka     Unspecified  (4163)    4670    3993    
   481 32.98 0.52 0.52           CM063469.1     69110     69301 (16315569) +               Kuruka     Unspecified    3489    3680  (5153)    
   927 37.20 0.61 0.77           CM063469.1     69554     70206 (16314664) +               Kuruka     Unspecified    3933    4584  (4249)    
   391 32.10 1.04 1.04           CM063469.1    257890    258081 (16126789) +               Kuruka     Unspecified    3489    3680  (5153)    
   723 36.75 0.66 0.82           CM063469.1    258378    258986 (16125884) +               Kuruka     Unspecified    3977    4584  (4249)    
   788 35.08 3.32 3.77           CM063469.1   1487059   1488231 (14896639) C               Kuruka     Unspecified  (4178)    4655    3488    
   243 29.58 0.00 0.00           CM063469.1   3499991   3500061 (12884809) +               Kuruka     Unspecified    4284    4354  (4479)    
   509 36.46 1.30 2.63           CM063469.1   6511647   6512108 (9872762) C               Kuruka     Unspecified  (4154)    4679    4224    
   506 31.81 2.04 1.21           CM063469.1   6512613   6512857 (9872013) C               Kuruka     Unspecified  (5133)    3700    3454    
   468 35.16 1.53 1.79           CM063469.1   6820195   6820585 (9564285) C               Kuruka     Unspecified  (4220)    4613    4224    
   412 32.22 0.94 0.94           CM063469.1   6821109   6821321 (9563549) C               Kuruka     Unspecified  (5133)    3700    3488    
   228 39.11 0.30 0.30           CM063470.1   3852114   3852449 (10948442) +               Kuruka     Unspecified    3509    3844  (4989)    
   657 35.87 1.53 1.71           CM063470.1   3852598   3853184 (10947707) +               Kuruka     Unspecified    3993    4578  (4255)    
  2496 32.18 2.08 2.43           CM063470.1   4625939   4627094 (10173797) +               Kuruka     Unspecified    3456    4607  (4226)    
   953 36.34 3.30 4.51           CM063470.1   5698757   5699877 (9101014) C               Kuruka     Unspecified  (4165)    4668    3561    
   239 29.35 0.00 1.09           CM063470.1   8710306   8710398 (6090493) C               Kuruka     Unspecified  (5136)    3697    3606    
   290 26.99 4.55 4.55           CM063470.1   9430285   9430416 (5370475) +               Kuruka     Unspecified    4223    4354  (4479)    
   833 32.44 3.96 4.08           CM063470.1  14243579  14244436 (556455) +               Kuruka     Unspecified    3800    4656  (4177)    
  1678 34.41 1.67 1.77           CM063471.1   3045494   3046570 (10957519) +               Kuruka     Unspecified    3536    4611  (4222)    
   385 35.38 2.46 2.46           CM063471.1   3467472   3467755 (10536334) +               Kuruka     Unspecified    3561    3844  (4989)    
   544 34.50 2.77 4.87           CM063471.1   3467888   3468536 (10535553) +               Kuruka     Unspecified    3977    4612  (4221)    
   289 36.61 2.61 2.61           CM063471.1   6889287   6889631 (7114458) +               Kuruka     Unspecified    3488    3832  (5001)    
   604 36.06 3.19 3.34           CM063471.1   6889738   6890457 (7113632) +               Kuruka     Unspecified    3939    4657  (4176)    
   841 36.71 2.46 2.55           CM063471.1   8164539   8165757 (5838332) +               Kuruka     Unspecified    3557    4774  (4059)    
   452 31.40 2.04 1.21           CM063471.1   9273208   9273452 (4730637) +               Kuruka     Unspecified    3454    3700  (5133)    
   375 36.59 1.37 1.65           CM063471.1   9273976   9274339 (4729750) +               Kuruka     Unspecified    4224    4586  (4247)    
  1862 34.48 2.91 1.67           CM063471.1  11366730  11367794 (2636295) +               Kuruka     Unspecified    3536    4613  (4220)    
   341 35.88 3.41 3.41           CM063471.1  13681673  13682200 (321889) C               Kuruka     Unspecified  (4818)    4015    3488    
   872 35.98 2.83 2.93    JAVQHN010000033.1   1508342   1509366 (1986359) +               Kuruka     Unspecified    3557    4580  (4253)    
   359 36.06 3.19 3.34    JAVQHN010000033.1   1609604   1610323 (1885402) +               Kuruka     Unspecified    3939    4657  (4176)    
   850 37.23 2.66 2.75    JAVQHN010000033.1   1830917   1832007 (1663718) +               Kuruka     Unspecified    3489    4578  (4255)    
   564 35.98 2.79 2.87    JAVQHN010000033.1   2429733   2430951 (1064774) +               Kuruka     Unspecified    3557    4774  (4059)    
   875 34.38 3.26 3.38    JAVQHN010000039.1     92267     93124  (31876) +               Kuruka     Unspecified    3800    4656  (4177)    
