  291 37.13  0.00  0.00     CATIVB010000026.1    13880    14046  (55977)  +          Kuruka  Unspecified  (55977)    13880    14046
 1095 35.68  3.20  3.30     CATIVB010000029.1    59363    60423  (70786)  C          Kuruka  Unspecified  (70786)    59363    60423
  301 37.13  0.00  0.00     CATIVB010000029.1   119568   119734  (11475)  C          Kuruka  Unspecified  (11475)   119568   119734
  303 37.13  0.00  0.00            OX451206.1  1738582  1738748 (49791308)  +          Kuruka  Unspecified (49791308)  1738582  1738748
 1146 35.75  2.94  3.03            OX451206.1  7491405  7492526 (44037530)  +          Kuruka  Unspecified (44037530)  7491405  7492526
  228 21.93  7.95  6.74            OX451206.1 23229624 23229711 (28300345)  +          Kuruka  Unspecified (28300345) 23229624 23229711
  559 33.33  3.76  4.86            OX451206.1 24205198 24206273 (27324194)  +          Kuruka  Unspecified (27324194) 24205198 24206273
 1173 35.54  2.52  2.61            OX451206.1 24571158 24572307 (26957749)  +          Kuruka  Unspecified (26957749) 24571158 24572307
  303 37.13  0.00  0.00            OX451206.1 24992463 24992629 (26537427)  +          Kuruka  Unspecified (26537427) 24992463 24992629
  303 37.13  0.00  0.00            OX451206.1 24999588 24999754 (26530302)  +          Kuruka  Unspecified (26530302) 24999588 24999754
  303 37.13  0.00  0.00            OX451206.1 25006713 25006879 (26523177)  +          Kuruka  Unspecified (26523177) 25006713 25006879
  303 37.13  0.00  0.00            OX451206.1 26966203 26966369 (24563687)  +          Kuruka  Unspecified (24563687) 26966203 26966369
 1138 34.96  3.44  3.54            OX451206.1 27309178 27310224 (24219832)  +          Kuruka  Unspecified (24219832) 27309178 27310224
  955 37.02  2.46  2.83            OX451206.1 28211181 28212278 (23317778)  +          Kuruka  Unspecified (23317778) 28211181 28212278
  577 33.07  3.81  3.81            OX451206.1 28315946 28317095 (23213455)  +          Kuruka  Unspecified (23213455) 28315946 28317095
  315 27.87  2.14  5.15            OX451206.1 28579174 28579313 (22950743)  +          Kuruka  Unspecified (22950743) 28579174 28579313
  578 35.41  1.92  2.20            OX451206.1 28649870 28651001 (22879822)  +          Kuruka  Unspecified (22879822) 28649870 28651001
  868 36.62  1.23  1.39            OX451206.1 28768037 28768684 (22761372)  +          Kuruka  Unspecified (22761372) 28768037 28768684
 1124 36.04  2.34  2.24            OX451206.1 29083583 29084652 (22445404)  +          Kuruka  Unspecified (22445404) 29083583 29084652
  303 37.13  0.00  0.00            OX451206.1 29451404 29451570 (22078486)  +          Kuruka  Unspecified (22078486) 29451404 29451570
  266 31.16  4.44  4.44            OX451206.1 29487984 29488208 (22041848)  +          Kuruka  Unspecified (22041848) 29487984 29488208
  286 31.42  5.08  6.75            OX451206.1 29488675 29488930 (22041126)  +          Kuruka  Unspecified (22041126) 29488675 29488930
  249 36.48  0.00  0.00            OX451206.1 29595861 29596019 (21934037)  +          Kuruka  Unspecified (21934037) 29595861 29596019
  697 34.09  4.22  4.22            OX451206.1 29615650 29616574 (21913482)  +          Kuruka  Unspecified (21913482) 29615650 29616574
  365 35.10  3.06  3.06            OX451206.1 29993724 29994935 (21535647)  +          Kuruka  Unspecified (21535647) 29993724 29994935
  246 31.62  4.44  4.44            OX451206.1 30051328 30051552 (21478504)  +          Kuruka  Unspecified (21478504) 30051328 30051552
  314 28.85  6.25  7.94            OX451206.1 30052019 30052274 (21477782)  +          Kuruka  Unspecified (21477782) 30052019 30052274
 1069 37.20  2.19  2.29            OX451206.1 32753401 32754495 (18775561)  +          Kuruka  Unspecified (18775561) 32753401 32754495
  284 31.16  4.44  4.44            OX451206.1 32779653 32779877 (18750179)  +          Kuruka  Unspecified (18750179) 32779653 32779877
  291 37.13  0.00  0.00            OX451206.1 33469718 33469884 (18060172)  +          Kuruka  Unspecified (18060172) 33469718 33469884
  228 33.45  7.69  2.28            OX451206.1 34135420 34135627 (17394429)  +          Kuruka  Unspecified (17394429) 34135420 34135627
  253 33.55  4.42  4.42            OX451206.1 34318442 34319404 (17211276)  +          Kuruka  Unspecified (17211276) 34318442 34319404
  286 34.36  0.98  3.00            OX451206.1 34903828 34904031 (16626025)  +          Kuruka  Unspecified (16626025) 34903828 34904031
  795 34.55  4.20  4.65            OX451206.1 35302779 35303707 (16226349)  +          Kuruka  Unspecified (16226349) 35302779 35303707
  279 35.68  1.30  1.30            OX451206.1 35614638 35614867 (15915189)  +          Kuruka  Unspecified (15915189) 35614638 35614867
  399 31.34  0.00  0.00            OX451206.1 35615085 35615787 (15914763)  +          Kuruka  Unspecified (15914763) 35615085 35615787
 1186 35.00  2.83  2.94            OX451206.1 35982896 35983884 (15546172)  +          Kuruka  Unspecified (15546172) 35982896 35983884
  289 34.43  1.63  0.54            OX451206.1 36463410 36463593 (15066463)  +          Kuruka  Unspecified (15066463) 36463410 36463593
 1351 35.98  2.20  2.11            OX451206.1 36745008 36746191 (14783865)  +          Kuruka  Unspecified (14783865) 36745008 36746191
  253 35.88  3.45  3.45            OX451206.1 36802276 36803373 (14727433)  +          Kuruka  Unspecified (14727433) 36802276 36803373
  790 37.70  2.71  2.80            OX451206.1 36825336 36826514 (14703542)  +          Kuruka  Unspecified (14703542) 36825336 36826514
 1286 36.12  2.11  2.03            OX451206.1 37496229 37497412 (14032644)  +          Kuruka  Unspecified (14032644) 37496229 37497412
  318 26.36  2.14  5.15            OX451206.1 37547582 37547721 (13982335)  +          Kuruka  Unspecified (13982335) 37547582 37547721
  264 35.79  2.11  3.57            OX451206.1 37585811 37586094 (13943962)  +          Kuruka  Unspecified (13943962) 37585811 37586094
  295 29.57  3.24  4.95            OX451206.1 37765645 37765829 (13764227)  +          Kuruka  Unspecified (13764227) 37765645 37765829
  255 29.37  2.14  5.15            OX451206.1 37816778 37816917 (13713139)  +          Kuruka  Unspecified (13713139) 37816778 37816917
  282 26.21  3.60  6.67            OX451206.1 37920585 37920723 (13609333)  +          Kuruka  Unspecified (13609333) 37920585 37920723
  247 30.64  1.43  4.41            OX451206.1 38030185 38030324 (13499732)  +          Kuruka  Unspecified (13499732) 38030185 38030324
  293 33.54  2.46  4.52            OX451206.1 38151189 38151391 (13378665)  +          Kuruka  Unspecified (13378665) 38151189 38151391
  292 34.36  0.98  3.00            OX451206.1 39037724 39037927 (12492129)  +          Kuruka  Unspecified (12492129) 39037724 39037927
 1217 36.36  2.46  2.38            OX451206.1 39365663 39366882 (12163174)  +          Kuruka  Unspecified (12163174) 39365663 39366882
  305 31.84  3.91  4.31            OX451206.1 39694284 39694539 (11835517)  +          Kuruka  Unspecified (11835517) 39694284 39694539
  842 36.97  2.11  2.94            OX451206.1 40272084 40273078 (11256978)  +          Kuruka  Unspecified (11256978) 40272084 40273078
  357 30.84  2.90  2.90            OX451206.1 40273376 40273582 (11256474)  +          Kuruka  Unspecified (11256474) 40273376 40273582
  303 37.13  0.00  0.00            OX451206.1 40315125 40315291 (11214765)  +          Kuruka  Unspecified (11214765) 40315125 40315291
  249 36.48  0.00  0.00            OX451206.1 47561323 47561481 (3968575)  +          Kuruka  Unspecified (3968575) 47561323 47561481
  249 36.48  0.00  0.00            OX451206.1 49225807 49225965 (2304091)  +          Kuruka  Unspecified (2304091) 49225807 49225965
  847 33.70  2.77  2.91            OX451206.1  5534311  5535068 (45994988)  C          Kuruka  Unspecified (45994988)  5534311  5535068
 1286 36.12  2.11  2.03            OX451206.1 15037363 15038546 (36491510)  C          Kuruka  Unspecified (36491510) 15037363 15038546
  249 36.48  0.00  0.00            OX451206.1 16759334 16759492 (34770564)  C          Kuruka  Unspecified (34770564) 16759334 16759492
  291 37.13  0.00  0.00            OX451206.1 18381225 18381391 (33148665)  C          Kuruka  Unspecified (33148665) 18381225 18381391
  847 33.70  2.77  2.91            OX451206.1 19655448 19656205 (31873851)  C          Kuruka  Unspecified (31873851) 19655448 19656205
  303 37.13  0.00  0.00            OX451206.1 23726898 23727064 (27802992)  C          Kuruka  Unspecified (27802992) 23726898 23727064
 1344 36.12  2.11  2.03            OX451206.1 24051052 24052235 (27477821)  C          Kuruka  Unspecified (27477821) 24051052 24052235
  481 34.52  1.80  2.06            OX451206.1 24664281 24665459 (26865387)  C          Kuruka  Unspecified (26865387) 24664281 24665459
  417 34.77  3.84  4.07            OX451206.1 24752187 24753398 (26777427)  C          Kuruka  Unspecified (26777427) 24752187 24753398
 1276 35.98  2.20  2.11            OX451206.1 24790108 24791291 (26738765)  C          Kuruka  Unspecified (26738765) 24790108 24791291
  291 37.13  0.00  0.00            OX451206.1 24880033 24880199 (26649857)  C          Kuruka  Unspecified (26649857) 24880033 24880199
 1487 34.96  2.55  2.63            OX451206.1 27173280 27174457 (24355599)  C          Kuruka  Unspecified (24355599) 27173280 27174457
 1412 36.31  1.82  1.91            OX451206.1 27887544 27888697 (23641359)  C          Kuruka  Unspecified (23641359) 27887544 27888697
  258 29.89  1.43  4.41            OX451206.1 27935088 27935227 (23594829)  C          Kuruka  Unspecified (23594829) 27935088 27935227
 1196 34.48  3.11  3.21            OX451206.1 28841226 28842223 (22687833)  C          Kuruka  Unspecified (22687833) 28841226 28842223
  328 33.34  1.34  1.34            OX451206.1 28864467 28864615 (22665441)  C          Kuruka  Unspecified (22665441) 28864467 28864615
  320 35.10  2.82  3.08            OX451206.1 29973285 29974496 (21556382)  C          Kuruka  Unspecified (21556382) 29973285 29974496
  578 34.39  1.80  2.06            OX451206.1 30131591 30131979 (21398077)  C          Kuruka  Unspecified (21398077) 30131591 30131979
  331 31.31  2.45  4.50            OX451206.1 30391460 30391663 (21138393)  C          Kuruka  Unspecified (21138393) 30391460 30391663
 1186 36.71  2.09  2.18            OX451206.1 30424136 30425285 (21104771)  C          Kuruka  Unspecified (21104771) 30424136 30425285
  710 37.10  2.01  2.11            OX451206.1 30861287 30862280 (20667776)  C          Kuruka  Unspecified (20667776) 30861287 30862280
 1066 34.11  2.32  3.22            OX451206.1 30911842 30912882 (20617525)  C          Kuruka  Unspecified (20617525) 30911842 30912882
  310 31.32  1.96  4.00            OX451206.1 33271508 33271660 (18258396)  C          Kuruka  Unspecified (18258396) 33271508 33271660
  300 29.27  6.25  7.94            OX451206.1 33423691 33423946 (18106110)  C          Kuruka  Unspecified (18106110) 33423691 33423946
  267 31.16  4.44  4.44            OX451206.1 33424413 33424637 (18105419)  C          Kuruka  Unspecified (18105419) 33424413 33424637
  659 34.10  4.97  5.10            OX451206.1 33791779 33792563 (17737493)  C          Kuruka  Unspecified (17737493) 33791779 33792563
 1277 36.30  2.11  2.03            OX451206.1 34041737 34042920 (17487136)  C          Kuruka  Unspecified (17487136) 34041737 34042920
  876 35.32  0.64  0.80            OX451206.1 34341251 34342353 (17188183)  C          Kuruka  Unspecified (17188183) 34341251 34342353
  618 36.72  2.03  2.12            OX451206.1 34420163 34421247 (17108809)  C          Kuruka  Unspecified (17108809) 34420163 34421247
  723 37.74  2.04  2.18            OX451206.1 34677886 34678619 (16851437)  C          Kuruka  Unspecified (16851437) 34677886 34678619
  349 32.14  2.97  2.97            OX451206.1 34680582 34680783 (16849273)  C          Kuruka  Unspecified (16849273) 34680582 34680783
  865 33.75  2.10  1.92            OX451206.1 34827936 34828506 (16701550)  C          Kuruka  Unspecified (16701550) 34827936 34828506
  437 37.84  2.85  2.54            OX451206.1 34833115 34833781 (16696275)  C          Kuruka  Unspecified (16696275) 34833115 34833781
  332 35.93  0.00  0.00            OX451206.1 35049943 35050109 (16479947)  C          Kuruka  Unspecified (16479947) 35049943 35050109
  804 37.52  2.71  2.80            OX451206.1 35054375 35055553 (16474503)  C          Kuruka  Unspecified (16474503) 35054375 35055553
  278 37.72  0.00  0.00            OX451206.1 35190165 35190331 (16339725)  C          Kuruka  Unspecified (16339725) 35190165 35190331
 1189 36.55  2.11  2.03            OX451206.1 35342653 35343836 (16186220)  C          Kuruka  Unspecified (16186220) 35342653 35343836
  276 29.37  2.14  5.15            OX451206.1 37719250 37719389 (13810667)  C          Kuruka  Unspecified (13810667) 37719250 37719389
  228 33.90  1.97  3.60            OX451206.1 38038532 38038785 (13491271)  C          Kuruka  Unspecified (13491271) 38038532 38038785
  297 29.57  5.86  7.54            OX451206.1 38265249 38265504 (13264552)  C          Kuruka  Unspecified (13264552) 38265249 38265504
  266 31.16  4.44  4.44            OX451206.1 38265971 38266195 (13263861)  C          Kuruka  Unspecified (13263861) 38265971 38266195
 1302 36.03  2.11  2.03            OX451206.1 38725161 38726344 (12803712)  C          Kuruka  Unspecified (12803712) 38725161 38726344
  228 33.90  1.97  3.60            OX451206.1 39491026 39491279 (12038777)  C          Kuruka  Unspecified (12038777) 39491026 39491279
  261 36.48  0.00  0.00            OX451206.1 44899335 44899493 (6630563)  C          Kuruka  Unspecified (6630563) 44899335 44899493
  241 18.67  5.33  0.00            OX451207.1  2419781  2419855 (45199691)  +          Kuruka  Unspecified (45199691)  2419781  2419855
  291 37.13  0.00  0.00            OX451207.1  2962187  2962353 (44657193)  +          Kuruka  Unspecified (44657193)  2962187  2962353
  303 37.13  0.00  0.00            OX451207.1 22601403 22601569 (25017977)  +          Kuruka  Unspecified (25017977) 22601403 22601569
 1111 34.28  2.10  2.27            OX451207.1 28477679 28478296 (19141250)  +          Kuruka  Unspecified (19141250) 28477679 28478296
  249 36.48  0.00  0.00            OX451207.1 30542675 30542833 (17076713)  +          Kuruka  Unspecified (17076713) 30542675 30542833
  310 35.43  2.22  3.53            OX451207.1 31846067 31846382 (15773164)  +          Kuruka  Unspecified (15773164) 31846067 31846382
  281 28.61  2.14  5.15            OX451207.1 32027130 32027269 (15592277)  +          Kuruka  Unspecified (15592277) 32027130 32027269
  303 37.13  0.00  0.00            OX451207.1 32130835 32131001 (15488545)  +          Kuruka  Unspecified (15488545) 32130835 32131001
 1152 36.12  3.16  3.16            OX451207.1 32770178 32771537 (14848009)  +          Kuruka  Unspecified (14848009) 32770178 32771537
 1125 34.98  3.34  3.44            OX451207.1 32796239 32797286 (14822260)  +          Kuruka  Unspecified (14822260) 32796239 32797286
  950 34.16  4.43  4.54            OX451207.1 33450883 33451808 (14167738)  +          Kuruka  Unspecified (14167738) 33450883 33451808
  308 36.53  0.00  0.00            OX451207.1 33531502 33531668 (14087878)  +          Kuruka  Unspecified (14087878) 33531502 33531668
  238 26.67  2.17  2.17            OX451207.1 33700043 33700134 (13919412)  +          Kuruka  Unspecified (13919412) 33700043 33700134
  815 35.19  2.85  2.95            OX451207.1 33810866 33811884 (13807662)  +          Kuruka  Unspecified (13807662) 33810866 33811884
 1336 36.00  2.09  2.18            OX451207.1 33858643 33859792 (13759754)  +          Kuruka  Unspecified (13759754) 33858643 33859792
  664 36.53  2.03  2.12            OX451207.1 33886162 33887246 (13732300)  +          Kuruka  Unspecified (13732300) 33886162 33887246
 1388 34.36  3.31  3.40            OX451207.1 33949582 33950759 (13668787)  +          Kuruka  Unspecified (13668787) 33949582 33950759
  273 31.16  4.44  4.44            OX451207.1 34235031 34235255 (13384291)  +          Kuruka  Unspecified (13384291) 34235031 34235255
  347 29.23  1.52  1.52            OX451207.1 34462815 34462946 (13156600)  +          Kuruka  Unspecified (13156600) 34462815 34462946
  413 34.93  3.63  3.63            OX451207.1 34554163 34554768 (13064778)  +          Kuruka  Unspecified (13064778) 34554163 34554768
  482 33.34  2.63  3.02            OX451207.1 34556102 34556367 (13063179)  +          Kuruka  Unspecified (13063179) 34556102 34556367
  609 34.93  3.63  3.63            OX451207.1 34729733 34730338 (12889208)  +          Kuruka  Unspecified (12889208) 34729733 34730338
  576 33.83  4.29  4.47            OX451207.1 34731501 34732060 (12887486)  +          Kuruka  Unspecified (12887486) 34731501 34732060
  628 34.77  3.06  3.06            OX451207.1 35272927 35274138 (12345934)  +          Kuruka  Unspecified (12345934) 35272927 35274138
  365 34.83  3.83  4.30            OX451207.1 36005864 36006307 (11613239)  +          Kuruka  Unspecified (11613239) 36005864 36006307
 1160 34.29  3.73  3.83            OX451207.1 46117533 46118657 (1500889)  +          Kuruka  Unspecified (1500889) 46117533 46118657
  898 35.59  0.64  0.80            OX451207.1   929458   930560 (46689466)  C          Kuruka  Unspecified (46689466)   929458   930560
 1357 36.26  2.03  1.94            OX451207.1  3847824  3849007 (43770539)  C          Kuruka  Unspecified (43770539)  3847824  3849007
  244 36.48  0.00  0.00            OX451207.1 13706102 13706260 (33913286)  C          Kuruka  Unspecified (33913286) 13706102 13706260
  263 31.25  1.37  1.37            OX451207.1 17550584 17550729 (30068817)  C          Kuruka  Unspecified (30068817) 17550584 17550729
  746 30.38  1.69  1.97            OX451207.1 28860752 28861107 (18758439)  C          Kuruka  Unspecified (18758439) 28860752 28861107
  303 37.13  0.00  0.00            OX451207.1 29540728 29540894 (18078652)  C          Kuruka  Unspecified (18078652) 29540728 29540894
  688 36.56  1.39  1.55            OX451207.1 30464259 30465264 (17154640)  C          Kuruka  Unspecified (17154640) 30464259 30465264
  319 35.16  2.82  3.08            OX451207.1 30674876 30676068 (16944281)  C          Kuruka  Unspecified (16944281) 30674876 30676068
  674 36.56  1.39  1.55            OX451207.1 31157974 31158979 (16460925)  C          Kuruka  Unspecified (16460925) 31157974 31158979
  274 35.35  2.51  2.94            OX451207.1 31721338 31721576 (15897970)  C          Kuruka  Unspecified (15897970) 31721338 31721576
  303 37.13  0.00  0.00            OX451207.1 32010085 32010251 (15609295)  C          Kuruka  Unspecified (15609295) 32010085 32010251
 1320 36.15  2.20  2.11            OX451207.1 32835998 32837181 (14782365)  C          Kuruka  Unspecified (14782365) 32835998 32837181
  651 31.71  1.69  1.97            OX451207.1 32996199 32996901 (14622992)  C          Kuruka  Unspecified (14622992) 32996199 32996901
  296 35.24  1.30  1.30            OX451207.1 32997119 32997348 (14622198)  C          Kuruka  Unspecified (14622198) 32997119 32997348
 1030 35.46  2.74  1.49            OX451207.1 33372199 33372928 (14246618)  C          Kuruka  Unspecified (14246618) 33372199 33372928
  461 35.11  2.86  2.33            OX451207.1 33373857 33374241 (14245305)  C          Kuruka  Unspecified (14245305) 33373857 33374241
  626 34.54  4.21  4.32            OX451207.1 33468671 33469596 (14149950)  C          Kuruka  Unspecified (14149950) 33468671 33469596
  456 34.82  0.37  0.74            OX451207.1 33487608 33488549 (14131668)  C          Kuruka  Unspecified (14131668) 33487608 33488549
  971 35.02  2.62  2.79            OX451207.1 33724000 33724610 (13894936)  C          Kuruka  Unspecified (13894936) 33724000 33724610
  302 37.13  0.00  0.00            OX451207.1 34072575 34072741 (13546805)  C          Kuruka  Unspecified (13546805) 34072575 34072741
  312 27.87  2.14  5.15            OX451207.1 34225908 34226047 (13393499)  C          Kuruka  Unspecified (13393499) 34225908 34226047
  594 36.33  1.86  2.04            OX451207.1 34318936 34319525 (13300021)  C          Kuruka  Unspecified (13300021) 34318936 34319525
  303 37.13  0.00  0.00            OX451207.1 35027161 35027327 (12592219)  C          Kuruka  Unspecified (12592219) 35027161 35027327
  871 31.30  2.74  2.97            OX451207.1 35094743 35095180 (12524366)  C          Kuruka  Unspecified (12524366) 35094743 35095180
  320 37.95  3.66  3.50            OX451207.1 35096087 35096714 (12522832)  C          Kuruka  Unspecified (12522832) 35096087 35096714
  697 36.63  0.80  0.96            OX451207.1 35353030 35353652 (12265894)  C          Kuruka  Unspecified (12265894) 35353030 35353652
  324 34.77  2.79  2.79            OX451207.1 35354055 35354412 (12265134)  C          Kuruka  Unspecified (12265134) 35354055 35354412
 1055 33.89  2.32  3.22            OX451207.1 35432845 35433885 (12186012)  C          Kuruka  Unspecified (12186012) 35432845 35433885
 1261 36.06  2.20  2.11            OX451207.1 35725666 35726849 (11892697)  C          Kuruka  Unspecified (11892697) 35725666 35726849
  244 36.48  0.00  0.00            OX451207.1 35778822 35778980 (11840566)  C          Kuruka  Unspecified (11840566) 35778822 35778980
  638 30.49  0.74  1.11            OX451207.1 36220025 36220296 (11399250)  C          Kuruka  Unspecified (11399250) 36220025 36220296
  334 28.34  3.05  3.05            OX451207.1 36347839 36347969 (11271577)  C          Kuruka  Unspecified (11271577) 36347839 36347969
  303 37.13  0.00  0.00            OX451207.1 38815721 38815887 (8803659)  C          Kuruka  Unspecified (8803659) 38815721 38815887
 1344 36.12  2.11  2.03            OX451207.1 47536939 47538122  (81424)  C          Kuruka  Unspecified  (81424) 47536939 47538122
  291 37.13  0.00  0.00            OX451208.1  2808007  2808173 (34644970)  +          Kuruka  Unspecified (34644970)  2808007  2808173
  255 32.14  0.00  0.00            OX451208.1 21460842 21460925 (15992218)  +          Kuruka  Unspecified (15992218) 21460842 21460925
 1006 35.42  2.66  2.77            OX451208.1 21478967 21479869 (15973274)  +          Kuruka  Unspecified (15973274) 21478967 21479869
  262 27.75  3.60  6.67            OX451208.1 21499835 21499973 (15953170)  +          Kuruka  Unspecified (15953170) 21499835 21499973
  300 28.61  2.14  5.15            OX451208.1 21632546 21632685 (15820458)  +          Kuruka  Unspecified (15820458) 21632546 21632685
 1136 34.01  3.91  4.01            OX451208.1 21718561 21719684 (15733459)  +          Kuruka  Unspecified (15733459) 21718561 21719684
  266 31.16  4.44  4.44            OX451208.1 22270039 22270263 (15182880)  +          Kuruka  Unspecified (15182880) 22270039 22270263
  284 29.27  6.25  7.94            OX451208.1 22270730 22270985 (15182158)  +          Kuruka  Unspecified (15182158) 22270730 22270985
 1055 36.40  2.45  2.55            OX451208.1 22299829 22300809 (15152334)  +          Kuruka  Unspecified (15152334) 22299829 22300809
 1065 37.20  2.19  2.29            OX451208.1 22310741 22311835 (15141308)  +          Kuruka  Unspecified (15141308) 22310741 22311835
  347 31.30  0.76  0.76            OX451208.1 22345244 22345375 (15107768)  +          Kuruka  Unspecified (15107768) 22345244 22345375
  265 34.90  0.00  0.00            OX451208.1 23309355 23309503 (14143640)  +          Kuruka  Unspecified (14143640) 23309355 23309503
  249 32.91  1.32  4.05            OX451208.1 24092806 24092957 (13360186)  +          Kuruka  Unspecified (13360186) 24092806 24092957
  461 34.36  2.02  2.02            OX451208.1 24312197 24312943 (13140601)  +          Kuruka  Unspecified (13140601) 24312197 24312943
  228 33.90  1.97  3.60            OX451208.1 25046885 25047138 (12406005)  +          Kuruka  Unspecified (12406005) 25046885 25047138
  286 37.13  0.00  0.00            OX451208.1 25103145 25103311 (12349832)  +          Kuruka  Unspecified (12349832) 25103145 25103311
  247 31.16  4.44  4.44            OX451208.1 25222782 25223006 (12230137)  +          Kuruka  Unspecified (12230137) 25222782 25223006
  231 31.13  5.47  7.14            OX451208.1 25223473 25223728 (12229415)  +          Kuruka  Unspecified (12229415) 25223473 25223728
  299 27.11  2.14  5.15            OX451208.1 25246945 25247084 (12206059)  +          Kuruka  Unspecified (12206059) 25246945 25247084
  273 37.72  0.00  0.00            OX451208.1 25358060 25358226 (12094917)  +          Kuruka  Unspecified (12094917) 25358060 25358226
 1062 35.59  3.30  3.56            OX451208.1 25431920 25433102 (12020041)  +          Kuruka  Unspecified (12020041) 25431920 25433102
 1082 35.57  2.49  2.58            OX451208.1 26132858 26133942 (11319201)  +          Kuruka  Unspecified (11319201) 26132858 26133942
 1082 35.57  2.49  2.58            OX451208.1 26142158 26143242 (11309901)  +          Kuruka  Unspecified (11309901) 26142158 26143242
  313 26.51  0.00  0.00            OX451208.1 26602273 26602355 (10850788)  +          Kuruka  Unspecified (10850788) 26602273 26602355
  259 31.62  4.44  4.44            OX451208.1 26705308 26705532 (10747611)  +          Kuruka  Unspecified (10747611) 26705308 26705532
  303 37.13  0.00  0.00            OX451208.1 26878634 26878800 (10574343)  +          Kuruka  Unspecified (10574343) 26878634 26878800
 1211 36.41  2.20  2.11            OX451208.1 27811824 27813007 (9640136)  +          Kuruka  Unspecified (9640136) 27811824 27813007
  245 31.62  2.78  3.35            OX451208.1 27843776 27843955 (9609188)  +          Kuruka  Unspecified (9609188) 27843776 27843955
  339 33.73  2.62  1.03            OX451208.1 27900658 27902045 (9552295)  +          Kuruka  Unspecified (9552295) 27900658 27902045
  312 35.75  2.22  3.53            OX451208.1 28050816 28051131 (9402012)  +          Kuruka  Unspecified (9402012) 28050816 28051131
 1213 36.23  2.20  2.11            OX451208.1 28654822 28656005 (8797138)  +          Kuruka  Unspecified (8797138) 28654822 28656005
  341 25.29  2.30  0.00            OX451208.1 28837854 28837940 (8615203)  +          Kuruka  Unspecified (8615203) 28837854 28837940
 1025 34.50  2.27  2.43            OX451208.1 29697515 29698132 (7755011)  +          Kuruka  Unspecified (7755011) 29697515 29698132
 1078 35.48  2.45  2.59            OX451208.1 30070216 30070950 (7382193)  +          Kuruka  Unspecified (7382193) 30070216 30070950
  291 37.13  0.00  0.00            OX451208.1 35319601 35319767 (2133376)  +          Kuruka  Unspecified (2133376) 35319601 35319767
  290 37.13  0.00  0.00            OX451208.1  2322723  2322889 (35130254)  C          Kuruka  Unspecified (35130254)  2322723  2322889
  297 37.13  0.00  0.00            OX451208.1  6193693  6193859 (31259284)  C          Kuruka  Unspecified (31259284)  6193693  6193859
  303 37.13  0.00  0.00            OX451208.1 19820472 19820638 (17632505)  C          Kuruka  Unspecified (17632505) 19820472 19820638
  972 37.73  2.37  2.47            OX451208.1 21999624 22000718 (15452425)  C          Kuruka  Unspecified (15452425) 21999624 22000718
 1269 36.20  2.11  2.03            OX451208.1 22356163 22357346 (15095797)  C          Kuruka  Unspecified (15095797) 22356163 22357346
  335 29.26  2.45  4.50            OX451208.1 22456532 22456735 (14996408)  C          Kuruka  Unspecified (14996408) 22456532 22456735
  261 27.87  2.14  5.15            OX451208.1 22657670 22657809 (14795334)  C          Kuruka  Unspecified (14795334) 22657670 22657809
  243 33.90  1.97  3.60            OX451208.1 22724815 22725068 (14728075)  C          Kuruka  Unspecified (14728075) 22724815 22725068
  301 37.13  0.00  0.00            OX451208.1 22836738 22836904 (14616239)  C          Kuruka  Unspecified (14616239) 22836738 22836904
  316 34.90  0.00  0.00            OX451208.1 22960957 22961105 (14492038)  C          Kuruka  Unspecified (14492038) 22960957 22961105
  269 35.23  2.82  3.08            OX451208.1 23178019 23179230 (14274735)  C          Kuruka  Unspecified (14274735) 23178019 23179230
  836 36.13  2.62  3.16            OX451208.1 23192467 23193612 (14259531)  C          Kuruka  Unspecified (14259531) 23192467 23193612
  898 37.09  2.71  2.80            OX451208.1 23416608 23417786 (14035357)  C          Kuruka  Unspecified (14035357) 23416608 23417786
  531 34.91  1.80  2.06            OX451208.1 23766992 23767380 (13685763)  C          Kuruka  Unspecified (13685763) 23766992 23767380
  249 36.48  0.00  0.00            OX451208.1 24283242 24283400 (13169743)  C          Kuruka  Unspecified (13169743) 24283242 24283400
  916 35.74  3.40  2.66            OX451208.1 24967167 24968284 (12484859)  C          Kuruka  Unspecified (12484859) 24967167 24968284
  414 34.74  1.80  2.06            OX451208.1 25182762 25183940 (12269993)  C          Kuruka  Unspecified (12269993) 25182762 25183940
  249 36.48  0.00  0.00            OX451208.1 26628991 26629149 (10823994)  C          Kuruka  Unspecified (10823994) 26628991 26629149
  249 32.91  1.32  4.05            OX451208.1 26980367 26980518 (10472625)  C          Kuruka  Unspecified (10472625) 26980367 26980518
 1268 35.52  2.44  3.11            OX451208.1 27077692 27078920 (10374223)  C          Kuruka  Unspecified (10374223) 27077692 27078920
  444 35.20  0.37  0.74            OX451208.1 27444783 27445724 (10008090)  C          Kuruka  Unspecified (10008090) 27444783 27445724
  291 37.13  0.00  0.00            OX451208.1 27957580 27957746 (9495397)  C          Kuruka  Unspecified (9495397) 27957580 27957746
  972 36.08  2.86  2.95            OX451208.1 28017686 28018770 (9434373)  C          Kuruka  Unspecified (9434373) 28017686 28018770
  982 37.14  2.11  2.22            OX451208.1 28129669 28130662 (9322481)  C          Kuruka  Unspecified (9322481) 28129669 28130662
  277 30.83  5.88  7.14            OX451208.1 28215531 28215785 (9237358)  C          Kuruka  Unspecified (9237358) 28215531 28215785
  241 31.13  5.78  5.78            OX451208.1 28216252 28216476 (9236667)  C          Kuruka  Unspecified (9236667) 28216252 28216476
  225 33.18  3.56  3.56            OX451208.1 28413247 28413471 (9039672)  C          Kuruka  Unspecified (9039672) 28413247 28413471
 1314 36.20  2.11  2.11            OX451208.1 28491763 28492947 (8960196)  C          Kuruka  Unspecified (8960196) 28491763 28492947
  303 37.13  0.00  0.00            OX451208.1 29216508 29216674 (8236469)  C          Kuruka  Unspecified (8236469) 29216508 29216674
 1045 37.01  3.17  3.24            OX451208.1 29789633 29790989 (7662154)  C          Kuruka  Unspecified (7662154) 29789633 29790989
 1076 34.61  2.10  2.27            OX451208.1 29828674 29829291 (7623852)  C          Kuruka  Unspecified (7623852) 29828674 29829291
  250 32.13  3.52  5.16            OX451208.1 30167394 30167649 (7285494)  C          Kuruka  Unspecified (7285494) 30167394 30167649
  292 30.69  4.44  4.44            OX451208.1 30168116 30168340 (7284803)  C          Kuruka  Unspecified (7284803) 30168116 30168340
  250 32.13  3.52  5.16            OX451208.1 30176635 30176890 (7276253)  C          Kuruka  Unspecified (7276253) 30176635 30176890
  292 30.69  4.44  4.44            OX451208.1 30177357 30177581 (7275562)  C          Kuruka  Unspecified (7275562) 30177357 30177581
  249 36.48  0.00  0.00            OX451208.1 34437800 34437958 (3015185)  C          Kuruka  Unspecified (3015185) 34437800 34437958
 1357 36.26  2.03  1.94            OX451208.1 35587100 35588283 (1864860)  C          Kuruka  Unspecified (1864860) 35587100 35588283
  291 37.13  0.00  0.00            OX451209.1  1569428  1569594 (26266857)  +          Kuruka  Unspecified (26266857)  1569428  1569594
  375 35.37  2.54  2.03            OX451209.1  7779198  7780301 (20056861)  +          Kuruka  Unspecified (20056861)  7779198  7780301
  503 34.00  3.94  3.94            OX451209.1  8122327  8123561 (19713439)  +          Kuruka  Unspecified (19713439)  8122327  8123561
  242 33.49  4.10  4.53            OX451209.1  8128825  8129068 (19707383)  +          Kuruka  Unspecified (19707383)  8128825  8129068
 1266 35.91  2.09  2.18            OX451209.1  8164866  8166015 (19670436)  +          Kuruka  Unspecified (19670436)  8164866  8166015
  865 35.57  3.05  3.15            OX451209.1  8232456  8233503 (19602948)  +          Kuruka  Unspecified (19602948)  8232456  8233503
  334 34.23  0.00  0.00            OX451209.1  8296829  8296977 (19539474)  +          Kuruka  Unspecified (19539474)  8296829  8296977
  295 32.24  1.94  3.95            OX451209.1  8305118  8305272 (19531179)  +          Kuruka  Unspecified (19531179)  8305118  8305272
  266 31.16  4.44  4.44            OX451209.1  8991885  8992109 (18844342)  +          Kuruka  Unspecified (18844342)  8991885  8992109
  257 30.41  5.86  7.54            OX451209.1  8992576  8992831 (18843620)  +          Kuruka  Unspecified (18843620)  8992576  8992831
 1222 33.94  3.57  3.66            OX451209.1  9376633  9377782 (18458669)  +          Kuruka  Unspecified (18458669)  9376633  9377782
  305 34.22  3.60  3.60            OX451209.1  9583327  9584367 (18252875)  +          Kuruka  Unspecified (18252875)  9583327  9584367
  427 28.38  2.94  5.00            OX451209.1  9649614  9649817 (18186634)  +          Kuruka  Unspecified (18186634)  9649614  9649817
  254 33.86  0.98  3.00            OX451209.1 10208277 10208480 (17627971)  +          Kuruka  Unspecified (17627971) 10208277 10208480
 1368 35.00  2.89  2.97            OX451209.1 11072424 11073601 (16762850)  +          Kuruka  Unspecified (16762850) 11072424 11073601
  851 36.44  2.01  2.16            OX451209.1 11178418 11179065 (16657386)  +          Kuruka  Unspecified (16657386) 11178418 11179065
  577 33.07  3.81  3.81            OX451209.1 11302791 11303940 (16533005)  +          Kuruka  Unspecified (16533005) 11302791 11303940
  502 34.70  2.90  2.90            OX451209.1 11891132 11892281 (15944664)  +          Kuruka  Unspecified (15944664) 11891132 11892281
  302 37.13  0.00  0.00            OX451209.1 12321620 12321786 (15514665)  +          Kuruka  Unspecified (15514665) 12321620 12321786
  303 37.13  0.00  0.00            OX451209.1 21727146 21727312 (6109139)  +          Kuruka  Unspecified (6109139) 21727146 21727312
  261 36.48  0.00  0.00            OX451209.1 26071140 26071298 (1765153)  +          Kuruka  Unspecified (1765153) 26071140 26071298
  249 36.48  0.00  0.00            OX451209.1  7099513  7099671 (20736780)  C          Kuruka  Unspecified (20736780)  7099513  7099671
  843 36.44  2.01  2.16            OX451209.1  7727058  7727705 (20108746)  C          Kuruka  Unspecified (20108746)  7727058  7727705
  898 35.42  0.64  0.80            OX451209.1  8055352  8056454 (19780477)  C          Kuruka  Unspecified (19780477)  8055352  8056454
  720 36.05  2.04  2.18            OX451209.1  8662132  8663310 (19173586)  C          Kuruka  Unspecified (19173586)  8662132  8663310
  249 31.55  5.47  7.14            OX451209.1  8863704  8863959 (18972492)  C          Kuruka  Unspecified (18972492)  8863704  8863959
  283 28.58  6.67  6.67            OX451209.1  8864426  8864650 (18971801)  C          Kuruka  Unspecified (18971801)  8864426  8864650
 1058 35.88  2.30  2.40            OX451209.1  9351032  9352116 (18484335)  C          Kuruka  Unspecified (18484335)  9351032  9352116
  865 35.57  3.05  3.15            OX451209.1  9787066  9788113 (18048338)  C          Kuruka  Unspecified (18048338)  9787066  9788113
  243 30.85  5.86  7.54            OX451209.1 10077581 10077836 (17758615)  C          Kuruka  Unspecified (17758615) 10077581 10077836
  249 31.62  4.44  4.44            OX451209.1 10078303 10078527 (17757924)  C          Kuruka  Unspecified (17757924) 10078303 10078527
  456 35.79  0.37  0.74            OX451209.1 10219144 10219788 (17617037)  C          Kuruka  Unspecified (17617037) 10219144 10219788
 1126 35.77  2.46  2.38            OX451209.1 11323829 11325048 (16511403)  C          Kuruka  Unspecified (16511403) 11323829 11325048
  878 35.04  1.94  2.11            OX451209.1 11622511 11623128 (16213323)  C          Kuruka  Unspecified (16213323) 11622511 11623128
  298 37.46  1.30  1.56            OX451209.1 11649878 11650262 (16186189)  C          Kuruka  Unspecified (16186189) 11649878 11650262
  461 33.33  2.02  2.02            OX451209.1 11650651 11650996 (16185455)  C          Kuruka  Unspecified (16185455) 11650651 11650996
  314 24.17  3.19  3.19            OX451209.1 11952172 11952265 (15884186)  C          Kuruka  Unspecified (15884186) 11952172 11952265
  303 37.13  0.00  0.00            OX451209.1 18095719 18095885 (9740566)  C          Kuruka  Unspecified (9740566) 18095719 18095885
  233 26.30  1.92  4.95            OX451209.1 19910839 19910942 (7925509)  C          Kuruka  Unspecified (7925509) 19910839 19910942
  278 35.68  1.30  1.30            OX451210.1  7026976  7027205 (15899080)  +          Kuruka  Unspecified (15899080)  7026976  7027205
  419 31.71  0.00  0.00            OX451210.1  7027423  7028125 (15898654)  +          Kuruka  Unspecified (15898654)  7027423  7028125
 1333 35.72  2.54  2.46            OX451210.1  7298249  7299468 (15626817)  +          Kuruka  Unspecified (15626817)  7298249  7299468
  241 35.34  2.06  3.33            OX451210.1  7956397  7956639 (14969646)  +          Kuruka  Unspecified (14969646)  7956397  7956639
  730 33.66  4.01  3.84            OX451210.1  7956909  7957532 (14968753)  +          Kuruka  Unspecified (14968753)  7956909  7957532
  226 35.65  1.18  2.80            OX451210.1  8232099  8232352 (14693933)  +          Kuruka  Unspecified (14693933)  8232099  8232352
  226 28.43  2.86  2.86            OX451210.1  8256966  8257070 (14669215)  +          Kuruka  Unspecified (14669215)  8256966  8257070
  228 33.90  1.97  3.60            OX451210.1  8497299  8497552 (14428733)  +          Kuruka  Unspecified (14428733)  8497299  8497552
  303 37.13  0.00  0.00            OX451210.1  8511004  8511170 (14415115)  +          Kuruka  Unspecified (14415115)  8511004  8511170
 1119 35.50  3.06  3.15            OX451210.1  8526546  8527592 (14398693)  +          Kuruka  Unspecified (14398693)  8526546  8527592
 1167 36.64  2.11  2.03            OX451210.1  9961729  9962912 (12963373)  +          Kuruka  Unspecified (12963373)  9961729  9962912
  288 26.88  3.12  3.12            OX451210.1  9970842  9970937 (12955348)  +          Kuruka  Unspecified (12955348)  9970842  9970937
  288 26.88  3.12  3.12            OX451210.1  9977218  9977313 (12948972)  +          Kuruka  Unspecified (12948972)  9977218  9977313
  232 33.74  2.68  3.47            OX451210.1 10033153 10033413 (12892872)  +          Kuruka  Unspecified (12892872) 10033153 10033413
 1027 34.21  4.06  4.17            OX451210.1 10163358 10164318 (12761967)  +          Kuruka  Unspecified (12761967) 10163358 10164318
  251 27.87  2.14  5.15            OX451210.1 10658285 10658424 (12267861)  +          Kuruka  Unspecified (12267861) 10658285 10658424
  286 31.16  4.44  4.44            OX451210.1 11525411 11525635 (11400650)  +          Kuruka  Unspecified (11400650) 11525411 11525635
  275 30.98  6.25  7.94            OX451210.1 11537421 11537676 (11388609)  +          Kuruka  Unspecified (11388609) 11537421 11537676
  303 37.13  0.00  0.00            OX451210.1 20463107 20463273 (2463012)  +          Kuruka  Unspecified (2463012) 20463107 20463273
  303 37.13  0.00  0.00            OX451210.1 22077263 22077429 (848856)  +          Kuruka  Unspecified (848856) 22077263 22077429
  249 36.48  0.00  0.00            OX451210.1 22803623 22803781 (122504)  +          Kuruka  Unspecified (122504) 22803623 22803781
  303 37.13  0.00  0.00            OX451210.1  3500557  3500723 (19425562)  C          Kuruka  Unspecified (19425562)  3500557  3500723
  302 37.13  0.00  0.00            OX451210.1  6772574  6772740 (16153545)  C          Kuruka  Unspecified (16153545)  6772574  6772740
  285 29.27  6.25  7.94            OX451210.1  8211372  8211627 (14714658)  C          Kuruka  Unspecified (14714658)  8211372  8211627
  307 28.77  5.78  5.78            OX451210.1  8212094  8212318 (14713967)  C          Kuruka  Unspecified (14713967)  8212094  8212318
  286 37.13  0.00  0.00            OX451210.1  8407250  8407416 (14518869)  C          Kuruka  Unspecified (14518869)  8407250  8407416
 1079 33.34  2.25  2.43            OX451210.1  9404622  9405199 (13521086)  C          Kuruka  Unspecified (13521086)  9404622  9405199
  898 35.42  0.64  0.80            OX451210.1  9821824  9822926 (13103839)  C          Kuruka  Unspecified (13103839)  9821824  9822926
 1051 34.21  4.06  4.17            OX451210.1 10176987 10177947 (12748338)  C          Kuruka  Unspecified (12748338) 10176987 10177947
 1143 36.86  2.00  2.09            OX451210.1 10595991 10597140 (12329145)  C          Kuruka  Unspecified (12329145) 10595991 10597140
  541 35.15  0.31  0.61            OX451210.1 11416618 11417586 (11509341)  C          Kuruka  Unspecified (11509341) 11416618 11417586
  252 29.71  3.85  3.85            OX451210.1 11451525 11451706 (11474579)  C          Kuruka  Unspecified (11474579) 11451525 11451706
  252 29.71  3.85  3.85            OX451210.1 11453390 11453571 (11472714)  C          Kuruka  Unspecified (11472714) 11453390 11453571
  291 37.13  0.00  0.00            OX451210.1 15476441 15476607 (7449678)  C          Kuruka  Unspecified (7449678) 15476441 15476607
  240 33.00  2.91  2.91            OX451211.1  7050258  7050360 (12725418)  +          Kuruka  Unspecified (12725418)  7050258  7050360
 1246 36.52  2.03  1.94            OX451211.1  7788672  7789855 (11985923)  +          Kuruka  Unspecified (11985923)  7788672  7789855
 1072 35.65  2.72  2.84            OX451211.1  7899686  7900603 (11875175)  +          Kuruka  Unspecified (11875175)  7899686  7900603
 1072 35.65  2.72  2.84            OX451211.1  7918368  7919285 (11856493)  +          Kuruka  Unspecified (11856493)  7918368  7919285
 1344 36.12  2.11  2.03            OX451211.1  8333319  8334502 (11441276)  +          Kuruka  Unspecified (11441276)  8333319  8334502
  266 29.90  4.89  4.89            OX451211.1  8376016  8376240 (11399538)  +          Kuruka  Unspecified (11399538)  8376016  8376240
  252 30.85  5.86  7.54            OX451211.1  8376707  8376962 (11398816)  +          Kuruka  Unspecified (11398816)  8376707  8376962
  324 34.67  0.00  0.00            OX451211.1  8516383  8516532 (11259246)  +          Kuruka  Unspecified (11259246)  8516383  8516532
  303 35.95  1.20  1.20            OX451211.1  8532454  8533029 (11243158)  +          Kuruka  Unspecified (11243158)  8532454  8533029
  281 33.16  4.80  4.80            OX451211.1  8639624  8640207 (11135905)  +          Kuruka  Unspecified (11135905)  8639624  8640207
  638 34.04  0.86  2.64            OX451211.1  8647634  8647980 (11127798)  +          Kuruka  Unspecified (11127798)  8647634  8647980
  266 31.16  4.44  4.44            OX451211.1  9109744  9109968 (10665810)  +          Kuruka  Unspecified (10665810)  9109744  9109968
  843 36.27  2.01  2.16            OX451211.1  9155341  9155988 (10619790)  +          Kuruka  Unspecified (10619790)  9155341  9155988
  236 35.04  2.86  2.86            OX451211.1  9260695  9261485 (10515014)  +          Kuruka  Unspecified (10515014)  9260695  9261485
  305 35.21  3.94  3.94            OX451211.1  9941912  9942597 (9833181)  +          Kuruka  Unspecified (9833181)  9941912  9942597
  303 37.13  0.00  0.00            OX451211.1 10077069 10077235 (9698543)  +          Kuruka  Unspecified (9698543) 10077069 10077235
 1223 36.38  2.11  2.03            OX451211.1 10720644 10721827 (9053951)  +          Kuruka  Unspecified (9053951) 10720644 10721827
  922 36.50  1.94  2.03            OX451211.1 11912063 11913147 (7862631)  +          Kuruka  Unspecified (7862631) 11912063 11913147
  621 35.17  4.82  4.82            OX451211.1 12068270 12069238 (7706949)  +          Kuruka  Unspecified (7706949) 12068270 12069238
  635 36.79  1.70  1.85            OX451211.1 12300973 12301620 (7474158)  +          Kuruka  Unspecified (7474158) 12300973 12301620
  246 32.99  3.43  3.43            OX451211.1 12814568 12814771 (6961007)  +          Kuruka  Unspecified (6961007) 12814568 12814771
  588 32.93  1.51  1.82            OX451211.1 12815163 12815493 (6960285)  +          Kuruka  Unspecified (6960285) 12815163 12815493
 1044 35.73  2.40  2.49            OX451211.1 13439950 13441034 (6334744)  +          Kuruka  Unspecified (6334744) 13439950 13441034
  846 37.72  2.54  2.63            OX451211.1  6789455  6790633 (12985145)  C          Kuruka  Unspecified (12985145)  6789455  6790633
  921 34.68  2.13  2.30            OX451211.1  7551787  7552397 (12223381)  C          Kuruka  Unspecified (12223381)  7551787  7552397
 1100 36.15  2.62  2.43            OX451211.1  8369800  8370868 (11404910)  C          Kuruka  Unspecified (11404910)  8369800  8370868
  944 33.91  3.91  3.64            OX451211.1  8404157  8404924 (11370854)  C          Kuruka  Unspecified (11370854)  8404157  8404924
  339 36.08  0.51  0.51            OX451211.1  8405631  8405825 (11369953)  C          Kuruka  Unspecified (11369953)  8405631  8405825
  319 35.00  2.82  3.08            OX451211.1  8549072  8550283 (11226317)  C          Kuruka  Unspecified (11226317)  8549072  8550283
  269 30.69  4.44  4.44            OX451211.1  8672259  8672483 (11103295)  C          Kuruka  Unspecified (11103295)  8672259  8672483
 1022 36.99  2.18  2.26            OX451211.1  9045891  9047085 (10728693)  C          Kuruka  Unspecified (10728693)  9045891  9047085
  239 32.90  1.27  1.27            OX451211.1  9977010  9977166 (9798612)  C          Kuruka  Unspecified (9798612)  9977010  9977166
  451 35.27  2.92  2.92            OX451211.1  9978683  9979196 (9796582)  C          Kuruka  Unspecified (9796582)  9978683  9979196
  274 35.62  0.48  1.46            OX451211.1  9979438  9979645 (9796133)  C          Kuruka  Unspecified (9796133)  9979438  9979645
  303 37.13  0.00  0.00            OX451211.1 10090187 10090353 (9685425)  C          Kuruka  Unspecified (9685425) 10090187 10090353
  925 37.57  1.99  2.09            OX451211.1 10102949 10103954 (9671824)  C          Kuruka  Unspecified (9671824) 10102949 10103954
 1286 36.12  2.11  2.03            OX451211.1 10177984 10179167 (9596611)  C          Kuruka  Unspecified (9596611) 10177984 10179167
  817 37.21  2.80  2.89            OX451211.1 10504934 10506112 (9269666)  C          Kuruka  Unspecified (9269666) 10504934 10506112
  987 33.92  4.47  3.84            OX451211.1 11021702 11022685 (8753093)  C          Kuruka  Unspecified (8753093) 11021702 11022685
  299 33.09  0.75  0.75            OX451211.1 11213519 11213652 (8562126)  C          Kuruka  Unspecified (8562126) 11213519 11213652
  990 36.93  4.82  1.91            OX451211.1 12181915 12183035 (7592743)  C          Kuruka  Unspecified (7592743) 12181915 12183035
  291 37.13  0.00  0.00            OX451212.1   572521   572687 (18903583)  +          Kuruka  Unspecified (18903583)   572521   572687
 1146 35.75  2.94  3.03            OX451212.1  1807364  1808485 (17667785)  +          Kuruka  Unspecified (17667785)  1807364  1808485
 1286 36.12  2.11  2.03            OX451212.1  3648695  3649878 (15826392)  +          Kuruka  Unspecified (15826392)  3648695  3649878
  290 31.48  2.70  5.56            OX451212.1  8795847  8796031 (10680239)  +          Kuruka  Unspecified (10680239)  8795847  8796031
  236 33.34  0.00  1.04            OX451212.1 10712258 10712354 (8763916)  +          Kuruka  Unspecified (8763916) 10712258 10712354
  529 34.95  3.06  3.06            OX451212.1 10904517 10905728 (8571068)  +          Kuruka  Unspecified (8571068) 10904517 10905728
 1281 35.80  2.54  2.46            OX451212.1 11060949 11062168 (8414102)  +          Kuruka  Unspecified (8414102) 11060949 11062168
 1286 36.12  2.11  2.03            OX451212.1 11737579 11738762 (7737508)  +          Kuruka  Unspecified (7737508) 11737579 11738762
  358 26.50  4.48  1.45            OX451212.1 11753827 11753960 (7722310)  +          Kuruka  Unspecified (7722310) 11753827 11753960
  253 35.27  4.42  4.42            OX451212.1 12219512 12220351 (7256420)  +          Kuruka  Unspecified (7256420) 12219512 12220351
  256 31.62  4.44  4.44            OX451212.1 12683438 12683662 (6792608)  +          Kuruka  Unspecified (6792608) 12683438 12683662
  292 29.27  6.25  7.94            OX451212.1 12684129 12684384 (6791886)  +          Kuruka  Unspecified (6791886) 12684129 12684384
  303 37.13  0.00  0.00            OX451212.1  2704047  2704213 (16772057)  C          Kuruka  Unspecified (16772057)  2704047  2704213
  303 37.13  0.00  0.00            OX451212.1  2734052  2734218 (16742052)  C          Kuruka  Unspecified (16742052)  2734052  2734218
  314 37.13  0.00  0.00            OX451212.1  8290340  8290506 (11185764)  C          Kuruka  Unspecified (11185764)  8290340  8290506
  906 33.98  4.21  4.32            OX451212.1 10335181 10336106 (9140164)  C          Kuruka  Unspecified (9140164) 10335181 10336106
  672 36.68  1.39  1.55            OX451212.1 10563420 10564067 (8912203)  C          Kuruka  Unspecified (8912203) 10563420 10564067
  359 31.30  0.76  0.76            OX451212.1 11046010 11046141 (8430129)  C          Kuruka  Unspecified (8430129) 11046010 11046141
  325 25.30  0.00  0.00            OX451212.1 11501995 11502077 (7974193)  C          Kuruka  Unspecified (7974193) 11501995 11502077
  290 26.88  3.12  3.12            OX451212.1 11742626 11742721 (7733549)  C          Kuruka  Unspecified (7733549) 11742626 11742721
  284 30.28  5.47  7.14            OX451212.1 12539289 12539544 (6936726)  C          Kuruka  Unspecified (6936726) 12539289 12539544
  247 31.16  4.44  4.44            OX451212.1 12540011 12540235 (6936035)  C          Kuruka  Unspecified (6936035) 12540011 12540235
  284 35.98  0.53  0.53            OX451212.1 14229522 14229711 (5246559)  C          Kuruka  Unspecified (5246559) 14229522 14229711
  291 37.13  0.00  0.00            OX451212.1 14353153 14353319 (5122951)  C          Kuruka  Unspecified (5122951) 14353153 14353319
  335 35.38  3.06  3.06            OX451213.1  4945769  4946980 (12177927)  +          Kuruka  Unspecified (12177927)  4945769  4946980
  236 33.34  0.00  1.04            OX451213.1  5432293  5432389 (11691992)  +          Kuruka  Unspecified (11691992)  5432293  5432389
  249 36.48  0.00  0.00            OX451213.1  6232877  6233035 (10891346)  +          Kuruka  Unspecified (10891346)  6232877  6233035
 1001 36.67  1.88  1.70            OX451213.1  6447351  6448465 (10675916)  +          Kuruka  Unspecified (10675916)  6447351  6448465
  240 36.48  0.00  0.00            OX451213.1  6471325  6471483 (10652898)  +          Kuruka  Unspecified (10652898)  6471325  6471483
  833 38.21  2.25  2.34            OX451213.1  6494772  6495840 (10628541)  +          Kuruka  Unspecified (10628541)  6494772  6495840
 1092 34.96  2.99  3.08            OX451213.1  7143935  7145038 (9979343)  +          Kuruka  Unspecified (9979343)  7143935  7145038
 1210 36.47  2.11  2.03            OX451213.1  7193175  7194358 (9930023)  +          Kuruka  Unspecified (9930023)  7193175  7194358
  266 31.16  4.44  4.44            OX451213.1  8575103  8575327 (8549054)  +          Kuruka  Unspecified (8549054)  8575103  8575327
  259 30.55  6.25  7.94            OX451213.1  8575794  8576049 (8548332)  +          Kuruka  Unspecified (8548332)  8575794  8576049
 1020 35.64  2.67  2.77            OX451213.1  8613032  8614116 (8510265)  +          Kuruka  Unspecified (8510265)  8613032  8614116
  654 36.53  2.03  2.12            OX451213.1  9405060  9406144 (7718237)  +          Kuruka  Unspecified (7718237)  9405060  9406144
  363 35.10  3.06  3.06            OX451213.1 10850616 10851828 (6273080)  +          Kuruka  Unspecified (6273080) 10850616 10851828
  347 35.52  2.80  2.28            OX451213.1 10893081 10894183 (6230908)  +          Kuruka  Unspecified (6230908) 10893081 10894183
  264 33.61  0.00  0.00            OX451213.1  5090504  5091345 (12033825)  C          Kuruka  Unspecified (12033825)  5090504  5091345
  875 35.51  3.72  4.58            OX451213.1  5135659  5136626 (11987755)  C          Kuruka  Unspecified (11987755)  5135659  5136626
  960 35.79  2.64  2.73            OX451213.1  5184576  5185750 (11938631)  C          Kuruka  Unspecified (11938631)  5184576  5185750
  531 36.45  2.70  3.75            OX451213.1  5269810  5270402 (11853979)  C          Kuruka  Unspecified (11853979)  5269810  5270402
  698 33.20  2.52  3.38            OX451213.1  5309046  5309522 (11814859)  C          Kuruka  Unspecified (11814859)  5309046  5309522
 1016 36.16  0.85  1.00            OX451213.1  5504473  5505176 (11619205)  C          Kuruka  Unspecified (11619205)  5504473  5505176
  390 36.02  2.81  2.28            OX451213.1  5508193  5508584 (11615797)  C          Kuruka  Unspecified (11615797)  5508193  5508584
  898 35.42  0.64  0.80            OX451213.1  5744181  5745283 (11379578)  C          Kuruka  Unspecified (11379578)  5744181  5745283
  521 30.59  3.27  3.76            OX451213.1  5887151  5887364 (11237017)  C          Kuruka  Unspecified (11237017)  5887151  5887364
  899 36.25  2.43  2.95            OX451213.1  6219440  6220630 (10903751)  C          Kuruka  Unspecified (10903751)  6219440  6220630
  984 36.22  2.72  2.84            OX451213.1  6292394  6293311 (10831070)  C          Kuruka  Unspecified (10831070)  6292394  6293311
 1001 36.42  2.21  2.31            OX451213.1  6504253  6505337 (10619044)  C          Kuruka  Unspecified (10619044)  6504253  6505337
 1014 35.58  2.15  2.28            OX451213.1  6513606  6514396 (10609985)  C          Kuruka  Unspecified (10609985)  6513606  6514396
  291 37.13  0.00  0.00            OX451213.1  6689278  6689444 (10434937)  C          Kuruka  Unspecified (10434937)  6689278  6689444
  889 35.00  0.96  1.13            OX451213.1  7372821  7373923 (9750938)  C          Kuruka  Unspecified (9750938)  7372821  7373923
 1113 36.91  2.43  2.51            OX451213.1  7957387  7958581 (9165800)  C          Kuruka  Unspecified (9165800)  7957387  7958581
  291 37.13  0.00  0.00            OX451213.1  8246013  8246179 (8878202)  C          Kuruka  Unspecified (8878202)  8246013  8246179
  989 36.11  2.40  2.40            OX451213.1  8541192  8542275 (8582106)  C          Kuruka  Unspecified (8582106)  8541192  8542275
 1486 34.20  2.86  3.04            OX451213.1  8875870  8877024 (8247357)  C          Kuruka  Unspecified (8247357)  8875870  8877024
  225 12.50  4.00  4.00            OX451213.1  8877716  8877765 (8246616)  C          Kuruka  Unspecified (8246616)  8877716  8877765
  526 36.47  0.31  0.61            OX451213.1 10473490 10474458 (6650565)  C          Kuruka  Unspecified (6650565) 10473490 10474458
  849 31.31  2.43  4.12            OX451213.1 10624403 10624895 (6499486)  C          Kuruka  Unspecified (6499486) 10624403 10624895
  605 36.47  2.91  2.63            OX451213.1 10633365 10634085 (6490296)  C          Kuruka  Unspecified (6490296) 10633365 10634085
  764 35.28  1.47  1.64            OX451213.1 10944543 10945153 (6179228)  C          Kuruka  Unspecified (6179228) 10944543 10945153
  293 31.75  2.58  2.58            OX451213.1 10945396 10945589 (6178792)  C          Kuruka  Unspecified (6178792) 10945396 10945589
  296 31.75  2.58  2.58            OX451213.1 11020112 11020305 (6104076)  C          Kuruka  Unspecified (6104076) 11020112 11020305
  295 30.78  0.00  0.96            OX451213.1 11032728 11032832 (6091549)  C          Kuruka  Unspecified (6091549) 11032728 11032832
  261 33.90  1.97  3.60            OX451213.1 11130058 11130311 (5994070)  C          Kuruka  Unspecified (5994070) 11130058 11130311
 1146 35.75  2.94  3.03            OX451213.1 13365888 13367009 (3757372)  C          Kuruka  Unspecified (3757372) 13365888 13367009
  296 36.24  1.86  2.03            OX451213.1 17042784 17043909  (81007)  C          Kuruka  Unspecified  (81007) 17042784 17043909
