  246 33.18  3.11  4.74     CADCXM020000001.1    46196    46388 (105794)  +          Kuruka  Unspecified (105794)    46196    46388
  246 33.18  3.11  4.74     CADCXM020000001.1    50419    50611 (101571)  +          Kuruka  Unspecified (101571)    50419    50611
  375 35.79  1.81  1.81     CADCXM020000003.1    37932    38207  (71559)  +          Kuruka  Unspecified  (71559)    37932    38207
 1945 34.23  2.09  2.18     CADCXM020000008.1     6570     7716  (69423)  C          Kuruka  Unspecified  (69423)     6570     7716
  261 31.27  4.27  8.44     CADCXM020000010.1    59919    60152  (14669)  +          Kuruka  Unspecified  (14669)    59919    60152
  261 31.27  4.27  8.44     CADCXM020000010.1    70714    70947   (3874)  C          Kuruka  Unspecified   (3874)    70714    70947
  340 35.62  1.27  1.27     CADCXM020000017.1    38066    38301   (7221)  +          Kuruka  Unspecified   (7221)    38066    38301
  261 31.02  2.60  2.60     CADCXM020000023.1    25106    25297  (11660)  C          Kuruka  Unspecified  (11660)    25106    25297
  383 35.79  1.81  1.81     CADCXM020000023.1    25610    25885  (11072)  C          Kuruka  Unspecified  (11072)    25610    25885
  332 34.19  3.58  3.58     CADCXM020000026.1     7954     8232  (23100)  +          Kuruka  Unspecified  (23100)     7954     8232
  549 31.40  1.43  1.43     CADCXM020000027.1     8383     8592  (22611)  C          Kuruka  Unspecified  (22611)     8383     8592
 2003 32.12  2.60  2.71     CADCXM020000027.1    12180    13139  (18064)  C          Kuruka  Unspecified  (18064)    12180    13139
 2505 32.23  2.39  2.47     CADCXM020000028.1     7485     8658  (20724)  +          Kuruka  Unspecified  (20724)     7485     8658
  316 34.00  3.42  3.82     CADCXM020000028.1    14424    14686  (14696)  C          Kuruka  Unspecified  (14696)    14424    14686
  274 22.73  0.00  0.00     CADCXM020000053.1   112966   113031  (72291)  +          Kuruka  Unspecified  (72291)   112966   113031
  338 38.88  2.25  1.76     CADCXM020000054.1    66919    67541 (116626)  C          Kuruka  Unspecified (116626)    66919    67541
 1228 36.22  2.63  2.72     CADCXM020000058.1    93609    94749  (90471)  C          Kuruka  Unspecified  (90471)    93609    94749
  464 35.72  1.21  1.21            LR761647.1   236293   237448 (18619558)  +          Kuruka  Unspecified (18619558)   236293   237448
  391 32.68  1.44  1.44            LR761647.1  8691934  8692141 (10164040)  +          Kuruka  Unspecified (10164040)  8691934  8692141
 1064 36.10  1.50  1.63            LR761647.1  8692384  8693118 (10163063)  +          Kuruka  Unspecified (10163063)  8692384  8693118
  297 23.53  0.00  0.00            LR761647.1  9608816  9608883 (9247298)  +          Kuruka  Unspecified (9247298)  9608816  9608883
  392 35.79  1.81  1.81            LR761647.1 13918170 13918445 (4937736)  +          Kuruka  Unspecified (4937736) 13918170 13918445
  241 31.55  2.60  2.60            LR761647.1 13918758 13918949 (4937232)  +          Kuruka  Unspecified (4937232) 13918758 13918949
  338 20.00  0.00  0.00            LR761647.1 14220957 14221026 (4635155)  +          Kuruka  Unspecified (4635155) 14220957 14221026
  300 20.19  5.45  5.45            LR761647.1 14221467 14221576 (4634605)  +          Kuruka  Unspecified (4634605) 14221467 14221576
  365 30.92  1.30  1.30            LR761647.1 14337669 14337822 (4518359)  +          Kuruka  Unspecified (4518359) 14337669 14337822
  265 36.61  0.00  0.00            LR761647.1 14338107 14338218 (4517963)  +          Kuruka  Unspecified (4517963) 14338107 14338218
  535 36.17  1.21  1.21            LR761647.1 16424959 16426114 (2430892)  +          Kuruka  Unspecified (2430892) 16424959 16426114
  562 37.29  1.46  1.61            LR761647.1  4580898  4582048 (14274601)  C          Kuruka  Unspecified (14274601)  4580898  4582048
  274 38.33  1.10  1.10            LR761647.1  5236580  5236761 (13619420)  C          Kuruka  Unspecified (13619420)  5236580  5236761
  393 30.26  1.30  1.30            LR761647.1  5236976  5237129 (13619052)  C          Kuruka  Unspecified (13619052)  5236976  5237129
 2204 34.48  1.86  1.95            LR761647.1  8581240  8582422 (10273759)  C          Kuruka  Unspecified (10273759)  8581240  8582422
  300 20.19  5.45  5.45            LR761647.1 17737734 17737843 (1118338)  C          Kuruka  Unspecified (1118338) 17737734 17737843
  338 20.00  0.00  0.00            LR761647.1 17738284 17738353 (1117828)  C          Kuruka  Unspecified (1117828) 17738284 17738353
  332 34.19  3.58  3.58            LR761647.1 18845164 18845442  (10739)  C          Kuruka  Unspecified  (10739) 18845164 18845442
  317 20.00  0.00  0.00            LR761648.1   236031   236100 (18058118)  +          Kuruka  Unspecified (18058118)   236031   236100
  297 34.00  3.42  3.82            LR761648.1  8240533  8240795 (10053423)  +          Kuruka  Unspecified (10053423)  8240533  8240795
  265 36.61  0.00  0.00            LR761648.1  1158494  1158605 (17135613)  C          Kuruka  Unspecified (17135613)  1158494  1158605
  365 30.92  1.30  1.30            LR761648.1  1158890  1159043 (17135175)  C          Kuruka  Unspecified (17135175)  1158890  1159043
  389 35.49  3.88  0.42            LR761648.1  6557637  6558303 (11736350)  C          Kuruka  Unspecified (11736350)  6557637  6558303
  297 34.00  3.42  3.82            LR761648.1 11870349 11870611 (6423607)  C          Kuruka  Unspecified (6423607) 11870349 11870611
 1269 35.95  2.63  2.72            LR761649.1  3277951  3279091 (14478352)  +          Kuruka  Unspecified (14478352)  3277951  3279091
  535 35.67  1.21  1.21            LR761649.1  3888049  3889204 (13869064)  +          Kuruka  Unspecified (13869064)  3888049  3889204
  297 34.00  3.42  3.82            LR761649.1  5100639  5100901 (12656542)  +          Kuruka  Unspecified (12656542)  5100639  5100901
 1605 36.66  1.82  1.91            LR761649.1  6321450  6322603 (11434840)  +          Kuruka  Unspecified (11434840)  6321450  6322603
  338 20.00  0.00  0.00            LR761649.1 10569228 10569297 (7188146)  +          Kuruka  Unspecified (7188146) 10569228 10569297
  312 21.91  4.55  4.55            LR761649.1 10569738 10569847 (7187596)  +          Kuruka  Unspecified (7187596) 10569738 10569847
  343 37.31  1.10  1.48            LR761649.1 11148851 11149122 (6608321)  +          Kuruka  Unspecified (6608321) 11148851 11149122
 2152 33.19  2.64  2.72            LR761649.1 15058544 15059757 (2697686)  +          Kuruka  Unspecified (2697686) 15058544 15059757
  550 35.48  1.21  1.21            LR761649.1 15481769 15482435 (2275344)  +          Kuruka  Unspecified (2275344) 15481769 15482435
  245 29.81  1.89  1.89            LR761649.1 15482709 15482814 (2274629)  +          Kuruka  Unspecified (2274629) 15482709 15482814
 1595 36.30  2.32  2.40            LR761649.1 17744987 17746194  (11249)  +          Kuruka  Unspecified  (11249) 17744987 17746194
  523 37.02  2.16  2.16            LR761650.1  2577881  2579031 (14961299)  +          Kuruka  Unspecified (14961299)  2577881  2579031
  540 35.49  1.21  1.21            LR761650.1  6053337  6054003 (11485883)  +          Kuruka  Unspecified (11485883)  6053337  6054003
  256 20.00  0.00  0.00            LR761650.1 10821062 10821111 (6718439)  +          Kuruka  Unspecified (6718439) 10821062 10821111
  464 36.04  1.21  1.21            LR761650.1 13807111 13808266 (3732109)  +          Kuruka  Unspecified (3732109) 13807111 13808266
  274 22.73  0.00  0.00            LR761650.1 13862074 13862139 (3677411)  +          Kuruka  Unspecified (3677411) 13862074 13862139
 1279 36.92  2.10  2.19            LR761650.1 16956495 16957635 (581915)  +          Kuruka  Unspecified (581915) 16956495 16957635
  505 36.07  3.05  5.39            LR761650.1  1313750  1314905 (16225080)  C          Kuruka  Unspecified (16225080)  1313750  1314905
  550 35.78  1.21  1.21            LR761650.1  1317010  1317340 (16222210)  C          Kuruka  Unspecified (16222210)  1317010  1317340
  505 35.63  3.05  5.39            LR761650.1  1322655  1323642 (16216175)  C          Kuruka  Unspecified (16216175)  1322655  1323642
  271 36.61  0.00  0.00            LR761650.1  4085234  4085345 (13454205)  C          Kuruka  Unspecified (13454205)  4085234  4085345
  378 30.92  1.30  1.30            LR761650.1  4085630  4085783 (13453767)  C          Kuruka  Unspecified (13453767)  4085630  4085783
 1631 33.95  3.00  3.39            LR761650.1 10932904 10933970 (6605580)  C          Kuruka  Unspecified (6605580) 10932904 10933970
 2061 33.15  2.69  3.71            LR761650.1 10986511 10987735 (6551815)  C          Kuruka  Unspecified (6551815) 10986511 10987735
  531 35.77  3.05  5.39            LR761650.1 12444399 12445554 (5094431)  C          Kuruka  Unspecified (5094431) 12444399 12445554
  338 20.00  0.00  0.00            LR761650.1 13215538 13215607 (4323943)  C          Kuruka  Unspecified (4323943) 13215538 13215607
 2130 32.36  1.71  1.81            LR761650.1 13850695 13851802 (3687748)  C          Kuruka  Unspecified (3687748) 13850695 13851802
  297 23.53  0.00  0.00            LR761650.1 13914272 13914339 (3625211)  C          Kuruka  Unspecified (3625211) 13914272 13914339
  278 21.91  4.00  2.63            LR761650.1 15626016 15626090 (1913460)  C          Kuruka  Unspecified (1913460) 15626016 15626090
 1712 36.85  1.39  1.47            LR761650.1 16910572 16911725 (627825)  C          Kuruka  Unspecified (627825) 16910572 16911725
 1292 36.83  2.10  2.19            LR761650.1 16921113 16922253 (617297)  C          Kuruka  Unspecified (617297) 16921113 16922253
 2116 32.88  2.97  3.05            LR761651.1  2254309  2255522 (15063971)  +          Kuruka  Unspecified (15063971)  2254309  2255522
  287 34.13  1.95  1.95            LR761651.1  2552544  2552800 (14766693)  +          Kuruka  Unspecified (14766693)  2552544  2552800
 1776 33.91  1.71  1.81            LR761651.1  4461156  4462263 (12857230)  +          Kuruka  Unspecified (12857230)  4461156  4462263
  433 35.42  1.81  1.81            LR761651.1  6636654  6636929 (10682564)  +          Kuruka  Unspecified (10682564)  6636654  6636929
  270 35.89  2.71  2.71            LR761651.1  6637139  6637433 (10682060)  +          Kuruka  Unspecified (10682060)  6637139  6637433
  255 33.97  1.89  1.89            LR761651.1  9738237  9738395 (7581098)  +          Kuruka  Unspecified (7581098)  9738237  9738395
  376 35.67  3.88  0.42            LR761651.1  4069725  4070391 (13249537)  C          Kuruka  Unspecified (13249537)  4069725  4070391
  265 36.61  0.00  0.00            LR761651.1  5831132  5831243 (11488250)  C          Kuruka  Unspecified (11488250)  5831132  5831243
  365 30.92  1.30  1.30            LR761651.1  5831528  5831681 (11487812)  C          Kuruka  Unspecified (11487812)  5831528  5831681
  297 34.00  3.42  3.82            LR761651.1  9227751  9228013 (8091480)  C          Kuruka  Unspecified (8091480)  9227751  9228013
  338 20.00  0.00  0.00            LR761651.1 10646617 10646686 (6672807)  C          Kuruka  Unspecified (6672807) 10646617 10646686
  319 37.46  2.53  2.86            LR761652.1   126632   126947 (17015680)  +          Kuruka  Unspecified (17015680)   126632   126947
  338 20.00  0.00  0.00            LR761652.1  7508703  7508772 (9633855)  +          Kuruka  Unspecified (9633855)  7508703  7508772
  312 21.91  4.55  4.55            LR761652.1  7509213  7509322 (9633305)  +          Kuruka  Unspecified (9633305)  7509213  7509322
  402 32.68  1.44  1.44            LR761652.1 11213061 11213268 (5929359)  +          Kuruka  Unspecified (5929359) 11213061 11213268
 1158 36.86  0.95  1.09            LR761652.1 11213511 11214245 (5928382)  +          Kuruka  Unspecified (5928382) 11213511 11214245
 2116 32.88  2.97  3.05            LR761652.1 14618735 14619948 (2522679)  +          Kuruka  Unspecified (2522679) 14618735 14619948
  523 37.02  2.16  2.16            LR761652.1 15214110 15215260 (1928147)  +          Kuruka  Unspecified (1928147) 15214110 15215260
  425 36.19  2.16  2.16            LR761652.1 16902824 16903740 (239433)  +          Kuruka  Unspecified (239433) 16902824 16903740
 2152 33.19  2.64  2.72            LR761652.1  2116151  2117364 (15025263)  C          Kuruka  Unspecified (15025263)  2116151  2117364
 1137 37.13  0.95  1.09            LR761652.1  8214330  8215064 (8927563)  C          Kuruka  Unspecified (8927563)  8214330  8215064
  402 32.68  1.44  1.44            LR761652.1  8215307  8215514 (8927113)  C          Kuruka  Unspecified (8927113)  8215307  8215514
  279 34.39  3.42  3.82            LR761652.1 11226188 11226450 (5916177)  C          Kuruka  Unspecified (5916177) 11226188 11226450
  338 20.00  0.00  0.00            LR761652.1 12639410 12639479 (4503148)  C          Kuruka  Unspecified (4503148) 12639410 12639479
 2241 33.08  2.71  2.80            LR761653.1   154900   156115 (16751667)  +          Kuruka  Unspecified (16751667)   154900   156115
  317 20.00  0.00  0.00            LR761653.1  1802090  1802159 (15105623)  +          Kuruka  Unspecified (15105623)  1802090  1802159
  281 21.91  4.55  4.55            LR761653.1  1802600  1802709 (15105073)  +          Kuruka  Unspecified (15105073)  1802600  1802709
  338 20.00  0.00  0.00            LR761653.1 13646768 13646837 (3260945)  +          Kuruka  Unspecified (3260945) 13646768 13646837
  301 20.19  5.45  5.45            LR761653.1 13647278 13647387 (3260395)  +          Kuruka  Unspecified (3260395) 13647278 13647387
  297 23.53  0.00  0.00            LR761653.1   367289   367356 (16540426)  C          Kuruka  Unspecified (16540426)   367289   367356
  323 18.84  1.45  0.00            LR761653.1  5969436  5969504 (10938278)  C          Kuruka  Unspecified (10938278)  5969436  5969504
  265 36.61  0.00  0.00            LR761653.1  7057853  7057964 (9849818)  C          Kuruka  Unspecified (9849818)  7057853  7057964
  365 30.92  1.30  1.30            LR761653.1  7058249  7058402 (9849380)  C          Kuruka  Unspecified (9849380)  7058249  7058402
  495 36.97  1.94  4.11            LR761653.1 10603975 10605129 (6303088)  C          Kuruka  Unspecified (6303088) 10603975 10605129
  402 32.68  1.44  1.44            LR761654.1  9523506  9523713 (7175536)  +          Kuruka  Unspecified (7175536)  9523506  9523713
 1137 37.13  0.95  1.09            LR761654.1  9523956  9524690 (7174559)  +          Kuruka  Unspecified (7174559)  9523956  9524690
 1331 36.65  2.10  2.19            LR761654.1  9898044  9899184 (6800065)  +          Kuruka  Unspecified (6800065)  9898044  9899184
  369 39.33  2.17  1.70            LR761654.1 11565422 11566065 (5133184)  +          Kuruka  Unspecified (5133184) 11565422 11566065
  374 29.46  0.89  0.00            LR761654.1  3146565  3146676 (13552573)  C          Kuruka  Unspecified (13552573)  3146565  3146676
  434 36.19  1.56  1.79            LR761654.1  3474596  3475512 (13224205)  C          Kuruka  Unspecified (13224205)  3474596  3475512
  505 35.97  3.05  5.39            LR761654.1  5617655  5618810 (11080874)  C          Kuruka  Unspecified (11080874)  5617655  5618810
 2057 32.92  3.04  3.30            LR761654.1 11702295 11703510 (4995739)  C          Kuruka  Unspecified (4995739) 11702295 11703510
  550 35.97  1.21  1.21            LR761655.1  2990496  2991651 (13187069)  +          Kuruka  Unspecified (13187069)  2990496  2991651
 2068 34.06  1.71  1.80            LR761655.1  7650816  7651927 (8525968)  +          Kuruka  Unspecified (8525968)  7650816  7651927
  343 37.31  1.10  1.48            LR761655.1 10783888 10784159 (5393736)  +          Kuruka  Unspecified (5393736) 10783888 10784159
  332 32.68  1.44  1.44            LR761655.1 15421457 15421664 (756231)  +          Kuruka  Unspecified (756231) 15421457 15421664
  919 36.27  1.22  1.36            LR761655.1 15421907 15422641 (755254)  +          Kuruka  Unspecified (755254) 15421907 15422641
  486 36.01  3.19  5.53            LR761655.1  3054178  3055333 (13122997)  C          Kuruka  Unspecified (13122997)  3054178  3055333
  246 32.56  0.00  0.78            LR761655.1  7055158  7055287 (9122608)  C          Kuruka  Unspecified (9122608)  7055158  7055287
 2126 33.36  2.98  3.06            LR761656.1 12219043 12220316 (3728998)  +          Kuruka  Unspecified (3728998) 12219043 12220316
  366 37.99  2.80  2.32            LR761656.1  6937639  6938282 (9011032)  C          Kuruka  Unspecified (9011032)  6937639  6938282
  263 36.14  1.15  5.76            LR761656.1  8425160  8426315 (7523719)  C          Kuruka  Unspecified (7523719)  8425160  8426315
  265 36.61  0.00  0.00            LR761656.1 10078804 10078915 (5870399)  C          Kuruka  Unspecified (5870399) 10078804 10078915
  365 30.92  1.30  1.30            LR761656.1 10079200 10079353 (5869961)  C          Kuruka  Unspecified (5869961) 10079200 10079353
  255 36.61  0.00  0.00            LR761656.1 10762400 10762511 (5186803)  C          Kuruka  Unspecified (5186803) 10762400 10762511
  365 30.92  1.30  1.30            LR761656.1 10762796 10762949 (5186365)  C          Kuruka  Unspecified (5186365) 10762796 10762949
  297 23.53  0.00  0.00            LR761656.1 13990392 13990459 (1958855)  C          Kuruka  Unspecified (1958855) 13990392 13990459
  391 32.68  1.44  1.44            LR761657.1  1289970  1290177 (14490667)  +          Kuruka  Unspecified (14490667)  1289970  1290177
 1105 35.82  1.50  1.63            LR761657.1  1290420  1291154 (14489690)  +          Kuruka  Unspecified (14489690)  1290420  1291154
 1674 37.12  1.39  1.47            LR761657.1  7016697  7017850 (8762994)  +          Kuruka  Unspecified (8762994)  7016697  7017850
  338 20.00  0.00  0.00            LR761657.1  7066506  7066575 (8714269)  +          Kuruka  Unspecified (8714269)  7066506  7066575
 2093 33.30  2.72  2.80            LR761657.1 12927605 12928818 (2852026)  +          Kuruka  Unspecified (2852026) 12927605 12928818
  281 21.91  4.55  4.55            LR761657.1   756080   756189 (15024655)  C          Kuruka  Unspecified (15024655)   756080   756189
  317 20.00  0.00  0.00            LR761657.1   756630   756699 (15024145)  C          Kuruka  Unspecified (15024145)   756630   756699
  252 37.50  0.00  0.00            LR761657.1  3221016  3221127 (12559717)  C          Kuruka  Unspecified (12559717)  3221016  3221127
  365 30.92  1.30  1.30            LR761657.1  3221412  3221565 (12559279)  C          Kuruka  Unspecified (12559279)  3221412  3221565
  521 35.88  3.05  5.39            LR761657.1  4545730  4546885 (11234394)  C          Kuruka  Unspecified (11234394)  4545730  4546885
  322 35.12  3.88  0.42            LR761657.1  6012658  6013324 (9767955)  C          Kuruka  Unspecified (9767955)  6012658  6013324
  593 36.10  2.77  5.11            LR761657.1 10405474 10406629 (5374650)  C          Kuruka  Unspecified (5374650) 10405474 10406629
  480 36.28  3.05  5.39            LR761657.1 11058433 11059588 (4721691)  C          Kuruka  Unspecified (4721691) 11058433 11059588
  257 31.55  2.60  2.60            LR761657.1 12143783 12143974 (3636870)  C          Kuruka  Unspecified (3636870) 12143783 12143974
  410 35.79  1.81  1.81            LR761657.1 12144287 12144562 (3636282)  C          Kuruka  Unspecified (3636282) 12144287 12144562
  299 20.95  4.55  4.55            LR761657.1 12357461 12357570 (3423274)  C          Kuruka  Unspecified (3423274) 12357461 12357570
  317 20.00  0.00  0.00            LR761657.1 12358010 12358079 (3422765)  C          Kuruka  Unspecified (3422765) 12358010 12358079
 2152 33.19  2.64  2.72            LR761657.1 13701365 13702578 (2078266)  C          Kuruka  Unspecified (2078266) 13701365 13702578
 1837 34.20  1.55  1.64            LR761657.1 15336715 15337811 (443033)  C          Kuruka  Unspecified (443033) 15336715 15337811
  391 32.68  1.44  1.44            LR761658.1  1223713  1223920 (14017415)  +          Kuruka  Unspecified (14017415)  1223713  1223920
 1113 35.51  1.77  1.91            LR761658.1  1224163  1224897 (14016438)  +          Kuruka  Unspecified (14016438)  1224163  1224897
  239 26.54  6.02  3.68            LR761658.1  6816697  6816829 (8424506)  +          Kuruka  Unspecified (8424506)  6816697  6816829
  541 37.39  2.16  2.16            LR761658.1  9269311  9270463 (5971654)  +          Kuruka  Unspecified (5971654)  9269311  9270463
  251 33.97  1.89  1.89            LR761658.1 14176971 14177129 (1064206)  +          Kuruka  Unspecified (1064206) 14176971 14177129
  318 35.49  1.28  1.28            LR761658.1  1406081  1406314 (13835021)  C          Kuruka  Unspecified (13835021)  1406081  1406314
 1070 36.10  1.50  1.63            LR761658.1  3716479  3717213 (11524122)  C          Kuruka  Unspecified (11524122)  3716479  3717213
  391 32.68  1.44  1.44            LR761658.1  3717456  3717663 (11523672)  C          Kuruka  Unspecified (11523672)  3717456  3717663
  297 23.53  0.00  0.00            LR761659.1   999546   999613 (14230579)  +          Kuruka  Unspecified (14230579)   999546   999613
  338 20.00  0.00  0.00            LR761659.1 14256748 14256817 (973375)  +          Kuruka  Unspecified (973375) 14256748 14256817
  331 20.95  4.55  4.55            LR761659.1 14257258 14257367 (972825)  +          Kuruka  Unspecified (972825) 14257258 14257367
  449 35.75  1.21  1.21            LR761659.1 15044672 15045826 (185190)  +          Kuruka  Unspecified (185190) 15044672 15045826
 1247 36.12  2.63  2.72            LR761659.1  1526581  1527721 (13702471)  C          Kuruka  Unspecified (13702471)  1526581  1527721
  297 23.53  0.00  0.00            LR761659.1  2567200  2567267 (12662925)  C          Kuruka  Unspecified (12662925)  2567200  2567267
  251 33.97  1.89  1.89            LR761659.1  3635665  3635823 (11594369)  C          Kuruka  Unspecified (11594369)  3635665  3635823
  528 35.61  1.79  1.56            LR761659.1  5474995  5475909 (9754751)  C          Kuruka  Unspecified (9754751)  5474995  5475909
  348 34.55  3.91  4.37            LR761659.1 12534847 12535076 (2695116)  C          Kuruka  Unspecified (2695116) 12534847 12535076
 1263 36.85  1.69  1.77            LR761660.1  5488089  5489273 (9640476)  +          Kuruka  Unspecified (9640476)  5488089  5489273
 2198 33.84  2.16  2.07            LR761660.1  8821964  8823167 (6306582)  +          Kuruka  Unspecified (6306582)  8821964  8823167
  343 35.07  1.28  1.28            LR761660.1 13282914 13283147 (1846602)  +          Kuruka  Unspecified (1846602) 13282914 13283147
 2134 33.36  2.64  2.72            LR761660.1 14680899 14682112 (447637)  +          Kuruka  Unspecified (447637) 14680899 14682112
  332 34.19  3.58  3.58            LR761660.1 15004472 15004750 (124999)  +          Kuruka  Unspecified (124999) 15004472 15004750
  518 35.88  3.05  5.39            LR761660.1  1368016  1369171 (13761013)  C          Kuruka  Unspecified (13761013)  1368016  1369171
  434 36.19  1.56  1.79            LR761660.1  1977817  1978733 (13151484)  C          Kuruka  Unspecified (13151484)  1977817  1978733
  505 35.97  3.05  5.39            LR761660.1  3379624  3380779 (11749405)  C          Kuruka  Unspecified (11749405)  3379624  3380779
  265 36.61  0.00  0.00            LR761660.1  5522319  5522430 (9607319)  C          Kuruka  Unspecified (9607319)  5522319  5522430
  320 31.12  1.96  1.30            LR761660.1  5522715  5522867 (9606882)  C          Kuruka  Unspecified (9606882)  5522715  5522867
  234 32.56  0.00  0.78            LR761660.1  6487242  6487371 (8642378)  C          Kuruka  Unspecified (8642378)  6487242  6487371
  334 36.71  2.06  2.48            LR761660.1  8010754  8010996 (7118753)  C          Kuruka  Unspecified (7118753)  8010754  8010996
  324 20.59  0.00  0.00            LR761661.1  5781621  5781688 (9002291)  +          Kuruka  Unspecified (9002291)  5781621  5781688
  323 17.65  2.94  0.00            LR761661.1  8053430  8053497 (6730482)  +          Kuruka  Unspecified (6730482)  8053430  8053497
  229 26.00  3.85  3.85            LR761661.1  8053935  8054038 (6729941)  +          Kuruka  Unspecified (6729941)  8053935  8054038
  460 36.15  1.61  1.28            LR761661.1  1178371  1178681 (13605298)  C          Kuruka  Unspecified (13605298)  1178371  1178681
  431 36.15  2.78  4.97            LR761661.1  1287968  1288686 (13495293)  C          Kuruka  Unspecified (13495293)  1287968  1288686
  265 36.61  0.00  0.00            LR761661.1  2270649  2270760 (12513219)  C          Kuruka  Unspecified (12513219)  2270649  2270760
  365 30.92  1.30  1.30            LR761661.1  2271045  2271198 (12512781)  C          Kuruka  Unspecified (12512781)  2271045  2271198
  392 35.79  1.81  1.81            LR761662.1  1403100  1403375 (13229491)  +          Kuruka  Unspecified (13229491)  1403100  1403375
  258 31.02  2.60  2.60            LR761662.1  1403688  1403879 (13228987)  +          Kuruka  Unspecified (13228987)  1403688  1403879
  338 20.00  0.00  0.00            LR761662.1  3217440  3217509 (11415357)  +          Kuruka  Unspecified (11415357)  3217440  3217509
  312 21.91  4.55  4.55            LR761662.1  3217950  3218059 (11414807)  +          Kuruka  Unspecified (11414807)  3217950  3218059
  338 20.00  0.00  0.00            LR761662.1  3701039  3701108 (10931758)  +          Kuruka  Unspecified (10931758)  3701039  3701108
  555 35.31  1.21  1.21            LR761662.1  5227606  5228272 (9404930)  +          Kuruka  Unspecified (9404930)  5227606  5228272
 2124 33.36  2.64  2.72            LR761662.1  6868979  6870192 (7762674)  +          Kuruka  Unspecified (7762674)  6868979  6870192
 2161 32.86  3.04  3.13            LR761662.1  7755447  7756662 (6876204)  +          Kuruka  Unspecified (6876204)  7755447  7756662
 2106 32.80  2.97  3.05            LR761662.1  8387290  8388503 (6244363)  +          Kuruka  Unspecified (6244363)  8387290  8388503
  550 35.97  1.21  1.21            LR761662.1  9324371  9325526 (5308165)  +          Kuruka  Unspecified (5308165)  9324371  9325526
  389 35.31  3.88  0.42            LR761662.1  4173647  4174313 (10458988)  C          Kuruka  Unspecified (10458988)  4173647  4174313
  350 34.73  5.15  4.80            LR761662.1  8724322  8724923 (5907943)  C          Kuruka  Unspecified (5907943)  8724322  8724923
  285 37.59  4.21  3.39            LR761662.1  8725259  8725638 (5907228)  C          Kuruka  Unspecified (5907228)  8725259  8725638
 1779 33.24  2.17  2.26            LR761663.1   304224   305331 (14135077)  +          Kuruka  Unspecified (14135077)   304224   305331
  464 35.72  1.21  1.21            LR761663.1  2238330  2239485 (12201748)  +          Kuruka  Unspecified (12201748)  2238330  2239485
  317 20.00  0.00  0.00            LR761663.1  2440154  2440223 (12000185)  +          Kuruka  Unspecified (12000185)  2440154  2440223
  281 21.91  4.55  4.55            LR761663.1  2440664  2440773 (11999635)  +          Kuruka  Unspecified (11999635)  2440664  2440773
  239 26.54  6.02  3.68            LR761663.1 12098086 12098218 (2342190)  +          Kuruka  Unspecified (2342190) 12098086 12098218
  327 34.19  3.58  3.58            LR761663.1    63048    63326 (14377082)  C          Kuruka  Unspecified (14377082)    63048    63326
  247 31.55  2.60  2.60            LR761663.1   118416   118607 (14321801)  C          Kuruka  Unspecified (14321801)   118416   118607
  375 35.79  1.81  1.81            LR761663.1   118920   119195 (14321213)  C          Kuruka  Unspecified (14321213)   118920   119195
 1223 36.22  2.63  2.72            LR761663.1  2186498  2187638 (12252770)  C          Kuruka  Unspecified (12252770)  2186498  2187638
  297 34.00  3.42  3.82            LR761663.1  3224517  3224779 (11215629)  C          Kuruka  Unspecified (11215629)  3224517  3224779
  552 35.77  3.05  5.39            LR761663.1  3377513  3378668 (11062175)  C          Kuruka  Unspecified (11062175)  3377513  3378668
  507 35.88  3.05  5.39            LR761663.1  3672849  3674004 (10766839)  C          Kuruka  Unspecified (10766839)  3672849  3674004
  329 37.69  1.10  1.48            LR761663.1 12046328 12046599 (2393809)  C          Kuruka  Unspecified (2393809) 12046328 12046599
  318 21.91  4.55  4.55            LR761663.1 12162881 12162990 (2277418)  C          Kuruka  Unspecified (2277418) 12162881 12162990
  319 21.43  0.00  0.00            LR761663.1 12163431 12163500 (2276908)  C          Kuruka  Unspecified (2276908) 12163431 12163500
 1592 36.58  1.82  1.91            LR761663.1 13241116 13242269 (1198139)  C          Kuruka  Unspecified (1198139) 13241116 13242269
 2186 33.39  2.63  2.72            LR761664.1  9337628  9338843 (4468627)  +          Kuruka  Unspecified (4468627)  9337628  9338843
  338 20.00  0.00  0.00            LR761664.1 12153530 12153599 (1653871)  +          Kuruka  Unspecified (1653871) 12153530 12153599
  331 20.95  4.55  4.55            LR761664.1 12154040 12154149 (1653321)  +          Kuruka  Unspecified (1653321) 12154040 12154149
  598 35.82  2.61  4.92            LR761664.1    41544    42699 (13765199)  C          Kuruka  Unspecified (13765199)    41544    42699
 2095 33.45  2.55  2.72            LR761664.1    73515    74731 (13732739)  C          Kuruka  Unspecified (13732739)    73515    74731
  282 23.81  4.55  4.55            LR761664.1  9041676  9041785 (4765685)  C          Kuruka  Unspecified (4765685)  9041676  9041785
  343 20.00  0.00  0.00            LR761664.1  9042226  9042295 (4765175)  C          Kuruka  Unspecified (4765175)  9042226  9042295
  491 35.88  3.05  5.53            LR761664.1 10131905 10133061 (3674844)  C          Kuruka  Unspecified (3674844) 10131905 10133061
  520 35.81  3.19  5.53            LR761664.1 11660173 11661328 (2146577)  C          Kuruka  Unspecified (2146577) 11660173 11661328
  297 23.53  0.00  0.00            LR761664.1 12553889 12553956 (1253514)  C          Kuruka  Unspecified (1253514) 12553889 12553956
 1673 36.22  1.82  1.91            LR761665.1  3348549  3349702 (10446183)  C          Kuruka  Unspecified (10446183)  3348549  3349702
  330 28.30  0.00  0.00            LR761665.1  4061015  4061120 (9734765)  C          Kuruka  Unspecified (9734765)  4061015  4061120
  294 23.94  0.00  0.00            LR761665.1  4061560  4061630 (9734255)  C          Kuruka  Unspecified (9734255)  4061560  4061630
  231 32.56  0.00  0.78            LR761665.1  7160481  7160610 (6635275)  C          Kuruka  Unspecified (6635275)  7160481  7160610
  338 20.00  0.00  0.00            LR761666.1  1513619  1513688 (12250972)  +          Kuruka  Unspecified (12250972)  1513619  1513688
  529 36.73  1.21  1.21            LR761666.1  2190835  2191990 (11573495)  +          Kuruka  Unspecified (11573495)  2190835  2191990
  535 36.28  1.21  1.21            LR761666.1  4395757  4396912 (9368573)  +          Kuruka  Unspecified (9368573)  4395757  4396912
  276 36.02  2.11  2.11            LR761666.1  5330966  5331155 (8433505)  +          Kuruka  Unspecified (8433505)  5330966  5331155
  340 35.99  0.00  0.00            LR761666.1  5335004  5335980 (8429505)  +          Kuruka  Unspecified (8429505)  5335004  5335980
  550 35.80  1.21  1.21            LR761666.1  6461049  6462204 (7303281)  +          Kuruka  Unspecified (7303281)  6461049  6462204
  986 36.51  1.87  1.96            LR761666.1  1960587  1961656 (11803004)  C          Kuruka  Unspecified (11803004)  1960587  1961656
  239 37.04  0.00  0.00            LR761666.1  4173292  4173426 (9591234)  C          Kuruka  Unspecified (9591234)  4173292  4173426
  297 34.00  3.42  3.82            LR761666.1  5301811  5302073 (8462587)  C          Kuruka  Unspecified (8462587)  5301811  5302073
  334 36.71  2.06  2.48            LR761666.1  7559887  7560129 (6204531)  C          Kuruka  Unspecified (6204531)  7559887  7560129
  318 29.79  1.40  1.40            LR761666.1 13601570 13601712 (162948)  C          Kuruka  Unspecified (162948) 13601570 13601712
  280 31.02  2.60  2.60            LR761666.1 13748724 13748915  (15745)  C          Kuruka  Unspecified  (15745) 13748724 13748915
  403 35.79  1.81  1.81            LR761666.1 13749228 13749503  (15157)  C          Kuruka  Unspecified  (15157) 13749228 13749503
  555 35.31  1.21  1.21            LR761667.1  6140700  6141366 (7448496)  +          Kuruka  Unspecified (7448496)  6140700  6141366
  297 34.00  3.42  3.82            LR761667.1  7808223  7808485 (5781041)  +          Kuruka  Unspecified (5781041)  7808223  7808485
  318 29.79  1.40  1.40            LR761667.1 10897533 10897675 (2691851)  +          Kuruka  Unspecified (2691851) 10897533 10897675
  245 35.71  0.00  0.00            LR761667.1 10897971 10898082 (2691444)  +          Kuruka  Unspecified (2691444) 10897971 10898082
  338 20.00  0.00  0.00            LR761667.1 12574360 12574429 (1015097)  C          Kuruka  Unspecified (1015097) 12574360 12574429
 1247 36.12  2.63  2.72            LR761668.1  4087398  4088538 (8253626)  +          Kuruka  Unspecified (8253626)  4087398  4088538
  297 23.53  0.00  0.00            LR761668.1  9734647  9734714 (2607450)  +          Kuruka  Unspecified (2607450)  9734647  9734714
  346 20.00  0.00  0.00            LR761669.2   148799   148868 (11520670)  +          Kuruka  Unspecified (11520670)   148799   148868
  327 21.91  4.55  4.55            LR761669.2   149309   149418 (11520120)  +          Kuruka  Unspecified (11520120)   149309   149418
 1800 34.51  1.64  1.73            LR761669.2  2373979  2375075 (9294463)  +          Kuruka  Unspecified (9294463)  2373979  2375075
  535 35.97  1.21  1.21            LR761669.2  5185550  5186705 (6483658)  +          Kuruka  Unspecified (6483658)  5185550  5186705
  329 29.00  4.10  6.28            LR761669.2  5480589  5480783 (6188755)  +          Kuruka  Unspecified (6188755)  5480589  5480783
  318 35.49  1.28  1.28            LR761669.2  2337385  2337618 (9331920)  C          Kuruka  Unspecified (9331920)  2337385  2337618
 2119 34.30  1.88  1.97            LR761669.2  2556546  2557714 (9111824)  C          Kuruka  Unspecified (9111824)  2556546  2557714
  374 32.83  3.94  3.94            LR761670.1    48409    48687 (10022667)  +          Kuruka  Unspecified (10022667)    48409    48687
  389 34.11  3.88  0.42            LR761670.1  5360394  5360841 (4710729)  C          Kuruka  Unspecified (4710729)  5360394  5360841
  318 29.79  1.40  1.40            LR761670.1  9942087  9942229 (129125)  C          Kuruka  Unspecified (129125)  9942087  9942229
  568 36.24  2.42  2.42            LR761671.1  2632950  2634105 (6809642)  +          Kuruka  Unspecified (6809642)  2632950  2634105
 1350 36.42  1.91  1.73            LR761671.1  3964858  3966008 (5476914)  +          Kuruka  Unspecified (5476914)  3964858  3966008
  518 35.88  3.05  5.39            LR761671.1  2966905  2968060 (6475297)  C          Kuruka  Unspecified (6475297)  2966905  2968060
  338 20.00  0.00  0.00            LR761671.1  5062480  5062549 (4380373)  C          Kuruka  Unspecified (4380373)  5062480  5062549
 2152 33.19  2.64  2.72            LR761671.1  7492708  7493921 (1949001)  C          Kuruka  Unspecified (1949001)  7492708  7493921
 1851 34.11  1.55  1.64            LR761672.1  3605759  3606855 (4531285)  +          Kuruka  Unspecified (4531285)  3605759  3606855
  300 20.19  5.45  5.45            LR761672.1  4724656  4724765 (3413375)  C          Kuruka  Unspecified (3413375)  4724656  4724765
  338 20.00  0.00  0.00            LR761672.1  4725206  4725275 (3412865)  C          Kuruka  Unspecified (3412865)  4725206  4725275
  392 35.79  1.81  1.81            LR761673.1   960892   961167 (6708905)  +          Kuruka  Unspecified (6708905)   960892   961167
  258 31.02  2.60  2.60            LR761673.1   961481   961672 (6708400)  +          Kuruka  Unspecified (6708400)   961481   961672
  317 20.00  0.00  0.00            LR761673.1  6136965  6137034 (1533038)  +          Kuruka  Unspecified (1533038)  6136965  6137034
  270 30.48  2.60  2.60            LR761673.1   876052   876243 (6793829)  C          Kuruka  Unspecified (6793829)   876052   876243
  392 35.79  1.81  1.81            LR761673.1   876556   876831 (6793241)  C          Kuruka  Unspecified (6793241)   876556   876831
  254 39.13  0.66  1.00            LR761673.1  2389704  2390005 (5280067)  C          Kuruka  Unspecified (5280067)  2389704  2390005
  338 20.00  0.00  0.00            LR761673.1  2423435  2423504 (5246568)  C          Kuruka  Unspecified (5246568)  2423435  2423504
  327 21.91  4.55  4.55            LR761675.1  6133182  6133291  (63291)  C          Kuruka  Unspecified  (63291)  6133182  6133291
  346 20.00  0.00  0.00            LR761675.1  6133732  6133801  (62781)  C          Kuruka  Unspecified  (62781)  6133732  6133801
  255 36.61  0.00  0.00            LR761675.1  6146472  6146583  (49999)  C          Kuruka  Unspecified  (49999)  6146472  6146583
  332 34.19  3.58  3.58            LR761675.1  6146865  6147143  (49439)  C          Kuruka  Unspecified  (49439)  6146865  6147143
