   299 30.20 3.61 4.24    CAUJBP010000003.1    556936    557101 (237523) +               Kuruka     Unspecified    4282    4446  (4387)    
   490 27.16 1.82 1.82    CAUJBP010000008.1    108182    108346  (82938) +               Kuruka     Unspecified    3536    3700  (5133)    
   490 27.16 1.82 1.82    CAUJBP010000008.1    136400    136564  (54720) C               Kuruka     Unspecified  (5133)    3700    3536    
  1014 36.56 3.76 2.29    CAUJBP010000019.1     72236     73352 (318648) +               Kuruka     Unspecified    3537    4669  (4164)    
   869 34.82 2.83 2.98    CAUJBP010000019.1    240624    241295 (150705) +               Kuruka     Unspecified    3941    4611  (4222)    
   388 34.05 3.72 4.15    CAUJBP010000019.1    385608    385849   (6151) +               Kuruka     Unspecified    4403    4643  (4190)    
  1511 34.55 3.51 2.50    CAUJBP010000029.1    447867    448976 (300024) C               Kuruka     Unspecified  (4177)    4656    3536    
   325 30.41 3.87 4.55    CAUJBP010000029.1    488994    489148 (259852) +               Kuruka     Unspecified    4293    4446  (4387)    
   331 29.50 2.80 2.80    CAUJBP010000031.1    217948    218090  (78339) +               Kuruka     Unspecified    4215    4357  (4476)    
   388 34.05 3.72 4.15    CAUJBP010000047.1      9226      9467 (338533) C               Kuruka     Unspecified  (4190)    4643    4403    
   388 34.05 3.72 4.15    CAUJBP010000047.1    258885    259126  (88874) +               Kuruka     Unspecified    4403    4643  (4190)    
  1010 33.12 3.52 3.52    CAUJBP010000055.1    174584    175378 (369645) +               Kuruka     Unspecified    3557    4351  (4482)    
   241 29.91 5.61 0.00    CAUJBP010000055.1    414669    414775 (130248) +               Kuruka     Unspecified    4227    4339  (4494)    
   511 30.41 3.28 5.20    CAUJBP010000055.1    469762    470035  (74988) C               Kuruka     Unspecified  (4290)    4543    4275    
  1094 34.75 3.92 1.17    CAUJBP010000064.1    106257    106920 (193080) C               Kuruka     Unspecified  (4204)    4629    3948    
   498 31.73 5.99 2.10    CAUJBP010000064.1    107039    107405 (192595) C               Kuruka     Unspecified  (5001)    3832    3452    
   298 33.05 0.00 0.00    CAUJBP010000067.1      9959     10076 (119833) +               Kuruka     Unspecified    3575    3692  (5141)    
   345 29.68 0.64 0.64    CAUJBP010000067.1     10407     10562 (119347) +               Kuruka     Unspecified    4026    4181  (4652)    
  1635 33.66 3.60 2.59           OY720418.1   4176556   4177665 (143205648) C               Kuruka     Unspecified  (4177)    4656    3536    
   264 31.65 7.07 5.30           OY720418.1  12912138  12912434 (134470879) +               Kuruka     Unspecified    4199    4500  (4333)    
   279 24.02 8.93 3.39           OY720418.1  13194484  13194595 (134188718) +               Kuruka     Unspecified    4232    4349  (4484)    
   330 38.37 2.19 2.19           OY720418.1  19896843  19897207 (127486106) +               Kuruka     Unspecified    3453    3817  (5016)    
   364 39.32 0.00 0.00           OY720418.1  19897338  19897571 (127485742) +               Kuruka     Unspecified    3948    4181  (4652)    
   225 22.95 3.17 3.17           OY720418.1  19897984  19898046 (127485267) +               Kuruka     Unspecified    4593    4655  (4178)    
   663 34.66 0.66 0.66           OY720418.1  20968387  20968691 (126414622) +               Kuruka     Unspecified    3507    3811  (5022)    
  1022 36.19 0.61 1.23           OY720418.1  20968819  20969470 (126413843) +               Kuruka     Unspecified    3939    4586  (4247)    
   317 29.85 5.10 1.85           OY720418.1  22807781  22807937 (124575376) +               Kuruka     Unspecified    3585    3746  (5087)    
   643 35.54 2.35 5.62           OY720418.1  25707533  25708340 (121674973) C               Kuruka     Unspecified  (4073)    4760    3978    
   249 33.33 2.82 2.82           OY720418.1  29077365  29077577 (118305736) +               Kuruka     Unspecified    3636    3848  (4985)    
  1488 34.83 3.59 2.87           OY720418.1  33648880  33650020 (113733293) C               Kuruka     Unspecified  (4073)    4760    3612    
  1728 33.50 2.92 3.01           OY720418.1  35976312  35977576 (111405737) +               Kuruka     Unspecified    3507    4770  (4063)    
   457 38.37 2.40 2.56           OY720418.1  46735064  46735729 (100647584) C               Kuruka     Unspecified  (4249)    4584    3920    
   396 31.82 2.42 2.42           OY720418.1  46735844  46736091 (100647222) C               Kuruka     Unspecified  (5028)    3805    3558    
   241 29.91 5.61 0.00           OY720418.1  48233502  48233608 (99149705) C               Kuruka     Unspecified  (4494)    4339    4227    
   322 32.50 1.23 1.23           OY720418.1  51336568  51336729 (96046584) C               Kuruka     Unspecified  (5087)    3746    3585    
   241 29.91 5.61 0.00           OY720418.1  51812081  51812187 (95571126) +               Kuruka     Unspecified    4227    4339  (4494)    
   333 38.37 2.19 2.19           OY720418.1  52826286  52826650 (94556663) C               Kuruka     Unspecified  (5016)    3817    3453    
   659 32.51 5.30 4.78           OY720418.1  60654046  60654649 (86728664) +               Kuruka     Unspecified    3575    4181  (4652)    
   347 33.54 0.62 0.62           OY720418.1  60916769  60916930 (86466383) C               Kuruka     Unspecified  (5087)    3746    3585    
   357 35.91 1.89 2.27           OY720418.1  63448874  63449138 (83934175) C               Kuruka     Unspecified  (4297)    4536    4273    
   677 34.33 0.66 0.66           OY720418.1  69069912  69070216 (78313097) +               Kuruka     Unspecified    3507    3811  (5022)    
  1022 36.19 0.61 1.23           OY720418.1  69070344  69070995 (78312318) +               Kuruka     Unspecified    3939    4586  (4247)    
   324 29.87 3.75 3.75           OY720418.1  74925829  74925988 (72457325) C               Kuruka     Unspecified  (4392)    4441    4282    
   225 36.08 0.00 0.00           OY720418.1  76270870  76270966 (71112347) C               Kuruka     Unspecified  (5152)    3681    3585    
   226 35.60 5.93 5.58           OY720418.1  78991208  78991814 (68391499) +               Kuruka     Unspecified    3928    4536  (4297)    
  1607 34.09 3.51 2.50           OY720418.1  80577676  80578785 (66804528) +               Kuruka     Unspecified    3536    4656  (4177)    
  1427 34.64 3.24 2.23           OY720418.1  88062948  88064057 (59319256) C               Kuruka     Unspecified  (4177)    4656    3536    
   325 30.41 3.87 4.55           OY720418.1  88096756  88096910 (59286403) +               Kuruka     Unspecified    4293    4446  (4387)    
   235 29.91 5.61 0.00           OY720418.1  88370000  88370106 (59013207) +               Kuruka     Unspecified    4227    4339  (4494)    
   248 37.21 3.77 3.94           OY720418.1  88432376  88432985 (58950328) C               Kuruka     Unspecified  (4297)    4536    3928    
  1417 36.12 1.91 1.81           OY720418.1  88624680  88625725 (58757588) C               Kuruka     Unspecified  (4289)    4544    3498    
   257 30.23 2.33 0.00           OY720418.1  88696094  88696179 (58687134) +               Kuruka     Unspecified    4267    4354  (4479)    
   357 35.91 1.89 2.27           OY720418.1  91521734  91521998 (55861315) C               Kuruka     Unspecified  (4297)    4536    4273    
  1449 33.97 4.82 2.77           OY720418.1  91589711  91590809 (55792504) +               Kuruka     Unspecified    3536    4656  (4177)    
  1462 34.28 4.36 2.57           OY720418.1  91882876  91883908 (55499405) +               Kuruka     Unspecified    3536    4586  (4247)    
  1591 33.94 3.60 2.59           OY720418.1  92540548  92541657 (54841656) +               Kuruka     Unspecified    3536    4656  (4177)    
  1552 34.18 3.51 2.50           OY720418.1  92961414  92962523 (54420790) C               Kuruka     Unspecified  (4177)    4656    3536    
   318 37.02 2.03 2.03           OY720418.1  92991886  92992180 (54391133) C               Kuruka     Unspecified  (4491)    4342    4048    
   988 35.95 2.12 2.27           OY720418.1  93196562  93197267 (54186046) C               Kuruka     Unspecified  (4190)    4643    3939    
   715 32.46 1.43 1.43           OY720418.1  93197368  93197717 (54185596) C               Kuruka     Unspecified  (4995)    3838    3489    
  1600 34.09 3.51 2.50           OY720418.1  93772396  93773505 (53609808) C               Kuruka     Unspecified  (4177)    4656    3536    
  1561 34.28 3.51 2.50           OY720418.1  96673976  96675085 (50708228) +               Kuruka     Unspecified    3536    4656  (4177)    
   226 31.80 3.77 5.21           OY720418.1  97566618  97566909 (49816404) +               Kuruka     Unspecified    4087    4374  (4459)    
   322 32.50 1.23 1.23           OY720418.1  99650878  99651039 (47732274) +               Kuruka     Unspecified    3585    3746  (5087)    
   233 30.95 3.73 5.70           OY720418.1  99845162  99845322 (47537991) C               Kuruka     Unspecified  (4500)    4333    4176    
   289 26.31 3.39 3.39           OY720418.1  99854613  99854730 (47528583) +               Kuruka     Unspecified    4215    4332  (4501)    
   308 27.02 6.25 0.85           OY720418.1 104439761 104439872 (42943441) +               Kuruka     Unspecified    4232    4349  (4484)    
   240 32.93 0.00 0.00           OY720418.1 108106395 108106476 (39276837) C               Kuruka     Unspecified  (4479)    4354    4273    
   802 35.21 3.37 3.84           OY720418.1 114650780 114651668 (32731645) C               Kuruka     Unspecified  (4393)    4440    3556    
   274 26.31 3.39 3.39           OY720418.1 117494967 117495084 (29888229) C               Kuruka     Unspecified  (4501)    4332    4215    
   263 31.65 7.07 5.30           OY720418.1 122188118 122188414 (25194899) +               Kuruka     Unspecified    4199    4500  (4333)    
   260 32.85 2.82 2.82           OY720418.1 122456095 122456307 (24927006) +               Kuruka     Unspecified    3636    3848  (4985)    
   333 38.37 2.19 2.19           OY720418.1 128447416 128447780 (18935533) +               Kuruka     Unspecified    3453    3817  (5016)    
   225 22.95 3.17 3.17           OY720418.1 128448557 128448619 (18934694) +               Kuruka     Unspecified    4593    4655  (4178)    
   604 35.27 1.96 3.12           OY720418.1 131288503 131288859 (16094454) C               Kuruka     Unspecified  (4177)    4656    4304    
   358 29.74 0.00 5.52           OY720419.1   8662368   8662520 (102802867) +               Kuruka     Unspecified    3536    3680  (5153)    
   370 34.27 1.69 0.00           OY720419.1   8671552   8671729 (102793658) +               Kuruka     Unspecified    3537    3717  (5116)    
  1711 35.25 2.31 1.24           OY720419.1  15468992  15470031 (95995356) C               Kuruka     Unspecified  (4247)    4586    3536    
  1186 37.01 3.40 1.54           OY720419.1  18421121  18422267 (93043120) +               Kuruka     Unspecified    3489    4656  (4177)    
   279 32.62 0.70 0.70           OY720419.1  21349712  21349853 (90115534) +               Kuruka     Unspecified    3495    3636  (5197)    
   358 32.15 5.58 5.19           OY720419.1  24102497  24102765 (87362622) +               Kuruka     Unspecified    4267    4536  (4297)    
   464 33.33 5.99 5.55           OY720419.1  27759857  27760574 (83704813) C               Kuruka     Unspecified  (4652)    4181    3461    
  1003 36.79 3.89 2.59           OY720419.1  28524891  28525995 (82939392) C               Kuruka     Unspecified  (4278)    4555    3437    
   640 32.28 5.14 4.97           OY720419.1  28868135  28868737 (82596650) +               Kuruka     Unspecified    3575    4178  (4655)    
  1040 33.22 4.31 3.52           OY720419.1  29542236  29542884 (81922503) C               Kuruka     Unspecified  (4388)    4445    3792    
  1549 34.40 3.60 2.59           OY720419.1  29575423  29576532 (81888855) +               Kuruka     Unspecified    3536    4656  (4177)    
   248 24.11 6.61 4.03           OY720419.1  30080736  30080856 (81384531) C               Kuruka     Unspecified  (4487)    4346    4223    
   248 34.58 0.00 0.00           OY720419.1  35399054  35399160 (76066227) C               Kuruka     Unspecified  (5142)    3691    3585    
   241 29.91 5.61 0.00           OY720419.1  35966094  35966200 (75499187) +               Kuruka     Unspecified    4227    4339  (4494)    
   330 31.47 3.59 3.12           OY720419.1  39318988  39319210 (72146177) +               Kuruka     Unspecified    3506    3729  (5104)    
   479 33.82 1.78 2.14           OY720419.1  41853371  41853651 (69611736) +               Kuruka     Unspecified    4299    4578  (4255)    
   241 29.91 5.61 0.00           OY720419.1  42706781  42706887 (68758500) C               Kuruka     Unspecified  (4494)    4339    4227    
   357 35.91 1.89 2.27           OY720419.1  46389318  46389582 (65075805) C               Kuruka     Unspecified  (4297)    4536    4273    
  1725 35.15 2.31 1.24           OY720419.1  50130302  50131341 (61334046) +               Kuruka     Unspecified    3536    4586  (4247)    
   938 32.68 1.72 2.82           OY720419.1  56004091  56004556 (55460831) C               Kuruka     Unspecified  (4255)    4578    4118    
   451 35.81 2.29 3.34           OY720419.1  56004785  56005177 (55460210) C               Kuruka     Unspecified  (4983)    3850    3462    
  1257 34.61 4.06 3.52           OY720419.1  56026383  56027541 (55437846) C               Kuruka     Unspecified  (4222)    4611    3447    
   270 34.37 1.23 1.23           OY720419.1  74537097  74537258 (36928129) +               Kuruka     Unspecified    3585    3746  (5087)    
  1725 35.15 2.31 1.24           OY720419.1  78956041  78957080 (32508307) +               Kuruka     Unspecified    3536    4586  (4247)    
  1500 34.07 3.34 3.43           OY720419.1  85666238  85667316 (25798071) +               Kuruka     Unspecified    3507    4584  (4249)    
  1409 34.39 3.99 3.00           OY720419.1  88545655  88546808 (22918579) C               Kuruka     Unspecified  (4222)    4611    3447    
   330 38.37 2.19 2.19           OY720419.1  90319170  90319534 (21145853) +               Kuruka     Unspecified    3453    3817  (5016)    
   225 22.95 3.17 3.17           OY720419.1  90320311  90320373 (21145014) +               Kuruka     Unspecified    4593    4655  (4178)    
   628 36.98 1.29 1.51           OY720419.1 102130940 102131403 (9333984) C               Kuruka     Unspecified  (4177)    4656    4194    
   684 35.60 3.96 1.85           OY720419.1 102131436 102132016 (9333371) C               Kuruka     Unspecified  (4752)    4081    3489    
  1925 33.67 3.99 2.70           OY720419.1 109988388 109989666 (1475721) +               Kuruka     Unspecified    3462    4756  (4077)    
  1107 39.12 1.57 2.37           OY720420.1  13881017  13882163 (74867319) +               Kuruka     Unspecified    3447    4584  (4249)    
   396 31.82 2.42 2.42           OY720420.1  17158933  17159180 (71590302) +               Kuruka     Unspecified    3558    3805  (5028)    
   439 38.53 2.40 2.56           OY720420.1  17159295  17159960 (71589522) +               Kuruka     Unspecified    3920    4584  (4249)    
   612 37.44 0.94 0.94           OY720420.1  20523234  20523659 (68225823) C               Kuruka     Unspecified  (4652)    4181    3756    
   550 25.98 4.44 1.62           OY720420.1  20524010  20524189 (68225293) C               Kuruka     Unspecified  (5113)    3720    3536    
   236 32.22 0.00 0.00           OY720420.1  20525082  20525171 (68224311) C               Kuruka     Unspecified  (7028)    1805    1716    
  1581 34.18 3.51 2.50           OY720420.1  21054055  21055164 (67694318) C               Kuruka     Unspecified  (4177)    4656    3536    
   317 38.66 2.19 2.19           OY720420.1  26331427  26331791 (62417691) +               Kuruka     Unspecified    3453    3817  (5016)    
   225 22.95 3.17 3.17           OY720420.1  26332568  26332630 (62416852) +               Kuruka     Unspecified    4593    4655  (4178)    
   231 36.62 3.51 3.72           OY720420.1  26396632  26397116 (62352366) C               Kuruka     Unspecified  (4307)    4526    4043    
   269 33.64 0.00 0.00           OY720420.1  27843490  27843596 (60905886) C               Kuruka     Unspecified  (5142)    3691    3585    
   330 38.37 2.19 2.19           OY720420.1  29387118  29387482 (59362000) +               Kuruka     Unspecified    3453    3817  (5016)    
   225 22.95 3.17 3.17           OY720420.1  29388259  29388321 (59361161) +               Kuruka     Unspecified    4593    4655  (4178)    
   317 36.73 2.48 2.48           OY720420.1  32648641  32648922 (56100560) +               Kuruka     Unspecified    3536    3817  (5016)    
  1561 34.28 3.51 2.50           OY720420.1  34861100  34862209 (53887273) C               Kuruka     Unspecified  (4177)    4656    3536    
   233 28.36 0.00 0.00           OY720420.1  34960177  34960243 (53789239) +               Kuruka     Unspecified    4273    4339  (4494)    
  1646 33.93 3.00 3.18           OY720420.1  35268289  35269454 (53480028) +               Kuruka     Unspecified    3507    4670  (4163)    
   388 35.24 7.35 3.44           OY720420.1  36041249  36041724 (52707758) C               Kuruka     Unspecified  (4389)    4444    3951    
   259 34.01 4.03 1.31           OY720420.1  38031655  38031803 (50717679) +               Kuruka     Unspecified    4294    4446  (4387)    
  1129 35.45 3.16 2.43           OY720420.1  42412710  42413689 (46335793) +               Kuruka     Unspecified    3757    4743  (4090)    
   354 37.25 3.32 3.67           OY720420.1  42476931  42477231 (46272251) +               Kuruka     Unspecified    4223    4522  (4311)    
   295 30.22 2.80 2.80           OY720420.1  42596295  42596437 (46153045) C               Kuruka     Unspecified  (4476)    4357    4215    
   321 31.55 2.60 3.27           OY720420.1  43984682  43984835 (44764647) +               Kuruka     Unspecified    4294    4446  (4387)    
   627 34.62 5.41 4.15           OY720420.1  44227121  44227786 (44521696) +               Kuruka     Unspecified    3507    4180  (4653)    
   514 34.98 1.79 1.53           OY720420.1  44228513  44228904 (44520578) +               Kuruka     Unspecified    4278    4670  (4163)    
   514 34.98 1.79 1.53           OY720420.1  44269823  44270214 (44479268) C               Kuruka     Unspecified  (4163)    4670    4278    
   640 34.46 5.41 4.15           OY720420.1  44270941  44271606 (44477876) C               Kuruka     Unspecified  (4653)    4180    3507    
  1909 34.92 3.20 2.60           OY720420.1  47173231  47174606 (41574876) +               Kuruka     Unspecified    3462    4845  (3988)    
   697 38.72 1.97 1.72           OY720420.1  48882704  48883515 (39865967) C               Kuruka     Unspecified  (4072)    4761    3948    
   348 35.81 1.35 0.00           OY720420.1  48883853  48884000 (39865482) C               Kuruka     Unspecified  (5232)    3601    3452    
  1574 34.09 3.79 2.50           OY720420.1  50064676  50065782 (38683700) C               Kuruka     Unspecified  (4177)    4656    3536    
  1569 33.79 3.69 2.68           OY720420.1  51192161  51193270 (37556212) +               Kuruka     Unspecified    3536    4656  (4177)    
   647 32.22 5.46 4.94           OY720420.1  51308496  51309099 (37440383) +               Kuruka     Unspecified    3575    4181  (4652)    
   225 20.95 0.00 9.43           OY720420.1  52008357  52008414 (36741068) C               Kuruka     Unspecified  (3658)    5175    5123    
  1223 36.68 2.61 2.20           OY720420.1  52623609  52624832 (36124650) C               Kuruka     Unspecified  (4163)    4670    3442    
  1703 33.82 2.90 2.98           OY720420.1  54844716  54845992 (33903490) C               Kuruka     Unspecified  (4051)    4782    3507    
  1374 36.70 2.51 1.54           OY720420.1  69419704  69420860 (19328622) +               Kuruka     Unspecified    3489    4656  (4177)    
   424 37.77 2.26 2.45           OY720420.1  73838641  73839172 (14910310) C               Kuruka     Unspecified  (4249)    4584    4054    
   272 30.12 0.00 0.00           OY720420.1  80469482  80469564 (8279918) C               Kuruka     Unspecified  (4704)    4129    4047    
   273 31.65 7.07 5.30           OY720420.1  86036001  86036297 (2713185) +               Kuruka     Unspecified    4199    4500  (4333)    
  1027 35.60 3.93 3.42           OY720420.1  86846195  86847212 (1902270) C               Kuruka     Unspecified  (4235)    4598    3576    
   244 33.95 0.91 0.91           OY720421.1  12106225  12106334 (68104607) C               Kuruka     Unspecified  (4494)    4339    4230    
   259 33.04 2.59 0.85           OY720421.1  14415617  14415732 (65795209) +               Kuruka     Unspecified    4060    4177  (4656)    
   353 32.44 14.04 1.83           OY720421.1  14415784  14416075 (65794866) +               Kuruka     Unspecified    4287    4613  (4220)    
   347 33.54 0.62 0.62           OY720421.1  19383414  19383575 (60827366) +               Kuruka     Unspecified    3585    3746  (5087)    
   677 34.33 0.66 0.66           OY720421.1  28874430  28874734 (51336207) +               Kuruka     Unspecified    3507    3811  (5022)    
  1022 36.19 0.61 1.23           OY720421.1  28874862  28875513 (51335428) +               Kuruka     Unspecified    3939    4586  (4247)    
   404 29.68 0.64 0.64           OY720421.1  36653275  36653430 (43557511) C               Kuruka     Unspecified  (4652)    4181    4026    
   381 34.20 5.26 1.27           OY720421.1  36654666  36654893 (43556048) C               Kuruka     Unspecified  (5022)    3811    3575    
   618 32.86 5.30 4.78           OY720421.1  39240917  39241520 (40969421) C               Kuruka     Unspecified  (4652)    4181    3575    
   264 31.65 7.07 5.30           OY720421.1  42178383  42178679 (38032262) +               Kuruka     Unspecified    4199    4500  (4333)    
   229 34.78 9.01 4.46           OY720421.1  42660040  42660361 (37550580) C               Kuruka     Unspecified  (4202)    4631    4296    
  1580 34.89 2.49 2.58           OY720421.1  43118563  43119727 (37091214) C               Kuruka     Unspecified  (4163)    4670    3507    
   563 33.50 0.00 0.00           OY720421.1  43184089  43184288 (37026653) C               Kuruka     Unspecified  (5187)    3646    3447    
   333 38.37 2.19 2.19           OY720421.1  44550659  44551023 (35659918) +               Kuruka     Unspecified    3453    3817  (5016)    
   225 22.95 3.17 3.17           OY720421.1  44551800  44551862 (35659079) +               Kuruka     Unspecified    4593    4655  (4178)    
   250 29.81 5.77 0.00           OY720421.1  46870037  46870140 (33340801) C               Kuruka     Unspecified  (4494)    4339    4230    
   369 36.44 3.01 3.01           OY720421.1  54586103  54586467 (25624474) +               Kuruka     Unspecified    3453    3817  (5016)    
   228 12.50 4.00 4.00           OY720421.1  54587244  54587293 (25623648) +               Kuruka     Unspecified    4593    4642  (4191)    
  1594 34.09 3.51 2.50           OY720421.1  55195002  55196111 (25014830) +               Kuruka     Unspecified    3536    4656  (4177)    
  1602 36.05 2.20 1.84           OY720421.1  55333398  55334533 (24876408) +               Kuruka     Unspecified    3447    4586  (4247)    
   260 32.85 2.82 2.82           OY720421.1  55528178  55528390 (24682551) +               Kuruka     Unspecified    3636    3848  (4985)    
   901 37.24 3.00 3.00           OY720421.1  55751511  55752609 (24458332) +               Kuruka     Unspecified    3558    4656  (4177)    
  1725 35.15 2.31 1.24           OY720421.1  57171136  57172175 (23038766) +               Kuruka     Unspecified    3536    4586  (4247)    
   225 22.95 3.17 3.17           OY720421.1  58219496  58219558 (21991383) C               Kuruka     Unspecified  (4178)    4655    4593    
   347 38.09 2.19 2.19           OY720421.1  58220335  58220699 (21990242) C               Kuruka     Unspecified  (5016)    3817    3453    
   266 22.97 4.00 1.30           OY720421.1  59553099  59553173 (20657768) C               Kuruka     Unspecified  (4831)    4002    3926    
   254 36.77 2.57 2.84           OY720421.1  60245461  60245849 (19965092) +               Kuruka     Unspecified    4043    4430  (4403)    
   352 36.95 1.99 1.99           OY720421.1  62461345  62461645 (17749296) +               Kuruka     Unspecified    4042    4342  (4491)    
   225 22.95 3.17 3.17           OY720421.1  64154278  64154340 (16056601) C               Kuruka     Unspecified  (4178)    4655    4593    
   333 38.37 2.19 2.19           OY720421.1  64155117  64155481 (16055460) C               Kuruka     Unspecified  (5016)    3817    3453    
   396 35.64 0.84 2.55           OY720421.1  67611214  67611452 (12599489) C               Kuruka     Unspecified  (5104)    3729    3495    
  1056 36.50 3.81 2.67           OY720421.1  67661570  67662644 (12548297) C               Kuruka     Unspecified  (4309)    4524    3438    
   260 32.85 2.82 2.82           OY720421.1  69372088  69372300 (10838641) C               Kuruka     Unspecified  (4985)    3848    3636    
   390 31.01 1.25 1.25           OY720421.1  72924344  72924503 (7286438) C               Kuruka     Unspecified  (4202)    4631    4472    
  1097 34.62 1.70 1.70           OY720421.1  72924634  72925397 (7285544) C               Kuruka     Unspecified  (4581)    4252    3489    
   225 22.95 3.17 3.17           OY720421.1  76337355  76337417 (3873524) C               Kuruka     Unspecified  (4178)    4655    4593    
   347 38.09 2.19 2.19           OY720421.1  76338194  76338558 (3872383) C               Kuruka     Unspecified  (5016)    3817    3453    
   466 26.71 2.01 2.01           OY720422.1   1611017   1611165 (67322792) C               Kuruka     Unspecified  (5133)    3700    3552    
   234 23.91 0.00 0.00           OY720422.1   1681396   1681441 (67252516) +               Kuruka     Unspecified    4402    4447  (4386)    
   248 32.85 2.82 2.82           OY720422.1   7168964   7169176 (61764781) C               Kuruka     Unspecified  (4985)    3848    3636    
   248 32.85 2.82 2.82           OY720422.1   7176312   7176524 (61757433) C               Kuruka     Unspecified  (4985)    3848    3636    
   869 35.82 3.89 1.84           OY720422.1   9793863   9794556 (59139401) +               Kuruka     Unspecified    3792    4499  (4334)    
   276 26.31 3.39 3.39           OY720422.1   9812366   9812483 (59121474) +               Kuruka     Unspecified    4215    4332  (4501)    
   242 32.06 0.00 1.28           OY720422.1  10358095  10358173 (58575784) C               Kuruka     Unspecified  (4449)    4384    4307    
   949 35.96 1.60 1.72           OY720422.1  10580608  10581422 (58352535) +               Kuruka     Unspecified    3951    4764  (4069)    
   462 31.84 4.29 4.66           OY720422.1  10669938  10670217 (58263740) +               Kuruka     Unspecified    4275    4553  (4280)    
  1569 35.27 3.24 2.28           OY720422.1  10787246  10788417 (58145540) +               Kuruka     Unspecified    3488    4670  (4163)    
   469 35.74 1.99 0.79           OY720422.1  10827910  10828160 (58105797) +               Kuruka     Unspecified    3489    3742  (5091)    
   262 34.77 2.07 3.14           OY720422.1  10847530  10847722 (58086235) +               Kuruka     Unspecified    4394    4584  (4249)    
   276 26.31 3.39 3.39           OY720422.1  11123396  11123513 (57810444) C               Kuruka     Unspecified  (4501)    4332    4215    
   276 26.31 3.39 3.39           OY720422.1  11129854  11129971 (57803986) C               Kuruka     Unspecified  (4501)    4332    4215    
   225 22.95 3.17 3.17           OY720422.1  12442336  12442398 (56491559) C               Kuruka     Unspecified  (4178)    4655    4593    
   333 38.37 2.19 2.19           OY720422.1  12443175  12443539 (56490418) C               Kuruka     Unspecified  (5016)    3817    3453    
   415 34.23 2.23 0.88           OY720422.1  12745372  12745595 (56188362) +               Kuruka     Unspecified    4217    4443  (4390)    
  1521 34.37 3.51 2.50           OY720422.1  12772200  12773309 (56160648) +               Kuruka     Unspecified    3536    4656  (4177)    
   451 33.04 1.32 1.76           OY720422.1  12779785  12780012 (56153945) +               Kuruka     Unspecified    4217    4443  (4390)    
   389 33.56 9.66 3.49           OY720422.1  13705743  13706094 (55227863) +               Kuruka     Unspecified    3462    3834  (4999)    
   664 37.10 3.85 1.59           OY720422.1  13706199  13706691 (55227266) +               Kuruka     Unspecified    3939    4442  (4391)    
   704 34.76 1.40 1.17           OY720422.1  13857226  13857653 (55076304) C               Kuruka     Unspecified  (4613)    4220    3792    
   595 30.47 4.46 4.46           OY720422.1  14324704  14325129 (54608828) +               Kuruka     Unspecified    3557    3982  (4851)    
   713 36.47 2.22 2.38           OY720422.1  14326429  14327060 (54606897) +               Kuruka     Unspecified    3981    4611  (4222)    
   316 30.64 3.01 3.64           OY720422.1  14350651  14350816 (54583141) +               Kuruka     Unspecified    4282    4446  (4387)    
   346 36.08 4.05 2.45           OY720422.1  15029233  15029553 (53904404) C               Kuruka     Unspecified  (4297)    4536    4211    
   605 33.21 5.30 4.78           OY720422.1  22094727  22095330 (46838627) C               Kuruka     Unspecified  (4652)    4181    3575    
   632 32.86 5.30 4.78           OY720422.1  24204754  24205357 (44728600) +               Kuruka     Unspecified    3575    4181  (4652)    
   333 38.37 2.19 2.19           OY720422.1  25801014  25801378 (43132579) +               Kuruka     Unspecified    3453    3817  (5016)    
  1548 34.37 3.51 2.50           OY720422.1  31850893  31852002 (37081955) C               Kuruka     Unspecified  (4177)    4656    3536    
   396 31.82 2.42 2.42           OY720422.1  34593247  34593494 (34340463) +               Kuruka     Unspecified    3558    3805  (5028)    
   457 38.37 2.40 2.56           OY720422.1  34593609  34594274 (34339683) +               Kuruka     Unspecified    3920    4584  (4249)    
  1655 35.10 3.32 2.68           OY720422.1  34683522  34684818 (34249139) +               Kuruka     Unspecified    3456    4760  (4073)    
   318 29.50 2.80 2.80           OY720422.1  36024206  36024348 (32909609) +               Kuruka     Unspecified    4215    4357  (4476)    
   417 37.91 2.34 2.51           OY720422.1  41779936  41780533 (27153424) +               Kuruka     Unspecified    3939    4535  (4298)    
  1064 35.39 3.93 3.42           OY720422.1  46561107  46562124 (22371833) C               Kuruka     Unspecified  (4235)    4598    3576    
   261 22.03 0.00 0.00           OY720422.1  54113202  54113260 (14820697) +               Kuruka     Unspecified    4291    4349  (4484)    
  1022 36.19 0.61 1.23           OY720422.1  57988993  57989644 (10944313) C               Kuruka     Unspecified  (4247)    4586    3939    
   677 34.33 0.66 0.66           OY720422.1  57989772  57990076 (10943881) C               Kuruka     Unspecified  (5022)    3811    3507    
   263 31.65 7.07 5.30           OY720422.1  61413490  61413786 (7520171) C               Kuruka     Unspecified  (4333)    4500    4199    
   833 33.73 1.42 1.18           OY720422.1  62350629  62351051 (6582906) C               Kuruka     Unspecified  (4478)    4355    3932    
   523 34.12 1.16 1.16           OY720422.1  62351139  62351396 (6582561) C               Kuruka     Unspecified  (4989)    3844    3587    
  1573 34.18 3.51 2.50           OY720422.1  64535490  64536599 (4397358) +               Kuruka     Unspecified    3536    4656  (4177)    
   264 26.76 0.00 0.00           OY720422.1  66511709  66511779 (2422178) C               Kuruka     Unspecified  (4479)    4354    4284    
   327 35.66 5.87 1.28           OY720423.1   7377788   7378162 (56879887) +               Kuruka     Unspecified    3765    4156  (4677)    
   249 33.33 2.82 2.82           OY720423.1  10418513  10418725 (53839324) C               Kuruka     Unspecified  (4985)    3848    3636    
   339 34.20 8.45 4.23           OY720423.1  16932253  16932820 (47325229) C               Kuruka     Unspecified  (4479)    4354    3764    
   329 32.50 1.23 1.23           OY720423.1  25107722  25107883 (39150166) C               Kuruka     Unspecified  (5087)    3746    3585    
   247 24.11 6.61 4.03           OY720423.1  26903304  26903424 (37354625) +               Kuruka     Unspecified    4223    4346  (4487)    
   677 36.46 5.03 2.67           OY720423.1  27088491  27089186 (37168863) +               Kuruka     Unspecified    3792    4503  (4330)    
  1051 35.49 3.93 3.42           OY720423.1  28417253  28418270 (35839779) +               Kuruka     Unspecified    3576    4598  (4235)    
   463 38.37 2.40 2.56           OY720423.1  34753634  34754299 (29503750) C               Kuruka     Unspecified  (4249)    4584    3920    
   442 32.04 3.03 1.87           OY720423.1  34754398  34754661 (29503388) C               Kuruka     Unspecified  (5009)    3824    3558    
   230 35.86 4.04 4.25           OY720423.1  36931498  36931992 (27326057) +               Kuruka     Unspecified    4043    4536  (4297)    
  1743 35.59 2.26 2.26           OY720423.1  49316302  49317586 (14940463) C               Kuruka     Unspecified  (4060)    4773    3489    
  1543 34.37 3.51 2.50           OY720423.1  49597425  49598534 (14659515) C               Kuruka     Unspecified  (4177)    4656    3536    
  1556 34.28 3.51 2.50           OY720423.1  49616470  49617579 (14640470) C               Kuruka     Unspecified  (4177)    4656    3536    
   347 38.09 2.19 2.19           OY720423.1  49812925  49813289 (14444760) +               Kuruka     Unspecified    3453    3817  (5016)    
   225 22.95 3.17 3.17           OY720423.1  49814066  49814128 (14443921) +               Kuruka     Unspecified    4593    4655  (4178)    
   492 36.95 2.70 2.70           OY720423.1  50154399  50154768 (14103281) C               Kuruka     Unspecified  (4190)    4643    4274    
   545 35.33 0.63 0.31           OY720423.1  50155236  50155553 (14102496) C               Kuruka     Unspecified  (4576)    4257    3939    
   540 34.37 1.36 1.36           OY720423.1  50161975  50162269 (14095780) C               Kuruka     Unspecified  (5050)    3783    3489    
   505 32.18 2.24 2.62           OY720423.1  51955738  51956005 (12302044) C               Kuruka     Unspecified  (4289)    4544    4278    
  2201 33.23 2.52 2.37           OY720423.1  52798473  52799779 (11458270) C               Kuruka     Unspecified  (4063)    4770    3462    
   249 37.25 0.00 0.65           OY720423.1  52818513  52818666 (11439383) +               Kuruka     Unspecified    4294    4446  (4387)    
  1560 34.28 3.51 2.50           OY720423.1  52853483  52854592 (11403457) C               Kuruka     Unspecified  (4177)    4656    3536    
   229 36.61 3.23 3.44           OY720423.1  53548915  53549409 (10708640) +               Kuruka     Unspecified    4043    4536  (4297)    
   239 29.52 5.71 0.00           OY720423.1  53817542  53817646 (10440403) +               Kuruka     Unspecified    4227    4337  (4496)    
  1714 35.25 2.31 1.24           OY720423.1  55638342  55639381 (8618668) +               Kuruka     Unspecified    3536    4586  (4247)    
  1061 34.72 4.32 3.81           OY720423.1  57533513  57534530 (6723519) C               Kuruka     Unspecified  (4235)    4598    3576    
   268 31.48 2.70 3.40           OY720423.1  57543708  57543855 (6714194) C               Kuruka     Unspecified  (4662)    4171    4025    
   249 32.00 7.07 5.30           OY720423.1  57716560  57716856 (6541193) +               Kuruka     Unspecified    4199    4500  (4333)    
  1409 34.39 3.99 3.00           OY720423.1  57817016  57818169 (6439880) C               Kuruka     Unspecified  (4222)    4611    3447    
   829 37.75 1.60 1.73           OY720423.1  57876895  57877646 (6380403) +               Kuruka     Unspecified    3792    4542  (4291)    
   829 37.75 1.60 1.73           OY720423.1  58035829  58036580 (6221469) +               Kuruka     Unspecified    3792    4542  (4291)    
  1569 33.79 3.69 2.68           OY720423.1  58131546  58132655 (6125394) +               Kuruka     Unspecified    3536    4656  (4177)    
  1409 34.39 3.99 3.00           OY720423.1  58150114  58151267 (6106782) C               Kuruka     Unspecified  (4222)    4611    3447    
  1192 36.03 3.29 2.47           OY720423.1  58211794  58212917 (6045132) +               Kuruka     Unspecified    3511    4643  (4190)    
   912 34.05 2.83 2.98           OY720423.1  58314375  58315046 (5943003) +               Kuruka     Unspecified    3507    4177  (4656)    
   912 34.05 2.83 2.98           OY720423.1  58372921  58373592 (5884457) C               Kuruka     Unspecified  (4656)    4177    3507    
  1409 34.39 3.99 3.00           OY720423.1  58394293  58395446 (5862603) +               Kuruka     Unspecified    3447    4611  (4222)    
   829 37.75 1.60 1.73           OY720423.1  58527937  58528688 (5729361) C               Kuruka     Unspecified  (4291)    4542    3792    
   358 32.15 5.58 5.19           OY720423.1  58588564  58588832 (5669217) +               Kuruka     Unspecified    4267    4536  (4297)    
   829 37.75 1.60 1.73           OY720423.1  58720229  58720980 (5537069) +               Kuruka     Unspecified    3792    4542  (4291)    
   241 29.91 5.61 0.00           OY720423.1  58895257  58895363 (5362686) +               Kuruka     Unspecified    4227    4339  (4494)    
   883 34.66 2.83 2.98           OY720423.1  59406493  59407164 (4850885) +               Kuruka     Unspecified    3941    4611  (4222)    
   883 34.66 2.83 2.98           OY720423.1  59456513  59457184 (4800865) C               Kuruka     Unspecified  (4222)    4611    3941    
  1263 34.77 3.57 4.64           OY720423.1  59673846  59675021 (4583028) C               Kuruka     Unspecified  (4163)    4670    3507    
  1049 33.33 4.07 3.23           OY720423.1  59719023  59719636 (4538413) +               Kuruka     Unspecified    3966    4584  (4249)    
  1000 33.25 3.52 3.52           OY720423.1  60219127  60219921 (4038128) C               Kuruka     Unspecified  (4482)    4351    3557    
  1246 34.87 3.57 4.64           OY720423.1  60456232  60457407 (3800642) C               Kuruka     Unspecified  (4163)    4670    3507    
  1049 33.33 4.07 3.23           OY720423.1  60502773  60503386 (3754663) +               Kuruka     Unspecified    3966    4584  (4249)    
   900 36.87 3.21 2.75           OY720423.1  61114720  61115840 (3142209) C               Kuruka     Unspecified  (4213)    4620    3495    
   358 32.15 5.58 5.19           OY720423.1  61200395  61200663 (3057386) +               Kuruka     Unspecified    4267    4536  (4297)    
   299 30.20 3.61 4.24           OY720423.1  61425910  61426075 (2831974) C               Kuruka     Unspecified  (4387)    4446    4282    
   511 30.41 3.28 5.20           OY720423.1  61541196  61541469 (2716580) +               Kuruka     Unspecified    4275    4543  (4290)    
  1483 34.57 2.95 1.92           OY720423.1  61810785  61811766 (2446283) +               Kuruka     Unspecified    3452    4443  (4390)    
  1599 34.09 3.51 2.50           OY720423.1  62401029  62402138 (1855911) C               Kuruka     Unspecified  (4177)    4656    3536    
   275 26.31 3.39 3.39           OY720423.1  62412298  62412415 (1845634) +               Kuruka     Unspecified    4215    4332  (4501)    
  1483 34.57 2.95 1.92           OY720423.1  62868362  62869343 (1388706) C               Kuruka     Unspecified  (4390)    4443    3452    
   331 29.50 2.80 2.80           OY720423.1  63148901  63149043 (1109006) +               Kuruka     Unspecified    4215    4357  (4476)    
   414 34.17 2.74 3.05           OY720423.1  63792521  63792849 (465200) +               Kuruka     Unspecified    4224    4551  (4282)    
  1535 34.37 3.51 2.50           OY720424.1    597620    598729 (63323932) C               Kuruka     Unspecified  (4177)    4656    3536    
  1395 34.39 3.99 3.00           OY720424.1   6218249   6219402 (57703259) C               Kuruka     Unspecified  (4222)    4611    3447    
   689 32.98 5.13 4.61           OY720424.1   9946422   9947025 (53975636) C               Kuruka     Unspecified  (4652)    4181    3575    
   513 37.00 4.88 2.67           OY720424.1  10070559  10071255 (53851406) +               Kuruka     Unspecified    3437    4148  (4685)    
   677 36.07 2.86 3.03           OY720424.1  10074556  10075184 (53847477) +               Kuruka     Unspecified    4134    4761  (4072)    
  1434 33.43 3.52 2.28           OY720424.1  10143673  10144581 (53778080) +               Kuruka     Unspecified    3536    4455  (4378)    
  1509 36.41 2.34 2.42           OY720424.1  11106088  11107452 (52815209) +               Kuruka     Unspecified    3495    4858  (3975)    
   360 33.90 2.51 2.51           OY720424.1  14312302  14312540 (49610121) +               Kuruka     Unspecified    4095    4333  (4500)    
   361 25.38 4.49 6.54           OY720424.1  14315448  14315603 (49607058) +               Kuruka     Unspecified    4392    4544  (4289)    
  1468 36.81 2.20 2.27           OY720424.1  14535124  14536488 (49386173) +               Kuruka     Unspecified    3495    4858  (3975)    
   327 32.50 1.23 1.23           OY720424.1  15607687  15607848 (48314813) C               Kuruka     Unspecified  (5087)    3746    3585    
  1612 36.56 1.87 1.95           OY720424.1  16255832  16257117 (47665544) +               Kuruka     Unspecified    3489    4773  (4060)    
   278 34.93 4.74 4.97           OY720424.1  23027953  23028416 (40894245) +               Kuruka     Unspecified    4074    4536  (4297)    
   330 38.37 2.19 2.19           OY720424.1  24106589  24106953 (39815708) +               Kuruka     Unspecified    3453    3817  (5016)    
  1721 33.74 2.90 2.98           OY720424.1  26119794  26121070 (37801591) C               Kuruka     Unspecified  (4051)    4782    3507    
  1223 36.68 2.61 2.20           OY720424.1  26648926  26650149 (37272512) +               Kuruka     Unspecified    3442    4670  (4163)    
  1072 35.50 1.37 1.53           OY720424.1  28882675  28883329 (35039332) +               Kuruka     Unspecified    3792    4445  (4388)    
   802 34.83 2.59 3.75           OY720424.1  29163880  29164419 (34758242) +               Kuruka     Unspecified    4053    4586  (4247)    
   840 31.92 3.88 4.09           OY720424.1  31980993  31981482 (31941179) C               Kuruka     Unspecified  (4063)    4770    4282    
  1179 35.82 1.21 1.21           OY720424.1  31981518  31982263 (31940398) C               Kuruka     Unspecified  (4626)    4207    3462    
   926 31.62 3.75 3.95           OY720424.1  32628907  32629413 (31293248) C               Kuruka     Unspecified  (4063)    4770    4265    
  1108 35.61 1.74 1.88           OY720424.1  32629426  32630172 (31292489) C               Kuruka     Unspecified  (4626)    4207    3462    
   665 32.52 5.29 4.94           OY720424.1  33625355  33625959 (30296702) +               Kuruka     Unspecified    3575    4181  (4652)    
   244 31.40 2.33 0.00           OY720424.1  49794181  49794266 (14128395) +               Kuruka     Unspecified    4267    4354  (4479)    
  1078 35.39 3.93 3.42           OY720424.1  53812755  53813772 (10108889) +               Kuruka     Unspecified    3576    4598  (4235)    
   348 34.65 0.00 0.65           OY720424.1  54245579  54245732 (9676929) +               Kuruka     Unspecified    4294    4446  (4387)    
  1022 36.19 0.61 1.23           OY720424.1  54273437  54274088 (9648573) C               Kuruka     Unspecified  (4247)    4586    3939    
   677 34.33 0.66 0.66           OY720424.1  54274216  54274520 (9648141) C               Kuruka     Unspecified  (5022)    3811    3507    
  1281 33.72 6.40 2.94           OY720424.1  55757027  55758245 (8164416) C               Kuruka     Unspecified  (4064)    4769    3510    
  1023 36.19 0.61 1.23           OY720424.1  62409130  62409781 (1512880) C               Kuruka     Unspecified  (4247)    4586    3939    
   677 34.33 0.66 0.66           OY720424.1  62409909  62410213 (1512448) C               Kuruka     Unspecified  (5022)    3811    3507    
   677 34.33 0.66 0.66           OY720425.1   1512894   1513198 (59336456) +               Kuruka     Unspecified    3507    3811  (5022)    
  1022 36.19 0.61 1.23           OY720425.1   1513326   1513977 (59335677) +               Kuruka     Unspecified    3939    4586  (4247)    
   310 36.84 0.47 0.95           OY720425.1   4464000   4464210 (56385444) C               Kuruka     Unspecified  (4330)    4503    4294    
  1444 34.12 3.33 2.32           OY720425.1   7751991   7753100 (53096554) +               Kuruka     Unspecified    3536    4656  (4177)    
   350 37.97 1.22 1.52           OY720425.1   7966119   7966447 (52883207) C               Kuruka     Unspecified  (4282)    4551    4224    
   607 34.27 4.04 2.74           OY720425.1   8438771   8439166 (52410488) +               Kuruka     Unspecified    4220    4620  (4213)    
   873 34.06 3.59 3.09           OY720425.1   9837490   9838101 (51011553) C               Kuruka     Unspecified  (4280)    4553    3939    
   373 37.82 2.19 2.19           OY720425.1   9884956   9885320 (50964334) C               Kuruka     Unspecified  (5016)    3817    3453    
  1343 33.99 3.22 3.32           OY720425.1  10240275  10241330 (50608324) +               Kuruka     Unspecified    3557    4611  (4222)    
   609 32.97 4.76 3.47           OY720425.1  10268281  10268679 (50580975) +               Kuruka     Unspecified    4217    4620  (4213)    
   274 26.31 3.39 3.39           OY720425.1  10299978  10300095 (50549559) +               Kuruka     Unspecified    4215    4332  (4501)    
   668 32.41 5.08 1.81           OY720425.1  10439921  10440294 (50409360) +               Kuruka     Unspecified    3453    3838  (4995)    
   663 31.23 2.28 1.95           OY720425.1  10440397  10440703 (50408951) +               Kuruka     Unspecified    3941    4248  (4585)    
   952 34.20 2.43 3.88           OY720425.1  10457624  10458198 (50391456) +               Kuruka     Unspecified    4077    4643  (4190)    
   464 30.92 0.00 0.00           OY720425.1  10503482  10503633 (50346021) +               Kuruka     Unspecified    3495    3646  (5187)    
  1495 35.74 2.25 2.01           OY720425.1  10637184  10638425 (50211229) +               Kuruka     Unspecified    3480    4724  (4109)    
   519 35.31 0.88 0.88           OY720425.1  10838589  10838928 (50010726) +               Kuruka     Unspecified    3495    3834  (4999)    
   806 34.61 3.23 3.55           OY720425.1  10839033  10839682 (50009972) +               Kuruka     Unspecified    3939    4586  (4247)    
   422 26.96 0.00 0.00           OY720425.1  11199676  11199790 (49649864) C               Kuruka     Unspecified  (4247)    4586    4472    
   225 22.95 3.17 3.17           OY720425.1  11450741  11450803 (49398851) C               Kuruka     Unspecified  (4178)    4655    4593    
   347 38.09 2.19 2.19           OY720425.1  11451580  11451944 (49397710) C               Kuruka     Unspecified  (5016)    3817    3453    
   301 35.30 0.00 1.31           OY720425.1  11687541  11687695 (49161959) +               Kuruka     Unspecified    4294    4446  (4387)    
   276 26.31 3.39 3.39           OY720425.1  11818713  11818830 (49030824) C               Kuruka     Unspecified  (4501)    4332    4215    
   752 36.11 0.92 0.92           OY720425.1  12443677  12444112 (48405542) C               Kuruka     Unspecified  (4334)    4499    4064    
   876 36.82 4.56 2.49           OY720425.1  12721054  12722039 (48127615) C               Kuruka     Unspecified  (4295)    4538    3533    
   225 35.92 5.12 3.01           OY720425.1  13834089  13834576 (47015078) +               Kuruka     Unspecified    4039    4536  (4297)    
   264 33.24 3.77 5.21           OY720425.1  15362821  15363112 (45486542) +               Kuruka     Unspecified    4087    4374  (4459)    
   971 37.54 3.61 2.44           OY720425.1  15856345  15857562 (44992092) +               Kuruka     Unspecified    3437    4668  (4165)    
  1550 34.60 3.56 2.47           OY720425.1  15879192  15880231 (44969423) +               Kuruka     Unspecified    3536    4586  (4247)    
   796 35.39 3.66 1.65           OY720425.1  16430167  16430821 (44418833) +               Kuruka     Unspecified    3489    4156  (4677)    
   643 36.77 1.29 1.51           OY720425.1  16435373  16435836 (44413818) +               Kuruka     Unspecified    4194    4656  (4177)    
   658 31.12 4.61 0.63           OY720425.1  16506455  16506758 (44342896) +               Kuruka     Unspecified    3535    3850  (4983)    
   787 32.81 4.10 4.10           OY720425.1  16506849  16507579 (44342075) +               Kuruka     Unspecified    3941    4671  (4162)    
   617 31.71 4.76 1.32           OY720425.1  16636904  16637197 (44212457) +               Kuruka     Unspecified    3504    3807  (5026)    
  1594 34.09 3.51 2.50           OY720425.1  17188557  17189666 (43659988) C               Kuruka     Unspecified  (4177)    4656    3536    
   791 32.92 0.62 0.62           OY720425.1  18110733  18111056 (42738598) +               Kuruka     Unspecified    3509    3832  (5001)    
   995 34.12 2.31 2.47           OY720425.1  18111163  18111811 (42737843) +               Kuruka     Unspecified    3939    4586  (4247)    
  1314 34.88 4.07 3.18           OY720425.1  19892881  19894035 (40955619) +               Kuruka     Unspecified    3507    4671  (4162)    
   340 33.47 3.45 2.13           OY720425.1  19945145  19945376 (40904278) +               Kuruka     Unspecified    3495    3729  (5104)    
  1324 34.15 1.76 1.62           OY720425.1  20119591  20120328 (40729326) +               Kuruka     Unspecified    3932    4670  (4163)    
  1704 34.68 4.94 2.82           OY720425.1  20199199  20200554 (40649100) +               Kuruka     Unspecified    3462    4845  (3988)    
  1559 34.37 3.51 2.50           OY720425.1  20319793  20320902 (40528752) C               Kuruka     Unspecified  (4177)    4656    3536    
  1272 34.44 1.76 1.62           OY720425.1  20409102  20409839 (40439815) +               Kuruka     Unspecified    3932    4670  (4163)    
   272 30.85 0.00 0.00           OY720425.1  20665253  20665346 (40184308) +               Kuruka     Unspecified    3758    3851  (4982)    
   391 37.50 0.00 0.00           OY720425.1  20665446  20665669 (40183985) +               Kuruka     Unspecified    3948    4171  (4662)    
   464 29.69 3.39 2.95           OY720425.1  20665694  20665929 (40183725) +               Kuruka     Unspecified    4282    4518  (4315)    
   876 36.24 5.52 2.83           OY720425.1  20868146  20869142 (39980512) +               Kuruka     Unspecified    3576    4598  (4235)    
   241 29.91 5.61 0.00           OY720425.1  21748047  21748153 (39101501) C               Kuruka     Unspecified  (4494)    4339    4227    
   334 39.87 1.33 1.67           OY720425.1  28409928  28410228 (32439426) +               Kuruka     Unspecified    4223    4522  (4311)    
   360 37.25 3.32 3.67           OY720425.1  28831753  28832053 (32017601) C               Kuruka     Unspecified  (4311)    4522    4223    
  1605 34.00 3.51 2.50           OY720425.1  29563483  29564592 (31285062) +               Kuruka     Unspecified    3536    4656  (4177)    
   225 22.95 3.17 3.17           OY720425.1  30788560  30788622 (30061032) C               Kuruka     Unspecified  (4178)    4655    4593    
   330 38.37 2.19 2.19           OY720425.1  30789399  30789763 (30059891) C               Kuruka     Unspecified  (5016)    3817    3453    
  1625 33.90 2.90 3.06           OY720425.1  31985954  31987228 (28862426) C               Kuruka     Unspecified  (4051)    4782    3510    
   324 29.87 3.75 3.75           OY720425.1  32019249  32019408 (28830246) C               Kuruka     Unspecified  (4392)    4441    4282    
   231 31.48 5.88 6.58           OY720425.1  32042797  32042949 (28806705) C               Kuruka     Unspecified  (4387)    4446    4295    
   266 32.52 1.81 1.81           OY720425.1  33907280  33907445 (26942209) +               Kuruka     Unspecified    3476    3641  (5192)    
  1695 35.15 2.31 1.33           OY720425.1  34081149  34082189 (26767465) C               Kuruka     Unspecified  (4247)    4586    3536    
   318 29.50 2.80 2.80           OY720425.1  34246832  34246974 (26602680) C               Kuruka     Unspecified  (4476)    4357    4215    
   849 33.50 5.75 1.42           OY720425.1  35059921  35060459 (25789195) C               Kuruka     Unspecified  (4480)    4353    3792    
  1264 35.27 3.44 3.68           OY720425.1  35789404  35790710 (25058944) C               Kuruka     Unspecified  (4068)    4765    3462    
   295 37.58 2.03 2.03           OY720425.1  40777377  40777672 (20071982) +               Kuruka     Unspecified    4047    4342  (4491)    
   966 35.72 3.84 3.37           OY720425.1  41541541  41542661 (19306993) +               Kuruka     Unspecified    3495    4620  (4213)    
   479 31.97 4.46 4.17           OY720425.1  45529209  45529567 (15320087) +               Kuruka     Unspecified    4401    4760  (4073)    
   254 32.50 1.84 1.84           OY720425.1  49558480  49558642 (11291012) +               Kuruka     Unspecified    3479    3641  (5192)    
   447 30.92 2.04 1.01           OY720425.1  51058103  51058298 (9791356) C               Kuruka     Unspecified  (5157)    3676    3479    
   228 25.01 2.86 2.86           OY720425.1  59835471  59835540 (1014114) C               Kuruka     Unspecified  (2893)    5940    5871    
  1155 35.94 2.57 2.76           OY720426.1   2407097   2408186 (57586463) C               Kuruka     Unspecified  (4251)    4582    3495    
   608 32.30 6.82 5.50           OY720426.1   6508576   6509132 (53485517) C               Kuruka     Unspecified  (4249)    4584    4021    
   261 33.75 4.49 1.24           OY720426.1  10849015  10849170 (49145479) C               Kuruka     Unspecified  (4390)    4443    4283    
   433 35.07 3.32 0.00           OY720426.1  10849282  10849492 (49145157) C               Kuruka     Unspecified  (4677)    4156    3939    
   373 32.23 4.73 5.06           OY720426.1  13387941  13388257 (46606392) C               Kuruka     Unspecified  (4298)    4535    4220    
   225 22.95 3.17 3.17           OY720426.1  13900616  13900678 (46093971) C               Kuruka     Unspecified  (4178)    4655    4593    
   331 38.37 2.19 2.19           OY720426.1  13901455  13901819 (46092830) C               Kuruka     Unspecified  (5016)    3817    3453    
   250 35.03 6.15 3.37           OY720426.1  15008613  15008872 (44985777) C               Kuruka     Unspecified  (4289)    4544    4278    
   309 38.76 1.38 1.66           OY720426.1  15130472  15130833 (44863816) C               Kuruka     Unspecified  (4249)    4584    4224    
   378 33.55 3.49 2.52           OY720426.1  15131227  15131541 (44863108) C               Kuruka     Unspecified  (5009)    3824    3507    
   487 35.03 1.41 2.14           OY720426.1  15614134  15614416 (44380233) +               Kuruka     Unspecified    3462    3742  (5091)    
   751 34.00 5.03 4.01           OY720426.1  15624559  15625373 (44369276) +               Kuruka     Unspecified    3930    4752  (4081)    
   650 30.95 2.12 3.06           OY720426.1  16793422  16793751 (43200898) C               Kuruka     Unspecified  (4391)    4442    4116    
   459 33.92 1.31 0.87           OY720426.1  16793890  16794118 (43200531) C               Kuruka     Unspecified  (4989)    3844    3615    
  1017 33.60 5.75 4.08           OY720426.1  16891463  16892523 (43102126) C               Kuruka     Unspecified  (4249)    4584    3507    
  1049 36.34 3.09 3.28           OY720426.1  17059816  17060916 (42933733) C               Kuruka     Unspecified  (4177)    4656    3558    
   599 34.75 4.98 2.43           OY720426.1  17182849  17183370 (42811279) C               Kuruka     Unspecified  (4247)    4586    4052    
  1124 36.34 3.46 2.48           OY720426.1  20046945  20048101 (39946548) +               Kuruka     Unspecified    3489    4656  (4177)    
  1205 36.77 2.77 1.83           OY720426.1  20311477  20312559 (39682090) C               Kuruka     Unspecified  (4253)    4580    3488    
   695 35.98 1.32 2.68           OY720426.1  20873017  20873470 (39121179) +               Kuruka     Unspecified    4222    4669  (4164)    
   437 34.23 0.89 0.89           OY720426.1  21078396  21078619 (38916030) +               Kuruka     Unspecified    3558    3781  (5052)    
   735 35.81 2.12 1.34           OY720426.1  21078633  21079150 (38915499) +               Kuruka     Unspecified    4024    4545  (4288)    
   571 34.52 0.79 0.79           OY720426.1  21150678  21150931 (38843718) +               Kuruka     Unspecified    3489    3742  (5091)    
   838 36.84 1.68 1.82           OY720426.1  21151106  21151821 (38842828) +               Kuruka     Unspecified    3929    4643  (4190)    
   668 36.67 5.57 1.64           OY720426.1  21351092  21351737 (38642912) +               Kuruka     Unspecified    3507    4177  (4656)    
   287 32.64 3.36 3.36           OY720426.1  21353744  21353892 (38640757) +               Kuruka     Unspecified    4403    4551  (4282)    
   893 35.45 4.12 1.90           OY720426.1  21366662  21367535 (38627114) +               Kuruka     Unspecified    3535    4427  (4406)    
  1531 34.46 3.51 2.50           OY720426.1  21811101  21812210 (38182439) C               Kuruka     Unspecified  (4177)    4656    3536    
   829 36.38 1.92 2.08           OY720426.1  21817888  21818513 (38176136) C               Kuruka     Unspecified  (4253)    4580    3956    
   739 34.04 0.90 0.90           OY720426.1  21818628  21818962 (38175687) C               Kuruka     Unspecified  (4992)    3841    3507    
   328 38.09 2.19 2.19           OY720426.1  21898855  21899219 (38095430) C               Kuruka     Unspecified  (5016)    3817    3453    
  1074 35.50 1.37 1.53           OY720426.1  23811032  23811686 (36182963) C               Kuruka     Unspecified  (4388)    4445    3792    
   279 32.60 6.73 4.97           OY720426.1  25067865  25068161 (34926488) +               Kuruka     Unspecified    4199    4500  (4333)    
   929 34.45 2.30 2.93           OY720426.1  25705404  25706055 (34288594) C               Kuruka     Unspecified  (4247)    4586    3939    
   742 34.88 0.00 0.00           OY720426.1  25706162  25706485 (34288164) C               Kuruka     Unspecified  (5001)    3832    3509    
  1043 33.49 3.19 3.34           OY720426.1  26320907  26321595 (33673054) +               Kuruka     Unspecified    3969    4656  (4177)    
   275 26.31 3.39 3.39           OY720426.1  26939941  26940058 (33054591) +               Kuruka     Unspecified    4215    4332  (4501)    
  1665 34.19 2.82 2.90           OY720426.1  27307660  27308936 (32685713) C               Kuruka     Unspecified  (4051)    4782    3507    
  1597 34.09 3.51 2.50           OY720426.1  28339037  28340146 (31654503) C               Kuruka     Unspecified  (4177)    4656    3536    
   232 24.29 2.78 2.78           OY720426.1  31703695  31703766 (28290883) +               Kuruka     Unspecified    4593    4664  (4169)    
   232 24.29 2.78 2.78           OY720426.1  32116972  32117043 (27877606) +               Kuruka     Unspecified    4593    4664  (4169)    
   281 30.40 4.23 4.23           OY720426.1  32757780  32757992 (27236657) C               Kuruka     Unspecified  (4985)    3848    3636    
   290 31.71 3.76 3.76           OY720426.1  32859553  32859765 (27134884) C               Kuruka     Unspecified  (4985)    3848    3636    
   295 33.13 1.23 1.23           OY720426.1  33221583  33221744 (26772905) +               Kuruka     Unspecified    3585    3746  (5087)    
  1695 35.34 2.31 1.24           OY720426.1  33590972  33592011 (26402638) C               Kuruka     Unspecified  (4247)    4586    3536    
   297 37.57 3.01 3.01           OY720426.1  35676289  35676653 (24317996) +               Kuruka     Unspecified    3453    3817  (5016)    
   225 22.95 3.17 3.17           OY720426.1  35677430  35677492 (24317157) +               Kuruka     Unspecified    4593    4655  (4178)    
  1578 34.18 3.51 2.50           OY720426.1  36197966  36199075 (23795574) C               Kuruka     Unspecified  (4177)    4656    3536    
  1149 37.10 3.43 2.34           OY720426.1  36453532  36454842 (23539807) +               Kuruka     Unspecified    3437    4761  (4072)    
  1501 34.46 3.51 2.50           OY720426.1  36554828  36555937 (23438712) C               Kuruka     Unspecified  (4177)    4656    3536    
   360 37.25 3.32 3.67           OY720426.1  36885490  36885790 (23108859) C               Kuruka     Unspecified  (4311)    4522    4223    
  1541 34.46 3.51 2.50           OY720426.1  37421243  37422352 (22572297) C               Kuruka     Unspecified  (4177)    4656    3536    
  1244 35.59 3.99 2.71           OY720426.1  38031983  38033111 (21961538) C               Kuruka     Unspecified  (4247)    4586    3444    
   261 34.58 0.00 0.00           OY720426.1  38126073  38126179 (21868470) C               Kuruka     Unspecified  (5142)    3691    3585    
   409 35.43 1.17 1.17           OY720426.1  38995279  38995535 (20999114) C               Kuruka     Unspecified  (5139)    3694    3438    
   226 34.47 3.75 3.32           OY720426.1  39265757  39265996 (20728653) +               Kuruka     Unspecified    4200    4440  (4393)    
   251 29.31 1.69 1.69           OY720426.1  39320920  39321037 (20673612) C               Kuruka     Unspecified  (4499)    4334    4217    
   537 33.33 5.13 4.61           OY720426.1  39461757  39462360 (20532289) +               Kuruka     Unspecified    3575    4181  (4652)    
  1602 37.93 1.47 1.55           OY720426.1  45973637  45974860 (14019789) +               Kuruka     Unspecified    3447    4669  (4164)    
  1068 35.39 3.93 3.42           OY720426.1  52876424  52877441 (7117208) C               Kuruka     Unspecified  (4235)    4598    3576    
   360 37.25 3.32 3.67           OY720426.1  56563854  56564154 (3430495) +               Kuruka     Unspecified    4223    4522  (4311)    
   241 21.31 3.17 3.17           OY720427.1    444148    444210 (43214129) C               Kuruka     Unspecified  (4178)    4655    4593    
   937 35.03 3.72 4.76           OY720427.1   5927439   5928541 (37729798) C               Kuruka     Unspecified  (4247)    4586    3495    
   239 31.59 4.97 3.68           OY720427.1   5981389   5981549 (37676790) C               Kuruka     Unspecified  (4378)    4455    4293    
  1487 34.65 3.51 2.50           OY720427.1   6189789   6190898 (37467441) +               Kuruka     Unspecified    3536    4656  (4177)    
   467 37.87 1.06 1.06           OY720427.1   6349677   6350055 (37308284) +               Kuruka     Unspecified    3456    3834  (4999)    
   833 37.24 2.19 2.05           OY720427.1   6350160   6350891 (37307448) +               Kuruka     Unspecified    3939    4671  (4162)    
   381 36.91 1.66 1.94           OY720427.1   6689578   6689939 (36968400) C               Kuruka     Unspecified  (4249)    4584    4224    
   398 31.60 2.29 2.76           OY720427.1   7223886   7224103 (36434236) C               Kuruka     Unspecified  (4297)    4536    4320    
  1533 34.08 3.28 2.19           OY720427.1   7410354   7411391 (36246948) +               Kuruka     Unspecified    3536    4584  (4249)    
   366 32.59 2.16 2.16           OY720427.1   7452265   7452449 (36205890) +               Kuruka     Unspecified    3495    3679  (5154)    
   684 32.72 4.76 3.47           OY720427.1   7452986   7453384 (36204955) +               Kuruka     Unspecified    4217    4620  (4213)    
   593 35.42 1.29 1.29           OY720427.1   7618129   7618517 (36039822) +               Kuruka     Unspecified    3489    3877  (4956)    
   271 34.54 6.34 6.71           OY720427.1   7707779   7708346 (35949993) C               Kuruka     Unspecified  (4330)    4503    3938    
   241 29.91 5.61 0.00           OY720427.1   7829472   7829578 (35828761) +               Kuruka     Unspecified    4227    4339  (4494)    
   315 34.56 0.00 0.00           OY720427.1   8140708   8140843 (35517496) C               Kuruka     Unspecified  (5167)    3666    3531    
  1652 36.16 2.91 2.24           OY720427.1   8471815   8473189 (35185150) C               Kuruka     Unspecified  (3988)    4845    3462    
   249 35.04 4.38 0.00           OY720427.1   8618110   8618246 (35040093) +               Kuruka     Unspecified    3510    3652  (5181)    
   814 36.46 2.49 2.63           OY720427.1   8618408   8619131 (35039208) +               Kuruka     Unspecified    3948    4670  (4163)    
   348 33.23 4.75 4.75           OY720427.1   8625492   8625807 (35032532) C               Kuruka     Unspecified  (4298)    4535    4220    
   350 33.78 4.42 4.75           OY720427.1   8718369   8718685 (34939654) C               Kuruka     Unspecified  (4298)    4535    4220    
   249 37.25 0.00 0.65           OY720427.1   8748961   8749114 (34909225) +               Kuruka     Unspecified    4294    4446  (4387)    
   634 33.03 4.80 4.28           OY720427.1   8781048   8781651 (34876688) +               Kuruka     Unspecified    3575    4181  (4652)    
   328 38.09 2.19 2.19           OY720427.1   8807971   8808335 (34850004) +               Kuruka     Unspecified    3453    3817  (5016)    
   374 28.46 0.72 0.72           OY720427.1   8832730   8832867 (34825472) +               Kuruka     Unspecified    4044    4181  (4652)    
   241 37.91 0.00 0.65           OY720427.1   8853684   8853837 (34804502) C               Kuruka     Unspecified  (4387)    4446    4294    
   252 37.25 0.00 0.65           OY720427.1   8901093   8901246 (34757093) C               Kuruka     Unspecified  (4387)    4446    4294    
   725 36.02 3.42 2.21           OY720427.1   8950040   8950800 (34707539) +               Kuruka     Unspecified    3438    4207  (4626)    
   557 36.27 3.04 3.25           OY720427.1   8950821   8951313 (34707026) +               Kuruka     Unspecified    4269    4760  (4073)    
   646 32.69 5.30 4.78           OY720427.1   8984067   8984670 (34673669) C               Kuruka     Unspecified  (4652)    4181    3575    
   631 32.46 5.13 4.61           OY720427.1   9779591   9780194 (33878145) C               Kuruka     Unspecified  (4652)    4181    3575    
   381 34.20 5.26 1.27           OY720427.1  10373141  10373368 (33284971) C               Kuruka     Unspecified  (5022)    3811    3575    
   335 32.00 5.05 5.38           OY720427.1  10666595  10666911 (32991428) C               Kuruka     Unspecified  (4298)    4535    4220    
   690 35.96 2.24 3.13           OY720427.1  11568830  11569409 (32088930) +               Kuruka     Unspecified    4082    4656  (4177)    
   245 36.64 0.00 3.27           OY720427.1  11864676  11864833 (31793506) +               Kuruka     Unspecified    4294    4446  (4387)    
   626 32.63 5.13 4.61           OY720427.1  11902052  11902655 (31755684) C               Kuruka     Unspecified  (4652)    4181    3575    
   325 28.94 3.61 4.24           OY720427.1  12062209  12062374 (31595965) C               Kuruka     Unspecified  (4387)    4446    4282    
   227 35.33 3.91 4.29           OY720427.1  12212580  12212860 (31445479) C               Kuruka     Unspecified  (4297)    4536    4257    
   996 37.04 0.96 1.10           OY720427.1  12408724  12409452 (31248887) C               Kuruka     Unspecified  (4177)    4656    3929    
  1710 35.97 2.72 1.93           OY720427.1  12890431  12891717 (30766622) C               Kuruka     Unspecified  (4075)    4758    3462    
   251 35.06 5.19 0.00           OY720427.1  13064854  13065007 (30593332) +               Kuruka     Unspecified    3491    3652  (5181)    
   861 36.86 2.07 2.21           OY720427.1  13065169  13065892 (30592447) +               Kuruka     Unspecified    3948    4670  (4163)    
   358 35.73 4.36 4.36           OY720427.1  13120654  13121250 (30537089) C               Kuruka     Unspecified  (4298)    4535    3939    
  1725 35.15 2.31 1.24           OY720427.1  13134311  13135350 (30522989) +               Kuruka     Unspecified    3536    4586  (4247)    
   249 37.25 0.00 0.65           OY720427.1  13151327  13151480 (30506859) +               Kuruka     Unspecified    4294    4446  (4387)    
   299 35.85 0.00 1.26           OY720427.1  13260965  13261125 (30397214) C               Kuruka     Unspecified  (4381)    4452    4294    
   548 32.98 5.65 4.78           OY720427.1  13273277  13273878 (30384461) +               Kuruka     Unspecified    3575    4181  (4652)    
   241 37.91 0.00 0.65           OY720427.1  13303789  13303942 (30354397) C               Kuruka     Unspecified  (4387)    4446    4294    
   347 38.09 2.19 2.19           OY720427.1  13399331  13399695 (30258644) +               Kuruka     Unspecified    3453    3817  (5016)    
   270 37.65 0.00 0.62           OY720427.1  13404337  13404499 (30253840) C               Kuruka     Unspecified  (4378)    4455    4294    
   389 34.03 2.92 2.07           OY720427.1  13459152  13459391 (30198948) +               Kuruka     Unspecified    4279    4520  (4313)    
  2039 33.62 1.82 2.29           OY720427.1  14384074  14385172 (29273167) +               Kuruka     Unspecified    3462    4555  (4278)    
  1466 34.81 3.43 2.23           OY720427.1  14477315  14478422 (29179917) +               Kuruka     Unspecified    3536    4656  (4177)    
   260 32.85 2.82 2.82           OY720427.1  14713247  14713459 (28944880) +               Kuruka     Unspecified    3636    3848  (4985)    
  1046 36.07 5.13 3.55           OY720427.1  14755410  14756714 (28901625) C               Kuruka     Unspecified  (4072)    4761    3437    
   607 32.69 5.30 4.78           OY720427.1  15633030  15633633 (28024706) +               Kuruka     Unspecified    3575    4181  (4652)    
  1568 34.18 3.51 2.50           OY720427.1  15944685  15945794 (27712545) +               Kuruka     Unspecified    3536    4656  (4177)    
   225 22.95 3.17 3.17           OY720427.1  17871251  17871313 (25787026) C               Kuruka     Unspecified  (4178)    4655    4593    
   361 38.44 1.64 1.64           OY720427.1  17872090  17872454 (25785885) C               Kuruka     Unspecified  (5016)    3817    3453    
   406 30.11 8.31 8.31           OY720427.1  18498733  18499105 (25159234) C               Kuruka     Unspecified  (4398)    4435    4063    
   282 36.20 3.23 3.44           OY720427.1  20599317  20599811 (23058528) C               Kuruka     Unspecified  (4297)    4536    4043    
   228 17.31 7.69 0.00           OY720427.1  23529271  23529322 (20129017) C               Kuruka     Unspecified  (1645)    7188    7133    
