  572 37.16  2.09  2.26     CALYMY010000123.1    14155    15305  (84437)  +          Kuruka  Unspecified  (84437)    14155    15305
 1646 34.17  3.29  2.56     CALYMY010000345.1    28301    29423   (9873)  +          Kuruka  Unspecified   (9873)    28301    29423
  229 33.33  1.87  1.87     CALYMY010000347.1    34165    34271   (4977)  C          Kuruka  Unspecified   (4977)    34165    34271
  231 33.33  1.87  1.87     CALYMY010000389.1    10860    10966  (24081)  C          Kuruka  Unspecified  (24081)    10860    10966
  229 33.33  1.87  1.87            OX155950.1   788345   788451 (41857393)  +          Kuruka  Unspecified (41857393)   788345   788451
  229 33.33  1.87  1.87            OX155950.1 11461827 11461933 (31183911)  +          Kuruka  Unspecified (31183911) 11461827 11461933
 1414 37.43  2.41  2.49            OX155950.1 18592302 18593668 (24052176)  +          Kuruka  Unspecified (24052176) 18592302 18593668
  229 33.33  1.87  1.87            OX155950.1 18957842 18957948 (23687896)  +          Kuruka  Unspecified (23687896) 18957842 18957948
 1430 37.36  2.41  2.49            OX155950.1 25171391 25172757 (17473087)  +          Kuruka  Unspecified (17473087) 25171391 25172757
  853 36.03  4.14  4.24            OX155950.1 40137418 40138527 (2507317)  +          Kuruka  Unspecified (2507317) 40137418 40138527
 1328 37.36  2.41  2.49            OX155950.1  3149147  3150513 (39495331)  C          Kuruka  Unspecified (39495331)  3149147  3150513
 1430 37.36  2.41  2.49            OX155950.1 36033295 36034661 (6611183)  C          Kuruka  Unspecified (6611183) 36033295 36034661
  255 23.21  0.00  0.00            OX155951.1  8057308  8057363 (34381956)  C          Kuruka  Unspecified (34381956)  8057308  8057363
 1344 37.29  2.41  2.49            OX155951.1 21426897 21428263 (21011056)  C          Kuruka  Unspecified (21011056) 21426897 21428263
  229 33.33  1.87  1.87            OX155952.1 33068950 33069056 (9194343)  +          Kuruka  Unspecified (9194343) 33068950 33069056
 1003 36.40  3.02  3.10            OX155952.1 33968650 33969942 (8293457)  +          Kuruka  Unspecified (8293457) 33968650 33969942
  876 37.59  3.23  3.31            OX155952.1  4245781  4247018 (38016381)  C          Kuruka  Unspecified (38016381)  4245781  4247018
  229 33.33  1.87  1.87            OX155952.1 12578371 12578477 (29684922)  C          Kuruka  Unspecified (29684922) 12578371 12578477
  229 33.33  1.87  1.87            OX155952.1 23257299 23257405 (19005994)  C          Kuruka  Unspecified (19005994) 23257299 23257405
  229 33.33  1.87  1.87            OX155953.1  4441146  4441252 (36121752)  +          Kuruka  Unspecified (36121752)  4441146  4441252
 1063 37.03  1.95  2.04            OX155953.1   370866   371943 (40191061)  C          Kuruka  Unspecified (40191061)   370866   371943
 1345 37.29  2.41  2.49            OX155953.1  5979396  5980762 (34582242)  C          Kuruka  Unspecified (34582242)  5979396  5980762
  229 33.33  1.87  1.87            OX155953.1 17706352 17706458 (22856546)  C          Kuruka  Unspecified (22856546) 17706352 17706458
 1430 37.36  2.41  2.49            OX155953.1 35978875 35980241 (4582763)  C          Kuruka  Unspecified (4582763) 35978875 35980241
  792 37.79  2.34  2.43            OX155954.1  7258359  7259554 (31898826)  +          Kuruka  Unspecified (31898826)  7258359  7259554
  229 33.33  1.87  1.87            OX155954.1 13124892 13124998 (26033382)  C          Kuruka  Unspecified (26033382) 13124892 13124998
  689 36.87  2.52  2.61            OX155954.1 25248557 25249706 (13908674)  C          Kuruka  Unspecified (13908674) 25248557 25249706
  229 33.33  1.87  1.87            OX155954.1 32009349 32009455 (7148925)  C          Kuruka  Unspecified (7148925) 32009349 32009455
  229 33.33  1.87  1.87            OX155955.1 16922203 16922309 (22219028)  +          Kuruka  Unspecified (22219028) 16922203 16922309
  229 33.33  1.87  1.87            OX155955.1 28485276 28485382 (10655955)  +          Kuruka  Unspecified (10655955) 28485276 28485382
  229 33.33  1.87  1.87            OX155955.1  5949824  5949930 (33191407)  C          Kuruka  Unspecified (33191407)  5949824  5949930
 1611 34.50  3.81  2.27            OX155955.1 17952496 17953625 (21187712)  C          Kuruka  Unspecified (21187712) 17952496 17953625
 1193 36.77  1.94  2.04            OX155955.1 21392242 21393321 (17748016)  C          Kuruka  Unspecified (17748016) 21392242 21393321
  229 33.33  1.87  1.87            OX155955.1 23467969 23468075 (15673262)  C          Kuruka  Unspecified (15673262) 23467969 23468075
  237 35.50 10.09 10.09            OX155955.1 29462519 29463873 (9678710)  C          Kuruka  Unspecified (9678710) 29462519 29463873
  259 26.09  2.13  2.13            OX155956.1  5259754  5259847 (32702855)  +          Kuruka  Unspecified (32702855)  5259754  5259847
 1413 37.43  2.41  2.49            OX155956.1  9868286  9869652 (28093050)  +          Kuruka  Unspecified (28093050)  9868286  9869652
  229 33.33  1.87  1.87            OX155956.1 15056893 15056999 (22905703)  +          Kuruka  Unspecified (22905703) 15056893 15056999
  963 36.67  3.88  3.96            OX155956.1 30601461 30602698 (7360004)  +          Kuruka  Unspecified (7360004) 30601461 30602698
 1327 37.36  2.41  2.49            OX155956.1 21991561 21992927 (15969775)  C          Kuruka  Unspecified (15969775) 21991561 21992927
  841 37.66  2.01  2.09            OX155957.1 34263692 34264887 (3107263)  +          Kuruka  Unspecified (3107263) 34263692 34264887
  229 33.33  1.87  1.87            OX155957.1 26182540 26182646 (11189504)  C          Kuruka  Unspecified (11189504) 26182540 26182646
 1353 37.21  2.41  2.49            OX155957.1 34030321 34031687 (3340463)  C          Kuruka  Unspecified (3340463) 34030321 34031687
  255 23.21  0.00  0.00            OX155958.1 16690409 16690464 (20103347)  C          Kuruka  Unspecified (20103347) 16690409 16690464
  248 27.18  2.13  2.13            OX155959.1 12861025 12861118 (23892047)  +          Kuruka  Unspecified (23892047) 12861025 12861118
  239 31.62  3.33  6.90            OX155959.1 13218652 13218831 (23534334)  +          Kuruka  Unspecified (23534334) 13218652 13218831
  246 27.18  2.13  2.13            OX155959.1 23592436 23592529 (13160636)  C          Kuruka  Unspecified (13160636) 23592436 23592529
 1402 37.28  2.35  2.43            OX155960.1 16367783 16369143 (19551774)  +          Kuruka  Unspecified (19551774) 16367783 16369143
  228 28.57  0.00  0.00            OX155960.1 24698359 24698421 (11222496)  +          Kuruka  Unspecified (11222496) 24698359 24698421
  229 33.33  1.87  1.87            OX155960.1    66107    66213 (35854704)  C          Kuruka  Unspecified (35854704)    66107    66213
  229 33.33  1.87  1.87            OX155960.1  3771728  3771834 (32149083)  C          Kuruka  Unspecified (32149083)  3771728  3771834
  351 34.60  5.29  5.00            OX155961.1   840328   840686 (34455295)  +          Kuruka  Unspecified (34455295)   840328   840686
  229 33.33  1.87  1.87            OX155961.1  1373172  1373278 (33922703)  +          Kuruka  Unspecified (33922703)  1373172  1373278
  229 33.33  1.87  1.87            OX155961.1 21308306 21308412 (13987569)  +          Kuruka  Unspecified (13987569) 21308306 21308412
  575 37.16  2.09  2.26            OX155961.1 23112303 23113453 (12182528)  +          Kuruka  Unspecified (12182528) 23112303 23113453
  586 35.42  4.21  4.40            OX155961.1 23438859 23439927 (11856054)  +          Kuruka  Unspecified (11856054) 23438859 23439927
  248 27.18  2.13  2.13            OX155961.1 24467887 24467980 (10828001)  +          Kuruka  Unspecified (10828001) 24467887 24467980
 1603 34.08  3.29  2.56            OX155961.1  6817119  6818241 (28477740)  C          Kuruka  Unspecified (28477740)  6817119  6818241
 1424 37.43  2.41  2.49            OX155961.1 25922167 25923533 (9372448)  C          Kuruka  Unspecified (9372448) 25922167 25923533
  229 33.33  1.87  1.87            OX155962.1 12489463 12489569 (21825378)  +          Kuruka  Unspecified (21825378) 12489463 12489569
  956 36.69  3.72  3.80            OX155962.1 28561027 28562264 (5752683)  +          Kuruka  Unspecified (5752683) 28561027 28562264
  944 36.14  4.04  4.12            OX155962.1 12373823 12375060 (21939887)  C          Kuruka  Unspecified (21939887) 12373823 12375060
  233 25.42  0.00  0.00            OX155962.1 15410453 15410511 (18904436)  C          Kuruka  Unspecified (18904436) 15410453 15410511
 1018 37.43  1.76  1.86            OX155963.1  4838776  4839853 (28922561)  +          Kuruka  Unspecified (28922561)  4838776  4839853
 1310 37.43  2.41  2.49            OX155963.1  8793313  8794679 (24967735)  +          Kuruka  Unspecified (24967735)  8793313  8794679
  229 33.33  1.87  1.87            OX155963.1 18951044 18951150 (14811264)  +          Kuruka  Unspecified (14811264) 18951044 18951150
  229 33.33  1.87  1.87            OX155963.1  8696627  8696733 (25065681)  C          Kuruka  Unspecified (25065681)  8696627  8696733
 1329 36.98  2.41  2.49            OX155963.1 21351668 21352951 (12409463)  C          Kuruka  Unspecified (12409463) 21351668 21352951
  229 33.33  1.87  1.87            OX155963.1 29005104 29005210 (4757204)  C          Kuruka  Unspecified (4757204) 29005104 29005210
  229 33.33  1.87  1.87            OX155963.1 31513347 31513453 (2248961)  C          Kuruka  Unspecified (2248961) 31513347 31513453
  893 37.05  3.71  3.79            OX155964.1    50858    52125 (33644691)  +          Kuruka  Unspecified (33644691)    50858    52125
  237 23.21  0.00  0.00            OX155965.1  5058007  5058062 (28451539)  C          Kuruka  Unspecified (28451539)  5058007  5058062
  591 31.95  0.41  0.41            OX155966.1    29210    29451 (33358666)  +          Kuruka  Unspecified (33358666)    29210    29451
 1030 34.21  2.67  3.02            OX155966.1    29737    30634 (33357483)  +          Kuruka  Unspecified (33357483)    29737    30634
 1319 37.81  2.41  2.49            OX155966.1  2600560  2601926 (30786191)  +          Kuruka  Unspecified (30786191)  2600560  2601926
 1642 33.82  3.29  2.56            OX155966.1  9049366  9050488 (24337629)  +          Kuruka  Unspecified (24337629)  9049366  9050488
  229 33.33  1.87  1.87            OX155966.1 19693781 19693887 (13694230)  +          Kuruka  Unspecified (13694230) 19693781 19693887
  322 36.20  1.34  1.34            OX155966.1 21883344 21883567 (11504550)  +          Kuruka  Unspecified (11504550) 21883344 21883567
  232 30.00  0.00  0.00            OX155966.1 32429849 32429908 (958209)  +          Kuruka  Unspecified (958209) 32429849 32429908
  800 37.18  1.86  1.86            OX155966.1  5540747  5541823 (27846294)  C          Kuruka  Unspecified (27846294)  5540747  5541823
 1538 35.37  3.31  3.38            OX155966.1 28545289 28546649 (4841468)  C          Kuruka  Unspecified (4841468) 28545289 28546649
  237 23.21  0.00  0.00            OX155966.1 30086635 30086690 (3301427)  C          Kuruka  Unspecified (3301427) 30086635 30086690
 1611 34.50  3.81  2.27            OX155967.1  7148652  7149781 (25278730)  +          Kuruka  Unspecified (25278730)  7148652  7149781
  734 34.56  5.33  5.53            OX155967.1  9747768  9748836 (22679675)  +          Kuruka  Unspecified (22679675)  9747768  9748836
  512 36.62  2.29  2.52            OX155967.1  9898488  9898924 (22529587)  +          Kuruka  Unspecified (22529587)  9898488  9898924
  237 23.21  0.00  0.00            OX155967.1 21882205 21882260 (10546251)  +          Kuruka  Unspecified (10546251) 21882205 21882260
 1296 37.15  2.31  2.39            OX155967.1   495491   496789 (31931722)  C          Kuruka  Unspecified (31931722)   495491   496789
  239 34.57 10.19 10.19            OX155967.1   851455   852808 (31576949)  C          Kuruka  Unspecified (31576949)   851455   852808
  229 33.33  1.87  1.87            OX155967.1  3089825  3089931 (29338580)  C          Kuruka  Unspecified (29338580)  3089825  3089931
  229 33.33  1.87  1.87            OX155967.1  5594507  5594613 (26833898)  C          Kuruka  Unspecified (26833898)  5594507  5594613
  801 38.35  3.41  2.34            OX155967.1  8736694  8737836 (23690675)  C          Kuruka  Unspecified (23690675)  8736694  8737836
  995 37.36  2.41  2.49            OX155967.1 16710429 16711795 (15716716)  C          Kuruka  Unspecified (15716716) 16710429 16711795
 1371 37.40  2.32  2.40            OX155967.1 24191006 24192298 (8236213)  C          Kuruka  Unspecified (8236213) 24191006 24192298
  550 37.92  2.32  2.77            OX155967.1 26201020 26201708 (6226803)  C          Kuruka  Unspecified (6226803) 26201020 26201708
  283 35.03  3.66  3.08            OX155968.1  2937335  2938647 (26223033)  +          Kuruka  Unspecified (26223033)  2937335  2938647
  248 27.18  2.13  2.13            OX155968.1 10799984 10800077 (18360645)  +          Kuruka  Unspecified (18360645) 10799984 10800077
  384 34.28  3.16  3.16            OX155968.1 25227292 25227544 (3933178)  +          Kuruka  Unspecified (3933178) 25227292 25227544
 1375 37.72  2.13  2.35            OX155968.1 22123954 22125316 (7035406)  C          Kuruka  Unspecified (7035406) 22123954 22125316
  831 37.35  2.06  2.24            OX155969.1 28604885 28606048 (492008)  +          Kuruka  Unspecified (492008) 28604885 28606048
  707 36.67  2.00  2.00            OX155969.1 18812414 18813014 (10285042)  C          Kuruka  Unspecified (10285042) 18812414 18813014
 1315 37.10  2.31  2.39            OX155969.1 18816400 18817697 (10280359)  C          Kuruka  Unspecified (10280359) 18816400 18817697
  231 28.57  0.00  0.00            OX155970.1  3624280  3624342 (24972106)  +          Kuruka  Unspecified (24972106)  3624280  3624342
  334 38.51  1.76  1.76            OX155970.1  4121788  4122128 (24474320)  +          Kuruka  Unspecified (24474320)  4121788  4122128
  246 27.18  2.13  2.13            OX155970.1   229041   229134 (28367314)  C          Kuruka  Unspecified (28367314)   229041   229134
  323 33.32  4.35  3.45            OX155970.1  1138362  1138591 (27457857)  C          Kuruka  Unspecified (27457857)  1138362  1138591
  231 28.57  0.00  0.00            OX155970.1  3762733  3762795 (24833653)  C          Kuruka  Unspecified (24833653)  3762733  3762795
  914 33.86  5.86  2.70            OX155970.1  4454740  4455780 (24140668)  C          Kuruka  Unspecified (24140668)  4454740  4455780
  226 25.76  0.00  0.00            OX155970.1  4461866  4461931 (24134517)  C          Kuruka  Unspecified (24134517)  4461866  4461931
  562 35.55  1.76  2.37            OX155970.1  4473084  4473593 (24122855)  C          Kuruka  Unspecified (24122855)  4473084  4473593
 1333 34.04  3.75  2.84            OX155970.1  5185354  5186366 (23410082)  C          Kuruka  Unspecified (23410082)  5185354  5186366
  229 33.33  1.87  1.87            OX155970.1  6964263  6964369 (21632079)  C          Kuruka  Unspecified (21632079)  6964263  6964369
 1275 36.00  3.31  2.41            OX155971.1  5500870  5502227 (23046423)  +          Kuruka  Unspecified (23046423)  5500870  5502227
  256 27.18  2.13  2.13            OX155971.1 10183733 10183826 (18364824)  +          Kuruka  Unspecified (18364824) 10183733 10183826
 1598 34.83  3.71  3.12            OX155971.1 19451214 19452615 (9096035)  +          Kuruka  Unspecified (9096035) 19451214 19452615
 1078 36.99  3.62  3.16            OX155971.1 21270563 21271916 (7276734)  +          Kuruka  Unspecified (7276734) 21270563 21271916
 1530 34.15  3.71  2.89            OX155972.1  8078588  8079718 (16722292)  +          Kuruka  Unspecified (16722292)  8078588  8079718
  241 39.10  2.81  2.63            OX155972.1 12944455 12945024 (11856986)  +          Kuruka  Unspecified (11856986) 12944455 12945024
  263 33.33  1.53  1.53            OX155972.1 12945375 12945505 (11856505)  +          Kuruka  Unspecified (11856505) 12945375 12945505
  248 27.18  2.13  2.13            OX155972.1 23650413 23650506 (1151504)  +          Kuruka  Unspecified (1151504) 23650413 23650506
  229 33.33  1.87  1.87            OX155972.1 22474008 22474114 (2327896)  C          Kuruka  Unspecified (2327896) 22474008 22474114
  255 23.21  0.00  0.00            OX155972.1 23528500 23528555 (1273455)  C          Kuruka  Unspecified (1273455) 23528500 23528555
  689 36.87  2.52  2.61            OX155973.1 23804565 23805714 (816910)  +          Kuruka  Unspecified (816910) 23804565 23805714
 1439 35.97  3.31  3.38            OX155973.1  1266000  1267360 (23355264)  C          Kuruka  Unspecified (23355264)  1266000  1267360
  865 36.27  4.12  4.22            OX155973.1  7628770  7629837 (16992787)  C          Kuruka  Unspecified (16992787)  7628770  7629837
  227 33.97  2.50  2.50            OX155974.1  5220072  5220231 (16531722)  +          Kuruka  Unspecified (16531722)  5220072  5220231
  229 33.33  1.87  1.87            OX155974.1 19195622 19195728 (2556225)  C          Kuruka  Unspecified (2556225) 19195622 19195728
  928 36.11  2.75  2.93            OX155975.1 17208154 17209317 (3477140)  C          Kuruka  Unspecified (3477140) 17208154 17209317
  255 23.21  0.00  0.00            OX155975.1 17325500 17325555 (3360902)  C          Kuruka  Unspecified (3360902) 17325500 17325555
 1665 34.08  3.29  2.56            OX155976.1 19552491 19553613 (520015)  C          Kuruka  Unspecified (520015) 19552491 19553613
  788 36.87  2.04  2.04            OX155977.1 12269997 12271073 (5895006)  +          Kuruka  Unspecified (5895006) 12269997 12271073
  736 37.26  2.04  2.14            OX155977.1 15621472 15622549 (2543530)  +          Kuruka  Unspecified (2543530) 15621472 15622549
  229 33.33  1.87  1.87            OX155978.1 10813265 10813371 (7005363)  +          Kuruka  Unspecified (7005363) 10813265 10813371
  229 33.33  1.87  1.87            OX155978.1  9676909  9677015 (8141719)  C          Kuruka  Unspecified (8141719)  9676909  9677015
  963 36.54  2.69  2.60            OX155980.1  4622366  4623517 (81103292)  +          Kuruka  Unspecified (81103292)  4622366  4623517
  884 37.45  2.34  2.43            OX155980.1  7080852  7082047 (78644762)  +          Kuruka  Unspecified (78644762)  7080852  7082047
  982 35.38  3.77  3.85            OX155980.1 19013346 19014697 (66712112)  +          Kuruka  Unspecified (66712112) 19013346 19014697
  993 34.76  2.69  2.60            OX155980.1 32779942 32781295 (52945716)  +          Kuruka  Unspecified (52945716) 32779942 32781295
 1618 34.50  3.81  2.27            OX155980.1 48762910 48764039 (36962770)  +          Kuruka  Unspecified (36962770) 48762910 48764039
 1363 37.17  2.55  2.63            OX155980.1 56255884 56257176 (29469633)  +          Kuruka  Unspecified (29469633) 56255884 56257176
  849 36.20  4.20  4.28            OX155980.1 10760369 10761606 (74965203)  C          Kuruka  Unspecified (74965203) 10760369 10761606
  722 34.50  4.07  4.19            OX155980.1 24001090 24002413 (61724812)  C          Kuruka  Unspecified (61724812) 24001090 24002413
  248 27.18  2.13  2.13            OX155980.1 30739510 30739603 (54987206)  C          Kuruka  Unspecified (54987206) 30739510 30739603
 1417 37.43  2.41  2.49            OX155980.1 43861540 43862906 (41863903)  C          Kuruka  Unspecified (41863903) 43861540 43862906
  438 37.88  2.40  2.25            OX155980.1 56871815 56872481 (28854328)  C          Kuruka  Unspecified (28854328) 56871815 56872481
  229 33.33  1.87  1.87            OX155980.1 60653581 60653687 (25073122)  C          Kuruka  Unspecified (25073122) 60653581 60653687
  907 37.66  2.01  2.09            OX155980.1 65106252 65107447 (20619362)  C          Kuruka  Unspecified (20619362) 65106252 65107447
  398 38.79  2.71  2.71            OX155980.1 70819734 70820361 (14906448)  C          Kuruka  Unspecified (14906448) 70819734 70820361
  418 36.82  4.26  4.11            OX155980.1 72888874 72890019 (12837232)  C          Kuruka  Unspecified (12837232) 72888874 72890019
