   236 28.57 0.00 0.00           OX439344.1    765354    765423 (39816879) +               Kuruka     Unspecified    1730    1799  (7034)    
  1770 32.95 2.46 2.70           OX439344.1    767254    768513 (39813789) +               Kuruka     Unspecified    3511    4767  (4066)    
   975 34.59 2.70 3.08           OX439344.1   6120501   6121574 (34460728) +               Kuruka     Unspecified    3578    4647  (4186)    
   435 28.22 4.45 7.77           OX439344.1   9452692   9452983 (31129319) C               Kuruka     Unspecified  (4431)    4402    4120    
   251 33.33 0.68 0.00           OX439344.1  13050573  13050719 (27531583) C               Kuruka     Unspecified  (5106)    3727    3580    
   362 39.09 1.96 1.11           OX439344.1  13755540  13755896 (26826406) +               Kuruka     Unspecified    3489    3848  (4985)    
   753 35.45 3.29 4.44           OX439344.1  13755989  13756717 (26825585) +               Kuruka     Unspecified    3939    4659  (4174)    
   596 31.44 4.15 2.03           OX439344.1  14538133  14538421 (26043881) C               Kuruka     Unspecified  (4174)    4659    4365    
   288 34.52 4.62 5.06           OX439344.1  18227285  18227522 (22354780) +               Kuruka     Unspecified    4284    4520  (4313)    
   228 26.56 0.00 0.00           OX439344.1  20043336  20043399 (20538903) +               Kuruka     Unspecified    4291    4354  (4479)    
  1299 34.44 3.17 2.71           OX439344.1  21671251  21672354 (18909948) +               Kuruka     Unspecified    3461    4569  (4264)    
  1768 33.70 1.28 1.37           OX439344.1  25255840  25256937 (15325365) C               Kuruka     Unspecified  (4226)    4607    3511    
   236 28.57 0.00 0.00           OX439344.1  25258768  25258837 (15323465) C               Kuruka     Unspecified  (7034)    1799    1730    
   357 27.12 0.00 0.00           OX439344.1  29285557  29285674 (11296628) +               Kuruka     Unspecified    3557    3674  (5159)    
   585 33.34 0.00 1.36           OX439344.1  29391647  29391944 (11190358) +               Kuruka     Unspecified    3584    3877  (4956)    
   371 35.12 0.00 0.00           OX439344.1  35026242  35026409 (5555893) +               Kuruka     Unspecified    3557    3724  (5109)    
   320 33.10 0.00 0.00           OX439344.1  37651901  37652045 (2930257) +               Kuruka     Unspecified    3530    3674  (5159)    
   427 32.77 3.05 4.83           OX439344.1  39029103  39029397 (1552905) C               Kuruka     Unspecified  (4424)    4409    4120    
   335 34.39 0.00 0.00           OX439345.1    155076    155232 (32459276) +               Kuruka     Unspecified    3583    3739  (5094)    
   237 38.29 0.62 2.88           OX439345.1    242959    243278 (32371230) +               Kuruka     Unspecified    4224    4536  (4297)    
  1950 33.45 2.27 2.35           OX439345.1    480555    481834 (32132674) +               Kuruka     Unspecified    3480    4758  (4075)    
  1711 33.62 1.81 1.91           OX439345.1    990998    992046 (31622462) +               Kuruka     Unspecified    3531    4578  (4255)    
  1711 33.62 1.81 1.91           OX439345.1    998152    999200 (31615308) +               Kuruka     Unspecified    3531    4578  (4255)    
  1711 33.62 1.81 1.91           OX439345.1   1005306   1006354 (31608154) +               Kuruka     Unspecified    3531    4578  (4255)    
  2288 32.80 2.50 2.58           OX439345.1   5392990   5394269 (27220239) C               Kuruka     Unspecified  (4075)    4758    3480    
   346 35.67 0.00 0.00           OX439345.1   7096861   7097017 (25517491) C               Kuruka     Unspecified  (5094)    3739    3583    
  1715 33.62 1.81 1.91           OX439345.1   7583408   7584456 (25030052) C               Kuruka     Unspecified  (4255)    4578    3531    
   232 22.38 5.88 1.41           OX439345.1  10587533  10587600 (22026908) +               Kuruka     Unspecified    3735    3805  (5028)    
   262 37.04 1.56 3.83           OX439345.1  10588020  10588339 (22026169) +               Kuruka     Unspecified    4224    4536  (4297)    
   261 36.00 1.96 1.96           OX439345.1  11375054  11375257 (21239251) +               Kuruka     Unspecified    3596    3799  (5034)    
   887 34.96 1.83 0.99           OX439345.1  12453523  12454123 (20160385) C               Kuruka     Unspecified  (4677)    4156    3551    
  2102 34.00 1.88 1.96           OX439345.1  13229311  13230483 (19384025) +               Kuruka     Unspecified    3488    4659  (4174)    
   233 32.06 2.96 2.96           OX439345.1  14739340  14739474 (17875034) C               Kuruka     Unspecified  (4479)    4354    4220    
   376 30.41 7.02 0.00           OX439345.1  14739953  14740123 (17874385) C               Kuruka     Unspecified  (5094)    3739    3557    
  1285 34.55 3.17 2.71           OX439345.1  18000396  18001499 (14613009) +               Kuruka     Unspecified    3461    4569  (4264)    
   238 26.09 2.11 3.19           OX439345.1  19566035  19566129 (13048379) +               Kuruka     Unspecified    4284    4377  (4456)    
   247 23.33 0.00 0.00           OX439345.1  20029705  20029764 (12584744) +               Kuruka     Unspecified    4295    4354  (4479)    
   255 27.19 2.11 3.19           OX439345.1  22464465  22464559 (10149949) +               Kuruka     Unspecified    4284    4377  (4456)    
   240 38.29 0.62 2.88           OX439345.1  22972437  22972756 (9641752) C               Kuruka     Unspecified  (4297)    4536    4224    
  1783 34.73 2.29 2.29           OX439345.1  24639517  24640739 (7973769) C               Kuruka     Unspecified  (4059)    4774    3552    
   248 36.50 1.96 1.96           OX439345.1  25587664  25587867 (7026641) C               Kuruka     Unspecified  (5034)    3799    3596    
  1954 33.45 2.27 2.35           OX439345.1  28641303  28642582 (3971926) C               Kuruka     Unspecified  (4075)    4758    3480    
   235 38.11 0.64 2.96           OX439345.1  29507791  29508101 (3106407) +               Kuruka     Unspecified    4224    4527  (4306)    
  2390 33.02 2.42 2.50           OX439345.1  31416638  31417917 (1196591) C               Kuruka     Unspecified  (4075)    4758    3480    
   371 35.12 0.00 0.00           OX439346.1   2165351   2165518 (23358154) +               Kuruka     Unspecified    3557    3724  (5109)    
  2024 34.73 1.97 2.05           OX439346.1   2628047   2629313 (22894359) C               Kuruka     Unspecified  (4057)    4776    3511    
   286 30.49 0.00 0.00           OX439346.1   4327901   4327982 (21195690) +               Kuruka     Unspecified    4273    4354  (4479)    
  1542 35.39 3.12 2.72           OX439346.1   7332371   7333651 (18190021) +               Kuruka     Unspecified    3461    4746  (4087)    
   907 34.90 2.45 1.76           OX439346.1  14919797  14920531 (10603141) C               Kuruka     Unspecified  (4161)    4672    3933    
   574 31.81 4.35 4.35           OX439346.1  14920613  14921003 (10602669) C               Kuruka     Unspecified  (4982)    3851    3461    
   374 31.95 6.58 2.53           OX439346.1  20162027  20162254 (5361418) C               Kuruka     Unspecified  (5022)    3811    3575    
   381 36.54 0.40 0.80           OX439346.1  20175470  20175720 (5347952) +               Kuruka     Unspecified    4284    4533  (4300)    
   574 31.81 4.35 4.35           OX439346.1  23262422  23262812 (2260860) +               Kuruka     Unspecified    3461    3851  (4982)    
   939 35.08 2.18 1.49           OX439346.1  23262894  23263628 (2260044) +               Kuruka     Unspecified    3933    4672  (4161)    
   242 38.29 0.62 2.88           OX439346.1  24994048  24994367 (529305) +               Kuruka     Unspecified    4224    4536  (4297)    
  2518 32.81 2.24 2.56           OX439346.1  25519371  25520662   (3010) C               Kuruka     Unspecified  (4057)    4776    3489    
   228 26.56 0.00 0.00           OX439347.1    780078    780141 (24620228) C               Kuruka     Unspecified  (4479)    4354    4291    
   252 37.16 0.95 3.23           OX439347.1   4160682   4160998 (21239371) C               Kuruka     Unspecified  (4297)    4536    4227    
   325 35.12 0.00 0.00           OX439347.1   4207187   4207354 (21193015) +               Kuruka     Unspecified    3557    3724  (5109)    
   247 37.68 0.63 2.90           OX439347.1   9489892   9490208 (15910161) C               Kuruka     Unspecified  (4297)    4536    4227    
  1803 32.94 2.64 2.72           OX439347.1  23160014  23161227 (2239142) C               Kuruka     Unspecified  (4177)    4656    3444    
   634 37.18 2.04 2.13           OX439347.1  23948235  23949314 (1451055) C               Kuruka     Unspecified  (4177)    4656    3578    
   249 26.56 0.00 0.00           OX439347.1  24425747  24425810 (974559) C               Kuruka     Unspecified  (4479)    4354    4291    
   246 32.14 0.00 0.00           OX439348.1    359959    360042 (24549467) +               Kuruka     Unspecified    3583    3666  (5167)    
   262 36.31 1.26 3.55           OX439348.1   1008418   1008734 (23900775) C               Kuruka     Unspecified  (4297)    4536    4227    
   236 38.29 0.62 2.88           OX439348.1   1842244   1842563 (23066946) +               Kuruka     Unspecified    4224    4536  (4297)    
  2061 32.81 2.24 2.56           OX439348.1   3763907   3765198 (21144311) C               Kuruka     Unspecified  (4057)    4776    3489    
   255 28.57 0.00 0.00           OX439348.1   8808837   8808906 (16100603) +               Kuruka     Unspecified    1730    1799  (7034)    
  2125 32.54 3.06 3.14           OX439348.1   8810737   8812075 (16097434) +               Kuruka     Unspecified    3511    4848  (3985)    
  2292 32.93 2.42 2.50           OX439348.1   9206099   9207378 (15702131) +               Kuruka     Unspecified    3480    4758  (4075)    
  2326 32.85 2.42 2.50           OX439348.1  11104607  11105886 (13803623) C               Kuruka     Unspecified  (4075)    4758    3480    
   249 26.12 6.80 8.91           OX439348.1  12659737  12659942 (12249567) +               Kuruka     Unspecified    4308    4509  (4324)    
  1979 33.91 1.78 1.88           OX439348.1  12864796  12865862 (12043647) C               Kuruka     Unspecified  (4255)    4578    3513    
   574 31.81 4.35 4.35           OX439348.1  13955761  13956151 (10953358) +               Kuruka     Unspecified    3461    3851  (4982)    
   937 34.62 2.45 1.76           OX439348.1  13956233  13956967 (10952542) +               Kuruka     Unspecified    3933    4672  (4161)    
  1673 32.84 2.38 2.48           OX439348.1  14375474  14376522 (10532987) +               Kuruka     Unspecified    3531    4578  (4255)    
  2128 33.63 2.05 2.13           OX439348.1  16243844  16245016 (8664493) +               Kuruka     Unspecified    3488    4659  (4174)    
  1554 35.31 3.12 2.72           OX439348.1  17497011  17498291 (7411218) +               Kuruka     Unspecified    3461    4746  (4087)    
  1299 34.44 3.17 2.71           OX439348.1  18876102  18877205 (6032304) C               Kuruka     Unspecified  (4264)    4569    3461    
  2373 33.22 2.34 2.42           OX439348.1  18911408  18912687 (5996822) +               Kuruka     Unspecified    3480    4758  (4075)    
   432 32.78 6.75 6.35           OX439348.1  19001949  19002733 (5906776) +               Kuruka     Unspecified    3465    4252  (4581)    
   634 37.18 2.04 2.13           OX439348.1  19188821  19189900 (5719609) +               Kuruka     Unspecified    3578    4656  (4177)    
  1283 34.55 3.17 2.71           OX439348.1  19482154  19483257 (5426252) +               Kuruka     Unspecified    3461    4569  (4264)    
   247 31.43 5.71 0.00           OX439348.1  22887854  22887958 (2021551) +               Kuruka     Unspecified    4223    4333  (4500)    
   241 25.85 2.17 3.30           OX439348.1  24838492  24838583  (70926) C               Kuruka     Unspecified  (4456)    4377    4287    
  2088 33.57 2.19 2.27           OX439348.1  24858401  24859680  (49829) C               Kuruka     Unspecified  (4075)    4758    3480    
   325 35.12 0.00 0.00           OX439349.1   1714620   1714787 (22948076) C               Kuruka     Unspecified  (5109)    3724    3557    
   225 25.00 0.00 0.00           OX439349.1   5219357   5219420 (19443443) C               Kuruka     Unspecified  (4479)    4354    4291    
  1748 32.96 2.21 3.18           OX439349.1  14987632  14988900 (9673963) C               Kuruka     Unspecified  (4066)    4767    3511    
   236 28.57 0.00 0.00           OX439349.1  14990731  14990800 (9672063) C               Kuruka     Unspecified  (7034)    1799    1730    
   934 37.32 2.66 2.58           OX439349.1  16942645  16943846 (7719017) +               Kuruka     Unspecified    3454    4656  (4177)    
  2306 32.93 2.42 2.50           OX439349.1  17574535  17575814 (7087049) C               Kuruka     Unspecified  (4075)    4758    3480    
   262 25.85 2.17 3.30           OX439349.1  17739421  17739512 (6923351) C               Kuruka     Unspecified  (4456)    4377    4287    
   242 21.43 0.00 0.00           OX439349.1  22899123  22899178 (1763685) +               Kuruka     Unspecified    4293    4348  (4485)    
   310 36.23 1.16 1.56           OX439350.1   1885267   1885524 (22761381) +               Kuruka     Unspecified    4264    4520  (4313)    
  1774 34.36 1.90 1.70           OX439350.1   2889264   2890317 (21756588) C               Kuruka     Unspecified  (4226)    4607    3552    
  1746 34.70 2.46 2.29           OX439350.1   7815391   7816611 (16830294) +               Kuruka     Unspecified    3552    4774  (4059)    
  1429 35.14 0.96 0.96           OX439350.1   9219839   9220565 (15426340) +               Kuruka     Unspecified    3489    4215  (4618)    
   586 36.42 2.18 2.68           OX439350.1   9220614   9221025 (15425880) +               Kuruka     Unspecified    4365    4774  (4059)    
  2312 33.60 1.80 1.88           OX439350.1  11672013  11673292 (12973613) +               Kuruka     Unspecified    3480    4758  (4075)    
   243 33.73 3.89 4.47           OX439350.1  18807743  18807922 (5838983) +               Kuruka     Unspecified    4295    4473  (4360)    
   364 36.95 0.40 0.80           OX439350.1  19103711  19103961 (5542944) C               Kuruka     Unspecified  (4300)    4533    4284    
   275 37.04 1.56 3.83           OX439350.1  21241978  21242297 (3404608) C               Kuruka     Unspecified  (4297)    4536    4224    
  1773 34.49 2.93 2.46           OX439350.1  22553087  22554177 (2092728) C               Kuruka     Unspecified  (4249)    4584    3489    
   362 35.03 0.00 0.00           OX439350.1  22650596  22650752 (1996153) +               Kuruka     Unspecified    3583    3739  (5094)    
   915 34.36 2.76 2.05           OX439350.1  24028847  24029571 (617334) C               Kuruka     Unspecified  (4165)    4668    3939    
  1667 35.73 2.04 2.13           OX439351.1   4015580   4016803 (20399745) +               Kuruka     Unspecified    3449    4671  (4162)    
   277 26.09 2.11 3.19           OX439351.1   5207649   5207743 (19208805) C               Kuruka     Unspecified  (4456)    4377    4284    
   262 24.24 0.00 0.00           OX439351.1   6244305   6244370 (18172178) +               Kuruka     Unspecified    4283    4348  (4485)    
  2364 32.38 2.63 3.03           OX439351.1  13643570  13644862 (10771686) +               Kuruka     Unspecified    3489    4776  (4057)    
   241 34.07 0.00 0.00           OX439351.1  15090363  15090453 (9326095) C               Kuruka     Unspecified  (5160)    3673    3583    
   376 34.39 0.00 0.00           OX439351.1  18080250  18080406 (6336142) +               Kuruka     Unspecified    3583    3739  (5094)    
  2104 33.56 1.92 2.02           OX439351.1  23008973  23010064 (1406484) +               Kuruka     Unspecified    3488    4578  (4255)    
   268 37.97 0.62 2.88           OX439351.1  23943683  23944002 (472546) C               Kuruka     Unspecified  (4297)    4536    4224    
  1466 33.62 4.72 4.31           OX439352.1   2389403   2390695 (21754499) C               Kuruka     Unspecified  (4075)    4758    3461    
   229 27.12 0.00 0.00           OX439352.1   2391440   2391498 (21753696) C               Kuruka     Unspecified  (5856)    2977    2919    
   649 36.02 1.77 1.91           OX439352.1   3602418   3603150 (20542044) +               Kuruka     Unspecified    3939    4670  (4163)    
  1950 33.45 2.27 2.35           OX439352.1   4340128   4341407 (19803787) +               Kuruka     Unspecified    3480    4758  (4075)    
   236 37.09 1.58 3.87           OX439352.1   4573517   4573833 (19571361) C               Kuruka     Unspecified  (4297)    4536    4227    
   277 37.24 2.24 3.72           OX439352.1   5989348   5989838 (18155356) +               Kuruka     Unspecified    4053    4536  (4297)    
  1969 33.91 1.78 1.88           OX439352.1   7346582   7347648 (16797546) +               Kuruka     Unspecified    3513    4578  (4255)    
   251 30.49 0.00 0.00           OX439352.1  15233121  15233202 (8911992) C               Kuruka     Unspecified  (4479)    4354    4273    
   255 36.89 2.44 3.93           OX439352.1  19408421  19408911 (4736283) C               Kuruka     Unspecified  (4306)    4527    4044    
   232 37.16 1.61 3.95           OX439352.1  22535359  22535669 (1609525) +               Kuruka     Unspecified    4224    4527  (4306)    
   721 32.31 3.70 3.70           OX439352.1  23773621  23774025 (371169) +               Kuruka     Unspecified    3447    3851  (4982)    
  1199 34.49 2.45 1.76           OX439352.1  23774107  23774841 (370353) +               Kuruka     Unspecified    3933    4672  (4161)    
   288 34.52 4.62 5.06           OX439353.1   4419699   4419936 (19474261) C               Kuruka     Unspecified  (4313)    4520    4284    
   406 32.15 4.39 4.39           OX439353.1   4721861   4722156 (19172041) +               Kuruka     Unspecified    3465    3760  (5073)    
   344 37.63 2.54 2.68           OX439353.1   4722317   4723026 (19171171) +               Kuruka     Unspecified    3921    4629  (4204)    
  1338 34.45 4.56 4.16           OX439353.1   5592286   5593578 (18300619) C               Kuruka     Unspecified  (4075)    4758    3461    
  1326 34.54 4.56 4.16           OX439353.1   5606708   5608000 (18286197) +               Kuruka     Unspecified    3461    4758  (4075)    
  1373 34.30 4.56 4.16           OX439353.1  10592053  10593345 (13300852) +               Kuruka     Unspecified    3461    4758  (4075)    
   235 23.28 5.33 2.60           OX439353.1  18856948  18857022 (5037175) +               Kuruka     Unspecified    3735    3811  (5022)    
   286 36.72 1.56 3.83           OX439353.1  18857435  18857754 (5036443) +               Kuruka     Unspecified    4224    4536  (4297)    
   276 36.72 1.56 3.83           OX439353.1  20612278  20612597 (3281600) +               Kuruka     Unspecified    4224    4536  (4297)    
  1931 33.52 2.27 2.35           OX439354.1   2044997   2046276 (21643323) C               Kuruka     Unspecified  (4075)    4758    3480    
   620 37.31 2.00 2.10           OX439354.1   3003318   3004319 (20685280) +               Kuruka     Unspecified    3578    4578  (4255)    
   904 37.48 2.75 2.57           OX439354.1   7341785   7342986 (16346613) C               Kuruka     Unspecified  (4177)    4656    3453    
  1950 33.45 2.27 2.35           OX439354.1  10287152  10288431 (13401168) C               Kuruka     Unspecified  (4075)    4758    3480    
  1450 33.70 4.72 4.31           OX439354.1  11893303  11894595 (11795004) C               Kuruka     Unspecified  (4075)    4758    3461    
   229 27.12 0.00 0.00           OX439354.1  11895340  11895398 (11794201) C               Kuruka     Unspecified  (5856)    2977    2919    
   271 30.44 1.43 1.43           OX439354.1  23096424  23096563 (593036) C               Kuruka     Unspecified  (4485)    4348    4209    
   345 32.85 6.58 2.53           OX439355.1     74366     74593 (23210577) +               Kuruka     Unspecified    3575    3811  (5022)    
   235 28.91 5.19 5.19           OX439355.1   1388252   1388386 (21896784) C               Kuruka     Unspecified  (4297)    4536    4402    
  1466 33.62 4.72 4.31           OX439355.1   1659886   1661178 (21623992) C               Kuruka     Unspecified  (4075)    4758    3461    
   229 27.12 0.00 0.00           OX439355.1   1661923   1661981 (21623189) C               Kuruka     Unspecified  (5856)    2977    2919    
   236 28.57 0.00 0.00           OX439355.1   1851442   1851511 (21433659) +               Kuruka     Unspecified    1730    1799  (7034)    
  1740 33.03 2.46 2.70           OX439355.1   1853313   1854572 (21430598) +               Kuruka     Unspecified    3511    4767  (4066)    
  1886 32.69 3.24 3.32           OX439355.1   1853386   1854651 (21430519) +               Kuruka     Unspecified    3584    4848  (3985)    
  1984 33.91 1.78 1.88           OX439355.1   2947565   2948631 (20336539) C               Kuruka     Unspecified  (4255)    4578    3513    
   371 35.12 0.00 0.00           OX439355.1   5019553   5019720 (18265450) C               Kuruka     Unspecified  (5109)    3724    3557    
  2147 31.85 3.46 3.54           OX439355.1   5564718   5565931 (17719239) C               Kuruka     Unspecified  (4177)    4656    3444    
   227 26.78 5.93 5.93           OX439355.1   6384545   6384679 (16900491) +               Kuruka     Unspecified    4402    4536  (4297)    
   262 24.24 0.00 0.00           OX439355.1  13185986  13186051 (10099119) C               Kuruka     Unspecified  (4485)    4348    4283    
   249 26.56 0.00 0.00           OX439355.1  14759488  14759551 (8525619) C               Kuruka     Unspecified  (4479)    4354    4291    
   233 25.00 0.00 0.00           OX439355.1  14908073  14908132 (8377038) C               Kuruka     Unspecified  (4479)    4354    4295    
   229 37.19 1.62 3.99           OX439355.1  15124034  15124341 (8160829) +               Kuruka     Unspecified    4227    4527  (4306)    
   236 38.29 0.62 2.88           OX439355.1  17967866  17968185 (5316985) +               Kuruka     Unspecified    4224    4536  (4297)    
   950 35.20 2.38 2.58           OX439355.1  22575262  22576270 (708900) C               Kuruka     Unspecified  (4249)    4584    3578    
  2096 32.59 3.14 2.89           OX439356.1    410269    411478 (22748088) C               Kuruka     Unspecified  (4177)    4656    3444    
   386 35.12 0.00 0.00           OX439356.1   2547928   2548095 (20611471) +               Kuruka     Unspecified    3557    3724  (5109)    
   261 36.00 1.96 1.96           OX439356.1   5157890   5158093 (18001473) +               Kuruka     Unspecified    3596    3799  (5034)    
   232 38.11 0.64 2.96           OX439356.1   5604277   5604587 (17554979) C               Kuruka     Unspecified  (4306)    4527    4224    
   362 35.03 0.00 0.00           OX439356.1   7163592   7163748 (15995818) +               Kuruka     Unspecified    3583    3739  (5094)    
   247 31.43 5.71 0.00           OX439356.1   7766004   7766108 (15393458) C               Kuruka     Unspecified  (4500)    4333    4223    
   261 36.00 1.96 1.96           OX439356.1   8537519   8537722 (14621844) +               Kuruka     Unspecified    3596    3799  (5034)    
  2312 32.93 2.42 2.50           OX439356.1   8762411   8763690 (14395876) C               Kuruka     Unspecified  (4075)    4758    3480    
   246 36.22 1.89 4.19           OX439356.1   9763583   9763899 (13395667) C               Kuruka     Unspecified  (4297)    4536    4227    
   261 36.00 1.96 1.96           OX439356.1  10371548  10371751 (12787815) C               Kuruka     Unspecified  (5034)    3799    3596    
   581 36.75 2.23 4.11           OX439356.1  16358006  16358723 (6800843) C               Kuruka     Unspecified  (4190)    4643    3939    
   300 39.11 1.10 1.38           OX439356.1  16358811  16359173 (6800393) C               Kuruka     Unspecified  (4983)    3850    3489    
   381 36.54 0.40 0.80           OX439356.1  17084158  17084408 (6075158) +               Kuruka     Unspecified    4284    4533  (4300)    
   358 28.97 0.00 0.00           OX439356.1  19882883  19882989 (3276577) +               Kuruka     Unspecified    3585    3691  (5142)    
   234 25.85 2.17 3.30           OX439356.1  21584429  21584520 (1575046) +               Kuruka     Unspecified    4287    4377  (4456)    
   276 33.61 3.59 4.00           OX439356.1  22584953  22585203 (574363) +               Kuruka     Unspecified    4287    4536  (4297)    
   247 37.68 0.63 2.90           OX439357.1   1384030   1384346 (21687759) C               Kuruka     Unspecified  (4297)    4536    4227    
   244 25.76 0.00 0.00           OX439357.1   1605369   1605434 (21466671) C               Kuruka     Unspecified  (4485)    4348    4283    
   576 30.74 2.39 2.80           OX439357.1   2800891   2801141 (20270964) C               Kuruka     Unspecified  (4297)    4536    4287    
  1753 34.90 2.29 2.29           OX439357.1   4125462   4126684 (18945421) C               Kuruka     Unspecified  (4059)    4774    3552    
   225 20.53 4.82 6.10           OX439357.1   4788678   4788760 (18283345) +               Kuruka     Unspecified    4296    4377  (4456)    
  1366 35.11 2.84 2.28           OX439357.1  12184904  12185993 (10886112) +               Kuruka     Unspecified    3489    4584  (4249)    
   793 29.63 1.22 1.52           OX439357.1  12226196  12226524 (10845581) +               Kuruka     Unspecified    3552    3879  (4954)    
   990 35.31 1.85 1.56           OX439357.1  12226620  12227321 (10844784) +               Kuruka     Unspecified    3954    4657  (4176)    
  1768 34.81 2.29 2.29           OX439357.1  12317839  12319061 (10753044) +               Kuruka     Unspecified    3552    4774  (4059)    
   605 36.95 1.01 1.17           OX439357.1  13881963  13882559 (9189546) C               Kuruka     Unspecified  (4177)    4656    4061    
  2233 34.97 2.53 2.06           OX439357.1  14037930  14039234 (9032871) C               Kuruka     Unspecified  (4059)    4774    3464    
   379 36.40 1.73 2.08           OX439357.1  17790131  17790419 (5281686) +               Kuruka     Unspecified    4233    4520  (4313)    
  2108 35.30 2.18 2.18           OX439357.1  18024935  18026220 (5045885) +               Kuruka     Unspecified    3489    4774  (4059)    
   250 19.24 4.82 6.10           OX439357.1  18227350  18227432 (4844673) C               Kuruka     Unspecified  (4456)    4377    4296    
   240 32.53 0.00 1.20           OX439357.1  18402524  18402607 (4669498) C               Kuruka     Unspecified  (4456)    4377    4295    
   371 35.12 0.00 0.00           OX439357.1  18586622  18586789 (4485316) C               Kuruka     Unspecified  (5109)    3724    3557    
   269 38.72 1.22 2.69           OX439357.1  19711802  19712292 (3359813) C               Kuruka     Unspecified  (4297)    4536    4053    
   233 17.97 4.82 6.10           OX439357.1  19850741  19850823 (3221282) +               Kuruka     Unspecified    4296    4377  (4456)    
   337 34.39 0.00 0.00           OX439357.1  20527610  20527766 (2544339) +               Kuruka     Unspecified    3583    3739  (5094)    
  1015 34.96 4.18 3.78           OX439357.1  22331957  22333249 (738856) +               Kuruka     Unspecified    3461    4758  (4075)    
   362 35.03 0.00 0.00           OX439357.1  22788408  22788564 (283541) +               Kuruka     Unspecified    3583    3739  (5094)    
   264 37.12 0.94 3.19           OX439357.1  23020574  23020893  (51212) C               Kuruka     Unspecified  (4297)    4536    4224    
   265 37.70 1.66 3.16           OX439358.1    117925    118406 (22782972) C               Kuruka     Unspecified  (4306)    4527    4053    
   226 23.87 5.88 1.41           OX439358.1    118655    118722 (22782656) C               Kuruka     Unspecified  (5028)    3805    3735    
   686 32.21 4.20 4.20           OX439358.1    798095    798499 (22102879) +               Kuruka     Unspecified    3447    3851  (4982)    
  1124 34.62 2.45 1.76           OX439358.1    798581    799315 (22102063) +               Kuruka     Unspecified    3933    4672  (4161)    
   247 37.68 0.63 2.90           OX439358.1    866942    867258 (22034120) +               Kuruka     Unspecified    4227    4536  (4297)    
   378 35.12 0.00 0.00           OX439358.1   7266434   7266601 (15634777) C               Kuruka     Unspecified  (5109)    3724    3557    
   378 35.12 0.00 0.00           OX439358.1   8311808   8311975 (14589403) C               Kuruka     Unspecified  (5109)    3724    3557    
   277 37.24 2.24 3.72           OX439358.1   9893187   9893677 (13007701) +               Kuruka     Unspecified    4053    4536  (4297)    
  1447 35.45 2.53 3.88           OX439358.1  10481541  10482767 (12418611) C               Kuruka     Unspecified  (4162)    4671    3461    
   756 34.92 1.37 3.65           OX439358.1  10499352  10500079 (12401299) C               Kuruka     Unspecified  (4184)    4649    3938    
   542 34.79 1.08 1.08           OX439358.1  10500185  10500556 (12400822) C               Kuruka     Unspecified  (5001)    3832    3461    
   371 35.12 0.00 0.00           OX439358.1  11812526  11812693 (11088685) C               Kuruka     Unspecified  (5109)    3724    3557    
   336 36.31 0.00 0.00           OX439358.1  15953233  15953389 (6947989) C               Kuruka     Unspecified  (5094)    3739    3583    
   249 26.56 0.00 0.00           OX439358.1  19810134  19810197 (3091181) +               Kuruka     Unspecified    4291    4354  (4479)    
   249 37.36 0.63 2.90           OX439358.1  21947330  21947646 (953732) +               Kuruka     Unspecified    4227    4536  (4297)    
  2326 32.85 2.42 2.50           OX439359.1   1766706   1767985 (21034092) C               Kuruka     Unspecified  (4075)    4758    3480    
  2312 33.60 1.80 1.88           OX439359.1   5005859   5007138 (17794939) +               Kuruka     Unspecified    3480    4758  (4075)    
  1015 34.96 4.18 3.78           OX439359.1   5363500   5364792 (17437285) C               Kuruka     Unspecified  (4075)    4758    3461    
   251 30.49 0.00 0.00           OX439359.1  10775081  10775162 (12026915) +               Kuruka     Unspecified    4273    4354  (4479)    
  1287 34.55 3.17 2.71           OX439359.1  11578634  11579737 (11222340) C               Kuruka     Unspecified  (4264)    4569    3461    
   262 25.85 2.17 3.30           OX439359.1  16388373  16388464 (6413613) +               Kuruka     Unspecified    4287    4377  (4456)    
   634 37.18 2.04 2.13           OX439359.1  17768193  17769272 (5032805) C               Kuruka     Unspecified  (4177)    4656    3578    
   255 28.57 0.00 0.00           OX439359.1  21846597  21846666 (955411) +               Kuruka     Unspecified    1730    1799  (7034)    
  2113 32.44 3.21 3.29           OX439359.1  21848497  21849835 (952242) +               Kuruka     Unspecified    3511    4848  (3985)    
   255 28.57 0.00 0.00           OX439359.1  21955612  21955681 (846396) +               Kuruka     Unspecified    1730    1799  (7034)    
  2109 32.61 3.06 3.14           OX439359.1  21957512  21958850 (843227) +               Kuruka     Unspecified    3511    4848  (3985)    
  2394 32.81 2.24 2.56           OX439359.1  22124779  22126070 (676007) C               Kuruka     Unspecified  (4057)    4776    3489    
   358 28.97 0.00 0.00           OX439359.1  22525264  22525370 (276707) C               Kuruka     Unspecified  (5142)    3691    3585    
   869 37.54 3.08 5.72           OX439359.1  22704365  22705565  (96512) C               Kuruka     Unspecified  (4174)    4659    3489    
  1385 34.86 4.33 3.93           OX439360.1   2387901   2389193 (19978484) C               Kuruka     Unspecified  (4075)    4758    3461    
   228 27.12 0.00 0.00           OX439360.1   2389938   2389996 (19977681) C               Kuruka     Unspecified  (5856)    2977    2919    
   371 35.12 0.00 0.00           OX439360.1   2631132   2631299 (19736378) C               Kuruka     Unspecified  (5109)    3724    3557    
   235 38.11 0.64 2.96           OX439360.1   4157093   4157403 (18210274) C               Kuruka     Unspecified  (4306)    4527    4224    
  2373 33.22 2.34 2.42           OX439360.1   7100190   7101469 (15266208) C               Kuruka     Unspecified  (4075)    4758    3480    
   380 37.05 0.40 0.79           OX439360.1  10923232  10923484 (11444193) C               Kuruka     Unspecified  (4300)    4533    4282    
   263 36.11 0.46 0.92           OX439360.1  17580300  17580517 (4787160) C               Kuruka     Unspecified  (4387)    4446    4230    
   330 32.15 4.39 4.39           OX439360.1  17580987  17581282 (4786395) C               Kuruka     Unspecified  (5073)    3760    3465    
  1783 32.59 2.99 3.06           OX439360.1  17605915  17607253 (4760424) C               Kuruka     Unspecified  (3985)    4848    3511    
   236 28.57 0.00 0.00           OX439360.1  17609084  17609153 (4758524) C               Kuruka     Unspecified  (7034)    1799    1730    
  1015 34.96 4.18 3.78           OX439360.1  17858038  17859330 (4508347) +               Kuruka     Unspecified    3461    4758  (4075)    
   273 31.23 5.56 5.56           OX439360.1  22096522  22096755 (270922) C               Kuruka     Unspecified  (5138)    3695    3462    
  2262 32.20 3.12 3.21           OX439361.1    114305    115520 (21943705) C               Kuruka     Unspecified  (4175)    4658    3444    
  2298 33.02 2.42 2.50           OX439361.1    340668    341947 (21717278) C               Kuruka     Unspecified  (4075)    4758    3480    
   225 25.00 0.00 0.00           OX439361.1   4097457   4097520 (17961705) +               Kuruka     Unspecified    4291    4354  (4479)    
  2142 34.56 2.29 2.29           OX439361.1   6170288   6171510 (15887715) +               Kuruka     Unspecified    3552    4774  (4059)    
  2107 32.61 3.06 3.14           OX439361.1   7275762   7277100 (14782125) C               Kuruka     Unspecified  (3985)    4848    3511    
   255 28.57 0.00 0.00           OX439361.1   7278931   7279000 (14780225) C               Kuruka     Unspecified  (7034)    1799    1730    
   277 26.09 2.11 3.19           OX439361.1  10772849  10772943 (11286282) +               Kuruka     Unspecified    4284    4377  (4456)    
  2081 33.65 1.92 2.02           OX439361.1  12888271  12889362 (9169863) C               Kuruka     Unspecified  (4255)    4578    3488    
   225 16.67 0.00 0.00           OX439361.1  16159884  16159925 (5899300) C               Kuruka     Unspecified  (4487)    4346    4305    
  2133 35.45 1.94 1.94           OX439361.1  16880045  16881330 (5177895) C               Kuruka     Unspecified  (4059)    4774    3489    
   249 26.56 0.00 0.00           OX439361.1  17365899  17365962 (4693263) +               Kuruka     Unspecified    4291    4354  (4479)    
   277 26.09 2.11 3.19           OX439361.1  18238963  18239057 (3820168) C               Kuruka     Unspecified  (4456)    4377    4284    
   325 35.12 0.00 0.00           OX439361.1  20238370  20238537 (1820688) C               Kuruka     Unspecified  (5109)    3724    3557    
  2381 33.02 2.42 2.50           OX439362.1    190830    192109 (21599454) C               Kuruka     Unspecified  (4075)    4758    3480    
  1614 35.07 3.36 2.95           OX439362.1    897280    898560 (20893003) C               Kuruka     Unspecified  (4087)    4746    3461    
   225 28.12 0.00 0.00           OX439362.1    900522    900585 (20890978) C               Kuruka     Unspecified  (7040)    1793    1730    
  1730 33.82 1.78 1.88           OX439362.1   1750179   1751245 (20040318) +               Kuruka     Unspecified    3513    4578  (4255)    
   247 31.43 5.71 0.00           OX439362.1   2627650   2627754 (19163809) +               Kuruka     Unspecified    4223    4333  (4500)    
  2312 32.93 2.42 2.50           OX439362.1   4479336   4480615 (17310948) +               Kuruka     Unspecified    3480    4758  (4075)    
   267 29.26 5.13 5.81           OX439362.1   4607075   4607230 (17184333) C               Kuruka     Unspecified  (4392)    4441    4287    
   422 33.41 6.24 5.84           OX439362.1   4784372   4785156 (17006407) +               Kuruka     Unspecified    3465    4252  (4581)    
   362 35.03 0.00 0.00           OX439362.1   9601974   9602130 (12189433) +               Kuruka     Unspecified    3583    3739  (5094)    
   261 33.34 1.48 2.24           OX439362.1  15475360  15475494 (6316069) +               Kuruka     Unspecified    4387    4520  (4313)    
   251 30.49 0.00 0.00           OX439362.1  17449221  17449302 (4342261) +               Kuruka     Unspecified    4273    4354  (4479)    
   286 36.72 1.56 3.83           OX439362.1  17614937  17615256 (4176307) +               Kuruka     Unspecified    4224    4536  (4297)    
   278 35.95 1.25 3.51           OX439362.1  17727664  17727983 (4063580) C               Kuruka     Unspecified  (4297)    4536    4224    
   267 36.57 0.96 3.29           OX439362.1  20170759  20171069 (1620494) +               Kuruka     Unspecified    4224    4527  (4306)    
   252 37.97 0.62 2.88           OX439362.1  20889685  20890004 (901559) C               Kuruka     Unspecified  (4297)    4536    4224    
   934 37.32 2.66 2.58           OX439363.1   1107863   1109064 (20018998) +               Kuruka     Unspecified    3454    4656  (4177)    
   322 35.03 0.00 0.00           OX439363.1   1708576   1708732 (19419330) C               Kuruka     Unspecified  (5094)    3739    3583    
   236 37.49 2.00 3.45           OX439363.1   2755144   2755643 (18372419) +               Kuruka     Unspecified    4044    4536  (4297)    
  2100 33.51 2.22 2.30           OX439363.1   4361042   4362214 (16765848) +               Kuruka     Unspecified    3488    4659  (4174)    
  2100 33.51 2.22 2.30           OX439363.1   4368564   4369736 (16758326) +               Kuruka     Unspecified    3488    4659  (4174)    
   934 37.32 2.66 2.58           OX439363.1   6101676   6102877 (15025185) +               Kuruka     Unspecified    3454    4656  (4177)    
   264 37.12 0.94 3.19           OX439363.1   8063606   8063925 (13064137) C               Kuruka     Unspecified  (4297)    4536    4224    
   371 35.03 0.00 0.00           OX439363.1  14630787  14630943 (6497119) +               Kuruka     Unspecified    3583    3739  (5094)    
   277 37.24 2.24 3.72           OX439363.1  15791905  15792395 (5335667) +               Kuruka     Unspecified    4053    4536  (4297)    
  1124 34.62 2.45 1.76           OX439363.1  17278302  17279036 (3849026) C               Kuruka     Unspecified  (4161)    4672    3933    
   686 32.21 4.20 4.20           OX439363.1  17279118  17279522 (3848540) C               Kuruka     Unspecified  (4982)    3851    3447    
  1768 32.95 2.46 2.70           OX439363.1  17588210  17589469 (3538593) C               Kuruka     Unspecified  (4066)    4767    3511    
   236 28.57 0.00 0.00           OX439363.1  17591300  17591369 (3536693) C               Kuruka     Unspecified  (7034)    1799    1730    
  1015 34.96 4.18 3.78           OX439363.1  19552690  19553982 (1574080) C               Kuruka     Unspecified  (4075)    4758    3461    
   277 37.24 2.24 3.72           OX439363.1  20147942  20148432 (979630) +               Kuruka     Unspecified    4053    4536  (4297)    
   277 37.24 2.24 3.72           OX439364.1   2377488   2377978 (17870566) +               Kuruka     Unspecified    4053    4536  (4297)    
   229 37.16 0.95 3.23           OX439364.1   3940296   3940612 (16307932) +               Kuruka     Unspecified    4227    4536  (4297)    
   265 25.85 2.17 3.30           OX439364.1   3966048   3966139 (16282405) C               Kuruka     Unspecified  (4456)    4377    4287    
   252 35.43 2.56 4.87           OX439364.1   3971168   3971440 (16277104) +               Kuruka     Unspecified    3461    3727  (5106)    
  1014 37.40 3.14 3.84           OX439364.1   5183719   5184897 (15063647) C               Kuruka     Unspecified  (4174)    4659    3489    
  1715 33.62 1.81 1.91           OX439364.1   7018560   7019608 (13228936) C               Kuruka     Unspecified  (4255)    4578    3531    
   686 32.21 4.20 4.20           OX439364.1  10098475  10098879 (10149665) +               Kuruka     Unspecified    3447    3851  (4982)    
  1100 34.76 2.45 1.76           OX439364.1  10098961  10099695 (10148849) +               Kuruka     Unspecified    3933    4672  (4161)    
   230 25.98 5.93 5.93           OX439364.1  13012614  13012748 (7235796) +               Kuruka     Unspecified    4402    4536  (4297)    
   262 35.88 1.89 4.19           OX439364.1  13783153  13783469 (6465075) +               Kuruka     Unspecified    4227    4536  (4297)    
  2245 33.63 2.05 2.13           OX439364.1  14420889  14422061 (5826483) C               Kuruka     Unspecified  (4174)    4659    3488    
  2306 32.93 2.42 2.50           OX439364.1  16627586  16628865 (3619679) +               Kuruka     Unspecified    3480    4758  (4075)    
   247 25.98 5.93 5.93           OX439364.1  17624108  17624242 (2624302) C               Kuruka     Unspecified  (4297)    4536    4402    
   417 33.64 6.50 6.09           OX439364.1  17862355  17863139 (2385405) C               Kuruka     Unspecified  (4581)    4252    3465    
   229 27.12 0.00 0.00           OX439364.1  19147746  19147804 (1100740) +               Kuruka     Unspecified    2919    2977  (5856)    
  1015 34.96 4.18 3.78           OX439364.1  19148549  19149841 (1098703) +               Kuruka     Unspecified    3461    4758  (4075)    
   267 26.09 2.11 3.19           OX439365.1   3550438   3550532 (16462114) C               Kuruka     Unspecified  (4456)    4377    4284    
   238 26.09 2.11 3.19           OX439365.1   3612946   3613040 (16399606) C               Kuruka     Unspecified  (4456)    4377    4284    
   625 35.13 3.57 4.72           OX439365.1   3765828   3766556 (16246090) C               Kuruka     Unspecified  (4174)    4659    3939    
   318 38.44 0.86 1.15           OX439365.1   3766644   3766993 (16245653) C               Kuruka     Unspecified  (4983)    3850    3502    
  2408 32.73 2.24 2.56           OX439365.1   5460112   5461403 (14551243) +               Kuruka     Unspecified    3489    4776  (4057)    
  2378 32.88 2.24 2.56           OX439365.1   6303880   6305171 (13707475) +               Kuruka     Unspecified    3489    4776  (4057)    
   334 29.81 0.00 0.00           OX439365.1   9066362   9066465 (10946181) +               Kuruka     Unspecified    3588    3691  (5142)    
   268 37.97 0.62 2.88           OX439365.1  19847343  19847662 (164984) C               Kuruka     Unspecified  (4297)    4536    4224    
   270 29.11 2.53 0.00           OX439366.1    705800    705878 (18896799) +               Kuruka     Unspecified    4365    4445  (4388)    
   323 39.86 1.06 0.35           OX439366.1    825049    825330 (18777347) +               Kuruka     Unspecified    3932    4215  (4618)    
   268 29.11 2.53 0.00           OX439366.1    825575    825653 (18777024) +               Kuruka     Unspecified    4365    4445  (4388)    
   271 30.44 1.43 1.43           OX439366.1   1940296   1940435 (17662242) C               Kuruka     Unspecified  (4485)    4348    4209    
   252 37.64 0.62 2.88           OX439366.1   3118635   3118954 (16483723) C               Kuruka     Unspecified  (4297)    4536    4224    
   940 36.85 2.74 2.82           OX439366.1   6422549   6423718 (13178959) C               Kuruka     Unspecified  (4177)    4656    3488    
  1950 33.45 2.27 2.35           OX439366.1   7927768   7929047 (11673630) C               Kuruka     Unspecified  (4075)    4758    3480    
   277 31.67 5.56 5.56           OX439366.1   8354241   8354474 (11248203) C               Kuruka     Unspecified  (5138)    3695    3462    
   275 36.49 1.61 3.95           OX439366.1  10017908  10018218 (9584459) C               Kuruka     Unspecified  (4306)    4527    4224    
   305 31.37 3.21 1.90           OX439366.1  13384622  13384777 (6217900) C               Kuruka     Unspecified  (4452)    4381    4224    
   241 32.26 1.08 0.00           OX439366.1  14745498  14745590 (4857087) C               Kuruka     Unspecified  (5148)    3685    3592    
   247 25.19 5.93 5.93           OX439366.1  17335195  17335329 (2267348) +               Kuruka     Unspecified    4402    4536  (4297)    
   261 37.97 0.62 2.88           OX439367.1    217503    217822 (18363129) +               Kuruka     Unspecified    4224    4536  (4297)    
   252 37.97 0.62 2.88           OX439367.1   1442342   1442661 (17138290) +               Kuruka     Unspecified    4224    4536  (4297)    
  1923 33.52 2.27 2.35           OX439367.1   4862801   4864080 (13716871) +               Kuruka     Unspecified    3480    4758  (4075)    
   234 37.48 0.65 2.99           OX439367.1   6082406   6082713 (12498238) C               Kuruka     Unspecified  (4306)    4527    4227    
   243 33.73 3.89 4.47           OX439367.1   6132162   6132341 (12448610) +               Kuruka     Unspecified    4295    4473  (4360)    
  1479 34.46 3.12 2.65           OX439367.1   6461622   6462712 (12118239) C               Kuruka     Unspecified  (4249)    4584    3489    
  1715 33.62 1.81 1.91           OX439367.1   8059608   8060656 (10520295) +               Kuruka     Unspecified    3531    4578  (4255)    
   276 37.24 2.24 3.72           OX439367.1   8194520   8195010 (10385941) C               Kuruka     Unspecified  (4297)    4536    4053    
   238 26.09 2.11 3.19           OX439367.1  13642551  13642645 (4938306) +               Kuruka     Unspecified    4284    4377  (4456)    
   261 36.51 0.95 3.23           OX439368.1     27635     27951 (18061156) C               Kuruka     Unspecified  (4297)    4536    4227    
   307 36.28 0.42 0.84           OX439368.1    229629    229867 (17859240) +               Kuruka     Unspecified    4284    4521  (4312)    
   265 36.84 0.95 3.23           OX439368.1    262120    262436 (17826671) C               Kuruka     Unspecified  (4297)    4536    4227    
   428 27.45 1.91 2.56           OX439368.1    993708    993864 (17095243) C               Kuruka     Unspecified  (4455)    4378    4223    
  2286 33.02 2.42 2.50           OX439368.1   1124368   1125647 (16963460) +               Kuruka     Unspecified    3480    4758  (4075)    
   255 19.24 4.82 6.10           OX439368.1   1853447   1853529 (16235578) C               Kuruka     Unspecified  (4456)    4377    4296    
   272 36.07 1.87 4.14           OX439368.1   1918081   1918401 (16170706) +               Kuruka     Unspecified    4224    4537  (4296)    
  1139 30.57 0.77 0.77           OX439368.1   1991638   1992026 (16097081) +               Kuruka     Unspecified    3462    3850  (4983)    
  1703 34.94 2.86 2.94           OX439368.1   2198717   2199940 (15889167) +               Kuruka     Unspecified    3449    4671  (4162)    
   274 35.35 3.85 4.25           OX439368.1   2244031   2244290 (15844817) +               Kuruka     Unspecified    4278    4536  (4297)    
   366 31.42 7.69 4.90           OX439368.1   2330357   2330694 (15758413) C               Kuruka     Unspecified  (5022)    3811    3465    
   374 35.03 0.00 0.00           OX439368.1   2449716   2449872 (15639235) +               Kuruka     Unspecified    3583    3739  (5094)    
  2241 32.37 3.12 3.21           OX439368.1   2491712   2492927 (15596180) +               Kuruka     Unspecified    3444    4658  (4175)    
  2023 33.65 1.92 2.02           OX439368.1   2524043   2525134 (15563973) +               Kuruka     Unspecified    3488    4578  (4255)    
  1953 33.45 2.27 2.35           OX439368.1   2572590   2573869 (15515238) +               Kuruka     Unspecified    3480    4758  (4075)    
   717 33.26 4.66 3.69           OX439368.1   2745975   2746511 (15342596) C               Kuruka     Unspecified  (4075)    4758    4217    
   239 33.97 3.63 6.95           OX439368.1   2746564   2746756 (15342351) C               Kuruka     Unspecified  (5062)    3771    3585    
  1550 34.01 3.09 2.44           OX439368.1   2976594   2977693 (15111414) C               Kuruka     Unspecified  (4175)    4658    3552    
  1937 33.53 3.93 3.03           OX439368.1   3214536   3215910 (14873197) C               Kuruka     Unspecified  (3985)    4848    3462    
   231 39.26 1.02 2.48           OX439368.1   3244474   3244964 (14844143) C               Kuruka     Unspecified  (4297)    4536    4053    
   268 36.47 0.94 3.19           OX439368.1   3602044   3602363 (14486744) +               Kuruka     Unspecified    4224    4536  (4297)    
   504 32.46 7.01 6.60           OX439368.1   3624860   3625644 (14463463) +               Kuruka     Unspecified    3465    4252  (4581)    
  1640 34.76 3.59 3.19           OX439368.1   3696098   3697378 (14391729) C               Kuruka     Unspecified  (4087)    4746    3461    
   226 28.12 0.00 0.00           OX439368.1   3699340   3699403 (14389704) C               Kuruka     Unspecified  (7040)    1793    1730    
   930 36.45 3.33 3.24           OX439368.1   3738599   3739800 (14349307) C               Kuruka     Unspecified  (4177)    4656    3454    
  2310 32.93 2.42 2.50           OX439368.1   3745031   3746310 (14342797) C               Kuruka     Unspecified  (4075)    4758    3480    
  1353 35.41 2.69 3.96           OX439368.1   4061476   4062701 (14026406) +               Kuruka     Unspecified    3461    4671  (4162)    
   256 31.08 0.00 0.00           OX439368.1   4203124   4203197 (13885910) +               Kuruka     Unspecified    4281    4354  (4479)    
   506 34.12 3.04 3.04           OX439368.1   4230678   4230940 (13858167) C               Kuruka     Unspecified  (5109)    3724    3462    
  1692 32.26 3.12 3.45           OX439368.1   4364356   4365315 (13723792) C               Kuruka     Unspecified  (4057)    4776    3820    
   823 34.02 0.58 0.58           OX439368.1   4365455   4365800 (13723307) C               Kuruka     Unspecified  (4999)    3834    3489    
   301 32.76 5.62 4.37           OX439368.1   4532494   4532742 (13556365) +               Kuruka     Unspecified    3583    3834  (4999)    
   325 35.12 0.00 0.00           OX439368.1   4632995   4633162 (13455945) C               Kuruka     Unspecified  (5109)    3724    3557    
   964 34.12 3.99 3.44           OX439368.1   4654263   4655215 (13433892) C               Kuruka     Unspecified  (4264)    4569    3612    
  1454 33.80 3.15 2.02           OX439368.1   4688038   4689115 (13399992) C               Kuruka     Unspecified  (4282)    4551    3462    
   236 28.57 0.00 0.00           OX439368.1   4882027   4882096 (13207011) +               Kuruka     Unspecified    1730    1799  (7034)    
  1673 34.05 1.46 1.55           OX439368.1   4883927   4885024 (13204083) +               Kuruka     Unspecified    3511    4607  (4226)    
   234 24.17 5.26 4.17           OX439368.1   5138825   5138919 (12950188) +               Kuruka     Unspecified    3711    3806  (5027)    
   286 30.49 0.00 0.00           OX439368.1   5545790   5545871 (12543236) +               Kuruka     Unspecified    4273    4354  (4479)    
   243 36.16 3.85 4.25           OX439368.1   5571318   5571577 (12517530) +               Kuruka     Unspecified    4278    4536  (4297)    
   286 35.53 2.98 2.98           OX439368.1   5745606   5745840 (12343267) C               Kuruka     Unspecified  (5138)    3695    3461    
   243 31.30 0.87 0.00           OX439368.1   5905293   5905407 (12183700) +               Kuruka     Unspecified    3580    3695  (5138)    
   301 31.91 5.62 4.37           OX439368.1   6229164   6229412 (11859695) C               Kuruka     Unspecified  (4999)    3834    3583    
   301 31.91 5.62 4.37           OX439368.1   6474988   6475236 (11613871) +               Kuruka     Unspecified    3583    3834  (4999)    
   256 37.97 0.62 2.88           OX439368.1   7028088   7028407 (11060700) +               Kuruka     Unspecified    4224    4536  (4297)    
  1785 33.63 2.04 2.22           OX439368.1   7200579   7201752 (10887355) C               Kuruka     Unspecified  (4174)    4659    3488    
   244 35.77 2.62 2.62           OX439368.1   7210842   7211108 (10877999) +               Kuruka     Unspecified    3461    3727  (5106)    
   254 33.18 4.70 4.70           OX439368.1   7310882   7311115 (10777992) C               Kuruka     Unspecified  (5138)    3695    3462    
   252 34.11 4.49 4.49           OX439368.1   7711010   7711276 (10377831) +               Kuruka     Unspecified    3461    3727  (5106)    
  2102 32.59 3.55 3.21           OX439368.1   7789127   7790337 (10298770) +               Kuruka     Unspecified    3444    4658  (4175)    
   470 28.29 1.92 2.58           OX439368.1   7957146   7957301 (10131806) +               Kuruka     Unspecified    4224    4378  (4455)    
   297 35.83 0.94 3.19           OX439368.1   8629129   8629448 (9459659) +               Kuruka     Unspecified    4224    4536  (4297)    
   238 34.90 4.49 4.49           OX439368.1   9525075   9525341 (8563766) C               Kuruka     Unspecified  (5106)    3727    3461    
   242 36.41 2.52 3.83           OX439368.1   9568052   9568368 (8520739) +               Kuruka     Unspecified    4224    4536  (4297)    
  2390 33.02 2.42 2.50           OX439368.1   9593334   9594613 (8494494) C               Kuruka     Unspecified  (4075)    4758    3480    
  1090 35.04 2.45 1.76           OX439368.1   9687842   9688576 (8400531) C               Kuruka     Unspecified  (4161)    4672    3933    
   731 31.75 3.75 3.75           OX439368.1   9688658   9689030 (8400077) C               Kuruka     Unspecified  (4982)    3851    3479    
  1435 33.35 4.87 4.47           OX439368.1  10079109  10080401 (8008706) +               Kuruka     Unspecified    3461    4758  (4075)    
  2179 32.88 3.49 3.12           OX439368.1  10188500  10189874 (7899233) +               Kuruka     Unspecified    3462    4841  (3992)    
   514 33.47 1.88 2.26           OX439368.1  10216808  10217073 (7872034) +               Kuruka     Unspecified    4229    4493  (4340)    
  1765 34.66 3.89 2.83           OX439368.1  10238168  10239426 (7849681) C               Kuruka     Unspecified  (4073)    4760    3489    
   384 36.40 1.73 2.08           OX439368.1  10278240  10278528 (7810579) C               Kuruka     Unspecified  (4313)    4520    4233    
  1441 33.79 4.72 4.31           OX439368.1  10393131  10394423 (7694684) C               Kuruka     Unspecified  (4075)    4758    3461    
   226 22.41 1.69 1.69           OX439368.1  10395168  10395226 (7693881) C               Kuruka     Unspecified  (5856)    2977    2919    
  1441 33.79 4.72 4.31           OX439368.1  10461831  10463123 (7625984) C               Kuruka     Unspecified  (4075)    4758    3461    
   226 22.41 1.69 1.69           OX439368.1  10463868  10463926 (7625181) C               Kuruka     Unspecified  (5856)    2977    2919    
   244 34.69 0.68 0.00           OX439368.1  10467657  10467803 (7621304) +               Kuruka     Unspecified    3580    3727  (5106)    
  1574 35.68 2.18 2.27           OX439368.1  10824771  10825960 (7263147) C               Kuruka     Unspecified  (4162)    4671    3483    
   297 35.83 0.94 3.19           OX439368.1  11128772  11129091 (6960016) +               Kuruka     Unspecified    4224    4536  (4297)    
  2380 32.82 2.58 2.66           OX439368.1  11482577  11483856 (6605251) C               Kuruka     Unspecified  (4075)    4758    3480    
  2458 32.31 2.44 2.91           OX439368.1  11793987  11795296 (6293811) C               Kuruka     Unspecified  (4041)    4792    3489    
   446 36.20 0.71 0.36           OX439368.1  12193179  12193458 (5895649) C               Kuruka     Unspecified  (4615)    4218    3938    
  1907 34.48 1.90 1.99           OX439368.1  12208741  12209847 (5879260) +               Kuruka     Unspecified    3552    4657  (4176)    
   572 34.19 0.63 0.63           OX439368.1  12273930  12274244 (5814863) C               Kuruka     Unspecified  (5031)    3802    3488    
   329 35.03 0.00 0.00           OX439368.1  12290626  12290782 (5798325) C               Kuruka     Unspecified  (5094)    3739    3583    
   233 24.12 6.61 7.50           OX439368.1  12340027  12340147 (5748960) C               Kuruka     Unspecified  (5093)    3740    3621    
   505 30.74 2.39 2.80           OX439368.1  12349347  12349597 (5739510) +               Kuruka     Unspecified    4287    4536  (4297)    
  2411 32.93 2.42 2.50           OX439368.1  12475337  12476616 (5612491) C               Kuruka     Unspecified  (4075)    4758    3480    
   228 26.56 0.00 0.00           OX439368.1  12885068  12885131 (5203976) C               Kuruka     Unspecified  (4479)    4354    4291    
   249 26.56 0.00 0.00           OX439368.1  12964579  12964642 (5124465) +               Kuruka     Unspecified    4291    4354  (4479)    
   267 36.00 1.96 1.96           OX439368.1  13053467  13053670 (5035437) +               Kuruka     Unspecified    3596    3799  (5034)    
   287 33.10 2.05 2.76           OX439368.1  13113719  13113864 (4975243) +               Kuruka     Unspecified    4287    4431  (4402)    
   244 29.27 1.20 1.20           OX439368.1  13223274  13223356 (4865751) C               Kuruka     Unspecified  (4280)    4553    4471    
   384 31.62 6.28 2.16           OX439368.1  13224023  13224245 (4864862) C               Kuruka     Unspecified  (5022)    3811    3580    
   437 34.09 5.86 5.46           OX439368.1  13248558  13249342 (4839765) C               Kuruka     Unspecified  (4581)    4252    3465    
   268 36.00 1.96 1.96           OX439368.1  13368076  13368279 (4720828) C               Kuruka     Unspecified  (5034)    3799    3596    
   267 36.00 1.96 1.96           OX439368.1  13423699  13423902 (4665205) +               Kuruka     Unspecified    3596    3799  (5034)    
   437 34.09 5.86 5.46           OX439368.1  13536053  13536837 (4552270) +               Kuruka     Unspecified    3465    4252  (4581)    
   312 31.81 6.14 2.11           OX439368.1  13568587  13568814 (4520293) +               Kuruka     Unspecified    3575    3811  (5022)    
  1950 33.45 2.27 2.35           OX439368.1  13721439  13722718 (4366389) C               Kuruka     Unspecified  (4075)    4758    3480    
   247 33.10 2.05 2.76           OX439368.1  13743602  13743747 (4345360) +               Kuruka     Unspecified    4287    4431  (4402)    
   237 29.27 1.20 1.20           OX439368.1  13844093  13844175 (4244932) C               Kuruka     Unspecified  (4280)    4553    4471    
   369 31.32 7.40 4.61           OX439368.1  13844842  13845179 (4243928) C               Kuruka     Unspecified  (5022)    3811    3465    
   437 34.09 5.86 5.46           OX439368.1  13865805  13866589 (4222518) C               Kuruka     Unspecified  (4581)    4252    3465    
  1740 32.88 2.97 3.05           OX439368.1  14097342  14098555 (3990552) +               Kuruka     Unspecified    3444    4656  (4177)    
   384 31.34 7.33 4.57           OX439368.1  14261711  14262051 (3827056) +               Kuruka     Unspecified    3462    3811  (5022)    
  1581 34.30 1.99 2.08           OX439368.1  14878759  14879815 (3209292) C               Kuruka     Unspecified  (4226)    4607    3552    
   251 34.03 3.59 4.00           OX439368.1  14916564  14916814 (3172293) +               Kuruka     Unspecified    4287    4536  (4297)    
   243 25.98 5.93 5.93           OX439368.1  15137170  15137304 (2951803) +               Kuruka     Unspecified    4402    4536  (4297)    
   229 23.52 5.80 1.39           OX439368.1  15170462  15170530 (2918577) +               Kuruka     Unspecified    3734    3805  (5028)    
   286 36.72 1.56 3.83           OX439368.1  15170950  15171269 (2917838) +               Kuruka     Unspecified    4224    4536  (4297)    
  1429 33.26 2.86 3.96           OX439368.1  15249312  15250535 (2838572) +               Kuruka     Unspecified    3462    4672  (4161)    
  1826 33.43 2.00 2.09           OX439368.1  16100872  16101971 (1987136) C               Kuruka     Unspecified  (4247)    4586    3488    
   236 28.57 0.00 0.00           OX439368.1  16111274  16111343 (1977764) +               Kuruka     Unspecified    1730    1799  (7034)    
  1748 33.03 2.46 2.70           OX439368.1  16113174  16114433 (1974674) +               Kuruka     Unspecified    3511    4767  (4066)    
  1802 34.89 2.04 2.04           OX439368.1  16285418  16286640 (1802467) +               Kuruka     Unspecified    3552    4774  (4059)    
  1748 33.03 2.46 2.70           OX439368.1  16358837  16360096 (1729011) C               Kuruka     Unspecified  (4066)    4767    3511    
   236 28.57 0.00 0.00           OX439368.1  16361927  16361996 (1727111) C               Kuruka     Unspecified  (7034)    1799    1730    
  1788 33.61 2.00 2.09           OX439368.1  16371766  16372865 (1716242) +               Kuruka     Unspecified    3488    4586  (4247)    
   307 36.28 0.42 0.84           OX439368.1  16382126  16382364 (1706743) +               Kuruka     Unspecified    4284    4521  (4312)    
   541 37.66 2.04 2.22           OX439368.1  16440720  16441800 (1647307) C               Kuruka     Unspecified  (4177)    4656    3578    
   903 37.64 2.48 2.65           OX439368.1  16538087  16539257 (1549850) +               Kuruka     Unspecified    3488    4656  (4177)    
  2188 33.28 2.30 2.39           OX439368.1  16595831  16597003 (1492104) C               Kuruka     Unspecified  (4174)    4659    3488    
   262 28.57 0.00 0.00           OX439368.1  16610984  16611053 (1478054) +               Kuruka     Unspecified    1730    1799  (7034)    
  2184 32.04 3.44 3.51           OX439368.1  16612884  16614222 (1474885) +               Kuruka     Unspecified    3511    4848  (3985)    
  2233 34.97 2.53 2.06           OX439368.1  16694898  16696202 (1392905) C               Kuruka     Unspecified  (4059)    4774    3464    
  1747 33.03 2.46 2.70           OX439368.1  16829562  16830821 (1258286) C               Kuruka     Unspecified  (4066)    4767    3511    
   236 28.57 0.00 0.00           OX439368.1  16836818  16836887 (1252220) C               Kuruka     Unspecified  (7034)    1799    1730    
   483 31.82 0.00 0.00           OX439368.1  16839900  16840075 (1249032) C               Kuruka     Unspecified  (5147)    3686    3511    
   236 28.57 0.00 0.00           OX439368.1  16841906  16841975 (1247132) C               Kuruka     Unspecified  (7034)    1799    1730    
  1830 33.43 2.00 2.09           OX439368.1  16859298  16860397 (1228710) +               Kuruka     Unspecified    3488    4586  (4247)    
   934 37.17 2.65 2.82           OX439368.1  17081953  17083123 (1005984) +               Kuruka     Unspecified    3488    4656  (4177)    
  2227 32.36 3.44 3.51           OX439368.1  17121564  17122902 (966205) C               Kuruka     Unspecified  (3985)    4848    3511    
   264 28.57 0.00 0.00           OX439368.1  17124733  17124802 (964305) C               Kuruka     Unspecified  (7034)    1799    1730    
  2230 33.28 2.30 2.39           OX439368.1  17139414  17140586 (948521) C               Kuruka     Unspecified  (4174)    4659    3488    
   264 28.57 0.00 0.00           OX439368.1  17157947  17158016 (931091) +               Kuruka     Unspecified    1730    1799  (7034)    
  2227 32.36 3.44 3.51           OX439368.1  17159847  17161185 (927922) +               Kuruka     Unspecified    3511    4848  (3985)    
  2462 33.08 2.09 2.41           OX439368.1  17323717  17325008 (764099) C               Kuruka     Unspecified  (4057)    4776    3489    
  1871 34.53 1.89 2.16           OX439368.1  17454316  17455428 (633679) C               Kuruka     Unspecified  (4172)    4661    3552    
  2306 32.93 2.42 2.50           OX439368.1  17488364  17489643 (599464) C               Kuruka     Unspecified  (4075)    4758    3480    
   490 27.10 0.00 2.78           OX439368.1  17975926  17976073 (113034) +               Kuruka     Unspecified    3536    3679  (5154)    
   251 28.00 2.67 0.00           OX439368.1  17976072  17976146 (112961) +               Kuruka     Unspecified    3741    3817  (5016)    
  1152 34.76 2.48 4.00           OX439368.1  17983275  17984161 (104946) +               Kuruka     Unspecified    3800    4673  (4160)    
   242 21.43 0.00 0.00           OX439369.1   2106195   2106250 (15744914) +               Kuruka     Unspecified    4293    4348  (4485)    
   249 26.56 0.00 0.00           OX439369.1   7121123   7121186 (10729978) C               Kuruka     Unspecified  (4479)    4354    4291    
  2324 32.64 2.50 2.58           OX439369.1   7330989   7332268 (10518896) +               Kuruka     Unspecified    3480    4758  (4075)    
   362 35.03 0.00 0.00           OX439369.1   9018336   9018492 (8832672) C               Kuruka     Unspecified  (5094)    3739    3583    
  1785 34.73 2.29 2.29           OX439369.1   9392251   9393473 (8457691) +               Kuruka     Unspecified    3552    4774  (4059)    
   265 26.12 6.80 8.91           OX439369.1  10763980  10764185 (7086979) C               Kuruka     Unspecified  (4324)    4509    4308    
  1924 35.17 2.04 2.37           OX439369.1  11149683  11150908 (6700256) C               Kuruka     Unspecified  (4060)    4773    3552    
  1924 35.17 2.04 2.37           OX439369.1  11157071  11158296 (6692868) C               Kuruka     Unspecified  (4060)    4773    3552    
   405 33.69 6.24 5.84           OX439369.1  12146203  12146987 (5704177) C               Kuruka     Unspecified  (4581)    4252    3465    
   228 26.56 0.00 0.00           OX439369.1  16371160  16371223 (1479941) C               Kuruka     Unspecified  (4479)    4354    4291    
   236 34.03 3.59 4.00           OX439370.1   1165765   1166015 (14987537) C               Kuruka     Unspecified  (4297)    4536    4287    
   230 37.36 2.04 3.51           OX439370.1   4852722   4853212 (11300340) +               Kuruka     Unspecified    4053    4536  (4297)    
  1630 33.17 1.59 1.69           OX439370.1   9854057   9855065 (6298487) C               Kuruka     Unspecified  (4315)    4518    3511    
   236 28.57 0.00 0.00           OX439370.1   9856896   9856965 (6296587) C               Kuruka     Unspecified  (7034)    1799    1730    
   325 35.12 0.00 0.00           OX439370.1  14978953  14979120 (1174432) +               Kuruka     Unspecified    3557    3724  (5109)    
  2116 33.71 2.05 2.13           OX439370.1  15361519  15362691 (790861) +               Kuruka     Unspecified    3488    4659  (4174)    
   346 35.67 0.00 0.00           OX439371.1    857267    857423 (14812683) +               Kuruka     Unspecified    3583    3739  (5094)    
  1354 34.38 4.56 4.16           OX439371.1   1737865   1739157 (13930949) +               Kuruka     Unspecified    3461    4758  (4075)    
   634 37.18 2.04 2.13           OX439371.1   2081638   2082717 (13587389) C               Kuruka     Unspecified  (4177)    4656    3578    
   364 36.95 0.40 0.80           OX439371.1   2716057   2716307 (12953799) C               Kuruka     Unspecified  (4300)    4533    4284    
   290 36.72 1.56 3.83           OX439371.1   7148540   7148859 (8521247) +               Kuruka     Unspecified    4224    4536  (4297)    
   674 35.74 1.77 1.91           OX439371.1   8600235   8600967 (7069139) C               Kuruka     Unspecified  (4163)    4670    3939    
   333 28.78 0.71 1.43           OX439371.1   8601230   8601370 (7068736) C               Kuruka     Unspecified  (5158)    3675    3536    
  1950 33.45 2.27 2.35           OX439371.1   9259093   9260372 (6409734) C               Kuruka     Unspecified  (4075)    4758    3480    
   238 37.49 1.61 3.95           OX439371.1  13510888  13511198 (2158908) C               Kuruka     Unspecified  (4306)    4527    4224    
   232 32.38 5.71 0.00           OX439372.1   2711956   2712060 (10335473) +               Kuruka     Unspecified    4223    4333  (4500)    
   226 28.12 0.00 0.00           OX439372.1   4159980   4160043 (8887490) +               Kuruka     Unspecified    1730    1793  (7040)    
  1669 34.78 3.44 2.95           OX439372.1   4162005   4163284 (8884249) +               Kuruka     Unspecified    3461    4746  (4087)    
   238 37.49 1.61 3.95           OX439372.1   4374371   4374681 (8672852) C               Kuruka     Unspecified  (4306)    4527    4224    
  1692 33.72 1.81 1.91           OX439372.1   7099369   7100417 (5947116) C               Kuruka     Unspecified  (4255)    4578    3531    
  2232 34.75 2.76 2.29           OX439372.1  11432828  11434132 (1613401) C               Kuruka     Unspecified  (4059)    4774    3464    
   632 35.20 1.06 1.06           OX439373.1    136659    137037 (12255304) +               Kuruka     Unspecified    3456    3834  (4999)    
   937 35.25 1.33 3.54           OX439373.1    137141    137890 (12254451) +               Kuruka     Unspecified    3938    4671  (4162)    
   230 38.48 1.45 2.95           OX439373.1    431945    432426 (11959915) C               Kuruka     Unspecified  (4306)    4527    4053    
   387 36.62 0.39 0.78           OX439373.1   1220291   1220546 (11171795) +               Kuruka     Unspecified    4282    4536  (4297)    
   264 37.12 0.94 3.19           OX439373.1   3208936   3209255 (9183086) C               Kuruka     Unspecified  (4297)    4536    4224    
   277 37.24 2.24 3.72           OX439373.1   5101568   5102058 (7290283) C               Kuruka     Unspecified  (4297)    4536    4053    
  1950 33.45 2.27 2.35           OX439373.1   7627648   7628927 (4763414) C               Kuruka     Unspecified  (4075)    4758    3480    
   325 35.12 0.00 0.00           OX439373.1   8297506   8297673 (4094668) C               Kuruka     Unspecified  (5109)    3724    3557    
  2081 33.65 1.92 2.02           OX439373.1   9349302   9350393 (3041948) C               Kuruka     Unspecified  (4255)    4578    3488    
   226 28.12 0.00 0.00           OX439373.1  10903406  10903469 (1488872) +               Kuruka     Unspecified    1730    1793  (7040)    
  1652 35.12 3.28 2.88           OX439373.1  10905431  10906711 (1485630) +               Kuruka     Unspecified    3461    4746  (4087)    
   271 25.85 2.17 3.30           OX439373.1  11218717  11218808 (1173533) +               Kuruka     Unspecified    4287    4377  (4456)    
   267 33.18 4.70 4.70           OX439374.1    261405    261638 (11540358) +               Kuruka     Unspecified    3462    3695  (5138)    
   268 37.97 0.62 2.88           OX439374.1    524169    524488 (11277508) +               Kuruka     Unspecified    4224    4536  (4297)    
  1688 35.73 2.04 2.13           OX439374.1    934621    935844 (10866152) +               Kuruka     Unspecified    3449    4671  (4162)    
  2519 32.81 2.24 2.56           OX439374.1   1501535   1502826 (10299170) +               Kuruka     Unspecified    3489    4776  (4057)    
  2239 33.42 2.22 2.30           OX439374.1   2724612   2725784 (9076212) C               Kuruka     Unspecified  (4174)    4659    3488    
   252 37.37 1.56 3.83           OX439374.1   3336238   3336557 (8465439) C               Kuruka     Unspecified  (4297)    4536    4224    
   233 39.26 1.02 2.48           OX439374.1   5808374   5808864 (5993132) +               Kuruka     Unspecified    4053    4536  (4297)    
   634 37.18 2.04 2.13           OX439374.1   6472907   6473986 (5328010) C               Kuruka     Unspecified  (4177)    4656    3578    
   263 26.12 6.80 8.91           OX439374.1   6540522   6540727 (5261269) C               Kuruka     Unspecified  (4324)    4509    4308    
   254 23.33 0.00 0.00           OX439374.1   8119661   8119720 (3682276) +               Kuruka     Unspecified    4295    4354  (4479)    
   530 34.79 1.08 1.08           OX439374.1   8137280   8137651 (3664345) +               Kuruka     Unspecified    3461    3832  (5001)    
   701 35.83 1.10 3.37           OX439374.1   8137757   8138484 (3663512) +               Kuruka     Unspecified    3938    4649  (4184)    
   290 36.71 0.42 0.84           OX439374.1  10277302  10277540 (1524456) C               Kuruka     Unspecified  (4312)    4521    4284    
  2060 33.74 1.92 2.02           OX439374.1  10696356  10697447 (1104549) C               Kuruka     Unspecified  (4255)    4578    3488    
   256 26.56 0.00 0.00           OX439374.1  11653789  11653852 (148144) C               Kuruka     Unspecified  (4479)    4354    4291    
   271 30.44 1.43 1.43           OX439375.1    942657    942796 (10425363) +               Kuruka     Unspecified    4209    4348  (4485)    
   631 30.33 2.39 2.80           OX439375.1   1830805   1831055 (9537104) +               Kuruka     Unspecified    4287    4536  (4297)    
   325 35.12 0.00 0.00           OX439375.1   3085663   3085830 (8282329) +               Kuruka     Unspecified    3557    3724  (5109)    
   252 37.97 0.62 2.88           OX439375.1   3307753   3308072 (8060087) C               Kuruka     Unspecified  (4297)    4536    4224    
   268 37.97 0.62 2.88           OX439375.1   3625036   3625355 (7742804) +               Kuruka     Unspecified    4224    4536  (4297)    
   277 37.24 2.24 3.72           OX439375.1   3900914   3901404 (7466755) C               Kuruka     Unspecified  (4297)    4536    4053    
   322 35.03 0.00 0.00           OX439375.1   5966468   5966624 (5401535) C               Kuruka     Unspecified  (5094)    3739    3583    
   265 26.12 6.80 8.91           OX439375.1  10098026  10098231 (1269928) C               Kuruka     Unspecified  (4324)    4509    4308    
