  250 28.38  0.00  0.00            OV121073.1 32610717 32610790 (49160714)  +          Kuruka  Unspecified (49160714) 32610717 32610790
  305 30.74  4.78  5.24            OV121073.1 35956957 35957186 (45814318)  +          Kuruka  Unspecified (45814318) 35956957 35957186
  268 36.29  3.99  5.19            OV121073.1 41939044 41939569 (39831935)  +          Kuruka  Unspecified (39831935) 41939044 41939569
  332 30.29  4.78  5.24            OV121073.1 45984152 45984381 (35787123)  +          Kuruka  Unspecified (35787123) 45984152 45984381
  289 32.63  1.40  1.40            OV121073.1 48846547 48846689 (32924815)  +          Kuruka  Unspecified (32924815) 48846547 48846689
  245 35.06  5.30  5.74            OV121073.1 33634419 33634890 (48136614)  C          Kuruka  Unspecified (48136614) 33634419 33634890
  236 31.86  6.23  6.23            OV121073.1 45619363 45619880 (36151821)  C          Kuruka  Unspecified (36151821) 45619363 45619880
  245 38.46  0.48  0.48            OV121074.1 43364744 43364952 (32259454)  +          Kuruka  Unspecified (32259454) 43364744 43364952
  229 35.67  0.69  1.39            OV121074.1 46007061 46007205 (29617201)  +          Kuruka  Unspecified (29617201) 46007061 46007205
  242 36.43  0.00  0.00            OV121074.1 40656114 40656253 (34968153)  C          Kuruka  Unspecified (34968153) 40656114 40656253
  320 30.69  4.55  4.94            OV121074.1 43836507 43836770 (31787636)  C          Kuruka  Unspecified (31787636) 43836507 43836770
  237 33.64  0.93  0.93            OV121074.1 46048131 46048238 (29576168)  C          Kuruka  Unspecified (29576168) 46048131 46048238
  304 37.71  1.00  1.00            OV121075.1 34155895 34156194 (18921719)  +          Kuruka  Unspecified (18921719) 34155895 34156194
  348 25.12 10.61 11.03            OV121075.1 29813650 29813913 (23264000)  C          Kuruka  Unspecified (23264000) 29813650 29813913
  248 34.04  0.00  0.00            OV121075.1 29814346 29814439 (23263474)  C          Kuruka  Unspecified (23263474) 29814346 29814439
  239 27.43  1.52  1.52            OV121075.1 34348285 34348584 (18729563)  C          Kuruka  Unspecified (18729563) 34348285 34348584
  229 35.67  0.69  1.39            OV121075.1 34557566 34557710 (18520203)  C          Kuruka  Unspecified (18520203) 34557566 34557710
  471 38.40  1.54  1.97            OV121076.1 28425350 28426061 (19929201)  +          Kuruka  Unspecified (19929201) 28425350 28426061
  271 30.47  1.53  2.31            OV121076.1 28426367 28426497 (19928765)  +          Kuruka  Unspecified (19928765) 28426367 28426497
  236 16.78  0.00  8.33            OV121076.1 47135596 47135660 (1219602)  +          Kuruka  Unspecified (1219602) 47135596 47135660
  236 36.03  3.63  3.63            OV121076.1 23916163 23916355 (24438907)  C          Kuruka  Unspecified (24438907) 23916163 23916355
  269 28.57  0.00  0.00            OV121076.1 32754871 32754954 (15600308)  C          Kuruka  Unspecified (15600308) 32754871 32754954
  271 27.03  0.00  0.00            OV121077.1 20276747 20276820 (23131314)  C          Kuruka  Unspecified (23131314) 20276747 20276820
