 1094 36.91  2.04  2.12     CAMPEZ010000006.1    77468    78646 (114333)  C          Kuruka  Unspecified (114333)    77468    78646
  526 34.40  1.43  2.31     CAMPEZ010000015.1    43569    44752   (2378)  +          Kuruka  Unspecified   (2378)    43569    44752
 1094 36.91  2.04  2.12     CAMPEZ010000024.1    37556    38734  (19388)  C          Kuruka  Unspecified  (19388)    37556    38734
 1252 36.97  2.17  2.25     CAMPEZ010000035.1    39322    40475  (49645)  C          Kuruka  Unspecified  (49645)    39322    40475
  526 34.84  1.43  2.31     CAMPEZ010000038.1    46333    47516  (38334)  +          Kuruka  Unspecified  (38334)    46333    47516
 1132 36.83  2.04  2.12     CAMPEZ010000042.1    52172    53350  (28507)  C          Kuruka  Unspecified  (28507)    52172    53350
  909 36.62  2.22  2.37     CAMPEZ010000081.1    36346    37022  (36368)  C          Kuruka  Unspecified  (36368)    36346    37022
  860 35.09  2.69  2.86     CAMPEZ010000094.1    12986    14051 (121925)  C          Kuruka  Unspecified (121925)    12986    14051
 1238 36.00  3.12  3.21     CAMPEZ010000108.1    10577    11730  (26854)  C          Kuruka  Unspecified  (26854)    10577    11730
 1131 36.83  2.04  2.12     CAMPEZ010000127.1    42704    43882  (52506)  +          Kuruka  Unspecified  (52506)    42704    43882
 1531 34.45  3.12  3.47     CAMPEZ010000135.1    18332    19516  (18509)  +          Kuruka  Unspecified  (18509)    18332    19516
  526 34.30  1.43  2.31     CAMPEZ010000142.1    58909    60092  (53949)  +          Kuruka  Unspecified  (53949)    58909    60092
 1252 36.97  2.17  2.25     CAMPEZ010000147.1    83312    84465  (15980)  C          Kuruka  Unspecified  (15980)    83312    84465
 1157 36.74  2.04  2.12     CAMPEZ010000151.1    30578    31756 (102209)  C          Kuruka  Unspecified (102209)    30578    31756
 1097 36.91  2.03  2.12     CAMPEZ010000151.1    51213    52394  (81571)  C          Kuruka  Unspecified  (81571)    51213    52394
 1097 36.91  2.03  2.12     CAMPEZ010000151.1    71157    72338  (61627)  C          Kuruka  Unspecified  (61627)    71157    72338
  552 35.64  1.32  1.86     CAMPEZ010000164.1    17008    18138  (37447)  +          Kuruka  Unspecified  (37447)    17008    18138
 1252 36.97  2.17  2.25     CAMPEZ010000168.1    30601    31754  (28503)  C          Kuruka  Unspecified  (28503)    30601    31754
 1252 36.97  2.17  2.25     CAMPEZ010000212.1    41945    43098  (23485)  +          Kuruka  Unspecified  (23485)    41945    43098
 1543 35.11  2.78  3.13     CAMPEZ010000231.1    29769    30953  (13986)  C          Kuruka  Unspecified  (13986)    29769    30953
 1435 35.56  2.62  2.96     CAMPEZ010000235.1    26161    27345  (52812)  C          Kuruka  Unspecified  (52812)    26161    27345
 1531 34.45  3.12  3.47     CAMPEZ010000274.1    42770    43954   (3017)  +          Kuruka  Unspecified   (3017)    42770    43954
 1413 35.08  2.39  2.50     CAMPEZ010000292.1    35992    36912  (27230)  C          Kuruka  Unspecified  (27230)    35992    36912
  553 34.46  1.43  2.31     CAMPEZ010000317.1    28830    30013  (18578)  +          Kuruka  Unspecified  (18578)    28830    30013
 1531 34.45  3.12  3.47     CAMPEZ010000323.1    19831    21015  (10976)  +          Kuruka  Unspecified  (10976)    19831    21015
 1531 34.45  3.12  3.47     CAMPEZ010000328.1      994     2178  (22155)  C          Kuruka  Unspecified  (22155)      994     2178
 1252 36.97  2.17  2.25     CAMPEZ010000339.1    23341    24494  (27709)  C          Kuruka  Unspecified  (27709)    23341    24494
  860 35.09  2.69  2.86     CAMPEZ010000340.1    48894    49959  (28157)  C          Kuruka  Unspecified  (28157)    48894    49959
  327 36.00  2.91  2.91     CAMPEZ010000367.1    26193    26398     (10)  C          Kuruka  Unspecified     (10)    26193    26398
 1106 36.91  2.04  2.12     CAMPEZ010000371.1    25041    26219  (71826)  +          Kuruka  Unspecified  (71826)    25041    26219
  526 34.40  1.43  2.31     CAMPEZ010000377.1    64440    65623  (65875)  +          Kuruka  Unspecified  (65875)    64440    65623
  606 34.81  1.32  1.86     CAMPEZ010000388.1    33662    34727   (4951)  +          Kuruka  Unspecified   (4951)    33662    34727
 1531 34.45  3.12  3.47     CAMPEZ010000396.1    45056    46240  (13460)  +          Kuruka  Unspecified  (13460)    45056    46240
 1118 36.83  2.04  2.12     CAMPEZ010000409.1    14228    15406  (34456)  +          Kuruka  Unspecified  (34456)    14228    15406
 1059 37.23  2.10  2.19     CAMPEZ010000410.1    21635    22730   (2943)  +          Kuruka  Unspecified   (2943)    21635    22730
  552 35.09  1.32  1.86     CAMPEZ010000418.1    18161    19226  (41483)  +          Kuruka  Unspecified  (41483)    18161    19226
  825 34.30  2.66  2.81     CAMPEZ010000424.1    68518    69701  (51066)  C          Kuruka  Unspecified  (51066)    68518    69701
  860 35.09  2.69  2.86     CAMPEZ010000487.1    79382    80447  (37239)  C          Kuruka  Unspecified  (37239)    79382    80447
 1074 37.00  2.04  2.12     CAMPEZ010000512.1    42109    43287  (84528)  +          Kuruka  Unspecified  (84528)    42109    43287
 1435 35.56  2.62  2.96     CAMPEZ010000517.1     1047     2231  (21247)  C          Kuruka  Unspecified  (21247)     1047     2231
 1098 36.91  2.04  2.12     CAMPEZ010000522.1    17542    18720  (90491)  +          Kuruka  Unspecified  (90491)    17542    18720
 1252 36.97  2.17  2.25     CAMPEZ010000531.1    18514    19667  (65887)  +          Kuruka  Unspecified  (65887)    18514    19667
  553 34.17  1.43  2.31     CAMPEZ010000534.1    33814    34997   (1225)  +          Kuruka  Unspecified   (1225)    33814    34997
  922 34.27  2.94  3.09     CAMPEZ010000564.1    18806    19989  (18688)  C          Kuruka  Unspecified  (18688)    18806    19989
  552 35.09  1.32  1.86     CAMPEZ010000591.1    33095    34160  (25997)  +          Kuruka  Unspecified  (25997)    33095    34160
  553 34.17  1.43  2.31     CAMPEZ010000602.1    12942    14125   (5074)  +          Kuruka  Unspecified   (5074)    12942    14125
 1239 35.98  2.80  2.89     CAMPEZ010000644.1    30638    31816   (6934)  +          Kuruka  Unspecified   (6934)    30638    31816
 1461 38.40  1.19  1.27     CAMPEZ010000660.1   489145   490323  (55677)  +          Kuruka  Unspecified  (55677)   489145   490323
 1252 36.97  2.17  2.25     CAMPEZ010000695.1     3692     4845  (24027)  +          Kuruka  Unspecified  (24027)     3692     4845
 1238 36.00  3.12  3.21     CAMPEZ010000699.1    19277    20430   (2418)  +          Kuruka  Unspecified   (2418)    19277    20430
 1158 35.04  2.44  2.82            OX328011.1 17735560 17736625 (43697014)  +          Kuruka  Unspecified (43697014) 17735560 17736625
 1495 34.85  3.04  3.39            OX328011.1 23923747 23924931 (37508708)  +          Kuruka  Unspecified (37508708) 23923747 23924931
  996 38.12  2.11  2.53            OX328011.1 25347989 25348981 (36084658)  +          Kuruka  Unspecified (36084658) 25347989 25348981
  735 38.37  3.79  2.77            OX328011.1 27805854 27806960 (33626679)  +          Kuruka  Unspecified (33626679) 27805854 27806960
 1508 35.48  2.24  2.03            OX328011.1 30934661 30935644 (30497995)  +          Kuruka  Unspecified (30497995) 30934661 30935644
  299 31.22  5.08  6.43            OX328011.1 33350995 33351309 (28082330)  +          Kuruka  Unspecified (28082330) 33350995 33351309
  728 37.84  4.11  2.98            OX328011.1 33357381 33358377 (28075262)  +          Kuruka  Unspecified (28075262) 33357381 33358377
  722 37.89  3.97  2.95            OX328011.1 33925050 33926156 (27507483)  +          Kuruka  Unspecified (27507483) 33925050 33926156
  728 37.84  4.11  2.98            OX328011.1 35342910 35343906 (26089733)  +          Kuruka  Unspecified (26089733) 35342910 35343906
  331 35.72  2.69  3.09            OX328011.1 36174365 36174624 (25259015)  +          Kuruka  Unspecified (25259015) 36174365 36174624
  611 34.79  2.67  2.90            OX328011.1 36175013 36175462 (25258177)  +          Kuruka  Unspecified (25258177) 36175013 36175462
 1160 37.18  2.04  2.12            OX328011.1 36195205 36196383 (25237256)  +          Kuruka  Unspecified (25237256) 36195205 36196383
  811 34.87  3.98  3.98            OX328011.1 36208913 36209841 (25223798)  +          Kuruka  Unspecified (25223798) 36208913 36209841
 1441 34.68  2.89  3.00            OX328011.1 36224320 36225288 (25208351)  +          Kuruka  Unspecified (25208351) 36224320 36225288
  314 25.64  3.31  3.31            OX328011.1 36435709 36435829 (24997810)  +          Kuruka  Unspecified (24997810) 36435709 36435829
  302 26.50  3.31  3.31            OX328011.1 36445903 36446023 (24987616)  +          Kuruka  Unspecified (24987616) 36445903 36446023
  711 35.36  1.11  1.34            OX328011.1 36473118 36473567 (24960072)  +          Kuruka  Unspecified (24960072) 36473118 36473567
  606 34.81  1.32  1.86            OX328011.1 36734212 36735277 (24699050)  +          Kuruka  Unspecified (24699050) 36734212 36735277
 1130 36.15  2.54  2.63            OX328011.1 36927592 36928770 (24504869)  +          Kuruka  Unspecified (24504869) 36927592 36928770
  273 34.94  1.97  1.97            OX328011.1 37065558 37065811 (24367828)  +          Kuruka  Unspecified (24367828) 37065558 37065811
  551 35.51  2.54  2.82            OX328011.1 37066060 37066769 (24366870)  +          Kuruka  Unspecified (24366870) 37066060 37066769
  231 24.62  0.00  0.00            OX328011.1 37751246 37751310 (23682329)  +          Kuruka  Unspecified (23682329) 37751246 37751310
  614 34.45  3.68  3.26            OX328011.1 37813929 37814417 (23619222)  +          Kuruka  Unspecified (23619222) 37813929 37814417
  294 31.57  2.79  4.25            OX328011.1 39411172 39411386 (22022253)  +          Kuruka  Unspecified (22022253) 39411172 39411386
  540 36.30  0.77  2.07            OX328011.1 39411734 39412124 (22021515)  +          Kuruka  Unspecified (22021515) 39411734 39412124
  500 30.13  2.04  2.46            OX328011.1 40773599 40773843 (20659796)  +          Kuruka  Unspecified (20659796) 40773599 40773843
  546 36.12  2.28  2.80            OX328011.1 40781575 40782363 (20651276)  +          Kuruka  Unspecified (20651276) 40781575 40782363
  266 27.89  1.89  1.89            OX328011.1 41573937 41574042 (19859597)  +          Kuruka  Unspecified (19859597) 41573937 41574042
  258 29.44  5.05  6.51            OX328011.1 41637229 41637446 (19796193)  +          Kuruka  Unspecified (19796193) 41637229 41637446
  236 30.93  1.02  1.02            OX328011.1 43240930 43241027 (18192612)  +          Kuruka  Unspecified (18192612) 43240930 43241027
  680 31.68  4.57  1.57            OX328011.1 43241488 43241859 (18191780)  +          Kuruka  Unspecified (18191780) 43241488 43241859
 1061 37.37  1.63  2.00            OX328011.1 61331404 61332509 (101130)  +          Kuruka  Unspecified (101130) 61331404 61332509
  653 34.29  2.89  3.55            OX328011.1 61340792 61341414  (92225)  +          Kuruka  Unspecified  (92225) 61340792 61341414
  280 32.39  1.86  2.34            OX328011.1   861478   861692 (60571947)  C          Kuruka  Unspecified (60571947)   861478   861692
  701 34.70  0.85  1.14            OX328011.1 10389532 10390597 (51043757)  C          Kuruka  Unspecified (51043757) 10389532 10390597
  606 34.74  0.56  0.84            OX328011.1 20990751 20991107 (40442532)  C          Kuruka  Unspecified (40442532) 20990751 20991107
  393 34.35  3.17  3.72            OX328011.1 20991431 20991808 (40441831)  C          Kuruka  Unspecified (40441831) 20991431 20991808
 1506 34.29  3.20  3.29            OX328011.1 23900841 23901965 (37531674)  C          Kuruka  Unspecified (37531674) 23900841 23901965
 1490 38.23  1.19  1.27            OX328011.1 25731840 25733018 (35700621)  C          Kuruka  Unspecified (35700621) 25731840 25733018
 1505 35.48  2.24  2.03            OX328011.1 28017499 28018482 (33415157)  C          Kuruka  Unspecified (33415157) 28017499 28018482
 1505 35.48  2.24  2.03            OX328011.1 31055661 31056644 (30376995)  C          Kuruka  Unspecified (30376995) 31055661 31056644
  987 36.36  1.42  1.60            OX328011.1 32843631 32844633 (28589445)  C          Kuruka  Unspecified (28589445) 32843631 32844633
  987 36.36  1.42  1.60            OX328011.1 32855272 32856274 (28577804)  C          Kuruka  Unspecified (28577804) 32855272 32856274
  987 36.36  1.42  1.60            OX328011.1 34635962 34636964 (26797114)  C          Kuruka  Unspecified (26797114) 34635962 34636964
 1505 35.48  2.24  2.03            OX328011.1 35395267 35396250 (26037389)  C          Kuruka  Unspecified (26037389) 35395267 35396250
 1133 36.30  2.71  2.80            OX328011.1 35980909 35982087 (25451552)  C          Kuruka  Unspecified (25451552) 35980909 35982087
  236 18.37  2.00  2.00            OX328011.1 36191367 36191416 (25242223)  C          Kuruka  Unspecified (25242223) 36191367 36191416
  620 34.10  3.26  3.26            OX328011.1 36260061 36260551 (25173088)  C          Kuruka  Unspecified (25173088) 36260061 36260551
  328 25.69  4.39  4.39            OX328011.1 36281153 36281266 (25152373)  C          Kuruka  Unspecified (25152373) 36281153 36281266
  231 18.37  2.00  2.00            OX328011.1 36381953 36382002 (25051637)  C          Kuruka  Unspecified (25051637) 36381953 36382002
  474 37.32  3.28  3.19            OX328011.1 36876206 36877301 (24556338)  C          Kuruka  Unspecified (24556338) 36876206 36877301
  242 30.63  0.89  0.89            OX328011.1 37082302 37082413 (24351226)  C          Kuruka  Unspecified (24351226) 37082302 37082413
 1181 36.51  1.81  1.91            OX328011.1 39363032 39364134 (22069505)  C          Kuruka  Unspecified (22069505) 39363032 39364134
  385 39.05  1.37  2.49            OX328011.1 41132850 41133214 (20300425)  C          Kuruka  Unspecified (20300425) 41132850 41133214
  244 12.82  0.00  0.00            OX328011.1 41458289 41458327 (19975312)  C          Kuruka  Unspecified (19975312) 41458289 41458327
  351 34.90  1.54  1.93            OX328011.1 41469202 41469461 (19964178)  C          Kuruka  Unspecified (19964178) 41469202 41469461
  798 36.07  2.71  2.82            OX328011.1 42539091 42540014 (18893625)  C          Kuruka  Unspecified (18893625) 42539091 42540014
  515 34.54  0.00  0.36            OX328011.1 42547379 42547654 (18885985)  C          Kuruka  Unspecified (18885985) 42547379 42547654
  753 37.27  1.63  1.72            OX328011.1 42555333 42556435 (18877204)  C          Kuruka  Unspecified (18877204) 42555333 42556435
 1263 35.02  2.26  2.36            OX328011.1 52800692 52801665 (8631974)  C          Kuruka  Unspecified (8631974) 52800692 52801665
  229 30.96  1.16  2.35            OX328011.1 57340169 57340254 (4093385)  C          Kuruka  Unspecified (4093385) 57340169 57340254
 1145 35.14  2.44  2.82            OX328012.1 13371422 13372487 (39542759)  +          Kuruka  Unspecified (39542759) 13371422 13372487
  869 36.56  2.83  2.92            OX328012.1 15071253 15072348 (37842898)  +          Kuruka  Unspecified (37842898) 15071253 15072348
  631 35.85  4.66  4.47            OX328012.1 15254970 15256064 (37659182)  +          Kuruka  Unspecified (37659182) 15254970 15256064
  234 30.88  4.02  5.61            OX328012.1 15535262 15535460 (37379786)  +          Kuruka  Unspecified (37379786) 15535262 15535460
  277 30.38  5.33  6.76            OX328012.1 15570386 15570685 (37344561)  +          Kuruka  Unspecified (37344561) 15570386 15570685
  288 30.88  5.08  6.43            OX328012.1 15594493 15594807 (37320439)  +          Kuruka  Unspecified (37320439) 15594493 15594807
  254 30.49  4.73  4.73            OX328012.1 15671811 15671958 (37243288)  +          Kuruka  Unspecified (37243288) 15671811 15671958
  297 30.88  5.08  6.43            OX328012.1 15697971 15698285 (37216961)  +          Kuruka  Unspecified (37216961) 15697971 15698285
  310 23.51  3.28  5.88            OX328012.1 15793734 15793855 (37121391)  +          Kuruka  Unspecified (37121391) 15793734 15793855
  277 30.88  5.08  6.43            OX328012.1 16315153 16315467 (36599779)  +          Kuruka  Unspecified (36599779) 16315153 16315467
  237 30.26  1.90  9.14            OX328012.1 16407318 16407528 (36507718)  +          Kuruka  Unspecified (36507718) 16407318 16407528
 1117 36.63  1.90  2.00            OX328012.1 16565712 16566814 (36348432)  +          Kuruka  Unspecified (36348432) 16565712 16566814
  282 29.19  3.59  3.59            OX328012.1 16851848 16852014 (36063232)  +          Kuruka  Unspecified (36063232) 16851848 16852014
  709 35.69  3.70  4.65            OX328012.1 17606492 17607490 (35307756)  +          Kuruka  Unspecified (35307756) 17606492 17607490
  662 35.38  2.75  2.87            OX328012.1 18537909 18538816 (34376430)  +          Kuruka  Unspecified (34376430) 18537909 18538816
  849 34.40  5.02  5.39            OX328012.1 18647155 18648309 (34266937)  +          Kuruka  Unspecified (34266937) 18647155 18648309
 1349 38.74  1.19  1.27            OX328012.1 20299394 20300572 (32614674)  +          Kuruka  Unspecified (32614674) 20299394 20300572
  940 38.33  2.11  2.63            OX328012.1 20803730 20804723 (32110523)  +          Kuruka  Unspecified (32110523) 20803730 20804723
  940 38.33  2.11  2.63            OX328012.1 20914323 20915316 (31999930)  +          Kuruka  Unspecified (31999930) 20914323 20915316
 1536 35.37  2.24  2.03            OX328012.1 25490657 25491640 (27423606)  +          Kuruka  Unspecified (27423606) 25490657 25491640
 1536 35.37  2.24  2.03            OX328012.1 25818044 25819027 (27096219)  +          Kuruka  Unspecified (27096219) 25818044 25819027
  901 38.54  2.11  2.63            OX328012.1 29594511 29595504 (23319742)  +          Kuruka  Unspecified (23319742) 29594511 29595504
  914 38.43  2.11  2.63            OX328012.1 29960336 29961329 (22953917)  +          Kuruka  Unspecified (22953917) 29960336 29961329
  914 38.43  2.11  2.63            OX328012.1 30063671 30064664 (22850582)  +          Kuruka  Unspecified (22850582) 30063671 30064664
  722 37.89  3.97  2.95            OX328012.1 33921940 33923046 (18992200)  +          Kuruka  Unspecified (18992200) 33921940 33923046
  243 16.39  7.58  7.58            OX328012.1 35466048 35466113 (17449133)  +          Kuruka  Unspecified (17449133) 35466048 35466113
  255 35.90  0.85  0.00            OX328012.1 36142704 36142820 (16772426)  +          Kuruka  Unspecified (16772426) 36142704 36142820
  553 32.22  0.73  1.10            OX328012.1 37462196 37462468 (15452778)  +          Kuruka  Unspecified (15452778) 37462196 37462468
 1204 36.69  2.60  2.69            OX328012.1 46851892 46853045 (6062201)  +          Kuruka  Unspecified (6062201) 46851892 46853045
  328 25.69  4.39  4.39            OX328012.1  5764536  5764649 (47150597)  C          Kuruka  Unspecified (47150597)  5764536  5764649
  925 34.91  2.86  3.03            OX328012.1 15284059 15285124 (37630593)  C          Kuruka  Unspecified (37630593) 15284059 15285124
  366 38.65  3.12  3.12            OX328012.1 16345278 16345918 (36569328)  C          Kuruka  Unspecified (36569328) 16345278 16345918
 1118 33.58  4.39  4.48            OX328012.1 18562540 18563633 (34351613)  C          Kuruka  Unspecified (34351613) 18562540 18563633
  662 35.38  2.75  2.87            OX328012.1 18590911 18591818 (34323428)  C          Kuruka  Unspecified (34323428) 18590911 18591818
  973 38.33  2.11  2.53            OX328012.1 21472499 21473491 (31441755)  C          Kuruka  Unspecified (31441755) 21472499 21473491
  932 38.33  2.11  2.63            OX328012.1 22037951 22038944 (30876302)  C          Kuruka  Unspecified (30876302) 22037951 22038944
  932 38.33  2.11  2.63            OX328012.1 22122930 22123923 (30791323)  C          Kuruka  Unspecified (30791323) 22122930 22123923
  926 38.33  2.11  2.63            OX328012.1 22249062 22250055 (30665191)  C          Kuruka  Unspecified (30665191) 22249062 22250055
  984 38.23  2.11  2.53            OX328012.1 22605204 22606196 (30309050)  C          Kuruka  Unspecified (30309050) 22605204 22606196
  917 38.43  2.11  2.63            OX328012.1 23189706 23190699 (29724547)  C          Kuruka  Unspecified (29724547) 23189706 23190699
  932 38.33  2.11  2.63            OX328012.1 23232847 23233840 (29681406)  C          Kuruka  Unspecified (29681406) 23232847 23233840
  926 38.33  2.11  2.63            OX328012.1 23362223 23363216 (29552030)  C          Kuruka  Unspecified (29552030) 23362223 23363216
  926 38.33  2.11  2.63            OX328012.1 23498536 23499529 (29415717)  C          Kuruka  Unspecified (29415717) 23498536 23499529
  984 38.23  2.11  2.53            OX328012.1 23748283 23749275 (29165971)  C          Kuruka  Unspecified (29165971) 23748283 23749275
  917 38.43  2.11  2.63            OX328012.1 24461040 24462033 (28453213)  C          Kuruka  Unspecified (28453213) 24461040 24462033
  926 38.33  2.11  2.63            OX328012.1 24559457 24560450 (28354796)  C          Kuruka  Unspecified (28354796) 24559457 24560450
  984 38.23  2.11  2.53            OX328012.1 24775583 24776575 (28138671)  C          Kuruka  Unspecified (28138671) 24775583 24776575
  984 38.23  2.11  2.53            OX328012.1 26465832 26466824 (26448422)  C          Kuruka  Unspecified (26448422) 26465832 26466824
 1456 35.04  2.74  2.54            OX328012.1 32508771 32509754 (20405492)  C          Kuruka  Unspecified (20405492) 32508771 32509754
 1456 35.04  2.74  2.54            OX328012.1 34563176 34564159 (18351087)  C          Kuruka  Unspecified (18351087) 34563176 34564159
 1474 35.68  2.24  2.03            OX328012.1 34821008 34821991 (18093255)  C          Kuruka  Unspecified (18093255) 34821008 34821991
  688 38.00  1.70  1.78            OX328012.1 35469600 35470778 (17444468)  C          Kuruka  Unspecified (17444468) 35469600 35470778
  615 31.91  1.49  1.80            OX328012.1 35710919 35711253 (17203993)  C          Kuruka  Unspecified (17203993) 35710919 35711253
  596 33.95  3.39  3.55            OX328012.1 43444910 43445529 (9469717)  C          Kuruka  Unspecified (9469717) 43444910 43445529
 1159 34.73  2.63  3.01            OX328013.1 12932227 12933292 (34426280)  +          Kuruka  Unspecified (34426280) 12932227 12933292
  521 36.92  2.01  2.77            OX328013.1 13112485 13113030 (34246542)  +          Kuruka  Unspecified (34246542) 13112485 13113030
 1593 34.60  2.57  2.67            OX328013.1 13129863 13130836 (34228736)  +          Kuruka  Unspecified (34228736) 13129863 13130836
  352 36.01  1.26  1.26            OX328013.1 13303941 13304179 (34055393)  +          Kuruka  Unspecified (34055393) 13303941 13304179
  721 36.30  2.70  2.84            OX328013.1 13304415 13305154 (34054418)  +          Kuruka  Unspecified (34054418) 13304415 13305154
  784 34.00  3.53  3.70            OX328013.1 14083551 14084173 (33275399)  +          Kuruka  Unspecified (33275399) 14083551 14084173
  315 25.64  3.31  3.31            OX328013.1 14796163 14796283 (32563289)  +          Kuruka  Unspecified (32563289) 14796163 14796283
  270 37.25  2.49  2.49            OX328013.1 14906187 14906387 (32453185)  +          Kuruka  Unspecified (32453185) 14906187 14906387
  339 29.19  3.59  3.59            OX328013.1 14958109 14958275 (32401297)  +          Kuruka  Unspecified (32401297) 14958109 14958275
  339 29.19  3.59  3.59            OX328013.1 14992981 14993147 (32366425)  +          Kuruka  Unspecified (32366425) 14992981 14993147
  705 36.67  3.55  3.74            OX328013.1 15131344 15132442 (32227130)  +          Kuruka  Unspecified (32227130) 15131344 15132442
  642 34.63  0.96  1.28            OX328013.1 15320609 15320921 (32038651)  +          Kuruka  Unspecified (32038651) 15320609 15320921
  752 34.28  3.39  3.55            OX328013.1 15790071 15790690 (31568882)  +          Kuruka  Unspecified (31568882) 15790071 15790690
  873 36.81  3.25  3.63            OX328013.1 15926463 15927539 (31432033)  +          Kuruka  Unspecified (31432033) 15926463 15927539
  329 28.26  2.21  3.73            OX328013.1 15994514 15994649 (31364923)  +          Kuruka  Unspecified (31364923) 15994514 15994649
  427 33.61  3.31  1.81            OX328013.1 16090390 16091376 (31268911)  +          Kuruka  Unspecified (31268911) 16090390 16091376
  564 32.67  1.95  2.81            OX328013.1 16307363 16307721 (31051851)  +          Kuruka  Unspecified (31051851) 16307363 16307721
  435 34.26  2.74  5.63            OX328013.1 16414099 16414463 (30945109)  +          Kuruka  Unspecified (30945109) 16414099 16414463
  266 29.87  4.09  4.09            OX328013.1 16661408 16661578 (30697994)  +          Kuruka  Unspecified (30697994) 16661408 16661578
 1285 36.15  2.80  2.89            OX328013.1 17087262 17088440 (30271132)  +          Kuruka  Unspecified (30271132) 17087262 17088440
  908 36.04  3.19  3.29            OX328013.1 17336433 17337528 (30022044)  +          Kuruka  Unspecified (30022044) 17336433 17337528
  275 31.22  5.08  6.43            OX328013.1 17385486 17385800 (29973772)  +          Kuruka  Unspecified (29973772) 17385486 17385800
  500 34.47  1.66  2.68            OX328013.1 17406898 17407198 (29952374)  +          Kuruka  Unspecified (29952374) 17406898 17407198
 1475 34.83  2.93  3.02            OX328013.1 17430910 17432034 (29927538)  +          Kuruka  Unspecified (29927538) 17430910 17432034
 1055 34.22  3.26  3.26            OX328013.1 17839070 17840051 (29519521)  +          Kuruka  Unspecified (29519521) 17839070 17840051
  757 37.23  2.10  2.19            OX328013.1 19525559 19526654 (27832918)  +          Kuruka  Unspecified (27832918) 19525559 19526654
  231 30.39  2.86  2.86            OX328013.1 19584501 19584605 (27774967)  +          Kuruka  Unspecified (27774967) 19584501 19584605
  743 37.32  1.95  2.04            OX328013.1 19693402 19694580 (27664992)  +          Kuruka  Unspecified (27664992) 19693402 19694580
  761 35.00  3.05  3.22            OX328013.1 19794711 19795333 (27564239)  +          Kuruka  Unspecified (27564239) 19794711 19795333
  330 34.80  5.51  3.99            OX328013.1 19944369 19945185 (27414932)  +          Kuruka  Unspecified (27414932) 19944369 19945185
  441 34.12  0.93  0.93            OX328013.1 19949633 19949848 (27409724)  +          Kuruka  Unspecified (27409724) 19949633 19949848
 1140 37.12  1.72  1.81            OX328013.1 19968874 19969976 (27389596)  +          Kuruka  Unspecified (27389596) 19968874 19969976
  865 36.40  3.44  3.73            OX328013.1 20019115 20020190 (27339382)  +          Kuruka  Unspecified (27339382) 20019115 20020190
  789 34.11  3.39  3.55            OX328013.1 20030128 20030747 (27328825)  +          Kuruka  Unspecified (27328825) 20030128 20030747
  230 31.21  4.73  4.73            OX328013.1 20384357 20384504 (26975068)  +          Kuruka  Unspecified (26975068) 20384357 20384504
 1031 34.23  4.53  4.70            OX328013.1 20502825 20503995 (26855577)  +          Kuruka  Unspecified (26855577) 20502825 20503995
  311 30.88  5.08  6.43            OX328013.1 20670964 20671278 (26688294)  +          Kuruka  Unspecified (26688294) 20670964 20671278
  745 37.47  2.01  2.10            OX328013.1 20695155 20696250 (26663322)  +          Kuruka  Unspecified (26663322) 20695155 20696250
  910 36.84  2.74  2.94            OX328013.1 21459844 21460900 (25898672)  +          Kuruka  Unspecified (25898672) 21459844 21460900
  529 34.53  3.68  3.47            OX328013.1 21482020 21482508 (25877064)  +          Kuruka  Unspecified (25877064) 21482020 21482508
  957 34.91  3.92  3.70            OX328013.1 21852358 21853300 (25506272)  +          Kuruka  Unspecified (25506272) 21852358 21853300
  236 30.39  2.86  2.86            OX328013.1 22920895 22920999 (24438573)  +          Kuruka  Unspecified (24438573) 22920895 22920999
  245 27.59  6.54  8.57            OX328013.1 22929816 22930029 (24429543)  +          Kuruka  Unspecified (24429543) 22929816 22930029
  307 25.64  3.31  3.31            OX328013.1 22962119 22962239 (24397333)  +          Kuruka  Unspecified (24397333) 22962119 22962239
  631 35.88  1.01  1.26            OX328013.1 23105752 23106149 (24253423)  +          Kuruka  Unspecified (24253423) 23105752 23106149
  295 22.58 15.84  3.54            OX328013.1 23271312 23271412 (24088160)  +          Kuruka  Unspecified (24088160) 23271312 23271412
  751 35.59  1.54  2.17            OX328013.1 23457899 23458547 (23901025)  +          Kuruka  Unspecified (23901025) 23457899 23458547
  485 35.29  1.51  1.76            OX328013.1 23714691 23715088 (23644484)  +          Kuruka  Unspecified (23644484) 23714691 23715088
 1102 36.87  1.81  1.91            OX328013.1 23846508 23847610 (23511962)  +          Kuruka  Unspecified (23511962) 23846508 23847610
 1389 34.71  3.38  3.73            OX328013.1 24010357 24011541 (23348031)  +          Kuruka  Unspecified (23348031) 24010357 24011541
  332 35.91  3.52  3.72            OX328013.1 24288733 24289244 (23070328)  +          Kuruka  Unspecified (23070328) 24288733 24289244
  363 36.03  1.09  1.45            OX328013.1 24335921 24336196 (23023376)  +          Kuruka  Unspecified (23023376) 24335921 24336196
  628 37.09  2.36  2.52            OX328013.1 24394829 24395464 (22964108)  +          Kuruka  Unspecified (22964108) 24394829 24395464
  857 36.96  2.80  2.59            OX328013.1 24924597 24925560 (22434012)  +          Kuruka  Unspecified (22434012) 24924597 24925560
  370 36.13  4.11  4.11            OX328013.1 24992191 24993118 (22366871)  +          Kuruka  Unspecified (22366871) 24992191 24993118
  341 30.53  5.08  6.43            OX328013.1 25087670 25087984 (22271588)  +          Kuruka  Unspecified (22271588) 25087670 25087984
 1266 34.84  2.36  2.36            OX328013.1 25367615 25368587 (21990985)  +          Kuruka  Unspecified (21990985) 25367615 25368587
  765 36.84  2.38  2.47            OX328013.1 25385951 25387002 (21972570)  +          Kuruka  Unspecified (21972570) 25385951 25387002
  323 25.69  4.39  4.39            OX328013.1 42080600 42080713 (5278859)  +          Kuruka  Unspecified (5278859) 42080600 42080713
  906 36.97  2.17  2.25            OX328013.1 44756283 44757436 (2602136)  +          Kuruka  Unspecified (2602136) 44756283 44757436
 1531 34.45  3.12  3.47            OX328013.1  2200483  2201667 (45157905)  C          Kuruka  Unspecified (45157905)  2200483  2201667
  997 34.17  2.94  3.09            OX328013.1 13042172 13043355 (34316687)  C          Kuruka  Unspecified (34316687) 13042172 13043355
 1452 35.32  2.64  2.54            OX328013.1 13331735 13332719 (34026853)  C          Kuruka  Unspecified (34026853) 13331735 13332719
  538 35.51  2.68  2.82            OX328013.1 13365208 13366418 (33993656)  C          Kuruka  Unspecified (33993656) 13365208 13366418
  882 36.67  2.17  2.25            OX328013.1 13854566 13855719 (33503853)  C          Kuruka  Unspecified (33503853) 13854566 13855719
  265 32.89  3.96  4.89            OX328013.1 14030730 14030956 (33328616)  C          Kuruka  Unspecified (33328616) 14030730 14030956
  438 30.88  0.74  0.00            OX328013.1 14043051 14043186 (33316386)  C          Kuruka  Unspecified (33316386) 14043051 14043186
  230 27.10  2.73  2.73            OX328013.1 14824026 14824135 (32535437)  C          Kuruka  Unspecified (32535437) 14824026 14824135
  761 35.00  3.05  3.22            OX328013.1 14859112 14859734 (32499838)  C          Kuruka  Unspecified (32499838) 14859112 14859734
  851 34.11  3.20  3.37            OX328013.1 15096525 15097149 (32262423)  C          Kuruka  Unspecified (32262423) 15096525 15097149
  629 38.85  1.63  2.40            OX328013.1 15120437 15121359 (32238213)  C          Kuruka  Unspecified (32238213) 15120437 15121359
  305 30.53  5.08  6.43            OX328013.1 15578554 15578868 (31780704)  C          Kuruka  Unspecified (31780704) 15578554 15578868
  334 35.72  1.33  2.35            OX328013.1 15602241 15602541 (31757031)  C          Kuruka  Unspecified (31757031) 15602241 15602541
  361 28.57  3.59  3.59            OX328013.1 15898969 15899135 (31460437)  C          Kuruka  Unspecified (31460437) 15898969 15899135
  790 35.15  3.40  3.61            OX328013.1 15967480 15968450 (31391122)  C          Kuruka  Unspecified (31391122) 15967480 15968450
  241 30.39  2.86  2.86            OX328013.1 16113217 16113321 (31246251)  C          Kuruka  Unspecified (31246251) 16113217 16113321
  255 35.90  0.85  0.00            OX328013.1 16448801 16448917 (30910655)  C          Kuruka  Unspecified (30910655) 16448801 16448917
  538 32.33  2.51  2.94            OX328013.1 16476649 16476887 (30882685)  C          Kuruka  Unspecified (30882685) 16476649 16476887
  542 33.33  0.00  0.00            OX328013.1 16565733 16566008 (30793564)  C          Kuruka  Unspecified (30793564) 16565733 16566008
  671 37.26  3.37  3.46            OX328013.1 16649732 16650829 (30708743)  C          Kuruka  Unspecified (30708743) 16649732 16650829
 1103 37.81  1.87  1.95            OX328013.1 16700220 16701398 (30658174)  C          Kuruka  Unspecified (30658174) 16700220 16701398
  985 36.93  2.36  2.85            OX328013.1 16767215 16768273 (30591299)  C          Kuruka  Unspecified (30591299) 16767215 16768273
  935 36.20  3.10  3.20            OX328013.1 16835784 16836879 (30522693)  C          Kuruka  Unspecified (30522693) 16835784 16836879
  551 36.51  1.78  2.00            OX328013.1 16941008 16941457 (30418115)  C          Kuruka  Unspecified (30418115) 16941008 16941457
 1192 36.34  2.37  2.46            OX328013.1 16999835 17001013 (30358559)  C          Kuruka  Unspecified (30358559) 16999835 17001013
  278 32.91  5.08  6.43            OX328013.1 17237743 17238057 (30121515)  C          Kuruka  Unspecified (30121515) 17237743 17238057
  324 30.88  5.08  6.43            OX328013.1 17263893 17264207 (30095365)  C          Kuruka  Unspecified (30095365) 17263893 17264207
 1238 36.00  3.12  3.21            OX328013.1 17796586 17797739 (29561833)  C          Kuruka  Unspecified (29561833) 17796586 17797739
  315 38.88  2.38  2.95            OX328013.1 18124500 18125045 (29234527)  C          Kuruka  Unspecified (29234527) 18124500 18125045
  256 37.34  3.70  4.13            OX328013.1 18601267 18601509 (28758063)  C          Kuruka  Unspecified (28758063) 18601267 18601509
  257 32.77  0.83  0.83            OX328013.1 19709691 19709810 (27649762)  C          Kuruka  Unspecified (27649762) 19709691 19709810
 1179 37.23  1.95  2.04            OX328013.1 20147171 20148349 (27211223)  C          Kuruka  Unspecified (27211223) 20147171 20148349
  327 29.19  3.59  3.59            OX328013.1 20237100 20237266 (27122306)  C          Kuruka  Unspecified (27122306) 20237100 20237266
  231 18.37  2.00  2.00            OX328013.1 20377164 20377213 (26982359)  C          Kuruka  Unspecified (26982359) 20377164 20377213
  953 34.87  1.34  1.51            OX328013.1 20418263 20419332 (26940711)  C          Kuruka  Unspecified (26940711) 20418263 20419332
  295 31.22  5.08  6.43            OX328013.1 20648192 20648506 (26711066)  C          Kuruka  Unspecified (26711066) 20648192 20648506
  252 26.13  3.28  5.88            OX328013.1 20685467 20685588 (26673984)  C          Kuruka  Unspecified (26673984) 20685467 20685588
  305 30.53  5.08  6.43            OX328013.1 20797786 20798100 (26561472)  C          Kuruka  Unspecified (26561472) 20797786 20798100
  670 36.20  1.46  1.60            OX328013.1 20976537 20977639 (26382283)  C          Kuruka  Unspecified (26382283) 20976537 20977639
  987 38.44  1.95  1.95            OX328013.1 21509417 21510594 (25848978)  C          Kuruka  Unspecified (25848978) 21509417 21510594
  254 29.90  4.46  4.46            OX328013.1 21525208 21525319 (25834253)  C          Kuruka  Unspecified (25834253) 21525208 21525319
 1187 36.51  2.46  2.56            OX328013.1 21562153 21563248 (25796324)  C          Kuruka  Unspecified (25796324) 21562153 21563248
 1075 33.28  1.94  2.11            OX328013.1 21570987 21571781 (25787968)  C          Kuruka  Unspecified (25787968) 21570987 21571781
  386 34.99  1.60  2.83            OX328013.1 21605206 21605455 (25754117)  C          Kuruka  Unspecified (25754117) 21605206 21605455
  293 34.34  1.78  1.78            OX328013.1 21742663 21742831 (25616741)  C          Kuruka  Unspecified (25616741) 21742663 21742831
  706 36.27  2.26  2.39            OX328013.1 21765941 21766809 (25592879)  C          Kuruka  Unspecified (25592879) 21765941 21766809
 1035 36.62  2.85  2.56            OX328013.1 21857685 21858735 (25500837)  C          Kuruka  Unspecified (25500837) 21857685 21858735
  908 36.65  1.42  1.60            OX328013.1 22568128 22569130 (24790882)  C          Kuruka  Unspecified (24790882) 22568128 22569130
  247 26.16  2.73  2.73            OX328013.1 22912038 22912147 (24447425)  C          Kuruka  Unspecified (24447425) 22912038 22912147
 1471 35.22  2.76  2.85            OX328013.1 23091246 23092370 (24267202)  C          Kuruka  Unspecified (24267202) 23091246 23092370
  371 38.77  3.05  3.05            OX328013.1 23124081 23124801 (24234771)  C          Kuruka  Unspecified (24234771) 23124081 23124801
  653 34.96  4.01  4.14            OX328013.1 23485288 23486036 (23873536)  C          Kuruka  Unspecified (23873536) 23485288 23486036
 1126 36.78  1.81  1.91            OX328013.1 23518240 23519342 (23840230)  C          Kuruka  Unspecified (23840230) 23518240 23519342
  707 36.55  2.70  2.99            OX328013.1 23947218 23947922 (23411650)  C          Kuruka  Unspecified (23411650) 23947218 23947922
 1252 35.98  2.80  2.89            OX328013.1 24047224 24048402 (23311170)  C          Kuruka  Unspecified (23311170) 24047224 24048402
  689 32.53  1.49  1.80            OX328013.1 24071161 24071495 (23288077)  C          Kuruka  Unspecified (23288077) 24071161 24071495
 1182 36.42  1.81  1.91            OX328013.1 24121859 24122961 (23236611)  C          Kuruka  Unspecified (23236611) 24121859 24122961
  521 29.15  1.98  2.38            OX328013.1 24324905 24325157 (23034415)  C          Kuruka  Unspecified (23034415) 24324905 24325157
  920 36.72  3.42  3.51            OX328013.1 24550857 24551968 (22807604)  C          Kuruka  Unspecified (22807604) 24550857 24551968
  632 30.99  2.43  2.02            OX328013.1 24661395 24661641 (22697931)  C          Kuruka  Unspecified (22697931) 24661395 24661641
  443 35.56  2.45  2.45            OX328013.1 24726217 24726706 (22632866)  C          Kuruka  Unspecified (22632866) 24726217 24726706
  714 31.02  0.72  0.72            OX328013.1 24776234 24776509 (22583063)  C          Kuruka  Unspecified (22583063) 24776234 24776509
 1253 37.06  1.95  2.04            OX328013.1 24873005 24874183 (22485389)  C          Kuruka  Unspecified (22485389) 24873005 24874183
  519 36.35  1.33  1.56            OX328013.1 25119867 25120316 (22239256)  C          Kuruka  Unspecified (22239256) 25119867 25120316
  616 35.60  2.75  2.87            OX328013.1 25139046 25139953 (22219619)  C          Kuruka  Unspecified (22219619) 25139046 25139953
  233 31.55  5.08  6.43            OX328013.1 25631012 25631326 (21728246)  C          Kuruka  Unspecified (21728246) 25631012 25631326
  450 37.05  3.59  3.46            OX328013.1 26694239 26695018 (20664554)  C          Kuruka  Unspecified (20664554) 26694239 26695018
  877 35.02  1.50  1.67            OX328013.1 26881949 26883017 (20477025)  C          Kuruka  Unspecified (20477025) 26881949 26883017
  555 37.27  2.20  2.31            OX328013.1 27332688 27333640 (20025932)  C          Kuruka  Unspecified (20025932) 27332688 27333640
  634 32.48  2.04  3.62            OX328013.1 27465541 27465933 (19893639)  C          Kuruka  Unspecified (19893639) 27465541 27465933
 1189 36.78  2.60  2.69            OX328013.1 28373729 28374882 (18984690)  C          Kuruka  Unspecified (18984690) 28373729 28374882
  323 25.69  4.39  4.39            OX328013.1 41409990 41410103 (5949469)  C          Kuruka  Unspecified (5949469) 41409990 41410103
 1276 36.68  2.34  2.43            OX328013.1 42835724 42836877 (4522695)  C          Kuruka  Unspecified (4522695) 42835724 42836877
  925 34.91  2.86  3.03            OX328013.1 46656849 46657914 (702129)  C          Kuruka  Unspecified (702129) 46656849 46657914
 1204 36.69  2.60  2.69            OX328014.1  6898130  6899283 (40379831)  +          Kuruka  Unspecified (40379831)  6898130  6899283
 1226 36.08  3.12  3.21            OX328014.1 14106429 14107582 (33171532)  +          Kuruka  Unspecified (33171532) 14106429 14107582
  832 36.71  3.54  3.54            OX328014.1 14117859 14118931 (33160183)  +          Kuruka  Unspecified (33160183) 14117859 14118931
  670 32.82  0.76  1.15            OX328014.1 16809676 16809937 (30469177)  +          Kuruka  Unspecified (30469177) 16809676 16809937
  480 36.93  1.80  1.80            OX328014.1 17845492 17845990 (29433124)  +          Kuruka  Unspecified (29433124) 17845492 17845990
  285 27.36  3.31  3.31            OX328014.1 19194356 19194476 (28084638)  +          Kuruka  Unspecified (28084638) 19194356 19194476
  592 34.62  3.37  3.54            OX328014.1 19513335 19513957 (27765157)  +          Kuruka  Unspecified (27765157) 19513335 19513957
 1285 34.71  3.80  3.62            OX328014.1 20104776 20105932 (27173182)  +          Kuruka  Unspecified (27173182) 20104776 20105932
 1047 36.88  2.09  2.18            OX328014.1 20374625 20375727 (26903387)  +          Kuruka  Unspecified (26903387) 20374625 20375727
  936 36.51  2.12  2.12            OX328014.1 20512840 20514017 (26765097)  +          Kuruka  Unspecified (26765097) 20512840 20514017
  587 32.97  0.00  0.00            OX328014.1 20548715 20548990 (26730124)  +          Kuruka  Unspecified (26730124) 20548715 20548990
  686 37.25  1.81  1.91            OX328014.1 20589625 20590727 (26688387)  +          Kuruka  Unspecified (26688387) 20589625 20590727
  551 33.63  1.17  1.17            OX328014.1 20619118 20619460 (26659654)  +          Kuruka  Unspecified (26659654) 20619118 20619460
  748 34.12  4.16  4.33            OX328014.1 20644742 20645366 (26633748)  +          Kuruka  Unspecified (26633748) 20644742 20645366
  260 24.41  2.27  2.27            OX328014.1 20659814 20659901 (26619213)  +          Kuruka  Unspecified (26619213) 20659814 20659901
 1402 35.16  2.84  2.94            OX328014.1 20726543 20727667 (26551447)  +          Kuruka  Unspecified (26551447) 20726543 20727667
 1154 37.23  2.10  2.19            OX328014.1 20762050 20763145 (26515969)  +          Kuruka  Unspecified (26515969) 20762050 20763145
 1514 35.48  2.24  2.03            OX328014.1 32243813 32244796 (15034318)  +          Kuruka  Unspecified (15034318) 32243813 32244796
  919 37.83  4.07  3.04            OX328014.1 37462810 37463916 (9815198)  +          Kuruka  Unspecified (9815198) 37462810 37463916
  236 30.96  1.16  2.35            OX328014.1 37506482 37506567 (9772547)  +          Kuruka  Unspecified (9772547) 37506482 37506567
  308 31.10  4.78  5.79            OX328014.1 37948448 37948761 (9330353)  +          Kuruka  Unspecified (9330353) 37948448 37948761
  362 34.64  3.31  1.81            OX328014.1 37990044 37991030 (9288799)  +          Kuruka  Unspecified (9288799) 37990044 37991030
  364 31.22  5.08  6.43            OX328014.1 38059995 38060309 (9218805)  +          Kuruka  Unspecified (9218805) 38059995 38060309
  242 35.24  0.00  0.00            OX328014.1 38084564 38084668 (9194446)  +          Kuruka  Unspecified (9194446) 38084564 38084668
  239 33.63  3.47  4.69            OX328014.1 38118865 38119123 (9159991)  +          Kuruka  Unspecified (9159991) 38118865 38119123
  981 36.35  3.01  3.11            OX328014.1 38259394 38260489 (9018625)  +          Kuruka  Unspecified (9018625) 38259394 38260489
 1195 37.15  1.95  2.04            OX328014.1 38446861 38448039 (8831075)  +          Kuruka  Unspecified (8831075) 38446861 38448039
  248 27.89  1.89  1.89            OX328014.1 38475268 38475373 (8803741)  +          Kuruka  Unspecified (8803741) 38475268 38475373
  961 35.40  2.73  2.84            OX328014.1 39407209 39408124 (7870990)  +          Kuruka  Unspecified (7870990) 39407209 39408124
  370 34.76  3.31  1.81            OX328014.1 39430475 39431461 (7848368)  +          Kuruka  Unspecified (7848368) 39430475 39431461
  566 30.98  2.39  2.69            OX328014.1 39462993 39463327 (7815787)  +          Kuruka  Unspecified (7815787) 39462993 39463327
  583 35.35  3.47  3.21            OX328014.1 39537657 39538784 (7740650)  +          Kuruka  Unspecified (7740650) 39537657 39538784
 1176 36.78  1.81  1.91            OX328014.1 39629367 39630469 (7648645)  +          Kuruka  Unspecified (7648645) 39629367 39630469
  318 31.74  1.75  2.35            OX328014.1 14069387 14069557 (33209557)  C          Kuruka  Unspecified (33209557) 14069387 14069557
  388 36.02  1.89  2.21            OX328014.1 14098893 14099210 (33179904)  C          Kuruka  Unspecified (33179904) 14098893 14099210
  782 36.80  2.15  2.15            OX328014.1 14111691 14112387 (33166727)  C          Kuruka  Unspecified (33166727) 14111691 14112387
  590 35.66  2.86  3.21            OX328014.1 17830019 17831084 (29448502)  C          Kuruka  Unspecified (29448502) 17830019 17831084
 1200 36.69  2.60  2.69            OX328014.1 19251449 19252602 (28026512)  C          Kuruka  Unspecified (28026512) 19251449 19252602
  268 30.63  2.65  1.75            OX328014.1 20299843 20299955 (26979159)  C          Kuruka  Unspecified (26979159) 20299843 20299955
  597 37.67  0.67  0.89            OX328014.1 20692161 20692610 (26586504)  C          Kuruka  Unspecified (26586504) 20692161 20692610
  438 36.37  4.09  4.09            OX328014.1 20705665 20706593 (26572521)  C          Kuruka  Unspecified (26572521) 20705665 20706593
  354 28.57  3.59  3.59            OX328014.1 20768472 20768638 (26510476)  C          Kuruka  Unspecified (26510476) 20768472 20768638
 1590 36.93  1.86  2.20            OX328014.1 31301830 31303014 (15976100)  C          Kuruka  Unspecified (15976100) 31301830 31303014
 1027 36.26  1.56  1.71            OX328014.1 37370766 37371949 (9907645)  C          Kuruka  Unspecified (9907645) 37370766 37371949
  457 38.74  0.00  0.37            OX328014.1 37518824 37519095 (9760019)  C          Kuruka  Unspecified (9760019) 37518824 37519095
  518 35.85  2.15  2.46            OX328014.1 37620132 37620457 (9658657)  C          Kuruka  Unspecified (9658657) 37620132 37620457
  378 32.59  5.57  3.77            OX328014.1 37620791 37621077 (9658037)  C          Kuruka  Unspecified (9658037) 37620791 37621077
  288 26.03  0.00  0.00            OX328014.1 37744097 37744169 (9534945)  C          Kuruka  Unspecified (9534945) 37744097 37744169
  453 36.90  4.31  4.31            OX328014.1 37887028 37887956 (9391158)  C          Kuruka  Unspecified (9391158) 37887028 37887956
  227 27.10  2.73  2.73            OX328014.1 38108197 38108306 (9170808)  C          Kuruka  Unspecified (9170808) 38108197 38108306
  322 37.59  1.12  1.12            OX328014.1 38522409 38522677 (8756437)  C          Kuruka  Unspecified (8756437) 38522409 38522677
  545 35.00  2.43  2.71            OX328014.1 38525074 38525443 (8753671)  C          Kuruka  Unspecified (8753671) 38525074 38525443
  985 35.63  3.52  3.63            OX328014.1 38555872 38556864 (8722250)  C          Kuruka  Unspecified (8722250) 38555872 38556864
  291 31.22  5.08  6.43            OX328014.1 38609108 38609422 (8669692)  C          Kuruka  Unspecified (8669692) 38609108 38609422
  915 34.29  1.96  2.13            OX328014.1 39064973 39065959 (8213530)  C          Kuruka  Unspecified (8213530) 39064973 39065959
  328 25.69  4.39  4.39            OX328014.1 39094945 39095058 (8184056)  C          Kuruka  Unspecified (8184056) 39094945 39095058
  916 36.08  3.29  3.29            OX328014.1 39143923 39145017 (8134097)  C          Kuruka  Unspecified (8134097) 39143923 39145017
  234 28.70  5.26  5.26            OX328014.1 39166440 39166553 (8112561)  C          Kuruka  Unspecified (8112561) 39166440 39166553
  290 30.53  5.08  6.43            OX328014.1 39258700 39259014 (8020100)  C          Kuruka  Unspecified (8020100) 39258700 39259014
  614 33.72  4.23  4.23            OX328014.1 39442456 39442904 (7836210)  C          Kuruka  Unspecified (7836210) 39442456 39442904
 1101 34.82  3.93  4.11            OX328014.1 39604663 39605833 (7673281)  C          Kuruka  Unspecified (7673281) 39604663 39605833
  596 38.01  2.27  2.38            OX328014.1 39619862 39620788 (7658326)  C          Kuruka  Unspecified (7658326) 39619862 39620788
  780 37.23  3.27  2.54            OX328014.1 41350938 41352070 (5927044)  C          Kuruka  Unspecified (5927044) 41350938 41352070
  305 30.72  6.30  4.74            OX328015.1 15415529 15415798 (27190098)  +          Kuruka  Unspecified (27190098) 15415529 15415798
 1505 34.14  2.77  2.88            OX328015.1 15810956 15811929 (26793967)  +          Kuruka  Unspecified (26793967) 15810956 15811929
 1147 36.10  2.45  2.54            OX328015.1 15827768 15828870 (26777026)  +          Kuruka  Unspecified (26777026) 15827768 15828870
 1251 36.77  2.34  2.43            OX328015.1 15838083 15839236 (26766660)  +          Kuruka  Unspecified (26766660) 15838083 15839236
  318 35.68  5.09  5.09            OX328015.1 15866086 15866655 (26739241)  +          Kuruka  Unspecified (26739241) 15866086 15866655
  240 33.34  0.80  1.61            OX328015.1 15919740 15919864 (26686032)  +          Kuruka  Unspecified (26686032) 15919740 15919864
 1025 33.83  7.63  3.35            OX328015.1 15944548 15945608 (26660288)  +          Kuruka  Unspecified (26660288) 15944548 15945608
  430 32.55  1.43  2.31            OX328015.1 16189297 16190361 (26416251)  +          Kuruka  Unspecified (26416251) 16189297 16190361
  290 34.50  1.79  1.34            OX328015.1 16316990 16317927 (26288684)  +          Kuruka  Unspecified (26288684) 16316990 16317927
  722 32.93  3.20  2.85            OX328015.1 16596032 16596625 (26009271)  +          Kuruka  Unspecified (26009271) 16596032 16596625
  983 37.21  2.32  2.70            OX328015.1 16950895 16951971 (25653925)  +          Kuruka  Unspecified (25653925) 16950895 16951971
  328 36.17  0.00  0.58            OX328015.1 16982124 16983037 (25623600)  +          Kuruka  Unspecified (25623600) 16982124 16983037
  612 35.28  3.11  4.06            OX328015.1 17255451 17256221 (25349675)  +          Kuruka  Unspecified (25349675) 17255451 17256221
  606 34.81  1.32  1.86            OX328015.1 17303912 17304977 (25301607)  +          Kuruka  Unspecified (25301607) 17303912 17304977
 1044 36.99  2.46  2.56            OX328015.1 17424128 17425223 (25180673)  +          Kuruka  Unspecified (25180673) 17424128 17425223
  960 37.63  2.09  2.09            OX328015.1 17489957 17491058 (25114838)  +          Kuruka  Unspecified (25114838) 17489957 17491058
  249 32.48  2.50  2.50            OX328015.1 17498844 17498963 (25106933)  +          Kuruka  Unspecified (25106933) 17498844 17498963
  256 36.63  1.94  1.94            OX328015.1 17499249 17499454 (25106442)  +          Kuruka  Unspecified (25106442) 17499249 17499454
  688 37.09  3.95  3.10            OX328015.1 17506370 17507457 (25098439)  +          Kuruka  Unspecified (25098439) 17506370 17507457
  378 35.58  5.25  5.43            OX328015.1 17536281 17537264 (25069026)  +          Kuruka  Unspecified (25069026) 17536281 17537264
 1277 36.68  2.34  2.43            OX328015.1 17720148 17721301 (24884595)  +          Kuruka  Unspecified (24884595) 17720148 17721301
  602 34.81  1.32  1.86            OX328015.1 17865948 17867013 (24739571)  +          Kuruka  Unspecified (24739571) 17865948 17867013
  386 34.98  1.87  1.87            OX328015.1 19112601 19112868 (23493028)  +          Kuruka  Unspecified (23493028) 19112601 19112868
  236 33.58  2.53  2.53            OX328015.1 19334789 19335584 (23271029)  +          Kuruka  Unspecified (23271029) 19334789 19335584
  239 38.21  3.70  4.13            OX328015.1 19453609 19453851 (23152045)  +          Kuruka  Unspecified (23152045) 19453609 19453851
  311 36.78  3.41  3.41            OX328015.1 19457372 19458361 (23148026)  +          Kuruka  Unspecified (23148026) 19457372 19458361
  667 37.04  2.65  2.38            OX328015.1 19840770 19841524 (22764372)  +          Kuruka  Unspecified (22764372) 19840770 19841524
  313 27.72  5.00  2.08            OX328015.1 20019041 20019180 (22586716)  +          Kuruka  Unspecified (22586716) 20019041 20019180
  956 37.56  1.91  1.91            OX328015.1 21173036 21174137 (21431759)  +          Kuruka  Unspecified (21431759) 21173036 21174137
 1464 38.32  1.19  1.27            OX328015.1 23723791 23724969 (18880927)  +          Kuruka  Unspecified (18880927) 23723791 23724969
 1501 38.23  1.19  1.27            OX328015.1 24142662 24143840 (18462056)  +          Kuruka  Unspecified (18462056) 24142662 24143840
  534 37.42  3.31  3.31            OX328015.1 26460964 26462052 (16143844)  +          Kuruka  Unspecified (16143844) 26460964 26462052
  236 18.37  2.00  2.00            OX328015.1 26498638 26498687 (16107209)  +          Kuruka  Unspecified (16107209) 26498638 26498687
 1267 35.02  2.26  2.36            OX328015.1 27729752 27730725 (14875171)  +          Kuruka  Unspecified (14875171) 27729752 27730725
  413 35.15  0.78  0.78            OX328015.1 27830927 27831184 (14774712)  +          Kuruka  Unspecified (14774712) 27830927 27831184
 1485 34.02  3.46  3.04            OX328015.1 27952286 27953267 (14652629)  +          Kuruka  Unspecified (14652629) 27952286 27953267
  698 37.39  3.46  3.65            OX328015.1 28107273 28108371 (14497525)  +          Kuruka  Unspecified (14497525) 28107273 28108371
 1219 35.98  2.80  2.89            OX328015.1 28113831 28115009 (14490887)  +          Kuruka  Unspecified (14490887) 28113831 28115009
  389 33.33  1.85  2.23            OX328015.1 28447779 28448048 (14157848)  +          Kuruka  Unspecified (14157848) 28447779 28448048
  932 35.14  4.93  5.04            OX328015.1 28583066 28584039 (14021857)  +          Kuruka  Unspecified (14021857) 28583066 28584039
  932 35.14  4.93  5.04            OX328015.1 28600137 28601110 (14004786)  +          Kuruka  Unspecified (14004786) 28600137 28601110
  932 35.14  4.93  5.04            OX328015.1 28617208 28618181 (13987715)  +          Kuruka  Unspecified (13987715) 28617208 28618181
  231 32.26  4.25  5.47            OX328015.1 28645264 28645522 (13960374)  +          Kuruka  Unspecified (13960374) 28645264 28645522
 1439 34.38  3.47  3.56            OX328015.1 28785144 28786268 (13819628)  +          Kuruka  Unspecified (13819628) 28785144 28786268
  236 30.39  2.86  2.86            OX328015.1 28903221 28903325 (13702571)  +          Kuruka  Unspecified (13702571) 28903221 28903325
  910 36.11  3.44  3.82            OX328015.1 29031517 29032593 (13573303)  +          Kuruka  Unspecified (13573303) 29031517 29032593
  606 34.81  1.32  1.86            OX328015.1 37812320 37813385 (4793199)  +          Kuruka  Unspecified (4793199) 37812320 37813385
  919 34.21  1.71  2.10            OX328015.1 14107515 14108445 (28497855)  C          Kuruka  Unspecified (28497855) 14107515 14108445
  793 34.17  3.53  3.70            OX328015.1 15625393 15626015 (26979881)  C          Kuruka  Unspecified (26979881) 15625393 15626015
  841 38.58  2.19  2.00            OX328015.1 15818721 15819770 (26786126)  C          Kuruka  Unspecified (26786126) 15818721 15819770
 1043 34.50  1.71  1.90            OX328015.1 15966254 15967191 (26639117)  C          Kuruka  Unspecified (26639117) 15966254 15967191
  282 29.19  3.59  3.59            OX328015.1 16114098 16114264 (26491632)  C          Kuruka  Unspecified (26491632) 16114098 16114264
  347 37.85  1.21  1.52            OX328015.1 16274989 16275318 (26330578)  C          Kuruka  Unspecified (26330578) 16274989 16275318
  333 30.53  5.08  6.43            OX328015.1 16536400 16536714 (26069182)  C          Kuruka  Unspecified (26069182) 16536400 16536714
  232 32.26  4.25  5.47            OX328015.1 16563699 16563957 (26041939)  C          Kuruka  Unspecified (26041939) 16563699 16563957
  230 31.21  4.73  4.73            OX328015.1 16693032 16693179 (25912717)  C          Kuruka  Unspecified (25912717) 16693032 16693179
  923 33.97  2.72  3.03            OX328015.1 17279014 17280145 (25326221)  C          Kuruka  Unspecified (25326221) 17279014 17280145
  916 34.81  2.86  3.03            OX328015.1 17295891 17296956 (25309411)  C          Kuruka  Unspecified (25309411) 17295891 17296956
  671 37.09  3.95  3.10            OX328015.1 17433300 17434387 (25171509)  C          Kuruka  Unspecified (25171509) 17433300 17434387
  256 36.63  1.94  1.94            OX328015.1 17441303 17441508 (25164388)  C          Kuruka  Unspecified (25164388) 17441303 17441508
  249 32.48  2.50  2.50            OX328015.1 17441794 17441913 (25163983)  C          Kuruka  Unspecified (25163983) 17441794 17441913
  980 37.53  2.09  2.09            OX328015.1 17462573 17463674 (25142222)  C          Kuruka  Unspecified (25142222) 17462573 17463674
 1125 36.80  2.46  2.56            OX328015.1 17515528 17516623 (25089273)  C          Kuruka  Unspecified (25089273) 17515528 17516623
 1289 36.33  2.54  2.63            OX328015.1 17547332 17548510 (25057386)  C          Kuruka  Unspecified (25057386) 17547332 17548510
  338 28.59  5.53  6.51            OX328015.1 17553899 17554115 (25051781)  C          Kuruka  Unspecified (25051781) 17553899 17554115
  988 34.99  3.97  3.76            OX328015.1 17786800 17787782 (24818114)  C          Kuruka  Unspecified (24818114) 17786800 17787782
  236 18.37  2.00  2.00            OX328015.1 19205238 19205287 (23400609)  C          Kuruka  Unspecified (23400609) 19205238 19205287
 1137 36.86  2.12  2.21            OX328015.1 19239583 19240761 (23365135)  C          Kuruka  Unspecified (23365135) 19239583 19240761
  296 31.52  4.07  5.92            OX328015.1 19551479 19551650 (23054246)  C          Kuruka  Unspecified (23054246) 19551479 19551650
  281 30.88  5.08  6.43            OX328015.1 19829319 19829633 (22776263)  C          Kuruka  Unspecified (22776263) 19829319 19829633
  293 23.14  4.42  4.42            OX328015.1 19892436 19892548 (22713348)  C          Kuruka  Unspecified (22713348) 19892436 19892548
  279 37.57  1.99  1.99            OX328015.1 20184033 20184233 (22421663)  C          Kuruka  Unspecified (22421663) 20184033 20184233
  336 32.09  2.94  1.45            OX328015.1 20206773 20206908 (22398988)  C          Kuruka  Unspecified (22398988) 20206773 20206908
 1016 36.67  3.09  3.47            OX328015.1 20801100 20802198 (21803698)  C          Kuruka  Unspecified (21803698) 20801100 20802198
  269 25.66  6.75  6.75            OX328015.1 20988850 20989012 (21616884)  C          Kuruka  Unspecified (21616884) 20988850 20989012
  895 38.10  2.24  2.03            OX328015.1 21114421 21115403 (21490493)  C          Kuruka  Unspecified (21490493) 21114421 21115403
 1110 36.97  1.81  1.91            OX328015.1 21261264 21262366 (21343530)  C          Kuruka  Unspecified (21343530) 21261264 21262366
  227 27.10  2.73  2.73            OX328015.1 21652208 21652317 (20953579)  C          Kuruka  Unspecified (20953579) 21652208 21652317
 1481 36.38  2.62  2.97            OX328015.1 26133752 26134935 (16470961)  C          Kuruka  Unspecified (16470961) 26133752 26134935
  604 39.57  2.10  2.10            OX328015.1 26423984 26425080 (16180816)  C          Kuruka  Unspecified (16180816) 26423984 26425080
  613 36.86  3.10  2.72            OX328015.1 26448429 26449234 (16156662)  C          Kuruka  Unspecified (16156662) 26448429 26449234
  849 33.33  1.71  1.90            OX328015.1 27212256 27212781 (15393115)  C          Kuruka  Unspecified (15393115) 27212256 27212781
  243 30.61  1.01  1.01            OX328015.1 27213087 27213185 (15392711)  C          Kuruka  Unspecified (15392711) 27213087 27213185
  366 31.04  1.13  1.70            OX328015.1 27785432 27785608 (14820288)  C          Kuruka  Unspecified (14820288) 27785432 27785608
  765 36.28  3.94  4.04            OX328015.1 27946379 27947418 (14658478)  C          Kuruka  Unspecified (14658478) 27946379 27947418
  328 33.37  1.61  0.00            OX328015.1 28124615 28125431 (14481096)  C          Kuruka  Unspecified (14481096) 28124615 28125431
  726 38.42  2.47  2.17            OX328015.1 28128485 28129495 (14476401)  C          Kuruka  Unspecified (14476401) 28128485 28129495
  255 29.09  3.51  3.51            OX328015.1 28235374 28235487 (14370409)  C          Kuruka  Unspecified (14370409) 28235374 28235487
  722 37.65  3.01  3.39            OX328015.1 28247626 28248722 (14357174)  C          Kuruka  Unspecified (14357174) 28247626 28248722
  683 36.87  3.09  3.32            OX328015.1 28516495 28517400 (14088496)  C          Kuruka  Unspecified (14088496) 28516495 28517400
  551 37.70  3.28  3.37            OX328015.1 28843318 28844415 (13761481)  C          Kuruka  Unspecified (13761481) 28843318 28844415
  869 33.90  4.35  4.35            OX328015.1 28926492 28927342 (13678554)  C          Kuruka  Unspecified (13678554) 28926492 28927342
  638 37.62  1.99  2.10            OX328015.1 29476794 29477746 (13128150)  C          Kuruka  Unspecified (13128150) 29476794 29477746
  314 37.90  1.71  2.01            OX328016.1  8490496  8490845 (31962454)  +          Kuruka  Unspecified (31962454)  8490496  8490845
  521 37.14  2.94  2.94            OX328016.1 12282300 12282912 (28170387)  +          Kuruka  Unspecified (28170387) 12282300 12282912
 1403 35.24  2.75  2.43            OX328016.1 12382589 12383571 (28069728)  +          Kuruka  Unspecified (28069728) 12382589 12383571
  299 31.22  5.08  6.43            OX328016.1 12483730 12484044 (27969255)  +          Kuruka  Unspecified (27969255) 12483730 12484044
  669 36.31  1.55  1.55            OX328016.1 12626966 12627351 (27825948)  +          Kuruka  Unspecified (27825948) 12626966 12627351
  322 35.44  3.56  3.23            OX328016.1 12628251 12628559 (27824740)  +          Kuruka  Unspecified (27824740) 12628251 12628559
  555 34.67  1.43  2.31            OX328016.1 12725521 12726704 (27727430)  +          Kuruka  Unspecified (27727430) 12725521 12726704
 1392 38.57  1.19  1.27            OX328016.1 14130020 14131198 (26322101)  +          Kuruka  Unspecified (26322101) 14130020 14131198
 1392 38.57  1.19  1.27            OX328016.1 14163432 14164610 (26288689)  +          Kuruka  Unspecified (26288689) 14163432 14164610
 1046 39.40  1.82  1.91            OX328016.1 14374048 14375201 (26078098)  +          Kuruka  Unspecified (26078098) 14374048 14375201
 1407 38.49  1.19  1.27            OX328016.1 14564473 14565651 (25887648)  +          Kuruka  Unspecified (25887648) 14564473 14565651
 1392 38.57  1.19  1.27            OX328016.1 14809972 14811150 (25642149)  +          Kuruka  Unspecified (25642149) 14809972 14811150
 1379 38.66  1.19  1.27            OX328016.1 15463955 15465133 (24988166)  +          Kuruka  Unspecified (24988166) 15463955 15465133
  980 38.23  2.11  2.53            OX328016.1 17944578 17945570 (22507729)  +          Kuruka  Unspecified (22507729) 17944578 17945570
 1403 38.49  1.19  1.27            OX328016.1 17992124 17993302 (22459997)  +          Kuruka  Unspecified (22459997) 17992124 17993302
  991 38.12  2.11  2.53            OX328016.1 19596963 19597955 (20855344)  +          Kuruka  Unspecified (20855344) 19596963 19597955
 1426 38.40  1.19  1.27            OX328016.1 19655996 19657174 (20796125)  +          Kuruka  Unspecified (20796125) 19655996 19657174
  975 38.23  2.11  2.53            OX328016.1 22864503 22865495 (17587804)  +          Kuruka  Unspecified (17587804) 22864503 22865495
  975 38.23  2.11  2.53            OX328016.1 23237342 23238334 (17214965)  +          Kuruka  Unspecified (17214965) 23237342 23238334
  975 38.23  2.11  2.53            OX328016.1 23345329 23346321 (17106978)  +          Kuruka  Unspecified (17106978) 23345329 23346321
 1491 38.23  1.19  1.27            OX328016.1 23582608 23583786 (16869513)  +          Kuruka  Unspecified (16869513) 23582608 23583786
  956 38.43  2.11  2.53            OX328016.1 24311972 24312964 (16140335)  +          Kuruka  Unspecified (16140335) 24311972 24312964
  275 36.36  0.80  0.80            OX328016.1 24624678 24625680 (15828372)  +          Kuruka  Unspecified (15828372) 24624678 24625680
 1078 36.84  2.29  2.38            OX328016.1 25543942 25545120 (14908179)  +          Kuruka  Unspecified (14908179) 25543942 25545120
 1054 35.57  2.26  2.39            OX328016.1 25561652 25562446 (14890853)  +          Kuruka  Unspecified (14890853) 25561652 25562446
  864 36.71  2.94  2.85            OX328016.1 26591148 26592235 (13861064)  +          Kuruka  Unspecified (13861064) 26591148 26592235
  500 35.63  3.33  3.33            OX328016.1 26609956 26610376 (13842923)  +          Kuruka  Unspecified (13842923) 26609956 26610376
  594 35.07  3.53  3.72            OX328016.1 26669228 26669766 (13783533)  +          Kuruka  Unspecified (13783533) 26669228 26669766
  734 37.27  1.63  1.72            OX328016.1 11411696 11412798 (29040501)  C          Kuruka  Unspecified (29040501) 11411696 11412798
  588 32.61  0.00  0.00            OX328016.1 12191878 12192153 (28261146)  C          Kuruka  Unspecified (28261146) 12191878 12192153
 1453 34.29  3.47  3.56            OX328016.1 12268353 12269477 (28183822)  C          Kuruka  Unspecified (28183822) 12268353 12269477
  230 27.10  2.73  2.73            OX328016.1 12420507 12420616 (28032683)  C          Kuruka  Unspecified (28032683) 12420507 12420616
 1204 36.78  1.81  1.91            OX328016.1 12444207 12445309 (28007990)  C          Kuruka  Unspecified (28007990) 12444207 12445309
  803 35.00  3.05  3.22            OX328016.1 12495847 12496469 (27956830)  C          Kuruka  Unspecified (27956830) 12495847 12496469
 1564 34.52  2.74  2.54            OX328016.1 12550137 12551120 (27902179)  C          Kuruka  Unspecified (27902179) 12550137 12551120
 1315 36.07  2.80  2.89            OX328016.1 12584465 12585643 (27867656)  C          Kuruka  Unspecified (27867656) 12584465 12585643
  226 21.43  0.00  0.00            OX328016.1 12606389 12606430 (27846869)  C          Kuruka  Unspecified (27846869) 12606389 12606430
  952 36.92  3.01  3.11            OX328016.1 12610966 12612061 (27841238)  C          Kuruka  Unspecified (27841238) 12610966 12612061
 1446 35.16  2.84  2.94            OX328016.1 12772499 12773623 (27679676)  C          Kuruka  Unspecified (27679676) 12772499 12773623
 1385 38.66  1.19  1.27            OX328016.1 14235573 14236751 (26216548)  C          Kuruka  Unspecified (26216548) 14235573 14236751
 1397 38.66  1.19  1.27            OX328016.1 22773976 22775154 (17678145)  C          Kuruka  Unspecified (17678145) 22773976 22775154
 1459 38.40  1.19  1.27            OX328016.1 24696030 24697208 (15756091)  C          Kuruka  Unspecified (15756091) 24696030 24697208
 1082 36.84  2.29  2.38            OX328016.1 25352821 25353999 (15099300)  C          Kuruka  Unspecified (15099300) 25352821 25353999
 1082 36.84  2.29  2.38            OX328016.1 25389989 25391167 (15062132)  C          Kuruka  Unspecified (15062132) 25389989 25391167
 1054 35.57  2.26  2.39            OX328016.1 25486101 25486895 (14966404)  C          Kuruka  Unspecified (14966404) 25486101 25486895
 1131 36.83  2.04  2.12            OX328016.1 25897759 25898937 (14554362)  C          Kuruka  Unspecified (14554362) 25897759 25898937
 1112 36.83  2.04  2.12            OX328016.1 26313891 26315069 (14138230)  C          Kuruka  Unspecified (14138230) 26313891 26315069
 1094 36.91  2.04  2.12            OX328016.1 26373204 26374382 (14078917)  C          Kuruka  Unspecified (14078917) 26373204 26374382
 1094 36.91  2.04  2.12            OX328016.1 26456093 26457271 (13996028)  C          Kuruka  Unspecified (13996028) 26456093 26457271
