  236 31.40  0.00  0.00            OY720586.1  2267201  2267286 (16066386)  +          Kuruka  Unspecified (16066386)  2267201  2267286
  286 32.83  0.74  0.74            OY720586.1  2605906  2606040 (15727632)  +          Kuruka  Unspecified (15727632)  2605906  2606040
  286 32.83  0.74  0.74            OY720586.1  2611886  2612020 (15721652)  +          Kuruka  Unspecified (15721652)  2611886  2612020
  332 33.71  8.20  6.88            OY720586.1  8411728  8412389 (9921701)  +          Kuruka  Unspecified (9921701)  8411728  8412389
  265 30.17  1.97  4.03            OY720586.1 18289558 18289709  (43963)  +          Kuruka  Unspecified  (43963) 18289558 18289709
  317 28.74  0.00  0.00            OY720586.1  7368115  7368201 (10965471)  C          Kuruka  Unspecified (10965471)  7368115  7368201
  319 34.09  8.20  6.88            OY720587.1  1353960  1354621 (13873304)  +          Kuruka  Unspecified (13873304)  1353960  1354621
  283 30.37  5.42  5.94            OY720587.1  1901595  1901797 (13325710)  +          Kuruka  Unspecified (13325710)  1901595  1901797
  282 30.65  3.61  4.15            OY720587.1  2147487  2147680 (13079827)  C          Kuruka  Unspecified (13079827)  2147487  2147680
  403 36.00  0.40  0.80            OY720587.1  3576548  3576799 (11650708)  C          Kuruka  Unspecified (11650708)  3576548  3576799
  403 36.00  0.40  0.80            OY720587.1 10973720 10973971 (4253536)  C          Kuruka  Unspecified (4253536) 10973720 10973971
  317 28.74  0.00  0.00            OY720587.1 11286572 11286658 (3940849)  C          Kuruka  Unspecified (3940849) 11286572 11286658
  354 35.19  2.90  3.33            OY720587.1 14003023 14003263 (1224244)  C          Kuruka  Unspecified (1224244) 14003023 14003263
  337 35.03  0.56  1.12            OY720588.1   774207   774385 (14238340)  +          Kuruka  Unspecified (14238340)   774207   774385
  256 21.26  9.38  4.48            OY720588.1  1308678  1308805 (13703920)  +          Kuruka  Unspecified (13703920)  1308678  1308805
  248 29.66  3.28  3.28            OY720588.1 10681338 10681459 (4331266)  +          Kuruka  Unspecified (4331266) 10681338 10681459
  457 32.20  1.12  1.12            OY720588.1  2226627  2226805 (12785920)  C          Kuruka  Unspecified (12785920)  2226627  2226805
  457 32.20  1.12  1.12            OY720588.1 14594079 14594257 (418468)  C          Kuruka  Unspecified (418468) 14594079 14594257
  250 26.16  0.00  1.54            OY720588.1 14595475 14595540 (417185)  C          Kuruka  Unspecified (417185) 14595475 14595540
  317 28.74  0.00  0.00            OY720589.1 10863870 10863956 (3708704)  +          Kuruka  Unspecified (3708704) 10863870 10863956
  256 21.26  9.38  4.48            OY720589.1 13426661 13426788 (1145872)  +          Kuruka  Unspecified (1145872) 13426661 13426788
  226 19.26  0.00  3.85            OY720589.1   498345   498398 (14074262)  C          Kuruka  Unspecified (14074262)   498345   498398
  248 29.66  3.28  3.28            OY720589.1  1180482  1180603 (13392057)  C          Kuruka  Unspecified (13392057)  1180482  1180603
  248 29.66  3.28  3.28            OY720589.1  2501419  2501540 (12071120)  C          Kuruka  Unspecified (12071120)  2501419  2501540
  248 29.66  3.28  3.28            OY720589.1  4010317  4010438 (10562222)  C          Kuruka  Unspecified (10562222)  4010317  4010438
  337 35.03  0.56  1.12            OY720589.1  4472131  4472309 (10100351)  C          Kuruka  Unspecified (10100351)  4472131  4472309
  459 34.50  1.89  2.28            OY720589.1  7232626  7232889 (7339771)  C          Kuruka  Unspecified (7339771)  7232626  7232889
  337 35.03  0.56  1.12            OY720590.1  4751673  4751851 (9778295)  +          Kuruka  Unspecified (9778295)  4751673  4751851
  257 31.73  3.61  4.15            OY720590.1  6922793  6922986 (7607160)  +          Kuruka  Unspecified (7607160)  6922793  6922986
  377 33.14  6.09  2.52            OY720590.1  8033593  8034288 (6496324)  +          Kuruka  Unspecified (6496324)  8033593  8034288
  256 21.26  9.38  4.48            OY720590.1 14402711 14402838 (127308)  +          Kuruka  Unspecified (127308) 14402711 14402838
  228 32.10  1.22  1.22            OY720590.1  2973353  2973434 (11556712)  C          Kuruka  Unspecified (11556712)  2973353  2973434
  317 28.74  0.00  0.00            OY720590.1  3215633  3215719 (11314427)  C          Kuruka  Unspecified (11314427)  3215633  3215719
  257 31.19  3.61  4.15            OY720590.1  6594472  6594665 (7935481)  C          Kuruka  Unspecified (7935481)  6594472  6594665
  472 34.11  1.89  2.28            OY720590.1 14259097 14259360 (270786)  C          Kuruka  Unspecified (270786) 14259097 14259360
  317 28.74  0.00  0.00            OY720591.1  2432649  2432735 (11910098)  +          Kuruka  Unspecified (11910098)  2432649  2432735
 1215 36.71  2.23  2.32            OY720591.1  4019489  4020609 (10322224)  +          Kuruka  Unspecified (10322224)  4019489  4020609
  248 29.66  3.28  3.28            OY720591.1 11350763 11350884 (2991949)  +          Kuruka  Unspecified (2991949) 11350763 11350884
  248 29.66  3.28  3.28            OY720591.1 11357540 11357661 (2985172)  +          Kuruka  Unspecified (2985172) 11357540 11357661
  365 27.95  4.76  4.14            OY720591.1   969467   969634 (13373199)  C          Kuruka  Unspecified (13373199)   969467   969634
  377 36.62  0.39  0.78            OY720592.1 12335708 12335963 (1929282)  C          Kuruka  Unspecified (1929282) 12335708 12335963
  267 31.19  3.61  4.15            OY720593.1   151741   151934 (13870166)  +          Kuruka  Unspecified (13870166)   151741   151934
  283 30.37  5.42  5.94            OY720593.1  1315373  1315575 (12706525)  +          Kuruka  Unspecified (12706525)  1315373  1315575
  242 24.19  1.61  0.00            OY720593.1  2135396  2135457 (11886643)  +          Kuruka  Unspecified (11886643)  2135396  2135457
  365 27.95  4.76  4.14            OY720593.1  2140791  2140958 (11881142)  +          Kuruka  Unspecified (11881142)  2140791  2140958
  337 35.03  0.56  1.12            OY720593.1 12629890 12630068 (1392032)  +          Kuruka  Unspecified (1392032) 12629890 12630068
  283 30.37  5.42  5.94            OY720593.1  6999682  6999884 (7022216)  C          Kuruka  Unspecified (7022216)  6999682  6999884
  403 36.00  0.40  0.80            OY720594.1 12568536 12568787 (1292116)  +          Kuruka  Unspecified (1292116) 12568536 12568787
  457 32.20  1.12  1.12            OY720594.1 13267538 13267716 (593187)  +          Kuruka  Unspecified (593187) 13267538 13267716
  311 34.00  1.32  1.32            OY720594.1  2990010  2990161 (10870742)  C          Kuruka  Unspecified (10870742)  2990010  2990161
  350 25.00  4.92  4.92            OY720595.1  1190490  1190611 (12295286)  +          Kuruka  Unspecified (12295286)  1190490  1190611
  332 33.71  8.20  6.88            OY720595.1  3501972  3502633 (9983682)  +          Kuruka  Unspecified (9983682)  3501972  3502633
  365 27.95  4.76  4.14            OY720595.1  4782558  4782725 (8703172)  +          Kuruka  Unspecified (8703172)  4782558  4782725
  267 20.61 10.16  5.22            OY720595.1 13088867 13088994 (396903)  +          Kuruka  Unspecified (396903) 13088867 13088994
  242 24.19  1.61  0.00            OY720595.1  5819915  5819976 (7665921)  C          Kuruka  Unspecified (7665921)  5819915  5819976
  440 33.71  0.66  0.66            OY720595.1  7716106  7716767 (5769488)  C          Kuruka  Unspecified (5769488)  7716106  7716767
  337 35.03  0.56  1.12            OY720596.1  2054652  2054830 (10932914)  +          Kuruka  Unspecified (10932914)  2054652  2054830
  233 31.25  0.00  0.00            OY720596.1  6768391  6768470 (6219274)  C          Kuruka  Unspecified (6219274)  6768391  6768470
  472 34.11  1.89  2.28            OY720596.1  8943979  8944242 (4043502)  C          Kuruka  Unspecified (4043502)  8943979  8944242
  328 33.33  1.32  1.32            OY720597.1  3820630  3820781 (9068250)  +          Kuruka  Unspecified (9068250)  3820630  3820781
 1741 34.43  3.68  3.76            OY720597.1  8550568  8551979 (4337052)  +          Kuruka  Unspecified (4337052)  8550568  8551979
  234 19.89  4.95 10.42            OY720597.1  9347736  9347836 (3541195)  +          Kuruka  Unspecified (3541195)  9347736  9347836
  311 34.00  1.32  1.32            OY720597.1 12232093 12232244 (656787)  +          Kuruka  Unspecified (656787) 12232093 12232244
  337 35.03  0.56  1.12            OY720597.1  3401411  3401589 (9487442)  C          Kuruka  Unspecified (9487442)  3401411  3401589
  337 35.03  0.56  1.12            OY720597.1  9533018  9533196 (3355835)  C          Kuruka  Unspecified (3355835)  9533018  9533196
  337 35.03  0.56  1.12            OY720598.1  5986191  5986369 (6800754)  C          Kuruka  Unspecified (6800754)  5986191  5986369
  337 35.03  0.56  1.12            OY720598.1  5991117  5991295 (6795828)  C          Kuruka  Unspecified (6795828)  5991117  5991295
 2365 33.68  1.63  1.72            OY720599.1   117077   118239 (12498393)  +          Kuruka  Unspecified (12498393)   117077   118239
  233 31.25  0.00  0.00            OY720599.1 10540413 10540492 (2076140)  C          Kuruka  Unspecified (2076140) 10540413 10540492
  243 36.62  1.08  1.08            OY720599.1 11166615 11166799 (1449833)  C          Kuruka  Unspecified (1449833) 11166615 11166799
 1698 34.66  2.65  2.96            OY720600.1  1999983  2000999 (10586268)  +          Kuruka  Unspecified (10586268)  1999983  2000999
 2356 33.68  1.63  1.72            OY720600.1  2371985  2373147 (10214120)  +          Kuruka  Unspecified (10214120)  2371985  2373147
 1215 36.63  2.24  2.33            OY720600.1 12354695 12355809 (231458)  +          Kuruka  Unspecified (231458) 12354695 12355809
  457 32.20  1.12  1.12            OY720600.1  4606965  4607143 (7980124)  C          Kuruka  Unspecified (7980124)  4606965  4607143
  258 28.95  0.00  1.32            OY720600.1  4608361  4608437 (7978830)  C          Kuruka  Unspecified (7978830)  4608361  4608437
  472 34.11  1.89  2.28            OY720600.1  8077955  8078218 (4509049)  C          Kuruka  Unspecified (4509049)  8077955  8078218
  242 23.57  9.56  9.56            OY720600.1 11208587 11208722 (1378545)  C          Kuruka  Unspecified (1378545) 11208587 11208722
  354 35.19  2.90  3.33            OY720601.1  4998903  4999143 (7421294)  +          Kuruka  Unspecified (7421294)  4998903  4999143
 2212 32.04  2.40  2.66            OY720601.1  5180351  5181517 (7238920)  C          Kuruka  Unspecified (7238920)  5180351  5181517
  241 29.58  0.00  0.00            OY720601.1  5183355  5183425 (7237012)  C          Kuruka  Unspecified (7237012)  5183355  5183425
  512 32.25  0.91  0.91            OY720601.1  7911565  7911783 (4508654)  C          Kuruka  Unspecified (4508654)  7911565  7911783
  328 33.33  1.32  1.32            OY720601.1 11834057 11834208 (586229)  C          Kuruka  Unspecified (586229) 11834057 11834208
  242 24.19  1.61  0.00            OY720602.1   209860   209921 (12060801)  +          Kuruka  Unspecified (12060801)   209860   209921
  472 34.11  1.89  2.28            OY720602.1 10893892 10894155 (1376567)  +          Kuruka  Unspecified (1376567) 10893892 10894155
 1855 35.52  2.56  2.88            OY720602.1  6784587  6785838 (5484884)  C          Kuruka  Unspecified (5484884)  6784587  6785838
  276 33.91  3.38  2.94            OY720603.1  4610795  4611031 (7216479)  +          Kuruka  Unspecified (7216479)  4610795  4611031
  316 33.91  8.20  6.88            OY720603.1 10775080 10775741 (1052187)  +          Kuruka  Unspecified (1052187) 10775080 10775741
  337 35.03  0.56  1.12            OY720604.1  3654467  3654645 (7784772)  +          Kuruka  Unspecified (7784772)  3654467  3654645
  282 30.65  3.61  4.15            OY720604.1  4314656  4314849 (7124568)  C          Kuruka  Unspecified (7124568)  4314656  4314849
  317 28.74  0.00  0.00            OY720605.1   896582   896668 (10516279)  +          Kuruka  Unspecified (10516279)   896582   896668
  353 34.70  2.38  2.79            OY720605.1  1947189  1947440 (9465507)  +          Kuruka  Unspecified (9465507)  1947189  1947440
  316 33.91  8.20  6.88            OY720605.1  4085485  4086146 (7327219)  +          Kuruka  Unspecified (7327219)  4085485  4086146
  274 28.71  2.70  2.70            OY720605.1  4409439  4409549 (7003398)  +          Kuruka  Unspecified (7003398)  4409439  4409549
  284 30.91  0.90  0.90            OY720605.1 10649908 10650018 (762929)  C          Kuruka  Unspecified (762929) 10649908 10650018
  337 35.03  0.56  1.12            OY720606.1  2597110  2597288 (7879212)  +          Kuruka  Unspecified (7879212)  2597110  2597288
  248 29.66  3.28  3.28            OY720606.1  8053079  8053200 (2423300)  +          Kuruka  Unspecified (2423300)  8053079  8053200
  674 38.23  1.20  3.41            OY720606.1  1193488  1194237 (9282263)  C          Kuruka  Unspecified (9282263)  1193488  1194237
  254 33.64  0.00  0.91            OY720607.1  3517244  3517354 (6692479)  +          Kuruka  Unspecified (6692479)  3517244  3517354
  248 29.66  3.28  3.28            OY720607.1  8350734  8350855 (1858978)  +          Kuruka  Unspecified (1858978)  8350734  8350855
  248 29.66  3.28  3.28            OY720607.1  8010518  8010639 (2199194)  C          Kuruka  Unspecified (2199194)  8010518  8010639
  472 34.11  1.89  2.28            OY720608.1   459149   459412 (9250547)  +          Kuruka  Unspecified (9250547)   459149   459412
  232 28.41  3.41  0.00            OY720608.1  2723681  2723768 (6986191)  +          Kuruka  Unspecified (6986191)  2723681  2723768
  248 29.66  3.28  3.28            OY720608.1  5731364  5731485 (3978474)  +          Kuruka  Unspecified (3978474)  5731364  5731485
  248 29.66  3.28  3.28            OY720608.1  6165863  6165984 (3543975)  C          Kuruka  Unspecified (3543975)  6165863  6165984
  457 32.20  1.12  1.12            OY720609.1  4691969  4692147 (4721289)  C          Kuruka  Unspecified (4721289)  4691969  4692147
  250 26.16  0.00  1.54            OY720609.1  4693365  4693430 (4720006)  C          Kuruka  Unspecified (4720006)  4693365  4693430
 2340 33.86  1.63  1.72            OY720609.1  6684759  6685921 (2727515)  C          Kuruka  Unspecified (2727515)  6684759  6685921
 1863 34.42  3.35  3.69            OY720610.1   467241   468492 (8699142)  +          Kuruka  Unspecified (8699142)   467241   468492
  828 33.78  1.92  1.92            OY720610.1  2127757  2129034 (7039513)  +          Kuruka  Unspecified (7039513)  2127757  2129034
  256 21.26  9.38  4.48            OY720610.1   480945   481072 (8686562)  C          Kuruka  Unspecified (8686562)   480945   481072
  235 31.40  0.00  0.00            OY720610.1  7246133  7246218 (1921416)  C          Kuruka  Unspecified (1921416)  7246133  7246218
  317 28.74  0.00  0.00            OY720610.1  7973663  7973749 (1193885)  C          Kuruka  Unspecified (1193885)  7973663  7973749
  365 27.95  4.76  4.14            OY720611.1  5939329  5939496 (2795224)  +          Kuruka  Unspecified (2795224)  5939329  5939496
  298 34.67  1.32  1.32            OY720611.1  8397409  8397560 (337160)  +          Kuruka  Unspecified (337160)  8397409  8397560
  250 26.16  0.00  1.54            OY720612.1   187051   187116 (8026654)  +          Kuruka  Unspecified (8026654)   187051   187116
  248 29.66  3.28  3.28            OY720612.1  1200619  1200740 (7013030)  +          Kuruka  Unspecified (7013030)  1200619  1200740
  267 30.90  5.42  5.94            OY720612.1  2328164  2328366 (5885404)  +          Kuruka  Unspecified (5885404)  2328164  2328366
  321 35.60  0.56  1.12            OY720612.1  3590215  3590393 (4623377)  C          Kuruka  Unspecified (4623377)  3590215  3590393
  235 31.35  4.15  4.15            OY720613.1  2207077  2207269 (5541747)  +          Kuruka  Unspecified (5541747)  2207077  2207269
  279 30.37  5.42  5.94            OY720613.1  3574198  3574400 (4174616)  +          Kuruka  Unspecified (4174616)  3574198  3574400
  288 30.65  3.61  4.15            OY720613.1  3727940  3728133 (4020883)  +          Kuruka  Unspecified (4020883)  3727940  3728133
  238 34.96  0.69  0.69            OY720613.1  5149042  5149185 (2599831)  +          Kuruka  Unspecified (2599831)  5149042  5149185
  273 34.69  0.57  1.15            OY720613.1  7695306  7695480  (53536)  +          Kuruka  Unspecified  (53536)  7695306  7695480
  248 18.60  0.00  0.00            OY720613.1  2223671  2223713 (5525303)  C          Kuruka  Unspecified (5525303)  2223671  2223713
  231 12.25 10.00  4.76            OY720614.1  5941296  5941355 (712730)  +          Kuruka  Unspecified (712730)  5941296  5941355
  283 30.54  5.07  5.07            OY720615.1    18854    18991 (6131620)  +          Kuruka  Unspecified (6131620)    18854    18991
  289 37.42  0.66  0.66            OY720615.1    19212    19515 (6131096)  +          Kuruka  Unspecified (6131096)    19212    19515
  838 37.57  0.97  1.13            OY720615.1  4414729  4415792 (1735262)  C          Kuruka  Unspecified (1735262)  4414729  4415792
  234 32.61  1.08  1.08            OY720616.1  1213866  1213958 (4790767)  +          Kuruka  Unspecified (4790767)  1213866  1213958
  411 31.81  2.00  0.99            OY720616.1  1248485  1248684 (4756041)  +          Kuruka  Unspecified (4756041)  1248485  1248684
  596 33.77  2.88  3.73            OY720616.1  1259361  1259846 (4744879)  +          Kuruka  Unspecified (4744879)  1259361  1259846
 1108 34.61  1.94  2.24            OY720616.1  2966931  2967601 (3037124)  +          Kuruka  Unspecified (3037124)  2966931  2967601
  458 32.20  1.12  1.12            OY720616.1  1301796  1301974 (4702751)  C          Kuruka  Unspecified (4702751)  1301796  1301974
  247 26.16  0.00  1.54            OY720616.1  1303192  1303257 (4701468)  C          Kuruka  Unspecified (4701468)  1303192  1303257
  457 32.20  1.12  1.12            OY720616.1  1342975  1343153 (4661572)  C          Kuruka  Unspecified (4661572)  1342975  1343153
  326 28.65  8.61  5.58            OY720616.1  1380640  1380883 (4623842)  C          Kuruka  Unspecified (4623842)  1380640  1380883
