  278 30.18  1.96  4.70            CM052014.1  7525168  7525320 (53607918)  +          Kuruka  Unspecified (53607918)  7525168  7525320
  285 36.01  1.47  3.36            CM052014.1 11895998 11896270 (49236968)  +          Kuruka  Unspecified (49236968) 11895998 11896270
  338 31.95  4.82  5.29            CM052014.1 14581598 14581825 (46551413)  +          Kuruka  Unspecified (46551413) 14581598 14581825
  253 37.17  2.01  3.40            CM052014.1 25493352 25493649 (35639589)  +          Kuruka  Unspecified (35639589) 25493352 25493649
  526 34.91  3.10  3.84            CM052014.1 25553974 25554393 (35578845)  +          Kuruka  Unspecified (35578845) 25553974 25554393
  340 32.88  2.67  2.67            CM052014.1 30313016 30313240 (30819998)  +          Kuruka  Unspecified (30819998) 30313016 30313240
  280 35.91  2.17  3.45            CM052014.1 32084372 32084694 (29048544)  +          Kuruka  Unspecified (29048544) 32084372 32084694
  281 34.44  1.31  1.31            CM052014.1 33986985 33987137 (27146101)  +          Kuruka  Unspecified (27146101) 33986985 33987137
  399 36.00  2.13  2.96            CM052014.1 34005437 34005811 (27127427)  +          Kuruka  Unspecified (27127427) 34005437 34005811
  238 35.44  0.78  0.78            CM052014.1 34006366 34006493 (27126745)  +          Kuruka  Unspecified (27126745) 34006366 34006493
  279 34.70  3.52  3.52            CM052014.1 34017614 34017840 (27115398)  +          Kuruka  Unspecified (27115398) 34017614 34017840
  279 34.70  3.52  3.52            CM052014.1 34025338 34025564 (27107674)  +          Kuruka  Unspecified (27107674) 34025338 34025564
  239 35.64  0.00  0.00            CM052014.1 34041265 34041365 (27091873)  +          Kuruka  Unspecified (27091873) 34041265 34041365
  237 27.07  0.00  0.00            CM052014.1 34041925 34042150 (27091271)  +          Kuruka  Unspecified (27091271) 34041925 34042150
  281 36.24  0.62  0.62            CM052014.1 34048887 34049047 (27084191)  +          Kuruka  Unspecified (27084191) 34048887 34049047
  473 39.81  1.11  1.68            CM052014.1 48654069 48654786 (12478452)  +          Kuruka  Unspecified (12478452) 48654069 48654786
  261 37.08  0.96  1.45            CM052014.1 53277766 53277973 (7855265)  +          Kuruka  Unspecified (7855265) 53277766 53277973
  380 33.72  1.68  4.14            CM052014.1 53487623 53487919 (7645319)  +          Kuruka  Unspecified (7645319) 53487623 53487919
  278 33.53  7.19  0.00            CM052014.1 58456864 58457030 (2676208)  +          Kuruka  Unspecified (2676208) 58456864 58457030
  302 33.89  4.33  4.74            CM052014.1 60945445 60945698 (187540)  +          Kuruka  Unspecified (187540) 60945445 60945698
  264 31.82  1.49  3.82            CM052014.1 14586243 14586376 (46546862)  C          Kuruka  Unspecified (46546862) 14586243 14586376
  276 31.27  7.95  4.51            CM052014.1 31769617 31769981 (29363257)  C          Kuruka  Unspecified (29363257) 31769617 31769981
  299 36.68  2.00  0.49            CM052014.1 52375312 52375511 (8757727)  C          Kuruka  Unspecified (8757727) 52375312 52375511
  269 30.45  2.64  8.88            CM052014.1 53417635 53417861 (7715377)  C          Kuruka  Unspecified (7715377) 53417635 53417861
  271 24.13  5.69  5.69            CM052015.1 30755781 30755903 (16888213)  +          Kuruka  Unspecified (16888213) 30755781 30755903
  227 26.67  3.23  3.23            CM052015.1 30756262 30756385 (16887731)  +          Kuruka  Unspecified (16887731) 30756262 30756385
  341 37.75  3.06  3.26            CM052015.1 32200189 32200711 (15443405)  +          Kuruka  Unspecified (15443405) 32200189 32200711
  276 30.18  1.96  4.70            CM052015.1 35944092 35944244 (11699872)  +          Kuruka  Unspecified (11699872) 35944092 35944244
  285 35.25  5.23  5.23            CM052015.1 38815887 38816326 (8827790)  +          Kuruka  Unspecified (8827790) 38815887 38816326
  294 34.94  6.10  5.94            CM052015.1 39082027 39082665 (8561451)  +          Kuruka  Unspecified (8561451) 39082027 39082665
  276 30.18  1.96  4.70            CM052015.1 39736750 39736902 (7907214)  +          Kuruka  Unspecified (7907214) 39736750 39736902
  276 30.18  1.96  4.70            CM052015.1 40146517 40146669 (7497447)  +          Kuruka  Unspecified (7497447) 40146517 40146669
  284 30.18  1.96  4.70            CM052015.1 40604832 40604984 (7039132)  +          Kuruka  Unspecified (7039132) 40604832 40604984
  278 30.18  1.96  4.70            CM052015.1 46672691 46672843 (971273)  +          Kuruka  Unspecified (971273) 46672691 46672843
  473 39.81  1.11  1.68            CM052015.1  2567305  2568022 (45076094)  C          Kuruka  Unspecified (45076094)  2567305  2568022
  342 33.20  4.30  4.71            CM052015.1 25607629 25607884 (22036232)  C          Kuruka  Unspecified (22036232) 25607629 25607884
  266 36.19  0.65  0.65            CM052015.1 27901185 27901337 (19742779)  C          Kuruka  Unspecified (19742779) 27901185 27901337
  266 30.09  6.79  3.59            CM052015.1 27937714 27937875 (19706241)  C          Kuruka  Unspecified (19706241) 27937714 27937875
  474 39.13  1.42  2.00            CM052015.1 31166714 31167417 (16476699)  C          Kuruka  Unspecified (16476699) 31166714 31167417
  267 34.70  5.68  5.68            CM052015.1 32119133 32119572 (15524544)  C          Kuruka  Unspecified (15524544) 32119133 32119572
  288 30.03  1.38  3.52            CM052015.1 32682270 32682414 (14961702)  C          Kuruka  Unspecified (14961702) 32682270 32682414
  251 33.38  1.31  4.03            CM052015.1 33771864 33772016 (13872100)  C          Kuruka  Unspecified (13872100) 33771864 33772016
  244 32.39  3.62  3.62            CM052015.1 35613414 35613634 (12030482)  C          Kuruka  Unspecified (12030482) 35613414 35613634
  227 26.67  3.23  3.23            CM052015.1 36097190 36097313 (11546803)  C          Kuruka  Unspecified (11546803) 36097190 36097313
  271 24.13  5.69  5.69            CM052015.1 36097672 36097794 (11546322)  C          Kuruka  Unspecified (11546322) 36097672 36097794
  266 36.19  0.65  0.65            CM052015.1 38884949 38885101 (8759015)  C          Kuruka  Unspecified (8759015) 38884949 38885101
  255 30.66  2.84  2.84            CM052015.1 39003060 39003200 (8640916)  C          Kuruka  Unspecified (8640916) 39003060 39003200
  240 29.85  0.00  0.00            CM052015.1 47013236 47013302 (630814)  C          Kuruka  Unspecified (630814) 47013236 47013302
  269 31.98  2.63  3.31            CM052016.1  7002006  7002157 (20081999)  +          Kuruka  Unspecified (20081999)  7002006  7002157
  295 34.16  0.83  0.83            CM052016.1 24902024 24902144 (2182012)  +          Kuruka  Unspecified (2182012) 24902024 24902144
  237 29.85  0.00  0.00            CM052016.1 26259567 26259633 (824523)  +          Kuruka  Unspecified (824523) 26259567 26259633
  269 31.98  2.63  3.31            CM052016.1 26313165 26313316 (770840)  +          Kuruka  Unspecified (770840) 26313165 26313316
  245 32.66  2.63  3.31            CM052016.1 26859680 26859831 (224325)  +          Kuruka  Unspecified (224325) 26859680 26859831
  473 39.81  1.11  1.68            CM052016.1  2855300  2856017 (24228139)  C          Kuruka  Unspecified (24228139)  2855300  2856017
  254 32.87  2.87  5.39            CM052016.1 24881049 24881257 (2202899)  C          Kuruka  Unspecified (2202899) 24881049 24881257
