  502 33.69  4.59  3.75            FR997721.1  2245741  2246110 (26734318)  +          Kuruka  Unspecified (26734318)  2245741  2246110
  381 36.28  4.55  1.58            FR997721.1  7353447  7353754 (21626674)  +          Kuruka  Unspecified (21626674)  7353447  7353754
 2074 32.68  3.12  3.21            FR997721.1 10293683 10294931 (18685497)  +          Kuruka  Unspecified (18685497) 10293683 10294931
  834 36.72  3.53  4.74            FR997721.1 14109958 14111089 (14869339)  +          Kuruka  Unspecified (14869339) 14109958 14111089
  327 31.06  3.05  3.57            FR997721.1 14365468 14365664 (14614764)  +          Kuruka  Unspecified (14614764) 14365468 14365664
  397 36.28  4.55  1.58            FR997721.1 20736252 20736559 (8243869)  +          Kuruka  Unspecified (8243869) 20736252 20736559
  228 26.35  6.67  7.26            FR997721.1 22484049 22484228 (6496200)  +          Kuruka  Unspecified (6496200) 22484049 22484228
  266 31.26  0.00  1.04            FR997721.1 25483694 25483790 (3496638)  +          Kuruka  Unspecified (3496638) 25483694 25483790
  448 36.53  0.28  0.28            FR997721.1 27437307 27438159 (1542767)  +          Kuruka  Unspecified (1542767) 27437307 27438159
  965 34.77  3.02  2.61            FR997721.1   169307   170068 (28810360)  C          Kuruka  Unspecified (28810360)   169307   170068
 2021 32.95  2.96  3.04            FR997721.1  1945583  1946831 (27033597)  C          Kuruka  Unspecified (27033597)  1945583  1946831
  823 38.12  2.37  2.45            FR997721.1 13957994 13959176 (15021252)  C          Kuruka  Unspecified (15021252) 13957994 13959176
 1894 35.33  1.48  1.57            FR997721.1 15958355 15959504 (13020924)  C          Kuruka  Unspecified (13020924) 15958355 15959504
  448 36.53  0.28  0.28            FR997722.1  1410196  1411048 (23315117)  +          Kuruka  Unspecified (23315117)  1410196  1411048
  449 37.55  1.10  1.10            FR997722.1  1935824  1937096 (22789482)  +          Kuruka  Unspecified (22789482)  1935824  1937096
  329 35.23  2.94  2.94            FR997722.1  1939055  1939326 (22786341)  +          Kuruka  Unspecified (22786341)  1939055  1939326
  381 36.28  4.55  1.58            FR997722.1  4011710  4012017 (20713650)  +          Kuruka  Unspecified (20713650)  4011710  4012017
  782 36.82  3.53  4.74            FR997722.1  5188096  5189227 (19536440)  +          Kuruka  Unspecified (19536440)  5188096  5189227
 1898 35.67  1.85  1.93            FR997722.1 12146076 12147370 (12578297)  +          Kuruka  Unspecified (12578297) 12146076 12147370
  750 38.00  1.60  1.85            FR997722.1 12907119 12907933 (11817734)  +          Kuruka  Unspecified (11817734) 12907119 12907933
  381 36.28  4.55  1.58            FR997722.1 13034290 13034597 (11691070)  +          Kuruka  Unspecified (11691070) 13034290 13034597
  381 36.28  4.55  1.58            FR997722.1 14328967 14329274 (10396393)  +          Kuruka  Unspecified (10396393) 14328967 14329274
  397 36.28  4.55  1.58            FR997722.1 14750423 14750730 (9974937)  +          Kuruka  Unspecified (9974937) 14750423 14750730
  770 38.25  2.45  2.45            FR997722.1 16767512 16768693 (7956974)  +          Kuruka  Unspecified (7956974) 16767512 16768693
  807 36.91  3.53  4.74            FR997722.1 19602354 19603485 (5122182)  +          Kuruka  Unspecified (5122182) 19602354 19603485
  513 32.68  2.67  3.07            FR997722.1 19978562 19978823 (4746844)  +          Kuruka  Unspecified (4746844) 19978562 19978823
  369 36.28  4.55  1.58            FR997722.1 21203666 21203973 (3521694)  +          Kuruka  Unspecified (3521694) 21203666 21203973
  237 26.67  5.51  5.51            FR997722.1 21256766 21256892 (3468775)  +          Kuruka  Unspecified (3468775) 21256766 21256892
  397 36.28  4.55  1.58            FR997722.1 21961410 21961717 (2763950)  +          Kuruka  Unspecified (2763950) 21961410 21961717
 1850 35.25  1.48  1.57            FR997722.1 22395057 22396206 (2329461)  +          Kuruka  Unspecified (2329461) 22395057 22396206
  324 32.58  2.63  3.08            FR997722.1   633373   633600 (24092067)  C          Kuruka  Unspecified (24092067)   633373   633600
  380 31.03  2.60  4.15            FR997722.1  2295024  2295292 (22430375)  C          Kuruka  Unspecified (22430375)  2295024  2295292
  316 35.06  0.00  0.00            FR997722.1  3799460  3799613 (20926054)  C          Kuruka  Unspecified (20926054)  3799460  3799613
  252 16.66  1.82  1.82            FR997722.1  4078252  4078306 (20647361)  C          Kuruka  Unspecified (20647361)  4078252  4078306
  609 35.26  0.77  1.03            FR997722.1  6124647  6125768 (18600632)  C          Kuruka  Unspecified (18600632)  6124647  6125768
  342 34.84  2.94  2.94            FR997722.1  6261398  6261669 (18463998)  C          Kuruka  Unspecified (18463998)  6261398  6261669
 1016 36.94  1.58  1.70            FR997722.1  7832189  7833461 (16892656)  C          Kuruka  Unspecified (16892656)  7832189  7833461
  344 34.84  2.94  2.94            FR997722.1 12328470 12328741 (12396926)  C          Kuruka  Unspecified (12396926) 12328470 12328741
 1705 33.03  2.96  3.04            FR997722.1 13138439 13139687 (11585980)  C          Kuruka  Unspecified (11585980) 13138439 13139687
  317 33.33  0.00  0.81            FR997722.1 13642306 13642429 (11083238)  C          Kuruka  Unspecified (11083238) 13642306 13642429
 1847 34.52  1.91  2.00            FR997722.1 14075096 14076245 (10649422)  C          Kuruka  Unspecified (10649422) 14075096 14076245
  301 32.83  5.02  5.02            FR997722.1 14408266 14408544 (10317123)  C          Kuruka  Unspecified (10317123) 14408266 14408544
  281 33.04  0.00  0.00            FR997722.1 19389384 19389495 (5336172)  C          Kuruka  Unspecified (5336172) 19389384 19389495
  281 33.04  0.00  0.00            FR997722.1 19392845 19392956 (5332711)  C          Kuruka  Unspecified (5332711) 19392845 19392956
 1976 35.67  1.85  1.93            FR997722.1 20295600 20296894 (4428773)  C          Kuruka  Unspecified (4428773) 20295600 20296894
 1654 33.47  2.39  2.79            FR997722.1 21616633 21617677 (3107990)  C          Kuruka  Unspecified (3107990) 21616633 21617677
  798 36.72  3.53  4.74            FR997723.1  3621461  3622592 (21068201)  +          Kuruka  Unspecified (21068201)  3621461  3622592
 1654 33.47  2.39  2.79            FR997723.1  3702280  3703324 (20987469)  +          Kuruka  Unspecified (20987469)  3702280  3703324
  234 34.91  2.31  2.31            FR997723.1  5309799  5309971 (19380822)  +          Kuruka  Unspecified (19380822)  5309799  5309971
 1544 34.71  2.70  2.81            FR997723.1 16507561 16508559 (8182234)  +          Kuruka  Unspecified (8182234) 16507561 16508559
 1548 34.79  1.91  2.00            FR997723.1 23872514 23873663 (817130)  +          Kuruka  Unspecified (817130) 23872514 23873663
 1546 34.87  1.91  2.00            FR997723.1 24208224 24209373 (481420)  +          Kuruka  Unspecified (481420) 24208224 24209373
  316 32.85  0.00  0.00            FR997723.1 24305838 24305974 (384819)  +          Kuruka  Unspecified (384819) 24305838 24305974
 1738 34.93  2.76  2.84            FR997723.1  3412740  3413900 (21276893)  C          Kuruka  Unspecified (21276893)  3412740  3413900
  320 33.90  3.55  5.74            FR997723.1 17544694 17545031 (7145762)  C          Kuruka  Unspecified (7145762) 17544694 17545031
  534 30.67  4.25  3.05            FR997723.1 17634034 17634292 (7056501)  C          Kuruka  Unspecified (7056501) 17634034 17634292
  381 36.28  4.55  1.58            FR997723.1 17840652 17840959 (6849834)  C          Kuruka  Unspecified (6849834) 17840652 17840959
  252 16.66  1.82  1.82            FR997723.1 21081731 21081785 (3609008)  C          Kuruka  Unspecified (3609008) 21081731 21081785
  503 29.87  4.25  3.05            FR997723.1 24360883 24361141 (329652)  C          Kuruka  Unspecified (329652) 24360883 24361141
  503 29.87  4.25  3.05            FR997724.1  1059496  1059754 (22876625)  +          Kuruka  Unspecified (22876625)  1059496  1059754
  314 32.89  6.73  3.99            FR997724.1  1551101  1551442 (22384937)  +          Kuruka  Unspecified (22384937)  1551101  1551442
  565 30.26  4.25  3.05            FR997724.1  1690634  1690892 (22245487)  +          Kuruka  Unspecified (22245487)  1690634  1690892
  283 28.48  3.97  4.67            FR997724.1  1981763  1981913 (21954466)  +          Kuruka  Unspecified (21954466)  1981763  1981913
 1568 33.41  2.78  3.07            FR997724.1  2161370  2162413 (21773966)  +          Kuruka  Unspecified (21773966)  2161370  2162413
 1553 33.11  3.69  3.43            FR997724.1  2497449  2498668 (21437711)  +          Kuruka  Unspecified (21437711)  2497449  2498668
 1329 34.71  3.73  2.87            FR997724.1  2628665  2629735 (21306644)  +          Kuruka  Unspecified (21306644)  2628665  2629735
  256 25.02  0.00  2.78            FR997724.1  2799541  2799614 (21136765)  +          Kuruka  Unspecified (21136765)  2799541  2799614
  410 32.90  0.00  0.00            FR997724.1  3122668  3122822 (20813557)  +          Kuruka  Unspecified (20813557)  3122668  3122822
  706 32.09  5.19  3.51            FR997724.1  3197415  3198031 (20738348)  +          Kuruka  Unspecified (20738348)  3197415  3198031
  753 33.40  2.51  1.24            FR997724.1  3198497  3198975 (20737404)  +          Kuruka  Unspecified (20737404)  3198497  3198975
 1555 34.79  1.91  2.00            FR997724.1  3440427  3441576 (20494803)  +          Kuruka  Unspecified (20494803)  3440427  3441576
 1959 34.55  2.00  2.09            FR997724.1  3743019  3744168 (20192211)  +          Kuruka  Unspecified (20192211)  3743019  3744168
 1990 34.97  2.32  2.40            FR997724.1  4549123  4550417 (19385962)  +          Kuruka  Unspecified (19385962)  4549123  4550417
  228 33.73  2.31  2.31            FR997724.1  4598979  4599151 (19337228)  +          Kuruka  Unspecified (19337228)  4598979  4599151
  409 34.04  2.80  3.63            FR997724.1  4691528  4691777 (19244602)  +          Kuruka  Unspecified (19244602)  4691528  4691777
  247 33.55  1.97  1.97            FR997724.1  5598594  5598745 (18337634)  +          Kuruka  Unspecified (18337634)  5598594  5598745
  246 26.47  0.00  0.00            FR997724.1  5679128  5679195 (18257184)  +          Kuruka  Unspecified (18257184)  5679128  5679195
  236 36.15  2.92  2.92            FR997724.1  5960387  5960557 (17975822)  +          Kuruka  Unspecified (17975822)  5960387  5960557
  316 33.84  4.66  4.66            FR997724.1  6183296  6183574 (17752805)  +          Kuruka  Unspecified (17752805)  6183296  6183574
  798 36.72  3.53  4.74            FR997724.1  6190176  6191307 (17745072)  +          Kuruka  Unspecified (17745072)  6190176  6191307
  910 32.12  1.03  1.03            FR997724.1  7116878  7117267 (16819112)  +          Kuruka  Unspecified (16819112)  7116878  7117267
  278 29.47  3.45  3.45            FR997724.1  7187899  7188014 (16748365)  +          Kuruka  Unspecified (16748365)  7187899  7188014
  243 20.75  0.00  0.00            FR997724.1  7756750  7756802 (16179577)  +          Kuruka  Unspecified (16179577)  7756750  7756802
 1494 33.13  3.83  3.40            FR997724.1  7763499  7764698 (16171681)  +          Kuruka  Unspecified (16171681)  7763499  7764698
  316 35.06  0.00  0.00            FR997724.1  8019229  8019382 (15916997)  +          Kuruka  Unspecified (15916997)  8019229  8019382
  275 31.26  0.00  1.04            FR997724.1  8059607  8059703 (15876676)  +          Kuruka  Unspecified (15876676)  8059607  8059703
  326 26.37  0.90  0.90            FR997724.1  8145974  8146084 (15790295)  +          Kuruka  Unspecified (15790295)  8145974  8146084
 1268 33.36  3.93  3.44            FR997724.1  8149255  8150297 (15786082)  +          Kuruka  Unspecified (15786082)  8149255  8150297
 1293 33.39  1.82  2.75            FR997724.1  8369786  8370555 (15565824)  +          Kuruka  Unspecified (15565824)  8369786  8370555
  427 36.87  1.10  1.10            FR997724.1  9557692  9558726 (14378326)  +          Kuruka  Unspecified (14378326)  9557692  9558726
  259 34.36  2.01  2.01            FR997724.1  9559717  9559915 (14376464)  +          Kuruka  Unspecified (14376464)  9559717  9559915
  341 34.19  3.78  2.92            FR997724.1 10043986 10044223 (13892156)  +          Kuruka  Unspecified (13892156) 10043986 10044223
  227 31.51  0.00  2.78            FR997724.1 10318532 10318642 (13617737)  +          Kuruka  Unspecified (13617737) 10318532 10318642
  827 33.33  2.08  2.08            FR997724.1 10371336 10371767 (13564612)  +          Kuruka  Unspecified (13564612) 10371336 10371767
 1238 33.12  5.67  1.29            FR997724.1 10372113 10372782 (13563597)  +          Kuruka  Unspecified (13563597) 10372113 10372782
  358 35.60  2.33  2.73            FR997724.1 10591497 10591753 (13344626)  +          Kuruka  Unspecified (13344626) 10591497 10591753
  450 36.56  2.93  2.93            FR997724.1 10981766 10982413 (12953966)  +          Kuruka  Unspecified (12953966) 10981766 10982413
 1765 35.13  2.58  2.67            FR997724.1 11322102 11323262 (12613117)  +          Kuruka  Unspecified (12613117) 11322102 11323262
  240 30.78  4.07  4.92            FR997724.1 11795819 11795941 (12140438)  +          Kuruka  Unspecified (12140438) 11795819 11795941
  282 26.39  0.00  0.00            FR997724.1 12162237 12162308 (11774071)  +          Kuruka  Unspecified (11774071) 12162237 12162308
  279 26.32  0.00  0.00            FR997724.1 12341364 12341439 (11594940)  +          Kuruka  Unspecified (11594940) 12341364 12341439
 1683 35.20  2.12  2.20            FR997724.1 13070588 13071862 (10864517)  +          Kuruka  Unspecified (10864517) 13070588 13071862
 1536 34.87  1.91  2.00            FR997724.1 14288503 14289652 (9646727)  +          Kuruka  Unspecified (9646727) 14288503 14289652
 1976 35.67  1.85  1.93            FR997724.1 15045963 15047257 (8889122)  +          Kuruka  Unspecified (8889122) 15045963 15047257
  342 34.84  2.94  2.94            FR997724.1 15786235 15786506 (8149873)  +          Kuruka  Unspecified (8149873) 15786235 15786506
 2323 32.19  2.05  3.01            FR997724.1 17014115 17015187 (6921192)  +          Kuruka  Unspecified (6921192) 17014115 17015187
 1809 35.16  1.16  0.98            FR997724.1 17092814 17093936 (6842443)  +          Kuruka  Unspecified (6842443) 17092814 17093936
  244 33.74  3.14  3.54            FR997724.1 17293682 17293936 (6642443)  +          Kuruka  Unspecified (6642443) 17293682 17293936
 1976 35.67  1.85  1.93            FR997724.1 17881285 17882579 (6053800)  +          Kuruka  Unspecified (6053800) 17881285 17882579
  295 36.46  1.97  1.97            FR997724.1 18238740 18239044 (5697335)  +          Kuruka  Unspecified (5697335) 18238740 18239044
 2295 32.47  2.73  2.81            FR997724.1 18289346 18290625 (5645754)  +          Kuruka  Unspecified (5645754) 18289346 18290625
  398 33.17  4.62  3.75            FR997724.1 18700118 18700355 (5236024)  +          Kuruka  Unspecified (5236024) 18700118 18700355
  312 35.75  0.96  0.96            FR997724.1 18730757 18730965 (5205414)  +          Kuruka  Unspecified (5205414) 18730757 18730965
  258 29.50  4.27  4.91            FR997724.1 18772516 18772679 (5163700)  +          Kuruka  Unspecified (5163700) 18772516 18772679
 1990 35.38  1.93  2.01            FR997724.1 20155682 20156976 (3779403)  +          Kuruka  Unspecified (3779403) 20155682 20156976
 1918 33.10  3.09  3.45            FR997724.1 20202524 20203687 (3732692)  +          Kuruka  Unspecified (3732692) 20202524 20203687
  342 34.84  2.94  2.94            FR997724.1 20608519 20608790 (3327589)  +          Kuruka  Unspecified (3327589) 20608519 20608790
  299 35.57  2.30  2.30            FR997724.1 20723047 20723351 (3213028)  +          Kuruka  Unspecified (3213028) 20723047 20723351
 2311 32.39  2.73  2.81            FR997724.1 21016931 21018210 (2918169)  +          Kuruka  Unspecified (2918169) 21016931 21018210
  314 38.08  4.12  3.37            FR997724.1 22011358 22011770 (1924609)  +          Kuruka  Unspecified (1924609) 22011358 22011770
  342 34.84  2.94  2.94            FR997724.1 22215129 22215400 (1720979)  +          Kuruka  Unspecified (1720979) 22215129 22215400
  283 28.48  3.97  4.67            FR997724.1 22399507 22399657 (1536722)  +          Kuruka  Unspecified (1536722) 22399507 22399657
  358 35.60  2.33  2.73            FR997724.1 22645415 22645671 (1290708)  +          Kuruka  Unspecified (1290708) 22645415 22645671
  261 21.67  0.00  0.00            FR997724.1   231265   231324 (23705055)  C          Kuruka  Unspecified (23705055)   231265   231324
 1167 35.93  2.65  2.75            FR997724.1   347789   348807 (23587572)  C          Kuruka  Unspecified (23587572)   347789   348807
  302 36.67  2.03  2.03            FR997724.1   349581   349875 (23586504)  C          Kuruka  Unspecified (23586504)   349581   349875
  422 34.19  3.78  2.92            FR997724.1  1258685  1258922 (22677457)  C          Kuruka  Unspecified (22677457)  1258685  1258922
  254 34.04  6.83  6.01            FR997724.1  1473809  1474452 (22461927)  C          Kuruka  Unspecified (22461927)  1473809  1474452
  320 30.39  6.81  6.81            FR997724.1  1474764  1475042 (22461337)  C          Kuruka  Unspecified (22461337)  1474764  1475042
  405 27.48  6.11  0.00            FR997724.1  1720566  1720696 (22215683)  C          Kuruka  Unspecified (22215683)  1720566  1720696
  297 30.52  7.12  7.89            FR997724.1  2139663  2139943 (21796436)  C          Kuruka  Unspecified (21796436)  2139663  2139943
  450 36.58  2.26  2.26            FR997724.1  2301836  2302277 (21634102)  C          Kuruka  Unspecified (21634102)  2301836  2302277
  495 38.91  1.64  1.64            FR997724.1  2304045  2304713 (21631666)  C          Kuruka  Unspecified (21631666)  2304045  2304713
 1975 34.08  2.28  2.36            FR997724.1  2884169  2885442 (21050937)  C          Kuruka  Unspecified (21050937)  2884169  2885442
  368 32.90  0.00  0.00            FR997724.1  3034609  3034763 (20901616)  C          Kuruka  Unspecified (20901616)  3034609  3034763
  227 27.78  0.00  0.00            FR997724.1  3243052  3243123 (20693256)  C          Kuruka  Unspecified (20693256)  3243052  3243123
  421 33.76  3.21  3.63            FR997724.1  4077388  4077636 (19858743)  C          Kuruka  Unspecified (19858743)  4077388  4077636
  273 34.84  2.20  2.20            FR997724.1  4172944  4173125 (19763254)  C          Kuruka  Unspecified (19763254)  4172944  4173125
 1615 35.25  1.65  1.74            FR997724.1  4216133  4217284 (19719095)  C          Kuruka  Unspecified (19719095)  4216133  4217284
  333 32.48  1.90  2.55            FR997724.1  4406703  4406860 (19529519)  C          Kuruka  Unspecified (19529519)  4406703  4406860
  245 36.46  0.55  0.55            FR997724.1  4771196  4771377 (19165002)  C          Kuruka  Unspecified (19165002)  4771196  4771377
  358 34.35  5.24  0.84            FR997724.1  5613775  5614003 (18322376)  C          Kuruka  Unspecified (18322376)  5613775  5614003
  354 32.45  3.32  3.32            FR997724.1  5720172  5720442 (18215937)  C          Kuruka  Unspecified (18215937)  5720172  5720442
  957 35.01  3.83  3.30            FR997724.1  5722140  5723105 (18213274)  C          Kuruka  Unspecified (18213274)  5722140  5723105
  276 33.73  2.31  2.31            FR997724.1  5938701  5938873 (17997506)  C          Kuruka  Unspecified (17997506)  5938701  5938873
  348 37.46  1.74  1.74            FR997724.1  6861657  6861944 (17074435)  C          Kuruka  Unspecified (17074435)  6861657  6861944
  798 36.72  3.53  4.74            FR997724.1  7782456  7783587 (16152792)  C          Kuruka  Unspecified (16152792)  7782456  7783587
 1369 33.33  3.69  2.91            FR997724.1  7830095  7831015 (16105364)  C          Kuruka  Unspecified (16105364)  7830095  7831015
  236 31.49  0.91  1.83            FR997724.1  7881284  7881393 (16054986)  C          Kuruka  Unspecified (16054986)  7881284  7881393
 1622 35.25  1.65  1.74            FR997724.1  9184004  9185155 (14751224)  C          Kuruka  Unspecified (14751224)  9184004  9185155
  737 32.90  1.03  1.03            FR997724.1 10023979 10024368 (13912011)  C          Kuruka  Unspecified (13912011) 10023979 10024368
 1428 35.64  3.25  2.86            FR997724.1 10258710 10260032 (13676347)  C          Kuruka  Unspecified (13676347) 10258710 10260032
  415 34.19  3.78  2.92            FR997724.1 10365281 10365518 (13570861)  C          Kuruka  Unspecified (13570861) 10365281 10365518
  316 32.85  0.00  0.00            FR997724.1 10695392 10695528 (13240851)  C          Kuruka  Unspecified (13240851) 10695392 10695528
  309 30.39  6.81  6.81            FR997724.1 11454221 11454499 (12481880)  C          Kuruka  Unspecified (12481880) 11454221 11454499
  250 36.46  1.97  1.97            FR997724.1 12396211 12396515 (11539864)  C          Kuruka  Unspecified (11539864) 12396211 12396515
  312 36.46  1.97  1.97            FR997724.1 12706935 12707239 (11229140)  C          Kuruka  Unspecified (11229140) 12706935 12707239
  529 32.29  2.67  3.07            FR997724.1 13174647 13174908 (10761471)  C          Kuruka  Unspecified (10761471) 13174647 13174908
 2016 35.20  2.12  2.20            FR997724.1 13415698 13416972 (10519407)  C          Kuruka  Unspecified (10519407) 13415698 13416972
  290 24.66  0.00  0.00            FR997724.1 13833636 13833708 (10102671)  C          Kuruka  Unspecified (10102671) 13833636 13833708
  318 35.23  2.94  2.94            FR997724.1 13940426 13940697 (9995682)  C          Kuruka  Unspecified (9995682) 13940426 13940697
  316 35.06  0.00  0.00            FR997724.1 14741037 14741190 (9195189)  C          Kuruka  Unspecified (9195189) 14741037 14741190
  313 31.64  2.96  3.47            FR997724.1 15484318 15484520 (8451859)  C          Kuruka  Unspecified (8451859) 15484318 15484520
 1976 35.67  1.85  1.93            FR997724.1 15682278 15683572 (8252807)  C          Kuruka  Unspecified (8252807) 15682278 15683572
  355 34.84  2.94  2.94            FR997724.1 16274498 16274769 (7661610)  C          Kuruka  Unspecified (7661610) 16274498 16274769
  381 36.28  4.55  1.58            FR997724.1 17365642 17365949 (6570430)  C          Kuruka  Unspecified (6570430) 17365642 17365949
  497 33.62  1.93  3.53            FR997724.1 18440043 18440301 (5496078)  C          Kuruka  Unspecified (5496078) 18440043 18440301
  498 33.81  2.11  2.11            FR997724.1 18502741 18503024 (5433355)  C          Kuruka  Unspecified (5433355) 18502741 18503024
 1545 35.08  2.41  1.88            FR997724.1 18503388 18504340 (5432039)  C          Kuruka  Unspecified (5432039) 18503388 18504340
  278 30.12  0.94  2.88            FR997724.1 19607266 19607371 (4329008)  C          Kuruka  Unspecified (4329008) 19607266 19607371
 1520 34.89  1.59  1.69            FR997724.1 19862045 19863111 (4073268)  C          Kuruka  Unspecified (4073268) 19862045 19863111
  320 29.67  7.77  5.90            FR997724.1 20137480 20137762 (3798617)  C          Kuruka  Unspecified (3798617) 20137480 20137762
  587 36.30  1.24  3.51            FR997724.1 20247075 20248182 (3688577)  C          Kuruka  Unspecified (3688577) 20247075 20248182
 1967 33.18  3.09  3.45            FR997724.1 20660112 20661275 (3275104)  C          Kuruka  Unspecified (3275104) 20660112 20661275
  355 34.84  2.94  2.94            FR997724.1 21076151 21076422 (2859957)  C          Kuruka  Unspecified (2859957) 21076151 21076422
  409 33.88  5.26  5.69            FR997724.1 21115937 21116925 (2819454)  C          Kuruka  Unspecified (2819454) 21115937 21116925
 1683 35.20  2.12  2.20            FR997724.1 21349296 21350570 (2585809)  C          Kuruka  Unspecified (2585809) 21349296 21350570
 1833 33.90  1.84  1.94            FR997724.1 21454361 21455392 (2480987)  C          Kuruka  Unspecified (2480987) 21454361 21455392
  300 36.80  2.33  2.73            FR997724.1 21557931 21558187 (2378192)  C          Kuruka  Unspecified (2378192) 21557931 21558187
 1945 32.99  2.58  2.66            FR997724.1 22693966 22695245 (1241134)  C          Kuruka  Unspecified (1241134) 22693966 22695245
  277 31.75  7.57  6.51            FR997724.1 22809276 22809777 (1126602)  C          Kuruka  Unspecified (1126602) 22809276 22809777
  276 31.14  6.86  6.09            FR997724.1 22810125 22810401 (1125978)  C          Kuruka  Unspecified (1125978) 22810125 22810401
 1683 35.20  2.12  2.20            FR997724.1 23504041 23505315 (431064)  C          Kuruka  Unspecified (431064) 23504041 23505315
 2317 32.34  2.81  2.89            FR997724.1 23809182 23810461 (125918)  C          Kuruka  Unspecified (125918) 23809182 23810461
 2314 32.47  2.73  2.81            FR997724.1 23817285 23818564 (117815)  C          Kuruka  Unspecified (117815) 23817285 23818564
  239 26.41  0.00  2.78            FR997725.1   382541   382614 (23095765)  +          Kuruka  Unspecified (23095765)   382541   382614
  816 36.63  3.53  4.74            FR997725.1  1858050  1859181 (21619198)  +          Kuruka  Unspecified (21619198)  1858050  1859181
  236 32.70  2.48  3.12            FR997725.1  4811255  4811415 (18666964)  +          Kuruka  Unspecified (18666964)  4811255  4811415
  397 34.17  3.21  3.63            FR997725.1  5981143  5981391 (17496988)  +          Kuruka  Unspecified (17496988)  5981143  5981391
  236 22.64  0.00  0.00            FR997725.1  6465105  6465157 (17013222)  +          Kuruka  Unspecified (17013222)  6465105  6465157
 1898 35.67  1.85  1.93            FR997725.1 18439240 18440534 (5037845)  +          Kuruka  Unspecified (5037845) 18439240 18440534
 1942 33.61  2.72  2.80            FR997725.1  3766305  3767553 (19710826)  C          Kuruka  Unspecified (19710826)  3766305  3767553
  834 36.72  3.53  4.74            FR997725.1  4330124  4331255 (19147124)  C          Kuruka  Unspecified (19147124)  4330124  4331255
 2262 32.48  2.05  2.82            FR997725.1 17862209 17863279 (5615100)  C          Kuruka  Unspecified (5615100) 17862209 17863279
 2262 32.48  2.05  2.82            FR997725.1 17878577 17879647 (5598732)  C          Kuruka  Unspecified (5598732) 17878577 17879647
  266 31.26  0.00  1.04            FR997725.1 17968762 17968858 (5509521)  C          Kuruka  Unspecified (5509521) 17968762 17968858
 1767 35.08  2.67  2.76            FR997725.1 20778288 20779448 (2698931)  C          Kuruka  Unspecified (2698931) 20778288 20779448
 1858 34.43  1.91  2.00            FR997726.1  4155716  4156865 (18732043)  +          Kuruka  Unspecified (18732043)  4155716  4156865
  279 30.63  0.89  0.89            FR997726.1  6393330  6393441 (16495467)  +          Kuruka  Unspecified (16495467)  6393330  6393441
  823 36.63  3.53  4.74            FR997726.1 13271886 13273017 (9615891)  +          Kuruka  Unspecified (9615891) 13271886 13273017
  381 36.28  4.55  1.58            FR997726.1 21134247 21134554 (1754354)  +          Kuruka  Unspecified (1754354) 21134247 21134554
  368 35.60  2.33  2.73            FR997726.1 21919474 21919730 (969178)  +          Kuruka  Unspecified (969178) 21919474 21919730
  819 38.39  2.37  2.45            FR997726.1 22265130 22266312 (622596)  +          Kuruka  Unspecified (622596) 22265130 22266312
  258 36.14  5.24  4.70            FR997726.1   257981   258552 (22630356)  C          Kuruka  Unspecified (22630356)   257981   258552
  259 28.57  0.00  0.00            FR997726.1  7944603  7944679 (14944229)  C          Kuruka  Unspecified (14944229)  7944603  7944679
 1898 35.67  1.85  1.93            FR997726.1  9924315  9925609 (12963299)  C          Kuruka  Unspecified (12963299)  9924315  9925609
  381 36.28  4.55  1.58            FR997726.1 12694830 12695137 (10193771)  C          Kuruka  Unspecified (10193771) 12694830 12695137
  381 36.28  4.55  1.58            FR997726.1 17843673 17843980 (5044928)  C          Kuruka  Unspecified (5044928) 17843673 17843980
 1631 33.77  2.48  2.56            FR997726.1 19808294 19809542 (3079366)  C          Kuruka  Unspecified (3079366) 19808294 19809542
  225 31.51  0.00  2.78            FR997726.1 20493299 20493409 (2395499)  C          Kuruka  Unspecified (2395499) 20493299 20493409
  342 34.84  2.94  2.94            FR997727.1  6766228  6766499 (15712549)  +          Kuruka  Unspecified (15712549)  6766228  6766499
 2278 31.98  3.21  2.97            FR997727.1 13928313 13929588 (8549460)  +          Kuruka  Unspecified (8549460) 13928313 13929588
  502 33.69  4.59  3.75            FR997727.1 14338809 14339178 (8139870)  +          Kuruka  Unspecified (8139870) 14338809 14339178
  381 36.28  4.55  1.58            FR997727.1 15206432 15206739 (7272309)  +          Kuruka  Unspecified (7272309) 15206432 15206739
  280 28.57  0.00  0.00            FR997727.1 13956800 13956876 (8522172)  C          Kuruka  Unspecified (8522172) 13956800 13956876
  301 32.83  5.02  5.02            FR997727.1 15540025 15540303 (6938745)  C          Kuruka  Unspecified (6938745) 15540025 15540303
  342 34.84  2.94  2.94            FR997727.1 21592822 21593093 (885955)  C          Kuruka  Unspecified (885955) 21592822 21593093
  267 26.47  0.00  0.00            FR997727.1 21701215 21701282 (777766)  C          Kuruka  Unspecified (777766) 21701215 21701282
 1527 34.49  2.95  3.16            FR997727.1 22241426 22242407 (236641)  C          Kuruka  Unspecified (236641) 22241426 22242407
  529 35.24  0.33  0.33            FR997727.1 22250458 22250756 (228292)  C          Kuruka  Unspecified (228292) 22250458 22250756
  780 38.30  2.37  2.45            FR997728.1  1058295  1059477 (21372294)  +          Kuruka  Unspecified (21372294)  1058295  1059477
  372 34.47  2.94  2.94            FR997728.1  2275640  2275911 (20155860)  +          Kuruka  Unspecified (20155860)  2275640  2275911
  235 26.31  1.30  1.30            FR997728.1  6495379  6495455 (15936316)  +          Kuruka  Unspecified (15936316)  6495379  6495455
  316 35.06  0.00  0.00            FR997728.1  7396562  7396715 (15035056)  +          Kuruka  Unspecified (15035056)  7396562  7396715
  342 34.84  2.94  2.94            FR997728.1  8318988  8319259 (14112512)  +          Kuruka  Unspecified (14112512)  8318988  8319259
 1898 35.67  1.85  1.93            FR997728.1 11922030 11923324 (10508447)  +          Kuruka  Unspecified (10508447) 11922030 11923324
  381 36.28  4.55  1.58            FR997728.1 14584160 14584467 (7847304)  +          Kuruka  Unspecified (7847304) 14584160 14584467
  320 33.90  3.55  5.74            FR997728.1 15734477 15734814 (6696957)  +          Kuruka  Unspecified (6696957) 15734477 15734814
 1847 34.52  1.91  2.00            FR997728.1 17361157 17362306 (5069465)  +          Kuruka  Unspecified (5069465) 17361157 17362306
  567 29.87  4.25  3.05            FR997728.1 22303369 22303627 (128144)  +          Kuruka  Unspecified (128144) 22303369 22303627
  381 34.59  3.21  3.63            FR997728.1  4018184  4018432 (18413339)  C          Kuruka  Unspecified (18413339)  4018184  4018432
  544 32.80  1.95  2.35            FR997728.1  6097563  6097818 (16333953)  C          Kuruka  Unspecified (16333953)  6097563  6097818
  394 32.13  2.63  3.08            FR997728.1  6443030  6443257 (15988514)  C          Kuruka  Unspecified (15988514)  6443030  6443257
  323 31.06  3.05  3.57            FR997728.1 17410532 17410728 (5021043)  C          Kuruka  Unspecified (5021043) 17410532 17410728
  338 31.98  2.46  2.97            FR997728.1 22091724 22091926 (339845)  C          Kuruka  Unspecified (339845) 22091724 22091926
  493 35.80  3.46  5.43            FR997729.1  6295568  6296261 (16125895)  +          Kuruka  Unspecified (16125895)  6295568  6296261
  299 35.25  3.16  3.57            FR997729.1 10455661 10455913 (11966243)  +          Kuruka  Unspecified (11966243) 10455661 10455913
  260 23.61  1.37  1.37            FR997729.1 16456092 16456164 (5965992)  +          Kuruka  Unspecified (5965992) 16456092 16456164
  260 23.61  1.37  1.37            FR997729.1 16458521 16458593 (5963563)  +          Kuruka  Unspecified (5963563) 16458521 16458593
 1390 36.31  2.54  2.62            FR997729.1 20214383 20215683 (2206473)  +          Kuruka  Unspecified (2206473) 20214383 20215683
  336 32.13  2.63  3.08            FR997729.1 20319281 20319508 (2102648)  +          Kuruka  Unspecified (2102648) 20319281 20319508
 1329 33.19  2.49  2.94            FR997729.1 21288393 21289075 (1133081)  +          Kuruka  Unspecified (1133081) 21288393 21289075
  742 32.31  4.00  4.22            FR997729.1 21290740 21291214 (1130942)  +          Kuruka  Unspecified (1130942) 21290740 21291214
  301 32.45  2.23  3.77            FR997729.1 22381484 22381752  (40404)  +          Kuruka  Unspecified  (40404) 22381484 22381752
  355 34.84  2.94  2.94            FR997729.1 11349359 11349630 (11072526)  C          Kuruka  Unspecified (11072526) 11349359 11349630
  397 36.28  4.55  1.58            FR997729.1 13346888 13347195 (9074961)  C          Kuruka  Unspecified (9074961) 13346888 13347195
  286 36.14  5.24  4.70            FR997729.1 13396525 13397096 (9025060)  C          Kuruka  Unspecified (9025060) 13396525 13397096
 1847 34.52  1.91  2.00            FR997729.1 14863468 14864617 (7557539)  C          Kuruka  Unspecified (7557539) 14863468 14864617
 1847 34.52  1.91  2.00            FR997729.1 14870702 14871851 (7550305)  C          Kuruka  Unspecified (7550305) 14870702 14871851
  272 27.78  0.00  0.00            FR997729.1 15528840 15528911 (6893245)  C          Kuruka  Unspecified (6893245) 15528840 15528911
 1925 33.34  3.01  3.36            FR997729.1 18712911 18714074 (3708082)  C          Kuruka  Unspecified (3708082) 18712911 18714074
  381 36.28  4.55  1.58            FR997729.1 19585968 19586275 (2835881)  C          Kuruka  Unspecified (2835881) 19585968 19586275
  468 31.90  2.67  3.07            FR997729.1 20107697 20107958 (2314198)  C          Kuruka  Unspecified (2314198) 20107697 20107958
  795 38.22  2.37  2.45            FR997729.1 20454494 20455676 (1966480)  C          Kuruka  Unspecified (1966480) 20454494 20455676
  350 37.10  1.73  2.08            FR997729.1 22204231 22204519 (217637)  C          Kuruka  Unspecified (217637) 22204231 22204519
  273 34.84  2.20  2.20            FR997730.1  2886116  2886297 (19527764)  +          Kuruka  Unspecified (19527764)  2886116  2886297
  301 32.83  5.02  5.02            FR997730.1  5171217  5171495 (17242566)  +          Kuruka  Unspecified (17242566)  5171217  5171495
  834 36.72  3.53  4.74            FR997730.1 11753298 11754429 (10659632)  +          Kuruka  Unspecified (10659632) 11753298 11754429
 1389 34.49  3.11  3.20            FR997730.1 13128071 13129229 (9284832)  +          Kuruka  Unspecified (9284832) 13128071 13129229
  316 32.85  0.00  0.00            FR997730.1 15282191 15282327 (7131734)  +          Kuruka  Unspecified (7131734) 15282191 15282327
  381 36.28  4.55  1.58            FR997730.1 16050838 16051145 (6362916)  +          Kuruka  Unspecified (6362916) 16050838 16051145
  324 33.85  3.30  3.68            FR997730.1 18832023 18832295 (3581766)  +          Kuruka  Unspecified (3581766) 18832023 18832295
  279 30.63  0.89  0.89            FR997730.1 19600615 19600726 (2813335)  +          Kuruka  Unspecified (2813335) 19600615 19600726
  502 33.69  4.59  3.75            FR997730.1 21593878 21594247 (819814)  +          Kuruka  Unspecified (819814) 21593878 21594247
  400 32.13  2.63  3.08            FR997730.1 21801422 21801649 (612412)  +          Kuruka  Unspecified (612412) 21801422 21801649
  381 36.28  4.55  1.58            FR997730.1  3468502  3468809 (18945252)  C          Kuruka  Unspecified (18945252)  3468502  3468809
 1943 33.36  2.84  3.19            FR997730.1  6538322  6539485 (15874576)  C          Kuruka  Unspecified (15874576)  6538322  6539485
 1924 33.10  3.09  3.45            FR997730.1  6545640  6546803 (15867258)  C          Kuruka  Unspecified (15867258)  6545640  6546803
  319 32.66  3.15  3.56            FR997730.1 12964394 12964647 (9449414)  C          Kuruka  Unspecified (9449414) 12964394 12964647
  762 38.30  2.37  2.45            FR997730.1 15415921 15417103 (6996958)  C          Kuruka  Unspecified (6996958) 15415921 15417103
  798 36.72  3.53  4.74            FR997730.1 20281538 20282669 (2131392)  C          Kuruka  Unspecified (2131392) 20281538 20282669
  502 33.69  4.59  3.75            FR997730.1 21588729 21589098 (824963)  C          Kuruka  Unspecified (824963) 21588729 21589098
  301 32.83  5.02  5.02            FR997731.1  4051101  4051379 (18170445)  +          Kuruka  Unspecified (18170445)  4051101  4051379
  525 36.50  1.10  1.10            FR997731.1 12069368 12070313 (10152095)  +          Kuruka  Unspecified (10152095) 12069368 12070313
  463 36.91  1.32  1.32            FR997731.1 12072507 12072808 (10149016)  +          Kuruka  Unspecified (10149016) 12072507 12072808
  381 36.28  4.55  1.58            FR997731.1 18805748 18806055 (3415769)  +          Kuruka  Unspecified (3415769) 18805748 18806055
  381 36.28  4.55  1.58            FR997731.1  4074149  4074456 (18147368)  C          Kuruka  Unspecified (18147368)  4074149  4074456
 2003 33.28  2.84  3.19            FR997731.1  8268955  8270118 (13951706)  C          Kuruka  Unspecified (13951706)  8268955  8270118
  435 34.15  3.36  3.70            FR997731.1  9116118  9116415 (13105409)  C          Kuruka  Unspecified (13105409)  9116118  9116415
  381 36.28  4.55  1.58            FR997731.1 10474197 10474504 (11747320)  C          Kuruka  Unspecified (11747320) 10474197 10474504
  330 36.53  4.14  1.87            FR997731.1 13565256 13566108 (8656255)  C          Kuruka  Unspecified (8656255) 13565256 13566108
  798 36.72  3.53  4.74            FR997732.1  8710798  8711929 (13419155)  +          Kuruka  Unspecified (13419155)  8710798  8711929
  233 31.51  0.00  2.78            FR997732.1 13332377 13332487 (8798597)  +          Kuruka  Unspecified (8798597) 13332377 13332487
 2346 32.55  2.73  2.81            FR997732.1 16986308 16987587 (5143497)  +          Kuruka  Unspecified (5143497) 16986308 16987587
  279 30.63  0.89  0.89            FR997732.1 17919787 17919898 (4211186)  +          Kuruka  Unspecified (4211186) 17919787 17919898
  280 28.57  0.00  0.00            FR997732.1 13651983 13652059 (8479025)  C          Kuruka  Unspecified (8479025) 13651983 13652059
 2150 34.87  2.10  2.10            FR997732.1 21463672 21464954 (666130)  C          Kuruka  Unspecified (666130) 21463672 21464954
  267 26.47  0.00  0.00            FR997733.1 14689335 14689402 (7314759)  +          Kuruka  Unspecified (7314759) 14689335 14689402
 2003 35.29  2.12  2.20            FR997733.1 18153492 18154766 (3849395)  +          Kuruka  Unspecified (3849395) 18153492 18154766
  381 36.28  4.55  1.58            FR997733.1 19791384 19791691 (2212470)  +          Kuruka  Unspecified (2212470) 19791384 19791691
  397 36.28  4.55  1.58            FR997733.1 21040200 21040507 (963654)  +          Kuruka  Unspecified (963654) 21040200 21040507
 1815 34.44  2.79  3.80            FR997733.1   841822   843149 (21161012)  C          Kuruka  Unspecified (21161012)   841822   843149
  266 31.26  0.00  1.04            FR997733.1  2717187  2717283 (19286878)  C          Kuruka  Unspecified (19286878)  2717187  2717283
  313 27.65  9.33  4.46            FR997733.1  5701169  5701361 (16302800)  C          Kuruka  Unspecified (16302800)  5701169  5701361
 2313 32.39  2.73  2.81            FR997733.1 14904644 14905923 (7098238)  C          Kuruka  Unspecified (7098238) 14904644 14905923
 1560 35.25  1.48  1.57            FR997733.1 17402526 17403675 (4600486)  C          Kuruka  Unspecified (4600486) 17402526 17403675
  243 35.37  3.52  3.92            FR997733.1 18438051 18438306 (3565855)  C          Kuruka  Unspecified (3565855) 18438051 18438306
 2016 35.20  2.12  2.20            FR997733.1 18661162 18662436 (3341725)  C          Kuruka  Unspecified (3341725) 18661162 18662436
  235 26.31  1.30  1.30            FR997734.1 13599773 13599849 (8294905)  +          Kuruka  Unspecified (8294905) 13599773 13599849
  326 35.23  2.94  2.94            FR997734.1 13867702 13867973 (8026781)  +          Kuruka  Unspecified (8026781) 13867702 13867973
 1687 34.70  3.10  3.19            FR997734.1 16451581 16452741 (5442013)  +          Kuruka  Unspecified (5442013) 16451581 16452741
  367 33.47  3.15  3.56            FR997734.1 18366971 18367224 (3527530)  +          Kuruka  Unspecified (3527530) 18366971 18367224
 1924 33.10  3.09  3.45            FR997734.1 18527632 18528795 (3365959)  +          Kuruka  Unspecified (3365959) 18527632 18528795
  227 32.61  0.00  0.00            FR997734.1 21098395 21098486 (796268)  +          Kuruka  Unspecified (796268) 21098395 21098486
  813 36.63  3.53  4.74            FR997734.1  1000368  1001499 (20893255)  C          Kuruka  Unspecified (20893255)  1000368  1001499
 1999 33.14  2.80  2.88            FR997734.1  2869735  2870983 (19023771)  C          Kuruka  Unspecified (19023771)  2869735  2870983
  573 29.87  4.25  3.05            FR997734.1  3604694  3604952 (18289802)  C          Kuruka  Unspecified (18289802)  3604694  3604952
  379 34.59  3.21  3.63            FR997734.1 14072104 14072352 (7822402)  C          Kuruka  Unspecified (7822402) 14072104 14072352
  321 35.57  2.30  2.30            FR997734.1 14857669 14857973 (7036781)  C          Kuruka  Unspecified (7036781) 14857669 14857973
 1143 36.24  2.24  2.34            FR997734.1 17791795 17792865 (4101889)  C          Kuruka  Unspecified (4101889) 17791795 17792865
  257 32.21  1.97  1.97            FR997735.1  3079406  3079557 (18131964)  +          Kuruka  Unspecified (18131964)  3079406  3079557
  316 32.85  0.00  0.00            FR997735.1   106415   106551 (21104970)  C          Kuruka  Unspecified (21104970)   106415   106551
  381 36.28  4.55  1.58            FR997735.1  2623690  2623997 (18587524)  C          Kuruka  Unspecified (18587524)  2623690  2623997
  638 30.39  2.22  2.68            FR997735.1 17708299 17708978 (3502998)  C          Kuruka  Unspecified (3502998) 17708299 17708978
  425 33.08  2.67  3.07            FR997736.1  1389116  1389377 (19706519)  +          Kuruka  Unspecified (19706519)  1389116  1389377
  345 34.14  2.34  2.82            FR997736.1  4094216  4094429 (17001467)  +          Kuruka  Unspecified (17001467)  4094216  4094429
 1932 34.51  1.74  1.83            FR997736.1  4114547  4115697 (16980199)  +          Kuruka  Unspecified (16980199)  4114547  4115697
  279 26.32  0.00  0.00            FR997736.1  4541165  4541240 (16554656)  +          Kuruka  Unspecified (16554656)  4541165  4541240
  381 36.28  4.55  1.58            FR997736.1  9550231  9550538 (11545358)  +          Kuruka  Unspecified (11545358)  9550231  9550538
  464 35.49  4.23  4.02            FR997736.1 13804022 13804990 (7290906)  +          Kuruka  Unspecified (7290906) 13804022 13804990
 2016 35.20  2.12  2.20            FR997736.1 16326929 16328203 (4767693)  +          Kuruka  Unspecified (4767693) 16326929 16328203
 1898 35.67  1.85  1.93            FR997736.1 19364528 19365822 (1730074)  +          Kuruka  Unspecified (1730074) 19364528 19365822
  230 24.14  0.00  0.00            FR997736.1   284349   284406 (20811490)  C          Kuruka  Unspecified (20811490)   284349   284406
  280 28.57  0.00  0.00            FR997736.1  1297924  1298000 (19797896)  C          Kuruka  Unspecified (19797896)  1297924  1298000
  231 26.79  0.00  0.00            FR997736.1 18453991 18454046 (2641850)  C          Kuruka  Unspecified (2641850) 18453991 18454046
  321 35.57  2.30  2.30            FR997737.1    87355    87659 (20753901)  +          Kuruka  Unspecified (20753901)    87355    87659
  266 31.26  0.00  1.04            FR997737.1  5316394  5316490 (15525070)  +          Kuruka  Unspecified (15525070)  5316394  5316490
  939 35.19  2.48  2.64            FR997737.1 10300443 10301087 (10540473)  +          Kuruka  Unspecified (10540473) 10300443 10301087
 1602 34.84  3.31  3.39            FR997737.1 14404910 14406118 (6435442)  +          Kuruka  Unspecified (6435442) 14404910 14406118
  225 31.51  0.00  2.78            FR997737.1 16855510 16855620 (3985940)  +          Kuruka  Unspecified (3985940) 16855510 16855620
 1652 34.78  3.14  3.23            FR997737.1 19067904 19069112 (1772448)  +          Kuruka  Unspecified (1772448) 19067904 19069112
  252 16.66  1.82  1.82            FR997737.1   786904   786958 (20054602)  C          Kuruka  Unspecified (20054602)   786904   786958
  739 38.11  2.54  2.62            FR997737.1  3457583  3458765 (17382795)  C          Kuruka  Unspecified (17382795)  3457583  3458765
  834 36.72  3.53  4.74            FR997737.1  9462323  9463454 (11378106)  C          Kuruka  Unspecified (11378106)  9462323  9463454
  381 36.28  4.55  1.58            FR997737.1 12843305 12843612 (7997948)  C          Kuruka  Unspecified (7997948) 12843305 12843612
  320 33.90  3.55  5.74            FR997737.1 18139599 18139936 (2701624)  C          Kuruka  Unspecified (2701624) 18139599 18139936
  230 33.07  1.59  1.59            FR997737.1 20703413 20703538 (138022)  C          Kuruka  Unspecified (138022) 20703413 20703538
  350 33.46  3.30  3.68            FR997738.1  8598585  8598857 (12095541)  +          Kuruka  Unspecified (12095541)  8598585  8598857
  397 36.28  4.55  1.58            FR997738.1 13614228 13614535 (7079863)  +          Kuruka  Unspecified (7079863) 13614228 13614535
  802 32.49  3.17  3.17            FR997738.1 14505949 14506809 (6188103)  +          Kuruka  Unspecified (6188103) 14505949 14506809
  304 32.21  1.97  1.97            FR997738.1 15261249 15261400 (5432998)  +          Kuruka  Unspecified (5432998) 15261249 15261400
  258 34.60  6.40  5.43            FR997738.1 15261712 15262258 (5432140)  +          Kuruka  Unspecified (5432140) 15261712 15262258
 1683 35.20  2.12  2.20            FR997738.1  1505683  1506957 (19187441)  C          Kuruka  Unspecified (19187441)  1505683  1506957
  342 35.64  2.36  2.77            FR997738.1  1890147  1890400 (18803998)  C          Kuruka  Unspecified (18803998)  1890147  1890400
  243 35.37  3.52  3.92            FR997738.1  3663433  3663688 (17030710)  C          Kuruka  Unspecified (17030710)  3663433  3663688
  798 36.72  3.53  4.74            FR997738.1  4745388  4746519 (15947879)  C          Kuruka  Unspecified (15947879)  4745388  4746519
  332 33.85  3.30  3.68            FR997738.1 12710239 12710511 (7983887)  C          Kuruka  Unspecified (7983887) 12710239 12710511
  332 33.85  3.30  3.68            FR997738.1 12717248 12717520 (7976878)  C          Kuruka  Unspecified (7976878) 12717248 12717520
  338 33.33  1.32  1.32            FR997738.1 14585904 14586055 (6108343)  C          Kuruka  Unspecified (6108343) 14585904 14586055
 1994 35.29  2.12  2.20            FR997738.1 14729173 14730447 (5963951)  C          Kuruka  Unspecified (5963951) 14729173 14730447
  782 36.82  3.53  4.74            FR997738.1 14819863 14820994 (5873404)  C          Kuruka  Unspecified (5873404) 14819863 14820994
  276 25.11  0.00  0.00            FR997738.1 15177360 15177609 (5516955)  C          Kuruka  Unspecified (5516955) 15177360 15177609
  308 27.66  2.08  2.08            FR997738.1 15178337 15178480 (5515918)  C          Kuruka  Unspecified (5515918) 15178337 15178480
  390 32.66  3.15  3.56            FR997738.1 15679221 15679474 (5014924)  C          Kuruka  Unspecified (5014924) 15679221 15679474
  349 35.72  2.45  2.87            FR997739.1  6944997  6945241 (13512656)  +          Kuruka  Unspecified (13512656)  6944997  6945241
 1314 38.22  1.77  1.20            FR997739.1 20409399 20410807  (47090)  +          Kuruka  Unspecified  (47090) 20409399 20410807
  354 36.62  4.55  1.58            FR997739.1  1028892  1029199 (19428698)  C          Kuruka  Unspecified (19428698)  1028892  1029199
 1927 34.66  1.65  1.74            FR997739.1  6972491  6973641 (13484256)  C          Kuruka  Unspecified (13484256)  6972491  6973641
  225 31.51  0.00  2.78            FR997739.1 10565544 10565654 (9892243)  C          Kuruka  Unspecified (9892243) 10565544 10565654
  381 36.28  4.55  1.58            FR997739.1 10897501 10897808 (9560089)  C          Kuruka  Unspecified (9560089) 10897501 10897808
  342 34.84  2.94  2.94            FR997739.1 15982015 15982286 (4475611)  C          Kuruka  Unspecified (4475611) 15982015 15982286
 2121 35.20  2.12  2.20            FR997740.1  1466979  1468253 (18987965)  +          Kuruka  Unspecified (18987965)  1466979  1468253
  390 32.66  3.15  3.56            FR997740.1  1757801  1758054 (18698164)  +          Kuruka  Unspecified (18698164)  1757801  1758054
  387 36.28  4.55  1.58            FR997740.1 11741243 11741550 (8714668)  +          Kuruka  Unspecified (8714668) 11741243 11741550
  339 35.47  2.56  2.94            FR997740.1 12008951 12009223 (8446995)  +          Kuruka  Unspecified (8446995) 12008951 12009223
  266 31.26  0.00  1.04            FR997740.1 18630169 18630265 (1825953)  +          Kuruka  Unspecified (1825953) 18630169 18630265
  316 35.06  0.00  0.00            FR997740.1  9756677  9756830 (10699388)  C          Kuruka  Unspecified (10699388)  9756677  9756830
 1813 35.43  1.48  1.57            FR997740.1 19538853 19540002 (916216)  C          Kuruka  Unspecified (916216) 19538853 19540002
 2382 32.55  2.73  2.81            FR997740.1 20056243 20057522 (398696)  C          Kuruka  Unspecified (398696) 20056243 20057522
 1673 35.20  2.12  2.20            FR997741.1    86192    87466 (20061946)  +          Kuruka  Unspecified (20061946)    86192    87466
 1400 36.31  2.54  2.62            FR997741.1  3765056  3766356 (16383056)  +          Kuruka  Unspecified (16383056)  3765056  3766356
 1776 34.81  2.67  2.67            FR997741.1  3916743  3917902 (16231510)  +          Kuruka  Unspecified (16231510)  3916743  3917902
  483 32.69  2.66  3.45            FR997741.1  4023032  4023294 (16126118)  +          Kuruka  Unspecified (16126118)  4023032  4023294
  238 26.31  1.30  1.30            FR997741.1  4815859  4815935 (15333477)  +          Kuruka  Unspecified (15333477)  4815859  4815935
  226 29.00  2.91  2.91            FR997741.1  4816672  4816774 (15332638)  +          Kuruka  Unspecified (15332638)  4816672  4816774
 1976 35.67  1.85  1.93            FR997741.1 15681982 15683276 (4466136)  +          Kuruka  Unspecified (4466136) 15681982 15683276
  543 33.20  1.95  2.35            FR997741.1    39962    40217 (20109195)  C          Kuruka  Unspecified (20109195)    39962    40217
  777 38.30  2.37  2.45            FR997741.1  3755736  3756918 (16392494)  C          Kuruka  Unspecified (16392494)  3755736  3756918
  326 33.06  4.38  4.80            FR997741.1  4309483  4309733 (15839679)  C          Kuruka  Unspecified (15839679)  4309483  4309733
  260 28.48  3.97  4.67            FR997741.1  4880746  4880896 (15268516)  C          Kuruka  Unspecified (15268516)  4880746  4880896
  280 25.54  2.06  3.12            FR997741.1  5688612  5688708 (14460704)  C          Kuruka  Unspecified (14460704)  5688612  5688708
  237 34.27  0.91  1.83            FR997741.1  7672933  7673042 (12476370)  C          Kuruka  Unspecified (12476370)  7672933  7673042
  234 26.31  1.30  1.30            FR997741.1  8764340  8764416 (11384996)  C          Kuruka  Unspecified (11384996)  8764340  8764416
  397 36.28  4.55  1.58            FR997741.1 11183635 11183942 (8965470)  C          Kuruka  Unspecified (8965470) 11183635 11183942
 2305 32.75  2.58  2.66            FR997742.1  2600228  2601507 (17504676)  +          Kuruka  Unspecified (17504676)  2600228  2601507
  544 36.85  1.10  1.10            FR997742.1  6062414  6063686 (14043408)  +          Kuruka  Unspecified (14043408)  6062414  6063686
  381 36.28  4.55  1.58            FR997742.1  7014043  7014350 (13091833)  +          Kuruka  Unspecified (13091833)  7014043  7014350
  373 36.28  4.55  1.58            FR997742.1  7016703  7017010 (13089173)  +          Kuruka  Unspecified (13089173)  7016703  7017010
  381 36.28  4.55  1.58            FR997742.1  7022436  7022743 (13083440)  +          Kuruka  Unspecified (13083440)  7022436  7022743
  295 36.46  1.97  1.97            FR997742.1 12458488 12458792 (7647391)  +          Kuruka  Unspecified (7647391) 12458488 12458792
  539 32.80  1.95  2.35            FR997742.1 18211286 18211541 (1894642)  +          Kuruka  Unspecified (1894642) 18211286 18211541
  225 31.51  0.00  2.78            FR997742.1 18799387 18799497 (1306686)  +          Kuruka  Unspecified (1306686) 18799387 18799497
  342 34.84  2.94  2.94            FR997742.1 19374857 19375128 (731055)  +          Kuruka  Unspecified (731055) 19374857 19375128
  342 34.84  2.94  2.94            FR997742.1  9842881  9843152 (10263031)  C          Kuruka  Unspecified (10263031)  9842881  9843152
  225 31.51  0.00  2.78            FR997742.1 10700279 10700389 (9405794)  C          Kuruka  Unspecified (9405794) 10700279 10700389
 1908 33.15  2.58  2.66            FR997742.1 16325051 16326330 (3779853)  C          Kuruka  Unspecified (3779853) 16325051 16326330
  772 37.95  2.97  4.12            FR997742.1 20030037 20031215  (74968)  C          Kuruka  Unspecified  (74968) 20030037 20031215
  502 33.69  4.59  3.75            FR997743.1   240474   240843 (19064724)  +          Kuruka  Unspecified (19064724)   240474   240843
  225 31.51  0.00  2.78            FR997743.1 17567726 17567836 (1737731)  +          Kuruka  Unspecified (1737731) 17567726 17567836
 1959 34.55  2.00  2.09            FR997743.1   485436   486585 (18818982)  C          Kuruka  Unspecified (18818982)   485436   486585
  764 33.90  2.16  2.40            FR997743.1   492670   493086 (18812481)  C          Kuruka  Unspecified (18812481)   492670   493086
 1283 33.64  1.94  1.94            FR997743.1   494950   495619 (18809948)  C          Kuruka  Unspecified (18809948)   494950   495619
  381 36.28  4.55  1.58            FR997743.1  3778072  3778379 (15527188)  C          Kuruka  Unspecified (15527188)  3778072  3778379
  500 29.87  4.25  3.05            FR997743.1  8646528  8646786 (10658781)  C          Kuruka  Unspecified (10658781)  8646528  8646786
  276 36.85  1.41  1.89            FR997743.1  9394868  9395080 (9910487)  C          Kuruka  Unspecified (9910487)  9394868  9395080
 1698 35.06  2.73  2.82            FR997743.1 15266275 15267410 (4038157)  C          Kuruka  Unspecified (4038157) 15266275 15267410
 1970 32.95  3.20  3.29            FR997743.1 18363773 18365021 (940546)  C          Kuruka  Unspecified (940546) 18363773 18365021
  338 37.10  1.73  2.08            FR997744.1  5102194  5102482 (14106240)  +          Kuruka  Unspecified (14106240)  5102194  5102482
 1449 33.44  1.90  2.35            FR997744.1 12788526 12789208 (6419514)  +          Kuruka  Unspecified (6419514) 12788526 12789208
  957 31.86  0.28  0.28            FR997744.1 14583787 14584148 (4624574)  +          Kuruka  Unspecified (4624574) 14583787 14584148
 1025 36.30  1.39  1.53            FR997744.1 14584605 14585323 (4623399)  +          Kuruka  Unspecified (4623399) 14584605 14585323
  280 28.57  0.00  0.00            FR997744.1 18498764 18498840 (709882)  +          Kuruka  Unspecified (709882) 18498764 18498840
  298 32.21  1.97  1.97            FR997744.1   375971   376122 (18832600)  C          Kuruka  Unspecified (18832600)   375971   376122
  304 36.12  1.97  1.97            FR997744.1  1234368  1234672 (17974050)  C          Kuruka  Unspecified (17974050)  1234368  1234672
 1921 32.77  2.65  2.81            FR997744.1  7348231  7349511 (11859211)  C          Kuruka  Unspecified (11859211)  7348231  7349511
 2021 35.43  1.85  1.93            FR997744.1  7535493  7536787 (11671935)  C          Kuruka  Unspecified (11671935)  7535493  7536787
  233 36.69  1.16  1.75            FR997744.1 14648032 14648203 (4560519)  C          Kuruka  Unspecified (4560519) 14648032 14648203
  316 32.85  0.00  0.00            FR997745.1  1547385  1547521 (16387729)  +          Kuruka  Unspecified (16387729)  1547385  1547521
 2016 35.20  2.12  2.20            FR997745.1  2022492  2023766 (15911484)  +          Kuruka  Unspecified (15911484)  2022492  2023766
  401 32.13  2.63  3.08            FR997745.1 10060062 10060289 (7874961)  +          Kuruka  Unspecified (7874961) 10060062 10060289
 1997 33.12  2.96  3.04            FR997745.1 10637310 10638558 (7296692)  +          Kuruka  Unspecified (7296692) 10637310 10638558
 1847 34.52  1.91  2.00            FR997745.1 11703250 11704399 (6230851)  +          Kuruka  Unspecified (6230851) 11703250 11704399
 1925 33.34  3.01  3.36            FR997745.1  2322851  2324014 (15611236)  C          Kuruka  Unspecified (15611236)  2322851  2324014
  397 36.28  4.55  1.58            FR997745.1  6451055  6451362 (11483888)  C          Kuruka  Unspecified (11483888)  6451055  6451362
 1924 33.10  3.09  3.45            FR997745.1  8448167  8449330 (9485920)  C          Kuruka  Unspecified (9485920)  8448167  8449330
 1981 34.97  2.60  2.20            FR997745.1 13197957 13199225 (4736025)  C          Kuruka  Unspecified (4736025) 13197957 13199225
  801 38.22  2.37  2.45            FR997745.1 15843914 15845096 (2090154)  C          Kuruka  Unspecified (2090154) 15843914 15845096
 2330 32.39  2.73  2.81            FR997745.1 17181528 17182807 (752443)  C          Kuruka  Unspecified (752443) 17181528 17182807
  316 32.85  0.00  0.00            FR997745.1 17705600 17705736 (229514)  C          Kuruka  Unspecified (229514) 17705600 17705736
  237 31.53  1.77  1.77            FR997746.1  4240024  4240136 (13238810)  +          Kuruka  Unspecified (13238810)  4240024  4240136
  381 36.28  4.55  1.58            FR997746.1  5966304  5966611 (11512335)  +          Kuruka  Unspecified (11512335)  5966304  5966611
  381 36.28  4.55  1.58            FR997746.1  7150105  7150412 (10328534)  +          Kuruka  Unspecified (10328534)  7150105  7150412
  342 34.84  2.94  2.94            FR997746.1 10676199 10676470 (6802476)  C          Kuruka  Unspecified (6802476) 10676199 10676470
  798 36.72  3.53  4.74            FR997747.1  3961210  3962341 (11008682)  +          Kuruka  Unspecified (11008682)  3961210  3962341
 1898 35.67  1.85  1.93            FR997747.1  6335338  6336632 (8634391)  +          Kuruka  Unspecified (8634391)  6335338  6336632
  249 24.14  0.00  0.00            FR997747.1  6573718  6573775 (8397248)  +          Kuruka  Unspecified (8397248)  6573718  6573775
 2016 35.20  2.12  2.20            FR997747.1 14277737 14279011 (692012)  +          Kuruka  Unspecified (692012) 14277737 14279011
  301 32.83  5.02  5.02            FR997748.1  2181693  2181971 (12481365)  C          Kuruka  Unspecified (12481365)  2181693  2181971
 1905 33.15  2.58  2.66            FR997748.1  3165690  3166969 (11496367)  C          Kuruka  Unspecified (11496367)  3165690  3166969
  381 36.28  4.55  1.58            FR997748.1  5548063  5548370 (9114966)  C          Kuruka  Unspecified (9114966)  5548063  5548370
  342 34.84  2.94  2.94            FR997748.1  9484529  9484800 (5178536)  C          Kuruka  Unspecified (5178536)  9484529  9484800
  755 38.39  2.37  2.45            FR997749.1   614864   616046 (12632863)  +          Kuruka  Unspecified (12632863)   614864   616046
 1623 35.49  1.91  1.84            FR997749.1  3565532  3566837 (9682072)  +          Kuruka  Unspecified (9682072)  3565532  3566837
 1850 34.52  1.91  2.00            FR997749.1  5369455  5370604 (7878305)  +          Kuruka  Unspecified (7878305)  5369455  5370604
  794 38.22  2.37  2.45            FR997749.1  6264531  6265713 (6983196)  +          Kuruka  Unspecified (6983196)  6264531  6265713
  320 30.39  6.81  6.81            FR997749.1  7411419  7411697 (5837212)  +          Kuruka  Unspecified (5837212)  7411419  7411697
  269 33.44  6.95  5.98            FR997749.1  7412009  7412555 (5836354)  +          Kuruka  Unspecified (5836354)  7412009  7412555
 1597 35.47  1.42  1.51            FR997749.1  5002569  5003696 (8245213)  C          Kuruka  Unspecified (8245213)  5002569  5003696
  316 32.85  0.00  0.00            FR997749.1  5559567  5559703 (7689206)  C          Kuruka  Unspecified (7689206)  5559567  5559703
  397 34.62  3.78  2.92            FR997749.1  5891248  5891485 (7357424)  C          Kuruka  Unspecified (7357424)  5891248  5891485
  260 34.32  2.31  2.31            FR997749.1  6593269  6593441 (6655468)  C          Kuruka  Unspecified (6655468)  6593269  6593441
  245 36.46  0.55  0.55            FR997749.1  6715825  6716006 (6532903)  C          Kuruka  Unspecified (6532903)  6715825  6716006
 2284 32.47  2.73  2.81            FR997749.1  6960539  6961818 (6287091)  C          Kuruka  Unspecified (6287091)  6960539  6961818
  301 32.83  5.02  5.02            FR997749.1 11886661 11886939 (1361970)  C          Kuruka  Unspecified (1361970) 11886661 11886939
  293 36.46  1.97  1.97            FR997749.1 13065132 13065436 (183473)  C          Kuruka  Unspecified (183473) 13065132 13065436
  295 36.46  1.97  1.97            FR997750.1  1462114  1462418 (10756861)  +          Kuruka  Unspecified (10756861)  1462114  1462418
  411 32.13  2.63  3.08            FR997750.1   249597   249824 (11969455)  C          Kuruka  Unspecified (11969455)   249597   249824
  663 36.77  1.52  1.69            FR997750.1  4366739  4367330 (7851949)  C          Kuruka  Unspecified (7851949)  4366739  4367330
  992 31.26  2.54  2.34            FR997750.1  4369167  4369677 (7849602)  C          Kuruka  Unspecified (7849602)  4369167  4369677
 1724 32.95  2.96  3.04            FR997750.1 10679988 10681236 (1538043)  C          Kuruka  Unspecified (1538043) 10679988 10681236
  293 37.20  0.00  0.00            FR997751.1   176810   176973 (11923871)  +          Kuruka  Unspecified (11923871)   176810   176973
  266 31.26  0.00  1.04            FR997751.1  2487946  2488042 (9612802)  +          Kuruka  Unspecified (9612802)  2487946  2488042
  257 32.21  1.97  1.97            FR997751.1 11053626 11053777 (1047067)  +          Kuruka  Unspecified (1047067) 11053626 11053777
  229 27.50  1.23  1.23            FR997751.1 11390470 11390550 (710294)  +          Kuruka  Unspecified (710294) 11390470 11390550
  301 32.83  5.02  5.02            FR997751.1  1492067  1492345 (10608499)  C          Kuruka  Unspecified (10608499)  1492067  1492345
 1925 33.34  3.01  3.36            FR997751.1  7551772  7552935 (4547909)  C          Kuruka  Unspecified (4547909)  7551772  7552935
 1654 35.07  2.73  2.81            FR997752.1  2121185  2122393 (8878754)  +          Kuruka  Unspecified (8878754)  2121185  2122393
  397 36.28  4.55  1.58            FR997752.1  3721258  3721565 (7279582)  +          Kuruka  Unspecified (7279582)  3721258  3721565
  390 32.66  3.15  3.56            FR997752.1  7515189  7515442 (3485705)  +          Kuruka  Unspecified (3485705)  7515189  7515442
  234 16.66  1.82  1.82            FR997752.1  3444008  3444062 (7557085)  C          Kuruka  Unspecified (7557085)  3444008  3444062
  357 35.20  2.91  2.91            FR997752.1  8957920  8958194 (2042953)  C          Kuruka  Unspecified (2042953)  8957920  8958194
 1683 35.20  2.12  2.20            FR997752.1  9138292  9139566 (1861581)  C          Kuruka  Unspecified (1861581)  9138292  9139566
