   351 33.48 6.19 6.40    CATKWJ010000338.1     33929     34429  (12347) +               Kuruka     Unspecified    3945    4444  (4389)    
  1761 34.23 2.45 2.55    CATKWJ010000450.1     30395     31455  (47463) +               Kuruka     Unspecified    3525    4584  (4249)    
   552 36.78 3.58 3.68    CATKWJ010000716.1     12331     13363  (53606) C               Kuruka     Unspecified  (4191)    4642    3611    
   337 33.13 6.39 6.60    CATKWJ010000718.1      7213      7713  (22130) +               Kuruka     Unspecified    3945    4444  (4389)    
  1627 34.34 2.45 2.55    CATKWJ010000767.1     11796     12856  (27540) C               Kuruka     Unspecified  (4249)    4584    3525    
   267 34.09 6.03 5.03    CATKWJ010000840.1     42438     42752  (35472) C               Kuruka     Unspecified  (4477)    4356    4039    
  1617 35.06 1.79 1.89    CATKWJ010000985.1     20449     21509  (18106) +               Kuruka     Unspecified    3525    4584  (4249)    
   306 34.05 5.99 6.20    CATKWJ010000998.1     66197     66697  (12570) +               Kuruka     Unspecified    3945    4444  (4389)    
   289 32.56 6.28 6.54    CATKWJ010001043.1     30444     30857  (65331) C               Kuruka     Unspecified  (4389)    4444    4032    
   953 36.70 2.46 2.55    CATKWJ010001050.1     52581     53718  (14294) C               Kuruka     Unspecified  (4190)    4643    3507    
  1761 34.23 2.45 2.55           OX463838.1   2685357   2686417 (60817276) +               Kuruka     Unspecified    3525    4584  (4249)    
   272 33.32 6.57 5.48           OX463838.1   5529811   5530099 (57973594) C               Kuruka     Unspecified  (4503)    4330    4039    
   306 34.05 5.99 6.20           OX463838.1   7236330   7236830 (56266863) +               Kuruka     Unspecified    3945    4444  (4389)    
   306 34.05 5.99 6.20           OX463838.1   9637301   9637801 (53865892) C               Kuruka     Unspecified  (4389)    4444    3945    
  1315 37.37 1.13 1.32           OX463838.1  11931251  11932313 (51571380) C               Kuruka     Unspecified  (4278)    4555    3495    
   290 34.39 5.98 1.53           OX463838.1  14387961  14388211 (49115482) C               Kuruka     Unspecified  (4289)    4544    4283    
   306 34.05 5.99 6.20           OX463838.1  16027914  16028414 (47475279) C               Kuruka     Unspecified  (4389)    4444    3945    
   902 36.76 2.64 2.73           OX463838.1  20785918  20787055 (42716638) C               Kuruka     Unspecified  (4190)    4643    3507    
  1758 34.08 2.54 2.64           OX463838.1  22617420  22618480 (40885213) +               Kuruka     Unspecified    3525    4584  (4249)    
   306 34.97 6.01 5.18           OX463838.1  34838466  34838848 (28664845) +               Kuruka     Unspecified    3945    4330  (4503)    
  1761 34.23 2.45 2.55           OX463838.1  35627626  35628686 (27875007) +               Kuruka     Unspecified    3525    4584  (4249)    
  1761 34.23 2.45 2.55           OX463838.1  35947106  35948166 (27555527) C               Kuruka     Unspecified  (4249)    4584    3525    
   524 35.99 1.09 1.09           OX463838.1  37978506  37978873 (25524820) C               Kuruka     Unspecified  (4500)    4333    3966    
   496 35.05 1.69 1.69           OX463838.1  37979038  37979333 (25524360) C               Kuruka     Unspecified  (5031)    3802    3507    
   306 34.05 5.99 6.20           OX463838.1  53864159  53864659 (9639034) C               Kuruka     Unspecified  (4389)    4444    3945    
   232 22.38 5.88 1.41           OX463838.1  59553638  59553705 (3949988) C               Kuruka     Unspecified  (5889)    2944    2874    
  1745 34.34 2.45 2.55           OX463839.1   3580515   3581575 (54570899) +               Kuruka     Unspecified    3525    4584  (4249)    
   306 34.05 5.99 6.20           OX463839.1  13507968  13508468 (44644006) C               Kuruka     Unspecified  (4389)    4444    3945    
   306 34.05 5.99 6.20           OX463839.1  14110193  14110693 (44041781) C               Kuruka     Unspecified  (4389)    4444    3945    
  1761 34.23 2.45 2.55           OX463839.1  15238936  15239996 (42912478) C               Kuruka     Unspecified  (4249)    4584    3525    
   252 34.09 6.03 5.03           OX463839.1  16651346  16651660 (41500814) C               Kuruka     Unspecified  (4477)    4356    4039    
  1761 34.23 2.45 2.55           OX463839.1  26978331  26979391 (31173083) C               Kuruka     Unspecified  (4249)    4584    3525    
  1309 37.56 1.13 1.23           OX463839.1  29488874  29489935 (28662539) +               Kuruka     Unspecified    3495    4555  (4278)    
  1761 34.23 2.45 2.55           OX463839.1  35705292  35706352 (22446122) C               Kuruka     Unspecified  (4249)    4584    3525    
   306 34.05 5.99 6.20           OX463839.1  41247767  41248267 (16904207) +               Kuruka     Unspecified    3945    4444  (4389)    
   306 34.05 5.99 6.20           OX463839.1  41539745  41540245 (16612229) C               Kuruka     Unspecified  (4389)    4444    3945    
   306 34.05 5.99 6.20           OX463839.1  42456099  42456599 (15695875) C               Kuruka     Unspecified  (4389)    4444    3945    
   318 33.84 5.99 6.20           OX463839.1  48956260  48956760 (9195714) +               Kuruka     Unspecified    3945    4444  (4389)    
   308 33.41 5.99 6.20           OX463839.1  55316059  55316559 (2835915) C               Kuruka     Unspecified  (4389)    4444    3945    
   361 32.91 6.39 6.60           OX463840.1   1999644   2000144 (53648210) +               Kuruka     Unspecified    3945    4444  (4389)    
   507 35.05 1.69 1.69           OX463840.1  20680853  20681148 (34967206) +               Kuruka     Unspecified    3507    3802  (5031)    
   451 33.69 0.52 0.52           OX463840.1  27342235  27342428 (28305926) +               Kuruka     Unspecified    3507    3700  (5133)    
   528 38.20 1.91 2.06           OX463840.1  27344279  27344957 (28303397) +               Kuruka     Unspecified    3966    4643  (4190)    
  1330 37.27 1.13 1.32           OX463840.1  33526662  33527724 (22120630) +               Kuruka     Unspecified    3495    4555  (4278)    
   306 34.05 5.99 6.20           OX463840.1  40848838  40849338 (14799016) +               Kuruka     Unspecified    3945    4444  (4389)    
   286 34.26 5.99 6.20           OX463840.1  42307872  42308372 (13339982) +               Kuruka     Unspecified    3945    4444  (4389)    
  1761 34.23 2.45 2.55           OX463840.1  43077476  43078536 (12569818) +               Kuruka     Unspecified    3525    4584  (4249)    
  1688 33.95 2.43 3.30           OX463840.1  44551575  44552643 (11095711) C               Kuruka     Unspecified  (4249)    4584    3525    
   868 36.86 2.64 2.73           OX463840.1  46893828  46894965 (8753389) C               Kuruka     Unspecified  (4190)    4643    3507    
  1676 34.69 1.78 2.64           OX463840.1  49519449  49520517 (6127837) C               Kuruka     Unspecified  (4249)    4584    3525    
   268 34.48 5.99 6.20           OX463840.1  49598200  49598700 (6049654) C               Kuruka     Unspecified  (4389)    4444    3945    
  1345 37.47 1.13 1.23           OX463841.1   2043751   2044812 (53845060) C               Kuruka     Unspecified  (4278)    4555    3495    
  1761 34.23 2.45 2.55           OX463841.1   3072083   3073143 (52816729) C               Kuruka     Unspecified  (4249)    4584    3525    
   267 34.09 6.03 5.03           OX463841.1   7335166   7335480 (48554392) C               Kuruka     Unspecified  (4477)    4356    4039    
   944 36.70 2.46 2.55           OX463841.1  30720656  30721793 (25168079) C               Kuruka     Unspecified  (4190)    4643    3507    
   306 34.05 5.99 6.20           OX463841.1  39599684  39600184 (16289688) C               Kuruka     Unspecified  (4389)    4444    3945    
   258 33.68 6.57 5.48           OX463841.1  41520469  41520757 (14369115) C               Kuruka     Unspecified  (4503)    4330    4039    
   247 33.68 6.57 5.48           OX463841.1  43987302  43987590 (11902282) +               Kuruka     Unspecified    4039    4330  (4503)    
  1761 34.23 2.45 2.55           OX463841.1  46457742  46458802 (9431070) +               Kuruka     Unspecified    3525    4584  (4249)    
  1167 37.00 1.86 3.02           OX463842.1   4031421   4032493 (49812842) +               Kuruka     Unspecified    3495    4555  (4278)    
   913 36.59 2.64 2.73           OX463842.1  22542537  22543674 (31301661) +               Kuruka     Unspecified    3507    4643  (4190)    
   843 36.59 2.90 2.99           OX463842.1  26656293  26657430 (27187905) +               Kuruka     Unspecified    3507    4643  (4190)    
  1361 37.37 1.13 1.23           OX463842.1  27654762  27655823 (26189512) +               Kuruka     Unspecified    3495    4555  (4278)    
   295 34.26 5.99 6.20           OX463842.1  30933014  30933514 (22911821) +               Kuruka     Unspecified    3945    4444  (4389)    
   306 34.05 5.99 6.20           OX463842.1  35721940  35722440 (18122895) +               Kuruka     Unspecified    3945    4444  (4389)    
   306 34.05 5.99 6.20           OX463842.1  35724274  35724774 (18120561) +               Kuruka     Unspecified    3945    4444  (4389)    
   839 36.62 2.44 3.25           OX463842.1  36847863  36849008 (16996327) +               Kuruka     Unspecified    3507    4643  (4190)    
   321 34.40 5.79 6.00           OX463842.1  43915382  43915882 (9929453) C               Kuruka     Unspecified  (4389)    4444    3945    
   318 33.84 5.99 6.20           OX463842.1  44372536  44373036 (9472299) C               Kuruka     Unspecified  (4389)    4444    3945    
   296 34.48 5.99 6.20           OX463842.1  45007989  45008489 (8836846) C               Kuruka     Unspecified  (4389)    4444    3945    
   306 34.05 5.99 6.20           OX463842.1  51413647  51414147 (2431188) C               Kuruka     Unspecified  (4389)    4444    3945    
   286 34.26 5.99 6.20           OX463842.1  53115582  53116082 (729253) C               Kuruka     Unspecified  (4389)    4444    3945    
   245 33.68 6.57 5.48           OX463842.1  53141074  53141362 (703973) C               Kuruka     Unspecified  (4503)    4330    4039    
  1309 37.56 1.13 1.23           OX463843.1   1087574   1088635 (51858075) C               Kuruka     Unspecified  (4278)    4555    3495    
   720 32.47 0.37 0.74           OX463843.1   3307090   3307362 (49639348) +               Kuruka     Unspecified    4284    4555  (4278)    
   280 34.26 5.99 6.20           OX463843.1   7701164   7701664 (45245046) C               Kuruka     Unspecified  (4389)    4444    3945    
   318 33.84 5.99 6.20           OX463843.1   7895276   7895776 (45050934) C               Kuruka     Unspecified  (4389)    4444    3945    
  1711 34.43 2.45 2.55           OX463843.1  19254275  19255335 (33691375) C               Kuruka     Unspecified  (4249)    4584    3525    
   903 37.03 2.52 2.61           OX463843.1  27226723  27227873 (25718837) +               Kuruka     Unspecified    3507    4656  (4177)    
  1361 37.37 1.13 1.23           OX463843.1  36926565  36927626 (16019084) +               Kuruka     Unspecified    3495    4555  (4278)    
   599 38.30 2.41 2.50           OX463843.1  40057861  40058982 (12887728) C               Kuruka     Unspecified  (4177)    4656    3536    
  1761 34.23 2.45 2.55           OX463843.1  47380814  47381874 (5564836) +               Kuruka     Unspecified    3525    4584  (4249)    
   283 32.95 6.57 5.48           OX463844.1   9675880   9676168 (42099179) C               Kuruka     Unspecified  (4503)    4330    4039    
   272 33.32 6.57 5.48           OX463844.1   9866332   9866620 (41908727) +               Kuruka     Unspecified    4039    4330  (4503)    
   317 34.70 6.01 5.18           OX463844.1  24940944  24941326 (26834021) +               Kuruka     Unspecified    3945    4330  (4503)    
  1744 34.34 2.45 2.55           OX463844.1  26186934  26187994 (25587353) C               Kuruka     Unspecified  (4249)    4584    3525    
   523 34.60 2.36 2.36           OX463844.1  26589229  26589524 (25185823) +               Kuruka     Unspecified    3507    3802  (5031)    
   547 37.66 2.06 2.51           OX463844.1  26589688  26590368 (25184979) +               Kuruka     Unspecified    3966    4643  (4190)    
   762 37.54 2.33 2.61           OX463844.1  38227236  38228351 (13546996) +               Kuruka     Unspecified    3531    4643  (4190)    
   271 33.77 6.39 6.60           OX463844.1  43751592  43752092 (8023255) C               Kuruka     Unspecified  (4389)    4444    3945    
   306 34.05 5.99 6.20           OX463844.1  48084670  48085170 (3690177) +               Kuruka     Unspecified    3945    4444  (4389)    
  1345 37.47 1.13 1.23           OX463845.1  11817730  11818791 (37102797) +               Kuruka     Unspecified    3495    4555  (4278)    
   236 33.32 6.53 6.16           OX463845.1  35882186  35882476 (13039112) +               Kuruka     Unspecified    4039    4330  (4503)    
   238 34.43 6.03 5.03           OX463845.1  39583138  39583452 (9338136) +               Kuruka     Unspecified    4039    4356  (4477)    
   306 34.05 5.99 6.20           OX463845.1  40620995  40621495 (8300093) +               Kuruka     Unspecified    3945    4444  (4389)    
  1761 34.23 2.45 2.55           OX463845.1  47637036  47638096 (1283492) +               Kuruka     Unspecified    3525    4584  (4249)    
  1310 37.56 1.13 1.23           OX463845.1  48745400  48746461 (175127) +               Kuruka     Unspecified    3495    4555  (4278)    
  1321 37.56 1.13 1.23           OX463846.1    790764    791825 (47257781) C               Kuruka     Unspecified  (4278)    4555    3495    
   257 33.06 6.94 5.48           OX463846.1   2950632   2950919 (45098687) C               Kuruka     Unspecified  (4503)    4330    4039    
  1770 34.14 2.45 2.55           OX463846.1   3772377   3773437 (44276169) +               Kuruka     Unspecified    3525    4584  (4249)    
  1750 34.97 1.79 1.89           OX463846.1  14685480  14686540 (33363066) +               Kuruka     Unspecified    3525    4584  (4249)    
   306 34.05 5.99 6.20           OX463846.1  17639949  17640449 (30409157) C               Kuruka     Unspecified  (4389)    4444    3945    
   271 34.05 6.57 5.48           OX463846.1  18380101  18380389 (29669217) C               Kuruka     Unspecified  (4503)    4330    4039    
  1761 34.23 2.45 2.55           OX463846.1  21001802  21002862 (27046744) +               Kuruka     Unspecified    3525    4584  (4249)    
   287 34.26 5.99 6.20           OX463846.1  22001610  22002110 (26047496) C               Kuruka     Unspecified  (4389)    4444    3945    
  1761 34.23 2.45 2.55           OX463846.1  22196358  22197418 (25852188) +               Kuruka     Unspecified    3525    4584  (4249)    
  1761 34.23 2.45 2.55           OX463846.1  27810320  27811380 (20238226) C               Kuruka     Unspecified  (4249)    4584    3525    
   306 34.05 5.99 6.20           OX463846.1  30774776  30775276 (17274330) +               Kuruka     Unspecified    3945    4444  (4389)    
   299 34.05 5.99 6.20           OX463847.1   4502511   4503011 (42270012) C               Kuruka     Unspecified  (4389)    4444    3945    
   894 37.21 2.37 2.46           OX463847.1  11590881  11592018 (35181005) +               Kuruka     Unspecified    3507    4643  (4190)    
   248 33.08 6.28 6.54           OX463847.1  14244492  14244905 (32528118) C               Kuruka     Unspecified  (4389)    4444    4032    
   356 33.41 5.99 6.20           OX463847.1  14726119  14726619 (32046404) +               Kuruka     Unspecified    3945    4444  (4389)    
   306 34.05 5.99 6.20           OX463847.1  22879051  22879551 (23893472) C               Kuruka     Unspecified  (4389)    4444    3945    
   260 33.34 6.28 6.54           OX463847.1  22993813  22994226 (23778797) C               Kuruka     Unspecified  (4389)    4444    4032    
   277 34.68 5.99 6.20           OX463847.1  23045504  23046004 (23727019) +               Kuruka     Unspecified    3945    4444  (4389)    
   289 34.48 5.99 6.20           OX463847.1  38046382  38046882 (8726141) C               Kuruka     Unspecified  (4389)    4444    3945    
   384 34.83 2.03 2.03           OX463847.1  38660749  38661044 (8111979) +               Kuruka     Unspecified    3507    3802  (5031)    
  1738 35.06 1.79 1.89           OX463847.1  40110425  40111485 (6661538) +               Kuruka     Unspecified    3525    4584  (4249)    
   286 34.26 5.99 6.20           OX463847.1  40445734  40446234 (6326789) +               Kuruka     Unspecified    3945    4444  (4389)    
  1350 37.37 1.13 1.23           OX463847.1  45651170  45652231 (1120792) +               Kuruka     Unspecified    3495    4555  (4278)    
   852 36.10 2.18 2.18           OX463847.1  45740568  45741394 (1031629) +               Kuruka     Unspecified    3507    4333  (4500)    
   279 34.68 5.99 6.20           OX463848.1   9201046   9201546 (36672477) +               Kuruka     Unspecified    3945    4444  (4389)    
   778 32.16 0.35 0.70           OX463848.1  11986005  11986289 (33887734) C               Kuruka     Unspecified  (4278)    4555    4272    
   607 39.35 1.42 1.29           OX463848.1  11987101  11987875 (33886148) C               Kuruka     Unspecified  (4563)    4270    3495    
   306 34.05 5.99 6.20           OX463848.1  17018067  17018567 (28855456) C               Kuruka     Unspecified  (4389)    4444    3945    
   306 34.05 5.99 6.20           OX463848.1  17422816  17423316 (28450707) +               Kuruka     Unspecified    3945    4444  (4389)    
   316 34.34 6.19 6.40           OX463848.1  22292491  22292991 (23581032) C               Kuruka     Unspecified  (4389)    4444    3945    
  1761 34.23 2.45 2.55           OX463849.1   3402688   3403748 (41591934) C               Kuruka     Unspecified  (4249)    4584    3525    
   306 34.05 5.99 6.20           OX463849.1   4070665   4071165 (40924517) +               Kuruka     Unspecified    3945    4444  (4389)    
   333 34.19 5.79 6.00           OX463849.1   4726318   4726818 (40268864) +               Kuruka     Unspecified    3945    4444  (4389)    
   321 34.40 5.79 6.00           OX463849.1   5589468   5589968 (39405714) C               Kuruka     Unspecified  (4389)    4444    3945    
   287 34.26 5.99 6.20           OX463849.1   8840038   8840538 (36155144) C               Kuruka     Unspecified  (4389)    4444    3945    
   269 34.48 5.99 6.20           OX463849.1  22469391  22469891 (22525791) +               Kuruka     Unspecified    3945    4444  (4389)    
   889 37.21 2.37 2.46           OX463849.1  29291957  29293094 (15702588) +               Kuruka     Unspecified    3507    4643  (4190)    
   836 37.39 2.37 2.46           OX463849.1  36811997  36813134 (8182548) +               Kuruka     Unspecified    3507    4643  (4190)    
   927 36.97 2.37 2.46           OX463849.1  36822441  36823577 (8172105) +               Kuruka     Unspecified    3507    4642  (4191)    
   306 34.05 5.99 6.20           OX463849.1  43847082  43847582 (1148100) C               Kuruka     Unspecified  (4389)    4444    3945    
  1747 34.34 2.45 2.55           OX463849.1  44549467  44550527 (445155) C               Kuruka     Unspecified  (4249)    4584    3525    
   306 34.05 5.99 6.20           OX463850.1   2277914   2278414 (42620214) C               Kuruka     Unspecified  (4389)    4444    3945    
  1761 34.23 2.45 2.55           OX463850.1  11495153  11496213 (33402415) +               Kuruka     Unspecified    3525    4584  (4249)    
   439 31.33 0.60 0.60           OX463850.1  13028895  13029061 (31869567) C               Kuruka     Unspecified  (5160)    3673    3507    
   438 34.97 2.39 2.39           OX463850.1  13035001  13035293 (31863335) C               Kuruka     Unspecified  (5034)    3799    3507    
   657 37.27 2.99 3.08           OX463850.1  13039407  13040544 (31858084) C               Kuruka     Unspecified  (4190)    4643    3507    
   272 33.32 6.57 5.48           OX463850.1  18046607  18046895 (26851733) +               Kuruka     Unspecified    4039    4330  (4503)    
   306 34.05 5.99 6.20           OX463850.1  19543386  19543886 (25354742) C               Kuruka     Unspecified  (4389)    4444    3945    
   878 36.86 2.64 2.73           OX463850.1  23417934  23419071 (21479557) +               Kuruka     Unspecified    3507    4643  (4190)    
  1720 34.43 2.45 2.55           OX463850.1  39663778  39664838 (5233790) C               Kuruka     Unspecified  (4249)    4584    3525    
   306 34.05 5.99 6.20           OX463850.1  42854324  42854824 (2043804) +               Kuruka     Unspecified    3945    4444  (4389)    
   239 35.32 5.99 6.20           OX463851.1  17093024  17093524 (27433229) C               Kuruka     Unspecified  (4389)    4444    3945    
   758 35.04 2.75 2.75           OX463851.1  21830082  21830662 (22696091) +               Kuruka     Unspecified    3525    4105  (4728)    
  1730 34.43 2.45 2.55           OX463851.1  25566143  25567203 (18959550) +               Kuruka     Unspecified    3525    4584  (4249)    
   258 34.09 6.03 5.03           OX463851.1  27986663  27986977 (16539776) +               Kuruka     Unspecified    4039    4356  (4477)    
  1734 34.27 2.55 2.55           OX463851.1  28325508  28326567 (16200186) +               Kuruka     Unspecified    3525    4584  (4249)    
  1765 34.23 2.45 2.55           OX463852.1   1070154   1071214 (43266460) C               Kuruka     Unspecified  (4249)    4584    3525    
  1761 34.23 2.45 2.55           OX463852.1  20273313  20274373 (24063301) C               Kuruka     Unspecified  (4249)    4584    3525    
  1421 36.93 1.22 1.32           OX463852.1  22269557  22270618 (22067056) +               Kuruka     Unspecified    3495    4555  (4278)    
   258 33.68 6.57 5.48           OX463852.1  24869895  24870183 (19467491) C               Kuruka     Unspecified  (4503)    4330    4039    
  1761 34.23 2.45 2.55           OX463852.1  32485078  32486138 (11851536) C               Kuruka     Unspecified  (4249)    4584    3525    
   899 37.13 2.41 2.50           OX463852.1  42894025  42895187 (1442487) C               Kuruka     Unspecified  (4165)    4668    3507    
   306 34.05 5.99 6.20           OX463853.1   3234372   3234872 (40329175) C               Kuruka     Unspecified  (4389)    4444    3945    
   302 34.61 5.79 6.00           OX463853.1   4133715   4134215 (39429832) C               Kuruka     Unspecified  (4389)    4444    3945    
   253 34.89 5.99 6.20           OX463853.1   4634956   4635456 (38928591) +               Kuruka     Unspecified    3945    4444  (4389)    
   306 34.05 5.99 6.20           OX463853.1   5271626   5272126 (38291921) +               Kuruka     Unspecified    3945    4444  (4389)    
  1721 34.43 2.45 2.55           OX463853.1   5415376   5416436 (38147611) +               Kuruka     Unspecified    3525    4584  (4249)    
   244 33.43 6.94 5.48           OX463853.1   9758288   9758575 (33805472) C               Kuruka     Unspecified  (4503)    4330    4039    
   296 34.48 5.99 6.20           OX463853.1  10519442  10519942 (33044105) C               Kuruka     Unspecified  (4389)    4444    3945    
   226 31.29 3.03 0.74           OX463853.1  10854056  10854187 (32709860) +               Kuruka     Unspecified    4222    4356  (4477)    
   856 37.56 2.11 2.20           OX463853.1  11608031  11609168 (31954879) C               Kuruka     Unspecified  (4190)    4643    3507    
   287 34.26 5.99 6.20           OX463853.1  14490910  14491410 (29072637) +               Kuruka     Unspecified    3945    4444  (4389)    
   307 33.77 6.04 6.30           OX463853.1  15455299  15455712 (28108335) C               Kuruka     Unspecified  (4389)    4444    4032    
   293 33.92 6.11 6.33           OX463853.1  17114665  17115155 (26448892) +               Kuruka     Unspecified    3945    4434  (4399)    
   272 33.32 6.57 5.48           OX463853.1  17324455  17324743 (26239304) +               Kuruka     Unspecified    4039    4330  (4503)    
   872 37.30 2.37 2.46           OX463853.1  18395421  18396558 (25167489) +               Kuruka     Unspecified    3507    4643  (4190)    
   306 34.05 5.99 6.20           OX463853.1  27931364  27931864 (15632183) C               Kuruka     Unspecified  (4389)    4444    3945    
   783 36.85 3.11 3.57           OX463853.1  30853177  30854527 (12709520) +               Kuruka     Unspecified    3510    4854  (3979)    
   241 34.43 6.03 5.03           OX463853.1  32344014  32344328 (11219719) +               Kuruka     Unspecified    4039    4356  (4477)    
   862 37.30 2.37 2.46           OX463853.1  35907817  35908954 (7655093) C               Kuruka     Unspecified  (4190)    4643    3507    
  1349 37.37 1.13 1.23           OX463853.1  38037798  38038859 (5525188) +               Kuruka     Unspecified    3495    4555  (4278)    
   299 34.48 5.99 6.20           OX463854.1  13097550  13098050 (30459243) C               Kuruka     Unspecified  (4389)    4444    3945    
  1730 34.43 2.45 2.55           OX463854.1  19684819  19685879 (23871414) C               Kuruka     Unspecified  (4249)    4584    3525    
   796 37.20 2.81 2.90           OX463854.1  19845457  19846594 (23710699) +               Kuruka     Unspecified    3507    4643  (4190)    
   298 34.61 5.79 6.00           OX463854.1  25468604  25469104 (18088189) +               Kuruka     Unspecified    3945    4444  (4389)    
   288 34.26 5.99 6.20           OX463854.1  35593006  35593506 (7963787) C               Kuruka     Unspecified  (4389)    4444    3945    
   318 33.84 5.99 6.20           OX463854.1  42900887  42901387 (655906) +               Kuruka     Unspecified    3945    4444  (4389)    
   318 33.84 5.99 6.20           OX463855.1    633564    634064 (41600167) C               Kuruka     Unspecified  (4389)    4444    3945    
   287 34.26 5.99 6.20           OX463855.1   8422739   8423239 (33810992) C               Kuruka     Unspecified  (4389)    4444    3945    
   277 34.48 5.99 6.20           OX463855.1  18136267  18136767 (24097464) C               Kuruka     Unspecified  (4389)    4444    3945    
   272 33.32 6.57 5.48           OX463855.1  18686871  18687159 (23547072) C               Kuruka     Unspecified  (4503)    4330    4039    
   286 34.26 5.99 6.20           OX463855.1  19255642  19256142 (22978089) C               Kuruka     Unspecified  (4389)    4444    3945    
   459 38.79 3.03 1.80           OX463855.1  24890232  24890890 (17343341) C               Kuruka     Unspecified  (4247)    4586    3920    
   472 35.40 1.69 1.69           OX463855.1  24891008  24891303 (17342928) C               Kuruka     Unspecified  (5031)    3802    3507    
   232 26.20 3.85 0.93           OX463856.1    209145    209248 (35671789) C               Kuruka     Unspecified  (4503)    4330    4224    
  1737 34.59 2.36 2.45           OX463856.1   4997319   4998379 (30882658) C               Kuruka     Unspecified  (4249)    4584    3525    
   246 33.68 6.57 5.48           OX463856.1   7425829   7426117 (28454920) C               Kuruka     Unspecified  (4503)    4330    4039    
  1761 34.23 2.45 2.55           OX463856.1   9773455   9774515 (26106522) C               Kuruka     Unspecified  (4249)    4584    3525    
   255 33.68 6.57 5.48           OX463856.1  13383629  13383917 (22497120) +               Kuruka     Unspecified    4039    4330  (4503)    
   318 33.84 5.99 6.20           OX463856.1  13904674  13905174 (21975863) C               Kuruka     Unspecified  (4389)    4444    3945    
   247 33.44 8.13 6.40           OX463856.1  14034051  14034542 (21846495) C               Kuruka     Unspecified  (4389)    4444    3945    
   235 33.60 6.28 6.54           OX463856.1  19895156  19895569 (15985468) C               Kuruka     Unspecified  (4389)    4444    4032    
   854 37.39 2.37 2.46           OX463856.1  22208828  22209965 (13671072) +               Kuruka     Unspecified    3507    4643  (4190)    
   258 33.32 6.57 5.48           OX463856.1  22299086  22299374 (13581663) C               Kuruka     Unspecified  (4503)    4330    4039    
  1761 34.23 2.45 2.55           OX463857.1  12581333  12582393 (22948356) +               Kuruka     Unspecified    3525    4584  (4249)    
   318 33.84 5.99 6.20           OX463857.1  21294150  21294650 (14236099) C               Kuruka     Unspecified  (4389)    4444    3945    
   283 32.95 6.57 5.48           OX463857.1  23033361  23033649 (12497100) +               Kuruka     Unspecified    4039    4330  (4503)    
   306 34.05 5.99 6.20           OX463857.1  31472468  31472968 (4057781) C               Kuruka     Unspecified  (4389)    4444    3945    
   241 34.43 6.03 5.03           OX463857.1  31686304  31686618 (3844131) +               Kuruka     Unspecified    4039    4356  (4477)    
   299 33.13 6.39 6.60           OX463857.1  34820781  34821281 (709468) C               Kuruka     Unspecified  (4389)    4444    3945    
   830 37.97 2.02 2.11           OX463858.1  13723412  13724549 (21888875) C               Kuruka     Unspecified  (4190)    4643    3507    
   272 33.32 6.57 5.48           OX463858.1  16125629  16125917 (19487507) C               Kuruka     Unspecified  (4503)    4330    4039    
   858 37.46 2.55 2.64           OX463858.1  23034809  23035946 (12577478) +               Kuruka     Unspecified    3507    4643  (4190)    
   306 34.05 5.99 6.20           OX463858.1  25862649  25863149 (9750275) +               Kuruka     Unspecified    3945    4444  (4389)    
   925 36.88 2.46 2.55           OX463858.1  26085354  26086491 (9526933) C               Kuruka     Unspecified  (4190)    4643    3507    
  1761 34.23 2.45 2.55           OX463858.1  27747702  27748762 (7864662) C               Kuruka     Unspecified  (4249)    4584    3525    
   863 37.39 2.37 2.46           OX463858.1  29699011  29700148 (5913276) +               Kuruka     Unspecified    3507    4643  (4190)    
   294 33.13 6.39 6.60           OX463859.1    227041    227541 (34766761) +               Kuruka     Unspecified    3945    4444  (4389)    
   316 33.84 5.99 6.20           OX463859.1    811756    812256 (34182046) +               Kuruka     Unspecified    3945    4444  (4389)    
   305 33.84 5.99 6.20           OX463859.1  15841863  15842363 (19151939) +               Kuruka     Unspecified    3945    4444  (4389)    
   312 34.06 6.59 6.80           OX463859.1  18607511  18608011 (16386291) C               Kuruka     Unspecified  (4389)    4444    3945    
   306 34.05 5.99 6.20           OX463859.1  19663474  19663974 (15330328) C               Kuruka     Unspecified  (4389)    4444    3945    
   248 34.12 6.18 6.60           OX463859.1  25573431  25573932 (9420370) +               Kuruka     Unspecified    3945    4444  (4389)    
   231 34.43 6.03 5.03           OX463859.1  26518370  26518684 (8475618) +               Kuruka     Unspecified    4039    4356  (4477)    
   241 34.43 6.03 5.03           OX463859.1  26753814  26754128 (8240174) C               Kuruka     Unspecified  (4477)    4356    4039    
  1761 34.23 2.45 2.55           OX463860.1   4914717   4915777 (28216833) C               Kuruka     Unspecified  (4249)    4584    3525    
   420 35.22 1.52 1.52           OX463860.1   5366778   5367172 (27765438) C               Kuruka     Unspecified  (4500)    4333    3939    
   373 33.69 0.53 0.53           OX463860.1   5367376   5367563 (27765047) C               Kuruka     Unspecified  (5139)    3694    3507    
   287 34.26 5.99 6.20           OX463860.1   8494082   8494582 (24638028) C               Kuruka     Unspecified  (4389)    4444    3945    
   258 33.68 6.57 5.48           OX463860.1   9447100   9447388 (23685222) C               Kuruka     Unspecified  (4503)    4330    4039    
   491 34.85 1.71 1.71           OX463860.1  10994140  10994431 (22138179) +               Kuruka     Unspecified    3511    3802  (5031)    
   234 8.39 0.00 8.33           OX463860.1  14976778  14976816 (18155794) C               Kuruka     Unspecified  (2027)    6806    6771    
  1346 37.47 1.13 1.23           OX463860.1  15805684  15806745 (17325865) C               Kuruka     Unspecified  (4278)    4555    3495    
   938 36.94 2.37 2.46           OX463861.1  15692644  15693781 (12398482) C               Kuruka     Unspecified  (4190)    4643    3507    
   272 33.32 6.57 5.48           OX463861.1  23385528  23385816 (4706447) +               Kuruka     Unspecified    4039    4330  (4503)    
   326 31.52 7.00 7.26           OX463861.1  24981028  24981441 (3110822) C               Kuruka     Unspecified  (4389)    4444    4032    
   361 32.91 6.39 6.60           OX463861.1  25048195  25048695 (3043568) C               Kuruka     Unspecified  (4389)    4444    3945    
  1350 37.47 1.13 1.23           OX463862.1   7811929   7812990 (18419620) +               Kuruka     Unspecified    3495    4555  (4278)    
  1383 36.87 1.32 1.41           OX463862.1  20213705  20214766 (6017844) +               Kuruka     Unspecified    3495    4555  (4278)    
   957 36.64 3.00 3.58           OX463863.1   4267396   4268462 (19238260) +               Kuruka     Unspecified    3495    4555  (4278)    
   798 35.06 3.41 3.08           OX463863.1   4554315   4554929 (18951793) C               Kuruka     Unspecified  (4278)    4555    3939    
   343 37.17 2.02 2.02           OX463863.1   4555039   4555384 (18951338) C               Kuruka     Unspecified  (4993)    3840    3495    
   776 37.25 1.29 1.29           OX463863.1   5077240   5077859 (18428863) +               Kuruka     Unspecified    3525    4144  (4689)    
   877 32.63 1.55 1.81           OX463863.1   5079203   5079589 (18427133) +               Kuruka     Unspecified    4199    4584  (4249)    
  1761 34.23 2.45 2.55           OX463863.1   5461668   5462728 (18043994) C               Kuruka     Unspecified  (4249)    4584    3525    
   330 37.81 0.50 0.50           OX463863.1  16820951  16821152 (6685570) +               Kuruka     Unspecified    3630    3831  (5002)    
   615 36.49 3.16 1.91           OX463863.1  16821271  16821840 (6684882) +               Kuruka     Unspecified    3977    4553  (4280)    
   726 36.96 2.54 3.28           OX463863.1  16863159  16863986 (6642736) +               Kuruka     Unspecified    3495    4316  (4517)    
   616 36.33 3.18 1.79           OX463863.1  16864018  16864457 (6642265) +               Kuruka     Unspecified    4225    4670  (4163)    
   547 36.32 0.29 1.78           OX463863.1  16884613  16884954 (6621768) +               Kuruka     Unspecified    3495    3831  (5002)    
   330 37.81 0.50 0.50           OX463863.1  16996617  16996818 (6509904) +               Kuruka     Unspecified    3630    3831  (5002)    
   662 36.13 3.16 1.91           OX463863.1  16996937  16997506 (6509216) +               Kuruka     Unspecified    3977    4553  (4280)    
   507 36.92 0.29 1.78           OX463863.1  17084167  17084508 (6422214) +               Kuruka     Unspecified    3495    3831  (5002)    
   738 35.48 2.94 1.79           OX463863.1  17084898  17085339 (6421383) +               Kuruka     Unspecified    4224    4670  (4163)    
   311 36.18 0.00 1.79           OX463863.1  17106098  17106325 (6400397) +               Kuruka     Unspecified    3496    3719  (5114)    
   674 37.62 2.12 1.13           OX463863.1  17106784  17107396 (6399326) +               Kuruka     Unspecified    4052    4670  (4163)    
   336 35.73 0.00 1.79           OX463863.1  17126391  17126618 (6380104) +               Kuruka     Unspecified    3496    3719  (5114)    
   676 36.83 3.11 1.78           OX463863.1  17127077  17127687 (6379035) +               Kuruka     Unspecified    4052    4670  (4163)    
   297 34.33 0.00 0.00           OX463863.1  17148441  17148574 (6358148) +               Kuruka     Unspecified    3495    3628  (5205)    
   508 35.85 0.65 0.65           OX463863.1  17148620  17148925 (6357797) +               Kuruka     Unspecified    4052    4357  (4476)    
   334 35.73 0.00 1.79           OX463863.1  17168772  17168999 (6337723) +               Kuruka     Unspecified    3496    3719  (5114)    
   623 36.83 1.97 0.56           OX463863.1  17169376  17169730 (6336992) +               Kuruka     Unspecified    4225    4584  (4249)    
  1154 37.61 1.77 1.96           OX463863.1  20426205  20427278 (3079444) +               Kuruka     Unspecified    3514    4585  (4248)    
  1020 37.23 1.78 1.78           OX463863.1  20597222  20598118 (2908604) C               Kuruka     Unspecified  (4423)    4410    3514    
  1060 35.63 3.40 3.05           OX463863.1  23476018  23476900  (29822) +               Kuruka     Unspecified    3531    4416  (4417)    
   255 28.05 0.00 0.00           OX463864.1  15431025  15431106 (7632933) C               Kuruka     Unspecified  (5210)    3623    3542    
  1712 35.00 1.89 1.98           OX463865.1   7821799   7822859 (13881875) C               Kuruka     Unspecified  (4249)    4584    3525    
   895 36.76 2.64 2.73           OX463866.1   6597131   6598268 (14441995) C               Kuruka     Unspecified  (4190)    4643    3507    
   865 36.97 2.46 2.55           OX463866.1  16666010  16667147 (4373116) C               Kuruka     Unspecified  (4190)    4643    3507    
   282 28.21 0.00 0.00           OX463867.1   4471987   4472064 (12465726) C               Kuruka     Unspecified  (4278)    4555    4478    
   282 28.21 0.00 0.00           OX463867.1   4472091   4472168 (12465622) C               Kuruka     Unspecified  (4278)    4555    4478    
   235 32.05 0.00 0.00           OX463867.1   4472195   4472272 (12465518) C               Kuruka     Unspecified  (4278)    4555    4478    
   337 29.32 1.48 1.48           OX463867.1   4472299   4472433 (12465357) C               Kuruka     Unspecified  (4278)    4555    4421    
  1761 34.23 2.45 2.55           OX463868.1  10576011  10577071 (5037817) C               Kuruka     Unspecified  (4249)    4584    3525    
  1384 37.21 1.22 1.32           OX463868.1  10620513  10621574 (4993314) +               Kuruka     Unspecified    3495    4555  (4278)    
  1589 34.63 1.87 2.74           OX463868.1  11491636  11492704 (4122184) C               Kuruka     Unspecified  (4249)    4584    3525    
