  836 31.00  1.58  2.12            OX419683.1   358469   358847 (27482257)  +          Kuruka  Unspecified (27482257)   358469   358847
  474 34.72  1.63  1.91            OX419683.1   361416   361782 (27479322)  +          Kuruka  Unspecified (27479322)   361416   361782
  253 29.03  0.00  0.00            OX419683.1  9159359  9159420 (18681684)  +          Kuruka  Unspecified (18681684)  9159359  9159420
  804 35.42  3.07  2.47            OX419683.1  9160174  9160856 (18680248)  +          Kuruka  Unspecified (18680248)  9160174  9160856
  350 32.90  4.18  4.62            OX419683.1 10696514 10696752 (17144352)  +          Kuruka  Unspecified (17144352) 10696514 10696752
  285 20.97  0.00  5.97            OX419683.1 16548959 16549029 (11292075)  +          Kuruka  Unspecified (11292075) 16548959 16549029
  288 23.89  0.00 13.27            OX419683.1 16621202 16621312 (11219792)  +          Kuruka  Unspecified (11219792) 16621202 16621312
  373 29.80  3.38  5.15            OX419683.1 21429392 21429628 (6411476)  +          Kuruka  Unspecified (6411476) 21429392 21429628
  253 31.91  2.55  6.64            OX419683.1    20102    20336 (27820768)  C          Kuruka  Unspecified (27820768)    20102    20336
  417 34.58  1.33  1.67            OX419683.1    91629    91928 (27749176)  C          Kuruka  Unspecified (27749176)    91629    91928
 1649 34.26  2.81  4.09            OX419683.1   549286   550423 (27290681)  C          Kuruka  Unspecified (27290681)   549286   550423
  298 24.77  2.68  2.68            OX419683.1 10247732 10247843 (17593261)  C          Kuruka  Unspecified (17593261) 10247732 10247843
  520 34.58  1.33  1.67            OX419683.1 10626451 10626750 (17214354)  C          Kuruka  Unspecified (17214354) 10626451 10626750
  414 35.04  1.34  1.68            OX419683.1 14378409 14378707 (13462397)  C          Kuruka  Unspecified (13462397) 14378409 14378707
  379 36.82  0.67  1.01            OX419683.1 18103787 18104085 (9737019)  C          Kuruka  Unspecified (9737019) 18103787 18104085
  519 35.81  0.67  1.01            OX419683.1 22283518 22283816 (5557288)  C          Kuruka  Unspecified (5557288) 22283518 22283816
  373 29.80  3.38  5.15            OX419683.1 24059127 24059363 (3781741)  C          Kuruka  Unspecified (3781741) 24059127 24059363
  447 34.58  1.33  1.67            OX419683.1 24917506 24917805 (2923299)  C          Kuruka  Unspecified (2923299) 24917506 24917805
  262 32.57  3.78 12.27            OX419683.1 25054659 25054896 (2786208)  C          Kuruka  Unspecified (2786208) 25054659 25054896
  412 36.16  0.67  1.01            OX419683.1 27545907 27546205 (294899)  C          Kuruka  Unspecified (294899) 27545907 27546205
  258 28.57  8.20  8.20            OX419684.1 15754627 15754809 (7040564)  +          Kuruka  Unspecified (7040564) 15754627 15754809
  240 28.28  2.94  2.94            OX419684.1 22290661 22290762 (504611)  +          Kuruka  Unspecified (504611) 22290661 22290762
  290 28.86  3.09  3.73            OX419684.1   311235   311396 (22483977)  C          Kuruka  Unspecified (22483977)   311235   311396
  261 37.80  0.57  1.16            OX419685.1   303872   304045 (21909842)  +          Kuruka  Unspecified (21909842)   303872   304045
  283 20.97  0.00  5.97            OX419685.1  6344560  6344630 (15869257)  +          Kuruka  Unspecified (15869257)  6344560  6344630
  373 29.80  3.38  5.15            OX419685.1 19171517 19171753 (3042134)  +          Kuruka  Unspecified (3042134) 19171517 19171753
  374 36.32  4.10  4.10            OX419685.1    83400    84252 (22130073)  C          Kuruka  Unspecified (22130073)    83400    84252
  373 29.80  3.38  5.15            OX419685.1  2672807  2673043 (19540844)  C          Kuruka  Unspecified (19540844)  2672807  2673043
  414 36.16  0.67  1.01            OX419685.1  6451338  6451636 (15762251)  C          Kuruka  Unspecified (15762251)  6451338  6451636
  298 32.77  2.88  3.31            OX419685.1  8020876  8021118 (14192769)  C          Kuruka  Unspecified (14192769)  8020876  8021118
  497 35.04  1.34  1.68            OX419685.1  9273973  9274271 (12939616)  C          Kuruka  Unspecified (12939616)  9273973  9274271
  258 28.57  8.20  8.20            OX419686.1  2540980  2541162 (19121118)  +          Kuruka  Unspecified (19121118)  2540980  2541162
  283 20.97  0.00  5.97            OX419686.1  2778527  2778597 (18883683)  +          Kuruka  Unspecified (18883683)  2778527  2778597
  283 20.97  0.00  5.97            OX419686.1 12922767 12922837 (8739443)  +          Kuruka  Unspecified (8739443) 12922767 12922837
  483 34.80  0.67  1.01            OX419686.1 15709949 15710247 (5952033)  +          Kuruka  Unspecified (5952033) 15709949 15710247
  305 29.80  3.38  5.15            OX419686.1  5988403  5988639 (15673641)  C          Kuruka  Unspecified (15673641)  5988403  5988639
  414 35.04  1.34  1.68            OX419686.1  6063511  6063809 (15598471)  C          Kuruka  Unspecified (15598471)  6063511  6063809
  373 29.80  3.38  5.15            OX419686.1  9142921  9143157 (12519123)  C          Kuruka  Unspecified (12519123)  9142921  9143157
  235 19.36  1.56  3.17            OX419686.1 20242106 20242169 (1420111)  C          Kuruka  Unspecified (1420111) 20242106 20242169
  283 20.97  0.00  5.97            OX419686.1 21246997 21247067 (415213)  C          Kuruka  Unspecified (415213) 21246997 21247067
  309 29.80  3.38  5.15            OX419687.1  3949859  3950095 (17661489)  +          Kuruka  Unspecified (17661489)  3949859  3950095
  258 28.57  8.20  8.20            OX419687.1  9171262  9171444 (12440140)  +          Kuruka  Unspecified (12440140)  9171262  9171444
  261 20.97  0.00  5.97            OX419687.1 13909440 13909510 (7702074)  +          Kuruka  Unspecified (7702074) 13909440 13909510
  285 20.97  0.00  5.97            OX419687.1 14685745 14685815 (6925769)  C          Kuruka  Unspecified (6925769) 14685745 14685815
  229 28.05  5.00  5.76            OX419687.1 20257917 20258056 (1353528)  C          Kuruka  Unspecified (1353528) 20257917 20258056
  310 32.64  1.36  2.05            OX419688.1   473750   473896 (21005238)  +          Kuruka  Unspecified (21005238)   473750   473896
  468 34.25  1.53  1.92            OX419688.1  2577030  2577291 (18901843)  +          Kuruka  Unspecified (18901843)  2577030  2577291
  427 35.81  0.67  1.01            OX419688.1 14195862 14196160 (7282974)  +          Kuruka  Unspecified (7282974) 14195862 14196160
  495 36.16  0.67  1.01            OX419688.1 17211021 17211319 (4267815)  C          Kuruka  Unspecified (4267815) 17211021 17211319
  520 34.58  1.33  1.67            OX419688.1 17919808 17920107 (3559027)  C          Kuruka  Unspecified (3559027) 17919808 17920107
  294 20.97  0.00  5.97            OX419688.1 21012676 21012746 (466388)  C          Kuruka  Unspecified (466388) 21012676 21012746
  406 35.97  0.71  1.07            OX419689.1  4139902  4140182 (17223905)  +          Kuruka  Unspecified (17223905)  4139902  4140182
  414 36.16  0.67  1.01            OX419689.1  9186608  9186906 (12177181)  +          Kuruka  Unspecified (12177181)  9186608  9186906
  309 29.80  3.38  5.15            OX419689.1 12402698 12402934 (8961153)  +          Kuruka  Unspecified (8961153) 12402698 12402934
  303 29.81  0.00  0.96            OX419689.1 14279120 14279224 (7084863)  +          Kuruka  Unspecified (7084863) 14279120 14279224
  437 34.58  1.33  1.67            OX419689.1 19615795 19616094 (1747993)  +          Kuruka  Unspecified (1747993) 19615795 19616094
  346 27.62  5.71  0.00            OX419689.1  3984719  3984823 (17379264)  C          Kuruka  Unspecified (17379264)  3984719  3984823
  346 27.62  5.71  0.00            OX419689.1  4019672  4019776 (17344311)  C          Kuruka  Unspecified (17344311)  4019672  4019776
  258 28.57  8.20  8.20            OX419689.1  4527210  4527392 (16836695)  C          Kuruka  Unspecified (16836695)  4527210  4527392
  283 20.97  0.00  5.97            OX419689.1  6004710  6004780 (15359307)  C          Kuruka  Unspecified (15359307)  6004710  6004780
  428 34.91  1.33  1.67            OX419689.1  8533129  8533428 (12830659)  C          Kuruka  Unspecified (12830659)  8533129  8533428
  469 35.13  0.67  1.01            OX419689.1 18930550 18930848 (2433239)  C          Kuruka  Unspecified (2433239) 18930550 18930848
  405 29.80  3.38  5.15            OX419690.1 19951698 19951934 (1309951)  C          Kuruka  Unspecified (1309951) 19951698 19951934
  516 36.16  0.67  1.01            OX419691.1   294508   294806 (20956495)  +          Kuruka  Unspecified (20956495)   294508   294806
  229 28.05  5.00  5.76            OX419691.1  5513152  5513291 (15738010)  +          Kuruka  Unspecified (15738010)  5513152  5513291
  373 29.80  3.38  5.15            OX419691.1 14573813 14574049 (6677252)  +          Kuruka  Unspecified (6677252) 14573813 14574049
  381 36.82  0.67  1.01            OX419691.1 20634232 20634530 (616771)  +          Kuruka  Unspecified (616771) 20634232 20634530
  373 29.80  3.38  5.15            OX419691.1  1479054  1479290 (19772011)  C          Kuruka  Unspecified (19772011)  1479054  1479290
  378 32.12  4.30  5.43            OX419691.1  2246890  2247261 (19004040)  C          Kuruka  Unspecified (19004040)  2246890  2247261
  261 34.11  1.53  1.53            OX419691.1  4589661  4589791 (16661510)  C          Kuruka  Unspecified (16661510)  4589661  4589791
  538 36.84  2.23  2.40            OX419691.1  5589837  5590420 (15660881)  C          Kuruka  Unspecified (15660881)  5589837  5590420
  535 35.81  0.67  1.01            OX419691.1 10461342 10461640 (10789661)  C          Kuruka  Unspecified (10789661) 10461342 10461640
  412 36.16  0.67  1.01            OX419691.1 14260285 14260583 (6990718)  C          Kuruka  Unspecified (6990718) 14260285 14260583
  261 20.97  0.00  5.97            OX419691.1 14264686 14264756 (6986545)  C          Kuruka  Unspecified (6986545) 14264686 14264756
  411 36.16  0.67  1.01            OX419691.1 15601839 15602137 (5649164)  C          Kuruka  Unspecified (5649164) 15601839 15602137
  351 35.12  1.97  1.97            OX419692.1 11882765 11883069 (9256488)  +          Kuruka  Unspecified (9256488) 11882765 11883069
 1774 34.03  2.78  2.59            OX419692.1 18080433 18081512 (3058045)  +          Kuruka  Unspecified (3058045) 18080433 18081512
  516 36.58  0.33  0.67            OX419692.1 20877901 20878200 (261357)  +          Kuruka  Unspecified (261357) 20877901 20878200
  420 36.24  0.33  0.67            OX419692.1 20939833 20940132 (199425)  +          Kuruka  Unspecified (199425) 20939833 20940132
  422 36.03  0.67  1.00            OX419692.1 20967080 20967379 (172178)  +          Kuruka  Unspecified (172178) 20967080 20967379
  258 28.57  8.20  8.20            OX419692.1  1861150  1861332 (19278225)  C          Kuruka  Unspecified (19278225)  1861150  1861332
  283 20.97  0.00  5.97            OX419692.1  6815556  6815626 (14323931)  C          Kuruka  Unspecified (14323931)  6815556  6815626
  309 29.80  3.38  5.15            OX419692.1  9511698  9511934 (11627623)  C          Kuruka  Unspecified (11627623)  9511698  9511934
  258 28.57  8.20  8.20            OX419692.1  9558840  9559022 (11580535)  C          Kuruka  Unspecified (11580535)  9558840  9559022
 1288 34.45  2.55  3.83            OX419692.1 17164847 17165984 (3973573)  C          Kuruka  Unspecified (3973573) 17164847 17165984
  510 36.16  0.67  1.01            OX419692.1 17434615 17434913 (3704644)  C          Kuruka  Unspecified (3704644) 17434615 17434913
  324 28.57  5.71  0.00            OX419693.1  7678661  7678765 (12698904)  +          Kuruka  Unspecified (12698904)  7678661  7678765
  455 35.72  1.34  1.68            OX419693.1  8672972  8673270 (11704399)  +          Kuruka  Unspecified (11704399)  8672972  8673270
  260 28.57  8.20  8.20            OX419693.1 11907820 11908002 (8469667)  +          Kuruka  Unspecified (8469667) 11907820 11908002
  437 34.58  1.33  1.67            OX419693.1 17920432 17920731 (2456938)  +          Kuruka  Unspecified (2456938) 17920432 17920731
  373 29.80  3.38  5.15            OX419693.1   587096   587332 (19790337)  C          Kuruka  Unspecified (19790337)   587096   587332
  283 20.97  0.00  5.97            OX419694.1  3939940  3940010 (16251793)  +          Kuruka  Unspecified (16251793)  3939940  3940010
  373 29.80  3.38  5.15            OX419694.1 13391894 13392130 (6799673)  +          Kuruka  Unspecified (6799673) 13391894 13392130
  373 29.80  3.38  5.15            OX419694.1 13397684 13397920 (6793883)  +          Kuruka  Unspecified (6793883) 13397684 13397920
  246 21.02  6.25  7.09            OX419694.1 14377529 14377656 (5814147)  +          Kuruka  Unspecified (5814147) 14377529 14377656
  309 29.80  3.38  5.15            OX419694.1 16784108 16784344 (3407459)  +          Kuruka  Unspecified (3407459) 16784108 16784344
  495 36.16  0.67  1.01            OX419694.1 18308973 18309271 (1882532)  +          Kuruka  Unspecified (1882532) 18308973 18309271
  291 20.97  0.00  5.97            OX419694.1 19620561 19620631 (571172)  +          Kuruka  Unspecified (571172) 19620561 19620631
  414 36.16  0.67  1.01            OX419694.1 19752632 19752930 (438873)  +          Kuruka  Unspecified (438873) 19752632 19752930
  301 34.93  0.00  0.00            OX419694.1 19781685 19781830 (409973)  +          Kuruka  Unspecified (409973) 19781685 19781830
 1180 33.67  1.88  1.88            OX419694.1 19827390 19828082 (363721)  +          Kuruka  Unspecified (363721) 19827390 19828082
  638 30.55  2.82  3.18            OX419694.1 19829569 19829852 (361951)  +          Kuruka  Unspecified (361951) 19829569 19829852
  404 30.82  3.05  3.05            OX419694.1 19831128 19831291 (360512)  +          Kuruka  Unspecified (360512) 19831128 19831291
  313 28.04 11.94  4.17            OX419694.1 20119105 20119305  (72498)  +          Kuruka  Unspecified  (72498) 20119105 20119305
  375 33.92  4.93  0.86            OX419694.1  1767190  1767412 (18424391)  C          Kuruka  Unspecified (18424391)  1767190  1767412
  309 29.80  3.38  5.15            OX419694.1  8319975  8320211 (11871592)  C          Kuruka  Unspecified (11871592)  8319975  8320211
  519 35.04  1.34  1.68            OX419694.1  9090453  9090751 (11101052)  C          Kuruka  Unspecified (11101052)  9090453  9090751
  402 36.49  0.67  1.01            OX419695.1  5038548  5038846 (14572360)  +          Kuruka  Unspecified (14572360)  5038548  5038846
  261 20.97  0.00  5.97            OX419695.1  7419638  7419708 (12191498)  +          Kuruka  Unspecified (12191498)  7419638  7419708
  444 36.28  1.01  1.01            OX419695.1  8629114  8629411 (10981795)  +          Kuruka  Unspecified (10981795)  8629114  8629411
  516 36.16  0.67  1.01            OX419695.1 11650341 11650639 (7960567)  +          Kuruka  Unspecified (7960567) 11650341 11650639
  437 34.58  1.33  1.67            OX419695.1 12169448 12169747 (7441459)  +          Kuruka  Unspecified (7441459) 12169448 12169747
 1574 35.43  1.76  3.02            OX419695.1 15805460 15806597 (3804609)  +          Kuruka  Unspecified (3804609) 15805460 15806597
  441 35.48  0.67  1.01            OX419695.1  1335867  1336165 (18275041)  C          Kuruka  Unspecified (18275041)  1335867  1336165
  462 35.13  0.67  1.01            OX419695.1 14987508 14987806 (4623400)  C          Kuruka  Unspecified (4623400) 14987508 14987806
  258 28.57  8.20  8.20            OX419695.1 15288683 15288865 (4322341)  C          Kuruka  Unspecified (4322341) 15288683 15288865
  227 34.11  1.53  1.53            OX419695.1 15919033 15919163 (3692043)  C          Kuruka  Unspecified (3692043) 15919033 15919163
  246 21.02  6.25  7.09            OX419695.1 19186490 19186617 (424589)  C          Kuruka  Unspecified (424589) 19186490 19186617
  516 36.16  0.67  1.01            OX419696.1   149706   150004 (19460133)  +          Kuruka  Unspecified (19460133)   149706   150004
  503 35.72  1.34  1.68            OX419696.1  2920472  2920770 (16689367)  +          Kuruka  Unspecified (16689367)  2920472  2920770
  414 36.16  0.67  1.01            OX419696.1 10676945 10677243 (8932894)  +          Kuruka  Unspecified (8932894) 10676945 10677243
 1576 35.43  1.76  3.02            OX419696.1 11672014 11673151 (7936986)  +          Kuruka  Unspecified (7936986) 11672014 11673151
  516 36.16  0.67  1.01            OX419696.1 12102454 12102752 (7507385)  +          Kuruka  Unspecified (7507385) 12102454 12102752
  375 33.92  4.93  0.86            OX419696.1 18053191 18053413 (1556724)  +          Kuruka  Unspecified (1556724) 18053191 18053413
 1683 34.78  2.46  3.74            OX419696.1  4601291  4602428 (15007709)  C          Kuruka  Unspecified (15007709)  4601291  4602428
  283 20.97  0.00  5.97            OX419696.1  5422991  5423061 (14187076)  C          Kuruka  Unspecified (14187076)  5422991  5423061
 2039 33.96  2.23  2.39            OX419697.1  6771077  6772376 (12752727)  +          Kuruka  Unspecified (12752727)  6771077  6772376
  267 22.47  0.00  5.97            OX419697.1 14618777 14618847 (4906256)  +          Kuruka  Unspecified (4906256) 14618777 14618847
  414 36.16  0.67  1.01            OX419697.1 17741706 17742004 (1783099)  +          Kuruka  Unspecified (1783099) 17741706 17742004
  283 20.97  0.00  5.97            OX419697.1  1632518  1632588 (17892515)  C          Kuruka  Unspecified (17892515)  1632518  1632588
  340 34.84  1.61  2.02            OX419697.1  5405442  5405690 (14119413)  C          Kuruka  Unspecified (14119413)  5405442  5405690
  414 36.16  0.67  1.01            OX419697.1 13340619 13340917 (6184186)  C          Kuruka  Unspecified (6184186) 13340619 13340917
  437 34.58  1.33  1.67            OX419698.1  2751946  2752245 (16401072)  +          Kuruka  Unspecified (16401072)  2751946  2752245
  294 20.97  0.00  5.97            OX419698.1 18647284 18647354 (505963)  +          Kuruka  Unspecified (505963) 18647284 18647354
  414 36.16  0.67  1.01            OX419698.1 10950445 10950743 (8202574)  C          Kuruka  Unspecified (8202574) 10950445 10950743
  573 34.80  0.67  1.01            OX419699.1    49980    50278 (19044312)  +          Kuruka  Unspecified (19044312)    49980    50278
  258 28.57  8.20  8.20            OX419699.1  8810979  8811161 (10283429)  +          Kuruka  Unspecified (10283429)  8810979  8811161
  414 36.16  0.67  1.01            OX419699.1 10817885 10818183 (8276407)  +          Kuruka  Unspecified (8276407) 10817885 10818183
 1563 35.43  1.76  3.02            OX419699.1 12738883 12740020 (6354570)  +          Kuruka  Unspecified (6354570) 12738883 12740020
  405 29.80  3.38  5.15            OX419699.1 15571891 15572127 (3522463)  +          Kuruka  Unspecified (3522463) 15571891 15572127
 1587 35.34  1.76  3.02            OX419699.1  5022692  5023829 (14070761)  C          Kuruka  Unspecified (14070761)  5022692  5023829
  494 36.16  0.67  1.01            OX419699.1  9901111  9901409 (9193181)  C          Kuruka  Unspecified (9193181)  9901111  9901409
  248 28.57  0.00  0.00            OX419700.1    21949    22025 (18523704)  +          Kuruka  Unspecified (18523704)    21949    22025
  395 36.49  0.67  1.01            OX419700.1   381116   381414 (18164315)  +          Kuruka  Unspecified (18164315)   381116   381414
 1280 34.78  2.46  3.74            OX419700.1  3510895  3512032 (15033697)  +          Kuruka  Unspecified (15033697)  3510895  3512032
  437 34.58  1.33  1.67            OX419700.1  6158591  6158890 (12386839)  +          Kuruka  Unspecified (12386839)  6158591  6158890
  355 37.17  0.67  0.67            OX419700.1 14139906 14141036 (4405525)  +          Kuruka  Unspecified (4405525) 14139906 14141036
  516 35.04  1.34  1.68            OX419700.1 14524755 14525053 (4020676)  +          Kuruka  Unspecified (4020676) 14524755 14525053
  483 34.80  0.67  1.01            OX419700.1 16289242 16289540 (2256189)  +          Kuruka  Unspecified (2256189) 16289242 16289540
  734 31.96  5.19  2.65            OX419700.1  3041769  3042173 (15503556)  C          Kuruka  Unspecified (15503556)  3041769  3042173
  373 29.80  3.38  5.15            OX419700.1 10683548 10683784 (7861945)  C          Kuruka  Unspecified (7861945) 10683548 10683784
  484 36.49  0.67  1.01            OX419700.1 18312883 18313181 (232548)  C          Kuruka  Unspecified (232548) 18312883 18313181
  306 34.77  3.31  3.73            OX419701.1 10279390 10279631 (8087595)  +          Kuruka  Unspecified (8087595) 10279390 10279631
  261 20.97  0.00  5.97            OX419701.1  1436756  1436826 (16930400)  C          Kuruka  Unspecified (16930400)  1436756  1436826
  283 20.97  0.00  5.97            OX419701.1  2123725  2123795 (16243431)  C          Kuruka  Unspecified (16243431)  2123725  2123795
  283 20.97  0.00  5.97            OX419701.1  2888166  2888236 (15478990)  C          Kuruka  Unspecified (15478990)  2888166  2888236
  283 20.97  0.00  5.97            OX419701.1  7694691  7694761 (10672465)  C          Kuruka  Unspecified (10672465)  7694691  7694761
  283 20.97  0.00  5.97            OX419702.1   758040   758110 (17445776)  +          Kuruka  Unspecified (17445776)   758040   758110
  295 33.33  1.36  2.05            OX419702.1  7385233  7385379 (10818507)  +          Kuruka  Unspecified (10818507)  7385233  7385379
  520 34.58  1.33  1.67            OX419702.1 10319967 10320266 (7883620)  +          Kuruka  Unspecified (7883620) 10319967 10320266
  414 35.04  1.34  1.68            OX419702.1 13854322 13854620 (4349266)  +          Kuruka  Unspecified (4349266) 13854322 13854620
  258 28.57  8.20  8.20            OX419702.1 15951126 15951308 (2252578)  +          Kuruka  Unspecified (2252578) 15951126 15951308
  404 36.21  0.71  1.07            OX419702.1   269511   269792 (17934094)  C          Kuruka  Unspecified (17934094)   269511   269792
  451 34.63  1.53  1.92            OX419702.1  1476039  1476300 (16727586)  C          Kuruka  Unspecified (16727586)  1476039  1476300
  283 20.97  0.00  5.97            OX419702.1  1512616  1512686 (16691200)  C          Kuruka  Unspecified (16691200)  1512616  1512686
  414 36.16  0.67  1.01            OX419702.1  6717900  6718198 (11485688)  C          Kuruka  Unspecified (11485688)  6717900  6718198
  320 34.34  3.31  3.73            OX419702.1 12063145 12063386 (6140500)  C          Kuruka  Unspecified (6140500) 12063145 12063386
  251 33.33  1.36  2.05            OX419703.1   296856   297002 (17207953)  +          Kuruka  Unspecified (17207953)   296856   297002
 1223 35.05  2.46  3.74            OX419703.1  4845299  4846436 (12658519)  +          Kuruka  Unspecified (12658519)  4845299  4846436
  498 36.16  0.67  1.01            OX419703.1  6115835  6116133 (11388822)  +          Kuruka  Unspecified (11388822)  6115835  6116133
  283 20.97  0.00  5.97            OX419703.1 10206502 10206572 (7298383)  +          Kuruka  Unspecified (7298383) 10206502 10206572
  261 21.67  0.00  0.00            OX419703.1  4884448  4884507 (12620448)  C          Kuruka  Unspecified (12620448)  4884448  4884507
  402 36.49  0.67  1.01            OX419703.1 12174448 12174746 (5330209)  C          Kuruka  Unspecified (5330209) 12174448 12174746
  402 36.49  0.67  1.01            OX419703.1 12179761 12180059 (5324896)  C          Kuruka  Unspecified (5324896) 12179761 12180059
  437 34.58  1.33  1.67            OX419703.1 13981172 13981471 (3523484)  C          Kuruka  Unspecified (3523484) 13981172 13981471
  437 34.58  1.33  1.67            OX419703.1 14568751 14569050 (2935905)  C          Kuruka  Unspecified (2935905) 14568751 14569050
  455 27.39  4.73  1.31            OX419704.1  4704027  4704174 (11907526)  +          Kuruka  Unspecified (11907526)  4704027  4704174
  247 36.37  0.64  1.29            OX419704.1  4770009  4770164 (11841536)  +          Kuruka  Unspecified (11841536)  4770009  4770164
  367 36.40  1.34  1.68            OX419704.1 14613141 14613439 (1998261)  +          Kuruka  Unspecified (1998261) 14613141 14613439
 1096 33.45  4.46  3.43            OX419704.1  3036292  3037099 (13574601)  C          Kuruka  Unspecified (13574601)  3036292  3037099
  283 20.97  0.00  5.97            OX419704.1  4507614  4507684 (12104016)  C          Kuruka  Unspecified (12104016)  4507614  4507684
  250 23.97  0.00  5.97            OX419704.1  4520150  4520220 (12091480)  C          Kuruka  Unspecified (12091480)  4520150  4520220
  437 34.58  1.33  1.67            OX419704.1  5724573  5724872 (10886828)  C          Kuruka  Unspecified (10886828)  5724573  5724872
  283 20.97  0.00  5.97            OX419704.1 12284446 12284516 (4327184)  C          Kuruka  Unspecified (4327184) 12284446 12284516
  414 36.16  0.67  1.01            OX419704.1 15080330 15080628 (1531072)  C          Kuruka  Unspecified (1531072) 15080330 15080628
  257 22.47  0.00  5.97            OX419705.1  2277250  2277320 (13891913)  +          Kuruka  Unspecified (13891913)  2277250  2277320
 1291 34.69  2.46  3.74            OX419705.1  2530369  2531506 (13637727)  +          Kuruka  Unspecified (13637727)  2530369  2531506
  398 36.36  0.67  1.00            OX419705.1  4115868  4116167 (12053066)  +          Kuruka  Unspecified (12053066)  4115868  4116167
  395 34.25  1.53  1.92            OX419705.1 11766082 11766343 (4402890)  +          Kuruka  Unspecified (4402890) 11766082 11766343
 1653 34.53  2.63  3.39            OX419705.1 15047649 15048865 (1120368)  +          Kuruka  Unspecified (1120368) 15047649 15048865
  472 36.82  0.67  1.01            OX419705.1   185654   185952 (15983281)  C          Kuruka  Unspecified (15983281)   185654   185952
  329 39.76  0.40  0.80            OX419705.1  9129993  9130243 (7038990)  C          Kuruka  Unspecified (7038990)  9129993  9130243
  246 28.91  1.19  1.19            OX419705.1  9130853  9130936 (7038297)  C          Kuruka  Unspecified (7038297)  9130853  9130936
  278 33.63  2.51  2.94            OX419705.1 14167391 14167629 (2001604)  C          Kuruka  Unspecified (2001604) 14167391 14167629
  254 31.59  4.29  5.04            OX419706.1  8057147  8057286 (8080934)  +          Kuruka  Unspecified (8080934)  8057147  8057286
 1828 34.67  2.60  2.20            OX419706.1 10714342 10715609 (5422611)  +          Kuruka  Unspecified (5422611) 10714342 10715609
 1732 34.28  2.84  2.44            OX419706.1 10789602 10790869 (5347351)  +          Kuruka  Unspecified (5347351) 10789602 10790869
  385 35.37  1.34  1.68            OX419706.1  1066228  1066526 (15071694)  C          Kuruka  Unspecified (15071694)  1066228  1066526
  383 28.73  3.45  3.96            OX419706.1  9766383  9766585 (6371635)  C          Kuruka  Unspecified (6371635)  9766383  9766585
  517 35.04  1.34  1.68            OX419706.1 12474829 12475127 (3663093)  C          Kuruka  Unspecified (3663093) 12474829 12475127
  298 32.77  2.88  3.31            OX419707.1   912873   913115 (14338501)  +          Kuruka  Unspecified (14338501)   912873   913115
  227 32.76  3.81  4.26            OX419707.1  5014519  5014754 (10236862)  +          Kuruka  Unspecified (10236862)  5014519  5014754
  430 35.81  0.67  1.01            OX419707.1  5454516  5454814 (9796802)  +          Kuruka  Unspecified (9796802)  5454516  5454814
  411 36.16  0.67  1.01            OX419707.1 10400751 10401049 (4850567)  +          Kuruka  Unspecified (4850567) 10400751 10401049
  426 35.81  0.67  1.01            OX419707.1  4990963  4991261 (10260355)  C          Kuruka  Unspecified (10260355)  4990963  4991261
  373 29.80  3.38  5.15            OX419707.1  5843979  5844215 (9407401)  C          Kuruka  Unspecified (9407401)  5843979  5844215
  309 29.80  3.38  5.15            OX419707.1 10568776 10569012 (4682604)  C          Kuruka  Unspecified (4682604) 10568776 10569012
  669 31.38  2.03  2.03            OX419708.1  3227424  3227719 (11503827)  +          Kuruka  Unspecified (11503827)  3227424  3227719
  613 37.50  2.33  2.22            OX419708.1  3230022  3230921 (11500625)  +          Kuruka  Unspecified (11500625)  3230022  3230921
  283 20.97  0.00  5.97            OX419708.1 13585554 13585624 (1145922)  +          Kuruka  Unspecified (1145922) 13585554 13585624
  416 36.16  0.67  1.01            OX419708.1  3134766  3135064 (11596482)  C          Kuruka  Unspecified (11596482)  3134766  3135064
 1275 34.78  2.46  3.74            OX419708.1 11473647 11474784 (3256762)  C          Kuruka  Unspecified (3256762) 11473647 11474784
  387 35.29  0.28  0.28            OX419709.1   420572   421539 (12920178)  +          Kuruka  Unspecified (12920178)   420572   421539
  309 29.80  3.38  5.15            OX419709.1  4791810  4792046 (8549054)  +          Kuruka  Unspecified (8549054)  4791810  4792046
  437 34.58  1.33  1.67            OX419709.1 10808906 10809205 (2531895)  +          Kuruka  Unspecified (2531895) 10808906 10809205
  423 31.84  3.15  3.56            OX419709.1   554896   555149 (12785951)  C          Kuruka  Unspecified (12785951)   554896   555149
  373 29.80  3.38  5.15            OX419709.1  3043280  3043516 (10297584)  C          Kuruka  Unspecified (10297584)  3043280  3043516
  227 32.76  3.81  4.26            OX419709.1  3111367  3111602 (10229498)  C          Kuruka  Unspecified (10229498)  3111367  3111602
  512 35.81  0.67  1.01            OX419709.1  3515479  3515777 (9825323)  C          Kuruka  Unspecified (9825323)  3515479  3515777
  390 36.70  0.67  1.00            OX419709.1  5172392  5172691 (8168409)  C          Kuruka  Unspecified (8168409)  5172392  5172691
 1419 34.67  2.60  2.20            OX419709.1 11360541 11361808 (1979292)  C          Kuruka  Unspecified (1979292) 11360541 11361808
  462 37.17  0.67  1.01            OX419709.1 13269572 13269870  (71230)  C          Kuruka  Unspecified  (71230) 13269572 13269870
  261 20.97  0.00  5.97            OX419710.1  5320195  5320265 (5450713)  +          Kuruka  Unspecified (5450713)  5320195  5320265
  261 20.97  0.00  5.97            OX419710.1  6796366  6796436 (3974542)  +          Kuruka  Unspecified (3974542)  6796366  6796436
  465 35.72  1.34  1.68            OX419711.1  1381354  1381652 (8598719)  +          Kuruka  Unspecified (8598719)  1381354  1381652
  425 35.81  0.67  1.01            OX419711.1  2624099  2624397 (7355974)  +          Kuruka  Unspecified (7355974)  2624099  2624397
  528 35.81  0.67  1.01            OX419711.1  2798484  2798782 (7181589)  +          Kuruka  Unspecified (7181589)  2798484  2798782
  431 35.26  0.71  1.07            OX419711.1  3120714  3120994 (6859377)  +          Kuruka  Unspecified (6859377)  3120714  3120994
  516 36.16  0.67  1.01            OX419711.1  6186089  6186387 (3793984)  +          Kuruka  Unspecified (3793984)  6186089  6186387
  242 28.05  5.00  5.76            OX419711.1  6275876  6276015 (3704356)  +          Kuruka  Unspecified (3704356)  6275876  6276015
  405 29.80  3.38  5.15            OX419711.1  6322185  6322421 (3657950)  C          Kuruka  Unspecified (3657950)  6322185  6322421
  473 36.49  0.67  1.01            OX419712.1   790084   790382 (8848669)  C          Kuruka  Unspecified (8848669)   790084   790382
  388 36.36  0.67  1.00            OX419712.1  5452766  5453065 (4185986)  C          Kuruka  Unspecified (4185986)  5452766  5453065
  505 36.16  0.67  1.01            OX419713.1  1479945  1480243 (6985208)  +          Kuruka  Unspecified (6985208)  1479945  1480243
  267 28.57  8.20  8.20            OX419713.1  2229318  2229500 (6235951)  +          Kuruka  Unspecified (6235951)  2229318  2229500
  374 39.14  0.28  0.28            OX419713.1  5086666  5087016 (3378435)  +          Kuruka  Unspecified (3378435)  5086666  5087016
  518 35.81  0.67  1.01            OX419713.1   129839   130137 (8335314)  C          Kuruka  Unspecified (8335314)   129839   130137
  243 36.23  3.62  1.33            OX419713.1  6182153  6182373 (2283078)  C          Kuruka  Unspecified (2283078)  6182153  6182373
