   611 36.49 3.43 3.28          NC_039506.1  11362068  11362767 (13246379) +               Kuruka     Unspecified    3461    4161  (4672)    
   295 34.25 1.06 2.69          NC_039506.1  11364758  11364946 (13244200) +               Kuruka     Unspecified    4391    4576  (4257)    
   456 32.08 2.34 4.08          NC_039506.1  11757167  11757465 (12851681) C               Kuruka     Unspecified  (4257)    4576    4283    
   456 32.08 2.34 4.08          NC_039506.1  11802128  11802426 (12806720) C               Kuruka     Unspecified  (4257)    4576    4283    
  1171 33.95 2.42 2.57          NC_039506.1  11845827  11846488 (12762658) +               Kuruka     Unspecified    3920    4580  (4253)    
   335 33.52 2.15 2.15          NC_039507.1  11444286  11444471 (7779959) +               Kuruka     Unspecified    3461    3646  (5187)    
   831 35.57 3.28 2.50          NC_039507.1  11444567  11445359 (7779071) +               Kuruka     Unspecified    3756    4554  (4279)    
   816 35.23 3.68 2.51          NC_039507.1  11452281  11453069 (7771361) C               Kuruka     Unspecified  (4280)    4553    3756    
   335 33.52 2.15 2.15          NC_039507.1  11453165  11453350 (7771080) C               Kuruka     Unspecified  (5187)    3646    3461    
   335 33.52 2.15 2.15          NC_039507.1  11461158  11461343 (7763087) +               Kuruka     Unspecified    3461    3646  (5187)    
   887 35.86 3.02 2.38          NC_039507.1  11461439  11462232 (7762198) +               Kuruka     Unspecified    3756    4554  (4279)    
   708 37.20 1.76 1.50          NC_039507.1  12288491  12289287 (6935143) +               Kuruka     Unspecified    3756    4554  (4279)    
  1010 35.11 4.01 4.48          NC_039507.1  13663316  13664436 (5559994) +               Kuruka     Unspecified    3461    4576  (4257)    
   306 33.61 5.28 5.68          NC_039507.1  14022809  14023073 (5201357) +               Kuruka     Unspecified    4273    4536  (4297)    
   658 37.18 3.35 3.45          NC_039508.1   7714714   7715699 (10594300) C               Kuruka     Unspecified  (4313)    4520    3536    
   293 37.97 1.25 1.25          NC_039508.1   7824899   7825138 (10484861) +               Kuruka     Unspecified    3591    3830  (5003)    
   273 33.64 1.80 2.26          NC_039508.1   8221066   8221287 (10088712) C               Kuruka     Unspecified  (4393)    4440    4220    
   541 37.92 2.30 2.39          NC_039508.1   8304869   8305957 (10004042) +               Kuruka     Unspecified    3461    4548  (4285)    
   618 33.34 0.00 0.38          NC_039508.1   8476997   8477261 (9832738) C               Kuruka     Unspecified  (4300)    4533    4270    
   561 31.01 1.15 1.15          NC_039508.1   9009845   9010105 (9299894) +               Kuruka     Unspecified    3578    3838  (4995)    
   460 36.65 0.92 1.23          NC_039508.1   9010497   9010822 (9299177) +               Kuruka     Unspecified    4230    4554  (4279)    
  1084 32.79 4.71 4.71          NC_039508.1   9283293   9284268 (9025731) +               Kuruka     Unspecified    3798    4773  (4060)    
   230 15.22 6.52 0.00          NC_039508.1  14757821  14757866 (3552133) +               Kuruka     Unspecified     638     686  (8147)    
   432 37.06 3.00 2.85          NC_039508.1  18205694  18206393 (103606) +               Kuruka     Unspecified    3461    4161  (4672)    
   385 33.62 5.07 3.02          NC_039508.1  18206515  18206968 (103031) +               Kuruka     Unspecified    4283    4745  (4088)    
   476 35.87 2.15 2.29          NC_039509.1   7589063   7589761 (10190204) C               Kuruka     Unspecified  (4204)    4629    3932    
   347 33.68 1.55 1.55          NC_039509.1   7589997   7590189 (10189776) C               Kuruka     Unspecified  (5137)    3696    3504    
   240 35.19 3.80 2.69          NC_039509.1   8232400   8232583 (9547382) C               Kuruka     Unspecified  (4378)    4455    4270    
   383 35.16 1.36 0.67          NC_039510.1   7422501   7422795 (10030531) +               Kuruka     Unspecified    3956    4252  (4581)    
   530 34.00 0.00 0.40          NC_039510.1   7506754   7507004 (9946322) C               Kuruka     Unspecified  (4300)    4533    4284    
   250 34.78 0.00 0.00          NC_039510.1   7507142   7507256 (9946070) C               Kuruka     Unspecified  (4689)    4144    4030    
   326 35.83 1.77 2.03          NC_039510.1   7507432   7507827 (9945499) C               Kuruka     Unspecified  (4978)    3855    3461    
   971 34.81 4.87 4.87          NC_039510.1   7838533   7839743 (9613583) C               Kuruka     Unspecified  (4162)    4671    3461    
   656 37.19 3.35 3.35          NC_039510.1   7919357   7920341 (9532985) +               Kuruka     Unspecified    3536    4520  (4313)    
   761 34.96 4.55 4.28          NC_039510.1   9145764   9146555 (8306771) C               Kuruka     Unspecified  (4285)    4548    3755    
   658 37.18 3.35 3.45          NC_039511.1     38339     39324 (16848954) C               Kuruka     Unspecified  (4313)    4520    3536    
   355 36.61 3.53 3.69          NC_039511.1     62060     62683 (16825595) C               Kuruka     Unspecified  (4279)    4554    3932    
   325 35.29 1.45 1.45          NC_039511.1     62910     63116 (16825162) C               Kuruka     Unspecified  (5132)    3701    3495    
   897 35.35 3.73 3.63          NC_039511.1    179765    180891 (16707387) +               Kuruka     Unspecified    3504    4631  (4202)    
  1210 35.61 3.36 3.10          NC_039511.1   8617206   8618364 (8269914) C               Kuruka     Unspecified  (4177)    4656    3495    
   245 23.34 6.25 6.25          NC_039512.1   7990955   7991050 (8608771) C               Kuruka     Unspecified  (5154)    3679    3584    
   857 36.41 2.57 2.37          NC_039512.1   9279897   9280948 (7318873) +               Kuruka     Unspecified    3495    4548  (4285)    
   841 36.05 2.94 3.03          NC_039512.1   9405522   9406645 (7193176) C               Kuruka     Unspecified  (4204)    4629    3507    
   362 34.85 2.49 2.49          NC_039512.1  13394996  13395357 (3204464) +               Kuruka     Unspecified    3494    3855  (4978)    
   646 34.68 1.07 1.34          NC_039512.1  13395786  13396159 (3203662) +               Kuruka     Unspecified    4284    4656  (4177)    
   661 37.61 3.24 3.34          NC_039513.1    678618    679635 (15211540) C               Kuruka     Unspecified  (4313)    4520    3504    
   410 37.18 3.35 3.45          NC_039513.1   2282026   2283011 (13608164) +               Kuruka     Unspecified    3536    4520  (4313)    
   243 30.70 5.26 0.00          NC_039513.1   2435446   2435559 (13455616) +               Kuruka     Unspecified    4229    4348  (4485)    
   948 35.60 3.37 3.37          NC_039514.1   5275394   5276521 (10396692) C               Kuruka     Unspecified  (4202)    4631    3504    
   557 34.97 2.95 1.86          NC_039514.1   8003493   8003865 (7669348) C               Kuruka     Unspecified  (4995)    3838    3462    
   822 34.55 4.75 4.55          NC_039515.1    825325    826376 (13016521) +               Kuruka     Unspecified    3495    4548  (4285)    
   275 31.46 7.10 3.43          NC_039515.1   9644175   9644625 (4198272) C               Kuruka     Unspecified  (4434)    4399    3933    
   639 37.09 3.65 3.65          NC_039515.1   9777136   9778120 (4064777) C               Kuruka     Unspecified  (4313)    4520    3536    
   272 33.90 2.67 3.78          NC_039516.1    235349    235535 (13485722) C               Kuruka     Unspecified  (5160)    3673    3489    
   276 41.15 2.35 1.03          NC_039516.1    290619    291001 (13430256) C               Kuruka     Unspecified  (4280)    4553    4166    
   280 29.98 5.49 2.37          NC_039517.1  10798761  10798924 (2833520) C               Kuruka     Unspecified  (4435)    4398    4230    
   721 35.79 1.86 2.07          NC_039517.1  12988209  12988693 (643751) C               Kuruka     Unspecified  (4279)    4554    4071    
   270 33.05 4.51 4.51          NC_039517.1  12989537  12989780 (642664) C               Kuruka     Unspecified  (4833)    4000    3757    
   341 33.52 2.15 2.15          NC_039517.1  12989891  12990076 (642368) C               Kuruka     Unspecified  (5187)    3646    3461    
   284 37.86 0.82 0.82          NC_039517.1  13006159  13006403 (626041) C               Kuruka     Unspecified  (5133)    3700    3456    
  1334 34.36 3.57 3.66       NW_020825072.1      8654      9774  (10284) C               Kuruka     Unspecified  (4253)    4580    3461    
  1308 34.50 3.49 3.39       NW_020825072.1     17267     18385   (1673) +               Kuruka     Unspecified    3461    4580  (4253)    
  1296 34.84 3.12 3.12       NW_020825073.1      3545      4664   (4061) C               Kuruka     Unspecified  (4253)    4580    3461    
   264 36.70 1.86 1.86       NW_020825074.1      7369      7529  (31484) +               Kuruka     Unspecified    3536    3696  (5137)    
   283 35.33 1.65 5.11       NW_020825074.1      7811      7992  (31021) C               Kuruka     Unspecified  (5122)    3711    3536    
  1330 34.90 3.30 3.39       NW_020825074.1     18172     19292  (19721) +               Kuruka     Unspecified    3461    4580  (4253)    
  1344 34.36 3.57 3.66       NW_020825074.1     25072     26192  (12821) C               Kuruka     Unspecified  (4253)    4580    3461    
   727 35.85 4.57 4.57       NW_020825076.1      1109      2093   (9850) C               Kuruka     Unspecified  (4313)    4520    3536    
  1271 34.71 3.31 3.12       NW_020825076.1     10748     11865     (78) +               Kuruka     Unspecified    3461    4580  (4253)    
   742 35.92 4.46 4.57       NW_020825080.1     17850     18835  (22071) C               Kuruka     Unspecified  (4313)    4520    3536    
   308 29.40 10.28 5.67       NW_020825080.1     24087     24407  (16499) C               Kuruka     Unspecified  (4995)    3838    3504    
   742 35.92 4.46 4.57       NW_020825080.1     28898     29883  (11023) C               Kuruka     Unspecified  (4313)    4520    3536    
   931 35.60 3.37 3.46       NW_020825081.1      2464      3592  (12744) C               Kuruka     Unspecified  (4202)    4631    3504    
  1332 34.36 3.57 3.66       NW_020825081.1     13834     14954   (1382) C               Kuruka     Unspecified  (4253)    4580    3461    
  1026 34.42 3.18 2.66       NW_020825084.1       493      1277  (23386) C               Kuruka     Unspecified  (4253)    4580    3792    
  1266 34.53 3.30 3.39       NW_020825085.1      8490      9610   (3158) +               Kuruka     Unspecified    3461    4580  (4253)    
  1334 34.36 3.57 3.66       NW_020825086.1     13153     14273  (20040) +               Kuruka     Unspecified    3461    4580  (4253)    
  1330 34.14 3.48 3.48       NW_020825086.1     17501     18620  (15693) C               Kuruka     Unspecified  (4253)    4580    3461    
  1148 35.50 2.54 2.28       NW_020825086.1     32430     33216   (1097) C               Kuruka     Unspecified  (4253)    4580    3792    
   938 35.15 3.63 3.72       NW_020825091.1     15425     16553   (1311) C               Kuruka     Unspecified  (4202)    4631    3504    
  1274 34.36 3.57 3.66       NW_020825093.1      2202      3322   (1805) +               Kuruka     Unspecified    3461    4580  (4253)    
  1210 34.42 2.79 2.79       NW_020825104.1      2994      3782   (5656) +               Kuruka     Unspecified    3792    4580  (4253)    
   710 35.85 4.57 4.57       NW_020825109.1       125      1109   (9761) +               Kuruka     Unspecified    3536    4520  (4313)    
   794 31.85 6.23 5.00       NW_020825116.1      2165      3271  (21783) C               Kuruka     Unspecified  (4253)    4580    3461    
  1301 34.25 3.85 3.48       NW_020825116.1      9623     10738  (14316) +               Kuruka     Unspecified    3461    4580  (4253)    
  1062 33.33 2.88 2.57       NW_020825119.1      7553      8211  (13127) C               Kuruka     Unspecified  (4253)    4580    3920    
  1116 34.68 2.80 2.41       NW_020825119.1      8351      9136  (12202) +               Kuruka     Unspecified    3792    4580  (4253)    
   427 33.33 1.56 1.56       NW_020825120.1     25911     26102   (8645) +               Kuruka     Unspecified    3504    3695  (5138)    
  1187 34.55 2.78 2.92       NW_020825123.1     14260     15049  (17185) +               Kuruka     Unspecified    3792    4580  (4253)    
  1375 33.98 3.85 3.57       NW_020825123.1     21510     22626   (9608) +               Kuruka     Unspecified    3461    4580  (4253)    
  1184 34.02 4.22 3.75       NW_020825123.1     30069     31183   (1051) C               Kuruka     Unspecified  (4253)    4580    3461    
   922 35.45 3.46 3.46       NW_020825124.1      6477      7604  (17061) C               Kuruka     Unspecified  (4202)    4631    3504    
   467 30.25 4.08 4.44       NW_020825128.1       268       561  (17858) +               Kuruka     Unspecified    4200    4492  (4341)    
  1350 34.44 3.30 3.39       NW_020825129.1      1124      2244  (20145) C               Kuruka     Unspecified  (4253)    4580    3461    
  1301 34.30 3.66 3.66       NW_020825129.1     13141     14260   (8129) +               Kuruka     Unspecified    3461    4580  (4253)    
  1334 34.36 3.57 3.66       NW_020825129.1     16301     17421   (4968) C               Kuruka     Unspecified  (4253)    4580    3461    
   742 35.92 4.46 4.57       NW_020825137.1      7751      8736   (1917) +               Kuruka     Unspecified    3536    4520  (4313)    
   423 37.24 3.45 3.45       NW_020825138.1       730      1338  (15522) C               Kuruka     Unspecified  (4689)    4144    3536    
  1301 34.35 3.57 3.48       NW_020825138.1     15054     16172    (688) C               Kuruka     Unspecified  (4253)    4580    3461    
   675 36.17 4.57 4.57       NW_020825139.1      9557     10541   (7828) +               Kuruka     Unspecified    3536    4520  (4313)    
   938 35.15 3.63 3.72       NW_020825139.1     17040     18168    (201) C               Kuruka     Unspecified  (4202)    4631    3504    
   418 35.10 4.32 4.32       NW_020825140.1     13915     14447      (1) +               Kuruka     Unspecified    3504    4036  (4797)    
  1271 34.44 3.57 3.66       NW_020825141.1     10316     11436   (1043) +               Kuruka     Unspecified    3461    4580  (4253)    
  1318 34.74 3.12 3.12       NW_020825147.1      8109      9228   (7939) +               Kuruka     Unspecified    3461    4580  (4253)    
  1318 34.72 3.30 3.39       NW_020825147.1     13434     14554   (2613) +               Kuruka     Unspecified    3461    4580  (4253)    
   357 35.63 4.29 2.10       NW_020825149.1      2329      2887  (19099) C               Kuruka     Unspecified  (4285)    4548    3978    
   700 35.91 2.14 2.29       NW_020825149.1     13436     14136   (7850) C               Kuruka     Unspecified  (4202)    4631    3932    
   742 35.92 4.46 4.57       NW_020825152.1      9339     10324   (1817) C               Kuruka     Unspecified  (4313)    4520    3536    
  1312 34.56 3.39 3.48       NW_020825154.1       195      1315   (3474) C               Kuruka     Unspecified  (4253)    4580    3461    
   448 33.50 1.50 1.50       NW_020825157.1     10080     10279  (13574) C               Kuruka     Unspecified  (4253)    4580    4381    
   842 35.25 3.88 3.99       NW_020825157.1     12223     13150  (10703) C               Kuruka     Unspecified  (4446)    4387    3461    
   821 33.69 2.32 2.32       NW_020825158.1      8846      9319      (0) C               Kuruka     Unspecified  (4253)    4580    4107    
  1278 34.44 3.57 3.57       NW_020825161.1      5282      6401  (21251) +               Kuruka     Unspecified    3461    4580  (4253)    
   721 36.03 4.46 4.57       NW_020825162.1      6301      7286   (7038) C               Kuruka     Unspecified  (4313)    4520    3536    
  1341 34.20 3.66 3.57       NW_020825163.1      5917      7035   (3845) C               Kuruka     Unspecified  (4253)    4580    3461    
  1275 34.59 3.48 3.48       NW_020825163.1      8578      9697   (1183) +               Kuruka     Unspecified    3461    4580  (4253)    
   420 33.68 1.55 1.55       NW_020825168.1      1187      1379  (16858) C               Kuruka     Unspecified  (5137)    3696    3504    
  1354 34.81 3.30 3.39       NW_020825171.1      2290      3410   (1680) C               Kuruka     Unspecified  (4253)    4580    3461    
   261 34.30 3.50 3.14       NW_020825176.1         2       287   (5843) +               Kuruka     Unspecified    3792    4078  (4755)    
   494 31.72 3.74 3.74       NW_020825176.1       411       731   (5399) +               Kuruka     Unspecified    4200    4520  (4313)    
   821 35.57 3.56 3.28       NW_020825178.1      1796      2920  (12624) C               Kuruka     Unspecified  (4202)    4631    3504    
   938 35.15 3.63 3.72       NW_020825178.1      9702     10830   (4714) +               Kuruka     Unspecified    3504    4631  (4202)    
   640 35.95 4.26 4.26       NW_020825180.1       522      1506  (39986) +               Kuruka     Unspecified    3536    4520  (4313)    
   385 33.83 2.90 2.90       NW_020825180.1      9517      9723  (31769) +               Kuruka     Unspecified    3495    3701  (5132)    
   533 33.04 3.08 3.37       NW_020825180.1     10206     10562  (30930) +               Kuruka     Unspecified    4199    4554  (4279)    
   438 30.57 3.77 4.20       NW_020825184.1     19646     19884      (7) C               Kuruka     Unspecified  (4313)    4520    4283    
   927 35.23 3.64 3.55       NW_020825190.1       912      2038  (17661) C               Kuruka     Unspecified  (4202)    4631    3504    
   273 30.79 4.07 7.56       NW_020825193.1         7       252  (11410) +               Kuruka     Unspecified    4283    4520  (4313)    
