   764 33.99 3.90 4.06           OW052225.1    430927    431567 (76609146) C               Kuruka     Unspecified  (4255)    4578    3939    
   423 36.46 1.68 1.68           OW052225.1    431661    432017 (76608696) C               Kuruka     Unspecified  (4988)    3845    3489    
   254 33.35 2.25 4.00           OW052225.1   1406188   1406365 (75634348) C               Kuruka     Unspecified  (5008)    3825    3651    
   268 27.98 0.00 2.54           OW052225.1   2585692   2585812 (74454901) C               Kuruka     Unspecified  (4499)    4334    4217    
   285 33.74 2.20 3.91           OW052225.1   3153754   3153935 (73886778) +               Kuruka     Unspecified    3651    3829  (5004)    
  1393 32.93 4.06 5.67           OW052225.1  13606902  13608208 (63432505) +               Kuruka     Unspecified    3479    4765  (4068)    
   421 36.72 2.73 2.89           OW052225.1  21893972  21894630 (55146083) +               Kuruka     Unspecified    3921    4578  (4255)    
   800 34.95 3.40 3.52           OW052225.1  34096407  34097260 (42943453) +               Kuruka     Unspecified    3921    4773  (4060)    
   254 33.35 2.25 4.00           OW052225.1  36273340  36273517 (40767196) C               Kuruka     Unspecified  (5008)    3825    3651    
   336 32.77 2.25 4.00           OW052225.1  37799758  37799935 (39240778) C               Kuruka     Unspecified  (5008)    3825    3651    
   391 32.45 2.57 2.57           OW052225.1  38649890  38650161 (38390552) +               Kuruka     Unspecified    3578    3849  (4984)    
   805 34.74 2.18 2.78           OW052225.1  38650245  38650931 (38389782) +               Kuruka     Unspecified    3933    4615  (4218)    
   231 19.83 7.86 6.34           OW052225.1  38684358  38684497 (38356216) +               Kuruka     Unspecified    7375    7516  (1317)    
   963 35.05 3.67 3.76           OW052225.1  41524447  41525537 (35515176) +               Kuruka     Unspecified    3489    4578  (4255)    
   254 33.35 2.25 4.00           OW052225.1  47438110  47438287 (29602426) +               Kuruka     Unspecified    3651    3825  (5008)    
   256 32.77 2.25 4.00           OW052225.1  49370542  49370719 (27669994) +               Kuruka     Unspecified    3651    3825  (5008)    
  2110 33.51 2.17 2.25           OW052225.1  52992317  52993470 (24047243) C               Kuruka     Unspecified  (4186)    4647    3495    
  1291 35.05 3.29 3.11           OW052225.1  57226319  57227443 (19813270) C               Kuruka     Unspecified  (4218)    4615    3489    
   963 34.38 2.51 2.65           OW052225.1  58250064  58250780 (18789933) C               Kuruka     Unspecified  (4186)    4647    3932    
   234 28.99 4.17 4.17           OW052225.1  58251033  58251176 (18789537) C               Kuruka     Unspecified  (5154)    3679    3536    
   287 27.54 3.53 6.02           OW052225.1  59879406  59879575 (17161138) C               Kuruka     Unspecified  (4439)    4394    4229    
  1009 34.37 3.27 3.37           OW052225.1  60071235  60072273 (16968440) +               Kuruka     Unspecified    3578    4615  (4218)    
   601 35.89 3.38 3.55           OW052225.1  60326677  60327297 (16713416) +               Kuruka     Unspecified    3932    4551  (4282)    
   303 34.04 1.57 1.57           OW052225.1  69788464  69788654 (7252059) +               Kuruka     Unspecified    3489    3679  (5154)    
   600 33.99 3.90 4.06           OW052225.1  69788914  69789554 (7251159) +               Kuruka     Unspecified    3939    4578  (4255)    
   943 34.83 3.85 3.94           OW052226.1   7904587   7905677 (48936276) C               Kuruka     Unspecified  (4255)    4578    3489    
   822 35.20 3.40 3.52           OW052226.1   9702485   9703338 (47138615) C               Kuruka     Unspecified  (4060)    4773    3921    
  2131 33.42 2.17 2.25           OW052226.1  21943073  21944226 (34897727) +               Kuruka     Unspecified    3495    4647  (4186)    
   956 34.67 3.94 4.04           OW052226.1  22919151  22920241 (33921712) C               Kuruka     Unspecified  (4255)    4578    3489    
   405 35.67 3.22 3.39           OW052226.1  25356401  25357021 (31484932) +               Kuruka     Unspecified    3932    4551  (4282)    
   243 32.77 2.25 4.00           OW052226.1  26021354  26021531 (30820422) C               Kuruka     Unspecified  (5008)    3825    3651    
   962 35.30 3.30 3.49           OW052226.1  27031297  27032388 (29809565) C               Kuruka     Unspecified  (4255)    4578    3489    
   267 32.19 2.25 4.00           OW052226.1  29557848  29558025 (27283928) +               Kuruka     Unspecified    3651    3825  (5008)    
   275 23.53 0.00 0.00           OW052226.1  31654497  31654564 (25187389) C               Kuruka     Unspecified  (4479)    4354    4287    
   383 35.59 2.41 2.64           OW052226.1  32709940  32710395 (24131558) C               Kuruka     Unspecified  (4447)    4386    3932    
   285 31.61 2.79 2.79           OW052226.1  37112230  37112408 (19729545) +               Kuruka     Unspecified    3921    4099  (4734)    
  1324 34.59 3.08 3.18           OW052226.1  37358813  37359851 (19482102) +               Kuruka     Unspecified    3578    4615  (4218)    
   565 36.78 3.06 3.23           OW052226.1  37509194  37509814 (19332139) C               Kuruka     Unspecified  (4282)    4551    3932    
   407 33.64 2.25 2.25           OW052226.1  37952662  37952883 (18889070) C               Kuruka     Unspecified  (4218)    4615    4394    
   547 33.72 4.65 3.45           OW052226.1  37952958  37953387 (18888566) C               Kuruka     Unspecified  (4821)    4012    3578    
   724 34.77 1.25 1.50           OW052226.1  38091084  38091483 (18750470) +               Kuruka     Unspecified    4217    4615  (4218)    
   373 28.59 6.19 6.70           OW052226.1  42363756  42363965 (14477988) +               Kuruka     Unspecified    4223    4431  (4402)    
   309 31.85 6.90 2.57           OW052226.1  42836177  42836437 (14005516) +               Kuruka     Unspecified    3578    3849  (4984)    
  2134 32.51 3.31 3.07           OW052226.1  43917760  43919060 (12922893) +               Kuruka     Unspecified    3462    4765  (4068)    
   369 32.73 4.51 4.51           OW052226.1  44144188  44144475 (12697478) C               Kuruka     Unspecified  (4068)    4765    4478    
  1523 35.40 2.15 2.05           OW052226.1  44144703  44145723 (12696230) C               Kuruka     Unspecified  (4360)    4473    3452    
   257 29.12 3.63 4.47           OW052226.1  48826129  48826376 (8015577) +               Kuruka     Unspecified    4088    4333  (4500)    
  1112 34.73 2.12 2.12           OW052226.1  50891719  50892474 (5949479) +               Kuruka     Unspecified    3557    4312  (4521)    
   646 35.08 2.43 2.43           OW052226.1  50892528  50892898 (5949055) +               Kuruka     Unspecified    4395    4765  (4068)    
  1187 35.29 2.24 2.58           OW052226.1  50960787  50961679 (5880274) +               Kuruka     Unspecified    3465    4354  (4479)    
   496 33.93 2.89 2.89           OW052226.1  50961675  50962020 (5879933) +               Kuruka     Unspecified    4419    4764  (4069)    
   506 35.00 3.07 2.81           OW052226.1  51451126  51451516 (5390437) C               Kuruka     Unspecified  (4058)    4775    4384    
  1315 35.02 2.22 2.60           OW052226.1  51451520  51452331 (5389622) C               Kuruka     Unspecified  (4518)    4315    3507    
   751 34.24 3.77 3.92           OW052226.1  51461656  51462345 (5379608) +               Kuruka     Unspecified    3951    4639  (4194)    
   542 35.08 2.43 2.43           OW052226.1  51658836  51659206 (5182747) C               Kuruka     Unspecified  (4068)    4765    4395    
   914 36.33 1.32 1.32           OW052226.1  51659260  51660015 (5181938) C               Kuruka     Unspecified  (4521)    4312    3557    
   272 23.53 0.00 0.00           OW052227.1   1043164   1043231 (50158169) C               Kuruka     Unspecified  (4479)    4354    4287    
  1087 33.96 3.27 3.37           OW052227.1   9066498   9067536 (42133864) C               Kuruka     Unspecified  (4218)    4615    3578    
  1157 35.13 2.57 3.85           OW052227.1  12673635  12674685 (38526715) C               Kuruka     Unspecified  (4218)    4615    3578    
  1784 33.55 2.11 2.20           OW052227.1  12980492  12981582 (38219818) +               Kuruka     Unspecified    3495    4584  (4249)    
   340 35.26 0.52 0.52           OW052227.1  15184692  15184882 (36016518) +               Kuruka     Unspecified    3489    3679  (5154)    
   597 33.50 4.37 4.53           OW052227.1  15185142  15185782 (36015618) +               Kuruka     Unspecified    3939    4578  (4255)    
   294 34.31 2.20 3.91           OW052227.1  17987285  17987466 (33213934) +               Kuruka     Unspecified    3651    3829  (5004)    
   327 27.50 5.00 0.00           OW052227.1  27165356  27165475 (24035925) C               Kuruka     Unspecified  (4479)    4354    4229    
   323 33.17 2.20 3.91           OW052227.1  27954636  27954817 (23246583) C               Kuruka     Unspecified  (5004)    3829    3651    
   393 32.63 3.52 3.82           OW052227.1  30093188  30093528 (21107872) +               Kuruka     Unspecified    3988    4327  (4506)    
   505 32.90 2.54 2.54           OW052227.1  33085770  33086084 (18115316) +               Kuruka     Unspecified    3465    3779  (5054)    
  1265 35.46 2.96 3.04           OW052227.1  35151781  35152964 (16048436) C               Kuruka     Unspecified  (4073)    4760    3578    
   933 33.89 3.23 3.39           OW052227.1  35948099  35948718 (15252682) C               Kuruka     Unspecified  (4282)    4551    3933    
   459 31.82 3.65 3.65           OW052227.1  35948809  35949082 (15252318) C               Kuruka     Unspecified  (4984)    3849    3576    
  1346 35.05 2.76 3.08           OW052227.1  43936910  43938213 (7263187) C               Kuruka     Unspecified  (4069)    4764    3465    
   670 30.08 4.70 3.55           OW052227.1  44679446  44679807 (6521593) C               Kuruka     Unspecified  (5016)    3817    3452    
   511 33.53 1.45 1.45           OW052228.1    643488    643832 (42685168) +               Kuruka     Unspecified    3488    3832  (5001)    
   590 34.95 3.33 2.52           OW052228.1    643951    644581 (42684419) +               Kuruka     Unspecified    3951    4586  (4247)    
   565 36.27 3.06 3.23           OW052228.1   5828983   5829603 (37499397) C               Kuruka     Unspecified  (4282)    4551    3932    
  1776 33.55 2.11 2.20           OW052228.1  12931054  12932144 (30396856) +               Kuruka     Unspecified    3495    4584  (4249)    
   860 34.50 3.10 3.24           OW052228.1  14853882  14854591 (28474409) +               Kuruka     Unspecified    3939    4647  (4186)    
   504 35.78 2.71 3.46           OW052228.1  14971368  14971920 (28357080) C               Kuruka     Unspecified  (4177)    4656    4108    
  1354 34.50 3.08 3.18           OW052228.1  15075490  15076528 (28252472) +               Kuruka     Unspecified    3578    4615  (4218)    
   401 35.73 3.38 3.55           OW052228.1  22700882  22701502 (20627498) C               Kuruka     Unspecified  (4282)    4551    3932    
   952 33.68 3.24 3.39           OW052228.1  27566149  27566858 (15762142) +               Kuruka     Unspecified    3939    4647  (4186)    
   317 35.71 2.56 2.56           OW052228.1  28573202  28573474 (14755526) +               Kuruka     Unspecified    3446    3718  (5115)    
   890 32.85 3.82 4.41           OW052228.1  28573716  28574422 (14754578) +               Kuruka     Unspecified    3969    4671  (4162)    
   276 32.19 2.25 4.00           OW052228.1  31720920  31721097 (11607903) C               Kuruka     Unspecified  (5008)    3825    3651    
   267 32.19 2.25 4.00           OW052228.1  33215197  33215374 (10113626) +               Kuruka     Unspecified    3651    3825  (5008)    
   980 34.56 3.27 3.37           OW052228.1  36597990  36599028 (6729972) C               Kuruka     Unspecified  (4218)    4615    3578    
   268 27.98 0.00 2.54           OW052229.1   3037217   3037337 (39496175) +               Kuruka     Unspecified    4217    4334  (4499)    
   988 34.63 3.85 3.94           OW052229.1   3292502   3293592 (39239920) +               Kuruka     Unspecified    3489    4578  (4255)    
   658 26.40 4.21 4.21           OW052229.1   4706963   4707223 (37826289) +               Kuruka     Unspecified    3557    3817  (5016)    
  2150 33.33 2.17 2.25           OW052229.1   4984297   4985450 (37548062) +               Kuruka     Unspecified    3495    4647  (4186)    
   663 32.00 3.57 3.01           OW052229.1   6428916   6429279 (36104233) C               Kuruka     Unspecified  (5016)    3817    3452    
   289 22.06 0.00 0.00           OW052229.1   9354868   9354935 (33178577) +               Kuruka     Unspecified    4287    4354  (4479)    
   577 27.62 5.98 1.92           OW052229.1   9384671   9384921 (33148591) +               Kuruka     Unspecified    3557    3817  (5016)    
   310 22.06 0.00 0.00           OW052229.1  10408713  10408780 (32124732) +               Kuruka     Unspecified    4287    4354  (4479)    
  2093 33.60 2.17 2.25           OW052229.1  12817456  12818609 (29714903) +               Kuruka     Unspecified    3495    4647  (4186)    
  1788 34.98 2.76 3.08           OW052229.1  13932108  13933411 (28600101) +               Kuruka     Unspecified    3465    4764  (4069)    
  2130 33.42 2.17 2.25           OW052229.1  21919991  21921144 (20612368) +               Kuruka     Unspecified    3495    4647  (4186)    
  1287 34.37 3.27 3.37           OW052229.1  22650488  22651526 (19881986) +               Kuruka     Unspecified    3578    4615  (4218)    
   256 32.77 2.25 4.00           OW052230.1   1054892   1055069 (37512428) C               Kuruka     Unspecified  (5008)    3825    3651    
  1314 35.14 2.56 2.64           OW052230.1   3338189   3339401 (35228096) +               Kuruka     Unspecified    3557    4768  (4065)    
   632 35.72 2.42 1.97           OW052230.1   3386682   3387135 (35180362) +               Kuruka     Unspecified    3452    3907  (4926)    
  1367 35.47 2.56 2.46           OW052230.1   3387161   3388215 (35179282) +               Kuruka     Unspecified    3710    4765  (4068)    
   268 25.71 0.00 0.00           OW052230.1   3903861   3903930 (34663567) C               Kuruka     Unspecified  (4201)    4632    4563    
   260 32.19 2.25 4.00           OW052230.1   9280915   9281092 (29286405) C               Kuruka     Unspecified  (5008)    3825    3651    
  1724 34.81 2.76 3.08           OW052230.1  11849001  11850304 (26717193) C               Kuruka     Unspecified  (4069)    4764    3465    
   548 36.45 3.06 3.23           OW052230.1  15101314  15101934 (23465563) +               Kuruka     Unspecified    3932    4551  (4282)    
   395 35.30 4.03 4.19           OW052230.1  18932199  18932819 (19634678) C               Kuruka     Unspecified  (4282)    4551    3932    
  1726 34.81 2.76 3.08           OW052230.1  24165288  24166591 (14400906) +               Kuruka     Unspecified    3465    4764  (4069)    
   775 35.20 3.40 3.52           OW052230.1  28301471  28302324 (10265173) C               Kuruka     Unspecified  (4060)    4773    3921    
   618 35.19 2.90 3.04           OW052230.1  28732377  28733100 (9834397) C               Kuruka     Unspecified  (4190)    4643    3921    
   959 34.73 3.85 3.94           OW052230.1  28784794  28785884 (9781613) C               Kuruka     Unspecified  (4255)    4578    3489    
   305 33.74 2.20 3.91           OW052230.1  29592895  29593076 (8974421) +               Kuruka     Unspecified    3651    3829  (5004)    
   254 33.35 2.25 4.00           OW052231.1   2974249   2974426 (35106635) C               Kuruka     Unspecified  (5008)    3825    3651    
   272 23.53 0.00 0.00           OW052231.1  10675763  10675830 (27405231) +               Kuruka     Unspecified    4287    4354  (4479)    
   281 33.94 2.25 4.00           OW052231.1  30104239  30104416 (7976645) +               Kuruka     Unspecified    3651    3825  (5008)    
   755 35.16 3.84 2.99           OW052231.1  31497905  31498634 (6582427) C               Kuruka     Unspecified  (4177)    4656    3921    
   533 33.23 1.45 1.45           OW052231.1  34928329  34928673 (3152388) +               Kuruka     Unspecified    3488    3832  (5001)    
   590 34.95 3.33 2.52           OW052231.1  34928792  34929422 (3151639) +               Kuruka     Unspecified    3951    4586  (4247)    
   310 22.06 0.00 0.00           OW052231.1  37608564  37608631 (472430) C               Kuruka     Unspecified  (4479)    4354    4287    
   565 34.05 4.06 4.22           OW052232.1   5843415   5844055 (28034175) +               Kuruka     Unspecified    3939    4578  (4255)    
   305 33.74 2.20 3.91           OW052232.1   6898940   6899121 (26979109) +               Kuruka     Unspecified    3651    3829  (5004)    
   497 31.10 2.68 2.68           OW052232.1   8190846   8191106 (25687124) C               Kuruka     Unspecified  (5016)    3817    3557    
  1201 35.45 3.05 3.82           OW052232.1  11110668  11111881 (22766349) C               Kuruka     Unspecified  (4164)    4669    3465    
  2157 33.42 2.17 2.25           OW052232.1  17300444  17301597 (16576633) C               Kuruka     Unspecified  (4186)    4647    3495    
   638 26.10 4.60 4.60           OW052232.1  20070384  20070644 (13807586) C               Kuruka     Unspecified  (5016)    3817    3557    
  2339 32.12 3.31 3.07           OW052232.1  20600239  20601539 (13276691) C               Kuruka     Unspecified  (4068)    4765    3462    
   332 31.26 2.41 3.66           OW052232.1  22957929  22958177 (10920053) C               Kuruka     Unspecified  (4499)    4334    4089    
   340 35.26 0.52 0.52           OW052232.1  30120334  30120524 (3757706) +               Kuruka     Unspecified    3489    3679  (5154)    
   610 33.39 4.06 4.23           OW052232.1  30129853  30130468 (3747762) +               Kuruka     Unspecified    3964    4578  (4255)    
   252 27.59 3.33 3.33           OW052232.1  32591184  32591303 (1286927) +               Kuruka     Unspecified    4217    4336  (4497)    
   263 36.71 3.95 3.95           OW052232.1  33435926  33436254 (441976) +               Kuruka     Unspecified    3758    4086  (4747)    
  2223 33.42 2.17 2.25           OW052232.1  33568468  33569621 (308609) +               Kuruka     Unspecified    3495    4647  (4186)    
   317 32.59 2.20 3.91           OW052233.1   4411707   4411888 (28465599) +               Kuruka     Unspecified    3651    3829  (5004)    
   533 33.23 1.45 1.45           OW052233.1   9114730   9115074 (23762413) +               Kuruka     Unspecified    3488    3832  (5001)    
   614 34.68 4.01 2.04           OW052233.1   9115193   9115816 (23761671) +               Kuruka     Unspecified    3951    4586  (4247)    
  1740 34.74 2.76 3.08           OW052233.1  15626418  15627721 (17249766) C               Kuruka     Unspecified  (4069)    4764    3465    
   873 35.07 3.40 3.52           OW052233.1  16544387  16545240 (16332247) C               Kuruka     Unspecified  (4060)    4773    3921    
   635 26.80 4.21 4.21           OW052233.1  18159033  18159293 (14718194) +               Kuruka     Unspecified    3557    3817  (5016)    
  1518 33.44 3.50 3.50           OW052233.1  19358439  19359752 (13517735) C               Kuruka     Unspecified  (4068)    4765    3452    
   346 31.26 2.41 3.66           OW052233.1  21975927  21976175 (10901312) +               Kuruka     Unspecified    4089    4334  (4499)    
   428 33.12 3.88 4.22           OW052233.1  22046200  22046508 (10830979) C               Kuruka     Unspecified  (4297)    4536    4229    
   252 33.02 1.85 1.85           OW052233.1  22526761  22526868 (10350619) C               Kuruka     Unspecified  (4342)    4491    4384    
  1306 35.13 2.51 2.63           OW052233.1  22526870  22527667 (10349820) C               Kuruka     Unspecified  (4530)    4303    3507    
  1690 34.89 2.76 3.08           OW052233.1  23223628  23224931 (9652556) C               Kuruka     Unspecified  (4069)    4764    3465    
   278 22.22 0.00 0.00           OW052233.1  24575903  24575965 (8301522) +               Kuruka     Unspecified    4292    4354  (4479)    
   733 34.31 1.05 1.05           OW052233.1  25198362  25198741 (7678746) +               Kuruka     Unspecified    3495    3874  (4959)    
   530 31.62 4.73 5.44           OW052233.1  25260736  25261327 (7616160) +               Kuruka     Unspecified    3969    4556  (4277)    
  2126 33.42 2.17 2.25           OW052233.1  25449953  25451106 (7426381) +               Kuruka     Unspecified    3495    4647  (4186)    
   226 31.51 7.51 2.76           OW052233.1  25515964  25516136 (7361351) C               Kuruka     Unspecified  (4456)    4377    4197    
   228 30.99 0.00 0.00           OW052233.1  26572830  26572900 (6304587) C               Kuruka     Unspecified  (4479)    4354    4284    
   289 22.06 0.00 0.00           OW052233.1  27556688  27556755 (5320732) +               Kuruka     Unspecified    4287    4354  (4479)    
   318 30.96 1.27 1.27           OW052234.1   7370491   7370647 (18432234) +               Kuruka     Unspecified    3580    3736  (5097)    
   552 36.27 3.06 3.23           OW052234.1   7684572   7685192 (18117689) C               Kuruka     Unspecified  (4282)    4551    3932    
   276 32.98 2.25 4.60           OW052234.1   7718960   7719137 (18083744) +               Kuruka     Unspecified    3652    3825  (5008)    
   591 33.01 3.91 3.91           OW052234.1   8658712   8659146 (17143735) +               Kuruka     Unspecified    3578    4012  (4821)    
   854 35.38 1.60 1.78           OW052234.1   8670354   8670917 (17131964) +               Kuruka     Unspecified    4053    4615  (4218)    
  2132 33.42 2.17 2.25           OW052234.1   8754425   8755578 (17047303) C               Kuruka     Unspecified  (4186)    4647    3495    
   327 35.72 2.49 2.49           OW052234.1  10118202  10118603 (15684278) C               Kuruka     Unspecified  (4500)    4333    3932    
  1058 33.90 3.37 3.47           OW052234.1  15273546  15274584 (10528297) +               Kuruka     Unspecified    3578    4615  (4218)    
   429 33.43 3.49 3.49           OW052234.1  21510002  21510373 (4292508) +               Kuruka     Unspecified    3956    4327  (4506)    
   620 35.19 2.90 3.04           OW052234.1  24115841  24116564 (1686317) C               Kuruka     Unspecified  (4190)    4643    3921    
  1050 34.00 3.37 3.47           OW052235.1    430543    431581 (24400419) C               Kuruka     Unspecified  (4218)    4615    3578    
  1743 34.74 2.76 3.08           OW052235.1   8052778   8054081 (16777919) C               Kuruka     Unspecified  (4069)    4764    3465    
  1780 34.78 2.23 2.32           OW052235.1  12406478  12407687 (12424313) +               Kuruka     Unspecified    3557    4765  (4068)    
  1824 33.36 3.05 2.97           OW052235.1  14734328  14735640 (10096360) +               Kuruka     Unspecified    3452    4765  (4068)    
   277 32.00 2.23 3.98           OW052235.1  16527849  16528027 (8303973) C               Kuruka     Unspecified  (5008)    3825    3650    
   320 32.59 2.20 3.91           OW052235.1  16697481  16697662 (8134338) +               Kuruka     Unspecified    3651    3829  (5004)    
  2223 33.29 3.27 3.20           OW052236.1   2320630   2321942 (21585968) +               Kuruka     Unspecified    3452    4765  (4068)    
  2137 33.72 1.99 2.08           OW052236.1   4540940   4542093 (19365817) +               Kuruka     Unspecified    3495    4647  (4186)    
  1135 34.80 4.28 3.18           OW052236.1   5792628   5793654 (18114256) +               Kuruka     Unspecified    3578    4615  (4218)    
  1719 35.20 2.53 2.85           OW052236.1   9625317   9626620 (14281290) +               Kuruka     Unspecified    3465    4764  (4069)    
   799 35.76 2.71 2.85           OW052236.1  10695349  10696085 (13211825) C               Kuruka     Unspecified  (4177)    4656    3921    
  1324 34.59 3.08 3.18           OW052237.1    566936    567974 (23053119) +               Kuruka     Unspecified    3578    4615  (4218)    
  1841 33.27 2.11 2.20           OW052237.1   1519439   1520529 (22100564) C               Kuruka     Unspecified  (4249)    4584    3495    
  1676 35.26 2.68 3.00           OW052237.1  18414768  18416071 (5205022) C               Kuruka     Unspecified  (4069)    4764    3465    
  1723 34.60 2.84 3.15           OW052237.1  23109130  23110433 (510660) C               Kuruka     Unspecified  (4069)    4764    3465    
   618 35.19 2.90 3.04           OW052238.1   4080487   4081210 (15863086) +               Kuruka     Unspecified    3921    4643  (4190)    
  1324 34.59 3.08 3.18           OW052238.1   4649587   4650625 (15293671) +               Kuruka     Unspecified    3578    4615  (4218)    
  1381 34.89 2.76 3.08           OW052238.1   4717480   4718783 (15225513) C               Kuruka     Unspecified  (4069)    4764    3465    
   392 36.45 3.06 3.23           OW052238.1  16448516  16449136 (3495160) C               Kuruka     Unspecified  (4282)    4551    3932    
  1825 33.36 2.11 2.20           OW052239.1   1006200   1007290 (83960421) C               Kuruka     Unspecified  (4249)    4584    3495    
   589 36.61 3.06 3.23           OW052239.1  20295972  20296592 (64671119) C               Kuruka     Unspecified  (4282)    4551    3932    
   810 31.57 5.04 3.58           OW052239.1  22362511  22363006 (62604705) C               Kuruka     Unspecified  (4218)    4615    4113    
   345 31.93 6.50 8.70           OW052239.1  22363149  22363594 (62604117) C               Kuruka     Unspecified  (4821)    4012    3576    
   350 32.34 6.28 8.47           OW052239.1  22366716  22367161 (62600550) +               Kuruka     Unspecified    3576    4012  (4821)    
   810 31.57 5.04 3.58           OW052239.1  22367304  22367799 (62599912) +               Kuruka     Unspecified    4113    4615  (4218)    
   407 36.27 3.06 3.23           OW052239.1  22453604  22454224 (62513487) C               Kuruka     Unspecified  (4282)    4551    3932    
   618 35.81 3.28 2.55           OW052239.1  26722310  26723011 (58244700) C               Kuruka     Unspecified  (4176)    4657    3951    
   619 33.23 1.45 1.45           OW052239.1  26723130  26723474 (58244237) C               Kuruka     Unspecified  (5001)    3832    3488    
   319 34.44 4.05 4.52           OW052239.1  28519745  28519966 (56447745) +               Kuruka     Unspecified    4223    4443  (4390)    
   517 36.78 3.06 3.23           OW052239.1  42674159  42674779 (42292932) +               Kuruka     Unspecified    3932    4551  (4282)    
   952 33.68 3.24 3.39           OW052239.1  43879815  43880524 (41087187) C               Kuruka     Unspecified  (4186)    4647    3939    
   285 29.01 3.21 4.47           OW052239.1  50751710  50751958 (34215753) +               Kuruka     Unspecified    4088    4333  (4500)    
   259 33.35 2.25 4.00           OW052239.1  56730224  56730401 (28237310) C               Kuruka     Unspecified  (5008)    3825    3651    
   310 22.06 0.00 0.00           OW052239.1  62097583  62097650 (22870061) C               Kuruka     Unspecified  (4479)    4354    4287    
   898 35.90 2.77 2.90           OW052239.1  75891434  75892262 (9075449) +               Kuruka     Unspecified    3933    4760  (4073)    
   942 34.76 3.94 4.04           OW052239.1  77044969  77046059 (7921652) C               Kuruka     Unspecified  (4255)    4578    3489    
