   552 36.64 0.00 0.30    CAUJBF010000021.1     48379     48712  (78278) C               Kuruka     Unspecified  (4219)    4614    4282    
   548 34.19 2.52 2.52    CAUJBF010000021.1     51636     51992  (74998) C               Kuruka     Unspecified  (5015)    3818    3462    
   454 34.87 7.72 3.42           OY720235.1    450448    451121 (33289967) +               Kuruka     Unspecified    3637    4338  (4495)    
  1635 36.60 1.59 1.91           OY720235.1   6679070   6680328 (27060760) C               Kuruka     Unspecified  (4072)    4761    3507    
   240 33.11 1.28 1.28           OY720235.1   6681065   6681220 (27059868) C               Kuruka     Unspecified  (5769)    3064    2909    
  2151 32.10 3.37 3.45           OY720235.1   7139929   7141322 (26599766) C               Kuruka     Unspecified  (3979)    4854    3462    
  1514 34.35 2.48 2.58           OY720235.1   8095190   8096277 (25644811) +               Kuruka     Unspecified    3557    4643  (4190)    
   988 36.13 3.31 3.08           OY720235.1   9808682   9810009 (23931079) C               Kuruka     Unspecified  (4072)    4761    3431    
   627 32.23 1.09 1.09           OY720235.1  10118503  10118778 (23622310) +               Kuruka     Unspecified    3513    3788  (5045)    
  1680 35.93 1.99 2.07           OY720235.1  11330990  11332248 (22408840) C               Kuruka     Unspecified  (4072)    4761    3504    
   677 34.16 3.25 5.19           OY720235.1  11735236  11735942 (22005146) +               Kuruka     Unspecified    3966    4659  (4174)    
  1391 35.02 2.43 2.52           OY720235.1  16993490  16994643 (16746445) C               Kuruka     Unspecified  (4219)    4614    3462    
   275 33.34 4.72 5.21           OY720235.1  19911793  19912004 (13829084) C               Kuruka     Unspecified  (4339)    4494    4284    
  1393 35.88 3.54 1.88           OY720235.1  20108903  20110004 (13631084) +               Kuruka     Unspecified    3551    4670  (4163)    
  1661 35.61 1.99 2.07           OY720235.1  20202008  20203266 (13537822) C               Kuruka     Unspecified  (4072)    4761    3504    
  1147 34.82 2.48 2.58           OY720235.1  26140279  26141366 (7599722) +               Kuruka     Unspecified    3557    4643  (4190)    
  1730 34.00 2.44 2.52           OY720235.1  32186502  32187732 (1553356) +               Kuruka     Unspecified    3551    4780  (4053)    
   378 36.47 4.67 3.44           OY720235.1  33142651  33143743 (597345) C               Kuruka     Unspecified  (4221)    4612    3507    
   308 35.08 2.05 2.05           OY720236.1    558456    558650 (26814532) C               Kuruka     Unspecified  (5061)    3772    3578    
   248 27.88 5.81 5.13           OY720236.1    561641    561795 (26811387) C               Kuruka     Unspecified  (5768)    3065    2910    
   731 36.59 3.91 3.44           OY720236.1   2084748   2085848 (25287334) +               Kuruka     Unspecified    3507    4612  (4221)    
   738 35.72 4.35 3.88           OY720236.1   5313057   5314160 (22059022) +               Kuruka     Unspecified    3504    4612  (4221)    
   738 35.72 4.35 3.88           OY720236.1   5320417   5321520 (22051662) C               Kuruka     Unspecified  (4221)    4612    3504    
  1283 34.05 2.87 2.96           OY720236.1   7888606   7889755 (19483427) C               Kuruka     Unspecified  (4190)    4643    3495    
   263 35.57 0.00 0.00           OY720236.1   8169953   8170101 (19203081) C               Kuruka     Unspecified  (5097)    3736    3588    
   229 33.11 1.28 1.28           OY720236.1   8827829   8827984 (18545198) +               Kuruka     Unspecified    2910    3065  (5768)    
  1370 35.64 3.46 3.23           OY720236.1   8829301   8830628 (18542554) +               Kuruka     Unspecified    3431    4761  (4072)    
   269 36.91 0.00 0.00           OY720236.1  11074878  11075026 (16298156) C               Kuruka     Unspecified  (5097)    3736    3588    
  1523 34.49 2.11 2.21           OY720236.1  14996701  14997788 (12375394) C               Kuruka     Unspecified  (4190)    4643    3557    
  1634 35.90 1.91 1.99           OY720236.1  15522434  15523692 (11849490) +               Kuruka     Unspecified    3504    4761  (4072)    
   474 34.50 1.59 0.31           OY720236.1  17731282  17731595 (9641587) C               Kuruka     Unspecified  (5028)    3805    3488    
   860 34.11 3.72 4.03           OY720236.1  19274293  19274964 (8098218) C               Kuruka     Unspecified  (4075)    4758    4089    
  1008 33.58 1.27 1.82           OY720236.1  19275249  19275800 (8097382) C               Kuruka     Unspecified  (4750)    4083    3535    
   672 36.87 3.91 3.44           OY720236.1  19648037  19649137 (7724045) C               Kuruka     Unspecified  (4221)    4612    3507    
  1238 34.29 1.60 2.35           OY720236.1  21361825  21362511 (6010671) C               Kuruka     Unspecified  (4219)    4614    3933    
   446 34.92 6.01 2.13           OY720236.1  21362668  21362983 (6010199) C               Kuruka     Unspecified  (5075)    3758    3431    
  1539 34.24 2.48 2.58           OY720236.1  21531970  21533057 (5840125) C               Kuruka     Unspecified  (4190)    4643    3557    
   451 36.59 3.91 3.44           OY720236.1  25719335  25720435 (1652747) C               Kuruka     Unspecified  (4221)    4612    3507    
   336 32.60 3.40 3.40           OY720237.1    155632    155866 (24454608) +               Kuruka     Unspecified    3611    3845  (4988)    
   546 33.67 3.85 2.60           OY720237.1    156141    156634 (24453840) +               Kuruka     Unspecified    4116    4615  (4218)    
  1015 35.97 3.31 3.08           OY720237.1    483351    484678 (24125796) C               Kuruka     Unspecified  (4072)    4761    3431    
  1779 33.62 1.68 1.78           OY720237.1   3491510   3492578 (21117896) C               Kuruka     Unspecified  (4255)    4578    3511    
  1515 34.82 2.52 2.61           OY720237.1   8617493   8618642 (15991832) C               Kuruka     Unspecified  (4190)    4643    3495    
  2172 34.66 2.10 2.18           OY720237.1   8810330   8811615 (15798859) +               Kuruka     Unspecified    3496    4780  (4053)    
  1309 35.95 3.46 3.23           OY720237.1   9405316   9406643 (15203831) C               Kuruka     Unspecified  (4072)    4761    3431    
   381 36.96 3.91 3.44           OY720237.1  11432348  11433448 (13177026) C               Kuruka     Unspecified  (4221)    4612    3507    
  1592 35.55 2.63 2.11           OY720237.1  12712366  12713543 (11896931) +               Kuruka     Unspecified    3431    4614  (4219)    
  1544 35.82 2.63 2.03           OY720237.1  15936334  15937510 (8672964) +               Kuruka     Unspecified    3431    4614  (4219)    
  1768 33.72 1.68 1.78           OY720237.1  18402114  18403182 (6207292) C               Kuruka     Unspecified  (4255)    4578    3511    
   547 34.52 1.35 1.62           OY720237.1  18774242  18774612 (5835862) C               Kuruka     Unspecified  (4163)    4670    4301    
   477 34.24 1.35 1.62           OY720237.1  18903315  18903685 (5706789) C               Kuruka     Unspecified  (4163)    4670    4301    
  1550 34.62 2.21 2.30           OY720237.1  19650267  19651354 (4959120) C               Kuruka     Unspecified  (4190)    4643    3557    
  1267 34.69 2.11 2.21           OY720237.1  22527469  22528556 (2081918) +               Kuruka     Unspecified    3557    4643  (4190)    
   712 35.81 4.35 3.88           OY720237.1  22927259  22928362 (1682112) C               Kuruka     Unspecified  (4221)    4612    3504    
   767 34.99 4.71 4.24           OY720237.1  22939912  22941015 (1669459) C               Kuruka     Unspecified  (4221)    4612    3504    
  1080 34.58 1.61 1.76           OY720237.1  23860944  23861626 (748848) C               Kuruka     Unspecified  (4219)    4614    3933    
   544 33.13 4.46 2.58           OY720237.1  23861741  23862121 (748353) C               Kuruka     Unspecified  (5015)    3818    3431    
   242 33.36 4.49 5.79           OY720238.1    275920    276164 (23801859) C               Kuruka     Unspecified  (4397)    4436    4195    
   255 33.76 3.37 5.14           OY720238.1    334373    334550 (23743473) +               Kuruka     Unspecified    3651    3825  (5008)    
   281 33.51 4.67 5.16           OY720238.1   1129212   1129425 (22948598) +               Kuruka     Unspecified    4282    4494  (4339)    
  1258 35.93 1.99 2.07           OY720238.1   1901197   1902455 (22175568) C               Kuruka     Unspecified  (4072)    4761    3504    
   727 36.59 3.91 3.44           OY720238.1   3885647   3886747 (20191276) C               Kuruka     Unspecified  (4221)    4612    3507    
   726 35.19 4.71 4.24           OY720238.1   4668515   4669618 (19408405) +               Kuruka     Unspecified    3504    4612  (4221)    
  1596 34.19 2.52 2.61           OY720238.1  12014741  12015890 (12062133) +               Kuruka     Unspecified    3495    4643  (4190)    
  1459 34.87 2.11 2.21           OY720238.1  15689900  15690987 (8387036) +               Kuruka     Unspecified    3557    4643  (4190)    
   672 36.87 3.91 3.44           OY720238.1  21946337  21947437 (2130586) C               Kuruka     Unspecified  (4221)    4612    3507    
   360 30.84 0.00 0.00           OY720238.1  23306022  23306128 (771895) +               Kuruka     Unspecified    3588    3694  (5139)    
   590 37.17 3.77 3.31           OY720239.1      6735      7847 (23941240) C               Kuruka     Unspecified  (4221)    4612    3495    
   226 31.19 2.11 2.11           OY720239.1    597587    597681 (23351406) C               Kuruka     Unspecified  (5154)    3679    3585    
  1513 34.24 2.48 2.58           OY720239.1   3641008   3642095 (20306992) C               Kuruka     Unspecified  (4190)    4643    3557    
  1493 35.00 2.52 2.61           OY720239.1   4634451   4635600 (19313487) C               Kuruka     Unspecified  (4190)    4643    3495    
   326 33.54 1.83 1.83           OY720239.1   5424123   5424286 (18524801) C               Kuruka     Unspecified  (5095)    3738    3575    
   672 36.87 3.91 3.44           OY720239.1   6493695   6494795 (17454292) C               Kuruka     Unspecified  (4221)    4612    3507    
  1582 34.34 2.21 2.30           OY720239.1   7660161   7661248 (16287839) C               Kuruka     Unspecified  (4190)    4643    3557    
  1503 34.35 2.48 2.58           OY720239.1  10048517  10049604 (13899483) C               Kuruka     Unspecified  (4190)    4643    3557    
  1629 35.55 2.07 2.15           OY720239.1  11548521  11549779 (12399308) +               Kuruka     Unspecified    3504    4761  (4072)    
   283 31.97 2.00 2.00           OY720239.1  13625069  13625218 (10323869) +               Kuruka     Unspecified    3575    3724  (5109)    
  1610 35.18 2.26 2.35           OY720239.1  22356064  22357213 (1591874) C               Kuruka     Unspecified  (4190)    4643    3495    
  2161 34.59 1.89 1.98           OY720239.1  23789410  23790571 (158516) +               Kuruka     Unspecified    3511    4671  (4162)    
  1255 37.11 1.43 1.75           OY720240.1    296711    297969 (22977229) C               Kuruka     Unspecified  (4072)    4761    3507    
  1606 35.85 1.99 2.07           OY720240.1    531570    532828 (22742370) +               Kuruka     Unspecified    3504    4761  (4072)    
  1701 35.04 2.63 2.11           OY720240.1    948716    949893 (22325305) +               Kuruka     Unspecified    3431    4614  (4219)    
  2023 33.94 2.72 3.04           OY720240.1   1300900   1302151 (21973047) C               Kuruka     Unspecified  (4075)    4758    3511    
  1174 35.84 2.31 2.39           OY720240.1   1476864   1478161 (21797037) C               Kuruka     Unspecified  (4075)    4758    3462    
  1589 34.47 1.62 2.06           OY720240.1   2092706   2093632 (21181566) +               Kuruka     Unspecified    3511    4433  (4400)    
   777 33.98 2.42 2.61           OY720240.1   2637818   2638355 (20636843) C               Kuruka     Unspecified  (4162)    4671    4135    
  1073 35.40 1.02 1.17           OY720240.1   4308080   4308762 (18966436) C               Kuruka     Unspecified  (4219)    4614    3933    
   534 34.48 2.52 2.52           OY720240.1   4308877   4309233 (18965965) C               Kuruka     Unspecified  (5015)    3818    3462    
  1238 34.58 2.11 2.21           OY720240.1   5485878   5486965 (17788233) C               Kuruka     Unspecified  (4190)    4643    3557    
  1324 35.87 3.46 3.23           OY720240.1   8559098   8560425 (14714773) +               Kuruka     Unspecified    3431    4761  (4072)    
   275 27.72 8.38 7.10           OY720240.1   9750531   9750697 (13524501) +               Kuruka     Unspecified    3489    3657  (5176)    
   798 33.98 2.89 3.04           OY720240.1   9750981   9751672 (13523526) +               Kuruka     Unspecified    3939    4629  (4204)    
  1872 36.08 1.76 2.08           OY720240.1  12711777  12713081 (10562117) C               Kuruka     Unspecified  (4072)    4761    3461    
  1811 34.74 1.64 1.73           OY720241.1     64206     65365 (22667771) +               Kuruka     Unspecified    3513    4671  (4162)    
  1490 34.44 2.48 2.58           OY720241.1    737452    738539 (21994597) C               Kuruka     Unspecified  (4190)    4643    3557    
   326 33.54 1.83 1.83           OY720241.1   5999134   5999297 (16733839) C               Kuruka     Unspecified  (5095)    3738    3575    
   378 29.91 0.00 0.00           OY720241.1   7073248   7073354 (15659782) C               Kuruka     Unspecified  (5139)    3694    3588    
   231 34.84 0.64 0.64           OY720241.1   9230771   9230926 (13502210) +               Kuruka     Unspecified    2910    3065  (5768)    
  1309 36.02 3.00 3.32           OY720241.1   9231566   9232866 (13500270) +               Kuruka     Unspecified    3465    4761  (4072)    
  1562 34.41 2.61 2.70           OY720241.1  12174094  12175243 (10557893) C               Kuruka     Unspecified  (4190)    4643    3495    
  1667 35.44 2.55 2.03           OY720241.1  15035472  15036649 (7696487) C               Kuruka     Unspecified  (4219)    4614    3431    
  1462 34.87 2.11 2.21           OY720241.1  15559508  15560595 (7172541) C               Kuruka     Unspecified  (4190)    4643    3557    
   758 36.40 3.91 3.44           OY720241.1  15574445  15575545 (7157591) C               Kuruka     Unspecified  (4221)    4612    3507    
   301 35.57 0.00 0.00           OY720241.1  15949056  15949204 (6783932) +               Kuruka     Unspecified    3588    3736  (5097)    
  1958 34.54 2.32 2.64           OY720241.1  15960614  15961865 (6771271) C               Kuruka     Unspecified  (4075)    4758    3511    
   397 35.37 3.39 2.06           OY720241.1  17430837  17431220 (5301916) C               Kuruka     Unspecified  (4221)    4612    4224    
  1197 35.91 2.31 2.39           OY720241.1  20163251  20164548 (2568588) +               Kuruka     Unspecified    3462    4758  (4075)    
   394 36.87 3.91 3.44           OY720242.1   5735076   5736176 (16886955) C               Kuruka     Unspecified  (4221)    4612    3507    
   672 36.87 3.91 3.44           OY720242.1   6229247   6230347 (16392784) C               Kuruka     Unspecified  (4221)    4612    3507    
   250 32.33 1.18 3.01           OY720242.1  10824795  10824963 (11798168) +               Kuruka     Unspecified    2910    3075  (5758)    
  1465 35.83 2.94 2.70           OY720242.1  10825563  10826890 (11796241) +               Kuruka     Unspecified    3431    4761  (4072)    
   335 33.54 1.83 1.83           OY720242.1  13068477  13068640 (9554491) C               Kuruka     Unspecified  (5095)    3738    3575    
   229 33.11 1.28 1.28           OY720242.1  15479169  15479324 (7143807) +               Kuruka     Unspecified    2910    3065  (5768)    
  1287 35.95 3.46 3.23           OY720242.1  15479934  15481261 (7141870) +               Kuruka     Unspecified    3431    4761  (4072)    
   262 31.96 4.43 4.43           OY720242.1  16246258  16246460 (6376671) C               Kuruka     Unspecified  (4456)    4377    4175    
  1505 35.81 2.23 2.39           OY720242.1  16327237  16328535 (6294596) C               Kuruka     Unspecified  (4075)    4758    3462    
   244 18.74 8.25 0.96           OY720242.1  19460502  19460598 (3162533) +               Kuruka     Unspecified    7221    7324  (1509)    
  1605 36.87 1.43 1.75           OY720242.1  20177173  20178431 (2444700) C               Kuruka     Unspecified  (4072)    4761    3507    
   240 33.11 1.28 1.28           OY720242.1  20179168  20179323 (2443808) C               Kuruka     Unspecified  (5769)    3064    2909    
  1661 35.35 2.08 2.17           OY720243.1    210774    211927 (22045315) +               Kuruka     Unspecified    3462    4614  (4219)    
  1461 36.07 2.26 2.33           OY720243.1   2433484   2434769 (19822473) +               Kuruka     Unspecified    3462    4746  (4087)    
  1722 34.78 2.89 2.36           OY720243.1   9739586   9740763 (12516479) C               Kuruka     Unspecified  (4219)    4614    3431    
   283 31.97 2.00 2.00           OY720243.1  14038740  14038889 (8218353) +               Kuruka     Unspecified    3575    3724  (5109)    
  1698 35.53 2.22 2.31           OY720243.1  15396095  15397353 (6859889) C               Kuruka     Unspecified  (4072)    4761    3504    
  2173 33.08 2.70 2.78           OY720243.1  17612260  17613627 (4643615) +               Kuruka     Unspecified    3488    4854  (3979)    
  1631 35.77 1.99 2.07           OY720243.1  17736225  17737483 (4519759) C               Kuruka     Unspecified  (4072)    4761    3504    
  1257 34.65 2.30 2.39           OY720243.1  18880781  18881868 (3375374) +               Kuruka     Unspecified    3557    4643  (4190)    
  1717 34.55 2.97 2.45           OY720243.1  19357124  19358301 (2898941) +               Kuruka     Unspecified    3431    4614  (4219)    
  1541 33.68 2.76 2.85           OY720243.1  20504107  20505194 (1752048) +               Kuruka     Unspecified    3557    4643  (4190)    
  2076 35.09 1.64 1.73           OY720243.1  21198283  21199442 (1057800) +               Kuruka     Unspecified    3513    4671  (4162)    
   273 30.27 0.82 2.50           OY720243.1  21366629  21366750 (890492) C               Kuruka     Unspecified  (5094)    3739    3620    
  1140 35.86 2.72 2.07           OY720243.1  21533244  21534493 (722749) C               Kuruka     Unspecified  (4072)    4761    3504    
  2078 34.77 1.89 1.98           OY720244.1   1072707   1073868 (20686598) +               Kuruka     Unspecified    3511    4671  (4162)    
   360 35.75 0.48 0.48           OY720244.1   2869652   2869859 (18890607) +               Kuruka     Unspecified    4405    4612  (4221)    
  1323 36.13 3.31 3.08           OY720244.1   3150870   3152197 (18608269) C               Kuruka     Unspecified  (4072)    4761    3431    
   244 32.47 1.28 1.28           OY720244.1   3152810   3152965 (18607501) C               Kuruka     Unspecified  (5768)    3065    2910    
   381 36.96 3.91 3.44           OY720244.1   3722407   3723507 (18036959) +               Kuruka     Unspecified    3507    4612  (4221)    
  1049 35.81 3.31 3.08           OY720244.1   3845898   3847225 (17913241) C               Kuruka     Unspecified  (4072)    4761    3431    
   867 35.23 1.50 1.64           OY720244.1   9214260   9214992 (12545474) +               Kuruka     Unspecified    3939    4670  (4163)    
   712 36.68 3.91 3.44           OY720244.1   9973123   9974223 (11786243) C               Kuruka     Unspecified  (4221)    4612    3507    
  1523 34.49 2.11 2.21           OY720244.1  14911416  14912503 (6847963) +               Kuruka     Unspecified    3557    4643  (4190)    
  2078 33.43 2.06 2.15           OY720244.1  17251334  17252452 (4508014) C               Kuruka     Unspecified  (4255)    4578    3461    
  2181 34.16 1.89 1.98           OY720244.1  21615882  21617043 (143423) +               Kuruka     Unspecified    3511    4671  (4162)    
   770 35.56 4.44 3.97           OY720245.1     60782     61885 (21512248) +               Kuruka     Unspecified    3504    4612  (4221)    
   774 34.99 4.71 4.24           OY720245.1     78899     80002 (21494131) +               Kuruka     Unspecified    3504    4612  (4221)    
  1244 34.28 2.57 2.67           OY720245.1   1679142   1680229 (19893904) +               Kuruka     Unspecified    3557    4643  (4190)    
  1576 33.49 2.76 2.85           OY720245.1   2517782   2518869 (19055264) C               Kuruka     Unspecified  (4190)    4643    3557    
   654 33.98 2.89 3.04           OY720245.1   2600322   2601013 (18973120) C               Kuruka     Unspecified  (4204)    4629    3939    
  1525 34.70 2.43 2.52           OY720245.1   3179696   3180845 (18393288) +               Kuruka     Unspecified    3495    4643  (4190)    
   672 36.87 3.91 3.44           OY720245.1   3532136   3533236 (18040897) +               Kuruka     Unspecified    3507    4612  (4221)    
   275 33.34 4.72 5.21           OY720245.1   4269270   4269481 (17304652) +               Kuruka     Unspecified    4284    4494  (4339)    
  1533 34.34 2.21 2.30           OY720245.1   6642596   6643683 (14930450) +               Kuruka     Unspecified    3557    4643  (4190)    
  1558 33.70 2.90 2.99           OY720245.1   9471451   9472588 (12101545) C               Kuruka     Unspecified  (4190)    4643    3507    
   241 33.11 1.28 1.28           OY720245.1  10475615  10475770 (11098363) +               Kuruka     Unspecified    2910    3065  (5768)    
  1408 36.06 2.94 2.70           OY720245.1  10476383  10477710 (11096423) +               Kuruka     Unspecified    3431    4761  (4072)    
   326 33.54 1.83 1.83           OY720245.1  14073346  14073509 (7500624) C               Kuruka     Unspecified  (5095)    3738    3575    
   672 36.87 3.91 3.44           OY720245.1  15548401  15549501 (6024632) C               Kuruka     Unspecified  (4221)    4612    3507    
  2084 33.65 3.17 3.24           OY720245.1  21405838  21407225 (166908) C               Kuruka     Unspecified  (3986)    4847    3461    
   326 33.54 1.83 1.83           OY720246.1    810644    810807 (20760152) +               Kuruka     Unspecified    3575    3738  (5095)    
   480 31.36 2.07 2.07           OY720246.1   4781662   4781902 (16789057) C               Kuruka     Unspecified  (4500)    4333    4093    
  1484 34.44 2.48 2.58           OY720246.1   5304367   5305454 (16265505) +               Kuruka     Unspecified    3557    4643  (4190)    
   244 32.47 1.28 1.28           OY720246.1   5324274   5324429 (16246530) +               Kuruka     Unspecified    2910    3065  (5768)    
  1364 35.64 3.46 3.23           OY720246.1   5325042   5326369 (16244590) +               Kuruka     Unspecified    3431    4761  (4072)    
   489 34.73 0.83 1.24           OY720246.1   6467497   6467738 (15103221) C               Kuruka     Unspecified  (4297)    4536    4296    
   742 34.02 3.22 3.01           OY720246.1   8108624   8109120 (13461839) +               Kuruka     Unspecified    3536    4033  (4800)    
   438 33.60 3.06 6.32           OY720246.1   8109465   8109823 (13461136) +               Kuruka     Unspecified    4069    4416  (4417)    
   255 33.76 3.37 5.14           OY720246.1  10935734  10935911 (10635048) C               Kuruka     Unspecified  (5008)    3825    3651    
   482 35.85 3.38 3.52           OY720246.1  12508752  12509491 (9061468) +               Kuruka     Unspecified    3932    4670  (4163)    
   238 36.09 3.77 4.83           OY720246.1  12608921  12609610 (8961349) C               Kuruka     Unspecified  (4689)    4144    3462    
   378 29.91 0.00 0.00           OY720246.1  12696269  12696375 (8874584) +               Kuruka     Unspecified    3588    3694  (5139)    
  1650 35.70 2.80 2.28           OY720246.1  15946863  15948040 (5622919) C               Kuruka     Unspecified  (4219)    4614    3431    
  2039 33.33 2.05 2.50           OY720247.1    659073    660195 (20241633) +               Kuruka     Unspecified    3461    4578  (4255)    
  1118 34.27 1.61 1.76           OY720247.1   2175073   2175755 (18726073) C               Kuruka     Unspecified  (4219)    4614    3933    
   550 34.48 2.52 2.52           OY720247.1   2175870   2176226 (18725602) C               Kuruka     Unspecified  (5015)    3818    3462    
  1584 35.93 1.99 2.07           OY720247.1   7204401   7205659 (13696169) +               Kuruka     Unspecified    3504    4761  (4072)    
  1615 35.77 1.99 2.07           OY720247.1   7914866   7916124 (12985704) +               Kuruka     Unspecified    3504    4761  (4072)    
  1507 34.18 2.57 2.67           OY720247.1   9193798   9194885 (11706943) +               Kuruka     Unspecified    3557    4643  (4190)    
  2083 33.43 2.06 2.15           OY720247.1  10676637  10677755 (10224073) C               Kuruka     Unspecified  (4255)    4578    3461    
   246 26.47 4.90 4.90           OY720247.1  10680914  10681056 (10220772) C               Kuruka     Unspecified  (5835)    2998    2856    
   245 33.11 1.28 1.28           OY720247.1  10713214  10713369 (10188459) +               Kuruka     Unspecified    2909    3064  (5769)    
  1678 37.03 1.43 1.75           OY720247.1  10714106  10715364 (10186464) +               Kuruka     Unspecified    3507    4761  (4072)    
  1469 34.71 3.59 2.40           OY720247.1  15577243  15578272 (5323556) C               Kuruka     Unspecified  (4218)    4615    3574    
   245 26.47 4.90 4.90           OY720247.1  16519687  16519829 (4381999) +               Kuruka     Unspecified    2856    2998  (5835)    
  2052 33.40 2.51 2.24           OY720247.1  16520363  16521477 (4380351) +               Kuruka     Unspecified    3461    4578  (4255)    
   421 34.05 0.54 0.54           OY720247.1  18333685  18333870 (2567958) C               Kuruka     Unspecified  (4221)    4612    4427    
   377 37.45 3.66 3.66           OY720247.1  18333911  18334758 (2567070) C               Kuruka     Unspecified  (4479)    4354    3507    
   366 33.34 2.78 3.14           OY720247.1  20331868  20332155 (569673) C               Kuruka     Unspecified  (4323)    4510    4224    
   483 34.73 0.83 1.24           OY720248.1    669784    670025 (19919892) C               Kuruka     Unspecified  (4297)    4536    4296    
   389 34.76 1.74 2.09           OY720248.1   2737940   2738227 (17851690) C               Kuruka     Unspecified  (4323)    4510    4224    
  2076 34.85 1.72 1.81           OY720248.1   3179025   3180184 (17409733) C               Kuruka     Unspecified  (4162)    4671    3513    
   674 34.40 3.11 5.04           OY720248.1   8955130   8955836 (11634081) +               Kuruka     Unspecified    3966    4659  (4174)    
  1772 35.08 2.91 3.38           OY720248.1  14977616  14978922 (5610995) C               Kuruka     Unspecified  (4072)    4761    3461    
   279 36.47 4.28 2.59           OY720248.1  18595558  18595861 (1994056) C               Kuruka     Unspecified  (4307)    4526    4218    
   260 35.57 0.00 0.00           OY720248.1  19561209  19561357 (1028560) C               Kuruka     Unspecified  (5097)    3736    3588    
   283 31.97 2.00 2.00           OY720248.1  19612187  19612336 (977581) +               Kuruka     Unspecified    3575    3724  (5109)    
   326 33.54 1.83 1.83           OY720249.1    864904    865067 (19689817) C               Kuruka     Unspecified  (5095)    3738    3575    
  1021 35.97 3.31 3.08           OY720249.1   1177590   1178917 (19375967) +               Kuruka     Unspecified    3431    4761  (4072)    
  1761 35.01 1.64 1.73           OY720249.1   2123490   2124649 (18430235) C               Kuruka     Unspecified  (4162)    4671    3513    
   240 33.11 1.28 1.28           OY720249.1   6120000   6120155 (14434729) +               Kuruka     Unspecified    2909    3064  (5769)    
   582 34.35 1.81 1.81           OY720249.1   6120892   6121223 (14433661) +               Kuruka     Unspecified    3507    3838  (4995)    
  1169 36.27 1.32 1.57           OY720249.1   6123418   6124249 (14430635) +               Kuruka     Unspecified    3932    4761  (4072)    
   420 36.56 3.38 3.52           OY720249.1   7137980   7138719 (13416165) C               Kuruka     Unspecified  (4163)    4670    3932    
  1510 34.35 2.48 2.58           OY720249.1  13475085  13476172 (7078712) +               Kuruka     Unspecified    3557    4643  (4190)    
  1793 34.33 2.19 2.28           OY720249.1  16323046  16324276 (4230608) +               Kuruka     Unspecified    3551    4780  (4053)    
   246 34.14 3.30 5.03           OY720249.1  17378384  17378565 (3176319) +               Kuruka     Unspecified    3651    3829  (5004)    
   826 34.18 2.60 2.75           OY720249.1  17529963  17530654 (3024230) +               Kuruka     Unspecified    3939    4629  (4204)    
   908 34.32 2.60 2.75           OY720250.1    137028    137719 (19802901) +               Kuruka     Unspecified    3939    4629  (4204)    
   895 30.16 2.57 3.46           OY720250.1    153824    154290 (19786330) +               Kuruka     Unspecified    3511    3973  (4860)    
  1339 35.80 3.46 3.23           OY720250.1   2230804   2232131 (17708489) C               Kuruka     Unspecified  (4072)    4761    3431    
   244 32.47 1.28 1.28           OY720250.1   2232744   2232899 (17707721) C               Kuruka     Unspecified  (5768)    3065    2910    
  1255 35.52 2.31 2.39           OY720250.1   2564810   2566107 (17374513) C               Kuruka     Unspecified  (4075)    4758    3462    
   534 34.48 2.52 2.52           OY720250.1   4121406   4121762 (15818858) +               Kuruka     Unspecified    3462    3818  (5015)    
   250 26.58 1.25 1.25           OY720250.1   4121877   4121956 (15818664) +               Kuruka     Unspecified    3933    4012  (4821)    
   799 34.88 1.39 1.79           OY720250.1   4126519   4127023 (15813597) +               Kuruka     Unspecified    4112    4614  (4219)    
  1517 34.91 2.52 2.61           OY720250.1   8482720   8483869 (11456751) C               Kuruka     Unspecified  (4190)    4643    3495    
   813 33.83 2.89 3.04           OY720250.1  15171982  15172673 (4767947) C               Kuruka     Unspecified  (4204)    4629    3939    
  1493 35.00 2.52 2.61           OY720250.1  16551868  16553017 (3387603) +               Kuruka     Unspecified    3495    4643  (4190)    
  1504 34.35 2.48 2.58           OY720250.1  16631698  16632785 (3307835) C               Kuruka     Unspecified  (4190)    4643    3557    
  2096 34.91 1.64 1.73           OY720250.1  17119814  17120973 (2819647) C               Kuruka     Unspecified  (4162)    4671    3513    
  1443 36.04 2.23 2.39           OY720250.1  18655219  18656517 (1284103) +               Kuruka     Unspecified    3462    4758  (4075)    
   229 32.89 0.00 0.00           OY720251.1    248691    248766 (19341481) C               Kuruka     Unspecified  (4707)    4126    4051    
   345 33.54 1.83 1.83           OY720251.1    249076    249239 (19341008) C               Kuruka     Unspecified  (5095)    3738    3575    
  1264 35.93 1.99 2.07           OY720251.1    452339    453597 (19136650) +               Kuruka     Unspecified    3504    4761  (4072)    
  1619 34.08 1.91 2.10           OY720251.1    505358    506454 (19083793) +               Kuruka     Unspecified    3511    4605  (4228)    
   434 36.68 3.91 3.44           OY720251.1   4499914   4501014 (15089233) +               Kuruka     Unspecified    3507    4612  (4221)    
  1682 33.68 2.45 1.78           OY720251.1   4515213   4516273 (15073974) C               Kuruka     Unspecified  (4255)    4578    3511    
   680 37.24 3.63 3.16           OY720251.1   6991039   6992139 (12598108) +               Kuruka     Unspecified    3507    4612  (4221)    
  2059 34.41 2.19 2.28           OY720251.1   9414795   9416025 (10174222) C               Kuruka     Unspecified  (4053)    4780    3551    
   916 36.60 3.31 3.08           OY720251.1  12218832  12220159 (7370088) C               Kuruka     Unspecified  (4072)    4761    3431    
   760 31.44 3.11 3.36           OY720251.1  13456607  13457024 (6133223) +               Kuruka     Unspecified    4197    4613  (4220)    
  1470 34.53 2.48 2.58           OY720251.1  16003584  16004671 (3585576) C               Kuruka     Unspecified  (4190)    4643    3557    
   495 34.64 2.88 4.95           OY720251.1  16171757  16172415 (3417832) +               Kuruka     Unspecified    3966    4611  (4222)    
   267 26.47 4.90 4.90           OY720251.1  18346123  18346265 (1243982) +               Kuruka     Unspecified    2856    2998  (5835)    
  2170 33.46 3.24 3.32           OY720251.1  18346833  18348220 (1242027) +               Kuruka     Unspecified    3461    4847  (3986)    
   797 34.90 4.71 4.24           OY720251.1  19396273  19397376 (192871) C               Kuruka     Unspecified  (4221)    4612    3504    
   340 34.20 2.85 3.21           OY720252.1    456825    457105 (18608454) C               Kuruka     Unspecified  (4330)    4503    4224    
  1578 35.14 2.17 2.26           OY720252.1   2444717   2445866 (16619693) +               Kuruka     Unspecified    3495    4643  (4190)    
   256 36.90 4.13 1.79           OY720252.1   3052500   3052717 (16012842) +               Kuruka     Unspecified    4218    4440  (4393)    
  2172 34.66 2.10 2.18           OY720252.1   4356795   4358080 (14707479) +               Kuruka     Unspecified    3496    4780  (4053)    
   663 36.96 3.91 3.44           OY720252.1   4811247   4812347 (14253212) C               Kuruka     Unspecified  (4221)    4612    3507    
  2071 33.52 2.06 2.15           OY720252.1  13277375  13278493 (5787066) C               Kuruka     Unspecified  (4255)    4578    3461    
   246 26.47 4.90 4.90           OY720252.1  13279061  13279203 (5786356) C               Kuruka     Unspecified  (5835)    2998    2856    
   256 33.76 3.37 5.14           OY720252.1  17440948  17441125 (1624434) +               Kuruka     Unspecified    3651    3825  (5008)    
  2186 35.25 1.95 2.27           OY720253.1     17676     18958 (19006389) C               Kuruka     Unspecified  (4059)    4774    3496    
   867 35.23 1.50 1.64           OY720253.1   2799471   2800203 (16225144) +               Kuruka     Unspecified    3939    4670  (4163)    
   386 34.51 3.42 3.42           OY720253.1   3658761   3658994 (15366353) +               Kuruka     Unspecified    3461    3694  (5139)    
   301 35.57 0.00 0.00           OY720253.1   4156959   4157107 (14868240) +               Kuruka     Unspecified    3588    3736  (5097)    
  1903 34.18 2.72 2.96           OY720253.1   4386584   4387834 (14637513) C               Kuruka     Unspecified  (4075)    4758    3511    
  1615 35.86 2.22 2.31           OY720253.1   4518609   4519867 (14505480) +               Kuruka     Unspecified    3504    4761  (4072)    
  1193 34.62 2.48 2.58           OY720253.1   4881227   4882314 (14143033) C               Kuruka     Unspecified  (4190)    4643    3557    
   417 36.78 3.91 3.44           OY720253.1   7387794   7388894 (11636453) C               Kuruka     Unspecified  (4221)    4612    3507    
   254 34.31 0.73 0.00           OY720253.1   8169699   8169835 (10855512) C               Kuruka     Unspecified  (4497)    4336    4199    
  1536 35.75 2.31 2.39           OY720253.1   8870179   8871476 (10153871) +               Kuruka     Unspecified    3462    4758  (4075)    
  1620 33.30 2.76 2.85           OY720253.1  10585883  10586970 (8438377) +               Kuruka     Unspecified    3557    4643  (4190)    
   353 31.31 7.69 3.87           OY720253.1  12233850  12234148 (6791199) +               Kuruka     Unspecified    4227    4536  (4297)    
   297 32.74 1.75 2.20           OY720253.1  12332696  12332923 (6692424) +               Kuruka     Unspecified    4284    4510  (4323)    
   389 34.76 1.74 2.09           OY720253.1  12391115  12391402 (6633945) +               Kuruka     Unspecified    4224    4510  (4323)    
   326 33.54 1.83 1.83           OY720253.1  12819458  12819621 (6205726) +               Kuruka     Unspecified    3575    3738  (5095)    
   230 32.89 0.00 0.00           OY720253.1  12819931  12820006 (6205341) +               Kuruka     Unspecified    4051    4126  (4707)    
   892 34.80 4.94 2.78           OY720253.1  14824995  14825804 (4199543) +               Kuruka     Unspecified    3932    4758  (4075)    
   275 26.14 8.33 8.33           OY720253.1  14846744  14846935 (4178412) +               Kuruka     Unspecified    3489    3680  (5153)    
   760 34.13 2.89 3.04           OY720253.1  14847194  14847885 (4177462) +               Kuruka     Unspecified    3939    4629  (4204)    
   293 35.77 2.57 2.90           OY720253.1  15236094  15236404 (3788943) C               Kuruka     Unspecified  (4297)    4536    4227    
   489 34.73 0.83 1.24           OY720253.1  15340900  15341141 (3684206) C               Kuruka     Unspecified  (4297)    4536    4296    
  2054 33.88 2.41 2.49           OY720253.1  15429548  15430915 (3594432) C               Kuruka     Unspecified  (3979)    4854    3488    
   377 34.43 2.55 2.88           OY720253.1  17182999  17183312 (1842035) C               Kuruka     Unspecified  (4297)    4536    4224    
  1255 35.93 1.99 2.07           OY720253.1  18465819  18467077 (558270) C               Kuruka     Unspecified  (4072)    4761    3504    
  1496 34.62 2.70 2.79           OY720254.1   2923254   2924403 (15666635) C               Kuruka     Unspecified  (4190)    4643    3495    
   745 36.50 3.91 3.44           OY720254.1   3203886   3204986 (15386052) C               Kuruka     Unspecified  (4221)    4612    3507    
   533 34.48 2.52 2.52           OY720254.1   8098357   8098713 (10492325) +               Kuruka     Unspecified    3462    3818  (5015)    
   999 34.83 1.91 1.91           OY720254.1   8098828   8099509 (10491529) +               Kuruka     Unspecified    3933    4614  (4219)    
  1514 34.35 2.48 2.58           OY720254.1  10052142  10053229 (8537809) +               Kuruka     Unspecified    3557    4643  (4190)    
   233 33.11 1.28 1.28           OY720254.1  11149868  11150023 (7441015) +               Kuruka     Unspecified    2910    3065  (5768)    
  1315 35.83 3.54 3.31           OY720254.1  11150636  11151963 (7439075) +               Kuruka     Unspecified    3431    4761  (4072)    
  1522 34.68 2.61 2.70           OY720254.1  13378313  13379462 (5211576) +               Kuruka     Unspecified    3495    4643  (4190)    
  2112 32.02 3.58 3.73           OY720254.1  14851427  14852795 (3738243) +               Kuruka     Unspecified    3488    4854  (3979)    
  1764 34.29 2.97 2.45           OY720254.1  14963610  14964787 (3626251) C               Kuruka     Unspecified  (4219)    4614    3431    
  2117 33.52 2.06 2.15           OY720254.1  16412605  16413723 (2177315) C               Kuruka     Unspecified  (4255)    4578    3461    
   253 26.47 4.90 4.90           OY720254.1  16414291  16414433 (2176605) C               Kuruka     Unspecified  (5835)    2998    2856    
  2231 32.48 3.36 3.44           OY720254.1  18495130  18496497  (94541) +               Kuruka     Unspecified    3488    4854  (3979)    
   672 36.87 3.91 3.44           OY720255.1    455062    456162 (17790949) C               Kuruka     Unspecified  (4221)    4612    3507    
   245 34.50 4.08 5.37           OY720255.1   1537930   1538174 (16708937) +               Kuruka     Unspecified    4195    4436  (4397)    
   522 38.70 0.00 0.00           OY720255.1   3282742   3283033 (14964078) C               Kuruka     Unspecified  (4177)    4656    4365    
   664 35.46 2.86 3.21           OY720255.1   3506940   3507813 (14739298) +               Kuruka     Unspecified    3462    4332  (4501)    
   435 37.40 1.10 1.10           OY720255.1   3507835   3508199 (14738912) +               Kuruka     Unspecified    4394    4758  (4075)    
  2002 32.11 1.94 2.12           OY720255.1   4470915   4471999 (13775112) C               Kuruka     Unspecified  (4220)    4613    3531    
  1425 32.62 1.49 1.49           OY720255.1   4495875   4496677 (13750434) C               Kuruka     Unspecified  (4500)    4333    3531    
   403 32.68 3.18 3.51           OY720255.1   4762293   4762606 (13484505) C               Kuruka     Unspecified  (4297)    4536    4224    
  1502 34.35 2.48 2.58           OY720255.1  11670782  11671869 (6575242) +               Kuruka     Unspecified    3557    4643  (4190)    
  1461 34.78 2.11 2.21           OY720255.1  12089488  12090575 (6156536) C               Kuruka     Unspecified  (4190)    4643    3557    
  2088 35.01 1.64 1.73           OY720255.1  15344374  15345533 (2901578) C               Kuruka     Unspecified  (4162)    4671    3513    
   326 33.54 1.83 1.83           OY720255.1  16974392  16974555 (1272556) C               Kuruka     Unspecified  (5095)    3738    3575    
  2289 32.44 2.00 2.09           OY720255.1  17631906  17633007 (614104) +               Kuruka     Unspecified    3513    4613  (4220)    
   483 34.73 0.83 1.24           OY720255.1  17748950  17749191 (497920) C               Kuruka     Unspecified  (4297)    4536    4296    
  1015 35.85 1.02 1.17           OY720255.1  17960100  17960782 (286329) C               Kuruka     Unspecified  (4219)    4614    3933    
   518 34.77 2.52 2.52           OY720255.1  17960897  17961253 (285858) C               Kuruka     Unspecified  (5015)    3818    3462    
  1795 33.53 1.68 1.78           OY720256.1   6207975   6209043 (10391623) C               Kuruka     Unspecified  (4255)    4578    3511    
   672 36.87 3.91 3.44           OY720256.1   6715397   6716497 (9884169) +               Kuruka     Unspecified    3507    4612  (4221)    
   672 36.87 3.91 3.44           OY720256.1   7346987   7348087 (9252579) +               Kuruka     Unspecified    3507    4612  (4221)    
  1841 34.65 1.64 1.73           OY720256.1   7614863   7616022 (8984644) C               Kuruka     Unspecified  (4162)    4671    3513    
  1598 35.85 1.99 2.07           OY720256.1   9048263   9049521 (7551145) C               Kuruka     Unspecified  (4072)    4761    3504    
   262 31.72 1.18 3.01           OY720256.1  10421750  10421918 (6178748) +               Kuruka     Unspecified    2910    3075  (5758)    
  1290 36.17 3.00 3.32           OY720256.1  10422545  10423845 (6176821) +               Kuruka     Unspecified    3465    4761  (4072)    
  1758 33.72 1.68 1.78           OY720256.1  13262411  13263479 (3337187) C               Kuruka     Unspecified  (4255)    4578    3511    
   345 33.54 1.83 1.83           OY720256.1  15430768  15430931 (1169735) +               Kuruka     Unspecified    3575    3738  (5095)    
   229 32.89 0.00 0.00           OY720256.1  15431241  15431316 (1169350) +               Kuruka     Unspecified    4051    4126  (4707)    
  1114 36.21 2.47 2.31           OY720257.1   1141821   1143115 (13440195) C               Kuruka     Unspecified  (4075)    4758    3462    
  1799 33.72 1.25 1.34           OY720257.1   1710902   1712022 (12871288) +               Kuruka     Unspecified    3488    4607  (4226)    
  1315 35.87 3.46 3.23           OY720257.1   2526898   2528225 (12055085) +               Kuruka     Unspecified    3431    4761  (4072)    
  1553 34.50 2.61 2.70           OY720257.1   3377533   3378682 (11204628) C               Kuruka     Unspecified  (4190)    4643    3495    
  1269 37.03 1.43 1.75           OY720257.1   4081169   4082427 (10500883) C               Kuruka     Unspecified  (4072)    4761    3507    
  2244 34.66 2.10 2.18           OY720257.1   6398002   6399287 (8184023) +               Kuruka     Unspecified    3496    4780  (4053)    
  1934 34.35 2.48 2.80           OY720257.1   7950236   7951487 (6631823) +               Kuruka     Unspecified    3511    4758  (4075)    
  2077 33.52 2.06 2.15           OY720257.1  11880142  11881260 (2702050) +               Kuruka     Unspecified    3461    4578  (4255)    
  1792 33.62 1.68 1.78           OY720257.1  12352388  12353456 (2229854) C               Kuruka     Unspecified  (4255)    4578    3511    
  1306 33.59 2.76 2.85           OY720257.1  12359826  12360913 (2222397) C               Kuruka     Unspecified  (4190)    4643    3557    
  1539 34.50 2.61 2.70           OY720258.1   1931090   1932239 (12456392) C               Kuruka     Unspecified  (4190)    4643    3495    
  1497 34.44 2.48 2.58           OY720258.1   5320650   5321737 (9066894) C               Kuruka     Unspecified  (4190)    4643    3557    
  1565 34.38 2.52 2.61           OY720258.1   5487189   5488338 (8900293) C               Kuruka     Unspecified  (4190)    4643    3495    
  1613 34.30 1.73 2.10           OY720258.1   7963384   7964482 (6424149) +               Kuruka     Unspecified    3511    4605  (4228)    
   406 36.76 3.59 2.82           OY720258.1   9337777   9338445 (5050186) +               Kuruka     Unspecified    3939    4612  (4221)    
   381 36.96 3.91 3.44           OY720258.1  10580947  10582047 (3806584) +               Kuruka     Unspecified    3507    4612  (4221)    
  1191 37.35 1.43 1.75           OY720258.1  11958150  11959408 (2429223) C               Kuruka     Unspecified  (4072)    4761    3507    
   283 31.97 2.00 2.00           OY720259.1     27531     27680 (14151927) +               Kuruka     Unspecified    3575    3724  (5109)    
   457 34.50 2.49 2.95           OY720259.1    316636    317077 (13862530) +               Kuruka     Unspecified    4217    4656  (4177)    
  1798 34.91 1.64 1.73           OY720259.1    502696    503855 (13675752) C               Kuruka     Unspecified  (4162)    4671    3513    
  1267 34.81 2.21 2.30           OY720259.1    876819    877906 (13301701) C               Kuruka     Unspecified  (4190)    4643    3557    
   239 37.37 4.13 1.79           OY720259.1   1586666   1586883 (12592724) C               Kuruka     Unspecified  (4393)    4440    4218    
  1389 35.15 3.83 3.76           OY720259.1   3371246   3372575 (10807032) C               Kuruka     Unspecified  (4072)    4761    3431    
   234 33.11 1.28 1.28           OY720259.1   3373192   3373347 (10806260) C               Kuruka     Unspecified  (5768)    3065    2910    
   745 36.50 3.91 3.44           OY720259.1   3635965   3637065 (10542542) C               Kuruka     Unspecified  (4221)    4612    3507    
  1763 34.59 3.11 2.61           OY720259.1   4641648   4642867 (9536740) C               Kuruka     Unspecified  (4177)    4656    3431    
   335 30.52 3.53 3.90           OY720259.1   5307133   5307415 (8872192) C               Kuruka     Unspecified  (4323)    4510    4229    
  1558 35.52 2.31 2.39           OY720259.1   7849137   7850434 (6329173) +               Kuruka     Unspecified    3462    4758  (4075)    
   240 32.52 2.37 2.37           OY720259.1  13587834  13588044 (591563) +               Kuruka     Unspecified    3507    3717  (5116)    
   375 35.63 3.39 2.06           OY720259.1  13588551  13588934 (590673) +               Kuruka     Unspecified    4224    4612  (4221)    
   739 35.19 4.71 4.24           OY720259.1  13941461  13942564 (237043) C               Kuruka     Unspecified  (4221)    4612    3504    
   255 33.76 3.37 5.14           OY720260.1   1220967   1221144 (11393323) +               Kuruka     Unspecified    3651    3825  (5008)    
  1571 34.06 2.48 2.58           OY720260.1   1310617   1311704 (11302763) C               Kuruka     Unspecified  (4190)    4643    3557    
   725 34.93 5.99 3.79           OY720260.1   2730928   2732013 (9882454) C               Kuruka     Unspecified  (4221)    4612    3504    
  1829 34.09 2.19 2.28           OY720260.1  12011572  12012802 (601665) +               Kuruka     Unspecified    3551    4780  (4053)    
  1830 34.09 2.19 2.28           OY720261.1   7290788   7292018 (4930309) C               Kuruka     Unspecified  (4053)    4780    3551    
   280 31.36 3.07 3.52           OY720262.1    223127    223354 (11055577) C               Kuruka     Unspecified  (4323)    4510    4284    
   349 34.44 2.57 2.90           OY720262.1    247961    248271 (11030660) C               Kuruka     Unspecified  (4297)    4536    4227    
   347 32.53 2.76 3.16           OY720262.1    278822    279075 (10999856) C               Kuruka     Unspecified  (4297)    4536    4284    
   292 30.91 3.07 3.52           OY720262.1    309435    309662 (10969269) C               Kuruka     Unspecified  (4323)    4510    4284    
   292 30.91 3.07 3.52           OY720262.1    340022    340249 (10938682) C               Kuruka     Unspecified  (4323)    4510    4284    
   345 30.87 3.94 4.35           OY720262.1    370489    370742 (10908189) C               Kuruka     Unspecified  (4297)    4536    4284    
   349 34.44 2.57 2.90           OY720262.1    395591    395901 (10883030) C               Kuruka     Unspecified  (4297)    4536    4227    
  2001 34.17 1.62 1.71           OY720262.1   1171301   1172470 (10106461) +               Kuruka     Unspecified    3488    4656  (4177)    
  2100 32.73 3.44 3.51           OY720262.1   1219298   1220665 (10058266) +               Kuruka     Unspecified    3488    4854  (3979)    
   698 36.53 4.00 3.53           OY720262.1   1357507   1358607 (9920324) C               Kuruka     Unspecified  (4221)    4612    3507    
   283 31.97 2.00 2.00           OY720262.1   2996876   2997025 (8281906) +               Kuruka     Unspecified    3575    3724  (5109)    
   693 36.78 3.91 3.44           OY720262.1   9082301   9083401 (2195530) C               Kuruka     Unspecified  (4221)    4612    3507    
  1569 36.23 2.31 2.39           OY720262.1   9258872   9260169 (2018762) +               Kuruka     Unspecified    3462    4758  (4075)    
   809 34.81 4.71 4.24           OY720263.1     71112     72215 (9944403) +               Kuruka     Unspecified    3504    4612  (4221)    
   268 26.02 3.15 3.15           OY720263.1   5036975   5037101 (4979517) +               Kuruka     Unspecified    3555    3681  (5152)    
   825 35.41 4.61 5.50           OY720263.1   5037324   5038387 (4978231) +               Kuruka     Unspecified    3707    4761  (4072)    
   800 34.35 0.81 1.91           OY720263.1   8799471   8799841 (1216777) +               Kuruka     Unspecified    3511    3877  (4956)    
  1429 33.48 2.14 2.96           OY720263.1   8801408   8802155 (1214463) +               Kuruka     Unspecified    3930    4671  (4162)    
  1643 36.14 1.91 1.99           OY720264.1    205758    207016 (9127485) +               Kuruka     Unspecified    3504    4761  (4072)    
   335 33.54 1.83 1.83           OY720264.1   1127526   1127689 (8206812) C               Kuruka     Unspecified  (5095)    3738    3575    
  1163 35.79 2.39 2.39           OY720264.1   4427016   4428312 (4906189) +               Kuruka     Unspecified    3462    4758  (4075)    
