  238 24.32  2.63  2.63            OY829098.1  2984848  2984923 (30709499)  +          Kuruka  Unspecified (30709499)  2984848  2984923
  246 37.42  1.34  1.68            OY829098.1  4669979  4670277 (29024145)  +          Kuruka  Unspecified (29024145)  4669979  4670277
 2048 33.34  2.36  2.45            OY829098.1  5177043  5178226 (28516196)  +          Kuruka  Unspecified (28516196)  5177043  5178226
  275 28.34  4.92  5.49            OY829098.1 17516968 17517150 (16177272)  +          Kuruka  Unspecified (16177272) 17516968 17517150
  225 25.68  2.63  2.63            OY829098.1 26009485 26009560 (7684862)  +          Kuruka  Unspecified (7684862) 26009485 26009560
  225 25.68  2.63  2.63            OY829098.1 27439796 27439871 (6254551)  +          Kuruka  Unspecified (6254551) 27439796 27439871
  279 36.52  1.67  2.01            OY829098.1 27717958 27718256 (5976166)  +          Kuruka  Unspecified (5976166) 27717958 27718256
  289 36.74  1.34  1.68            OY829098.1 29946766 29947064 (3747358)  +          Kuruka  Unspecified (3747358) 29946766 29947064
  442 38.81  2.65  2.11            OY829098.1   797795   798360 (32896062)  C          Kuruka  Unspecified (32896062)   797795   798360
  287 36.40  1.34  1.68            OY829098.1  5318678  5318976 (28375446)  C          Kuruka  Unspecified (28375446)  5318678  5318976
  265 36.86  1.67  2.01            OY829098.1  8740307  8740605 (24953817)  C          Kuruka  Unspecified (24953817)  8740307  8740605
  225 25.68  2.63  2.63            OY829098.1 14699014 14699089 (18995333)  C          Kuruka  Unspecified (18995333) 14699014 14699089
  331 33.03  7.52  5.15            OY829098.1 14871990 14872388 (18822034)  C          Kuruka  Unspecified (18822034) 14871990 14872388
 2222 35.37  1.51  1.98            OY829098.1 15698141 15699461 (17994961)  C          Kuruka  Unspecified (17994961) 15698141 15699461
 2009 33.94  2.11  2.20            OY829098.1 16305224 16306407 (17388015)  C          Kuruka  Unspecified (17388015) 16305224 16306407
  250 37.42  1.34  1.68            OY829098.1 17891902 17892200 (15802222)  C          Kuruka  Unspecified (15802222) 17891902 17892200
  410 32.47  3.73  4.17            OY829098.1 24335279 24335519 (9358903)  C          Kuruka  Unspecified (9358903) 24335279 24335519
  901 36.31  2.27  2.37            OY829098.1 30798317 30799416 (2895006)  C          Kuruka  Unspecified (2895006) 30798317 30799416
  920 36.22  2.27  2.37            OY829098.1 33046517 33047616 (646806)  C          Kuruka  Unspecified (646806) 33046517 33047616
  230 25.68  2.63  2.63            OY829098.1 33541707 33541782 (152640)  C          Kuruka  Unspecified (152640) 33541707 33541782
 1989 33.44  3.22  3.30            OY829099.1  2715627  2716931 (18939368)  +          Kuruka  Unspecified (18939368)  2715627  2716931
  259 28.91  4.92  5.49            OY829099.1  6835870  6836052 (14820247)  +          Kuruka  Unspecified (14820247)  6835870  6836052
  285 36.52  1.67  2.01            OY829099.1  7964046  7964344 (13691955)  +          Kuruka  Unspecified (13691955)  7964046  7964344
  225 25.68  2.63  2.63            OY829099.1  8304400  8304475 (13351824)  +          Kuruka  Unspecified (13351824)  8304400  8304475
  285 36.52  1.67  2.01            OY829099.1  9849756  9850054 (11806245)  +          Kuruka  Unspecified (11806245)  9849756  9850054
  225 25.68  2.63  2.63            OY829099.1 10669456 10669531 (10986768)  +          Kuruka  Unspecified (10986768) 10669456 10669531
  256 37.42  1.34  1.68            OY829099.1 14896548 14896846 (6759453)  +          Kuruka  Unspecified (6759453) 14896548 14896846
  225 25.68  2.63  2.63            OY829099.1 16046512 16046587 (5609712)  +          Kuruka  Unspecified (5609712) 16046512 16046587
  279 36.52  1.67  2.01            OY829099.1 17681962 17682260 (3974039)  +          Kuruka  Unspecified (3974039) 17681962 17682260
  229 36.69  0.00  0.00            OY829099.1 19524367 19524505 (2131794)  +          Kuruka  Unspecified (2131794) 19524367 19524505
  229 36.69  0.00  0.00            OY829099.1 19529758 19529896 (2126403)  +          Kuruka  Unspecified (2126403) 19529758 19529896
  230 36.69  0.00  0.00            OY829099.1 19886927 19887065 (1769234)  +          Kuruka  Unspecified (1769234) 19886927 19887065
  279 36.52  1.67  2.01            OY829099.1 20602189 20602487 (1053812)  +          Kuruka  Unspecified (1053812) 20602189 20602487
  260 36.86  1.67  2.01            OY829099.1   902528   902826 (20753473)  C          Kuruka  Unspecified (20753473)   902528   902826
  255 37.42  1.34  1.68            OY829099.1  1511304  1511602 (20144697)  C          Kuruka  Unspecified (20144697)  1511304  1511602
 1649 33.79  2.64  2.73            OY829099.1  3392917  3394127 (18262172)  C          Kuruka  Unspecified (18262172)  3392917  3394127
  284 36.52  1.67  2.01            OY829099.1  4507034  4507332 (17148967)  C          Kuruka  Unspecified (17148967)  4507034  4507332
  256 37.42  1.34  1.68            OY829099.1 14532921 14533219 (7123080)  C          Kuruka  Unspecified (7123080) 14532921 14533219
  646 34.15  2.37  2.37            OY829100.1  9039753  9041105 (12040167)  +          Kuruka  Unspecified (12040167)  9039753  9041105
  225 25.68  2.63  2.63            OY829100.1 11661655 11661730 (9418527)  +          Kuruka  Unspecified (9418527) 11661655 11661730
  445 29.87  0.65  0.65            OY829100.1 11779559 11779713 (9300544)  +          Kuruka  Unspecified (9300544) 11779559 11779713
  345 32.77  7.52  5.15            OY829100.1 16869173 16869571 (4210686)  +          Kuruka  Unspecified (4210686) 16869173 16869571
 2303 32.31  2.59  2.68            OY829100.1 17074029 17075224 (4005033)  +          Kuruka  Unspecified (4005033) 17074029 17075224
  929 36.22  2.27  2.37            OY829100.1  2381182  2382281 (18697976)  C          Kuruka  Unspecified (18697976)  2381182  2382281
  225 25.68  2.63  2.63            OY829100.1 11859815 11859890 (9220367)  C          Kuruka  Unspecified (9220367) 11859815 11859890
  287 36.40  1.34  1.68            OY829101.1  2587139  2587437 (18367830)  +          Kuruka  Unspecified (18367830)  2587139  2587437
  920 36.22  2.27  2.37            OY829101.1  3420440  3421539 (17533728)  +          Kuruka  Unspecified (17533728)  3420440  3421539
  909 36.58  2.00  2.09            OY829101.1  7730462  7731561 (13223706)  +          Kuruka  Unspecified (13223706)  7730462  7731561
  229 36.69  0.00  0.00            OY829101.1 11010623 11010761 (9944506)  +          Kuruka  Unspecified (9944506) 11010623 11010761
  259 28.91  4.92  5.49            OY829101.1 14222487 14222669 (6732598)  +          Kuruka  Unspecified (6732598) 14222487 14222669
  282 36.52  1.67  2.01            OY829101.1 16955994 16956292 (3998975)  +          Kuruka  Unspecified (3998975) 16955994 16956292
  289 36.52  1.67  2.01            OY829101.1 19578551 19578849 (1376418)  +          Kuruka  Unspecified (1376418) 19578551 19578849
  230 25.68  2.63  2.63            OY829101.1   600885   600960 (20354307)  C          Kuruka  Unspecified (20354307)   600885   600960
  943 36.13  2.27  2.37            OY829101.1  1342246  1343345 (19611922)  C          Kuruka  Unspecified (19611922)  1342246  1343345
  280 36.52  1.67  2.01            OY829101.1  5465977  5466275 (15488992)  C          Kuruka  Unspecified (15488992)  5465977  5466275
  279 36.52  1.67  2.01            OY829101.1  9429264  9429562 (11525705)  C          Kuruka  Unspecified (11525705)  9429264  9429562
  279 36.52  1.67  2.01            OY829101.1  9578486  9578784 (11376483)  C          Kuruka  Unspecified (11376483)  9578486  9578784
  225 25.68  2.63  2.63            OY829101.1 12791271 12791346 (8163921)  C          Kuruka  Unspecified (8163921) 12791271 12791346
  410 32.47  3.73  4.17            OY829101.1 12825309 12825549 (8129718)  C          Kuruka  Unspecified (8129718) 12825309 12825549
  282 36.74  1.34  1.68            OY829101.1 16088832 16089130 (4866137)  C          Kuruka  Unspecified (4866137) 16088832 16089130
  279 36.52  1.67  2.01            OY829101.1 16457469 16457767 (4497500)  C          Kuruka  Unspecified (4497500) 16457469 16457767
  230 25.68  2.63  2.63            OY829102.1  1873180  1873255 (18592236)  +          Kuruka  Unspecified (18592236)  1873180  1873255
  225 25.68  2.63  2.63            OY829102.1 13628312 13628387 (6837104)  +          Kuruka  Unspecified (6837104) 13628312 13628387
  227 25.68  2.63  2.63            OY829102.1   675541   675616 (19789875)  C          Kuruka  Unspecified (19789875)   675541   675616
  225 25.68  2.63  2.63            OY829102.1  7150788  7150863 (13314628)  C          Kuruka  Unspecified (13314628)  7150788  7150863
  284 36.52  1.67  2.01            OY829102.1  9480531  9480829 (10984662)  C          Kuruka  Unspecified (10984662)  9480531  9480829
  284 36.52  1.67  2.01            OY829102.1  9486219  9486517 (10978974)  C          Kuruka  Unspecified (10978974)  9486219  9486517
  325 33.17  5.62  3.14            OY829102.1 14012046 14012294 (6453197)  C          Kuruka  Unspecified (6453197) 14012046 14012294
  282 36.74  1.34  1.68            OY829102.1 14748661 14748959 (5716532)  C          Kuruka  Unspecified (5716532) 14748661 14748959
  229 36.69  0.00  0.00            OY829102.1 14795122 14795260 (5670231)  C          Kuruka  Unspecified (5670231) 14795122 14795260
  229 36.69  0.00  0.00            OY829102.1 17015006 17015144 (3450347)  C          Kuruka  Unspecified (3450347) 17015006 17015144
  230 25.68  2.63  2.63            OY829103.1  1242797  1242872 (18823683)  +          Kuruka  Unspecified (18823683)  1242797  1242872
  225 25.68  2.63  2.63            OY829103.1  2424362  2424437 (17642118)  +          Kuruka  Unspecified (17642118)  2424362  2424437
  279 36.52  1.67  2.01            OY829103.1  3289643  3289941 (16776614)  +          Kuruka  Unspecified (16776614)  3289643  3289941
  256 37.42  1.34  1.68            OY829103.1  9111728  9112026 (10954529)  +          Kuruka  Unspecified (10954529)  9111728  9112026
  296 36.18  1.67  2.01            OY829103.1  9170059  9170357 (10896198)  +          Kuruka  Unspecified (10896198)  9170059  9170357
 1902 34.57  2.53  3.08            OY829103.1 13724130 13725433 (6341122)  +          Kuruka  Unspecified (6341122) 13724130 13725433
 2051 33.86  2.79  2.87            OY829103.1 14669414 14670775 (5395780)  +          Kuruka  Unspecified (5395780) 14669414 14670775
  279 36.52  1.67  2.01            OY829103.1  5981885  5982183 (14084372)  C          Kuruka  Unspecified (14084372)  5981885  5982183
 2303 32.31  2.59  2.68            OY829103.1  8387742  8388937 (11677618)  C          Kuruka  Unspecified (11677618)  8387742  8388937
  967 36.31  2.27  2.37            OY829103.1 11144663 11145762 (8920793)  C          Kuruka  Unspecified (8920793) 11144663 11145762
  282 36.74  1.34  1.68            OY829103.1 11229551 11229849 (8836706)  C          Kuruka  Unspecified (8836706) 11229551 11229849
  401 29.45  2.38  2.99            OY829103.1 11702329 11702496 (8364059)  C          Kuruka  Unspecified (8364059) 11702329 11702496
  225 25.68  2.63  2.63            OY829103.1 13030333 13030408 (7036147)  C          Kuruka  Unspecified (7036147) 13030333 13030408
  403 38.81  2.65  2.11            OY829103.1 13493773 13494338 (6572217)  C          Kuruka  Unspecified (6572217) 13493773 13494338
  225 25.68  2.63  2.63            OY829103.1 13872986 13873061 (6193494)  C          Kuruka  Unspecified (6193494) 13872986 13873061
  296 36.18  1.67  2.01            OY829103.1 14253716 14254014 (5812541)  C          Kuruka  Unspecified (5812541) 14253716 14254014
  406 32.65  3.19  3.60            OY829103.1 19966708 19966958  (99597)  C          Kuruka  Unspecified  (99597) 19966708 19966958
  445 29.87  0.65  0.65            OY829104.1  4094820  4094974 (15830389)  +          Kuruka  Unspecified (15830389)  4094820  4094974
  285 36.52  1.67  2.01            OY829104.1  5595232  5595530 (14329833)  +          Kuruka  Unspecified (14329833)  5595232  5595530
  279 36.52  1.67  2.01            OY829104.1  5724227  5724525 (14200838)  +          Kuruka  Unspecified (14200838)  5724227  5724525
  279 36.52  1.67  2.01            OY829104.1 15515584 15515882 (4409481)  +          Kuruka  Unspecified (4409481) 15515584 15515882
  225 25.68  2.63  2.63            OY829104.1 15653473 15653548 (4271815)  +          Kuruka  Unspecified (4271815) 15653473 15653548
 1005 33.84  2.73  2.84            OY829104.1  3591825  3593177 (16332622)  C          Kuruka  Unspecified (16332622)  3591825  3593177
  299 38.18  0.67  1.01            OY829104.1  9918167  9918465 (10006898)  C          Kuruka  Unspecified (10006898)  9918167  9918465
  915 36.22  2.27  2.37            OY829104.1 13322797 13323896 (6601467)  C          Kuruka  Unspecified (6601467) 13322797 13323896
  285 36.52  1.67  2.01            OY829104.1 18056097 18056395 (1868968)  C          Kuruka  Unspecified (1868968) 18056097 18056395
  286 36.52  1.67  2.01            OY829104.1 19569732 19570030 (355333)  C          Kuruka  Unspecified (355333) 19569732 19570030
  227 25.68  2.63  2.63            OY829105.1   157041   157116 (18988703)  +          Kuruka  Unspecified (18988703)   157041   157116
  225 25.68  2.63  2.63            OY829105.1  2706974  2707049 (16438770)  +          Kuruka  Unspecified (16438770)  2706974  2707049
  229 36.69  0.00  0.00            OY829105.1  3205183  3205321 (15940498)  +          Kuruka  Unspecified (15940498)  3205183  3205321
  279 36.52  1.67  2.01            OY829105.1  4620550  4620848 (14524971)  +          Kuruka  Unspecified (14524971)  4620550  4620848
  279 36.52  1.67  2.01            OY829105.1  8829771  8830069 (10315750)  +          Kuruka  Unspecified (10315750)  8829771  8830069
  260 37.42  1.34  1.68            OY829105.1  9957461  9957759 (9188060)  +          Kuruka  Unspecified (9188060)  9957461  9957759
  225 25.68  2.63  2.63            OY829105.1 13021121 13021196 (6124623)  +          Kuruka  Unspecified (6124623) 13021121 13021196
  279 36.52  1.67  2.01            OY829105.1 13375385 13375683 (5770136)  +          Kuruka  Unspecified (5770136) 13375385 13375683
  279 36.52  1.67  2.01            OY829105.1 18527437 18527735 (618084)  +          Kuruka  Unspecified (618084) 18527437 18527735
  336 33.17  4.25  4.74            OY829105.1  2534518  2534729 (16611090)  C          Kuruka  Unspecified (16611090)  2534518  2534729
  285 36.52  1.67  2.01            OY829105.1  7447112  7447410 (11698409)  C          Kuruka  Unspecified (11698409)  7447112  7447410
  225 25.68  2.63  2.63            OY829105.1  7546155  7546230 (11599589)  C          Kuruka  Unspecified (11599589)  7546155  7546230
  294 36.52  1.67  2.01            OY829105.1  8499199  8499497 (10646322)  C          Kuruka  Unspecified (10646322)  8499199  8499497
 1943 36.33  1.62  1.69            OY829105.1 11623226 11624524 (7521295)  C          Kuruka  Unspecified (7521295) 11623226 11624524
  284 36.52  1.67  2.01            OY829105.1 11920529 11920827 (7224992)  C          Kuruka  Unspecified (7224992) 11920529 11920827
  283 28.34  4.92  5.49            OY829105.1 15152937 15153119 (3992700)  C          Kuruka  Unspecified (3992700) 15152937 15153119
  227 25.68  2.63  2.63            OY829106.1   169961   170036 (18874909)  +          Kuruka  Unspecified (18874909)   169961   170036
  253 37.42  1.34  1.68            OY829106.1  4831804  4832102 (14212843)  +          Kuruka  Unspecified (14212843)  4831804  4832102
 1902 34.45  3.69  2.12            OY829106.1  5666154  5667455 (13377490)  +          Kuruka  Unspecified (13377490)  5666154  5667455
  284 36.52  1.67  2.01            OY829106.1 11333429 11333727 (7711218)  +          Kuruka  Unspecified (7711218) 11333429 11333727
  225 25.68  2.63  2.63            OY829106.1 12386904 12386979 (6657966)  +          Kuruka  Unspecified (6657966) 12386904 12386979
 2222 32.91  2.23  2.59            OY829106.1 14252461 14253583 (4791362)  +          Kuruka  Unspecified (4791362) 14252461 14253583
  225 25.68  2.63  2.63            OY829106.1 14379061 14379136 (4665809)  +          Kuruka  Unspecified (4665809) 14379061 14379136
  225 25.68  2.63  2.63            OY829106.1  9728773  9728848 (9316097)  C          Kuruka  Unspecified (9316097)  9728773  9728848
  225 25.68  2.63  2.63            OY829106.1 10237418 10237493 (8807452)  C          Kuruka  Unspecified (8807452) 10237418 10237493
  277 38.52  0.67  1.01            OY829106.1 10613769 10614067 (8430878)  C          Kuruka  Unspecified (8430878) 10613769 10614067
  225 25.68  2.63  2.63            OY829106.1 12781907 12781982 (6262963)  C          Kuruka  Unspecified (6262963) 12781907 12781982
  285 36.52  1.67  2.01            OY829106.1 14834154 14834452 (4210493)  C          Kuruka  Unspecified (4210493) 14834154 14834452
  229 36.69  0.00  0.00            OY829106.1 16433799 16433937 (2611008)  C          Kuruka  Unspecified (2611008) 16433799 16433937
  243 37.50  0.67  1.01            OY829106.1 16857184 16857482 (2187463)  C          Kuruka  Unspecified (2187463) 16857184 16857482
  330 34.90  0.00  0.00            OY829106.1 16891544 16891692 (2153253)  C          Kuruka  Unspecified (2153253) 16891544 16891692
 1029 33.89  0.24  0.24            OY829106.1 16965675 16966091 (2078854)  C          Kuruka  Unspecified (2078854) 16965675 16966091
  227 25.68  2.63  2.63            OY829106.1 18971458 18971533  (73412)  C          Kuruka  Unspecified  (73412) 18971458 18971533
  904 36.31  2.27  2.37            OY829107.1  2229876  2230975 (16771786)  +          Kuruka  Unspecified (16771786)  2229876  2230975
  279 36.52  1.67  2.01            OY829107.1  6988737  6989035 (12013726)  +          Kuruka  Unspecified (12013726)  6988737  6989035
  242 37.42  1.34  1.68            OY829107.1  7316942  7317240 (11685521)  +          Kuruka  Unspecified (11685521)  7316942  7317240
  313 36.18  1.67  2.01            OY829107.1 11398201 11398499 (7604262)  +          Kuruka  Unspecified (7604262) 11398201 11398499
  413 38.15  2.78  2.43            OY829107.1   204907   205481 (18797280)  C          Kuruka  Unspecified (18797280)   204907   205481
  420 38.62  2.65  2.11            OY829107.1  1669976  1670541 (17332220)  C          Kuruka  Unspecified (17332220)  1669976  1670541
  288 36.74  1.34  1.68            OY829107.1  7822342  7822640 (11180121)  C          Kuruka  Unspecified (11180121)  7822342  7822640
  276 37.07  1.34  1.68            OY829107.1 11289981 11290279 (7712482)  C          Kuruka  Unspecified (7712482) 11289981 11290279
  285 36.52  1.67  2.01            OY829107.1 11547815 11548113 (7454648)  C          Kuruka  Unspecified (7454648) 11547815 11548113
  871 36.50  2.27  2.64            OY829107.1 11912359 11913461 (7089300)  C          Kuruka  Unspecified (7089300) 11912359 11913461
  434 29.87  0.65  0.65            OY829107.1 17774910 17775064 (1227697)  C          Kuruka  Unspecified (1227697) 17774910 17775064
 2247 35.30  1.51  1.98            OY829108.1  3480876  3482196 (14940552)  +          Kuruka  Unspecified (14940552)  3480876  3482196
  423 38.62  2.65  2.11            OY829108.1  3505556  3506121 (14916627)  +          Kuruka  Unspecified (14916627)  3505556  3506121
  442 38.81  2.65  2.11            OY829108.1  5137745  5138310 (13284438)  +          Kuruka  Unspecified (13284438)  5137745  5138310
  225 25.68  2.63  2.63            OY829108.1  6422353  6422428 (12000320)  +          Kuruka  Unspecified (12000320)  6422353  6422428
  282 36.74  1.34  1.68            OY829108.1 13896820 13897118 (4525630)  +          Kuruka  Unspecified (4525630) 13896820 13897118
  285 36.52  1.67  2.01            OY829108.1 15988334 15988632 (2434116)  +          Kuruka  Unspecified (2434116) 15988334 15988632
  225 25.68  2.63  2.63            OY829108.1  5692865  5692940 (12729808)  C          Kuruka  Unspecified (12729808)  5692865  5692940
  293 36.18  1.67  2.01            OY829108.1  9340214  9340512 (9082236)  C          Kuruka  Unspecified (9082236)  9340214  9340512
  274 36.52  1.67  2.01            OY829108.1  9342563  9342861 (9079887)  C          Kuruka  Unspecified (9079887)  9342563  9342861
 1977 33.52  3.22  3.30            OY829109.1  1722850  1724154 (16336876)  +          Kuruka  Unspecified (16336876)  1722850  1724154
  229 36.69  0.00  0.00            OY829109.1  1875543  1875681 (16185349)  +          Kuruka  Unspecified (16185349)  1875543  1875681
  315 36.74  1.34  1.68            OY829109.1  7211374  7211672 (10849358)  +          Kuruka  Unspecified (10849358)  7211374  7211672
  279 36.52  1.67  2.01            OY829109.1 10432339 10432637 (7628393)  +          Kuruka  Unspecified (7628393) 10432339 10432637
  229 36.69  0.00  0.00            OY829109.1 15818631 15818769 (2242261)  +          Kuruka  Unspecified (2242261) 15818631 15818769
  901 36.31  2.27  2.37            OY829109.1 17170941 17172040 (888990)  +          Kuruka  Unspecified (888990) 17170941 17172040
  947 36.41  2.27  2.37            OY829109.1  2914862  2915961 (15145069)  C          Kuruka  Unspecified (15145069)  2914862  2915961
  225 25.68  2.63  2.63            OY829109.1  5116659  5116734 (12944296)  C          Kuruka  Unspecified (12944296)  5116659  5116734
  292 36.40  1.34  1.68            OY829109.1  7072478  7072776 (10988254)  C          Kuruka  Unspecified (10988254)  7072478  7072776
  225 25.68  2.63  2.63            OY829109.1  9931322  9931397 (8129633)  C          Kuruka  Unspecified (8129633)  9931322  9931397
  284 36.52  1.67  2.01            OY829109.1 10333160 10333458 (7727572)  C          Kuruka  Unspecified (7727572) 10333160 10333458
  225 25.68  2.63  2.63            OY829109.1 10676896 10676971 (7384059)  C          Kuruka  Unspecified (7384059) 10676896 10676971
  233 25.42  3.39  0.00            OY829109.1 10961874 10961932 (7099098)  C          Kuruka  Unspecified (7099098) 10961874 10961932
  250 37.42  1.34  1.68            OY829110.1   275746   276044 (17740540)  +          Kuruka  Unspecified (17740540)   275746   276044
  236 27.64  4.97  5.62            OY829110.1   319406   319566 (17697018)  +          Kuruka  Unspecified (17697018)   319406   319566
  279 36.52  1.67  2.01            OY829110.1  4219858  4220156 (13796428)  +          Kuruka  Unspecified (13796428)  4219858  4220156
  969 36.22  2.27  2.37            OY829110.1 10208363 10209462 (7807122)  +          Kuruka  Unspecified (7807122) 10208363 10209462
  225 25.68  2.63  2.63            OY829110.1 12115479 12115554 (5901030)  +          Kuruka  Unspecified (5901030) 12115479 12115554
  311 36.18  1.67  2.01            OY829110.1 12550298 12550596 (5465988)  +          Kuruka  Unspecified (5465988) 12550298 12550596
  244 24.32  2.63  2.63            OY829110.1 13372353 13372428 (4644156)  +          Kuruka  Unspecified (4644156) 13372353 13372428
  226 37.75  1.34  1.68            OY829110.1 13490956 13491254 (4525330)  +          Kuruka  Unspecified (4525330) 13490956 13491254
  271 36.86  1.67  2.01            OY829110.1 15763735 15764033 (2252551)  +          Kuruka  Unspecified (2252551) 15763735 15764033
  269 36.52  1.34  1.68            OY829110.1 17063040 17063337 (953247)  +          Kuruka  Unspecified (953247) 17063040 17063337
  230 36.69  0.00  0.00            OY829110.1   903526   903664 (17112920)  C          Kuruka  Unspecified (17112920)   903526   903664
  250 37.42  1.34  1.68            OY829110.1 11682448 11682746 (6333838)  C          Kuruka  Unspecified (6333838) 11682448 11682746
  256 37.42  1.34  1.68            OY829110.1 12319396 12319694 (5696890)  C          Kuruka  Unspecified (5696890) 12319396 12319694
  270 26.03  0.00  0.00            OY829111.1  6527544  6527616 (11192644)  +          Kuruka  Unspecified (11192644)  6527544  6527616
  279 36.52  1.67  2.01            OY829111.1 13140847 13141145 (4579115)  +          Kuruka  Unspecified (4579115) 13140847 13141145
  225 25.68  2.63  2.63            OY829111.1 15698652 15698727 (2021533)  +          Kuruka  Unspecified (2021533) 15698652 15698727
  283 35.80  2.64  3.03            OY829111.1  2122402  2122666 (15597594)  C          Kuruka  Unspecified (15597594)  2122402  2122666
  279 36.52  1.67  2.01            OY829111.1  6206849  6207147 (11513113)  C          Kuruka  Unspecified (11513113)  6206849  6207147
  232 10.53  2.63  0.00            OY829111.1 13906029 13906066 (3814194)  C          Kuruka  Unspecified (3814194) 13906029 13906066
  279 36.52  1.67  2.01            OY829111.1 17171247 17171545 (548715)  C          Kuruka  Unspecified (548715) 17171247 17171545
  279 38.18  0.67  1.01            OY829111.1 17467574 17467872 (252388)  C          Kuruka  Unspecified (252388) 17467574 17467872
  279 36.52  1.67  2.01            OY829112.1  5366099  5366397 (11561622)  +          Kuruka  Unspecified (11561622)  5366099  5366397
  225 25.68  2.63  2.63            OY829112.1  6289017  6289092 (10638927)  +          Kuruka  Unspecified (10638927)  6289017  6289092
  225 25.68  2.63  2.63            OY829112.1  6688627  6688702 (10239317)  +          Kuruka  Unspecified (10239317)  6688627  6688702
  250 37.42  1.34  1.68            OY829112.1  8871769  8872067 (8055952)  +          Kuruka  Unspecified (8055952)  8871769  8872067
  279 36.52  1.67  2.01            OY829112.1  1493821  1494119 (15433900)  C          Kuruka  Unspecified (15433900)  1493821  1494119
  279 36.52  1.67  2.01            OY829112.1  5358575  5358873 (11569146)  C          Kuruka  Unspecified (11569146)  5358575  5358873
  279 36.52  1.67  2.01            OY829112.1  5365626  5365924 (11562095)  C          Kuruka  Unspecified (11562095)  5365626  5365924
  225 25.68  2.63  2.63            OY829112.1  5860895  5860970 (11067049)  C          Kuruka  Unspecified (11067049)  5860895  5860970
  292 36.40  1.34  1.68            OY829112.1  6187135  6187433 (10740586)  C          Kuruka  Unspecified (10740586)  6187135  6187433
  289 35.80  2.64  3.03            OY829112.1  7243697  7243961 (9684058)  C          Kuruka  Unspecified (9684058)  7243697  7243961
 1867 36.23  1.69  1.77            OY829112.1  8513333  8514630 (8413389)  C          Kuruka  Unspecified (8413389)  8513333  8514630
  285 36.52  1.67  2.01            OY829112.1  8572474  8572772 (8355247)  C          Kuruka  Unspecified (8355247)  8572474  8572772
  256 37.42  1.34  1.68            OY829112.1  8626479  8626777 (8301242)  C          Kuruka  Unspecified (8301242)  8626479  8626777
  287 36.40  1.34  1.68            OY829112.1  9917857  9918155 (7009864)  C          Kuruka  Unspecified (7009864)  9917857  9918155
  434 29.87  0.65  0.65            OY829113.1   721851   722005 (16021456)  +          Kuruka  Unspecified (16021456)   721851   722005
  225 25.68  2.63  2.63            OY829113.1  3748732  3748807 (12994654)  +          Kuruka  Unspecified (12994654)  3748732  3748807
 1506 34.34  2.74  3.40            OY829113.1 12666984 12668225 (4075236)  +          Kuruka  Unspecified (4075236) 12666984 12668225
  426 29.87  0.65  0.65            OY829113.1 14619574 14619728 (2123733)  +          Kuruka  Unspecified (2123733) 14619574 14619728
  889 35.94  1.95  2.09            OY829113.1  3307881  3308599 (13434862)  C          Kuruka  Unspecified (13434862)  3307881  3308599
  233 30.37  1.86  1.86            OY829113.1  3308805  3308965 (13434496)  C          Kuruka  Unspecified (13434496)  3308805  3308965
  293 38.18  0.67  1.01            OY829113.1  4913013  4913311 (11830150)  C          Kuruka  Unspecified (11830150)  4913013  4913311
  225 25.68  2.63  2.63            OY829113.1  5455987  5456062 (11287399)  C          Kuruka  Unspecified (11287399)  5455987  5456062
  225 25.68  2.63  2.63            OY829113.1 11274283 11274358 (5469103)  C          Kuruka  Unspecified (5469103) 11274283 11274358
  225 25.68  2.63  2.63            OY829113.1 13524912 13524987 (3218474)  C          Kuruka  Unspecified (3218474) 13524912 13524987
  287 36.40  1.34  1.68            OY829113.1 15600509 15600807 (1142654)  C          Kuruka  Unspecified (1142654) 15600509 15600807
 1719 36.07  1.54  1.63            OY829114.1  2720876  2721977 (14008345)  +          Kuruka  Unspecified (14008345)  2720876  2721977
  225 25.68  2.63  2.63            OY829114.1  2997523  2997598 (13732724)  +          Kuruka  Unspecified (13732724)  2997523  2997598
  261 24.14  0.00  0.00            OY829114.1  3566341  3566398 (13163924)  +          Kuruka  Unspecified (13163924)  3566341  3566398
  435 38.33  2.83  2.28            OY829114.1  6245026  6245591 (10484731)  +          Kuruka  Unspecified (10484731)  6245026  6245591
  225 25.68  2.63  2.63            OY829114.1  7903606  7903681 (8826641)  +          Kuruka  Unspecified (8826641)  7903606  7903681
  225 25.68  2.63  2.63            OY829114.1  9637280  9637355 (7092967)  +          Kuruka  Unspecified (7092967)  9637280  9637355
 1937 36.37  1.62  1.70            OY829114.1 12781715 12783012 (3947310)  +          Kuruka  Unspecified (3947310) 12781715 12783012
  293 38.18  0.67  1.01            OY829114.1 13046023 13046321 (3684001)  +          Kuruka  Unspecified (3684001) 13046023 13046321
  279 36.52  1.67  2.01            OY829114.1 14359218 14359516 (2370806)  +          Kuruka  Unspecified (2370806) 14359218 14359516
  225 25.68  2.63  2.63            OY829114.1  5537393  5537468 (11192854)  C          Kuruka  Unspecified (11192854)  5537393  5537468
  961 36.31  2.27  2.37            OY829114.1  6229280  6230379 (10499943)  C          Kuruka  Unspecified (10499943)  6229280  6230379
  225 25.68  2.63  2.63            OY829114.1  6441811  6441886 (10288436)  C          Kuruka  Unspecified (10288436)  6441811  6441886
  366 30.68  2.38  2.99            OY829114.1  7193953  7194120 (9536202)  C          Kuruka  Unspecified (9536202)  7193953  7194120
  279 36.52  1.67  2.01            OY829114.1  7251834  7252132 (9478190)  C          Kuruka  Unspecified (9478190)  7251834  7252132
  265 28.91  4.92  5.49            OY829114.1  7984793  7984975 (8745347)  C          Kuruka  Unspecified (8745347)  7984793  7984975
  284 37.07  1.34  1.68            OY829114.1  8046764  8047062 (8683260)  C          Kuruka  Unspecified (8683260)  8046764  8047062
  238 37.42  1.34  1.68            OY829114.1  9066138  9066436 (7663886)  C          Kuruka  Unspecified (7663886)  9066138  9066436
  229 36.69  0.00  0.00            OY829114.1  9178560  9178698 (7551624)  C          Kuruka  Unspecified (7551624)  9178560  9178698
 2245 35.30  1.51  1.98            OY829115.1   417643   418963 (16287013)  +          Kuruka  Unspecified (16287013)   417643   418963
  334 33.17  4.25  4.74            OY829115.1  4518315  4518526 (12187450)  +          Kuruka  Unspecified (12187450)  4518315  4518526
  285 36.52  1.67  2.01            OY829115.1  5504482  5504780 (11201196)  +          Kuruka  Unspecified (11201196)  5504482  5504780
  379 32.19  4.25  4.74            OY829115.1  8150656  8150867 (8555109)  +          Kuruka  Unspecified (8555109)  8150656  8150867
  318 36.52  1.67  2.01            OY829115.1 14545548 14545846 (2160130)  +          Kuruka  Unspecified (2160130) 14545548 14545846
  230 25.68  2.63  2.63            OY829115.1 14981859 14981934 (1724042)  +          Kuruka  Unspecified (1724042) 14981859 14981934
  262 37.07  1.34  1.68            OY829115.1   510025   510323 (16195653)  C          Kuruka  Unspecified (16195653)   510025   510323
 2245 35.30  1.51  1.98            OY829115.1  1557985  1559305 (15146671)  C          Kuruka  Unspecified (15146671)  1557985  1559305
  279 36.52  1.67  2.01            OY829115.1  4835633  4835931 (11870045)  C          Kuruka  Unspecified (11870045)  4835633  4835931
 2011 33.94  2.11  2.20            OY829115.1  8199859  8201042 (8504934)  C          Kuruka  Unspecified (8504934)  8199859  8201042
  229 36.69  0.00  0.00            OY829115.1  9216534  9216672 (7489304)  C          Kuruka  Unspecified (7489304)  9216534  9216672
  319 33.68  4.25  4.74            OY829115.1 11507593 11507804 (5198172)  C          Kuruka  Unspecified (5198172) 11507593 11507804
 2245 35.30  1.51  1.98            OY829115.1 12416417 12417737 (4288239)  C          Kuruka  Unspecified (4288239) 12416417 12417737
  276 36.74  1.34  1.68            OY829115.1 13229900 13230198 (3475778)  C          Kuruka  Unspecified (3475778) 13229900 13230198
  279 36.52  1.67  2.01            OY829115.1 13272373 13272671 (3433305)  C          Kuruka  Unspecified (3433305) 13272373 13272671
  406 32.05  3.73  4.17            OY829115.1 14622664 14622904 (2083072)  C          Kuruka  Unspecified (2083072) 14622664 14622904
  230 25.68  2.63  2.63            OY829116.1   128494   128569 (16237300)  +          Kuruka  Unspecified (16237300)   128494   128569
  230 25.68  2.63  2.63            OY829116.1   232006   232081 (16133788)  +          Kuruka  Unspecified (16133788)   232006   232081
  279 36.52  1.67  2.01            OY829116.1 10319815 10320113 (6045756)  +          Kuruka  Unspecified (6045756) 10319815 10320113
  225 25.68  2.63  2.63            OY829116.1 11437945 11438020 (4927849)  +          Kuruka  Unspecified (4927849) 11437945 11438020
  419 38.62  2.65  2.11            OY829116.1  7426222  7426787 (8939082)  C          Kuruka  Unspecified (8939082)  7426222  7426787
  236 27.64  4.97  5.62            OY829116.1 10826298 10826458 (5539411)  C          Kuruka  Unspecified (5539411) 10826298 10826458
 2304 32.31  2.59  2.68            OY829117.1  3026878  3028073 (12826339)  +          Kuruka  Unspecified (12826339)  3026878  3028073
  634 29.28  3.85  3.85            OY829117.1  3587152  3587655 (12266923)  +          Kuruka  Unspecified (12266923)  3587152  3587655
  627 32.01  1.78  1.78            OY829117.1  3590692  3591195 (12263383)  +          Kuruka  Unspecified (12263383)  3590692  3591195
  598 31.50  2.66  2.66            OY829117.1  3595570  3596073 (12258505)  +          Kuruka  Unspecified (12258505)  3595570  3596073
  294 36.52  1.67  2.01            OY829117.1  4874655  4874953 (10979459)  +          Kuruka  Unspecified (10979459)  4874655  4874953
  284 36.52  1.67  2.01            OY829117.1  9593224  9593522 (6260890)  +          Kuruka  Unspecified (6260890)  9593224  9593522
 2228 32.08  2.59  2.69            OY829117.1 13079386 13080503 (2773909)  +          Kuruka  Unspecified (2773909) 13079386 13080503
  279 36.52  1.67  2.01            OY829117.1 14311802 14312100 (1542312)  +          Kuruka  Unspecified (1542312) 14311802 14312100
 1929 32.10  2.65  2.74            OY829117.1  3696163  3697331 (12157081)  C          Kuruka  Unspecified (12157081)  3696163  3697331
  422 31.02  0.63  0.63            OY829117.1  3742794  3742952 (12111460)  C          Kuruka  Unspecified (12111460)  3742794  3742952
  391 29.87  0.65  0.65            OY829117.1  4309548  4309702 (11544710)  C          Kuruka  Unspecified (11544710)  4309548  4309702
  330 34.90  0.00  0.00            OY829117.1 11262394 11262542 (4591870)  C          Kuruka  Unspecified (4591870) 11262394 11262542
  225 25.68  2.63  2.63            OY829117.1 13434516 13434591 (2419821)  C          Kuruka  Unspecified (2419821) 13434516 13434591
  230 25.68  2.63  2.63            OY829118.1   265035   265110 (14476499)  +          Kuruka  Unspecified (14476499)   265035   265110
 1659 33.79  2.64  2.73            OY829118.1  1997912  1999122 (12742487)  +          Kuruka  Unspecified (12742487)  1997912  1999122
  229 36.69  0.00  0.00            OY829118.1  2283446  2283584 (12458025)  +          Kuruka  Unspecified (12458025)  2283446  2283584
  279 36.52  1.67  2.01            OY829118.1  9086639  9086937 (5654672)  +          Kuruka  Unspecified (5654672)  9086639  9086937
 2237 32.04  2.84  2.93            OY829118.1 14125753 14126948 (614661)  +          Kuruka  Unspecified (614661) 14125753 14126948
  419 38.62  2.65  2.11            OY829118.1  8358245  8358810 (6382799)  C          Kuruka  Unspecified (6382799)  8358245  8358810
  918 36.22  2.27  2.37            OY829118.1 10717035 10718134 (4023475)  C          Kuruka  Unspecified (4023475) 10717035 10718134
  229 36.69  0.00  0.00            OY829118.1 14082643 14082781 (658828)  C          Kuruka  Unspecified (658828) 14082643 14082781
  306 36.52  1.67  2.01            OY829119.1  4703110  4703408 (9893627)  +          Kuruka  Unspecified (9893627)  4703110  4703408
  279 36.52  1.67  2.01            OY829119.1  7766113  7766411 (6830624)  +          Kuruka  Unspecified (6830624)  7766113  7766411
 2347 34.76  1.74  2.21            OY829119.1  8102422  8103742 (6493293)  +          Kuruka  Unspecified (6493293)  8102422  8103742
  335 33.17  4.25  4.74            OY829119.1  9032430  9032641 (5564394)  +          Kuruka  Unspecified (5564394)  9032430  9032641
  225 25.68  2.63  2.63            OY829119.1  9170296  9170371 (5426664)  +          Kuruka  Unspecified (5426664)  9170296  9170371
  263 37.42  1.34  1.68            OY829119.1 12685361 12685659 (1911376)  +          Kuruka  Unspecified (1911376) 12685361 12685659
 1937 34.96  0.91  1.28            OY829119.1 13545837 13546937 (1050098)  +          Kuruka  Unspecified (1050098) 13545837 13546937
  225 25.68  2.63  2.63            OY829119.1  3919574  3919649 (10677386)  C          Kuruka  Unspecified (10677386)  3919574  3919649
  336 33.17  4.25  4.74            OY829119.1  7792296  7792507 (6804528)  C          Kuruka  Unspecified (6804528)  7792296  7792507
  897 36.31  2.27  2.37            OY829119.1  8417947  8419046 (6177989)  C          Kuruka  Unspecified (6177989)  8417947  8419046
  403 38.81  2.65  2.11            OY829119.1 12635782 12636347 (1960688)  C          Kuruka  Unspecified (1960688) 12635782 12636347
  279 36.52  1.67  2.01            OY829120.1  3738313  3738611 (9393326)  +          Kuruka  Unspecified (9393326)  3738313  3738611
  406 32.05  3.73  4.17            OY829120.1  9903766  9904006 (3227931)  +          Kuruka  Unspecified (3227931)  9903766  9904006
  334 32.47  3.73  4.17            OY829120.1 12712632 12712872 (419065)  C          Kuruka  Unspecified (419065) 12712632 12712872
  292 36.40  1.34  1.68            OY829121.1  4036169  4036467 (8793509)  +          Kuruka  Unspecified (8793509)  4036169  4036467
  299 38.18  0.67  1.01            OY829121.1  6282656  6282954 (6547022)  +          Kuruka  Unspecified (6547022)  6282656  6282954
  227 25.68  2.63  2.63            OY829121.1   121871   121946 (12708030)  C          Kuruka  Unspecified (12708030)   121871   121946
  741 34.54  4.43  3.80            OY829121.1  1482556  1483963 (11346924)  C          Kuruka  Unspecified (11346924)  1482556  1483963
  287 36.40  1.34  1.68            OY829121.1  3767070  3767368 (9062608)  C          Kuruka  Unspecified (9062608)  3767070  3767368
  250 37.42  1.34  1.68            OY829122.1  8839446  8839744 (3143162)  +          Kuruka  Unspecified (3143162)  8839446  8839744
  325 33.17  5.62  3.14            OY829122.1 11111563 11111811 (871095)  +          Kuruka  Unspecified (871095) 11111563 11111811
  345 32.77  7.52  5.15            OY829122.1 11117491 11117889 (865017)  +          Kuruka  Unspecified (865017) 11117491 11117889
  285 36.52  1.67  2.01            OY829122.1   328726   329024 (11653882)  C          Kuruka  Unspecified (11653882)   328726   329024
  297 34.93  2.01  2.35            OY829122.1  3973463  3973761 (8009145)  C          Kuruka  Unspecified (8009145)  3973463  3973761
 2245 35.30  1.51  1.98            OY829122.1  6862161  6863481 (5119425)  C          Kuruka  Unspecified (5119425)  6862161  6863481
  279 36.52  1.67  2.01            OY829122.1  9829656  9829954 (2152952)  C          Kuruka  Unspecified (2152952)  9829656  9829954
  254 37.18  0.00  0.00            OY829122.1 11277761 11277916 (704990)  C          Kuruka  Unspecified (704990) 11277761 11277916
  226 34.65  2.31  2.31            OY829123.1  3517285  3517414 (7676266)  +          Kuruka  Unspecified (7676266)  3517285  3517414
 1990 33.44  3.22  3.30            OY829123.1  4250320  4251624 (6942056)  +          Kuruka  Unspecified (6942056)  4250320  4251624
  229 36.69  0.00  0.00            OY829123.1  4745341  4745479 (6448201)  +          Kuruka  Unspecified (6448201)  4745341  4745479
  894 36.31  2.27  2.37            OY829123.1  5799429  5800528 (5393152)  +          Kuruka  Unspecified (5393152)  5799429  5800528
  279 36.52  1.67  2.01            OY829123.1  7119925  7120223 (4073457)  +          Kuruka  Unspecified (4073457)  7119925  7120223
  276 36.74  1.34  1.68            OY829123.1  7380065  7380363 (3813317)  +          Kuruka  Unspecified (3813317)  7380065  7380363
  279 36.52  1.67  2.01            OY829123.1  9124534  9124832 (2068848)  +          Kuruka  Unspecified (2068848)  9124534  9124832
  434 38.44  2.65  2.11            OY829123.1  9890059  9890624 (1303056)  +          Kuruka  Unspecified (1303056)  9890059  9890624
  264 36.19  1.66  3.02            OY829123.1  3390433  3390734 (7802946)  C          Kuruka  Unspecified (7802946)  3390433  3390734
  306 36.52  1.67  2.01            OY829123.1  8038578  8038876 (3154804)  C          Kuruka  Unspecified (3154804)  8038578  8038876
 1024 30.12  1.61  1.61            OY829124.1  3124128  3124865 (7031494)  +          Kuruka  Unspecified (7031494)  3124128  3124865
  294 36.86  1.67  2.01            OY829124.1  7368214  7368512 (2787482)  +          Kuruka  Unspecified (2787482)  7368214  7368512
  306 36.52  1.67  2.01            OY829124.1  9390508  9390806 (765188)  +          Kuruka  Unspecified (765188)  9390508  9390806
  227 25.68  2.63  2.63            OY829124.1   239832   239907 (9916087)  C          Kuruka  Unspecified (9916087)   239832   239907
  498 35.61  3.75  1.65            OY829124.1  5749208  5749741 (4406253)  C          Kuruka  Unspecified (4406253)  5749208  5749741
  252 33.17  5.62  3.14            OY829124.1  9489329  9489577 (666417)  C          Kuruka  Unspecified (666417)  9489329  9489577
  229 36.69  0.00  0.00            OY829125.1  2382012  2382150 (6527241)  +          Kuruka  Unspecified (6527241)  2382012  2382150
  230 25.68  2.63  2.63            OY829125.1  7529693  7529768 (1379623)  C          Kuruka  Unspecified (1379623)  7529693  7529768
  229 36.69  0.00  0.00            OY829125.1  8352985  8353123 (556268)  C          Kuruka  Unspecified (556268)  8352985  8353123
  229 36.69  0.00  0.00            OY829125.1  8353598  8353736 (555655)  C          Kuruka  Unspecified (555655)  8353598  8353736
  230 25.68  2.63  2.63            OY829125.1  8602069  8602144 (307247)  C          Kuruka  Unspecified (307247)  8602069  8602144
  284 36.52  1.67  2.01            OY829126.1  4055761  4056059 (4627549)  +          Kuruka  Unspecified (4627549)  4055761  4056059
  318 36.52  1.67  2.01            OY829126.1  5322502  5322800 (3360808)  +          Kuruka  Unspecified (3360808)  5322502  5322800
  300 36.52  1.67  2.01            OY829126.1  2999665  2999963 (5683645)  C          Kuruka  Unspecified (5683645)  2999665  2999963
  279 36.52  1.67  2.01            OY829127.1  2603120  2603418 (4929843)  +          Kuruka  Unspecified (4929843)  2603120  2603418
  230 25.68  2.63  2.63            OY829127.1  4405058  4405133 (3128128)  +          Kuruka  Unspecified (3128128)  4405058  4405133
  306 36.52  1.67  2.01            OY829127.1  4420857  4421155 (3112106)  +          Kuruka  Unspecified (3112106)  4420857  4421155
  629 34.40  2.37  2.37            OY829127.1  4670023  4671375 (2862901)  +          Kuruka  Unspecified (2862901)  4670023  4671375
  230 25.68  2.63  2.63            OY829127.1  7311767  7311842 (221419)  +          Kuruka  Unspecified (221419)  7311767  7311842
  339 33.17  5.62  3.14            OY829127.1  7423803  7424051 (109210)  +          Kuruka  Unspecified (109210)  7423803  7424051
