   276 36.73 3.82 3.03           CM019752.1    807124    807516 (55310052) C               Kuruka     Unspecified  (4164)    4669    4274    
   347 37.88 1.20 0.90           CM019752.1    807969    808301 (55309267) C               Kuruka     Unspecified  (4993)    3840    3507    
  1522 37.03 2.01 2.10           CM019752.1   4708472   4709613 (51407955) C               Kuruka     Unspecified  (4247)    4586    3446    
   226 28.57 3.19 3.19           CM019752.1   8430498   8430591 (47686977) C               Kuruka     Unspecified  (5160)    3673    3580    
   246 33.70 0.00 0.00           CM019752.1   9721452   9721543 (46396025) C               Kuruka     Unspecified  (4698)    4135    4044    
   347 37.88 1.20 0.90           CM019752.1  11813061  11813393 (44304175) +               Kuruka     Unspecified    3507    3840  (4993)    
   276 36.73 3.82 3.03           CM019752.1  11813846  11814238 (44303330) +               Kuruka     Unspecified    4274    4669  (4164)    
   252 17.77 0.00 5.06           CM019752.1  13973785  13973867 (42143701) +               Kuruka     Unspecified    7361    7439  (1394)    
   237 27.08 4.00 4.00           CM019752.1  16844638  16844737 (39272831) C               Kuruka     Unspecified  (4501)    4332    4233    
   264 32.54 1.56 1.56           CM019752.1  30855523  30855650 (25261918) C               Kuruka     Unspecified  (4479)    4354    4227    
   263 30.83 3.31 0.81           CM019752.1  31511825  31511945 (24605623) +               Kuruka     Unspecified    4223    4346  (4487)    
   240 31.45 4.84 0.00           CM019752.1  35299313  35299436 (20818132) C               Kuruka     Unspecified  (4487)    4346    4217    
   391 37.16 3.16 1.55           CM019752.1  39407273  39407652 (16709916) C               Kuruka     Unspecified  (5001)    3832    3447    
   254 21.92 1.35 1.35           CM019752.1  45290744  45290817 (10826751) C               Kuruka     Unspecified  (4478)    4355    4282    
   545 32.69 1.14 1.14           CM019752.1  50416496  50416758 (5700810) +               Kuruka     Unspecified    3465    3727  (5106)    
   422 37.30 3.07 3.27           CM019752.1  50417123  50417643 (5699925) +               Kuruka     Unspecified    4089    4608  (4225)    
   435 32.24 1.38 1.38           CM019752.1  55249610  55249826 (867742) +               Kuruka     Unspecified    3511    3727  (5106)    
   228 37.15 1.68 2.25           CM019752.1  55843440  55843618 (273950) +               Kuruka     Unspecified    4230    4407  (4426)    
   241 26.51 3.49 3.49           CM019753.1    506144    506229 (53895887) +               Kuruka     Unspecified    4042    4127  (4706)    
   268 33.85 0.78 0.78           CM019753.1    852834    852961 (53549155) C               Kuruka     Unspecified  (4479)    4354    4227    
   440 39.30 1.86 2.02           CM019753.1    973017    973660 (53428456) C               Kuruka     Unspecified  (4225)    4608    3966    
   503 37.41 0.77 1.55           CM019753.1    973795    974185 (53427931) C               Kuruka     Unspecified  (4999)    3834    3447    
   816 35.33 3.82 5.22           CM019753.1   1232388   1233435 (53168681) C               Kuruka     Unspecified  (4225)    4608    3575    
   545 32.69 1.14 1.14           CM019753.1  20562418  20562680 (33839436) +               Kuruka     Unspecified    3465    3727  (5106)    
   422 37.30 3.07 3.27           CM019753.1  20563045  20563565 (33838551) +               Kuruka     Unspecified    4089    4608  (4225)    
   240 31.45 4.84 0.00           CM019753.1  23261894  23262017 (31140099) C               Kuruka     Unspecified  (4487)    4346    4217    
   241 26.51 3.49 3.49           CM019753.1  28765878  28765963 (25636153) C               Kuruka     Unspecified  (4706)    4127    4042    
   671 34.06 1.60 1.88           CM019753.1  33457373  33457746 (20944370) +               Kuruka     Unspecified    4287    4659  (4174)    
   256 32.63 0.00 0.00           CM019753.1  39734034  39734128 (14667988) C               Kuruka     Unspecified  (4686)    4147    4053    
   384 39.37 0.77 0.77           CM019753.1  39734343  39734731 (14667385) C               Kuruka     Unspecified  (4993)    3840    3452    
   483 29.50 0.00 0.00           CM019753.1  41052009  41052147 (13349969) C               Kuruka     Unspecified  (5188)    3645    3507    
  1522 37.03 2.01 2.10           CM019753.1  45666050  45667191 (8734925) C               Kuruka     Unspecified  (4247)    4586    3446    
   256 35.74 2.22 2.60           CM019753.1  52898509  52898778 (1503338) +               Kuruka     Unspecified    4227    4495  (4338)    
   283 27.89 6.92 0.72           CM019753.1  52964510  52964639 (1437477) +               Kuruka     Unspecified    4217    4354  (4479)    
   248 33.33 1.56 1.56           CM019753.1  54363151  54363278  (38838) C               Kuruka     Unspecified  (4479)    4354    4227    
   241 26.51 3.49 3.49           CM019754.1    138979    139064 (48859279) +               Kuruka     Unspecified    4042    4127  (4706)    
   254 21.92 1.35 1.35           CM019754.1   1371542   1371615 (47626728) +               Kuruka     Unspecified    4282    4355  (4478)    
   276 34.91 2.74 3.21           CM019754.1   3578192   3578410 (45419933) +               Kuruka     Unspecified    4223    4440  (4393)    
   422 37.30 3.07 3.27           CM019754.1   9786863   9787383 (39210960) C               Kuruka     Unspecified  (4225)    4608    4089    
   545 32.69 1.14 1.14           CM019754.1   9787748   9788010 (39210333) C               Kuruka     Unspecified  (5106)    3727    3465    
   303 29.69 2.29 2.29           CM019754.1  12749775  12749905 (36248438) C               Kuruka     Unspecified  (4479)    4354    4224    
   226 28.57 3.19 3.19           CM019754.1  21130904  21130997 (27867346) +               Kuruka     Unspecified    3580    3673  (5160)    
   253 37.56 2.86 3.28           CM019754.1  27647004  27647248 (21351095) C               Kuruka     Unspecified  (4297)    4536    4293    
   259 29.15 7.69 5.31           CM019754.1  29951319  29951539 (19046804) C               Kuruka     Unspecified  (4448)    4385    4160    
   228 25.00 1.37 1.37           CM019754.1  38730004  38730076 (10268267) C               Kuruka     Unspecified  (4487)    4346    4274    
   240 31.45 4.84 0.00           CM019754.1  45562028  45562151 (3436192) C               Kuruka     Unspecified  (4487)    4346    4217    
   319 28.90 2.29 2.29           CM019754.1  48042001  48042131 (956212) +               Kuruka     Unspecified    4224    4354  (4479)    
   241 26.51 3.49 3.49           CM019755.1    138062    138147 (44492178) +               Kuruka     Unspecified    4042    4127  (4706)    
   255 21.92 1.35 1.35           CM019755.1    564522    564595 (44065730) C               Kuruka     Unspecified  (4478)    4355    4282    
   308 29.76 5.30 0.72           CM019755.1   6957450   6957581 (37672744) +               Kuruka     Unspecified    4217    4354  (4479)    
   251 38.31 2.73 3.14           CM019755.1  29012417  29012672 (15617653) +               Kuruka     Unspecified    4282    4536  (4297)    
   256 35.74 2.22 2.60           CM019755.1  43619666  43619935 (1010390) C               Kuruka     Unspecified  (4338)    4495    4227    
   319 25.37 6.06 1.45           CM019755.1  44581907  44582038  (48287) +               Kuruka     Unspecified    4217    4354  (4479)    
   264 32.54 1.56 1.56           CM019756.1   1433026   1433153 (41443075) C               Kuruka     Unspecified  (4479)    4354    4227    
   414 34.99 1.12 2.26           CM019756.1   1624226   1624494 (41251734) +               Kuruka     Unspecified    3575    3840  (4993)    
   466 33.25 7.22 5.66           CM019756.1   1624590   1625268 (41250960) +               Kuruka     Unspecified    3933    4621  (4212)    
   290 30.47 2.29 2.29           CM019756.1  14519133  14519263 (28356965) C               Kuruka     Unspecified  (4479)    4354    4224    
   264 32.54 1.56 1.56           CM019756.1  41630645  41630772 (1245456) C               Kuruka     Unspecified  (4479)    4354    4227    
   309 28.90 2.29 2.29       VFXL01000048.1      6419      6549  (73452) +               Kuruka     Unspecified    4224    4354  (4479)    
   260 38.43 2.66 3.05       VFXL01000049.1     22663     22925  (97076) +               Kuruka     Unspecified    4275    4536  (4297)    
   268 34.46 1.97 2.65       VFXL01000068.1     32007     32158 (107842) C               Kuruka     Unspecified  (4417)    4416    4266    
   369 35.89 2.10 1.67       VFXL01000068.1     37561     37798 (102202) C               Kuruka     Unspecified  (4300)    4533    4295    
   309 29.00 5.30 0.72       VFXL01000082.1     29817     29948  (70053) +               Kuruka     Unspecified    4217    4354  (4479)    
   276 34.91 2.74 3.21       VFXL01000084.1     34198     34416  (45585) +               Kuruka     Unspecified    4223    4440  (4393)    
   863 37.22 1.33 1.87       VFXL01000130.1    118347    119099    (901) C               Kuruka     Unspecified  (4174)    4659    3911    
   269 27.77 2.17 2.17       VFXL01000130.1    119334    119425    (575) C               Kuruka     Unspecified  (5154)    3679    3588    
   256 35.74 2.22 2.60       VFXL01000188.1     15160     15429  (44571) C               Kuruka     Unspecified  (4338)    4495    4227    
   231 25.35 0.00 0.00       VFXL01000191.1     49511     49581  (30420) +               Kuruka     Unspecified    4284    4354  (4479)    
   523 34.76 3.88 4.93       VFXL01000247.1        20       715 (159286) C               Kuruka     Unspecified  (4212)    4621    3933    
   420 36.00 0.74 1.88       VFXL01000247.1       811      1079 (158922) C               Kuruka     Unspecified  (4993)    3840    3575    
   232 28.91 2.91 6.00       VFXL01000259.1     12624     12726  (87275) C               Kuruka     Unspecified  (4423)    4410    4311    
   301 14.58 0.00 0.00       VFXL01000292.1     41935     41982  (78920) +               Kuruka     Unspecified    4307    4354  (4479)    
   545 32.69 1.14 1.14       VFXL01000299.1    110804    111066   (6664) +               Kuruka     Unspecified    3465    3727  (5106)    
   437 37.10 3.07 3.27       VFXL01000299.1    111430    111950   (5780) +               Kuruka     Unspecified    4089    4608  (4225)    
   315 31.85 1.47 0.73       VFXL01000323.1      7192      7327 (272674) C               Kuruka     Unspecified  (4294)    4539    4403    
   237 27.08 4.00 4.00       VFXL01000374.1     84563     84662  (35338) C               Kuruka     Unspecified  (4501)    4332    4233    
   548 32.69 1.14 1.14       VFXL01000423.1     16776     17038   (2962) +               Kuruka     Unspecified    3465    3727  (5106)    
   387 36.35 4.22 4.42       VFXL01000423.1     17403     17923   (2077) +               Kuruka     Unspecified    4089    4608  (4225)    
   231 31.53 5.34 0.73       VFXL01000434.1    308029    308159  (11842) +               Kuruka     Unspecified    4217    4353  (4480)    
   274 34.56 0.73 0.73       VFXL01000438.1     26354     26490  (31368) C               Kuruka     Unspecified  (4294)    4539    4403    
   276 34.91 2.74 3.21       VFXL01000482.1     57149     57367  (42634) +               Kuruka     Unspecified    4223    4440  (4393)    
   264 32.54 1.56 1.56       VFXL01000491.1     17718     17845  (62156) +               Kuruka     Unspecified    4227    4354  (4479)    
   259 34.65 0.78 0.78       VFXL01000506.1     80015     80142 (159859) +               Kuruka     Unspecified    4227    4354  (4479)    
   240 31.45 4.84 0.00       VFXL01000530.1     39058     39181  (60820) C               Kuruka     Unspecified  (4487)    4346    4217    
   226 23.61 3.23 4.35       VFXL01000545.1    238404    238496 (201505) +               Kuruka     Unspecified    4295    4386  (4447)    
   259 29.15 7.69 5.31       VFXL01000545.1    433974    434194   (5807) +               Kuruka     Unspecified    4160    4385  (4448)    
