   259 33.33 1.11 0.00          NC_059257.1   2764504   2764593 (7394358) C               Kuruka     Unspecified  (4791)    4042    3952    
   236 26.67 1.32 1.32          NC_059259.1   3559598   3559673 (7697014) C               Kuruka     Unspecified  (4543)    4290    4215    
   264 27.56 3.79 3.79          NC_059263.1  11809921  11810052 (2161290) C               Kuruka     Unspecified  (4478)    4355    4224    
   254 26.76 0.00 0.00          NC_059263.1  13821413  13821483 (149859) +               Kuruka     Unspecified    4263    4333  (4500)    
   226 25.29 0.00 2.20          NC_059264.1   5559007   5559099 (8592112) +               Kuruka     Unspecified    7198    7288  (1545)    
   233 34.44 1.11 0.00          NC_059268.1    111733    111822 (21510504) +               Kuruka     Unspecified    3952    4042  (4791)    
   233 34.44 1.11 0.00          NC_059271.1   8246833   8246922 (25641000) +               Kuruka     Unspecified    3952    4042  (4791)    
   238 25.88 2.02 6.32          NC_059271.1  20546715  20546813 (13341109) +               Kuruka     Unspecified    7376    7470  (1363)    
   233 34.44 1.11 0.00          NC_059274.1  11905279  11905368 (5851188) C               Kuruka     Unspecified  (4791)    4042    3952    
   229 19.70 0.00 1.52          NC_059275.1  17827094  17827160 (1666977) +               Kuruka     Unspecified    7368    7433  (1400)    
   229 19.44 5.33 3.95          NC_059280.1   2478200   2478274 (3369483) +               Kuruka     Unspecified    7235    7310  (1523)    
   230 34.44 1.11 0.00          NC_059280.1   5261448   5261537 (586220) +               Kuruka     Unspecified    3952    4042  (4791)    
   247 24.67 9.20 2.15          NC_059280.1   5797677   5797763  (49994) +               Kuruka     Unspecified    4218    4310  (4523)    
   261 33.14 4.37 4.37          NC_059281.1   2858858   2859040 (15313260) C               Kuruka     Unspecified  (5013)    3820    3638    
   234 32.71 5.61 0.00          NC_059285.1  22992975  22993081 (4709903) C               Kuruka     Unspecified  (4499)    4334    4222    
   233 34.44 1.11 0.00          NC_059285.1  25350190  25350279 (2352705) +               Kuruka     Unspecified    3952    4042  (4791)    
   242 29.00 6.00 0.00          NC_059285.1  26548061  26548160 (1154824) +               Kuruka     Unspecified    4229    4334  (4499)    
   233 34.44 1.11 0.00          NC_059285.1  27032684  27032773 (670211) +               Kuruka     Unspecified    3952    4042  (4791)    
   233 34.44 1.11 0.00          NC_059285.1  27250170  27250259 (452725) +               Kuruka     Unspecified    3952    4042  (4791)    
   249 22.93 2.70 9.62          NC_059288.1   9910131   9910241 (2787472) C               Kuruka     Unspecified  (1371)    7462    7359    
   247 26.76 0.00 0.00          NC_059289.1  21149045  21149115 (193923) C               Kuruka     Unspecified  (4500)    4333    4263    
   276 34.73 2.34 2.34          NC_059297.1   1753681   1753851 (25058520) C               Kuruka     Unspecified  (5013)    3820    3650    
   256 21.04 4.31 1.68          NC_059298.1  15229678  15229793 (15523600) C               Kuruka     Unspecified  (1504)    7329    7211    
   294 26.08 4.30 1.04          NC_059298.1  20380204  20380296 (10373097) +               Kuruka     Unspecified    3954    4049  (4784)    
   233 34.44 1.11 0.00          NC_059299.1  10705764  10705853 (4304859) C               Kuruka     Unspecified  (4791)    4042    3952    
   236 34.02 1.03 0.00          NC_059302.1  15157610  15157706 (15040140) C               Kuruka     Unspecified  (4791)    4042    3945    
   257 26.83 0.99 4.08          NC_059302.1  16738062  16738162 (13459684) +               Kuruka     Unspecified    3594    3691  (5142)    
   236 31.11 1.10 1.10          NC_059304.1  21032812  21032902 (11552345) +               Kuruka     Unspecified    3635    3725  (5108)    
   247 30.05 7.35 5.80       NW_025541395.1    266084    266355  (54448) +               Kuruka     Unspecified    4229    4504  (4329)    
   250 23.61 4.26 5.38       NW_025541563.1    232734    232827 (102436) +               Kuruka     Unspecified    4282    4374  (4459)    
