 1700 34.68  2.24  2.32            OW388248.2   755843   757005 (21046007)  +          Kuruka  Unspecified (21046007)   755843   757005
  550 36.05  3.35  5.18            OW388248.2   911254   911999 (20891013)  +          Kuruka  Unspecified (20891013)   911254   911999
 1631 37.06  2.08  2.16            OW388248.2  1315941  1317239 (20485773)  +          Kuruka  Unspecified (20485773)  1315941  1317239
  246 33.92  3.35  3.78            OW388248.2 15142008 15142246 (6660766)  +          Kuruka  Unspecified (6660766) 15142008 15142246
  351 35.32  1.26  1.68            OW388248.2 15830940 15831178 (5971834)  +          Kuruka  Unspecified (5971834) 15830940 15831178
  324 34.23  3.85  3.85            OW388248.2 16311331 16311564 (5491448)  +          Kuruka  Unspecified (5491448) 16311331 16311564
  287 36.86  2.19  2.19            OW388248.2 16311800 16312118 (5490894)  +          Kuruka  Unspecified (5490894) 16311800 16312118
  324 34.23  3.85  3.85            OW388248.2  1097263  1097496 (20705516)  C          Kuruka  Unspecified (20705516)  1097263  1097496
  446 31.70  4.00  6.94            OW388248.2 10177543 10177942 (11625070)  C          Kuruka  Unspecified (11625070) 10177543 10177942
  530 33.59  1.10  1.48            OW388248.2 10178369 10178640 (11624372)  C          Kuruka  Unspecified (11624372) 10178369 10178640
  246 33.92  3.35  3.78            OW388249.2   481684   481922 (17256767)  +          Kuruka  Unspecified (17256767)   481684   481922
  230 22.01  0.00  2.00            OW388249.2  2191139  2191189 (15547500)  +          Kuruka  Unspecified (15547500)  2191139  2191189
 2290 33.12  2.08  2.45            OW388249.2  4097778  4098885 (13639804)  C          Kuruka  Unspecified (13639804)  4097778  4098885
  317 30.26  0.00  4.17            OW388249.2  7949745  7949844 (9788845)  C          Kuruka  Unspecified (9788845)  7949745  7949844
 1741 33.85  3.56  3.15            OW388250.2  7969134  7970396 (9106885)  +          Kuruka  Unspecified (9106885)  7969134  7970396
  258 32.46  4.18  4.62            OW388250.2 14768346 14768584 (2308697)  +          Kuruka  Unspecified (2308697) 14768346 14768584
  304 29.53  4.63  5.86            OW388250.2  7584911  7585169 (9492112)  C          Kuruka  Unspecified (9492112)  7584911  7585169
  958 35.18  3.78  5.01            OW388250.2  9335296  9336405 (7740876)  C          Kuruka  Unspecified (7740876)  9335296  9336405
  345 32.52  3.14  3.54            OW388250.2 12190183 12190437 (4886844)  C          Kuruka  Unspecified (4886844) 12190183 12190437
  264 33.72  2.27  2.27            OW388250.2 13523270 13523445 (3553836)  C          Kuruka  Unspecified (3553836) 13523270 13523445
 2203 33.33  1.62  1.72            OW388250.2 16026435 16027484 (1049797)  C          Kuruka  Unspecified (1049797) 16026435 16027484
 2203 33.33  1.62  1.72            OW388251.2  4689939  4690988 (12027839)  +          Kuruka  Unspecified (12027839)  4689939  4690988
  402 31.28  4.20  4.64            OW388251.2 12836573 12836810 (3882017)  +          Kuruka  Unspecified (3882017) 12836573 12836810
  324 34.23  3.85  3.85            OW388251.2 16382591 16382824 (336003)  +          Kuruka  Unspecified (336003) 16382591 16382824
  287 36.86  2.19  2.19            OW388251.2 16383060 16383378 (335449)  +          Kuruka  Unspecified (335449) 16383060 16383378
 2296 33.33  1.90  2.26            OW388251.2  9553309  9554416 (7164411)  C          Kuruka  Unspecified (7164411)  9553309  9554416
 2296 33.33  1.90  2.26            OW388252.2  1015471  1016578 (15876082)  +          Kuruka  Unspecified (15876082)  1015471  1016578
  318 30.26  0.00  4.17            OW388252.2  5761900  5761999 (11130661)  +          Kuruka  Unspecified (11130661)  5761900  5761999
  228 22.01  0.00  2.00            OW388252.2 16840266 16840316  (52344)  +          Kuruka  Unspecified  (52344) 16840266 16840316
  270 35.19  3.75  4.08            OW388252.2  2104080  2104399 (14788261)  C          Kuruka  Unspecified (14788261)  2104080  2104399
  317 30.26  0.00  4.17            OW388252.2 15058671 15058770 (1833890)  C          Kuruka  Unspecified (1833890) 15058671 15058770
 2296 33.33  1.90  2.26            OW388253.2  2408532  2409639 (14446295)  +          Kuruka  Unspecified (14446295)  2408532  2409639
  317 30.26  0.00  4.17            OW388253.2  3165611  3165710 (13690224)  +          Kuruka  Unspecified (13690224)  3165611  3165710
  965 35.73  2.95  2.70            OW388253.2  7347825  7348638 (9507296)  +          Kuruka  Unspecified (9507296)  7347825  7348638
  322 25.61  0.00  0.00            OW388253.2 16652438 16652519 (203415)  +          Kuruka  Unspecified (203415) 16652438 16652519
  397 32.47  4.91  4.91            OW388253.2  2682586  2682870 (14173064)  C          Kuruka  Unspecified (14173064)  2682586  2682870
  316 29.53  4.63  5.86            OW388253.2 10168333 10168591 (6687343)  C          Kuruka  Unspecified (6687343) 10168333 10168591
 2296 33.33  1.90  2.26            OW388254.2 10897692 10898799 (5215398)  +          Kuruka  Unspecified (5215398) 10897692 10898799
  261 30.98  0.00  4.12            OW388254.2 15335223 15335323 (778874)  +          Kuruka  Unspecified (778874) 15335223 15335323
  553 33.24  4.77  3.99            OW388254.2  1980765  1981162 (14133035)  C          Kuruka  Unspecified (14133035)  1980765  1981162
  922 35.37  3.78  5.01            OW388255.2  1448928  1450037 (14541392)  +          Kuruka  Unspecified (14541392)  1448928  1450037
  399 34.77  2.09  2.52            OW388255.2  2099513  2099751 (13891678)  +          Kuruka  Unspecified (13891678)  2099513  2099751
  500 36.87  4.58  1.31            OW388255.2  1932046  1932416 (14059013)  C          Kuruka  Unspecified (14059013)  1932046  1932416
  510 33.52  0.00  0.00            OW388255.2  1995619  1995800 (13995629)  C          Kuruka  Unspecified (13995629)  1995619  1995800
  338 36.82  1.52  1.91            OW388255.2  4863674  4863936 (11127493)  C          Kuruka  Unspecified (11127493)  4863674  4863936
  325 31.39  6.25  6.67            OW388255.2  6383520  6383775 (9607654)  C          Kuruka  Unspecified (9607654)  6383520  6383775
  378 33.91  2.90  3.33            OW388255.2  9499891  9500131 (6491298)  C          Kuruka  Unspecified (6491298)  9499891  9500131
 2279 32.94  2.35  2.72            OW388255.2 12694546 12695653 (3295776)  C          Kuruka  Unspecified (3295776) 12694546 12695653
  351 35.32  1.26  1.68            OW388256.2  1757607  1757845 (14241457)  +          Kuruka  Unspecified (14241457)  1757607  1757845
  317 30.26  0.00  4.17            OW388256.2  9240818  9240917 (6758385)  C          Kuruka  Unspecified (6758385)  9240818  9240917
  317 30.26  0.00  4.17            OW388257.2  5618176  5618275 (10115915)  +          Kuruka  Unspecified (10115915)  5618176  5618275
  269 35.19  3.75  4.08            OW388257.2  7559925  7560244 (8173946)  +          Kuruka  Unspecified (8173946)  7559925  7560244
  397 32.47  4.91  4.91            OW388257.2 10544780 10545064 (5189126)  +          Kuruka  Unspecified (5189126) 10544780 10545064
 2296 33.33  1.90  2.26            OW388257.2 10964149 10965256 (4768934)  +          Kuruka  Unspecified (4768934) 10964149 10965256
 1722 34.86  2.24  2.32            OW388257.2  9608463  9609625 (6124565)  C          Kuruka  Unspecified (6124565)  9608463  9609625
  242 34.30  2.27  2.27            OW388258.2  5031508  5031683 (10657208)  +          Kuruka  Unspecified (10657208)  5031508  5031683
 2296 33.33  1.90  2.26            OW388258.2  7385878  7386985 (8301906)  +          Kuruka  Unspecified (8301906)  7385878  7386985
  397 32.47  4.91  4.91            OW388259.2  9039744  9040028 (6490945)  +          Kuruka  Unspecified (6490945)  9039744  9040028
 2296 33.33  1.90  2.26            OW388260.2   592430   593537 (14308424)  +          Kuruka  Unspecified (14308424)   592430   593537
  306 35.53  3.38  3.81            OW388260.2 14586283 14586519 (315442)  +          Kuruka  Unspecified (315442) 14586283 14586519
  317 30.26  0.00  4.17            OW388260.2   903401   903500 (13998461)  C          Kuruka  Unspecified (13998461)   903401   903500
  299 26.83  0.00  0.00            OW388260.2  9954440  9954521 (4947440)  C          Kuruka  Unspecified (4947440)  9954440  9954521
  306 28.05  0.00  0.00            OW388261.2  2925394  2925475 (11850545)  +          Kuruka  Unspecified (11850545)  2925394  2925475
  500 36.87  4.58  1.31            OW388261.2  3106977  3107347 (11668673)  +          Kuruka  Unspecified (11668673)  3106977  3107347
  237 30.28  5.10  5.64            OW388261.2  9429902  9430097 (5345923)  +          Kuruka  Unspecified (5345923)  9429902  9430097
 1427 36.46  1.52  1.63            OW388262.2  7501097  7502080 (7155050)  +          Kuruka  Unspecified (7155050)  7501097  7502080
  249 35.19  4.90  4.90            OW388262.2  7507760  7508004 (7149126)  +          Kuruka  Unspecified (7149126)  7507760  7508004
 2173 33.24  1.62  1.72            OW388262.2 13460926 13461975 (1195155)  C          Kuruka  Unspecified (1195155) 13460926 13461975
  317 30.26  0.00  4.17            OW388263.2  8052157  8052256 (6193233)  +          Kuruka  Unspecified (6193233)  8052157  8052256
  300 31.31  0.00  4.17            OW388263.2  9314475  9314574 (4930915)  +          Kuruka  Unspecified (4930915)  9314475  9314574
 1722 33.68  3.33  2.92            OW388263.2  4207629  4208891 (10036598)  C          Kuruka  Unspecified (10036598)  4207629  4208891
 1758 33.96  3.17  2.76            OW388264.2  7705270  7706532 (6438420)  C          Kuruka  Unspecified (6438420)  7705270  7706532
  248 27.27  1.28  1.28            OW388265.2   958186   958263 (12822555)  +          Kuruka  Unspecified (12822555)   958186   958263
  317 30.26  0.00  4.17            OW388265.2  7966861  7966960 (5813858)  +          Kuruka  Unspecified (5813858)  7966861  7966960
 1190 37.06  2.08  2.16            OW388265.2 10010334 10011632 (3769186)  +          Kuruka  Unspecified (3769186) 10010334 10011632
  235 32.22  5.00  5.48            OW388265.2  4209883  4210102 (9570716)  C          Kuruka  Unspecified (9570716)  4209883  4210102
 2296 33.33  1.90  2.26            OW388265.2  4791551  4792658 (8988160)  C          Kuruka  Unspecified (8988160)  4791551  4792658
  387 32.47  4.91  4.91            OW388265.2  5737813  5738097 (8042721)  C          Kuruka  Unspecified (8042721)  5737813  5738097
 1530 36.98  2.08  2.16            OW388266.2  6930989  6932287 (6647788)  +          Kuruka  Unspecified (6647788)  6930989  6932287
 1631 37.06  2.08  2.16            OW388266.2  6938491  6939789 (6640286)  +          Kuruka  Unspecified (6640286)  6938491  6939789
  301 27.27  0.00  0.00            OW388266.2  9744880  9744956 (3835119)  +          Kuruka  Unspecified (3835119)  9744880  9744956
 1631 37.06  2.08  2.16            OW388267.2 11915860 11917158 (1102638)  +          Kuruka  Unspecified (1102638) 11915860 11917158
  544 33.31  8.73  2.39            OW388267.2 12009547 12010204 (1009895)  +          Kuruka  Unspecified (1009895) 12009547 12010204
  976 34.85  5.88  3.44            OW388267.2 12035359 12036294 (983502)  +          Kuruka  Unspecified (983502) 12035359 12036294
  608 36.11  3.79  3.94            OW388267.2  1660553  1661264 (11358532)  C          Kuruka  Unspecified (11358532)  1660553  1661264
  318 35.12  0.97  0.97            OW388267.2  1661508  1661714 (11358082)  C          Kuruka  Unspecified (11358082)  1661508  1661714
  538 36.55  3.79  3.94            OW388267.2  3988156  3988867 (9030929)  C          Kuruka  Unspecified (9030929)  3988156  3988867
  318 35.12  0.97  0.97            OW388267.2  3989111  3989317 (9030479)  C          Kuruka  Unspecified (9030479)  3989111  3989317
  308 34.23  3.85  3.85            OW388267.2 12122787 12123020 (896776)  C          Kuruka  Unspecified (896776) 12122787 12123020
  345 29.58  2.07  2.07            OW388267.2 12141879 12142023 (877773)  C          Kuruka  Unspecified (877773) 12141879 12142023
  397 32.47  4.91  4.91            OW388267.2 12529457 12529741 (490055)  C          Kuruka  Unspecified (490055) 12529457 12529741
  403 32.11  4.91  4.91            OW388268.2   352329   352613 (12123338)  C          Kuruka  Unspecified (12123338)   352329   352613
  238 35.65  0.00  0.87            OW388268.2  1959813  1959928 (10516023)  C          Kuruka  Unspecified (10516023)  1959813  1959928
  317 30.26  0.00  4.17            OW388268.2  2747336  2747435 (9728516)  C          Kuruka  Unspecified (9728516)  2747336  2747435
 2203 33.33  1.62  1.72            OW388268.2 11675344 11676393 (799558)  C          Kuruka  Unspecified (799558) 11675344 11676393
 1631 37.06  2.08  2.16            OW388269.2   707477   708775 (11724872)  +          Kuruka  Unspecified (11724872)   707477   708775
 1717 33.74  3.25  2.84            OW388269.2   786681   787943 (11645704)  +          Kuruka  Unspecified (11645704)   786681   787943
  451 30.95  2.31  2.79            OW388269.2  2948631  2948846 (9484801)  +          Kuruka  Unspecified (9484801)  2948631  2948846
  317 30.26  0.00  4.17            OW388269.2 10447492 10447591 (1986056)  +          Kuruka  Unspecified (1986056) 10447492 10447591
  237 30.28  5.10  5.64            OW388269.2  3580015  3580210 (8853437)  C          Kuruka  Unspecified (8853437)  3580015  3580210
  240 29.24  3.68  4.44            OW388269.2  7988305  7988440 (4445207)  C          Kuruka  Unspecified (4445207)  7988305  7988440
  236 28.48  1.00  5.21            OW388270.2     6114     6213 (11153421)  C          Kuruka  Unspecified (11153421)     6114     6213
 2312 33.24  1.90  2.26            OW388271.2  5471636  5472743 (5633023)  +          Kuruka  Unspecified (5633023)  5471636  5472743
  440 32.16  2.99  2.99            OW388271.2  1659886  1660119 (9445647)  C          Kuruka  Unspecified (9445647)  1659886  1660119
  534 35.67  4.01  4.15            OW388271.2 10279489 10280187 (825579)  C          Kuruka  Unspecified (825579) 10279489 10280187
  308 35.12  0.97  0.97            OW388271.2 10280431 10280637 (825129)  C          Kuruka  Unspecified (825129) 10280431 10280637
 2024 34.93  1.77  1.85            OW388272.2  7718992  7720289 (2706201)  +          Kuruka  Unspecified (2706201)  7718992  7720289
  500 36.87  4.58  1.31            OW388272.2  8780306  8780676 (1645814)  +          Kuruka  Unspecified (1645814)  8780306  8780676
  293 20.00  0.00  0.00            OW388273.2  1459950  1460009 (8842331)  C          Kuruka  Unspecified (8842331)  1459950  1460009
  312 27.27  0.00  0.00            OW388275.2  4166904  4166980 (3701941)  +          Kuruka  Unspecified (3701941)  4166904  4166980
  260  2.50 15.00  0.00            OW388275.2  4334479  4334518 (3534403)  +          Kuruka  Unspecified (3534403)  4334479  4334518
 2235 33.19  1.91  2.28            OW388275.2    34717    35817 (7833104)  C          Kuruka  Unspecified (7833104)    34717    35817
 2230 33.19  1.91  2.28            OW388275.2   644975   646075 (7222846)  C          Kuruka  Unspecified (7222846)   644975   646075
 1708 33.68  3.33  2.92            OW388275.2  4200917  4202179 (3666742)  C          Kuruka  Unspecified (3666742)  4200917  4202179
 2230 33.19  1.91  2.28            OW388275.2  7687136  7688236 (180685)  C          Kuruka  Unspecified (180685)  7687136  7688236
  229 31.89  1.61  5.59            OW388276.2  2248994  2249179 (4725808)  +          Kuruka  Unspecified (4725808)  2248994  2249179
  319 29.53  4.63  5.86            OW388276.2  3988583  3988841 (2986146)  C          Kuruka  Unspecified (2986146)  3988583  3988841
  408 33.98  2.31  3.27            OW388277.2  3523602  3523817 (3452723)  +          Kuruka  Unspecified (3452723)  3523602  3523817
 1654 35.16  1.89  2.72            OW388277.2  3532275  3533385 (3443155)  +          Kuruka  Unspecified (3443155)  3532275  3533385
 1363 33.79  3.10  3.20            OW388277.2  3665793  3666856 (3309684)  C          Kuruka  Unspecified (3309684)  3665793  3666856
  317 30.26  0.00  4.17            OW388278.2  2946391  2946490 (3812473)  C          Kuruka  Unspecified (3812473)  2946391  2946490
