  264 33.68  6.32  3.75            OX596073.1  8798337  8798700 (189698446)  +          Kuruka  Unspecified (189698446)  8798337  8798700
  271 40.30  0.00  0.00            OX596073.1 33267269 33267469 (165229677)  +          Kuruka  Unspecified (165229677) 33267269 33267469
  262 34.75  2.73  3.20            OX596073.1 47383731 47383950 (151113196)  +          Kuruka  Unspecified (151113196) 47383731 47383950
  451 38.74  2.06  2.06            OX596073.1 47504876 47505410 (150991736)  +          Kuruka  Unspecified (150991736) 47504876 47505410
  249 22.86  4.55  4.55            OX596073.1 48196461 48196570 (150300576)  +          Kuruka  Unspecified (150300576) 48196461 48196570
  235 32.36  2.14  2.88            OX596073.1 51087059 51087198 (147409948)  +          Kuruka  Unspecified (147409948) 51087059 51087198
  235 32.36  2.14  2.88            OX596073.1 51502988 51503127 (146994019)  +          Kuruka  Unspecified (146994019) 51502988 51503127
  256 33.33  2.52  1.88            OX596073.1 56325638 56325796 (142171350)  +          Kuruka  Unspecified (142171350) 56325638 56325796
  446 33.33  2.76  3.16            OX596073.1 63021894 63022147 (135474999)  +          Kuruka  Unspecified (135474999) 63021894 63022147
  293 34.42  4.80  4.80            OX596073.1 69446290 69446997 (129050149)  +          Kuruka  Unspecified (129050149) 69446290 69446997
  393 32.59  3.00  3.00            OX596073.1 73864996 73866145 (124631918)  +          Kuruka  Unspecified (124631918) 73864996 73866145
  488 31.34  6.03  0.82            OX596073.1 73888417 73888859 (124608498)  +          Kuruka  Unspecified (124608498) 73888417 73888859
  329 36.23  0.40  1.61            OX596073.1 75558656 75559655 (122938239)  +          Kuruka  Unspecified (122938239) 75558656 75559655
  259 38.11  1.21  1.21            OX596073.1 75609282 75609528 (122887618)  +          Kuruka  Unspecified (122887618) 75609282 75609528
  269 37.03  3.48  4.05            OX596073.1 75973711 75974256 (122522890)  +          Kuruka  Unspecified (122522890) 75973711 75974256
  438 35.77  4.57  4.74            OX596073.1 77495057 77495690 (121001456)  +          Kuruka  Unspecified (121001456) 77495057 77495690
  521 34.80  5.37  2.23            OX596073.1 78751212 78751602 (119745544)  +          Kuruka  Unspecified (119745544) 78751212 78751602
  532 33.20  5.62  0.71            OX596073.1 78751812 78752078 (119745068)  +          Kuruka  Unspecified (119745068) 78751812 78752078
  904 35.35  3.19  1.92            OX596073.1 90949635 90950355 (107546791)  +          Kuruka  Unspecified (107546791) 90949635 90950355
  874 34.61  4.91  2.33            OX596073.1 91088909 91089621 (107407525)  +          Kuruka  Unspecified (107407525) 91088909 91089621
  278 18.14 10.58  4.55            OX596073.1 91495814 91495917 (107001229)  +          Kuruka  Unspecified (107001229) 91495814 91495917
  457 35.09  3.17  2.29            OX596073.1 92888524 92888870 (105608276)  +          Kuruka  Unspecified (105608276) 92888524 92888870
  559 32.41  5.96  1.91            OX596073.1 92889353 92889654 (105607492)  +          Kuruka  Unspecified (105607492) 92889353 92889654
  353 35.06  2.71  2.71            OX596073.1 94400054 94400311 (104096835)  +          Kuruka  Unspecified (104096835) 94400054 94400311
  407 32.70  4.04  4.43            OX596073.1 94400760 94401031 (104096115)  +          Kuruka  Unspecified (104096115) 94400760 94401031
 1201 36.24  4.34  2.18            OX596073.1 95155649 95156638 (103340508)  +          Kuruka  Unspecified (103340508) 95155649 95156638
  993 36.24  4.12  2.54            OX596073.1 95371115 95372085 (103125061)  +          Kuruka  Unspecified (103125061) 95371115 95372085
  317 32.49  4.48  4.48            OX596073.1 95557121 95557410 (102939736)  +          Kuruka  Unspecified (102939736) 95557121 95557410
 1655 34.13  3.80  3.16            OX596073.1 95879440 95880728 (102616418)  +          Kuruka  Unspecified (102616418) 95879440 95880728
 1614 34.28  3.80  3.16            OX596073.1 97903847 97905135 (100592011)  +          Kuruka  Unspecified (100592011) 97903847 97905135
 1085 35.20  4.02  3.50            OX596073.1 99944740 99945734 (98551412)  +          Kuruka  Unspecified (98551412) 99944740 99945734
  378 36.73  3.92  3.92            OX596073.1 110789990 110790652 (87706494)  +          Kuruka  Unspecified (87706494) 110789990 110790652
  363 33.74  3.49  3.49            OX596073.1 111568009 111568916 (86928909)  +          Kuruka  Unspecified (86928909) 111568009 111568916
  442 34.05  3.96  3.96            OX596073.1 115048649 115049330 (83447816)  +          Kuruka  Unspecified (83447816) 115048649 115049330
  263 35.83  0.00  0.00            OX596073.1 133953284 133953403 (64543743)  +          Kuruka  Unspecified (64543743) 133953284 133953403
  238 39.59  0.81  0.81            OX596073.1 136806780 136807026 (61690120)  +          Kuruka  Unspecified (61690120) 136806780 136807026
  489 31.02  4.68  2.96            OX596073.1 148315622 148315920 (50181226)  +          Kuruka  Unspecified (50181226) 148315622 148315920
  278 22.54  2.74  2.74            OX596073.1 148599423 148599495 (49897651)  +          Kuruka  Unspecified (49897651) 148599423 148599495
  349 14.75  0.00  0.00            OX596073.1 167863333 167863393 (30633753)  +          Kuruka  Unspecified (30633753) 167863333 167863393
  262 34.75  2.73  3.20            OX596073.1 171676666 171676885 (26820261)  +          Kuruka  Unspecified (26820261) 171676666 171676885
  442 34.05  3.96  3.96            OX596073.1 12990053 12990734 (185506412)  C          Kuruka  Unspecified (185506412) 12990053 12990734
  334 37.43  4.46  5.13            OX596073.1 17173239 17173866 (181323280)  C          Kuruka  Unspecified (181323280) 17173239 17173866
  265 33.05  6.09  6.09            OX596073.1 48032458 48032966 (150464180)  C          Kuruka  Unspecified (150464180) 48032458 48032966
  442 34.05  3.96  3.96            OX596073.1 48194210 48194891 (150302255)  C          Kuruka  Unspecified (150302255) 48194210 48194891
 2731 32.91  3.33  1.64            OX596073.1 51600994 51602374 (146894772)  C          Kuruka  Unspecified (146894772) 51600994 51602374
 1054 32.47  2.93  2.93            OX596073.1 51602807 51603558 (146893588)  C          Kuruka  Unspecified (146893588) 51602807 51603558
 1250 34.12  3.74  2.84            OX596073.1 63758628 63759535 (134737611)  C          Kuruka  Unspecified (134737611) 63758628 63759535
  583 35.49  3.47  3.66            OX596073.1 69324821 69325367 (129171779)  C          Kuruka  Unspecified (129171779) 69324821 69325367
  328 32.25  9.95  3.57            OX596073.1 69326704 69327241 (129170232)  C          Kuruka  Unspecified (129170232) 69326704 69327241
  442 34.05  3.96  3.96            OX596073.1 70705278 70705959 (127791187)  C          Kuruka  Unspecified (127791187) 70705278 70705959
  461 34.93  5.44  5.61            OX596073.1 72776568 72777569 (125719972)  C          Kuruka  Unspecified (125719972) 72776568 72777569
  252 24.95  9.71  2.73            OX596073.1 72892236 72892338 (125604808)  C          Kuruka  Unspecified (125604808) 72892236 72892338
 1397 35.06  4.74  2.62            OX596073.1 74528959 74530118 (123967028)  C          Kuruka  Unspecified (123967028) 74528959 74530118
  337 28.04  2.73  2.73            OX596073.1 74787602 74787711 (123709435)  C          Kuruka  Unspecified (123709435) 74787602 74787711
  275 35.26  0.00  0.00            OX596073.1 74978607 74979633 (123518277)  C          Kuruka  Unspecified (123518277) 74978607 74979633
 1575 34.13  4.52  3.32            OX596073.1 75307984 75309265 (123187881)  C          Kuruka  Unspecified (123187881) 75307984 75309265
  508 36.17  2.93  3.10            OX596073.1 75849234 75850302 (122647299)  C          Kuruka  Unspecified (122647299) 75849234 75850302
  512 35.60  1.12  1.50            OX596073.1 75912364 75912631 (122584515)  C          Kuruka  Unspecified (122584515) 75912364 75912631
  375 33.74  5.15  6.01            OX596073.1 75912938 75913306 (122583840)  C          Kuruka  Unspecified (122583840) 75912938 75913306
  255 38.75  1.97  1.72            OX596073.1 76515527 76515933 (121981213)  C          Kuruka  Unspecified (121981213) 76515527 76515933
  277 34.72  4.80  4.80            OX596073.1 77108537 77109244 (121387902)  C          Kuruka  Unspecified (121387902) 77108537 77109244
 1168 34.61  2.07  2.44            OX596073.1 77115718 77116969 (121380606)  C          Kuruka  Unspecified (121380606) 77115718 77116969
  282 25.01  0.00  1.56            OX596073.1 78751745 78751809 (119745337)  C          Kuruka  Unspecified (119745337) 78751745 78751809
  313 38.46  0.38  0.38            OX596073.1 78774490 78774750 (119722396)  C          Kuruka  Unspecified (119722396) 78774490 78774750
  338 33.97  4.80  4.80            OX596073.1 80124314 80125021 (118372125)  C          Kuruka  Unspecified (118372125) 80124314 80125021
  535 35.36  3.99  2.29            OX596073.1 90018426 90019379 (108478119)  C          Kuruka  Unspecified (108478119) 90018426 90019379
 1665 35.29  3.21  2.43            OX596073.1 90888541 90889847 (107607299)  C          Kuruka  Unspecified (107607299) 90888541 90889847
  227 12.96  5.26  5.26            OX596073.1 90998440 90998496 (107498650)  C          Kuruka  Unspecified (107498650) 90998440 90998496
 1553 34.77  3.54  2.85            OX596073.1 91631177 91632363 (106864783)  C          Kuruka  Unspecified (106864783) 91631177 91632363
 1048 35.16  4.17  3.39            OX596073.1 91721822 91722757 (106774389)  C          Kuruka  Unspecified (106774389) 91721822 91722757
 1568 35.62  3.07  2.20            OX596073.1 92215544 92216717 (106280429)  C          Kuruka  Unspecified (106280429) 92215544 92216717
  244 21.79  8.97  0.00            OX596073.1 93239973 93240050 (105257096)  C          Kuruka  Unspecified (105257096) 93239973 93240050
  244 21.79  8.97  0.00            OX596073.1 93241544 93241621 (105255525)  C          Kuruka  Unspecified (105255525) 93241544 93241621
  276 35.00  0.71  0.71            OX596073.1 93783180 93783320 (104713826)  C          Kuruka  Unspecified (104713826) 93783180 93783320
  302 35.97  0.71  0.71            OX596073.1 94024633 94024772 (104472374)  C          Kuruka  Unspecified (104472374) 94024633 94024772
  347 37.69  0.38  0.38            OX596073.1 94025302 94025562 (104471584)  C          Kuruka  Unspecified (104471584) 94025302 94025562
  543 34.47  0.30  0.60            OX596073.1 94832281 94833416 (103664529)  C          Kuruka  Unspecified (103664529) 94832281 94833416
  558 33.11  3.54  3.87            OX596073.1 95363084 95363394 (103133752)  C          Kuruka  Unspecified (103133752) 95363084 95363394
  244 18.53  0.00  7.89            OX596073.1 103713319 103713400 (94783746)  C          Kuruka  Unspecified (94783746) 103713319 103713400
  283 33.39  6.32  3.75            OX596073.1 104963389 104963752 (93533394)  C          Kuruka  Unspecified (93533394) 104963389 104963752
  403 35.77  0.00  0.00            OX596073.1 107329494 107330538 (91167384)  C          Kuruka  Unspecified (91167384) 107329494 107330538
  601 37.46  1.42  1.60            OX596073.1 108723260 108724217 (89773324)  C          Kuruka  Unspecified (89773324) 108723260 108724217
  297 30.19  4.22  4.22            OX596073.1 109770449 109770614 (88726532)  C          Kuruka  Unspecified (88726532) 109770449 109770614
  442 34.05  3.96  3.96            OX596073.1 115052404 115053085 (83444061)  C          Kuruka  Unspecified (83444061) 115052404 115053085
  233 31.41 10.71  3.33            OX596073.1 117279763 117279930 (81217216)  C          Kuruka  Unspecified (81217216) 117279763 117279930
  238 39.59  0.81  0.81            OX596073.1 139515752 139515998 (58981148)  C          Kuruka  Unspecified (58981148) 139515752 139515998
  262 34.75  2.73  3.20            OX596073.1 140571537 140571756 (57925390)  C          Kuruka  Unspecified (57925390) 140571537 140571756
  506 29.74  5.02  3.29            OX596073.1 150445115 150445413 (48051733)  C          Kuruka  Unspecified (48051733) 150445115 150445413
  349 14.75  0.00  0.00            OX596073.1 150892150 150892210 (47604936)  C          Kuruka  Unspecified (47604936) 150892150 150892210
  635 36.40  2.96  3.12            OX596073.1 152503389 152504029 (45993117)  C          Kuruka  Unspecified (45993117) 152503389 152504029
  349 14.75  0.00  0.00            OX596073.1 160407855 160407915 (38089231)  C          Kuruka  Unspecified (38089231) 160407855 160407915
  267 33.03  0.00  0.00            OX596073.1 197266959 197267067 (1230079)  C          Kuruka  Unspecified (1230079) 197266959 197267067
  267 33.03  0.00  0.00            OX596073.1 198107304 198107412 (389734)  C          Kuruka  Unspecified (389734) 198107304 198107412
  262 37.46  4.55  5.75            OX596074.1 12145729 12146686 (141894828)  +          Kuruka  Unspecified (141894828) 12145729 12146686
 1662 34.55  3.67  2.93            OX596074.1 12151792 12152909 (141887911)  +          Kuruka  Unspecified (141887911) 12151792 12152909
  451 38.74  2.06  2.06            OX596074.1 29476960 29477494 (124563326)  +          Kuruka  Unspecified (124563326) 29476960 29477494
 1654 34.21  3.80  3.16            OX596074.1 31357461 31358749 (122682071)  +          Kuruka  Unspecified (122682071) 31357461 31358749
  508 38.65  1.04  1.25            OX596074.1 40082695 40083176 (113957644)  +          Kuruka  Unspecified (113957644) 40082695 40083176
  314 30.07  2.21  2.21            OX596074.1 40181951 40182086 (113858734)  +          Kuruka  Unspecified (113858734) 40181951 40182086
  408 33.31 10.14  3.96            OX596074.1 46070318 46070889 (107969931)  +          Kuruka  Unspecified (107969931) 46070318 46070889
  321 36.04  2.75  2.47            OX596074.1 47916206 47916693 (106124252)  +          Kuruka  Unspecified (106124252) 47916206 47916693
  277 32.84  6.09  6.09            OX596074.1 51684343 51684851 (102355969)  +          Kuruka  Unspecified (102355969) 51684343 51684851
  829 35.72  4.94  4.06            OX596074.1 52188412 52189584 (101851236)  +          Kuruka  Unspecified (101851236) 52188412 52189584
  528 37.26  1.86  2.05            OX596074.1 52756785 52757321 (101283499)  +          Kuruka  Unspecified (101283499) 52756785 52757321
 1621 34.24  3.88  3.24            OX596074.1 53365798 53367086 (100673734)  +          Kuruka  Unspecified (100673734) 53365798 53367086
  290 34.96  9.09  1.41            OX596074.1 53859393 53859656 (100181164)  +          Kuruka  Unspecified (100181164) 53859393 53859656
 2019 31.80  6.63  2.57            OX596074.1 53895598 53896759 (100144061)  +          Kuruka  Unspecified (100144061) 53895598 53896759
  337 35.08  3.47  3.80            OX596074.1 54235081 54235397 (99805423)  +          Kuruka  Unspecified (99805423) 54235081 54235397
  245 34.84  3.91  4.72            OX596074.1 54356191 54356446 (99684374)  +          Kuruka  Unspecified (99684374) 54356191 54356446
 1318 35.66  3.50  2.74            OX596074.1 54519949 54521035 (99519785)  +          Kuruka  Unspecified (99519785) 54519949 54521035
 1227 32.81  4.98  3.84            OX596074.1 54682371 54683194 (99357626)  +          Kuruka  Unspecified (99357626) 54682371 54683194
  290 38.23  2.96  3.12            OX596074.1 55718071 55718745 (98322075)  +          Kuruka  Unspecified (98322075) 55718071 55718745
 1652 34.24  3.88  3.24            OX596074.1 55915556 55916844 (98123976)  +          Kuruka  Unspecified (98123976) 55915556 55916844
  766 33.00  5.51  3.64            OX596074.1 56758364 56759253 (97281567)  +          Kuruka  Unspecified (97281567) 56758364 56759253
 2781 33.14  2.21  2.28            OX596074.1 56759686 56761090 (97279730)  +          Kuruka  Unspecified (97279730) 56759686 56761090
  340 32.62  4.13  5.00            OX596074.1 56895048 56895289 (97145531)  +          Kuruka  Unspecified (97145531) 56895048 56895289
  395 35.59  4.00  4.20            OX596074.1 56895500 56896024 (97144796)  +          Kuruka  Unspecified (97144796) 56895500 56896024
  896 36.96  3.64  2.76            OX596074.1 57528197 57529131 (96511689)  +          Kuruka  Unspecified (96511689) 57528197 57529131
  247 33.96  6.32  3.75            OX596074.1 58235314 58235677 (95805143)  +          Kuruka  Unspecified (95805143) 58235314 58235677
  262 34.75  2.73  3.20            OX596074.1 58257709 58257928 (95782892)  +          Kuruka  Unspecified (95782892) 58257709 58257928
 1199 36.03  3.43  2.57            OX596074.1 58619864 58620826 (95419994)  +          Kuruka  Unspecified (95419994) 58619864 58620826
  979 37.63  3.18  2.29            OX596074.1 58851118 58852156 (95188664)  +          Kuruka  Unspecified (95188664) 58851118 58852156
  484 34.91  5.44  5.61            OX596074.1 59082620 59083226 (94957594)  +          Kuruka  Unspecified (94957594) 59082620 59083226
  251 29.22  5.52  5.52            OX596074.1 60359757 60359919 (93680901)  +          Kuruka  Unspecified (93680901) 60359757 60359919
  253 34.73  3.69  3.31            OX596074.1 61272946 61273216 (92767604)  +          Kuruka  Unspecified (92767604) 61272946 61273216
 2204 32.77  3.64  2.17            OX596074.1 62190741 62191922 (91848898)  +          Kuruka  Unspecified (91848898) 62190741 62191922
  321 36.62  3.40  1.91            OX596074.1 63408671 63408876 (90631944)  +          Kuruka  Unspecified (90631944) 63408671 63408876
  300 34.28  4.80  4.80            OX596074.1 63686892 63687599 (90353221)  +          Kuruka  Unspecified (90353221) 63686892 63687599
 1396 34.43  4.23  2.36            OX596074.1 64079705 64080745 (89960075)  +          Kuruka  Unspecified (89960075) 64079705 64080745
  250 37.98  8.38  1.12            OX596074.1 64169782 64170729 (89870872)  +          Kuruka  Unspecified (89870872) 64169782 64170729
  243 34.16  1.95  3.16            OX596074.1 64453212 64454167 (89587353)  +          Kuruka  Unspecified (89587353) 64453212 64454167
 1549 34.23  3.96  3.35            OX596074.1 64936062 64937249 (89103571)  +          Kuruka  Unspecified (89103571) 64936062 64937249
  269 28.37  8.33  5.98            OX596074.1 65287153 65287332 (88753488)  +          Kuruka  Unspecified (88753488) 65287153 65287332
  583 33.85  8.25  2.65            OX596074.1 65578501 65579393 (88461641)  +          Kuruka  Unspecified (88461641) 65578501 65579393
  382 37.03  1.55  1.87            OX596074.1 65771099 65771420 (88269400)  +          Kuruka  Unspecified (88269400) 65771099 65771420
 1659 34.30  5.66  2.31            OX596074.1 66338045 66339175 (87701645)  +          Kuruka  Unspecified (87701645) 66338045 66339175
  611 35.48  3.93  0.95            OX596074.1 66420439 66420845 (87619975)  +          Kuruka  Unspecified (87619975) 66420439 66420845
  281 38.50  3.28  2.82            OX596074.1 68018236 68018906 (86021914)  +          Kuruka  Unspecified (86021914) 68018236 68018906
  566 35.97  3.61  3.12            OX596074.1 70807975 70808611 (83232209)  +          Kuruka  Unspecified (83232209) 70807975 70808611
  368 33.40  1.97  3.19            OX596074.1 72224875 72225492 (81815692)  +          Kuruka  Unspecified (81815692) 72224875 72225492
  541 35.66  3.46  3.46            OX596074.1 72520604 72521210 (81519610)  +          Kuruka  Unspecified (81519610) 72520604 72521210
  338 35.96 11.70  4.37            OX596074.1 76192320 76193248 (77848330)  +          Kuruka  Unspecified (77848330) 76192320 76193248
  235 23.64  0.00  0.00            OX596074.1 77243418 77243472 (76797348)  +          Kuruka  Unspecified (76797348) 77243418 77243472
  401 34.78  6.02  1.93            OX596074.1 81796728 81797026 (72243794)  +          Kuruka  Unspecified (72243794) 81796728 81797026
 1846 35.53  2.42  1.72            OX596074.1 81843724 81844880 (72195940)  +          Kuruka  Unspecified (72195940) 81843724 81844880
  303 34.85  0.00  0.65            OX596074.1 91297706 91297861 (62742959)  +          Kuruka  Unspecified (62742959) 91297706 91297861
  442 34.05  3.96  3.96            OX596074.1 109976501 109977182 (44063638)  +          Kuruka  Unspecified (44063638) 109976501 109977182
  278 22.54  2.74  2.74            OX596074.1 114955514 114955586 (39085234)  +          Kuruka  Unspecified (39085234) 114955514 114955586
  248 19.59  0.00  3.26            OX596074.1 138513045 138513139 (15527681)  +          Kuruka  Unspecified (15527681) 138513045 138513139
  240 28.24  2.30  2.30            OX596074.1   586190   586276 (153454544)  C          Kuruka  Unspecified (153454544)   586190   586276
  233 26.49  7.14  5.63            OX596074.1 42384234 42384373 (111656447)  C          Kuruka  Unspecified (111656447) 42384234 42384373
  277 33.58  0.70  1.42            OX596074.1 42392509 42392650 (111648170)  C          Kuruka  Unspecified (111648170) 42392509 42392650
  235 32.36  2.14  2.88            OX596074.1 45274061 45274200 (108766620)  C          Kuruka  Unspecified (108766620) 45274061 45274200
  814 35.50  6.62  2.84            OX596074.1 47454411 47455361 (106585459)  C          Kuruka  Unspecified (106585459) 47454411 47455361
  351 33.02 12.69  3.90            OX596074.1 51758642 51759161 (102281659)  C          Kuruka  Unspecified (102281659) 51758642 51759161
  565 30.94  5.68  2.13            OX596074.1 51761817 51762133 (102278687)  C          Kuruka  Unspecified (102278687) 51761817 51762133
  255 33.95  0.00  1.83            OX596074.1 52433535 52433645 (101607175)  C          Kuruka  Unspecified (101607175) 52433535 52433645
  963 36.28  3.60  2.82            OX596074.1 52441574 52442628 (101598192)  C          Kuruka  Unspecified (101598192) 52441574 52442628
  270 32.84  6.09  6.09            OX596074.1 52740363 52740871 (101299949)  C          Kuruka  Unspecified (101299949) 52740363 52740871
  270 36.42  2.45  2.09            OX596074.1 52755742 52756027 (101284793)  C          Kuruka  Unspecified (101284793) 52755742 52756027
  271 33.05  6.09  6.09            OX596074.1 53598319 53598827 (100441993)  C          Kuruka  Unspecified (100441993) 53598319 53598827
  271 33.05  6.09  6.09            OX596074.1 53604703 53605211 (100435609)  C          Kuruka  Unspecified (100435609) 53604703 53605211
  271 33.05  6.09  6.09            OX596074.1 53611087 53611595 (100429225)  C          Kuruka  Unspecified (100429225) 53611087 53611595
  944 31.30  2.74  1.08            OX596074.1 53900450 53900814 (100140006)  C          Kuruka  Unspecified (100140006) 53900450 53900814
 1595 34.83  3.67  2.93            OX596074.1 54027923 54029040 (100011780)  C          Kuruka  Unspecified (100011780) 54027923 54029040
  600 35.11  4.90  4.05            OX596074.1 54102516 54103617 (99937693)  C          Kuruka  Unspecified (99937693) 54102516 54103617
  542 32.17  3.37  3.69            OX596074.1 54249153 54249478 (99791342)  C          Kuruka  Unspecified (99791342) 54249153 54249478
  346 33.50  5.16  6.43            OX596074.1 54249888 54250139 (99790681)  C          Kuruka  Unspecified (99790681) 54249888 54250139
  244 31.25  1.74  2.63            OX596074.1 56576353 56576467 (97464353)  C          Kuruka  Unspecified (97464353) 56576353 56576467
  290 34.28  4.80  4.80            OX596074.1 56618801 56619508 (97421312)  C          Kuruka  Unspecified (97421312) 56618801 56619508
  377 33.47  4.04  4.43            OX596074.1 56703809 56704080 (97336740)  C          Kuruka  Unspecified (97336740) 56703809 56704080
  279 37.99  0.43  0.43            OX596074.1 56704559 56704788 (97336032)  C          Kuruka  Unspecified (97336032) 56704559 56704788
  276 35.00  0.71  0.71            OX596074.1 56846833 56846973 (97193847)  C          Kuruka  Unspecified (97193847) 56846833 56846973
  247 37.14  2.39  2.39            OX596074.1 56847694 56847944 (97192876)  C          Kuruka  Unspecified (97192876) 56847694 56847944
  541 32.41  5.96  1.91            OX596074.1 58006340 58006641 (96034179)  C          Kuruka  Unspecified (96034179) 58006340 58006641
  518 35.09  2.29  2.29            OX596074.1 58007169 58007518 (96033302)  C          Kuruka  Unspecified (96033302) 58007169 58007518
  541 32.41  5.96  1.91            OX596074.1 58013856 58014157 (96026663)  C          Kuruka  Unspecified (96026663) 58013856 58014157
  518 35.09  2.29  2.29            OX596074.1 58014685 58015034 (96025786)  C          Kuruka  Unspecified (96025786) 58014685 58015034
  652 35.63  2.93  3.10            OX596074.1 59299702 59300315 (94740505)  C          Kuruka  Unspecified (94740505) 59299702 59300315
  620 34.80  2.93  3.10            OX596074.1 59499437 59500556 (94540770)  C          Kuruka  Unspecified (94540770) 59499437 59500556
  229 36.16  2.26  2.26            OX596074.1 60038526 60038791 (94002029)  C          Kuruka  Unspecified (94002029) 60038526 60038791
  286 35.25  3.17  2.09            OX596074.1 60345181 60345464 (93695356)  C          Kuruka  Unspecified (93695356) 60345181 60345464
  259 28.81  4.07  4.07            OX596074.1 60345763 60345885 (93694935)  C          Kuruka  Unspecified (93694935) 60345763 60345885
  943 36.18  3.35  2.88            OX596074.1 60702679 60703543 (93337277)  C          Kuruka  Unspecified (93337277) 60702679 60703543
  583 32.84  1.09  1.09            OX596074.1 60715191 60715464 (93325356)  C          Kuruka  Unspecified (93325356) 60715191 60715464
  595 35.53  2.33  2.33            OX596074.1 60941254 60942226 (93099181)  C          Kuruka  Unspecified (93099181) 60941254 60942226
  351 31.79  4.44  4.44            OX596074.1 61353040 61353332 (92687488)  C          Kuruka  Unspecified (92687488) 61353040 61353332
  308 38.25  1.57  1.57            OX596074.1 62404492 62404746 (91636074)  C          Kuruka  Unspecified (91636074) 62404492 62404746
 1373 34.34  1.61  1.72            OX596074.1 62406288 62407618 (91633604)  C          Kuruka  Unspecified (91633604) 62406288 62407618
 1229 33.39  4.25  1.93            OX596074.1 62408344 62409308 (91631512)  C          Kuruka  Unspecified (91631512) 62408344 62409308
 1568 34.40  3.88  3.16            OX596074.1 62616563 62617850 (91422970)  C          Kuruka  Unspecified (91422970) 62616563 62617850
 1597 34.37  3.80  3.16            OX596074.1 62625046 62626334 (91414486)  C          Kuruka  Unspecified (91414486) 62625046 62626334
 1582 34.45  3.80  3.16            OX596074.1 62633145 62634433 (91406387)  C          Kuruka  Unspecified (91406387) 62633145 62634433
  516 35.09  2.29  2.29            OX596074.1 63379712 63380061 (90660759)  C          Kuruka  Unspecified (90660759) 63379712 63380061
  251 28.84  3.45  4.35            OX596074.1 63392666 63392781 (90648039)  C          Kuruka  Unspecified (90648039) 63392666 63392781
  352 37.35  1.78  1.78            OX596074.1 64050022 64050359 (89990461)  C          Kuruka  Unspecified (89990461) 64050022 64050359
  437 29.04  4.10  4.64            OX596074.1 64223031 64223225 (89817595)  C          Kuruka  Unspecified (89817595) 64223031 64223225
  235 32.36  2.14  2.88            OX596074.1 64688550 64688689 (89352131)  C          Kuruka  Unspecified (89352131) 64688550 64688689
 1471 33.56  3.97  3.25            OX596074.1 64929231 64930237 (89110583)  C          Kuruka  Unspecified (89110583) 64929231 64930237
 1577 34.14  3.96  3.35            OX596074.1 64940576 64941763 (89099057)  C          Kuruka  Unspecified (89099057) 64940576 64941763
 1109 33.30  6.73  4.01            OX596074.1 65660788 65661857 (88378963)  C          Kuruka  Unspecified (88378963) 65660788 65661857
  352 35.33  2.15  2.47            OX596074.1 65730476 65730800 (88310020)  C          Kuruka  Unspecified (88310020) 65730476 65730800
  319 34.13  4.80  4.80            OX596074.1 66110784 66111491 (87929329)  C          Kuruka  Unspecified (87929329) 66110784 66111491
  920 32.89  4.45  2.62            OX596074.1 66292257 66292818 (87748002)  C          Kuruka  Unspecified (87748002) 66292257 66292818
  298 36.61  4.39  4.39            OX596074.1 66436925 66438185 (87603463)  C          Kuruka  Unspecified (87603463) 66436925 66438185
 1521 34.79  3.89  2.93            OX596074.1 66708126 66709410 (87331410)  C          Kuruka  Unspecified (87331410) 66708126 66709410
  611 30.63  4.46  4.95            OX596074.1 67007816 67008241 (87032579)  C          Kuruka  Unspecified (87032579) 67007816 67008241
  323 34.42  4.80  4.80            OX596074.1 68291569 68292276 (85748544)  C          Kuruka  Unspecified (85748544) 68291569 68292276
  963 34.66  1.70  2.22            OX596074.1 69349548 69350648 (84690684)  C          Kuruka  Unspecified (84690684) 69349548 69350648
  527 34.38  3.42  3.59            OX596074.1 73560009 73561128 (80480198)  C          Kuruka  Unspecified (80480198) 73560009 73561128
  256 33.33  2.52  1.88            OX596074.1 79291068 79291226 (74749594)  C          Kuruka  Unspecified (74749594) 79291068 79291226
  440 34.05  3.96  3.96            OX596074.1 150514631 150515312 (3525508)  C          Kuruka  Unspecified (3525508) 150514631 150515312
  349 14.75  0.00  0.00            OX596075.1  9338236  9338296 (130668478)  +          Kuruka  Unspecified (130668478)  9338236  9338296
  246 37.35  4.55  5.75            OX596075.1 18767480 18768434 (121239031)  +          Kuruka  Unspecified (121239031) 18767480 18768434
  262 37.46  4.55  5.75            OX596075.1 18803558 18804515 (121202953)  +          Kuruka  Unspecified (121202953) 18803558 18804515
  442 34.05  3.96  3.96            OX596075.1 20315169 20315850 (119690924)  +          Kuruka  Unspecified (119690924) 20315169 20315850
  245 33.96  6.32  3.75            OX596075.1 24011898 24012261 (115994513)  +          Kuruka  Unspecified (115994513) 24011898 24012261
  393 36.07  5.48  0.00            OX596075.1 32772871 32773089 (107233685)  +          Kuruka  Unspecified (107233685) 32772871 32773089
 1842 35.42  2.59  1.89            OX596075.1 33685189 33686345 (106320429)  +          Kuruka  Unspecified (106320429) 33685189 33686345
  943 32.52  4.00  3.42            OX596075.1 34505123 34506023 (105500751)  +          Kuruka  Unspecified (105500751) 34505123 34506023
 2779 33.22  2.21  2.28            OX596075.1 34506456 34507860 (105498914)  +          Kuruka  Unspecified (105498914) 34506456 34507860
  442 34.05  3.96  3.96            OX596075.1 34724788 34725469 (105281305)  +          Kuruka  Unspecified (105281305) 34724788 34725469
  276 37.22  3.48  4.05            OX596075.1 35555091 35555636 (104451138)  +          Kuruka  Unspecified (104451138) 35555091 35555636
  240 36.67  0.00  0.00            OX596075.1 37201885 37202004 (102804770)  +          Kuruka  Unspecified (102804770) 37201885 37202004
 1643 34.13  3.80  3.16            OX596075.1 45300493 45301781 (94704993)  +          Kuruka  Unspecified (94704993) 45300493 45301781
  356 30.00  8.82  4.50            OX596075.1 47747722 47748084 (92258690)  +          Kuruka  Unspecified (92258690) 47747722 47748084
  262 28.81  7.33  4.64            OX596075.1 48633334 48633606 (91373168)  +          Kuruka  Unspecified (91373168) 48633334 48633606
  514 31.63  8.50  1.84            OX596075.1 49218383 49218688 (90788086)  +          Kuruka  Unspecified (90788086) 49218383 49218688
  685 32.55  1.32  1.32            OX596075.1 49218898 49219199 (90787575)  +          Kuruka  Unspecified (90787575) 49218898 49219199
  874 35.95  4.08  3.22            OX596075.1 49796919 49797996 (90208778)  +          Kuruka  Unspecified (90208778) 49796919 49797996
  334 28.67  3.23  3.23            OX596075.1 49952594 49952748 (90054026)  +          Kuruka  Unspecified (90054026) 49952594 49952748
 1661 34.21  3.80  3.16            OX596075.1 51093151 51094439 (88912335)  +          Kuruka  Unspecified (88912335) 51093151 51094439
 1643 34.21  3.80  3.16            OX596075.1 51104631 51105919 (88900855)  +          Kuruka  Unspecified (88900855) 51104631 51105919
  270 32.61  4.17  4.17            OX596075.1 51272017 51272304 (88734470)  +          Kuruka  Unspecified (88734470) 51272017 51272304
  360 23.47  4.96  4.96            OX596075.1 51963463 51963583 (88043191)  +          Kuruka  Unspecified (88043191) 51963463 51963583
  276 35.00  0.71  0.71            OX596075.1 53119178 53119318 (86887456)  +          Kuruka  Unspecified (86887456) 53119178 53119318
  356 36.80  2.44  3.07            OX596075.1 54021843 54022170 (85984604)  +          Kuruka  Unspecified (85984604) 54021843 54022170
  235 32.36  2.14  2.88            OX596075.1 54114832 54114971 (85891803)  +          Kuruka  Unspecified (85891803) 54114832 54114971
  584 33.76  2.71  2.96            OX596075.1 54119136 54119541 (85887233)  +          Kuruka  Unspecified (85887233) 54119136 54119541
  278 22.54  2.74  2.74            OX596075.1 55802709 55802781 (84203993)  +          Kuruka  Unspecified (84203993) 55802709 55802781
  267 33.03  0.00  0.00            OX596075.1 56845895 56846003 (83160771)  +          Kuruka  Unspecified (83160771) 56845895 56846003
  501 37.10  5.74  0.86            OX596075.1 57180836 57182150 (82825608)  +          Kuruka  Unspecified (82825608) 57180836 57182150
  388 38.39  0.44  0.44            OX596075.1 60813152 60813376 (79193398)  +          Kuruka  Unspecified (79193398) 60813152 60813376
 1688 34.05  3.80  3.16            OX596075.1 67014369 67015657 (72991117)  +          Kuruka  Unspecified (72991117) 67014369 67015657
  274 29.91  6.28  6.28            OX596075.1 70190254 70190492 (69816282)  +          Kuruka  Unspecified (69816282) 70190254 70190492
  226 14.28  1.41  1.41            OX596075.1 72700963 72701033 (67305741)  +          Kuruka  Unspecified (67305741) 72700963 72701033
 1343 35.76  3.25  2.72            OX596075.1 76365679 76366848 (63639926)  +          Kuruka  Unspecified (63639926) 76365679 76366848
  263 35.83  0.00  0.00            OX596075.1 84351960 84352079 (55654695)  +          Kuruka  Unspecified (55654695) 84351960 84352079
 1661 34.55  3.67  2.93            OX596075.1 102863971 102865088 (37141686)  +          Kuruka  Unspecified (37141686) 102863971 102865088
  631 37.39  2.14  2.31            OX596075.1 12729727 12730728 (127276441)  C          Kuruka  Unspecified (127276441) 12729727 12730728
 1279 33.71  4.31  3.52            OX596075.1 33067474 33068841 (106938257)  C          Kuruka  Unspecified (106938257) 33067474 33068841
  411 39.13  2.06  2.06            OX596075.1 34026722 34027256 (105979518)  C          Kuruka  Unspecified (105979518) 34026722 34027256
  233 31.41 10.71  3.33            OX596075.1 34027504 34027671 (105979103)  C          Kuruka  Unspecified (105979103) 34027504 34027671
  248 33.73  0.00  0.00            OX596075.1 38425510 38425592 (101581182)  C          Kuruka  Unspecified (101581182) 38425510 38425592
 1673 33.97  4.04  3.32            OX596075.1 44761686 44762973 (95243801)  C          Kuruka  Unspecified (95243801) 44761686 44762973
  240 35.38  4.58  3.48            OX596075.1 45378052 45378335 (94628439)  C          Kuruka  Unspecified (94628439) 45378052 45378335
  262 28.97  4.61  4.61            OX596075.1 45378591 45378742 (94628032)  C          Kuruka  Unspecified (94628032) 45378591 45378742
  338 34.35  2.97  2.97            OX596075.1 45742332 45742634 (94264140)  C          Kuruka  Unspecified (94264140) 45742332 45742634
 1032 35.04  2.77  2.10            OX596075.1 49422345 49423427 (90583673)  C          Kuruka  Unspecified (90583673) 49422345 49423427
 1347 35.76  3.25  2.72            OX596075.1 50261763 50262932 (89743842)  C          Kuruka  Unspecified (89743842) 50261763 50262932
  435 37.15  1.03  1.03            OX596075.1 51660302 51660592 (88346182)  C          Kuruka  Unspecified (88346182) 51660302 51660592
  255 21.15  0.00  0.00            OX596075.1 51872786 51872837 (88133937)  C          Kuruka  Unspecified (88133937) 51872786 51872837
  459 32.03  2.43  2.43            OX596075.1 52664259 52664546 (87342228)  C          Kuruka  Unspecified (87342228) 52664259 52664546
  391 33.59  1.89  1.12            OX596075.1 52957979 52958243 (87048531)  C          Kuruka  Unspecified (87048531) 52957979 52958243
  572 36.56  2.58  2.36            OX596075.1 53804932 53805396 (86201378)  C          Kuruka  Unspecified (86201378) 53804932 53805396
  281 31.19  0.91  0.91            OX596075.1 53806459 53806568 (86200206)  C          Kuruka  Unspecified (86200206) 53806459 53806568
  246 35.44  1.86  1.86            OX596075.1 53807827 53807987 (86198787)  C          Kuruka  Unspecified (86198787) 53807827 53807987
  328 34.19  0.00  0.65            OX596075.1 55014583 55014738 (84992036)  C          Kuruka  Unspecified (84992036) 55014583 55014738
  256 34.58  3.11  1.22            OX596075.1 55015206 55015366 (84991408)  C          Kuruka  Unspecified (84991408) 55015206 55015366
  282 34.17  1.83  1.83            OX596075.1 55814567 55814730 (84192044)  C          Kuruka  Unspecified (84192044) 55814567 55814730
  666 35.60  3.94  3.12            OX596075.1 56069216 56069850 (83936924)  C          Kuruka  Unspecified (83936924) 56069216 56069850
 1197 34.75  4.23  3.40            OX596075.1 56745187 56746178 (83260596)  C          Kuruka  Unspecified (83260596) 56745187 56746178
  322 32.40  2.19  2.19            OX596075.1 56746879 56747061 (83259713)  C          Kuruka  Unspecified (83259713) 56746879 56747061
  488 37.64  3.03  0.91            OX596075.1 60258691 60259119 (79747655)  C          Kuruka  Unspecified (79747655) 60258691 60259119
  278 22.54  2.74  2.74            OX596075.1 60901390 60901462 (79105312)  C          Kuruka  Unspecified (79105312) 60901390 60901462
 1675 34.13  3.80  3.16            OX596075.1 74046446 74047734 (65959040)  C          Kuruka  Unspecified (65959040) 74046446 74047734
  310 30.19  4.22  4.22            OX596075.1 86240578 86240743 (53766031)  C          Kuruka  Unspecified (53766031) 86240578 86240743
  362 36.89  3.92  3.92            OX596075.1 92019312 92019974 (47986800)  C          Kuruka  Unspecified (47986800) 92019312 92019974
  493 34.68  5.44  5.61            OX596075.1 112329667 112330668 (27676501)  C          Kuruka  Unspecified (27676501) 112329667 112330668
 1689 34.05  3.80  3.16            OX596076.1 11750972 11752260 (124311221)  +          Kuruka  Unspecified (124311221) 11750972 11752260
  234 33.73  6.07  6.91            OX596076.1 14257130 14257508 (121805973)  +          Kuruka  Unspecified (121805973) 14257130 14257508
  338 34.11  2.78  2.78            OX596076.1 23069158 23070085 (112994144)  +          Kuruka  Unspecified (112994144) 23069158 23070085
  338 34.11  2.78  2.78            OX596076.1 23076810 23077737 (112986492)  +          Kuruka  Unspecified (112986492) 23076810 23077737
  727 32.77  6.34  5.20            OX596076.1 27403357 27404003 (108659478)  +          Kuruka  Unspecified (108659478) 27403357 27404003
  373 35.24  4.07  3.31            OX596076.1 27569607 27569876 (108493605)  +          Kuruka  Unspecified (108493605) 27569607 27569876
  378 36.33  2.68  3.03            OX596076.1 27579542 27579839 (108483642)  +          Kuruka  Unspecified (108483642) 27579542 27579839
  614 35.82  7.08  1.56            OX596076.1 29139354 29139960 (106923521)  +          Kuruka  Unspecified (106923521) 29139354 29139960
 1670 34.13  3.80  3.16            OX596076.1 34675972 34677260 (101386221)  +          Kuruka  Unspecified (101386221) 34675972 34677260
  267 36.66  1.32  0.66            OX596076.1 35004700 35004850 (101058631)  +          Kuruka  Unspecified (101058631) 35004700 35004850
  321 33.59  8.23  0.77            OX596076.1 35130422 35130664 (100932817)  +          Kuruka  Unspecified (100932817) 35130422 35130664
  387 31.41  2.50  2.50            OX596076.1 35131222 35131381 (100932100)  +          Kuruka  Unspecified (100932100) 35131222 35131381
  251 36.94  7.64  0.00            OX596076.1 36483906 36484062 (99579419)  +          Kuruka  Unspecified (99579419) 36483906 36484062
  344 39.06  1.69  2.35            OX596076.1 36484347 36484818 (99578663)  +          Kuruka  Unspecified (99578663) 36484347 36484818
  237 34.41  5.59  5.38            OX596076.1 36745278 36745796 (99317685)  +          Kuruka  Unspecified (99317685) 36745278 36745796
  268 22.54  2.74  2.74            OX596076.1 36849650 36849722 (99213759)  +          Kuruka  Unspecified (99213759) 36849650 36849722
  315 36.66  1.66  3.03            OX596076.1 37665911 37666211 (98397270)  +          Kuruka  Unspecified (98397270) 37665911 37666211
  233 33.38  1.92  4.95            OX596076.1 37666543 37666750 (98396731)  +          Kuruka  Unspecified (98396731) 37666543 37666750
  434 31.17  3.57  4.04            OX596076.1 38497710 38497933 (97565548)  +          Kuruka  Unspecified (97565548) 38497710 38497933
  359 32.96  2.19  2.19            OX596076.1 38651930 38652112 (97411369)  +          Kuruka  Unspecified (97411369) 38651930 38652112
  311 34.59  4.58  4.58            OX596076.1 38654093 38654398 (97409083)  +          Kuruka  Unspecified (97409083) 38654093 38654398
  235 32.36  2.14  2.88            OX596076.1 38851302 38851441 (97212040)  +          Kuruka  Unspecified (97212040) 38851302 38851441
  368 34.40  1.97  3.19            OX596076.1 47782917 47783918 (88280311)  +          Kuruka  Unspecified (88280311) 47782917 47783918
 1643 34.21  3.80  3.16            OX596076.1 48089544 48090832 (87972649)  +          Kuruka  Unspecified (87972649) 48089544 48090832
  234 33.73  6.07  6.91            OX596076.1 50578320 50578698 (85484783)  +          Kuruka  Unspecified (85484783) 50578320 50578698
  252 30.49  6.30  6.30            OX596076.1 51820869 51821106 (84242375)  +          Kuruka  Unspecified (84242375) 51820869 51821106
  359 34.35  4.41  4.11            OX596076.1 62741492 62742171 (73321310)  +          Kuruka  Unspecified (73321310) 62741492 62742171
  442 34.05  3.96  3.96            OX596076.1 71565615 71566296 (64497185)  +          Kuruka  Unspecified (64497185) 71565615 71566296
 1391 33.83  2.06  1.85            OX596076.1 72288096 72289068 (63774413)  +          Kuruka  Unspecified (63774413) 72288096 72289068
 2032 34.24  3.95  3.06            OX596076.1 72289306 72290697 (63772784)  +          Kuruka  Unspecified (63772784) 72289306 72290697
  321 37.84  1.57  1.57            OX596076.1 72292225 72292479 (63771002)  +          Kuruka  Unspecified (63771002) 72292225 72292479
  423 39.13  2.06  2.06            OX596076.1 76745196 76745730 (59317751)  +          Kuruka  Unspecified (59317751) 76745196 76745730
  306 34.27  4.81  4.66            OX596076.1 88032185 88032891 (48030590)  +          Kuruka  Unspecified (48030590) 88032185 88032891
  243 11.39  3.75  1.22            OX596076.1 96856951 96857030 (39206451)  +          Kuruka  Unspecified (39206451) 96856951 96857030
 1667 34.13  3.80  3.16            OX596076.1 100685926 100687214 (35376267)  +          Kuruka  Unspecified (35376267) 100685926 100687214
  349 14.75  0.00  0.00            OX596076.1 103255487 103255547 (32807934)  +          Kuruka  Unspecified (32807934) 103255487 103255547
  482 30.15  5.08  3.33            OX596076.1 103393810 103394104 (32669377)  +          Kuruka  Unspecified (32669377) 103393810 103394104
  275 34.28  2.73  3.20            OX596076.1   115437   115656 (135947825)  C          Kuruka  Unspecified (135947825)   115437   115656
 1653 34.21  3.80  3.16            OX596076.1 14467222 14468510 (121594971)  C          Kuruka  Unspecified (121594971) 14467222 14468510
  395 36.67  3.77  3.77            OX596076.1 23159012 23159674 (112903807)  C          Kuruka  Unspecified (112903807) 23159012 23159674
  277 32.84  6.09  6.09            OX596076.1 25055183 25055691 (111007790)  C          Kuruka  Unspecified (111007790) 25055183 25055691
 1667 34.13  3.80  3.16            OX596076.1 25065901 25067189 (110996292)  C          Kuruka  Unspecified (110996292) 25065901 25067189
  332 34.48  3.09  8.30            OX596076.1 27717606 27717896 (108345585)  C          Kuruka  Unspecified (108345585) 27717606 27717896
 1127 30.77  2.17  2.38            OX596076.1 28864653 28865158 (107198323)  C          Kuruka  Unspecified (107198323) 28864653 28865158
  459 29.10  2.79  2.79            OX596076.1 28865449 28865699 (107197782)  C          Kuruka  Unspecified (107197782) 28865449 28865699
  280 23.73  8.74  1.82            OX596076.1 34208682 34208784 (101854697)  C          Kuruka  Unspecified (101854697) 34208682 34208784
  958 36.71  3.71  3.04            OX596076.1 34879839 34880754 (101182727)  C          Kuruka  Unspecified (101182727) 34879839 34880754
  369 32.05  2.50  2.50            OX596076.1 35326131 35326290 (100737191)  C          Kuruka  Unspecified (100737191) 35326131 35326290
  365 35.85  4.07  4.07            OX596076.1 36700106 36700768 (99362713)  C          Kuruka  Unspecified (99362713) 36700106 36700768
  237 34.41  5.59  5.38            OX596076.1 36738010 36738528 (99324953)  C          Kuruka  Unspecified (99324953) 36738010 36738528
  235 32.36  2.14  2.88            OX596076.1 36783126 36783265 (99280216)  C          Kuruka  Unspecified (99280216) 36783126 36783265
  238 25.70  8.65  2.73            OX596076.1 37778874 37778977 (98284504)  C          Kuruka  Unspecified (98284504) 37778874 37778977
  250 22.35  4.49  4.49            OX596076.1 38207508 38207596 (97855885)  C          Kuruka  Unspecified (97855885) 38207508 38207596
  560 33.52  7.65  3.26            OX596076.1 44482088 44483181 (91580806)  C          Kuruka  Unspecified (91580806) 44482088 44483181
  363 35.90  7.25  0.00            OX596076.1 45291935 45292786 (90771409)  C          Kuruka  Unspecified (90771409) 45291935 45292786
  442 34.05  3.96  3.96            OX596076.1 50481499 50482180 (85581301)  C          Kuruka  Unspecified (85581301) 50481499 50482180
  328 34.19  0.00  0.65            OX596076.1 54468577 54468732 (81594749)  C          Kuruka  Unspecified (81594749) 54468577 54468732
  303 33.54  1.83  1.83            OX596076.1 54469200 54469363 (81594118)  C          Kuruka  Unspecified (81594118) 54469200 54469363
  481 28.49  6.69  4.93            OX596076.1 54559557 54559855 (81503626)  C          Kuruka  Unspecified (81503626) 54559557 54559855
  263 35.83  0.00  0.00            OX596076.1 99504238 99504357 (36559124)  C          Kuruka  Unspecified (36559124) 99504238 99504357
  255 29.45  0.00  3.92            OX596076.1 101743070 101743175 (34320306)  C          Kuruka  Unspecified (34320306) 101743070 101743175
  257 39.19  0.81  0.81            OX596076.1 103309964 103310210 (32753271)  C          Kuruka  Unspecified (32753271) 103309964 103310210
 1674 33.99  3.88  3.16            OX596076.1 103463638 103464925 (32598556)  C          Kuruka  Unspecified (32598556) 103463638 103464925
  436 38.93  2.06  2.06            OX596076.1 117855457 117855991 (18207490)  C          Kuruka  Unspecified (18207490) 117855457 117855991
  233 31.41 10.71  3.33            OX596076.1 117856239 117856406 (18207075)  C          Kuruka  Unspecified (18207075) 117856239 117856406
  290 34.17  1.83  1.83            OX596077.1  1656995  1657158 (132941481)  +          Kuruka  Unspecified (132941481)  1656995  1657158
  328 34.19  0.00  0.65            OX596077.1  1657626  1657781 (132940858)  +          Kuruka  Unspecified (132940858)  1657626  1657781
  307 34.28  4.80  4.80            OX596077.1  4494960  4495667 (130102972)  +          Kuruka  Unspecified (130102972)  4494960  4495667
 1681 34.05  3.80  3.16            OX596077.1  9672427  9673715 (124924924)  +          Kuruka  Unspecified (124924924)  9672427  9673715
  226  8.70  4.35  0.00            OX596077.1 33481065 33481110 (101117529)  +          Kuruka  Unspecified (101117529) 33481065 33481110
  230 34.94  0.00  0.00            OX596077.1 53724419 53724501 (80874138)  +          Kuruka  Unspecified (80874138) 53724419 53724501
  233 37.72  4.55  5.75            OX596077.1 54916974 54917931 (79681402)  +          Kuruka  Unspecified (79681402) 54916974 54917931
 1311 35.53  3.33  2.81            OX596077.1 55278032 55279201 (79319438)  +          Kuruka  Unspecified (79319438) 55278032 55279201
  459 33.28  4.40  4.40            OX596077.1 67158461 67159142 (67439497)  +          Kuruka  Unspecified (67439497) 67158461 67159142
  258 29.69 13.13  1.36            OX596077.1 70468787 70468984 (64129655)  +          Kuruka  Unspecified (64129655) 70468787 70468984
  257 39.19  0.81  0.81            OX596077.1 70521139 70521385 (64077254)  +          Kuruka  Unspecified (64077254) 70521139 70521385
  303 36.20  2.03  2.03            OX596077.1 71759808 71760103 (62838536)  +          Kuruka  Unspecified (62838536) 71759808 71760103
 1638 34.15  4.37  3.16            OX596077.1 72848172 72849453 (61749186)  +          Kuruka  Unspecified (61749186) 72848172 72849453
  309 35.03  7.34  0.00            OX596077.1 73293835 73294011 (61304628)  +          Kuruka  Unspecified (61304628) 73293835 73294011
  327 34.17  3.33  4.38            OX596077.1 73549651 73549950 (61048689)  +          Kuruka  Unspecified (61048689) 73549651 73549950
  339 19.58  4.12  5.21            OX596077.1 75404852 75404948 (59193691)  +          Kuruka  Unspecified (59193691) 75404852 75404948
 1143 34.68  4.66  3.40            OX596077.1 76131975 76132962 (58465677)  +          Kuruka  Unspecified (58465677) 76131975 76132962
 1030 35.04  6.39  3.30            OX596077.1 76140688 76141658 (58456981)  +          Kuruka  Unspecified (58456981) 76140688 76141658
 1030 35.04  6.39  3.30            OX596077.1 76149386 76150356 (58448283)  +          Kuruka  Unspecified (58448283) 76149386 76150356
 1048 34.99  4.65  3.50            OX596077.1 76158099 76159087 (58439552)  +          Kuruka  Unspecified (58439552) 76158099 76159087
  262 34.39  1.89  1.25            OX596077.1 76311482 76311640 (58286999)  +          Kuruka  Unspecified (58286999) 76311482 76311640
 2192 33.94  3.96  2.92            OX596077.1 76787881 76789270 (57809369)  +          Kuruka  Unspecified (57809369) 76787881 76789270
  288 31.54  1.97  1.97            OX596077.1 77191125 77191276 (57407363)  +          Kuruka  Unspecified (57407363) 77191125 77191276
  271 37.28  1.76  1.76            OX596077.1 77191546 77191829 (57406810)  +          Kuruka  Unspecified (57406810) 77191546 77191829
  355 34.70  3.37  3.66            OX596077.1 79220063 79220418 (55378221)  +          Kuruka  Unspecified (55378221) 79220063 79220418
  577 31.36  1.30  1.30            OX596077.1 79306304 79307010 (55292106)  +          Kuruka  Unspecified (55292106) 79306304 79307010
  260 35.71  0.71  0.71            OX596077.1 80101177 80101317 (54497322)  +          Kuruka  Unspecified (54497322) 80101177 80101317
  339 33.84  4.56  4.35            OX596077.1 85361886 85362367 (49236272)  +          Kuruka  Unspecified (49236272) 85361886 85362367
 1895 35.18  2.42  1.72            OX596077.1 89188669 89189825 (45408814)  +          Kuruka  Unspecified (45408814) 89188669 89189825
  271 35.47  1.15  1.15            OX596077.1 89418029 89418202 (45180437)  +          Kuruka  Unspecified (45180437) 89418029 89418202
  300 36.44  1.60  1.20            OX596077.1 98646353 98646602 (35952037)  +          Kuruka  Unspecified (35952037) 98646353 98646602
  321 27.08  0.00  1.04            OX596077.1 98647007 98647103 (35951536)  +          Kuruka  Unspecified (35951536) 98647007 98647103
  442 34.05  3.96  3.96            OX596077.1 106823506 106824187 (27774452)  +          Kuruka  Unspecified (27774452) 106823506 106824187
  421 36.42  3.92  3.92            OX596077.1 111265051 111265713 (23332926)  +          Kuruka  Unspecified (23332926) 111265051 111265713
  263 35.83  0.00  0.00            OX596077.1 130949738 130949857 (3648782)  +          Kuruka  Unspecified (3648782) 130949738 130949857
  336 35.75  1.57  1.98            OX596077.1   254267   254520 (134344119)  C          Kuruka  Unspecified (134344119)   254267   254520
  471 34.29  4.99  3.20            OX596077.1   325218   325678 (134272961)  C          Kuruka  Unspecified (134272961)   325218   325678
 1567 35.53  3.07  2.20            OX596077.1   591513   592686 (134005953)  C          Kuruka  Unspecified (134005953)   591513   592686
  263 35.83  0.00  0.00            OX596077.1  4774134  4774253 (129824386)  C          Kuruka  Unspecified (129824386)  4774134  4774253
  349 14.75  0.00  0.00            OX596077.1 30358404 30358464 (104240175)  C          Kuruka  Unspecified (104240175) 30358404 30358464
  490 30.09  5.02  3.29            OX596077.1 49430162 49430460 (85168179)  C          Kuruka  Unspecified (85168179) 49430162 49430460
  651 35.71  1.27  1.53            OX596077.1 55118360 55119393 (79479886)  C          Kuruka  Unspecified (79479886) 55118360 55119393
 1652 34.21  3.80  3.16            OX596077.1 66972712 66974000 (67624639)  C          Kuruka  Unspecified (67624639) 66972712 66974000
  252 21.69  4.60  4.60            OX596077.1 71222821 71222907 (63375732)  C          Kuruka  Unspecified (63375732) 71222821 71222907
  290 34.42  0.00  0.00            OX596077.1 73469867 73470376 (61128607)  C          Kuruka  Unspecified (61128607) 73469867 73470376
  275 34.44  3.91  4.72            OX596077.1 74483576 74483831 (60114808)  C          Kuruka  Unspecified (60114808) 74483576 74483831
  465 30.43  5.02  3.29            OX596077.1 75500396 75500694 (59097945)  C          Kuruka  Unspecified (59097945) 75500396 75500694
  321 34.72  7.01  4.98            OX596077.1 75727907 75728576 (58870063)  C          Kuruka  Unspecified (58870063) 75727907 75728576
  324 21.49  3.60  3.60            OX596077.1 77067170 77067280 (57531359)  C          Kuruka  Unspecified (57531359) 77067170 77067280
  506 36.49  2.80  3.06            OX596077.1 77258865 77259257 (57339382)  C          Kuruka  Unspecified (57339382) 77258865 77259257
  311 33.97  2.50  2.50            OX596077.1 77349651 77349810 (57248829)  C          Kuruka  Unspecified (57248829) 77349651 77349810
  442 34.36  2.63  2.63            OX596077.1 77350291 77350556 (57248083)  C          Kuruka  Unspecified (57248083) 77350291 77350556
  263 36.67  2.31  2.79            OX596077.1 78246288 78246503 (56352136)  C          Kuruka  Unspecified (56352136) 78246288 78246503
 1639 34.28  3.80  3.16            OX596077.1 78882259 78883547 (55715092)  C          Kuruka  Unspecified (55715092) 78882259 78883547
  484 34.04  2.90  3.24            OX596077.1 79551796 79552907 (55046534)  C          Kuruka  Unspecified (55046534) 79551796 79552907
  484 34.04  2.90  3.24            OX596077.1 79573076 79574187 (55025254)  C          Kuruka  Unspecified (55025254) 79573076 79574187
 1526 33.83  5.60  2.39            OX596077.1 80584877 80585930 (54012709)  C          Kuruka  Unspecified (54012709) 80584877 80585930
  490 30.09  5.02  3.29            OX596077.1 82146614 82146912 (52451727)  C          Kuruka  Unspecified (52451727) 82146614 82146912
  573 34.12  2.43  2.68            OX596077.1 82515382 82516253 (52082846)  C          Kuruka  Unspecified (52082846) 82515382 82516253
 1073 34.40  6.22  3.71            OX596077.1 85861088 85862325 (48736314)  C          Kuruka  Unspecified (48736314) 85861088 85862325
  399 39.31  2.06  2.06            OX596077.1 90666998 90667532 (43931107)  C          Kuruka  Unspecified (43931107) 90666998 90667532
  233 11.86  1.69  0.00            OX596077.1 128333621 128333679 (6264960)  C          Kuruka  Unspecified (6264960) 128333621 128333679
 1578 34.45  3.80  3.16            OX596078.1  2208906  2210194 (14946774)  +          Kuruka  Unspecified (14946774)  2208906  2210194
  242 33.96  6.32  3.75            OX596078.1  3184246  3184609 (13972359)  +          Kuruka  Unspecified (13972359)  3184246  3184609
  349 34.08  4.33  4.08            OX596078.1  3191246  3191661 (13965307)  +          Kuruka  Unspecified (13965307)  3191246  3191661
  353 34.81  3.96  4.92            OX596078.1  3200594  3201669 (13956047)  +          Kuruka  Unspecified (13956047)  3200594  3201669
  899 34.04  3.70  2.22            OX596078.1  3206899  3207520 (13949448)  +          Kuruka  Unspecified (13949448)  3206899  3207520
  253 32.62  8.19  8.43            OX596078.1  3211507  3211958 (13945010)  +          Kuruka  Unspecified (13945010)  3211507  3211958
  824 30.33  2.13  2.41            OX596078.1  3214017  3214391 (13942577)  +          Kuruka  Unspecified (13942577)  3214017  3214391
  515 39.11  1.41  1.58            OX596078.1  3217186  3217754 (13939214)  +          Kuruka  Unspecified (13939214)  3217186  3217754
  356 32.65  5.91  7.17            OX596078.1  3220174  3220427 (13936541)  +          Kuruka  Unspecified (13936541)  3220174  3220427
  508 32.81  1.91  2.30            OX596078.1  3220894  3221155 (13935813)  +          Kuruka  Unspecified (13935813)  3220894  3221155
  670 37.09  3.11  3.23            OX596078.1  3226213  3227112 (13929856)  +          Kuruka  Unspecified (13929856)  3226213  3227112
  328 30.19  2.45  2.45            OX596078.1  3237739  3237901 (13919067)  +          Kuruka  Unspecified (13919067)  3237739  3237901
  326 35.49  3.66  3.12            OX596078.1  3238724  3239618 (13918054)  +          Kuruka  Unspecified (13918054)  3238724  3239618
  278 38.50  1.97  1.72            OX596078.1  3246319  3246725 (13910243)  +          Kuruka  Unspecified (13910243)  3246319  3246725
  456 38.16  2.38  2.52            OX596078.1  3253456  3254170 (13902798)  +          Kuruka  Unspecified (13902798)  3253456  3254170
 1217 35.59  5.10  2.26            OX596078.1  3263773  3264850 (13892118)  +          Kuruka  Unspecified (13892118)  3263773  3264850
 2226 32.40  4.29  2.65            OX596078.1  3276611  3277799 (13879169)  +          Kuruka  Unspecified (13879169)  3276611  3277799
  826 35.84  3.79  3.11            OX596078.1  3292542  3293307 (13863661)  +          Kuruka  Unspecified (13863661)  3292542  3293307
 1687 33.92  3.88  3.32            OX596078.1  3299041  3300330 (13856638)  +          Kuruka  Unspecified (13856638)  3299041  3300330
 1707 33.83  3.88  3.32            OX596078.1  3303148  3304437 (13852531)  +          Kuruka  Unspecified (13852531)  3303148  3304437
  260 37.94  3.41  3.56            OX596078.1  3309408  3310082 (13846886)  +          Kuruka  Unspecified (13846886)  3309408  3310082
  932 33.27  3.37  3.48            OX596078.1  3335567  3336544 (13820424)  +          Kuruka  Unspecified (13820424)  3335567  3336544
 2791 33.14  2.21  2.28            OX596078.1  3337864  3339268 (13817700)  +          Kuruka  Unspecified (13817700)  3337864  3339268
 1306 33.68  2.86  1.93            OX596078.1  3357823  3358800 (13798168)  +          Kuruka  Unspecified (13798168)  3357823  3358800
 1219 33.37  1.57  1.57            OX596078.1  3359212  3360101 (13797185)  +          Kuruka  Unspecified (13797185)  3359212  3360101
  321 37.84  1.57  1.57            OX596078.1  3361575  3361829 (13795139)  +          Kuruka  Unspecified (13795139)  3361575  3361829
  349 37.52  4.72  3.10            OX596078.1  6389444  6390015 (10766953)  +          Kuruka  Unspecified (10766953)  6389444  6390015
  650 35.00  1.42  2.59            OX596078.1  7950805  7951156 (9205812)  +          Kuruka  Unspecified (9205812)  7950805  7951156
  490 30.09  5.02  3.29            OX596078.1  8538444  8538742 (8618226)  +          Kuruka  Unspecified (8618226)  8538444  8538742
  271 27.32  7.97  7.19            OX596078.1  9016499  9016636 (8140332)  +          Kuruka  Unspecified (8140332)  9016499  9016636
  246 37.71  4.55  5.75            OX596078.1 10909138 10910095 (6247567)  +          Kuruka  Unspecified (6247567) 10909138 10910095
  427 29.04  4.10  4.64            OX596078.1 12799306 12799500 (4357468)  +          Kuruka  Unspecified (4357468) 12799306 12799500
  268 32.35  0.00  0.00            OX596078.1 13380744 13380845 (3776123)  +          Kuruka  Unspecified (3776123) 13380744 13380845
  988 36.79  5.00  1.64            OX596078.1 14182136 14183196 (2973772)  +          Kuruka  Unspecified (2973772) 14182136 14183196
 1661 34.55  3.67  2.93            OX596078.1 14722968 14724085 (2432883)  +          Kuruka  Unspecified (2432883) 14722968 14724085
  248 31.82  0.00  0.00            OX596078.1 15552889 15552954 (1604014)  +          Kuruka  Unspecified (1604014) 15552889 15552954
  338 36.16 11.70  4.37            OX596078.1 15560333 15561258 (1596465)  +          Kuruka  Unspecified (1596465) 15560333 15561258
  255 23.08 19.85  1.24            OX596078.1 15590093 15590228 (1566740)  +          Kuruka  Unspecified (1566740) 15590093 15590228
  768 35.02  2.02  1.83            OX596078.1 15603573 15604116 (1552852)  +          Kuruka  Unspecified (1552852) 15603573 15604116
 1442 34.36  1.12  0.97            OX596078.1 15604493 15605209 (1551759)  +          Kuruka  Unspecified (1551759) 15604493 15605209
  345 35.42  2.60  2.90            OX596078.1 15609132 15609477 (1547491)  +          Kuruka  Unspecified (1547491) 15609132 15609477
 1175 36.31  3.04  2.19            OX596078.1 15625888 15626974 (1529994)  +          Kuruka  Unspecified (1529994) 15625888 15626974
  931 37.65  3.13  2.75            OX596078.1 15637088 15638174 (1518794)  +          Kuruka  Unspecified (1518794) 15637088 15638174
  632 32.85  1.79  1.79            OX596078.1 15667559 15667837 (1489131)  +          Kuruka  Unspecified (1489131) 15667559 15667837
  500 37.89  3.45  1.41            OX596078.1 15681329 15681676 (1475292)  +          Kuruka  Unspecified (1475292) 15681329 15681676
  252 37.25  4.00  4.15            OX596078.1 15687747 15688421 (1468547)  +          Kuruka  Unspecified (1468547) 15687747 15688421
  368 34.40  1.97  3.19            OX596078.1 16822267 16823268 (334448)  +          Kuruka  Unspecified (334448) 16822267 16823268
  779 33.90  6.53  3.63            OX596078.1  3410471  3411220 (13745748)  C          Kuruka  Unspecified (13745748)  3410471  3411220
 1533 36.47  2.84  1.82            OX596078.1  4699305  4700608 (12456360)  C          Kuruka  Unspecified (12456360)  4699305  4700608
  268 28.43  1.03  2.08            OX596078.1  5343272  5343368 (11813600)  C          Kuruka  Unspecified (11813600)  5343272  5343368
  615 34.53  4.97  4.11            OX596078.1  6378043  6378646 (10778322)  C          Kuruka  Unspecified (10778322)  6378043  6378646
  483 35.50  2.31  2.31            OX596078.1  6378875  6379220 (10777748)  C          Kuruka  Unspecified (10777748)  6378875  6379220
 1374 35.61  3.34  2.72            OX596078.1  7669555  7670723 (9486245)  C          Kuruka  Unspecified (9486245)  7669555  7670723
  327 33.33  0.87  0.87            OX596078.1 10539000 10539114 (6617854)  C          Kuruka  Unspecified (6617854) 10539000 10539114
  329 35.62  3.15  3.48            OX596078.1 11953602 11953918 (5203050)  C          Kuruka  Unspecified (5203050) 11953602 11953918
  485 34.99  5.44  5.61            OX596078.1 12209552 12210627 (4946810)  C          Kuruka  Unspecified (4946810) 12209552 12210627
  431 32.78  2.86  2.86            OX596078.1 12925927 12926171 (4230797)  C          Kuruka  Unspecified (4230797) 12925927 12926171
 1621 34.36  3.08  2.56            OX596078.1 13480278 13481445 (3675523)  C          Kuruka  Unspecified (3675523) 13480278 13481445
  438 36.22  2.12  2.12            OX596078.1 13630262 13630639 (3526329)  C          Kuruka  Unspecified (3526329) 13630262 13630639
  402 32.21  4.63  3.89            OX596078.1 16297754 16298034 (858934)  C          Kuruka  Unspecified (858934) 16297754 16298034
  279 32.84  6.09  6.09            OX596079.1   863650   864158 (2246993)  +          Kuruka  Unspecified (2246993)   863650   864158
 1309 35.62  3.33  2.89            OX596079.1  1317983  1319153 (1791998)  +          Kuruka  Unspecified (1791998)  1317983  1319153
  233 31.54  7.12  7.98            OX596079.1  2048684  2049062 (1062089)  +          Kuruka  Unspecified (1062089)  2048684  2049062
 1334 35.53  3.33  2.89            OX596079.1   579618   580788 (2530363)  C          Kuruka  Unspecified (2530363)   579618   580788
