  2483 33.18 1.24 1.33    CAJOSL020000002.1     84722     85848 (594348) +               Kuruka     Unspecified    3488    4613  (4220)    
  2136 34.80 1.30 1.39    CAJOSL020000002.1    336256    337336 (342860) C               Kuruka     Unspecified  (4247)    4586    3507    
  2198 35.20 1.49 1.57    CAJOSL020000002.1    351881    353092 (327104) C               Kuruka     Unspecified  (4176)    4657    3447    
   234 25.00 1.32 0.00           HG995152.1   5209764   5209839 (45319620) +               Kuruka     Unspecified    2130    2206  (6627)    
  1473 35.65 2.29 2.39           HG995152.1   7672307   7673352 (42856107) +               Kuruka     Unspecified    3507    4551  (4282)    
  1404 35.69 2.39 2.49           HG995152.1   9697401   9698446 (40831013) +               Kuruka     Unspecified    3507    4551  (4282)    
  1775 35.16 3.21 1.05           HG995152.1  16622018  16623046 (33906413) +               Kuruka     Unspecified    3536    4586  (4247)    
   807 30.50 2.58 2.29           HG995152.1  24140771  24141119 (26388340) +               Kuruka     Unspecified    3536    3885  (4948)    
  1075 37.40 0.64 0.80           HG995152.1  24141132  24141759 (26387700) +               Kuruka     Unspecified    3960    4586  (4247)    
   247 34.92 2.81 6.55           HG995152.1  24194347  24194631 (26334828) +               Kuruka     Unspecified    4284    4558  (4275)    
   261 28.81 6.38 5.82           HG995152.1  27641884  27642071 (22887388) +               Kuruka     Unspecified    3938    4126  (4707)    
   276 28.24 6.38 5.82           HG995152.1  27659406  27659593 (22869866) +               Kuruka     Unspecified    3938    4126  (4707)    
   406 29.58 1.39 1.39           HG995152.1  27704548  27704691 (22824768) +               Kuruka     Unspecified    3548    3691  (5142)    
  1097 35.50 3.17 2.83           HG995152.1  27704928  27705843 (22823616) +               Kuruka     Unspecified    3932    4850  (3983)    
   372 28.91 1.35 4.17           HG995152.1  27733660  27733807 (22795652) +               Kuruka     Unspecified    3548    3691  (5142)    
  1186 35.38 3.54 1.85           HG995152.1  27734044  27734947 (22794512) +               Kuruka     Unspecified    3932    4850  (3983)    
  1257 33.49 4.15 4.24           HG995152.1  27834451  27835535 (22693924) +               Kuruka     Unspecified    3495    4578  (4255)    
   244 32.08 3.68 1.44           HG995152.1  36940373  36940508 (13588951) +               Kuruka     Unspecified    4217    4355  (4478)    
   333 35.95 0.46 0.92           HG995152.1  39083252  39083470 (11445989) C               Kuruka     Unspecified  (5154)    3679    3462    
   244 27.22 6.16 6.90           HG995152.1  45660493  45660638 (4868821) C               Kuruka     Unspecified  (4456)    4377    4233    
   605 36.45 3.77 3.49           HG995153.1   6850663   6851404 (32416925) C               Kuruka     Unspecified  (4181)    4652    3909    
   313 35.78 2.68 2.68           HG995153.1   6851496   6851719 (32416610) C               Kuruka     Unspecified  (5016)    3817    3594    
  2199 34.27 2.87 2.51           HG995153.1   9418445   9419836 (29848493) +               Kuruka     Unspecified    3461    4857  (3976)    
   321 36.20 2.52 2.52           HG995153.1  10973627  10973864 (28294465) +               Kuruka     Unspecified    3580    3817  (5016)    
   415 30.57 5.65 5.93           HG995153.1  11008123  11008494 (28259835) +               Kuruka     Unspecified    4047    4417  (4416)    
   415 30.57 5.65 5.93           HG995153.1  11044047  11044418 (28223911) +               Kuruka     Unspecified    4047    4417  (4416)    
   428 30.57 5.65 5.93           HG995153.1  11078326  11078697 (28189632) +               Kuruka     Unspecified    4047    4417  (4416)    
  2025 35.04 1.52 1.88           HG995153.1  13921000  13922119 (25346210) +               Kuruka     Unspecified    3542    4657  (4176)    
   231 35.28 2.03 3.61           HG995153.1  14483407  14483603 (24784726) +               Kuruka     Unspecified    4265    4458  (4375)    
   293 27.06 5.07 3.57           HG995153.1  14935936  14936073 (24332256) C               Kuruka     Unspecified  (4500)    4333    4194    
   254 30.82 8.28 6.51           HG995153.1  16357694  16357995 (22910334) C               Kuruka     Unspecified  (4323)    4510    4204    
  2154 32.82 1.71 1.50           HG995153.1  16398654  16399649 (22868680) C               Kuruka     Unspecified  (4348)    4485    3488    
   342 36.72 2.59 1.28           HG995153.1  16685745  16686053 (22582276) C               Kuruka     Unspecified  (4292)    4541    4229    
   298 31.50 3.19 3.74           HG995153.1  17811671  17811858 (21456471) +               Kuruka     Unspecified    4233    4419  (4414)    
  1015 32.24 2.15 2.15           HG995153.1  17899456  17899921 (21368408) +               Kuruka     Unspecified    3536    4001  (4832)    
   957 32.11 2.58 2.79           HG995153.1  17903135  17903637 (21364692) C               Kuruka     Unspecified  (4796)    4037    3536    
  1384 34.36 3.59 2.02           HG995153.1  23601375  23602155 (15666174) C               Kuruka     Unspecified  (4075)    4758    3966    
   632 36.63 1.37 0.68           HG995153.1  23602209  23602645 (15665684) C               Kuruka     Unspecified  (4940)    3893    3454    
   520 35.37 1.60 1.60           HG995153.1  24123158  24123407 (15144922) C               Kuruka     Unspecified  (5004)    3829    3580    
   352 37.58 1.02 1.37           HG995153.1  30767210  30767503 (8500826) +               Kuruka     Unspecified    4229    4521  (4312)    
  1141 35.62 2.69 2.69           HG995154.1   1842428   1843431 (35338303) +               Kuruka     Unspecified    3576    4579  (4254)    
  1735 36.07 2.52 2.21           HG995154.1   2034235   2035544 (35146190) +               Kuruka     Unspecified    3454    4767  (4066)    
  1784 35.83 2.52 2.21           HG995154.1   2056603   2057912 (35123822) +               Kuruka     Unspecified    3454    4767  (4066)    
  2152 33.00 1.24 1.33           HG995154.1   3016157   3017283 (34164451) C               Kuruka     Unspecified  (4220)    4613    3488    
   544 30.48 11.30 2.21           HG995154.1   5819001   5819416 (31362318) +               Kuruka     Unspecified    4184    4636  (4197)    
  1151 34.18 1.98 1.43           HG995154.1  10300634  10301188 (26880546) C               Kuruka     Unspecified  (4740)    4093    3536    
   924 33.06 2.21 2.21           HG995154.1  10335862  10336359 (26845375) +               Kuruka     Unspecified    3540    4037  (4796)    
  1591 35.21 4.53 1.05           HG995154.1  10381763  10382778 (26798956) +               Kuruka     Unspecified    3536    4586  (4247)    
  2191 34.62 1.30 1.39           HG995154.1  10406085  10407165 (26774569) +               Kuruka     Unspecified    3507    4586  (4247)    
  1915 35.96 1.05 1.14           HG995154.1  14711653  14712704 (22469030) C               Kuruka     Unspecified  (4247)    4586    3536    
   462 30.01 5.65 5.93           HG995154.1  14728716  14729087 (22452647) C               Kuruka     Unspecified  (4416)    4417    4047    
   405 35.94 6.76 2.09           HG995155.1    736455    736957 (22937898) C               Kuruka     Unspecified  (4388)    4445    3920    
   524 34.46 7.09 1.75           HG995155.1    738565    738945 (22935910) C               Kuruka     Unspecified  (4500)    4333    3933    
   274 28.75 0.00 0.00           HG995155.1    739171    739250 (22935605) C               Kuruka     Unspecified  (5166)    3667    3588    
  2176 33.11 2.98 1.42           HG995155.1   2538192   2539300 (21135555) C               Kuruka     Unspecified  (4220)    4613    3488    
   294 37.32 3.04 1.33           HG995155.1   5898555   5898850 (17776005) +               Kuruka     Unspecified    4236    4536  (4297)    
   984 35.98 1.25 1.43           HG995155.1   6278432   6278992 (17395863) +               Kuruka     Unspecified    4027    4586  (4247)    
  1938 35.23 1.43 1.43           HG995155.1   6850108   6851158 (16823697) C               Kuruka     Unspecified  (4247)    4586    3536    
  2215 35.02 1.31 1.40           HG995155.1   8428319   8429459 (15245396) C               Kuruka     Unspecified  (4247)    4586    3447    
  2206 33.79 1.37 1.45           HG995156.1   1434371   1435541 (21657156) C               Kuruka     Unspecified  (4176)    4657    3488    
  2049 33.55 1.24 1.33           HG995156.1   1450235   1451361 (21641336) C               Kuruka     Unspecified  (4220)    4613    3488    
  2049 33.55 1.24 1.33           HG995156.1   1466055   1467181 (21625516) C               Kuruka     Unspecified  (4220)    4613    3488    
  2024 33.64 1.24 1.33           HG995156.1   1481875   1483001 (21609696) C               Kuruka     Unspecified  (4220)    4613    3488    
   238 18.18 0.00 0.00           HG995156.1   8950945   8950988 (14141709) C               Kuruka     Unspecified  (3143)    5690    5647    
  1805 35.51 1.91 1.91           HG995156.1   9336854   9337901 (13754796) +               Kuruka     Unspecified    3610    4657  (4176)    
  2236 33.54 2.33 1.33           HG995156.1  11709244  11710358 (11382339) +               Kuruka     Unspecified    3488    4613  (4220)    
   421 30.77 5.38 5.66           HG995156.1  15889837  15890208 (7202489) +               Kuruka     Unspecified    4047    4417  (4416)    
  1750 35.59 2.35 2.42           HG995157.1    191694    193055 (21797408) +               Kuruka     Unspecified    3490    4850  (3983)    
  2035 34.17 2.04 1.77           HG995158.1  21183100  21184225 (533544) +               Kuruka     Unspecified    3529    4657  (4176)    
  1441 35.49 2.39 2.49           HG995158.1  21322574  21323619 (394150) +               Kuruka     Unspecified    3507    4551  (4282)    
   250 35.54 0.00 0.00           HG995159.1  12253635  12253755 (1329190) +               Kuruka     Unspecified    3580    3700  (5133)    
   553 35.93 6.30 1.20           HG995159.1  12701884  12702359 (880586) +               Kuruka     Unspecified    3489    3988  (4845)    
   262 35.45 2.56 1.82           HG995159.1  12708686  12708958 (873987) +               Kuruka     Unspecified    3978    4252  (4581)    
  2341 33.45 1.24 1.33           HG995159.1  12783843  12784969 (797976) +               Kuruka     Unspecified    3488    4613  (4220)    
   601 36.64 3.10 2.46           HG995159.1  13037139  13037622 (545323) C               Kuruka     Unspecified  (4069)    4764    4278    
   531 30.29 0.57 0.00           HG995159.1  13038028  13038202 (544743) C               Kuruka     Unspecified  (5154)    3679    3504    
   242 31.25 0.00 0.00           HG995160.1  10346848  10346927 (999693) +               Kuruka     Unspecified    3612    3691  (5142)    
   242 31.25 0.00 0.00           HG995160.1  10359064  10359143 (987477) +               Kuruka     Unspecified    3612    3691  (5142)    
   858 34.89 1.20 1.40           HG995160.1  10446755  10447254 (899366) C               Kuruka     Unspecified  (4249)    4584    4086    
  1135 32.66 1.18 1.18           HG995160.1  10448495  10449089 (897531) C               Kuruka     Unspecified  (4751)    4082    3488    
  1789 35.75 1.52 1.71           HG995161.1    918883    919935 (911099) C               Kuruka     Unspecified  (4247)    4586    3536    
  1277 35.20 2.31 2.31           HG995161.1   1162795   1163835 (667199) C               Kuruka     Unspecified  (4221)    4612    3572    
   228 35.91 0.70 0.70           HG995161.1   1180594   1180736 (650298) C               Kuruka     Unspecified  (4628)    4205    4063    
   251 34.16 3.24 6.30           HG995161.1   1220411   1220688 (610346) +               Kuruka     Unspecified    4286    4555  (4278)    
