  242 33.19  1.46  2.97            OU611947.1    57249    57453 (27851092)  +          Kuruka  Unspecified (27851092)    57249    57453
  719 35.11  2.78  2.92            OU611947.1    57699    58417 (27850128)  +          Kuruka  Unspecified (27850128)    57699    58417
 2178 32.69  2.95  3.20            OU611947.1   712306   713525 (27195020)  +          Kuruka  Unspecified (27195020)   712306   713525
  382 30.86  6.98  4.55            OU611947.1   791854   792111 (27116434)  +          Kuruka  Unspecified (27116434)   791854   792111
  479 35.82  2.66  2.66            OU611947.1   792875   793287 (27115258)  +          Kuruka  Unspecified (27115258)   792875   793287
 1104 34.49  2.33  2.52            OU611947.1  1178018  1179049 (26729496)  +          Kuruka  Unspecified (26729496)  1178018  1179049
  344 32.99  5.67  8.12            OU611947.1  3862005  3862357 (24046188)  +          Kuruka  Unspecified (24046188)  3862005  3862357
  253 29.86  0.00  3.51            OU611947.1  3862863  3862980 (24045565)  +          Kuruka  Unspecified (24045565)  3862863  3862980
  253 34.48  1.36  1.36            OU611947.1  5790643  5790789 (22117756)  +          Kuruka  Unspecified (22117756)  5790643  5790789
  244 31.05  2.38  6.44            OU611947.1  6132078  6132287 (21776258)  +          Kuruka  Unspecified (21776258)  6132078  6132287
  808 34.25  3.62  3.62            OU611947.1  6132533  6133250 (21775295)  +          Kuruka  Unspecified (21775295)  6132533  6133250
  489 34.27  5.08  4.55            OU611947.1  6887554  6888143 (21020402)  +          Kuruka  Unspecified (21020402)  6887554  6888143
  483 32.64  8.22  5.61            OU611947.1  8493836  8494601 (19413944)  +          Kuruka  Unspecified (19413944)  8493836  8494601
  772 32.60  4.42  4.59            OU611947.1 10757695 10758305 (17150240)  +          Kuruka  Unspecified (17150240) 10757695 10758305
  848 36.63  2.60  2.72            OU611947.1 13306123 13307006 (14601539)  +          Kuruka  Unspecified (14601539) 13306123 13307006
  761 32.28  4.40  4.20            OU611947.1 15108646 15109733 (12799354)  +          Kuruka  Unspecified (12799354) 15108646 15109733
 1800 35.09  2.21  1.86            OU611947.1 19326378 19327556 (8580989)  +          Kuruka  Unspecified (8580989) 19326378 19327556
 1198 35.62  4.18  2.51            OU611947.1 20879139 20880431 (7028114)  +          Kuruka  Unspecified (7028114) 20879139 20880431
 1875 34.56  2.53  3.47            OU611947.1 21656084 21657306 (6251239)  +          Kuruka  Unspecified (6251239) 21656084 21657306
  233 22.10  0.00 14.86            OU611947.1 23092544 23092628 (4815917)  +          Kuruka  Unspecified (4815917) 23092544 23092628
  247 34.48  1.36  1.36            OU611947.1   391952   392098 (27516447)  C          Kuruka  Unspecified (27516447)   391952   392098
 1842 33.21  4.60  2.57            OU611947.1  6015021  6016281 (21892264)  C          Kuruka  Unspecified (21892264)  6015021  6016281
  272 27.85  0.00  0.00            OU611947.1  6018253  6018331 (21890214)  C          Kuruka  Unspecified (21890214)  6018253  6018331
 2081 33.31  2.64  2.72            OU611947.1  9143980  9145266 (18763279)  C          Kuruka  Unspecified (18763279)  9143980  9145266
  263 34.23  3.02  4.59            OU611947.1  9145922  9146120 (18762425)  C          Kuruka  Unspecified (18762425)  9145922  9146120
  257 29.11  0.00  0.00            OU611947.1  9147257  9147335 (18761210)  C          Kuruka  Unspecified (18761210)  9147257  9147335
 1091 35.45  2.44  2.33            OU611947.1 11314427 11315411 (16593134)  C          Kuruka  Unspecified (16593134) 11314427 11315411
  281 22.23  0.00  1.59            OU611947.1 11316693 11316756 (16591789)  C          Kuruka  Unspecified (16591789) 11316693 11316756
  253 34.48  1.36  1.36            OU611947.1 12110912 12111058 (15797487)  C          Kuruka  Unspecified (15797487) 12110912 12111058
  563 38.36  1.45  1.62            OU611947.1 14628182 14628801 (13279744)  C          Kuruka  Unspecified (13279744) 14628182 14628801
 1727 32.83  3.12  3.29            OU611947.1 16006103 16007321 (11901224)  C          Kuruka  Unspecified (11901224) 16006103 16007321
  793 35.38  2.78  2.92            OU611947.1 17335979 17336697 (10571848)  C          Kuruka  Unspecified (10571848) 17335979 17336697
  278 33.19  1.46  2.97            OU611947.1 17336943 17337147 (10571398)  C          Kuruka  Unspecified (10571398) 17336943 17337147
  253 34.48  1.36  1.36            OU611947.1 19316929 19317075 (8591470)  C          Kuruka  Unspecified (8591470) 19316929 19317075
 1738 34.89  2.37  2.03            OU611947.1 19324655 19325833 (8582712)  C          Kuruka  Unspecified (8582712) 19324655 19325833
 1096 34.65  5.06  3.01            OU611947.1 21983070 21984274 (5924271)  C          Kuruka  Unspecified (5924271) 21983070 21984274
  253 34.48  1.36  1.36            OU611947.1 25813861 25814007 (2094538)  C          Kuruka  Unspecified (2094538) 25813861 25814007
 1965 35.13  1.88  1.97            OU611948.1   437117   438286 (23617602)  +          Kuruka  Unspecified (23617602)   437117   438286
  253 34.48  1.36  1.36            OU611948.1  2196469  2196615 (21859273)  +          Kuruka  Unspecified (21859273)  2196469  2196615
  253 34.48  1.36  1.36            OU611948.1  8130491  8130637 (15925251)  +          Kuruka  Unspecified (15925251)  8130491  8130637
  253 34.48  1.36  1.36            OU611948.1  8691948  8692094 (15363794)  +          Kuruka  Unspecified (15363794)  8691948  8692094
  253 34.48  1.36  1.36            OU611948.1 15733463 15733609 (8322279)  +          Kuruka  Unspecified (8322279) 15733463 15733609
  253 34.48  1.36  1.36            OU611948.1 16229212 16229358 (7826530)  +          Kuruka  Unspecified (7826530) 16229212 16229358
  489 34.27  5.08  4.55            OU611948.1 17269201 17269790 (6786098)  +          Kuruka  Unspecified (6786098) 17269201 17269790
  489 34.27  5.08  4.55            OU611948.1 17583821 17584410 (6471478)  +          Kuruka  Unspecified (6471478) 17583821 17584410
  489 34.27  5.08  4.55            OU611948.1 17719204 17719793 (6336095)  +          Kuruka  Unspecified (6336095) 17719204 17719793
  254 28.17  0.00  0.00            OU611948.1 21699370 21699440 (2356448)  +          Kuruka  Unspecified (2356448) 21699370 21699440
  463 34.21  5.10  4.57            OU611948.1  3187261  3187848 (20868040)  C          Kuruka  Unspecified (20868040)  3187261  3187848
  791 35.38  2.78  2.92            OU611948.1  4630178  4630896 (19424992)  C          Kuruka  Unspecified (19424992)  4630178  4630896
  278 33.19  1.46  2.97            OU611948.1  4631142  4631346 (19424542)  C          Kuruka  Unspecified (19424542)  4631142  4631346
  654 33.61  2.45  1.90            OU611948.1 14981506 14981872 (9074016)  C          Kuruka  Unspecified (9074016) 14981506 14981872
 1830 34.96  1.27  1.35            OU611948.1 19868231 19869413 (4186475)  C          Kuruka  Unspecified (4186475) 19868231 19869413
  253 34.48  1.36  1.36            OU611948.1 20113948 20114094 (3941794)  C          Kuruka  Unspecified (3941794) 20113948 20114094
  225 33.82  3.95  5.33            OU611948.1 22735509 22735736 (1320152)  C          Kuruka  Unspecified (1320152) 22735509 22735736
  357 32.02  2.13  3.00            OU611949.1  3335159  3335393 (20567407)  +          Kuruka  Unspecified (20567407)  3335159  3335393
 1921 34.81  2.41  2.33            OU611949.1  3511941  3513143 (20389657)  +          Kuruka  Unspecified (20389657)  3511941  3513143
  253 34.48  1.36  1.36            OU611949.1 17517436 17517582 (6385218)  +          Kuruka  Unspecified (6385218) 17517436 17517582
  278 33.19  1.46  2.97            OU611949.1 18711846 18712050 (5190750)  +          Kuruka  Unspecified (5190750) 18711846 18712050
  791 35.38  2.78  2.92            OU611949.1 18712296 18713014 (5189786)  +          Kuruka  Unspecified (5189786) 18712296 18713014
 1946 35.22  1.88  1.97            OU611949.1 19426607 19427776 (4475024)  +          Kuruka  Unspecified (4475024) 19426607 19427776
  489 34.27  5.08  4.55            OU611949.1 21741268 21741857 (2160943)  +          Kuruka  Unspecified (2160943) 21741268 21741857
  253 34.48  1.36  1.36            OU611949.1 10713711 10713857 (13188943)  C          Kuruka  Unspecified (13188943) 10713711 10713857
  225 33.82  3.95  5.33            OU611949.1 21392201 21392428 (2510372)  C          Kuruka  Unspecified (2510372) 21392201 21392428
  253 34.48  1.36  1.36            OU611950.1  7815382  7815528 (15184330)  +          Kuruka  Unspecified (15184330)  7815382  7815528
 1882 32.40  3.93  4.01            OU611950.1 12468652 12469873 (10529985)  +          Kuruka  Unspecified (10529985) 12468652 12469873
  406 36.55  0.84  0.84            OU611950.1 22334222 22334577 (665281)  +          Kuruka  Unspecified (665281) 22334222 22334577
  289 34.24  4.12  3.81            OU611950.1 22767535 22767874 (231984)  +          Kuruka  Unspecified (231984) 22767535 22767874
 1997 34.56  1.97  2.05            OU611950.1  1779353  1780522 (21219336)  C          Kuruka  Unspecified (21219336)  1779353  1780522
  419 36.26  0.84  0.84            OU611950.1  8048580  8048935 (14950923)  C          Kuruka  Unspecified (14950923)  8048580  8048935
  253 34.48  1.36  1.36            OU611950.1  8998690  8998836 (14001022)  C          Kuruka  Unspecified (14001022)  8998690  8998836
 1395 35.55  2.89  2.58            OU611950.1 10606383 10607696 (12392162)  C          Kuruka  Unspecified (12392162) 10606383 10607696
  278 22.23  0.00  1.59            OU611950.1 10609401 10609464 (12390394)  C          Kuruka  Unspecified (12390394) 10609401 10609464
  253 34.48  1.36  1.36            OU611950.1 12342398 12342544 (10657314)  C          Kuruka  Unspecified (10657314) 12342398 12342544
  253 34.48  1.36  1.36            OU611950.1 12841198 12841344 (10158514)  C          Kuruka  Unspecified (10158514) 12841198 12841344
  620 37.72  1.66  1.83            OU611950.1 22362936 22364034 (636321)  C          Kuruka  Unspecified (636321) 22362936 22364034
  252 25.94  3.54  4.46            OU611951.1  4437734  4437846 (18309459)  +          Kuruka  Unspecified (18309459)  4437734  4437846
  253 34.48  1.36  1.36            OU611951.1  9086356  9086502 (13660803)  +          Kuruka  Unspecified (13660803)  9086356  9086502
  253 34.48  1.36  1.36            OU611951.1 11081793 11081939 (11665366)  +          Kuruka  Unspecified (11665366) 11081793 11081939
  265 30.88  5.22  5.68            OU611951.1 15571506 15571735 (7175570)  +          Kuruka  Unspecified (7175570) 15571506 15571735
  253 34.48  1.36  1.36            OU611951.1 20497242 20497388 (2249917)  +          Kuruka  Unspecified (2249917) 20497242 20497388
 1452 35.19  1.95  2.20            OU611951.1   409478   410709 (22336596)  C          Kuruka  Unspecified (22336596)   409478   410709
  262 28.17  0.00  0.00            OU611951.1   922098   922168 (21825137)  C          Kuruka  Unspecified (21825137)   922098   922168
  253 34.48  1.36  1.36            OU611951.1  3219495  3219641 (19527664)  C          Kuruka  Unspecified (19527664)  3219495  3219641
 1894 32.40  3.92  4.10            OU611951.1  8363006  8364228 (14383077)  C          Kuruka  Unspecified (14383077)  8363006  8364228
  484 36.46  1.97  2.19            OU611951.1 10713340 10714298 (12033508)  C          Kuruka  Unspecified (12033508) 10713340 10714298
  253 34.48  1.36  1.36            OU611951.1 15938792 15938938 (6808367)  C          Kuruka  Unspecified (6808367) 15938792 15938938
  253 34.48  1.36  1.36            OU611951.1 16931816 16931962 (5815343)  C          Kuruka  Unspecified (5815343) 16931816 16931962
  497 34.29  5.14  4.60            OU611951.1 20952442 20953025 (1794280)  C          Kuruka  Unspecified (1794280) 20952442 20953025
  252 25.94  3.54  4.46            OU611952.1  3123942  3124054 (19418299)  +          Kuruka  Unspecified (19418299)  3123942  3124054
 2061 34.32  2.31  2.39            OU611952.1  6485196  6486407 (16055946)  +          Kuruka  Unspecified (16055946)  6485196  6486407
 2041 34.37  2.23  2.31            OU611952.1  6552333  6553544 (15988809)  +          Kuruka  Unspecified (15988809)  6552333  6553544
  253 34.48  1.36  1.36            OU611952.1  6829099  6829245 (15713108)  +          Kuruka  Unspecified (15713108)  6829099  6829245
  500 34.27  5.08  4.55            OU611952.1  7536159  7536748 (15005605)  +          Kuruka  Unspecified (15005605)  7536159  7536748
  273 31.74  4.94  5.37            OU611952.1  8037123  8037365 (14504988)  +          Kuruka  Unspecified (14504988)  8037123  8037365
  280 31.74  4.94  5.37            OU611952.1  9960199  9960441 (12581912)  +          Kuruka  Unspecified (12581912)  9960199  9960441
  256 25.94  3.54  4.46            OU611952.1 10616181 10616293 (11926060)  +          Kuruka  Unspecified (11926060) 10616181 10616293
  385 37.83  0.84  0.84            OU611952.1 15768761 15769859 (6773237)  +          Kuruka  Unspecified (6773237) 15768761 15769859
  253 34.48  1.36  1.36            OU611952.1  4227956  4228102 (18314251)  C          Kuruka  Unspecified (18314251)  4227956  4228102
  489 34.27  5.08  4.55            OU611952.1  7695386  7695975 (14846378)  C          Kuruka  Unspecified (14846378)  7695386  7695975
 1518 35.10  1.95  2.20            OU611952.1  9088332  9089563 (13452790)  C          Kuruka  Unspecified (13452790)  9088332  9089563
  281 22.23  0.00  1.59            OU611952.1  9090843  9090906 (13451447)  C          Kuruka  Unspecified (13451447)  9090843  9090906
  746 35.67  2.78  2.92            OU611952.1 16662382 16663100 (5879253)  C          Kuruka  Unspecified (5879253) 16662382 16663100
  278 33.19  1.46  2.97            OU611952.1 16663346 16663550 (5878803)  C          Kuruka  Unspecified (5878803) 16663346 16663550
  240 30.55  6.42  6.91            OU611953.1  2161888  2162105 (19152455)  +          Kuruka  Unspecified (19152455)  2161888  2162105
  225 33.82  3.95  5.33            OU611953.1  6013191  6013418 (15301142)  +          Kuruka  Unspecified (15301142)  6013191  6013418
  233 28.17  0.00  0.00            OU611953.1  7574715  7574785 (13739775)  +          Kuruka  Unspecified (13739775)  7574715  7574785
  530 35.61  2.19  6.39            OU611953.1 14372707 14373162 (6941398)  +          Kuruka  Unspecified (6941398) 14372707 14373162
  265 23.82  0.00  1.59            OU611953.1 15214588 15214651 (6099909)  +          Kuruka  Unspecified (6099909) 15214588 15214651
 1519 35.19  1.95  2.20            OU611953.1 15215931 15217162 (6097398)  +          Kuruka  Unspecified (6097398) 15215931 15217162
  357 32.02  2.13  3.00            OU611953.1  4003233  4003467 (17311093)  C          Kuruka  Unspecified (17311093)  4003233  4003467
  253 34.48  1.36  1.36            OU611953.1  9203817  9203963 (12110597)  C          Kuruka  Unspecified (12110597)  9203817  9203963
  250 30.55  6.42  6.91            OU611953.1  9929319  9929536 (11385024)  C          Kuruka  Unspecified (11385024)  9929319  9929536
 1852 32.57  3.93  4.01            OU611954.1  2086038  2087259 (19195962)  +          Kuruka  Unspecified (19195962)  2086038  2087259
  250 30.55  6.42  6.91            OU611954.1 11087057 11087274 (10195947)  +          Kuruka  Unspecified (10195947) 11087057 11087274
  260 30.06  6.42  6.91            OU611954.1 11192077 11192294 (10090927)  +          Kuruka  Unspecified (10090927) 11192077 11192294
  489 34.27  5.08  4.55            OU611954.1  1071504  1072093 (20211128)  C          Kuruka  Unspecified (20211128)  1071504  1072093
 1858 32.48  3.93  4.01            OU611954.1  1088017  1089238 (20193983)  C          Kuruka  Unspecified (20193983)  1088017  1089238
  253 34.48  1.36  1.36            OU611954.1  4647929  4648075 (16635146)  C          Kuruka  Unspecified (16635146)  4647929  4648075
  873 33.55  2.18  2.50            OU611954.1  5303541  5304182 (15979039)  C          Kuruka  Unspecified (15979039)  5303541  5304182
  225 33.82  3.95  5.33            OU611954.1  5500806  5501033 (15782188)  C          Kuruka  Unspecified (15782188)  5500806  5501033
 2052 33.39  2.64  2.72            OU611954.1 12031582 12032868 (9250353)  C          Kuruka  Unspecified (9250353) 12031582 12032868
  263 34.23  3.02  4.59            OU611954.1 12033524 12033722 (9249499)  C          Kuruka  Unspecified (9249499) 12033524 12033722
  272 27.85  0.00  0.00            OU611954.1 12034859 12034937 (9248284)  C          Kuruka  Unspecified (9248284) 12034859 12034937
  253 34.48  1.36  1.36            OU611954.1 19833589 19833735 (1449486)  C          Kuruka  Unspecified (1449486) 19833589 19833735
  253 34.48  1.36  1.36            OU611955.1  2907277  2907423 (18233679)  +          Kuruka  Unspecified (18233679)  2907277  2907423
  253 34.48  1.36  1.36            OU611955.1  3916988  3917134 (17223968)  +          Kuruka  Unspecified (17223968)  3916988  3917134
  240 30.55  6.42  6.91            OU611955.1  8596831  8597048 (12544054)  +          Kuruka  Unspecified (12544054)  8596831  8597048
  498 34.27  5.08  4.55            OU611955.1  9952177  9952766 (11188336)  +          Kuruka  Unspecified (11188336)  9952177  9952766
  406 36.55  0.84  0.84            OU611955.1 14981503 14981858 (6159244)  +          Kuruka  Unspecified (6159244) 14981503 14981858
 2013 34.97  2.23  2.31            OU611955.1 18128758 18129969 (3011133)  +          Kuruka  Unspecified (3011133) 18128758 18129969
  253 34.48  1.36  1.36            OU611955.1 20073694 20073840 (1067262)  +          Kuruka  Unspecified (1067262) 20073694 20073840
  254 28.17  0.00  0.00            OU611955.1  2945511  2945581 (18195521)  C          Kuruka  Unspecified (18195521)  2945511  2945581
  474 34.45  5.08  4.55            OU611955.1  7393176  7393765 (13747337)  C          Kuruka  Unspecified (13747337)  7393176  7393765
  280 31.74  4.94  5.37            OU611955.1  8379438  8379680 (12761422)  C          Kuruka  Unspecified (12761422)  8379438  8379680
  228 33.82  3.95  5.33            OU611955.1 14553461 14553688 (6587414)  C          Kuruka  Unspecified (6587414) 14553461 14553688
  253 34.48  1.36  1.36            OU611955.1 14627595 14627741 (6513361)  C          Kuruka  Unspecified (6513361) 14627595 14627741
  253 34.48  1.36  1.36            OU611955.1 15853930 15854076 (5287026)  C          Kuruka  Unspecified (5287026) 15853930 15854076
  489 34.27  5.08  4.55            OU611955.1 17023447 17024036 (4117066)  C          Kuruka  Unspecified (4117066) 17023447 17024036
  406 36.55  0.84  0.84            OU611955.1 17742767 17743122 (3397980)  C          Kuruka  Unspecified (3397980) 17742767 17743122
 1965 35.13  1.88  1.97            OU611956.1  1130290  1131459 (19505891)  +          Kuruka  Unspecified (19505891)  1130290  1131459
  463 34.21  5.10  4.57            OU611956.1  2043819  2044406 (18592944)  +          Kuruka  Unspecified (18592944)  2043819  2044406
  252 25.94  3.54  4.46            OU611956.1  4976324  4976436 (15660914)  +          Kuruka  Unspecified (15660914)  4976324  4976436
  489 34.27  5.08  4.55            OU611956.1 11177683 11178272 (9459078)  +          Kuruka  Unspecified (9459078) 11177683 11178272
 2061 34.32  2.31  2.39            OU611956.1 12495436 12496647 (8140703)  +          Kuruka  Unspecified (8140703) 12495436 12496647
  257 28.17  0.00  0.00            OU611956.1 16010645 16010715 (4626635)  +          Kuruka  Unspecified (4626635) 16010645 16010715
  302 32.68  1.46  2.97            OU611956.1 17985805 17986009 (2651341)  +          Kuruka  Unspecified (2651341) 17985805 17986009
  757 35.82  2.73  2.87            OU611956.1 17986255 17986987 (2650363)  +          Kuruka  Unspecified (2650363) 17986255 17986987
  253 34.48  1.36  1.36            OU611956.1 18132425 18132571 (2504779)  +          Kuruka  Unspecified (2504779) 18132425 18132571
  253 34.48  1.36  1.36            OU611956.1  3214837  3214983 (17422367)  C          Kuruka  Unspecified (17422367)  3214837  3214983
  254 28.17  0.00  0.00            OU611956.1  6234203  6234273 (14403077)  C          Kuruka  Unspecified (14403077)  6234203  6234273
  489 34.27  5.08  4.55            OU611956.1  9105388  9105977 (11531373)  C          Kuruka  Unspecified (11531373)  9105388  9105977
  253 34.48  1.36  1.36            OU611956.1  9300505  9300651 (11336699)  C          Kuruka  Unspecified (11336699)  9300505  9300651
  285 32.42  1.35  2.04            OU611956.1 13172730 13172877 (7464473)  C          Kuruka  Unspecified (7464473) 13172730 13172877
  251 30.06  6.42  6.91            OU611956.1 19604292 19604509 (1032841)  C          Kuruka  Unspecified (1032841) 19604292 19604509
  272 27.85  0.00  0.00            OU611957.1  5361032  5361110 (14966722)  +          Kuruka  Unspecified (14966722)  5361032  5361110
  263 34.23  3.02  4.59            OU611957.1  5362247  5362445 (14965387)  +          Kuruka  Unspecified (14965387)  5362247  5362445
 2076 33.39  2.64  2.72            OU611957.1  5363099  5364385 (14963447)  +          Kuruka  Unspecified (14963447)  5363099  5364385
  253 34.48  1.36  1.36            OU611957.1 10080014 10080160 (10247672)  +          Kuruka  Unspecified (10247672) 10080014 10080160
  268 27.85  0.00  0.00            OU611957.1 11432193 11432271 (8895561)  +          Kuruka  Unspecified (8895561) 11432193 11432271
  255 34.23  3.02  4.59            OU611957.1 11433408 11433606 (8894226)  +          Kuruka  Unspecified (8894226) 11433408 11433606
 2012 33.31  2.64  2.72            OU611957.1 11434262 11435548 (8892284)  +          Kuruka  Unspecified (8892284) 11434262 11435548
  253 34.48  1.36  1.36            OU611957.1 11578758 11578904 (8748928)  +          Kuruka  Unspecified (8748928) 11578758 11578904
  484 34.15  5.25  4.72            OU611957.1 12560671 12561260 (7766572)  +          Kuruka  Unspecified (7766572) 12560671 12561260
 1619 34.99  1.97  2.05            OU611957.1 18703126 18704295 (1623537)  +          Kuruka  Unspecified (1623537) 18703126 18704295
  253 34.48  1.36  1.36            OU611957.1 19961714 19961860 (365972)  +          Kuruka  Unspecified (365972) 19961714 19961860
  463 34.21  5.10  4.57            OU611957.1  1468218  1468805 (18859027)  C          Kuruka  Unspecified (18859027)  1468218  1468805
  247 34.48  1.36  1.36            OU611957.1  2135860  2136006 (18191826)  C          Kuruka  Unspecified (18191826)  2135860  2136006
  241 31.05  6.42  6.91            OU611957.1  9462598  9462815 (10865017)  C          Kuruka  Unspecified (10865017)  9462598  9462815
  253 34.48  1.36  1.36            OU611957.1 12584140 12584286 (7743546)  C          Kuruka  Unspecified (7743546) 12584140 12584286
  250 30.55  6.42  6.91            OU611958.1  8848315  8848532 (11182291)  +          Kuruka  Unspecified (11182291)  8848315  8848532
  251 30.06  6.42  6.91            OU611958.1 10885221 10885438 (9145385)  +          Kuruka  Unspecified (9145385) 10885221 10885438
  225 33.82  3.95  5.33            OU611958.1 11702035 11702262 (8328561)  +          Kuruka  Unspecified (8328561) 11702035 11702262
  327 32.03  1.54  1.54            OU611958.1 14229873 14230002 (5800821)  +          Kuruka  Unspecified (5800821) 14229873 14230002
  228 33.82  3.95  5.33            OU611958.1 15226834 15227061 (4803762)  +          Kuruka  Unspecified (4803762) 15226834 15227061
  463 34.21  5.10  4.57            OU611958.1 18564482 18565069 (1465754)  +          Kuruka  Unspecified (1465754) 18564482 18565069
  745 32.92  0.31  0.31            OU611958.1   157182   157507 (19873316)  C          Kuruka  Unspecified (19873316)   157182   157507
  230 33.82  3.95  5.33            OU611958.1  1379919  1380146 (18650677)  C          Kuruka  Unspecified (18650677)  1379919  1380146
  253 34.48  1.36  1.36            OU611958.1  2493366  2493512 (17537311)  C          Kuruka  Unspecified (17537311)  2493366  2493512
  254 28.17  0.00  0.00            OU611958.1  4333008  4333078 (15697745)  C          Kuruka  Unspecified (15697745)  4333008  4333078
  487 34.27  5.08  4.55            OU611958.1  7145638  7146227 (12884596)  C          Kuruka  Unspecified (12884596)  7145638  7146227
  228 33.82  3.95  5.33            OU611958.1 14876832 14877059 (5153764)  C          Kuruka  Unspecified (5153764) 14876832 14877059
  228 33.82  3.95  5.33            OU611958.1 15255391 15255618 (4775205)  C          Kuruka  Unspecified (4775205) 15255391 15255618
  253 34.48  1.36  1.36            OU611958.1 19125435 19125581 (905242)  C          Kuruka  Unspecified (905242) 19125435 19125581
  254 32.37  5.96  6.45            OU611958.1 19973564 19973781  (57042)  C          Kuruka  Unspecified  (57042) 19973564 19973781
  292 32.68  1.46  2.97            OU611959.1  4720773  4720977 (15236254)  +          Kuruka  Unspecified (15236254)  4720773  4720977
  711 35.82  2.73  2.87            OU611959.1  4721223  4721955 (15235276)  +          Kuruka  Unspecified (15235276)  4721223  4721955
  253 34.48  1.36  1.36            OU611959.1  7251889  7252035 (12705196)  +          Kuruka  Unspecified (12705196)  7251889  7252035
  260 32.18  4.94  5.37            OU611959.1  7400801  7401043 (12556188)  +          Kuruka  Unspecified (12556188)  7400801  7401043
  986 36.52  2.04  1.85            OU611959.1  9180871  9181947 (10775284)  +          Kuruka  Unspecified (10775284)  9180871  9181947
 1588 34.71  2.58  2.77            OU611959.1 12616234 12617356 (7339875)  +          Kuruka  Unspecified (7339875) 12616234 12617356
  252 25.94  3.54  4.46            OU611959.1 14985476 14985588 (4971643)  +          Kuruka  Unspecified (4971643) 14985476 14985588
  281 22.23  0.00  1.59            OU611959.1 15527570 15527633 (4429598)  +          Kuruka  Unspecified (4429598) 15527570 15527633
 1503 35.19  1.95  2.20            OU611959.1 15528913 15530144 (4427087)  +          Kuruka  Unspecified (4427087) 15528913 15530144
  253 34.48  1.36  1.36            OU611959.1  1840468  1840614 (18116617)  C          Kuruka  Unspecified (18116617)  1840468  1840614
  252 25.94  3.54  4.46            OU611959.1  3120058  3120170 (16837061)  C          Kuruka  Unspecified (16837061)  3120058  3120170
  257 28.17  0.00  0.00            OU611959.1  6165168  6165238 (13791993)  C          Kuruka  Unspecified (13791993)  6165168  6165238
 1503 35.19  1.95  2.20            OU611959.1 15340805 15342036 (4615195)  C          Kuruka  Unspecified (4615195) 15340805 15342036
  281 22.23  0.00  1.59            OU611959.1 15343316 15343379 (4613852)  C          Kuruka  Unspecified (4613852) 15343316 15343379
  253 34.48  1.36  1.36            OU611959.1 16501018 16501164 (3456067)  C          Kuruka  Unspecified (3456067) 16501018 16501164
  232 21.74  0.00  0.00            OU611960.1  7613576  7613621 (11503187)  +          Kuruka  Unspecified (11503187)  7613576  7613621
  253 34.48  1.36  1.36            OU611960.1  9742254  9742400 (9374408)  +          Kuruka  Unspecified (9374408)  9742254  9742400
  225 33.82  3.95  5.33            OU611960.1 10462890 10463117 (8653691)  +          Kuruka  Unspecified (8653691) 10462890 10463117
  463 34.21  5.10  4.57            OU611960.1 14557508 14558095 (4558713)  +          Kuruka  Unspecified (4558713) 14557508 14558095
  807 35.24  2.78  2.92            OU611960.1  8053744  8054462 (11062346)  C          Kuruka  Unspecified (11062346)  8053744  8054462
  278 33.19  1.46  2.97            OU611960.1  8054708  8054912 (11061896)  C          Kuruka  Unspecified (11061896)  8054708  8054912
  253 34.48  1.36  1.36            OU611960.1 10592219 10592365 (8524443)  C          Kuruka  Unspecified (8524443) 10592219 10592365
  734 35.53  2.78  2.92            OU611960.1 16632721 16633439 (2483369)  C          Kuruka  Unspecified (2483369) 16632721 16633439
  268 33.19  1.46  2.97            OU611960.1 16633685 16633889 (2482919)  C          Kuruka  Unspecified (2482919) 16633685 16633889
  253 34.48  1.36  1.36            OU611960.1 18163550 18163696 (953112)  C          Kuruka  Unspecified (953112) 18163550 18163696
  241 33.36  3.95  5.33            OU611961.1   880050   880277 (18133209)  +          Kuruka  Unspecified (18133209)   880050   880277
  252 25.94  3.54  4.46            OU611961.1 10814175 10814287 (8199199)  +          Kuruka  Unspecified (8199199) 10814175 10814287
  260 30.06  6.42  6.91            OU611961.1 15945905 15946122 (3067364)  +          Kuruka  Unspecified (3067364) 15945905 15946122
  253 34.48  1.36  1.36            OU611961.1 12908131 12908277 (6105209)  C          Kuruka  Unspecified (6105209) 12908131 12908277
  489 34.27  5.08  4.55            OU611961.1 13434510 13435099 (5578387)  C          Kuruka  Unspecified (5578387) 13434510 13435099
 1790 32.48  3.93  4.01            OU611961.1 18527962 18529183 (484303)  C          Kuruka  Unspecified (484303) 18527962 18529183
  253 29.11  0.00  0.00            OU611962.1  3511205  3511283 (15235354)  +          Kuruka  Unspecified (15235354)  3511205  3511283
  255 34.23  3.02  4.59            OU611962.1  3512420  3512618 (15234019)  +          Kuruka  Unspecified (15234019)  3512420  3512618
 2038 33.22  2.64  2.72            OU611962.1  3513274  3514560 (15232077)  +          Kuruka  Unspecified (15232077)  3513274  3514560
 1788 32.25  4.01  4.10            OU611962.1  4032873  4034094 (14712543)  +          Kuruka  Unspecified (14712543)  4032873  4034094
 1850 32.57  3.93  4.01            OU611962.1  4383858  4385079 (14361558)  +          Kuruka  Unspecified (14361558)  4383858  4385079
  239 26.86  3.54  4.46            OU611962.1  6657339  6657451 (12089186)  +          Kuruka  Unspecified (12089186)  6657339  6657451
  253 34.48  1.36  1.36            OU611962.1  8819239  8819385 (9927252)  +          Kuruka  Unspecified (9927252)  8819239  8819385
  253 34.48  1.36  1.36            OU611962.1  8824291  8824437 (9922200)  +          Kuruka  Unspecified (9922200)  8824291  8824437
  253 34.48  1.36  1.36            OU611962.1 14049968 14050114 (4696523)  +          Kuruka  Unspecified (4696523) 14049968 14050114
  406 36.55  0.84  0.84            OU611962.1 16634544 16634899 (2111738)  +          Kuruka  Unspecified (2111738) 16634544 16634899
  536 33.17  3.88  3.64            OU611962.1    37836    38273 (18708364)  C          Kuruka  Unspecified (18708364)    37836    38273
  273 31.74  4.94  5.37            OU611962.1  4594500  4594742 (14151895)  C          Kuruka  Unspecified (14151895)  4594500  4594742
  253 34.48  1.36  1.36            OU611962.1  6185532  6185678 (12560959)  C          Kuruka  Unspecified (12560959)  6185532  6185678
  475 34.45  5.08  4.55            OU611962.1  6735498  6736087 (12010550)  C          Kuruka  Unspecified (12010550)  6735498  6736087
  253 34.48  1.36  1.36            OU611962.1  6807478  6807624 (11939013)  C          Kuruka  Unspecified (11939013)  6807478  6807624
  253 34.48  1.36  1.36            OU611962.1  7696677  7696823 (11049814)  C          Kuruka  Unspecified (11049814)  7696677  7696823
  253 34.48  1.36  1.36            OU611962.1 13072948 13073094 (5673543)  C          Kuruka  Unspecified (5673543) 13072948 13073094
  254 25.94  3.54  4.46            OU611962.1 15364994 15365106 (3381531)  C          Kuruka  Unspecified (3381531) 15364994 15365106
  358 37.82  0.84  0.84            OU611963.1   190259   191357 (18507829)  +          Kuruka  Unspecified (18507829)   190259   191357
  228 33.82  3.95  5.33            OU611963.1   848724   848951 (17849492)  +          Kuruka  Unspecified (17849492)   848724   848951
 1829 33.33  3.44  3.36            OU611963.1  5940284  5941503 (12756940)  +          Kuruka  Unspecified (12756940)  5940284  5941503
 1604 35.65  2.14  2.32            OU611963.1  5947216  5948338 (12750105)  +          Kuruka  Unspecified (12750105)  5947216  5948338
  795 36.10  3.44  3.44            OU611963.1  5957402  5958359 (12740084)  +          Kuruka  Unspecified (12740084)  5957402  5958359
  260 30.06  6.42  6.91            OU611963.1  7314270  7314487 (11383956)  +          Kuruka  Unspecified (11383956)  7314270  7314487
  253 34.48  1.36  1.36            OU611963.1  7906226  7906372 (10792071)  +          Kuruka  Unspecified (10792071)  7906226  7906372
 1882 32.40  3.93  4.01            OU611963.1 10536211 10537432 (8161011)  +          Kuruka  Unspecified (8161011) 10536211 10537432
  253 34.48  1.36  1.36            OU611963.1 11260722 11260868 (7437575)  +          Kuruka  Unspecified (7437575) 11260722 11260868
 1690 35.02  2.40  2.59            OU611963.1 13377392 13378514 (5319929)  +          Kuruka  Unspecified (5319929) 13377392 13378514
  367 34.41  1.59  1.59            OU611963.1  1067072  1067260 (17631183)  C          Kuruka  Unspecified (17631183)  1067072  1067260
  228 33.82  3.95  5.33            OU611963.1  7499413  7499640 (11198803)  C          Kuruka  Unspecified (11198803)  7499413  7499640
 1915 34.94  2.05  2.14            OU611963.1 16863813 16864982 (1833461)  C          Kuruka  Unspecified (1833461) 16863813 16864982
  225 33.82  3.95  5.33            OU611964.1  6612572  6612799 (11419523)  +          Kuruka  Unspecified (11419523)  6612572  6612799
  263 21.22  0.00  1.52            OU611964.1 10076848 10076914 (7955408)  +          Kuruka  Unspecified (7955408) 10076848 10076914
 2047 33.47  2.64  2.72            OU611964.1  9260569  9261855 (8770467)  C          Kuruka  Unspecified (8770467)  9260569  9261855
  263 34.23  3.02  4.59            OU611964.1  9262511  9262709 (8769613)  C          Kuruka  Unspecified (8769613)  9262511  9262709
  272 27.85  0.00  0.00            OU611964.1  9263846  9263924 (8768398)  C          Kuruka  Unspecified (8768398)  9263846  9263924
 1695 33.91  3.34  3.77            OU611964.1 13972073 13973298 (4059024)  C          Kuruka  Unspecified (4059024) 13972073 13973298
  233 28.17  0.00  0.00            OU611964.1 17829043 17829113 (203209)  C          Kuruka  Unspecified (203209) 17829043 17829113
 1373 33.29  3.61  2.41            OU611965.1  3303966  3305073 (14537416)  +          Kuruka  Unspecified (14537416)  3303966  3305073
  306 32.09  1.23  2.48            OU611965.1  3357672  3357834 (14484655)  +          Kuruka  Unspecified (14484655)  3357672  3357834
  361 30.62  2.47  1.22            OU611965.1  3372359  3372520 (14469969)  +          Kuruka  Unspecified (14469969)  3372359  3372520
  669 33.43  1.23  2.75            OU611965.1  3373153  3373558 (14468931)  +          Kuruka  Unspecified (14468931)  3373153  3373558
  663 34.32  1.45  1.45            OU611965.1  9150748  9151093 (8691396)  +          Kuruka  Unspecified (8691396)  9150748  9151093
 1205 31.47  2.66  1.95            OU611965.1  9153615  9154327 (8688162)  +          Kuruka  Unspecified (8688162)  9153615  9154327
  261 22.23  0.00  1.59            OU611965.1  9186386  9186449 (8656040)  +          Kuruka  Unspecified (8656040)  9186386  9186449
 1937 32.50  4.46  4.03            OU611965.1  9278083  9279294 (8563195)  +          Kuruka  Unspecified (8563195)  9278083  9279294
  415 35.39  1.51  2.12            OU611965.1  9289125  9289456 (8553033)  +          Kuruka  Unspecified (8553033)  9289125  9289456
  360 24.72  0.00  0.00            OU611965.1  9313138  9313226 (8529263)  +          Kuruka  Unspecified (8529263)  9313138  9313226
  253 34.48  1.36  1.36            OU611965.1 10420574 10420720 (7421769)  +          Kuruka  Unspecified (7421769) 10420574 10420720
  463 34.21  5.10  4.57            OU611965.1 12577350 12577937 (5264552)  +          Kuruka  Unspecified (5264552) 12577350 12577937
 1676 34.83  2.40  2.59            OU611965.1 13710656 13711778 (4130711)  +          Kuruka  Unspecified (4130711) 13710656 13711778
 1516 33.60  2.27  3.21            OU611965.1 14175008 14176108 (3666381)  +          Kuruka  Unspecified (3666381) 14175008 14176108
  253 34.48  1.36  1.36            OU611965.1   301593   301739 (17540750)  C          Kuruka  Unspecified (17540750)   301593   301739
  228 33.82  3.95  5.33            OU611965.1  2777048  2777275 (15065214)  C          Kuruka  Unspecified (15065214)  2777048  2777275
 1134 34.13  1.75  1.89            OU611965.1  3517579  3518731 (14324168)  C          Kuruka  Unspecified (14324168)  3517579  3518731
  251 30.66  5.11  0.00            OU611965.1  3647577  3647713 (14194776)  C          Kuruka  Unspecified (14194776)  3647577  3647713
  248 18.75  0.00  0.00            OU611965.1  3649381  3649428 (14193061)  C          Kuruka  Unspecified (14193061)  3649381  3649428
 2139 34.96  1.27  1.35            OU611965.1  3739070  3740252 (14102237)  C          Kuruka  Unspecified (14102237)  3739070  3740252
 1429 31.79  4.42  4.50            OU611965.1  3852739  3853960 (13988529)  C          Kuruka  Unspecified (13988529)  3852739  3853960
  247 34.48  1.36  1.36            OU611965.1  3963717  3963863 (13878626)  C          Kuruka  Unspecified (13878626)  3963717  3963863
  722 28.89  4.23  1.91            OU611965.1  9443668  9443974 (8398515)  C          Kuruka  Unspecified (8398515)  9443668  9443974
  523 37.18  2.46  2.46            OU611965.1  9474431  9474918 (8367571)  C          Kuruka  Unspecified (8367571)  9474431  9474918
 2012 33.31  2.64  2.72            OU611965.1 11371351 11372637 (6469852)  C          Kuruka  Unspecified (6469852) 11371351 11372637
  255 34.23  3.02  4.59            OU611965.1 11373293 11373491 (6468998)  C          Kuruka  Unspecified (6468998) 11373293 11373491
  268 27.85  0.00  0.00            OU611965.1 11374628 11374706 (6467783)  C          Kuruka  Unspecified (6467783) 11374628 11374706
 1674 35.05  1.88  1.97            OU611965.1 14042197 14043366 (3799123)  C          Kuruka  Unspecified (3799123) 14042197 14043366
 1984 34.64  1.97  2.05            OU611966.1  1128113  1129282 (16602694)  +          Kuruka  Unspecified (16602694)  1128113  1129282
 2014 34.56  1.97  2.05            OU611966.1  2627207  2628376 (15103600)  +          Kuruka  Unspecified (15103600)  2627207  2628376
  253 34.48  1.36  1.36            OU611966.1   658632   658778 (17073198)  C          Kuruka  Unspecified (17073198)   658632   658778
 2052 33.39  2.64  2.72            OU611966.1  6017243  6018529 (11713447)  C          Kuruka  Unspecified (11713447)  6017243  6018529
  272 34.23  3.02  4.59            OU611966.1  6019185  6019383 (11712593)  C          Kuruka  Unspecified (11712593)  6019185  6019383
  272 27.85  0.00  0.00            OU611966.1  6020520  6020598 (11711378)  C          Kuruka  Unspecified (11711378)  6020520  6020598
  253 34.48  1.36  1.36            OU611966.1  8256810  8256956 (9475020)  C          Kuruka  Unspecified (9475020)  8256810  8256956
 2039 34.40  2.31  2.39            OU611966.1 15201908 15203119 (2528857)  C          Kuruka  Unspecified (2528857) 15201908 15203119
  244 34.26  1.38  1.38            OU611967.1  1838061  1838205 (14230000)  +          Kuruka  Unspecified (14230000)  1838061  1838205
 1667 34.64  1.97  2.05            OU611967.1 14611930 14613099 (1455106)  +          Kuruka  Unspecified (1455106) 14611930 14613099
  459 34.80  4.76  4.23            OU611967.1  1178326  1178913 (14889292)  C          Kuruka  Unspecified (14889292)  1178326  1178913
  276 31.74  4.94  5.37            OU611967.1  8073026  8073268 (7994937)  C          Kuruka  Unspecified (7994937)  8073026  8073268
  330 31.69  5.02  5.02            OU611967.1  8734211  8734509 (7333696)  C          Kuruka  Unspecified (7333696)  8734211  8734509
  242 32.61  4.94  5.37            OU611968.1  2881116  2881358 (12741927)  +          Kuruka  Unspecified (12741927)  2881116  2881358
  489 34.27  5.08  4.55            OU611968.1  6546565  6547154 (9076131)  +          Kuruka  Unspecified (9076131)  6546565  6547154
  489 34.27  5.08  4.55            OU611968.1  7705473  7706062 (7917223)  +          Kuruka  Unspecified (7917223)  7705473  7706062
  228 33.82  3.95  5.33            OU611968.1 12356301 12356528 (3266757)  C          Kuruka  Unspecified (3266757) 12356301 12356528
  253 34.48  1.36  1.36            OU611968.1 13046719 13046865 (2576420)  C          Kuruka  Unspecified (2576420) 13046719 13046865
  737 32.92  0.31  0.31            OU611968.1 14933010 14933335 (689950)  C          Kuruka  Unspecified (689950) 14933010 14933335
  401 37.77  0.87  0.87            OU611969.1  6485237  6486335 (7650304)  +          Kuruka  Unspecified (7650304)  6485237  6486335
 1886 32.48  3.93  4.01            OU611969.1 12054546 12055767 (2080117)  +          Kuruka  Unspecified (2080117) 12054546 12055767
  253 34.48  1.36  1.36            OU611969.1  2924888  2925034 (11210850)  C          Kuruka  Unspecified (11210850)  2924888  2925034
  242 32.61  4.94  5.37            OU611969.1  3425023  3425265 (10710619)  C          Kuruka  Unspecified (10710619)  3425023  3425265
  253 34.48  1.36  1.36            OU611969.1  4978369  4978515 (9157369)  C          Kuruka  Unspecified (9157369)  4978369  4978515
  234 20.30  6.15  1.47            OU611969.1  7196931  7196995 (6938889)  C          Kuruka  Unspecified (6938889)  7196931  7196995
 1089 30.54  4.57  4.91            OU611969.1  8867757  8868369 (5267515)  C          Kuruka  Unspecified (5267515)  8867757  8868369
  952 36.04  1.67  1.33            OU611969.1  8876334  8876932 (5258952)  C          Kuruka  Unspecified (5258952)  8876334  8876932
  903 29.06  5.82  8.26            OU611969.1 11788596 11789214 (2346670)  C          Kuruka  Unspecified (2346670) 11788596 11789214
  262 28.17  0.00  0.00            OU611969.1 13690666 13690736 (445148)  C          Kuruka  Unspecified (445148) 13690666 13690736
  502 34.27  5.08  4.55            OU611969.1 13757807 13758396 (377488)  C          Kuruka  Unspecified (377488) 13757807 13758396
  257 28.17  0.00  0.00            OU611970.1   311232   311302 (13716531)  +          Kuruka  Unspecified (13716531)   311232   311302
  463 34.21  5.10  4.57            OU611970.1   453853   454440 (13573393)  +          Kuruka  Unspecified (13573393)   453853   454440
  489 34.27  5.08  4.55            OU611970.1  6577310  6577899 (7449934)  C          Kuruka  Unspecified (7449934)  6577310  6577899
  253 34.48  1.36  1.36            OU611970.1  6808752  6808898 (7218935)  C          Kuruka  Unspecified (7218935)  6808752  6808898
  489 34.27  5.08  4.55            OU611970.1  9591898  9592487 (4435346)  C          Kuruka  Unspecified (4435346)  9591898  9592487
  244 30.06  6.42  6.91            OU611970.1 12107965 12108182 (1919651)  C          Kuruka  Unspecified (1919651) 12107965 12108182
 1710 34.47  1.97  2.05            OU611970.1 13269834 13271003 (756830)  C          Kuruka  Unspecified (756830) 13269834 13271003
  432 34.57  5.10  4.57            OU611971.1  1545923  1546510 (10999678)  +          Kuruka  Unspecified (10999678)  1545923  1546510
  257 28.17  0.00  0.00            OU611971.1  4117510  4117580 (8428608)  +          Kuruka  Unspecified (8428608)  4117510  4117580
  253 34.48  1.36  1.36            OU611971.1  6498206  6498352 (6047836)  +          Kuruka  Unspecified (6047836)  6498206  6498352
 1988 34.53  1.88  1.97            OU611971.1  8501781  8502950 (4043238)  +          Kuruka  Unspecified (4043238)  8501781  8502950
  243 33.82  3.95  5.33            OU611971.1    31118    31345 (12514843)  C          Kuruka  Unspecified (12514843)    31118    31345
  251 30.06  6.42  6.91            OU611971.1  1532946  1533163 (11013025)  C          Kuruka  Unspecified (11013025)  1532946  1533163
  260 32.18  4.94  5.37            OU611971.1  5838482  5838724 (6707464)  C          Kuruka  Unspecified (6707464)  5838482  5838724
 2000 34.56  1.97  2.05            OU611971.1  7190727  7191896 (5354292)  C          Kuruka  Unspecified (5354292)  7190727  7191896
  489 34.27  5.08  4.55            OU611971.1  8246811  8247400 (4298788)  C          Kuruka  Unspecified (4298788)  8246811  8247400
 1827 32.65  3.93  4.01            OU611971.1 10997217 10998438 (1547750)  C          Kuruka  Unspecified (1547750) 10997217 10998438
  385 37.72  0.84  0.84            OU611972.1   923038   924136 (11214450)  +          Kuruka  Unspecified (11214450)   923038   924136
  913 33.82  3.40  3.24            OU611972.1  6353826  6354473 (5783370)  +          Kuruka  Unspecified (5783370)  6353826  6354473
 1802 32.73  3.93  4.01            OU611972.1  6686953  6688174 (5449669)  +          Kuruka  Unspecified (5449669)  6686953  6688174
 1442 34.46  4.07  2.77            OU611972.1   339711   340817 (11797026)  C          Kuruka  Unspecified (11797026)   339711   340817
  742 35.53  2.78  2.92            OU611972.1  2788513  2789231 (9348612)  C          Kuruka  Unspecified (9348612)  2788513  2789231
  284 32.68  1.46  2.97            OU611972.1  2789477  2789681 (9348162)  C          Kuruka  Unspecified (9348162)  2789477  2789681
 1250 35.01  2.08  2.37            OU611972.1  4073650  4074708 (8063135)  C          Kuruka  Unspecified (8063135)  4073650  4074708
  319 31.39  0.72  0.72            OU611972.1  4080331  4080468 (8057375)  C          Kuruka  Unspecified (8057375)  4080331  4080468
  281 22.23  0.00  1.59            OU611972.1  4081748  4081811 (8056032)  C          Kuruka  Unspecified (8056032)  4081748  4081811
  253 34.48  1.36  1.36            OU611972.1 10702573 10702719 (1435124)  C          Kuruka  Unspecified (1435124) 10702573 10702719
  238 35.04  3.51  4.89            OU611973.1    56502    56729 (10668100)  +          Kuruka  Unspecified (10668100)    56502    56729
 1965 35.13  1.88  1.97            OU611973.1   215718   216887 (10507942)  +          Kuruka  Unspecified (10507942)   215718   216887
  268 33.19  1.46  2.97            OU611973.1  6874589  6874793 (3850036)  +          Kuruka  Unspecified (3850036)  6874589  6874793
  721 35.53  2.78  2.92            OU611973.1  6875039  6875757 (3849072)  +          Kuruka  Unspecified (3849072)  6875039  6875757
  240 30.55  6.42  6.91            OU611973.1 10318162 10318379 (406450)  +          Kuruka  Unspecified (406450) 10318162 10318379
  253 34.48  1.36  1.36            OU611973.1  4611718  4611864 (6112965)  C          Kuruka  Unspecified (6112965)  4611718  4611864
  228 33.82  3.95  5.33            OU611974.1  9080852  9081079  (91487)  C          Kuruka  Unspecified  (91487)  9080852  9081079
  306 32.09  1.23  2.48            OU611975.1   902233   902395 (7620382)  +          Kuruka  Unspecified (7620382)   902233   902395
  253 34.48  1.36  1.36            OU611975.1  3428121  3428267 (5094510)  +          Kuruka  Unspecified (5094510)  3428121  3428267
  502 34.27  5.08  4.55            OU611975.1  3970843  3971432 (4551345)  +          Kuruka  Unspecified (4551345)  3970843  3971432
  253 34.48  1.36  1.36            OU611975.1  5194170  5194316 (3328461)  +          Kuruka  Unspecified (3328461)  5194170  5194316
  463 34.21  5.10  4.57            OU611975.1  5718829  5719416 (2803361)  +          Kuruka  Unspecified (2803361)  5718829  5719416
  263 27.04  3.45  4.35            OU611975.1  5360435  5360550 (3162227)  C          Kuruka  Unspecified (3162227)  5360435  5360550
  463 34.21  5.10  4.57            OU611976.1  3506333  3506920 (4452969)  +          Kuruka  Unspecified (4452969)  3506333  3506920
  251 30.06  6.42  6.91            OU611976.1  5319898  5320115 (2639774)  +          Kuruka  Unspecified (2639774)  5319898  5320115
  273 31.74  4.94  5.37            OU611976.1  6170043  6170285 (1789604)  +          Kuruka  Unspecified (1789604)  6170043  6170285
  261 29.56  6.42  6.91            OU611976.1  3206334  3206551 (4753338)  C          Kuruka  Unspecified (4753338)  3206334  3206551
  711 35.82  2.73  2.87            OU611976.1  6173870  6174602 (1785287)  C          Kuruka  Unspecified (1785287)  6173870  6174602
  292 32.68  1.46  2.97            OU611976.1  6174848  6175052 (1784837)  C          Kuruka  Unspecified (1784837)  6174848  6175052
  460 34.10  5.27  4.74            OU611977.1   600828   601415 (7082022)  +          Kuruka  Unspecified (7082022)   600828   601415
  357 32.02  2.13  3.00            OU611977.1  2927494  2927728 (4755709)  +          Kuruka  Unspecified (4755709)  2927494  2927728
  247 34.48  1.36  1.36            OU611977.1  3552694  3552840 (4130597)  +          Kuruka  Unspecified (4130597)  3552694  3552840
  253 34.48  1.36  1.36            OU611977.1  4096528  4096674 (3586763)  +          Kuruka  Unspecified (3586763)  4096528  4096674
  236 34.58  3.51  4.89            OU611977.1  4737071  4737298 (2946139)  +          Kuruka  Unspecified (2946139)  4737071  4737298
  252 25.94  3.54  4.46            OU611977.1  6276198  6276310 (1407127)  +          Kuruka  Unspecified (1407127)  6276198  6276310
  253 34.48  1.36  1.36            OU611977.1  5614085  5614231 (2069206)  C          Kuruka  Unspecified (2069206)  5614085  5614231
