   502 36.10 2.22 3.86           OY540809.1  11600957  11601587 (35490856) +               Kuruka     Unspecified    3935    4555  (4278)    
   402 33.43 4.49 4.49           OY540809.1  14291244  14291622 (32800821) +               Kuruka     Unspecified    3462    3840  (4993)    
   358 36.45 0.46 0.93           OY540809.1  14291731  14291946 (32800497) +               Kuruka     Unspecified    3950    4164  (4669)    
   264 36.13 1.86 2.24           OY540809.1  14292012  14292280 (32800163) +               Kuruka     Unspecified    4227    4494  (4339)    
  1686 34.44 3.29 1.84           OY540809.1  17917426  17918549 (29173894) +               Kuruka     Unspecified    3517    4656  (4177)    
   514 31.42 4.63 4.63           OY540809.1  18879638  18880004 (28212439) +               Kuruka     Unspecified    3639    4005  (4828)    
  2507 32.99 1.88 2.20           OY540809.1  20083412  20084685 (27007758) +               Kuruka     Unspecified    3489    4758  (4075)    
   233 25.44 3.39 3.39           OY540809.1  31933181  31933298 (15159145) C               Kuruka     Unspecified  (4489)    4344    4227    
   304 32.41 6.69 7.09           OY540809.1  32829249  32829517 (14262926) +               Kuruka     Unspecified    4277    4544  (4289)    
   234 38.57 3.50 3.95           OY540809.1  33801440  33802354 (13290089) C               Kuruka     Unspecified  (4393)    4440    3530    
  2320 33.45 2.89 2.82           OY540809.1  36187948  36189365 (10903078) C               Kuruka     Unspecified  (3976)    4857    3439    
   444 35.90 3.06 3.06           OY540809.1  36189689  36190277 (10902166) C               Kuruka     Unspecified  (5683)    3150    2562    
   314 30.93 3.64 3.64           OY540809.1  37936945  37937246 (9155197) +               Kuruka     Unspecified    2757    3058  (5775)    
  2251 33.64 2.07 2.80           OY540809.1  37937788  37939044 (9153399) +               Kuruka     Unspecified    3528    4775  (4058)    
   253 30.75 2.14 4.37           OY540809.1  38495487  38495673 (8596770) C               Kuruka     Unspecified  (4455)    4378    4196    
   280 33.21 4.73 4.73           OY540809.1  38496037  38496311 (8596132) C               Kuruka     Unspecified  (5001)    3832    3558    
   398 34.01 2.93 4.59           OY540809.1  43586742  43587117 (3505326) C               Kuruka     Unspecified  (4993)    3840    3471    
   444 35.90 3.06 3.06           OY540810.1  17806507  17807095 (22649819) +               Kuruka     Unspecified    2562    3150  (5683)    
  2320 33.45 2.89 2.82           OY540810.1  17807419  17808836 (22648078) +               Kuruka     Unspecified    3439    4857  (3976)    
   280 37.82 3.61 4.06           OY540810.1  17958232  17959146 (22497768) C               Kuruka     Unspecified  (4393)    4440    3530    
  1058 35.79 0.70 0.87           OY540810.1  17997453  17998027 (22458887) C               Kuruka     Unspecified  (4282)    4551    3978    
   609 36.14 1.19 1.19           OY540810.1  17998161  17998496 (22458418) C               Kuruka     Unspecified  (4989)    3844    3509    
  2505 32.91 1.88 2.28           OY540810.1  21951156  21952430 (18504484) C               Kuruka     Unspecified  (4075)    4758    3489    
   267 31.07 2.73 5.03           OY540810.1  29680612  29680794 (10776120) C               Kuruka     Unspecified  (4456)    4377    4199    
   330 37.93 3.08 3.08           OY540810.1  34678667  34679153 (5777761) C               Kuruka     Unspecified  (4721)    4112    3626    
  1250 36.68 3.33 2.91           OY540811.1   3940918   3942147 (32836892) C               Kuruka     Unspecified  (4162)    4671    3437    
   312 30.93 3.64 3.64           OY540811.1  21059202  21059503 (15719536) +               Kuruka     Unspecified    2757    3058  (5775)    
  2285 33.48 2.07 2.80           OY540811.1  21060045  21061301 (15717738) +               Kuruka     Unspecified    3528    4775  (4058)    
  2271 33.48 2.07 2.80           OY540811.1  32398160  32399416 (4379623) C               Kuruka     Unspecified  (4058)    4775    3528    
   314 30.93 3.64 3.64           OY540811.1  32399958  32400259 (4378780) C               Kuruka     Unspecified  (5775)    3058    2757    
   244 27.13 4.44 4.44           OY540811.1  34137534  34137668 (2641371) C               Kuruka     Unspecified  (4475)    4358    4224    
  1857 32.00 3.27 2.75           OY540811.1  34409991  34411182 (2367857) +               Kuruka     Unspecified    3420    4617  (4216)    
  2478 33.23 1.88 2.20           OY540811.1  36561990  36563263 (215776) +               Kuruka     Unspecified    3489    4758  (4075)    
  2300 33.23 2.31 3.04           OY540812.1   3605353   3606609 (32241996) C               Kuruka     Unspecified  (4058)    4775    3528    
   298 31.27 3.64 3.64           OY540812.1   3607151   3607452 (32241153) C               Kuruka     Unspecified  (5775)    3058    2757    
   267 31.07 2.73 5.03           OY540812.1  12752475  12752657 (23095948) C               Kuruka     Unspecified  (4456)    4377    4199    
   254 30.75 2.14 4.37           OY540812.1  21038889  21039075 (14809530) C               Kuruka     Unspecified  (4455)    4378    4196    
   280 33.21 4.73 4.73           OY540812.1  21039439  21039713 (14808892) C               Kuruka     Unspecified  (5001)    3832    3558    
  2269 33.56 2.07 2.80           OY540812.1  26218930  26220186 (9628419) C               Kuruka     Unspecified  (4058)    4775    3528    
   298 31.27 3.64 3.64           OY540812.1  26220728  26221029 (9627576) C               Kuruka     Unspecified  (5775)    3058    2757    
  1805 32.17 3.27 2.75           OY540812.1  27482806  27483997 (8364608) C               Kuruka     Unspecified  (4216)    4617    3420    
   302 34.19 3.89 3.89           OY540812.1  34270561  34270843 (1577762) C               Kuruka     Unspecified  (4993)    3840    3558    
   293 32.88 5.53 1.64           OY540812.1  35032822  35033056 (815549) +               Kuruka     Unspecified    3757    4000  (4833)    
   298 31.27 3.64 3.64           OY540812.1  35484360  35484661 (363944) +               Kuruka     Unspecified    2757    3058  (5775)    
  2269 33.56 2.07 2.80           OY540812.1  35485203  35486459 (362146) +               Kuruka     Unspecified    3528    4775  (4058)    
   241 33.81 2.74 2.74           OY540812.1  35616608  35616826 (231779) C               Kuruka     Unspecified  (4989)    3844    3626    
  2304 33.23 2.31 3.04           OY540812.1  35783464  35784720  (63885) +               Kuruka     Unspecified    3528    4775  (4058)    
  2269 33.56 2.07 2.80           OY540812.1  35791800  35793056  (55549) C               Kuruka     Unspecified  (4058)    4775    3528    
   298 31.27 3.64 3.64           OY540812.1  35793598  35793899  (54706) C               Kuruka     Unspecified  (5775)    3058    2757    
   238 27.13 4.44 4.44           OY540813.1  23898683  23898817 (11538778) C               Kuruka     Unspecified  (4475)    4358    4224    
   298 31.27 3.64 3.64           OY540813.1  25852920  25853221 (9584374) +               Kuruka     Unspecified    2757    3058  (5775)    
  2295 33.31 2.07 2.80           OY540813.1  25853763  25855019 (9582576) +               Kuruka     Unspecified    3528    4775  (4058)    
   240 27.13 4.44 4.44           OY540813.1  32169379  32169513 (3268082) +               Kuruka     Unspecified    4224    4358  (4475)    
   225 29.41 3.53 0.00           OY540813.1  33996243  33996327 (1441268) +               Kuruka     Unspecified    7642    7729  (1104)    
   317 37.93 3.08 3.08           OY540813.1  34610032  34610518 (827077) +               Kuruka     Unspecified    3626    4112  (4721)    
  2263 33.56 2.07 2.80           OY540813.1  34774861  34776117 (661478) C               Kuruka     Unspecified  (4058)    4775    3528    
   314 30.93 3.64 3.64           OY540813.1  34776659  34776960 (660635) C               Kuruka     Unspecified  (5775)    3058    2757    
  2127 32.86 3.45 3.21           OY540814.1   3916255   3917499 (25722875) C               Kuruka     Unspecified  (4058)    4775    3528    
   298 31.27 3.64 3.64           OY540814.1   3918039   3918340 (25722034) C               Kuruka     Unspecified  (5775)    3058    2757    
   229 27.13 4.44 4.44           OY540814.1   3928344   3928478 (25711896) C               Kuruka     Unspecified  (4475)    4358    4224    
  1530 34.23 4.04 2.52           OY540814.1   4795150   4796165 (24844209) +               Kuruka     Unspecified    3539    4569  (4264)    
  1083 35.64 1.79 2.21           OY540814.1   5236982   5237707 (24402667) +               Kuruka     Unspecified    3913    4635  (4198)    
   314 30.93 3.64 3.64           OY540814.1  14918087  14918388 (14721986) +               Kuruka     Unspecified    2757    3058  (5775)    
  2289 33.40 2.07 2.80           OY540814.1  14918930  14920186 (14720188) +               Kuruka     Unspecified    3528    4775  (4058)    
   341 32.06 1.60 1.60           OY540815.1    135090    135276 (24798107) C               Kuruka     Unspecified  (4175)    4658    4472    
  1665 32.92 5.31 1.97           OY540815.1    188882    190161 (24743222) C               Kuruka     Unspecified  (4075)    4758    3437    
  1912 33.48 2.64 2.82           OY540815.1    820552    821688 (24111695) C               Kuruka     Unspecified  (4175)    4658    3524    
   444 35.90 3.06 3.06           OY540815.1  18611797  18612385 (6320998) +               Kuruka     Unspecified    2562    3150  (5683)    
  2320 33.45 2.89 2.82           OY540815.1  18612709  18614126 (6319257) +               Kuruka     Unspecified    3439    4857  (3976)    
  2255 33.56 2.07 2.80           OY540816.1    893621    894877 (23003865) C               Kuruka     Unspecified  (4058)    4775    3528    
   310 31.58 1.16 1.16           OY540816.1    895419    895591 (23003151) C               Kuruka     Unspecified  (5775)    3058    2886    
   253 30.39 5.88 0.00           OY540816.1   1314908   1315009 (22583733) C               Kuruka     Unspecified  (4503)    4330    4223    
  2341 32.68 1.83 1.92           OY540817.1   1178024   1179115 (22107136) +               Kuruka     Unspecified    3488    4578  (4255)    
  2341 33.57 1.56 1.65           OY540817.1   2034517   2035670 (21250581) +               Kuruka     Unspecified    3507    4659  (4174)    
   248 37.02 4.37 3.61           OY540817.1   2499439   2499850 (20786401) +               Kuruka     Unspecified    3627    4041  (4792)    
   528 36.70 0.74 0.74           OY540818.1   1326657   1326925 (19034581) +               Kuruka     Unspecified    3509    3777  (5056)    
   993 36.32 0.70 0.87           OY540818.1   1341983   1342557 (19018949) +               Kuruka     Unspecified    3978    4551  (4282)    
   242 38.23 3.50 3.95           OY540818.1   1360087   1361001 (19000505) C               Kuruka     Unspecified  (4393)    4440    3530    
  2362 34.24 1.96 2.28           OY540819.1    826861    828136 (19426894) C               Kuruka     Unspecified  (4073)    4760    3489    
  2318 34.40 1.96 2.28           OY540819.1    968611    969886 (19285144) C               Kuruka     Unspecified  (4073)    4760    3489    
   297 31.27 3.64 3.64           OY540819.1   1804197   1804498 (18450532) +               Kuruka     Unspecified    2757    3058  (5775)    
  2324 32.93 2.23 2.88           OY540819.1   1805040   1806296 (18448734) +               Kuruka     Unspecified    3528    4776  (4057)    
   227 31.32 2.14 4.37           OY540819.1   1822037   1822223 (18432807) C               Kuruka     Unspecified  (4455)    4378    4196    
   298 32.82 4.73 4.73           OY540819.1   1822587   1822861 (18432169) C               Kuruka     Unspecified  (5001)    3832    3558    
  2371 34.17 1.96 2.28           OY540819.1   1865338   1866613 (18388417) +               Kuruka     Unspecified    3489    4760  (4073)    
   230 30.67 3.21 5.92           OY540819.1   2293802   2293957 (17961073) C               Kuruka     Unspecified  (4455)    4378    4227    
  1822 32.47 3.10 2.59           OY540819.1   2604521   2605712 (17649318) C               Kuruka     Unspecified  (4216)    4617    3420    
  2368 32.59 1.83 1.92           OY540819.1   2694018   2695109 (17559921) C               Kuruka     Unspecified  (4255)    4578    3488    
  1020 32.57 1.65 1.86           OY540819.1   2768834   2769318 (17485712) +               Kuruka     Unspecified    4164    4647  (4186)    
   298 31.27 3.64 3.64           OY540819.1  14785018  14785319 (5469711) +               Kuruka     Unspecified    2757    3058  (5775)    
  2277 33.31 2.31 3.04           OY540819.1  14785861  14787117 (5467913) +               Kuruka     Unspecified    3528    4775  (4058)    
   626 31.89 3.91 4.17           OY540820.1     30840     31248 (19232307) +               Kuruka     Unspecified    3417    3824  (5009)    
   293 38.21 0.47 0.94           OY540820.1     45217     45430 (19218125) C               Kuruka     Unspecified  (4671)    4162    3950    
   255 31.61 4.46 4.46           OY540820.1     45539     45740 (19217815) C               Kuruka     Unspecified  (4993)    3840    3639    
   303 34.19 3.89 3.89           OY540820.1   2414801   2415083 (16848472) +               Kuruka     Unspecified    3558    3840  (4993)    
   336 37.85 2.87 2.87           OY540820.1   4293121   4293607 (14969948) +               Kuruka     Unspecified    3626    4112  (4721)    
   502 36.10 2.22 3.86           OY540820.1   6383202   6383832 (12879723) +               Kuruka     Unspecified    3935    4555  (4278)    
  2263 33.56 2.07 2.80           OY540820.1  10039913  10041169 (9222386) C               Kuruka     Unspecified  (4058)    4775    3528    
   314 30.93 3.64 3.64           OY540820.1  10041711  10042012 (9221543) C               Kuruka     Unspecified  (5775)    3058    2757    
  1015 30.87 2.79 3.00           OY540821.1    288533    289033 (17618673) +               Kuruka     Unspecified    4160    4659  (4174)    
   340 29.51 11.16 1.45           OY540821.1    350638    350888 (17556818) +               Kuruka     Unspecified    3420    3694  (5139)    
   685 29.36 6.47 3.82           OY540821.1    361078    361587 (17546119) +               Kuruka     Unspecified    3461    3983  (4850)    
  1429 36.00 3.00 2.75           OY540821.1   2999880   3001113 (14906593) C               Kuruka     Unspecified  (4160)    4673    3437    
  1379 35.36 3.97 3.02           OY540821.1   3004990   3006071 (14901635) C               Kuruka     Unspecified  (4298)    4535    3444    
  2295 33.40 2.07 2.80           OY540822.1    134014    135270 (16700946) C               Kuruka     Unspecified  (4058)    4775    3528    
   298 31.27 3.64 3.64           OY540822.1    135812    136113 (16700103) C               Kuruka     Unspecified  (5775)    3058    2757    
   240 31.37 5.88 0.00           OY540822.1    463190    463291 (16372925) C               Kuruka     Unspecified  (4503)    4330    4223    
  2237 33.54 2.33 2.91           OY540822.1    513859    515102 (16321114) C               Kuruka     Unspecified  (4069)    4764    3528    
   314 30.93 3.64 3.64           OY540822.1    515644    515945 (16320271) C               Kuruka     Unspecified  (5775)    3058    2757    
   304 36.97 0.00 0.00           OY540822.1    652122    652286 (16183930) C               Kuruka     Unspecified  (4676)    4157    3993    
   386 34.65 5.04 0.34           OY540822.1    652407    652684 (16183532) C               Kuruka     Unspecified  (4995)    3838    3548    
   609 35.46 2.84 2.84           OY540822.1    763079    763676 (16072540) C               Kuruka     Unspecified  (4297)    4536    3939    
  1276 36.51 3.33 2.91           OY540822.1   1357520   1358749 (15477467) +               Kuruka     Unspecified    3437    4671  (4162)    
  2477 33.15 1.88 2.20           OY540822.1   1645339   1646612 (15189604) C               Kuruka     Unspecified  (4075)    4758    3489    
  1623 34.69 2.35 2.44           OY540822.1   1984288   1985395 (14850821) +               Kuruka     Unspecified    3502    4608  (4225)    
   378 38.31 1.73 1.93           OY540822.1   2040749   2041267 (14794949) +               Kuruka     Unspecified    3938    4455  (4378)    
   378 38.31 1.73 1.93           OY540822.1   2183577   2184095 (14652121) C               Kuruka     Unspecified  (4378)    4455    3938    
   303 34.19 3.89 3.89           OY540822.1   2685147   2685429 (14150787) +               Kuruka     Unspecified    3558    3840  (4993)    
  2172 34.38 2.38 2.30           OY540822.1   2771821   2773121 (14063095) C               Kuruka     Unspecified  (4073)    4760    3459    
   236 34.04 5.48 3.97           OY540822.1   2773543   2774163 (14062053) C               Kuruka     Unspecified  (5765)    3068    2439    
  2188 34.47 2.44 2.51           OY540822.1   2996591   2997986 (13838230) C               Kuruka     Unspecified  (3980)    4853    3459    
   444 35.90 3.06 3.06           OY540822.1   3412811   3413399 (13422817) +               Kuruka     Unspecified    2562    3150  (5683)    
  2217 33.74 2.89 2.82           OY540822.1   3413723   3415140 (13421076) +               Kuruka     Unspecified    3439    4857  (3976)    
   302 34.00 5.58 5.97           OY540822.1   3452499   3452767 (13383449) C               Kuruka     Unspecified  (4289)    4544    4277    
   288 34.54 0.71 0.71           OY540822.1   3498983   3499122 (13337094) C               Kuruka     Unspecified  (5133)    3700    3561    
  2258 33.24 1.83 1.92           OY540822.1   3667521   3668612 (13167604) C               Kuruka     Unspecified  (4255)    4578    3488    
  2317 34.27 2.04 2.36           OY540822.1   3684784   3686059 (13150157) C               Kuruka     Unspecified  (4073)    4760    3489    
   513 36.27 2.41 1.19           OY540822.1   3778146   3778477 (13057739) +               Kuruka     Unspecified    3509    3844  (4989)    
   997 34.64 1.02 1.02           OY540822.1   3778564   3779053 (13057163) +               Kuruka     Unspecified    3966    4455  (4378)    
  1114 36.58 3.03 2.60           OY540822.1   3808080   3809036 (13027180) C               Kuruka     Unspecified  (4058)    4775    3815    
  1042 24.38 1.06 3.24           OY540822.1   3810701   3810984 (13025232) C               Kuruka     Unspecified  (5028)    3805    3528    
  1842 35.93 2.18 2.26           OY540822.1   4053081   4054367 (12781849) C               Kuruka     Unspecified  (4059)    4774    3489    
   232 27.15 4.88 1.18           OY540822.1   4258336   4258417 (12577799) C               Kuruka     Unspecified  (5003)    3830    3746    
  2157 33.44 3.21 3.04           OY540822.1   4394525   4395770 (12440446) C               Kuruka     Unspecified  (4058)    4775    3528    
   315 33.90 2.32 2.32           OY540822.1   4396312   4396613 (12439603) C               Kuruka     Unspecified  (5775)    3058    2757    
  2157 33.44 3.21 3.04           OY540822.1   4401402   4402647 (12433569) C               Kuruka     Unspecified  (4058)    4775    3528    
   315 33.90 2.32 2.32           OY540822.1   4403189   4403490 (12432726) C               Kuruka     Unspecified  (5775)    3058    2757    
  1666 35.62 2.79 2.88           OY540822.1   4530699   4531915 (12304301) +               Kuruka     Unspecified    3444    4659  (4174)    
  1948 33.19 4.64 2.04           OY540822.1   4739675   4740772 (12095444) +               Kuruka     Unspecified    3531    4656  (4177)    
  2234 33.48 2.31 3.04           OY540822.1   4751036   4752292 (12083924) C               Kuruka     Unspecified  (4058)    4775    3528    
   282 31.61 3.64 3.64           OY540822.1   4752834   4753135 (12083081) C               Kuruka     Unspecified  (5775)    3058    2757    
  2320 33.45 2.89 2.82           OY540822.1   5108644   5110061 (11726155) C               Kuruka     Unspecified  (3976)    4857    3439    
   444 35.90 3.06 3.06           OY540822.1   5110385   5110973 (11725243) C               Kuruka     Unspecified  (5683)    3150    2562    
  2342 33.57 1.56 1.65           OY540822.1   5303986   5305139 (11531077) C               Kuruka     Unspecified  (4174)    4659    3507    
   362 32.88 1.32 1.32           OY540822.1   5366122   5366272 (11469944) +               Kuruka     Unspecified    4395    4545  (4288)    
   312 30.93 3.64 3.64           OY540822.1   5391250   5391551 (11444665) +               Kuruka     Unspecified    2757    3058  (5775)    
  2313 33.31 2.31 3.04           OY540822.1   5392093   5393349 (11442867) +               Kuruka     Unspecified    3528    4775  (4058)    
   609 36.14 1.19 1.19           OY540822.1   5432151   5432486 (11403730) +               Kuruka     Unspecified    3509    3844  (4989)    
  1050 35.79 0.70 0.87           OY540822.1   5432620   5433194 (11403022) +               Kuruka     Unspecified    3978    4551  (4282)    
  2339 33.57 1.56 1.65           OY540822.1   5987735   5988888 (10847328) +               Kuruka     Unspecified    3507    4659  (4174)    
   518 36.00 2.24 3.73           OY540822.1   6203052   6203677 (10632539) C               Kuruka     Unspecified  (4278)    4555    3939    
  1831 32.09 3.27 2.75           OY540822.1   6408940   6410131 (10426085) C               Kuruka     Unspecified  (4216)    4617    3420    
   241 35.42 0.00 0.00           OY540822.1   6478519   6478614 (10357602) +               Kuruka     Unspecified    4052    4147  (4686)    
   262 27.27 0.00 0.00           OY540822.1   6479646   6479711 (10356505) +               Kuruka     Unspecified    3620    3685  (5148)    
   783 34.67 0.53 0.53           OY540822.1   6482568   6482941 (10353275) +               Kuruka     Unspecified    3930    4303  (4530)    
   588 36.64 0.89 0.89           OY540822.1   6615478   6615813 (10220403) +               Kuruka     Unspecified    3509    3844  (4989)    
  1001 35.27 1.22 1.39           OY540822.1   6615947   6616521 (10219695) +               Kuruka     Unspecified    3978    4551  (4282)    
   329 38.91 0.77 1.16           OY540822.1   6748499   6748758 (10087458) +               Kuruka     Unspecified    4326    4584  (4249)    
