  227 28.52  8.80  5.86            OY292274.1 21086226 21086441 (50385351)  +          Kuruka  Unspecified (50385351) 21086226 21086441
 2345 32.46  2.49  2.58            OY292274.1  7739993  7741118 (63730674)  C          Kuruka  Unspecified (63730674)  7739993  7741118
  307 36.11  4.08  4.08            OY292274.1  7741476  7742087 (63729705)  C          Kuruka  Unspecified (63729705)  7741476  7742087
  252 33.76  1.78  3.61            OY292274.1 14978537 14978705 (56493087)  C          Kuruka  Unspecified (56493087) 14978537 14978705
  261 34.54  4.30  2.46            OY292274.1 29789619 29789897 (41681895)  C          Kuruka  Unspecified (41681895) 29789619 29789897
  253 27.71  4.49  5.16            OY292274.1 40368823 40368978 (31102814)  C          Kuruka  Unspecified (31102814) 40368823 40368978
  895 34.74  3.76  3.76            OY292274.1 47350930 47351647 (24120145)  C          Kuruka  Unspecified (24120145) 47350930 47351647
  253 27.71  4.49  5.16            OY292274.1 51587586 51587741 (19884051)  C          Kuruka  Unspecified (19884051) 51587586 51587741
  265 33.15  4.76  2.33            OY292274.1 51946650 51946859 (19524933)  C          Kuruka  Unspecified (19524933) 51946650 51946859
  307 36.11  4.08  4.08            OY292275.1 26875642 26876253 (37793541)  +          Kuruka  Unspecified (37793541) 26875642 26876253
 2363 32.37  2.49  2.58            OY292275.1 26876611 26877736 (37792058)  +          Kuruka  Unspecified (37792058) 26876611 26877736
  728 33.20  1.75  4.36            OY292275.1 36929798 36930197 (27739597)  +          Kuruka  Unspecified (27739597) 36929798 36930197
  338 28.82  2.31  1.72            OY292275.1 36933180 36933352 (27736442)  +          Kuruka  Unspecified (27736442) 36933180 36933352
  492 33.95  0.45  1.37            OY292275.1 36938957 36939177 (27730617)  +          Kuruka  Unspecified (27730617) 36938957 36939177
  245 29.65  3.91  3.91            OY292275.1 36947457 36947635 (27722159)  +          Kuruka  Unspecified (27722159) 36947457 36947635
  973 32.22  0.55  0.55            OY292275.1 36948081 36948442 (27721352)  +          Kuruka  Unspecified (27721352) 36948081 36948442
  575 34.27  0.80  0.80            OY292275.1 36951564 36951813 (27717981)  +          Kuruka  Unspecified (27717981) 36951564 36951813
  549 33.07  6.41  1.01            OY292275.1 52566408 52566688 (12103106)  +          Kuruka  Unspecified (12103106) 52566408 52566688
  234 29.23  7.87  4.95            OY292275.1 23907905 23908120 (40761674)  C          Kuruka  Unspecified (40761674) 23907905 23908120
  244 14.63  0.00  0.00            OY292275.1 27675941 27675981 (36993813)  C          Kuruka  Unspecified (36993813) 27675941 27675981
  252 33.76  1.78  3.61            OY292275.1 29899303 29899471 (34770323)  C          Kuruka  Unspecified (34770323) 29899303 29899471
  310 33.07  4.30  2.46            OY292275.1 30307290 30307568 (34362226)  C          Kuruka  Unspecified (34362226) 30307290 30307568
  363 30.98  3.76  1.05            OY292276.1  1808092  1808277 (61161218)  +          Kuruka  Unspecified (61161218)  1808092  1808277
  253 27.71  4.49  5.16            OY292276.1  3877125  3877280 (59092215)  C          Kuruka  Unspecified (59092215)  3877125  3877280
  257 32.49  5.71  3.26            OY292277.1 37586886 37587095 (17794180)  +          Kuruka  Unspecified (17794180) 37586886 37587095
  413 34.62  2.84  2.52            OY292277.1 37624551 37624867 (17756408)  C          Kuruka  Unspecified (17756408) 37624551 37624867
  306 34.61  0.76  0.76            OY292277.1 37636536 37636666 (17744609)  C          Kuruka  Unspecified (17744609) 37636536 37636666
  301 35.27  4.07  4.46            OY292277.1 37637700 37637969 (17743306)  C          Kuruka  Unspecified (17743306) 37637700 37637969
  331 30.98  3.76  1.05            OY292277.1 52410568 52410753 (2970522)  C          Kuruka  Unspecified (2970522) 52410568 52410753
  241 33.33  0.81  0.81            OY292278.1 12786350 12786473 (39533358)  +          Kuruka  Unspecified (39533358) 12786350 12786473
  737 32.17  1.48  1.48            OY292278.1 12786943 12788033 (39532618)  +          Kuruka  Unspecified (39532618) 12786943 12788033
  550 35.82  2.42  2.63            OY292278.1 28038722 28039217 (24280614)  C          Kuruka  Unspecified (24280614) 28038722 28039217
  332 36.86  4.08  1.13            OY292278.1 28214881 28215223 (24104608)  C          Kuruka  Unspecified (24104608) 28214881 28215223
  240 34.38  1.78  3.61            OY292278.1 28220955 28221123 (24098708)  C          Kuruka  Unspecified (24098708) 28220955 28221123
  253 27.71  4.49  5.16            OY292279.1 13365172 13365327 (33491602)  +          Kuruka  Unspecified (33491602) 13365172 13365327
  232 19.67 11.48  0.00            OY292279.1 33056897 33056957 (13799972)  +          Kuruka  Unspecified (13799972) 33056897 33056957
  361 29.88  3.76  1.05            OY292279.1 41268648 41268833 (5588096)  +          Kuruka  Unspecified (5588096) 41268648 41268833
  229 19.22  0.00 15.62            OY292279.1 46367397 46367470 (489459)  +          Kuruka  Unspecified (489459) 46367397 46367470
