  1307 35.93 2.21 2.54           CM017797.1  16260500  16261764 (85208621) +               Kuruka     Unspecified    3588    4848  (3985)    
   642 37.01 4.04 3.83           CM017797.1  17973150  17974138 (83496247) C               Kuruka     Unspecified  (4390)    4443    3453    
  1029 36.08 3.15 3.15           CM017797.1  26945811  26946889 (74523496) +               Kuruka     Unspecified    3458    4536  (4297)    
   317 35.04 5.20 4.30           CM017797.1  26985640  26985985 (74484400) C               Kuruka     Unspecified  (4258)    4575    4227    
   460 37.50 3.80 4.01           CM017797.1  27763788  27764787 (73705598) +               Kuruka     Unspecified    3456    4453  (4380)    
   574 34.92 5.67 2.07           CM017797.1  28068455  28069106 (73401279) +               Kuruka     Unspecified    3575    4249  (4584)    
   657 38.82 1.78 1.90           CM017797.1  28145817  28146714 (73323671) +               Kuruka     Unspecified    3478    4374  (4459)    
   263 39.07 5.46 3.61           CM017797.1  28172040  28173101 (73297284) C               Kuruka     Unspecified  (4297)    4536    3456    
   510 35.91 3.04 3.04           CM017797.1  41250905  41251530 (60218855) +               Kuruka     Unspecified    3531    4156  (4677)    
   626 37.58 3.13 3.24           CM017797.1  44841966  44842955 (56627430) C               Kuruka     Unspecified  (4389)    4444    3456    
   957 37.12 2.87 2.97           CM017797.1  44847114  44848193 (56622192) +               Kuruka     Unspecified    3458    4536  (4297)    
  1254 35.86 2.30 2.62           CM017797.1  45153915  45155177 (56315208) +               Kuruka     Unspecified    3590    4848  (3985)    
   586 37.05 4.15 3.94           CM017797.1  47542867  47543855 (53926530) +               Kuruka     Unspecified    3453    4443  (4390)    
   658 35.71 2.17 1.83           CM017797.1  55567282  55567880 (45902505) C               Kuruka     Unspecified  (4676)    4157    3557    
   273 32.58 0.00 0.00           CM017797.1  55573055  55573143 (45897242) +               Kuruka     Unspecified    4224    4312  (4521)    
   638 35.36 3.17 3.02           CM017797.1  55591714  55592375 (45878010) C               Kuruka     Unspecified  (4677)    4156    3494    
   394 39.89 2.00 2.00           CM017797.1  55664029  55664729 (45805656) C               Kuruka     Unspecified  (4677)    4156    3456    
   746 37.53 3.34 3.43           CM017797.1  55675816  55676894 (45793491) +               Kuruka     Unspecified    3459    4536  (4297)    
   459 38.46 2.25 2.56           CM017797.1  62578316  62578982 (38891403) +               Kuruka     Unspecified    3456    4120  (4713)    
  1283 35.96 2.29 2.54           CM017797.1  68821594  68822857 (32647528) C               Kuruka     Unspecified  (3985)    4848    3588    
   966 36.56 2.72 2.55           CM017797.1  70438485  70439660 (31030725) C               Kuruka     Unspecified  (4225)    4608    3431    
  1056 35.79 3.15 3.15           CM017797.1  70459086  70460164 (31010221) C               Kuruka     Unspecified  (4297)    4536    3458    
  1024 36.68 3.56 3.26           CM017797.1  70495490  70496529 (30973856) C               Kuruka     Unspecified  (4297)    4536    3494    
   622 37.36 2.23 2.08           CM017797.1  70542515  70543233 (30927152) C               Kuruka     Unspecified  (4656)    4177    3458    
   713 37.10 2.42 2.42           CM017797.1  73382511  73383336 (28087049) +               Kuruka     Unspecified    3478    4303  (4530)    
   628 34.88 4.32 4.72           CM017797.1  73430853  73432149 (28038236) +               Kuruka     Unspecified    3557    4848  (3985)    
   929 36.74 2.72 2.55           CM017797.1  73535814  73536989 (27933396) C               Kuruka     Unspecified  (4225)    4608    3431    
   563 34.73 1.65 1.65           CM017797.1  74488467  74488829 (26981556) +               Kuruka     Unspecified    3485    3847  (4986)    
   551 38.00 1.79 1.61           CM017797.1  74488959  74489517 (26980868) +               Kuruka     Unspecified    3977    4536  (4297)    
  1109 35.66 3.06 3.15           CM017797.1  79932531  79933610 (21536775) +               Kuruka     Unspecified    3458    4536  (4297)    
  1303 36.02 2.22 2.46           CM017797.1  83524545  83525808 (17944577) C               Kuruka     Unspecified  (3985)    4848    3588    
   967 36.65 3.11 2.46           CM017797.1  95428687  95429939 (6040446) C               Kuruka     Unspecified  (3985)    4848    3588    
   753 35.78 2.63 2.63           CM017797.1  95649243  95650040 (5820345) C               Kuruka     Unspecified  (4479)    4354    3557    
   534 37.57 3.03 2.91           CM017798.1    165405    166229 (39540828) C               Kuruka     Unspecified  (4530)    4303    3478    
   269 27.27 6.82 0.00           CM017798.1    198821    198908 (39508149) +               Kuruka     Unspecified    3741    3834  (4999)    
   231 35.50 2.59 2.59           CM017798.1    199040    199386 (39507671) +               Kuruka     Unspecified    3966    4312  (4521)    
   773 37.77 2.48 2.48           CM017798.1   2395329   2396254 (37310803) +               Kuruka     Unspecified    3575    4500  (4333)    
  1307 35.93 2.21 2.54           CM017798.1   9189223   9190487 (30516570) C               Kuruka     Unspecified  (3985)    4848    3588    
   727 35.70 2.76 2.76           CM017798.1   9278814   9279611 (30427446) C               Kuruka     Unspecified  (4479)    4354    3557    
   744 35.70 2.76 2.76           CM017798.1   9341383   9342180 (30364877) +               Kuruka     Unspecified    3557    4354  (4479)    
   373 35.86 4.65 4.35           CM017798.1  10103780  10104467 (29602590) +               Kuruka     Unspecified    3754    4443  (4390)    
   301 30.60 4.19 4.19           CM017798.1  16273598  16273788 (23433269) C               Kuruka     Unspecified  (4677)    4156    3966    
   550 37.93 1.60 1.79           CM017798.1  27107358  27107918 (12599139) C               Kuruka     Unspecified  (4297)    4536    3977    
   575 34.92 1.37 1.65           CM017798.1  27108048  27108411 (12598646) C               Kuruka     Unspecified  (4986)    3847    3485    
   648 37.01 4.05 3.73           CM017798.1  37145422  37146409 (2560648) +               Kuruka     Unspecified    3453    4443  (4390)    
   239 29.41 0.00 0.00           CM017798.1  39292488  39292555 (414502) +               Kuruka     Unspecified    3939    4006  (4827)    
  1035 35.88 3.15 3.15           CM017799.1   8569616   8570694 (30214640) +               Kuruka     Unspecified    3458    4536  (4297)    
  1303 36.02 2.22 2.46           CM017799.1  14645908  14647171 (24138163) C               Kuruka     Unspecified  (3985)    4848    3588    
   995 34.69 3.79 4.08           CM017799.1  18838430  18839511 (19945823) C               Kuruka     Unspecified  (4297)    4536    3458    
  1221 35.99 2.37 2.70           CM017799.1  23152108  23153372 (15631962) +               Kuruka     Unspecified    3588    4848  (3985)    
   642 37.01 4.04 3.83           CM017799.1  36937862  36938850 (1846484) +               Kuruka     Unspecified    3453    4443  (4390)    
  1274 36.31 2.13 2.46           CM017799.1  37580913  37582177 (1203157) C               Kuruka     Unspecified  (3985)    4848    3588    
   550 37.93 1.60 1.79           CM017799.1  37816209  37816769 (968565) C               Kuruka     Unspecified  (4297)    4536    3977    
   567 34.92 1.37 2.20           CM017799.1  37816899  37817264 (968070) C               Kuruka     Unspecified  (4986)    3847    3485    
  1274 35.83 2.38 2.54           CM017800.1  11252636  11253898 (21397646) +               Kuruka     Unspecified    3588    4848  (3985)    
  1200 35.76 2.85 3.01           CM017800.1  26834063  26835325 (5816219) C               Kuruka     Unspecified  (3985)    4848    3588    
   314 28.06 2.80 2.80           CM017800.1  27640668  27640810 (5010734) +               Kuruka     Unspecified    3575    3717  (5116)    
   307 31.68 11.86 3.87           CM017800.1  27640952  27641263 (5010281) +               Kuruka     Unspecified    4120    4455  (4378)    
   356 36.51 1.57 1.17           CM017800.1  29569936  29570190 (3081354) +               Kuruka     Unspecified    3592    3847  (4986)    
   851 36.31 1.99 2.15           CM017800.1  29570300  29570952 (3080592) +               Kuruka     Unspecified    3957    4608  (4225)    
  1226 36.57 2.44 2.35           CM017800.1  30334571  30335718 (2315826) C               Kuruka     Unspecified  (4225)    4608    3460    
   817 36.10 4.26 4.06           CM017800.1  32129640  32130696 (520848) +               Kuruka     Unspecified    3478    4536  (4297)    
   234 29.73 0.00 0.00           CM017801.1    140037    140110 (34542359) +               Kuruka     Unspecified    4282    4355  (4478)    
  1503 35.67 2.82 2.72           CM017801.1    322925    324025 (34358444) C               Kuruka     Unspecified  (4225)    4608    3507    
   589 30.60 2.18 2.55           CM017801.1    907273    907547 (33774922) C               Kuruka     Unspecified  (4999)    3834    3561    
   765 37.20 3.13 3.13           CM017801.1   2715774   2716794 (31965675) +               Kuruka     Unspecified    3515    4535  (4298)    
   599 34.45 1.65 1.65           CM017801.1   5785556   5785918 (28896551) +               Kuruka     Unspecified    3485    3847  (4986)    
   528 37.82 1.79 1.79           CM017801.1   5786048   5786607 (28895862) +               Kuruka     Unspecified    3977    4536  (4297)    
   764 35.57 2.76 2.76           CM017801.1  10811836  10812633 (23869836) C               Kuruka     Unspecified  (4479)    4354    3557    
   330 34.08 1.29 2.62           CM017801.1  10819885  10820116 (23862353) +               Kuruka     Unspecified    3606    3834  (4999)    
   961 35.89 3.00 3.00           CM017801.1  17193272  17194239 (17488230) +               Kuruka     Unspecified    3569    4536  (4297)    
   964 35.93 3.10 3.20           CM017801.1  17501588  17502556 (17179913) C               Kuruka     Unspecified  (4297)    4536    3569    
  1415 34.29 2.88 3.00           CM017801.1  17530188  17531056 (17151413) C               Kuruka     Unspecified  (4225)    4608    3741    
  1315 33.97 4.07 3.00           CM017801.1  17573326  17574184 (17108285) C               Kuruka     Unspecified  (4225)    4608    3741    
   575 34.92 1.37 1.65           CM017801.1  17848825  17849188 (16833281) +               Kuruka     Unspecified    3485    3847  (4986)    
   550 37.93 1.60 1.79           CM017801.1  17849318  17849878 (16832591) +               Kuruka     Unspecified    3977    4536  (4297)    
   626 36.89 3.47 3.82           CM017801.1  17856439  17857619 (16824850) +               Kuruka     Unspecified    3451    4627  (4206)    
  1060 36.01 2.96 3.15           CM017801.1  17861946  17863026 (16819443) +               Kuruka     Unspecified    3458    4536  (4297)    
   624 37.11 4.04 3.83           CM017801.1  18265730  18266718 (16415751) C               Kuruka     Unspecified  (4390)    4443    3453    
   660 34.20 4.67 3.58           CM017801.1  19139554  19140217 (15542252) +               Kuruka     Unspecified    3451    4121  (4712)    
   343 37.08 0.47 0.93           CM017801.1  19140419  19140633 (15541836) +               Kuruka     Unspecified    4320    4533  (4300)    
   247 31.74 3.38 5.60           CM017801.1  19647012  19647248 (15035221) C               Kuruka     Unspecified  (4380)    4453    4222    
   416 37.92 1.46 2.35           CM017801.1  19647636  19647978 (15034491) C               Kuruka     Unspecified  (4999)    3834    3495    
   599 38.07 2.59 3.11           CM017801.1  19946419  19947421 (14735048) +               Kuruka     Unspecified    3456    4453  (4380)    
   291 19.54 2.27 1.12           CM017801.1  22199328  22199415 (12483054) +               Kuruka     Unspecified    3558    3646  (5187)    
   839 36.05 3.96 4.64           CM017801.1  23098937  23100021 (11582448) C               Kuruka     Unspecified  (4298)    4535    3458    
   507 31.07 2.08 2.08           CM017801.1  23196363  23196602 (11485867) C               Kuruka     Unspecified  (5033)    3800    3561    
   232 28.11 4.12 7.93           CM017801.1  23436462  23436631 (11245838) +               Kuruka     Unspecified    4298    4461  (4372)    
  1005 35.32 3.71 3.71           CM017801.1  23794265  23795343 (10887126) +               Kuruka     Unspecified    3458    4536  (4297)    
   460 37.72 2.43 2.43           CM017801.1  24632247  24632947 (10049522) C               Kuruka     Unspecified  (4677)    4156    3456    
   256 27.52 3.54 3.54           CM017801.1  25281204  25281316 (9401153) C               Kuruka     Unspecified  (4677)    4156    4044    
   554 37.82 1.79 1.79           CM017801.1  25722404  25722963 (8959506) C               Kuruka     Unspecified  (4297)    4536    3977    
   564 33.72 1.92 2.48           CM017801.1  25723093  25723457 (8959012) C               Kuruka     Unspecified  (4986)    3847    3485    
   673 34.89 3.62 3.62           CM017801.1  26116094  26116756 (8565713) +               Kuruka     Unspecified    3494    4156  (4677)    
   239 28.77 0.00 0.00           CM017801.1  26129874  26129946 (8552523) +               Kuruka     Unspecified    4282    4354  (4479)    
   408 30.84 4.46 4.46           CM017801.1  26147624  26147847 (8534622) C               Kuruka     Unspecified  (5028)    3805    3582    
   884 35.94 3.72 3.82           CM017801.1  32134607  32135601 (2546868) C               Kuruka     Unspecified  (4382)    4451    3458    
   575 34.92 1.37 1.65           CM017801.1  32671814  32672177 (2010292) +               Kuruka     Unspecified    3485    3847  (4986)    
   550 37.93 1.60 1.79           CM017801.1  32672307  32672867 (2009602) +               Kuruka     Unspecified    3977    4536  (4297)    
   442 38.93 2.59 3.11           CM017801.1  32713371  32714372 (1968097) +               Kuruka     Unspecified    3457    4453  (4380)    
   550 37.93 1.60 1.79           CM017801.1  32745254  32745814 (1936655) C               Kuruka     Unspecified  (4297)    4536    3977    
   575 34.92 1.37 1.65           CM017801.1  32745944  32746307 (1936162) C               Kuruka     Unspecified  (4986)    3847    3485    
   882 34.96 4.42 5.10           CM017801.1  33172477  33173561 (1508908) C               Kuruka     Unspecified  (4298)    4535    3458    
  1057 35.79 3.15 3.15           CM017801.1  33600382  33601460 (1081009) C               Kuruka     Unspecified  (4297)    4536    3458    
   904 36.26 3.80 3.90           CM017801.1  33666226  33667304 (1015165) C               Kuruka     Unspecified  (4298)    4535    3458    
   472 38.57 2.79 3.31           CM017801.1  34200019  34201021 (481448) C               Kuruka     Unspecified  (4380)    4453    3456    
   448 35.49 3.45 3.45           CM017801.1  34239109  34239572 (442897) C               Kuruka     Unspecified  (4801)    4032    3569    
   420 35.57 3.67 3.45           CM017801.1  34360400  34360862 (321607) C               Kuruka     Unspecified  (4801)    4032    3569    
   500 33.56 1.70 1.70           CM017801.1  34459244  34459537 (222932) +               Kuruka     Unspecified    3507    3800  (5033)    
   868 36.34 3.85 3.95           CM017801.1  34471879  34472918 (209551) +               Kuruka     Unspecified    3498    4536  (4297)    
   742 35.90 2.63 2.63           CM017802.1    727619    728416 (35534629) +               Kuruka     Unspecified    3557    4354  (4479)    
   385 29.79 4.08 4.08           CM017802.1    818925    819120 (35443925) C               Kuruka     Unspecified  (5033)    3800    3605    
   426 33.33 5.19 4.52           CM017802.1   6634389   6634696 (29628349) C               Kuruka     Unspecified  (4297)    4536    4227    
   610 38.52 1.69 2.16           CM017802.1   6634779   6635428 (29627617) C               Kuruka     Unspecified  (4689)    4144    3498    
   492 35.36 1.50 1.50           CM017803.1   1027465   1027797 (34016962) +               Kuruka     Unspecified    3503    3835  (4998)    
   566 37.76 1.60 1.79           CM017803.1   2781007   2781567 (32263192) C               Kuruka     Unspecified  (4297)    4536    3977    
   575 34.92 1.37 1.65           CM017803.1   2781697   2782060 (32262699) C               Kuruka     Unspecified  (4986)    3847    3485    
   285 31.91 1.40 3.57           CM017803.1   3904163   3904305 (31140454) +               Kuruka     Unspecified    4402    4541  (4292)    
   447 34.26 1.69 2.04           CM017803.1   4667176   4667470 (30377289) C               Kuruka     Unspecified  (5033)    3800    3507    
   385 33.85 4.23 3.44           CM017803.1   4766476   4766735 (30278024) +               Kuruka     Unspecified    3451    3712  (5121)    
   839 36.04 4.81 3.30           CM017803.1   4844734   4845898 (30198861) C               Kuruka     Unspecified  (4194)    4639    3458    
   836 35.68 3.66 3.40           CM017803.1   5410776   5411950 (29632809) +               Kuruka     Unspecified    3431    4608  (4225)    
   776 35.50 2.57 2.57           CM017803.1   5559498   5560159 (29484600) C               Kuruka     Unspecified  (4677)    4156    3495    
   294 32.56 0.00 1.55           CM017803.1   8952877   8953007 (26091752) C               Kuruka     Unspecified  (5198)    3635    3507    
   288 33.86 4.37 5.29           CM017803.1   8955520   8955862 (26088897) +               Kuruka     Unspecified    3621    3960  (4873)    
   264 28.38 0.00 0.00           CM017803.1  11033950  11034023 (24010736) +               Kuruka     Unspecified    4263    4336  (4497)    
  1015 38.15 1.72 2.39           CM017803.1  17848013  17849231 (17195528) C               Kuruka     Unspecified  (4164)    4669    3459    
   604 35.31 3.02 3.02           CM017803.1  17865122  17865784 (17178975) +               Kuruka     Unspecified    3495    4157  (4676)    
   527 33.95 3.91 4.52           CM017803.1  21110849  21111360 (13933399) C               Kuruka     Unspecified  (4818)    4015    3507    
   938 36.54 3.92 3.15           CM017803.1  21591190  21592260 (13452499) C               Kuruka     Unspecified  (4297)    4536    3458    
   253 28.74 2.25 2.25           CM017803.1  21618739  21618827 (13425932) C               Kuruka     Unspecified  (4521)    4312    4224    
   522 38.41 2.39 2.91           CM017803.1  26226180  26227182 (8817577) +               Kuruka     Unspecified    3456    4453  (4380)    
   928 36.36 2.71 2.52           CM017803.1  27155397  27156505 (7888254) C               Kuruka     Unspecified  (4292)    4541    3431    
   399 37.92 2.26 4.49           CM017803.1  28570601  28571351 (6473408) C               Kuruka     Unspecified  (4524)    4309    3575    
   686 37.80 3.10 3.10           CM017803.1  33401335  33402497 (1642262) C               Kuruka     Unspecified  (4215)    4618    3456    
   486 37.95 2.97 3.48           CM017803.1  33463417  33464426 (1580333) +               Kuruka     Unspecified    3449    4453  (4380)    
   549 33.95 3.91 4.52           CM017803.1  33549245  33549756 (1495003) C               Kuruka     Unspecified  (4818)    4015    3507    
   642 37.01 4.04 3.83           CM017803.1  33936500  33937488 (1107271) +               Kuruka     Unspecified    3453    4443  (4390)    
  1151 37.25 2.96 3.06           CM017803.1  34898309  34899388 (145371) C               Kuruka     Unspecified  (4297)    4536    3458    
   622 37.36 2.23 2.08           CM017803.1  34921135  34921853 (122906) C               Kuruka     Unspecified  (4656)    4177    3458    
   749 35.42 2.92 2.51           CM017804.1   3362818   3363570 (25579685) +               Kuruka     Unspecified    3557    4312  (4521)    
   385 29.79 4.08 4.08           CM017804.1   3392085   3392280 (25550975) C               Kuruka     Unspecified  (5033)    3800    3605    
   689 36.04 2.63 2.63           CM017804.1   3569381   3570178 (25373077) +               Kuruka     Unspecified    3557    4354  (4479)    
   234 29.73 0.00 0.00           CM017804.1   8020263   8020336 (20922919) C               Kuruka     Unspecified  (4478)    4355    4282    
   789 35.22 2.89 2.76           CM017804.1   8876611   8877407 (20065848) C               Kuruka     Unspecified  (4479)    4354    3557    
   329 35.78 3.25 3.25           CM017804.1   8930389   8930726 (20012529) C               Kuruka     Unspecified  (4191)    4642    4305    
   553 31.47 4.89 4.67           CM017804.1   8931025   8931494 (20011761) C               Kuruka     Unspecified  (4827)    4006    3536    
   945 38.54 1.64 2.31           CM017804.1   9231452   9232670 (19710585) C               Kuruka     Unspecified  (4164)    4669    3459    
   654 37.87 2.18 2.06           CM017804.1   9329699   9330523 (19612732) +               Kuruka     Unspecified    3478    4303  (4530)    
   757 34.06 3.47 3.47           CM017804.1   9450368   9451030 (19492225) C               Kuruka     Unspecified  (4677)    4156    3494    
   445 38.00 3.11 3.11           CM017804.1  12570923  12571821 (16371434) C               Kuruka     Unspecified  (4479)    4354    3456    
   456 33.32 5.78 4.99           CM017804.1  14271916  14272313 (14670942) C               Kuruka     Unspecified  (4382)    4451    4051    
   534 37.82 1.79 1.79           CM017804.1  14401442  14402001 (14541254) C               Kuruka     Unspecified  (4297)    4536    3977    
   551 35.53 1.41 1.41           CM017804.1  14402131  14402484 (14540771) C               Kuruka     Unspecified  (4986)    3847    3494    
   536 36.09 4.38 3.78           CM017804.1  14418455  14419505 (14523750) C               Kuruka     Unspecified  (4216)    4617    3561    
   685 38.00 2.92 3.01           CM017804.1  14545287  14546450 (14396805) +               Kuruka     Unspecified    3456    4618  (4215)    
   722 37.10 2.42 2.42           CM017804.1  17523005  17523830 (11419425) C               Kuruka     Unspecified  (4530)    4303    3478    
   264 26.85 4.42 4.42           CM017804.1  18803722  18803834 (10139421) +               Kuruka     Unspecified    4044    4156  (4677)    
   346 32.44 4.15 4.15           CM017804.1  20406247  20406439 (8536816) +               Kuruka     Unspecified    3588    3780  (5053)    
   428 32.36 2.46 2.46           CM017804.1  25503091  25503334 (3439921) +               Kuruka     Unspecified    3557    3800  (5033)    
   395 34.69 2.17 2.17           CM017804.1  26378999  26379275 (2563980) +               Kuruka     Unspecified    3558    3834  (4999)    
   285 30.12 0.00 0.00           CM017804.1  26379768  26379850 (2563405) +               Kuruka     Unspecified    4230    4312  (4521)    
   446 35.09 4.15 4.60           CM017804.1  26439270  26439968 (2503287) +               Kuruka     Unspecified    3462    4157  (4676)    
   575 34.92 1.37 1.65           CM017805.1  13577768  13578131 (16070070) +               Kuruka     Unspecified    3485    3847  (4986)    
   573 37.45 1.79 1.61           CM017805.1  13578261  13578819 (16069382) +               Kuruka     Unspecified    3977    4536  (4297)    
   343 33.33 1.90 1.90           CM017805.1  23587084  23587346 (6060855) C               Kuruka     Unspecified  (4996)    3837    3575    
   249 27.79 2.76 5.67           CM017805.1  24280147  24280291 (5367910) C               Kuruka     Unspecified  (3960)    4873    4733    
   856 33.33 2.75 3.13           CM017805.1  24280491  24281035 (5367166) C               Kuruka     Unspecified  (4297)    4536    3994    
   310 39.85 1.22 1.22           CM017805.1  24281300  24281708 (5366493) C               Kuruka     Unspecified  (4986)    3847    3439    
   301 30.71 2.78 2.78           CM017805.1  24314181  24314324 (5333877) +               Kuruka     Unspecified    3536    3679  (5154)    
   389 36.57 3.31 3.31           CM017805.1  24314469  24314830 (5333371) +               Kuruka     Unspecified    4256    4617  (4216)    
   249 27.79 2.76 5.67           CM017805.1  24361894  24362038 (5286163) C               Kuruka     Unspecified  (3960)    4873    4733    
   966 37.23 2.64 2.73           CM017805.1  24362237  24363335 (5284866) C               Kuruka     Unspecified  (4297)    4536    3439    
   735 35.48 4.18 3.80           CM017805.1  24803354  24804191 (4844010) +               Kuruka     Unspecified    3576    4416  (4417)    
   228 32.45 0.87 0.87           CM017805.1  24805193  24805307 (4842894) +               Kuruka     Unspecified    4421    4535  (4298)    
  1307 35.93 2.21 2.54           CM017805.1  24996537  24997801 (4650400) +               Kuruka     Unspecified    3588    4848  (3985)    
   745 36.55 3.61 3.71           CM017805.1  25659009  25660088 (3988113) +               Kuruka     Unspecified    3458    4536  (4297)    
   324 30.93 2.11 2.11           CM017805.1  25769632  25769773 (3878428) C               Kuruka     Unspecified  (5112)    3721    3580    
   857 33.87 4.08 4.20           CM017805.1  26204236  26205141 (3443060) C               Kuruka     Unspecified  (4378)    4455    3551    
   944 36.06 3.62 3.52           CM017805.1  27226510  27227587 (2420614) C               Kuruka     Unspecified  (4297)    4536    3458    
  1254 35.86 2.30 2.62           CM017805.1  27623107  27624369 (2023832) +               Kuruka     Unspecified    3590    4848  (3985)    
   239 28.77 0.00 0.00       SSSL01000012.1     34057     34129   (9314) +               Kuruka     Unspecified    4282    4354  (4479)    
   880 36.53 2.90 2.55       SSSL01000014.1     73298     74471  (12200) C               Kuruka     Unspecified  (4225)    4608    3431    
   357 37.14 2.33 2.09       SSSL01000020.1     19306     19734  (29951) +               Kuruka     Unspecified    3456    3885  (4948)    
   534 35.61 2.58 2.06       SSSL01000045.1     23423     23809  (49424) +               Kuruka     Unspecified    3452    3840  (4993)    
   632 37.09 3.04 2.83       SSSL01000068.1      2515      3535  (33174) +               Kuruka     Unspecified    3787    4809  (4024)    
   554 35.46 3.02 3.02       SSSL01000115.1     39630     40292  (28032) C               Kuruka     Unspecified  (4676)    4157    3495    
   965 38.41 1.73 2.15       SSSL01000115.1     56209     57424  (10900) +               Kuruka     Unspecified    3459    4669  (4164)    
   448 35.49 3.45 3.45       SSSL01000162.1      9854     10317  (73673) C               Kuruka     Unspecified  (4801)    4032    3569    
   729 35.61 2.89 2.76       SSSL01000217.1      5479      6275  (47485) +               Kuruka     Unspecified    3557    4354  (4479)    
   697 37.14 2.55 2.42       SSSL01000217.1     12270     13094  (40666) C               Kuruka     Unspecified  (4530)    4303    3478    
   396 37.34 3.78 3.78       SSSL01000219.1      5334      6232  (51799) C               Kuruka     Unspecified  (4479)    4354    3456    
   517 28.96 2.55 2.99       SSSL01000240.1       132       366  (69097) +               Kuruka     Unspecified    4222    4455  (4378)    
   799 36.02 3.40 3.14       SSSL01000245.1     19249     20423  (17043) +               Kuruka     Unspecified    3431    4608  (4225)    
   926 36.88 3.18 3.28       SSSL01000254.1     35419     36517  (22115) +               Kuruka     Unspecified    3439    4536  (4297)    
   246 24.50 4.14 7.09       SSSL01000254.1     36717     36861  (21771) +               Kuruka     Unspecified    4733    4873  (3960)    
   498 38.82 2.39 2.91       SSSL01000271.1     12533     13535  (37261) C               Kuruka     Unspecified  (4380)    4453    3456    
   952 35.49 4.08 4.08       SSSL01000323.1     43792     44869  (12083) +               Kuruka     Unspecified    3458    4535  (4298)    
   358 29.55 6.30 6.72       SSSL01000342.1     11945     12198   (5473) C               Kuruka     Unspecified  (4297)    4536    4284    
   609 34.82 3.75 4.12       SSSL01000357.1     24234     24793   (6892) C               Kuruka     Unspecified  (4297)    4536    3979    
   312 30.97 7.88 4.09       SSSL01000367.1     31313     31642  (15315) C               Kuruka     Unspecified  (4221)    4612    4271    
   621 34.87 3.32 2.91       SSSL01000378.1     15688     16440  (15118) C               Kuruka     Unspecified  (4521)    4312    3557    
   286 25.04 3.36 6.03       SSSL01000391.1      4451      4569  (13122) +               Kuruka     Unspecified    4271    4386  (4447)    
   632 37.09 3.04 2.83       SSSL01000408.1     32902     33922   (1441) C               Kuruka     Unspecified  (4024)    4809    3787    
   585 35.92 2.78 2.78       SSSL01000423.1     19324     20079  (16912) +               Kuruka     Unspecified    3557    4312  (4521)    
   308 28.88 7.56 6.14       SSSL01000426.1      4864      5088  (34383) C               Kuruka     Unspecified  (4307)    4526    4299    
   304 31.32 6.11 6.58       SSSL01000426.1     23411     23639  (15832) C               Kuruka     Unspecified  (4307)    4526    4299    
   347 29.17 5.24 5.70       SSSL01000426.1     37052     37280   (2191) +               Kuruka     Unspecified    4299    4526  (4307)    
   541 34.55 1.93 1.93       SSSL01000449.1     26460     26822  (11341) +               Kuruka     Unspecified    3485    3847  (4986)    
   477 37.35 2.51 1.96       SSSL01000449.1     26952     27508  (10655) +               Kuruka     Unspecified    3977    4536  (4297)    
   434 38.25 1.97 1.79       SSSL01000498.1     11598     12156  (64905) C               Kuruka     Unspecified  (4297)    4536    3977    
   521 35.02 1.65 1.65       SSSL01000498.1     12286     12648  (64413) C               Kuruka     Unspecified  (4986)    3847    3485    
   495 33.10 2.14 3.24       SSSL01000515.1     30353     30633  (19256) +               Kuruka     Unspecified    3557    3834  (4999)    
   308 29.89 3.87 3.87       SSSL01000515.1     30936     31116  (18773) +               Kuruka     Unspecified    4132    4312  (4521)    
   507 38.52 1.94 1.94       SSSL01000545.1     19420     20245   (3212) C               Kuruka     Unspecified  (4530)    4303    3478    
   518 34.76 1.31 2.11       SSSL01000649.1     16952     17333  (58246) C               Kuruka     Unspecified  (4999)    3834    3456    
