  259 37.04  0.00  0.00           NC_052664.1   202013   202147 (32975079)  +          Kuruka  Unspecified (32975079)   202013   202147
  910 38.35  2.72  1.93           NC_052664.1  1888283  1889311 (31287915)  +          Kuruka  Unspecified (31287915)  1888283  1889311
  237 34.69  0.00  0.00           NC_052664.1  2698253  2698350 (30478876)  +          Kuruka  Unspecified (30478876)  2698253  2698350
  870 34.85  3.43  3.24           NC_052664.1  3025297  3026405 (30150821)  +          Kuruka  Unspecified (30150821)  3025297  3026405
 1430 36.36  2.79  2.88           NC_052664.1  3281293  3282405 (29894821)  +          Kuruka  Unspecified (29894821)  3281293  3282405
  803 38.38  2.43  2.53           NC_052664.1  3974392  3975420 (29201806)  +          Kuruka  Unspecified (29201806)  3974392  3975420
  750 37.18  2.66  2.29           NC_052664.1  4146902  4147991 (29029235)  +          Kuruka  Unspecified (29029235)  4146902  4147991
 1052 35.92  2.90  3.75           NC_052664.1  4291641  4292742 (28884484)  +          Kuruka  Unspecified (28884484)  4291641  4292742
  236 34.11  4.17  4.17           NC_052664.1  4404051  4404362 (28772864)  +          Kuruka  Unspecified (28772864)  4404051  4404362
 1591 36.47  2.34  2.43           NC_052664.1  5375517  5376629 (27800597)  +          Kuruka  Unspecified (27800597)  5375517  5376629
  996 37.51  2.67  2.67           NC_052664.1  5557867  5558915 (27618311)  +          Kuruka  Unspecified (27618311)  5557867  5558915
  287 37.91  2.63  2.81           NC_052664.1  6240910  6241479 (26935747)  +          Kuruka  Unspecified (26935747)  6240910  6241479
  693 33.94  1.54  1.54           NC_052664.1  6327394  6327782 (26849444)  +          Kuruka  Unspecified (26849444)  6327394  6327782
 1454 36.23  2.70  2.79           NC_052664.1  6954224  6955336 (26221890)  +          Kuruka  Unspecified (26221890)  6954224  6955336
 1164 34.98  3.40  3.50           NC_052664.1 10915954 10917040 (22260186)  +          Kuruka  Unspecified (22260186) 10915954 10917040
  938 35.29  1.82  1.82           NC_052664.1 10942273 10942930 (22234296)  +          Kuruka  Unspecified (22234296) 10942273 10942930
  938 35.29  1.82  1.82           NC_052664.1 10949410 10950067 (22227159)  +          Kuruka  Unspecified (22227159) 10949410 10950067
  938 35.29  1.82  1.82           NC_052664.1 10956547 10957204 (22220022)  +          Kuruka  Unspecified (22220022) 10956547 10957204
  881 35.29  1.82  1.82           NC_052664.1 10963684 10964341 (22212885)  +          Kuruka  Unspecified (22212885) 10963684 10964341
  881 35.29  1.82  1.82           NC_052664.1 10970821 10971478 (22205748)  +          Kuruka  Unspecified (22205748) 10970821 10971478
  881 35.29  1.82  1.82           NC_052664.1 10977959 10978616 (22198610)  +          Kuruka  Unspecified (22198610) 10977959 10978616
  881 35.29  1.82  1.82           NC_052664.1 10985096 10985753 (22191473)  +          Kuruka  Unspecified (22191473) 10985096 10985753
  765 30.61  1.34  1.34           NC_052664.1 33121136 33121433  (55793)  +          Kuruka  Unspecified  (55793) 33121136 33121433
  563 36.96  1.48  1.66           NC_052664.1 33122910 33123451  (53775)  +          Kuruka  Unspecified  (53775) 33122910 33123451
  458 36.89  2.71  1.19           NC_052664.1   943920   944251 (32232975)  C          Kuruka  Unspecified (32232975)   943920   944251
 1234 35.33  3.12  3.21           NC_052664.1  1947986  1949137 (31228089)  C          Kuruka  Unspecified (31228089)  1947986  1949137
  401 31.71  5.38  5.38           NC_052664.1  3218832  3219221 (29958005)  C          Kuruka  Unspecified (29958005)  3218832  3219221
  226 34.33  4.15  3.29           NC_052664.1  3251877  3252117 (29925109)  C          Kuruka  Unspecified (29925109)  3251877  3252117
  253 35.33  3.16  3.16           NC_052664.1  3811830  3812019 (29365207)  C          Kuruka  Unspecified (29365207)  3811830  3812019
  304 33.33  3.70  3.70           NC_052664.1  7055370  7055612 (26121614)  C          Kuruka  Unspecified (26121614)  7055370  7055612
 1261 36.44  2.88  3.08           NC_052664.1  7101606  7102647 (26074579)  C          Kuruka  Unspecified (26074579)  7101606  7102647
  230 30.38  0.00  0.00           NC_052664.1  8006398  8006476 (25170750)  C          Kuruka  Unspecified (25170750)  8006398  8006476
  502 34.75  1.19  1.49           NC_052664.1 10437949 10438284 (22738942)  C          Kuruka  Unspecified (22738942) 10437949 10438284
  528 34.65  1.94  2.12           NC_052664.1 10500223 10500788 (22676438)  C          Kuruka  Unspecified (22676438) 10500223 10500788
  528 34.65  1.94  2.12           NC_052664.1 10511806 10512371 (22664855)  C          Kuruka  Unspecified (22664855) 10511806 10512371
  260 37.74  3.19  0.78           NC_052664.1 10531967 10532217 (22645009)  C          Kuruka  Unspecified (22645009) 10531967 10532217
 1094 35.37  3.40  3.50           NC_052665.1   116005   117091 (26352598)  +          Kuruka  Unspecified (26352598)   116005   117091
 1128 37.28  3.30  2.73           NC_052665.1   132994   134267 (26335422)  +          Kuruka  Unspecified (26335422)   132994   134267
  460 35.17  2.75  0.34           NC_052665.1 20483631 20483921 (5985768)  +          Kuruka  Unspecified (5985768) 20483631 20483921
  429 35.61  4.16  2.19           NC_052665.1 23412677 23413804 (3056340)  +          Kuruka  Unspecified (3056340) 23412677 23413804
 1344 33.86  3.67  3.67           NC_052665.1 23585898 23587013 (2882676)  +          Kuruka  Unspecified (2882676) 23585898 23587013
  523 37.45  0.60  2.74           NC_052665.1 23703622 23703956 (2765733)  +          Kuruka  Unspecified (2765733) 23703622 23703956
  256 33.08  1.48  1.48           NC_052665.1 25201686 25201820 (1267869)  +          Kuruka  Unspecified (1267869) 25201686 25201820
 1319 36.75  2.61  2.70           NC_052665.1 26177965 26179077 (290612)  +          Kuruka  Unspecified (290612) 26177965 26179077
  963 35.35  4.46  3.50           NC_052665.1 26268229 26269304 (200385)  +          Kuruka  Unspecified (200385) 26268229 26269304
  281 34.92  3.26  2.78           NC_052665.1 20753663 20753877 (5715812)  C          Kuruka  Unspecified (5715812) 20753663 20753877
  833 33.58  2.57  3.01           NC_052665.1 21099312 21100011 (5369678)  C          Kuruka  Unspecified (5369678) 21099312 21100011
 1299 36.86  2.50  2.01           NC_052665.1 22122608 22123648 (4346041)  C          Kuruka  Unspecified (4346041) 22122608 22123648
  302 34.81  3.36  3.36           NC_052665.1 22684158 22684484 (3785205)  C          Kuruka  Unspecified (3785205) 22684158 22684484
 1124 35.18  3.40  3.50           NC_052665.1 22749462 22750548 (3719141)  C          Kuruka  Unspecified (3719141) 22749462 22750548
  275 35.07  2.53  2.53           NC_052665.1 23116489 23116646 (3353043)  C          Kuruka  Unspecified (3353043) 23116489 23116646
  362 35.12  2.61  2.61           NC_052665.1 23766507 23766851 (2702838)  C          Kuruka  Unspecified (2702838) 23766507 23766851
  256 33.08  1.48  1.48           NC_052665.1 23830805 23830939 (2638750)  C          Kuruka  Unspecified (2638750) 23830805 23830939
 1047 36.28  3.57  5.36           NC_052665.1 23840057 23841119 (2628570)  C          Kuruka  Unspecified (2628570) 23840057 23841119
  953 36.84  5.89  2.43           NC_052665.1 24004364 24005398 (2464291)  C          Kuruka  Unspecified (2464291) 24004364 24005398
  767 32.73  2.51  1.75           NC_052665.1 24571160 24571557 (1898132)  C          Kuruka  Unspecified (1898132) 24571160 24571557
  481 35.62  3.54  2.73           NC_052665.1 24572607 24573114 (1896575)  C          Kuruka  Unspecified (1896575) 24572607 24573114
 1117 37.51  2.26  2.35           NC_052665.1 24637623 24638774 (1830915)  C          Kuruka  Unspecified (1830915) 24637623 24638774
 1171 34.58  3.86  3.96           NC_052665.1 25178970 25180056 (1289633)  C          Kuruka  Unspecified (1289633) 25178970 25180056
  553 36.65  1.43  1.18           NC_052665.1 25475185 25475984 (994084)  C          Kuruka  Unspecified (994084) 25475185 25475984
  608 33.75  2.84  1.88           NC_052665.1 25495493 25495809 (973880)  C          Kuruka  Unspecified (973880) 25495493 25495809
  397 28.30 10.99  1.00           NC_052665.1 25757304 25757485 (712204)  C          Kuruka  Unspecified (712204) 25757304 25757485
  882 34.03  2.01  2.01           NC_052665.1 25874736 25875889 (594257)  C          Kuruka  Unspecified (594257) 25874736 25875889
  343 37.23  2.66  2.84           NC_052665.1 25999600 26000163 (469526)  C          Kuruka  Unspecified (469526) 25999600 26000163
  488 35.80  4.60  3.36           NC_052665.1 26262106 26262605 (207084)  C          Kuruka  Unspecified (207084) 26262106 26262605
  455 30.16  2.56  3.09           NC_052666.1  1653027  1653221 (31338212)  +          Kuruka  Unspecified (31338212)  1653027  1653221
  308 30.37  4.50  4.50           NC_052666.1  1827979  1828178 (31163255)  +          Kuruka  Unspecified (31163255)  1827979  1828178
  602 35.91  2.08  2.25           NC_052666.1  1828416  1829039 (31162394)  +          Kuruka  Unspecified (31162394)  1828416  1829039
  308 31.43  3.23  3.23           NC_052666.1  3692968  3693184 (29298249)  +          Kuruka  Unspecified (29298249)  3692968  3693184
  313 31.02  5.90  3.74           NC_052666.1  3938360  3938647 (29052786)  +          Kuruka  Unspecified (29052786)  3938360  3938647
  298 37.77  2.66  2.84           NC_052666.1  4205641  4206204 (28785229)  +          Kuruka  Unspecified (28785229)  4205641  4206204
  262 34.92  3.26  2.78           NC_052666.1  4524837  4525051 (28466382)  +          Kuruka  Unspecified (28466382)  4524837  4525051
  650 37.29  2.24  2.04           NC_052666.1  4938155  4938644 (28052789)  +          Kuruka  Unspecified (28052789)  4938155  4938644
  887 36.35  4.13  4.04           NC_052666.1  4960266  4961426 (28030007)  +          Kuruka  Unspecified (28030007)  4960266  4961426
  883 35.69  2.86  3.34           NC_052666.1  4970675  4971758 (28019675)  +          Kuruka  Unspecified (28019675)  4970675  4971758
  976 37.95  1.79  1.89           NC_052666.1  4984184  4985244 (28006189)  +          Kuruka  Unspecified (28006189)  4984184  4985244
  701 35.44  4.16  3.87           NC_052666.1  5055012  5056094 (27935339)  +          Kuruka  Unspecified (27935339)  5055012  5056094
  253 31.76  3.72  3.72           NC_052666.1  5112855  5113096 (27878337)  +          Kuruka  Unspecified (27878337)  5112855  5113096
 1253 37.29  2.03  2.12           NC_052666.1  5989635  5990719 (27000714)  +          Kuruka  Unspecified (27000714)  5989635  5990719
 1288 34.55  2.42  2.51           NC_052666.1  6521533  6522687 (26468746)  +          Kuruka  Unspecified (26468746)  6521533  6522687
  739 39.45  1.87  1.87           NC_052666.1  7266880  7267951 (25723482)  +          Kuruka  Unspecified (25723482)  7266880  7267951
  303 33.33  3.06  3.06           NC_052666.1  7305214  7305507 (25685926)  +          Kuruka  Unspecified (25685926)  7305214  7305507
 1069 34.39  3.09  3.21           NC_052666.1  7809499  7810339 (25181094)  +          Kuruka  Unspecified (25181094)  7809499  7810339
 1109 34.20  3.07  3.19           NC_052666.1  8000846  8001724 (24989709)  +          Kuruka  Unspecified (24989709)  8000846  8001724
  657 36.31  3.76  3.37           NC_052666.1  8427967  8429029 (24562404)  +          Kuruka  Unspecified (24562404)  8427967  8429029
  225 32.02  2.56  3.90           NC_052666.1  8787672  8787827 (24203606)  +          Kuruka  Unspecified (24203606)  8787672  8787827
  692 27.65  3.28  3.66           NC_052666.1  8932395  8932668 (24058765)  +          Kuruka  Unspecified (24058765)  8932395  8932668
 1345 36.60  2.70  2.79           NC_052666.1  9656856  9657968 (23333465)  +          Kuruka  Unspecified (23333465)  9656856  9657968
 1367 35.04  3.04  3.13           NC_052666.1 10917394 10918545 (22072888)  +          Kuruka  Unspecified (22072888) 10917394 10918545
  800 35.18  3.40  3.50           NC_052666.1 11028550 11029636 (21961797)  +          Kuruka  Unspecified (21961797) 11028550 11029636
  269 33.76  3.70  3.70           NC_052666.1 11307775 11308017 (21683416)  +          Kuruka  Unspecified (21683416) 11307775 11308017
  251 32.89  1.97  1.97           NC_052666.1 11677952 11678103 (21313330)  +          Kuruka  Unspecified (21313330) 11677952 11678103
  331 34.18  3.36  3.36           NC_052666.1 12933860 12934186 (20057247)  +          Kuruka  Unspecified (20057247) 12933860 12934186
  850 37.86  3.30  2.31           NC_052666.1 13988014 13989043 (19002390)  +          Kuruka  Unspecified (19002390) 13988014 13989043
 1103 35.83  3.84  3.66           NC_052666.1 16084221 16085367 (16906066)  +          Kuruka  Unspecified (16906066) 16084221 16085367
  249 33.66  3.74  3.74           NC_052666.1 16259077 16259397 (16732036)  +          Kuruka  Unspecified (16732036) 16259077 16259397
  229 28.57  4.94  4.94           NC_052666.1    21500    21661 (32969772)  C          Kuruka  Unspecified (32969772)    21500    21661
 1346 36.02  2.88  2.97           NC_052666.1  2280322  2281434 (30709999)  C          Kuruka  Unspecified (30709999)  2280322  2281434
  303 33.33  3.70  3.70           NC_052666.1  3881941  3882183 (29109250)  C          Kuruka  Unspecified (29109250)  3881941  3882183
 1076 35.27  3.40  3.50           NC_052666.1  4009830  4010916 (28980517)  C          Kuruka  Unspecified (28980517)  4009830  4010916
  294 36.78  2.78  3.00           NC_052666.1  4210110  4210577 (28780856)  C          Kuruka  Unspecified (28780856)  4210110  4210577
  267 33.33  3.06  3.06           NC_052666.1  4290169  4290462 (28700971)  C          Kuruka  Unspecified (28700971)  4290169  4290462
  237 36.02  2.33  1.85           NC_052666.1  4500857  4501071 (28490362)  C          Kuruka  Unspecified (28490362)  4500857  4501071
  382 35.92  2.29  3.15           NC_052666.1  5089428  5089907 (27901526)  C          Kuruka  Unspecified (27901526)  5089428  5089907
  288 35.32  1.42  3.86           NC_052666.1  5090121  5090332 (27901101)  C          Kuruka  Unspecified (27901101)  5090121  5090332
 1312 34.87  2.08  2.17           NC_052666.1  5442186  5443340 (27548093)  C          Kuruka  Unspecified (27548093)  5442186  5443340
  321 34.49  3.36  3.36           NC_052666.1  5471457  5471783 (27519650)  C          Kuruka  Unspecified (27519650)  5471457  5471783
  267 37.86  2.14  2.36           NC_052666.1  5858859  5859326 (27132107)  C          Kuruka  Unspecified (27132107)  5858859  5859326
  726 37.79  3.06  2.44           NC_052666.1  6363282  6364260 (26627173)  C          Kuruka  Unspecified (26627173)  6363282  6364260
 1338 35.39  3.57  3.66           NC_052666.1  6709533  6710682 (26280751)  C          Kuruka  Unspecified (26280751)  6709533  6710682
 1513 34.67  2.77  2.86           NC_052666.1  7312960  7314114 (25677319)  C          Kuruka  Unspecified (25677319)  7312960  7314114
  261 33.49  2.31  1.84           NC_052666.1  9265190  9265405 (23726028)  C          Kuruka  Unspecified (23726028)  9265190  9265405
  762 34.71  3.96  4.05           NC_052666.1  9891999  9893085 (23098348)  C          Kuruka  Unspecified (23098348)  9891999  9893085
  227 27.97  6.86  1.87           NC_052666.1 10436097 10436198 (22555235)  C          Kuruka  Unspecified (22555235) 10436097 10436198
  229 38.97  4.11  0.92           NC_052666.1 10436585 10436900 (22554533)  C          Kuruka  Unspecified (22554533) 10436585 10436900
  327 34.46  3.29  3.29           NC_052666.1 11652503 11652745 (21338688)  C          Kuruka  Unspecified (21338688) 11652503 11652745
  312 37.77  2.66  2.84           NC_052666.1 11705524 11706087 (21285346)  C          Kuruka  Unspecified (21285346) 11705524 11706087
 1366 34.53  3.12  3.39           NC_052666.1 12256838 12257991 (20733442)  C          Kuruka  Unspecified (20733442) 12256838 12257991
  239 24.52  7.08  6.14           NC_052666.1 12275035 12275147 (20716286)  C          Kuruka  Unspecified (20716286) 12275035 12275147
  370 34.76  0.00  0.61           NC_052666.1 12998684 12998848 (19992585)  C          Kuruka  Unspecified (19992585) 12998684 12998848
  710 34.24  3.38  3.38           NC_052666.1 13667321 13668357 (19323076)  C          Kuruka  Unspecified (19323076) 13667321 13668357
 1246 33.96  3.03  3.12           NC_052666.1 13686979 13688133 (19303300)  C          Kuruka  Unspecified (19303300) 13686979 13688133
  259 37.04  0.00  0.00           NC_052666.1 13858454 13858588 (19132845)  C          Kuruka  Unspecified (19132845) 13858454 13858588
  246 35.22  4.48  5.37           NC_052666.1 15665100 15665456 (17325977)  C          Kuruka  Unspecified (17325977) 15665100 15665456
  736 36.26  1.44  1.56           NC_052666.1 16103161 16104391 (16887437)  C          Kuruka  Unspecified (16887437) 16103161 16104391
 1160 37.18  2.15  2.24           NC_052666.1 16113366 16114482 (16876951)  C          Kuruka  Unspecified (16876951) 16113366 16114482
 1659 35.22  1.82  1.91           NC_052667.1 10079462 10080616 (19055507)  +          Kuruka  Unspecified (19055507) 10079462 10080616
  511 37.71  2.44  2.44           NC_052667.1 11087794 11088285 (18047838)  +          Kuruka  Unspecified (18047838) 11087794 11088285
  939 34.84  1.82  2.94           NC_052667.1 11089682 11090231 (18045892)  +          Kuruka  Unspecified (18045892) 11089682 11090231
  328 31.57  3.90  1.27           NC_052667.1 11409137 11409290 (17726833)  +          Kuruka  Unspecified (17726833) 11409137 11409290
  293 35.12  3.36  3.36           NC_052667.1 11623603 11623929 (17512194)  +          Kuruka  Unspecified (17512194) 11623603 11623929
  230 34.43  2.31  1.84           NC_052667.1 13080949 13081164 (16054959)  +          Kuruka  Unspecified (16054959) 13080949 13081164
 1210 35.96  3.40  1.76           NC_052667.1 13242645 13243762 (15892361)  +          Kuruka  Unspecified (15892361) 13242645 13243762
  542 33.23  3.30  3.30           NC_052667.1 13549006 13549338 (15586785)  +          Kuruka  Unspecified (15586785) 13549006 13549338
  261 38.16  4.54  4.07           NC_052667.1 13550434 13551094 (15585029)  +          Kuruka  Unspecified (15585029) 13550434 13551094
  869 36.48  2.20  3.01           NC_052667.1 14360480 14361115 (14775008)  +          Kuruka  Unspecified (14775008) 14360480 14361115
  304 32.36  2.29  2.87           NC_052667.1 14767079 14767253 (14368870)  +          Kuruka  Unspecified (14368870) 14767079 14767253
  321 34.49  3.36  3.36           NC_052667.1 14898760 14899086 (14237037)  +          Kuruka  Unspecified (14237037) 14898760 14899086
  311 31.61  4.55  5.34           NC_052667.1 14951931 14952194 (14183929)  +          Kuruka  Unspecified (14183929) 14951931 14952194
 1324 36.61  2.96  3.06           NC_052667.1 15449007 15450119 (13686004)  +          Kuruka  Unspecified (13686004) 15449007 15450119
  265 35.21  1.39  1.39           NC_052667.1 16188425 16188568 (12947555)  +          Kuruka  Unspecified (12947555) 16188425 16188568
  325 32.79  4.00  3.36           NC_052667.1 16886887 16887211 (12248912)  +          Kuruka  Unspecified (12248912) 16886887 16887211
  502 34.87  3.12  3.66           NC_052667.1 17318355 17318738 (11817385)  +          Kuruka  Unspecified (11817385) 17318355 17318738
  552 38.51  1.23  1.76           NC_052667.1 17337446 17338016 (11798107)  +          Kuruka  Unspecified (11798107) 17337446 17338016
  234 25.53  3.09  3.09           NC_052667.1 18060099 18060195 (11075928)  +          Kuruka  Unspecified (11075928) 18060099 18060195
 1147 36.65  2.87  2.96           NC_052667.1 18675402 18676551 (10459572)  +          Kuruka  Unspecified (10459572) 18675402 18676551
  364 35.77  3.18  3.42           NC_052667.1 19214361 19214800 (9921323)  +          Kuruka  Unspecified (9921323) 19214361 19214800
  874 36.39  1.86  2.17           NC_052667.1  7927311  7927956 (21208167)  C          Kuruka  Unspecified (21208167)  7927311  7927956
  485 38.04  3.40  2.79           NC_052667.1  9201935  9202610 (19933513)  C          Kuruka  Unspecified (19933513)  9201935  9202610
  600 37.34  1.46  1.62           NC_052667.1  9297375  9298458 (19838131)  C          Kuruka  Unspecified (19838131)  9297375  9298458
 1718 33.31  3.20  3.29           NC_052667.1  9463815  9464969 (19671154)  C          Kuruka  Unspecified (19671154)  9463815  9464969
  794 39.08  2.15  1.77           NC_052667.1 10530614 10531681 (18604442)  C          Kuruka  Unspecified (18604442) 10530614 10531681
  722 35.02  4.27  6.08           NC_052667.1 11433405 11434459 (17701664)  C          Kuruka  Unspecified (17701664) 11433405 11434459
  876 34.73  4.37  5.42           NC_052667.1 11996677 11997775 (17138348)  C          Kuruka  Unspecified (17138348) 11996677 11997775
  797 36.35  1.44  1.56           NC_052667.1 12176048 12177278 (16959240)  C          Kuruka  Unspecified (16959240) 12176048 12177278
  613 35.59  3.57  3.14           NC_052667.1 12294955 12296108 (16840440)  C          Kuruka  Unspecified (16840440) 12294955 12296108
  642 37.37  1.39  0.77           NC_052667.1 12946665 12947734 (16188813)  C          Kuruka  Unspecified (16188813) 12946665 12947734
  404 35.74  2.35  2.35           NC_052667.1 13274508 13274848 (15861275)  C          Kuruka  Unspecified (15861275) 13274508 13274848
  285 37.84  0.93  0.46           NC_052667.1 13295418 13295632 (15840491)  C          Kuruka  Unspecified (15840491) 13295418 13295632
  275 29.05  4.79  4.79           NC_052667.1 13992854 13993041 (15143082)  C          Kuruka  Unspecified (15143082) 13992854 13993041
 1377 36.36  2.78  3.06           NC_052667.1 14108123 14109237 (15026886)  C          Kuruka  Unspecified (15026886) 14108123 14109237
  649 37.40  4.91  3.06           NC_052667.1 14397807 14398865 (14737258)  C          Kuruka  Unspecified (14737258) 14397807 14398865
  381 32.36  2.29  2.87           NC_052667.1 14457806 14457980 (14678143)  C          Kuruka  Unspecified (14678143) 14457806 14457980
  629 35.68  0.96  0.96           NC_052667.1 15883974 15884389 (13251734)  C          Kuruka  Unspecified (13251734) 15883974 15884389
  505 36.89  1.21  0.60           NC_052667.1 16079678 16080007 (13056116)  C          Kuruka  Unspecified (13056116) 16079678 16080007
  765 35.37  3.40  3.50           NC_052667.1 16691322 16692408 (12443715)  C          Kuruka  Unspecified (12443715) 16691322 16692408
 1150 37.58  2.58  2.14           NC_052667.1 17599353 17600513 (11535610)  C          Kuruka  Unspecified (11535610) 17599353 17600513
 1105 35.27  3.40  3.50           NC_052667.1 18126356 18127442 (11008681)  C          Kuruka  Unspecified (11008681) 18126356 18127442
  338 31.77  5.88  3.97           NC_052667.1 18721396 18721667 (10414456)  C          Kuruka  Unspecified (10414456) 18721396 18721667
  421 36.75  3.70  0.90           NC_052667.1 25367303 25367626 (3768497)  C          Kuruka  Unspecified (3768497) 25367303 25367626
  308 30.37  4.50  4.50           NC_052668.1   482665   482864 (28020810)  +          Kuruka  Unspecified (28020810)   482665   482864
  604 35.91  2.08  2.25           NC_052668.1   483102   483725 (28019949)  +          Kuruka  Unspecified (28019949)   483102   483725
  334 33.48  3.66  4.08           NC_052668.1  3323259  3323504 (25180170)  +          Kuruka  Unspecified (25180170)  3323259  3323504
 1058 36.81  2.52  2.61           NC_052668.1  3523845  3524957 (24978717)  +          Kuruka  Unspecified (24978717)  3523845  3524957
  868 38.04  2.26  2.36           NC_052668.1  4677638  4678741 (23824933)  +          Kuruka  Unspecified (23824933)  4677638  4678741
  247 37.72  0.00  0.00           NC_052668.1  4699715  4699828 (23803846)  +          Kuruka  Unspecified (23803846)  4699715  4699828
  443 30.16  2.56  3.09           NC_052668.1  5218393  5218587 (23285087)  +          Kuruka  Unspecified (23285087)  5218393  5218587
  225 32.95  0.00  0.00           NC_052668.1  5357232  5357319 (23146355)  +          Kuruka  Unspecified (23146355)  5357232  5357319
  234 25.53  3.09  3.09           NC_052668.1  8140786  8140882 (20362792)  +          Kuruka  Unspecified (20362792)  8140786  8140882
  242 34.59  2.33  1.85           NC_052668.1  9963179  9963393 (18540281)  +          Kuruka  Unspecified (18540281)  9963179  9963393
  336 33.75  3.05  3.36           NC_052668.1 27568185 27568512 (935162)  +          Kuruka  Unspecified (935162) 27568185 27568512
  292 37.04  2.12  0.00           NC_052668.1 28059612 28059800 (443874)  +          Kuruka  Unspecified (443874) 28059612 28059800
  280 40.61  1.53  0.00           NC_052668.1 28062768 28063028 (440646)  +          Kuruka  Unspecified (440646) 28062768 28063028
  280 40.61  1.53  0.00           NC_052668.1 28065924 28066184 (437490)  +          Kuruka  Unspecified (437490) 28065924 28066184
  280 40.61  1.53  0.00           NC_052668.1 28069080 28069340 (434334)  +          Kuruka  Unspecified (434334) 28069080 28069340
  285 39.29  3.07  1.51           NC_052668.1 28184715 28184975 (318699)  +          Kuruka  Unspecified (318699) 28184715 28184975
 1168 34.42  3.96  4.05           NC_052668.1 28249396 28250482 (253192)  +          Kuruka  Unspecified (253192) 28249396 28250482
  305 39.84  1.53  0.38           NC_052668.1 28326778 28327039 (176635)  +          Kuruka  Unspecified (176635) 28326778 28327039
 1587 35.90  1.82  1.91           NC_052668.1  1403863  1405069 (27098605)  C          Kuruka  Unspecified (27098605)  1403863  1405069
  571 36.77  2.37  2.53           NC_052668.1  3039773  3040651 (25463228)  C          Kuruka  Unspecified (25463228)  3039773  3040651
  663 38.85  2.21  2.33           NC_052668.1  3300027  3300930 (25202744)  C          Kuruka  Unspecified (25202744)  3300027  3300930
  301 35.77  0.66  0.66           NC_052668.1  3680878  3681029 (24822645)  C          Kuruka  Unspecified (24822645)  3680878  3681029
 1646 33.72  3.39  3.21           NC_052668.1  7326761  7327912 (21175762)  C          Kuruka  Unspecified (21175762)  7326761  7327912
  416 36.54  2.27  2.27           NC_052668.1  7385151  7386341 (21118215)  C          Kuruka  Unspecified (21118215)  7385151  7386341
 1089 35.37  3.40  3.50           NC_052668.1 10427677 10428763 (18074911)  C          Kuruka  Unspecified (18074911) 10427677 10428763
  504 35.11  4.36  1.52           NC_052668.1 27080883 27081203 (1422471)  C          Kuruka  Unspecified (1422471) 27080883 27081203
  856 34.32  4.43  4.55           NC_052668.1 28488413 28489337  (14337)  C          Kuruka  Unspecified  (14337) 28488413 28489337
  263 33.33  4.03  1.31           NC_052668.1 28490176 28490324  (13350)  C          Kuruka  Unspecified  (13350) 28490176 28490324
 1306 37.40  2.62  2.16           NC_052669.1 10570411 10571517 (15834039)  +          Kuruka  Unspecified (15834039) 10570411 10571517
  444 32.00  4.58  5.38           NC_052669.1 11673707 11674099 (14731457)  +          Kuruka  Unspecified (14731457) 11673707 11674099
 1081 36.48  2.59  3.24           NC_052669.1 12634739 12635857 (13769699)  +          Kuruka  Unspecified (13769699) 12634739 12635857
 1414 36.66  2.88  2.79           NC_052669.1 12806317 12807427 (13598129)  +          Kuruka  Unspecified (13598129) 12806317 12807427
  771 38.31  3.18  2.32           NC_052669.1 13682348 13683416 (12722140)  +          Kuruka  Unspecified (12722140) 13682348 13683416
  836 36.00  3.99  3.91           NC_052669.1 13848462 13849739 (12555817)  +          Kuruka  Unspecified (12555817) 13848462 13849739
  609 33.91  1.78  1.78           NC_052669.1 14623756 14624794 (11781464)  +          Kuruka  Unspecified (11781464) 14623756 14624794
 1093 36.58  2.27  2.08           NC_052669.1 17255946 17257003 (9148553)  +          Kuruka  Unspecified (9148553) 17255946 17257003
  276 39.02  2.13  2.31           NC_052669.1 17378946 17379509 (9026047)  +          Kuruka  Unspecified (9026047) 17378946 17379509
  280 31.90  1.69  1.69           NC_052669.1 11542917 11543034 (14862522)  C          Kuruka  Unspecified (14862522) 11542917 11543034
  229 32.57  3.54  3.54           NC_052669.1 11602702 11602927 (14802629)  C          Kuruka  Unspecified (14802629) 11602702 11602927
  357 33.53  2.30  2.30           NC_052669.1 12101647 12101820 (14303736)  C          Kuruka  Unspecified (14303736) 12101647 12101820
  245 33.83  1.48  1.48           NC_052669.1 12843964 12844098 (13561458)  C          Kuruka  Unspecified (13561458) 12843964 12844098
 1277 38.59  1.80  1.89           NC_052669.1 13299897 13301008 (13104548)  C          Kuruka  Unspecified (13104548) 13299897 13301008
 1018 37.04  2.71  1.91           NC_052669.1 14426601 14427745 (11977811)  C          Kuruka  Unspecified (11977811) 14426601 14427745
 1054 34.38  3.13  3.23           NC_052669.1 14516268 14517352 (11888204)  C          Kuruka  Unspecified (11888204) 14516268 14517352
  251 36.58  3.73  3.25           NC_052669.1 14600580 14601657 (11804334)  C          Kuruka  Unspecified (11804334) 14600580 14601657
 1220 34.20  3.69  3.60           NC_052669.1 16579988 16581097 (9824459)  C          Kuruka  Unspecified (9824459) 16579988 16581097
  727 36.52  3.63  3.72           NC_052669.1 17839786 17840860 (8564696)  C          Kuruka  Unspecified (8564696) 17839786 17840860
  971 32.64  3.99  4.08           NC_052670.1  5328795  5329947 (13876752)  +          Kuruka  Unspecified (13876752)  5328795  5329947
  258 34.08  0.00  1.48           NC_052670.1 15940557 15940693 (3266006)  +          Kuruka  Unspecified (3266006) 15940557 15940693
  363 29.13  0.00  0.00           NC_052670.1 18550677 18550779 (655920)  +          Kuruka  Unspecified (655920) 18550677 18550779
  797 36.35  1.44  1.56           NC_052670.1     2319     3549 (19203545)  C          Kuruka  Unspecified (19203545)     2319     3549
  265 34.82  0.00  0.74           NC_052670.1 16610188 16610323 (2596376)  C          Kuruka  Unspecified (2596376) 16610188 16610323
  331 38.32  2.67  2.31           NC_052670.1 17313771 17314331 (1892368)  C          Kuruka  Unspecified (1892368) 17313771 17314331
 1149 36.41  2.96  3.05           NC_052670.1 18359462 18360611 (846088)  C          Kuruka  Unspecified (846088) 18359462 18360611
  477 37.73  0.00  0.31           NC_052670.1 18430724 18431050 (775649)  C          Kuruka  Unspecified (775649) 18430724 18431050
  248 38.36  1.35  1.35           NC_052670.1 18431421 18431790 (774909)  C          Kuruka  Unspecified (774909) 18431421 18431790
  762 38.98  2.10  2.20           NC_052670.1 18822751 18823844 (382855)  C          Kuruka  Unspecified (382855) 18822751 18823844
  241 33.83  1.48  1.48           NC_052670.1 18843965 18844099 (362600)  C          Kuruka  Unspecified (362600) 18843965 18844099
  431 32.27  4.58  5.38           NC_052670.1 19025687 19026079 (180620)  C          Kuruka  Unspecified (180620) 19025687 19026079
  259 30.00  0.00  0.00           NC_052671.1  3997784  3997863 (21782654)  +          Kuruka  Unspecified (21782654)  3997784  3997863
  621 37.38  1.95  2.31           NC_052671.1  6977573  6978136 (18802381)  +          Kuruka  Unspecified (18802381)  6977573  6978136
 1247 34.72  2.42  2.51           NC_052671.1 17616227 17617381 (8163136)  +          Kuruka  Unspecified (8163136) 17616227 17617381
  915 36.66  2.47  2.67           NC_052671.1 17628932 17629982 (8150535)  +          Kuruka  Unspecified (8150535) 17628932 17629982
  518 37.62  0.31  0.31           NC_052671.1 17636702 17637021 (8143496)  +          Kuruka  Unspecified (8143496) 17636702 17637021
 1043 37.37  3.64  2.31           NC_052671.1 17669763 17670915 (8109602)  +          Kuruka  Unspecified (8109602) 17669763 17670915
  234 25.53  3.09  3.09           NC_052671.1 18225860 18225956 (7554561)  +          Kuruka  Unspecified (7554561) 18225860 18225956
  384 37.62  0.88  1.48           NC_052671.1 18373377 18373716 (7406801)  +          Kuruka  Unspecified (7406801) 18373377 18373716
  298 38.39  2.40  1.91           NC_052671.1 18373924 18374547 (7405970)  +          Kuruka  Unspecified (7405970) 18373924 18374547
  240 31.25  2.04  2.04           NC_052671.1 18538971 18539068 (7241449)  +          Kuruka  Unspecified (7241449) 18538971 18539068
  725 35.51  3.94  3.75           NC_052671.1 19315512 19316576 (6463941)  +          Kuruka  Unspecified (6463941) 19315512 19316576
  725 35.51  3.94  3.75           NC_052671.1 19325641 19326705 (6453812)  +          Kuruka  Unspecified (6453812) 19325641 19326705
  477 33.84  0.00  0.51           NC_052671.1 19708445 19708643 (6071874)  +          Kuruka  Unspecified (6071874) 19708445 19708643
  949 33.76  2.69  2.04           NC_052671.1 19709126 19709757 (6070760)  +          Kuruka  Unspecified (6070760) 19709126 19709757
  446 34.10  3.30  3.30           NC_052671.1 19848703 19848975 (5931542)  +          Kuruka  Unspecified (5931542) 19848703 19848975
  266 34.13  2.38  0.00           NC_052671.1 19877780 19877905 (5902612)  +          Kuruka  Unspecified (5902612) 19877780 19877905
  306 33.76  2.53  2.53           NC_052671.1 21121111 21121268 (4659249)  +          Kuruka  Unspecified (4659249) 21121111 21121268
  266 35.67  0.00  0.00           NC_052671.1 21542740 21542896 (4237621)  +          Kuruka  Unspecified (4237621) 21542740 21542896
  471 36.75  2.98  2.58           NC_052671.1 23092967 23093737 (2686780)  +          Kuruka  Unspecified (2686780) 23092967 23093737
  287 33.19  3.29  3.29           NC_052671.1 24205147 24205389 (1575128)  +          Kuruka  Unspecified (1575128) 24205147 24205389
  868 35.07  3.34  3.44           NC_052671.1 24224580 24225657 (1554860)  +          Kuruka  Unspecified (1554860) 24224580 24225657
 1021 34.39  4.14  4.24           NC_052671.1 24336519 24337605 (1442912)  +          Kuruka  Unspecified (1442912) 24336519 24337605
  959 37.44  3.56  2.48           NC_052671.1 24478860 24479897 (1300620)  +          Kuruka  Unspecified (1300620) 24478860 24479897
  242 32.19  4.12  4.12           NC_052671.1 24831338 24831580 (948937)  +          Kuruka  Unspecified (948937) 24831338 24831580
 1475 36.86  2.16  2.16           NC_052671.1 24862522 24863633 (916884)  +          Kuruka  Unspecified (916884) 24862522 24863633
 1379 36.51  2.70  2.79           NC_052671.1 24911909 24913021 (867496)  +          Kuruka  Unspecified (867496) 24911909 24913021
  380 31.77  2.29  2.87           NC_052671.1 24928323 24928497 (852020)  +          Kuruka  Unspecified (852020) 24928323 24928497
  545 35.34  2.40  2.70           NC_052671.1 15742425 15743534 (10037759)  C          Kuruka  Unspecified (10037759) 15742425 15743534
  919 36.32  4.05  3.96           NC_052671.1 15803072 15804232 (9976285)  C          Kuruka  Unspecified (9976285) 15803072 15804232
  318 31.39  0.72  0.72           NC_052671.1 15836665 15836802 (9943715)  C          Kuruka  Unspecified (9943715) 15836665 15836802
  270 32.32  1.98  1.98           NC_052671.1 16366748 16366848 (9413669)  C          Kuruka  Unspecified (9413669) 16366748 16366848
  658 32.51  5.32  3.77           NC_052671.1 16459272 16459872 (9320645)  C          Kuruka  Unspecified (9320645) 16459272 16459872
  711 32.33  5.32  3.77           NC_052671.1 16591846 16592446 (9188071)  C          Kuruka  Unspecified (9188071) 16591846 16592446
  270 32.32  1.98  1.98           NC_052671.1 16637176 16637276 (9143241)  C          Kuruka  Unspecified (9143241) 16637176 16637276
 1420 36.42  2.70  2.79           NC_052671.1 17323247 17324359 (8456158)  C          Kuruka  Unspecified (8456158) 17323247 17324359
  865 34.97  3.92  2.99           NC_052671.1 18519106 18520213 (7260749)  C          Kuruka  Unspecified (7260749) 18519106 18520213
  248 33.97  4.67  3.70           NC_052671.1 19284546 19284759 (6495758)  C          Kuruka  Unspecified (6495758) 19284546 19284759
 1538 36.28  2.34  2.43           NC_052671.1 19968078 19969190 (5811327)  C          Kuruka  Unspecified (5811327) 19968078 19969190
  588 35.16  2.86  3.07           NC_052671.1 21062026 21062515 (4718002)  C          Kuruka  Unspecified (4718002) 21062026 21062515
  684 38.29  2.74  2.84           NC_052671.1 21226391 21227484 (4553033)  C          Kuruka  Unspecified (4553033) 21226391 21227484
 1374 36.47  2.61  2.70           NC_052671.1 21712862 21713974 (4066543)  C          Kuruka  Unspecified (4066543) 21712862 21713974
  263 32.61  3.16  3.16           NC_052671.1 23172041 23172230 (2608287)  C          Kuruka  Unspecified (2608287) 23172041 23172230
 1049 34.77  4.14  4.24           NC_052671.1 24193885 24194971 (1585546)  C          Kuruka  Unspecified (1585546) 24193885 24194971
 1092 35.63  3.02  3.78           NC_052671.1 24312102 24313195 (1467322)  C          Kuruka  Unspecified (1467322) 24312102 24313195
 1120 36.96  2.77  2.57           NC_052671.1 24497080 24498126 (1282391)  C          Kuruka  Unspecified (1282391) 24497080 24498126
 1226 37.22  2.90  2.25           NC_052671.1 24903583 24904687 (875830)  C          Kuruka  Unspecified (875830) 24903583 24904687
 1124 35.18  3.40  3.50           NC_052671.1 25740323 25741409  (39108)  C          Kuruka  Unspecified  (39108) 25740323 25741409
  984 34.48  4.54  4.00           NC_052672.1  1621286  1622430 (16047630)  +          Kuruka  Unspecified (16047630)  1621286  1622430
  295 36.11  3.62  3.62           NC_052672.1  1765854  1766449 (15903931)  +          Kuruka  Unspecified (15903931)  1765854  1766449
  244 37.78  0.00  0.00           NC_052672.1  1993100  1993234 (15676826)  +          Kuruka  Unspecified (15676826)  1993100  1993234
 1232 38.22  2.34  2.43           NC_052672.1  3864787  3865899 (13804161)  +          Kuruka  Unspecified (13804161)  3864787  3865899
 1530 36.42  2.10  2.19           NC_052672.1  4527956  4529005 (13141055)  +          Kuruka  Unspecified (13141055)  4527956  4529005
  703 35.14  5.26  3.92           NC_052672.1  9363453  9364308 (8305752)  +          Kuruka  Unspecified (8305752)  9363453  9364308
  953 35.52  3.31  4.07           NC_052672.1  2716684  2717772 (14952288)  C          Kuruka  Unspecified (14952288)  2716684  2717772
  308 38.18  2.27  2.46           NC_052672.1  4121327  4121855 (13548205)  C          Kuruka  Unspecified (13548205)  4121327  4121855
  320 35.50  1.16  1.75           NC_052672.1  4147839  4148010 (13522050)  C          Kuruka  Unspecified (13522050)  4147839  4148010
  855 37.41  2.32  2.32           NC_052673.1   102283   103404 (19441198)  +          Kuruka  Unspecified (19441198)   102283   103404
 1272 36.47  2.87  2.96           NC_052673.1  2913677  2914826 (16629776)  +          Kuruka  Unspecified (16629776)  2913677  2914826
  752 36.26  1.34  1.34           NC_052673.1  2967390  2968620 (16576915)  +          Kuruka  Unspecified (16576915)  2967390  2968620
  283 33.76  3.70  3.70           NC_052673.1  4442532  4442774 (15101828)  +          Kuruka  Unspecified (15101828)  4442532  4442774
  371 35.54  1.54  1.86           NC_052673.1  4544364  4544687 (14999915)  +          Kuruka  Unspecified (14999915)  4544364  4544687
  460 34.21  3.01  3.01           NC_052673.1  5134142  5135256 (14409764)  +          Kuruka  Unspecified (14409764)  5134142  5135256
  794 31.76  6.25  5.89           NC_052673.1  5415489  5416368 (14128234)  +          Kuruka  Unspecified (14128234)  5415489  5416368
 1085 34.25  3.36  3.16           NC_052673.1  5642832  5643874 (13900728)  +          Kuruka  Unspecified (13900728)  5642832  5643874
  294 32.44  4.66  4.66           NC_052673.1  5805924  5806159 (13738443)  +          Kuruka  Unspecified (13738443)  5805924  5806159
  841 35.60  2.98  1.76           NC_052673.1  5806396  5807067 (13737535)  +          Kuruka  Unspecified (13737535)  5806396  5807067
 1229 35.74  4.06  3.47           NC_052673.1  6382069  6383300 (13161302)  +          Kuruka  Unspecified (13161302)  6382069  6383300
 1096 35.08  3.40  3.50           NC_052673.1   171152   172238 (19372364)  C          Kuruka  Unspecified (19372364)   171152   172238
  743 39.08  2.15  2.05           NC_052673.1   258050   259120 (19285482)  C          Kuruka  Unspecified (19285482)   258050   259120
  300 34.03  2.05  2.05           NC_052673.1  1537366  1537560 (18007042)  C          Kuruka  Unspecified (18007042)  1537366  1537560
  252 38.08  2.14  2.36           NC_052673.1  2313254  2313721 (17230881)  C          Kuruka  Unspecified (17230881)  2313254  2313721
  379 33.21  3.42  3.82           NC_052673.1  3894067  3894329 (15650273)  C          Kuruka  Unspecified (15650273)  3894067  3894329
  427 40.45  1.63  2.04           NC_052673.1  4219957  4220693 (15323909)  C          Kuruka  Unspecified (15323909)  4219957  4220693
 1100 36.42  2.88  3.63           NC_052673.1  5608341  5609451 (13935151)  C          Kuruka  Unspecified (13935151)  5608341  5609451
  394 33.59  2.82  1.59           NC_052673.1  5654125  5654372 (13890230)  C          Kuruka  Unspecified (13890230)  5654125  5654372
 1119 38.02  3.19  2.57           NC_052673.1  5791637  5792797 (13751805)  C          Kuruka  Unspecified (13751805)  5791637  5792797
 1220 36.87  2.62  2.99           NC_052673.1  6154452  6155558 (13389044)  C          Kuruka  Unspecified (13389044)  6154452  6155558
  985 36.14  3.37  4.02           NC_052673.1  6373617  6374743 (13169859)  C          Kuruka  Unspecified (13169859)  6373617  6374743
  755 36.24  2.47  2.57           NC_052673.1  7530888  7531901 (12012701)  C          Kuruka  Unspecified (12012701)  7530888  7531901
  516 37.43  2.80  2.80           NC_052673.1  7573577  7574112 (11970490)  C          Kuruka  Unspecified (11970490)  7573577  7574112
  448 33.74  5.57  5.57           NC_052673.1  7612650  7613170 (11931432)  C          Kuruka  Unspecified (11931432)  7612650  7613170
  992 35.31  3.94  3.75           NC_052673.1  7620666  7621730 (11922872)  C          Kuruka  Unspecified (11922872)  7620666  7621730
 1653 35.02  1.99  2.08           NC_052673.1  7642038  7643192 (11901410)  C          Kuruka  Unspecified (11901410)  7642038  7643192
 1105 35.27  3.40  3.50           NC_052674.1 12051145 12052231 (6077496)  +          Kuruka  Unspecified (6077496) 12051145 12052231
  310 36.42  2.13  2.13           NC_052674.1 13070694 13070881 (5058846)  +          Kuruka  Unspecified (5058846) 13070694 13070881
  357 32.14  3.54  6.98           NC_052674.1 13895658 13895968 (4233759)  +          Kuruka  Unspecified (4233759) 13895658 13895968
 1112 36.75  2.93  4.19           NC_052674.1 14223394 14224722 (3905005)  +          Kuruka  Unspecified (3905005) 14223394 14224722
  346 34.90  4.31  3.35           NC_052674.1 14785214 14786273 (3344189)  +          Kuruka  Unspecified (3344189) 14785214 14786273
  434 36.88  0.91  0.91           NC_052674.1 14901061 14902152 (3228339)  +          Kuruka  Unspecified (3228339) 14901061 14902152
  242 36.59  3.29  3.29           NC_052674.1 16945312 16945797 (1183930)  +          Kuruka  Unspecified (1183930) 16945312 16945797
  349 32.82  5.28  5.28           NC_052674.1 17049961 17050301 (1079426)  +          Kuruka  Unspecified (1079426) 17049961 17050301
  995 34.41  4.41  4.22           NC_052674.1 13261533 13262597 (4867130)  C          Kuruka  Unspecified (4867130) 13261533 13262597
  746 34.58  4.04  4.42           NC_052674.1 14241214 14242030 (3887697)  C          Kuruka  Unspecified (3887697) 14241214 14242030
  369 35.51  4.48  4.48           NC_052674.1 14501383 14501895 (3627832)  C          Kuruka  Unspecified (3627832) 14501383 14501895
  964 31.29  3.55  3.90           NC_052674.1 14817880 14818471 (3311256)  C          Kuruka  Unspecified (3311256) 14817880 14818471
  709 33.83  1.19  0.89           NC_052674.1 14826602 14826938 (3302789)  C          Kuruka  Unspecified (3302789) 14826602 14826938
  250 34.34  2.02  0.00           NC_052674.1 14886354 14886452 (3243275)  C          Kuruka  Unspecified (3243275) 14886354 14886452
 1122 36.34  2.81  2.97           NC_052674.1 15405549 15406865 (2722862)  C          Kuruka  Unspecified (2722862) 15405549 15406865
 1379 35.40  1.81  2.17           NC_052674.1 15537375 15538532 (2591195)  C          Kuruka  Unspecified (2591195) 15537375 15538532
  302 34.14  2.33  2.92           NC_052674.1 15721991 15722162 (2407565)  C          Kuruka  Unspecified (2407565) 15721991 15722162
  780 35.40  2.28  2.45           NC_052674.1 16746380 16746993 (1382734)  C          Kuruka  Unspecified (1382734) 16746380 16746993
  565 36.83  0.89  0.89           NC_052674.1 16751905 16752241 (1377486)  C          Kuruka  Unspecified (1377486) 16751905 16752241
  333 32.06  3.70  3.23           NC_052674.1 17042942 17043157 (1086570)  C          Kuruka  Unspecified (1086570) 17042942 17043157
  287 33.53  1.72  2.31           NC_052674.1 17593871 17594044 (535683)  C          Kuruka  Unspecified (535683) 17593871 17594044
 1677 34.17  2.60  2.69           NC_052674.1 17974177 17975331 (154396)  C          Kuruka  Unspecified (154396) 17974177 17975331
  617 37.20  3.30  3.41           NC_052675.1   933439   934348 (20197790)  +          Kuruka  Unspecified (20197790)   933439   934348
  416 35.85  6.18  3.30           NC_052675.1   944902   945726 (20186412)  +          Kuruka  Unspecified (20186412)   944902   945726
 1263 34.64  2.42  2.51           NC_052675.1   975374   976528 (20155610)  +          Kuruka  Unspecified (20155610)   975374   976528
  254 30.00  5.41  5.41           NC_052675.1  1028930  1029077 (20103061)  +          Kuruka  Unspecified (20103061)  1028930  1029077
 1063 35.44  2.96  3.15           NC_052675.1  1426405  1427517 (19704621)  +          Kuruka  Unspecified (19704621)  1426405  1427517
  530 37.63  3.99  2.63           NC_052675.1  3171318  3172294 (17959844)  +          Kuruka  Unspecified (17959844)  3171318  3172294
  778 34.77  3.86  3.96           NC_052675.1  3562589  3563675 (17568463)  +          Kuruka  Unspecified (17568463)  3562589  3563675
  537 36.26  3.78  3.59           NC_052675.1  4243865  4244948 (16887190)  +          Kuruka  Unspecified (16887190)  4243865  4244948
  669 34.81  4.52  2.46           NC_052675.1  4841766  4842363 (16289775)  +          Kuruka  Unspecified (16289775)  4841766  4842363
  780 32.92  4.18  2.05           NC_052675.1  4939013  4939443 (16192695)  +          Kuruka  Unspecified (16192695)  4939013  4939443
  313 33.51  2.05  2.05           NC_052675.1  5338849  5339043 (15793095)  +          Kuruka  Unspecified (15793095)  5338849  5339043
  370 34.89  3.51  4.00           NC_052675.1  5980927  5981353 (15150785)  +          Kuruka  Unspecified (15150785)  5980927  5981353
 1264 36.22  3.42  2.74           NC_052675.1  6025417  6026614 (15105524)  +          Kuruka  Unspecified (15105524)  6025417  6026614
  346 27.27  1.98  1.98           NC_052675.1  6368780  6368880 (14763258)  +          Kuruka  Unspecified (14763258)  6368780  6368880
  337 32.92  3.35  3.67           NC_052675.1  6991070  6991397 (14140741)  +          Kuruka  Unspecified (14140741)  6991070  6991397
  259 37.04  0.00  0.00           NC_052675.1  7244453  7244587 (13887551)  +          Kuruka  Unspecified (13887551)  7244453  7244587
  258 35.85  2.64  2.64           NC_052675.1   103796   104136 (21028002)  C          Kuruka  Unspecified (21028002)   103796   104136
 1283 37.76  2.34  2.43           NC_052675.1   865597   866709 (20265429)  C          Kuruka  Unspecified (20265429)   865597   866709
 1016 36.63  2.79  2.79           NC_052675.1   883227   884338 (20247800)  C          Kuruka  Unspecified (20247800)   883227   884338
  841 36.37  3.75  2.96           NC_052675.1   898993   900032 (20232106)  C          Kuruka  Unspecified (20232106)   898993   900032
  589 36.12  1.88  2.10           NC_052675.1   925112   925589 (20206549)  C          Kuruka  Unspecified (20206549)   925112   925589
 1151 35.22  3.43  3.24           NC_052675.1  1088367  1089475 (20042663)  C          Kuruka  Unspecified (20042663)  1088367  1089475
  970 34.82  4.30  4.11           NC_052675.1  1113497  1114613 (20017525)  C          Kuruka  Unspecified (20017525)  1113497  1114613
 1660 34.25  2.60  2.69           NC_052675.1  2951404  2952558 (18179580)  C          Kuruka  Unspecified (18179580)  2951404  2952558
 1159 34.00  3.99  4.08           NC_052675.1  4398295  4399447 (16732691)  C          Kuruka  Unspecified (16732691)  4398295  4399447
  275 36.30  0.00  0.00           NC_052675.1  4906439  4906573 (16225565)  C          Kuruka  Unspecified (16225565)  4906439  4906573
  247 30.38  1.27  0.00           NC_052675.1  5342426  5342504 (15789634)  C          Kuruka  Unspecified (15789634)  5342426  5342504
 1328 36.88  2.70  2.52           NC_052675.1  5521232  5522341 (15609797)  C          Kuruka  Unspecified (15609797)  5521232  5522341
 1584 34.23  3.03  3.12           NC_052675.1  6140497  6141651 (14990487)  C          Kuruka  Unspecified (14990487)  6140497  6141651
  314 31.14  5.90  4.28           NC_052675.1  6170336  6170657 (14961481)  C          Kuruka  Unspecified (14961481)  6170336  6170657
  292 32.06  3.16  3.16           NC_052675.1  6224350  6224539 (14907599)  C          Kuruka  Unspecified (14907599)  6224350  6224539
  326 33.66  3.67  3.67           NC_052675.1  6975825  6976151 (14155987)  C          Kuruka  Unspecified (14155987)  6975825  6976151
  227 32.50  0.00  0.00           NC_052675.1  9034261  9034340 (12097798)  C          Kuruka  Unspecified (12097798)  9034261  9034340
  229 19.65  3.45  3.45           NC_052676.1   843871   843928 (15119794)  +          Kuruka  Unspecified (15119794)   843871   843928
  365 30.60  2.19  2.19           NC_052676.1  9841131  9841267 (6122455)  +          Kuruka  Unspecified (6122455)  9841131  9841267
  947 34.22  4.40  4.79           NC_052676.1  9939839  9940906 (6022816)  +          Kuruka  Unspecified (6022816)  9939839  9940906
  382 36.92  1.53  0.38           NC_052676.1 10006011 10006271 (5957451)  +          Kuruka  Unspecified (5957451) 10006011 10006271
  475 33.09  5.78  2.92           NC_052676.1 10006483 10006949 (5956773)  +          Kuruka  Unspecified (5956773) 10006483 10006949
  418 34.74  2.89  2.89           NC_052676.1 10382332 10383407 (5580733)  +          Kuruka  Unspecified (5580733) 10382332 10383407
  430 39.40  0.94  0.75           NC_052676.1 10452372 10452903 (5510819)  +          Kuruka  Unspecified (5510819) 10452372 10452903
  258 36.47  2.50  2.50           NC_052676.1 10703285 10703644 (5260078)  +          Kuruka  Unspecified (5260078) 10703285 10703644
 1629 34.14  3.04  2.69           NC_052676.1 10961150 10962299 (5001423)  +          Kuruka  Unspecified (5001423) 10961150 10962299
  293 32.82  1.54  1.54           NC_052676.1 11035607 11035736 (4927986)  +          Kuruka  Unspecified (4927986) 11035607 11035736
  261 37.73  2.22  2.22           NC_052676.1 12214663 12214887 (3748835)  +          Kuruka  Unspecified (3748835) 12214663 12214887
  776 34.62  4.23  4.33           NC_052676.1 12349931 12351017 (3612705)  +          Kuruka  Unspecified (3612705) 12349931 12351017
  398 31.16  4.04  4.43           NC_052676.1 12529171 12529442 (3434280)  +          Kuruka  Unspecified (3434280) 12529171 12529442
  756 34.80  3.50  3.87           NC_052676.1 13120525 13121639 (2842083)  +          Kuruka  Unspecified (2842083) 13120525 13121639
  965 36.05  3.57  3.66           NC_052676.1 13194137 13195256 (2768466)  +          Kuruka  Unspecified (2768466) 13194137 13195256
 1281 36.30  1.72  2.03           NC_052676.1 15359220 15360206 (603516)  +          Kuruka  Unspecified (603516) 15359220 15360206
  331 34.90  2.75  2.75           NC_052676.1 15459908 15460234 (503488)  +          Kuruka  Unspecified (503488) 15459908 15460234
 1391 36.96  2.42  2.88           NC_052676.1 15893914 15895030  (68692)  +          Kuruka  Unspecified  (68692) 15893914 15895030
  878 35.79  4.31  4.22           NC_052676.1 15903913 15905073  (58649)  +          Kuruka  Unspecified  (58649) 15903913 15905073
  362 32.37  3.24  2.76           NC_052676.1  9913137  9913352 (6050370)  C          Kuruka  Unspecified (6050370)  9913137  9913352
 1523 36.08  2.00  1.82           NC_052676.1 10069379 10070530 (5893192)  C          Kuruka  Unspecified (5893192) 10069379 10070530
  244 34.03  2.05  2.05           NC_052676.1 10361970 10362164 (5601558)  C          Kuruka  Unspecified (5601558) 10361970 10362164
  662 38.95  2.90  3.00           NC_052676.1 10639898 10640932 (5322790)  C          Kuruka  Unspecified (5322790) 10639898 10640932
  246 33.56  2.45  3.09           NC_052676.1 10772660 10772822 (5190900)  C          Kuruka  Unspecified (5190900) 10772660 10772822
  331 34.90  2.75  2.75           NC_052676.1 11238708 11239034 (4724688)  C          Kuruka  Unspecified (4724688) 11238708 11239034
  487 38.86  2.43  1.93           NC_052676.1 12481317 12482140 (3481582)  C          Kuruka  Unspecified (3481582) 12481317 12482140
  269 33.87  0.00  0.00           NC_052676.1 12483589 12483712 (3480010)  C          Kuruka  Unspecified (3480010) 12483589 12483712
  751 34.62  4.23  4.33           NC_052676.1 13256149 13257235 (2706487)  C          Kuruka  Unspecified (2706487) 13256149 13257235
 1497 35.04  2.77  3.13           NC_052676.1 14730689 14731843 (1231879)  C          Kuruka  Unspecified (1231879) 14730689 14731843
  344 34.63  2.64  2.64           NC_052676.1 14817605 14817945 (1145777)  C          Kuruka  Unspecified (1145777) 14817605 14817945
  253 30.56  0.91  1.83           NC_052676.1 14992958 14993067 (970655)  C          Kuruka  Unspecified (970655) 14992958 14993067
  694 36.13  4.72  4.14           NC_052676.1 15430952 15432031 (531691)  C          Kuruka  Unspecified (531691) 15430952 15432031
  282 35.35  2.93  2.93           NC_052677.1    34165    34505 (19281547)  +          Kuruka  Unspecified (19281547)    34165    34505
 1225 34.54  3.04  3.69           NC_052677.1   101913   103030 (19213022)  +          Kuruka  Unspecified (19213022)   101913   103030
 1284 37.26  2.25  2.34           NC_052677.1  2675737  2676849 (16639203)  +          Kuruka  Unspecified (16639203)  2675737  2676849
  813 34.74  2.54  2.54           NC_052677.1  4445051  4445561 (14870491)  +          Kuruka  Unspecified (14870491)  4445051  4445561
  458 35.37  2.08  2.80           NC_052677.1  4445788  4446075 (14869977)  +          Kuruka  Unspecified (14869977)  4445788  4446075
  299 32.91  3.70  3.70           NC_052677.1  4674072  4674314 (14641738)  +          Kuruka  Unspecified (14641738)  4674072  4674314
  265 35.85  2.64  2.64           NC_052677.1  5164728  5165068 (14150984)  +          Kuruka  Unspecified (14150984)  5164728  5165068
  408 34.37  3.62  2.73           NC_052677.1  5337512  5338620 (13977850)  +          Kuruka  Unspecified (13977850)  5337512  5338620
  761 38.43  3.10  3.91           NC_052677.1  7410346  7411634 (11904418)  +          Kuruka  Unspecified (11904418)  7410346  7411634
  936 35.72  3.94  3.84           NC_052677.1  7485478  7486595 (11829457)  +          Kuruka  Unspecified (11829457)  7485478  7486595
  927 35.67  3.48  3.48           NC_052677.1  7689899  7690961 (11625091)  +          Kuruka  Unspecified (11625091)  7689899  7690961
  717 36.65  1.21  1.21           NC_052677.1  7752076  7753329 (11563647)  +          Kuruka  Unspecified (11563647)  7752076  7753329
  815 35.98  4.18  4.28           NC_052677.1  7764534  7765561 (11550491)  +          Kuruka  Unspecified (11550491)  7764534  7765561
  231 31.77  1.16  1.16           NC_052677.1  7944349  7944434 (11371618)  +          Kuruka  Unspecified (11371618)  7944349  7944434
 1164 34.86  3.42  3.14           NC_052677.1   396196   397276 (18918776)  C          Kuruka  Unspecified (18918776)   396196   397276
  699 37.90  3.96  2.38           NC_052677.1  1961598  1962632 (17353420)  C          Kuruka  Unspecified (17353420)  1961598  1962632
  514 31.90  1.75  3.20           NC_052677.1  2343896  2344180 (16971872)  C          Kuruka  Unspecified (16971872)  2343896  2344180
  464 35.73  3.76  3.56           NC_052677.1  3967716  3968220 (15347832)  C          Kuruka  Unspecified (15347832)  3967716  3968220
  378 34.83  3.77  3.47           NC_052677.1  6480073  6480417 (12835635)  C          Kuruka  Unspecified (12835635)  6480073  6480417
  766 37.25  3.38  2.95           NC_052677.1  7390181  7391126 (11924926)  C          Kuruka  Unspecified (11924926)  7390181  7391126
  347 35.09  5.31  4.16           NC_052677.1  7717695  7718146 (11597906)  C          Kuruka  Unspecified (11597906)  7717695  7718146
  355 31.46  3.78  3.78           NC_052677.1  7718551  7718735 (11597317)  C          Kuruka  Unspecified (11597317)  7718551  7718735
  367 33.70  6.65  5.25           NC_052677.1  8012177  8012627 (11303425)  C          Kuruka  Unspecified (11303425)  8012177  8012627
  609 37.06  3.65  3.15           NC_052678.1   579160   579981 (10701394)  +          Kuruka  Unspecified (10701394)   579160   579981
  783 35.86  3.26  2.50           NC_052678.1   584326   585000 (10696375)  C          Kuruka  Unspecified (10696375)   584326   585000
 1129 35.25  2.96  3.33           NC_052678.1   618568   619682 (10661693)  C          Kuruka  Unspecified (10661693)   618568   619682
 1290 36.51  3.41  2.02           NC_052678.1   660993   662018 (10619357)  C          Kuruka  Unspecified (10619357)   660993   662018
  323 32.92  3.35  3.67           NC_052679.1  7546025  7546352 (18680853)  +          Kuruka  Unspecified (18680853)  7546025  7546352
  300 33.69  7.34  1.06           NC_052679.1  7557440  7557616 (18669589)  +          Kuruka  Unspecified (18669589)  7557440  7557616
  510 39.37  2.28  1.13           NC_052679.1  9177167  9177780 (17049425)  +          Kuruka  Unspecified (17049425)  9177167  9177780
  325 32.70  3.66  3.98           NC_052679.1  9491626  9491953 (16735252)  +          Kuruka  Unspecified (16735252)  9491626  9491953
  347 32.54  2.87  2.87           NC_052679.1  9510053  9510226 (16716979)  +          Kuruka  Unspecified (16716979)  9510053  9510226
  268 34.04  0.00  0.00           NC_052679.1 10017001 10017094 (16210111)  +          Kuruka  Unspecified (16210111) 10017001 10017094
  521 36.70  3.50  1.89           NC_052679.1 10018356 10018927 (16208278)  +          Kuruka  Unspecified (16208278) 10018356 10018927
  238 33.83  1.48  1.48           NC_052679.1 10049371 10049505 (16177700)  +          Kuruka  Unspecified (16177700) 10049371 10049505
  322 31.72  4.09  2.30           NC_052679.1 10312644 10312814 (15914391)  +          Kuruka  Unspecified (15914391) 10312644 10312814
 1592 36.26  2.52  2.61           NC_052679.1 10708769 10709881 (15517324)  +          Kuruka  Unspecified (15517324) 10708769 10709881
 1144 34.83  3.49  3.68           NC_052679.1 11672807 11673894 (14553311)  +          Kuruka  Unspecified (14553311) 11672807 11673894
  234 39.87  0.97  0.97           NC_052679.1 11887563 11887871 (14339334)  +          Kuruka  Unspecified (14339334) 11887563 11887871
  317 29.43  5.32  4.21           NC_052679.1 13667234 13667421 (12559784)  +          Kuruka  Unspecified (12559784) 13667234 13667421
 1630 35.92  2.61  2.61           NC_052679.1  9168512  9169623 (17057582)  C          Kuruka  Unspecified (17057582)  9168512  9169623
  272 28.27  2.11  3.19           NC_052679.1 11608054 11608148 (14619057)  C          Kuruka  Unspecified (14619057) 11608054 11608148
 1261 35.58  2.48  2.57           NC_052679.1 12223635 12224684 (14002521)  C          Kuruka  Unspecified (14002521) 12223635 12224684
  316 35.47  3.96  3.70           NC_052679.1 12280780 12281183 (13946022)  C          Kuruka  Unspecified (13946022) 12280780 12281183
 1114 37.52  2.08  2.08           NC_052679.1 14364228 14365283 (11861922)  C          Kuruka  Unspecified (11861922) 14364228 14365283
  709 37.86  2.98  2.34        NW_024105228.1   134109   134914  (14493)  +          Kuruka  Unspecified  (14493)   134109   134914
  664 39.15  2.34  2.05        NW_024105246.1    96395    97463  (28588)  +          Kuruka  Unspecified  (28588)    96395    97463
  320 38.29  2.13  2.31        NW_024105253.1    22510    23073  (60626)  +          Kuruka  Unspecified  (60626)    22510    23073
  503 35.62  3.00  2.85        NW_024105255.1    45514    46647  (34533)  +          Kuruka  Unspecified  (34533)    45514    46647
 1391 36.60  2.70  2.79        NW_024105256.1    44841    45953   (3460)  +          Kuruka  Unspecified   (3460)    44841    45953
  264 33.96  3.26  2.78        NW_024105260.1    14870    15084  (31875)  +          Kuruka  Unspecified  (31875)    14870    15084
  789 34.20  5.54  4.12        NW_024105266.1     9716    10816  (49687)  +          Kuruka  Unspecified  (49687)     9716    10816
 1486 34.75  2.66  2.57        NW_024105267.1    13229    14433  (44732)  +          Kuruka  Unspecified  (44732)    13229    14433
 1178 35.34  3.21  3.30        NW_024105270.1    20501    21653  (36368)  +          Kuruka  Unspecified  (36368)    20501    21653
 1150 35.39  3.39  3.12        NW_024105270.1    45455    46603  (11418)  +          Kuruka  Unspecified  (11418)    45455    46603
  288 33.97  2.44  3.07        NW_024105277.1    28592    28755  (18609)  +          Kuruka  Unspecified  (18609)    28592    28755
  916 35.99  3.66  3.75        NW_024105278.1     5586     6705  (39382)  +          Kuruka  Unspecified  (39382)     5586     6705
  304 33.42  5.61  3.04        NW_024105284.1   293070   293390 (774082)  +          Kuruka  Unspecified (774082)   293070   293390
  280 31.90  1.69  1.69        NW_024105284.1   352993   353110 (714362)  +          Kuruka  Unspecified (714362)   352993   353110
  426 32.00  4.58  5.38        NW_024105284.1   221905   222297 (845175)  C          Kuruka  Unspecified (845175)   221905   222297
 1280 33.28  3.72  4.08        NW_024105292.1     2640     3795  (42252)  +          Kuruka  Unspecified  (42252)     2640     3795
 1303 32.63  3.93  4.02        NW_024105292.1    30594    31688  (14359)  C          Kuruka  Unspecified  (14359)    30594    31688
  450 30.16  2.56  3.09        NW_024105302.1    23909    24103   (4920)  +          Kuruka  Unspecified   (4920)    23909    24103
 1009 33.28  3.11  3.27        NW_024105302.1     5040     5682  (23341)  C          Kuruka  Unspecified  (23341)     5040     5682
  355 34.89  1.83  1.83        NW_024105302.1     5942     6160  (22863)  C          Kuruka  Unspecified  (22863)     5942     6160
  450 30.16  2.56  3.09        NW_024105308.1    19759    19953   (5573)  +          Kuruka  Unspecified   (5573)    19759    19953
  764 37.55  2.68  2.78        NW_024105314.1     6950     7957  (14812)  +          Kuruka  Unspecified  (14812)     6950     7957
  429 33.18  3.17  3.17        NW_024105315.1     4932     5152  (16345)  C          Kuruka  Unspecified  (16345)     4932     5152
  338 35.80  2.82  2.00        NW_024105315.1     5391     5638  (15859)  C          Kuruka  Unspecified  (15859)     5391     5638
  360 33.67  2.87  3.37        NW_024105318.1       24      232  (21097)  C          Kuruka  Unspecified  (21097)       24      232
  338 35.80  2.82  2.00        NW_024105318.1      472      719  (20610)  C          Kuruka  Unspecified  (20610)      472      719
  697 34.00  0.61  0.91        NW_024105318.1     9942    10616  (11058)  C          Kuruka  Unspecified  (11058)     9942    10616
  338 35.80  2.82  2.00        NW_024105318.1    10855    11102  (10227)  C          Kuruka  Unspecified  (10227)    10855    11102
  478 32.04  4.91  2.58        NW_024105318.1    20332    20933    (733)  C          Kuruka  Unspecified    (733)    20332    20933
  275 31.66  2.80  2.80        NW_024105318.1    21167    21309     (20)  C          Kuruka  Unspecified     (20)    21167    21309
  428 37.80  3.39  3.10        NW_024105354.1     5504     6210   (6543)  +          Kuruka  Unspecified   (6543)     5504     6210
  260 33.87  3.43  3.43        NW_024105358.1     4020     4340   (8187)  +          Kuruka  Unspecified   (8187)     4020     4340
 1328 35.12  3.57  3.66        NW_024105373.1     3711     4860   (5556)  C          Kuruka  Unspecified   (5556)     3711     4860
