   772 36.28 2.22 2.36          NC_036187.1   1717298   1718017 (11831313) C               Kuruka     Unspecified  (4176)    4657    3939    
   237 27.17 1.20 2.44          NC_036187.1   3450456   3450538 (10098792) C               Kuruka     Unspecified  (4456)    4377    4296    
  1710 35.30 2.16 1.74          NC_036187.1   4386625   4387829 (9161501) C               Kuruka     Unspecified  (4163)    4670    3461    
   772 36.28 2.22 2.36          NC_036187.1   4525851   4526570 (9022760) +               Kuruka     Unspecified    3939    4657  (4176)    
  1335 35.86 2.45 3.80          NC_036187.1   5912281   5913506 (7635824) C               Kuruka     Unspecified  (4163)    4670    3461    
   398 27.66 0.00 0.00          NC_036187.1   7648883   7648976 (5900354) +               Kuruka     Unspecified    3580    3673  (5160)    
   277 24.61 6.47 7.00          NC_036187.1  11018230  11018430 (2530900) C               Kuruka     Unspecified  (4401)    4432    4233    
   804 35.99 3.71 5.01          NC_036188.1   5585311   5586360 (9845174) +               Kuruka     Unspecified    3576    4612  (4221)    
  1512 36.12 2.33 1.74          NC_036188.1  13242331  13243533 (2188001) C               Kuruka     Unspecified  (4163)    4670    3461    
   391 32.82 6.60 5.86          NC_036189.1   5682330   5682617 (781945) +               Kuruka     Unspecified    3452    3741  (5092)    
   297 30.40 0.79 1.59          NC_036189.1   5682925   5683051 (781511) +               Kuruka     Unspecified    4052    4177  (4656)    
   254 28.37 4.08 4.08          NC_036190.1   1935311   1935457 (8386727) +               Kuruka     Unspecified    4187    4333  (4500)    
   491 31.18 4.65 3.05          NC_036190.1   2337261   2337518 (7984666) +               Kuruka     Unspecified    3453    3714  (5119)    
   361 32.00 1.96 1.96          NC_036190.1   4372783   4372935 (5949249) +               Kuruka     Unspecified    3575    3727  (5106)    
  2282 33.16 1.88 1.96          NC_036190.1   6648173   6649344 (3672840) C               Kuruka     Unspecified  (4175)    4658    3488    
   377 32.82 6.60 5.86          NC_036191.1   2780937   2781224 (9117130) +               Kuruka     Unspecified    3452    3741  (5092)    
   287 31.53 5.96 1.27          NC_036191.1   2781501   2781651 (9116703) +               Kuruka     Unspecified    4014    4171  (4662)    
   495 33.33 1.78 1.78          NC_036191.1   4323766   4324046 (7574308) +               Kuruka     Unspecified    3459    3739  (5094)    
   363 34.89 2.48 2.90          NC_036191.1   4697092   4697333 (7201021) C               Kuruka     Unspecified  (4312)    4521    4281    
  2282 33.16 1.88 1.96          NC_036192.1    937583    938754 (12524022) +               Kuruka     Unspecified    3488    4658  (4175)    
   402 27.66 0.00 0.00          NC_036192.1   1824459   1824552 (11638224) +               Kuruka     Unspecified    3580    3673  (5160)    
   340 31.07 0.00 0.97          NC_036192.1   5183115   5183218 (8279558) +               Kuruka     Unspecified    4273    4375  (4458)    
   363 34.89 2.48 2.90          NC_036192.1   5191913   5192154 (8270622) +               Kuruka     Unspecified    4281    4521  (4312)    
   294 36.89 1.43 1.91          NC_036192.1  11496188  11496397 (1966379) C               Kuruka     Unspecified  (4330)    4503    4295    
  1335 35.86 2.45 3.80          NC_036192.1  11970986  11972211 (1490565) +               Kuruka     Unspecified    3461    4670  (4163)    
  2305 34.62 2.30 2.38          NC_036193.1  13651733  13652951 (1832746) C               Kuruka     Unspecified  (4163)    4670    3453    
   835 35.66 2.50 2.64          NC_036194.1     56738     57457 (12364521) C               Kuruka     Unspecified  (4176)    4657    3939    
  1798 34.05 2.92 3.00          NC_036194.1   9029440   9030741 (3391237) +               Kuruka     Unspecified    3461    4761  (4072)    
   230 27.15 0.00 1.43          NC_036195.1   4555615   4555685 (10381249) C               Kuruka     Unspecified  (4456)    4377    4308    
   311 24.32 0.00 0.00          NC_036196.1   2127208   2127281 (6435774) +               Kuruka     Unspecified    4281    4354  (4479)    
   319 26.83 0.00 0.00          NC_036196.1   3571589   3571670 (4991385) C               Kuruka     Unspecified  (4479)    4354    4273    
   319 26.83 0.00 0.00          NC_036196.1   8330149   8330230 (232825) +               Kuruka     Unspecified    4273    4354  (4479)    
   763 35.97 3.72 5.02          NC_036197.1   1423601   1424648 (11876294) C               Kuruka     Unspecified  (4221)    4612    3578    
  2304 32.21 2.90 2.98          NC_036198.1    298269    299545 (10177141) C               Kuruka     Unspecified  (4069)    4764    3489    
   244 32.54 2.92 4.76          NC_036198.1   1401414   1401584 (9075102) +               Kuruka     Unspecified    4187    4354  (4479)    
   239 32.03 0.78 3.17          NC_036198.1   2043372   2043500 (8433186) C               Kuruka     Unspecified  (4499)    4334    4209    
   294 24.75 3.16 7.95          NC_036198.1   2057310   2057467 (8419219) C               Kuruka     Unspecified  (4390)    4443    4293    
   306 30.28 3.40 3.40          NC_036198.1   6495359   6495505 (3981181) +               Kuruka     Unspecified    4187    4333  (4500)    
   299 28.37 4.08 4.08          NC_036198.1   6500402   6500548 (3976138) +               Kuruka     Unspecified    4187    4333  (4500)    
   231 37.25 0.00 0.65          NC_036198.1   6536914   6537067 (3939619) +               Kuruka     Unspecified    4294    4446  (4387)    
   392 25.46 0.90 0.90          NC_036198.1   6602516   6602626 (3874060) C               Kuruka     Unspecified  (4500)    4333    4223    
   410 36.45 0.93 0.93          NC_036198.1   6602966   6603181 (3873505) C               Kuruka     Unspecified  (5034)    3799    3584    
   612 34.21 4.46 1.79          NC_036198.1   6736356   6736736 (3739950) C               Kuruka     Unspecified  (4246)    4587    4197    
   258 29.12 4.81 0.93          NC_036198.1   6738309   6738412 (3738274) C               Kuruka     Unspecified  (4820)    4013    3906    
  2304 32.21 2.90 2.98          NC_036198.1   8542014   8543290 (1933396) C               Kuruka     Unspecified  (4069)    4764    3489    
   343 34.25 0.00 0.00          NC_036199.1    340140    340285 (7012522) C               Kuruka     Unspecified  (5104)    3729    3584    
   491 31.18 4.65 3.05          NC_036199.1    811819    812076 (6540731) +               Kuruka     Unspecified    3453    3714  (5119)    
   266 19.23 0.00 0.00          NC_036199.1   3445986   3446037 (3906770) C               Kuruka     Unspecified  (4487)    4346    4295    
  1921 32.77 1.74 1.83          NC_036200.1   1476308   1477398 (14163468) C               Kuruka     Unspecified  (4255)    4578    3489    
   412 32.71 4.65 0.45          NC_036200.1  11968621  11968835 (3672031) C               Kuruka     Unspecified  (5052)    3781    3558    
  2288 32.92 1.96 2.05          NC_036200.1  12519422  12520593 (3120273) +               Kuruka     Unspecified    3489    4659  (4174)    
   292 35.58 2.19 2.56          NC_036200.1  15540039  15540312 (100554) C               Kuruka     Unspecified  (4288)    4545    4273    
   372 35.32 2.48 2.90          NC_036201.1   2689053   2689294 (11236785) +               Kuruka     Unspecified    4281    4521  (4312)    
   877 36.16 3.74 3.30          NC_036201.1   4852504   4853681 (9072398) C               Kuruka     Unspecified  (4162)    4671    3489    
   239 31.43 5.71 0.00          NC_036201.1   9965420   9965524 (3960555) +               Kuruka     Unspecified    4223    4333  (4500)    
   741 36.05 2.38 1.45          NC_036202.1   2096517   2097062 (14174460) C               Kuruka     Unspecified  (4086)    4747    4197    
  1145 35.99 1.15 1.15          NC_036202.1   2098208   2098904 (14172618) C               Kuruka     Unspecified  (4676)    4157    3461    
   264 31.90 2.54 1.68          NC_036202.1   2203440   2203557 (14067965) +               Kuruka     Unspecified    4278    4396  (4437)    
   292 35.58 2.19 2.56          NC_036202.1   6650485   6650758 (9620764) C               Kuruka     Unspecified  (4288)    4545    4273    
   432 27.22 3.98 3.98          NC_036202.1   9420833   9421008 (6850514) +               Kuruka     Unspecified    3498    3673  (5160)    
   234 32.33 2.21 2.21          NC_036202.1   9445795   9445930 (6825592) C               Kuruka     Unspecified  (4236)    4597    4462    
   302 29.90 5.38 2.24          NC_036202.1   9446696   9446825 (6824697) C               Kuruka     Unspecified  (5139)    3694    3561    
   350 32.00 1.96 1.96          NC_036202.1  10803190  10803342 (5468180) +               Kuruka     Unspecified    3575    3727  (5106)    
  2636 34.12 0.93 1.01          NC_036202.1  15498359  15499542 (771980) C               Kuruka     Unspecified  (4162)    4671    3489    
   282 34.05 2.51 2.94          NC_036203.1     87155     87393 (13504641) +               Kuruka     Unspecified    4308    4545  (4288)    
   513 33.33 1.78 1.78          NC_036203.1    333087    333367 (13258667) +               Kuruka     Unspecified    3459    3739  (5094)    
   267 34.65 5.88 2.86          NC_036203.1   4837430   4837735 (8754299) +               Kuruka     Unspecified    3583    3897  (4936)    
  2085 34.66 1.69 1.77          NC_036203.1   8738932   8740235 (4851799) C               Kuruka     Unspecified  (4069)    4764    3462    
   771 36.28 2.22 2.36          NC_036203.1  10615814  10616533 (2975501) +               Kuruka     Unspecified    3939    4657  (4176)    
   231 32.33 2.21 2.21          NC_036204.1   3167872   3168007 (9023711) C               Kuruka     Unspecified  (4236)    4597    4462    
   295 29.90 5.38 2.24          NC_036204.1   3168773   3168902 (9022816) C               Kuruka     Unspecified  (5139)    3694    3561    
   417 34.51 1.16 1.55          NC_036204.1   4983262   4983520 (7208198) +               Kuruka     Unspecified    4224    4481  (4352)    
   241 31.33 2.41 0.00          NC_036204.1   4983738   4983820 (7207898) +               Kuruka     Unspecified    4467    4551  (4282)    
   349 32.12 0.00 0.00          NC_036205.1   5864623   5864759 (2329135) +               Kuruka     Unspecified    3558    3694  (5139)    
  2636 34.12 0.93 1.01          NC_036206.1  11141111  11142294 (2486633) C               Kuruka     Unspecified  (4162)    4671    3489    
   304 37.02 2.77 2.77          NC_036206.1  11457311  11457599 (2171328) +               Kuruka     Unspecified    3451    3739  (5094)    
   771 36.28 2.22 2.36          NC_036207.1    196044    196763 (14012127) C               Kuruka     Unspecified  (4176)    4657    3939    
   257 33.98 0.95 1.92          NC_036207.1    830666    830770 (13378120) C               Kuruka     Unspecified  (4456)    4377    4274    
   875 31.99 4.89 7.36          NC_036207.1    867953    868647 (13340243) C               Kuruka     Unspecified  (4222)    4611    3933    
   754 30.52 3.37 3.37          NC_036207.1    868736    869091 (13339799) C               Kuruka     Unspecified  (4989)    3844    3489    
   804 35.99 3.71 5.01          NC_036207.1   1704663   1705712 (12503178) C               Kuruka     Unspecified  (4221)    4612    3576    
  2282 33.16 1.88 1.96          NC_036207.1   3303611   3304782 (10904108) +               Kuruka     Unspecified    3488    4658  (4175)    
  1088 38.61 1.23 2.40          NC_036207.1  11358307  11359442 (2849448) +               Kuruka     Unspecified    3489    4611  (4222)    
   244 32.54 2.92 4.76          NC_036208.1    373709    373879 (13897537) +               Kuruka     Unspecified    4187    4354  (4479)    
  1770 35.31 1.71 1.71          NC_036208.1   3772385   3773496 (10497920) +               Kuruka     Unspecified    3560    4671  (4162)    
   328 25.14 6.47 7.00          NC_036208.1   7094390   7094590 (7176826) +               Kuruka     Unspecified    4233    4432  (4401)    
   506 31.18 4.65 3.05          NC_036208.1   8528803   8529060 (5742356) +               Kuruka     Unspecified    3453    3714  (5119)    
   280 34.74 0.00 0.00          NC_036208.1  10118784  10118878 (4152538) +               Kuruka     Unspecified    3585    3679  (5154)    
   267 31.26 0.00 1.04          NC_036209.1   3699016   3699112 (10181030) +               Kuruka     Unspecified    4282    4377  (4456)    
  1794 36.61 1.77 1.38          NC_036209.1   7345666   7346964 (6533178) C               Kuruka     Unspecified  (4069)    4764    3461    
  2328 34.00 2.04 2.36          NC_036209.1  11490559  11491835 (2388307) +               Kuruka     Unspecified    3489    4761  (4072)    
   340 31.07 0.00 0.97          NC_036210.1    509223    509326 (11692796) +               Kuruka     Unspecified    4273    4375  (4458)    
   354 24.61 6.47 7.00          NC_036210.1   1016460   1016660 (11185462) C               Kuruka     Unspecified  (4401)    4432    4233    
   264 31.90 2.54 1.68          NC_036210.1   5545416   5545533 (6656589) C               Kuruka     Unspecified  (4437)    4396    4278    
  2304 32.21 2.90 2.98          NC_036210.1   6862779   6864055 (5338067) +               Kuruka     Unspecified    3489    4764  (4069)    
   248 32.86 0.71 2.90          NC_036210.1   8769550   8769690 (3432432) +               Kuruka     Unspecified    4197    4334  (4499)    
   805 36.28 2.22 2.36          NC_036211.1    570192    570911 (13112232) +               Kuruka     Unspecified    3939    4657  (4176)    
   412 32.71 4.65 0.45          NC_036211.1   2745146   2745360 (10937783) C               Kuruka     Unspecified  (5052)    3781    3558    
   397 33.76 0.00 2.45          NC_036212.1   2118650   2118816 (8110629) +               Kuruka     Unspecified    3574    3736  (5097)    
   771 36.28 2.22 2.36          NC_036212.1   5105895   5106614 (5122831) +               Kuruka     Unspecified    3939    4657  (4176)    
   229 32.58 0.00 0.00          NC_036213.1    851927    852015 (13767076) C               Kuruka     Unspecified  (5157)    3676    3588    
   227 33.00 0.99 0.99          NC_036213.1   3458824   3458924 (11160167) +               Kuruka     Unspecified    3595    3695  (5138)    
  2352 33.16 1.88 1.96          NC_036213.1   9509502   9510673 (5108418) C               Kuruka     Unspecified  (4175)    4658    3488    
   412 32.71 4.65 0.45          NC_036213.1  10287040  10287254 (4331837) +               Kuruka     Unspecified    3558    3781  (5052)    
   239 32.03 0.78 3.17          NC_036214.1    977312    977440 (12480165) C               Kuruka     Unspecified  (4499)    4334    4209    
   300 28.05 0.00 0.00          NC_036214.1  10441332  10441413 (3016192) C               Kuruka     Unspecified  (4479)    4354    4273    
   244 31.17 4.79 5.52          NC_036214.1  10830880  10831025 (2626580) C               Kuruka     Unspecified  (4393)    4440    4296    
   243 33.70 0.00 0.00          NC_036215.1   7638555   7638646 (6574540) C               Kuruka     Unspecified  (4273)    4560    4469    
   422 34.57 2.89 2.89          NC_036215.1   7639372   7639648 (6573538) C               Kuruka     Unspecified  (5092)    3741    3465    
   328 25.14 6.47 7.00          NC_036215.1   9951624   9951824 (4261362) C               Kuruka     Unspecified  (4401)    4432    4233    
   328 25.14 6.47 7.00          NC_036215.1  12691653  12691853 (1521333) +               Kuruka     Unspecified    4233    4432  (4401)    
   292 35.58 2.19 2.56          NC_036216.1   1606968   1607241 (11405915) C               Kuruka     Unspecified  (4288)    4545    4273    
   352 30.72 1.42 0.70          NC_036217.1    691826    691966 (18242803) C               Kuruka     Unspecified  (4309)    4524    4383    
   353 37.16 0.75 1.52          NC_036217.1   3614013   3614277 (15320492) C               Kuruka     Unspecified  (4995)    3838    3576    
  1794 36.61 1.77 1.38          NC_036217.1   3979433   3980731 (14954038) +               Kuruka     Unspecified    3461    4764  (4069)    
   825 36.13 2.22 2.36          NC_036217.1   6113738   6114457 (12820312) +               Kuruka     Unspecified    3939    4657  (4176)    
   247 31.43 5.71 0.00          NC_036217.1   7522073   7522177 (11412592) C               Kuruka     Unspecified  (4500)    4333    4223    
   248 32.86 0.71 2.90       NW_019224356.1    242638    242778  (97681) +               Kuruka     Unspecified    4197    4334  (4499)    
   247 31.43 5.71 0.00       NW_019224360.1    219267    219371  (84419) C               Kuruka     Unspecified  (4500)    4333    4223    
   429 27.22 3.98 3.98       NW_019224378.1     48045     48220 (148222) C               Kuruka     Unspecified  (5160)    3673    3498    
   235 31.55 0.00 2.70       NW_019224379.1    172783    172896  (23479) C               Kuruka     Unspecified  (4499)    4334    4224    
   264 31.90 2.54 1.68       NW_019224380.1     53025     53142 (135213) +               Kuruka     Unspecified    4278    4396  (4437)    
  1960 32.21 2.90 2.98       NW_019224384.1    113976    115252  (68108) C               Kuruka     Unspecified  (4069)    4764    3489    
  1902 35.25 2.06 2.06       NW_019224396.1     42306     43713 (118529) C               Kuruka     Unspecified  (3982)    4851    3444    
   253 32.48 0.85 0.85       NW_019224407.1     14085     14202 (115556) C               Kuruka     Unspecified  (5133)    3700    3583    
   253 17.56 1.69 3.45       NW_019224427.1     68027     68085  (45666) C               Kuruka     Unspecified  (4480)    4353    4296    
   286 33.52 5.05 6.07       NW_019224497.1     49273     49688   (4083) C               Kuruka     Unspecified  (4456)    4377    3966    
   628 34.63 1.05 1.05       NW_019224509.1     45894     46179      (0) C               Kuruka     Unspecified  (4162)    4671    4386    
   332 40.23 1.10 1.38       NW_019224564.1     10324     10686  (17062) +               Kuruka     Unspecified    3489    3850  (4983)    
  1776 35.01 2.77 2.38       NW_019225301.1       327      1625   (3617) C               Kuruka     Unspecified  (4069)    4764    3461    
   273 34.74 0.00 0.00       NW_019225368.1      2924      3018   (1835) C               Kuruka     Unspecified  (5154)    3679    3585    
   231 26.48 11.90 1.08       NW_019225508.1      3330      3413    (795) +               Kuruka     Unspecified    4256    4348  (4485)    
   365 32.81 3.79 4.18       NW_019225561.1      1739      2002   (1999) +               Kuruka     Unspecified    4273    4535  (4298)    
   288 34.87 4.51 5.47       NW_019225630.1      1734      2176   (1519) +               Kuruka     Unspecified    3939    4377  (4456)    
   239 31.55 0.00 2.70       NW_019226106.1      1338      1451    (918) C               Kuruka     Unspecified  (4499)    4334    4224    
   459 33.56 2.99 2.99       NW_019226124.1        26       326   (1990) +               Kuruka     Unspecified    4461    4761  (4072)    
   385 29.61 2.55 3.21       NW_019226218.1      1899      2055     (18) +               Kuruka     Unspecified    4291    4446  (4387)    
   234 27.15 0.00 1.43       NW_019226244.1      1975      2045      (4) C               Kuruka     Unspecified  (4456)    4377    4308    
   351 35.13 4.67 3.70       NW_019226470.1      1189      1723      (2) C               Kuruka     Unspecified  (4162)    4671    4132    
   366 33.79 3.88 4.33       NW_019226660.1      1122      1353    (181) C               Kuruka     Unspecified  (4330)    4503    4273    
   239 30.00 2.17 2.17       NW_019227088.1       244       335    (832) +               Kuruka     Unspecified    4469    4560  (4273)    
   919 31.98 2.68 2.86       NW_019227181.1       466      1025     (57) C               Kuruka     Unspecified  (4075)    4758    4200    
