  441 32.24  2.87  3.19            OY796674.1  5919365  5919678 (58697865)  +          Kuruka  Unspecified (58697865)  5919365  5919678
  441 32.24  2.87  3.19            OY796674.1  5924659  5924972 (58692571)  +          Kuruka  Unspecified (58692571)  5924659  5924972
  402 33.76  2.14  5.13            OY796674.1  7994741  7995021 (56622522)  +          Kuruka  Unspecified (56622522)  7994741  7995021
  406 34.38  2.28  2.67            OY796674.1 21935491 21935753 (42681790)  +          Kuruka  Unspecified (42681790) 21935491 21935753
  406 34.38  2.28  2.67            OY796674.1 25915288 25915550 (38701993)  +          Kuruka  Unspecified (38701993) 25915288 25915550
  247 33.06  3.12  0.76            OY796674.1 25981268 25981395 (38636148)  +          Kuruka  Unspecified (38636148) 25981268 25981395
  258 31.98  5.34  2.84            OY796674.1 26440488 26440693 (38176850)  +          Kuruka  Unspecified (38176850) 26440488 26440693
  247 33.06  3.12  0.76            OY796674.1 29544985 29545112 (35072431)  +          Kuruka  Unspecified (35072431) 29544985 29545112
  247 33.06  3.12  0.76            OY796674.1 31162679 31162806 (33454737)  +          Kuruka  Unspecified (33454737) 31162679 31162806
  280 34.96  0.81  0.81            OY796674.1 33252401 33252524 (31365019)  +          Kuruka  Unspecified (31365019) 33252401 33252524
  283 36.06  1.82  2.19            OY796674.1 41064234 41064508 (23553035)  +          Kuruka  Unspecified (23553035) 41064234 41064508
  428 34.87  1.93  2.26            OY796674.1 41666858 41667168 (22950375)  +          Kuruka  Unspecified (22950375) 41666858 41667168
  282 23.96  4.00  4.00            OY796674.1 46665343 46665442 (17952101)  +          Kuruka  Unspecified (17952101) 46665343 46665442
  286 29.52  4.60  5.04            OY796674.1 46666035 46666273 (17951270)  +          Kuruka  Unspecified (17951270) 46666035 46666273
  263 32.28  3.12  0.76            OY796674.1 48412136 48412263 (16205280)  +          Kuruka  Unspecified (16205280) 48412136 48412263
  330 30.22  2.80  2.80            OY796674.1 53635281 53635423 (10982120)  +          Kuruka  Unspecified (10982120) 53635281 53635423
  423 32.57  2.87  3.19            OY796674.1 64390503 64390816 (226727)  +          Kuruka  Unspecified (226727) 64390503 64390816
  249 30.78  3.45  3.96            OY796674.1  5598796  5598998 (59018545)  C          Kuruka  Unspecified (59018545)  5598796  5598998
  402 29.02  5.07  5.39            OY796674.1 15055123 15055457 (49562086)  C          Kuruka  Unspecified (49562086) 15055123 15055457
  393 34.77  2.28  2.67            OY796674.1 21671360 21671622 (42945921)  C          Kuruka  Unspecified (42945921) 21671360 21671622
  263 32.28  3.12  0.76            OY796674.1 25342122 25342249 (39275294)  C          Kuruka  Unspecified (39275294) 25342122 25342249
  395 32.41  4.55  2.99            OY796674.1 32513329 32513592 (32103951)  C          Kuruka  Unspecified (32103951) 32513329 32513592
  247 33.06  3.12  0.76            OY796674.1 40798597 40798724 (23818819)  C          Kuruka  Unspecified (23818819) 40798597 40798724
  272 33.34  3.05  3.85            OY796674.1 43637023 43637153 (20980390)  C          Kuruka  Unspecified (20980390) 43637023 43637153
  279 28.72  6.92  3.66            OY796674.1 46475424 46475582 (18141961)  C          Kuruka  Unspecified (18141961) 46475424 46475582
  226 30.95  3.66  8.05            OY796674.1 50710099 50710344 (13907199)  C          Kuruka  Unspecified (13907199) 50710099 50710344
  289 33.95  2.15  3.93            OY796674.1 53055856 53056088 (11561455)  C          Kuruka  Unspecified (11561455) 53055856 53056088
  402 35.53  1.93  2.26            OY796674.1 53071005 53071315 (11546228)  C          Kuruka  Unspecified (11546228) 53071005 53071315
  247 33.06  3.12  0.76            OY796675.1 14163473 14163600 (49644858)  +          Kuruka  Unspecified (49644858) 14163473 14163600
  406 34.38  2.28  2.67            OY796675.1 26872805 26873067 (36935391)  +          Kuruka  Unspecified (36935391) 26872805 26873067
  249 36.36  1.68  1.68            OY796675.1 29046421 29046599 (34761859)  +          Kuruka  Unspecified (34761859) 29046421 29046599
  382 34.77  2.28  2.67            OY796675.1 29792555 29792817 (34015641)  +          Kuruka  Unspecified (34015641) 29792555 29792817
  272 32.76  3.86  5.68            OY796675.1 49212372 49212604 (14595854)  +          Kuruka  Unspecified (14595854) 49212372 49212604
  282 23.96  4.00  4.00            OY796675.1 51053550 51053649 (12754809)  +          Kuruka  Unspecified (12754809) 51053550 51053649
  286 29.52  4.60  5.04            OY796675.1 51054242 51054480 (12753978)  +          Kuruka  Unspecified (12753978) 51054242 51054480
  237 31.17  2.53  2.53            OY796675.1 55781993 55782150 (8026308)  +          Kuruka  Unspecified (8026308) 55781993 55782150
  269 34.40  2.15  3.93            OY796675.1 57329717 57329949 (6478509)  +          Kuruka  Unspecified (6478509) 57329717 57329949
  271 34.40  2.15  3.93            OY796675.1 62291565 62291797 (1516661)  +          Kuruka  Unspecified (1516661) 62291565 62291797
  225 28.95  2.56  2.56            OY796675.1   348109   348225 (63460233)  C          Kuruka  Unspecified (63460233)   348109   348225
  320 30.22  2.80  2.80            OY796675.1 23793801 23793943 (40014515)  C          Kuruka  Unspecified (40014515) 23793801 23793943
  271 34.40  2.15  3.93            OY796675.1 29912935 29913167 (33895291)  C          Kuruka  Unspecified (33895291) 29912935 29913167
  237 31.17  2.53  2.53            OY796675.1 34118521 34118678 (29689780)  C          Kuruka  Unspecified (29689780) 34118521 34118678
  281 38.73  1.42  1.71            OY796675.1 50006479 50006830 (13801628)  C          Kuruka  Unspecified (13801628) 50006479 50006830
  258 31.98  5.34  2.84            OY796675.1 50214885 50215090 (13593368)  C          Kuruka  Unspecified (13593368) 50214885 50215090
  406 34.38  2.28  2.67            OY796675.1 52066804 52067066 (11741392)  C          Kuruka  Unspecified (11741392) 52066804 52067066
  264 33.34  3.05  3.85            OY796675.1 53957728 53957858 (9850600)  C          Kuruka  Unspecified (9850600) 53957728 53957858
  315 32.74  3.03  3.48            OY796675.1 56021991 56022221 (7786237)  C          Kuruka  Unspecified (7786237) 56021991 56022221
  279 28.72  6.92  3.66            OY796675.1 61218198 61218356 (2590102)  C          Kuruka  Unspecified (2590102) 61218198 61218356
  249 36.36  1.68  1.68            OY796676.1 10385628 10385806 (52107050)  +          Kuruka  Unspecified (52107050) 10385628 10385806
  249 34.67  1.96  1.96            OY796676.1 31210369 31210521 (31282335)  +          Kuruka  Unspecified (31282335) 31210369 31210521
  320 30.22  2.80  2.80            OY796676.1 53368864 53369006 (9123850)  +          Kuruka  Unspecified (9123850) 53368864 53369006
  402 29.02  5.07  5.39            OY796676.1 57018681 57019015 (5473841)  +          Kuruka  Unspecified (5473841) 57018681 57019015
  237 31.17  2.53  2.53            OY796676.1  5748614  5748771 (56744085)  C          Kuruka  Unspecified (56744085)  5748614  5748771
  248 31.69  3.94  4.35            OY796676.1 23272370 23272623 (39220233)  C          Kuruka  Unspecified (39220233) 23272370 23272623
  240 19.98  4.84  3.17            OY796676.1 23899804 23899865 (38592991)  C          Kuruka  Unspecified (38592991) 23899804 23899865
  406 34.38  2.28  2.67            OY796676.1 25843131 25843393 (36649463)  C          Kuruka  Unspecified (36649463) 25843131 25843393
  279 28.72  6.92  3.66            OY796676.1 34347657 34347815 (28145041)  C          Kuruka  Unspecified (28145041) 34347657 34347815
  249 36.36  1.68  1.68            OY796676.1 35324983 35325161 (27167695)  C          Kuruka  Unspecified (27167695) 35324983 35325161
  649 35.09  3.97  4.68            OY796676.1 35496206 35497087 (26995769)  C          Kuruka  Unspecified (26995769) 35496206 35497087
  402 35.53  1.93  2.26            OY796676.1 36069117 36069427 (26423429)  C          Kuruka  Unspecified (26423429) 36069117 36069427
  230 35.11  2.94  4.26            OY796676.1 37076198 37076435 (25416421)  C          Kuruka  Unspecified (25416421) 37076198 37076435
  271 34.40  2.15  3.93            OY796676.1 40585336 40585568 (21907288)  C          Kuruka  Unspecified (21907288) 40585336 40585568
  320 34.87  3.81  4.12            OY796676.1 48364252 48364592 (14128264)  C          Kuruka  Unspecified (14128264) 48364252 48364592
  252 30.10  4.85  4.85            OY796676.1 48364990 48365195 (14127661)  C          Kuruka  Unspecified (14127661) 48364990 48365195
  258 31.98  5.34  2.84            OY796676.1 53437470 53437675 (9055181)  C          Kuruka  Unspecified (9055181) 53437470 53437675
  382 34.77  2.28  2.67            OY796676.1 53853117 53853379 (8639477)  C          Kuruka  Unspecified (8639477) 53853117 53853379
  284 38.84  0.82  1.09            OY796676.1 56455855 56456221 (6036635)  C          Kuruka  Unspecified (6036635) 56455855 56456221
  240 34.67  1.96  1.96            OY796676.1 60552166 60552318 (1940538)  C          Kuruka  Unspecified (1940538) 60552166 60552318
  272 29.60  4.85  4.85            OY796677.1  7501211  7501416 (54259782)  +          Kuruka  Unspecified (54259782)  7501211  7501416
  362 33.95  3.81  4.12            OY796677.1  7501814  7502154 (54259044)  +          Kuruka  Unspecified (54259044)  7501814  7502154
  249 34.67  1.96  1.96            OY796677.1  9940330  9940482 (51820716)  +          Kuruka  Unspecified (51820716)  9940330  9940482
  258 31.98  5.34  2.84            OY796677.1 15535662 15535867 (46225331)  +          Kuruka  Unspecified (46225331) 15535662 15535867
  406 34.38  2.28  2.67            OY796677.1 33961113 33961375 (27799823)  +          Kuruka  Unspecified (27799823) 33961113 33961375
  271 34.40  2.15  3.93            OY796677.1 37942051 37942283 (23818915)  +          Kuruka  Unspecified (23818915) 37942051 37942283
  406 34.38  2.28  2.67            OY796677.1 42879971 42880233 (18880965)  +          Kuruka  Unspecified (18880965) 42879971 42880233
  294 35.14  1.72  3.49            OY796677.1 45693986 45694218 (16066980)  +          Kuruka  Unspecified (16066980) 45693986 45694218
  247 33.06  3.12  0.76            OY796677.1 45969970 45970097 (15791101)  +          Kuruka  Unspecified (15791101) 45969970 45970097
  412 34.13  2.14  5.13            OY796677.1 52736975 52737255 (9023943)  +          Kuruka  Unspecified (9023943) 52736975 52737255
  383 34.77  2.28  2.67            OY796677.1 61295257 61295519 (465679)  +          Kuruka  Unspecified (465679) 61295257 61295519
  242 30.28  6.31  3.79            OY796677.1  9097408  9097613 (52663585)  C          Kuruka  Unspecified (52663585)  9097408  9097613
  393 34.77  2.28  2.67            OY796677.1 13576756 13577018 (48184180)  C          Kuruka  Unspecified (48184180) 13576756 13577018
  402 33.76  2.14  5.13            OY796677.1 18750950 18751230 (43009968)  C          Kuruka  Unspecified (43009968) 18750950 18751230
  393 34.77  2.28  2.67            OY796677.1 25683849 25684111 (36077087)  C          Kuruka  Unspecified (36077087) 25683849 25684111
  237 31.17  2.53  2.53            OY796677.1 27305205 27305362 (34455836)  C          Kuruka  Unspecified (34455836) 27305205 27305362
  406 34.38  2.28  2.67            OY796677.1 32975017 32975279 (28785919)  C          Kuruka  Unspecified (28785919) 32975017 32975279
  314 33.83  2.88  3.87            OY796677.1 37005748 37006323 (24755138)  C          Kuruka  Unspecified (24755138) 37005748 37006323
  272 27.85  0.00  1.27            OY796677.1 47480201 47480280 (14280918)  C          Kuruka  Unspecified (14280918) 47480201 47480280
  271 34.40  2.15  3.93            OY796677.1 50057346 50057578 (11703620)  C          Kuruka  Unspecified (11703620) 50057346 50057578
  382 34.77  2.28  2.67            OY796677.1 53769868 53770130 (7991068)  C          Kuruka  Unspecified (7991068) 53769868 53770130
  271 34.40  2.15  3.93            OY796677.1 60651376 60651608 (1109590)  C          Kuruka  Unspecified (1109590) 60651376 60651608
  247 33.06  3.12  0.76            OY796678.1  5685171  5685298 (55925854)  +          Kuruka  Unspecified (55925854)  5685171  5685298
  226 30.95  3.66  8.05            OY796678.1  6556073  6556318 (55054834)  +          Kuruka  Unspecified (55054834)  6556073  6556318
  257 31.29  4.55  4.55            OY796678.1 14735572 14735725 (46875427)  +          Kuruka  Unspecified (46875427) 14735572 14735725
  237 31.17  2.53  2.53            OY796678.1 17308998 17309155 (44301997)  +          Kuruka  Unspecified (44301997) 17308998 17309155
  321 26.46  7.55  4.91            OY796678.1 21722062 21722220 (39888932)  +          Kuruka  Unspecified (39888932) 21722062 21722220
  334 31.51  1.35  1.35            OY796678.1 21984360 21984507 (39626645)  +          Kuruka  Unspecified (39626645) 21984360 21984507
  280 28.37  5.37  5.37            OY796678.1 35754383 35754531 (25856621)  +          Kuruka  Unspecified (25856621) 35754383 35754531
  406 34.38  2.28  2.67            OY796678.1 38513467 38513729 (23097423)  +          Kuruka  Unspecified (23097423) 38513467 38513729
  228 30.21  4.51  2.96            OY796678.1 39447047 39447179 (22163973)  +          Kuruka  Unspecified (22163973) 39447047 39447179
  406 34.38  2.28  2.67            OY796678.1 42665485 42665747 (18945405)  +          Kuruka  Unspecified (18945405) 42665485 42665747
  283 36.06  1.82  2.19            OY796678.1 44701069 44701343 (16909809)  +          Kuruka  Unspecified (16909809) 44701069 44701343
  396 32.55  3.80  4.20            OY796678.1 47105140 47105402 (14505750)  +          Kuruka  Unspecified (14505750) 47105140 47105402
  258 33.34  3.05  3.85            OY796678.1 48753738 48753868 (12857284)  +          Kuruka  Unspecified (12857284) 48753738 48753868
  406 34.38  2.28  2.67            OY796678.1 53724718 53724980 (7886172)  +          Kuruka  Unspecified (7886172) 53724718 53724980
  406 34.38  2.28  2.67            OY796678.1 56667411 56667673 (4943479)  +          Kuruka  Unspecified (4943479) 56667411 56667673
  370 35.16  2.28  2.67            OY796678.1 57207693 57207955 (4403197)  +          Kuruka  Unspecified (4403197) 57207693 57207955
  264 33.34  3.05  3.85            OY796678.1 59851922 59852052 (1759100)  +          Kuruka  Unspecified (1759100) 59851922 59852052
  252 35.77  0.81  0.81            OY796678.1 61191432 61191555 (419597)  +          Kuruka  Unspecified (419597) 61191432 61191555
  338 34.04  3.44  3.76            OY796678.1  9078581  9079162 (52532252)  C          Kuruka  Unspecified (52532252)  9078581  9079162
  247 33.06  3.12  0.76            OY796678.1  9712426  9712553 (51898599)  C          Kuruka  Unspecified (51898599)  9712426  9712553
  266 33.33  2.93  3.31            OY796678.1 22628987 22629259 (38981893)  C          Kuruka  Unspecified (38981893) 22628987 22629259
  413 32.15  3.80  4.20            OY796678.1 22950229 22950491 (38660661)  C          Kuruka  Unspecified (38660661) 22950229 22950491
  230 34.76  2.46  3.31            OY796678.1 24979480 24979601 (36631551)  C          Kuruka  Unspecified (36631551) 24979480 24979601
  282 32.55  3.05  3.85            OY796678.1 41990753 41990883 (19620269)  C          Kuruka  Unspecified (19620269) 41990753 41990883
  230 35.11  2.94  4.26            OY796678.1 43362640 43362877 (18248275)  C          Kuruka  Unspecified (18248275) 43362640 43362877
  267 29.77  6.31  3.79            OY796678.1 45983620 45983825 (15627327)  C          Kuruka  Unspecified (15627327) 45983620 45983825
  272 34.40  2.15  3.93            OY796678.1 46123819 46124051 (15487101)  C          Kuruka  Unspecified (15487101) 46123819 46124051
  226 23.44  1.54  1.54            OY796678.1 47851579 47851643 (13759509)  C          Kuruka  Unspecified (13759509) 47851579 47851643
  415 33.99  2.28  2.67            OY796678.1 55523452 55523714 (6087438)  C          Kuruka  Unspecified (6087438) 55523452 55523714
  294 28.04  4.90  2.74            OY796679.1   304505   304647 (60964782)  +          Kuruka  Unspecified (60964782)   304505   304647
  230 35.29  1.55  1.55            OY796679.1  1208594  1209166 (60060707)  +          Kuruka  Unspecified (60060707)  1208594  1209166
  225 25.00  4.00  4.00            OY796679.1  2030409  2030483 (59238946)  +          Kuruka  Unspecified (59238946)  2030409  2030483
  250 34.85  2.15  3.93            OY796679.1  2133014  2133246 (59136183)  +          Kuruka  Unspecified (59136183)  2133014  2133246
  225 25.00  4.00  4.00            OY796679.1  2238003  2238077 (59031352)  +          Kuruka  Unspecified (59031352)  2238003  2238077
  235 37.29  0.00  0.00            OY796679.1  2904559  2905070 (58364793)  +          Kuruka  Unspecified (58364793)  2904559  2905070
  282 23.96  4.00  4.00            OY796679.1  4138945  4139044 (57130385)  +          Kuruka  Unspecified (57130385)  4138945  4139044
  239 30.31  0.99  2.00            OY796679.1  6333953  6334053 (54935376)  +          Kuruka  Unspecified (54935376)  6333953  6334053
  427 33.68  2.69  3.04            OY796679.1  7173501  7173797 (54095632)  +          Kuruka  Unspecified (54095632)  7173501  7173797
  252 30.10  4.85  4.85            OY796679.1 11118801 11119006 (50150423)  +          Kuruka  Unspecified (50150423) 11118801 11119006
  362 33.95  3.81  4.12            OY796679.1 11119404 11119744 (50149685)  +          Kuruka  Unspecified (50149685) 11119404 11119744
  271 34.40  2.15  3.93            OY796679.1 12395883 12396115 (48873314)  +          Kuruka  Unspecified (48873314) 12395883 12396115
  389 33.54  2.64  2.94            OY796679.1 14869590 14869930 (46399499)  +          Kuruka  Unspecified (46399499) 14869590 14869930
  230 35.11  2.94  4.26            OY796679.1 15837445 15837682 (45431747)  +          Kuruka  Unspecified (45431747) 15837445 15837682
  322 30.22  2.80  2.80            OY796679.1 17709433 17709575 (43559854)  +          Kuruka  Unspecified (43559854) 17709433 17709575
  264 35.77  0.81  0.81            OY796679.1 17777046 17777169 (43492260)  +          Kuruka  Unspecified (43492260) 17777046 17777169
  246 34.13  3.05  3.85            OY796679.1 18363340 18363470 (42905959)  +          Kuruka  Unspecified (42905959) 18363340 18363470
  428 34.87  1.93  2.26            OY796679.1 20272444 20272754 (40996675)  +          Kuruka  Unspecified (40996675) 20272444 20272754
  247 33.06  3.12  0.76            OY796679.1 58078729 58078856 (3190573)  +          Kuruka  Unspecified (3190573) 58078729 58078856
  294 28.07  6.92  3.66            OY796679.1 58968280 58968438 (2300991)  +          Kuruka  Unspecified (2300991) 58968280 58968438
  368 34.34  2.81  3.13            OY796679.1  1362350  1362933 (59906760)  C          Kuruka  Unspecified (59906760)  1362350  1362933
  350 33.87  3.98  4.29            OY796679.1  3196930  3197256 (58072173)  C          Kuruka  Unspecified (58072173)  3196930  3197256
  254 34.48  1.46  1.46            OY796679.1  3197621  3197826 (58071603)  C          Kuruka  Unspecified (58071603)  3197621  3197826
  303 29.50  2.80  2.80            OY796679.1  7099637  7099779 (54169650)  C          Kuruka  Unspecified (54169650)  7099637  7099779
  227 36.00  2.23  2.23            OY796679.1 10112619 10112797 (51156632)  C          Kuruka  Unspecified (51156632) 10112619 10112797
  282 32.55  3.05  3.85            OY796679.1 15860181 15860311 (45409118)  C          Kuruka  Unspecified (45409118) 15860181 15860311
  264 35.77  0.81  0.81            OY796679.1 17130777 17130900 (44138529)  C          Kuruka  Unspecified (44138529) 17130777 17130900
  225 14.58  4.00  4.00            OY796679.1 32429862 32429911 (28839518)  C          Kuruka  Unspecified (28839518) 32429862 32429911
  293 28.04  4.90  2.74            OY796679.1 53783266 53783408 (7486021)  C          Kuruka  Unspecified (7486021) 53783266 53783408
  320 30.22  2.80  2.80            OY796680.1  1692711  1692853 (59426229)  +          Kuruka  Unspecified (59426229)  1692711  1692853
  423 33.99  2.28  2.67            OY796680.1  5461964  5462226 (55656856)  +          Kuruka  Unspecified (55656856)  5461964  5462226
  363 32.94  3.80  4.20            OY796680.1 21948688 21948950 (39170132)  +          Kuruka  Unspecified (39170132) 21948688 21948950
  406 34.38  2.28  2.67            OY796680.1 23154453 23154715 (37964367)  +          Kuruka  Unspecified (37964367) 23154453 23154715
  226 30.95  3.66  8.05            OY796680.1 33352728 33352973 (27766109)  +          Kuruka  Unspecified (27766109) 33352728 33352973
  402 29.02  5.07  5.39            OY796680.1 39583296 39583630 (21535452)  +          Kuruka  Unspecified (21535452) 39583296 39583630
  402 29.02  5.07  5.39            OY796680.1 39587882 39588216 (21530866)  +          Kuruka  Unspecified (21530866) 39587882 39588216
  249 34.67  1.96  1.96            OY796680.1 42079032 42079184 (19039898)  +          Kuruka  Unspecified (19039898) 42079032 42079184
  420 33.99  2.28  2.67            OY796680.1 48804246 48804508 (12314574)  +          Kuruka  Unspecified (12314574) 48804246 48804508
  320 30.22  2.80  2.80            OY796680.1 53527009 53527151 (7591931)  +          Kuruka  Unspecified (7591931) 53527009 53527151
  249 34.67  1.96  1.96            OY796680.1 54126720 54126872 (6992210)  +          Kuruka  Unspecified (6992210) 54126720 54126872
  315 32.74  3.03  3.48            OY796680.1 56577086 56577316 (4541766)  +          Kuruka  Unspecified (4541766) 56577086 56577316
  451 33.19  6.05  6.28            OY796680.1 59669904 59670382 (1448700)  +          Kuruka  Unspecified (1448700) 59669904 59670382
  230 35.11  2.94  4.26            OY796680.1 59701671 59701908 (1417174)  +          Kuruka  Unspecified (1417174) 59701671 59701908
  226 28.32  2.59  2.59            OY796680.1 59893115 59893230 (1225852)  +          Kuruka  Unspecified (1225852) 59893115 59893230
  393 34.77  2.28  2.67            OY796680.1   640938   641200 (60477882)  C          Kuruka  Unspecified (60477882)   640938   641200
  320 30.22  2.80  2.80            OY796680.1  7043134  7043276 (54075806)  C          Kuruka  Unspecified (54075806)  7043134  7043276
  264 35.77  0.81  0.81            OY796680.1  8508375  8508498 (52610584)  C          Kuruka  Unspecified (52610584)  8508375  8508498
  271 34.40  2.15  3.93            OY796680.1 10905809 10906041 (50213041)  C          Kuruka  Unspecified (50213041) 10905809 10906041
  402 29.02  5.07  5.39            OY796680.1 12421758 12422092 (48696990)  C          Kuruka  Unspecified (48696990) 12421758 12422092
  291 29.52  4.60  5.04            OY796680.1 12736222 12736460 (48382622)  C          Kuruka  Unspecified (48382622) 12736222 12736460
  282 23.96  4.00  4.00            OY796680.1 12737053 12737152 (48381930)  C          Kuruka  Unspecified (48381930) 12737053 12737152
  279 28.72  6.92  3.66            OY796680.1 22469914 22470072 (38649010)  C          Kuruka  Unspecified (38649010) 22469914 22470072
  284 27.85  4.11  4.11            OY796680.1 28330857 28331002 (32788080)  C          Kuruka  Unspecified (32788080) 28330857 28331002
  239 28.57  3.00  1.98            OY796680.1 29670022 29670121 (31448961)  C          Kuruka  Unspecified (31448961) 29670022 29670121
  320 30.22  2.80  2.80            OY796680.1 32885583 32885725 (28233357)  C          Kuruka  Unspecified (28233357) 32885583 32885725
  362 33.95  3.81  4.12            OY796680.1 38316640 38316980 (22802102)  C          Kuruka  Unspecified (22802102) 38316640 38316980
  252 30.10  4.85  4.85            OY796680.1 38317378 38317583 (22801499)  C          Kuruka  Unspecified (22801499) 38317378 38317583
  389 29.34  5.07  5.39            OY796680.1 48454491 48454825 (12664257)  C          Kuruka  Unspecified (12664257) 48454491 48454825
  320 30.22  2.80  2.80            OY796680.1 50597736 50597878 (10521204)  C          Kuruka  Unspecified (10521204) 50597736 50597878
  294 28.04  4.90  2.74            OY796680.1 50638173 50638315 (10480767)  C          Kuruka  Unspecified (10480767) 50638173 50638315
  320 30.22  2.80  2.80            OY796681.1   594347   594489 (59773549)  +          Kuruka  Unspecified (59773549)   594347   594489
  391 34.77  2.28  2.67            OY796681.1  4758400  4758662 (55609376)  +          Kuruka  Unspecified (55609376)  4758400  4758662
  247 33.06  3.12  0.76            OY796681.1  7365365  7365492 (53002546)  +          Kuruka  Unspecified (53002546)  7365365  7365492
  282 23.96  4.00  4.00            OY796681.1 26064854 26064953 (34303085)  +          Kuruka  Unspecified (34303085) 26064854 26064953
  286 29.52  4.60  5.04            OY796681.1 26065546 26065784 (34302254)  +          Kuruka  Unspecified (34302254) 26065546 26065784
  251 34.57  2.18  4.00            OY796681.1 28266429 28266657 (32101381)  +          Kuruka  Unspecified (32101381) 28266429 28266657
  258 31.98  5.34  2.84            OY796681.1 29452494 29452699 (30915339)  +          Kuruka  Unspecified (30915339) 29452494 29452699
  636 34.68  4.03  4.93            OY796681.1 32946004 32946822 (27421216)  +          Kuruka  Unspecified (27421216) 32946004 32946822
  249 34.67  1.96  1.96            OY796681.1 44841090 44841242 (15526796)  +          Kuruka  Unspecified (15526796) 44841090 44841242
  230 35.11  2.94  4.26            OY796681.1 46275194 46275431 (14092607)  +          Kuruka  Unspecified (14092607) 46275194 46275431
  281 23.96  4.00  4.00            OY796681.1 50331462 50331561 (10036477)  +          Kuruka  Unspecified (10036477) 50331462 50331561
  291 29.52  4.60  5.04            OY796681.1 50332154 50332392 (10035646)  +          Kuruka  Unspecified (10035646) 50332154 50332392
  271 34.40  2.15  3.93            OY796681.1   979523   979755 (59388283)  C          Kuruka  Unspecified (59388283)   979523   979755
  279 28.72  6.92  3.66            OY796681.1  8211162  8211320 (52156718)  C          Kuruka  Unspecified (52156718)  8211162  8211320
  339 34.80  2.81  3.13            OY796681.1 11146108 11146689 (49221611)  C          Kuruka  Unspecified (49221611) 11146108 11146689
  291 29.52  4.60  5.04            OY796681.1 19899775 19900013 (40468025)  C          Kuruka  Unspecified (40468025) 19899775 19900013
  282 23.96  4.00  4.00            OY796681.1 19900606 19900705 (40467333)  C          Kuruka  Unspecified (40467333) 19900606 19900705
  277 34.96  0.81  0.81            OY796681.1 23571870 23571993 (36796045)  C          Kuruka  Unspecified (36796045) 23571870 23571993
  237 31.17  2.53  2.53            OY796681.1 44412114 44412271 (15955767)  C          Kuruka  Unspecified (15955767) 44412114 44412271
  274 35.80  1.68  1.68            OY796681.1 46538634 46538812 (13829226)  C          Kuruka  Unspecified (13829226) 46538634 46538812
  406 34.38  2.28  2.67            OY796681.1 46806160 46806422 (13561616)  C          Kuruka  Unspecified (13561616) 46806160 46806422
  339 35.02  2.81  3.13            OY796681.1 48329379 48329960 (12038340)  C          Kuruka  Unspecified (12038340) 48329379 48329960
  247 33.06  3.12  0.76            OY796682.1 16549851 16549978 (43660664)  +          Kuruka  Unspecified (43660664) 16549851 16549978
  282 23.96  4.00  4.00            OY796682.1 26564105 26564204 (33646438)  +          Kuruka  Unspecified (33646438) 26564105 26564204
  286 29.52  4.60  5.04            OY796682.1 26564797 26565035 (33645607)  +          Kuruka  Unspecified (33645607) 26564797 26565035
  237 31.17  2.53  2.53            OY796682.1 31165485 31165642 (29045000)  +          Kuruka  Unspecified (29045000) 31165485 31165642
  249 34.67  1.96  1.96            OY796682.1 51010441 51010593 (9200049)  +          Kuruka  Unspecified (9200049) 51010441 51010593
  673 35.57  3.53  4.36            OY796682.1 55847294 55848172 (4362470)  +          Kuruka  Unspecified (4362470) 55847294 55848172
  252 36.36  1.68  1.68            OY796682.1 58612447 58612625 (1598017)  +          Kuruka  Unspecified (1598017) 58612447 58612625
  406 34.38  2.28  2.67            OY796682.1 10553455 10553717 (49656925)  C          Kuruka  Unspecified (49656925) 10553455 10553717
  271 34.40  2.15  3.93            OY796682.1 10927899 10928131 (49282511)  C          Kuruka  Unspecified (49282511) 10927899 10928131
  395 32.41  4.55  2.99            OY796682.1 11807536 11807799 (48402843)  C          Kuruka  Unspecified (48402843) 11807536 11807799
  247 33.06  3.12  0.76            OY796682.1 15943788 15943915 (44266727)  C          Kuruka  Unspecified (44266727) 15943788 15943915
  315 32.74  3.03  3.48            OY796682.1 21725754 21725984 (38484658)  C          Kuruka  Unspecified (38484658) 21725754 21725984
  280 34.96  0.81  0.81            OY796682.1 29575849 29575972 (30634670)  C          Kuruka  Unspecified (30634670) 29575849 29575972
  291 29.52  4.60  5.04            OY796682.1 30929453 30929691 (29280951)  C          Kuruka  Unspecified (29280951) 30929453 30929691
  282 23.96  4.00  4.00            OY796682.1 30930284 30930383 (29280259)  C          Kuruka  Unspecified (29280259) 30930284 30930383
  294 28.04  4.90  2.74            OY796682.1 32322191 32322333 (27888309)  C          Kuruka  Unspecified (27888309) 32322191 32322333
  247 33.06  3.12  0.76            OY796682.1 55715408 55715535 (4495107)  C          Kuruka  Unspecified (4495107) 55715408 55715535
  239 30.95  3.66  8.05            OY796683.1  2084205  2084450 (57854196)  +          Kuruka  Unspecified (57854196)  2084205  2084450
  406 34.38  2.28  2.67            OY796683.1  7718293  7718555 (52220091)  +          Kuruka  Unspecified (52220091)  7718293  7718555
  354 33.87  3.98  4.29            OY796683.1 23170138 23170464 (36768182)  +          Kuruka  Unspecified (36768182) 23170138 23170464
  240 34.67  1.96  1.96            OY796683.1 24630375 24630527 (35308119)  +          Kuruka  Unspecified (35308119) 24630375 24630527
  393 34.77  2.28  2.67            OY796683.1 27979857 27980119 (31958527)  +          Kuruka  Unspecified (31958527) 27979857 27980119
  295 33.95  2.15  3.93            OY796683.1 28528005 28528237 (31410409)  +          Kuruka  Unspecified (31410409) 28528005 28528237
  281 38.73  1.42  1.71            OY796683.1 37824476 37824827 (22113819)  +          Kuruka  Unspecified (22113819) 37824476 37824827
  282 23.96  4.00  4.00            OY796683.1 40391406 40391505 (19547141)  +          Kuruka  Unspecified (19547141) 40391406 40391505
  286 29.52  4.60  5.04            OY796683.1 40392098 40392336 (19546310)  +          Kuruka  Unspecified (19546310) 40392098 40392336
  240 28.57  3.00  1.98            OY796683.1 46107876 46107975 (13830671)  +          Kuruka  Unspecified (13830671) 46107876 46107975
  249 36.36  1.68  1.68            OY796683.1 46525651 46525829 (13412817)  +          Kuruka  Unspecified (13412817) 46525651 46525829
  334 31.51  1.35  1.35            OY796683.1 47964267 47964414 (11974232)  +          Kuruka  Unspecified (11974232) 47964267 47964414
  405 34.38  2.28  2.67            OY796683.1 50589166 50589428 (9349218)  +          Kuruka  Unspecified (9349218) 50589166 50589428
  279 28.72  6.92  3.66            OY796683.1 54027551 54027709 (5910937)  +          Kuruka  Unspecified (5910937) 54027551 54027709
  225 28.95  2.56  2.56            OY796683.1 59676724 59676840 (261806)  +          Kuruka  Unspecified (261806) 59676724 59676840
  237 31.17  2.53  2.53            OY796683.1   887867   888024 (59050622)  C          Kuruka  Unspecified (59050622)   887867   888024
  247 33.06  3.12  0.76            OY796683.1  3393313  3393440 (56545206)  C          Kuruka  Unspecified (56545206)  3393313  3393440
  264 35.77  0.81  0.81            OY796683.1  6266736  6266859 (53671787)  C          Kuruka  Unspecified (53671787)  6266736  6266859
  264 33.34  3.05  3.85            OY796683.1  8839463  8839593 (51099053)  C          Kuruka  Unspecified (51099053)  8839463  8839593
  393 34.77  2.28  2.67            OY796683.1  9338014  9338276 (50600370)  C          Kuruka  Unspecified (50600370)  9338014  9338276
  264 33.34  3.05  3.85            OY796683.1 22366289 22366419 (37572227)  C          Kuruka  Unspecified (37572227) 22366289 22366419
  272 33.34  3.05  3.85            OY796683.1 32601062 32601192 (27337454)  C          Kuruka  Unspecified (27337454) 32601062 32601192
  281 38.73  1.42  1.71            OY796683.1 43914621 43914972 (16023674)  C          Kuruka  Unspecified (16023674) 43914621 43914972
  452 33.40  5.61  5.82            OY796683.1 48152427 48152925 (11785721)  C          Kuruka  Unspecified (11785721) 48152427 48152925
  370 35.16  2.28  2.67            OY796683.1 50918206 50918468 (9020178)  C          Kuruka  Unspecified (9020178) 50918206 50918468
  247 33.06  3.12  0.76            OY796683.1 55022972 55023099 (4915547)  C          Kuruka  Unspecified (4915547) 55022972 55023099
  247 33.06  3.12  0.76            OY796683.1 59846425 59846552  (92094)  C          Kuruka  Unspecified  (92094) 59846425 59846552
  265 34.40  2.15  3.93            OY796684.1 41417765 41417997 (13486072)  +          Kuruka  Unspecified (13486072) 41417765 41417997
  258 31.98  5.34  2.84            OY796684.1 43530666 43530871 (11373198)  +          Kuruka  Unspecified (11373198) 43530666 43530871
  234 28.86  5.83  5.83            OY796684.1 44888631 44888836 (10015233)  +          Kuruka  Unspecified (10015233) 44888631 44888836
  324 32.68  0.65  1.30            OY796684.1 44889261 44889415 (10014654)  +          Kuruka  Unspecified (10014654) 44889261 44889415
  255 36.06  1.55  1.55            OY796684.1 46970975 46971556 (7932966)  +          Kuruka  Unspecified (7932966) 46970975 46971556
  225 25.00  4.00  4.00            OY796684.1 50062820 50062894 (4841175)  +          Kuruka  Unspecified (4841175) 50062820 50062894
  294 35.61  2.66  3.51            OY796684.1 50422960 50423448 (4480621)  +          Kuruka  Unspecified (4480621) 50422960 50423448
  395 34.83  2.02  2.36            OY796684.1 50473492 50473788 (4430281)  +          Kuruka  Unspecified (4430281) 50473492 50473788
  395 34.83  2.02  2.36            OY796684.1 50488732 50489028 (4415041)  +          Kuruka  Unspecified (4415041) 50488732 50489028
  240 33.06  3.12  0.76            OY796684.1 52350289 52350416 (2553653)  +          Kuruka  Unspecified (2553653) 52350289 52350416
  363 35.55  2.28  2.67            OY796684.1 54398334 54398596 (505473)  +          Kuruka  Unspecified (505473) 54398334 54398596
  283 36.06  1.82  2.19            OY796684.1 54551988 54552262 (351807)  +          Kuruka  Unspecified (351807) 54551988 54552262
  264 35.77  0.81  0.81            OY796684.1 13202860 13202983 (41701086)  C          Kuruka  Unspecified (41701086) 13202860 13202983
  270 33.34  3.05  3.85            OY796684.1 49491926 49492056 (5412013)  C          Kuruka  Unspecified (5412013) 49491926 49492056
  225 25.00  4.00  4.00            OY796684.1 50104143 50104217 (4799852)  C          Kuruka  Unspecified (4799852) 50104143 50104217
  420 35.95  1.29  1.61            OY796684.1 54311312 54311622 (592447)  C          Kuruka  Unspecified (592447) 54311312 54311622
  446 32.24  2.87  3.19            OY796685.1  1614685  1614998 (53019061)  +          Kuruka  Unspecified (53019061)  1614685  1614998
  271 34.40  2.15  3.93            OY796685.1  4623914  4624146 (50009913)  +          Kuruka  Unspecified (50009913)  4623914  4624146
  310 30.94  2.80  2.80            OY796685.1  9877830  9877972 (44756087)  +          Kuruka  Unspecified (44756087)  9877830  9877972
  399 34.77  2.28  2.67            OY796685.1 15558736 15558998 (39075061)  +          Kuruka  Unspecified (39075061) 15558736 15558998
  236 31.29  3.45  3.96            OY796685.1 16664695 16664897 (37969162)  +          Kuruka  Unspecified (37969162) 16664695 16664897
  406 34.38  2.28  2.67            OY796685.1 23372106 23372368 (31261691)  +          Kuruka  Unspecified (31261691) 23372106 23372368
  249 36.36  1.68  1.68            OY796685.1 53456142 53456320 (1177739)  +          Kuruka  Unspecified (1177739) 53456142 53456320
  247 33.06  3.12  0.76            OY796685.1  1481202  1481329 (53152730)  C          Kuruka  Unspecified (53152730)  1481202  1481329
  310 30.94  2.80  2.80            OY796685.1  7404364  7404506 (47229553)  C          Kuruka  Unspecified (47229553)  7404364  7404506
  247 33.06  3.12  0.76            OY796685.1  7710870  7710997 (46923062)  C          Kuruka  Unspecified (46923062)  7710870  7710997
  322 35.25  2.81  3.13            OY796685.1 13412870 13413451 (41220870)  C          Kuruka  Unspecified (41220870) 13412870 13413451
  406 34.38  2.28  2.67            OY796685.1 17146341 17146603 (37487456)  C          Kuruka  Unspecified (37487456) 17146341 17146603
  249 34.67  1.96  1.96            OY796685.1 18458711 18458863 (36175196)  C          Kuruka  Unspecified (36175196) 18458711 18458863
  247 33.06  3.12  0.76            OY796685.1 27231610 27231737 (27402322)  C          Kuruka  Unspecified (27402322) 27231610 27231737
  264 35.77  0.81  0.81            OY796685.1 27512258 27512381 (27121678)  C          Kuruka  Unspecified (27121678) 27512258 27512381
  286 29.52  4.60  5.04            OY796685.1 30623236 30623474 (24010585)  C          Kuruka  Unspecified (24010585) 30623236 30623474
  282 23.96  4.00  4.00            OY796685.1 30624067 30624166 (24009893)  C          Kuruka  Unspecified (24009893) 30624067 30624166
  230 35.11  2.94  4.26            OY796685.1 34017899 34018136 (20615923)  C          Kuruka  Unspecified (20615923) 34017899 34018136
  237 31.17  2.53  2.53            OY796685.1 45165916 45166073 (9467986)  C          Kuruka  Unspecified (9467986) 45165916 45166073
  344 29.50  2.80  2.80            OY796685.1 52503330 52503472 (2130587)  C          Kuruka  Unspecified (2130587) 52503330 52503472
  240 20.65  8.00  8.00            OY796686.1  5574914  5575013 (46972126)  +          Kuruka  Unspecified (46972126)  5574914  5575013
  315 32.74  3.03  3.48            OY796686.1  5575483  5575713 (46971426)  +          Kuruka  Unspecified (46971426)  5575483  5575713
  264 33.34  3.05  3.85            OY796686.1  8039368  8039498 (44507641)  +          Kuruka  Unspecified (44507641)  8039368  8039498
  406 34.38  2.28  2.67            OY796686.1 10877882 10878144 (41668995)  +          Kuruka  Unspecified (41668995) 10877882 10878144
  383 34.77  2.28  2.67            OY796686.1 17436333 17436595 (35110544)  +          Kuruka  Unspecified (35110544) 17436333 17436595
  263 35.14  1.72  3.49            OY796686.1 21497678 21497910 (31049229)  +          Kuruka  Unspecified (31049229) 21497678 21497910
  423 33.99  2.28  2.67            OY796686.1 23136426 23136688 (29410451)  +          Kuruka  Unspecified (29410451) 23136426 23136688
  247 33.06  3.12  0.76            OY796686.1 32575022 32575149 (19971990)  +          Kuruka  Unspecified (19971990) 32575022 32575149
  271 34.40  2.15  3.93            OY796686.1 34576363 34576595 (17970544)  +          Kuruka  Unspecified (17970544) 34576363 34576595
  263 32.28  3.12  0.76            OY796686.1 43299808 43299935 (9247204)  +          Kuruka  Unspecified (9247204) 43299808 43299935
  295 33.95  2.15  3.93            OY796686.1 43394729 43394961 (9152178)  +          Kuruka  Unspecified (9152178) 43394729 43394961
  282 36.19  2.18  2.55            OY796686.1  7558291  7558565 (44988574)  C          Kuruka  Unspecified (44988574)  7558291  7558565
  237 35.22  3.77  2.99            OY796686.1  9654063  9654460 (42892679)  C          Kuruka  Unspecified (42892679)  9654063  9654460
  263 32.28  3.12  0.76            OY796686.1 18749170 18749297 (33797842)  C          Kuruka  Unspecified (33797842) 18749170 18749297
  249 36.36  1.68  1.68            OY796686.1 22312436 22312614 (30234525)  C          Kuruka  Unspecified (30234525) 22312436 22312614
  315 32.74  3.03  3.48            OY796686.1 38882779 38883009 (13664130)  C          Kuruka  Unspecified (13664130) 38882779 38883009
  406 34.38  2.28  2.67            OY796686.1 45559973 45560235 (6986904)  C          Kuruka  Unspecified (6986904) 45559973 45560235
