   290 31.30 2.96 2.96    CAOJZF010000011.1      2495      2629  (24433) +               Kuruka     Unspecified    4199    4333  (4500)    
   228 35.00 0.00 0.00    CAOJZF010000020.1      6913      7032  (47270) +               Kuruka     Unspecified    4215    4334  (4499)    
   247 30.00 0.00 0.00    CAOJZF010000020.1     27398     27477  (26825) C               Kuruka     Unspecified  (4330)    4503    4424    
   287 35.66 3.18 3.18    CAOJZF010000022.1      4092      4563  (18059) +               Kuruka     Unspecified    4062    4533  (4300)    
   271 27.17 5.08 3.33    CAOJZF010000022.1     15275     15392   (7230) C               Kuruka     Unspecified  (4500)    4333    4214    
   245 22.72 0.00 5.66    CAOJZF010000027.1     27259     27314  (27704) C               Kuruka     Unspecified  (4738)    4095    4043    
   228 34.21 1.72 1.72    CAOJZF010000030.1      2378      2493   (9808) C               Kuruka     Unspecified  (4331)    4502    4387    
   311 32.16 5.08 6.90    CAOJZF010000034.1      1564      1917  (11402) C               Kuruka     Unspecified  (4731)    4102    3755    
   344 30.43 2.86 1.41    CAOJZF010000037.1     23555     23694   (3947) +               Kuruka     Unspecified    4193    4334  (4499)    
   311 30.22 4.68 4.24    CAOJZF010000047.1      2645      2879  (17045) C               Kuruka     Unspecified  (4509)    4324    4089    
   269 31.06 2.22 2.22    CAOJZF010000049.1      7147      7281   (3923) +               Kuruka     Unspecified    4212    4346  (4487)    
   332 29.21 2.13 2.86    CAOJZF010000052.1     40006     40146  (10407) +               Kuruka     Unspecified    4195    4334  (4499)    
   245 38.73 0.00 0.00    CAOJZF010000057.1      1051      1192   (8807) +               Kuruka     Unspecified    4400    4541  (4292)    
   244 28.92 3.49 3.49    CAOJZF010000060.1     19853     19938   (7248) C               Kuruka     Unspecified  (4518)    4315    4230    
   276 30.46 3.46 6.22    CAOJZF010000072.1      7131      7361  (11630) C               Kuruka     Unspecified  (4854)    3979    3755    
   246 28.35 5.58 5.58    CAOJZF010000076.1     20192     20460  (24136) C               Kuruka     Unspecified  (4497)    4336    4068    
   269 32.62 2.76 2.76    CAOJZF010000078.1      4303      4447   (7797) +               Kuruka     Unspecified    4391    4535  (4298)    
   280 26.44 3.33 3.33    CAOJZF010000081.1     30291     30380   (4729) +               Kuruka     Unspecified    4228    4317  (4516)    
   244 29.92 2.50 2.50    CAOJZF010000089.1      7427      7546   (5229) +               Kuruka     Unspecified    4215    4334  (4499)    
   252 31.82 2.22 2.22    CAOJZF010000093.1      4690      4824  (10146) +               Kuruka     Unspecified    4212    4346  (4487)    
   322 23.61 1.39 0.00    CAOJZF010000103.1     16422     16493   (5948) C               Kuruka     Unspecified  (4709)    4124    4052    
   274 39.55 0.63 0.94    CAOJZF010000109.1     26664     26982  (14457) +               Kuruka     Unspecified    4227    4544  (4289)    
   248 27.14 1.43 0.00    CAOJZF010000110.1     12053     12122  (24954) C               Kuruka     Unspecified  (4711)    4122    4052    
   312 32.16 3.03 5.78    CAOJZF010000120.1     17393     17623   (2786) C               Kuruka     Unspecified  (4854)    3979    3755    
   252 29.98 5.68 3.33    CAOJZF010000122.1      8335      8510  (10335) +               Kuruka     Unspecified    4170    4349  (4484)    
   255 31.82 2.22 2.22    CAOJZF010000123.1     14672     14806   (5609) +               Kuruka     Unspecified    4212    4346  (4487)    
   237 31.70 2.38 2.38    CAOJZF010000125.1     14715     14840  (12262) C               Kuruka     Unspecified  (4487)    4346    4221    
   276 31.30 2.96 2.96    CAOJZF010000129.1     10903     11037   (5164) C               Kuruka     Unspecified  (4500)    4333    4199    
   267 31.30 2.96 2.96    CAOJZF010000132.1      8478      8612   (9960) +               Kuruka     Unspecified    4199    4333  (4500)    
   262 27.37 6.06 4.79    CAOJZF010000135.1      2202      2366  (19546) C               Kuruka     Unspecified  (4500)    4333    4167    
   241 30.12 3.49 3.49    CAOJZF010000135.1      7587      7672  (14240) C               Kuruka     Unspecified  (4518)    4315    4230    
   338 30.15 3.90 6.67    CAOJZF010000139.1     10551     10781   (7588) C               Kuruka     Unspecified  (4854)    3979    3755    
   238 30.09 2.59 2.59    CAOJZF010000147.1     35441     35556    (366) C               Kuruka     Unspecified  (4500)    4333    4218    
   385 28.17 3.30 4.44    CAOJZF010000149.1     10210     10391  (37959) +               Kuruka     Unspecified    4195    4374  (4459)    
   288 31.43 6.52 8.05    CAOJZF010000154.1     15803     16155  (25524) +               Kuruka     Unspecified    3755    4102  (4731)    
   233 28.92 3.49 3.49    CAOJZF010000157.1      4231      4316   (9495) C               Kuruka     Unspecified  (4518)    4315    4230    
   276 31.30 2.96 2.96    CAOJZF010000174.1      8003      8137   (7754) C               Kuruka     Unspecified  (4500)    4333    4199    
   295 36.02 1.86 1.86    CAOJZF010000183.1      8298      8512  (10216) +               Kuruka     Unspecified    4101    4315  (4518)    
   251 28.00 3.85 3.85    CAOJZF010000183.1     15223     15326   (3402) +               Kuruka     Unspecified    4230    4333  (4500)    
   309 33.16 5.50 5.50    CAOJZF010000184.1     13293     13710   (3073) +               Kuruka     Unspecified    4062    4479  (4354)    
   235 33.33 2.94 2.94    CAOJZF010000199.1      9311      9446   (4855) +               Kuruka     Unspecified    4199    4334  (4499)    
   326 31.15 2.86 1.41    CAOJZF010000201.1     11279     11418   (7666) C               Kuruka     Unspecified  (4499)    4334    4193    
   270 28.44 0.91 0.91    CAOJZF010000204.1        64       173  (27375) C               Kuruka     Unspecified  (5188)    3645    3536    
   296 28.48 3.36 3.36    CAOJZF010000205.1      9782      9930   (4083) C               Kuruka     Unspecified  (4519)    4314    4166    
   264 28.17 5.05 5.53    CAOJZF010000206.1      4854      5071   (9939) +               Kuruka     Unspecified    4098    4314  (4519)    
   326 31.15 2.86 1.41    CAOJZF010000211.1      4524      4663  (10381) C               Kuruka     Unspecified  (4499)    4334    4193    
   310 34.63 3.99 3.75    CAOJZF010000213.1      7198      7623   (7845) C               Kuruka     Unspecified  (4498)    4335    3909    
   288 33.08 1.48 1.48    CAOJZF010000217.1     13866     14000  (26816) +               Kuruka     Unspecified    4199    4333  (4500)    
   238 30.12 3.49 3.49    CAOJZF010000217.1     39533     39618   (1198) +               Kuruka     Unspecified    4230    4315  (4518)    
   262 29.48 1.04 1.04    CAOJZF010000221.1     12458     12553  (32579) +               Kuruka     Unspecified    3755    3850  (4983)    
   310 29.92 3.57 2.11    CAOJZF010000224.1       685       824  (35396) C               Kuruka     Unspecified  (4499)    4334    4193    
   310 29.92 3.57 2.11    CAOJZF010000224.1      5337      5476  (30744) C               Kuruka     Unspecified  (4499)    4334    4193    
   249 33.60 2.33 7.35    CAOJZF010000242.1      7524      7780  (10014) C               Kuruka     Unspecified  (4998)    3835    3591    
   326 31.15 2.86 1.41    CAOJZF010000243.1     11556     11695  (15323) C               Kuruka     Unspecified  (4499)    4334    4193    
   272 34.18 1.90 0.00    CAOJZF010000244.1     28238     28395   (2030) C               Kuruka     Unspecified  (4707)    4126    3966    
   230 32.50 1.64 1.64    CAOJZF010000246.1     12230     12351  (12534) +               Kuruka     Unspecified    4212    4333  (4500)    
   238 31.84 3.48 5.78    CAOJZF010000250.1      2948      3177  (13756) +               Kuruka     Unspecified    3755    3979  (4854)    
   288 31.30 2.96 2.96    CAOJZF010000254.1      7222      7356   (9244) +               Kuruka     Unspecified    4199    4333  (4500)    
   306 35.91 4.26 3.82    CAOJZF010000259.1      4973      5441  (22246) C               Kuruka     Unspecified  (4301)    4532    4062    
   277 31.37 0.97 0.97    CAOJZF010000274.1     13507     13609   (4788) +               Kuruka     Unspecified    4392    4494  (4339)    
   270 25.88 4.49 4.49    CAOJZF010000276.1      3090      3178   (7836) C               Kuruka     Unspecified  (4817)    4016    3928    
   243 34.11 3.37 3.37    CAOJZF010000286.1      4275      4541  (11346) +               Kuruka     Unspecified    4089    4355  (4478)    
   290 30.53 2.96 2.96    CAOJZF010000290.1      9045      9179   (4734) +               Kuruka     Unspecified    4199    4333  (4500)    
   276 33.48 4.17 4.17    CAOJZF010000292.1      9321      9560   (8634) +               Kuruka     Unspecified    3461    3700  (5133)    
   256 28.92 3.49 3.49    CAOJZF010000301.1     20796     20881  (12008) C               Kuruka     Unspecified  (4518)    4315    4230    
   298 27.59 2.52 2.52    CAOJZF010000301.1     24581     24699   (8190) C               Kuruka     Unspecified  (4500)    4333    4215    
   347 34.72 3.59 3.81    CAOJZF010000302.1      5853      6325   (6993) C               Kuruka     Unspecified  (4300)    4533    4062    
   282 37.39 2.54 2.75    CAOJZF010000305.1      9391      9863  (15006) C               Kuruka     Unspecified  (4300)    4533    4062    
   258 32.62 3.45 6.19    CAOJZF010000310.1     14489     14720   (9280) C               Kuruka     Unspecified  (4853)    3980    3755    
   277 29.46 3.03 2.26    CAOJZF010000321.1      5332      5463   (7540) +               Kuruka     Unspecified    3755    3887  (4946)    
   248 31.64 4.86 3.42    CAOJZF010000322.1     14234     14377   (8943) C               Kuruka     Unspecified  (4518)    4315    4170    
   387 34.18 3.80 3.80    CAOJZF010000328.1      2888      3255  (11345) +               Kuruka     Unspecified    3948    4315  (4518)    
   296 30.17 2.54 1.68    CAOJZF010000335.1      9508      9625   (6026) +               Kuruka     Unspecified    4215    4333  (4500)    
   276 31.30 2.96 2.96    CAOJZF010000338.1     14514     14648  (20168) C               Kuruka     Unspecified  (4500)    4333    4199    
   261 32.06 2.96 2.96    CAOJZF010000345.1     16669     16803    (739) +               Kuruka     Unspecified    4199    4333  (4500)    
   248 36.85 2.91 3.28    CAOJZF010000352.1      5320      5594  (20406) C               Kuruka     Unspecified  (4330)    4503    4230    
   246 35.47 2.26 2.84    CAOJZF010000352.1     18527     18703   (7297) +               Kuruka     Unspecified    4199    4374  (4459)    
   256 31.21 4.35 6.67    CAOJZF010000355.1      9714      9943   (6366) C               Kuruka     Unspecified  (4854)    3979    3755    
   329 32.65 2.97 2.97    CAOJZF010000358.1      7842      8043  (10234) C               Kuruka     Unspecified  (4666)    4167    3966    
   318 25.49 8.82 0.00    CAOJZF010000360.1     13877     13978  (35441) +               Kuruka     Unspecified    4205    4315  (4518)    
   267 31.40 0.00 0.00    CAOJZF010000360.1     34328     34413  (15006) +               Kuruka     Unspecified    4230    4315  (4518)    
   316 36.36 0.00 0.00    CAOJZF010000364.1     16221     16363   (4481) C               Kuruka     Unspecified  (4300)    4533    4391    
   251 27.61 1.67 3.39    CAOJZF010000364.1     16575     16694   (4150) C               Kuruka     Unspecified  (4654)    4179    4062    
   228 32.67 3.21 3.87    CAOJZF010000368.1     15605     15760   (9274) C               Kuruka     Unspecified  (4462)    4371    4217    
   285 25.61 3.53 3.53    CAOJZF010000379.1      9733      9817   (6516) +               Kuruka     Unspecified    4230    4314  (4519)    
   307 37.09 2.33 2.54    CAOJZF010000380.1     18911     19383   (2012) C               Kuruka     Unspecified  (4300)    4533    4062    
   248 34.22 2.65 1.31    CAOJZF010000389.1      2828      2978  (12674) +               Kuruka     Unspecified    4194    4346  (4487)    
   257 31.06 2.22 2.22    CAOJZF010000392.1     10456     10590   (2289) C               Kuruka     Unspecified  (4487)    4346    4212    
   253 31.42 2.80 2.08    CAOJZF010000395.1       867      1009  (25431) C               Kuruka     Unspecified  (4478)    4355    4212    
   230 35.11 1.52 0.75    CAOJZF010000397.1     14111     14242   (4904) +               Kuruka     Unspecified    3755    3887  (4946)    
   289 30.53 2.96 2.96    CAOJZF010000400.1     15830     15964  (16756) +               Kuruka     Unspecified    4199    4333  (4500)    
   265 27.71 3.49 3.49    CAOJZF010000402.1       484       569  (12749) C               Kuruka     Unspecified  (4518)    4315    4230    
   254 30.53 1.04 1.04    CAOJZF010000402.1      3702      3797   (9521) +               Kuruka     Unspecified    3755    3850  (4983)    
   247 36.11 0.00 0.00    CAOJZF010000404.1     10695     10838   (5224) +               Kuruka     Unspecified    4392    4535  (4298)    
   291 30.53 2.96 2.96    CAOJZF010000406.1     20680     20814   (2229) +               Kuruka     Unspecified    4199    4333  (4500)    
   246 27.64 1.28 2.60    CAOJZF010000409.1       668       745    (255) C               Kuruka     Unspecified  (4393)    4440    4364    
   271 29.48 1.04 1.04    CAOJZF010000415.1     16798     16893   (9810) C               Kuruka     Unspecified  (4983)    3850    3755    
   235 30.93 1.02 1.02    CAOJZF010000425.1      3922      4019  (21223) +               Kuruka     Unspecified    4236    4333  (4500)    
   231 31.38 5.56 5.03    CAOJZF010000425.1     13130     13327  (11915) +               Kuruka     Unspecified    4052    4250  (4583)    
   306 30.53 2.96 2.96    CAOJZF010000428.1     11684     11818  (10404) +               Kuruka     Unspecified    4199    4333  (4500)    
   290 30.53 2.96 2.96    CAOJZF010000429.1      2829      2963  (12395) +               Kuruka     Unspecified    4199    4333  (4500)    
   281 34.30 4.90 6.74    CAOJZF010000435.1      3542      3888  (12327) +               Kuruka     Unspecified    3762    4102  (4731)    
   267 34.13 5.11 5.11    CAOJZF010000441.1      9648      9999   (7565) C               Kuruka     Unspecified  (4518)    4315    3964    
   270 34.48 4.03 5.56    CAOJZF010000442.1      7367      7713  (10643) +               Kuruka     Unspecified    4214    4555  (4278)    
   328 34.72 3.59 3.81    CAOJZF010000443.1     20680     21152  (10531) +               Kuruka     Unspecified    4062    4533  (4300)    
   229 34.93 3.66 2.59    CAOJZF010000445.1      8069      8259   (9770) C               Kuruka     Unspecified  (4466)    4367    4175    
   268 35.39 4.50 3.21    CAOJZF010000447.1      2792      3191   (7878) C               Kuruka     Unspecified  (4374)    4459    4055    
   247 31.24 4.37 3.80    CAOJZF010000450.1      3739      3921  (20122) +               Kuruka     Unspecified    3592    3775  (5058)    
   259 31.25 2.70 2.70    CAOJZF010000460.1     17558     17705   (4439) +               Kuruka     Unspecified    4199    4346  (4487)    
   261 31.00 3.03 2.26    CAOJZF010000461.1     13392     13523   (6496) +               Kuruka     Unspecified    3755    3887  (4946)    
   290 31.30 2.96 2.96    CAOJZF010000463.1      6072      6206   (5169) +               Kuruka     Unspecified    4199    4333  (4500)    
   281 31.30 2.96 2.96    CAOJZF010000466.1      2957      3091  (11540) +               Kuruka     Unspecified    4199    4333  (4500)    
   234 18.64 1.69 9.09    CAOJZF010000478.1     10942     11000  (12426) +               Kuruka     Unspecified    4062    4116  (4717)    
   370 33.56 0.00 0.00    CAOJZF010000478.1     11268     11413  (12013) +               Kuruka     Unspecified    4388    4533  (4300)    
   326 31.15 2.86 1.41    CAOJZF010000480.1      9912     10051  (14892) +               Kuruka     Unspecified    4193    4334  (4499)    
   392 33.00 2.00 3.03    CAOJZF010000486.1      1158      1457  (15376) +               Kuruka     Unspecified    3536    3832  (5001)    
   228 33.52 2.73 2.17    CAOJZF010000490.1      4800      4982  (28028) C               Kuruka     Unspecified  (4590)    4243    4060    
   229 30.12 3.49 3.49    CAOJZF010000493.1     13262     13347   (7930) C               Kuruka     Unspecified  (4518)    4315    4230    
   304 28.43 1.94 0.96    CAOJZF010000496.1     16660     16762    (367) C               Kuruka     Unspecified  (4339)    4494    4391    
   289 30.53 2.96 2.96    CAOJZF010000502.1      2374      2508  (25365) C               Kuruka     Unspecified  (4500)    4333    4199    
   386 31.34 2.50 2.93    CAOJZF010000503.1     13973     14212   (4215) +               Kuruka     Unspecified    4077    4315  (4518)    
   322 31.75 0.79 0.79    CAOJZF010000504.1     12207     12333   (6028) C               Kuruka     Unspecified  (4315)    4518    4392    
   290 30.53 2.96 2.96    CAOJZF010000513.1     11025     11159   (5023) C               Kuruka     Unspecified  (4500)    4333    4199    
   252 37.14 0.71 0.00    CAOJZF010000522.1      3885      4024  (10775) C               Kuruka     Unspecified  (4294)    4539    4399    
   448 34.50 2.96 3.18    CAOJZF010000524.1      8296      8768  (14483) +               Kuruka     Unspecified    4062    4533  (4300)    
   290 36.14 4.44 4.66    CAOJZF010000527.1      7230      7702   (4759) C               Kuruka     Unspecified  (4300)    4533    4062    
   265 34.22 1.32 1.32    CAOJZF010000528.1      7235      7385  (10941) +               Kuruka     Unspecified    4199    4349  (4484)    
   265 36.55 0.00 0.00    CAOJZF010000531.1      1815      1959  (13048) C               Kuruka     Unspecified  (4298)    4535    4391    
   240 34.48 2.03 2.03    CAOJZF010000534.1      9750      9897   (5493) C               Kuruka     Unspecified  (4487)    4346    4199    
   259 30.23 3.03 2.26    CAOJZF010000539.1      1362      1493   (9688) C               Kuruka     Unspecified  (4946)    3887    3755    
   290 30.53 2.96 2.96    CAOJZF010000542.1      7614      7748  (11373) +               Kuruka     Unspecified    4199    4333  (4500)    
   290 30.53 2.96 2.96    CAOJZF010000545.1     16414     16548   (2797) C               Kuruka     Unspecified  (4500)    4333    4199    
   226 31.77 1.16 1.16    CAOJZF010000550.1      5701      5786  (20389) +               Kuruka     Unspecified    4230    4315  (4518)    
   262 31.07 0.96 0.96    CAOJZF010000562.1      1609      1712  (15955) C               Kuruka     Unspecified  (4339)    4494    4391    
   292 32.01 3.02 5.75    CAOJZF010000574.1      9410      9641  (10806) +               Kuruka     Unspecified    3755    3980  (4853)    
   289 31.07 0.96 0.96    CAOJZF010000578.1      4536      4639  (10499) +               Kuruka     Unspecified    4391    4494  (4339)    
   302 27.35 3.76 3.76    CAOJZF010000595.1      5390      5522  (13945) +               Kuruka     Unspecified    3873    4005  (4828)    
   239 31.82 2.22 2.22    CAOJZF010000595.1      8078      8212  (11255) C               Kuruka     Unspecified  (4487)    4346    4212    
   264 30.15 5.16 5.84           OX419176.1   9265810   9265964 (14603938) C               Kuruka     Unspecified  (4393)    4440    4287    
   235 31.31 0.00 4.17           OX419176.1  18940863  18940962 (4928940) +               Kuruka     Unspecified    4282    4377  (4456)    
   732 33.87 4.31 3.71           OX419176.1  22489222  22489917 (1379985) +               Kuruka     Unspecified    3462    4161  (4672)    
   281 31.80 3.92 4.43           OX419177.1   4864517   4864720 (17017917) +               Kuruka     Unspecified    4298    4500  (4333)    
   234 31.31 0.00 4.17           OX419177.1   5511390   5511489 (16371148) +               Kuruka     Unspecified    4282    4377  (4456)    
   466 28.45 3.85 3.85           OX419177.1  11291975  11292208 (10590429) +               Kuruka     Unspecified    3467    3700  (5133)    
   303 37.05 3.47 5.72           OX419177.1  11292446  11293195 (10589442) +               Kuruka     Unspecified    3938    4671  (4162)    
  1110 35.37 3.10 3.19           OX419177.1  13439800  13440897 (8441740) C               Kuruka     Unspecified  (4249)    4584    3488    
   232 21.83 0.00 1.82           OX419177.1  13442299  13442354 (8440283) C               Kuruka     Unspecified  (6345)    2488    2434    
  1065 35.56 3.10 3.19           OX419177.1  15810376  15811473 (6071164) C               Kuruka     Unspecified  (4249)    4584    3488    
   232 21.83 0.00 1.82           OX419177.1  20212216  20212271 (1670366) +               Kuruka     Unspecified    2434    2488  (6345)    
  1110 35.37 3.10 3.19           OX419177.1  20213673  20214770 (1667867) +               Kuruka     Unspecified    3488    4584  (4249)    
   722 35.73 3.30 3.39           OX419178.1   3252658   3253749 (18056083) C               Kuruka     Unspecified  (4255)    4578    3488    
   288 26.39 0.00 0.00           OX419178.1   4422806   4422877 (16886955) C               Kuruka     Unspecified  (4479)    4354    4283    
  1956 34.12 2.23 2.32           OX419178.1   4504836   4506044 (16803788) C               Kuruka     Unspecified  (4177)    4656    3449    
   276 20.34 0.00 0.00           OX419178.1   4991289   4991347 (16318485) +               Kuruka     Unspecified    4284    4342  (4491)    
   248 30.18 3.74 4.30           OX419178.1   6705440   6705626 (14604206) +               Kuruka     Unspecified    4264    4449  (4384)    
  2072 32.71 2.90 2.99           OX419178.1   9752301   9753507 (11556325) C               Kuruka     Unspecified  (4163)    4670    3465    
   887 35.15 2.08 2.08           OX419178.1  10905317  10905990 (10403842) C               Kuruka     Unspecified  (4186)    4647    3974    
  1612 35.17 3.46 2.91           OX419178.1  18719574  18720873 (2588959) +               Kuruka     Unspecified    3452    4758  (4075)    
  1580 35.26 3.46 2.91           OX419178.1  18730457  18731756 (2578076) C               Kuruka     Unspecified  (4075)    4758    3452    
  1098 35.68 2.91 3.01           OX419179.1   4113736   4114833 (17147261) C               Kuruka     Unspecified  (4249)    4584    3488    
   249 21.83 0.00 1.82           OX419179.1  14165653  14165708 (7096386) +               Kuruka     Unspecified    2434    2488  (6345)    
  1154 35.40 3.09 3.18           OX419179.1  14167119  14168218 (7093876) +               Kuruka     Unspecified    3488    4586  (4247)    
   318 31.68 2.41 3.03           OX419179.1  15323803  15323968 (5938126) +               Kuruka     Unspecified    4222    4386  (4447)    
  1063 35.81 3.01 3.10           OX419179.1  16980331  16981428 (4280666) +               Kuruka     Unspecified    3488    4584  (4249)    
  1960 32.27 2.28 2.37           OX419179.1  17189217  17190314 (4071780) C               Kuruka     Unspecified  (4249)    4584    3488    
   367 34.03 3.59 4.00           OX419179.1  19018921  19019171 (2242923) +               Kuruka     Unspecified    4273    4522  (4311)    
   235 31.31 0.00 4.17           OX419180.1   5114282   5114381 (15463387) C               Kuruka     Unspecified  (4456)    4377    4282    
   549 31.73 4.60 3.41           OX419180.1   8599740   8600000 (11977768) C               Kuruka     Unspecified  (5108)    3725    3462    
   367 34.03 3.59 4.00           OX419180.1  12471235  12471485 (8106283) C               Kuruka     Unspecified  (4311)    4522    4273    
   358 27.66 0.00 0.00           OX419180.1  13435350  13435443 (7142325) C               Kuruka     Unspecified  (5152)    3681    3588    
   236 7.52 0.00 5.00           OX419180.1  15545517  15545558 (5032210) C               Kuruka     Unspecified  (7335)    1498    1459    
   695 35.93 3.30 3.39           OX419181.1   2655785   2656876 (17528980) C               Kuruka     Unspecified  (4255)    4578    3488    
   377 34.03 3.59 4.00           OX419181.1   9392150   9392400 (10793456) C               Kuruka     Unspecified  (4311)    4522    4273    
  2536 33.43 1.07 1.16           OX419181.1  15145332  15146457 (5039399) +               Kuruka     Unspecified    3489    4613  (4220)    
   322 32.89 3.04 3.49           OX419181.1  18029357  18029586 (2156270) +               Kuruka     Unspecified    4308    4536  (4297)    
   380 32.72 4.39 3.48           OX419181.1  19429001  19429228 (756628) C               Kuruka     Unspecified  (4390)    4443    4214    
   271 24.47 7.96 8.50           OX419182.1   1980933   1981133 (17764002) C               Kuruka     Unspecified  (4328)    4505    4306    
   404 27.04 4.49 5.16           OX419182.1   4007143   4007298 (15737837) +               Kuruka     Unspecified    4224    4378  (4455)    
  2506 33.25 1.07 1.16           OX419182.1   7125643   7126768 (12618367) +               Kuruka     Unspecified    3489    4613  (4220)    
   277 32.20 0.84 0.84           OX419182.1   8162993   8163111 (11582024) C               Kuruka     Unspecified  (4662)    4171    4053    
   305 33.52 6.18 5.25           OX419182.1   8163324   8163663 (11581472) C               Kuruka     Unspecified  (4993)    3840    3498    
   810 35.47 3.10 3.19           OX419182.1  14191381  14192478 (5552657) +               Kuruka     Unspecified    3488    4584  (4249)    
   266 34.64 1.28 1.94           OX419182.1  14397604  14397759 (5347376) +               Kuruka     Unspecified    4223    4377  (4456)    
  1174 36.41 2.92 3.01           OX419183.1     45549     46746 (19541332) +               Kuruka     Unspecified    3461    4657  (4176)    
   274 33.33 2.11 2.11           OX419183.1    835096    835285 (18752793) C               Kuruka     Unspecified  (4499)    4334    4145    
   234 31.31 0.00 4.17           OX419183.1   1795716   1795815 (17792263) C               Kuruka     Unspecified  (4456)    4377    4282    
   281 33.61 0.00 0.00           OX419183.1   4867344   4867462 (14720616) C               Kuruka     Unspecified  (4662)    4171    4053    
   323 33.52 6.18 5.25           OX419183.1   4867675   4868014 (14720064) C               Kuruka     Unspecified  (4993)    3840    3498    
   509 32.53 2.34 2.75           OX419183.1   6752596   6752851 (12835227) +               Kuruka     Unspecified    4282    4536  (4297)    
  1941 33.01 3.09 3.45           OX419183.1  11364998  11366161 (8221917) C               Kuruka     Unspecified  (4163)    4670    3511    
   489 28.45 3.85 3.85           OX419183.1  13985012  13985245 (5602833) +               Kuruka     Unspecified    3467    3700  (5133)    
   353 37.05 3.47 5.72           OX419183.1  13985483  13986232 (5601846) +               Kuruka     Unspecified    3938    4671  (4162)    
  1071 35.31 3.19 3.28           OX419183.1  15122091  15123188 (4464890) C               Kuruka     Unspecified  (4249)    4584    3488    
   489 28.45 3.85 3.85           OX419183.1  17874316  17874549 (1713529) +               Kuruka     Unspecified    3467    3700  (5133)    
   353 37.05 3.47 5.72           OX419183.1  17874787  17875536 (1712542) +               Kuruka     Unspecified    3938    4671  (4162)    
   296 32.02 2.73 2.73           OX419184.1   7509511   7509693 (12042915) +               Kuruka     Unspecified    4145    4327  (4506)    
  1064 35.56 3.10 3.19           OX419184.1  10210315  10211412 (9341196) C               Kuruka     Unspecified  (4249)    4584    3488    
   232 21.83 0.00 1.82           OX419184.1  10212814  10212869 (9339739) C               Kuruka     Unspecified  (6345)    2488    2434    
  2284 32.62 3.19 3.26           OX419184.1  10992535  10993852 (8558756) C               Kuruka     Unspecified  (4073)    4760    3444    
   276 20.34 0.00 0.00           OX419184.1  11611324  11611382 (7941226) C               Kuruka     Unspecified  (4491)    4342    4284    
   233 29.27 2.41 1.19           OX419184.1  14163821  14163903 (5388705) +               Kuruka     Unspecified    3642    3725  (5108)    
   230 21.83 0.00 1.82           OX419184.1  14872873  14872928 (4679680) +               Kuruka     Unspecified    2434    2488  (6345)    
  1172 35.40 3.09 3.18           OX419184.1  14874330  14875429 (4677179) +               Kuruka     Unspecified    3488    4586  (4247)    
  1110 35.37 3.10 3.19           OX419184.1  17362923  17364020 (2188588) C               Kuruka     Unspecified  (4249)    4584    3488    
   232 21.83 0.00 1.82           OX419184.1  17365422  17365477 (2187131) C               Kuruka     Unspecified  (6345)    2488    2434    
   258 35.59 3.69 3.27           OX419184.1  18010685  18010928 (1541680) +               Kuruka     Unspecified    4265    4509  (4324)    
   253 32.17 1.82 7.69           OX419184.1  18281826  18281990 (1270618) +               Kuruka     Unspecified    4403    4558  (4275)    
  1117 35.63 3.11 3.20           OX419185.1   9982430   9983586 (8832687) C               Kuruka     Unspecified  (4190)    4643    3488    
   230 21.83 0.00 1.82           OX419185.1   9984988   9985043 (8831230) C               Kuruka     Unspecified  (6345)    2488    2434    
   332 25.00 2.27 0.00           OX419185.1  16901627  16901714 (1914559) C               Kuruka     Unspecified  (4479)    4354    4265    
   661 34.20 2.70 2.91           OX419186.1   1327494   1327975 (17318660) C               Kuruka     Unspecified  (4075)    4758    4278    
   998 35.32 3.17 2.89           OX419186.1   1335021   1335778 (17310857) C               Kuruka     Unspecified  (4622)    4211    3452    
  2247 32.55 3.19 3.26           OX419186.1   2938651   2939968 (15706667) +               Kuruka     Unspecified    3444    4760  (4073)    
   858 35.50 2.70 2.56           OX419186.1   4823292   4824031 (13822604) +               Kuruka     Unspecified    3903    4643  (4190)    
   261 33.99 1.28 1.94           OX419186.1   7229477   7229632 (11417003) C               Kuruka     Unspecified  (4456)    4377    4223    
   232 21.83 0.00 1.82           OX419186.1   9656835   9656890 (8989745) +               Kuruka     Unspecified    2434    2488  (6345)    
  1096 35.47 3.10 3.19           OX419186.1   9658292   9659389 (8987246) +               Kuruka     Unspecified    3488    4584  (4249)    
   241 28.89 2.17 2.17           OX419186.1  11112192  11112283 (7534352) +               Kuruka     Unspecified    3489    3580  (5253)    
  2340 33.47 0.97 1.07           OX419186.1  11113449  11114475 (7532160) +               Kuruka     Unspecified    3588    4613  (4220)    
   260 32.63 4.05 4.76           OX419186.1  18442756  18442903 (203732) +               Kuruka     Unspecified    4273    4419  (4414)    
   235 31.31 0.00 4.17           OX419187.1    839851    839950 (17740697) C               Kuruka     Unspecified  (4456)    4377    4282    
   233 29.27 2.41 1.19           OX419187.1  10950322  10950404 (7630243) C               Kuruka     Unspecified  (5108)    3725    3642    
   489 28.45 3.85 3.85           OX419187.1  11441794  11442027 (7138620) C               Kuruka     Unspecified  (5133)    3700    3467    
   489 28.45 3.85 3.85           OX419187.1  11544942  11545175 (7035472) +               Kuruka     Unspecified    3467    3700  (5133)    
   353 37.05 3.47 5.72           OX419187.1  11545413  11546162 (7034485) +               Kuruka     Unspecified    3938    4671  (4162)    
   256 23.33 0.00 0.00           OX419187.1  13584736  13584795 (4995852) C               Kuruka     Unspecified  (4479)    4354    4295    
   257 26.47 0.00 0.00           OX419187.1  15955356  15955423 (2625224) C               Kuruka     Unspecified  (4479)    4354    4287    
   239 22.03 0.00 0.00           OX419187.1  17948980  17949038 (631609) +               Kuruka     Unspecified    4284    4342  (4491)    
   446 31.92 2.48 2.90           OX419188.1    641811    642052 (17710985) +               Kuruka     Unspecified    4282    4522  (4311)    
  2247 32.55 3.19 3.26           OX419188.1   3268354   3269671 (15083366) +               Kuruka     Unspecified    3444    4760  (4073)    
   428 29.73 3.27 3.27           OX419188.1   4508010   4508162 (13844875) C               Kuruka     Unspecified  (5093)    3740    3588    
   270 30.13 3.68 4.32           OX419188.1   4670303   4670465 (13682572) C               Kuruka     Unspecified  (4381)    4452    4291    
   270 30.13 3.68 4.32           OX419188.1   4695923   4696085 (13656952) C               Kuruka     Unspecified  (4381)    4452    4291    
  2558 33.09 1.16 1.16           OX419188.1  12103360  12104484 (6248553) C               Kuruka     Unspecified  (4220)    4613    3489    
  1971 34.12 2.23 2.32           OX419188.1  12301619  12302827 (6050210) C               Kuruka     Unspecified  (4177)    4656    3449    
  1086 35.47 3.10 3.19           OX419188.1  14155707  14156804 (4196233) C               Kuruka     Unspecified  (4249)    4584    3488    
   232 21.83 0.00 1.82           OX419188.1  14158206  14158261 (4194776) C               Kuruka     Unspecified  (6345)    2488    2434    
   275 26.91 5.81 6.49           OX419188.1  16793853  16794007 (1559030) +               Kuruka     Unspecified    4287    4440  (4393)    
   312 35.46 3.06 3.79           OX419188.1  18219970  18220394 (132643) C               Kuruka     Unspecified  (4479)    4354    3933    
   234 31.31 0.00 4.17           OX419189.1   4528089   4528188 (13409688) C               Kuruka     Unspecified  (4456)    4377    4282    
   276 20.34 0.00 0.00           OX419189.1   7890840   7890898 (10046978) +               Kuruka     Unspecified    4284    4342  (4491)    
   234 31.31 0.00 4.17           OX419189.1  14924336  14924435 (3013441) +               Kuruka     Unspecified    4282    4377  (4456)    
   697 36.47 3.63 3.12           OX419189.1  17681377  17682395 (255481) C               Kuruka     Unspecified  (4075)    4758    3735    
   579 29.84 3.40 2.62           OX419189.1  17686952  17687216 (250660) C               Kuruka     Unspecified  (5115)    3718    3452    
   367 34.03 3.59 4.00           OX419190.1   1702138   1702388 (15598955) C               Kuruka     Unspecified  (4311)    4522    4273    
  2543 33.34 1.07 1.16           OX419190.1   6539497   6540622 (10760721) C               Kuruka     Unspecified  (4220)    4613    3489    
   492 33.06 1.97 2.37           OX419190.1  11379743  11379996 (5921347) C               Kuruka     Unspecified  (4298)    4535    4283    
   279 34.75 5.31 5.78           OX419190.1  17139520  17139745 (161598) +               Kuruka     Unspecified    4296    4520  (4313)    
   235 31.31 0.00 4.17           OX419191.1   2255844   2255943 (14839029) C               Kuruka     Unspecified  (4456)    4377    4282    
   375 29.73 3.27 3.27           OX419191.1   2277296   2277448 (14817524) +               Kuruka     Unspecified    3588    3740  (5093)    
   254 34.64 1.28 1.94           OX419191.1   9098367   9098522 (7996450) C               Kuruka     Unspecified  (4456)    4377    4223    
   366 32.67 1.31 1.97           OX419191.1  14464202  14464354 (2630618) C               Kuruka     Unspecified  (4458)    4375    4224    
  1110 35.37 3.10 3.19           OX419191.1  15557715  15558812 (1536160) C               Kuruka     Unspecified  (4249)    4584    3488    
   232 21.83 0.00 1.82           OX419191.1  15560214  15560269 (1534703) C               Kuruka     Unspecified  (6345)    2488    2434    
  1202 35.40 3.09 3.18           OX419192.1    961970    963069 (16105434) C               Kuruka     Unspecified  (4247)    4586    3488    
   238 21.83 0.00 1.82           OX419192.1    964471    964526 (16103977) C               Kuruka     Unspecified  (6345)    2488    2434    
   232 21.83 0.00 1.82           OX419192.1   2101764   2101819 (14966684) +               Kuruka     Unspecified    2434    2488  (6345)    
  1110 35.37 3.10 3.19           OX419192.1   2103221   2104318 (14964185) +               Kuruka     Unspecified    3488    4584  (4249)    
   366 32.67 1.31 1.97           OX419192.1   5534981   5535133 (11533370) C               Kuruka     Unspecified  (4458)    4375    4224    
   455 32.55 3.41 3.41           OX419193.1    168845    169108 (16777197) +               Kuruka     Unspecified    3462    3725  (5108)    
   266 33.33 2.11 2.11           OX419193.1    702132    702321 (16243984) C               Kuruka     Unspecified  (4499)    4334    4145    
   457 35.99 3.21 3.30           OX419193.1   1046029   1047120 (15899185) C               Kuruka     Unspecified  (4255)    4578    3488    
   270 30.13 3.68 4.32           OX419193.1   1174525   1174687 (15771618) +               Kuruka     Unspecified    4291    4452  (4381)    
   559 36.78 3.03 2.51           OX419193.1   5477045   5477638 (11468667) +               Kuruka     Unspecified    3575    4171  (4662)    
   225 30.49 5.15 5.93           OX419193.1   5619515   5619650 (11326655) +               Kuruka     Unspecified    4282    4416  (4417)    
   232 21.83 0.00 1.82           OX419193.1   7016403   7016458 (9929847) +               Kuruka     Unspecified    2434    2488  (6345)    
  1100 35.37 3.10 3.19           OX419193.1   7017860   7018957 (9927348) +               Kuruka     Unspecified    3488    4584  (4249)    
   250 29.65 7.58 2.90           OX419193.1   7282620   7282751 (9663554) +               Kuruka     Unspecified    4217    4354  (4479)    
   354 32.05 4.17 4.65           OX419193.1   9887779   9887994 (7058311) C               Kuruka     Unspecified  (4311)    4522    4308    
   428 29.73 3.27 3.27           OX419193.1  10903857  10904009 (6042296) +               Kuruka     Unspecified    3588    3740  (5093)    
   777 36.17 3.21 3.30           OX419193.1  11063543  11064634 (5881671) +               Kuruka     Unspecified    3488    4578  (4255)    
  1630 33.18 4.39 3.95           OX419193.1  14223501  14224912 (2721393) +               Kuruka     Unspecified    3431    4848  (3985)    
  2247 32.55 3.19 3.26           OX419194.1   1296669   1297986 (15240383) C               Kuruka     Unspecified  (4073)    4760    3444    
  1881 34.12 2.23 2.32           OX419194.1   1547567   1548775 (14989594) +               Kuruka     Unspecified    3449    4656  (4177)    
  1117 35.87 3.03 3.11           OX419194.1   5840825   5841981 (10696388) C               Kuruka     Unspecified  (4190)    4643    3488    
   389 32.72 4.39 3.48           OX419194.1   7309340   7309567 (9228802) +               Kuruka     Unspecified    4214    4443  (4390)    
   375 35.68 2.63 2.63           OX419194.1   7807242   7807621 (8730748) C               Kuruka     Unspecified  (4989)    3844    3465    
   332 25.00 2.27 0.00           OX419194.1   8576915   8577002 (7961367) +               Kuruka     Unspecified    4265    4354  (4479)    
   290 32.80 2.11 2.11           OX419194.1  13549096  13549285 (2989084) +               Kuruka     Unspecified    4145    4334  (4499)    
   235 31.31 0.00 4.17           OX419194.1  14778540  14778639 (1759730) +               Kuruka     Unspecified    4282    4377  (4456)    
   367 34.03 3.59 4.00           OX419195.1   3462646   3462896 (12693802) +               Kuruka     Unspecified    4273    4522  (4311)    
   461 26.90 3.95 7.60           OX419195.1   6930458   6930634 (9226064) +               Kuruka     Unspecified    3570    3740  (5093)    
  1110 35.37 3.10 3.19           OX419195.1   7079133   7080230 (9076468) C               Kuruka     Unspecified  (4249)    4584    3488    
   232 21.83 0.00 1.82           OX419195.1   7081632   7081687 (9075011) C               Kuruka     Unspecified  (6345)    2488    2434    
  2209 33.51 0.82 0.91           OX419195.1  11076126  11077227 (5079471) +               Kuruka     Unspecified    3513    4613  (4220)    
   542 30.35 2.89 3.32           OX419195.1  12313419  12313660 (3843038) C               Kuruka     Unspecified  (4311)    4522    4282    
   235 31.31 0.00 4.17           OX419195.1  15181663  15181762 (974936) C               Kuruka     Unspecified  (4456)    4377    4282    
   232 21.83 0.00 1.82           OX419195.1  15432750  15432805 (723893) +               Kuruka     Unspecified    2434    2488  (6345)    
  1110 35.37 3.10 3.19           OX419195.1  15434207  15435304 (721394) +               Kuruka     Unspecified    3488    4584  (4249)    
  2360 32.55 3.19 3.26           OX419195.1  15796827  15798144 (358554) +               Kuruka     Unspecified    3444    4760  (4073)    
   225 28.10 3.17 4.00           OX419195.1  15853356  15853481 (303217) C               Kuruka     Unspecified  (4429)    4404    4280    
   361 32.87 3.17 3.64           OX419196.1   2868156   2868376 (12795959) C               Kuruka     Unspecified  (4321)    4512    4293    
  1422 38.13 1.23 1.31           OX419196.1   5167422   5168718 (10495617) C               Kuruka     Unspecified  (4073)    4760    3465    
   232 21.83 0.00 1.82           OX419196.1  11333769  11333824 (4330511) +               Kuruka     Unspecified    2434    2488  (6345)    
  1110 35.37 3.10 3.19           OX419196.1  11335226  11336323 (4328012) +               Kuruka     Unspecified    3488    4584  (4249)    
  2247 32.55 3.19 3.26           OX419196.1  15247070  15248387 (415948) C               Kuruka     Unspecified  (4073)    4760    3444    
  1968 34.12 2.23 2.32           OX419197.1   3766626   3767834 (11153974) C               Kuruka     Unspecified  (4177)    4656    3449    
   295 35.33 3.67 4.10           OX419197.1   8159074   8159318 (6762490) +               Kuruka     Unspecified    4293    4536  (4297)    
   353 37.05 3.47 5.72           OX419197.1  10557379  10558128 (4363680) C               Kuruka     Unspecified  (4162)    4671    3938    
   489 28.45 3.85 3.85           OX419197.1  10558366  10558599 (4363209) C               Kuruka     Unspecified  (5133)    3700    3467    
   272 20.34 0.00 0.00           OX419197.1  11205609  11205667 (3716141) C               Kuruka     Unspecified  (4491)    4342    4284    
   259 34.79 4.15 4.63           OX419197.1  11221188  11221404 (3700404) C               Kuruka     Unspecified  (4313)    4520    4305    
   234 31.31 0.00 4.17           OX419197.1  11464375  11464474 (3457334) C               Kuruka     Unspecified  (4456)    4377    4282    
  1888 34.04 2.23 2.32           OX419197.1  12088518  12089726 (2832082) +               Kuruka     Unspecified    3449    4656  (4177)    
  1976 35.11 2.42 2.04           OX419197.1  12282015  12283334 (2638474) C               Kuruka     Unspecified  (4072)    4761    3437    
  1682 34.19 3.99 3.62           OX419198.1     94515     95916 (13585840) C               Kuruka     Unspecified  (3975)    4858    3452    
   251 29.76 0.00 1.19           OX419198.1   1520015   1520099 (12161657) +               Kuruka     Unspecified    4296    4379  (4454)    
   723 35.73 3.30 3.39           OX419198.1   2561933   2563024 (11118732) +               Kuruka     Unspecified    3488    4578  (4255)    
  1172 35.40 3.09 3.18           OX419198.1   4269234   4270333 (9411423) C               Kuruka     Unspecified  (4247)    4586    3488    
   230 21.83 0.00 1.82           OX419198.1   4271735   4271790 (9409966) C               Kuruka     Unspecified  (6345)    2488    2434    
   277 34.62 1.52 1.52           OX419198.1   7050572   7050703 (6631053) +               Kuruka     Unspecified    4223    4354  (4479)    
   366 32.67 1.31 1.97           OX419199.1   1813036   1813188 (11435626) +               Kuruka     Unspecified    4224    4375  (4458)    
   248 30.18 3.74 4.30           OX419199.1   2548610   2548796 (10700018) C               Kuruka     Unspecified  (4384)    4449    4264    
   235 31.31 0.00 4.17           OX419199.1   2595947   2596046 (10652768) C               Kuruka     Unspecified  (4456)    4377    4282    
  2239 32.55 3.19 3.26           OX419199.1   2734685   2736002 (10512812) +               Kuruka     Unspecified    3444    4760  (4073)    
   357 32.67 1.31 1.97           OX419199.1   6842665   6842817 (6405997) C               Kuruka     Unspecified  (4458)    4375    4224    
   284 28.35 4.51 4.51           OX419199.1   9362176   9362308 (3886506) C               Kuruka     Unspecified  (4479)    4354    4222    
   258 28.10 3.17 4.00           OX419199.1  10780100  10780225 (2468589) C               Kuruka     Unspecified  (4429)    4404    4280    
   295 35.33 3.67 4.10           OX419199.1  11602930  11603174 (1645640) C               Kuruka     Unspecified  (4297)    4536    4293    
   256 30.26 0.00 4.17           OX419199.1  12041279  12041378 (1207436) C               Kuruka     Unspecified  (4456)    4377    4282    
   421 29.73 3.27 3.27           OX419200.1   2688966   2689118 (10396613) C               Kuruka     Unspecified  (5093)    3740    3588    
   277 32.20 0.84 0.84           OX419201.1    834976    835094 (11045851) C               Kuruka     Unspecified  (4662)    4171    4053    
   305 33.52 6.18 5.25           OX419201.1    835307    835646 (11045299) C               Kuruka     Unspecified  (4993)    3840    3498    
   367 34.03 3.59 4.00           OX419201.1   8683218   8683468 (3197477) C               Kuruka     Unspecified  (4311)    4522    4273    
  2122 32.07 2.78 2.87           OX419202.1    773584    774700 (10185460) C               Kuruka     Unspecified  (4253)    4580    3465    
   835 35.37 3.10 3.19           OX419202.1  10126247  10127344 (832816) C               Kuruka     Unspecified  (4249)    4584    3488    
   334 31.78 0.00 0.00           OX419203.1   9289204   9289310 (169970) C               Kuruka     Unspecified  (5139)    3694    3588    
  2263 32.47 3.19 3.26           OX419204.1    347237    348554 (8757330) +               Kuruka     Unspecified    3444    4760  (4073)    
   312 26.25 5.96 6.67           OX419204.1   9061874   9062024  (43860) +               Kuruka     Unspecified    4306    4455  (4378)    
  1604 33.45 4.32 3.88           OX419205.1   4152662   4154073 (4663425) +               Kuruka     Unspecified    3431    4848  (3985)    
   225 30.49 5.15 5.93           OX419205.1   4939184   4939319 (3878179) +               Kuruka     Unspecified    4282    4416  (4417)    
  1110 35.37 3.10 3.19           OX419205.1   5388684   5389781 (3427717) C               Kuruka     Unspecified  (4249)    4584    3488    
   232 21.83 0.00 1.82           OX419205.1   5391183   5391238 (3426260) C               Kuruka     Unspecified  (6345)    2488    2434    
   555 32.16 3.41 3.41           OX419205.1   6646402   6646665 (2170833) C               Kuruka     Unspecified  (5108)    3725    3462    
   318 36.59 1.81 3.30           OX419205.1   6941373   6941649 (1875849) C               Kuruka     Unspecified  (5096)    3737    3465    
   294 33.42 6.76 5.83           OX419206.1   7028250   7028589 (715188) +               Kuruka     Unspecified    3498    3840  (4993)    
   285 32.20 0.84 0.84           OX419206.1   7028802   7028920 (714857) +               Kuruka     Unspecified    4053    4171  (4662)    
   363 35.60 2.59 2.21           OX419206.1   7147425   7147694 (596083) +               Kuruka     Unspecified    4266    4536  (4297)    
   241 31.31 0.00 4.17           OX419206.1   7251219   7251318 (492459) C               Kuruka     Unspecified  (4456)    4377    4282    
