   430 37.51 3.46 3.84           CM047425.1   2170260   2170808 (78219910) +               Kuruka     Unspecified    4009    4555  (4278)    
   297 28.42 2.11 0.00           CM047425.1   4294358   4294452 (76096266) C               Kuruka     Unspecified  (4475)    4358    4262    
   298 36.86 2.65 2.65           CM047425.1   4294916   4295255 (76095463) C               Kuruka     Unspecified  (5033)    3800    3461    
   236 35.41 3.03 3.03           CM047425.1  10701466  10701762 (69688956) +               Kuruka     Unspecified    3504    3800  (5033)    
   286 26.41 3.64 3.64           CM047425.1  10702186  10702295 (69688423) +               Kuruka     Unspecified    4224    4333  (4500)    
   229 34.28 3.54 3.54           CM047425.1  18287561  18287814 (62102904) +               Kuruka     Unspecified    3576    3829  (5004)    
   784 36.40 2.90 2.90           CM047425.1  19501714  19502678 (60888040) C               Kuruka     Unspecified  (4279)    4554    3590    
   811 35.18 3.99 4.09           CM047425.1  20037919  20038896 (60351822) +               Kuruka     Unspecified    3578    4554  (4279)    
   406 36.99 2.52 2.52           CM047425.1  21344096  21344572 (59046146) C               Kuruka     Unspecified  (4417)    4416    3940    
   320 36.76 3.75 3.95           CM047425.1  21500181  21500687 (58890031) +               Kuruka     Unspecified    3938    4443  (4390)    
   279 29.79 5.53 5.53           CM047425.1  21562471  21562669 (58828049) C               Kuruka     Unspecified  (4247)    4586    4388    
   231 35.38 1.35 0.67           CM047425.1  22634915  22635062 (57755656) +               Kuruka     Unspecified    3558    3706  (5127)    
   657 36.11 2.76 2.59           CM047425.1  22802625  22803241 (57587477) C               Kuruka     Unspecified  (4278)    4555    3938    
   429 36.25 3.97 3.97           CM047425.1  24558267  24558694 (55832024) C               Kuruka     Unspecified  (4674)    4159    3732    
   318 35.00 5.44 6.29           CM047425.1  25123197  25123821 (55266897) C               Kuruka     Unspecified  (4281)    4552    3933    
   276 36.26 3.83 3.83           CM047425.1  25123912  25124172 (55266546) C               Kuruka     Unspecified  (4995)    3838    3578    
   243 33.05 2.48 2.48           CM047425.1  25774182  25774302 (54616416) C               Kuruka     Unspecified  (4489)    4344    4224    
   278 33.34 1.23 1.86           CM047425.1  25841125  25841286 (54549432) +               Kuruka     Unspecified    4285    4445  (4388)    
   239 34.58 3.53 4.53           CM047425.1  26127147  26127458 (54263260) C               Kuruka     Unspecified  (5037)    3796    3488    
   239 34.58 3.53 4.53           CM047425.1  26128585  26128896 (54261822) C               Kuruka     Unspecified  (5037)    3796    3488    
   248 34.24 3.53 4.53           CM047425.1  26182123  26182434 (54208284) +               Kuruka     Unspecified    3488    3796  (5037)    
   296 27.22 5.69 7.73           CM047425.1  26412829  26413039 (53977679) C               Kuruka     Unspecified  (4400)    4433    4227    
   398 35.72 4.16 4.16           CM047425.1  26498724  26499132 (53891586) C               Kuruka     Unspecified  (4693)    4140    3732    
   269 32.32 1.01 0.00           CM047425.1  27589482  27589580 (52801138) +               Kuruka     Unspecified    3756    3855  (4978)    
   268 29.72 4.66 4.12           CM047425.1  27597789  27597981 (52792737) C               Kuruka     Unspecified  (4988)    3845    3652    
   418 33.05 5.75 4.70           CM047425.1  27633149  27633548 (52757170) +               Kuruka     Unspecified    3756    4159  (4674)    
   425 34.98 4.46 4.46           CM047425.1  27634434  27634837 (52755881) +               Kuruka     Unspecified    3756    4159  (4674)    
   327 30.87 3.56 3.19           CM047425.1  27713658  27713938 (52676780) C               Kuruka     Unspecified  (4500)    4333    4052    
   227 32.04 3.82 6.54           CM047425.1  27725634  27725790 (52664928) +               Kuruka     Unspecified    4278    4430  (4403)    
   241 33.68 0.00 0.00           CM047425.1  27842495  27842589 (52548129) C               Kuruka     Unspecified  (5007)    3826    3732    
   297 35.14 4.21 4.21           CM047425.1  27844993  27845396 (52545322) C               Kuruka     Unspecified  (4674)    4159    3756    
   237 30.86 1.80 4.94           CM047425.1  27943345  27943511 (52447207) +               Kuruka     Unspecified    4223    4384  (4449)    
   231 23.22 5.88 5.88           CM047425.1  27961027  27961145 (52429573) +               Kuruka     Unspecified    3513    3631  (5202)    
   243 35.24 3.20 4.99           CM047425.1  27961585  27962053 (52428665) +               Kuruka     Unspecified    4075    4535  (4298)    
   273 29.57 1.92 4.61           CM047425.1  27976566  27976721 (52413997) +               Kuruka     Unspecified    4223    4374  (4459)    
   347 32.66 3.41 2.91           CM047425.1  27986425  27986629 (52404089) +               Kuruka     Unspecified    3938    4143  (4690)    
   404 36.73 1.67 1.67           CM047425.1  28442950  28443248 (51947470) C               Kuruka     Unspecified  (4596)    4237    3939    
   355 32.12 2.94 2.94           CM047425.1  28443511  28443680 (51947038) C               Kuruka     Unspecified  (5157)    3676    3507    
   283 29.12 5.21 7.25           CM047425.1  28513234  28513444 (51877274) C               Kuruka     Unspecified  (4400)    4433    4227    
   228 35.34 2.88 3.88           CM047425.1  28694889  28695200 (51695518) C               Kuruka     Unspecified  (5037)    3796    3488    
   324 33.68 2.49 2.49           CM047425.1  28752730  28752930 (51637788) C               Kuruka     Unspecified  (4677)    4156    3956    
   389 32.58 2.78 2.78           CM047425.1  29015189  29015368 (51375350) +               Kuruka     Unspecified    3497    3676  (5157)    
   349 34.21 5.95 5.19           CM047425.1  29451213  29451767 (50938951) +               Kuruka     Unspecified    3757    4315  (4518)    
   297 38.30 1.34 1.34           CM047425.1  29517893  29518191 (50872527) C               Kuruka     Unspecified  (4596)    4237    3939    
   277 29.98 4.51 2.21           CM047425.1  29555477  29555609 (50835109) C               Kuruka     Unspecified  (4674)    4159    4024    
   252 30.86 1.80 4.94           CM047425.1  29740756  29740922 (50649796) C               Kuruka     Unspecified  (4449)    4384    4223    
   265 30.23 1.80 4.94           CM047425.1  29743208  29743374 (50647344) C               Kuruka     Unspecified  (4449)    4384    4223    
   270 28.30 5.37 6.93           CM047425.1  29744573  29744777 (50645941) C               Kuruka     Unspecified  (4409)    4424    4223    
   406 33.50 2.44 2.44           CM047425.1  29792270  29792474 (50598244) +               Kuruka     Unspecified    3472    3676  (5157)    
   373 35.74 2.68 2.68           CM047425.1  29792737  29793035 (50597683) +               Kuruka     Unspecified    3939    4237  (4596)    
   270 32.35 1.45 1.45           CM047425.1  29832150  29832287 (50558431) C               Kuruka     Unspecified  (5193)    3640    3503    
   343 32.00 2.78 2.78           CM047425.1  29999612  29999791 (50390927) +               Kuruka     Unspecified    3497    3676  (5157)    
   280 36.17 4.19 4.19           CM047425.1  30195992  30196421 (50194297) C               Kuruka     Unspecified  (4674)    4159    3730    
   246 30.86 1.80 4.94           CM047425.1  30375468  30375634 (50015084) +               Kuruka     Unspecified    4223    4384  (4449)    
   246 31.03 4.13 4.13           CM047425.1  30407608  30407728 (49982990) +               Kuruka     Unspecified    4224    4344  (4489)    
   299 28.64 4.66 4.12           CM047425.1  30574798  30574990 (49815728) C               Kuruka     Unspecified  (4988)    3845    3652    
   438 35.55 3.58 3.33           CM047425.1  30795788  30796206 (49594512) +               Kuruka     Unspecified    3725    4144  (4689)    
   291 27.22 5.69 7.73           CM047425.1  30941386  30941596 (49449122) C               Kuruka     Unspecified  (4400)    4433    4227    
   258 32.97 0.00 0.00           CM047425.1  31023138  31023228 (49367490) C               Kuruka     Unspecified  (5011)    3822    3732    
   279 29.18 4.66 4.12           CM047425.1  31242012  31242204 (49148514) C               Kuruka     Unspecified  (4988)    3845    3652    
   471 34.29 4.26 5.20           CM047425.1  31349951  31350396 (49040322) C               Kuruka     Unspecified  (4674)    4159    3718    
   239 31.53 1.77 1.77           CM047425.1  31372943  31373055 (49017663) +               Kuruka     Unspecified    3582    3694  (5139)    
   253 35.75 6.15 0.00           CM047425.1  31408215  31408393 (48982325) C               Kuruka     Unspecified  (4679)    4154    3965    
   324 29.11 4.29 4.29           CM047425.1  31409482  31409621 (48981097) C               Kuruka     Unspecified  (5157)    3676    3537    
   407 36.87 3.04 3.04           CM047425.1  31630973  31631400 (48759318) +               Kuruka     Unspecified    3732    4159  (4674)    
   400 35.62 3.93 4.39           CM047425.1  31764908  31765365 (48625353) C               Kuruka     Unspecified  (4674)    4159    3704    
   291 29.18 4.66 4.12           CM047425.1  32115509  32115701 (48275017) C               Kuruka     Unspecified  (4988)    3845    3652    
   233 31.90 4.13 4.13           CM047425.1  32350972  32351092 (48039626) C               Kuruka     Unspecified  (4489)    4344    4224    
   456 35.37 4.21 4.21           CM047425.1  32496669  32497096 (47893622) C               Kuruka     Unspecified  (4674)    4159    3732    
   309 34.34 3.45 8.96           CM047425.1  32803840  32804274 (47586444) C               Kuruka     Unspecified  (4674)    4159    3747    
   238 34.24 3.53 4.53           CM047425.1  32886927  32887238 (47503480) +               Kuruka     Unspecified    3488    3796  (5037)    
   225 35.00 0.00 0.00           CM047425.1  33230864  33230943 (47159775) +               Kuruka     Unspecified    3747    3826  (5007)    
   332 35.15 2.42 2.42           CM047425.1  33248046  33248252 (47142466) C               Kuruka     Unspecified  (4689)    4144    3938    
   478 34.89 4.21 4.21           CM047425.1  33290305  33290708 (47100010) C               Kuruka     Unspecified  (4674)    4159    3756    
   344 32.84 4.66 5.90           CM047425.1  33403628  33403970 (46986748) C               Kuruka     Unspecified  (4298)    4535    4197    
   423 36.07 3.50 3.50           CM047425.1  33892609  33893036 (46497682) +               Kuruka     Unspecified    3732    4159  (4674)    
   263 34.24 2.55 4.07           CM047425.1  33893152  33893425 (46497293) +               Kuruka     Unspecified    4275    4544  (4289)    
   275 30.77 3.31 3.31           CM047425.1  33951480  33951600 (46439118) +               Kuruka     Unspecified    4224    4344  (4489)    
   247 33.91 3.53 4.53           CM047425.1  34024888  34025199 (46365519) C               Kuruka     Unspecified  (5037)    3796    3488    
   262 33.91 3.53 4.53           CM047425.1  34028183  34028494 (46362224) C               Kuruka     Unspecified  (5037)    3796    3488    
   431 38.08 2.25 3.93           CM047425.1  34128925  34129725 (46260993) C               Kuruka     Unspecified  (4278)    4555    3768    
   239 24.59 0.00 0.00           CM047425.1  34217370  34217430 (46173288) C               Kuruka     Unspecified  (4489)    4344    4284    
   269 32.28 4.39 6.25           CM047425.1  34310831  34311058 (46079660) +               Kuruka     Unspecified    4310    4533  (4300)    
   434 35.63 4.24 4.24           CM047425.1  34413010  34413434 (45977284) C               Kuruka     Unspecified  (4677)    4156    3732    
   354 37.22 4.00 3.27           CM047425.1  34507607  34508031 (45882687) C               Kuruka     Unspecified  (4674)    4159    3732    
   242 21.62 6.72 6.72           CM047425.1  34645069  34645187 (45745531) +               Kuruka     Unspecified    3513    3631  (5202)    
   407 32.92 2.84 4.15           CM047425.1  34645779  34646095 (45744623) +               Kuruka     Unspecified    4223    4535  (4298)    
   399 32.00 2.78 2.78           CM047425.1  35093601  35093780 (45296938) +               Kuruka     Unspecified    3497    3676  (5157)    
   390 36.40 1.67 1.67           CM047425.1  35094043  35094341 (45296377) +               Kuruka     Unspecified    3939    4237  (4596)    
   239 34.01 1.35 0.67           CM047425.1  35115500  35115647 (45275071) C               Kuruka     Unspecified  (5127)    3706    3558    
   456 34.98 5.02 5.41           CM047425.1  35287290  35288105 (45102613) C               Kuruka     Unspecified  (4289)    4544    3732    
   404 33.50 2.44 2.44           CM047425.1  35479373  35479577 (44911141) +               Kuruka     Unspecified    3472    3676  (5157)    
   406 37.84 1.00 1.34           CM047425.1  35479840  35480139 (44910579) +               Kuruka     Unspecified    3939    4237  (4596)    
   423 34.82 4.02 4.02           CM047425.1  35521976  35522373 (44868345) C               Kuruka     Unspecified  (4689)    4144    3747    
   240 36.05 1.35 0.67           CM047425.1  35594234  35594381 (44796337) +               Kuruka     Unspecified    3558    3706  (5127)    
   371 31.51 3.18 3.55           CM047425.1  35638964  35639246 (44751472) +               Kuruka     Unspecified    4052    4333  (4500)    
   271 28.95 3.39 3.39           CM047425.1  35684820  35684937 (44705781) C               Kuruka     Unspecified  (4489)    4344    4227    
   443 34.96 3.71 3.71           CM047425.1  35690614  35691017 (44699701) +               Kuruka     Unspecified    3756    4159  (4674)    
   308 35.30 0.53 0.53           CM047425.1  35987938  35988125 (44402593) C               Kuruka     Unspecified  (4594)    4239    4052    
   419 36.07 3.50 3.50           CM047425.1  36178957  36179384 (44211334) C               Kuruka     Unspecified  (4674)    4159    3732    
   338 36.64 3.01 3.97           CM047425.1  36180185  36180616 (44210102) C               Kuruka     Unspecified  (4674)    4159    3732    
   296 33.69 4.10 5.43           CM047425.1  36279898  36280214 (44110504) C               Kuruka     Unspecified  (4297)    4536    4224    
   312 35.33 1.39 1.39           CM047425.1  36280594  36280880 (44109838) C               Kuruka     Unspecified  (4989)    3844    3558    
   377 37.62 1.34 1.34           CM047425.1  36315746  36316044 (44074674) C               Kuruka     Unspecified  (4596)    4237    3939    
   408 33.50 2.44 2.44           CM047425.1  36316307  36316511 (44074207) C               Kuruka     Unspecified  (5157)    3676    3472    
   289 36.08 3.96 3.96           CM047425.1  36709688  36710091 (43680627) C               Kuruka     Unspecified  (4674)    4159    3756    
   228 33.36 0.58 2.96           CM047425.1  37053329  37053501 (43337217) +               Kuruka     Unspecified    4284    4452  (4381)    
   239 27.85 2.53 0.00           CM047425.1  37176292  37176370 (43214348) C               Kuruka     Unspecified  (4489)    4344    4264    
   411 31.89 3.86 5.21           CM047425.1  37252450  37252760 (43137958) C               Kuruka     Unspecified  (4300)    4533    4227    
   329 25.27 2.15 2.15           CM047425.1  37336570  37336662 (43054056) C               Kuruka     Unspecified  (5157)    3676    3584    
   879 35.35 3.96 4.06           CM047425.1  37416122  37417156 (42973562) C               Kuruka     Unspecified  (4285)    4548    3515    
   262 27.08 0.00 2.35           CM047425.1  37419640  37419726 (42970992) C               Kuruka     Unspecified  (6340)    2493    2409    
   249 29.76 2.58 4.61           CM047425.1  37573202  37573356 (42817362) +               Kuruka     Unspecified    3645    3796  (5037)    
   327 39.90 0.00 0.00           CM047425.1  37648369  37648576 (42742142) +               Kuruka     Unspecified    3939    4146  (4687)    
   327 39.90 0.00 0.00           CM047425.1  37655858  37656065 (42734653) +               Kuruka     Unspecified    3939    4146  (4687)    
   248 35.16 4.03 2.65           CM047425.1  37656322  37656470 (42734248) +               Kuruka     Unspecified    4402    4552  (4281)    
   228 31.07 2.40 5.56           CM047425.1  37743502  37743668 (42647050) C               Kuruka     Unspecified  (4449)    4384    4223    
   228 31.07 2.40 5.56           CM047425.1  37746780  37746946 (42643772) C               Kuruka     Unspecified  (4449)    4384    4223    
   384 36.71 3.27 3.27           CM047425.1  37852024  37852451 (42538267) C               Kuruka     Unspecified  (4674)    4159    3732    
   298 31.63 2.76 3.91           CM047425.1  38177253  38177433 (42213285) C               Kuruka     Unspecified  (5013)    3820    3642    
   240 32.24 0.65 3.33           CM047425.1  38321701  38321854 (42068864) C               Kuruka     Unspecified  (4400)    4433    4284    
   281 29.37 4.86 4.30           CM047425.1  38328955  38329139 (42061579) C               Kuruka     Unspecified  (4988)    3845    3660    
   242 27.86 6.19 7.73           CM047425.1  38446712  38446921 (41943797) +               Kuruka     Unspecified    4227    4433  (4400)    
   233 32.47 3.31 3.31           CM047425.1  38892279  38892399 (41498319) +               Kuruka     Unspecified    4224    4344  (4489)    
   302 36.31 1.65 1.65           CM047425.1  38967562  38967743 (41422975) +               Kuruka     Unspecified    3973    4154  (4679)    
   286 29.92 3.31 3.31           CM047425.1  39080101  39080221 (41310497) C               Kuruka     Unspecified  (4489)    4344    4224    
   414 37.76 2.91 3.29           CM047425.1  39641075  39642172 (40748546) C               Kuruka     Unspecified  (4275)    4558    3465    
   351 31.18 5.31 5.74           CM047425.1  39795721  39795965 (40594753) +               Kuruka     Unspecified    4283    4526  (4307)    
   390 33.06 3.27 3.69           CM047425.1  39800501  39800745 (40589973) +               Kuruka     Unspecified    4283    4526  (4307)    
   415 35.83 3.50 3.50           CM047425.1  40007085  40007512 (40383206) +               Kuruka     Unspecified    3732    4159  (4674)    
   240 25.67 4.24 4.24           CM047425.1  40023664  40023781 (40366937) C               Kuruka     Unspecified  (4489)    4344    4227    
   316 27.00 1.96 1.96           CM047425.1  40173629  40173730 (40216988) C               Kuruka     Unspecified  (5157)    3676    3575    
   263 35.86 4.21 4.21           CM047425.1  40205928  40206355 (40184363) C               Kuruka     Unspecified  (4674)    4159    3732    
   427 36.07 3.50 3.50           CM047425.1  40229638  40230065 (40160653) +               Kuruka     Unspecified    3732    4159  (4674)    
   685 36.46 3.10 3.21           CM047425.1  40432660  40433594 (39957124) +               Kuruka     Unspecified    3810    4743  (4090)    
   432 35.85 3.36 4.52           CM047425.1  41025490  41025936 (39364782) +               Kuruka     Unspecified    3718    4159  (4674)    
   238 27.30 2.61 4.42           CM047425.1  41857530  41857644 (38533074) +               Kuruka     Unspecified    4269    4381  (4452)    
  1042 32.21 3.41 3.58           CM047425.1  42262443  42263057 (38127661) C               Kuruka     Unspecified  (4281)    4552    3939    
   766 36.90 3.48 3.48           CM047425.1  42354358  42355362 (38035356) +               Kuruka     Unspecified    3576    4580  (4253)    
   229 29.91 2.73 2.73           CM047425.1  43097876  43097985 (37292733) C               Kuruka     Unspecified  (4500)    4333    4224    
   228 35.34 2.88 3.88           CM047425.1  43143773  43144084 (37246634) +               Kuruka     Unspecified    3488    3796  (5037)    
   228 35.34 2.88 3.88           CM047425.1  43144697  43145008 (37245710) +               Kuruka     Unspecified    3488    3796  (5037)    
   252 27.46 3.40 3.40           CM047425.1  43214327  43214473 (37176245) C               Kuruka     Unspecified  (4489)    4344    4198    
   381 33.24 2.84 4.15           CM047425.1  43291873  43292189 (37098529) +               Kuruka     Unspecified    4223    4535  (4298)    
   227 36.01 2.89 3.56           CM047425.1  43949348  43949658 (36441060) +               Kuruka     Unspecified    3488    3796  (5037)    
   232 26.03 1.35 1.35           CM047425.1  44150605  44150678 (36240040) +               Kuruka     Unspecified    4513    4586  (4247)    
   251 35.64 2.76 2.76           CM047425.1  44371934  44372259 (36018459) +               Kuruka     Unspecified    3504    3829  (5004)    
   240 30.27 3.54 3.54           CM047425.1  44720887  44720999 (35669719) C               Kuruka     Unspecified  (4497)    4336    4224    
   360 33.71 2.17 5.11           CM047425.1  44749571  44749892 (35640826) C               Kuruka     Unspecified  (4298)    4535    4223    
   242 21.62 6.72 6.72           CM047425.1  44750549  44750667 (35640051) C               Kuruka     Unspecified  (5202)    3631    3513    
   257 27.14 4.79 4.08           CM047425.1  44860523  44860668 (35530050) +               Kuruka     Unspecified    4198    4344  (4489)    
   949 35.58 3.00 3.11           CM047425.1  44905989  44906954 (35483764) C               Kuruka     Unspecified  (4279)    4554    3590    
   398 32.92 2.84 4.15           CM047425.1  45241748  45242064 (35148654) C               Kuruka     Unspecified  (4298)    4535    4223    
   250 21.62 6.72 6.72           CM047425.1  45242656  45242774 (35147944) C               Kuruka     Unspecified  (5202)    3631    3513    
   396 36.95 1.34 1.34           CM047425.1  45317516  45317814 (35072904) C               Kuruka     Unspecified  (4596)    4237    3939    
   408 33.50 2.44 2.44           CM047425.1  45318077  45318281 (35072437) C               Kuruka     Unspecified  (5157)    3676    3472    
   384 35.14 1.95 1.46           CM047425.1  45318729  45318933 (35071785) C               Kuruka     Unspecified  (4689)    4144    3939    
   381 33.16 2.94 2.44           CM047425.1  45319196  45319399 (35071319) C               Kuruka     Unspecified  (5157)    3676    3472    
   393 37.02 2.08 2.47           CM047425.1  45341360  45341888 (35048830) C               Kuruka     Unspecified  (4388)    4445    3919    
   229 29.73 0.00 4.40           CM047425.1  45530837  45530931 (34859787) C               Kuruka     Unspecified  (4459)    4374    4284    
   236 30.86 1.80 4.94           CM047425.1  45695482  45695648 (34695070) C               Kuruka     Unspecified  (4449)    4384    4223    
   230 29.73 0.00 4.40           CM047425.1  46006682  46006776 (34383942) +               Kuruka     Unspecified    4284    4374  (4459)    
   335 34.77 6.24 4.93           CM047425.1  46129711  46130191 (34260527) C               Kuruka     Unspecified  (4624)    4209    3723    
   245 26.83 5.19 8.00           CM047425.1  46361298  46361451 (34029267) +               Kuruka     Unspecified    4284    4433  (4400)    
   240 35.01 2.88 3.88           CM047425.1  46399533  46399844 (33990874) C               Kuruka     Unspecified  (5037)    3796    3488    
   254 23.93 0.00 4.48           CM047425.1  46454314  46454383 (33936335) C               Kuruka     Unspecified  (4689)    4144    4078    
   271 33.10 0.00 4.59           CM047425.1  46454606  46454719 (33935999) C               Kuruka     Unspecified  (5007)    3826    3718    
   326 35.95 2.25 2.25           CM047425.1  46960483  46960704 (33430014) +               Kuruka     Unspecified    3938    4159  (4674)    
   245 25.00 3.12 0.00           CM047425.1  47228815  47228878 (33161840) C               Kuruka     Unspecified  (4485)    4348    4283    
   230 29.57 1.92 4.61           CM047425.1  47298465  47298620 (33092098) C               Kuruka     Unspecified  (4459)    4374    4223    
   233 29.88 0.00 4.81           CM047425.1  47599536  47599644 (32791074) +               Kuruka     Unspecified    4283    4386  (4447)    
   290 28.61 5.21 7.25           CM047425.1  47685826  47686036 (32704682) C               Kuruka     Unspecified  (4400)    4433    4227    
   286 25.74 3.85 2.86           CM047425.1  47898092  47898195 (32492523) C               Kuruka     Unspecified  (4677)    4156    4052    
   286 25.74 3.85 2.86           CM047425.1  47904041  47904144 (32486574) C               Kuruka     Unspecified  (4677)    4156    4052    
   319 38.41 0.40 0.80           CM047425.1  48232629  48232880 (32157838) C               Kuruka     Unspecified  (4300)    4533    4283    
   246 19.65 7.14 11.70           CM047425.1  48496517  48496614 (31894104) C               Kuruka     Unspecified  (4413)    4420    4327    
   253 32.47 3.31 3.31           CM047425.1  49026790  49026910 (31363808) C               Kuruka     Unspecified  (4489)    4344    4224    
   240 35.01 2.88 3.88           CM047425.1  49048133  49048444 (31342274) C               Kuruka     Unspecified  (5037)    3796    3488    
   274 31.74 2.59 2.06           CM047425.1  49073355  49073547 (31317171) C               Kuruka     Unspecified  (4988)    3845    3652    
   268 24.59 0.00 0.00           CM047425.1  49358572  49358632 (31032086) +               Kuruka     Unspecified    4284    4344  (4489)    
   232 30.83 0.00 4.40           CM047425.1  49375350  49375444 (31015274) +               Kuruka     Unspecified    4284    4374  (4459)    
   290 28.61 5.21 7.25           CM047425.1  49731696  49731906 (30658812) +               Kuruka     Unspecified    4227    4433  (4400)    
   426 36.25 3.97 3.97           CM047425.1  49812378  49812805 (30577913) +               Kuruka     Unspecified    3732    4159  (4674)    
   225 31.91 1.83 6.37           CM047425.1  50000283  50000446 (30390272) C               Kuruka     Unspecified  (4459)    4374    4218    
   304 35.34 2.76 2.76           CM047425.1  50196778  50197103 (30193615) +               Kuruka     Unspecified    3504    3829  (5004)    
   317 36.42 6.69 3.69           CM047425.1  50394742  50395294 (29995424) C               Kuruka     Unspecified  (4687)    4146    3578    
   320 36.68 6.88 3.69           CM047425.1  50398874  50399425 (29991293) C               Kuruka     Unspecified  (4687)    4146    3578    
   319 26.50 3.31 3.31           CM047425.1  50459106  50459226 (29931492) +               Kuruka     Unspecified    4224    4344  (4489)    
   271 33.33 1.35 0.67           CM047425.1  50563314  50563461 (29827257) C               Kuruka     Unspecified  (5127)    3706    3558    
   402 34.72 4.44 4.44           CM047425.1  50597425  50597852 (29792866) C               Kuruka     Unspecified  (4674)    4159    3732    
   241 26.23 0.00 0.00           CM047425.1  50617255  50617315 (29773403) C               Kuruka     Unspecified  (4489)    4344    4284    
   240 27.37 6.16 8.21           CM047425.1  50632905  50633115 (29757603) C               Kuruka     Unspecified  (4400)    4433    4227    
   316 35.32 1.96 1.46           CM047425.1  50691643  50691846 (29698872) C               Kuruka     Unspecified  (5157)    3676    3472    
   246 27.78 3.82 3.82           CM047425.1  50827919  50828049 (29562669) +               Kuruka     Unspecified    4224    4354  (4479)    
   390 36.40 1.67 1.67           CM047425.1  50849924  50850222 (29540496) C               Kuruka     Unspecified  (4596)    4237    3939    
   399 32.00 2.78 2.78           CM047425.1  50850485  50850664 (29540054) C               Kuruka     Unspecified  (5157)    3676    3497    
   327 33.90 2.84 4.15           CM047425.1  50913000  50913316 (29477402) C               Kuruka     Unspecified  (4298)    4535    4223    
   411 34.31 4.98 3.99           CM047425.1  51185764  51186185 (29204533) C               Kuruka     Unspecified  (4674)    4159    3734    
   290 28.61 5.21 7.25           CM047425.1  51235414  51235624 (29155094) +               Kuruka     Unspecified    4227    4433  (4400)    
   978 35.19 3.11 3.21           CM047425.1  51282535  51283500 (29107218) C               Kuruka     Unspecified  (4279)    4554    3590    
   324 38.98 1.01 1.01           CM047425.1  51717951  51718248 (28672470) C               Kuruka     Unspecified  (4596)    4237    3940    
   324 33.16 3.92 3.92           CM047425.1  51718513  51718716 (28672002) C               Kuruka     Unspecified  (5158)    3675    3472    
   241 30.86 1.80 4.94           CM047425.1  52340491  52340657 (28050061) C               Kuruka     Unspecified  (4449)    4384    4223    
   254 32.41 1.36 1.36           CM047425.1  52425271  52425417 (27965301) C               Kuruka     Unspecified  (4489)    4344    4198    
   290 28.61 5.21 7.25           CM047425.1  53015449  53015659 (27375059) +               Kuruka     Unspecified    4227    4433  (4400)    
   297 28.61 5.21 7.25           CM047425.1  54004559  54004769 (26385949) C               Kuruka     Unspecified  (4400)    4433    4227    
   417 33.33 4.95 4.95           CM047425.1  54071939  54072342 (26318376) C               Kuruka     Unspecified  (4674)    4159    3756    
   273 36.50 1.96 1.96           CM047425.1  54098411  54098614 (26292104) C               Kuruka     Unspecified  (4674)    4159    3956    
   230 29.73 0.00 4.40           CM047425.1  54134867  54134961 (26255757) C               Kuruka     Unspecified  (4459)    4374    4284    
   493 37.46 3.10 3.38           CM047425.1  54444441  54445537 (25945181) +               Kuruka     Unspecified    3465    4558  (4275)    
   238 26.55 4.24 4.24           CM047425.1  54969101  54969218 (25421500) +               Kuruka     Unspecified    4227    4344  (4489)    
   303 27.86 4.76 4.27           CM047425.1  55045469  55045678 (25345040) +               Kuruka     Unspecified    4123    4333  (4500)    
   278 24.79 4.10 4.10           CM047425.1  55061953  55062074 (25328644) +               Kuruka     Unspecified    4223    4344  (4489)    
   401 31.80 3.47 4.79           CM047425.1  55180197  55180513 (25210205) C               Kuruka     Unspecified  (4298)    4535    4223    
   234 21.62 6.72 6.72           CM047425.1  55181105  55181223 (25209495) C               Kuruka     Unspecified  (5202)    3631    3513    
   233 26.23 0.00 0.00           CM047425.1  55196349  55196409 (25194309) C               Kuruka     Unspecified  (4489)    4344    4284    
   457 35.43 3.63 3.63           CM047425.1  55234379  55234791 (25155927) C               Kuruka     Unspecified  (4674)    4159    3747    
   230 29.73 0.00 4.40           CM047425.1  55242775  55242869 (25147849) +               Kuruka     Unspecified    4284    4374  (4459)    
   316 27.72 5.71 7.25           CM047425.1  55334501  55334710 (25056008) +               Kuruka     Unspecified    4227    4433  (4400)    
   250 35.87 2.36 2.36           CM047425.1  55443445  55443741 (24946977) +               Kuruka     Unspecified    3504    3800  (5033)    
   285 27.97 3.28 3.28           CM047425.1  55444139  55444260 (24946458) +               Kuruka     Unspecified    4223    4344  (4489)    
   446 33.21 3.17 3.53           CM047425.1  55494437  55494720 (24895998) C               Kuruka     Unspecified  (4285)    4548    4266    
   422 36.43 3.40 3.40           CM047425.1  55773263  55773674 (24617044) C               Kuruka     Unspecified  (4674)    4159    3748    
   270 24.19 0.00 0.00           CM047425.1  55879447  55879508 (24511210) C               Kuruka     Unspecified  (4489)    4344    4283    
   270 24.19 0.00 0.00           CM047425.1  55880561  55880622 (24510096) C               Kuruka     Unspecified  (4489)    4344    4283    
   442 35.83 3.96 3.96           CM047425.1  55972664  55973067 (24417651) C               Kuruka     Unspecified  (4674)    4159    3756    
   242 21.62 6.72 6.72           CM047425.1  55979612  55979730 (24410988) +               Kuruka     Unspecified    3513    3631  (5202)    
   407 32.92 2.84 4.15           CM047425.1  55980322  55980638 (24410080) +               Kuruka     Unspecified    4223    4535  (4298)    
   309 28.64 4.66 4.12           CM047425.1  56008230  56008422 (24382296) +               Kuruka     Unspecified    3652    3845  (4988)    
   230 29.57 1.92 4.61           CM047425.1  56049596  56049751 (24340967) +               Kuruka     Unspecified    4223    4374  (4459)    
   316 27.69 5.08 5.49           CM047425.1  56192574  56192829 (24197889) +               Kuruka     Unspecified    4296    4550  (4283)    
   390 27.69 5.08 5.49           CM047425.1  56274314  56274569 (24116149) C               Kuruka     Unspecified  (4283)    4550    4296    
   302 30.92 3.49 3.49           CM047425.1  56331859  56332116 (24058602) +               Kuruka     Unspecified    4076    4333  (4500)    
   241 38.10 0.68 0.68           CM047425.1  56434005  56434152 (23956566) +               Kuruka     Unspecified    3493    3640  (5193)    
   339 34.06 2.12 2.48           CM047425.1  56437206  56437488 (23953230) +               Kuruka     Unspecified    4052    4333  (4500)    
   401 38.80 3.07 3.24           CM047425.1  56513470  56514087 (23876631) C               Kuruka     Unspecified  (4278)    4555    3939    
   487 32.63 5.92 5.36           CM047425.1  56638736  56639292 (23751426) +               Kuruka     Unspecified    3756    4315  (4518)    
   415 35.75 3.27 3.27           CM047425.1  56656724  56657151 (23733567) +               Kuruka     Unspecified    3732    4159  (4674)    
   368 28.10 5.08 5.49           CM047425.1  56752500  56752755 (23637963) +               Kuruka     Unspecified    4296    4550  (4283)    
   366 31.79 5.06 6.41           CM047425.1  56782325  56782640 (23608078) C               Kuruka     Unspecified  (4298)    4535    4224    
   246 34.69 1.35 0.67           CM047425.1  56799012  56799159 (23591559) C               Kuruka     Unspecified  (5127)    3706    3558    
   253 34.69 1.35 0.67           CM047425.1  57173279  57173426 (23217292) +               Kuruka     Unspecified    3558    3706  (5127)    
   820 30.92 2.45 2.77           CM047425.1  57558555  57558880 (22831838) +               Kuruka     Unspecified    4224    4548  (4285)    
   308 33.53 4.61 4.61           CM047425.1  57571914  57572282 (22818436) +               Kuruka     Unspecified    3461    3829  (5004)    
   266 25.72 4.55 4.55           CM047425.1  57572677  57572786 (22817932) +               Kuruka     Unspecified    4224    4333  (4500)    
   244 28.84 4.59 4.59           CM047425.1  57686681  57686789 (22703929) C               Kuruka     Unspecified  (4501)    4332    4224    
   415 35.52 4.77 2.57           CM047425.1  57715798  57716216 (22674502) +               Kuruka     Unspecified    3732    4159  (4674)    
   237 26.42 5.56 3.26           CM047425.1  57771038  57771127 (22619591) +               Kuruka     Unspecified    3587    3678  (5155)    
   262 34.74 0.00 0.00           CM047425.1  57857393  57857487 (22533231) +               Kuruka     Unspecified    3732    3826  (5007)    
   311 30.43 5.50 5.14           CM047425.1  57857619  57857909 (22532809) +               Kuruka     Unspecified    4024    4315  (4518)    
   337 31.24 4.73 6.07           CM047425.1  57995692  57996008 (22394710) C               Kuruka     Unspecified  (4297)    4536    4224    
   309 36.62 1.05 1.05           CM047425.1  57996388  57996674 (22394044) C               Kuruka     Unspecified  (4989)    3844    3558    
   398 31.47 3.90 3.90           CM047425.1  58013183  58013387 (22377331) C               Kuruka     Unspecified  (5157)    3676    3472    
   401 33.31 6.41 5.20           CM047425.1  58034257  58034693 (22356025) C               Kuruka     Unspecified  (4674)    4159    3718    
   274 31.74 2.59 2.06           CM047425.1  58097551  58097743 (22292975) C               Kuruka     Unspecified  (4988)    3845    3652    
   229 29.91 2.73 2.73           CM047425.1  58102836  58102945 (22287773) C               Kuruka     Unspecified  (4500)    4333    4224    
   274 31.74 2.59 2.06           CM047425.1  58220903  58221095 (22169623) C               Kuruka     Unspecified  (4988)    3845    3652    
   240 32.67 0.00 0.00           CM047425.1  58245012  58245112 (22145606) +               Kuruka     Unspecified    3594    3694  (5139)    
   433 35.61 4.21 4.21           CM047425.1  58284331  58284758 (22105960) +               Kuruka     Unspecified    3732    4159  (4674)    
   470 31.02 2.84 2.84           CM047425.1  58521526  58521807 (21868911) C               Kuruka     Unspecified  (4500)    4333    4052    
   329 26.50 3.31 3.31           CM047425.1  58732772  58732892 (21657826) C               Kuruka     Unspecified  (4489)    4344    4224    
   315 36.41 2.81 2.81           CM047425.1  58733272  58733627 (21657091) C               Kuruka     Unspecified  (4989)    3844    3489    
   425 37.93 2.87 4.57           CM047425.1  58916249  58917049 (21473669) C               Kuruka     Unspecified  (4278)    4555    3768    
   229 30.29 2.34 5.42           CM047425.1  59097440  59097610 (21293108) C               Kuruka     Unspecified  (5037)    3796    3631    
   319 32.80 5.06 6.41           CM047425.1  59126982  59127297 (21263421) +               Kuruka     Unspecified    4224    4535  (4298)    
   333 23.93 4.10 4.10           CM047425.1  59193752  59193873 (21196845) C               Kuruka     Unspecified  (4489)    4344    4223    
   269 20.72 6.72 6.72           CM047425.1  59194465  59194583 (21196135) C               Kuruka     Unspecified  (5202)    3631    3513    
   386 32.59 2.83 4.47           CM047425.1  59280923  59281240 (21109478) C               Kuruka     Unspecified  (4298)    4535    4223    
   290 31.77 2.54 2.54           CM047425.1  59474440  59474636 (20916082) +               Kuruka     Unspecified    4388    4584  (4249)    
   234 31.03 4.13 4.13           CM047425.1  59575071  59575191 (20815527) +               Kuruka     Unspecified    4224    4344  (4489)    
   246 25.67 4.24 4.24           CM047425.1  59795383  59795500 (20595218) +               Kuruka     Unspecified    4227    4344  (4489)    
   333 33.51 5.33 4.50           CM047425.1  59927782  59928156 (20462562) C               Kuruka     Unspecified  (4518)    4315    3938    
   239 30.19 2.75 2.75           CM047425.1  60471097  60471205 (19919513) C               Kuruka     Unspecified  (4501)    4332    4224    
   266 32.82 1.53 2.31           CM047425.1  60487462  60487592 (19903126) +               Kuruka     Unspecified    4362    4491  (4342)    
   270 35.52 2.36 2.36           CM047425.1  60840160  60840456 (19550262) +               Kuruka     Unspecified    3504    3800  (5033)    
   319 27.45 3.23 5.96           CM047425.1  60840880  60841034 (19549684) +               Kuruka     Unspecified    4224    4374  (4459)    
   252 28.25 0.00 2.35           CM047425.1  61010094  61010180 (19380538) C               Kuruka     Unspecified  (6340)    2493    2409    
   308 34.09 2.76 2.76           CM047425.1  61021180  61021360 (19369358) +               Kuruka     Unspecified    3496    3676  (5157)    
   353 34.91 1.85 1.85           CM047425.1  61021623  61021838 (19368880) +               Kuruka     Unspecified    3939    4154  (4679)    
   239 30.29 2.07 2.07           CM047425.1  61343900  61344044 (19046674) C               Kuruka     Unspecified  (5133)    3700    3556    
   239 30.29 2.07 2.07           CM047425.1  61353947  61354091 (19036627) C               Kuruka     Unspecified  (5133)    3700    3556    
   239 30.29 2.07 2.07           CM047425.1  61364020  61364164 (19026554) C               Kuruka     Unspecified  (5133)    3700    3556    
   228 30.83 0.00 4.40           CM047425.1  61407316  61407410 (18983308) +               Kuruka     Unspecified    4284    4374  (4459)    
   433 33.24 3.22 4.13           CM047425.1  61467705  61468046 (18922672) +               Kuruka     Unspecified    4195    4533  (4300)    
   230 29.57 1.92 4.61           CM047425.1  61480749  61480904 (18909814) C               Kuruka     Unspecified  (4459)    4374    4223    
   245 33.58 4.03 4.03           CM047425.1  61577992  61578264 (18812454) +               Kuruka     Unspecified    3558    3830  (5003)    
   274 28.84 0.88 1.79           CM047425.1  61680882  61680994 (18709724) +               Kuruka     Unspecified    3747    3858  (4975)    
   339 34.65 5.03 5.03           CM047425.1  61876145  61876542 (18514176) C               Kuruka     Unspecified  (4689)    4144    3747    
   241 27.78 3.82 3.82           CM047425.1  61924140  61924270 (18466448) C               Kuruka     Unspecified  (4479)    4354    4224    
   241 27.78 3.82 3.82           CM047425.1  61935434  61935564 (18455154) C               Kuruka     Unspecified  (4479)    4354    4224    
   366 32.47 3.47 4.79           CM047425.1  62292960  62293276 (18097442) C               Kuruka     Unspecified  (4298)    4535    4223    
   234 21.62 6.72 6.72           CM047425.1  62293868  62293986 (18096732) C               Kuruka     Unspecified  (5202)    3631    3513    
   263 29.06 3.31 3.31           CM047425.1  62675124  62675244 (17715474) C               Kuruka     Unspecified  (4489)    4344    4224    
   236 30.86 1.80 4.94           CM047425.1  62818694  62818860 (17571858) C               Kuruka     Unspecified  (4449)    4384    4223    
   249 28.78 0.00 4.26           CM047425.1  62996799  62996896 (17393822) +               Kuruka     Unspecified    4275    4368  (4465)    
   282 26.33 6.16 8.21           CM047425.1  63263054  63263264 (17127454) +               Kuruka     Unspecified    4227    4433  (4400)    
   709 36.04 2.59 2.59           CM047425.1  63579835  63580452 (16810266) +               Kuruka     Unspecified    3938    4555  (4278)    
   271 22.09 6.31 10.28           CM047425.1  63692439  63692549 (16698169) C               Kuruka     Unspecified  (4400)    4433    4327    
   343 34.23 2.84 4.15           CM047425.1  63725121  63725437 (16665281) C               Kuruka     Unspecified  (4298)    4535    4223    
   225 25.65 5.42 6.06           CM047425.1  63725982  63726147 (16664571) C               Kuruka     Unspecified  (5156)    3677    3513    
   364 26.45 3.97 3.97           CM047425.1  63851243  63851368 (16539350) +               Kuruka     Unspecified    3551    3676  (5157)    
   387 37.29 1.34 1.34           CM047425.1  63851631  63851929 (16538789) +               Kuruka     Unspecified    3939    4237  (4596)    
   242 27.81 4.19 7.41           CM047425.1  64017749  64017915 (16372803) +               Kuruka     Unspecified    4223    4384  (4449)    
   329 24.79 3.31 3.31           CM047425.1  64352373  64352493 (16038225) +               Kuruka     Unspecified    4224    4344  (4489)    
   235 34.24 3.53 4.53           CM047425.1  64550713  64551024 (15839694) C               Kuruka     Unspecified  (5037)    3796    3488    
   234 33.85 2.99 2.99           CM047425.1  64707766  64707899 (15682819) +               Kuruka     Unspecified    4224    4357  (4476)    
   233 27.37 6.16 8.21           CM047425.1  64758458  64758668 (15632050) +               Kuruka     Unspecified    4227    4433  (4400)    
   233 27.37 6.16 8.21           CM047425.1  64760047  64760257 (15630461) +               Kuruka     Unspecified    4227    4433  (4400)    
   258 34.30 3.27 3.27           CM047425.1  65098872  65099085 (15291633) +               Kuruka     Unspecified    4123    4336  (4497)    
   229 24.44 0.00 0.00           CM047425.1  65163092  65163136 (15227582) +               Kuruka     Unspecified    3651    3695  (5138)    
   228 30.05 0.00 4.44           CM047425.1  65171413  65171506 (15219212) C               Kuruka     Unspecified  (4459)    4374    4285    
   437 35.37 4.21 4.21           CM047425.1  65228102  65228529 (15162189) +               Kuruka     Unspecified    3732    4159  (4674)    
   247 32.20 2.48 2.48           CM047425.1  65500334  65500454 (14890264) C               Kuruka     Unspecified  (4489)    4344    4224    
   268 29.72 4.66 4.12           CM047425.1  65783184  65783376 (14607342) C               Kuruka     Unspecified  (4988)    3845    3652    
   385 38.58 1.27 2.58           CM047425.1  65842794  65843421 (14547297) C               Kuruka     Unspecified  (4275)    4558    3939    
   231 26.40 7.98 11.11           CM047425.1  66140091  66140303 (14250415) +               Kuruka     Unspecified    4227    4433  (4400)    
   237 36.20 2.36 2.36           CM047425.1  66171755  66172051 (14218667) +               Kuruka     Unspecified    3504    3800  (5033)    
   293 28.13 3.23 5.96           CM047425.1  66172475  66172629 (14218089) +               Kuruka     Unspecified    4224    4374  (4459)    
   263 37.12 0.75 0.75           CM047425.1  66272546  66272678 (14118040) +               Kuruka     Unspecified    3939    4071  (4762)    
   263 36.06 2.65 2.65           CM047425.1  66272917  66273067 (14117651) +               Kuruka     Unspecified    4402    4552  (4281)    
   286 26.41 3.64 3.64           CM047425.1  66333576  66333685 (14057033) C               Kuruka     Unspecified  (4500)    4333    4224    
   443 35.28 3.97 3.97           CM047425.1  66453047  66453474 (13937244) +               Kuruka     Unspecified    3732    4159  (4674)    
   239 31.67 1.64 1.64           CM047425.1  67057376  67057497 (13333221) C               Kuruka     Unspecified  (4489)    4344    4223    
   285 33.23 4.93 4.93           CM047425.1  67064072  67064416 (13326302) C               Kuruka     Unspecified  (4207)    4626    4282    
   312 27.85 0.00 0.00           CM047425.1  67716035  67716113 (12674605) C               Kuruka     Unspecified  (4388)    4445    4367    
   230 29.57 1.92 4.61           CM047425.1  68820776  68820931 (11569787) +               Kuruka     Unspecified    4223    4374  (4459)    
   329 34.57 4.53 4.53           CM047425.1  68941648  68942044 (11448674) C               Kuruka     Unspecified  (4690)    4143    3747    
   243 35.05 0.00 0.00           CM047425.1  69422590  69422686 (10968032) +               Kuruka     Unspecified    3952    4048  (4785)    
   604 35.71 3.21 3.04           CM047425.1  69592157  69592780 (10797938) C               Kuruka     Unspecified  (4276)    4557    3933    
   229 31.15 4.69 4.69           CM047425.1  69603063  69603254 (10787464) C               Kuruka     Unspecified  (4993)    3840    3649    
   496 38.07 2.73 3.11           CM047425.1  69624027  69625124 (10765594) C               Kuruka     Unspecified  (4275)    4558    3465    
   256 32.20 2.48 2.48           CM047425.1  69845214  69845334 (10545384) +               Kuruka     Unspecified    4224    4344  (4489)    
   244 28.61 5.21 7.25           CM047425.1  70147639  70147849 (10242869) C               Kuruka     Unspecified  (4400)    4433    4227    
   270 31.03 0.85 0.85           CM047425.1  70217347  70217463 (10173255) +               Kuruka     Unspecified    4216    4332  (4501)    
   289 29.41 3.55 3.55           CM047425.1  70269353  70269493 (10121225) C               Kuruka     Unspecified  (5157)    3676    3536    
   234 28.84 4.59 4.59           CM047425.1  70385496  70385604 (10005114) +               Kuruka     Unspecified    4224    4332  (4501)    
   457 35.28 3.97 3.97           CM047425.1  70874606  70875033 (9515685) +               Kuruka     Unspecified    3732    4159  (4674)    
   375 32.58 2.78 2.78           CM047425.1  70977398  70977577 (9413141) +               Kuruka     Unspecified    3497    3676  (5157)    
   398 37.29 1.34 1.34           CM047425.1  70977840  70978138 (9412580) +               Kuruka     Unspecified    3939    4237  (4596)    
   275 38.37 2.36 2.36           CM047425.1  71199388  71199726 (9190992) +               Kuruka     Unspecified    3461    3799  (5034)    
   266 22.81 0.00 0.00           CM047425.1  71201950  71202006 (9188712) +               Kuruka     Unspecified    4288    4344  (4489)    
   244 24.78 4.24 4.24           CM047425.1  71437213  71437330 (8953388) C               Kuruka     Unspecified  (4489)    4344    4227    
   250 35.90 2.56 3.56           CM047425.1  71581454  71581765 (8808953) +               Kuruka     Unspecified    3488    3796  (5037)    
   263 29.06 3.31 3.31           CM047425.1  71907272  71907392 (8483326) +               Kuruka     Unspecified    3735    3855  (4978)    
   798 35.80 2.45 2.79           CM047425.1  71907476  71908087 (8482631) +               Kuruka     Unspecified    3939    4548  (4285)    
   901 35.61 3.11 3.21           CM047425.1  72057294  72058259 (8332459) C               Kuruka     Unspecified  (4279)    4554    3590    
   233 27.13 3.27 6.04           CM047425.1  72202005  72202157 (8188561) +               Kuruka     Unspecified    4227    4375  (4458)    
   226 30.22 4.79 4.79           CM047425.1  72689705  72689850 (7700868) C               Kuruka     Unspecified  (4490)    4343    4198    
   398 37.29 1.34 1.34           CM047425.1  73010853  73011151 (7379567) C               Kuruka     Unspecified  (4596)    4237    3939    
   407 31.82 2.76 2.76           CM047425.1  73011414  73011594 (7379124) C               Kuruka     Unspecified  (5157)    3676    3496    
   260 29.94 4.59 4.59           CM047425.1  73146531  73146726 (7243992) C               Kuruka     Unspecified  (4247)    4586    4391    
   259 30.23 1.80 4.94           CM047425.1  73298163  73298329 (7092389) C               Kuruka     Unspecified  (4449)    4384    4223    
   345 39.13 0.72 0.72           CM047425.1  73587691  73587968 (6802750) C               Kuruka     Unspecified  (4590)    4243    3966    
   326 30.83 2.21 2.21           CM047425.1  74088189  74088324 (6302394) C               Kuruka     Unspecified  (4674)    4159    4024    
   381 36.52 2.01 2.01           CM047425.1  74433852  74434150 (5956568) C               Kuruka     Unspecified  (4596)    4237    3939    
   381 36.52 2.01 2.01           CM047425.1  74434474  74434772 (5955946) C               Kuruka     Unspecified  (4596)    4237    3939    
   384 34.00 2.44 2.44           CM047425.1  74435035  74435239 (5955479) C               Kuruka     Unspecified  (5157)    3676    3472    
   457 35.52 3.97 3.97           CM047425.1  74527484  74527911 (5862807) +               Kuruka     Unspecified    3732    4159  (4674)    
   248 28.23 2.34 3.15           CM047425.1  74539254  74539381 (5851337) +               Kuruka     Unspecified    4285    4411  (4422)    
   352 30.17 5.14 5.14           CM047425.1  74545453  74545763 (5844955) C               Kuruka     Unspecified  (4300)    4533    4223    
   237 32.94 1.16 1.16           CM047425.1  74546262  74546433 (5844285) C               Kuruka     Unspecified  (5106)    3727    3556    
   228 33.22 3.92 5.58           CM047425.1  74633590  74633844 (5756874) C               Kuruka     Unspecified  (4300)    4533    4283    
   365 35.68 3.75 3.50           CM047425.1  74797421  74797847 (5592871) +               Kuruka     Unspecified    3732    4159  (4674)    
   242 34.74 0.00 0.00           CM047425.1  75336022  75336116 (5054602) +               Kuruka     Unspecified    3732    3826  (5007)    
   322 35.82 1.83 1.83           CM047425.1  75336227  75336445 (5054273) +               Kuruka     Unspecified    3938    4156  (4677)    
   416 34.76 3.86 3.86           CM047425.1  75380347  75380735 (5009983) +               Kuruka     Unspecified    3756    4144  (4689)    
   429 36.25 3.97 3.97           CM047425.1  75430484  75430911 (4959807) C               Kuruka     Unspecified  (4674)    4159    3732    
   272 38.29 0.00 1.71           CM047425.1  75466254  75466431 (4924287) +               Kuruka     Unspecified    3653    3827  (5006)    
   298 36.86 2.65 2.65           CM047425.1  75495740  75496079 (4894639) +               Kuruka     Unspecified    3461    3800  (5033)    
   301 28.85 1.74 3.54           CM047425.1  75496543  75496657 (4894061) +               Kuruka     Unspecified    4262    4374  (4459)    
   271 36.36 2.35 1.87           CM047425.1  75723745  75723957 (4666761) +               Kuruka     Unspecified    3941    4154  (4679)    
   301 28.62 2.58 5.30           CM047425.1  75810803  75810957 (4579761) +               Kuruka     Unspecified    4224    4374  (4459)    
   251 30.86 1.80 4.94           CM047425.1  75907795  75907961 (4482757) +               Kuruka     Unspecified    4223    4384  (4449)    
   236 35.01 2.88 3.88           CM047425.1  76064208  76064519 (4326199) C               Kuruka     Unspecified  (5037)    3796    3488    
   238 34.24 3.53 4.53           CM047425.1  76136252  76136563 (4254155) +               Kuruka     Unspecified    3488    3796  (5037)    
   299 22.94 4.39 4.39           CM047425.1  76255082  76255195 (4135523) +               Kuruka     Unspecified    4223    4336  (4497)    
   261 26.34 6.14 3.42           CM047425.1  76376205  76376318 (4014400) C               Kuruka     Unspecified  (4489)    4344    4228    
   238 27.30 2.61 4.42           CM047425.1  76417796  76417910 (3972808) C               Kuruka     Unspecified  (4452)    4381    4269    
   315 30.27 4.83 5.85           CM047425.1  76448968  76449174 (3941544) +               Kuruka     Unspecified    3472    3676  (5157)    
   395 37.29 1.34 1.34           CM047425.1  76449436  76449734 (3940984) +               Kuruka     Unspecified    3939    4237  (4596)    
   229 29.91 2.73 2.73           CM047425.1  76475587  76475696 (3915022) +               Kuruka     Unspecified    4224    4333  (4500)    
   310 36.31 2.44 1.94           CM047425.1  76589309  76589513 (3801205) C               Kuruka     Unspecified  (4689)    4144    3939    
   373 33.17 2.93 2.93           CM047425.1  76589777  76589981 (3800737) C               Kuruka     Unspecified  (5157)    3676    3472    
   399 37.29 1.34 1.34           CM047425.1  76595868  76596166 (3794552) C               Kuruka     Unspecified  (4596)    4237    3939    
   400 32.00 2.78 2.78           CM047425.1  76596429  76596608 (3794110) C               Kuruka     Unspecified  (5157)    3676    3497    
   271 28.22 1.92 4.61           CM047425.1  76667675  76667830 (3722888) +               Kuruka     Unspecified    4223    4374  (4459)    
   398 36.18 3.63 3.63           CM047425.1  76714415  76714827 (3675891) +               Kuruka     Unspecified    3747    4159  (4674)    
   329 38.09 1.68 1.34           CM047425.1  76820140  76820437 (3570281) C               Kuruka     Unspecified  (4596)    4237    3939    
   408 33.50 2.44 2.44           CM047425.1  76820700  76820904 (3569814) C               Kuruka     Unspecified  (5157)    3676    3472    
   255 29.58 3.40 3.40           CM047425.1  77078075  77078221 (3312497) C               Kuruka     Unspecified  (4489)    4344    4198    
   251 34.68 2.88 3.88           CM047425.1  77094136  77094447 (3296271) C               Kuruka     Unspecified  (5037)    3796    3488    
   343 23.93 3.31 3.31           CM047425.1  77188302  77188422 (3202296) C               Kuruka     Unspecified  (4489)    4344    4224    
   444 35.14 4.21 4.21           CM047425.1  77511158  77511561 (2879157) C               Kuruka     Unspecified  (4674)    4159    3756    
   319 29.84 4.02 4.02           CM047425.1  77547730  77547928 (2842790) +               Kuruka     Unspecified    3652    3850  (4983)    
   422 35.95 4.16 4.67           CM047425.1  77865568  77866384 (2524334) C               Kuruka     Unspecified  (4289)    4544    3732    
   407 33.50 2.44 2.44           CM047425.1  78112724  78112928 (2277790) +               Kuruka     Unspecified    3472    3676  (5157)    
   382 37.62 1.34 1.34           CM047425.1  78113191  78113489 (2277229) +               Kuruka     Unspecified    3939    4237  (4596)    
   485 35.65 2.20 2.20           CM047425.1  78135277  78135775 (2254943) +               Kuruka     Unspecified    3946    4444  (4389)    
   235 30.55 4.42 4.42           CM047425.1  78388592  78388704 (2002014) C               Kuruka     Unspecified  (4497)    4336    4224    
   257 28.97 4.46 4.46           CM047425.1  78647045  78647156 (1743562) C               Kuruka     Unspecified  (4498)    4335    4224    
   620 35.37 3.21 3.04           CM047425.1  78706925  78707548 (1683170) C               Kuruka     Unspecified  (4276)    4557    3933    
   297 27.22 5.69 7.73           CM047425.1  79014430  79014640 (1376078) C               Kuruka     Unspecified  (4400)    4433    4227    
   225 30.43 2.58 4.61           CM047425.1  79405385  79405539 (985179) +               Kuruka     Unspecified    3645    3796  (5037)    
   382 35.79 3.90 3.90           CM047425.1  79461208  79461617 (929101) +               Kuruka     Unspecified    3747    4156  (4677)    
   411 33.50 2.44 2.44           CM047425.1  79512553  79512757 (877961) C               Kuruka     Unspecified  (5157)    3676    3472    
   249 28.61 5.21 7.25           CM047425.1  79704908  79705118 (685600) C               Kuruka     Unspecified  (4400)    4433    4227    
   324 36.32 1.85 1.85           CM047425.1  79774619  79774834 (615884) C               Kuruka     Unspecified  (4679)    4154    3939    
   363 33.14 2.78 2.78           CM047425.1  79775097  79775276 (615442) C               Kuruka     Unspecified  (5157)    3676    3497    
   363 38.27 1.19 0.71           CM047425.1  79814789  79815209 (575509) C               Kuruka     Unspecified  (4472)    4361    3939    
   407 33.50 2.44 2.44           CM047425.1  80000017  80000221 (390497) +               Kuruka     Unspecified    3472    3676  (5157)    
   398 37.29 1.34 1.34           CM047425.1  80000484  80000782 (389936) +               Kuruka     Unspecified    3939    4237  (4596)    
   251 30.86 1.80 4.94           CM047425.1  80163198  80163364 (227354) +               Kuruka     Unspecified    4223    4384  (4449)    
   416 31.64 2.75 2.75           CM047425.1  80223770  80223951 (166767) +               Kuruka     Unspecified    3495    3676  (5157)    
   357 33.34 2.78 2.78           CM047425.1  80224214  80224429 (166289) +               Kuruka     Unspecified    3939    4154  (4679)    
   436 35.68 3.74 3.74           CM047425.1  80329072  80329499  (61219) +               Kuruka     Unspecified    3732    4159  (4674)    
