  1743 34.82 1.92 2.01           OY292353.1   2019103   2020245 (17435225) C               Kuruka     Unspecified  (4190)    4643    3502    
   852 37.81 2.46 2.55           OY292353.1   2359208   2360306 (17095164) C               Kuruka     Unspecified  (4247)    4586    3489    
  1543 35.91 2.67 2.99           OY292353.1   3525818   3527126 (15928344) +               Kuruka     Unspecified    3456    4760  (4073)    
   248 16.08 1.72 3.51           OY292353.1   3527805   3527862 (15927608) +               Kuruka     Unspecified    5446    5502  (3331)    
   884 37.56 2.27 2.37           OY292353.1   5064863   5065961 (14389509) C               Kuruka     Unspecified  (4247)    4586    3489    
   248 29.43 1.15 2.33           OY292353.1   7086015   7086101 (12369369) +               Kuruka     Unspecified    4062    4147  (4686)    
  1571 35.83 2.67 2.99           OY292353.1   7651743   7653051 (11802419) +               Kuruka     Unspecified    3456    4760  (4073)    
   248 16.08 1.72 3.51           OY292353.1   7653730   7653787 (11801683) +               Kuruka     Unspecified    5446    5502  (3331)    
  1450 36.91 2.29 2.22           OY292353.1   8911175   8912482 (10542988) C               Kuruka     Unspecified  (4073)    4760    3452    
  1984 33.63 2.70 2.79           OY292353.1   9405442   9406625 (10048845) C               Kuruka     Unspecified  (4163)    4670    3488    
  1096 35.40 3.07 4.40           OY292353.1  10909681  10910853 (8544617) +               Kuruka     Unspecified    3495    4652  (4181)    
  1689 34.47 3.42 2.99           OY292353.1  11318994  11320192 (8135278) C               Kuruka     Unspecified  (4165)    4668    3465    
   905 37.43 2.18 2.28           OY292353.1  14149163  14150261 (5305209) +               Kuruka     Unspecified    3489    4586  (4247)    
   874 37.93 2.27 2.37           OY292353.1  14709031  14710129 (4745341) C               Kuruka     Unspecified  (4247)    4586    3489    
  1946 33.27 1.48 1.57           OY292354.1    207403    208486 (13216877) +               Kuruka     Unspecified    3529    4611  (4222)    
   898 37.77 2.09 2.19           OY292354.1   1631458   1632556 (11792807) +               Kuruka     Unspecified    3489    4586  (4247)    
   905 37.43 2.18 2.28           OY292354.1   1931052   1932150 (11493213) C               Kuruka     Unspecified  (4247)    4586    3489    
   422 30.24 3.35 3.93           OY292354.1   8803622   8803800 (4621563) +               Kuruka     Unspecified    4269    4446  (4387)    
  1580 34.59 3.50 3.07           OY292354.1  13209456  13210654 (214709) C               Kuruka     Unspecified  (4165)    4668    3465    
   915 37.16 2.46 2.55           OY292355.1    164646    165744 (13014218) +               Kuruka     Unspecified    3489    4586  (4247)    
  2008 33.91 2.53 2.62           OY292355.1   4674763   4675946 (8504016) C               Kuruka     Unspecified  (4163)    4670    3488    
  1116 31.75 6.96 3.50           OY292355.1   5385295   5386012 (7793950) +               Kuruka     Unspecified    3929    4670  (4163)    
   960 37.16 2.18 2.28           OY292355.1   5592726   5593824 (7586138) +               Kuruka     Unspecified    3489    4586  (4247)    
   301 32.57 5.68 6.14           OY292355.1  10994498  10994726 (2185236) +               Kuruka     Unspecified    4282    4509  (4324)    
  2027 34.06 2.06 2.15           OY292356.1    163598    164809 (12809908) C               Kuruka     Unspecified  (4161)    4672    3462    
   236 21.28 0.00 0.00           OY292356.1   4965155   4965201 (8009516) +               Kuruka     Unspecified    3954    4000  (4833)    
   301 32.57 5.68 6.14           OY292356.1   4965483   4965711 (8009006) +               Kuruka     Unspecified    4282    4509  (4324)    
   916 37.34 2.18 2.28           OY292356.1   5272517   5273615 (7701102) C               Kuruka     Unspecified  (4247)    4586    3489    
   245 34.19 2.52 2.52           OY292356.1   6085226   6085384 (6889333) +               Kuruka     Unspecified    3581    3739  (5094)    
   301 32.57 5.68 6.14           OY292356.1   9211483   9211711 (3763006) C               Kuruka     Unspecified  (4324)    4509    4282    
   236 21.28 0.00 0.00           OY292356.1   9211993   9212039 (3762678) C               Kuruka     Unspecified  (4833)    4000    3954    
  2209 33.29 2.15 2.48           OY292356.1  11654508  11655761 (1318956) +               Kuruka     Unspecified    3511    4760  (4073)    
  1536 35.99 2.67 2.99           OY292357.1   2004802   2006110 (10738720) +               Kuruka     Unspecified    3456    4760  (4073)    
   248 16.08 1.72 3.51           OY292357.1   2006789   2006846 (10737984) +               Kuruka     Unspecified    5446    5502  (3331)    
  2054 33.85 2.36 2.45           OY292357.1   2623009   2624192 (10120638) C               Kuruka     Unspecified  (4163)    4670    3488    
  2045 35.11 2.08 2.15           OY292357.1   5496762   5498155 (7246675) +               Kuruka     Unspecified    3462    4854  (3979)    
   229 35.71 0.71 0.71           OY292358.1    561397    561537 (12113517) +               Kuruka     Unspecified    3585    3725  (5108)    
  2178 33.67 3.22 3.45           OY292358.1   2280253   2281587 (10393467) +               Kuruka     Unspecified    3444    4775  (4058)    
  1644 34.73 3.42 2.99           OY292358.1   5866612   5867810 (6807244) C               Kuruka     Unspecified  (4165)    4668    3465    
  2131 33.73 3.33 3.40           OY292358.1  10105188  10106599 (2568455) +               Kuruka     Unspecified    3444    4854  (3979)    
  2032 34.98 2.30 2.37           OY292359.1    940492    941885 (11623285) +               Kuruka     Unspecified    3462    4854  (3979)    
   274 32.79 2.40 2.40           OY292359.1   2543618   2543742 (10021428) +               Kuruka     Unspecified    4230    4354  (4479)    
   318 29.75 3.20 3.20           OY292359.1   3784104   3784228 (8780942) +               Kuruka     Unspecified    4230    4354  (4479)    
   838 37.32 2.37 2.46           OY292359.1   3981832   3982930 (8582240) +               Kuruka     Unspecified    3489    4586  (4247)    
   823 37.44 2.46 2.55           OY292359.1   7950756   7951854 (4613316) +               Kuruka     Unspecified    3489    4586  (4247)    
  1622 34.49 3.39 3.74           OY292359.1  10116432  10117639 (2447531) C               Kuruka     Unspecified  (4165)    4668    3465    
  1313 33.71 3.92 3.49           OY292360.1    177156    178354 (12380272) +               Kuruka     Unspecified    3465    4668  (4165)    
  1666 33.63 2.58 2.67           OY292360.1    185131    186291 (12372335) C               Kuruka     Unspecified  (4163)    4670    3511    
  1677 34.56 3.42 2.99           OY292360.1    818527    819725 (11738901) C               Kuruka     Unspecified  (4165)    4668    3465    
  1658 34.65 3.42 2.99           OY292360.1   4405780   4406978 (8151648) C               Kuruka     Unspecified  (4165)    4668    3465    
   397 33.11 5.83 6.17           OY292360.1   8830687   8830995 (3727631) C               Kuruka     Unspecified  (4297)    4536    4229    
  1689 34.47 3.42 2.99           OY292360.1  10016787  10017985 (2540641) +               Kuruka     Unspecified    3465    4668  (4165)    
  2014 35.30 2.15 2.23           OY292360.1  10687384  10688777 (1869849) C               Kuruka     Unspecified  (3979)    4854    3462    
   456 29.84 5.73 6.07           OY292360.1  12023214  12023527 (535099) +               Kuruka     Unspecified    4223    4535  (4298)    
   229 35.71 0.71 0.71           OY292361.1    176871    177011 (12012842) +               Kuruka     Unspecified    3585    3725  (5108)    
   923 37.34 2.18 2.28           OY292361.1   2761723   2762821 (9427032) C               Kuruka     Unspecified  (4247)    4586    3489    
  1931 35.58 2.15 2.23           OY292361.1   3638172   3639565 (8550288) C               Kuruka     Unspecified  (3979)    4854    3462    
   318 29.75 3.20 3.20           OY292361.1   8598498   8598622 (3591231) +               Kuruka     Unspecified    4230    4354  (4479)    
   315 32.43 4.76 5.22           OY292362.1   1190871   1191101 (10942407) +               Kuruka     Unspecified    4306    4535  (4298)    
   397 33.11 5.83 6.17           OY292362.1   2754042   2754350 (9379158) +               Kuruka     Unspecified    4229    4536  (4297)    
  1950 35.13 2.51 2.58           OY292362.1   2805320   2806713 (9326795) C               Kuruka     Unspecified  (3979)    4854    3462    
   898 37.43 2.18 2.28           OY292362.1   5536147   5537245 (6596263) C               Kuruka     Unspecified  (4247)    4586    3489    
   315 29.75 3.20 3.20           OY292362.1   6887598   6887722 (5245786) C               Kuruka     Unspecified  (4479)    4354    4230    
   912 37.34 2.18 2.28           OY292362.1   9213692   9214790 (2918718) C               Kuruka     Unspecified  (4247)    4586    3489    
   269 27.64 5.44 4.03           OY292362.1   9255917   9256063 (2877445) C               Kuruka     Unspecified  (4489)    4344    4196    
   231 25.00 2.56 2.56           OY292362.1   9256534   9256611 (2876897) C               Kuruka     Unspecified  (5106)    3727    3650    
  2127 34.44 2.55 2.78           OY292362.1  10828195  10829529 (1303979) C               Kuruka     Unspecified  (4058)    4775    3444    
   230 36.03 1.85 2.33           OY292363.1    634529    634744 (11286675) C               Kuruka     Unspecified  (4313)    4520    4306    
   862 37.65 2.27 2.37           OY292363.1   1880525   1881623 (10039796) C               Kuruka     Unspecified  (4247)    4586    3489    
   502 30.50 3.52 3.92           OY292363.1   2704953   2705208 (9216211) +               Kuruka     Unspecified    4282    4536  (4297)    
   318 29.75 3.20 3.20           OY292363.1   3421919   3422043 (8499376) C               Kuruka     Unspecified  (4479)    4354    4230    
   229 35.71 0.71 0.71           OY292363.1   4758453   4758593 (7162826) +               Kuruka     Unspecified    3585    3725  (5108)    
   233 9.68 0.00 0.00           OY292363.1   7153338   7153368 (4768051) +               Kuruka     Unspecified    5727    5757  (3076)    
   921 37.34 2.18 2.28           OY292363.1   8786116   8787214 (3134205) +               Kuruka     Unspecified    3489    4586  (4247)    
  2279 33.27 1.48 1.57           OY292363.1  10566587  10567670 (1353749) +               Kuruka     Unspecified    3529    4611  (4222)    
   523 30.60 0.54 0.54           OY292364.1   1103629   1103812 (10734458) C               Kuruka     Unspecified  (5139)    3694    3511    
  2008 33.91 2.53 2.62           OY292364.1   4222986   4224169 (7614101) C               Kuruka     Unspecified  (4163)    4670    3488    
  2332 32.84 1.57 1.66           OY292364.1   4411214   4412297 (7425973) +               Kuruka     Unspecified    3529    4611  (4222)    
  2154 33.90 3.40 3.47           OY292364.1   5428266   5429677 (6408593) C               Kuruka     Unspecified  (3979)    4854    3444    
  2293 32.93 1.57 1.66           OY292364.1   9089935   9091018 (2747252) C               Kuruka     Unspecified  (4222)    4611    3529    
   318 29.75 3.20 3.20           OY292364.1   9320722   9320846 (2517424) C               Kuruka     Unspecified  (4479)    4354    4230    
  2039 34.40 2.94 3.02           OY292365.1   1985194   1986587 (9504079) +               Kuruka     Unspecified    3462    4854  (3979)    
  2208 33.36 2.63 2.63           OY292365.1   4881365   4882657 (6608009) C               Kuruka     Unspecified  (4052)    4781    3489    
  2208 33.36 2.63 2.63           OY292365.1   4888545   4889837 (6600829) C               Kuruka     Unspecified  (4052)    4781    3489    
  2079 33.90 3.40 3.47           OY292365.1   8660552   8661963 (2828703) +               Kuruka     Unspecified    3444    4854  (3979)    
  2238 32.87 2.39 2.72           OY292365.1  11435457  11436710  (53956) +               Kuruka     Unspecified    3511    4760  (4073)    
  2190 33.24 3.52 3.75           OY292366.1    341761    343095 (11083946) +               Kuruka     Unspecified    3444    4775  (4058)    
   905 37.43 2.18 2.28           OY292366.1   5952591   5953689 (5473352) C               Kuruka     Unspecified  (4247)    4586    3489    
  2162 33.96 3.15 3.38           OY292366.1   7172375   7173709 (4253332) C               Kuruka     Unspecified  (4058)    4775    3444    
  2162 33.96 3.15 3.38           OY292366.1   7179576   7180910 (4246131) C               Kuruka     Unspecified  (4058)    4775    3444    
  2154 33.90 3.40 3.47           OY292366.1   7186700   7188111 (4238930) C               Kuruka     Unspecified  (3979)    4854    3444    
   228 37.62 3.87 3.35           OY292366.1   7815555   7816148 (3610893) C               Kuruka     Unspecified  (4656)    4177    3581    
   899 37.47 2.27 2.37           OY292366.1   8199517   8200615 (3226426) +               Kuruka     Unspecified    3489    4586  (4247)    
   285 32.06 1.50 1.50           OY292366.1   8534021   8534153 (2892888) C               Kuruka     Unspecified  (4479)    4354    4222    
   229 35.71 0.71 0.71           OY292366.1   9782552   9782692 (1644349) +               Kuruka     Unspecified    3585    3725  (5108)    
  1946 33.27 1.48 1.57           OY292366.1  10464113  10465196 (961845) C               Kuruka     Unspecified  (4222)    4611    3529    
  1038 34.88 4.12 4.84           OY292366.1  11322682  11323847 (103194) +               Kuruka     Unspecified    3495    4652  (4181)    
  2145 33.70 3.47 3.54           OY292367.1    492338    493749 (10894273) C               Kuruka     Unspecified  (3979)    4854    3444    
   365 32.53 6.15 6.49           OY292367.1    872534    872842 (10515180) +               Kuruka     Unspecified    4229    4536  (4297)    
  2281 33.02 1.57 1.66           OY292367.1   1091127   1092210 (10295812) C               Kuruka     Unspecified  (4222)    4611    3529    
  2326 33.04 2.15 2.48           OY292367.1   6895930   6897183 (4490839) +               Kuruka     Unspecified    3511    4760  (4073)    
   945 37.25 2.18 2.28           OY292368.1   3567733   3568831 (7492888) +               Kuruka     Unspecified    3489    4586  (4247)    
  1630 33.79 3.92 3.49           OY292368.1   7823118   7824316 (3237403) C               Kuruka     Unspecified  (4165)    4668    3465    
   263 35.37 1.60 3.26           OY292368.1  10468659  10468845 (592874) +               Kuruka     Unspecified    4194    4377  (4456)    
  2201 33.56 3.47 3.54           OY292369.1   1199096   1200507 (9700182) +               Kuruka     Unspecified    3444    4854  (3979)    
   248 16.08 1.72 3.51           OY292369.1   5127407   5127464 (5773225) C               Kuruka     Unspecified  (3331)    5502    5446    
  1539 35.91 2.67 2.99           OY292369.1   5128143   5129451 (5771238) C               Kuruka     Unspecified  (4073)    4760    3456    
   329 32.30 6.06 0.57           OY292369.1   5982401   5982565 (4918124) C               Kuruka     Unspecified  (4387)    4446    4273    
   263 35.37 1.60 3.26           OY292369.1   7732699   7732885 (3167804) C               Kuruka     Unspecified  (4456)    4377    4194    
   881 37.56 2.27 2.37           OY292369.1   9313118   9314216 (1586473) C               Kuruka     Unspecified  (4247)    4586    3489    
  1594 35.81 2.05 2.21           OY292370.1     78114     79381 (10604505) C               Kuruka     Unspecified  (4073)    4760    3495    
   328 32.10 5.68 6.14           OY292370.1    410757    410985 (10272901) C               Kuruka     Unspecified  (4324)    4509    4282    
   234 21.28 0.00 0.00           OY292370.1    411267    411313 (10272573) C               Kuruka     Unspecified  (4833)    4000    3954    
  1099 35.61 2.90 4.23           OY292370.1   3663083   3664255 (7019631) C               Kuruka     Unspecified  (4181)    4652    3495    
   274 32.79 2.40 2.40           OY292370.1   5891338   5891462 (4792424) +               Kuruka     Unspecified    4230    4354  (4479)    
   481 33.33 2.39 2.74           OY292370.1   7332768   7333060 (3350826) +               Kuruka     Unspecified    4230    4521  (4312)    
  2278 33.02 1.57 1.66           OY292370.1   8692358   8693441 (1990445) +               Kuruka     Unspecified    3529    4611  (4222)    
   318 29.75 3.20 3.20           OY292370.1   8773325   8773449 (1910437) C               Kuruka     Unspecified  (4479)    4354    4230    
  2154 33.74 3.22 3.45           OY292371.1   1288511   1289845 (9332929) +               Kuruka     Unspecified    3444    4775  (4058)    
   232 35.39 3.45 3.96           OY292371.1   5371357   5371559 (5251215) C               Kuruka     Unspecified  (4324)    4509    4308    
  1647 34.65 3.42 2.99           OY292371.1   6081072   6082270 (4540504) +               Kuruka     Unspecified    3465    4668  (4165)    
   322 33.53 2.29 2.87           OY292372.1    422362    422536 (9901593) C               Kuruka     Unspecified  (4387)    4446    4273    
   230 35.39 3.45 3.96           OY292372.1   1179406   1179608 (9144521) +               Kuruka     Unspecified    4308    4509  (4324)    
   869 37.71 2.18 2.28           OY292372.1   5928195   5929293 (4394836) +               Kuruka     Unspecified    3489    4586  (4247)    
   805 37.59 2.37 2.46           OY292372.1   7765638   7766736 (2557393) C               Kuruka     Unspecified  (4247)    4586    3489    
  1035 35.86 2.64 3.97           OY292373.1    374607    375779 (9679383) +               Kuruka     Unspecified    3495    4652  (4181)    
   302 32.57 5.68 6.14           OY292373.1   3450308   3450536 (6604626) +               Kuruka     Unspecified    4282    4509  (4324)    
   229 35.71 0.71 0.71           OY292373.1   7334768   7334908 (2720254) C               Kuruka     Unspecified  (5108)    3725    3585    
   886 37.59 2.37 2.46           OY292373.1   9822732   9823830 (231332) +               Kuruka     Unspecified    3489    4586  (4247)    
   236 21.28 0.00 0.00           OY292374.1   1048918   1048964 (8859438) +               Kuruka     Unspecified    3954    4000  (4833)    
   303 32.27 4.80 5.26           OY292374.1   1049245   1049473 (8858929) +               Kuruka     Unspecified    4282    4509  (4324)    
   910 37.34 2.18 2.28           OY292374.1   2063196   2064294 (7844108) C               Kuruka     Unspecified  (4247)    4586    3489    
  1644 34.73 3.42 2.99           OY292374.1   2743735   2744933 (7163469) C               Kuruka     Unspecified  (4165)    4668    3465    
   232 35.39 3.45 3.96           OY292374.1   3650717   3650919 (6257483) +               Kuruka     Unspecified    4308    4509  (4324)    
   842 37.80 2.18 2.28           OY292374.1   7116518   7117616 (2790786) C               Kuruka     Unspecified  (4247)    4586    3489    
   376 32.42 5.83 6.17           OY292374.1   9819736   9820044  (88358) +               Kuruka     Unspecified    4229    4536  (4297)    
  2186 33.56 3.47 3.54           OY292375.1    190532    191943 (8771784) C               Kuruka     Unspecified  (3979)    4854    3444    
   866 37.68 2.09 2.19           OY292375.1    925192    926290 (8037437) +               Kuruka     Unspecified    3489    4586  (4247)    
   502 30.50 3.52 3.92           OY292375.1   4788975   4789230 (4174497) C               Kuruka     Unspecified  (4297)    4536    4282    
  2255 32.93 1.57 1.66           OY292375.1   7095126   7096209 (1867518) C               Kuruka     Unspecified  (4222)    4611    3529    
   231 35.27 3.54 4.06           OY292376.1   1684925   1685122 (7020582) +               Kuruka     Unspecified    4313    4509  (4324)    
   805 36.41 1.90 2.42           OY292376.1   4609265   4610052 (4095652) C               Kuruka     Unspecified  (4111)    4722    3939    
   322 36.30 0.77 0.77           OY292376.1   4614851   4615111 (4090593) C               Kuruka     Unspecified  (5114)    3719    3459    
   872 37.68 2.09 2.19           OY292376.1   4738976   4740074 (3965630) +               Kuruka     Unspecified    3489    4586  (4247)    
  2006 34.47 2.94 3.02           OY292376.1   6069459   6070852 (2634852) C               Kuruka     Unspecified  (3979)    4854    3462    
  1026 37.64 2.70 2.29           OY292376.1   6386847   6388105 (2317599) +               Kuruka     Unspecified    3459    4722  (4111)    
   285 32.06 1.50 1.50           OY292376.1   7797117   7797249 (908455) +               Kuruka     Unspecified    4222    4354  (4479)    
  1682 34.56 3.42 2.99           OY292377.1    281267    282465 (8188535) C               Kuruka     Unspecified  (4165)    4668    3465    
  1676 34.56 3.42 2.99           OY292377.1   3368304   3369502 (5101498) C               Kuruka     Unspecified  (4165)    4668    3465    
   232 35.39 3.45 3.96           OY292377.1   3964376   3964578 (4506422) C               Kuruka     Unspecified  (4324)    4509    4308    
   852 37.91 2.46 2.55           OY292377.1   6185005   6186103 (2284897) +               Kuruka     Unspecified    3489    4586  (4247)    
   236 21.28 0.00 0.00           OY292377.1   6201365   6201411 (2269589) +               Kuruka     Unspecified    3954    4000  (4833)    
   301 32.57 5.68 6.14           OY292377.1   6201693   6201921 (2269079) +               Kuruka     Unspecified    4282    4509  (4324)    
   297 29.27 0.00 0.00           OY292377.1   6847197   6847278 (1623722) C               Kuruka     Unspecified  (4479)    4354    4273    
   424 30.24 3.35 3.93           OY292378.1    601765    601943 (7636866) +               Kuruka     Unspecified    4269    4446  (4387)    
  2274 33.02 1.57 1.66           OY292378.1   7077984   7079067 (1159742) C               Kuruka     Unspecified  (4222)    4611    3529    
  1586 34.05 3.92 3.49           OY292378.1   7631723   7632921 (605888) +               Kuruka     Unspecified    3465    4668  (4165)    
   263 35.37 1.60 3.26           OY292378.1   7940819   7941005 (297804) C               Kuruka     Unspecified  (4456)    4377    4194    
   267 32.79 2.40 2.40           OY292379.1     78959     79083 (8017928) +               Kuruka     Unspecified    4230    4354  (4479)    
  2321 32.93 1.57 1.66           OY292379.1   2118547   2119630 (5977381) +               Kuruka     Unspecified    3529    4611  (4222)    
   882 37.46 2.28 2.28           OY292379.1   2355812   2356909 (5740102) C               Kuruka     Unspecified  (4247)    4586    3489    
   481 33.33 2.39 2.74           OY292379.1   3557161   3557453 (4539558) C               Kuruka     Unspecified  (4312)    4521    4230    
   384 33.68 2.39 2.74           OY292379.1   3601262   3601554 (4495457) +               Kuruka     Unspecified    4230    4521  (4312)    
  2112 33.52 2.63 2.63           OY292379.1   6612507   6613799 (1483212) C               Kuruka     Unspecified  (4052)    4781    3489    
   327 33.53 2.29 2.87           OY292380.1   1316944   1317118 (5522607) +               Kuruka     Unspecified    4273    4446  (4387)    
  2268 32.93 1.57 1.66           OY292380.1   1594462   1595545 (5244180) +               Kuruka     Unspecified    3529    4611  (4222)    
   607 32.11 0.90 1.36           OY292380.1   3373854   3374074 (3465651) +               Kuruka     Unspecified    4227    4446  (4387)    
   904 37.62 2.18 2.28           OY292380.1   3429367   3430465 (3409260) C               Kuruka     Unspecified  (4247)    4586    3489    
   499 30.50 3.52 3.92           OY292380.1   3782263   3782518 (3057207) C               Kuruka     Unspecified  (4297)    4536    4282    
   397 33.11 5.83 6.17           OY292380.1   4395096   4395404 (2444321) +               Kuruka     Unspecified    4229    4536  (4297)    
   456 29.84 5.73 6.07           OY292380.1   4562294   4562607 (2277118) C               Kuruka     Unspecified  (4298)    4535    4223    
   400 33.33 2.39 2.74           OY292380.1   6172056   6172348 (667377) C               Kuruka     Unspecified  (4312)    4521    4230    
   684 34.67 1.77 1.97           OY292380.1   6218572   6219080 (620645) +               Kuruka     Unspecified    3939    4446  (4387)    
  1570 34.13 3.92 3.49           OY292381.1    888044    889242 (5830408) +               Kuruka     Unspecified    3465    4668  (4165)    
  1944 33.88 2.97 2.62           OY292381.1   2622898   2624076 (4095574) +               Kuruka     Unspecified    3488    4670  (4163)    
   270 26.39 0.00 0.00           OY292381.1   4920524   4920595 (1799055) +               Kuruka     Unspecified    4283    4354  (4479)    
   301 32.57 5.68 6.14           OY292381.1   5193152   5193380 (1526270) C               Kuruka     Unspecified  (4324)    4509    4282    
   236 21.28 0.00 0.00           OY292381.1   5193662   5193708 (1525942) C               Kuruka     Unspecified  (4833)    4000    3954    
   232 35.39 3.45 3.96           OY292381.1   5566382   5566584 (1153066) +               Kuruka     Unspecified    4308    4509  (4324)    
   245 32.85 2.78 2.78           OY292382.1    616521    616664 (5872618) +               Kuruka     Unspecified    3581    3724  (5109)    
   240 32.85 2.78 2.78           OY292382.1    669701    669844 (5819438) +               Kuruka     Unspecified    3581    3724  (5109)    
   315 29.75 3.20 3.20           OY292382.1   1514774   1514898 (4974384) +               Kuruka     Unspecified    4230    4354  (4479)    
   234 21.28 0.00 0.00           OY292382.1   2866427   2866473 (3622809) +               Kuruka     Unspecified    3954    4000  (4833)    
   302 32.57 5.68 6.14           OY292382.1   2866755   2866983 (3622299) +               Kuruka     Unspecified    4282    4509  (4324)    
   847 37.32 2.37 2.46           OY292382.1   3147987   3149085 (3340197) C               Kuruka     Unspecified  (4247)    4586    3489    
   901 37.47 2.27 2.37           OY292382.1   3256266   3257364 (3231918) C               Kuruka     Unspecified  (4247)    4586    3489    
   938 37.25 2.18 2.28           OY292382.1   6097245   6098343 (390939) +               Kuruka     Unspecified    3489    4586  (4247)    
  1735 34.31 3.42 2.99           OY292383.1    500970    502168 (5482525) C               Kuruka     Unspecified  (4165)    4668    3465    
   385 33.11 5.83 6.17           OY292383.1    566412    566720 (5417973) C               Kuruka     Unspecified  (4297)    4536    4229    
   481 33.33 2.39 2.74           OY292383.1    847145    847437 (5137256) +               Kuruka     Unspecified    4230    4521  (4312)    
   225 29.58 0.00 0.00           OY292383.1    880348    880418 (5104275) +               Kuruka     Unspecified    4282    4352  (4481)    
