  233 32.31  3.39  2.95            OU342584.1   781255   781490 (35155269)  +          Kuruka  Unspecified (35155269)   781255   781490
  229 34.02  0.00  1.03            OU342584.1 19786574 19786671 (16150088)  +          Kuruka  Unspecified (16150088) 19786574 19786671
  283 33.33  0.00  0.00            OU342584.1 23319557 23319667 (12617092)  +          Kuruka  Unspecified (12617092) 23319557 23319667
  230 33.34  1.48  2.24            OU342584.1 23767756 23767890 (12168869)  +          Kuruka  Unspecified (12168869) 23767756 23767890
  283 29.02  2.22  2.99            OU342584.1 27226330 27226464 (8710295)  +          Kuruka  Unspecified (8710295) 27226330 27226464
  225 29.60  2.33  3.12            OU342584.1 27353288 27353416 (8583343)  +          Kuruka  Unspecified (8583343) 27353288 27353416
  229 19.61  0.00  0.00            OU342584.1 27444341 27444391 (8492368)  +          Kuruka  Unspecified (8492368) 27444341 27444391
  307 33.18  4.31  4.81            OU342584.1 29211004 29211212 (6725547)  +          Kuruka  Unspecified (6725547) 29211004 29211212
  307 33.18  4.31  4.81            OU342584.1 29295976 29296184 (6640575)  +          Kuruka  Unspecified (6640575) 29295976 29296184
  307 33.18  4.31  4.81            OU342584.1 29381925 29382133 (6554626)  +          Kuruka  Unspecified (6554626) 29381925 29382133
  307 33.18  4.31  4.81            OU342584.1 29466904 29467112 (6469647)  +          Kuruka  Unspecified (6469647) 29466904 29467112
  307 33.18  4.31  4.81            OU342584.1 29554228 29554436 (6382323)  +          Kuruka  Unspecified (6382323) 29554228 29554436
  307 33.18  4.31  4.81            OU342584.1 29642120 29642328 (6294431)  +          Kuruka  Unspecified (6294431) 29642120 29642328
  233 33.34  1.48  2.24            OU342584.1 34822877 34823011 (1113748)  +          Kuruka  Unspecified (1113748) 34822877 34823011
 1039 37.37  2.49  2.58            OU342584.1 18401957 18403082 (17533677)  C          Kuruka  Unspecified (17533677) 18401957 18403082
  234 34.02  0.00  1.03            OU342584.1 22596994 22597091 (13339668)  C          Kuruka  Unspecified (13339668) 22596994 22597091
 2107 34.34  2.28  1.90            OU342584.1 26139412 26140725 (9796034)  C          Kuruka  Unspecified (9796034) 26139412 26140725
 2154 34.47  2.30  2.62            OU342584.1 28531817 28533079 (7403680)  C          Kuruka  Unspecified (7403680) 28531817 28533079
  303 30.56  1.82  1.82            OU342584.1 35147705 35147814 (788945)  C          Kuruka  Unspecified (788945) 35147705 35147814
  521 34.66  1.40  1.40            OU342585.1  6197422  6197778 (15499835)  +          Kuruka  Unspecified (15499835)  6197422  6197778
  984 37.65  2.49  2.58            OU342585.1 18020838 18021963 (3675650)  +          Kuruka  Unspecified (3675650) 18020838 18021963
  438 31.77  3.40  3.79            OU342585.1  4526170  4526434 (17171179)  C          Kuruka  Unspecified (17171179)  4526170  4526434
  239 25.01  3.12  4.21            OU342585.1 15557091 15557186 (6140427)  C          Kuruka  Unspecified (6140427) 15557091 15557186
  267 29.78  2.22  2.99            OU342585.1 15697803 15697937 (5999676)  C          Kuruka  Unspecified (5999676) 15697803 15697937
  234 34.02  0.00  1.03            OU342585.1 18682617 18682714 (3014899)  C          Kuruka  Unspecified (3014899) 18682617 18682714
  283 33.33  0.00  0.00            OU342586.1  3284358  3284468 (17321998)  C          Kuruka  Unspecified (17321998)  3284358  3284468
  291 27.93  5.45  2.35            OU342587.1  8370251  8370415 (12203566)  C          Kuruka  Unspecified (12203566)  8370251  8370415
 1019 37.50  2.42  2.51            OU342587.1 14027383 14028539 (6545442)  C          Kuruka  Unspecified (6545442) 14027383 14028539
  438 31.77  3.40  3.79            OU342588.1 15128032 15128296 (4741372)  +          Kuruka  Unspecified (4741372) 15128032 15128296
  283 33.33  0.00  0.00            OU342588.1 11440310 11440420 (8429248)  C          Kuruka  Unspecified (8429248) 11440310 11440420
  268 30.56  1.82  1.82            OU342589.1 15980828 15980937  (83310)  C          Kuruka  Unspecified  (83310) 15980828 15980937
  262 32.25  4.44  4.91            OU342590.1   816018   816242 (15191121)  +          Kuruka  Unspecified (15191121)   816018   816242
  262 32.25  4.44  4.91            OU342590.1   820383   820607 (15186756)  +          Kuruka  Unspecified (15186756)   820383   820607
  438 31.77  3.40  3.79            OU342590.1 10071540 10071804 (5935559)  +          Kuruka  Unspecified (5935559) 10071540 10071804
  928 37.22  2.58  2.67            OU342590.1 11145870 11146995 (4860368)  +          Kuruka  Unspecified (4860368) 11145870 11146995
  234 34.02  0.00  1.03            OU342590.1  5240516  5240613 (10766750)  C          Kuruka  Unspecified (10766750)  5240516  5240613
 1526 36.00  2.05  2.15            OU342591.1   477680   478752 (15294392)  +          Kuruka  Unspecified (15294392)   477680   478752
  303 30.56  1.82  1.82            OU342591.1   577298   577407 (15195737)  C          Kuruka  Unspecified (15195737)   577298   577407
  283 33.33  0.00  0.00            OU342591.1 14900495 14900605 (872539)  C          Kuruka  Unspecified (872539) 14900495 14900605
  402 35.51  3.75  4.08            OU342592.1  8359943  8360262 (6973396)  +          Kuruka  Unspecified (6973396)  8359943  8360262
  245 31.82  0.00  1.14            OU342592.1  9664226  9664314 (5669344)  C          Kuruka  Unspecified (5669344)  9664226  9664314
  263 32.63  0.00  0.00            OU342592.1  9832881  9832975 (5500683)  C          Kuruka  Unspecified (5500683)  9832881  9832975
  229 31.09  3.46  3.91            OU342593.1  3769803  3770033 (11432556)  C          Kuruka  Unspecified (11432556)  3769803  3770033
  281 30.77  0.00  0.00            OU342593.1  8819312  8819402 (6383187)  C          Kuruka  Unspecified (6383187)  8819312  8819402
  790 37.61  2.96  2.34            OU342594.1    49729    50877 (14318229)  +          Kuruka  Unspecified (14318229)    49729    50877
  283 33.33  0.00  0.00            OU342594.1 12410826 12410936 (1958170)  +          Kuruka  Unspecified (1958170) 12410826 12410936
  351 31.77  3.40  3.79            OU342594.1   221400   221664 (14147442)  C          Kuruka  Unspecified (14147442)   221400   221664
  453 36.85  1.45  1.63            OU342594.1  4346580  4347617 (10021974)  C          Kuruka  Unspecified (10021974)  4346580  4347617
  402 35.51  3.75  4.08            OU342594.1 12254210 12254529 (2114577)  C          Kuruka  Unspecified (2114577) 12254210 12254529
  262 32.25  4.44  4.91            OU342595.1  6695595  6695819 (7438582)  +          Kuruka  Unspecified (7438582)  6695595  6695819
  234 31.44  3.38  3.38            OU342595.1  6055036  6055272 (8079129)  C          Kuruka  Unspecified (8079129)  6055036  6055272
  262 32.25  4.44  4.91            OU342596.1  8860063  8860287 (4961689)  +          Kuruka  Unspecified (4961689)  8860063  8860287
 1001 37.41  2.42  2.51            OU342596.1  4973415  4974571 (8847405)  C          Kuruka  Unspecified (8847405)  4973415  4974571
  253 36.52  3.59  4.00            OU342597.1   125434   125684 (13619321)  +          Kuruka  Unspecified (13619321)   125434   125684
  253 36.52  3.59  4.00            OU342597.1   142680   142930 (13602075)  +          Kuruka  Unspecified (13602075)   142680   142930
  303 30.56  1.82  1.82            OU342597.1  8041043  8041152 (5703853)  +          Kuruka  Unspecified (5703853)  8041043  8041152
  303 30.56  1.82  1.82            OU342597.1  1732188  1732297 (12012708)  C          Kuruka  Unspecified (12012708)  1732188  1732297
  251 32.25  4.44  4.91            OU342598.1  3818399  3818623 (9534096)  +          Kuruka  Unspecified (9534096)  3818399  3818623
 2104 33.48  2.68  2.33            OU342598.1 11403778 11404933 (1947786)  +          Kuruka  Unspecified (1947786) 11403778 11404933
  229 19.61  0.00  0.00            OU342599.1  5684663  5684713 (7619663)  +          Kuruka  Unspecified (7619663)  5684663  5684713
  229 31.09  3.46  3.91            OU342599.1  4468648  4468878 (8835498)  C          Kuruka  Unspecified (8835498)  4468648  4468878
  438 31.77  3.40  3.79            OU342600.1   975404   975668 (11902495)  +          Kuruka  Unspecified (11902495)   975404   975668
  246 30.54  2.22  2.99            OU342600.1  5234047  5234181 (7643982)  C          Kuruka  Unspecified (7643982)  5234047  5234181
  671 36.01  2.65  2.65            OU342600.1 12771372 12772238 (105925)  C          Kuruka  Unspecified (105925) 12771372 12772238
  288 30.77  0.00  0.00            OU342603.1  9867683  9867773 (2750024)  +          Kuruka  Unspecified (2750024)  9867683  9867773
  973 37.59  2.42  2.51            OU342603.1 11321796 11322952 (1294845)  +          Kuruka  Unspecified (1294845) 11321796 11322952
 1033 37.18  2.51  2.60            OU342603.1 11839522 11840678 (777119)  C          Kuruka  Unspecified (777119) 11839522 11840678
  262 32.25  4.44  4.91            OU342604.1  4183222  4183446 (8246172)  +          Kuruka  Unspecified (8246172)  4183222  4183446
  438 31.77  3.40  3.79            OU342604.1  6269108  6269372 (6160246)  +          Kuruka  Unspecified (6160246)  6269108  6269372
  234 34.02  0.00  1.03            OU342605.1  4668583  4668680 (7699432)  +          Kuruka  Unspecified (7699432)  4668583  4668680
  252 30.77  0.94  1.90            OU342605.1   593293   593398 (11774714)  C          Kuruka  Unspecified (11774714)   593293   593398
  278 29.02  2.22  2.99            OU342606.1  8990852  8990986 (3286424)  C          Kuruka  Unspecified (3286424)  8990852  8990986
 1058 37.03  2.59  2.68            OU342607.1  7571954  7573110 (4461138)  +          Kuruka  Unspecified (4461138)  7571954  7573110
  251 32.72  4.44  4.91            OU342607.1  2154483  2154707 (9879541)  C          Kuruka  Unspecified (9879541)  2154483  2154707
  718 36.05  3.60  3.17            OU342608.1  8251834  8253765 (3720173)  +          Kuruka  Unspecified (3720173)  8251834  8253765
  283 33.33  0.00  0.00            OU342608.1  3425203  3425313 (8547416)  C          Kuruka  Unspecified (8547416)  3425203  3425313
  423 32.16  3.40  3.79            OU342608.1  5133636  5133900 (6838829)  C          Kuruka  Unspecified (6838829)  5133636  5133900
  262 32.25  4.44  4.91            OU342608.1  6098911  6099135 (5873594)  C          Kuruka  Unspecified (5873594)  6098911  6099135
  256 36.52  3.59  4.00            OU342608.1  8014103  8014353 (3958376)  C          Kuruka  Unspecified (3958376)  8014103  8014353
 1019 37.27  2.51  2.60            OU342610.1  1576717  1577873 (10261337)  +          Kuruka  Unspecified (10261337)  1576717  1577873
 1035 37.41  2.42  2.51            OU342610.1  3347867  3349023 (8490187)  +          Kuruka  Unspecified (8490187)  3347867  3349023
  408 35.19  3.75  4.08            OU342610.1   825522   825841 (11013369)  C          Kuruka  Unspecified (11013369)   825522   825841
  229 34.02  0.00  1.03            OU342611.1  9489980  9490077 (2319417)  +          Kuruka  Unspecified (2319417)  9489980  9490077
  229 19.61  0.00  0.00            OU342611.1 10354068 10354118 (1455376)  +          Kuruka  Unspecified (1455376) 10354068 10354118
  283 33.33  0.00  0.00            OU342611.1  3026555  3026665 (8782829)  C          Kuruka  Unspecified (8782829)  3026555  3026665
  229 34.02  0.00  1.03            OU342612.1   719540   719637 (11068869)  +          Kuruka  Unspecified (11068869)   719540   719637
  864 37.38  2.48  2.93            OU342614.1  7078318  7079447 (4010408)  +          Kuruka  Unspecified (4010408)  7078318  7079447
  262 32.25  4.44  4.91            OU342616.1  3781763  3781987 (7200009)  +          Kuruka  Unspecified (7200009)  3781763  3781987
  283 33.33  0.00  0.00            OU342616.1  6027883  6027993 (4954003)  +          Kuruka  Unspecified (4954003)  6027883  6027993
  283 33.33  0.00  0.00            OU342616.1  6032468  6032578 (4949418)  +          Kuruka  Unspecified (4949418)  6032468  6032578
  283 33.33  0.00  0.00            OU342616.1  6038110  6038220 (4943776)  +          Kuruka  Unspecified (4943776)  6038110  6038220
  245 19.61  0.00  0.00            OU342616.1 10902616 10902666  (79330)  +          Kuruka  Unspecified  (79330) 10902616 10902666
 2115 33.39  2.68  2.33            OU342618.1  2454477  2455632 (8472277)  +          Kuruka  Unspecified (8472277)  2454477  2455632
 2117 33.39  2.68  2.33            OU342618.1  9497092  9498247 (1429662)  C          Kuruka  Unspecified (1429662)  9497092  9498247
 2093 33.48  2.68  2.33            OU342618.1  9504067  9505222 (1422687)  C          Kuruka  Unspecified (1422687)  9504067  9505222
  303 30.56  1.82  1.82            OU342619.1  8349969  8350078 (2505778)  +          Kuruka  Unspecified (2505778)  8349969  8350078
  234 34.02  0.00  1.03            OU342619.1  7181618  7181715 (3674141)  C          Kuruka  Unspecified (3674141)  7181618  7181715
 1033 37.18  2.51  2.60            OU342620.1  7872685  7873841 (2290427)  C          Kuruka  Unspecified (2290427)  7872685  7873841
  246 34.44  0.00  0.00            OU342621.1   265112   265201 (9511918)  +          Kuruka  Unspecified (9511918)   265112   265201
  283 33.33  0.00  0.00            OU342621.1  1311861  1311971 (8465148)  +          Kuruka  Unspecified (8465148)  1311861  1311971
  283 33.33  0.00  0.00            OU342621.1   866075   866185 (8910934)  C          Kuruka  Unspecified (8910934)   866075   866185
  426 31.77  3.40  3.79            OU342622.1  4029897  4030161 (5672199)  C          Kuruka  Unspecified (5672199)  4029897  4030161
 1023 37.18  2.51  2.60            OU342625.1  7769722  7770878 (915971)  +          Kuruka  Unspecified (915971)  7769722  7770878
  281 30.77  0.00  0.00            OU342625.1   799696   799786 (7887063)  C          Kuruka  Unspecified (7887063)   799696   799786
  438 31.77  3.40  3.79            OU342626.1  3037701  3037965 (5546785)  +          Kuruka  Unspecified (5546785)  3037701  3037965
  234 34.02  0.00  1.03            OU342626.1  5229023  5229120 (3355630)  +          Kuruka  Unspecified (3355630)  5229023  5229120
  283 33.33  0.00  0.00            OU342626.1  8305685  8305795 (278955)  +          Kuruka  Unspecified (278955)  8305685  8305795
  407 35.51  3.75  4.08            OU342626.1    84028    84347 (8500403)  C          Kuruka  Unspecified (8500403)    84028    84347
  234 34.02  0.00  1.03            OU342626.1   942960   943057 (7641693)  C          Kuruka  Unspecified (7641693)   942960   943057
  234 34.02  0.00  1.03            OU342626.1  4249963  4250060 (4334690)  C          Kuruka  Unspecified (4334690)  4249963  4250060
  229 34.02  0.00  1.03            OU342627.1  3762620  3762717 (4111957)  +          Kuruka  Unspecified (4111957)  3762620  3762717
  230 19.61  0.00  0.00            OU342627.1  4042825  4042875 (3831799)  +          Kuruka  Unspecified (3831799)  4042825  4042875
  241 30.35  2.67  3.36            OU342627.1  7401150  7401299 (473375)  +          Kuruka  Unspecified (473375)  7401150  7401299
  420 35.19  3.75  4.08            OU342627.1  3519724  3520043 (4354631)  C          Kuruka  Unspecified (4354631)  3519724  3520043
