   751 38.16 4.97 2.03          NC_007417.3   1476351   1477115 (13788401) C               Kuruka     Unspecified  (4070)    4763    3977    
   543 32.32 6.61 1.77          NC_007417.3   1477252   1477629 (13787887) C               Kuruka     Unspecified  (5001)    3832    3437    
   264 34.02 0.00 0.00          NC_007417.3   2128523   2128619 (13136897) C               Kuruka     Unspecified  (5153)    3680    3584    
   452 37.04 3.46 3.58          NC_007418.3   5909968   5910863 (25470424) +               Kuruka     Unspecified    3536    4430  (4403)    
   437 34.97 4.21 4.45          NC_007418.3  11171112  11171539 (20209748) C               Kuruka     Unspecified  (4384)    4449    4023    
  1312 34.31 1.12 1.28          NC_007418.3  15560187  15560812 (15820475) C               Kuruka     Unspecified  (4255)    4578    3954    
   493 35.82 2.13 2.13          NC_007418.3  15560917  15561244 (15820043) C               Kuruka     Unspecified  (5017)    3816    3489    
  1104 35.86 1.16 1.33          NC_007418.3  16267884  16268485 (15112802) C               Kuruka     Unspecified  (4255)    4578    3978    
   536 34.65 2.26 2.26          NC_007418.3  16268607  16268916 (15112371) C               Kuruka     Unspecified  (5017)    3816    3507    
  1435 36.06 2.58 2.02          NC_007418.3  16322517  16323600 (15057687) C               Kuruka     Unspecified  (4255)    4578    3489    
   493 30.59 4.98 5.48          NC_007419.2   3102377   3102798 (9187968) +               Kuruka     Unspecified    4030    4449  (4384)    
   473 30.66 4.99 5.49          NC_007419.2   3107729   3108149 (9182617) +               Kuruka     Unspecified    4030    4448  (4385)    
   468 30.84 4.98 5.48          NC_007419.2   3117648   3118069 (9172697) +               Kuruka     Unspecified    4030    4449  (4384)    
   493 30.59 4.98 5.48          NC_007419.2   3123046   3123467 (9167299) +               Kuruka     Unspecified    4030    4449  (4384)    
   460 31.58 4.56 5.06          NC_007419.2   3128364   3128780 (9161986) +               Kuruka     Unspecified    4030    4444  (4389)    
   468 30.84 4.98 5.48          NC_007419.2   3133722   3134143 (9156623) +               Kuruka     Unspecified    4030    4449  (4384)    
   468 30.84 4.98 5.48          NC_007419.2   3139144   3139565 (9151201) +               Kuruka     Unspecified    4030    4449  (4384)    
   482 31.67 4.50 5.00          NC_007419.2   3144538   3144959 (9145807) +               Kuruka     Unspecified    4030    4449  (4384)    
   458 34.97 4.21 4.45          NC_007419.2   3150657   3151084 (9139682) +               Kuruka     Unspecified    4023    4449  (4384)    
   456 31.08 4.98 5.48          NC_007419.2   3156058   3156479 (9134287) +               Kuruka     Unspecified    4030    4449  (4384)    
   455 30.66 5.23 5.48          NC_007419.2   3161354   3161774 (9128992) +               Kuruka     Unspecified    4030    4449  (4384)    
  1191 34.78 2.31 2.31          NC_007419.2   5315470   5316290 (6974476) C               Kuruka     Unspecified  (4506)    4327    3507    
   232 32.04 3.74 3.19          NC_007420.3  10640111  10640297 (4819261) C               Kuruka     Unspecified  (4281)    4552    4365    
   251 36.08 3.51 3.96          NC_007421.3   2365272   2365499 (7720899) +               Kuruka     Unspecified    4223    4449  (4384)    
  1151 36.00 3.38 3.38          NC_007421.3   9760963   9762115 (324283) +               Kuruka     Unspecified    3495    4647  (4186)    
   244 28.57 4.27 4.27          NC_007421.3   9788365   9788481 (297917) C               Kuruka     Unspecified  (4500)    4333    4217    
   420 36.09 1.33 4.68          NC_007421.3   9843880   9844254 (242144) +               Kuruka     Unspecified    3488    3850  (4983)    
   309 31.72 6.98 1.77          NC_007421.3   9844387   9844601 (241797) +               Kuruka     Unspecified    4127    4352  (4481)    
  1542 35.62 2.40 2.49          NC_007422.5   7688267   7689432 (8793431) C               Kuruka     Unspecified  (4162)    4671    3507    
   914 34.78 5.01 4.52          NC_007422.5  15309467  15310544 (1172319) C               Kuruka     Unspecified  (4253)    4580    3498    
  1056 34.32 2.94 4.92          NC_007422.5  15948317  15949165 (533698) +               Kuruka     Unspecified    3578    4410  (4423)    
   288 36.26 4.82 0.84          NC_007422.5  16234250  16234477 (248386) C               Kuruka     Unspecified  (5022)    3811    3575    
   228 36.63 0.57 1.16          NC_007422.5  16328009  16328182 (154681) C               Kuruka     Unspecified  (4388)    4445    4273    
   254 30.65 7.26 0.00          NC_007423.3    388765    388888 (14192802) C               Kuruka     Unspecified  (5153)    3680    3548    
   280 33.34 3.56 4.02          NC_007423.3    514621    514845 (14066845) +               Kuruka     Unspecified    4223    4446  (4387)    
   248 36.44 3.06 1.72          NC_007423.3   7558583   7558811 (7022879) C               Kuruka     Unspecified  (5019)    3814    3583    
   248 36.44 3.06 1.72          NC_007424.3   2844042   2844270 (13340310) C               Kuruka     Unspecified  (5019)    3814    3583    
   316 30.17 1.69 1.69          NC_007425.3       721       838 (7221840) +               Kuruka     Unspecified    3583    3700  (5133)    
   466 34.02 4.24 3.20          NC_007425.3      1179      1673 (7221005) +               Kuruka     Unspecified    4132    4631  (4202)    
  1008 36.29 1.20 2.02          NC_007425.3      5629      6376 (7216302) +               Kuruka     Unspecified    3488    4229  (4604)    
  1728 35.90 1.86 2.18          NC_007425.3   1759973   1761259 (5461419) +               Kuruka     Unspecified    3488    4770  (4063)    
   385 31.09 4.73 4.38          NC_007425.3   1787427   1787722 (5434956) C               Kuruka     Unspecified  (4962)    3871    3575    
   253 26.87 0.00 0.00          NC_007425.3   1789386   1789452 (5433226) C               Kuruka     Unspecified  (6340)    2493    2427    
  1724 36.04 1.79 2.10          NC_007425.3   1809695   1810981 (5411697) C               Kuruka     Unspecified  (4063)    4770    3488    
   319 36.99 1.98 2.39       NW_015450206.1     29397     29648  (89386) C               Kuruka     Unspecified  (4300)    4533    4283    
   231 36.42 0.62 0.00       NW_015450217.1     19843     20004  (22090) +               Kuruka     Unspecified    3672    3834  (4999)    
   231 18.75 0.00 0.00       NW_015450438.1     31539     31586  (69671) +               Kuruka     Unspecified    4286    4333  (4500)    
   886 37.05 4.04 2.61       NW_015450460.1    102955    104240  (45249) +               Kuruka     Unspecified    3461    4764  (4069)    
   409 38.15 2.21 1.46       NW_015450498.1     18916     19322  (35482) +               Kuruka     Unspecified    3939    4348  (4485)    
   465 30.84 4.98 5.48       NW_015450524.1      9266      9687  (10786) C               Kuruka     Unspecified  (4384)    4449    4030    
   463 29.66 2.81 3.39       NW_015450524.1     17892     18069   (2404) C               Kuruka     Unspecified  (4384)    4449    4273    
   578 34.89 2.72 2.72       NW_015450564.1        49       599    (190) C               Kuruka     Unspecified  (4479)    4354    3804    
   865 38.03 4.65 2.72       NW_015450720.1      5114      6232  (71281) C               Kuruka     Unspecified  (4255)    4578    3439    
   319 32.15 4.89 7.04       NW_015450720.1     57510     57857  (19656) +               Kuruka     Unspecified    4196    4536  (4297)    
   314 34.24 4.28 6.27       NW_015450720.1     66039     66412  (11101) +               Kuruka     Unspecified    4170    4536  (4297)    
   343 31.84 4.89 7.04       NW_015450720.1     74617     74964   (2549) +               Kuruka     Unspecified    4196    4536  (4297)    
   360 33.51 2.01 2.53       NW_015450733.1     14893     15091  (46823) C               Kuruka     Unspecified  (4672)    4161    3964    
  1667 35.40 2.35 2.44       NW_015450733.1     47971     49076  (12838) C               Kuruka     Unspecified  (4222)    4611    3507    
  1124 37.87 3.03 2.03       NW_015450820.1       692      2009  (32632) +               Kuruka     Unspecified    3437    4767  (4066)    
   348 32.42 1.35 2.04       NW_015450871.1     41632     41779  (12459) C               Kuruka     Unspecified  (4414)    4419    4273    
   326 37.00 4.34 3.80       NW_015450949.1       471      1046   (3196) +               Kuruka     Unspecified    3583    4161  (4672)    
   251 33.06 3.23 0.00       NW_015451025.1     47254     47377  (93532) C               Kuruka     Unspecified  (4479)    4354    4227    
   232 28.75 1.25 0.00       NW_015451025.1    106340    106419  (34490) C               Kuruka     Unspecified  (4476)    4357    4277    
   493 36.25 8.42 3.31       NW_015451049.1     39133     40082 (176352) +               Kuruka     Unspecified    3671    4667  (4166)    
   229 32.04 3.74 3.19       NW_015451074.1      3431      3617   (3158) +               Kuruka     Unspecified    4365    4552  (4281)    
  1388 34.98 2.82 2.91       NW_015451127.1      5645      6813  (11107) +               Kuruka     Unspecified    3504    4671  (4162)    
  1405 34.90 2.82 2.91       NW_015451127.1     16021     17189    (731) +               Kuruka     Unspecified    3504    4671  (4162)    
   416 34.84 2.39 2.80       NW_015451146.1      3406      3656  (12003) +               Kuruka     Unspecified    4287    4536  (4297)    
   414 34.86 2.42 2.83       NW_015451146.1      9415      9662   (5997) +               Kuruka     Unspecified    4287    4533  (4300)    
   375 33.89 0.00 0.00       NW_015451282.1      3977      4156   (8003) +               Kuruka     Unspecified    3628    3807  (5026)    
   595 36.32 2.66 2.66       NW_015451282.1      5220      5782   (6377) +               Kuruka     Unspecified    4197    4759  (4074)    
   465 37.87 6.37 1.95       NW_015451432.1     22298     23035 (165103) +               Kuruka     Unspecified    3977    4746  (4087)    
  1144 35.62 3.44 3.00       NW_015451646.1     48476     49404 (221764) C               Kuruka     Unspecified  (4394)    4439    3507    
   263 32.54 4.11 4.59       NW_015451687.1     97345     97563 (164310) +               Kuruka     Unspecified    4223    4440  (4393)    
   768 34.18 4.50 1.52       NW_015451710.1      3676      4186   (1329) +               Kuruka     Unspecified    4053    4578  (4255)    
   450 37.00 4.17 4.27       NW_015451723.1     11311     12366   (4734) C               Kuruka     Unspecified  (4221)    4612    3558    
  1547 35.32 2.55 3.12       NW_015451780.1     11712     12807 (252993) +               Kuruka     Unspecified    3489    4578  (4255)    
   269 38.24 1.65 2.07       NW_015451780.1     38626     38868 (226932) +               Kuruka     Unspecified    4292    4533  (4300)    
   227 32.09 3.21 4.90       NW_015451780.1    257459    257707   (8093) C               Kuruka     Unspecified  (4456)    4377    4133    
  1663 35.30 2.18 2.49       NW_015451805.1     43037     44323  (10414) +               Kuruka     Unspecified    3488    4770  (4063)    
  1349 35.80 1.98 1.98       NW_015451937.1    474105    475013 (701730) +               Kuruka     Unspecified    3670    4578  (4255)    
   267 32.60 1.46 1.46       NW_015451978.1      7314      7450   (8068) +               Kuruka     Unspecified    4217    4353  (4480)    
  1285 37.41 3.03 2.03       NW_015452047.1      6773      8090  (10897) C               Kuruka     Unspecified  (4066)    4767    3437    
   927 35.24 4.20 4.31       NW_015452204.1      5105      6127  (10087) +               Kuruka     Unspecified    3557    4578  (4255)    
   996 35.11 4.11 4.21       NW_015452204.1     12532     13554   (2660) +               Kuruka     Unspecified    3557    4578  (4255)    
