  367 32.68  0.65  0.65           NC_039478.1  4440761  4440914 (19425050)  C          Kuruka  Unspecified (19425050)  4440761  4440914
  335 37.49  2.36  2.36           NC_039478.1  8146841  8147094 (15718870)  C          Kuruka  Unspecified (15718870)  8146841  8147094
 1503 33.82  3.93  5.07           NC_039478.1 12439741 12440936 (11425028)  C          Kuruka  Unspecified (11425028) 12439741 12440936
 1503 33.82  3.93  5.07           NC_039478.1 21445576 21446771 (2419193)  C          Kuruka  Unspecified (2419193) 21445576 21446771
 2238 32.95  2.51  2.59           NC_039478.1 22737168 22738441 (1127523)  C          Kuruka  Unspecified (1127523) 22737168 22738441
 2018 34.31  1.81  1.41           NC_039479.1    40759    42026 (21159895)  +          Kuruka  Unspecified (21159895)    40759    42026
 1809 32.68  3.11  3.20           NC_039479.1 11130308 11131464 (10070457)  C          Kuruka  Unspecified (10070457) 11130308 11131464
  310 28.05  0.00  0.00           NC_039480.1   220918   220999 (20335533)  +          Kuruka  Unspecified (20335533)   220918   220999
  233 31.86  4.25  5.24           NC_039480.1  9542649  9542860 (11013672)  +          Kuruka  Unspecified (11013672)  9542649  9542860
  246 29.03  0.00  0.00           NC_039480.1 17127308 17127369 (3429163)  +          Kuruka  Unspecified (3429163) 17127308 17127369
 2323 32.91  2.96  2.80           NC_039480.1 17993389 17994707 (2561825)  +          Kuruka  Unspecified (2561825) 17993389 17994707
 2183 32.41  3.58  2.95           NC_039480.1 18003895 18005207 (2551325)  +          Kuruka  Unspecified (2551325) 18003895 18005207
 2402 33.12  2.65  2.73           NC_039480.1 18011112 18012433 (2544099)  +          Kuruka  Unspecified (2544099) 18011112 18012433
  313 26.74  2.33  0.00           NC_039480.1  3158866  3158951 (17397581)  C          Kuruka  Unspecified (17397581)  3158866  3158951
 1971 32.83  2.35  2.44           NC_039480.1  6698003  6699276 (13857256)  C          Kuruka  Unspecified (13857256)  6698003  6699276
 2464 32.92  2.72  2.80           NC_039481.1 13803625 13804946 (6353500)  +          Kuruka  Unspecified (6353500) 13803625 13804946
 2133 33.25  2.48  2.56           NC_039481.1  5533914  5535203 (14623243)  C          Kuruka  Unspecified (14623243)  5533914  5535203
 1043 35.73  3.53  2.30           NC_039482.1  8590474  8591633 (10781090)  +          Kuruka  Unspecified (10781090)  8590474  8591633
  310 29.92  4.10  4.10           NC_039482.1 13057730 13057851 (6314872)  +          Kuruka  Unspecified (6314872) 13057730 13057851
  296 31.38  3.14  3.80           NC_039482.1 13058074 13058232 (6314491)  +          Kuruka  Unspecified (6314491) 13058074 13058232
  310 33.53  2.29  2.87           NC_039482.1 14680773 14680947 (4691776)  +          Kuruka  Unspecified (4691776) 14680773 14680947
  310 33.53  2.29  2.87           NC_039482.1 14687124 14687298 (4685425)  +          Kuruka  Unspecified (4685425) 14687124 14687298
 1865 32.90  2.87  2.32           NC_039482.1 15204719 15205832 (4166891)  +          Kuruka  Unspecified (4166891) 15204719 15205832
 1293 37.13  1.51  1.59           NC_039482.1 15245943 15247138 (4125585)  +          Kuruka  Unspecified (4125585) 15245943 15247138
  613 31.52  2.82  2.82           NC_039482.1  7663501  7663784 (11708939)  C          Kuruka  Unspecified (11708939)  7663501  7663784
 1360 36.93  1.42  1.51           NC_039482.1  8703193  8704388 (10668335)  C          Kuruka  Unspecified (10668335)  8703193  8704388
 2176 32.70  2.82  3.06           NC_039483.1 10670050 10671292 (7253868)  +          Kuruka  Unspecified (7253868) 10670050 10671292
  252 35.52  0.00  0.93           NC_039483.1  4997529  4997636 (12927524)  C          Kuruka  Unspecified (12927524)  4997529  4997636
 2202 33.66  2.91  2.99           NC_039483.1  7931697  7932967 (9992193)  C          Kuruka  Unspecified (9992193)  7931697  7932967
 1586 35.12  4.51  1.31           NC_039483.1 10748409 10749516 (7175644)  C          Kuruka  Unspecified (7175644) 10748409 10749516
  319 32.68  0.65  0.65           NC_039483.1 11222038 11222191 (6702969)  C          Kuruka  Unspecified (6702969) 11222038 11222191
 2107 34.50  1.66  1.26           NC_039483.1 14114336 14115603 (3809557)  C          Kuruka  Unspecified (3809557) 14114336 14115603
 1485 33.91  3.93  5.07           NC_039483.1 16997296 16998491 (926669)  C          Kuruka  Unspecified (926669) 16997296 16998491
  246 29.03  0.00  0.00           NC_039484.1  9612329  9612390 (6723834)  C          Kuruka  Unspecified (6723834)  9612329  9612390
 1624 33.80  2.81  2.63           NC_039484.1 16201174 16202349 (133875)  C          Kuruka  Unspecified (133875) 16201174 16202349
  249 35.95  1.25  3.19           NC_039484.1 16289148 16289466  (46758)  C          Kuruka  Unspecified  (46758) 16289148 16289466
  430 31.92  0.00  2.45           NC_039484.1 16289781 16289947  (46277)  C          Kuruka  Unspecified  (46277) 16289781 16289947
  295 30.77  4.10  4.10           NC_039485.1  3918365  3918486 (12003371)  +          Kuruka  Unspecified (12003371)  3918365  3918486
  296 31.38  3.14  3.80           NC_039485.1  3918709  3918867 (12002990)  +          Kuruka  Unspecified (12002990)  3918709  3918867
  335 37.49  2.36  2.36           NC_039485.1 10396067 10396320 (5525537)  +          Kuruka  Unspecified (5525537) 10396067 10396320
 1426 36.93  1.42  1.51           NC_039485.1  2580102  2581297 (13340560)  C          Kuruka  Unspecified (13340560)  2580102  2581297
  259 32.30  0.00  1.04           NC_039487.1 13404192 13404288 (801612)  C          Kuruka  Unspecified (801612) 13404192 13404288
  335 37.49  2.36  2.36           NC_039488.1 11265056 11265309 (2876925)  +          Kuruka  Unspecified (2876925) 11265056 11265309
  296 34.43  2.39  2.80           NC_039488.1  8695026  8695276 (5446958)  C          Kuruka  Unspecified (5446958)  8695026  8695276
 1072 33.95  5.36  3.72           NC_039489.1  2131737  2132874 (11831403)  +          Kuruka  Unspecified (11831403)  2131737  2132874
 2486 33.10  2.34  2.42           NC_039489.1  2699210  2700531 (11263746)  +          Kuruka  Unspecified (11263746)  2699210  2700531
  553 28.76  3.78  3.78           NC_039489.1  2299577  2300089 (11664463)  C          Kuruka  Unspecified (11664463)  2299577  2300089
  703 35.05  3.27  3.11           NC_039489.1  2301059  2301700 (11662577)  C          Kuruka  Unspecified (11662577)  2301059  2301700
  546 32.72  3.78  3.78           NC_039489.1  2424377  2425649 (11539663)  C          Kuruka  Unspecified (11539663)  2424377  2425649
  335 37.49  2.36  2.36           NC_039489.1  6626795  6627048 (7337229)  C          Kuruka  Unspecified (7337229)  6626795  6627048
  254 26.04  2.56  8.11           NC_039490.1  2322134  2322250 (9600313)  +          Kuruka  Unspecified (9600313)  2322134  2322250
  246 29.03  0.00  0.00           NC_039490.1  3955907  3955968 (7966595)  +          Kuruka  Unspecified (7966595)  3955907  3955968
  335 37.49  2.36  2.36           NC_039490.1 11224553 11224806 (697757)  +          Kuruka  Unspecified (697757) 11224553 11224806
 1753 32.86  3.11  3.20           NC_039490.1  7133308  7134464 (4788099)  C          Kuruka  Unspecified (4788099)  7133308  7134464
  270 35.04  0.00  0.00           NC_039490.1 11401134 11401250 (521313)  C          Kuruka  Unspecified (521313) 11401134 11401250
 1384 36.78  1.50  1.67           NC_039491.1  2625605  2626801 (9150795)  C          Kuruka  Unspecified (9150795)  2625605  2626801
  229 34.85  4.20  5.67           NC_039491.1 10864691 10865119 (912477)  C          Kuruka  Unspecified (912477) 10864691 10865119
 2490 33.34  2.34  2.42           NC_039491.1 11275411 11276732 (500864)  C          Kuruka  Unspecified (500864) 11275411 11276732
 1491 33.91  3.93  5.07           NC_039492.1  8846365  8847560 (2002467)  +          Kuruka  Unspecified (2002467)  8846365  8847560
  230 31.86  4.25  5.24           NC_039493.1  5083006  5083217 (5202127)  +          Kuruka  Unspecified (5202127)  5083006  5083217
  233 31.86  4.25  5.24           NC_039493.1  7676382  7676593 (2608751)  +          Kuruka  Unspecified (2608751)  7676382  7676593
  233 31.86  4.25  5.24           NC_039493.1  7708467  7708678 (2576666)  +          Kuruka  Unspecified (2576666)  7708467  7708678
  240 23.49  3.42  9.01           NC_039493.1    23141    23257 (10262087)  C          Kuruka  Unspecified (10262087)    23141    23257
  647 37.29  1.12  0.98           NC_039493.1    33591    34305 (10251039)  C          Kuruka  Unspecified (10251039)    33591    34305
 1332 36.86  1.68  1.51           NC_039493.1    93613    94805 (10190539)  C          Kuruka  Unspecified (10190539)    93613    94805
 1426 36.93  1.42  1.51           NC_039493.1  2560424  2561619 (7723725)  C          Kuruka  Unspecified (7723725)  2560424  2561619
  233 31.86  4.25  5.24           NC_039493.1  7719009  7719220 (2566124)  C          Kuruka  Unspecified (2566124)  7719009  7719220
 2120 34.38  1.33  1.50           NC_039494.1  2730311  2731509 (6669610)  C          Kuruka  Unspecified (6669610)  2730311  2731509
  245 29.03  0.00  0.00           NC_039494.1  7788662  7788723 (1612396)  C          Kuruka  Unspecified (1612396)  7788662  7788723
  246 29.03  0.00  0.00           NC_039494.1  8573144  8573205 (827914)  C          Kuruka  Unspecified (827914)  8573144  8573205
 1779 32.58  2.50  2.19           NC_039496.1  5521946  5522946 (2916598)  +          Kuruka  Unspecified (2916598)  5521946  5522946
 1451 36.85  1.42  1.51           NC_039496.1   680379   681574 (7757970)  C          Kuruka  Unspecified (7757970)   680379   681574
  238 35.57  3.49  5.20           NC_039496.1   788928   789357 (7650187)  C          Kuruka  Unspecified (7650187)   788928   789357
  247 34.29  1.67  2.81           NC_039496.1  2490732  2490911 (5948633)  C          Kuruka  Unspecified (5948633)  2490732  2490911
 2120 33.19  2.84  2.77           NC_039496.1  5533845  5535217 (2904327)  C          Kuruka  Unspecified (2904327)  5533845  5535217
 1360 36.93  1.42  1.51           NC_039497.1   558868   560063 (6755741)  +          Kuruka  Unspecified (6755741)   558868   560063
  311 26.74  2.33  0.00           NC_039497.1  1234145  1234230 (6081574)  C          Kuruka  Unspecified (6081574)  1234145  1234230
  335 37.49  2.36  2.36           NC_039497.1  2096005  2096258 (5219546)  C          Kuruka  Unspecified (5219546)  2096005  2096258
  405 32.14  3.03  3.03           NC_039497.1  2142602  2142832 (5172972)  C          Kuruka  Unspecified (5172972)  2142602  2142832
  839 34.39  3.06  3.26           NC_039497.1  2161375  2161897 (5153907)  C          Kuruka  Unspecified (5153907)  2161375  2161897
  281 31.64  5.34  5.34           NC_039497.1  2163310  2163919 (5152289)  C          Kuruka  Unspecified (5152289)  2163310  2163919
  296 31.38  3.14  3.80           NC_039500.1  5073714  5073872 (389356)  C          Kuruka  Unspecified (389356)  5073714  5073872
  307 29.92  4.10  4.10           NC_039500.1  5074095  5074216 (389012)  C          Kuruka  Unspecified (389012)  5074095  5074216
 1368 36.93  1.42  1.51           NC_039501.1  1365210  1366405 (3789550)  C          Kuruka  Unspecified (3789550)  1365210  1366405
 1426 36.93  1.42  1.51           NC_039501.1  4647470  4648665 (507290)  C          Kuruka  Unspecified (507290)  4647470  4648665
 1751 35.88  3.18  1.76           NC_039502.1  4932355  4933642  (39874)  +          Kuruka  Unspecified  (39874)  4932355  4933642
 1716 36.09  3.11  1.68           NC_039502.1    29823    31110 (4942406)  C          Kuruka  Unspecified (4942406)    29823    31110
  334 28.77  2.67  2.67           NC_039502.1   386196   386345 (4587171)  C          Kuruka  Unspecified (4587171)   386196   386345
 1710 33.55  2.41  2.66           NC_039502.1   390495   391737 (4581779)  C          Kuruka  Unspecified (4581779)   390495   391737
 1031 34.99  4.02  1.05           NC_039502.1   420411   421627 (4552459)  C          Kuruka  Unspecified (4552459)   420411   421627
 1543 33.90  2.64  2.84           NC_039502.1  4705200  4706222 (267294)  C          Kuruka  Unspecified (267294)  4705200  4706222
 1355 37.01  1.42  1.51           NC_039502.1  4753787  4754982 (218534)  C          Kuruka  Unspecified (218534)  4753787  4754982
 2085 33.72  2.36  2.43           NC_039503.1  3973467  3974782 (943360)  +          Kuruka  Unspecified (943360)  3973467  3974782
  246 29.03  0.00  0.00           NC_039503.1  3211780  3211841 (1706301)  C          Kuruka  Unspecified (1706301)  3211780  3211841
  335 37.49  2.36  2.36           NC_039504.1   103124   103377 (4641989)  +          Kuruka  Unspecified (4641989)   103124   103377
  228 32.07  1.85  1.85           NC_039505.1    34075    34182 (2887884)  +          Kuruka  Unspecified (2887884)    34075    34182
 1522 34.80  2.50  2.07           NC_039505.1    78276    79475 (2842591)  +          Kuruka  Unspecified (2842591)    78276    79475
 2148 33.18  2.48  2.56           NC_039505.1   183503   184792 (2737274)  +          Kuruka  Unspecified (2737274)   183503   184792
 1522 34.80  2.50  2.07           NC_039505.1   449823   451022 (2471044)  +          Kuruka  Unspecified (2471044)   449823   451022
  352 31.94  4.40  4.82           NC_039505.1   498257   498506 (2423560)  +          Kuruka  Unspecified (2423560)   498257   498506
  234 32.07  1.85  1.85           NC_039505.1   712695   712802 (2209264)  +          Kuruka  Unspecified (2209264)   712695   712802
  226 29.03  0.00  0.00           NC_039505.1   820344   820405 (2101661)  +          Kuruka  Unspecified (2101661)   820344   820405
 1821 35.73  2.31  1.91           NC_039505.1  1353269  1354569 (1567497)  +          Kuruka  Unspecified (1567497)  1353269  1354569
 1642 33.71  2.81  2.63           NC_039505.1  1427499  1428674 (1493392)  +          Kuruka  Unspecified (1493392)  1427499  1428674
  285 28.05  0.00  0.00           NC_039505.1  1475490  1475571 (1446495)  +          Kuruka  Unspecified (1446495)  1475490  1475571
 1076 36.65  1.38  1.23           NC_039505.1  1781914  1782565 (1139501)  +          Kuruka  Unspecified (1139501)  1781914  1782565
 1027 37.50  2.06  2.86           NC_039505.1  2220301  2221464 (700602)  +          Kuruka  Unspecified (700602)  2220301  2221464
  358 28.95  0.00  0.00           NC_039505.1  2221703  2221816 (700250)  +          Kuruka  Unspecified (700250)  2221703  2221816
  828 29.78  1.79  1.79           NC_039505.1  2696264  2696598 (225468)  +          Kuruka  Unspecified (225468)  2696264  2696598
  564 36.46  0.26  0.52           NC_039505.1  2696807  2697192 (224874)  +          Kuruka  Unspecified (224874)  2696807  2697192
 1148 37.89  1.45  2.86           NC_039505.1   233486   234656 (2687410)  C          Kuruka  Unspecified (2687410)   233486   234656
 1808 34.89  2.50  2.07           NC_039505.1   504534   505733 (2416333)  C          Kuruka  Unspecified (2416333)   504534   505733
 2049 34.37  1.74  1.34           NC_039505.1   515068   516335 (2405731)  C          Kuruka  Unspecified (2405731)   515068   516335
  225 26.47  0.00  0.00           NC_039505.1   953226   953293 (1968773)  C          Kuruka  Unspecified (1968773)   953226   953293
  262 36.48  1.79  0.88           NC_039505.1  1193482  1193705 (1728361)  C          Kuruka  Unspecified (1728361)  1193482  1193705
  303 34.64  6.99  2.94           NC_039505.1  1193965  1194193 (1727873)  C          Kuruka  Unspecified (1727873)  1193965  1194193
 2103 32.44  4.81  2.59           NC_039505.1  1226914  1228160 (1693906)  C          Kuruka  Unspecified (1693906)  1226914  1228160
  370 35.85  0.00  0.00           NC_039505.1  1393111  1393269 (1528797)  C          Kuruka  Unspecified (1528797)  1393111  1393269
  272 29.27  0.00  0.00           NC_039505.1  1434483  1434564 (1487502)  C          Kuruka  Unspecified (1487502)  1434483  1434564
  245 19.61  0.00  0.00           NC_039505.1  1502968  1503018 (1419048)  C          Kuruka  Unspecified (1419048)  1502968  1503018
  400 34.16  0.62  0.62           NC_039505.1  1696292  1696453 (1225613)  C          Kuruka  Unspecified (1225613)  1696292  1696453
 2180 33.74  2.91  2.99           NC_039505.1  1801047  1802317 (1119749)  C          Kuruka  Unspecified (1119749)  1801047  1802317
  544 35.55  5.73  4.70           NC_039505.1  2071839  2072449 (849617)  C          Kuruka  Unspecified (849617)  2071839  2072449
  286 36.20  0.61  0.61           NC_039505.1  2481450  2481613 (440453)  C          Kuruka  Unspecified (440453)  2481450  2481613
  255 33.70  5.62  1.62           NC_039505.1  2678894  2679071 (242995)  C          Kuruka  Unspecified (242995)  2678894  2679071
 2061 33.20  2.56  2.56           NC_039505.1  2842802  2844090  (77976)  C          Kuruka  Unspecified  (77976)  2842802  2844090
  550 26.72  6.44  6.44           NC_039505.1  2891555  2891818  (30248)  C          Kuruka  Unspecified  (30248)  2891555  2891818
  310 33.53  2.29  2.87        NW_020799585.1    19159    19333  (16109)  +          Kuruka  Unspecified  (16109)    19159    19333
  246 29.03  0.00  0.00        NW_020799602.1    36638    36699  (24977)  +          Kuruka  Unspecified  (24977)    36638    36699
 1410 32.77  3.83  3.45        NW_020799708.1     1767     3122  (38775)  C          Kuruka  Unspecified  (38775)     1767     3122
 2141 33.85  2.28  2.36        NW_020799760.1    14035    15350  (14043)  C          Kuruka  Unspecified  (14043)    14035    15350
 1324 36.93  1.42  1.51        NW_020799765.1    18738    19933  (11339)  +          Kuruka  Unspecified  (11339)    18738    19933
 1268 36.39  1.49  1.68        NW_020799776.1     4097     5172  (10581)  C          Kuruka  Unspecified  (10581)     4097     5172
  261 34.82  3.52  3.52        NW_020799794.1    49877    50132     (10)  C          Kuruka  Unspecified     (10)    49877    50132
 2141 33.25  2.48  2.56        NW_020799800.1    17273    18562   (7780)  C          Kuruka  Unspecified   (7780)    17273    18562
 2288 32.61  2.30  2.48        NW_020799901.1     6170     7342   (9422)  +          Kuruka  Unspecified   (9422)     6170     7342
 1722 32.86  2.65  2.44        NW_020799901.1    11085    12026   (4738)  +          Kuruka  Unspecified   (4738)    11085    12026
 1777 35.83  2.38  1.91        NW_020799904.1     8770    10069  (32590)  C          Kuruka  Unspecified  (32590)     8770    10069
  243 28.13  4.48  4.48        NW_020799913.1    13844    13977  (18249)  +          Kuruka  Unspecified  (18249)    13844    13977
  230 28.24  2.30  2.30        NW_020799932.1    20178    20264   (3603)  +          Kuruka  Unspecified   (3603)    20178    20264
  264 21.31  3.49  7.23        NW_020799936.1    14479    14564    (652)  C          Kuruka  Unspecified    (652)    14479    14564
 2063 34.14  1.97  1.57        NW_020799937.1     4092     5359  (14764)  C          Kuruka  Unspecified  (14764)     4092     5359
  945 34.76  7.70  0.86        NW_020799949.1     9435    10200  (36427)  +          Kuruka  Unspecified  (36427)     9435    10200
  463 37.27  0.71  0.71        NW_020799949.1    10471    10751  (35876)  +          Kuruka  Unspecified  (35876)    10471    10751
  493 31.15  8.41  7.99        NW_020799949.1    16691    17475  (29152)  +          Kuruka  Unspecified  (29152)    16691    17475
 1111 37.46  1.39  2.54        NW_020799951.1    47572    48724   (1743)  C          Kuruka  Unspecified   (1743)    47572    48724
 2049 33.94  1.89  1.81        NW_020799956.1     2372     3643  (31462)  +          Kuruka  Unspecified  (31462)     2372     3643
  226 34.85  1.27  1.91        NW_020799956.1    19802    19959  (15146)  C          Kuruka  Unspecified  (15146)    19802    19959
 1885 35.46  2.44  2.05        NW_020799962.1    23090    24399   (1095)  +          Kuruka  Unspecified   (1095)    23090    24399
  266 24.42  3.42  9.01        NW_020799978.1    15746    15862  (14464)  +          Kuruka  Unspecified  (14464)    15746    15862
 1086 36.53  2.88  1.90        NW_020799998.1    13927    15070   (8913)  C          Kuruka  Unspecified   (8913)    13927    15070
 1324 36.93  1.42  1.51        NW_020800031.1     2204     3399  (27033)  C          Kuruka  Unspecified  (27033)     2204     3399
 1324 36.93  1.42  1.51        NW_020800031.1    10585    11780  (18652)  C          Kuruka  Unspecified  (18652)    10585    11780
 1324 36.93  1.42  1.51        NW_020800031.1    18726    19921  (10511)  C          Kuruka  Unspecified  (10511)    18726    19921
 1480 33.60  4.25  5.75        NW_020800084.1    16689    17888   (2971)  +          Kuruka  Unspecified   (2971)    16689    17888
 2474 33.09  2.65  2.65        NW_020800100.1    15111    16470  (14509)  C          Kuruka  Unspecified  (14509)    15111    16470
 1324 36.93  1.42  1.51        NW_020800117.1     6869     8064  (10136)  C          Kuruka  Unspecified  (10136)     6869     8064
  580 31.66  6.18  5.25        NW_020800127.1    17202    17541   (5325)  +          Kuruka  Unspecified   (5325)    17202    17541
  307 34.43  2.39  2.80        NW_020800132.1    14953    15203  (28222)  C          Kuruka  Unspecified  (28222)    14953    15203
 1845 33.65  2.75  4.58        NW_020800157.1    10079    11277  (16075)  +          Kuruka  Unspecified  (16075)    10079    11277
 1338 36.85  1.42  1.51        NW_020800157.1     3550     4745  (22607)  C          Kuruka  Unspecified  (22607)     3550     4745
 1135 35.82  2.42  2.54        NW_020800192.1    22515    23422      (0)  +          Kuruka  Unspecified      (0)    22515    23422
  245 27.79  6.47  6.93        NW_020800193.1    35490    35721   (1463)  C          Kuruka  Unspecified   (1463)    35490    35721
  257 34.44  2.70  2.70        NW_020800203.1    26578    26762  (21343)  +          Kuruka  Unspecified  (21343)    26578    26762
  470 34.97  5.52  8.43        NW_020800203.1    27023    27656  (20449)  +          Kuruka  Unspecified  (20449)    27023    27656
  276 29.24  5.17  5.63        NW_020800207.1    20239    20470  (16905)  +          Kuruka  Unspecified  (16905)    20239    20470
  249 29.29  4.08  4.79        NW_020800209.1    29496    29642  (12311)  C          Kuruka  Unspecified  (12311)    29496    29642
  910 30.59  3.93  5.11        NW_020800211.1    46144    46677  (11114)  C          Kuruka  Unspecified  (11114)    46144    46677
 1479 33.51  1.45  1.59        NW_020800211.1    51050    51807   (5984)  C          Kuruka  Unspecified   (5984)    51050    51807
  348 31.78  3.17  3.17        NW_020800212.1     1423     1643  (32174)  +          Kuruka  Unspecified  (32174)     1423     1643
  297 28.05  0.00  0.00        NW_020800212.1    25886    25967   (7850)  C          Kuruka  Unspecified   (7850)    25886    25967
  241 34.38  0.00  1.04        NW_020800226.1     5671     5767  (16006)  +          Kuruka  Unspecified  (16006)     5671     5767
  520 27.98  1.18  1.18        NW_020800245.1    31903    32072   (8819)  +          Kuruka  Unspecified   (8819)    31903    32072
  372 33.55  0.00  0.00        NW_020800245.1    32859    33013   (7878)  +          Kuruka  Unspecified   (7878)    32859    33013
 1158 31.86  5.33  3.41        NW_020800245.1    33331    34136   (6755)  +          Kuruka  Unspecified   (6755)    33331    34136
  265 29.27  0.00  0.00        NW_020800258.1    20401    20482   (6777)  +          Kuruka  Unspecified   (6777)    20401    20482
  404 31.99  3.90  3.90        NW_020800278.1     3612     3842  (17751)  +          Kuruka  Unspecified  (17751)     3612     3842
  351 32.61  4.96  4.96        NW_020800278.1     4083     4324  (17269)  +          Kuruka  Unspecified  (17269)     4083     4324
  442 26.12  0.89  0.89        NW_020800285.1     8728     8839   (2765)  C          Kuruka  Unspecified   (2765)     8728     8839
 1426 36.93  1.42  1.51        NW_020800304.1    16569    17764 (374134)  C          Kuruka  Unspecified (374134)    16569    17764
 1963 36.27  1.91  1.44        NW_020800321.1    25634    26942   (7409)  C          Kuruka  Unspecified   (7409)    25634    26942
 1360 36.93  1.42  1.51        NW_020800323.1    19832    21027  (31456)  C          Kuruka  Unspecified  (31456)    19832    21027
 2380 32.45  2.67  2.83        NW_020800351.1     7783     9054  (10195)  +          Kuruka  Unspecified  (10195)     7783     9054
 2415 32.30  2.75  2.83        NW_020800351.1    15001    16271   (2978)  +          Kuruka  Unspecified   (2978)    15001    16271
  470 33.16  0.00  1.05        NW_020800372.1    29971    30162   (3349)  C          Kuruka  Unspecified   (3349)    29971    30162
  247 30.10  0.79  2.42        NW_020800407.1    16076    16201  (17965)  C          Kuruka  Unspecified  (17965)    16076    16201
  423 28.96  0.58  4.19        NW_020800407.1    16516    16688  (17478)  C          Kuruka  Unspecified  (17478)    16516    16688
  291 34.64  6.99  2.94        NW_020800414.1    36740    36968  (12349)  +          Kuruka  Unspecified  (12349)    36740    36968
  242 36.48  1.79  0.88        NW_020800414.1    37228    37451  (11866)  +          Kuruka  Unspecified  (11866)    37228    37451
  232 23.33  1.64  1.64        NW_020800420.1    36056    36116  (23002)  +          Kuruka  Unspecified  (23002)    36056    36116
  411 26.90  1.72  5.99        NW_020800420.1    45511    45684  (13434)  +          Kuruka  Unspecified  (13434)    45511    45684
 1812 35.61  3.32  1.90        NW_020800450.1    11310    12606  (14299)  +          Kuruka  Unspecified  (14299)    11310    12606
 1426 36.93  1.42  1.51        NW_020800457.1     3995     5190  (25879)  +          Kuruka  Unspecified  (25879)     3995     5190
  328 37.98  0.00  0.00        NW_020800457.1    18277    19377  (12640)  +          Kuruka  Unspecified  (12640)    18277    19377
  321 37.12  3.92  3.92        NW_020800458.1    22680    23780  (22490)  +          Kuruka  Unspecified  (22490)    22680    23780
  984 35.11  2.39  0.72        NW_020800458.1    43408    43952   (1370)  C          Kuruka  Unspecified   (1370)    43408    43952
  319 25.52  5.66  6.33        NW_020800464.1    16733    16891  (38707)  C          Kuruka  Unspecified  (38707)    16733    16891
  292 30.77  4.10  4.10        NW_020800464.1    17114    17235  (38363)  C          Kuruka  Unspecified  (38363)    17114    17235
  226 34.85  1.27  1.91        NW_020800466.1    20751    20908   (4408)  +          Kuruka  Unspecified   (4408)    20751    20908
 1809 35.81  2.31  1.91        NW_020800472.1    24916    26216  (28311)  C          Kuruka  Unspecified  (28311)    24916    26216
 1324 36.93  1.42  1.51        NW_020800484.1     4794     5989  (25481)  +          Kuruka  Unspecified  (25481)     4794     5989
  363 32.68  0.65  0.65        NW_020800506.1    27298    27451   (5712)  +          Kuruka  Unspecified   (5712)    27298    27451
  974 37.37  1.55  1.65        NW_020800515.1    29239    30272  (21154)  +          Kuruka  Unspecified  (21154)    29239    30272
  314 33.55  0.65  0.65        NW_020800515.1    32035    32187  (19239)  +          Kuruka  Unspecified  (19239)    32035    32187
 1429 34.98  2.59  2.16        NW_020800522.1    33840    35037  (30475)  C          Kuruka  Unspecified  (30475)    33840    35037
  837 35.81  2.35  1.08        NW_020800523.1    21471    22108   (7378)  +          Kuruka  Unspecified   (7378)    21471    22108
 1091 36.19  1.19  3.25        NW_020800528.1    23445    24198   (6558)  C          Kuruka  Unspecified   (6558)    23445    24198
  365 34.47  2.89  2.89        NW_020800532.1    13823    14064  (46431)  +          Kuruka  Unspecified  (46431)    13823    14064
  364 33.92  2.99  2.99        NW_020800533.1    11399    11632  (18029)  C          Kuruka  Unspecified  (18029)    11399    11632
  948 30.53  3.74  5.11        NW_020800540.1    21029    21563  (12213)  C          Kuruka  Unspecified  (12213)    21029    21563
 1555 32.97  1.45  1.59        NW_020800540.1    25935    26692   (7084)  C          Kuruka  Unspecified   (7084)    25935    26692
 2130 33.77  2.59  2.34        NW_020800547.1     3459     4695  (29138)  C          Kuruka  Unspecified  (29138)     3459     4695
  601 36.73  0.27  0.27        NW_020800547.1    15038    15411  (18422)  C          Kuruka  Unspecified  (18422)    15038    15411
  546 31.87  5.16  0.38        NW_020800550.1    17055    17306  (14929)  C          Kuruka  Unspecified  (14929)    17055    17306
