  377 26.95  7.91  7.91     CATIWX010000001.1     6236     6513 (1290499)  +          Kuruka  Unspecified (1290499)     6236     6513
  334 34.08  4.69  4.28     CATIWX010000001.1     6855     7366 (1289646)  +          Kuruka  Unspecified (1289646)     6855     7366
 2222 32.34  3.09  2.83     CATIWX010000001.1   314609   315773 (981239)  +          Kuruka  Unspecified (981239)   314609   315773
  232 34.74  0.00  0.00     CATIWX010000001.1   321376   321470 (975542)  +          Kuruka  Unspecified (975542)   321376   321470
  355 31.56  7.31  3.07     CATIWX010000001.1   625973   626191 (670821)  +          Kuruka  Unspecified (670821)   625973   626191
  326 32.88  4.92  5.26     CATIWX010000001.1   712232   712536 (584476)  +          Kuruka  Unspecified (584476)   712232   712536
 1820 34.62  1.71  1.98     CATIWX010000001.1   969498   970664 (326348)  +          Kuruka  Unspecified (326348)   969498   970664
 2352 32.99  2.83  3.32     CATIWX010000001.1  1121357  1122626 (174386)  +          Kuruka  Unspecified (174386)  1121357  1122626
 2254 32.85  2.91  3.40     CATIWX010000001.1  1139743  1141012 (156000)  +          Kuruka  Unspecified (156000)  1139743  1141012
 1898 33.75  1.47  1.56     CATIWX010000001.1  1236383  1237535  (59477)  +          Kuruka  Unspecified  (59477)  1236383  1237535
 1283 34.98  2.41  2.50     CATIWX010000001.1   206543   207621 (1089391)  C          Kuruka  Unspecified (1089391)   206543   207621
 1303 35.53  3.30  3.38     CATIWX010000001.1   266332   267604 (1029408)  C          Kuruka  Unspecified (1029408)   266332   267604
 1747 33.55  4.55  4.02     CATIWX010000001.1   663825   665209 (631803)  C          Kuruka  Unspecified (631803)   663825   665209
 1310 31.99  4.83  4.44     CATIWX010000001.1   938938   939745 (357267)  C          Kuruka  Unspecified (357267)   938938   939745
  833 34.45  1.55  1.55     CATIWX010000001.1   942276   942726 (354286)  C          Kuruka  Unspecified (354286)   942276   942726
  330 29.34  1.32  1.32     CATIWX010000001.1  1009791  1009942 (287070)  C          Kuruka  Unspecified (287070)  1009791  1009942
 2282 34.34  1.56  1.92     CATIWX010000001.1  1089938  1091089 (205923)  C          Kuruka  Unspecified (205923)  1089938  1091089
 1417 34.21  4.18  5.62     CATIWX010000002.1    88727    90042 (1135349)  +          Kuruka  Unspecified (1135349)    88727    90042
  554 34.85  5.17  4.88     CATIWX010000002.1    95693    96407 (1128984)  +          Kuruka  Unspecified (1128984)    95693    96407
 2240 32.42  3.09  2.83     CATIWX010000002.1   431214   432378 (793013)  +          Kuruka  Unspecified (793013)   431214   432378
  234 31.19  2.11  2.11     CATIWX010000002.1   437981   438075 (787316)  +          Kuruka  Unspecified (787316)   437981   438075
  355 31.56  7.31  3.07     CATIWX010000002.1   746915   747133 (478258)  +          Kuruka  Unspecified (478258)   746915   747133
  326 32.88  4.92  5.26     CATIWX010000002.1   831275   831579 (393812)  +          Kuruka  Unspecified (393812)   831275   831579
 1291 34.88  2.41  2.50     CATIWX010000002.1  1204013  1205091  (20300)  +          Kuruka  Unspecified  (20300)  1204013  1205091
  291 32.46  1.54  2.06     CATIWX010000002.1   341570   341764 (883627)  C          Kuruka  Unspecified (883627)   341570   341764
 1766 33.42  4.62  4.02     CATIWX010000002.1   784714   786097 (439294)  C          Kuruka  Unspecified (439294)   784714   786097
  261 28.77  0.00  0.00     CATIWX010000002.1   942550   942622 (282769)  C          Kuruka  Unspecified (282769)   942550   942622
  280 30.27  1.94  1.94     CATIWX010000002.1  1100712  1100866 (124525)  C          Kuruka  Unspecified (124525)  1100712  1100866
  568 33.21  2.41  2.41     CATIWX010000003.1   247690   247979 (913168)  +          Kuruka  Unspecified (913168)   247690   247979
  613 32.35  2.51  2.51     CATIWX010000003.1   417691   417969 (743178)  +          Kuruka  Unspecified (743178)   417691   417969
  267 31.53  2.82  4.08     CATIWX010000003.1   437611   437858 (723289)  +          Kuruka  Unspecified (723289)   437611   437858
  256 33.63  0.00  0.00     CATIWX010000003.1   509974   510086 (651061)  +          Kuruka  Unspecified (651061)   509974   510086
 1611 33.85  1.60  1.70     CATIWX010000003.1   518342   519342 (641805)  +          Kuruka  Unspecified (641805)   518342   519342
  311 31.09  0.83  0.83     CATIWX010000003.1   647259   647378 (513769)  +          Kuruka  Unspecified (513769)   647259   647378
  332 33.54  1.25  1.25     CATIWX010000003.1   749562   749721 (411426)  +          Kuruka  Unspecified (411426)   749562   749721
  262 33.33  0.00  0.00     CATIWX010000003.1   750031   750159 (410988)  +          Kuruka  Unspecified (410988)   750031   750159
  360 32.46  1.54  2.06     CATIWX010000003.1   869483   869677 (291470)  +          Kuruka  Unspecified (291470)   869483   869677
  324 36.65  4.49  5.84     CATIWX010000003.1   958922   960082 (201602)  +          Kuruka  Unspecified (201602)   958922   960082
  692 33.71  0.56  0.56     CATIWX010000003.1   968806   970153 (191984)  +          Kuruka  Unspecified (191984)   968806   970153
  371 32.12  0.00  0.00     CATIWX010000003.1  1068204  1068340  (92807)  +          Kuruka  Unspecified  (92807)  1068204  1068340
  606 32.35  2.51  2.51     CATIWX010000003.1  1133994  1134272  (26875)  +          Kuruka  Unspecified  (26875)  1133994  1134272
  907 36.77  3.01  4.53     CATIWX010000003.1    87164    88260 (1072887)  C          Kuruka  Unspecified (1072887)    87164    88260
  406 35.65  3.44  2.97     CATIWX010000003.1   329303   330018 (831409)  C          Kuruka  Unspecified (831409)   329303   330018
  350 33.23  4.92  5.26     CATIWX010000003.1   767326   767630 (393517)  C          Kuruka  Unspecified (393517)   767326   767630
 1134 35.50  2.98  3.07     CATIWX010000004.1   144144   145285 (951519)  +          Kuruka  Unspecified (951519)   144144   145285
 2468 33.22  1.45  1.54     CATIWX010000004.1   540802   541972 (554832)  +          Kuruka  Unspecified (554832)   540802   541972
  360 32.46  1.54  2.06     CATIWX010000004.1   929698   929892 (166912)  +          Kuruka  Unspecified (166912)   929698   929892
 2101 32.89  1.21  1.31     CATIWX010000004.1    26896    27967 (1068837)  C          Kuruka  Unspecified (1068837)    26896    27967
  323 31.06  6.98  2.68     CATIWX010000004.1   182479   182693 (914111)  C          Kuruka  Unspecified (914111)   182479   182693
  459 32.47  4.90  4.17     CATIWX010000004.1   725067   725352 (371452)  C          Kuruka  Unspecified (371452)   725067   725352
  946 33.62  2.70  2.28     CATIWX010000004.1   879941   880421 (216383)  C          Kuruka  Unspecified (216383)   879941   880421
  253 30.10  2.80  3.77     CATIWX010000004.1   915274   915380 (181424)  C          Kuruka  Unspecified (181424)   915274   915380
 1604 34.80  2.45  2.55     CATIWX010000005.1   409200   410299 (216528)  +          Kuruka  Unspecified (216528)   409200   410299
  245 28.39  2.41  2.41     CATIWX010000005.1   605559   605641  (21186)  +          Kuruka  Unspecified  (21186)   605559   605641
  299 27.52  0.91  0.91     CATIWX010000005.1    50439    50548 (576279)  C          Kuruka  Unspecified (576279)    50439    50548
 1611 33.87  2.44  2.54     CATIWX010000005.1   138822   139845 (486982)  C          Kuruka  Unspecified (486982)   138822   139845
  241 28.77  0.00  0.00     CATIWX010000005.1   158697   158769 (468058)  C          Kuruka  Unspecified (468058)   158697   158769
  303 29.60  1.94  1.94     CATIWX010000005.1   312093   312247 (314580)  C          Kuruka  Unspecified (314580)   312093   312247
 1149 32.45  0.79  1.39     CATIWX010000006.1    69046    70174 (477450)  +          Kuruka  Unspecified (477450)    69046    70174
  336 33.54  1.25  1.25     CATIWX010000006.1   176264   176423 (370577)  +          Kuruka  Unspecified (370577)   176264   176423
  269 33.33  0.00  0.00     CATIWX010000006.1   176733   176861 (370139)  +          Kuruka  Unspecified (370139)   176733   176861
  330 29.34  1.32  1.32     CATIWX010000006.1    33325    33476 (513524)  C          Kuruka  Unspecified (513524)    33325    33476
  262 31.14  5.70  2.45     CATIWX010000007.1    37779    37936 (432590)  +          Kuruka  Unspecified (432590)    37779    37936
  967 37.71  1.23  1.37     CATIWX010000007.1   189611   190724 (280185)  C          Kuruka  Unspecified (280185)   189611   190724
  919 29.94  0.92  0.92     CATIWX010000007.1   375604   375930  (94596)  C          Kuruka  Unspecified  (94596)   375604   375930
 1368 35.97  1.20  1.30     CATIWX010000007.1   447181   448259  (22267)  C          Kuruka  Unspecified  (22267)   447181   448259
  460 37.03  2.94  2.94     CATIWX010000008.1   306912   307626 (160374)  +          Kuruka  Unspecified (160374)   306912   307626
  241 30.90  0.71  2.92     CATIWX010000008.1   422817   422956  (45044)  +          Kuruka  Unspecified  (45044)   422817   422956
  250 32.46  5.59  2.41     CATIWX010000008.1   320371   320531 (147469)  C          Kuruka  Unspecified (147469)   320371   320531
 1863 34.47  1.50  1.86     CATIWX010000008.1   384689   385820  (82180)  C          Kuruka  Unspecified  (82180)   384689   385820
  317 30.01  1.32  1.32     CATIWX010000009.1     2588     2739 (359086)  +          Kuruka  Unspecified (359086)     2588     2739
 1427 32.64  1.10  1.26     CATIWX010000009.1    49121    49756 (312069)  +          Kuruka  Unspecified (312069)    49121    49756
  246 29.17  0.00  0.00     CATIWX010000009.1    89705    89776 (272049)  +          Kuruka  Unspecified (272049)    89705    89776
  766 34.84  1.90  1.90     CATIWX010000009.1   183220   183693 (178132)  +          Kuruka  Unspecified (178132)   183220   183693
  389 30.83  0.00  0.00     CATIWX010000010.1    42941    43263 (313913)  +          Kuruka  Unspecified (313913)    42941    43263
 2138 31.87  1.81  1.90     CATIWX010000010.1   108146   109252 (247707)  +          Kuruka  Unspecified (247707)   108146   109252
 2425 33.01  1.91  2.00     CATIWX010000011.1   265372   266521  (77479)  +          Kuruka  Unspecified  (77479)   265372   266521
 1231 34.05  2.79  2.93     CATIWX010000012.1    42230    42946 (267677)  +          Kuruka  Unspecified (267677)    42230    42946
  897 31.34  1.18  1.47     CATIWX010000012.1    48084    48423 (262200)  +          Kuruka  Unspecified (262200)    48084    48423
  355 31.56  7.31  3.07     CATIWX010000013.1   105525   105743 (203892)  +          Kuruka  Unspecified (203892)   105525   105743
 2287 33.21  1.28  1.56     CATIWX010000013.1   233008   234102  (75533)  +          Kuruka  Unspecified  (75533)   233008   234102
 1780 33.50  4.50  4.12     CATIWX010000013.1   150119   151497 (158138)  C          Kuruka  Unspecified (158138)   150119   151497
  275 30.00  0.99  0.99     CATIWX010000013.1   170658   170758 (138877)  C          Kuruka  Unspecified (138877)   170658   170758
 2110 34.75  2.38  2.38     CATIWX010000014.1   160911   162213  (69787)  +          Kuruka  Unspecified  (69787)   160911   162213
  392 25.29  8.00  8.00     CATIWX010000015.1    83770    84044 (144956)  +          Kuruka  Unspecified (144956)    83770    84044
  304 34.41  6.46  2.53     CATIWX010000015.1    84383    84877 (144123)  +          Kuruka  Unspecified (144123)    84383    84877
  291 32.46  1.54  2.06     CATIWX010000015.1    21572    21766 (207234)  C          Kuruka  Unspecified (207234)    21572    21766
  363 32.06  2.33  2.80     CATIWX010000017.1    88962    89176 (105326)  C          Kuruka  Unspecified (105326)    88962    89176
  291 32.46  1.54  2.06     CATIWX010000017.1    95725    95919  (98583)  C          Kuruka  Unspecified  (98583)    95725    95919
  311 31.09  0.83  0.83     CATIWX010000018.1    19261    19380 (121620)  C          Kuruka  Unspecified (121620)    19261    19380
  305 30.25  0.83  0.83     CATIWX010000019.1    99778    99897  (40970)  +          Kuruka  Unspecified  (40970)    99778    99897
  277 32.76  0.00  0.00     CATIWX010000019.1   139831   139946    (921)  +          Kuruka  Unspecified    (921)   139831   139946
  225 30.56  0.00  0.00     CATIWX010000019.1   140321   140428    (439)  +          Kuruka  Unspecified    (439)   140321   140428
 1916 33.96  2.12  2.21     CATIWX010000019.1    49308    50394  (90473)  C          Kuruka  Unspecified  (90473)    49308    50394
  295 33.63  0.00  0.00     CATIWX010000019.1    55339    55451  (85416)  C          Kuruka  Unspecified  (85416)    55339    55451
  277 33.33  0.00  0.00     CATIWX010000019.1    71926    72054  (68813)  C          Kuruka  Unspecified  (68813)    71926    72054
  329 34.18  1.25  1.25     CATIWX010000019.1    72364    72523  (68344)  C          Kuruka  Unspecified  (68344)    72364    72523
  431 34.98  4.62  4.33     CATIWX010000021.1    29507    30220  (78780)  +          Kuruka  Unspecified  (78780)    29507    30220
  281 35.66  3.92  4.33     CATIWX010000021.1    41025    41279  (67721)  +          Kuruka  Unspecified  (67721)    41025    41279
  245 35.45  1.56  1.56     CATIWX010000023.1    35956    36147  (55638)  +          Kuruka  Unspecified  (55638)    35956    36147
  408 34.42  2.05  2.28     CATIWX010000023.1    36686    37125  (54660)  +          Kuruka  Unspecified  (54660)    36686    37125
 1577 35.35  2.39  2.71     CATIWX010000033.1    12491    13787   (2213)  +          Kuruka  Unspecified   (2213)    12491    13787
  593 31.58  5.00  4.18     CATIWX010000067.1     6628     7007  (71740)  +          Kuruka  Unspecified  (71740)     6628     7007
  840 38.03  2.53  3.93     CATIWX010000067.1    67272    68456  (10291)  C          Kuruka  Unspecified  (10291)    67272    68456
  801 33.64  1.79  1.79     CATIWX010000074.1    35824    36271  (16729)  +          Kuruka  Unspecified  (16729)    35824    36271
 1333 33.15  3.18  3.77     CATIWX010000074.1    44162    45042   (7958)  +          Kuruka  Unspecified   (7958)    44162    45042
  355 32.46  1.54  2.06     CATIWX010000075.1    32472    32666  (25584)  +          Kuruka  Unspecified  (25584)    32472    32666
  314 38.79  0.43  0.86     CATIWX010000089.1    31989    32222  (13917)  +          Kuruka  Unspecified  (13917)    31989    32222
  290 35.53  3.61  2.79     CATIWX010000098.1    24657    24905   (2095)  +          Kuruka  Unspecified   (2095)    24657    24905
 2202 33.78  1.57  1.95     CATIWX010000099.1   100061   101141  (91608)  +          Kuruka  Unspecified  (91608)   100061   101141
  281 34.15  5.67  5.88     CATIWX010000107.1    10795    11799  (51839)  C          Kuruka  Unspecified  (51839)    10795    11799
 1302 35.31  3.38  3.46     CATIWX010000110.1    48085    49357  (10290)  +          Kuruka  Unspecified  (10290)    48085    49357
  227 29.88  0.00  1.30     CATIWX010000110.1    33776    33853  (25794)  C          Kuruka  Unspecified  (25794)    33776    33853
 2200 32.96  2.34  1.91            OX453056.1  6158345  6159541 (21502071)  +          Kuruka  Unspecified (21502071)  6158345  6159541
  844 36.70  0.68  1.02            OX453056.1  9176558  9177146 (18484466)  +          Kuruka  Unspecified (18484466)  9176558  9177146
 2511 32.02  1.72  1.81            OX453056.1 12548102 12549208 (15112404)  +          Kuruka  Unspecified (15112404) 12548102 12549208
 2511 32.02  1.72  1.81            OX453056.1 12555259 12556365 (15105247)  +          Kuruka  Unspecified (15105247) 12555259 12556365
 2193 32.73  2.42  2.00            OX453056.1 24223533 24224729 (3436883)  +          Kuruka  Unspecified (3436883) 24223533 24224729
 2217 32.91  2.42  2.00            OX453056.1  6800861  6802057 (20859555)  C          Kuruka  Unspecified (20859555)  6800861  6802057
  872 37.37  2.64  4.16            OX453056.1  7210175  7211271 (20450341)  C          Kuruka  Unspecified (20450341)  7210175  7211271
 2233 32.82  2.42  2.00            OX453056.1 10853357 10854553 (16807059)  C          Kuruka  Unspecified (16807059) 10853357 10854553
 2233 32.82  2.42  2.00            OX453056.1 18994497 18995693 (8665919)  C          Kuruka  Unspecified (8665919) 18994497 18995693
  280 33.33  0.00  0.00            OX453056.1 24180898 24181026 (3480586)  C          Kuruka  Unspecified (3480586) 24180898 24181026
  336 33.54  1.25  1.25            OX453056.1 24181336 24181495 (3480117)  C          Kuruka  Unspecified (3480117) 24181336 24181495
  811 36.84  0.92  0.92            OX453057.1   734622   735273 (23844529)  +          Kuruka  Unspecified (23844529)   734622   735273
  349 33.54  1.25  1.25            OX453057.1  3545671  3545830 (21033972)  +          Kuruka  Unspecified (21033972)  3545671  3545830
  280 33.33  0.00  0.00            OX453057.1  3546140  3546268 (21033534)  +          Kuruka  Unspecified (21033534)  3546140  3546268
  301 39.66  0.43  0.86            OX453057.1 10902485 10902718 (13677084)  +          Kuruka  Unspecified (13677084) 10902485 10902718
 2238 32.30  2.49  2.05            OX453057.1 24344452 24345614 (234188)  +          Kuruka  Unspecified (234188) 24344452 24345614
 2231 32.88  2.34  1.91            OX453057.1    65130    66326 (24513476)  C          Kuruka  Unspecified (24513476)    65130    66326
  304 27.50  0.00  0.00            OX453057.1  3453102  3453181 (21126621)  C          Kuruka  Unspecified (21126621)  3453102  3453181
  978 37.91  1.23  1.37            OX453057.1  4571394  4572507 (20007678)  C          Kuruka  Unspecified (20007678)  4571394  4572507
  383 35.05  2.67  3.07            OX453057.1  7672674  7672935 (16906867)  C          Kuruka  Unspecified (16906867)  7672674  7672935
  280 33.33  0.00  0.00            OX453057.1 11116370 11116498 (13463304)  C          Kuruka  Unspecified (13463304) 11116370 11116498
  349 33.54  1.25  1.25            OX453057.1 11116808 11116967 (13462835)  C          Kuruka  Unspecified (13462835) 11116808 11116967
 1033 37.61  1.23  1.37            OX453057.1 19317926 19319039 (5261146)  C          Kuruka  Unspecified (5261146) 19317926 19319039
  397 37.90  0.40  0.80            OX453057.1 20711288 20711537 (3868265)  C          Kuruka  Unspecified (3868265) 20711288 20711537
  787 36.32  2.90  2.90            OX453057.1 22607074 22607762 (1972040)  C          Kuruka  Unspecified (1972040) 22607074 22607762
  362 32.55  1.15  1.15            OX453057.1 22608024 22608197 (1971605)  C          Kuruka  Unspecified (1971605) 22608024 22608197
  397 37.90  0.40  0.80            OX453057.1 23321716 23321965 (1257837)  C          Kuruka  Unspecified (1257837) 23321716 23321965
  349 33.54  1.25  1.25            OX453058.1 15579682 15579841 (8981115)  +          Kuruka  Unspecified (8981115) 15579682 15579841
  280 33.33  0.00  0.00            OX453058.1 15580151 15580279 (8980677)  +          Kuruka  Unspecified (8980677) 15580151 15580279
 2349 33.04  2.76  3.24            OX453058.1 19766968 19768237 (4792719)  +          Kuruka  Unspecified (4792719) 19766968 19768237
  316 39.23  0.43  0.86            OX453058.1 21364762 21364995 (3195961)  +          Kuruka  Unspecified (3195961) 21364762 21364995
  266 29.14  2.80  3.77            OX453058.1 24149095 24149201 (411755)  +          Kuruka  Unspecified (411755) 24149095 24149201
  293 36.26  1.56  1.96            OX453058.1   113700   113955 (24447001)  C          Kuruka  Unspecified (24447001)   113700   113955
  298 35.66  3.92  4.33            OX453058.1 16615381 16615635 (7945321)  C          Kuruka  Unspecified (7945321) 16615381 16615635
  799 37.00  2.32  2.32            OX453058.1 18011364 18012052 (6548904)  C          Kuruka  Unspecified (6548904) 18011364 18012052
  364 27.87  1.61  1.61            OX453058.1 18012314 18012437 (6548519)  C          Kuruka  Unspecified (6548519) 18012314 18012437
 2085 33.36  2.28  1.95            OX453058.1 23182116 23183341 (1377615)  C          Kuruka  Unspecified (1377615) 23182116 23183341
  251 26.49  0.00  2.94            OX453058.1 23184603 23184672 (1376284)  C          Kuruka  Unspecified (1376284) 23184603 23184672
  309 32.92  1.24  1.88            OX453059.1  2165808  2165968 (21680633)  +          Kuruka  Unspecified (21680633)  2165808  2165968
 2222 33.56  1.47  1.56            OX453059.1 20046960 20048112 (3798489)  +          Kuruka  Unspecified (3798489) 20046960 20048112
 2511 32.02  1.72  1.81            OX453059.1  1155258  1156364 (22690237)  C          Kuruka  Unspecified (22690237)  1155258  1156364
 2238 32.73  2.42  2.00            OX453059.1  5593462  5594658 (18251943)  C          Kuruka  Unspecified (18251943)  5593462  5594658
  819 37.09  2.18  2.18            OX453059.1  6521234  6521922 (17324679)  C          Kuruka  Unspecified (17324679)  6521234  6521922
  362 32.55  1.15  1.15            OX453059.1  6522184  6522357 (17324244)  C          Kuruka  Unspecified (17324244)  6522184  6522357
  397 37.90  0.40  0.80            OX453059.1 10914327 10914576 (12932025)  C          Kuruka  Unspecified (12932025) 10914327 10914576
  842 37.00  2.32  2.32            OX453059.1 13614067 13614755 (10231846)  C          Kuruka  Unspecified (10231846) 13614067 13614755
  371 32.55  1.15  1.15            OX453059.1 13615017 13615190 (10231411)  C          Kuruka  Unspecified (10231411) 13615017 13615190
  539 35.00  5.17  4.88            OX453060.1   364303   365017 (22597436)  +          Kuruka  Unspecified (22597436)   364303   365017
  393 35.24  0.87  1.31            OX453060.1   431476   431705 (22530748)  +          Kuruka  Unspecified (22530748)   431476   431705
  362 32.55  1.15  1.15            OX453060.1  2246650  2246823 (20715630)  +          Kuruka  Unspecified (20715630)  2246650  2246823
  783 37.14  2.32  2.32            OX453060.1  2247085  2247773 (20714680)  +          Kuruka  Unspecified (20714680)  2247085  2247773
  335 25.61  0.00  0.00            OX453060.1  2404952  2405033 (20557420)  +          Kuruka  Unspecified (20557420)  2404952  2405033
  298 31.21  1.86  2.50            OX453060.1 13152406 13152566 (9809887)  +          Kuruka  Unspecified (9809887) 13152406 13152566
 2209 33.52  2.75  2.82            OX453060.1 14719044 14720354 (8242099)  +          Kuruka  Unspecified (8242099) 14719044 14720354
  371 32.55  1.15  1.15            OX453060.1 16660128 16660301 (6302152)  +          Kuruka  Unspecified (6302152) 16660128 16660301
  762 36.53  2.17  2.17            OX453060.1 16660563 16661116 (6301337)  +          Kuruka  Unspecified (6301337) 16660563 16661116
  856 36.53  0.68  1.02            OX453060.1 17104671 17105259 (5857194)  +          Kuruka  Unspecified (5857194) 17104671 17105259
  349 33.54  1.25  1.25            OX453060.1 17244732 17244891 (5717562)  +          Kuruka  Unspecified (5717562) 17244732 17244891
  280 33.33  0.00  0.00            OX453060.1 17245201 17245329 (5717124)  +          Kuruka  Unspecified (5717124) 17245201 17245329
  656 38.62  1.88  1.97            OX453060.1  5011265  5012434 (17950019)  C          Kuruka  Unspecified (17950019)  5011265  5012434
  868 36.84  2.32  2.32            OX453060.1  5650120  5650808 (17311645)  C          Kuruka  Unspecified (17311645)  5650120  5650808
  371 32.55  1.15  1.15            OX453060.1  5651070  5651243 (17311210)  C          Kuruka  Unspecified (17311210)  5651070  5651243
 2247 32.73  2.42  2.00            OX453060.1  6284009  6285205 (16677248)  C          Kuruka  Unspecified (16677248)  6284009  6285205
  297 34.82  3.12  3.53            OX453060.1  8049574  8049829 (14912624)  C          Kuruka  Unspecified (14912624)  8049574  8049829
  812 36.25  0.85  1.19            OX453060.1  8384404  8384992 (14577461)  C          Kuruka  Unspecified (14577461)  8384404  8384992
 2220 32.91  2.42  2.00            OX453060.1 15941632 15942828 (7019625)  C          Kuruka  Unspecified (7019625) 15941632 15942828
  470 32.72  4.55  3.82            OX453060.1 16281766 16282051 (6680402)  C          Kuruka  Unspecified (6680402) 16281766 16282051
  371 32.55  1.15  1.15            OX453061.1 17104830 17105003 (5831703)  +          Kuruka  Unspecified (5831703) 17104830 17105003
  827 36.84  2.32  2.32            OX453061.1 17105265 17105953 (5830753)  +          Kuruka  Unspecified (5830753) 17105265 17105953
 1851 32.82  2.42  2.00            OX453061.1  2392793  2393989 (20542717)  C          Kuruka  Unspecified (20542717)  2392793  2393989
  634 36.51  2.92  4.45            OX453061.1 17656334 17657428 (5279278)  C          Kuruka  Unspecified (5279278) 17656334 17657428
  245 31.49  3.05  3.05            OX453061.1 18216976 18217106 (4719600)  C          Kuruka  Unspecified (4719600) 18216976 18217106
  424 33.56  0.00  0.00            OX453061.1 18217800 18217945 (4718761)  C          Kuruka  Unspecified (4718761) 18217800 18217945
  312 25.61  0.00  0.00            OX453061.1 19644497 19644578 (3292128)  C          Kuruka  Unspecified (3292128) 19644497 19644578
  360 36.61  0.97  0.97            OX453061.1 20677998 20678306 (2258400)  C          Kuruka  Unspecified (2258400) 20677998 20678306
  510 33.58  0.37  0.37            OX453061.1 20678509 20678777 (2257929)  C          Kuruka  Unspecified (2257929) 20678509 20678777
 2207 32.65  2.42  2.00            OX453062.1  7863094  7864290 (15038249)  +          Kuruka  Unspecified (15038249)  7863094  7864290
 1354 35.61  3.30  3.38            OX453062.1 13914811 13916083 (8986456)  +          Kuruka  Unspecified (8986456) 13914811 13916083
 2215 33.36  2.96  3.03            OX453062.1 20535078 20536462 (2366077)  +          Kuruka  Unspecified (2366077) 20535078 20536462
  295 31.86  1.86  2.50            OX453062.1 21156517 21156677 (1745862)  +          Kuruka  Unspecified (1745862) 21156517 21156677
  285 22.03  0.00  0.00            OX453062.1  7020327  7020385 (15882154)  C          Kuruka  Unspecified (15882154)  7020327  7020385
  829 36.92  2.32  2.32            OX453062.1  7629522  7630645 (15272329)  C          Kuruka  Unspecified (15272329)  7629522  7630645
 2303 32.79  2.34  1.91            OX453062.1 14834690 14835886 (8066653)  C          Kuruka  Unspecified (8066653) 14834690 14835886
  356 33.25  5.30  4.28            OX453062.1 18196905 18197413 (4705126)  C          Kuruka  Unspecified (4705126) 18196905 18197413
  378 25.70  8.00  8.00            OX453062.1 18197755 18198029 (4704510)  C          Kuruka  Unspecified (4704510) 18197755 18198029
  828 31.38  4.40  5.03            OX453062.1 22056483 22056982 (845557)  C          Kuruka  Unspecified (845557) 22056483 22056982
  401 34.65  2.67  3.07            OX453063.1  6283875  6284136 (16395145)  +          Kuruka  Unspecified (16395145)  6283875  6284136
  309 33.61  5.13  3.36            OX453063.1 10417751 10417984 (12261297)  +          Kuruka  Unspecified (12261297) 10417751 10417984
  309 31.21  1.86  2.50            OX453063.1 18039008 18039168 (4640113)  +          Kuruka  Unspecified (4640113) 18039008 18039168
 2188 33.72  1.65  1.39            OX453063.1  1185186  1186334 (21492947)  C          Kuruka  Unspecified (21492947)  1185186  1186334
  903 37.19  2.64  4.16            OX453063.1  8801181  8802277 (13877004)  C          Kuruka  Unspecified (13877004)  8801181  8802277
  842 36.52  2.32  2.32            OX453063.1  9648203  9649326 (13030390)  C          Kuruka  Unspecified (13030390)  9648203  9649326
  884 36.52  2.32  2.32            OX453063.1 10061799 10062922 (12616794)  C          Kuruka  Unspecified (12616794) 10061799 10062922
  943 33.67  3.31  5.79            OX453063.1 16660015 16660739 (6018542)  C          Kuruka  Unspecified (6018542) 16660015 16660739
  390 35.05  2.67  3.07            OX453064.1  1520662  1520923 (20904741)  +          Kuruka  Unspecified (20904741)  1520662  1520923
  377 36.73  2.45  2.45            OX453064.1  4324326  4325449 (18101013)  +          Kuruka  Unspecified (18101013)  4324326  4325449
  272 37.62  0.72  0.72            OX453064.1 21051603 21052716 (1373784)  +          Kuruka  Unspecified (1373784) 21051603 21052716
 1854 33.27  4.62  4.09            OX453064.1 22080211 22081595 (344069)  +          Kuruka  Unspecified (344069) 22080211 22081595
  390 35.05  2.67  3.07            OX453064.1  1613537  1613798 (20811866)  C          Kuruka  Unspecified (20811866)  1613537  1613798
  805 37.05  0.68  1.02            OX453064.1  2362317  2362905 (20062759)  C          Kuruka  Unspecified (20062759)  2362317  2362905
  815 35.87  2.90  2.90            OX453064.1  6955676  6956364 (15469300)  C          Kuruka  Unspecified (15469300)  6955676  6956364
  362 32.55  1.15  1.15            OX453064.1  6956626  6956799 (15468865)  C          Kuruka  Unspecified (15468865)  6956626  6956799
 1012 37.72  1.23  1.37            OX453064.1 13357403 13358516 (9067531)  C          Kuruka  Unspecified (9067531) 13357403 13358516
  408 36.82  4.17  0.40            OX453064.1 14530824 14531063 (7894601)  C          Kuruka  Unspecified (7894601) 14530824 14531063
  349 36.25  1.53  1.85            OX453064.1 14943585 14943910 (7481754)  C          Kuruka  Unspecified (7481754) 14943585 14943910
  296 27.50  0.00  0.00            OX453065.1   986054   986133 (21250676)  +          Kuruka  Unspecified (21250676)   986054   986133
  505 30.84  3.40  3.40            OX453065.1  1052197  1052431 (21184378)  +          Kuruka  Unspecified (21184378)  1052197  1052431
 1883 34.00  1.21  1.30            OX453065.1  1786524  1787676 (20449133)  +          Kuruka  Unspecified (20449133)  1786524  1787676
  312 25.61  0.00  0.00            OX453065.1  2046787  2046868 (20189941)  +          Kuruka  Unspecified (20189941)  2046787  2046868
  388 35.05  2.67  3.07            OX453065.1 11455970 11456231 (10780578)  +          Kuruka  Unspecified (10780578) 11455970 11456231
 2241 32.73  2.42  2.00            OX453065.1 17426720 17427916 (4808893)  +          Kuruka  Unspecified (4808893) 17426720 17427916
  313 31.14  5.70  2.45            OX453065.1   183513   183670 (22053139)  C          Kuruka  Unspecified (22053139)   183513   183670
  799 37.00  2.32  2.32            OX453065.1   533719   534407 (21702402)  C          Kuruka  Unspecified (21702402)   533719   534407
  362 32.55  1.15  1.15            OX453065.1   534669   534842 (21701967)  C          Kuruka  Unspecified (21701967)   534669   534842
  314 31.09  0.83  0.83            OX453065.1  3186829  3186948 (19049861)  C          Kuruka  Unspecified (19049861)  3186829  3186948
 2235 32.42  3.90  1.83            OX453065.1  5183975  5185152 (17051657)  C          Kuruka  Unspecified (17051657)  5183975  5185152
  324 31.09  0.83  0.83            OX453065.1  6441422  6441541 (15795268)  C          Kuruka  Unspecified (15795268)  6441422  6441541
  868 35.09  1.42  1.56            OX453065.1 15701366 15702507 (6534738)  C          Kuruka  Unspecified (6534738) 15701366 15702507
  285 36.07  3.92  4.33            OX453065.1 17879721 17879975 (4356834)  C          Kuruka  Unspecified (4356834) 17879721 17879975
  314 33.91  4.92  5.26            OX453066.1 11924140 11924444 (10309118)  +          Kuruka  Unspecified (10309118) 11924140 11924444
  857 36.53  0.68  1.02            OX453066.1 13085911 13086499 (9147063)  +          Kuruka  Unspecified (9147063) 13085911 13086499
  270 26.92  0.00  0.00            OX453066.1   131909   131986 (22101576)  C          Kuruka  Unspecified (22101576)   131909   131986
  321 31.06  6.98  2.68            OX453066.1 20808587 20808801 (1424761)  C          Kuruka  Unspecified (1424761) 20808587 20808801
 1588 35.41  2.00  2.32            OX453066.1 21442019 21443316 (790246)  C          Kuruka  Unspecified (790246) 21442019 21443316
 2373 33.28  1.89  1.98            OX453067.1  7653985  7655146 (14509909)  +          Kuruka  Unspecified (14509909)  7653985  7655146
  389 35.05  2.67  3.07            OX453067.1  9042094  9042355 (13122700)  +          Kuruka  Unspecified (13122700)  9042094  9042355
  401 25.70  8.00  8.00            OX453067.1 18463227 18463501 (3701554)  +          Kuruka  Unspecified (3701554) 18463227 18463501
  360 33.25  5.30  4.28            OX453067.1 18463843 18464351 (3700704)  +          Kuruka  Unspecified (3700704) 18463843 18464351
  291 35.66  3.92  4.33            OX453067.1  4080747  4081001 (18084054)  C          Kuruka  Unspecified (18084054)  4080747  4081001
  235 33.65  2.73  2.73            OX453067.1 18483525 18483634 (3681421)  C          Kuruka  Unspecified (3681421) 18483525 18483634
  905 36.75  2.18  2.32            OX453067.1 20214982 20216146 (1949341)  C          Kuruka  Unspecified (1949341) 20214982 20216146
  323 30.78  1.88  2.52            OX453068.1  3350970  3351129 (18433771)  +          Kuruka  Unspecified (18433771)  3350970  3351129
  303 29.60  1.94  1.94            OX453068.1 20685407 20685561 (1099339)  +          Kuruka  Unspecified (1099339) 20685407 20685561
  526 30.39  3.40  3.40            OX453068.1   488749   488983 (21295917)  C          Kuruka  Unspecified (21295917)   488749   488983
 1435 35.20  3.30  3.38            OX453068.1   576235   577507 (21207393)  C          Kuruka  Unspecified (21207393)   576235   577507
  736 39.08  1.71  1.80            OX453068.1  1180541  1181710 (20603190)  C          Kuruka  Unspecified (20603190)  1180541  1181710
 1012 37.72  1.23  1.37            OX453068.1  5566252  5567365 (16217918)  C          Kuruka  Unspecified (16217918)  5566252  5567365
  282 31.11  2.82  4.08            OX453068.1 12989102 12989349 (8795551)  C          Kuruka  Unspecified (8795551) 12989102 12989349
 2247 32.73  2.42  2.00            OX453068.1 13628803 13629999 (8154901)  C          Kuruka  Unspecified (8154901) 13628803 13629999
 2412 32.81  1.63  1.71            OX453068.1 18137972 18139140 (3645760)  C          Kuruka  Unspecified (3645760) 18137972 18139140
 1493 34.79  2.19  2.19            OX453069.1    17923    18789 (21008448)  +          Kuruka  Unspecified (21008448)    17923    18789
  326 32.88  4.92  5.26            OX453069.1  3583436  3583740 (17443497)  +          Kuruka  Unspecified (17443497)  3583436  3583740
 1224 35.71  2.80  2.89            OX453069.1  7898026  7899167 (13128070)  +          Kuruka  Unspecified (13128070)  7898026  7899167
  239  0.00  0.00  6.45            OX453069.1 11625215 11625247 (9401990)  +          Kuruka  Unspecified (9401990) 11625215 11625247
  516 34.93  4.37  4.07            OX453069.1 12770157 12771298 (8256738)  +          Kuruka  Unspecified (8256738) 12770157 12771298
  251 26.49  0.00  2.94            OX453069.1 16276202 16276271 (4750966)  +          Kuruka  Unspecified (4750966) 16276202 16276271
 2206 34.39  2.14  1.76            OX453069.1 16277486 16278841 (4748396)  +          Kuruka  Unspecified (4748396) 16277486 16278841
  792 36.93  3.01  4.54            OX453069.1   344079   345173 (20682064)  C          Kuruka  Unspecified (20682064)   344079   345173
 2225 33.51  1.56  1.65            OX453069.1  3038057  3039209 (17988028)  C          Kuruka  Unspecified (17988028)  3038057  3039209
  873 37.02  2.33  2.33            OX453069.1 17895046 17895775 (3131462)  C          Kuruka  Unspecified (3131462) 17895046 17895775
  371 32.55  1.15  1.15            OX453069.1 17896037 17896210 (3131027)  C          Kuruka  Unspecified (3131027) 17896037 17896210
  266 29.14  2.80  3.77            OX453069.1 20142780 20142886 (884351)  C          Kuruka  Unspecified (884351) 20142780 20142886
 2420 32.05  1.81  1.90            OX453070.1  1576942  1578048 (19049025)  +          Kuruka  Unspecified (19049025)  1576942  1578048
  371 32.55  1.15  1.15            OX453070.1  4576572  4576745 (16050328)  +          Kuruka  Unspecified (16050328)  4576572  4576745
  842 37.00  2.32  2.32            OX453070.1  4577007  4577695 (16049378)  +          Kuruka  Unspecified (16049378)  4577007  4577695
 2180 33.83  1.47  1.56            OX453070.1  5523595  5524747 (15102326)  +          Kuruka  Unspecified (15102326)  5523595  5524747
  393 35.24  0.87  1.31            OX453070.1  9570522  9570751 (11056322)  +          Kuruka  Unspecified (11056322)  9570522  9570751
  316 39.23  0.43  0.86            OX453070.1 12718103 12718336 (7908737)  +          Kuruka  Unspecified (7908737) 12718103 12718336
  280 33.33  0.00  0.00            OX453070.1   367559   367687 (20259386)  C          Kuruka  Unspecified (20259386)   367559   367687
  349 33.54  1.25  1.25            OX453070.1   367997   368156 (20258917)  C          Kuruka  Unspecified (20258917)   367997   368156
  943 36.79  2.95  4.36            OX453070.1  6752163  6753347 (13873726)  C          Kuruka  Unspecified (13873726)  6752163  6753347
 2169 33.43  2.75  2.82            OX453070.1 15698063 15699373 (4927700)  C          Kuruka  Unspecified (4927700) 15698063 15699373
  401 34.65  2.67  3.07            OX453071.1 18551768 18552029 (1832560)  +          Kuruka  Unspecified (1832560) 18551768 18552029
 2474 33.16  1.54  1.62            OX453071.1 19565947 19567117 (817472)  +          Kuruka  Unspecified (817472) 19565947 19567117
 2313 33.28  1.89  1.98            OX453071.1 19783381 19784542 (600047)  +          Kuruka  Unspecified (600047) 19783381 19784542
 2238 34.20  2.60  2.67            OX453071.1   169435   170819 (20213770)  C          Kuruka  Unspecified (20213770)   169435   170819
 2260 34.18  1.49  1.57            OX453071.1   227948   229157 (20155432)  C          Kuruka  Unspecified (20155432)   227948   229157
  884 37.17  2.33  2.33            OX453071.1  1288515  1289244 (19095345)  C          Kuruka  Unspecified (19095345)  1288515  1289244
  364 33.14  1.15  1.15            OX453071.1  1289506  1289679 (19094910)  C          Kuruka  Unspecified (19094910)  1289506  1289679
 1906 33.92  1.21  1.30            OX453071.1  2030623  2031775 (18352814)  C          Kuruka  Unspecified (18352814)  2030623  2031775
  293 26.51  0.00  1.20            OX453071.1  2913753  2913836 (17470753)  C          Kuruka  Unspecified (17470753)  2913753  2913836
 1321 35.37  3.30  3.38            OX453071.1  4788139  4789411 (15595178)  C          Kuruka  Unspecified (15595178)  4788139  4789411
 2461 32.17  1.63  1.72            OX453071.1  7252763  7253869 (13130720)  C          Kuruka  Unspecified (13130720)  7252763  7253869
 2208 33.13  2.34  1.91            OX453072.1  3886070  3887266 (16362512)  +          Kuruka  Unspecified (16362512)  3886070  3887266
  252 26.49  0.00  2.94            OX453072.1 11938141 11938210 (8311568)  +          Kuruka  Unspecified (8311568) 11938141 11938210
 1879 34.69  4.46  1.54            OX453072.1 11939425 11940747 (8309031)  +          Kuruka  Unspecified (8309031) 11939425 11940747
 2202 32.73  2.42  2.00            OX453072.1 17512220 17513416 (2736362)  +          Kuruka  Unspecified (2736362) 17512220 17513416
  245 31.49  3.05  3.05            OX453072.1   208270   208400 (20041378)  C          Kuruka  Unspecified (20041378)   208270   208400
  424 33.56  0.00  0.00            OX453072.1   209094   209239 (20040539)  C          Kuruka  Unspecified (20040539)   209094   209239
 2233 32.82  2.42  2.00            OX453072.1 11767646 11768842 (8480936)  C          Kuruka  Unspecified (8480936) 11767646 11768842
  281 34.82  3.12  3.53            OX453072.1 13166306 13166561 (7083217)  C          Kuruka  Unspecified (7083217) 13166306 13166561
  835 36.70  2.32  2.32            OX453072.1 19388484 19389172 (860606)  C          Kuruka  Unspecified (860606) 19388484 19389172
  362 32.55  1.15  1.15            OX453072.1 19389434 19389607 (860171)  C          Kuruka  Unspecified (860171) 19389434 19389607
 1673 33.91  2.45  1.95            OX453072.1 20235233 20236456  (13322)  C          Kuruka  Unspecified  (13322) 20235233 20236456
  227 26.49  0.00  2.94            OX453072.1 20237718 20237787  (11991)  C          Kuruka  Unspecified  (11991) 20237718 20237787
  921 37.11  2.92  4.44            OX453073.1  5762391  5763487 (14022695)  +          Kuruka  Unspecified (14022695)  5762391  5763487
 1560 34.05  4.20  5.01            OX453073.1  6576134  6577441 (13208741)  +          Kuruka  Unspecified (13208741)  6576134  6577441
  316 39.23  0.43  0.86            OX453073.1 18809159 18809392 (976790)  +          Kuruka  Unspecified (976790) 18809159 18809392
  297 34.82  3.12  3.53            OX453073.1   811371   811626 (18974556)  C          Kuruka  Unspecified (18974556)   811371   811626
  245 31.49  3.05  3.05            OX453073.1  6822489  6822619 (12963563)  C          Kuruka  Unspecified (12963563)  6822489  6822619
  424 33.56  0.00  0.00            OX453073.1  6823313  6823458 (12962724)  C          Kuruka  Unspecified (12962724)  6823313  6823458
 2280 34.09  1.49  1.57            OX453073.1 15635078 15636287 (4149895)  C          Kuruka  Unspecified (4149895) 15635078 15636287
  362 32.55  1.15  1.15            OX453074.1 12358428 12358601 (6233503)  +          Kuruka  Unspecified (6233503) 12358428 12358601
  799 37.00  2.32  2.32            OX453074.1 12358863 12359551 (6232553)  +          Kuruka  Unspecified (6232553) 12358863 12359551
  349 33.54  1.25  1.25            OX453074.1 13665220 13665379 (4926725)  +          Kuruka  Unspecified (4926725) 13665220 13665379
  280 33.33  0.00  0.00            OX453074.1 13665689 13665817 (4926287)  +          Kuruka  Unspecified (4926287) 13665689 13665817
  949 35.72  5.07  2.33            OX453074.1 15178652 15179697 (3412407)  +          Kuruka  Unspecified (3412407) 15178652 15179697
 1035 32.90  2.74  2.36            OX453074.1 15446317 15446864 (3145240)  +          Kuruka  Unspecified (3145240) 15446317 15446864
  259 33.68  0.00  0.00            OX453074.1 15461782 15462613 (3130225)  +          Kuruka  Unspecified (3130225) 15461782 15462613
  397 37.90  0.40  0.80            OX453074.1   502757   503006 (18089098)  C          Kuruka  Unspecified (18089098)   502757   503006
  297 34.82  3.12  3.53            OX453074.1  3929250  3929505 (14662599)  C          Kuruka  Unspecified (14662599)  3929250  3929505
 2313 33.28  1.89  1.98            OX453074.1  6268952  6270113 (12321991)  C          Kuruka  Unspecified (12321991)  6268952  6270113
  257 29.49  0.00  0.00            OX453075.1 10369527 10369604 (8041262)  +          Kuruka  Unspecified (8041262) 10369527 10369604
  469 34.49  2.64  2.64            OX453075.1 11540120 11540384 (6870482)  +          Kuruka  Unspecified (6870482) 11540120 11540384
  280 33.33  0.00  0.00            OX453075.1  1910161  1910289 (16500577)  C          Kuruka  Unspecified (16500577)  1910161  1910289
  349 33.54  1.25  1.25            OX453075.1  1910599  1910758 (16500108)  C          Kuruka  Unspecified (16500108)  1910599  1910758
  348 29.60  1.94  1.94            OX453075.1 18200963 18201117 (209749)  C          Kuruka  Unspecified (209749) 18200963 18201117
 1918 33.26  1.41  1.52            OX453076.1  3586209  3587130 (14444301)  +          Kuruka  Unspecified (14444301)  3586209  3587130
  521 31.60  1.70  1.70            OX453076.1  3590202  3590436 (14440995)  +          Kuruka  Unspecified (14440995)  3590202  3590436
  227 31.75  0.00  0.00            OX453076.1  3602014  3602076 (14429355)  +          Kuruka  Unspecified (14429355)  3602014  3602076
  854 36.70  0.68  1.02            OX453076.1  8346219  8346807 (9684624)  +          Kuruka  Unspecified (9684624)  8346219  8346807
  277 34.75  2.82  0.69            OX453076.1  8417632  8417773 (9613658)  +          Kuruka  Unspecified (9613658)  8417632  8417773
 1082 33.36  4.46  3.25            OX453076.1 14992397 14993248 (3038183)  +          Kuruka  Unspecified (3038183) 14992397 14993248
 1497 34.23  2.66  1.31            OX453076.1 15018950 15020177 (3011654)  +          Kuruka  Unspecified (3011654) 15018950 15020177
  276 30.34  0.00  0.00            OX453076.1 15707562 15707650 (2323781)  +          Kuruka  Unspecified (2323781) 15707562 15707650
  355 38.31  0.40  0.80            OX453076.1 15833805 15834054 (2197377)  +          Kuruka  Unspecified (2197377) 15833805 15834054
 2191 32.73  2.42  2.00            OX453076.1   757053   758249 (17273182)  C          Kuruka  Unspecified (17273182)   757053   758249
  314 31.09  0.83  0.83            OX453076.1  2937591  2937710 (15093721)  C          Kuruka  Unspecified (15093721)  2937591  2937710
  335 25.61  0.00  0.00            OX453076.1  6094922  6095003 (11936428)  C          Kuruka  Unspecified (11936428)  6094922  6095003
 2373 33.28  1.89  1.98            OX453076.1  9340654  9341815 (8689616)  C          Kuruka  Unspecified (8689616)  9340654  9341815
  269 33.33  0.00  0.00            OX453076.1 11933707 11933835 (6097596)  C          Kuruka  Unspecified (6097596) 11933707 11933835
  336 33.54  1.25  1.25            OX453076.1 11934145 11934304 (6097127)  C          Kuruka  Unspecified (6097127) 11934145 11934304
  303 29.60  1.94  1.94            OX453076.1 14090782 14090936 (3940495)  C          Kuruka  Unspecified (3940495) 14090782 14090936
 2255 34.33  1.24  1.32            OX453076.1 15094076 15095285 (2936146)  C          Kuruka  Unspecified (2936146) 15094076 15095285
  591 39.43  1.71  1.80            OX453076.1 16256996 16258165 (1773266)  C          Kuruka  Unspecified (1773266) 16256996 16258165
 2099 33.74  1.73  2.00            OX453076.1 17514678 17515832 (515599)  C          Kuruka  Unspecified (515599) 17514678 17515832
 2160 33.43  2.75  2.82            OX453077.1   435653   436963 (17074853)  +          Kuruka  Unspecified (17074853)   435653   436963
  374 36.72  2.45  2.45            OX453077.1 12362528 12363651 (5148963)  +          Kuruka  Unspecified (5148963) 12362528 12363651
  304 39.23  0.43  0.86            OX453077.1 13495868 13496101 (4015715)  +          Kuruka  Unspecified (4015715) 13495868 13496101
  504 37.55  2.65  4.17            OX453077.1 17271067 17272161 (239655)  +          Kuruka  Unspecified (239655) 17271067 17272161
  439 32.88  0.00  0.00            OX453077.1   634086   634231 (16877585)  C          Kuruka  Unspecified (16877585)   634086   634231
  245 31.49  3.05  3.05            OX453077.1  5253996  5254126 (12257690)  C          Kuruka  Unspecified (12257690)  5253996  5254126
  422 33.56  0.00  0.00            OX453077.1  5254820  5254965 (12256851)  C          Kuruka  Unspecified (12256851)  5254820  5254965
 1191 35.79  2.80  2.89            OX453077.1  6098251  6099392 (11412424)  C          Kuruka  Unspecified (11412424)  6098251  6099392
 2313 33.28  1.89  1.98            OX453077.1 17366936 17368097 (143719)  C          Kuruka  Unspecified (143719) 17366936 17368097
  413 33.56  0.00  0.00            OX453078.1  3354484  3354629 (13052856)  +          Kuruka  Unspecified (13052856)  3354484  3354629
  225 30.00  2.17  2.17            OX453078.1  3355362  3355453 (13052032)  +          Kuruka  Unspecified (13052032)  3355362  3355453
 2157 33.66  2.96  3.03            OX453078.1  6091878  6093262 (10314223)  +          Kuruka  Unspecified (10314223)  6091878  6093262
  282 31.11  2.82  4.08            OX453078.1  8978314  8978561 (7428924)  +          Kuruka  Unspecified (7428924)  8978314  8978561
 2473 32.20  1.72  1.81            OX453078.1 10286476 10287582 (6119903)  +          Kuruka  Unspecified (6119903) 10286476 10287582
 1581 35.49  2.00  2.32            OX453078.1 11338022 11339319 (5068166)  +          Kuruka  Unspecified (5068166) 11338022 11339319
  429 32.88  0.00  0.00            OX453078.1 13090870 13091015 (3316470)  +          Kuruka  Unspecified (3316470) 13090870 13091015
  225 30.00  2.17  2.17            OX453078.1 13091748 13091839 (3315646)  +          Kuruka  Unspecified (3315646) 13091748 13091839
  336 33.54  1.25  1.25            OX453078.1 16403592 16403751   (3734)  +          Kuruka  Unspecified   (3734) 16403592 16403751
  269 33.33  0.00  0.00            OX453078.1 16404061 16404189   (3296)  +          Kuruka  Unspecified   (3296) 16404061 16404189
 1922 33.98  1.39  1.48            OX453078.1  4073073  4074225 (12333260)  C          Kuruka  Unspecified (12333260)  4073073  4074225
  307 31.00  2.05  2.76            OX453078.1  9968351  9968496 (6438989)  C          Kuruka  Unspecified (6438989)  9968351  9968496
  872 37.07  2.83  4.35            OX453078.1 13912050 13913146 (2494339)  C          Kuruka  Unspecified (2494339) 13912050 13913146
 2222 32.56  2.42  2.00            OX453079.1  2748746  2749942 (12636636)  +          Kuruka  Unspecified (12636636)  2748746  2749942
  806 36.70  0.68  1.02            OX453079.1 13077356 13077944 (2308634)  +          Kuruka  Unspecified (2308634) 13077356 13077944
  364 26.09  8.00  8.00            OX453079.1 13878907 13879181 (1507397)  +          Kuruka  Unspecified (1507397) 13878907 13879181
  353 33.45  5.30  4.28            OX453079.1 13879523 13880031 (1506547)  +          Kuruka  Unspecified (1506547) 13879523 13880031
 1047 35.25  3.13  3.26            OX453079.1   323692   324521 (15062057)  C          Kuruka  Unspecified (15062057)   323692   324521
  314 31.09  0.83  0.83            OX453079.1  1399099  1399218 (13987360)  C          Kuruka  Unspecified (13987360)  1399099  1399218
  541 37.83  1.77  1.91            OX453079.1  5230719  5231451 (10155127)  C          Kuruka  Unspecified (10155127)  5230719  5231451
  360 31.94  1.54  2.06            OX453079.1  7467059  7467253 (7919325)  C          Kuruka  Unspecified (7919325)  7467059  7467253
 2149 33.92  1.47  1.56            OX453079.1  7762341  7763493 (7623085)  C          Kuruka  Unspecified (7623085)  7762341  7763493
  333 34.65  2.67  3.07            OX453079.1  8236198  8236459 (7150119)  C          Kuruka  Unspecified (7150119)  8236198  8236459
 2231 33.39  1.73  1.82            OX453079.1  9346327  9347479 (6039099)  C          Kuruka  Unspecified (6039099)  9346327  9347479
  947 37.52  1.23  1.37            OX453079.1  9388406  9389519 (5997442)  C          Kuruka  Unspecified (5997442)  9388406  9389519
  334 33.01  2.33  2.80            OX453079.1 12698911 12699125 (2687453)  C          Kuruka  Unspecified (2687453) 12698911 12699125
  331 33.72  1.15  1.15            OX453080.1 12168347 12168520 (2936262)  +          Kuruka  Unspecified (2936262) 12168347 12168520
  799 37.00  2.32  2.32            OX453080.1 12168782 12169470 (2935312)  +          Kuruka  Unspecified (2935312) 12168782 12169470
  282 31.11  2.82  4.08            OX453080.1 14682780 14683027 (421755)  +          Kuruka  Unspecified (421755) 14682780 14683027
  380 37.90  0.40  0.80            OX453080.1  5810530  5810779 (9294003)  C          Kuruka  Unspecified (9294003)  5810530  5810779
  296 27.50  0.00  0.00            OX453080.1  8326080  8326159 (6778623)  C          Kuruka  Unspecified (6778623)  8326080  8326159
  365 31.74  4.90  4.17            OX453080.1 15049998 15050283  (54499)  C          Kuruka  Unspecified  (54499) 15049998 15050283
  277 32.76  0.00  0.00            OX453081.1   392034   392149 (14257476)  +          Kuruka  Unspecified (14257476)   392034   392149
  241 29.63  0.00  0.00            OX453081.1   392524   392631 (14256994)  +          Kuruka  Unspecified (14256994)   392524   392631
  329 27.87  1.61  1.61            OX453081.1  3763797  3763920 (10885705)  +          Kuruka  Unspecified (10885705)  3763797  3763920
  799 37.00  2.32  2.32            OX453081.1  3764182  3764870 (10884755)  +          Kuruka  Unspecified (10884755)  3764182  3764870
  392 36.61  0.78  0.78            OX453081.1 11438302 11439396 (3211067)  +          Kuruka  Unspecified (3211067) 11438302 11439396
 1964 34.39  2.67  2.75            OX453081.1   793988   795225 (13854400)  C          Kuruka  Unspecified (13854400)   793988   795225
  261 29.14  2.80  3.77            OX453081.1  3551563  3551669 (11097956)  C          Kuruka  Unspecified (11097956)  3551563  3551669
  297 31.94  0.83  0.83            OX453081.1  6923567  6923686 (7725939)  C          Kuruka  Unspecified (7725939)  6923567  6923686
  269 33.33  0.00  0.00            OX453081.1  9868751  9868879 (4780746)  C          Kuruka  Unspecified (4780746)  9868751  9868879
  336 33.54  1.25  1.25            OX453081.1  9869189  9869348 (4780277)  C          Kuruka  Unspecified (4780277)  9869189  9869348
  783 37.14  2.32  2.32            OX453081.1 10375559 10376247 (4273378)  C          Kuruka  Unspecified (4273378) 10375559 10376247
  362 32.55  1.15  1.15            OX453081.1 10376509 10376682 (4272943)  C          Kuruka  Unspecified (4272943) 10376509 10376682
  308 31.14  5.70  2.45            OX453082.1   376982   377139 (13796313)  +          Kuruka  Unspecified (13796313)   376982   377139
 1267 35.70  3.30  3.38            OX453082.1  4630906  4632178 (9541274)  +          Kuruka  Unspecified (9541274)  4630906  4632178
  570 37.01  2.74  4.26            OX453082.1 11994150 11995244 (2178208)  +          Kuruka  Unspecified (2178208) 11994150 11995244
  539 37.47  1.91  2.05            OX453082.1  3972336  3973068 (10200384)  C          Kuruka  Unspecified (10200384)  3972336  3973068
 1673 35.85  1.27  1.36            OX453082.1  5181785  5182884 (8990568)  C          Kuruka  Unspecified (8990568)  5181785  5182884
  678 36.55  2.32  2.32            OX453082.1  6558631  6559319 (7614133)  C          Kuruka  Unspecified (7614133)  6558631  6559319
  329 27.87  1.61  1.61            OX453082.1  6559581  6559704 (7613748)  C          Kuruka  Unspecified (7613748)  6559581  6559704
  863 37.86  2.56  3.98            OX453082.1  9271225  9272396 (4901056)  C          Kuruka  Unspecified (4901056)  9271225  9272396
 1851 32.82  2.42  2.00            OX453082.1  9865629  9866825 (4306627)  C          Kuruka  Unspecified (4306627)  9865629  9866825
  244 33.62  5.77  6.18            OX453082.1 13259402 13259661 (913791)  C          Kuruka  Unspecified (913791) 13259402 13259661
  270 23.73  0.00  0.00            OX453083.1  1112190  1112248 (1550752)  +          Kuruka  Unspecified (1550752)  1112190  1112248
 2380 33.01  1.62  1.79            OX453083.1  1356187  1357358 (1305642)  +          Kuruka  Unspecified (1305642)  1356187  1357358
  270 23.73  0.00  0.00            OX453083.1  1451398  1451456 (1211544)  +          Kuruka  Unspecified (1211544)  1451398  1451456
  736 31.90  3.10  3.10            OX453083.1  1480165  1481544 (1182449)  +          Kuruka  Unspecified (1182449)  1480165  1481544
  278 31.76  1.99  1.99            OX453083.1  1611412  1611562 (1051438)  +          Kuruka  Unspecified (1051438)  1611412  1611562
 1052 35.42  3.51  3.51            OX453083.1  1669504  1670644 (992356)  +          Kuruka  Unspecified (992356)  1669504  1670644
  808 33.09  1.28  0.76            OX453083.1  1674188  1674746 (988421)  +          Kuruka  Unspecified (988421)  1674188  1674746
 1050 32.72  4.42  3.73            OX453083.1  1679062  1679807 (983193)  +          Kuruka  Unspecified (983193)  1679062  1679807
  230 39.17  1.50  1.50            OX453083.1  1691949  1692215 (970785)  +          Kuruka  Unspecified (970785)  1691949  1692215
  245 28.39  2.41  2.41            OX453083.1  1712819  1712901 (950099)  +          Kuruka  Unspecified (950099)  1712819  1712901
  340 32.46  1.54  2.06            OX453083.1  1765668  1765862 (897138)  +          Kuruka  Unspecified (897138)  1765668  1765862
  469 34.49  2.64  2.64            OX453083.1  1963721  1963985 (699015)  +          Kuruka  Unspecified (699015)  1963721  1963985
  409 33.47  6.68  5.84            OX453083.1  2457322  2458042 (205305)  +          Kuruka  Unspecified (205305)  2457322  2458042
  653 35.90  1.42  1.56            OX453083.1     3528     4669 (2658767)  C          Kuruka  Unspecified (2658767)     3528     4669
 1271 33.22  4.87  3.72            OX453083.1   205424   206766 (2456673)  C          Kuruka  Unspecified (2456673)   205424   206766
 1020 35.28  3.87  3.51            OX453083.1   212147   213283 (2449717)  C          Kuruka  Unspecified (2449717)   212147   213283
  301 35.73  4.02  4.44            OX453083.1   290343   290591 (2372409)  C          Kuruka  Unspecified (2372409)   290343   290591
  291 32.46  1.54  2.06            OX453083.1   470972   471166 (2191834)  C          Kuruka  Unspecified (2191834)   470972   471166
  249 37.41  0.00  0.00            OX453083.1   891980   892118 (1770882)  C          Kuruka  Unspecified (1770882)   891980   892118
  262 29.69  2.37  2.37            OX453083.1   990020   990188 (1672812)  C          Kuruka  Unspecified (1672812)   990020   990188
  332 29.34  1.32  1.32            OX453083.1   990530   990681 (1672319)  C          Kuruka  Unspecified (1672319)   990530   990681
 1586 35.23  2.39  2.70            OX453083.1  1074220  1075517 (1587483)  C          Kuruka  Unspecified (1587483)  1074220  1075517
  269 32.78  4.47  6.25            OX453083.1  1142441  1142619 (1520381)  C          Kuruka  Unspecified (1520381)  1142441  1142619
 2017 32.96  1.12  1.31            OX453083.1  1325476  1326548 (1336452)  C          Kuruka  Unspecified (1336452)  1325476  1326548
 1169 33.35  5.29  4.71            OX453083.1  1402542  1403921 (1259551)  C          Kuruka  Unspecified (1259551)  1402542  1403921
  270 23.73  0.00  0.00            OX453083.1  1458375  1458433 (1204567)  C          Kuruka  Unspecified (1204567)  1458375  1458433
 1371 35.70  3.30  3.38            OX453083.1  1945413  1946685 (716315)  C          Kuruka  Unspecified (716315)  1945413  1946685
  293 26.51  0.00  1.20            OX453083.1  2520356  2520439 (142561)  C          Kuruka  Unspecified (142561)  2520356  2520439
  646 36.70  0.68  1.02            OX453084.1   765779   766367 (10051006)  +          Kuruka  Unspecified (10051006)   765779   766367
  521 35.00  4.08  3.78            OX453084.1  9365731  9366872 (1451300)  +          Kuruka  Unspecified (1451300)  9365731  9366872
  446 33.95  2.05  2.28            OX453084.1  1608505  1608944 (9208429)  C          Kuruka  Unspecified (9208429)  1608505  1608944
  261 34.92  1.56  1.56            OX453084.1  1609483  1609674 (9207699)  C          Kuruka  Unspecified (9207699)  1609483  1609674
  280 31.09  0.83  0.83            OX453084.1  4486069  4486188 (6331185)  C          Kuruka  Unspecified (6331185)  4486069  4486188
  258 29.09  2.37  2.37            OX453084.1  9029525  9029693 (1787680)  C          Kuruka  Unspecified (1787680)  9029525  9029693
  339 29.34  1.32  1.32            OX453084.1  9030035  9030186 (1787187)  C          Kuruka  Unspecified (1787187)  9030035  9030186
  314 31.09  0.83  0.83            OX453085.1    27096    27215 (10404563)  +          Kuruka  Unspecified (10404563)    27096    27215
 1353 34.87  1.42  1.42            OX453085.1  2695630  2696403 (7735375)  +          Kuruka  Unspecified (7735375)  2695630  2696403
 1903 34.16  1.13  1.22            OX453085.1  3067958  3069110 (7362668)  +          Kuruka  Unspecified (7362668)  3067958  3069110
  329 27.87  1.61  1.61            OX453085.1  5342774  5342897 (5088881)  +          Kuruka  Unspecified (5088881)  5342774  5342897
  626 37.00  2.32  2.32            OX453085.1  5343159  5343847 (5087931)  +          Kuruka  Unspecified (5087931)  5343159  5343847
 2153 31.77  1.81  1.90            OX453085.1  7939751  7940857 (2490921)  +          Kuruka  Unspecified (2490921)  7939751  7940857
 2191 32.73  2.42  2.00            OX453085.1 10098097 10099293 (332485)  +          Kuruka  Unspecified (332485) 10098097 10099293
  305 27.50  0.00  0.00            OX453085.1  9453105  9453184 (978594)  C          Kuruka  Unspecified (978594)  9453105  9453184
  228 24.53  0.00  0.00            OX453085.1 10357795 10357847  (73931)  C          Kuruka  Unspecified  (73931) 10357795 10357847
  333 30.27  1.94  1.94            OX453085.1 10358194 10358348  (73430)  C          Kuruka  Unspecified  (73430) 10358194 10358348
  293 31.86  1.86  2.50            OX453086.1   961806   961966 (8489174)  +          Kuruka  Unspecified (8489174)   961806   961966
  324 31.09  0.83  0.83            OX453086.1  2194943  2195062 (7256078)  +          Kuruka  Unspecified (7256078)  2194943  2195062
  812 37.49  2.95  4.36            OX453086.1  8317907  8319091 (1132049)  +          Kuruka  Unspecified (1132049)  8317907  8319091
  442 32.84  4.90  4.17            OX453086.1  3379667  3379952 (6071188)  C          Kuruka  Unspecified (6071188)  3379667  3379952
  521 36.22  2.59  4.55            OX453086.1  8257111  8258207 (1193335)  C          Kuruka  Unspecified (1193335)  8257111  8258207
  432 29.02  4.68  4.68            OX453087.1  1263430  1263664 (7950724)  +          Kuruka  Unspecified (7950724)  1263430  1263664
  280 32.46  1.54  2.06            OX453087.1  2679660  2679854 (6534534)  +          Kuruka  Unspecified (6534534)  2679660  2679854
  281 34.82  3.12  3.53            OX453087.1  7143416  7143671 (2070717)  +          Kuruka  Unspecified (2070717)  7143416  7143671
 1981 33.18  1.91  2.00            OX453087.1  8840096  8841245 (373143)  +          Kuruka  Unspecified (373143)  8840096  8841245
  225 30.00  2.17  2.17            OX453087.1  5226734  5226825 (3987563)  C          Kuruka  Unspecified (3987563)  5226734  5226825
  417 32.88  0.00  0.00            OX453087.1  5227558  5227703 (3986685)  C          Kuruka  Unspecified (3986685)  5227558  5227703
 2029 32.96  2.26  1.80            OX453087.1  5255161  5256266 (3958122)  C          Kuruka  Unspecified (3958122)  5255161  5256266
 2014 33.80  2.37  1.95            OX453087.1  5692032  5693256 (3521132)  C          Kuruka  Unspecified (3521132)  5692032  5693256
  251 26.49  0.00  2.94            OX453087.1  5694517  5694586 (3519802)  C          Kuruka  Unspecified (3519802)  5694517  5694586
  321 35.24  0.87  1.31            OX453087.1  6392300  6392529 (2821859)  C          Kuruka  Unspecified (2821859)  6392300  6392529
