  348 32.75  5.90  5.05     CAWKXZ010000001.1    71854    72226 (253677)  C          Kuruka  Unspecified (253677)    71854    72226
  228 40.02  0.00  2.27     CAWKXZ010000014.1     9432     9656   (4856)  C          Kuruka  Unspecified   (4856)     9432     9656
 1341 35.02  2.57  2.20            OY970756.1   121808   122937 (36066004)  +          Kuruka  Unspecified (36066004)   121808   122937
  230 30.21  3.09  1.01            OY970756.1  4307061  4307157 (31881784)  +          Kuruka  Unspecified (31881784)  4307061  4307157
  293 32.64  0.00  0.00            OY970756.1  5695440  5695810 (30493364)  +          Kuruka  Unspecified (30493364)  5695440  5695810
  448 34.58  0.40  2.05            OY970756.1  5696222  5696469 (30492472)  +          Kuruka  Unspecified (30492472)  5696222  5696469
 1468 34.62  2.48  2.03            OY970756.1  9416226  9417354 (26771587)  +          Kuruka  Unspecified (26771587)  9416226  9417354
  926 37.69  2.22  2.31            OY970756.1 26526369 26527495 (9661446)  +          Kuruka  Unspecified (9661446) 26526369 26527495
  949 37.59  2.40  2.49            OY970756.1 29224897 29226023 (6962918)  +          Kuruka  Unspecified (6962918) 29224897 29226023
  294 32.06  2.04  3.45            OY970756.1 29858891 29859184 (6329757)  +          Kuruka  Unspecified (6329757) 29858891 29859184
  270 38.38  2.07  3.86            OY970756.1 31289736 31290025 (4898916)  +          Kuruka  Unspecified (4898916) 31289736 31290025
  288 31.45  0.79  1.60            OY970756.1   643445   643570 (35545371)  C          Kuruka  Unspecified (35545371)   643445   643570
  354 30.76  5.02  5.02            OY970756.1  2834917  2835135 (33353806)  C          Kuruka  Unspecified (33353806)  2834917  2835135
  249 22.64  0.00  0.00            OY970756.1  3778980  3779032 (32409909)  C          Kuruka  Unspecified (32409909)  3778980  3779032
 2179 30.97  2.16  2.54            OY970756.1  6518243  6519309 (29669632)  C          Kuruka  Unspecified (29669632)  6518243  6519309
 1984 34.75  3.33  1.55            OY970756.1  9044534  9045673 (27143268)  C          Kuruka  Unspecified (27143268)  9044534  9045673
  910 37.78  2.22  2.31            OY970756.1 17990605 17991731 (18197210)  C          Kuruka  Unspecified (18197210) 17990605 17991731
  255 25.00  2.44  2.44            OY970756.1 18149375 18149456 (18039485)  C          Kuruka  Unspecified (18039485) 18149375 18149456
  724 36.60  1.02  1.19            OY970756.1 21280484 21281072 (14907869)  C          Kuruka  Unspecified (14907869) 21280484 21281072
  240 30.10  3.80  6.11            OY970756.1 28152093 28152276 (8036665)  C          Kuruka  Unspecified (8036665) 28152093 28152276
  359 32.06  2.04  3.45            OY970756.1 31347696 31347989 (4840952)  C          Kuruka  Unspecified (4840952) 31347696 31347989
  369 29.76  7.35  2.82            OY970756.1 32002201 32002404 (4186537)  C          Kuruka  Unspecified (4186537) 32002201 32002404
  231 22.64  0.00  0.00            OY970756.1 34581579 34581631 (1607310)  C          Kuruka  Unspecified (1607310) 34581579 34581631
  347 33.74  3.52  3.92            OY970756.1 35998833 35999088 (189853)  C          Kuruka  Unspecified (189853) 35998833 35999088
  258 29.33  0.00  0.00            OY970757.1   256610   256684 (24032936)  +          Kuruka  Unspecified (24032936)   256610   256684
  708 36.77  1.02  1.19            OY970757.1  6158013  6158601 (18131019)  +          Kuruka  Unspecified (18131019)  6158013  6158601
  278 31.71  0.00  0.00            OY970757.1 10122510 10122591 (14167029)  +          Kuruka  Unspecified (14167029) 10122510 10122591
 2073 34.03  1.54  1.62            OY970757.1 14770764 14771934 (9517686)  +          Kuruka  Unspecified (9517686) 14770764 14771934
  330 33.74  3.52  3.92            OY970757.1 17163042 17163297 (7126323)  +          Kuruka  Unspecified (7126323) 17163042 17163297
 1815 33.27  1.51  1.60            OY970757.1 23823020 23824082 (465538)  +          Kuruka  Unspecified (465538) 23823020 23824082
 1331 34.74  2.88  2.99            OY970757.1 23925054 23926059 (363561)  +          Kuruka  Unspecified (363561) 23925054 23926059
  258 33.74  3.52  3.92            OY970757.1 24142110 24142365 (147255)  +          Kuruka  Unspecified (147255) 24142110 24142365
  297 34.23  0.67  0.67            OY970757.1   502649   502798 (23786822)  C          Kuruka  Unspecified (23786822)   502649   502798
  880 32.60  2.99  2.30            OY970757.1  2754416  2755594 (21534470)  C          Kuruka  Unspecified (21534470)  2754416  2755594
  298 36.04  1.49  2.00            OY970757.1  3980291  3980491 (20309129)  C          Kuruka  Unspecified (20309129)  3980291  3980491
  863 33.30  2.27  1.38            OY970757.1 16624284 16625357 (7664764)  C          Kuruka  Unspecified (7664764) 16624284 16625357
  843 32.41  2.93  2.10            OY970757.1 19143504 19144561 (5145503)  C          Kuruka  Unspecified (5145503) 19143504 19144561
 1328 35.51  3.08  3.16            OY970757.1 21996976 21998272 (2291348)  C          Kuruka  Unspecified (2291348) 21996976 21998272
  849 33.77  2.93  2.10            OY970757.1 23009756 23010369 (1279251)  C          Kuruka  Unspecified (1279251) 23009756 23010369
  272 29.14  2.23  2.23            OY970758.1   156272   156450 (22661642)  +          Kuruka  Unspecified (22661642)   156272   156450
  724 33.47  3.49  3.49            OY970758.1  1429554  1430742 (21388166)  +          Kuruka  Unspecified (21388166)  1429554  1430742
 2388 34.10  1.37  1.72            OY970758.1  9114213  9115376 (13702716)  +          Kuruka  Unspecified (13702716)  9114213  9115376
  254 22.64  0.00  0.00            OY970758.1  9445041  9445093 (13372999)  +          Kuruka  Unspecified (13372999)  9445041  9445093
  372 28.29  6.39  6.39            OY970758.1 19570532 19570750 (3247342)  +          Kuruka  Unspecified (3247342) 19570532 19570750
  231 22.64  0.00  0.00            OY970758.1   997024   997076 (21821016)  C          Kuruka  Unspecified (21821016)   997024   997076
  242 22.64  0.00  0.00            OY970758.1  1572549  1572601 (21245491)  C          Kuruka  Unspecified (21245491)  1572549  1572601
  342 32.36  0.58  1.17            OY970758.1 10123191 10123362 (12694730)  C          Kuruka  Unspecified (12694730) 10123191 10123362
  276 37.66  2.07  3.86            OY970758.1 12303991 12304280 (10513812)  C          Kuruka  Unspecified (10513812) 12303991 12304280
  258 33.04  0.86  0.86            OY970758.1 14647474 14647589 (8170503)  C          Kuruka  Unspecified (8170503) 14647474 14647589
 1708 34.81  2.48  2.03            OY970759.1  8059657  8060785 (13813494)  +          Kuruka  Unspecified (13813494)  8059657  8060785
  345 33.34  3.52  3.92            OY970759.1  8637739  8637994 (13236285)  +          Kuruka  Unspecified (13236285)  8637739  8637994
 1251 36.01  2.93  3.01            OY970759.1 17074754 17076050 (4798229)  +          Kuruka  Unspecified (4798229) 17074754 17076050
  397 33.54  0.00  0.00            OY970759.1 18681706 18681863 (3192416)  +          Kuruka  Unspecified (3192416) 18681706 18681863
 1332 35.64  3.00  3.16            OY970759.1 19314544 19315841 (2558438)  +          Kuruka  Unspecified (2558438) 19314544 19315841
  496 30.46  4.73  4.73            OY970759.1 21228244 21228560 (645719)  +          Kuruka  Unspecified (645719) 21228244 21228560
  458 36.50  2.95  3.28            OY970759.1 21228767 21229409 (644870)  +          Kuruka  Unspecified (644870) 21228767 21229409
  353 35.89  2.35  2.76            OY970759.1    56404    56658 (21817621)  C          Kuruka  Unspecified (21817621)    56404    56658
  307 20.00  0.00  0.00            OY970759.1   962714   962773 (20911506)  C          Kuruka  Unspecified (20911506)   962714   962773
  412 34.76  3.35  3.73            OY970759.1  1210461  1210729 (20663550)  C          Kuruka  Unspecified (20663550)  1210461  1210729
  343 33.34  2.49  2.92            OY970759.1 16943229 16943469 (4930810)  C          Kuruka  Unspecified (4930810) 16943229 16943469
  228 26.55  3.42  3.42            OY970759.1 17708344 17708460 (4165819)  C          Kuruka  Unspecified (4165819) 17708344 17708460
  397 33.54  0.00  0.00            OY970759.1 18684250 18684407 (3189872)  C          Kuruka  Unspecified (3189872) 18684250 18684407
  258 33.74  3.52  3.92            OY970759.1 19168281 19168536 (2705743)  C          Kuruka  Unspecified (2705743) 19168281 19168536
  260 37.59  0.75  0.75            OY970759.1 21246135 21246268 (628011)  C          Kuruka  Unspecified (628011) 21246135 21246268
  347 32.24  4.29  4.29            OY970760.1   250797   251146 (21521686)  +          Kuruka  Unspecified (21521686)   250797   251146
  264 30.65  0.79  1.60            OY970760.1   734954   735079 (21037753)  +          Kuruka  Unspecified (21037753)   734954   735079
  757 32.79  3.75  3.75            OY970760.1  6942722  6943909 (14829738)  +          Kuruka  Unspecified (14829738)  6942722  6943909
 1302 34.46  3.14  3.54            OY970760.1  2456142  2457161 (19315671)  C          Kuruka  Unspecified (19315671)  2456142  2457161
  335 32.18  3.35  3.78            OY970760.1  2653964  2654202 (19118630)  C          Kuruka  Unspecified (19118630)  2653964  2654202
 1253 34.66  3.14  3.54            OY970760.1  3137176  3138195 (18634637)  C          Kuruka  Unspecified (18634637)  3137176  3138195
 1380 34.65  2.57  2.12            OY970760.1  3416361  3417489 (18355343)  C          Kuruka  Unspecified (18355343)  3416361  3417489
 2450 31.84  2.86  3.34            OY970760.1  4596954  4598246 (17174586)  C          Kuruka  Unspecified (17174586)  4596954  4598246
  303 32.06  2.04  3.45            OY970760.1 10376599 10376892 (11395940)  C          Kuruka  Unspecified (11395940) 10376599 10376892
 1276 35.93  2.93  3.01            OY970760.1 16375446 16376742 (5396090)  C          Kuruka  Unspecified (5396090) 16375446 16376742
  364 34.06  2.97  2.97            OY970760.1 16856816 16857051 (4915781)  C          Kuruka  Unspecified (4915781) 16856816 16857051
  611 36.49  4.03  4.12            OY970760.1 16905388 16906553 (4866279)  C          Kuruka  Unspecified (4866279) 16905388 16906553
  496 33.86  1.53  1.92            OY970760.1 17090916 17091177 (4681655)  C          Kuruka  Unspecified (4681655) 17090916 17091177
 1366 35.58  3.08  3.16            OY970760.1 17458118 17459414 (4313418)  C          Kuruka  Unspecified (4313418) 17458118 17459414
  352 31.60  4.92  5.32            OY970760.1 18801463 18801726 (2971106)  C          Kuruka  Unspecified (2971106) 18801463 18801726
 1204 37.93  2.59  2.67            OY970760.1 21349113 21350385 (422447)  C          Kuruka  Unspecified (422447) 21349113 21350385
  315 33.55  0.67  0.67            OY970760.1 21584649 21584798 (188034)  C          Kuruka  Unspecified (188034) 21584649 21584798
  342 31.90  5.28  5.71            OY970761.1  2008890  2009135 (19550581)  +          Kuruka  Unspecified (19550581)  2008890  2009135
  264 30.65  0.79  1.60            OY970761.1 11083474 11083599 (10476117)  +          Kuruka  Unspecified (10476117) 11083474 11083599
 2478 31.76  2.86  3.34            OY970761.1 11874790 11876082 (9683634)  +          Kuruka  Unspecified (9683634) 11874790 11876082
  244 27.96  2.11  2.11            OY970761.1 16389822 16389916 (5169800)  +          Kuruka  Unspecified (5169800) 16389822 16389916
  326 36.89  2.08  2.43            OY970761.1 18795503 18795791 (2763925)  +          Kuruka  Unspecified (2763925) 18795503 18795791
  435 31.35  2.04  3.45            OY970761.1 20825619 20825912 (733804)  +          Kuruka  Unspecified (733804) 20825619 20825912
  332 34.15  3.52  3.92            OY970761.1  9499361  9499616 (12060100)  C          Kuruka  Unspecified (12060100)  9499361  9499616
  234 30.44  1.08  1.08            OY970761.1 13292489 13292581 (8267135)  C          Kuruka  Unspecified (8267135) 13292489 13292581
  824 37.26  1.82  1.95            OY970761.1 13958153 13959469 (7600741)  C          Kuruka  Unspecified (7600741) 13958153 13959469
  307 30.65  0.79  1.60            OY970761.1 19268099 19268224 (2291492)  C          Kuruka  Unspecified (2291492) 19268099 19268224
  258 33.04  0.86  0.86            OY970762.1  4145478  4145593 (17384866)  +          Kuruka  Unspecified (17384866)  4145478  4145593
  334 31.45  6.47  5.54            OY970762.1  7809875  7810214 (13720245)  +          Kuruka  Unspecified (13720245)  7809875  7810214
  341 31.29  3.45  3.96            OY970762.1  8427746  8427948 (13102511)  +          Kuruka  Unspecified (13102511)  8427746  8427948
  437 32.85  6.25  4.88            OY970762.1  8840455  8840838 (12689621)  +          Kuruka  Unspecified (12689621)  8840455  8840838
  232 29.58  4.70  4.70            OY970762.1  9030107  9030255 (12500204)  +          Kuruka  Unspecified (12500204)  9030107  9030255
  259 33.74  3.52  3.92            OY970762.1 10522800 10523055 (11007404)  +          Kuruka  Unspecified (11007404) 10522800 10523055
  330 33.74  3.52  3.92            OY970762.1 12080286 12080541 (9449918)  +          Kuruka  Unspecified (9449918) 12080286 12080541
  477 30.46  4.73  4.73            OY970762.1 16105308 16105624 (5424835)  +          Kuruka  Unspecified (5424835) 16105308 16105624
  466 36.78  2.67  3.01            OY970762.1 16105831 16106430 (5424029)  +          Kuruka  Unspecified (5424029) 16105831 16106430
  757 33.13  3.75  3.75            OY970762.1 16370771 16371959 (5159316)  +          Kuruka  Unspecified (5159316) 16370771 16371959
  255 30.39  0.00  0.00            OY970762.1 16963748 16963849 (4566610)  +          Kuruka  Unspecified (4566610) 16963748 16963849
  231 22.64  0.00  0.00            OY970762.1 20210458 20210510 (1319949)  +          Kuruka  Unspecified (1319949) 20210458 20210510
  315 31.62  6.86  2.35            OY970762.1 20324734 20324937 (1205522)  +          Kuruka  Unspecified (1205522) 20324734 20324937
  318 29.76  7.35  2.82            OY970762.1 21071262 21071465 (458994)  +          Kuruka  Unspecified (458994) 21071262 21071465
  242 29.96  6.03  6.49            OY970762.1 21201310 21201541 (328918)  +          Kuruka  Unspecified (328918) 21201310 21201541
  231 22.64  0.00  0.00            OY970762.1   486791   486843 (21043616)  C          Kuruka  Unspecified (21043616)   486791   486843
  254 29.21  2.59  2.59            OY970762.1  3381035  3381150 (18149309)  C          Kuruka  Unspecified (18149309)  3381035  3381150
 1743 34.95  2.42  1.98            OY970762.1  6266909  6268064 (15262395)  C          Kuruka  Unspecified (15262395)  6266909  6268064
 1818 33.67  4.13  2.03            OY970762.1  8272294  8273454 (13257005)  C          Kuruka  Unspecified (13257005)  8272294  8273454
  397 37.07  1.89  2.27            OY970762.1 12033573 12033837 (9496622)  C          Kuruka  Unspecified (9496622) 12033573 12033837
  303 30.65  0.79  1.60            OY970762.1 19693345 19693470 (1836989)  C          Kuruka  Unspecified (1836989) 19693345 19693470
  441 37.31  1.51  1.89            OY970762.1 20621177 20621441 (909018)  C          Kuruka  Unspecified (909018) 20621177 20621441
 1435 34.92  1.40  1.50            OY970763.1   210542   211541 (21233699)  +          Kuruka  Unspecified (21233699)   210542   211541
  327 35.22  0.62  0.62            OY970763.1   361004   361163 (21084077)  +          Kuruka  Unspecified (21084077)   361004   361163
  428 31.76  6.47  5.54            OY970763.1   684007   684346 (20760894)  +          Kuruka  Unspecified (20760894)   684007   684346
  258 33.04  0.86  0.86            OY970763.1 13606396 13606511 (7838729)  +          Kuruka  Unspecified (7838729) 13606396 13606511
  404 31.50  5.58  4.41            OY970763.1 19852474 19852742 (1592498)  +          Kuruka  Unspecified (1592498) 19852474 19852742
  343 36.53  2.08  2.43            OY970763.1   396075   396363 (21048877)  C          Kuruka  Unspecified (21048877)   396075   396363
  357 32.48  4.58  4.58            OY970763.1  5300341  5300624 (16144616)  C          Kuruka  Unspecified (16144616)  5300341  5300624
  242 35.67  2.31  1.14            OY970763.1  7206270  7206442 (14238798)  C          Kuruka  Unspecified (14238798)  7206270  7206442
 1495 34.45  3.83  2.55            OY970763.1 13676339 13677461 (7767779)  C          Kuruka  Unspecified (7767779) 13676339 13677461
  666 37.28  1.02  1.19            OY970763.1 20865269 20865857 (579383)  C          Kuruka  Unspecified (579383) 20865269 20865857
 1445 34.71  2.48  2.03            OY970764.1  6397636  6398764 (14926799)  +          Kuruka  Unspecified (14926799)  6397636  6398764
  305 17.46  0.00  0.00            OY970764.1 11012269 11012331 (10313232)  +          Kuruka  Unspecified (10313232) 11012269 11012331
  286 20.00  0.00  0.00            OY970764.1 12752851 12752910 (8572653)  +          Kuruka  Unspecified (8572653) 12752851 12752910
 1286 34.55  3.14  3.54            OY970764.1 19889811 19890830 (1434733)  +          Kuruka  Unspecified (1434733) 19889811 19890830
  279 29.27  0.00  0.00            OY970764.1 20960234 20960315 (365248)  +          Kuruka  Unspecified (365248) 20960234 20960315
  382 34.30  3.67  2.42            OY970764.1 21142567 21142811 (182752)  +          Kuruka  Unspecified (182752) 21142567 21142811
  261 32.75  5.02  5.46            OY970764.1   137176   137414 (21188149)  C          Kuruka  Unspecified (21188149)   137176   137414
  438 31.07  2.81  0.55            OY970764.1   166719   166896 (21158667)  C          Kuruka  Unspecified (21158667)   166719   166896
  245 31.45  0.79  1.60            OY970764.1   282601   282726 (21042837)  C          Kuruka  Unspecified (21042837)   282601   282726
  738 36.70  1.09  1.25            OY970764.1   288694   289336 (21036227)  C          Kuruka  Unspecified (21036227)   288694   289336
  738 36.70  1.09  1.25            OY970764.1   297551   298193 (21027370)  C          Kuruka  Unspecified (21027370)   297551   298193
  378 32.41  2.04  3.45            OY970764.1 13714075 13714368 (7611195)  C          Kuruka  Unspecified (7611195) 13714075 13714368
 1254 35.85  2.93  3.01            OY970764.1 17235001 17236297 (4089266)  C          Kuruka  Unspecified (4089266) 17235001 17236297
 1400 34.90  2.48  2.03            OY970764.1 18807524 18808652 (2516911)  C          Kuruka  Unspecified (2516911) 18807524 18808652
  799 34.17  3.45  2.47            OY970765.1  1641617  1642138 (19651894)  +          Kuruka  Unspecified (19651894)  1641617  1642138
 1081 32.67  2.11  1.93            OY970765.1  1643316  1643883 (19650149)  +          Kuruka  Unspecified (19650149)  1643316  1643883
  255 27.94  0.00  0.00            OY970765.1  1811161  1811228 (19482804)  +          Kuruka  Unspecified (19482804)  1811161  1811228
  229 29.03  2.11  2.11            OY970765.1  3317124  3317218 (17976814)  +          Kuruka  Unspecified (17976814)  3317124  3317218
  757 33.56  3.75  3.75            OY970765.1  9709502  9710690 (11584158)  +          Kuruka  Unspecified (11584158)  9709502  9710690
 1291 35.54  3.16  3.24            OY970765.1 10328154 10329450 (10964582)  +          Kuruka  Unspecified (10964582) 10328154 10329450
  303 30.65  0.79  1.60            OY970765.1 10604385 10604510 (10689522)  +          Kuruka  Unspecified (10689522) 10604385 10604510
 1295 35.22  3.15  3.55            OY970765.1 15040860 15042160 (6251872)  +          Kuruka  Unspecified (6251872) 15040860 15042160
  757 33.13  3.75  3.75            OY970765.1 19902500 19903688 (1391160)  +          Kuruka  Unspecified (1391160) 19902500 19903688
 2094 33.49  1.78  1.87            OY970765.1   980619   981744 (20312288)  C          Kuruka  Unspecified (20312288)   980619   981744
 1809 33.49  1.78  1.87            OY970765.1   988635   989760 (20304272)  C          Kuruka  Unspecified (20304272)   988635   989760
 1525 33.30  2.95  2.60            OY970765.1  1742107  1743293 (19550739)  C          Kuruka  Unspecified (19550739)  1742107  1743293
  376 33.33  0.00  0.00            OY970765.1  1987059  1987220 (19306812)  C          Kuruka  Unspecified (19306812)  1987059  1987220
 2211 33.85  1.54  1.62            OY970765.1  2284812  2285982 (19008050)  C          Kuruka  Unspecified (19008050)  2284812  2285982
 2441 31.93  2.86  3.34            OY970765.1  4622636  4623928 (16670104)  C          Kuruka  Unspecified (16670104)  4622636  4623928
  303 30.65  0.79  1.60            OY970765.1  6697739  6697864 (14596168)  C          Kuruka  Unspecified (14596168)  6697739  6697864
  238 37.21  0.57  1.16            OY970765.1 11067497 11067670 (10226362)  C          Kuruka  Unspecified (10226362) 11067497 11067670
  228 27.94  0.00  0.00            OY970765.1 15798634 15798701 (5495331)  C          Kuruka  Unspecified (5495331) 15798634 15798701
 1345 35.27  3.08  3.16            OY970765.1 18351080 18352376 (2941656)  C          Kuruka  Unspecified (2941656) 18351080 18352376
  321 29.79  2.84  0.00            OY970766.1   632036   632176 (20578337)  +          Kuruka  Unspecified (20578337)   632036   632176
  411 35.72  1.84  2.21            OY970766.1  3307837  3308108 (17902405)  +          Kuruka  Unspecified (17902405)  3307837  3308108
  437 32.85  6.25  4.88            OY970766.1 15491472 15491855 (5718658)  +          Kuruka  Unspecified (5718658) 15491472 15491855
  716 36.60  1.02  1.19            OY970766.1 15772906 15773494 (5437019)  +          Kuruka  Unspecified (5437019) 15772906 15773494
 1276 35.67  3.08  3.16            OY970766.1 20940354 20941650 (268863)  +          Kuruka  Unspecified (268863) 20940354 20941650
  272 36.07  7.02  3.89            OY970766.1   120978   121675 (21088838)  C          Kuruka  Unspecified (21088838)   120978   121675
 1370 35.46  3.16  3.24            OY970766.1  1194738  1196034 (20014479)  C          Kuruka  Unspecified (20014479)  1194738  1196034
  494 33.19  7.65  2.52            OY970766.1 11328307 11328646 (9881867)  C          Kuruka  Unspecified (9881867) 11328307 11328646
  366 32.06  2.04  3.45            OY970766.1 18613036 18613329 (2597184)  C          Kuruka  Unspecified (2597184) 18613036 18613329
  304 30.58  2.47  3.11            OY970767.1  6884293  6884454 (14225356)  +          Kuruka  Unspecified (14225356)  6884293  6884454
  389 32.76  0.57  1.14            OY970767.1 10793153 10793328 (10316482)  +          Kuruka  Unspecified (10316482) 10793153 10793328
  389 32.76  0.57  1.14            OY970767.1 10799187 10799362 (10310448)  +          Kuruka  Unspecified (10310448) 10799187 10799362
 1401 34.81  2.48  2.03            OY970767.1 15005423 15006551 (6103259)  +          Kuruka  Unspecified (6103259) 15005423 15006551
  757 33.37  3.75  3.75            OY970767.1 17911928 17913116 (3197510)  +          Kuruka  Unspecified (3197510) 17911928 17913116
 1775 34.74  2.26  1.38            OY970767.1   249258   250407 (20859403)  C          Kuruka  Unspecified (20859403)   249258   250407
  316 31.70  2.04  3.45            OY970767.1  7756534  7756827 (13352983)  C          Kuruka  Unspecified (13352983)  7756534  7756827
  263 33.47  3.41  3.80            OY970767.1  7869039  7869302 (13240508)  C          Kuruka  Unspecified (13240508)  7869039  7869302
 1007 33.23  3.00  2.16            OY970767.1 18194189 18195376 (2914888)  C          Kuruka  Unspecified (2914888) 18194189 18195376
 1751 34.71  2.48  2.03            OY970767.1 19274815 19275943 (1833867)  C          Kuruka  Unspecified (1833867) 19274815 19275943
  346 25.18  6.25  6.25            OY970768.1  4217814  4217957 (16452282)  +          Kuruka  Unspecified (16452282)  4217814  4217957
 1042 34.40  2.99  2.30            OY970768.1  4220751  4221485 (16448754)  +          Kuruka  Unspecified (16448754)  4220751  4221485
  380 30.29  5.02  5.02            OY970768.1 11907583 11907801 (8762438)  +          Kuruka  Unspecified (8762438) 11907583 11907801
  361 32.41  2.04  3.45            OY970768.1 12929477 12929770 (7740469)  +          Kuruka  Unspecified (7740469) 12929477 12929770
  264 27.27  2.94  2.94            OY970768.1 18005883 18005984 (2664255)  +          Kuruka  Unspecified (2664255) 18005883 18005984
  285 38.85  1.14  1.52            OY970768.1 18131383 18131646 (2538593)  +          Kuruka  Unspecified (2538593) 18131383 18131646
 1297 35.58  3.08  3.16            OY970768.1 19779301 19780597 (889642)  +          Kuruka  Unspecified (889642) 19779301 19780597
  358 32.41  2.04  3.45            OY970768.1   386705   386998 (20283241)  C          Kuruka  Unspecified (20283241)   386705   386998
  255 25.00  2.44  2.44            OY970768.1  1444387  1444468 (19225771)  C          Kuruka  Unspecified (19225771)  1444387  1444468
  387 30.46  4.73  4.73            OY970768.1  4941284  4941600 (15728639)  C          Kuruka  Unspecified (15728639)  4941284  4941600
  229 29.03  2.11  2.11            OY970768.1  7813712  7813806 (12856433)  C          Kuruka  Unspecified (12856433)  7813712  7813806
  342 31.90  5.28  5.71            OY970768.1  8299317  8299562 (12370677)  C          Kuruka  Unspecified (12370677)  8299317  8299562
  372 28.29  6.39  6.39            OY970768.1 10187721 10187939 (10482300)  C          Kuruka  Unspecified (10482300) 10187721 10187939
  303 30.65  0.79  1.60            OY970768.1 10397919 10398044 (10272195)  C          Kuruka  Unspecified (10272195) 10397919 10398044
  254 29.44  6.14  1.68            OY970768.1 15168159 15168272 (5501967)  C          Kuruka  Unspecified (5501967) 15168159 15168272
 1253 35.55  3.40  3.40            OY970769.1    42192    43487 (20844142)  +          Kuruka  Unspecified (20844142)    42192    43487
  240 31.71  0.00  0.00            OY970769.1   808070   808151 (20079478)  +          Kuruka  Unspecified (20079478)   808070   808151
  230 33.01  0.00  0.97            OY970769.1  3784885  3784988 (17102641)  +          Kuruka  Unspecified (17102641)  3784885  3784988
  307 20.00  0.00  0.00            OY970769.1  4577347  4577406 (16310223)  +          Kuruka  Unspecified (16310223)  4577347  4577406
  258 33.04  0.86  0.86            OY970769.1  5199041  5199156 (15688473)  +          Kuruka  Unspecified (15688473)  5199041  5199156
 1288 34.56  3.02  3.44            OY970769.1 18980468 18981459 (1906170)  +          Kuruka  Unspecified (1906170) 18980468 18981459
 1304 35.58  3.08  3.16            OY970769.1 19465826 19467122 (1420507)  +          Kuruka  Unspecified (1420507) 19465826 19467122
 2177 30.97  2.16  2.54            OY970769.1 20439694 20440760 (446869)  +          Kuruka  Unspecified (446869) 20439694 20440760
  366 32.06  2.04  3.45            OY970769.1  1197535  1197828 (19689801)  C          Kuruka  Unspecified (19689801)  1197535  1197828
  871 34.42  3.43  3.43            OY970769.1  5687839  5688566 (15199063)  C          Kuruka  Unspecified (15199063)  5687839  5688566
  389 31.70  2.04  3.45            OY970769.1  8191089  8191382 (12696247)  C          Kuruka  Unspecified (12696247)  8191089  8191382
  936 33.77  3.01  1.76            OY970769.1 11357728 11358912 (9529171)  C          Kuruka  Unspecified (9529171) 11357728 11358912
  392 32.06  2.04  3.45            OY970769.1 13763484 13763777 (7123852)  C          Kuruka  Unspecified (7123852) 13763484 13763777
  661 31.16  2.01  2.35            OY970769.1 16870293 16870591 (4017038)  C          Kuruka  Unspecified (4017038) 16870293 16870591
 2285 34.12  1.20  1.55            OY970769.1 17211409 17212572 (3675057)  C          Kuruka  Unspecified (3675057) 17211409 17212572
 1801 33.49  1.78  1.87            OY970769.1 20403639 20404764 (482865)  C          Kuruka  Unspecified (482865) 20403639 20404764
 2146 33.83  1.45  1.88            OY970770.1    31969    33143 (20485945)  +          Kuruka  Unspecified (20485945)    31969    33143
  471 32.90  0.00  0.00            OY970770.1  1007911  1008921 (19511006)  +          Kuruka  Unspecified (19511006)  1007911  1008921
  231 22.64  0.00  0.00            OY970770.1  2936940  2936992 (17582096)  +          Kuruka  Unspecified (17582096)  2936940  2936992
 2483 31.69  2.86  3.34            OY970770.1  4253445  4254737 (16264351)  +          Kuruka  Unspecified (16264351)  4253445  4254737
  366 32.06  2.04  3.45            OY970770.1  5542525  5542818 (14976270)  +          Kuruka  Unspecified (14976270)  5542525  5542818
 2079 33.58  1.78  1.87            OY970770.1  9131395  9132520 (11386568)  +          Kuruka  Unspecified (11386568)  9131395  9132520
  294 38.85  1.14  1.52            OY970770.1 11173005 11173268 (9345820)  +          Kuruka  Unspecified (9345820) 11173005 11173268
 1630 34.51  3.38  2.26            OY970770.1 16875999 16877003 (3642085)  +          Kuruka  Unspecified (3642085) 16875999 16877003
 1280 34.55  3.14  3.54            OY970770.1  1719123  1720142 (18798946)  C          Kuruka  Unspecified (18798946)  1719123  1720142
 1650 33.35  1.98  1.69            OY970770.1  1738667  1739725 (18779363)  C          Kuruka  Unspecified (18779363)  1738667  1739725
  366 31.76  7.87  4.52            OY970770.1  1785585  1785927 (18733161)  C          Kuruka  Unspecified (18733161)  1785585  1785927
  240 31.71  0.00  0.00            OY970770.1  3383773  3383854 (17135234)  C          Kuruka  Unspecified (17135234)  3383773  3383854
  241 31.85  2.19  1.45            OY970770.1 10623230 10623366 (9895722)  C          Kuruka  Unspecified (9895722) 10623230 10623366
 1583 34.79  3.27  2.66            OY970770.1 10662868 10663877 (9855211)  C          Kuruka  Unspecified (9855211) 10662868 10663877
 1628 35.23  2.91  2.83            OY970770.1 11163009 11164314 (9354774)  C          Kuruka  Unspecified (9354774) 11163009 11164314
  238 37.21  0.57  1.16            OY970770.1 11386855 11387028 (9132060)  C          Kuruka  Unspecified (9132060) 11386855 11387028
  862 36.09  1.53  1.70            OY970770.1 16347652 16348240 (4170848)  C          Kuruka  Unspecified (4170848) 16347652 16348240
  327 32.11  5.75  3.37            OY970770.1 17831741 17832001 (2687087)  C          Kuruka  Unspecified (2687087) 17831741 17832001
  230 34.51  1.74  1.74            OY970771.1  9241629  9241743 (11139241)  +          Kuruka  Unspecified (11139241)  9241629  9241743
 2179 30.97  2.16  2.54            OY970771.1 14394124 14395190 (5985794)  +          Kuruka  Unspecified (5985794) 14394124 14395190
  334 31.45  6.47  5.54            OY970771.1 15330857 15331196 (5049788)  +          Kuruka  Unspecified (5049788) 15330857 15331196
  303 32.06  2.04  3.45            OY970771.1 17528436 17528729 (2852255)  +          Kuruka  Unspecified (2852255) 17528436 17528729
 1128 35.35  2.43  3.17            OY970771.1 20185008 20186120 (194864)  +          Kuruka  Unspecified (194864) 20185008 20186120
  231 22.64  0.00  0.00            OY970771.1   504357   504409 (19876575)  C          Kuruka  Unspecified (19876575)   504357   504409
  225 27.94  0.00  0.00            OY970771.1  2223623  2223690 (18157294)  C          Kuruka  Unspecified (18157294)  2223623  2223690
  342 32.36  0.58  1.17            OY970771.1  9368542  9368713 (11012271)  C          Kuruka  Unspecified (11012271)  9368542  9368713
  225 34.03  2.70  2.70            OY970771.1 10003123 10003270 (10377714)  C          Kuruka  Unspecified (10377714) 10003123 10003270
  336 31.46  2.44  3.07            OY970771.1 14117415 14117578 (6263406)  C          Kuruka  Unspecified (6263406) 14117415 14117578
  324 39.87  1.84  2.01            OY970771.1 15961166 15961764 (4419220)  C          Kuruka  Unspecified (4419220) 15961166 15961764
  234 32.53  0.00  0.00            OY970771.1 17421850 17421932 (2959052)  C          Kuruka  Unspecified (2959052) 17421850 17421932
  453 35.10  4.46  4.91            OY970771.1 18774338 18775032 (1605952)  C          Kuruka  Unspecified (1605952) 18774338 18775032
  225 33.04  0.86  0.86            OY970772.1   362416   362531 (19991592)  +          Kuruka  Unspecified (19991592)   362416   362531
  227 22.64  0.00  0.00            OY970772.1  2845567  2845619 (17508504)  +          Kuruka  Unspecified (17508504)  2845567  2845619
  264 33.04  0.86  0.86            OY970772.1  2923758  2923873 (17430250)  +          Kuruka  Unspecified (17430250)  2923758  2923873
  231 22.64  0.00  0.00            OY970772.1 12561052 12561104 (7793019)  +          Kuruka  Unspecified (7793019) 12561052 12561104
 1011 34.74  2.88  2.99            OY970772.1 13966223 13967228 (6386895)  +          Kuruka  Unspecified (6386895) 13966223 13967228
  903 37.78  2.22  2.31            OY970772.1 13974405 13975531 (6378592)  +          Kuruka  Unspecified (6378592) 13974405 13975531
  350 27.62  5.71  0.00            OY970772.1 15912014 15912118 (4442005)  +          Kuruka  Unspecified (4442005) 15912014 15912118
  273 28.00  0.00  0.00            OY970772.1   614534   614608 (19739515)  C          Kuruka  Unspecified (19739515)   614534   614608
  228 25.23  6.72  6.72            OY970772.1  7725753  7725871 (12628252)  C          Kuruka  Unspecified (12628252)  7725753  7725871
  318 29.76  7.35  2.82            OY970772.1 18664974 18665177 (1688946)  C          Kuruka  Unspecified (1688946) 18664974 18665177
 1401 34.81  2.48  2.03            OY970772.1 18781560 18782688 (1571435)  C          Kuruka  Unspecified (1571435) 18781560 18782688
 2196 30.86  2.16  2.54            OY970772.1 20089243 20090309 (263814)  C          Kuruka  Unspecified (263814) 20089243 20090309
 1393 34.72  2.48  2.12            OY970772.1 20131038 20132167 (221956)  C          Kuruka  Unspecified (221956) 20131038 20132167
  264 36.63  0.57  1.16            OY970773.1 18680694 18680867 (1235563)  +          Kuruka  Unspecified (1235563) 18680694 18680867
 1697 33.19  2.79  3.31            OY970773.1  4038837  4040020 (15876410)  C          Kuruka  Unspecified (15876410)  4038837  4040020
  851 32.89  5.87  2.30            OY970773.1 16679047 16680215 (3236669)  C          Kuruka  Unspecified (3236669) 16679047 16680215
  437 32.85  6.25  4.88            OY970773.1 17803878 17804261 (2112169)  C          Kuruka  Unspecified (2112169) 17803878 17804261
  461 34.69  5.09  4.48            OY970774.1   172215   172902 (19610289)  +          Kuruka  Unspecified (19610289)   172215   172902
 2478 31.76  2.86  3.34            OY970774.1  3398084  3399376 (16383815)  +          Kuruka  Unspecified (16383815)  3398084  3399376
  234 32.53  0.00  0.00            OY970774.1  9618167  9618249 (10164942)  +          Kuruka  Unspecified (10164942)  9618167  9618249
  348 34.41  3.97  3.15            OY970774.1 13068083 13068334 (6714857)  +          Kuruka  Unspecified (6714857) 13068083 13068334
 2318 34.21  1.20  1.55            OY970774.1 13155003 13156166 (6627025)  +          Kuruka  Unspecified (6627025) 13155003 13156166
  286 33.64  2.61  3.06            OY970774.1 13283311 13283540 (6499651)  +          Kuruka  Unspecified (6499651) 13283311 13283540
  286 33.64  2.61  3.06            OY970774.1 13293760 13293989 (6489202)  +          Kuruka  Unspecified (6489202) 13293760 13293989
  286 33.64  2.61  3.06            OY970774.1 13304209 13304438 (6478753)  +          Kuruka  Unspecified (6478753) 13304209 13304438
  246 35.90  0.00  0.00            OY970774.1 13959016 13959132 (5824059)  +          Kuruka  Unspecified (5824059) 13959016 13959132
 1726 34.91  1.39  1.49            OY970774.1 13986962 13987967 (5795224)  +          Kuruka  Unspecified (5795224) 13986962 13987967
 1243 35.37  3.13  3.22            OY970774.1 16182087 16183237 (3599954)  +          Kuruka  Unspecified (3599954) 16182087 16183237
 2052 34.03  1.54  1.62            OY970774.1 17180766 17181936 (2601255)  +          Kuruka  Unspecified (2601255) 17180766 17181936
 2029 34.19  1.78  1.60            OY970774.1 18888861 18890043 (893148)  +          Kuruka  Unspecified (893148) 18888861 18890043
  978 37.93  2.13  2.22            OY970774.1   164774   165900 (19617291)  C          Kuruka  Unspecified (19617291)   164774   165900
 1320 35.01  2.99  2.79            OY970774.1   721154   722155 (19061036)  C          Kuruka  Unspecified (19061036)   721154   722155
 1753 34.71  2.48  2.03            OY970774.1  1884520  1885648 (17897543)  C          Kuruka  Unspecified (17897543)  1884520  1885648
  267 21.67  0.00  0.00            OY970774.1  2597481  2597540 (17185651)  C          Kuruka  Unspecified (17185651)  2597481  2597540
  953 33.73  2.11  1.75            OY970774.1  3366215  3367042 (16416409)  C          Kuruka  Unspecified (16416409)  3366215  3367042
  294 32.06  2.04  3.45            OY970774.1  7143742  7144035 (12639156)  C          Kuruka  Unspecified (12639156)  7143742  7144035
  372 28.29  6.39  6.39            OY970774.1 10786896 10787114 (8996077)  C          Kuruka  Unspecified (8996077) 10786896 10787114
  349 33.76  0.00  0.00            OY970774.1 12606912 12607068 (7176123)  C          Kuruka  Unspecified (7176123) 12606912 12607068
  342 33.11  0.67  0.67            OY970774.1 13037804 13037952 (6745239)  C          Kuruka  Unspecified (6745239) 13037804 13037952
  273 29.84  2.38  1.57            OY970774.1 13147484 13147609 (6635582)  C          Kuruka  Unspecified (6635582) 13147484 13147609
 1067 35.92  2.19  2.44            OY970774.1 13993330 13994151 (5789040)  C          Kuruka  Unspecified (5789040) 13993330 13994151
 1102 35.31  2.53  4.88            OY970774.1 14061743 14062769 (5720422)  C          Kuruka  Unspecified (5720422) 14061743 14062769
  261 32.99  0.00  1.03            OY970774.1 15434544 15434641 (4348550)  C          Kuruka  Unspecified (4348550) 15434544 15434641
  247 34.02  0.00  1.03            OY970774.1 16105758 16105855 (3677336)  C          Kuruka  Unspecified (3677336) 16105758 16105855
 1769 35.18  2.63  2.11            OY970774.1 19538896 19540074 (243117)  C          Kuruka  Unspecified (243117) 19538896 19540074
 1819 33.49  1.78  1.87            OY970775.1  4746794  4747919 (15014186)  +          Kuruka  Unspecified (15014186)  4746794  4747919
 1355 35.35  3.08  3.16            OY970775.1  4873110  4874406 (14887699)  +          Kuruka  Unspecified (14887699)  4873110  4874406
 1783 33.27  1.51  1.60            OY970775.1  7642984  7644046 (12118059)  +          Kuruka  Unspecified (12118059)  7642984  7644046
  229 29.03  2.11  2.11            OY970775.1 11822017 11822111 (7939994)  +          Kuruka  Unspecified (7939994) 11822017 11822111
 2324 34.23  1.03  1.38            OY970775.1 13281431 13282594 (6479511)  +          Kuruka  Unspecified (6479511) 13281431 13282594
 1468 34.62  2.48  2.03            OY970775.1 14027941 14029069 (5733036)  +          Kuruka  Unspecified (5733036) 14027941 14029069
 2589 31.49  3.02  3.50            OY970775.1 18218867 18220159 (1541946)  +          Kuruka  Unspecified (1541946) 18218867 18220159
  285 38.85  1.14  1.52            OY970775.1  1806876  1807139 (17954966)  C          Kuruka  Unspecified (17954966)  1806876  1807139
  343 30.83  3.03  3.66            OY970775.1  3291174  3291338 (16470767)  C          Kuruka  Unspecified (16470767)  3291174  3291338
  225 33.04  0.86  0.86            OY970775.1  3345658  3345773 (16416332)  C          Kuruka  Unspecified (16416332)  3345658  3345773
  255 29.27  0.00  0.00            OY970775.1  6825784  6825865 (12936240)  C          Kuruka  Unspecified (12936240)  6825784  6825865
  313 36.89  2.08  2.43            OY970775.1  6955189  6955477 (12806628)  C          Kuruka  Unspecified (12806628)  6955189  6955477
  443 34.96  1.59  2.00            OY970775.1 15948519 15948769 (3813336)  C          Kuruka  Unspecified (3813336) 15948519 15948769
  974 33.28  3.70  2.16            OY970775.1 15958560 15959742 (3802817)  C          Kuruka  Unspecified (3802817) 15958560 15959742
  652 30.60  1.99  3.37            OY970776.1   362270   362570 (19136102)  +          Kuruka  Unspecified (19136102)   362270   362570
  342 32.36  0.58  1.17            OY970776.1  8503974  8504145 (10994527)  +          Kuruka  Unspecified (10994527)  8503974  8504145
 2104 33.49  1.78  1.87            OY970776.1 11318344 11319469 (8179203)  +          Kuruka  Unspecified (8179203) 11318344 11319469
  242 35.67  2.31  1.14            OY970776.1 11976750 11976922 (7521750)  +          Kuruka  Unspecified (7521750) 11976750 11976922
  415 31.23  5.28  5.28            OY970776.1 12180027 12180310 (7318362)  +          Kuruka  Unspecified (7318362) 12180027 12180310
  980 34.94  2.88  2.99            OY970776.1 16331902 16332907 (3165765)  +          Kuruka  Unspecified (3165765) 16331902 16332907
  512 35.33  4.29  4.29            OY970776.1 17732757 17733922 (1765566)  +          Kuruka  Unspecified (1765566) 17732757 17733922
  259 35.10  5.30  0.00            OY970776.1 19062217 19062367 (436305)  +          Kuruka  Unspecified (436305) 19062217 19062367
 1445 34.71  2.48  2.03            OY970776.1   414194   415322 (19083350)  C          Kuruka  Unspecified (19083350)   414194   415322
  330 33.74  3.52  3.92            OY970776.1   947274   947529 (18551143)  C          Kuruka  Unspecified (18551143)   947274   947529
  258 34.68  4.96  5.36            OY970776.1  2752607  2752868 (16745804)  C          Kuruka  Unspecified (16745804)  2752607  2752868
  401 31.35  2.04  3.45            OY970776.1  3360383  3360676 (16137996)  C          Kuruka  Unspecified (16137996)  3360383  3360676
  401 31.35  2.04  3.45            OY970776.1  3364919  3365212 (16133460)  C          Kuruka  Unspecified (16133460)  3364919  3365212
  401 31.35  2.04  3.45            OY970776.1  3372004  3372297 (16126375)  C          Kuruka  Unspecified (16126375)  3372004  3372297
  349 32.78  3.63  4.05            OY970776.1  5046256  5046503 (14452169)  C          Kuruka  Unspecified (14452169)  5046256  5046503
  366 27.58  0.85  0.85            OY970776.1  5285828  5285944 (14212728)  C          Kuruka  Unspecified (14212728)  5285828  5285944
  254 22.64  0.00  0.00            OY970776.1 12029311 12029363 (7469309)  C          Kuruka  Unspecified (7469309) 12029311 12029363
  233 30.78  2.24  3.01            OY970776.1 16029926 16030059 (3468613)  C          Kuruka  Unspecified (3468613) 16029926 16030059
  240 32.80  5.43  0.74            OY970776.1 18584415 18584543 (914129)  C          Kuruka  Unspecified (914129) 18584415 18584543
  709 33.12  3.15  3.15            OY970777.1  8862381  8863081 (9988585)  +          Kuruka  Unspecified (9988585)  8862381  8863081
 1263 35.75  3.08  3.16            OY970777.1  9595495  9596791 (9254523)  +          Kuruka  Unspecified (9254523)  9595495  9596791
  340 31.12  4.73  4.73            OY970777.1 11527942 11528258 (7323056)  +          Kuruka  Unspecified (7323056) 11527942 11528258
  437 32.85  6.25  4.88            OY970777.1 16818076 16818459 (2032855)  +          Kuruka  Unspecified (2032855) 16818076 16818459
  263 30.97  2.59  2.59            OY970777.1 18795334 18795449  (55865)  +          Kuruka  Unspecified  (55865) 18795334 18795449
  853 31.63  3.26  2.42            OY970777.1   707909   708966 (18142792)  C          Kuruka  Unspecified (18142792)   707909   708966
  231 22.64  0.00  0.00            OY970777.1  4026016  4026068 (14825246)  C          Kuruka  Unspecified (14825246)  4026016  4026068
  391 31.60  5.28  5.28            OY970777.1  4671265  4671548 (14179766)  C          Kuruka  Unspecified (14179766)  4671265  4671548
  258 33.04  0.86  0.86            OY970777.1  8572744  8572859 (10278455)  C          Kuruka  Unspecified (10278455)  8572744  8572859
  437 32.85  6.25  4.88            OY970777.1 10334128 10334511 (8516803)  C          Kuruka  Unspecified (8516803) 10334128 10334511
  342 32.36  0.58  1.17            OY970777.1 10397589 10397760 (8453554)  C          Kuruka  Unspecified (8453554) 10397589 10397760
 1837 33.78  1.60  1.69            OY970777.1 11505658 11506783 (7344531)  C          Kuruka  Unspecified (7344531) 11505658 11506783
 1753 34.71  2.48  2.03            OY970777.1 14465193 14466321 (4384993)  C          Kuruka  Unspecified (4384993) 14465193 14466321
  677 35.75  4.18  4.64            OY970778.1  3155092  3156238 (14665217)  +          Kuruka  Unspecified (14665217)  3155092  3156238
 1964 33.66  2.91  2.99            OY970778.1  3175200  3176470 (14644985)  +          Kuruka  Unspecified (14644985)  3175200  3176470
  389 32.76  0.57  1.14            OY970778.1  3234408  3234583 (14586872)  +          Kuruka  Unspecified (14586872)  3234408  3234583
 1353 35.54  3.16  3.24            OY970778.1  7555872  7557168 (10264287)  +          Kuruka  Unspecified (10264287)  7555872  7557168
  281 30.49  0.00  0.00            OY970778.1  8642896  8642977 (9178478)  +          Kuruka  Unspecified (9178478)  8642896  8642977
 1304 35.58  3.08  3.16            OY970778.1  8860310  8861606 (8959849)  +          Kuruka  Unspecified (8959849)  8860310  8861606
  263 30.97  2.59  2.59            OY970778.1 17563751 17563866 (257589)  +          Kuruka  Unspecified (257589) 17563751 17563866
  374 32.41  2.04  3.45            OY970778.1  3304313  3304606 (14516849)  C          Kuruka  Unspecified (14516849)  3304313  3304606
  233 29.70  4.35  6.67            OY970778.1  5512828  5513011 (12308444)  C          Kuruka  Unspecified (12308444)  5512828  5513011
 2480 31.76  2.86  3.34            OY970778.1  8372777  8374069 (9447386)  C          Kuruka  Unspecified (9447386)  8372777  8374069
 1407 34.90  2.48  2.03            OY970778.1 11352662 11353790 (6467665)  C          Kuruka  Unspecified (6467665) 11352662 11353790
  229 29.03  2.11  2.11            OY970778.1 14083596 14083690 (3737765)  C          Kuruka  Unspecified (3737765) 14083596 14083690
  325 31.25  0.00  0.00            OY970778.1 16130387 16130498 (1690957)  C          Kuruka  Unspecified (1690957) 16130387 16130498
  239 37.21  0.57  1.16            OY970779.1  3848269  3848442 (13614808)  +          Kuruka  Unspecified (13614808)  3848269  3848442
  357 32.48  4.58  4.58            OY970779.1  4204759  4205042 (13258208)  +          Kuruka  Unspecified (13258208)  4204759  4205042
  231 22.64  0.00  0.00            OY970779.1  7141922  7141974 (10321276)  +          Kuruka  Unspecified (10321276)  7141922  7141974
  312 31.76  6.47  5.54            OY970779.1  9347952  9348291 (8114959)  +          Kuruka  Unspecified (8114959)  9347952  9348291
  238 37.21  0.57  1.16            OY970779.1 10553708 10553881 (6909369)  +          Kuruka  Unspecified (6909369) 10553708 10553881
  229 29.03  2.11  2.11            OY970779.1 11940807 11940901 (5522349)  +          Kuruka  Unspecified (5522349) 11940807 11940901
  331 32.09  2.44  3.07            OY970779.1 12481905 12482068 (4981182)  +          Kuruka  Unspecified (4981182) 12481905 12482068
 2141 33.30  1.78  1.87            OY970779.1 12536891 12538016 (4925234)  +          Kuruka  Unspecified (4925234) 12536891 12538016
  244 25.00  2.44  2.44            OY970779.1 16281252 16281333 (1181917)  +          Kuruka  Unspecified (1181917) 16281252 16281333
  357 32.48  4.58  4.58            OY970779.1 16421006 16421289 (1041961)  +          Kuruka  Unspecified (1041961) 16421006 16421289
  343 25.00  2.61  2.61            OY970779.1 17082679 17082793 (380457)  +          Kuruka  Unspecified (380457) 17082679 17082793
  313 36.89  2.08  2.43            OY970779.1  3113617  3113905 (14349345)  C          Kuruka  Unspecified (14349345)  3113617  3113905
  264 27.27  2.94  2.94            OY970779.1  8427957  8428058 (9035192)  C          Kuruka  Unspecified (9035192)  8427957  8428058
  315 33.33  1.53  1.53            OY970779.1 17223256 17223386 (239864)  C          Kuruka  Unspecified (239864) 17223256 17223386
  379 32.06  2.04  3.45            OY970780.1   584319   584612 (16184052)  +          Kuruka  Unspecified (16184052)   584319   584612
 1332 35.43  3.08  3.16            OY970780.1  2835054  2836350 (13932314)  +          Kuruka  Unspecified (13932314)  2835054  2836350
 1501 34.95  3.47  2.76            OY970780.1  4886032  4887040 (11881624)  +          Kuruka  Unspecified (11881624)  4886032  4887040
  353 35.35  2.34  2.75            OY970780.1 10520716 10520971 (6247693)  +          Kuruka  Unspecified (6247693) 10520716 10520971
  231 22.64  0.00  0.00            OY970780.1 16639434 16639486 (129178)  +          Kuruka  Unspecified (129178) 16639434 16639486
  249 22.64  0.00  0.00            OY970780.1   534974   535026 (16233638)  C          Kuruka  Unspecified (16233638)   534974   535026
  247 34.02  0.00  1.03            OY970780.1  1418749  1418846 (15349818)  C          Kuruka  Unspecified (15349818)  1418749  1418846
  363 32.06  2.04  3.45            OY970780.1  3965694  3965987 (12802677)  C          Kuruka  Unspecified (12802677)  3965694  3965987
 1365 35.35  3.08  3.16            OY970780.1  7697851  7699147 (9069517)  C          Kuruka  Unspecified (9069517)  7697851  7699147
  350 27.62  5.71  0.00            OY970780.1 10792306 10792410 (5976254)  C          Kuruka  Unspecified (5976254) 10792306 10792410
  268 26.43  5.41  5.41            OY970781.1   128696   128843 (14164159)  +          Kuruka  Unspecified (14164159)   128696   128843
  273 29.05  6.03  6.49            OY970781.1   166961   167192 (14125810)  +          Kuruka  Unspecified (14125810)   166961   167192
  814 30.67  4.20  4.20            OY970781.1  1374580  1374984 (12918018)  +          Kuruka  Unspecified (12918018)  1374580  1374984
  778 33.33  1.01  1.27            OY970781.1  1376482  1376876 (12916126)  +          Kuruka  Unspecified (12916126)  1376482  1376876
 1387 35.34  2.21  1.76            OY970781.1  2781773  2782901 (11510101)  +          Kuruka  Unspecified (11510101)  2781773  2782901
 1577 34.46  3.14  3.54            OY970781.1  3766725  3767744 (10525258)  +          Kuruka  Unspecified (10525258)  3766725  3767744
  265 34.82  1.25  1.25            OY970781.1  3800971  3801130 (10491872)  +          Kuruka  Unspecified (10491872)  3800971  3801130
  234 32.53  0.00  0.00            OY970781.1 12920984 12921066 (1371936)  +          Kuruka  Unspecified (1371936) 12920984 12921066
  325 31.25  0.00  0.00            OY970781.1 14065270 14065381 (227621)  +          Kuruka  Unspecified (227621) 14065270 14065381
 1071 32.83  3.27  2.57            OY970781.1 14028734 14029922 (263534)  C          Kuruka  Unspecified (263534) 14028734 14029922
  225 33.04  0.86  0.86            OY970781.1 14082800 14082915 (210087)  C          Kuruka  Unspecified (210087) 14082800 14082915
  345 32.28  4.03  4.38            OY970781.1 14168828 14169125 (123877)  C          Kuruka  Unspecified (123877) 14168828 14169125
  364 32.13  1.19  3.66            OY970782.1   781703   781870 (12985250)  +          Kuruka  Unspecified (12985250)   781703   781870
  400 32.06  2.04  3.45            OY970782.1    39290    39583 (13727537)  C          Kuruka  Unspecified (13727537)    39290    39583
  334 31.45  6.47  5.54            OY970782.1   655356   655695 (13111425)  C          Kuruka  Unspecified (13111425)   655356   655695
  238 31.68  3.90  4.35            OY970782.1  3152008  3152238 (10614882)  C          Kuruka  Unspecified (10614882)  3152008  3152238
  340 33.08  3.41  3.80            OY970782.1  6607261  6607524 (7159596)  C          Kuruka  Unspecified (7159596)  6607261  6607524
  391 32.41  2.04  3.45            OY970782.1  7468814  7469107 (6298013)  C          Kuruka  Unspecified (6298013)  7468814  7469107
  258 33.04  0.86  0.86            OY970783.1  1517636  1517751 (10669013)  +          Kuruka  Unspecified (10669013)  1517636  1517751
  334 31.45  6.47  5.54            OY970783.1  3521679  3522018 (8664746)  +          Kuruka  Unspecified (8664746)  3521679  3522018
 2066 34.03  1.54  1.62            OY970783.1  6529756  6530926 (5655838)  +          Kuruka  Unspecified (5655838)  6529756  6530926
 1579 34.46  3.14  3.54            OY970783.1 11333396 11334415 (852349)  +          Kuruka  Unspecified (852349) 11333396 11334415
  358 32.41  2.04  3.45            OY970783.1   495594   495887 (11690877)  C          Kuruka  Unspecified (11690877)   495594   495887
  258 33.04  0.86  0.86            OY970783.1  2628581  2628696 (9558068)  C          Kuruka  Unspecified (9558068)  2628581  2628696
 1601 34.36  3.14  3.54            OY970783.1 11340549 11341568 (845196)  C          Kuruka  Unspecified (845196) 11340549 11341568
  249 31.85  2.47  3.11            OY970784.1  1433830  1433991 (10041440)  +          Kuruka  Unspecified (10041440)  1433830  1433991
  366 33.77  0.00  0.00            OY970784.1  4912857  4913010 (6562421)  +          Kuruka  Unspecified (6562421)  4912857  4913010
 1276 34.55  3.14  3.54            OY970784.1   320637   321656 (11153775)  C          Kuruka  Unspecified (11153775)   320637   321656
 1299 34.86  2.84  3.25            OY970784.1   392914   393933 (11081498)  C          Kuruka  Unspecified (11081498)   392914   393933
  273 39.24  1.14  1.52            OY970784.1  4704913  4705176 (6770255)  C          Kuruka  Unspecified (6770255)  4704913  4705176
  387 33.54  0.00  0.00            OY970784.1  4916455  4916612 (6558819)  C          Kuruka  Unspecified (6558819)  4916455  4916612
  303 32.06  2.04  3.45            OY970784.1  9219527  9219820 (2255611)  C          Kuruka  Unspecified (2255611)  9219527  9219820
  553 34.37  3.34  3.34            OY970785.1    43028    43626 (11059150)  +          Kuruka  Unspecified (11059150)    43028    43626
  341 30.58  0.62  2.53            OY970785.1    48056    48216 (11054560)  +          Kuruka  Unspecified (11054560)    48056    48216
  263 38.76  1.89  2.28            OY970785.1   124160   124423 (10978353)  +          Kuruka  Unspecified (10978353)   124160   124423
  273 28.17  0.00  4.17            OY970785.1  1497520  1497619 (9605157)  +          Kuruka  Unspecified (9605157)  1497520  1497619
  227 16.06  5.17  3.39            OY970785.1  2081514  2081571 (9021205)  +          Kuruka  Unspecified (9021205)  2081514  2081571
  237 30.67  0.00  0.00            OY970785.1  2368443  2368517 (8734259)  +          Kuruka  Unspecified (8734259)  2368443  2368517
  249 22.64  0.00  0.00            OY970785.1  3625064  3625116 (7477660)  +          Kuruka  Unspecified (7477660)  3625064  3625116
  785 32.63  6.20  5.63            OY970785.1  3674043  3675229 (7428363)  +          Kuruka  Unspecified (7428363)  3674043  3675229
  225 27.94  0.00  0.00            OY970785.1  9089089  9089156 (2013620)  +          Kuruka  Unspecified (2013620)  9089089  9089156
  225 33.04  0.86  0.86            OY970785.1   853014   853129 (10249647)  C          Kuruka  Unspecified (10249647)   853014   853129
  303 30.65  0.79  1.60            OY970785.1  4319778  4319903 (6782873)  C          Kuruka  Unspecified (6782873)  4319778  4319903
  305 34.01  3.83  3.83            OY970785.1 10135978 10136929 (966303)  C          Kuruka  Unspecified (966303) 10135978 10136929
  303 38.60  1.38  1.38            OY970786.1   101822   102039 (10953089)  +          Kuruka  Unspecified (10953089)   101822   102039
  333 27.58  0.85  0.85            OY970786.1  4736060  4736176 (6318952)  +          Kuruka  Unspecified (6318952)  4736060  4736176
  271 33.84  1.52  1.52            OY970786.1   795836   795967 (10259161)  C          Kuruka  Unspecified (10259161)   795836   795967
 1577 34.46  3.14  3.54            OY970786.1  4366951  4367970 (6687158)  C          Kuruka  Unspecified (6687158)  4366951  4367970
  237 24.53  0.00  0.00            OY970786.1  5238100  5238152 (5816976)  C          Kuruka  Unspecified (5816976)  5238100  5238152
