  1160 35.22 3.97 3.58           OY783191.1  10331846  10332902 (30743784) +               Kuruka     Unspecified    3555    4615  (4218)    
  1315 35.32 2.21 2.31           OY783191.1  11529371  11530454 (29546232) +               Kuruka     Unspecified    3574    4656  (4177)    
   250 35.04 4.06 1.49           OY783191.1  12116903  12117099 (28959587) C               Kuruka     Unspecified  (4403)    4430    4229    
  1309 36.69 1.69 1.40           OY783191.1  13085117  13086183 (27990503) +               Kuruka     Unspecified    3479    4548  (4285)    
   232 27.38 2.38 0.00           OY783191.1  13538665  13538748 (27537938) C               Kuruka     Unspecified  (4466)    4367    4282    
  1454 36.29 1.87 1.59           OY783191.1  14370380  14371446 (26705240) +               Kuruka     Unspecified    3479    4548  (4285)    
  1196 34.85 3.31 3.61           OY783191.1  14773492  14774518 (26302168) C               Kuruka     Unspecified  (4222)    4611    3588    
   863 34.54 3.27 3.39           OY783191.1  14773555  14774441 (26302245) C               Kuruka     Unspecified  (4285)    4548    3663    
   345 32.20 6.73 5.31           OY783191.1  18207388  18207610 (22869076) +               Kuruka     Unspecified    3932    4157  (4676)    
   550 35.93 1.28 1.54           OY783191.1  18208960  18209349 (22867337) +               Kuruka     Unspecified    4198    4586  (4247)    
   476 35.65 1.14 1.43           OY783191.1  19827902  19828251 (21248435) +               Kuruka     Unspecified    4230    4578  (4255)    
   674 37.36 1.78 1.95           OY783191.1  21770942  21771558 (19305128) C               Kuruka     Unspecified  (4279)    4554    3939    
   334 35.14 5.41 1.74           OY783191.1  21771664  21771996 (19304690) C               Kuruka     Unspecified  (5000)    3833    3489    
   266 33.61 3.97 4.38           OY783191.1  24383437  24383688 (16692998) +               Kuruka     Unspecified    4286    4536  (4297)    
   310 36.71 0.53 1.06           OY783191.1  24872950  24873139 (16203547) C               Kuruka     Unspecified  (5138)    3695    3507    
   326 37.07 2.26 2.26           OY783191.1  25116072  25116336 (15960350) +               Kuruka     Unspecified    3576    3840  (4993)    
   916 34.70 2.97 3.14           OY783191.1  25116435  25117041 (15959645) +               Kuruka     Unspecified    3939    4544  (4289)    
   302 34.23 0.00 0.00           OY783191.1  25133418  25133528 (15943158) +               Kuruka     Unspecified    3489    3599  (5234)    
   284 37.23 0.53 1.06           OY783191.1  25330161  25330350 (15746336) +               Kuruka     Unspecified    3507    3695  (5138)    
  1430 36.38 1.87 1.59           OY783191.1  25347914  25348980 (15727706) +               Kuruka     Unspecified    3479    4548  (4285)    
   247 28.17 0.00 0.00           OY783191.1  25470977  25471047 (15605639) +               Kuruka     Unspecified    4284    4354  (4479)    
   227 36.40 0.97 0.48           OY783191.1  25867877  25868083 (15208603) +               Kuruka     Unspecified    3489    3696  (5137)    
   442 38.09 1.27 1.92           OY783191.1  25868330  25868958 (15207728) +               Kuruka     Unspecified    3956    4580  (4253)    
   248 34.16 0.00 0.83           OY783191.1  26858838  26858958 (14217728) +               Kuruka     Unspecified    3576    3695  (5138)    
  1054 35.93 3.70 2.66           OY783191.1  26910016  26911096 (14165590) +               Kuruka     Unspecified    3488    4579  (4254)    
   248 34.16 0.00 0.83           OY783191.1  26986561  26986681 (14090005) +               Kuruka     Unspecified    3576    3695  (5138)    
   943 34.52 2.97 3.14           OY783191.1  28753279  28753885 (12322801) C               Kuruka     Unspecified  (4289)    4544    3939    
   446 36.26 1.13 1.13           OY783191.1  28753984  28754248 (12322438) C               Kuruka     Unspecified  (4993)    3840    3576    
  1196 35.32 3.97 3.58           OY783191.1  29761056  29762112 (11314574) +               Kuruka     Unspecified    3555    4615  (4218)    
   336 37.51 1.31 2.20           OY783191.1  30121423  30121651 (10955035) C               Kuruka     Unspecified  (4332)    4501    4275    
  1317 36.73 1.78 1.50           OY783191.1  40907575  40908641 (168045) +               Kuruka     Unspecified    3479    4548  (4285)    
  1430 36.38 1.87 1.59           OY783192.1   3498234   3499300 (35974231) +               Kuruka     Unspecified    3479    4548  (4285)    
  1430 36.38 1.87 1.59           OY783192.1   3512941   3514007 (35959524) +               Kuruka     Unspecified    3479    4548  (4285)    
   229 38.97 1.27 1.92           OY783192.1   5287170   5287326 (34186205) +               Kuruka     Unspecified    4274    4429  (4404)    
   534 38.15 1.54 1.70           OY783192.1   8476756   8477403 (30996128) C               Kuruka     Unspecified  (4255)    4578    3932    
   245 36.43 2.98 3.59           OY783192.1   8737082   8737249 (30736282) C               Kuruka     Unspecified  (4393)    4440    4274    
  1432 36.79 1.69 1.50           OY783192.1   8842289   8843356 (30630175) +               Kuruka     Unspecified    3479    4548  (4285)    
  1034 35.52 2.37 2.58           OY783192.1   9026535   9027505 (30446026) C               Kuruka     Unspecified  (4289)    4544    3576    
   929 34.27 3.48 5.41           OY783192.1   9220834   9221925 (30251606) +               Kuruka     Unspecified    3507    4578  (4255)    
   573 36.29 1.71 1.87           OY783192.1   9520664   9521306 (29952225) +               Kuruka     Unspecified    3939    4580  (4253)    
   876 33.39 3.13 3.30           OY783192.1   9997117   9997723 (29475808) C               Kuruka     Unspecified  (4289)    4544    3939    
   275 29.03 1.06 1.06           OY783192.1   9997822   9997915 (29475616) C               Kuruka     Unspecified  (4993)    3840    3747    
   267 32.36 5.50 4.42           OY783192.1  10016778  10017068 (29456463) +               Kuruka     Unspecified    4249    4542  (4291)    
  1164 35.29 2.56 3.51           OY783192.1  10620520  10621497 (28852034) +               Kuruka     Unspecified    3576    4544  (4289)    
   717 34.37 3.30 3.99           OY783192.1  14688900  14689505 (24784026) C               Kuruka     Unspecified  (4163)    4670    4069    
   346 30.77 0.00 0.00           OY783192.1  14689555  14689658 (24783873) C               Kuruka     Unspecified  (5154)    3679    3576    
  1240 35.14 3.06 2.77           OY783192.1  16495067  16496146 (22977385) C               Kuruka     Unspecified  (4177)    4656    3574    
  1001 34.88 2.98 2.67           OY783192.1  16530209  16531180 (22942351) +               Kuruka     Unspecified    3574    4548  (4285)    
   422 33.74 2.92 2.92           OY783192.1  16578610  16578951 (22894580) +               Kuruka     Unspecified    3489    3830  (5003)    
   742 33.94 2.43 2.60           OY783192.1  16579060  16579676 (22893855) +               Kuruka     Unspecified    3939    4554  (4279)    
   781 34.24 2.64 2.81           OY783192.1  16590077  16590683 (22882848) +               Kuruka     Unspecified    3939    4544  (4289)    
   245 30.61 3.27 6.04           OY783192.1  16731955  16732107 (22741424) +               Kuruka     Unspecified    4227    4375  (4458)    
  1199 33.73 3.91 4.13           OY783192.1  17365392  17366362 (22107169) C               Kuruka     Unspecified  (4289)    4544    3576    
  1412 34.52 2.55 2.64           OY783192.1  17370903  17372000 (22101531) C               Kuruka     Unspecified  (4163)    4670    3574    
   862 36.47 2.88 2.98           OY783192.1  18650971  18652010 (20821521) +               Kuruka     Unspecified    3510    4548  (4285)    
   580 36.23 1.56 1.71           OY783192.1  18682519  18683161 (20790370) +               Kuruka     Unspecified    3939    4580  (4253)    
  1134 35.32 3.97 3.58           OY783192.1  19051821  19052877 (20420654) C               Kuruka     Unspecified  (4218)    4615    3555    
   640 34.46 2.95 3.11           OY783192.1  19291095  19291705 (20181826) +               Kuruka     Unspecified    3939    4548  (4285)    
  1198 35.53 2.68 2.79           OY783192.1  19607244  19608213 (19865318) C               Kuruka     Unspecified  (4289)    4544    3576    
   746 34.13 3.29 3.47           OY783192.1  19679684  19680290 (19793241) C               Kuruka     Unspecified  (4289)    4544    3939    
   321 33.86 6.45 1.15           OY783192.1  19680395  19680642 (19792889) C               Kuruka     Unspecified  (4997)    3836    3576    
   253 37.07 2.26 2.26           OY783192.1  19741138  19741402 (19732129) +               Kuruka     Unspecified    3576    3840  (4993)    
   756 33.96 3.29 3.47           OY783192.1  19741501  19742107 (19731424) +               Kuruka     Unspecified    3939    4544  (4289)    
   672 34.61 2.43 2.60           OY783192.1  20187472  20188088 (19285443) C               Kuruka     Unspecified  (4279)    4554    3939    
   400 34.03 2.92 2.92           OY783192.1  20188197  20188538 (19284993) C               Kuruka     Unspecified  (5003)    3830    3489    
   274 36.05 1.26 2.12           OY783192.1  20252617  20252854 (19220677) +               Kuruka     Unspecified    3576    3811  (5022)    
   685 35.21 2.97 2.97           OY783192.1  20263427  20264032 (19209499) +               Kuruka     Unspecified    3939    4544  (4289)    
   335 34.90 3.77 3.77           OY783192.1  20718686  20718950 (18754581) +               Kuruka     Unspecified    3576    3840  (4993)    
   896 33.40 3.62 3.80           OY783192.1  20719049  20719655 (18753876) +               Kuruka     Unspecified    3939    4544  (4289)    
   785 36.83 3.76 4.34           OY783192.1  20801114  20802203 (18671328) +               Kuruka     Unspecified    3495    4578  (4255)    
   788 36.29 1.71 1.87           OY783192.1  21230978  21231620 (18241911) C               Kuruka     Unspecified  (4253)    4580    3939    
   573 36.29 1.71 1.87           OY783192.1  24465681  24466323 (15007208) +               Kuruka     Unspecified    3939    4580  (4253)    
   438 35.61 0.00 0.46           OY783192.1  24965271  24965490 (14508041) C               Kuruka     Unspecified  (4337)    4496    4278    
   400 36.34 2.29 1.42           OY783192.1  24967709  24968057 (14505474) C               Kuruka     Unspecified  (4988)    3845    3494    
   573 36.29 1.71 1.87           OY783192.1  27872758  27873400 (11600131) C               Kuruka     Unspecified  (4253)    4580    3939    
   927 34.70 2.97 3.14           OY783192.1  28305707  28306313 (11167218) C               Kuruka     Unspecified  (4289)    4544    3939    
   429 36.64 1.13 1.13           OY783192.1  28306412  28306676 (11166855) C               Kuruka     Unspecified  (4993)    3840    3576    
  1395 36.29 1.87 1.59           OY783192.1  28706871  28707937 (10765594) C               Kuruka     Unspecified  (4285)    4548    3479    
   440 36.99 0.93 1.24           OY783192.1  29002202  29002524 (10471007) C               Kuruka     Unspecified  (4282)    4551    4230    
   226 21.64 9.84 1.52           OY783192.1  29677634  29677694 (9795837) +               Kuruka     Unspecified    3636    3701  (5132)    
   287 36.71 0.53 1.06           OY783192.1  32646727  32646916 (6826615) +               Kuruka     Unspecified    3507    3695  (5138)    
   243 40.39 0.00 0.77           OY783192.1  36483710  36483971 (2989560) C               Kuruka     Unspecified  (4999)    3834    3575    
  1452 36.78 1.69 1.40           OY783193.1     19274     20340 (39215321) +               Kuruka     Unspecified    3479    4548  (4285)    
  1214 35.22 3.69 3.30           OY783193.1   7293382   7294438 (31941223) C               Kuruka     Unspecified  (4218)    4615    3555    
   758 30.66 4.31 4.81           OY783193.1  13921392  13921809 (25313852) +               Kuruka     Unspecified    3939    4354  (4479)    
   909 35.02 4.36 4.36           OY783193.1  13925397  13926474 (25309187) +               Kuruka     Unspecified    3507    4584  (4249)    
   419 35.28 1.15 1.15           OY783193.1  14985304  14985564 (24250097) +               Kuruka     Unspecified    3576    3836  (4997)    
   743 34.13 3.29 3.47           OY783193.1  14985669  14986275 (24249386) +               Kuruka     Unspecified    3939    4544  (4289)    
   493 35.12 1.13 1.13           OY783193.1  16518635  16518899 (22716762) +               Kuruka     Unspecified    3576    3840  (4993)    
   888 35.04 2.97 3.14           OY783193.1  16518998  16519604 (22716057) +               Kuruka     Unspecified    3939    4544  (4289)    
   856 34.81 3.83 2.81           OY783193.1  17422120  17422719 (21812942) C               Kuruka     Unspecified  (4289)    4544    3939    
   446 36.26 1.13 1.13           OY783193.1  17422818  17423082 (21812579) C               Kuruka     Unspecified  (4993)    3840    3576    
   226 36.25 2.65 3.57           OY783193.1  18450050  18450275 (20785386) +               Kuruka     Unspecified    3495    3718  (5115)    
   802 37.82 1.08 1.55           OY783193.1  18450489  18451138 (20784523) +               Kuruka     Unspecified    3932    4578  (4255)    
   256 33.08 2.99 0.73           OY783193.1  18675362  18675495 (20560166) +               Kuruka     Unspecified    3507    3643  (5190)    
   228 35.56 4.06 1.49           OY783193.1  18696826  18697022 (20538639) C               Kuruka     Unspecified  (4403)    4430    4229    
   594 36.03 2.62 2.79           OY783193.1  18977010  18977620 (20258041) +               Kuruka     Unspecified    3939    4548  (4285)    
   319 37.50 0.50 0.50           OY783193.1  19030635  19030835 (20204826) +               Kuruka     Unspecified    3495    3695  (5138)    
   579 36.03 2.62 2.79           OY783193.1  19031079  19031689 (20203972) +               Kuruka     Unspecified    3939    4548  (4285)    
  1252 34.76 3.20 3.30           OY783193.1  19131794  19132763 (20102898) C               Kuruka     Unspecified  (4289)    4544    3576    
   984 35.52 3.22 3.32           OY783193.1  19145864  19146888 (20088773) C               Kuruka     Unspecified  (4222)    4611    3588    
   235 21.57 0.00 0.00           OY783193.1  20824205  20824255 (18411406) C               Kuruka     Unspecified  (4499)    4334    4284    
   869 32.83 3.99 4.55           OY783193.1  21172186  21172737 (18062924) +               Kuruka     Unspecified    3939    4487  (4346)    
  1044 37.02 1.33 1.42           OY783193.1  21901706  21902760 (17332901) +               Kuruka     Unspecified    3495    4548  (4285)    
   238 35.56 4.06 1.49           OY783193.1  21966220  21966416 (17269245) +               Kuruka     Unspecified    4229    4430  (4403)    
   729 37.13 2.65 2.75           OY783193.1  21992499  21993553 (17242108) +               Kuruka     Unspecified    3495    4548  (4285)    
   228 36.07 4.06 1.49           OY783193.1  22014578  22014774 (17220887) +               Kuruka     Unspecified    4229    4430  (4403)    
   746 33.21 3.16 3.16           OY783193.1  22021675  22022243 (17213418) +               Kuruka     Unspecified    3588    4156  (4677)    
   682 34.53 2.17 2.40           OY783193.1  22022244  22022703 (17212958) +               Kuruka     Unspecified    4212    4670  (4163)    
   421 36.08 4.26 0.51           OY783193.1  22032636  22033011 (17202650) +               Kuruka     Unspecified    3488    3877  (4956)    
   390 31.90 5.62 5.96           OY783193.1  22147227  22147546 (17088115) +               Kuruka     Unspecified    4224    4542  (4291)    
   699 35.75 2.56 3.05           OY783193.1  23055264  23055889 (16179772) C               Kuruka     Unspecified  (4279)    4554    3932    
   341 34.33 5.71 2.03           OY783193.1  23055988  23056320 (16179341) C               Kuruka     Unspecified  (5000)    3833    3489    
   645 35.21 0.59 0.59           OY783193.1  24408873  24409212 (14826449) +               Kuruka     Unspecified    3495    3834  (4999)    
   920 34.98 1.70 1.85           OY783193.1  24409310  24410014 (14825647) +               Kuruka     Unspecified    3932    4635  (4198)    
   254 34.52 4.06 1.49           OY783193.1  24486516  24486712 (14748949) C               Kuruka     Unspecified  (4403)    4430    4229    
   413 35.35 6.18 2.80           OY783193.1  24631941  24632458 (14603203) C               Kuruka     Unspecified  (4723)    4110    3576    
   386 34.26 2.66 3.45           OY783193.1  27551105  27551367 (11684294) +               Kuruka     Unspecified    3576    3836  (4997)    
   841 34.80 2.31 2.48           OY783193.1  27551472  27552078 (11683583) +               Kuruka     Unspecified    3939    4544  (4289)    
   683 34.71 2.78 2.94           OY783193.1  27843005  27843651 (11392010) C               Kuruka     Unspecified  (4249)    4584    3939    
   590 33.24 1.42 2.30           OY783193.1  27843755  27844105 (11391556) C               Kuruka     Unspecified  (4998)    3835    3488    
   731 36.14 1.71 1.87           OY783193.1  28175015  28175657 (11060004) C               Kuruka     Unspecified  (4253)    4580    3939    
   842 35.39 2.11 2.28           OY783193.1  28667255  28667870 (10567791) C               Kuruka     Unspecified  (4253)    4580    3966    
  1040 34.23 3.12 4.94           OY783193.1  29187160  29188250 (10047411) C               Kuruka     Unspecified  (4255)    4578    3507    
   236 30.11 1.06 1.06           OY783193.1  29375786  29375879 (9859782) +               Kuruka     Unspecified    3964    4057  (4776)    
  1382 34.46 2.64 2.73           OY783193.1  29570804  29571901 (9663760) +               Kuruka     Unspecified    3574    4670  (4163)    
   507 35.12 1.13 1.13           OY783193.1  29658356  29658620 (9577041) +               Kuruka     Unspecified    3576    3840  (4993)    
   936 34.46 2.81 2.64           OY783193.1  29658719  29659323 (9576338) +               Kuruka     Unspecified    3939    4544  (4289)    
  1017 37.12 1.33 1.42           OY783193.1  32457700  32458754 (6776907) C               Kuruka     Unspecified  (4285)    4548    3495    
   315 29.69 3.51 3.51           OY783193.1  33065114  33065284 (6170377) +               Kuruka     Unspecified    3504    3674  (5159)    
   313 35.50 0.50 0.50           OY783193.1  33657566  33657766 (5577895) +               Kuruka     Unspecified    3495    3695  (5138)    
  1411 36.48 1.87 1.59           OY783193.1  34710967  34712033 (4523628) +               Kuruka     Unspecified    3479    4548  (4285)    
  1044 37.02 1.33 1.42           OY783194.1   1863680   1864734 (35047525) C               Kuruka     Unspecified  (4285)    4548    3495    
   247 28.17 0.00 0.00           OY783194.1   4180392   4180462 (32731797) +               Kuruka     Unspecified    4284    4354  (4479)    
   310 36.71 0.53 1.06           OY783194.1   6677337   6677526 (30234733) +               Kuruka     Unspecified    3507    3695  (5138)    
   945 36.91 3.44 2.27           OY783194.1   7688218   7689351 (29222908) C               Kuruka     Unspecified  (4222)    4611    3465    
   604 32.95 1.42 2.30           OY783194.1   8750422   8750772 (28161487) +               Kuruka     Unspecified    3488    3835  (4998)    
   673 34.71 2.78 2.94           OY783194.1   8750876   8751522 (28160737) +               Kuruka     Unspecified    3939    4584  (4249)    
   314 33.33 0.61 0.61           OY783194.1   8789916   8790078 (28122181) +               Kuruka     Unspecified    3574    3736  (5097)    
   230 28.52 9.84 2.29           OY783194.1   9572321   9572442 (27339817) C               Kuruka     Unspecified  (4398)    4435    4305    
   494 35.64 4.03 2.13           OY783194.1  10041955  10042599 (26869660) +               Kuruka     Unspecified    3488    4144  (4689)    
   377 31.89 1.60 1.60           OY783194.1  10060360  10060547 (26851712) +               Kuruka     Unspecified    3507    3694  (5139)    
   343 34.93 0.53 0.53           OY783194.1  10060785  10060974 (26851285) +               Kuruka     Unspecified    3933    4122  (4711)    
   361 35.22 0.75 0.75           OY783194.1  10061135  10061400 (26850859) +               Kuruka     Unspecified    4283    4548  (4285)    
   378 31.10 3.80 2.14           OY783194.1  10537361  10537544 (26374715) C               Kuruka     Unspecified  (5073)    3760    3574    
   444 35.10 3.76 3.93           OY783194.1  12686757  12687367 (24224892) C               Kuruka     Unspecified  (4285)    4548    3939    
   249 39.40 1.19 1.80           OY783194.1  13273417  13273584 (23638675) +               Kuruka     Unspecified    4274    4440  (4393)    
   573 36.29 1.71 1.87           OY783194.1  14260160  14260802 (22651457) C               Kuruka     Unspecified  (4253)    4580    3939    
   763 33.84 3.47 3.47           OY783194.1  15662501  15663106 (21249153) C               Kuruka     Unspecified  (4289)    4544    3939    
   458 31.49 2.68 2.68           OY783194.1  15663213  15663473 (21248786) C               Kuruka     Unspecified  (4997)    3836    3576    
   424 33.74 2.92 2.92           OY783194.1  17170981  17171322 (19740937) +               Kuruka     Unspecified    3489    3830  (5003)    
   703 34.28 2.43 2.60           OY783194.1  17171431  17172047 (19740212) +               Kuruka     Unspecified    3939    4554  (4279)    
   248 34.16 0.00 0.83           OY783194.1  18351711  18351831 (18560428) C               Kuruka     Unspecified  (5138)    3695    3576    
   248 34.16 0.00 0.83           OY783194.1  18357456  18357576 (18554683) C               Kuruka     Unspecified  (5138)    3695    3576    
   453 36.93 3.59 3.24           OY783194.1  18512019  18512603 (18399656) +               Kuruka     Unspecified    3558    4144  (4689)    
   644 34.23 2.03 2.33           OY783194.1  18513972  18514315 (18397944) +               Kuruka     Unspecified    4202    4544  (4289)    
   731 36.14 1.71 1.87           OY783194.1  18699469  18700111 (18212148) C               Kuruka     Unspecified  (4253)    4580    3939    
   482 37.74 1.14 1.31           OY783194.1  19852048  19852659 (17059600) C               Kuruka     Unspecified  (4285)    4548    3938    
  1248 35.28 3.60 3.20           OY783194.1  19939981  19941037 (16971222) C               Kuruka     Unspecified  (4218)    4615    3555    
  1414 36.48 1.87 1.59           OY783194.1  20529265  20530331 (16381928) +               Kuruka     Unspecified    3479    4548  (4285)    
   343 36.82 2.64 2.64           OY783194.1  20542063  20542327 (16369932) +               Kuruka     Unspecified    3576    3840  (4993)    
   475 37.41 1.84 1.67           OY783194.1  20804582  20805179 (16107080) +               Kuruka     Unspecified    3956    4554  (4279)    
   280 35.65 3.22 3.22           OY783194.1  20807914  20808255 (16104004) +               Kuruka     Unspecified    3489    3830  (5003)    
   231 36.49 1.42 0.47           OY783194.1  20808364  20808575 (16103684) +               Kuruka     Unspecified    3939    4152  (4681)    
   542 34.01 1.97 2.26           OY783194.1  20808652  20809006 (16103253) +               Kuruka     Unspecified    4227    4580  (4253)    
   268 18.87 0.00 0.00           OY783194.1  20815425  20815477 (16096782) +               Kuruka     Unspecified    4284    4336  (4497)    
   259 32.85 3.83 5.34           OY783194.1  21095303  21095511 (15816748) C               Kuruka     Unspecified  (4285)    4548    4343    
   375 24.27 1.90 1.90           OY783194.1  21095671  21095775 (15816484) C               Kuruka     Unspecified  (4674)    4159    4055    
   248 34.16 0.00 0.83           OY783194.1  22542095  22542215 (14370044) +               Kuruka     Unspecified    3576    3695  (5138)    
  1044 37.02 1.33 1.42           OY783194.1  22609739  22610793 (14301466) +               Kuruka     Unspecified    3495    4548  (4285)    
   351 33.34 3.94 4.35           OY783194.1  22698281  22698534 (14213725) C               Kuruka     Unspecified  (4297)    4536    4284    
   248 34.16 0.00 0.83           OY783194.1  22731482  22731602 (14180657) +               Kuruka     Unspecified    3576    3695  (5138)    
   787 37.12 1.70 2.43           OY783194.1  23199567  23200270 (13711989) +               Kuruka     Unspecified    3970    4668  (4165)    
  1395 36.29 1.87 1.59           OY783194.1  24818449  24819515 (12092744) +               Kuruka     Unspecified    3479    4548  (4285)    
  1389 36.13 1.97 1.78           OY783194.1  36889742  36890809  (21450) +               Kuruka     Unspecified    3479    4548  (4285)    
  1389 36.13 1.97 1.78           OY783194.1  36897321  36898388  (13871) +               Kuruka     Unspecified    3479    4548  (4285)    
  1191 34.73 3.81 3.92           OY783195.1   6393978   6394948 (26444906) +               Kuruka     Unspecified    3576    4545  (4288)    
   543 36.61 1.71 1.87           OY783195.1  11601003  11601645 (21238209) +               Kuruka     Unspecified    3939    4580  (4253)    
   552 31.61 4.64 4.64           OY783195.1  11756453  11756797 (21083057) +               Kuruka     Unspecified    3489    3833  (5000)    
   853 35.60 2.69 2.82           OY783195.1  11756903  11757720 (21082134) +               Kuruka     Unspecified    3939    4755  (4078)    
   246 32.01 9.30 0.71           OY783195.1  12626665  12626793 (20213061) +               Kuruka     Unspecified    4296    4435  (4398)    
   247 35.04 4.06 1.49           OY783195.1  13591704  13591900 (19247954) C               Kuruka     Unspecified  (4403)    4430    4229    
   248 20.37 0.00 0.00           OY783195.1  13777743  13777796 (19062058) +               Kuruka     Unspecified    4283    4336  (4497)    
  1259 33.72 2.49 2.61           OY783195.1  14449574  14450456 (18389398) +               Kuruka     Unspecified    3574    4455  (4378)    
  1258 34.34 2.53 3.28           OY783195.1  14642199  14643303 (18196551) C               Kuruka     Unspecified  (4163)    4670    3574    
   472 32.52 4.64 4.64           OY783195.1  15185934  15186278 (17653576) +               Kuruka     Unspecified    3489    3833  (5000)    
   235 30.77 0.00 0.00           OY783195.1  15186383  15186460 (17653394) +               Kuruka     Unspecified    3939    4016  (4817)    
   651 35.02 3.31 3.31           OY783195.1  15196409  15197102 (17642752) +               Kuruka     Unspecified    4062    4755  (4078)    
   307 35.49 0.44 6.48           OY783195.1  15224278  15224506 (17615348) +               Kuruka     Unspecified    3507    3722  (5111)    
   942 34.52 2.97 3.14           OY783195.1  16030374  16030980 (16808874) C               Kuruka     Unspecified  (4289)    4544    3939    
   326 37.07 2.26 2.26           OY783195.1  16031079  16031343 (16808511) C               Kuruka     Unspecified  (4993)    3840    3576    
  1044 37.02 1.33 1.42           OY783195.1  16555684  16556738 (16283116) +               Kuruka     Unspecified    3495    4548  (4285)    
   254 20.75 0.00 0.00           OY783195.1  18092824  18092876 (14746978) C               Kuruka     Unspecified  (4497)    4336    4284    
   248 34.16 0.00 0.83           OY783195.1  19947776  19947896 (12891958) C               Kuruka     Unspecified  (5138)    3695    3576    
   259 35.11 3.15 3.56           OY783195.1  22837499  22837752 (10002102) C               Kuruka     Unspecified  (4297)    4536    4284    
   248 34.16 0.00 0.83           OY783195.1  24406862  24406982 (8432872) C               Kuruka     Unspecified  (5138)    3695    3576    
   275 29.03 1.06 1.06           OY783195.1  24458056  24458149 (8381705) +               Kuruka     Unspecified    3747    3840  (4993)    
   871 33.39 3.13 3.30           OY783195.1  24458248  24458854 (8381000) +               Kuruka     Unspecified    3939    4544  (4289)    
   227 23.96 8.97 3.66           OY783195.1  25746706  25746783 (7093071) +               Kuruka     Unspecified    3637    3718  (5115)    
  1452 36.78 1.69 1.40           OY783195.1  26478864  26479930 (6359924) C               Kuruka     Unspecified  (4285)    4548    3479    
  1317 36.73 1.78 1.50           OY783195.1  32158455  32159521 (680333) +               Kuruka     Unspecified    3479    4548  (4285)    
   252 39.40 1.19 1.80           OY783196.1   9603370   9603537 (22425602) C               Kuruka     Unspecified  (4393)    4440    4274    
   786 36.29 1.71 1.87           OY783196.1  10632276  10632918 (21396221) +               Kuruka     Unspecified    3939    4580  (4253)    
   247 35.04 4.06 1.49           OY783196.1  10803342  10803538 (21225601) C               Kuruka     Unspecified  (4403)    4430    4229    
   314 35.14 3.10 5.14           OY783196.1  11003550  11003807 (21025332) C               Kuruka     Unspecified  (4297)    4536    4284    
   244 30.88 0.00 0.00           OY783196.1  11004088  11004155 (21024984) C               Kuruka     Unspecified  (4833)    4000    3933    
   564 38.60 1.08 1.24           OY783196.1  11104048  11104695 (20924444) C               Kuruka     Unspecified  (4255)    4578    3932    
   247 35.04 4.06 1.49           OY783196.1  11822068  11822264 (20206875) +               Kuruka     Unspecified    4229    4430  (4403)    
   233 30.88 0.00 0.00           OY783196.1  12282788  12282855 (19746284) +               Kuruka     Unspecified    3933    4000  (4833)    
   434 35.12 1.13 1.13           OY783196.1  13443501  13443765 (18585374) +               Kuruka     Unspecified    3576    3840  (4993)    
   765 33.96 3.29 3.47           OY783196.1  13443864  13444470 (18584669) +               Kuruka     Unspecified    3939    4544  (4289)    
   248 34.16 0.00 0.83           OY783196.1  13755994  13756114 (18273025) +               Kuruka     Unspecified    3576    3695  (5138)    
   765 33.96 3.29 3.47           OY783196.1  14068971  14069577 (17959562) C               Kuruka     Unspecified  (4289)    4544    3939    
   434 35.12 1.13 1.13           OY783196.1  14069676  14069940 (17959199) C               Kuruka     Unspecified  (4993)    3840    3576    
   278 34.16 0.00 0.83           OY783196.1  14602461  14602581 (17426558) +               Kuruka     Unspecified    3576    3695  (5138)    
   377 32.23 5.62 5.96           OY783196.1  15495019  15495338 (16533801) C               Kuruka     Unspecified  (4291)    4542    4224    
   245 36.43 2.98 3.59           OY783196.1  15842081  15842248 (16186891) C               Kuruka     Unspecified  (4393)    4440    4274    
   851 34.00 3.37 3.95           OY783196.1  15952736  15953626 (16075513) +               Kuruka     Unspecified    3663    4548  (4285)    
   552 31.61 4.64 4.64           OY783196.1  16735335  16735679 (15293460) +               Kuruka     Unspecified    3489    3833  (5000)    
   879 35.88 2.44 2.57           OY783196.1  16735785  16736602 (15292537) +               Kuruka     Unspecified    3939    4755  (4078)    
   296 37.23 0.53 1.06           OY783196.1  17076067  17076256 (14952883) +               Kuruka     Unspecified    3507    3695  (5138)    
   253 37.07 2.26 2.26           OY783196.1  17402526  17402790 (14626349) +               Kuruka     Unspecified    3576    3840  (4993)    
   765 33.96 3.29 3.47           OY783196.1  17402889  17403495 (14625644) +               Kuruka     Unspecified    3939    4544  (4289)    
  1121 35.08 2.87 3.41           OY783196.1  21213349  21214322 (10814817) +               Kuruka     Unspecified    3576    4544  (4289)    
   487 31.18 3.42 5.38           OY783197.1   5028765   5029086 (24729874) +               Kuruka     Unspecified    4296    4611  (4222)    
   349 36.45 0.46 1.40           OY783197.1   5584148   5584364 (24174596) C               Kuruka     Unspecified  (4289)    4544    4330    
   444 33.99 1.90 2.68           OY783197.1   5584752   5585014 (24173946) C               Kuruka     Unspecified  (4997)    3836    3576    
   598 36.86 1.69 2.17           OY783197.1   5915505   5916153 (23842807) C               Kuruka     Unspecified  (4249)    4584    3939    
   600 33.44 1.42 2.29           OY783197.1   5916258   5916609 (23842351) C               Kuruka     Unspecified  (4997)    3836    3488    
   421 35.27 3.08 2.59           OY783197.1   6467774   6468195 (23290765) C               Kuruka     Unspecified  (4387)    4446    4023    
  1033 34.95 3.41 4.36           OY783197.1   7409321   7410316 (22348644) +               Kuruka     Unspecified    3558    4544  (4289)    
   528 33.34 1.52 2.45           OY783197.1   7900359   7900687 (21858273) C               Kuruka     Unspecified  (4285)    4548    4223    
   339 32.20 1.67 3.85           OY783197.1   7903447   7903685 (21855275) C               Kuruka     Unspecified  (4662)    4171    3938    
   305 35.96 0.49 0.49           OY783197.1   7903850   7904053 (21854907) C               Kuruka     Unspecified  (5056)    3777    3574    
   253 34.26 4.43 5.77           OY783197.1   8183875   8184190 (21574770) C               Kuruka     Unspecified  (4298)    4535    4224    
   287 34.17 0.00 0.00           OY783197.1   8995106   8995225 (20763735) C               Kuruka     Unspecified  (5138)    3695    3576    
   841 36.23 3.60 2.56           OY783197.1   9044639   9045720 (20713240) +               Kuruka     Unspecified    3488    4580  (4253)    
   250 40.00 1.20 1.20           OY783197.1  10195849  10196015 (19562945) +               Kuruka     Unspecified    4274    4440  (4393)    
   692 35.45 3.22 3.37           OY783197.1  11104537  11105219 (18653741) C               Kuruka     Unspecified  (4213)    4620    3939    
   446 34.94 2.23 1.67           OY783197.1  11105346  11105703 (18653257) C               Kuruka     Unspecified  (5022)    3811    3452    
   702 37.93 3.15 3.45           OY783197.1  12667384  12668429 (17090531) +               Kuruka     Unspecified    3536    4578  (4255)    
  1131 34.66 2.94 3.30           OY783197.1  12721831  12722713 (17036247) +               Kuruka     Unspecified    3576    4455  (4378)    
   746 33.96 3.29 3.47           OY783197.1  13315326  13315932 (16443028) C               Kuruka     Unspecified  (4289)    4544    3939    
   253 37.07 2.26 2.26           OY783197.1  13316031  13316295 (16442665) C               Kuruka     Unspecified  (4993)    3840    3576    
   230 28.52 9.84 2.29           OY783197.1  13385730  13385851 (16373109) C               Kuruka     Unspecified  (4398)    4435    4305    
   567 35.87 1.87 2.02           OY783197.1  14648583  14649225 (15109735) +               Kuruka     Unspecified    3939    4580  (4253)    
   318 39.17 3.14 2.95           OY783197.1  15238102  15238643 (14520317) C               Kuruka     Unspecified  (4715)    4118    3576    
  1298 36.78 1.69 1.40           OY783197.1  15733871  15734937 (14024023) C               Kuruka     Unspecified  (4285)    4548    3479    
   293 36.37 1.06 1.06           OY783197.1  17146990  17147178 (12611782) +               Kuruka     Unspecified    3507    3695  (5138)    
   310 36.71 0.53 1.06           OY783197.1  17282579  17282768 (12476192) +               Kuruka     Unspecified    3507    3695  (5138)    
  1425 36.88 1.69 1.40           OY783197.1  18288139  18289205 (11469755) C               Kuruka     Unspecified  (4285)    4548    3479    
  1368 36.38 1.87 1.59           OY783197.1  18295720  18296786 (11462174) C               Kuruka     Unspecified  (4285)    4548    3479    
  1368 36.38 1.87 1.59           OY783197.1  18303301  18304367 (11454593) C               Kuruka     Unspecified  (4285)    4548    3479    
  1161 35.42 3.97 3.58           OY783197.1  18422487  18423543 (11335417) +               Kuruka     Unspecified    3555    4615  (4218)    
  1430 36.38 1.87 1.59           OY783197.1  25124446  25125512 (4633448) C               Kuruka     Unspecified  (4285)    4548    3479    
   310 36.71 0.53 1.06           OY783197.1  29696079  29696268  (62692) C               Kuruka     Unspecified  (5138)    3695    3507    
  1405 36.29 1.87 1.59           OY783197.1  29736073  29737139  (21821) +               Kuruka     Unspecified    3479    4548  (4285)    
  1532 36.88 1.69 1.40           OY783198.1   3294098   3295164 (24742283) +               Kuruka     Unspecified    3479    4548  (4285)    
  1317 36.73 1.78 1.50           OY783198.1   3324420   3325486 (24711961) C               Kuruka     Unspecified  (4285)    4548    3479    
   704 35.57 2.46 3.25           OY783198.1   7670315   7670965 (20366482) +               Kuruka     Unspecified    3939    4584  (4249)    
  1395 36.29 1.87 1.59           OY783198.1  10004670  10005736 (18031711) +               Kuruka     Unspecified    3479    4548  (4285)    
   282 32.79 4.65 4.25           OY783198.1  11034203  11034460 (17002987) C               Kuruka     Unspecified  (4999)    3834    3576    
  1430 36.38 1.87 1.59           OY783198.1  11469251  11470317 (16567130) +               Kuruka     Unspecified    3479    4548  (4285)    
   334 34.73 0.83 0.83           OY783198.1  13897641  13897881 (14139566) C               Kuruka     Unspecified  (4654)    4179    3939    
   308 29.83 6.15 6.58           OY783198.1  14066996  14067239 (13970208) +               Kuruka     Unspecified    4263    4505  (4328)    
   242 36.73 3.05 0.50           OY783198.1  14509420  14509616 (13527831) +               Kuruka     Unspecified    4229    4430  (4403)    
   292 29.22 4.69 5.19           OY783198.1  14733310  14733522 (13303925) +               Kuruka     Unspecified    3933    4144  (4689)    
   264 32.86 0.00 0.00           OY783198.1  15528815  15528954 (12508493) C               Kuruka     Unspecified  (4291)    4542    4403    
   998 34.14 4.22 4.98           OY783198.1  16361232  16362202 (11675245) C               Kuruka     Unspecified  (4294)    4539    3576    
   252 39.40 1.19 1.80           OY783198.1  16505477  16505644 (11531803) +               Kuruka     Unspecified    4274    4440  (4393)    
   269 34.52 4.06 1.49           OY783198.1  16592540  16592736 (11444711) +               Kuruka     Unspecified    4229    4430  (4403)    
   504 33.59 2.26 2.26           OY783198.1  16944047  16944311 (11093136) +               Kuruka     Unspecified    3576    3840  (4993)    
   771 36.45 1.71 1.87           OY783198.1  16951301  16951943 (11085504) +               Kuruka     Unspecified    3939    4580  (4253)    
  1072 32.72 2.63 3.14           OY783198.1  16960932  16961540 (11075907) +               Kuruka     Unspecified    3939    4544  (4289)    
  1395 36.29 1.87 1.59           OY783198.1  27915584  27916650 (120797) C               Kuruka     Unspecified  (4285)    4548    3479    
   277 31.92 0.00 1.06           OY783199.1   8491676   8491770 (18577636) +               Kuruka     Unspecified    4284    4377  (4456)    
   745 35.51 3.09 4.38           OY783199.1   9768892   9769539 (17299867) +               Kuruka     Unspecified    3939    4578  (4255)    
  1044 37.02 1.33 1.42           OY783199.1  10736661  10737715 (16331691) +               Kuruka     Unspecified    3495    4548  (4285)    
   247 28.17 0.00 0.00           OY783199.1  11331947  11332017 (15737389) C               Kuruka     Unspecified  (4479)    4354    4284    
   597 34.32 5.28 5.59           OY783199.1  12260438  12261119 (14808287) C               Kuruka     Unspecified  (4215)    4618    3939    
   888 35.35 2.69 2.82           OY783199.1  13356162  13356979 (13712427) C               Kuruka     Unspecified  (4078)    4755    3939    
   580 31.31 4.64 4.64           OY783199.1  13357085  13357429 (13711977) C               Kuruka     Unspecified  (5000)    3833    3489    
   367 35.71 2.70 2.70           OY783199.1  14133479  14133737 (12935669) +               Kuruka     Unspecified    3576    3834  (4999)    
   827 30.46 3.32 3.56           OY783199.1  14134443  14134864 (12934542) +               Kuruka     Unspecified    4026    4446  (4387)    
  1272 34.87 3.10 3.20           OY783199.1  14588057  14589025 (12480381) +               Kuruka     Unspecified    3577    4544  (4289)    
   921 35.28 3.87 3.13           OY783199.1  15757261  15758243 (11311163) C               Kuruka     Unspecified  (4289)    4544    3555    
   256 39.40 1.19 1.80           OY783199.1  19012138  19012305 (8057101) C               Kuruka     Unspecified  (4393)    4440    4274    
  1144 35.32 3.97 3.58           OY783199.1  20766868  20767924 (6301482) +               Kuruka     Unspecified    3555    4615  (4218)    
   283 31.92 0.00 1.06           OY783199.1  23027883  23027977 (4041429) +               Kuruka     Unspecified    4284    4377  (4456)    
   261 35.00 0.00 0.83           OY783199.1  23053789  23053909 (4015497) C               Kuruka     Unspecified  (5138)    3695    3576    
  1450 36.78 1.69 1.40           OY783199.1  27022751  27023817  (45589) +               Kuruka     Unspecified    3479    4548  (4285)    
  1395 36.29 1.87 1.59           OY783200.1   4529176   4530242 (21003727) C               Kuruka     Unspecified  (4285)    4548    3479    
   422 31.16 0.99 1.99           OY783200.1   5947533   5947735 (19586234) +               Kuruka     Unspecified    3495    3695  (5138)    
   733 35.15 1.61 2.27           OY783200.1   5951028   5951647 (19582322) +               Kuruka     Unspecified    3933    4548  (4285)    
   420 35.41 1.59 1.86           OY783200.1   5954330   5954706 (19579263) +               Kuruka     Unspecified    4296    4671  (4162)    
   748 33.67 3.46 3.63           OY783200.1   7069123   7069729 (18464240) C               Kuruka     Unspecified  (4289)    4544    3939    
   374 36.26 1.13 1.13           OY783200.1   7069828   7070092 (18463877) C               Kuruka     Unspecified  (4993)    3840    3576    
   695 33.60 4.40 2.05           OY783200.1   7211675   7212151 (18321818) C               Kuruka     Unspecified  (4289)    4544    4057    
   918 35.08 2.14 2.31           OY783200.1   7270077   7270683 (18263286) C               Kuruka     Unspecified  (4289)    4544    3939    
   507 34.88 1.15 1.15           OY783200.1   7270788   7271048 (18262921) C               Kuruka     Unspecified  (4997)    3836    3576    
   317 34.69 1.95 3.16           OY783200.1   7330040   7330295 (18203674) C               Kuruka     Unspecified  (4289)    4544    4292    
   915 34.42 2.50 2.27           OY783200.1   7531064   7531943 (18002026) +               Kuruka     Unspecified    3574    4455  (4378)    
   573 36.29 1.71 1.87           OY783200.1   7543940   7544582 (17989387) C               Kuruka     Unspecified  (4253)    4580    3939    
   828 36.82 1.33 1.91           OY783200.1   7874685   7875210 (17658759) C               Kuruka     Unspecified  (4255)    4578    4056    
   309 35.62 0.62 0.62           OY783200.1   7878339   7878499 (17655470) C               Kuruka     Unspecified  (5115)    3718    3558    
   811 35.99 3.97 3.02           OY783200.1   7891853   7892935 (17641034) C               Kuruka     Unspecified  (4253)    4580    3488    
   263 30.67 3.21 5.92           OY783200.1   8203849   8204004 (17329965) C               Kuruka     Unspecified  (4458)    4375    4224    
  1043 37.02 1.33 1.42           OY783200.1   8284699   8285753 (17248216) C               Kuruka     Unspecified  (4285)    4548    3495    
  1430 36.38 1.87 1.59           OY783200.1   8613953   8615019 (16918950) +               Kuruka     Unspecified    3479    4548  (4285)    
  1044 37.02 1.33 1.42           OY783200.1   8707671   8708725 (16825244) +               Kuruka     Unspecified    3495    4548  (4285)    
   724 32.92 2.83 3.04           OY783200.1   9651691   9652185 (15881784) C               Kuruka     Unspecified  (4401)    4432    3939    
   420 35.28 1.15 1.15           OY783200.1   9652291   9652551 (15881418) C               Kuruka     Unspecified  (4997)    3836    3576    
   903 36.58 3.09 2.10           OY783200.1   9828965   9830095 (15703874) C               Kuruka     Unspecified  (4204)    4629    3488    
   270 33.65 5.45 3.79           OY783200.1   9963264   9963575 (15570394) C               Kuruka     Unspecified  (4300)    4533    4217    
   853 35.20 3.89 4.00           OY783200.1  11291079  11292028 (14241941) +               Kuruka     Unspecified    3495    4443  (4390)    
   309 35.62 0.62 0.62           OY783200.1  11517169  11517329 (14016640) +               Kuruka     Unspecified    3558    3718  (5115)    
   871 37.71 1.23 1.39           OY783200.1  11517543  11518190 (14015779) +               Kuruka     Unspecified    3932    4578  (4255)    
   531 38.40 1.54 1.70           OY783200.1  12746724  12747372 (12786597) +               Kuruka     Unspecified    3933    4580  (4253)    
  1044 37.02 1.33 1.42           OY783200.1  13246707  13247761 (12286208) C               Kuruka     Unspecified  (4285)    4548    3495    
   863 34.02 3.65 3.83           OY783200.1  14449784  14450385 (11083584) C               Kuruka     Unspecified  (4294)    4539    3939    
   470 33.85 2.70 1.92           OY783200.1  14450492  14450750 (11083219) C               Kuruka     Unspecified  (4997)    3836    3576    
   540 35.58 1.70 1.89           OY783200.1  16129436  16129965 (9404004) C               Kuruka     Unspecified  (4078)    4755    4227    
  1101 36.01 3.69 3.30           OY783200.1  18551395  18552451 (6981518) +               Kuruka     Unspecified    3555    4615  (4218)    
   236 39.40 1.19 1.80           OY783201.1   4823005   4823172 (19675197) +               Kuruka     Unspecified    4274    4440  (4393)    
  1452 36.78 1.69 1.40           OY783201.1   5070320   5071386 (19426983) +               Kuruka     Unspecified    3479    4548  (4285)    
   231 19.01 9.23 2.90           OY783201.1   5550096   5550160 (18948209) C               Kuruka     Unspecified  (5128)    3705    3637    
  1165 35.65 3.78 3.39           OY783201.1   5847324   5848380 (18649989) +               Kuruka     Unspecified    3555    4615  (4218)    
  1210 35.22 3.97 3.58           OY783201.1   6963198   6964254 (17534115) +               Kuruka     Unspecified    3555    4615  (4218)    
   329 36.63 1.38 2.31           OY783201.1  12548487  12548704 (11949665) +               Kuruka     Unspecified    4286    4501  (4332)    
  1139 35.32 3.97 3.58           OY783201.1  12555464  12556520 (11941849) C               Kuruka     Unspecified  (4218)    4615    3555    
   248 34.16 0.00 0.83           OY783201.1  12902783  12902903 (11595466) +               Kuruka     Unspecified    3576    3695  (5138)    
  1162 33.82 2.55 2.70           OY783201.1  14417816  14418520 (10079849) C               Kuruka     Unspecified  (4198)    4635    3932    
   705 34.62 0.58 2.06           OY783201.1  14418618  14418962 (10079407) C               Kuruka     Unspecified  (4999)    3834    3495    
   291 37.23 0.53 1.06           OY783201.1  15296869  15297058 (9201311) C               Kuruka     Unspecified  (5138)    3695    3507    
   322 36.37 0.75 1.13           OY783201.1  15369044  15369310 (9129059) C               Kuruka     Unspecified  (4285)    4548    4283    
  1045 37.02 1.33 1.42           OY783201.1  15573820  15574874 (8923495) C               Kuruka     Unspecified  (4285)    4548    3495    
   247 35.04 4.06 1.49           OY783201.1  15935652  15935848 (8562521) +               Kuruka     Unspecified    4229    4430  (4403)    
   257 30.61 3.27 6.04           OY783201.1  16323265  16323417 (8174952) +               Kuruka     Unspecified    4227    4375  (4458)    
   685 34.13 2.50 2.68           OY783201.1  16633916  16634514 (7863855) C               Kuruka     Unspecified  (4279)    4554    3957    
   405 34.03 2.92 2.92           OY783201.1  16634641  16634982 (7863387) C               Kuruka     Unspecified  (5003)    3830    3489    
   268 20.37 0.00 0.00           OY783201.1  17435263  17435316 (7063053) +               Kuruka     Unspecified    4283    4336  (4497)    
   607 33.77 4.50 4.83           OY783201.1  18644899  18645542 (5852827) C               Kuruka     Unspecified  (4253)    4580    3939    
   677 37.36 1.78 1.95           OY783201.1  19290297  19290913 (5207456) C               Kuruka     Unspecified  (4279)    4554    3939    
   334 35.14 5.41 1.74           OY783201.1  19291019  19291351 (5207018) C               Kuruka     Unspecified  (5000)    3833    3489    
  1305 35.01 2.90 3.45           OY783201.1  19303170  19304305 (5194064) C               Kuruka     Unspecified  (4216)    4617    3488    
   336 32.93 3.94 4.35           OY783201.1  19324623  19324876 (5173493) C               Kuruka     Unspecified  (4297)    4536    4284    
   230 30.88 0.00 0.00           OY783201.1  19325157  19325224 (5173145) C               Kuruka     Unspecified  (4833)    4000    3933    
   612 36.36 3.42 2.38           OY783201.1  20057566  20058647 (4439722) C               Kuruka     Unspecified  (4253)    4580    3488    
   245 36.43 2.98 3.59           OY783201.1  21322981  21323148 (3175221) C               Kuruka     Unspecified  (4393)    4440    4274    
   387 33.20 4.21 4.21           OY783201.1  21655247  21655507 (2842862) +               Kuruka     Unspecified    3576    3836  (4997)    
