  727 36.94  3.65  2.90     CAUZXE010000008.1    18989    19947  (23343)  +          Kuruka  Unspecified  (23343)    18989    19947
  727 36.94  3.65  2.90     CAUZXE010000008.1    30589    31547  (11743)  C          Kuruka  Unspecified  (11743)    30589    31547
  788 37.42  3.39  2.63            OY757236.1 23430368 23431311 (108911292)  +          Kuruka  Unspecified (108911292) 23430368 23431311
  810 37.29  3.44  2.69            OY757236.1 24315341 24316299 (108026304)  +          Kuruka  Unspecified (108026304) 24315341 24316299
  244 28.00  0.00  0.00            OY757236.1 26015687 26015761 (106326842)  +          Kuruka  Unspecified (106326842) 26015687 26015761
  896 32.57  2.04  2.25            OY757236.1 26016082 26016571 (106326032)  +          Kuruka  Unspecified (106326032) 26016082 26016571
 1401 35.23  3.06  2.34            OY757236.1 28836391 28837535 (103505068)  +          Kuruka  Unspecified (103505068) 28836391 28837535
  550 37.13  3.52  2.73            OY757236.1 45440350 45441257 (86901346)  +          Kuruka  Unspecified (86901346) 45440350 45441257
  234 22.39  0.00  1.49            OY757236.1 46855835 46855902 (85486701)  +          Kuruka  Unspecified (85486701) 46855835 46855902
  547 37.13  3.52  2.73            OY757236.1 54163232 54164139 (78178464)  +          Kuruka  Unspecified (78178464) 54163232 54164139
  287 33.94  7.14  1.42            OY757236.1 63633353 63633618 (68708985)  +          Kuruka  Unspecified (68708985) 63633353 63633618
  264 36.12  9.71  3.45            OY757236.1 64535989 64536616 (67805987)  +          Kuruka  Unspecified (67805987) 64535989 64536616
  413 34.90  5.70  2.00            OY757236.1 64548689 64549074 (67793529)  +          Kuruka  Unspecified (67793529) 64548689 64549074
 1391 35.33  3.06  2.34            OY757236.1 65363676 65364820 (66977783)  +          Kuruka  Unspecified (66977783) 65363676 65364820
  240 34.86  0.00  0.00            OY757236.1 65483965 65484073 (66858530)  +          Kuruka  Unspecified (66858530) 65483965 65484073
  312 32.67  3.35  3.35            OY757236.1 65484288 65484496 (66858107)  +          Kuruka  Unspecified (66858107) 65484288 65484496
  953 36.68  2.15  2.92            OY757236.1 66232361 66233430 (66109173)  +          Kuruka  Unspecified (66109173) 66232361 66233430
  537 35.91  1.38  1.74            OY757236.1 66309414 66309702 (66032901)  +          Kuruka  Unspecified (66032901) 66309414 66309702
 1759 33.76  2.87  2.57            OY757236.1 66673981 66675026 (65667577)  +          Kuruka  Unspecified (65667577) 66673981 66675026
  325 32.72  4.23  4.23            OY757236.1 66707566 66707849 (65634754)  +          Kuruka  Unspecified (65634754) 66707566 66707849
  285 29.89  9.36  2.19            OY757236.1 66722597 66722767 (65619836)  +          Kuruka  Unspecified (65619836) 66722597 66722767
  358 33.50  1.90  1.90            OY757236.1 66723373 66723582 (65619021)  +          Kuruka  Unspecified (65619021) 66723373 66723582
  226 33.62  3.73  4.51            OY757236.1 67191943 67192389 (65150527)  +          Kuruka  Unspecified (65150527) 67191943 67192389
  445 34.45  3.24  3.24            OY757236.1 67195725 67196033 (65146570)  +          Kuruka  Unspecified (65146570) 67195725 67196033
  867 37.42  3.39  2.63            OY757236.1 67317348 67318291 (65024312)  +          Kuruka  Unspecified (65024312) 67317348 67318291
  313 31.76 10.59  0.00            OY757236.1 68783053 68783222 (63559381)  +          Kuruka  Unspecified (63559381) 68783053 68783222
  256 33.61  0.00  0.84            OY757236.1 68959574 68959693 (63382910)  +          Kuruka  Unspecified (63382910) 68959574 68959693
  260 24.64  0.00  0.00            OY757236.1 69271408 69271476 (63071127)  +          Kuruka  Unspecified (63071127) 69271408 69271476
  360 34.35  4.98  1.93            OY757236.1 69429367 69430443 (62912835)  +          Kuruka  Unspecified (62912835) 69429367 69430443
  394 30.78  5.33  2.80            OY757236.1 69750649 69750892 (62591711)  +          Kuruka  Unspecified (62591711) 69750649 69750892
  328 39.07  2.04  2.30            OY757236.1 69973718 69974110 (62368493)  +          Kuruka  Unspecified (62368493) 69973718 69974110
  330 28.57  4.76  0.00            OY757236.1 70192957 70193061 (62149542)  +          Kuruka  Unspecified (62149542) 70192957 70193061
  559 32.68  4.04  1.85            OY757236.1 70622034 70622404 (61720199)  +          Kuruka  Unspecified (61720199) 70622034 70622404
  350 34.41  4.80  5.11            OY757236.1 71348486 71349456 (60993431)  +          Kuruka  Unspecified (60993431) 71348486 71349456
 1474 33.46  3.30  3.78            OY757236.1 71552203 71553264 (60789339)  +          Kuruka  Unspecified (60789339) 71552203 71553264
  289 32.51  0.00  1.37            OY757236.1 71918750 71919117 (60423780)  +          Kuruka  Unspecified (60423780) 71918750 71919117
  610 34.61  2.40  2.85            OY757236.1 72130209 72130666 (60211937)  +          Kuruka  Unspecified (60211937) 72130209 72130666
  330 35.57  4.47  4.47            OY757236.1 72209628 72210142 (60132461)  +          Kuruka  Unspecified (60132461) 72209628 72210142
  331 31.66  2.11  2.11            OY757236.1 72350194 72350335 (59992268)  +          Kuruka  Unspecified (59992268) 72350194 72350335
  472 28.71  2.05  4.91            OY757236.1 72447119 72447411 (59895192)  +          Kuruka  Unspecified (59895192) 72447119 72447411
  552 33.77  4.61  1.31            OY757236.1 72692716 72693084 (59649519)  +          Kuruka  Unspecified (59649519) 72692716 72693084
  554 36.03  4.78  2.95            OY757236.1 72694845 72695576 (59647027)  +          Kuruka  Unspecified (59647027) 72694845 72695576
  239 15.38  1.89  1.89            OY757236.1 72698846 72698898 (59643705)  +          Kuruka  Unspecified (59643705) 72698846 72698898
  402 34.26  6.33  4.67            OY757236.1 73141077 73141961 (59200642)  +          Kuruka  Unspecified (59200642) 73141077 73141961
  266 16.67  0.00  0.00            OY757236.1 73198912 73198959 (59143644)  +          Kuruka  Unspecified (59143644) 73198912 73198959
 1218 33.96  4.34  4.43            OY757236.1 73531761 73532980 (58809623)  +          Kuruka  Unspecified (58809623) 73531761 73532980
  267 35.92  0.96  0.96            OY757236.1 73643030 73643237 (58699366)  +          Kuruka  Unspecified (58699366) 73643030 73643237
  780 31.33  3.43  1.44            OY757236.1 73643669 73644076 (58698527)  +          Kuruka  Unspecified (58698527) 73643669 73644076
  238 34.49  0.00  0.69            OY757236.1 73648351 73648496 (58694107)  +          Kuruka  Unspecified (58694107) 73648351 73648496
  250 31.35  2.31  4.12            OY757236.1 73656338 73656510 (58686093)  +          Kuruka  Unspecified (58686093) 73656338 73656510
  278 32.42  1.35  2.04            OY757236.1 73657108 73657255 (58685348)  +          Kuruka  Unspecified (58685348) 73657108 73657255
  250 31.35  2.31  4.12            OY757236.1 73665132 73665304 (58677299)  +          Kuruka  Unspecified (58677299) 73665132 73665304
  278 32.42  1.35  2.04            OY757236.1 73665902 73666049 (58676554)  +          Kuruka  Unspecified (58676554) 73665902 73666049
  250 31.35  2.31  4.12            OY757236.1 73673926 73674098 (58668505)  +          Kuruka  Unspecified (58668505) 73673926 73674098
  278 32.42  1.35  2.04            OY757236.1 73674696 73674843 (58667760)  +          Kuruka  Unspecified (58667760) 73674696 73674843
  250 31.35  2.31  4.12            OY757236.1 73682285 73682457 (58660146)  +          Kuruka  Unspecified (58660146) 73682285 73682457
  264 30.75  2.31  4.12            OY757236.1 73689233 73689405 (58653198)  +          Kuruka  Unspecified (58653198) 73689233 73689405
  265 35.38  0.00  0.68            OY757236.1 73693310 73693457 (58649146)  +          Kuruka  Unspecified (58649146) 73693310 73693457
 1217 35.51  1.67  1.54            OY757236.1 73784426 73785203 (58557400)  +          Kuruka  Unspecified (58557400) 73784426 73785203
  347 32.11  1.44  1.44            OY757236.1 73876115 73876253 (58466350)  +          Kuruka  Unspecified (58466350) 73876115 73876253
  312 32.57  3.57  4.04            OY757236.1 73880029 73880252 (58462351)  +          Kuruka  Unspecified (58462351) 73880029 73880252
  810 37.29  3.44  2.69            OY757236.1 73886375 73887333 (58455270)  +          Kuruka  Unspecified (58455270) 73886375 73887333
  286 32.76  4.62  7.34            OY757236.1 73905952 73907895 (58435981)  +          Kuruka  Unspecified (58435981) 73905952 73907895
  253 35.16  1.90  2.68            OY757236.1 75776529 75776791 (56565812)  +          Kuruka  Unspecified (56565812) 75776529 75776791
  239 31.76  0.00  0.00            OY757236.1 75821839 75821923 (56520680)  +          Kuruka  Unspecified (56520680) 75821839 75821923
  239 31.76  0.00  0.00            OY757236.1 75826172 75826256 (56516347)  +          Kuruka  Unspecified (56516347) 75826172 75826256
  613 35.04  0.34  0.68            OY757236.1 76198800 76199095 (56143508)  +          Kuruka  Unspecified (56143508) 76198800 76199095
  346 20.55  0.00  0.00            OY757236.1 76200451 76200523 (56142080)  +          Kuruka  Unspecified (56142080) 76200451 76200523
  289 35.80  1.53  1.92            OY757236.1 76215606 76215867 (56126736)  +          Kuruka  Unspecified (56126736) 76215606 76215867
  624 28.28  2.40  2.40            OY757236.1 76437363 76437612 (55904991)  +          Kuruka  Unspecified (55904991) 76437363 76437612
  275 35.64  0.53  0.53            OY757236.1 76811923 76812111 (55530492)  +          Kuruka  Unspecified (55530492) 76811923 76812111
 2014 33.58  2.65  2.48            OY757236.1 76812545 76813753 (55528850)  +          Kuruka  Unspecified (55528850) 76812545 76813753
  275 35.64  0.53  0.53            OY757236.1 76823782 76823970 (55518633)  +          Kuruka  Unspecified (55518633) 76823782 76823970
 2014 33.58  2.65  2.48            OY757236.1 76824404 76825612 (55516991)  +          Kuruka  Unspecified (55516991) 76824404 76825612
  647 29.29  5.43  1.04            OY757236.1 76885785 76886060 (55456543)  +          Kuruka  Unspecified (55456543) 76885785 76886060
  322 32.59  6.69  2.41            OY757236.1 76919050 76919288 (55423315)  +          Kuruka  Unspecified (55423315) 76919050 76919288
  705 33.53  1.11  1.39            OY757236.1 76919527 76919886 (55422717)  +          Kuruka  Unspecified (55422717) 76919527 76919886
  272 25.00  0.00  0.00            OY757236.1 77035046 77035113 (55307490)  +          Kuruka  Unspecified (55307490) 77035046 77035113
  707 36.04  2.43  2.59            OY757236.1 77035341 77035958 (55306645)  +          Kuruka  Unspecified (55306645) 77035341 77035958
  272 25.00  0.00  0.00            OY757236.1 77041439 77041506 (55301097)  +          Kuruka  Unspecified (55301097) 77041439 77041506
  707 36.04  2.43  2.59            OY757236.1 77041734 77042351 (55300252)  +          Kuruka  Unspecified (55300252) 77041734 77042351
  289 35.80  1.53  1.92            OY757236.1 77061669 77061930 (55280673)  +          Kuruka  Unspecified (55280673) 77061669 77061930
  308 34.96  3.96  4.33            OY757236.1 77122653 77122930 (55219673)  +          Kuruka  Unspecified (55219673) 77122653 77122930
  227 31.29  0.00  1.77            OY757236.1 77905243 77905716 (54437246)  +          Kuruka  Unspecified (54437246) 77905243 77905716
  321 37.03  1.66  1.66            OY757236.1 77906142 77906443 (54436160)  +          Kuruka  Unspecified (54436160) 77906142 77906443
  907 34.16  4.09  4.19            OY757236.1 77952572 77953671 (54388932)  +          Kuruka  Unspecified (54388932) 77952572 77953671
 1623 34.31  2.02  2.12            OY757236.1 78002079 78003165 (54339438)  +          Kuruka  Unspecified (54339438) 78002079 78003165
  382 34.52  0.50  1.01            OY757236.1 78246508 78246706 (54095897)  +          Kuruka  Unspecified (54095897) 78246508 78246706
  476 35.30  5.62  2.73            OY757236.1 78504872 78505369 (53837234)  +          Kuruka  Unspecified (53837234) 78504872 78505369
  377 20.24  2.38  0.00            OY757236.1 79091472 79091555 (53251048)  +          Kuruka  Unspecified (53251048) 79091472 79091555
  302 30.87  1.97  1.97            OY757236.1 79103509 79103660 (53238943)  +          Kuruka  Unspecified (53238943) 79103509 79103660
  462 33.28  5.48  1.32            OY757236.1 79766074 79766903 (52576238)  +          Kuruka  Unspecified (52576238) 79766074 79766903
  473 34.33  1.32  1.32            OY757236.1 80111093 80111396 (52231207)  +          Kuruka  Unspecified (52231207) 80111093 80111396
  362 30.07 12.59  0.00            OY757236.1 80111832 80111974 (52230629)  +          Kuruka  Unspecified (52230629) 80111832 80111974
  330 20.00  0.00  0.00            OY757236.1 80257213 80257277 (52085326)  +          Kuruka  Unspecified (52085326) 80257213 80257277
  301 36.89  0.00  0.00            OY757236.1 80261836 80261957 (52080646)  +          Kuruka  Unspecified (52080646) 80261836 80261957
  237 26.66  4.55  4.55            OY757236.1 80558845 80558954 (51783649)  +          Kuruka  Unspecified (51783649) 80558845 80558954
  337 32.23  7.94  1.49            OY757236.1 80676201 80676389 (51666214)  +          Kuruka  Unspecified (51666214) 80676201 80676389
  405 29.73  3.06  3.06            OY757236.1 81476194 81476422 (50866181)  +          Kuruka  Unspecified (50866181) 81476194 81476422
  497 33.15  7.78  5.69            OY757236.1 81478721 81479427 (50863176)  +          Kuruka  Unspecified (50863176) 81478721 81479427
  285 33.01  2.39  2.88            OY757236.1 81504108 81504316 (50838287)  +          Kuruka  Unspecified (50838287) 81504108 81504316
  260 30.03 10.32  1.18            OY757236.1 81566392 81566546 (50776057)  +          Kuruka  Unspecified (50776057) 81566392 81566546
  384 33.11  1.34  0.67            OY757236.1 81571608 81571756 (50770847)  +          Kuruka  Unspecified (50770847) 81571608 81571756
 1324 33.90  1.67  1.67            OY757236.1 81941064 81941723 (50400880)  +          Kuruka  Unspecified (50400880) 81941064 81941723
  775 34.68  4.15  2.38            OY757236.1 82021103 82021681 (50320922)  +          Kuruka  Unspecified (50320922) 82021103 82021681
  433 34.60  2.78  2.78            OY757236.1 82060498 82060821 (50281782)  +          Kuruka  Unspecified (50281782) 82060498 82060821
  547 37.13  3.52  2.73            OY757236.1 82232651 82233558 (50109045)  +          Kuruka  Unspecified (50109045) 82232651 82233558
  261 35.33  0.00  0.00            OY757236.1 82347731 82347880 (49994723)  +          Kuruka  Unspecified (49994723) 82347731 82347880
 1638 33.96  5.09  3.51            OY757236.1 82631559 82632736 (49709867)  +          Kuruka  Unspecified (49709867) 82631559 82632736
 1549 32.58  2.78  2.96            OY757236.1 82695574 82696759 (49645844)  +          Kuruka  Unspecified (49645844) 82695574 82696759
  418 33.57  8.80  1.49            OY757236.1 83148133 83148507 (49194096)  +          Kuruka  Unspecified (49194096) 83148133 83148507
  253 30.35  5.13  4.24            OY757236.1 83148789 83148905 (49193698)  +          Kuruka  Unspecified (49193698) 83148789 83148905
  381 33.54  5.18  1.54            OY757236.1 83723004 83723949 (48619349)  +          Kuruka  Unspecified (48619349) 83723004 83723949
  757 34.15  3.10  3.10            OY757236.1 83874124 83875095 (48467900)  +          Kuruka  Unspecified (48467900) 83874124 83875095
  371 33.41 12.90  1.53            OY757236.1 103793991 103794574 (28548202)  +          Kuruka  Unspecified (28548202) 103793991 103794574
  233 27.59  0.00  1.15            OY757236.1 104169114 104169201 (28173402)  +          Kuruka  Unspecified (28173402) 104169114 104169201
 1216 36.38  3.25  2.49            OY757236.1 105645493 105646569 (26696034)  +          Kuruka  Unspecified (26696034) 105645493 105646569
  585 35.19  0.96  1.61            OY757236.1 105908561 105908872 (26433731)  +          Kuruka  Unspecified (26433731) 105908561 105908872
  293 31.78  0.00  0.00            OY757236.1 106066893 106066999 (26275604)  +          Kuruka  Unspecified (26275604) 106066893 106066999
  488 36.53  1.57  1.80            OY757236.1 112456926 112457371 (19885232)  +          Kuruka  Unspecified (19885232) 112456926 112457371
  867 37.42  3.39  2.63            OY757236.1   572853   573796 (131768807)  C          Kuruka  Unspecified (131768807)   572853   573796
  868 37.42  3.39  2.63            OY757236.1 12450276 12451219 (119891384)  C          Kuruka  Unspecified (119891384) 12450276 12451219
  868 37.42  3.39  2.63            OY757236.1 14464408 14465351 (117877252)  C          Kuruka  Unspecified (117877252) 14464408 14465351
  851 37.54  3.39  2.63            OY757236.1 14725930 14726873 (117615730)  C          Kuruka  Unspecified (117615730) 14725930 14726873
  783 37.25  3.50  2.73            OY757236.1 15203223 15204166 (117138437)  C          Kuruka  Unspecified (117138437) 15203223 15204166
  770 37.54  3.39  2.63            OY757236.1 15209737 15210680 (117131923)  C          Kuruka  Unspecified (117131923) 15209737 15210680
  419 33.50  1.90  1.90            OY757236.1 16770248 16770457 (115572146)  C          Kuruka  Unspecified (115572146) 16770248 16770457
  310 30.49  9.36  2.19            OY757236.1 16771063 16771233 (115571370)  C          Kuruka  Unspecified (115571370) 16771063 16771233
  550 37.13  3.52  2.73            OY757236.1 17442016 17442923 (114899680)  C          Kuruka  Unspecified (114899680) 17442016 17442923
  786 37.42  3.39  2.63            OY757236.1 36399146 36400089 (95942514)  C          Kuruka  Unspecified (95942514) 36399146 36400089
  796 36.84  3.33  2.50            OY757236.1 63709880 63710870 (68631733)  C          Kuruka  Unspecified (68631733) 63709880 63710870
  272 32.11  0.91  0.91            OY757236.1 63711682 63711791 (68630812)  C          Kuruka  Unspecified (68630812) 63711682 63711791
  484 35.26  4.29  3.02            OY757236.1 65326428 65327276 (67015686)  C          Kuruka  Unspecified (67015686) 65326428 65327276
  259 33.33  0.85  0.85            OY757236.1 65501765 65501882 (66840721)  C          Kuruka  Unspecified (66840721) 65501765 65501882
  284 29.11  0.00  0.00            OY757236.1 66762069 66762147 (65580456)  C          Kuruka  Unspecified (65580456) 66762069 66762147
  507 35.44  1.50  1.50            OY757236.1 67005390 67005790 (65336813)  C          Kuruka  Unspecified (65336813) 67005390 67005790
  309 37.33  2.39  2.66            OY757236.1 68343341 68343717 (63998886)  C          Kuruka  Unspecified (63998886) 68343341 68343717
  371 32.28  1.25  1.25            OY757236.1 68391681 68391840 (63950763)  C          Kuruka  Unspecified (63950763) 68391681 68391840
  296 23.94  6.19  0.98            OY757236.1 70028604 70028700 (62313903)  C          Kuruka  Unspecified (62313903) 70028604 70028700
 1737 34.65  1.23  1.54            OY757236.1 70065470 70066445 (62276158)  C          Kuruka  Unspecified (62276158) 70065470 70066445
  226 15.00  0.00  0.00            OY757236.1 70422560 70422599 (61920004)  C          Kuruka  Unspecified (61920004) 70422560 70422599
  570 34.68  2.72  2.22            OY757236.1 70462464 70462867 (61879736)  C          Kuruka  Unspecified (61879736) 70462464 70462867
  231 18.97  6.90  0.00            OY757236.1 71472554 71472611 (60869992)  C          Kuruka  Unspecified (60869992) 71472554 71472611
  383 38.73  1.57  1.77            OY757236.1 71511804 71512313 (60830290)  C          Kuruka  Unspecified (60830290) 71511804 71512313
 1128 33.75  3.72  2.66            OY757236.1 72602619 72603586 (59739017)  C          Kuruka  Unspecified (59739017) 72602619 72603586
 1430 33.59  2.19  1.36            OY757236.1 72855012 72856150 (59486860)  C          Kuruka  Unspecified (59486860) 72855012 72856150
  300 34.96  0.00  7.25            OY757236.1 72880872 72881019 (59461584)  C          Kuruka  Unspecified (59461584) 72880872 72881019
  331 39.07  2.04  2.30            OY757236.1 73308912 73309304 (59033299)  C          Kuruka  Unspecified (59033299) 73308912 73309304
 1892 34.24  3.26  2.87            OY757236.1 73341496 73342812 (58999791)  C          Kuruka  Unspecified (58999791) 73341496 73342812
 1937 34.79  3.03  2.95            OY757236.1 73425097 73426417 (58916186)  C          Kuruka  Unspecified (58916186) 73425097 73426417
  303 32.33  5.26  0.00            OY757236.1 73454106 73454238 (58888365)  C          Kuruka  Unspecified (58888365) 73454106 73454238
  386 30.94  6.63  0.00            OY757236.1 75331261 75331441 (57011162)  C          Kuruka  Unspecified (57011162) 75331261 75331441
  298 31.38  3.52  3.52            OY757236.1 75332142 75332283 (57010320)  C          Kuruka  Unspecified (57010320) 75332142 75332283
 1052 33.55  2.50  3.32            OY757236.1 75957681 75958682 (56383921)  C          Kuruka  Unspecified (56383921) 75957681 75958682
  276 35.15  1.19  1.80            OY757236.1 76226176 76226343 (56116260)  C          Kuruka  Unspecified (56116260) 76226176 76226343
 1051 34.04  6.20  2.58            OY757236.1 76772753 76773687 (55568916)  C          Kuruka  Unspecified (55568916) 76772753 76773687
  308 34.96  3.96  4.33            OY757236.1 77153951 77154228 (55188375)  C          Kuruka  Unspecified (55188375) 77153951 77154228
  547 37.13  3.52  2.73            OY757236.1 77704409 77705316 (54637287)  C          Kuruka  Unspecified (54637287) 77704409 77705316
  231 24.21  3.12  5.32            OY757236.1 77932651 77932746 (54409857)  C          Kuruka  Unspecified (54409857) 77932651 77932746
  482 36.67  5.02  2.06            OY757236.1 78139372 78139889 (54202714)  C          Kuruka  Unspecified (54202714) 78139372 78139889
  361 27.14  5.21  5.71            OY757236.1 78874682 78874892 (53467711)  C          Kuruka  Unspecified (53467711) 78874682 78874892
  361 27.14  5.21  5.71            OY757236.1 78884247 78884457 (53458146)  C          Kuruka  Unspecified (53458146) 78884247 78884457
  320 28.15  5.21  5.71            OY757236.1 78894275 78894485 (53448118)  C          Kuruka  Unspecified (53448118) 78894275 78894485
  320 28.15  5.21  5.71            OY757236.1 78902926 78903136 (53439467)  C          Kuruka  Unspecified (53439467) 78902926 78903136
  337 27.65  5.21  5.71            OY757236.1 78911578 78911788 (53430815)  C          Kuruka  Unspecified (53430815) 78911578 78911788
  308 35.71  0.88  0.88            OY757236.1 79034061 79034286 (53308317)  C          Kuruka  Unspecified (53308317) 79034061 79034286
  251 27.67  1.75  1.75            OY757236.1 79396176 79396289 (52946314)  C          Kuruka  Unspecified (52946314) 79396176 79396289
  257 27.78  0.00  0.00            OY757236.1 79396774 79396845 (52945758)  C          Kuruka  Unspecified (52945758) 79396774 79396845
  859 34.33  3.75  3.60            OY757236.1 79595493 79596664 (52746417)  C          Kuruka  Unspecified (52746417) 79595493 79596664
 1589 34.74  2.72  2.17            OY757236.1 79733615 79734532 (52608071)  C          Kuruka  Unspecified (52608071) 79733615 79734532
 1980 32.64  4.86  2.10            OY757236.1 79798057 79799167 (52543436)  C          Kuruka  Unspecified (52543436) 79798057 79799167
  623 36.89  3.95  3.42            OY757236.1 80215405 80216392 (52126211)  C          Kuruka  Unspecified (52126211) 80215405 80216392
  226 32.53  2.84  3.83            OY757236.1 80216822 80217032 (52125571)  C          Kuruka  Unspecified (52125571) 80216822 80217032
  814 37.29  3.44  2.69            OY757236.1 80597504 80598462 (51744141)  C          Kuruka  Unspecified (51744141) 80597504 80598462
  292 31.64  3.57  4.04            OY757236.1 80789800 80790023 (51552580)  C          Kuruka  Unspecified (51552580) 80789800 80790023
 1406 32.40  3.21  4.15            OY757236.1 81148811 81149808 (51192795)  C          Kuruka  Unspecified (51192795) 81148811 81149808
  411 30.98 11.92  3.46            OY757236.1 81633077 81633504 (50709099)  C          Kuruka  Unspecified (50709099) 81633077 81633504
  929 32.91  4.49  5.14            OY757236.1 82041992 82043125 (50299966)  C          Kuruka  Unspecified (50299966) 82041992 82043125
  337 33.98  1.90  1.90            OY757236.1 82150669 82150878 (50191725)  C          Kuruka  Unspecified (50191725) 82150669 82150878
  285 29.89  9.36  2.19            OY757236.1 82151484 82151654 (50190949)  C          Kuruka  Unspecified (50190949) 82151484 82151654
  437 33.01  1.90  1.90            OY757236.1 82617420 82617629 (49724974)  C          Kuruka  Unspecified (49724974) 82617420 82617629
  333 29.89  9.36  2.19            OY757236.1 82618235 82618405 (49724198)  C          Kuruka  Unspecified (49724198) 82618235 82618405
  977 34.03  7.25  2.92            OY757236.1 82625599 82626618 (49715985)  C          Kuruka  Unspecified (49715985) 82625599 82626618
  280 22.78  1.25  1.25            OY757236.1 82821623 82821702 (49520901)  C          Kuruka  Unspecified (49520901) 82821623 82821702
  547 37.13  3.52  2.73            OY757236.1 82906373 82907280 (49435323)  C          Kuruka  Unspecified (49435323) 82906373 82907280
 1646 34.34  1.67  1.67            OY757236.1 83070411 83071485 (49271118)  C          Kuruka  Unspecified (49271118) 83070411 83071485
 2049 33.53  2.48  2.56            OY757236.1 83132529 83133740 (49208863)  C          Kuruka  Unspecified (49208863) 83132529 83133740
  264 35.30  1.06  0.53            OY757236.1 83134174 83134361 (49208242)  C          Kuruka  Unspecified (49208242) 83134174 83134361
  384 30.40  1.33  1.33            OY757236.1 83814013 83814162 (48528441)  C          Kuruka  Unspecified (48528441) 83814013 83814162
  269 36.78  0.00  0.57            OY757236.1 83850430 83850604 (48491999)  C          Kuruka  Unspecified (48491999) 83850430 83850604
 1194 32.96  3.51  3.17            OY757236.1 83950254 83951410 (48391439)  C          Kuruka  Unspecified (48391439) 83950254 83951410
  624 34.11  6.26  2.93            OY757236.1 83951881 83952774 (48389829)  C          Kuruka  Unspecified (48389829) 83951881 83952774
 1165 33.05  3.51  3.17            OY757236.1 83970579 83971735 (48371114)  C          Kuruka  Unspecified (48371114) 83970579 83971735
  624 34.11  6.26  2.93            OY757236.1 83972206 83973099 (48369504)  C          Kuruka  Unspecified (48369504) 83972206 83973099
 2344 33.08  1.60  1.69            OY757236.1 87768715 87770662 (44572764)  C          Kuruka  Unspecified (44572764) 87768715 87770662
  582 34.11  4.31  3.98            OY757236.1 91413209 91413834 (40928769)  C          Kuruka  Unspecified (40928769) 91413209 91413834
  449 34.34  2.94  2.94            OY757236.1 91430602 91431078 (40911525)  C          Kuruka  Unspecified (40911525) 91430602 91431078
  378 40.60  1.77  1.92            OY757236.1 103106687 103107364 (29235239)  C          Kuruka  Unspecified (29235239) 103106687 103107364
  423 35.33  2.15  2.47            OY757236.1 103119052 103119376 (29223227)  C          Kuruka  Unspecified (29223227) 103119052 103119376
  418 34.88  7.00  3.04            OY757236.1 104295695 104296608 (28046466)  C          Kuruka  Unspecified (28046466) 104295695 104296608
  275 36.37  1.49  1.87            OY757236.1 104526617 104526885 (27815718)  C          Kuruka  Unspecified (27815718) 104526617 104526885
 1226 36.38  3.25  2.49            OY757236.1 107654336 107655412 (24687191)  C          Kuruka  Unspecified (24687191) 107654336 107655412
  457 29.88  4.63  3.52            OY757236.1 109142282 109142562 (23200041)  C          Kuruka  Unspecified (23200041) 109142282 109142562
  547 37.13  3.52  2.73            OY757236.1 111178150 111179057 (21163546)  C          Kuruka  Unspecified (21163546) 111178150 111179057
 1146 36.06  3.44  2.67            OY757236.1 123966234 123967310 (8375293)  C          Kuruka  Unspecified (8375293) 123966234 123967310
  788 37.42  3.39  2.63            OY757236.1 125682904 125683847 (6658756)  C          Kuruka  Unspecified (6658756) 125682904 125683847
  547 37.13  3.52  2.73            OY757236.1 126872453 126873360 (5469243)  C          Kuruka  Unspecified (5469243) 126872453 126873360
  550 37.13  3.52  2.73            OY757237.1  1150775  1151682 (132531467)  +          Kuruka  Unspecified (132531467)  1150775  1151682
  783 37.25  3.50  2.73            OY757237.1 26743847 26744790 (106938359)  +          Kuruka  Unspecified (106938359) 26743847 26744790
  786 37.42  3.39  2.63            OY757237.1 26827910 26828853 (106854296)  +          Kuruka  Unspecified (106854296) 26827910 26828853
  688 36.94  3.65  2.90            OY757237.1 36488554 36489512 (97193637)  +          Kuruka  Unspecified (97193637) 36488554 36489512
  548 37.13  3.52  2.73            OY757237.1 42150207 42151114 (91532035)  +          Kuruka  Unspecified (91532035) 42150207 42151114
  337 34.24  4.98  1.93            OY757237.1 56045235 56046311 (77637513)  +          Kuruka  Unspecified (77637513) 56045235 56046311
  867 37.42  3.39  2.63            OY757237.1 59694328 59695271 (73987878)  +          Kuruka  Unspecified (73987878) 59694328 59695271
  867 37.42  3.39  2.63            OY757237.1 59703204 59704147 (73979002)  +          Kuruka  Unspecified (73979002) 59703204 59704147
  250 35.11  0.53  0.53            OY757237.1 73720257 73720445 (59962704)  +          Kuruka  Unspecified (59962704) 73720257 73720445
 1770 33.16  2.22  2.31            OY757237.1 73720879 73722005 (59961144)  +          Kuruka  Unspecified (59961144) 73720879 73722005
  266 33.49  4.07  4.07            OY757237.1 83364976 83365196 (50317953)  +          Kuruka  Unspecified (50317953) 83364976 83365196
  329 33.51  1.63  1.08            OY757237.1 85912927 85913110 (47770039)  +          Kuruka  Unspecified (47770039) 85912927 85913110
 1440 34.59  2.35  2.45            OY757237.1 86757870 86758933 (46924216)  +          Kuruka  Unspecified (46924216) 86757870 86758933
  308 32.74  2.99  3.43            OY757237.1 86765356 86765589 (46917560)  +          Kuruka  Unspecified (46917560) 86765356 86765589
  353 34.44  0.00  0.00            OY757237.1 87793885 87794866 (45889192)  +          Kuruka  Unspecified (45889192) 87793885 87794866
  305 30.32  2.82 11.73            OY757237.1 87882077 87882289 (45800860)  +          Kuruka  Unspecified (45800860) 87882077 87882289
  234 26.23  0.00  0.00            OY757237.1 88481467 88481527 (45201622)  +          Kuruka  Unspecified (45201622) 88481467 88481527
  326 39.32  2.04  2.30            OY757237.1 95369993 95370385 (38312764)  +          Kuruka  Unspecified (38312764) 95369993 95370385
  333 29.89  9.36  2.19            OY757237.1 95928757 95928927 (37754222)  +          Kuruka  Unspecified (37754222) 95928757 95928927
  414 33.50  1.90  1.90            OY757237.1 95929533 95929742 (37753407)  +          Kuruka  Unspecified (37753407) 95929533 95929742
  298 37.65  2.75  2.95            OY757237.1 95947351 95947859 (37735290)  +          Kuruka  Unspecified (37735290) 95947351 95947859
  521 34.57  2.27  2.27            OY757237.1 96123171 96124339 (37559627)  +          Kuruka  Unspecified (37559627) 96123171 96124339
  786 37.42  3.39  2.63            OY757237.1 124079644 124080587 (9602562)  +          Kuruka  Unspecified (9602562) 124079644 124080587
  786 37.42  3.39  2.63            OY757237.1 127018376 127019319 (6663830)  +          Kuruka  Unspecified (6663830) 127018376 127019319
  363 32.65  6.00  0.47            OY757237.1 133467737 133467936 (215213)  +          Kuruka  Unspecified (215213) 133467737 133467936
  651 37.13  1.45  1.66            OY757237.1 133474703 133475184 (207965)  +          Kuruka  Unspecified (207965) 133474703 133475184
  814 37.29  3.44  2.69            OY757237.1 13719330 13720288 (119962861)  C          Kuruka  Unspecified (119962861) 13719330 13720288
  547 37.13  3.52  2.73            OY757237.1 46213402 46214309 (87468840)  C          Kuruka  Unspecified (87468840) 46213402 46214309
  547 37.13  3.52  2.73            OY757237.1 46506125 46507032 (87176117)  C          Kuruka  Unspecified (87176117) 46506125 46507032
 1141 35.96  3.44  2.67            OY757237.1 51069293 51070369 (82612780)  C          Kuruka  Unspecified (82612780) 51069293 51070369
  867 37.42  3.39  2.63            OY757237.1 73900843 73901786 (59781363)  C          Kuruka  Unspecified (59781363) 73900843 73901786
  867 37.42  3.39  2.63            OY757237.1 73907305 73908248 (59774901)  C          Kuruka  Unspecified (59774901) 73907305 73908248
 1197 36.38  3.25  2.49            OY757237.1 74181682 74182758 (59500391)  C          Kuruka  Unspecified (59500391) 74181682 74182758
 2034 33.13  3.46  3.31            OY757237.1 77484535 77485920 (56197229)  C          Kuruka  Unspecified (56197229) 77484535 77485920
  285 34.25  1.38  0.91            OY757237.1 77486325 77486542 (56196607)  C          Kuruka  Unspecified (56196607) 77486325 77486542
 1044 34.24  1.40  1.61            OY757237.1 79499893 79500969 (54182758)  C          Kuruka  Unspecified (54182758) 79499893 79500969
  788 37.42  3.39  2.63            OY757237.1 80542857 80543800 (53139349)  C          Kuruka  Unspecified (53139349) 80542857 80543800
  289 35.80  1.53  1.92            OY757237.1 80857413 80857674 (52825475)  C          Kuruka  Unspecified (52825475) 80857413 80857674
  867 37.42  3.39  2.63            OY757237.1 82783929 82784872 (50898277)  C          Kuruka  Unspecified (50898277) 82783929 82784872
  339 30.31  3.73  4.17            OY757237.1 82896981 82897221 (50785928)  C          Kuruka  Unspecified (50785928) 82896981 82897221
  954 30.45  1.80  2.06            OY757237.1 84264569 84264957 (49418192)  C          Kuruka  Unspecified (49418192) 84264569 84264957
 1036 32.87  5.13  2.50            OY757237.1 84265412 84266347 (49416802)  C          Kuruka  Unspecified (49416802) 84265412 84266347
  882 30.21  2.93  0.26            OY757237.1 85750979 85751353 (47931796)  C          Kuruka  Unspecified (47931796) 85750979 85751353
  320 37.87  1.81  1.44            OY757237.1 85780540 85780815 (47902334)  C          Kuruka  Unspecified (47902334) 85780540 85780815
  310 22.66  5.05  1.96            OY757237.1 85842946 85843044 (47840105)  C          Kuruka  Unspecified (47840105) 85842946 85843044
  289 22.73  0.00  0.00            OY757237.1 86058801 86058866 (47624283)  C          Kuruka  Unspecified (47624283) 86058801 86058866
  272 32.17  1.70  2.87            OY757237.1 86346764 86346939 (47336210)  C          Kuruka  Unspecified (47336210) 86346764 86346939
  270 34.63  2.38  2.38            OY757237.1 86347427 86347636 (47335513)  C          Kuruka  Unspecified (47335513) 86347427 86347636
 1184 32.02  3.23  1.73            OY757237.1 86495111 86496182 (47187357)  C          Kuruka  Unspecified (47187357) 86495111 86496182
  991 32.89  4.09  3.33            OY757237.1 86496637 86497589 (47185560)  C          Kuruka  Unspecified (47185560) 86496637 86497589
  911 34.37  3.91  3.91            OY757237.1 87141051 87142149 (46541000)  C          Kuruka  Unspecified (46541000) 87141051 87142149
  871 34.38  3.91  4.00            OY757237.1 87165114 87166213 (46516936)  C          Kuruka  Unspecified (46516936) 87165114 87166213
 1242 34.09  3.91  4.00            OY757237.1 87315145 87316244 (46366905)  C          Kuruka  Unspecified (46366905) 87315145 87316244
  353 23.41  1.05  1.05            OY757237.1 87684978 87685072 (45998077)  C          Kuruka  Unspecified (45998077) 87684978 87685072
 1581 34.94  1.86  2.36            OY757237.1 87862350 87863372 (45819777)  C          Kuruka  Unspecified (45819777) 87862350 87863372
 1393 34.31  2.87  2.49            OY757237.1 87965592 87966673 (45716476)  C          Kuruka  Unspecified (45716476) 87965592 87966673
  245 24.38  4.76  2.33            OY757237.1 88381260 88381343 (45301806)  C          Kuruka  Unspecified (45301806) 88381260 88381343
  269 27.78  3.82  3.82            OY757237.1 88382125 88382255 (45300894)  C          Kuruka  Unspecified (45300894) 88382125 88382255
  253 33.98  1.78  4.24            OY757237.1 88773998 88774166 (44908983)  C          Kuruka  Unspecified (44908983) 88773998 88774166
  260 28.36  0.00  1.49            OY757237.1 89366393 89366460 (44316689)  C          Kuruka  Unspecified (44316689) 89366393 89366460
  460 27.49  4.07  4.55            OY757237.1 91542068 91542288 (42140861)  C          Kuruka  Unspecified (42140861) 91542068 91542288
  398 29.70  1.20  1.20            OY757237.1 96356073 96356239 (37326910)  C          Kuruka  Unspecified (37326910) 96356073 96356239
  867 37.42  3.39  2.63            OY757237.1 133470377 133471320 (211829)  C          Kuruka  Unspecified (211829) 133470377 133471320
  550 37.13  3.52  2.73            OY757238.1  2146415  2147322 (67192738)  +          Kuruka  Unspecified (67192738)  2146415  2147322
  547 37.13  3.52  2.73            OY757238.1 12931839 12932746 (56407314)  +          Kuruka  Unspecified (56407314) 12931839 12932746
  301 30.15  6.62  0.00            OY757238.1 20343869 20344004 (48996056)  +          Kuruka  Unspecified (48996056) 20343869 20344004
 1207 35.83  3.54  2.54            OY757238.1 21008156 21009286 (48330774)  +          Kuruka  Unspecified (48330774) 21008156 21009286
 2159 33.51  2.80  2.87            OY757238.1 22019791 22021148 (47318912)  +          Kuruka  Unspecified (47318912) 22019791 22021148
 2168 33.51  2.80  2.87            OY757238.1 22026722 22028079 (47311981)  +          Kuruka  Unspecified (47311981) 22026722 22028079
  412 31.09  1.20  1.20            OY757238.1 22029510 22029675 (47310385)  +          Kuruka  Unspecified (47310385) 22029510 22029675
  439 36.02  7.05  1.21            OY757238.1 22510004 22510315 (46829745)  +          Kuruka  Unspecified (46829745) 22510004 22510315
  265 28.79  4.35  4.35            OY757238.1 22537044 22537181 (46802879)  +          Kuruka  Unspecified (46802879) 22537044 22537181
  366 35.15  5.24  4.20            OY757238.1 22546571 22546971 (46793089)  +          Kuruka  Unspecified (46793089) 22546571 22546971
  351 38.71  3.92  1.53            OY757238.1 24253392 24253774 (45086286)  +          Kuruka  Unspecified (45086286) 24253392 24253774
  251 30.24  0.65  9.22            OY757238.1 24413361 24413513 (44926547)  +          Kuruka  Unspecified (44926547) 24413361 24413513
  271 33.12  1.88  1.88            OY757238.1 24630166 24630325 (44709735)  +          Kuruka  Unspecified (44709735) 24630166 24630325
  345 37.13  8.03  2.09            OY757238.1 24630606 24631103 (44708957)  +          Kuruka  Unspecified (44708957) 24630606 24631103
  271 33.12  1.88  1.88            OY757238.1 24637473 24637632 (44702428)  +          Kuruka  Unspecified (44702428) 24637473 24637632
  345 37.13  8.03  2.09            OY757238.1 24637913 24638410 (44701650)  +          Kuruka  Unspecified (44701650) 24637913 24638410
  460 36.89  7.44  1.88            OY757238.1 25452590 25453194 (43886866)  +          Kuruka  Unspecified (43886866) 25452590 25453194
  341 34.91  6.43  3.83            OY757238.1 25458244 25458523 (43881537)  +          Kuruka  Unspecified (43881537) 25458244 25458523
  346 35.85  6.25  1.19            OY757238.1 25508624 25508863 (43831197)  +          Kuruka  Unspecified (43831197) 25508624 25508863
  736 33.66  7.10  1.99            OY757238.1 25509086 25509564 (43830496)  +          Kuruka  Unspecified (43830496) 25509086 25509564
  296 30.43  0.00  0.00            OY757238.1 26098657 26098748 (43241312)  +          Kuruka  Unspecified (43241312) 26098657 26098748
  296 36.79  2.39  2.66            OY757238.1 26109593 26109969 (43230091)  +          Kuruka  Unspecified (43230091) 26109593 26109969
  731 36.94  3.65  2.90            OY757238.1 39437471 39438429 (29901631)  +          Kuruka  Unspecified (29901631) 39437471 39438429
  229 27.96  2.15  0.00            OY757238.1 39630657 39630749 (29709311)  +          Kuruka  Unspecified (29709311) 39630657 39630749
  547 37.13  3.52  2.73            OY757238.1 49908011 49908918 (19431142)  +          Kuruka  Unspecified (19431142) 49908011 49908918
  550 37.13  3.52  2.73            OY757238.1 54324292 54325199 (15014861)  +          Kuruka  Unspecified (15014861) 54324292 54325199
  810 37.29  3.44  2.69            OY757238.1 57605312 57606270 (11733790)  +          Kuruka  Unspecified (11733790) 57605312 57606270
  814 37.29  3.44  2.69            OY757238.1 60639554 60640512 (8699548)  +          Kuruka  Unspecified (8699548) 60639554 60640512
  282 29.27  0.00  0.00            OY757238.1 18799571 18799652 (50540408)  C          Kuruka  Unspecified (50540408) 18799571 18799652
  416 33.50  1.90  1.90            OY757238.1 19604825 19605034 (49735026)  C          Kuruka  Unspecified (49735026) 19604825 19605034
  336 29.89  9.36  2.19            OY757238.1 19605640 19605810 (49734250)  C          Kuruka  Unspecified (49734250) 19605640 19605810
 1702 34.32  2.65  3.29            OY757238.1 20358072 20359204 (48980856)  C          Kuruka  Unspecified (48980856) 20358072 20359204
  418 36.21  2.84  3.23            OY757238.1 20593495 20594022 (48746038)  C          Kuruka  Unspecified (48746038) 20593495 20594022
  307 19.74  3.80  3.80            OY757238.1 21017448 21017526 (48322534)  C          Kuruka  Unspecified (48322534) 21017448 21017526
  305 32.14  0.00  0.00            OY757238.1 21418695 21418806 (47921254)  C          Kuruka  Unspecified (47921254) 21418695 21418806
  427 28.28  2.01  2.70            OY757238.1 21892089 21892237 (47447823)  C          Kuruka  Unspecified (47447823) 21892089 21892237
  260 27.05  1.16  1.16            OY757238.1 22147781 22147866 (47192194)  C          Kuruka  Unspecified (47192194) 22147781 22147866
 1280 33.26  2.28  2.28            OY757238.1 22182772 22183648 (47156412)  C          Kuruka  Unspecified (47156412) 22182772 22183648
  477 37.99  3.52  3.10            OY757238.1 22188576 22189314 (47150746)  C          Kuruka  Unspecified (47150746) 22188576 22189314
  242 35.67  1.74  0.57            OY757238.1 24474618 24474789 (44865271)  C          Kuruka  Unspecified (44865271) 24474618 24474789
 1830 32.94  2.84  2.16            OY757238.1 24945413 24946470 (44393590)  C          Kuruka  Unspecified (44393590) 24945413 24946470
  589 33.09  6.31  2.88            OY757238.1 24946968 24947807 (44392253)  C          Kuruka  Unspecified (44392253) 24946968 24947807
  244 36.81  4.31  4.49            OY757238.1 25039677 25040279 (44299781)  C          Kuruka  Unspecified (44299781) 25039677 25040279
  635 30.71  3.77  5.60            OY757238.1 25055077 25055421 (44284639)  C          Kuruka  Unspecified (44284639) 25055077 25055421
  262 24.24  0.00  0.00            OY757238.1 25753258 25753323 (43586737)  C          Kuruka  Unspecified (43586737) 25753258 25753323
  349 31.08  8.90  3.21            OY757238.1 27468485 27468720 (41871340)  C          Kuruka  Unspecified (41871340) 27468485 27468720
  816 37.29  3.44  2.69            OY757238.1 32572560 32573518 (36766542)  C          Kuruka  Unspecified (36766542) 32572560 32573518
  547 37.13  3.52  2.73            OY757238.1 43320852 43321759 (26018301)  C          Kuruka  Unspecified (26018301) 43320852 43321759
  547 37.13  3.52  2.73            OY757238.1 50079195 50080102 (19259958)  C          Kuruka  Unspecified (19259958) 50079195 50080102
  786 37.42  3.39  2.63            OY757238.1 68032743 68033686 (1306374)  C          Kuruka  Unspecified (1306374) 68032743 68033686
  786 37.42  3.39  2.63            OY757239.1 11063626 11064569 (53973867)  +          Kuruka  Unspecified (53973867) 11063626 11064569
  314 33.61  3.08  3.88            OY757239.1 13012781 13013040 (52025396)  +          Kuruka  Unspecified (52025396) 13012781 13013040
  244 28.00  0.00  0.00            OY757239.1 13607509 13607583 (51430853)  +          Kuruka  Unspecified (51430853) 13607509 13607583
  284 37.96  4.03  2.50            OY757239.1 14792764 14793433 (50245003)  +          Kuruka  Unspecified (50245003) 14792764 14793433
 1963 33.27  2.99  2.56            OY757239.1 14793867 14795072 (50243364)  +          Kuruka  Unspecified (50243364) 14793867 14795072
  557 31.02  6.16  0.65            OY757239.1 15378326 15378617 (49659819)  +          Kuruka  Unspecified (49659819) 15378326 15378617
 1319 33.33  3.91  3.08            OY757239.1 15378930 15379799 (49658637)  +          Kuruka  Unspecified (49658637) 15378930 15379799
  459 26.45  0.00  0.00            OY757239.1 15381435 15381555 (49656881)  +          Kuruka  Unspecified (49656881) 15381435 15381555
  310 33.17  9.30  1.08            OY757239.1 15528470 15529025 (49509795)  +          Kuruka  Unspecified (49509795) 15528470 15529025
  343 31.92  4.12  2.02            OY757239.1 15683363 15683605 (49354831)  +          Kuruka  Unspecified (49354831) 15683363 15683605
  693 33.29  7.36  2.08            OY757239.1 15744897 15745399 (49293037)  +          Kuruka  Unspecified (49293037) 15744897 15745399
 1812 32.13  6.53  2.39            OY757239.1 15747423 15748586 (49289850)  +          Kuruka  Unspecified (49289850) 15747423 15748586
  786 37.42  3.39  2.63            OY757239.1 18534374 18535317 (46503119)  +          Kuruka  Unspecified (46503119) 18534374 18535317
  804 37.31  3.39  2.63            OY757239.1 55962935 55963878 (9074558)  +          Kuruka  Unspecified (9074558) 55962935 55963878
  550 37.13  3.52  2.73            OY757239.1 60118836 60119743 (4918693)  +          Kuruka  Unspecified (4918693) 60118836 60119743
  868 37.42  3.39  2.63            OY757239.1 65030814 65031757   (6679)  +          Kuruka  Unspecified   (6679) 65030814 65031757
  468 37.59  3.72  2.72            OY757239.1 12699515 12700132 (52338304)  C          Kuruka  Unspecified (52338304) 12699515 12700132
  342 31.16  2.82  2.82            OY757239.1 12700859 12701000 (52337436)  C          Kuruka  Unspecified (52337436) 12700859 12701000
 1303 34.66  4.92  1.65            OY757239.1 13488895 13489950 (51548486)  C          Kuruka  Unspecified (51548486) 13488895 13489950
  493 35.90  0.59  0.59            OY757239.1 14622589 14622927 (50415509)  C          Kuruka  Unspecified (50415509) 14622589 14622927
  487 35.90  0.59  0.59            OY757239.1 14645839 14646177 (50392259)  C          Kuruka  Unspecified (50392259) 14645839 14646177
  464 36.20  0.59  0.59            OY757239.1 14663584 14663922 (50374514)  C          Kuruka  Unspecified (50374514) 14663584 14663922
 1011 33.80  6.16  2.27            OY757239.1 14680633 14681395 (50357041)  C          Kuruka  Unspecified (50357041) 14680633 14681395
 1818 33.06  3.03  3.96            OY757239.1 14686194 14687415 (50351021)  C          Kuruka  Unspecified (50351021) 14686194 14687415
  489 30.29  7.00  1.10            OY757239.1 15205496 15205752 (49832684)  C          Kuruka  Unspecified (49832684) 15205496 15205752
  814 37.29  3.44  2.69            OY757239.1 21641730 21642688 (43395748)  C          Kuruka  Unspecified (43395748) 21641730 21642688
  868 37.42  3.39  2.63            OY757239.1 65036608 65037551    (885)  C          Kuruka  Unspecified    (885) 65036608 65037551
 1304 34.87  3.51  3.94            OY757240.1  2063308  2064531 (17982521)  +          Kuruka  Unspecified (17982521)  2063308  2064531
 1261 34.21  1.09  2.05            OY757240.1  7343172  7343908 (12703144)  +          Kuruka  Unspecified (12703144)  7343172  7343908
  444 31.18  3.36  1.65            OY757240.1  7348678  7348915 (12698137)  +          Kuruka  Unspecified (12698137)  7348678  7348915
  403 30.56  1.84  3.75            OY757240.1  7354097  7354368 (12692684)  +          Kuruka  Unspecified (12692684)  7354097  7354368
 1493 33.25  1.75  2.72            OY757240.1  7426371  7427112 (12619940)  +          Kuruka  Unspecified (12619940)  7426371  7427112
  506 31.85  4.26  4.56            OY757240.1  7431653  7432004 (12615048)  +          Kuruka  Unspecified (12615048)  7431653  7432004
 1199 35.19  1.33  2.20            OY757240.1  7528743  7529567 (12517485)  +          Kuruka  Unspecified (12517485)  7528743  7529567
  491 31.73  4.32  5.46            OY757240.1  7534287  7534656 (12512396)  +          Kuruka  Unspecified (12512396)  7534287  7534656
  488 34.05  4.26  4.56            OY757240.1  7540417  7541535 (12506284)  +          Kuruka  Unspecified (12506284)  7540417  7541535
  473 34.43  4.32  5.46            OY757240.1  7546111  7547350 (12500572)  +          Kuruka  Unspecified (12500572)  7546111  7547350
 1023 34.18  5.68  1.92            OY757240.1  7618888  7619591 (12427461)  +          Kuruka  Unspecified (12427461)  7618888  7619591
  398 31.92  2.65  1.50            OY757240.1  7624509  7624772 (12422280)  +          Kuruka  Unspecified (12422280)  7624509  7624772
 1446 34.29  1.95  2.44            OY757240.1  7710450  7711271 (12335781)  +          Kuruka  Unspecified (12335781)  7710450  7711271
  445 37.53  4.27  3.06            OY757240.1  9531358  9532036 (10515016)  +          Kuruka  Unspecified (10515016)  9531358  9532036
  404 30.61  1.34  1.34            OY757240.1  9542465  9542613 (10504439)  +          Kuruka  Unspecified (10504439)  9542465  9542613
  574 36.89  3.37  2.77            OY757240.1  9550374  9551056 (10495996)  +          Kuruka  Unspecified (10495996)  9550374  9551056
  520 36.57  3.96  2.54            OY757240.1  9559142  9559646 (10487406)  +          Kuruka  Unspecified (10487406)  9559142  9559646
  367 30.83  0.68  1.36            OY757240.1  9565300  9565447 (10481605)  +          Kuruka  Unspecified (10481605)  9565300  9565447
  389 30.14  0.68  1.36            OY757240.1  9568891  9569038 (10478014)  +          Kuruka  Unspecified (10478014)  9568891  9569038
  333 28.97  2.68  2.68            OY757240.1  9577728  9577876 (10469176)  +          Kuruka  Unspecified (10469176)  9577728  9577876
  403 29.73  0.67  1.34            OY757240.1  9593200  9593349 (10453703)  +          Kuruka  Unspecified (10453703)  9593200  9593349
 1911 34.27  3.36  2.50            OY757240.1  9684137  9685447 (10361605)  +          Kuruka  Unspecified (10361605)  9684137  9685447
  229 24.00  0.00  0.00            OY757240.1  9732970  9733019 (10314033)  +          Kuruka  Unspecified (10314033)  9732970  9733019
  273 26.80  3.09  0.00            OY757240.1  9958935  9959031 (10088021)  +          Kuruka  Unspecified (10088021)  9958935  9959031
  325 33.16  6.57  0.89            OY757240.1 10189923 10190135 (9856917)  +          Kuruka  Unspecified (9856917) 10189923 10190135
 1188 34.73  3.85  3.94            OY757240.1 10205330 10206549 (9840503)  +          Kuruka  Unspecified (9840503) 10205330 10206549
 1194 34.96  3.77  3.86            OY757240.1 10218860 10220079 (9826973)  +          Kuruka  Unspecified (9826973) 10218860 10220079
 1192 34.73  3.85  3.94            OY757240.1 10344561 10345780 (9701272)  +          Kuruka  Unspecified (9701272) 10344561 10345780
  425 36.85  0.75  0.75            OY757240.1 10414057 10414324 (9632728)  +          Kuruka  Unspecified (9632728) 10414057 10414324
  307 37.02  0.95  0.95            OY757240.1 11368254 11368463 (8678589)  +          Kuruka  Unspecified (8678589) 11368254 11368463
  336 36.87  0.00  0.46            OY757240.1 11368950 11369167 (8677885)  +          Kuruka  Unspecified (8677885) 11368950 11369167
  368 33.61  6.87  0.40            OY757240.1 11610420 11610652 (8436400)  +          Kuruka  Unspecified (8436400) 11610420 11610652
  785 34.07  4.47  4.91            OY757240.1 11623278 11623993 (8423059)  +          Kuruka  Unspecified (8423059) 11623278 11623993
  788 37.42  3.39  2.63            OY757240.1 11677515 11678458 (8368594)  +          Kuruka  Unspecified (8368594) 11677515 11678458
  533 34.94  2.75  3.04            OY757240.1 11681383 11681745 (8365307)  +          Kuruka  Unspecified (8365307) 11681383 11681745
 1841 34.58  2.49  1.79            OY757240.1 11686019 11687181 (8359871)  +          Kuruka  Unspecified (8359871) 11686019 11687181
  331 35.05  3.45  4.90            OY757240.1 12671076 12671510 (7375542)  +          Kuruka  Unspecified (7375542) 12671076 12671510
 1610 34.69  3.45  2.38            OY757240.1 12672023 12672979 (7374073)  +          Kuruka  Unspecified (7374073) 12672023 12672979
 1359 34.27  3.77  2.52            OY757240.1 12674085 12674907 (7372145)  +          Kuruka  Unspecified (7372145) 12674085 12674907
  292 36.63  4.23  4.40            OY757240.1 12765135 12765748 (7281304)  +          Kuruka  Unspecified (7281304) 12765135 12765748
  351 39.07  2.04  2.30            OY757240.1 14673788 14674180 (5372872)  +          Kuruka  Unspecified (5372872) 14673788 14674180
  744 33.78  3.84  3.84            OY757240.1   750804   751585 (19295467)  C          Kuruka  Unspecified (19295467)   750804   751585
  487 34.29  3.86  3.86            OY757240.1  1875555  1876564 (18170488)  C          Kuruka  Unspecified (18170488)  1875555  1876564
  229 24.00  0.00  0.00            OY757240.1  2181066  2181115 (17865937)  C          Kuruka  Unspecified (17865937)  2181066  2181115
  402 28.36  4.27  4.76            OY757240.1  7288862  7289072 (12757980)  C          Kuruka  Unspecified (12757980)  7288862  7289072
  356 27.87  4.27  4.76            OY757240.1  7315575  7315785 (12731267)  C          Kuruka  Unspecified (12731267)  7315575  7315785
  359 28.26  4.66  5.56            OY757240.1  7393290  7393525 (12653527)  C          Kuruka  Unspecified (12653527)  7393290  7393525
  359 28.26  4.66  5.56            OY757240.1  7402152  7402387 (12644665)  C          Kuruka  Unspecified (12644665)  7402152  7402387
  550 37.13  3.52  2.73            OY757240.1  7479199  7480106 (12566946)  C          Kuruka  Unspecified (12566946)  7479199  7480106
  489 33.91  4.01  0.97            OY757240.1  7483468  7483866 (12563186)  C          Kuruka  Unspecified (12563186)  7483468  7483866
  503 33.66  4.01  0.97            OY757240.1  7489458  7489856 (12557196)  C          Kuruka  Unspecified (12557196)  7489458  7489856
  344 27.70  4.22  5.56            OY757240.1  7595374  7595610 (12451442)  C          Kuruka  Unspecified (12451442)  7595374  7595610
  411 27.70  4.22  5.56            OY757240.1  7676718  7676954 (12370098)  C          Kuruka  Unspecified (12370098)  7676718  7676954
  292 35.16  2.03  2.87            OY757240.1  9747526  9747771 (10299281)  C          Kuruka  Unspecified (10299281)  9747526  9747771
  442 32.63  0.53  1.06            OY757240.1  9748022  9748210 (10298842)  C          Kuruka  Unspecified (10298842)  9748022  9748210
  266 35.77  1.61  4.55            OY757240.1  9763822  9764070 (10282982)  C          Kuruka  Unspecified (10282982)  9763822  9764070
  434 30.77  4.33  4.33            OY757240.1  9764279  9764509 (10282543)  C          Kuruka  Unspecified (10282543)  9764279  9764509
  911 34.48  1.70  0.48            OY757240.1  9851723  9852433 (10194918)  C          Kuruka  Unspecified (10194918)  9851723  9852433
  447 35.35  4.90  2.92            OY757240.1  9852982  9853654 (10193398)  C          Kuruka  Unspecified (10193398)  9852982  9853654
  269 34.97  3.04  3.04            OY757240.1  9882022  9882251 (10164801)  C          Kuruka  Unspecified (10164801)  9882022  9882251
  334 34.49  2.26  2.65            OY757240.1 10398887 10399151 (9647901)  C          Kuruka  Unspecified (9647901) 10398887 10399151
  312 36.20  2.77  3.09            OY757240.1 10934116 10934440 (9112612)  C          Kuruka  Unspecified (9112612) 10934116 10934440
  286 23.71  2.02  2.02            OY757240.1 11298673 11298771 (8748281)  C          Kuruka  Unspecified (8748281) 11298673 11298771
  264 29.25  4.55  4.55            OY757240.1 11337686 11337839 (8709213)  C          Kuruka  Unspecified (8709213) 11337686 11337839
  505 37.83  2.23  2.23            OY757240.1 11374491 11375028 (8672024)  C          Kuruka  Unspecified (8672024) 11374491 11375028
  853 36.96  3.08  2.87            OY757240.1 11721529 11722503 (8324549)  C          Kuruka  Unspecified (8324549) 11721529 11722503
 1986 34.91  2.73  2.50            OY757240.1 11760807 11762125 (8284927)  C          Kuruka  Unspecified (8284927) 11760807 11762125
 1846 32.89  3.55  2.80            OY757240.1 12716854 12717951 (7329101)  C          Kuruka  Unspecified (7329101) 12716854 12717951
 1165 32.55  3.13  3.50            OY757240.1 12718365 12719195 (7327857)  C          Kuruka  Unspecified (7327857) 12718365 12719195
  829 29.59  0.37  1.12            OY757240.1 12847203 12847472 (7199580)  C          Kuruka  Unspecified (7199580) 12847203 12847472
  307 36.32  4.72  1.34            OY757240.1 12847891 12848250 (7198802)  C          Kuruka  Unspecified (7198802) 12847891 12848250
 2039 33.16  2.22  2.31            OY757240.1 12903504 12904630 (7142422)  C          Kuruka  Unspecified (7142422) 12903504 12904630
  296 35.11  0.53  0.53            OY757240.1 12905064 12905252 (7141800)  C          Kuruka  Unspecified (7141800) 12905064 12905252
  571 36.07  2.71  3.58            OY757240.1 13143119 13144055 (6903343)  C          Kuruka  Unspecified (6903343) 13143119 13144055
