  228 28.24  1.16  1.16            CM036940.2  5497695  5497780 (76446384)  +          Kuruka  Unspecified (76446384)  5497695  5497780
  231 38.30  1.00  1.34            CM036940.2 21138780 21139078 (60805086)  +          Kuruka  Unspecified (60805086) 21138780 21139078
  231 38.30  1.00  1.34            CM036940.2 33351467 33351765 (48592399)  +          Kuruka  Unspecified (48592399) 33351467 33351765
  231 38.30  1.00  1.34            CM036940.2 34824244 34824542 (47119622)  +          Kuruka  Unspecified (47119622) 34824244 34824542
  296 32.37  6.70  6.42            CM036940.2 38798204 38798576 (43145588)  +          Kuruka  Unspecified (43145588) 38798204 38798576
  234 35.85  0.87  2.19            CM036940.2 43394744 43394974 (38549190)  +          Kuruka  Unspecified (38549190) 43394744 43394974
  370 33.73  4.09  4.33            CM036940.2 54752315 54752754 (27191410)  +          Kuruka  Unspecified (27191410) 54752315 54752754
  356 34.19  3.41  3.64            CM036940.2 59777687 59778126 (22166038)  +          Kuruka  Unspecified (22166038) 59777687 59778126
  324 35.53  2.45  2.45            CM036940.2 61198036 61198361 (20745803)  +          Kuruka  Unspecified (20745803) 61198036 61198361
  273 34.22  1.53  3.11            CM036940.2 65217023 65217218 (16726946)  +          Kuruka  Unspecified (16726946) 65217023 65217218
  345 35.87  1.07  1.79            CM036940.2 65593257 65593537 (16350627)  +          Kuruka  Unspecified (16350627) 65593257 65593537
  246 30.00  1.23  1.23            CM036940.2 66236391 66236471 (15707693)  +          Kuruka  Unspecified (15707693) 66236391 66236471
  311 35.85  2.45  2.45            CM036940.2 75846399 75846724 (6097440)  +          Kuruka  Unspecified (6097440) 75846399 75846724
  343 34.43  3.41  3.64            CM036940.2 80209825 80210264 (1733900)  +          Kuruka  Unspecified (1733900) 80209825 80210264
  387 29.59  5.31  5.60            CM036940.2 11570057 11570414 (70373750)  C          Kuruka  Unspecified (70373750) 11570057 11570414
  280 31.69  1.39  1.39            CM036940.2 11570756 11570899 (70373265)  C          Kuruka  Unspecified (70373265) 11570756 11570899
  244 32.26  3.70  4.35            CM036940.2 12183953 12184114 (69760050)  C          Kuruka  Unspecified (69760050) 12183953 12184114
  452 32.28  3.65  3.96            CM036940.2 50231451 50231779 (31712385)  C          Kuruka  Unspecified (31712385) 50231451 50231779
  338 32.10  3.91  4.66            CM036940.2 54064703 54064983 (27879181)  C          Kuruka  Unspecified (27879181) 54064703 54064983
  272 34.97  0.87  2.19            CM036940.2 54691891 54692121 (27252043)  C          Kuruka  Unspecified (27252043) 54691891 54692121
  238 36.04  0.88  2.23            CM036940.2 57909680 57909906 (24034258)  C          Kuruka  Unspecified (24034258) 57909680 57909906
  359 34.19  3.41  3.64            CM036940.2 59804423 59804862 (22139302)  C          Kuruka  Unspecified (22139302) 59804423 59804862
  244 26.32  1.28  2.60            CM036940.2 63723434 63723511 (18220653)  C          Kuruka  Unspecified (18220653) 63723434 63723511
  244 28.00  2.34  2.34            CM036940.2 68297313 68297440 (13646724)  C          Kuruka  Unspecified (13646724) 68297313 68297440
  343 34.43  3.41  3.64            CM036940.2 72463834 72464273 (9479891)  C          Kuruka  Unspecified (9479891) 72463834 72464273
  262 35.14  3.41  3.64            CM036940.2 80655909 80656348 (1287816)  C          Kuruka  Unspecified (1287816) 80655909 80656348
  273 34.22  1.53  3.11            CM036940.2 81434433 81434628 (509536)  C          Kuruka  Unspecified (509536) 81434433 81434628
