   269 36.57 0.00 0.00           OU342960.1    139739    139872 (52280760) +               Kuruka     Unspecified    3585    3718  (5115)    
   599 35.00 3.32 5.24           OU342960.1    140132    140734 (52279898) +               Kuruka     Unspecified    3978    4569  (4264)    
   328 35.07 1.23 3.80           OU342960.1   6432435   6432677 (45987955) C               Kuruka     Unspecified  (4455)    4378    4142    
   307 34.32 4.00 4.42           OU342960.1   7932755   7933004 (44487628) C               Kuruka     Unspecified  (4298)    4535    4287    
   243 30.37 2.14 5.93           OU342960.1   8310164   8310303 (44110329) C               Kuruka     Unspecified  (4223)    4610    4476    
   237 17.03 0.00 5.66           OU342960.1   9075658   9075713 (43344919) C               Kuruka     Unspecified  (5188)    3645    3593    
   305 35.82 0.00 0.00           OU342960.1  11319864  11319997 (41100635) +               Kuruka     Unspecified    3585    3718  (5115)    
   710 35.29 3.63 3.31           OU342960.1  11320256  11320888 (41099744) +               Kuruka     Unspecified    3977    4611  (4222)    
   467 30.77 0.64 0.64           OU342960.1  17154000  17154156 (35266476) +               Kuruka     Unspecified    3583    3739  (5094)    
   312 34.32 4.00 4.42           OU342960.1  17650243  17650492 (34770140) C               Kuruka     Unspecified  (4298)    4535    4287    
  1198 36.24 1.91 2.01           OU342960.1  18253725  18254718 (34165914) C               Kuruka     Unspecified  (4253)    4580    3588    
   256 18.75 1.54 1.54           OU342960.1  19398697  19398761 (33021871) +               Kuruka     Unspecified    4284    4348  (4485)    
   253 32.80 2.34 2.34           OU342960.1  25926965  25927092 (26493540) +               Kuruka     Unspecified    3955    4082  (4751)    
   245 27.40 0.00 0.00           OU342960.1  38177286  38177358 (14243274) +               Kuruka     Unspecified    4282    4354  (4479)    
  1827 33.68 2.30 1.92           OU342960.1  41333282  41334368 (11086264) C               Kuruka     Unspecified  (4163)    4670    3580    
   269 26.47 0.00 0.00           OU342960.1  43979952  43980019 (8440613) C               Kuruka     Unspecified  (4479)    4354    4287    
   277 28.05 0.00 0.00           OU342960.1  48280075  48280156 (4140476) C               Kuruka     Unspecified  (4479)    4354    4273    
  1113 36.42 1.30 1.40           OU342960.1  51350485  51351559 (1069073) C               Kuruka     Unspecified  (4185)    4648    3575    
  1273 34.36 2.79 2.79           OU342960.1  51565092  51566058 (854574) C               Kuruka     Unspecified  (4073)    4760    3794    
   367 23.68 0.00 0.00           OU342960.1  51571438  51571513 (849119) C               Kuruka     Unspecified  (5148)    3685    3610    
  1136 35.02 3.50 2.45           OU342961.1    599889    601059 (33354512) C               Kuruka     Unspecified  (4069)    4764    3582    
  1572 36.54 1.99 2.50           OU342961.1   1404223   1405631 (32549940) +               Kuruka     Unspecified    3453    4854  (3979)    
   269 27.68 2.61 2.61           OU342961.1   3213528   3213642 (30741929) C               Kuruka     Unspecified  (5127)    3706    3592    
   229 34.17 2.30 4.23           OU342961.1   4959230   4959446 (28996125) C               Kuruka     Unspecified  (4446)    4387    4175    
   314 35.82 0.00 0.00           OU342961.1   7078833   7078966 (26876605) +               Kuruka     Unspecified    3585    3718  (5115)    
   724 35.95 2.64 4.25           OU342961.1   7079225   7079869 (26875702) +               Kuruka     Unspecified    3977    4611  (4222)    
   333 32.91 3.33 3.77           OU342961.1  11111213  11111452 (22844119) +               Kuruka     Unspecified    4282    4520  (4313)    
   230 28.26 8.05 4.44           OU342961.1  11291475  11291648 (22663923) +               Kuruka     Unspecified    4167    4346  (4487)    
   289 36.57 0.00 0.00           OU342961.1  11643568  11643701 (22311870) +               Kuruka     Unspecified    3585    3718  (5115)    
   687 35.15 3.10 4.72           OU342961.1  11643960  11644604 (22310967) +               Kuruka     Unspecified    3977    4611  (4222)    
   749 35.78 2.64 4.25           OU342961.1  12051039  12051683 (21903888) C               Kuruka     Unspecified  (4222)    4611    3977    
   331 35.07 0.00 0.00           OU342961.1  12051942  12052075 (21903496) C               Kuruka     Unspecified  (5115)    3718    3585    
   322 35.07 0.00 0.00           OU342961.1  12957232  12957365 (20998206) +               Kuruka     Unspecified    3585    3718  (5115)    
   702 34.98 3.10 4.72           OU342961.1  12957624  12958268 (20997303) +               Kuruka     Unspecified    3977    4611  (4222)    
   252 32.80 2.34 2.34           OU342961.1  15359128  15359255 (18596316) C               Kuruka     Unspecified  (4751)    4082    3955    
   242 30.25 2.46 2.46           OU342961.1  16609839  16609960 (17345611) C               Kuruka     Unspecified  (4236)    4597    4476    
   266 29.27 0.00 0.00           OU342961.1  20085256  20085337 (13870234) C               Kuruka     Unspecified  (4479)    4354    4273    
   794 32.88 5.18 3.08           OU342961.1  28401779  28402415 (5553156) +               Kuruka     Unspecified    3531    4180  (4653)    
   266 29.27 0.00 0.00           OU342961.1  29630711  29630792 (4324779) C               Kuruka     Unspecified  (4479)    4354    4273    
   314 35.82 0.00 0.00           OU342961.1  30084884  30085017 (3870554) +               Kuruka     Unspecified    3585    3718  (5115)    
   724 35.95 2.64 4.25           OU342961.1  30085276  30085920 (3869651) +               Kuruka     Unspecified    3977    4611  (4222)    
  1681 35.47 2.37 2.29           OU342961.1  30429193  30430502 (3525069) C               Kuruka     Unspecified  (4069)    4764    3454    
   297 32.84 4.27 1.85           OU342961.1  31404391  31404601 (2550970) +               Kuruka     Unspecified    4198    4413  (4420)    
   262 32.21 5.50 5.99           OU342961.1  32590463  32590680 (1364891) C               Kuruka     Unspecified  (4312)    4521    4305    
   290 29.11 5.73 6.19           OU342961.1  32745652  32745878 (1209693) +               Kuruka     Unspecified    4287    4512  (4321)    
   300 31.23 5.50 5.99           OU342961.1  33413734  33413951 (541620) C               Kuruka     Unspecified  (4312)    4521    4305    
  1166 34.45 5.55 3.35           OU342962.1    171683    172763 (32691048) +               Kuruka     Unspecified    3747    4850  (3983)    
   252 33.54 4.34 4.34           OU342962.1   5237255   5237600 (27626211) C               Kuruka     Unspecified  (4501)    4332    3987    
  1503 34.09 2.94 3.38           OU342962.1   6264212   6265401 (26598410) C               Kuruka     Unspecified  (4075)    4758    3574    
   251 24.48 3.16 5.38           OU342962.1   6364930   6365024 (26498787) +               Kuruka     Unspecified    4034    4126  (4707)    
  1414 36.24 2.20 2.76           OU342962.1   8608950   8610223 (24253588) C               Kuruka     Unspecified  (3979)    4854    3588    
   352 31.35 5.62 4.32           OU342962.1  12366091  12366250 (20497561) C               Kuruka     Unspecified  (4390)    4443    4282    
  1489 34.09 2.94 3.38           OU342962.1  15723412  15724601 (17139210) +               Kuruka     Unspecified    3574    4758  (4075)    
   724 35.95 2.64 4.25           OU342962.1  19135550  19136194 (13727617) C               Kuruka     Unspecified  (4222)    4611    3977    
   236 33.83 0.67 3.42           OU342962.1  24177662  24177811 (8686000) C               Kuruka     Unspecified  (4455)    4378    4233    
   238 33.54 4.34 4.34           OU342962.1  26243913  26244258 (6619553) C               Kuruka     Unspecified  (4501)    4332    3987    
   312 34.32 4.00 4.42           OU342962.1  27908538  27908787 (4955024) +               Kuruka     Unspecified    4287    4535  (4298)    
   293 36.74 3.32 2.89           OU342962.1  29665738  29665978 (3197833) +               Kuruka     Unspecified    3939    4180  (4653)    
   457 33.95 0.00 0.00           OU342962.1  29666041  29666255 (3197556) +               Kuruka     Unspecified    4366    4580  (4253)    
   932 36.47 1.13 1.27           OU342962.1  29902746  29903456 (2960355) +               Kuruka     Unspecified    3939    4648  (4185)    
  1269 36.22 2.17 2.26           OU342962.1  30371382  30372443 (2491368) C               Kuruka     Unspecified  (4190)    4643    3583    
   789 36.63 4.48 1.71           OU342962.1  30735438  30736062 (2127749) C               Kuruka     Unspecified  (4253)    4580    3939    
   305 35.82 0.00 0.00           OU342962.1  32305079  32305212 (558599) +               Kuruka     Unspecified    3585    3718  (5115)    
   667 35.30 3.00 4.82           OU342962.1  32305482  32306115 (557696) +               Kuruka     Unspecified    3989    4611  (4222)    
   303 35.24 1.40 1.88           OU342962.1  32457978  32458191 (405620) C               Kuruka     Unspecified  (4313)    4520    4308    
   234 28.77 0.00 0.00           OU342963.1    105619    105691 (32452020) C               Kuruka     Unspecified  (4479)    4354    4282    
   570 34.15 4.68 4.53           OU342963.1    201423    202149 (32355562) +               Kuruka     Unspecified    3932    4659  (4174)    
  1557 35.00 2.35 2.78           OU342963.1   3584691   3585880 (28971831) +               Kuruka     Unspecified    3574    4758  (4075)    
   259 30.12 3.70 3.70           OU342963.1   8461424   8461585 (24096126) C               Kuruka     Unspecified  (5761)    3072    2911    
  1541 35.46 2.21 2.56           OU342963.1   8730202   8731376 (23826335) C               Kuruka     Unspecified  (4075)    4758    3588    
   256 33.81 5.73 4.24           OU342963.1   8769599   8769947 (23787764) C               Kuruka     Unspecified  (4313)    4520    4167    
   227 31.15 6.81 2.51           OU342963.1  10593813  10594003 (21963708) +               Kuruka     Unspecified    4167    4365  (4468)    
   371 32.85 5.02 4.07           OU342963.1  15256547  15256765 (17300946) C               Kuruka     Unspecified  (4390)    4443    4223    
   261 29.79 2.08 2.08           OU342963.1  17030297  17030392 (15527319) +               Kuruka     Unspecified    3584    3679  (5154)    
  1563 35.21 2.18 2.62           OU342963.1  18745389  18746578 (13811133) +               Kuruka     Unspecified    3574    4758  (4075)    
   385 38.26 1.90 1.66           OU342963.1  21103451  21103870 (11453841) +               Kuruka     Unspecified    4215    4635  (4198)    
   233 25.59 3.16 5.38           OU342963.1  21365391  21365485 (11192226) +               Kuruka     Unspecified    4034    4126  (4707)    
  1492 34.92 2.49 2.87           OU342963.1  22999767  23000851 (9556860) C               Kuruka     Unspecified  (4165)    4668    3588    
  1485 34.72 2.64 3.11           OU342963.1  23060983  23062082 (9495629) +               Kuruka     Unspecified    3574    4668  (4165)    
   314 35.82 0.00 0.00           OU342963.1  25179453  25179586 (7378125) +               Kuruka     Unspecified    3585    3718  (5115)    
   724 35.95 2.64 4.25           OU342963.1  25179845  25180489 (7377222) +               Kuruka     Unspecified    3977    4611  (4222)    
   706 36.10 2.64 4.25           OU342963.1  27632087  27632731 (4924980) C               Kuruka     Unspecified  (4222)    4611    3977    
   322 35.07 0.00 0.00           OU342963.1  27632990  27633123 (4924588) C               Kuruka     Unspecified  (5115)    3718    3585    
   314 35.24 1.41 1.41           OU342963.1  29017088  29017300 (3540411) C               Kuruka     Unspecified  (5004)    3829    3617    
   233 25.59 3.16 5.38           OU342963.1  31158275  31158369 (1399342) C               Kuruka     Unspecified  (4707)    4126    4034    
   278 33.81 5.73 4.24           OU342963.1  32492371  32492719  (64992) C               Kuruka     Unspecified  (4313)    4520    4167    
   687 35.15 3.10 4.72           OU342964.1    675031    675675 (31183916) C               Kuruka     Unspecified  (4222)    4611    3977    
   305 35.82 0.00 0.00           OU342964.1    675934    676067 (31183524) C               Kuruka     Unspecified  (5115)    3718    3585    
   249 34.75 2.08 2.08           OU342964.1   2410522   2410665 (29448926) C               Kuruka     Unspecified  (4751)    4082    3939    
   496 30.18 2.92 3.35           OU342964.1   3653174   3653413 (28206178) C               Kuruka     Unspecified  (4313)    4520    4282    
  1486 34.45 2.81 3.16           OU342964.1   4703308   4704482 (27155109) C               Kuruka     Unspecified  (4075)    4758    3588    
   237 34.11 5.73 4.24           OU342964.1   5049287   5049635 (26809956) +               Kuruka     Unspecified    4167    4520  (4313)    
   387 30.05 5.62 4.32           OU342964.1   5119146   5119305 (26740286) C               Kuruka     Unspecified  (4390)    4443    4282    
   314 35.82 0.00 0.00           OU342964.1   8510066   8510199 (23349392) +               Kuruka     Unspecified    3585    3718  (5115)    
   661 36.43 2.64 4.25           OU342964.1   8510458   8511102 (23348489) +               Kuruka     Unspecified    3977    4611  (4222)    
  1490 34.38 2.77 3.21           OU342964.1  10045049  10046238 (21813353) +               Kuruka     Unspecified    3574    4758  (4075)    
   342 33.66 5.69 2.60           OU342964.1  13978962  13979260 (17880331) +               Kuruka     Unspecified    3582    3889  (4944)    
   858 35.30 3.32 2.93           OU342964.1  13979315  13980096 (17879495) +               Kuruka     Unspecified    3980    4764  (4069)    
   279 29.29 3.42 4.14           OU342964.1  17601537  17601682 (14257909) C               Kuruka     Unspecified  (4480)    4353    4209    
  1311 36.47 3.00 2.71           OU342964.1  21898161  21899558 (9960033) +               Kuruka     Unspecified    3453    4854  (3979)    
   239 34.35 0.00 1.01           OU342964.1  28918463  28918562 (2941029) C               Kuruka     Unspecified  (4455)    4378    4280    
   419 33.61 3.12 3.53           OU342964.1  30395818  30396073 (1463518) C               Kuruka     Unspecified  (4313)    4520    4266    
  1362 35.91 2.48 2.56           OU342965.1    207661    208909 (31379589) +               Kuruka     Unspecified    3511    4758  (4075)    
   276 29.27 0.00 0.00           OU342965.1    278332    278413 (31310085) C               Kuruka     Unspecified  (4479)    4354    4273    
   285 34.93 0.00 0.00           OU342965.1   1748337   1748482 (29840016) +               Kuruka     Unspecified    3580    3725  (5108)    
  1503 34.09 2.94 3.38           OU342965.1   2076757   2077946 (29510552) C               Kuruka     Unspecified  (4075)    4758    3574    
   247 24.48 3.16 5.38           OU342965.1   4196505   4196599 (27391899) C               Kuruka     Unspecified  (4707)    4126    4034    
   312 34.32 4.00 4.42           OU342965.1   4389081   4389330 (27199168) C               Kuruka     Unspecified  (4298)    4535    4287    
   331 36.81 1.91 2.24           OU342965.1   6204228   6204541 (25383957) C               Kuruka     Unspecified  (4297)    4536    4224    
  1560 35.21 2.18 2.62           OU342965.1   9035387   9036576 (22551922) +               Kuruka     Unspecified    3574    4758  (4075)    
   741 35.43 4.61 1.57           OU342965.1  12792338  12793140 (18795358) C               Kuruka     Unspecified  (4075)    4758    3932    
   476 34.74 1.39 1.39           OU342965.1  12793234  12793592 (18794906) C               Kuruka     Unspecified  (4995)    3838    3480    
   251 24.48 3.16 5.38           OU342965.1  15996893  15996987 (15591511) C               Kuruka     Unspecified  (4707)    4126    4034    
   291 34.74 4.00 4.42           OU342965.1  19061649  19061898 (12526600) +               Kuruka     Unspecified    4287    4535  (4298)    
   227 33.18 4.15 4.15           OU342965.1  19554533  19554749 (12033749) C               Kuruka     Unspecified  (5034)    3799    3583    
   483 29.75 2.92 3.35           OU342965.1  24043242  24043481 (7545017) +               Kuruka     Unspecified    4282    4520  (4313)    
   307 34.32 4.00 4.42           OU342965.1  25909436  25909685 (5678813) C               Kuruka     Unspecified  (4298)    4535    4287    
   314 35.82 0.00 0.00           OU342965.1  27034459  27034592 (4553906) +               Kuruka     Unspecified    3585    3718  (5115)    
   724 35.95 2.64 4.25           OU342965.1  27034851  27035495 (4553003) +               Kuruka     Unspecified    3977    4611  (4222)    
   412 32.91 3.33 3.77           OU342965.1  31043113  31043352 (545146) +               Kuruka     Unspecified    4282    4520  (4313)    
   321 36.25 0.00 0.00           OU342965.1  31416244  31416403 (172095) +               Kuruka     Unspecified    3580    3739  (5094)    
  1374 33.62 3.25 2.66           OU342965.1  31522439  31523483  (65015) +               Kuruka     Unspecified    3593    4643  (4190)    
   269 26.47 0.00 0.00           OU342966.1    449026    449093 (31002961) C               Kuruka     Unspecified  (4479)    4354    4287    
   273 29.83 4.71 5.33           OU342966.1   5139103   5139272 (26312782) C               Kuruka     Unspecified  (4456)    4377    4209    
  1740 35.16 2.37 2.29           OU342966.1   7196263   7197572 (24254482) C               Kuruka     Unspecified  (4069)    4764    3454    
   229 36.28 2.87 5.21           OU342966.1  14708351  14708664 (16743390) +               Kuruka     Unspecified    4230    4536  (4297)    
   307 34.32 4.00 4.42           OU342966.1  16097409  16097658 (15354396) +               Kuruka     Unspecified    4287    4535  (4298)    
   230 33.20 2.30 4.23           OU342966.1  19543770  19543986 (11908068) C               Kuruka     Unspecified  (4446)    4387    4175    
   847 35.52 1.54 1.69           OU342966.1  20336014  20336663 (11115391) C               Kuruka     Unspecified  (4075)    4758    4110    
  1742 35.24 2.37 2.29           OU342966.1  20349240  20350549 (11101505) +               Kuruka     Unspecified    3454    4764  (4069)    
   652 33.33 1.39 1.39           OU342966.1  20353577  20353935 (11098119) C               Kuruka     Unspecified  (4995)    3838    3480    
  1521 34.30 2.89 3.25           OU342966.1  23230109  23231283 (8220771) +               Kuruka     Unspecified    3588    4758  (4075)    
   230 33.20 2.30 4.23           OU342966.1  24814411  24814627 (6637427) C               Kuruka     Unspecified  (4446)    4387    4175    
  1563 35.90 1.84 2.21           OU342966.1  27083707  27084794 (4367260) C               Kuruka     Unspecified  (4162)    4671    3588    
   676 35.15 3.10 4.72           OU342966.1  28182952  28183596 (3268458) C               Kuruka     Unspecified  (4222)    4611    3977    
   322 35.07 0.00 0.00           OU342966.1  28183855  28183988 (3268066) C               Kuruka     Unspecified  (5115)    3718    3585    
   314 35.82 0.00 0.00           OU342966.1  29977531  29977664 (1474390) +               Kuruka     Unspecified    3585    3718  (5115)    
   709 36.10 2.64 4.25           OU342966.1  29977923  29978567 (1473487) +               Kuruka     Unspecified    3977    4611  (4222)    
   279 35.15 4.00 4.42           OU342967.1    228877    229126 (31097273) C               Kuruka     Unspecified  (4298)    4535    4287    
   261 34.75 2.08 2.08           OU342967.1   2897418   2897561 (28428838) +               Kuruka     Unspecified    3939    4082  (4751)    
   244 37.12 1.65 4.66           OU342967.1   4001495   4001737 (27324662) C               Kuruka     Unspecified  (4300)    4533    4298    
   261 34.75 2.08 2.08           OU342967.1   4010391   4010534 (27315865) C               Kuruka     Unspecified  (4751)    4082    3939    
   724 35.95 2.64 4.25           OU342967.1   4804619   4805263 (26521136) C               Kuruka     Unspecified  (4222)    4611    3977    
   299 33.83 0.75 0.75           OU342967.1   4805522   4805655 (26520744) C               Kuruka     Unspecified  (5115)    3718    3585    
   261 34.75 2.08 2.08           OU342967.1   6097543   6097686 (25228713) C               Kuruka     Unspecified  (4751)    4082    3939    
   236 33.83 0.67 3.42           OU342967.1   6341224   6341373 (24985026) C               Kuruka     Unspecified  (4455)    4378    4233    
   600 33.49 4.77 5.49           OU342967.1  12658384  12659116 (18667283) +               Kuruka     Unspecified    3932    4659  (4174)    
   235 27.75 5.48 6.21           OU342967.1  13065762  13065907 (18260492) C               Kuruka     Unspecified  (4456)    4377    4233    
   310 35.24 1.41 1.41           OU342967.1  14709734  14709946 (16616453) +               Kuruka     Unspecified    3617    3829  (5004)    
  1297 36.04 2.76 1.89           OU342967.1  16082902  16083953 (15242446) C               Kuruka     Unspecified  (4190)    4643    3583    
   305 35.82 0.00 0.00           OU342967.1  16907920  16908053 (14418346) +               Kuruka     Unspecified    3585    3718  (5115)    
   687 35.15 3.10 4.72           OU342967.1  16908312  16908956 (14417443) +               Kuruka     Unspecified    3977    4611  (4222)    
   239 37.12 1.65 4.66           OU342967.1  18287300  18287542 (13038857) C               Kuruka     Unspecified  (4300)    4533    4298    
  1557 35.38 2.21 2.56           OU342967.1  19170374  19171548 (12154851) +               Kuruka     Unspecified    3588    4758  (4075)    
   724 35.95 2.64 4.25           OU342967.1  19442828  19443472 (11882927) C               Kuruka     Unspecified  (4222)    4611    3977    
   305 35.82 0.00 0.00           OU342967.1  19443731  19443864 (11882535) C               Kuruka     Unspecified  (5115)    3718    3585    
  1503 34.09 2.94 3.38           OU342967.1  22365665  22366854 (8959545) C               Kuruka     Unspecified  (4075)    4758    3574    
   481 33.47 1.20 1.20           OU342967.1  22504599  22504849 (8821550) +               Kuruka     Unspecified    3588    3838  (4995)    
   971 34.99 2.17 2.42           OU342967.1  22506212  22507040 (8819359) +               Kuruka     Unspecified    3932    4758  (4075)    
   249 30.40 6.88 2.54           OU342967.1  23199953  23200141 (8126258) C               Kuruka     Unspecified  (4468)    4365    4169    
   793 32.37 4.53 4.67           OU342967.1  23482400  23483128 (7843271) +               Kuruka     Unspecified    3932    4659  (4174)    
   686 34.82 3.10 4.72           OU342967.1  23489232  23489876 (7836523) C               Kuruka     Unspecified  (4222)    4611    3977    
   305 35.82 0.00 0.00           OU342967.1  23490116  23490249 (7836150) C               Kuruka     Unspecified  (5115)    3718    3585    
   347 33.96 2.08 2.99           OU342967.1  26575505  26575841 (4750558) +               Kuruka     Unspecified    4011    4344  (4489)    
   687 35.15 3.10 4.72           OU342967.1  26611322  26611966 (4714433) C               Kuruka     Unspecified  (4222)    4611    3977    
   305 35.82 0.00 0.00           OU342967.1  26612225  26612358 (4714041) C               Kuruka     Unspecified  (5115)    3718    3585    
   234 27.60 4.10 4.96           OU342967.1  31049250  31049371 (277028) C               Kuruka     Unspecified  (4480)    4353    4233    
   336 37.49 2.91 1.60           OU342967.1  31200491  31200799 (125600) C               Kuruka     Unspecified  (4297)    4536    4224    
   247 30.40 6.88 2.54           OU342968.1   2075007   2075195 (28966706) +               Kuruka     Unspecified    4169    4365  (4468)    
   451 32.94 1.78 2.69           OU342968.1   2420805   2421141 (28620760) +               Kuruka     Unspecified    4011    4344  (4489)    
  1520 35.47 2.18 2.62           OU342968.1   4814204   4815393 (26226508) +               Kuruka     Unspecified    3574    4758  (4075)    
   232 32.70 4.15 4.15           OU342968.1   7321439   7321655 (23720246) +               Kuruka     Unspecified    3583    3799  (5034)    
  1233 34.77 3.88 3.61           OU342968.1  10318569  10319729 (20722172) C               Kuruka     Unspecified  (4075)    4758    3595    
   254 33.81 5.73 4.24           OU342968.1  13726912  13727260 (17314641) +               Kuruka     Unspecified    4167    4520  (4313)    
   360 29.73 0.00 0.00           OU342968.1  15883950  15884060 (15157841) +               Kuruka     Unspecified    3723    3833  (5000)    
   729 37.13 4.08 1.81           OU342968.1  15884127  15884935 (15156966) +               Kuruka     Unspecified    3932    4758  (4075)    
   239 37.12 1.65 4.66           OU342968.1  16472297  16472539 (14569362) +               Kuruka     Unspecified    4298    4533  (4300)    
   646 33.66 4.32 4.47           OU342968.1  21675526  21676265 (9365636) +               Kuruka     Unspecified    3932    4670  (4163)    
   244 37.12 1.65 4.66           OU342968.1  23503124  23503366 (7538535) +               Kuruka     Unspecified    4298    4533  (4300)    
   231 31.09 2.46 2.46           OU342968.1  24703611  24703732 (6338169) +               Kuruka     Unspecified    4476    4597  (4236)    
   651 34.08 1.37 1.37           OU342968.1  25505837  25506202 (5535699) +               Kuruka     Unspecified    3465    3830  (5003)    
  1324 35.59 2.26 2.36           OU342968.1  25523697  25524758 (5517143) C               Kuruka     Unspecified  (4190)    4643    3583    
   238 33.54 4.34 4.34           OU342968.1  26845416  26845761 (4196140) C               Kuruka     Unspecified  (4501)    4332    3987    
   249 33.81 5.73 4.24           OU342969.1   1723338   1723686 (29296558) +               Kuruka     Unspecified    4167    4520  (4313)    
   267 29.27 0.00 0.00           OU342969.1   2792836   2792917 (28227327) +               Kuruka     Unspecified    4273    4354  (4479)    
  1563 35.21 2.18 2.62           OU342969.1   5079890   5081079 (25939165) +               Kuruka     Unspecified    3574    4758  (4075)    
   386 36.37 1.59 1.92           OU342969.1   5388908   5389221 (25631023) C               Kuruka     Unspecified  (4297)    4536    4224    
   413 27.20 6.76 0.64           OU342969.1   5433478   5433625 (25586619) C               Kuruka     Unspecified  (5094)    3739    3583    
   366 34.27 2.29 2.29           OU342969.1   8645136   8645353 (22374891) C               Kuruka     Unspecified  (5160)    3673    3456    
   244 35.36 0.00 1.01           OU342969.1  11625225  11625324 (19394920) C               Kuruka     Unspecified  (4455)    4378    4280    
  1383 35.86 1.98 2.07           OU342969.1  13365726  13366787 (17653457) C               Kuruka     Unspecified  (4190)    4643    3583    
   726 35.95 2.64 4.25           OU342969.1  14061398  14062042 (16958202) C               Kuruka     Unspecified  (4222)    4611    3977    
   291 36.57 0.00 0.00           OU342969.1  14062301  14062434 (16957810) C               Kuruka     Unspecified  (5115)    3718    3585    
  1198 36.24 1.91 2.01           OU342969.1  15475575  15476568 (15543676) C               Kuruka     Unspecified  (4253)    4580    3588    
   238 28.77 0.00 0.00           OU342969.1  20812238  20812310 (10207934) +               Kuruka     Unspecified    4282    4354  (4479)    
   233 25.59 3.16 5.38           OU342969.1  21765297  21765391 (9254853) +               Kuruka     Unspecified    4034    4126  (4707)    
   303 28.58 4.71 5.33           OU342969.1  21943470  21943639 (9076605) C               Kuruka     Unspecified  (4456)    4377    4209    
   718 35.96 2.63 4.41           OU342969.1  22201471  22202116 (8818128) C               Kuruka     Unspecified  (4222)    4611    3977    
   266 29.27 0.00 0.00           OU342969.1  22373915  22373996 (8646248) C               Kuruka     Unspecified  (4479)    4354    4273    
   239 37.12 1.65 4.66           OU342969.1  22857037  22857279 (8162965) C               Kuruka     Unspecified  (4300)    4533    4298    
  1009 34.20 3.16 1.09           OU342969.1  26458782  26459319 (4560925) C               Kuruka     Unspecified  (4163)    4670    4122    
  1497 36.38 2.13 2.64           OU342969.1  28008291  28009699 (3010545) +               Kuruka     Unspecified    3453    4854  (3979)    
  1510 36.76 1.99 2.50           OU342969.1  28494090  28495498 (2524746) C               Kuruka     Unspecified  (3979)    4854    3453    
   261 29.79 2.08 2.08           OU342969.1  29427822  29427917 (1592327) C               Kuruka     Unspecified  (5154)    3679    3584    
  1306 35.68 2.26 2.36           OU342969.1  29628568  29629629 (1390615) +               Kuruka     Unspecified    3583    4643  (4190)    
   682 36.27 2.64 4.25           OU342969.1  30861827  30862471 (157773) C               Kuruka     Unspecified  (4222)    4611    3977    
   314 35.82 0.00 0.00           OU342969.1  30862730  30862863 (157381) C               Kuruka     Unspecified  (5115)    3718    3585    
   602 34.00 1.41 1.41           OU342970.1    379515    379869 (30360659) C               Kuruka     Unspecified  (4999)    3834    3480    
   255 30.90 3.51 3.51           OU342970.1    878212    878382 (29862146) C               Kuruka     Unspecified  (5753)    3080    2910    
   239 37.12 1.65 4.66           OU342970.1   7197637   7197879 (23542649) C               Kuruka     Unspecified  (4300)    4533    4298    
   226 31.91 2.08 2.08           OU342970.1   7690725   7690820 (23049708) C               Kuruka     Unspecified  (5154)    3679    3584    
   312 34.32 4.00 4.42           OU342970.1   9789037   9789286 (20951242) +               Kuruka     Unspecified    4287    4535  (4298)    
   251 24.48 3.16 5.38           OU342970.1  13037627  13037721 (17702807) C               Kuruka     Unspecified  (4707)    4126    4034    
   267 29.27 0.00 0.00           OU342970.1  17668031  17668112 (13072416) +               Kuruka     Unspecified    4273    4354  (4479)    
   322 34.26 2.06 2.97           OU342970.1  17674396  17674735 (13065793) +               Kuruka     Unspecified    4008    4344  (4489)    
  1534 35.38 2.18 2.62           OU342970.1  22566893  22568082 (8172446) +               Kuruka     Unspecified    3574    4758  (4075)    
   314 35.82 0.00 0.00           OU342970.1  26822536  26822669 (3917859) +               Kuruka     Unspecified    3585    3718  (5115)    
   708 35.31 3.10 4.72           OU342970.1  26822928  26823572 (3916956) +               Kuruka     Unspecified    3977    4611  (4222)    
   266 31.41 3.54 3.54           OU342970.1  26991257  26991454 (3749074) +               Kuruka     Unspecified    4180    4377  (4456)    
   301 30.59 3.27 3.76           OU342970.1  29258600  29258813 (1481715) +               Kuruka     Unspecified    4282    4494  (4339)    
   302 38.50 0.47 0.93           OU342970.1  29749488  29749702 (990826) C               Kuruka     Unspecified  (4313)    4520    4307    
   429 32.12 3.52 3.92           OU342970.1  29858429  29858684 (881844) +               Kuruka     Unspecified    4266    4520  (4313)    
   402 32.91 3.33 3.77           OU342970.1  30619599  30619838 (120690) +               Kuruka     Unspecified    4282    4520  (4313)    
   376 31.72 5.94 4.98           OU342971.1    299415    299633 (29627330) C               Kuruka     Unspecified  (4390)    4443    4223    
   880 35.50 1.57 1.69           OU342971.1   1168149   1168976 (28757987) C               Kuruka     Unspecified  (4075)    4758    3932    
   555 33.33 1.39 1.39           OU342971.1   1169070   1169428 (28757535) C               Kuruka     Unspecified  (4995)    3838    3480    
   233 25.59 3.16 5.38           OU342971.1   3463416   3463510 (26463453) C               Kuruka     Unspecified  (4707)    4126    4034    
   236 33.83 0.67 3.42           OU342971.1  11246233  11246382 (18680581) C               Kuruka     Unspecified  (4455)    4378    4233    
   715 35.78 2.64 4.25           OU342971.1  12845159  12845803 (17081160) C               Kuruka     Unspecified  (4222)    4611    3977    
   314 35.82 0.00 0.00           OU342971.1  12846062  12846195 (17080768) C               Kuruka     Unspecified  (5115)    3718    3585    
   238 25.59 3.16 5.38           OU342971.1  16900929  16901023 (13025940) C               Kuruka     Unspecified  (4707)    4126    4034    
   536 35.09 2.95 4.57           OU342971.1  22570837  22571481 (7355482) C               Kuruka     Unspecified  (4222)    4611    3977    
   271 35.82 0.00 0.00           OU342971.1  22571740  22571873 (7355090) C               Kuruka     Unspecified  (5115)    3718    3585    
   233 25.59 3.16 5.38           OU342971.1  22891226  22891320 (7035643) +               Kuruka     Unspecified    4034    4126  (4707)    
   692 36.10 2.64 4.25           OU342971.1  24031757  24032401 (5894562) C               Kuruka     Unspecified  (4222)    4611    3977    
   309 33.83 0.75 0.75           OU342971.1  24032660  24032793 (5894170) C               Kuruka     Unspecified  (5115)    3718    3585    
   351 34.74 2.29 2.29           OU342971.1  24120440  24120657 (5806306) C               Kuruka     Unspecified  (5160)    3673    3456    
   513 29.75 2.92 3.35           OU342971.1  24645132  24645371 (5281592) C               Kuruka     Unspecified  (4313)    4520    4282    
   724 35.95 2.64 4.25           OU342971.1  25850357  25851001 (4075962) C               Kuruka     Unspecified  (4222)    4611    3977    
   314 35.82 0.00 0.00           OU342971.1  25851260  25851393 (4075570) C               Kuruka     Unspecified  (5115)    3718    3585    
  1136 34.87 2.81 3.28           OU342971.1  28109027  28110129 (1816834) +               Kuruka     Unspecified    3574    4671  (4162)    
   349 33.06 3.40 4.74           OU342971.1  28366157  28366391 (1560572) C               Kuruka     Unspecified  (4320)    4513    4282    
  1513 34.67 2.52 2.52           OU342971.1  28429773  28430923 (1496040) +               Kuruka     Unspecified    3610    4760  (4073)    
   305 35.82 0.00 0.00           OU342971.1  28657466  28657599 (1269364) +               Kuruka     Unspecified    3585    3718  (5115)    
   432 34.82 1.47 4.55           OU342971.1  28658067  28658406 (1268557) +               Kuruka     Unspecified    4282    4611  (4222)    
   563 34.93 4.07 3.63           OU342971.1  28735465  28736177 (1190786) C               Kuruka     Unspecified  (4653)    4180    3465    
   276 31.23 5.50 5.99           OU342971.1  28743957  28744174 (1182789) C               Kuruka     Unspecified  (4330)    4503    4287    
   297 32.84 4.27 1.85           OU342971.1  29115123  29115333 (811630) +               Kuruka     Unspecified    4198    4413  (4420)    
  1827 34.01 2.59 3.16           OU342971.1  29355775  29357046 (569917) +               Kuruka     Unspecified    3583    4847  (3986)    
  1537 33.96 2.61 3.19           OU342971.1  29567829  29569090 (357873) C               Kuruka     Unspecified  (3986)    4847    3593    
   297 29.11 5.73 6.19           OU342971.1  29656954  29657180 (269783) +               Kuruka     Unspecified    4287    4512  (4321)    
   754 36.08 4.41 1.49           OU342971.1  29881079  29882122  (44841) +               Kuruka     Unspecified    3575    4648  (4185)    
   232 35.36 1.49 1.49           OU342971.1  29893969  29894169  (32794) +               Kuruka     Unspecified    3629    3829  (5004)    
   417 30.13 0.64 0.64           OU342972.1     91099     91255 (29767585) C               Kuruka     Unspecified  (5094)    3739    3583    
   248 30.00 2.44 2.44           OU342972.1    648604    648726 (29210114) C               Kuruka     Unspecified  (4236)    4597    4475    
  1533 34.78 2.46 2.04           OU342972.1    855966    857183 (29001657) C               Kuruka     Unspecified  (4075)    4758    3536    
   320 25.71 0.00 0.00           OU342972.1    862947    863016 (28995824) C               Kuruka     Unspecified  (5178)    3655    3586    
   417 33.80 0.93 1.40           OU342972.1   1070677   1070892 (28787948) C               Kuruka     Unspecified  (4385)    4448    4234    
   270 28.42 1.05 0.00           OU342972.1   1070970   1071064 (28787776) C               Kuruka     Unspecified  (4677)    4156    4061    
   551 34.66 0.85 0.85           OU342972.1   1086419   1086773 (28772067) C               Kuruka     Unspecified  (4948)    3885    3531    
   316 31.59 4.02 4.55           OU342972.1   4675907   4676105 (25182735) C               Kuruka     Unspecified  (4313)    4520    4323    
   306 33.57 0.72 0.72           OU342972.1   5267591   5267728 (24591112) C               Kuruka     Unspecified  (4732)    4101    3964    
   638 33.90 1.39 1.39           OU342972.1   6257837   6258195 (23600645) +               Kuruka     Unspecified    3480    3838  (4995)    
  1114 35.05 1.69 1.81           OU342972.1   6258289   6259116 (23599724) +               Kuruka     Unspecified    3932    4758  (4075)    
   561 35.19 1.80 2.73           OU342972.1   6262891   6263334 (23595506) +               Kuruka     Unspecified    4195    4634  (4199)    
  1404 36.62 2.76 2.36           OU342972.1   6332689   6333994 (23524846) C               Kuruka     Unspecified  (4069)    4764    3454    
   540 34.87 3.48 3.48           OU342972.1   6487536   6488052 (23370788) C               Kuruka     Unspecified  (4033)    4800    4284    
   856 34.79 1.98 1.81           OU342972.1   6488130   6488735 (23370105) C               Kuruka     Unspecified  (4652)    4181    3575    
   242 33.03 0.88 0.88           OU342972.1   6918456   6918568 (22940272) +               Kuruka     Unspecified    3588    3700  (5133)    
   826 32.20 3.96 4.53           OU342972.1   7410975   7411706 (22447134) C               Kuruka     Unspecified  (4174)    4659    3932    
  1374 35.05 3.30 3.13           OU342972.1   7521368   7522548 (22336292) C               Kuruka     Unspecified  (4069)    4764    3582    
   369 36.09 4.77 0.77           OU342972.1   7569647   7570023 (22288817) C               Kuruka     Unspecified  (4710)    4123    3732    
   369 36.09 4.77 0.77           OU342972.1   7591166   7591542 (22267298) C               Kuruka     Unspecified  (4710)    4123    3732    
  1561 36.62 1.99 2.50           OU342972.1   7601229   7602637 (22256203) C               Kuruka     Unspecified  (3979)    4854    3453    
   601 34.61 3.41 1.57           OU342972.1   7607273   7607771 (22251069) C               Kuruka     Unspecified  (4594)    4239    3732    
   320 29.11 5.73 6.19           OU342972.1   7649499   7649725 (22209115) +               Kuruka     Unspecified    4287    4512  (4321)    
   643 36.56 2.53 4.35           OU342972.1   8529912   8530543 (21328297) C               Kuruka     Unspecified  (4224)    4609    3989    
   314 35.82 0.00 0.00           OU342972.1   8530813   8530946 (21327894) C               Kuruka     Unspecified  (5115)    3718    3585    
   236 33.83 0.67 3.42           OU342972.1  11081887  11082036 (18776804) +               Kuruka     Unspecified    4233    4378  (4455)    
   468 32.94 1.78 2.69           OU342972.1  12234269  12234605 (17624235) +               Kuruka     Unspecified    4011    4344  (4489)    
   226 28.36 0.00 0.00           OU342972.1  12428278  12428344 (17430496) +               Kuruka     Unspecified    4282    4348  (4485)    
   238 33.54 4.34 4.34           OU342972.1  12819692  12820037 (17038803) C               Kuruka     Unspecified  (4501)    4332    3987    
   247 24.48 3.16 5.38           OU342972.1  13080359  13080453 (16778387) C               Kuruka     Unspecified  (4707)    4126    4034    
   247 31.84 2.50 1.86           OU342972.1  13162430  13162589 (16696251) +               Kuruka     Unspecified    4399    4559  (4274)    
   467 30.13 0.64 0.64           OU342972.1  13355730  13355886 (16502954) +               Kuruka     Unspecified    3583    3739  (5094)    
   593 34.46 1.39 1.39           OU342972.1  16131802  16132160 (13726680) +               Kuruka     Unspecified    3480    3838  (4995)    
   805 33.00 5.51 2.60           OU342972.1  16138680  16139351 (13719489) +               Kuruka     Unspecified    4068    4758  (4075)    
   957 33.65 2.46 2.62           OU342972.1  20442799  20443448 (9415392) C               Kuruka     Unspecified  (4075)    4758    4110    
   359 27.36 0.00 0.94           OU342972.1  20443482  20443588 (9415252) C               Kuruka     Unspecified  (5154)    3679    3574    
   242 30.25 2.46 2.46           OU342972.1  20676415  20676536 (9182304) +               Kuruka     Unspecified    4476    4597  (4236)    
   293 32.06 0.00 3.12           OU342972.1  20692827  20692958 (9165882) +               Kuruka     Unspecified    3573    3700  (5133)    
   311 31.33 2.34 2.94           OU342972.1  20696079  20696249 (9162591) +               Kuruka     Unspecified    4390    4559  (4274)    
   330 31.68 5.62 2.88           OU342972.1  20716463  20716800 (9142040) +               Kuruka     Unspecified    3465    3811  (5022)    
  1195 33.77 2.93 2.67           OU342972.1  21071378  21072162 (8786678) +               Kuruka     Unspecified    3810    4596  (4237)    
   235 27.75 5.48 6.21           OU342972.1  21238732  21238877 (8619963) +               Kuruka     Unspecified    4233    4377  (4456)    
  1707 35.44 1.90 1.55           OU342972.1  21326793  21327950 (8530890) +               Kuruka     Unspecified    3454    4615  (4218)    
  1458 35.29 3.00 2.03           OU342972.1  21518632  21519898 (8338942) +               Kuruka     Unspecified    3480    4758  (4075)    
   712 35.95 2.64 4.25           OU342972.1  22364265  22364909 (7493931) C               Kuruka     Unspecified  (4222)    4611    3977    
   309 33.83 0.75 0.75           OU342972.1  22365168  22365301 (7493539) C               Kuruka     Unspecified  (5115)    3718    3585    
   400 32.34 1.97 0.98           OU342972.1  24662015  24662217 (5196623) +               Kuruka     Unspecified    3481    3685  (5148)    
   408 30.21 0.71 0.71           OU342972.1  24788707  24788846 (5069994) +               Kuruka     Unspecified    3600    3739  (5094)    
   841 34.70 2.63 2.31           OU342972.1  25029233  25029878 (4828962) +               Kuruka     Unspecified    3933    4580  (4253)    
   273 29.79 2.08 2.08           OU342972.1  25057647  25057742 (4801098) C               Kuruka     Unspecified  (5154)    3679    3584    
   225 27.40 0.00 0.00           OU342972.1  25285468  25285540 (4573300) C               Kuruka     Unspecified  (4479)    4354    4282    
   312 34.13 2.41 5.22           OU342972.1  25364471  25364844 (4493996) C               Kuruka     Unspecified  (4275)    4558    4195    
  1382 35.78 1.75 1.93           OU342972.1  25445122  25446261 (4412579) C               Kuruka     Unspecified  (4185)    4648    3511    
   247 27.02 5.48 6.21           OU342972.1  25896468  25896613 (3962227) +               Kuruka     Unspecified    4233    4377  (4456)    
   456 39.04 1.03 1.03           OU342972.1  25927812  25928295 (3930545) +               Kuruka     Unspecified    3507    3990  (4843)    
   573 35.84 0.00 1.02           OU342972.1  25928689  25928984 (3929856) +               Kuruka     Unspecified    4292    4584  (4249)    
   225 27.20 0.00 3.70           OU342972.1  26317205  26317288 (3541552) +               Kuruka     Unspecified    2434    2514  (6319)    
   276 36.49 0.00 0.00           OU342972.1  26341687  26341834 (3517006) +               Kuruka     Unspecified    4012    4159  (4674)    
   376 33.33 3.19 3.19           OU342972.1  26446402  26446652 (3412188) +               Kuruka     Unspecified    4421    4671  (4162)    
   892 36.79 8.18 1.26           OU342972.1  26590237  26591348 (3267492) +               Kuruka     Unspecified    3461    4648  (4185)    
   290 32.32 3.36 3.80           OU342972.1  26742371  26742608 (3116232) C               Kuruka     Unspecified  (4313)    4520    4284    
   238 33.54 4.34 4.34           OU342972.1  26895349  26895694 (2963146) +               Kuruka     Unspecified    3987    4332  (4501)    
   687 35.15 3.10 4.72           OU342972.1  26931131  26931775 (2927065) C               Kuruka     Unspecified  (4222)    4611    3977    
   291 36.57 0.00 0.00           OU342972.1  26932034  26932167 (2926673) C               Kuruka     Unspecified  (5115)    3718    3585    
   305 35.82 0.00 0.00           OU342972.1  27080798  27080931 (2777909) +               Kuruka     Unspecified    3585    3718  (5115)    
   687 35.15 3.10 4.72           OU342972.1  27081190  27081834 (2777006) +               Kuruka     Unspecified    3977    4611  (4222)    
  1562 35.18 2.36 2.62           OU342972.1  27704963  27706150 (2152690) C               Kuruka     Unspecified  (4075)    4758    3574    
   266 33.83 0.75 0.75           OU342972.1  28863381  28863514 (995326) +               Kuruka     Unspecified    3585    3718  (5115)    
   484 34.77 3.41 5.04           OU342972.1  28863773  28864417 (994423) +               Kuruka     Unspecified    3977    4611  (4222)    
   399 33.05 3.35 3.78           OU342972.1  29202523  29202761 (656079) +               Kuruka     Unspecified    4266    4503  (4330)    
   689 32.22 7.68 2.43           OU342972.1  29598362  29598908 (259932) +               Kuruka     Unspecified    3437    4011  (4822)    
   353 32.84 4.27 1.85           OU342972.1  29705428  29705638 (153202) +               Kuruka     Unspecified    4198    4413  (4420)    
   329 35.07 0.00 0.00           OU342973.1     55065     55198 (29578119) +               Kuruka     Unspecified    3585    3718  (5115)    
   694 35.25 2.95 4.57           OU342973.1     55457     56101 (29577216) +               Kuruka     Unspecified    3977    4611  (4222)    
   516 33.92 3.55 4.30           OU342973.1    174592    175013 (29458304) +               Kuruka     Unspecified    3588    4006  (4827)    
   873 36.43 1.83 1.66           OU342973.1    175122    175721 (29457596) +               Kuruka     Unspecified    4052    4652  (4181)    
   311 34.96 3.64 3.26           OU342973.1    867558    867832 (28765485) C               Kuruka     Unspecified  (5097)    3736    3461    
   818 33.10 4.75 4.87           OU342973.1   3049860   3050764 (26582553) +               Kuruka     Unspecified    3756    4659  (4174)    
   345 34.22 3.98 1.73           OU342973.1   3538723   3538948 (26094369) +               Kuruka     Unspecified    4198    4428  (4405)    
  1576 35.21 2.18 2.62           OU342973.1   3952969   3954158 (25679159) +               Kuruka     Unspecified    3574    4758  (4075)    
   312 34.32 4.00 4.42           OU342973.1   6068034   6068283 (23565034) C               Kuruka     Unspecified  (4298)    4535    4287    
   273 29.83 4.71 5.33           OU342973.1   6195724   6195893 (23437424) C               Kuruka     Unspecified  (4456)    4377    4209    
   288 27.02 5.48 6.21           OU342973.1  11106180  11106325 (18526992) +               Kuruka     Unspecified    4233    4377  (4456)    
   245 34.51 0.67 3.42           OU342973.1  11531080  11531229 (18102088) +               Kuruka     Unspecified    4233    4378  (4455)    
   447 33.12 0.00 0.00           OU342973.1  15779794  15779950 (13853367) +               Kuruka     Unspecified    3583    3739  (5094)    
   261 30.40 6.88 2.54           OU342973.1  20686121  20686309 (8947008) +               Kuruka     Unspecified    4169    4365  (4468)    
  1508 34.40 2.89 3.25           OU342973.1  21244686  21245860 (8387457) +               Kuruka     Unspecified    3588    4758  (4075)    
   314 35.82 0.00 0.00           OU342973.1  22274993  22275126 (7358191) +               Kuruka     Unspecified    3585    3718  (5115)    
   724 35.95 2.64 4.25           OU342973.1  22276349  22276993 (7356324) +               Kuruka     Unspecified    3977    4611  (4222)    
   314 35.82 0.00 0.00           OU342973.1  23496130  23496263 (6137054) +               Kuruka     Unspecified    3585    3718  (5115)    
   692 35.47 3.10 4.72           OU342973.1  23496522  23497166 (6136151) +               Kuruka     Unspecified    3977    4611  (4222)    
   262 30.53 2.06 2.06           OU342973.1  26922537  26922633 (2710684) C               Kuruka     Unspecified  (5153)    3680    3584    
   728 35.78 2.64 4.25           OU342973.1  27693581  27694225 (1939092) C               Kuruka     Unspecified  (4222)    4611    3977    
   314 35.82 0.00 0.00           OU342973.1  27694484  27694617 (1938700) C               Kuruka     Unspecified  (5115)    3718    3585    
   384 36.00 2.14 2.14           OU342973.1  27751237  27751517 (1881800) +               Kuruka     Unspecified    3459    3739  (5094)    
   325 35.21 3.26 3.26           OU342973.1  29322023  29322298 (311019) C               Kuruka     Unspecified  (5097)    3736    3461    
   244 30.37 2.14 5.93           OU342973.1  29369998  29370137 (263180) C               Kuruka     Unspecified  (4223)    4610    4476    
   252 34.32 4.00 4.42           OU342973.1  29403244  29403493 (229824) +               Kuruka     Unspecified    4287    4535  (4298)    
   271 35.82 0.00 0.00           OU342973.1  29421771  29421904 (211413) +               Kuruka     Unspecified    3585    3718  (5115)    
   499 35.15 3.11 4.57           OU342973.1  29422163  29422806 (210511) +               Kuruka     Unspecified    3977    4611  (4222)    
   321 35.82 0.00 0.00           OU342973.1  29519998  29520131 (113186) +               Kuruka     Unspecified    3585    3718  (5115)    
   742 34.45 3.41 5.04           OU342973.1  29520390  29521034 (112283) +               Kuruka     Unspecified    3977    4611  (4222)    
   270 32.27 0.79 1.60           OU342974.1    191341    191466 (29314753) +               Kuruka     Unspecified    4282    4406  (4427)    
   327 35.74 3.00 3.00           OU342974.1    928863    929162 (28577057) +               Kuruka     Unspecified    4459    4758  (4075)    
   232 29.03 3.12 3.12           OU342974.1   2267521   2267616 (27238603) +               Kuruka     Unspecified    3584    3679  (5154)    
   285 34.93 0.00 0.00           OU342974.1   5373746   5373891 (24132328) C               Kuruka     Unspecified  (5108)    3725    3580    
   649 35.47 3.10 4.72           OU342974.1   7590277   7590921 (21915298) C               Kuruka     Unspecified  (4222)    4611    3977    
   301 33.83 0.75 0.75           OU342974.1   7591180   7591313 (21914906) C               Kuruka     Unspecified  (5115)    3718    3585    
  1148 36.40 3.34 1.99           OU342974.1   8993504   8994641 (20511578) C               Kuruka     Unspecified  (4069)    4764    3612    
   314 28.64 5.73 6.19           OU342974.1   9245731   9245957 (20260262) C               Kuruka     Unspecified  (4321)    4512    4287    
  1127 36.08 3.14 2.17           OU342974.1   9496031   9497081 (20009138) +               Kuruka     Unspecified    3583    4643  (4190)    
   297 32.84 4.27 1.85           OU342974.1  11743340  11743550 (17762669) C               Kuruka     Unspecified  (4420)    4413    4198    
  1100 35.47 1.82 1.69           OU342974.1  12872214  12873039 (16633180) C               Kuruka     Unspecified  (4075)    4758    3932    
   556 34.74 1.39 1.39           OU342974.1  12873133  12873491 (16632728) C               Kuruka     Unspecified  (4995)    3838    3480    
   368 31.40 4.18 6.79           OU342974.1  14830876  14831162 (14675057) +               Kuruka     Unspecified    4282    4561  (4272)    
   306 35.79 5.57 1.68           OU342974.1  15490966  15491252 (14014967) +               Kuruka     Unspecified    4224    4521  (4312)    
  1198 36.24 1.91 2.01           OU342974.1  22088385  22089378 (7416841) +               Kuruka     Unspecified    3588    4580  (4253)    
   327 34.43 2.76 2.29           OU342974.1  22808390  22808606 (6697613) C               Kuruka     Unspecified  (5160)    3673    3456    
   468 32.94 1.78 2.69           OU342974.1  28526801  28527137 (979082) +               Kuruka     Unspecified    4011    4344  (4489)    
   706 35.42 2.95 4.57           OU342974.1  28539489  28540133 (966086) C               Kuruka     Unspecified  (4222)    4611    3977    
   314 35.82 0.00 0.00           OU342974.1  28540392  28540525 (965694) C               Kuruka     Unspecified  (5115)    3718    3585    
  1399 35.18 2.63 3.10           OU342975.1    509319    510421 (28311261) C               Kuruka     Unspecified  (4162)    4671    3574    
   463 31.49 3.23 3.23           OU342975.1    784286    784564 (28037118) +               Kuruka     Unspecified    3461    3739  (5094)    
   250 26.47 0.00 0.00           OU342975.1    845537    845604 (27976078) C               Kuruka     Unspecified  (4479)    4354    4287    
  1273 33.33 2.65 2.01           OU342975.1   1265015   1265807 (27555875) C               Kuruka     Unspecified  (4456)    4377    3580    
   262 24.40 0.00 3.85           OU342975.1   1267107   1267187 (27554495) C               Kuruka     Unspecified  (6322)    2511    2434    
   295 34.74 4.00 4.42           OU342975.1   3462777   3463026 (25358656) C               Kuruka     Unspecified  (4298)    4535    4287    
   322 31.90 0.00 0.00           OU342975.1  10376018  10376133 (18445549) +               Kuruka     Unspecified    3580    3695  (5138)    
  1463 34.44 3.30 3.13           OU342975.1  10507878  10509058 (18312624) +               Kuruka     Unspecified    3582    4764  (4069)    
   318 40.08 2.23 2.61           OU342975.1  14973812  14974080 (13847602) C               Kuruka     Unspecified  (4297)    4536    4269    
   453 36.09 7.34 3.13           OU342975.1  15717227  15718207 (13103475) +               Kuruka     Unspecified    3533    4553  (4280)    
   359 36.43 1.41 1.41           OU342975.1  16187262  16187545 (12634137) C               Kuruka     Unspecified  (4190)    4643    4360    
   364 37.07 0.68 0.68           OU342975.1  16187554  16187849 (12633833) C               Kuruka     Unspecified  (4572)    4261    3966    
   458 32.23 1.80 1.80           OU342975.1  16188285  16188562 (12633120) C               Kuruka     Unspecified  (4999)    3834    3557    
   252 28.05 0.00 0.00           OU342975.1  16243839  16243920 (12577762) +               Kuruka     Unspecified    4273    4354  (4479)    
   326 35.21 3.26 3.26           OU342975.1  21647596  21647871 (7173811) +               Kuruka     Unspecified    3461    3736  (5097)    
   245 34.55 4.28 4.28           OU342975.1  24404742  24404998 (4416684) C               Kuruka     Unspecified  (4297)    4536    4280    
   249 30.40 6.88 2.54           OU342975.1  25850768  25850956 (2970726) C               Kuruka     Unspecified  (4468)    4365    4169    
   378 33.00 1.96 1.96           OU342975.1  26796456  26796659 (2025023) +               Kuruka     Unspecified    3956    4159  (4674)    
   450 30.77 0.64 0.64           OU342975.1  28641902  28642058 (179624) C               Kuruka     Unspecified  (5094)    3739    3583    
   450 30.77 0.64 0.64           OU342976.1     94558     94714 (27662773) +               Kuruka     Unspecified    3583    3739  (5094)    
  1539 36.00 2.48 3.00           OU342976.1    325258    326666 (27430821) +               Kuruka     Unspecified    3453    4854  (3979)    
   249 30.40 6.88 2.54           OU342976.1   5506497   5506685 (22250802) +               Kuruka     Unspecified    4169    4365  (4468)    
   312 34.32 4.00 4.42           OU342976.1   8296350   8296599 (19460888) C               Kuruka     Unspecified  (4298)    4535    4287    
   273 35.17 1.36 1.36           OU342976.1   8665415   8665561 (19091926) C               Kuruka     Unspecified  (4479)    4354    4208    
   662 35.31 3.10 4.72           OU342976.1   9556036   9556680 (18200807) C               Kuruka     Unspecified  (4222)    4611    3977    
   305 35.82 0.00 0.00           OU342976.1   9556939   9557072 (18200415) C               Kuruka     Unspecified  (5115)    3718    3585    
   256 33.81 5.73 4.24           OU342976.1  15077590  15077938 (12679549) C               Kuruka     Unspecified  (4313)    4520    4167    
   307 34.32 4.00 4.42           OU342976.1  17332773  17333022 (10424465) C               Kuruka     Unspecified  (4298)    4535    4287    
   238 25.59 3.16 5.38           OU342976.1  18834785  18834879 (8922608) C               Kuruka     Unspecified  (4707)    4126    4034    
   249 30.40 6.88 2.54           OU342976.1  23293283  23293471 (4464016) C               Kuruka     Unspecified  (4468)    4365    4169    
   307 34.32 4.00 4.42           OU342976.1  23562374  23562623 (4194864) C               Kuruka     Unspecified  (4298)    4535    4287    
   251 24.48 3.16 5.38           OU342976.1  24362104  24362198 (3395289) +               Kuruka     Unspecified    4034    4126  (4707)    
   352 36.20 0.00 0.00           OU342976.1  24728861  24729023 (3028464) C               Kuruka     Unspecified  (5091)    3742    3580    
   352 36.20 0.00 0.00           OU342976.1  24750787  24750949 (3006538) C               Kuruka     Unspecified  (5091)    3742    3580    
   249 30.40 6.88 2.54           OU342976.1  25516090  25516278 (2241209) C               Kuruka     Unspecified  (4468)    4365    4169    
   305 35.82 0.00 0.00           OU342976.1  26165891  26166024 (1591463) +               Kuruka     Unspecified    3585    3718  (5115)    
   701 34.98 3.10 4.72           OU342976.1  26166283  26166927 (1590560) +               Kuruka     Unspecified    3977    4611  (4222)    
  1371 36.41 2.86 2.64           OU342976.1  27665750  27667148  (90339) C               Kuruka     Unspecified  (3979)    4854    3453    
  1095 35.49 2.49 2.61           OU342976.1  27681017  27681861  (75626) C               Kuruka     Unspecified  (4402)    4431    3588    
   553 32.67 4.73 4.87           OU342977.1    139642    140381 (26787210) +               Kuruka     Unspecified    3932    4670  (4163)    
   406 27.36 5.08 5.53           OU342977.1    220475    220710 (26706881) C               Kuruka     Unspecified  (4312)    4521    4287    
   234 29.79 2.08 2.08           OU342977.1    281859    281954 (26645637) C               Kuruka     Unspecified  (5154)    3679    3584    
   231 25.69 0.85 3.51           OU342977.1    404989    405105 (26522486) C               Kuruka     Unspecified  (5128)    3705    3592    
   670 35.74 2.95 4.41           OU342977.1    486353    486996 (26440595) C               Kuruka     Unspecified  (4222)    4611    3977    
   253 33.60 7.20 0.00           OU342977.1    487255    487379 (26440212) C               Kuruka     Unspecified  (5115)    3718    3585    
  1487 35.91 2.27 2.85           OU342977.1    639929    641338 (26286253) +               Kuruka     Unspecified    3453    4854  (3979)    
   250 35.99 4.00 4.42           OU342977.1    759674    759923 (26167668) +               Kuruka     Unspecified    4287    4535  (4298)    
  1553 35.10 2.35 2.78           OU342977.1    863410    864599 (26062992) C               Kuruka     Unspecified  (4075)    4758    3574    
  1220 34.21 4.45 4.12           OU342977.1   3392677   3393935 (23533656) +               Kuruka     Unspecified    3588    4850  (3983)    
  1527 35.18 2.35 2.78           OU342977.1   4769092   4770281 (22157310) C               Kuruka     Unspecified  (4075)    4758    3574    
   403 34.01 3.12 3.53           OU342977.1   5774826   5775081 (21152510) +               Kuruka     Unspecified    4266    4520  (4313)    
   256 36.19 1.41 1.41           OU342977.1   6565333   6565545 (20362046) +               Kuruka     Unspecified    3617    3829  (5004)    
  1198 36.24 1.91 2.01           OU342977.1  15504245  15505238 (11422353) C               Kuruka     Unspecified  (4253)    4580    3588    
   375 38.18 3.69 3.33           OU342977.1  17293864  17294432 (9633159) C               Kuruka     Unspecified  (4390)    4443    3873    
  1477 34.54 2.81 3.16           OU342977.1  19646881  19648055 (7279536) +               Kuruka     Unspecified    3588    4758  (4075)    
  1547 35.10 2.35 2.78           OU342977.1  21120356  21121545 (5806046) +               Kuruka     Unspecified    3574    4758  (4075)    
  1523 35.55 2.21 2.56           OU342977.1  26333063  26334237 (593354) C               Kuruka     Unspecified  (4075)    4758    3588    
   305 35.82 0.00 0.00           OU342978.1   5171300   5171433 (21699351) +               Kuruka     Unspecified    3585    3718  (5115)    
   687 35.15 3.10 4.72           OU342978.1   5171692   5172336 (21698448) +               Kuruka     Unspecified    3977    4611  (4222)    
   305 35.82 0.00 0.00           OU342978.1   6130520   6130653 (20740131) +               Kuruka     Unspecified    3585    3718  (5115)    
   687 35.15 3.10 4.72           OU342978.1   6130912   6131556 (20739228) +               Kuruka     Unspecified    3977    4611  (4222)    
   451 32.94 1.78 2.69           OU342978.1   8967609   8967945 (17902839) C               Kuruka     Unspecified  (4489)    4344    4011    
  1498 34.38 2.77 3.21           OU342978.1   9527525   9528714 (17342070) C               Kuruka     Unspecified  (4075)    4758    3574    
   247 30.85 2.08 2.08           OU342978.1  11608359  11608454 (15262330) C               Kuruka     Unspecified  (5154)    3679    3584    
   278 28.14 5.29 5.92           OU342978.1  11749000  11749169 (15121615) C               Kuruka     Unspecified  (4456)    4377    4209    
   307 34.32 4.00 4.42           OU342978.1  14782698  14782947 (12087837) +               Kuruka     Unspecified    4287    4535  (4298)    
   687 35.15 3.10 4.72           OU342978.1  15041744  15042388 (11828396) C               Kuruka     Unspecified  (4222)    4611    3977    
   305 35.82 0.00 0.00           OU342978.1  15042647  15042780 (11828004) C               Kuruka     Unspecified  (5115)    3718    3585    
   251 32.80 2.34 2.34           OU342978.1  15049753  15049880 (11820904) +               Kuruka     Unspecified    3955    4082  (4751)    
   312 34.32 4.00 4.42           OU342978.1  15254037  15254286 (11616498) C               Kuruka     Unspecified  (4298)    4535    4287    
   511 33.64 0.93 0.93           OU342978.1  21454960  21455175 (5415609) +               Kuruka     Unspecified    3933    4148  (4685)    
  1198 36.24 1.91 2.01           OU342978.1  22714568  22715561 (4155223) C               Kuruka     Unspecified  (4253)    4580    3588    
  1198 36.24 1.91 2.01           OU342978.1  22726655  22727648 (4143136) +               Kuruka     Unspecified    3588    4580  (4253)    
   273 29.83 4.71 5.33           OU342978.1  22877491  22877660 (3993124) +               Kuruka     Unspecified    4209    4377  (4456)    
   333 32.91 3.33 3.77           OU342979.1    187168    187407 (26353744) C               Kuruka     Unspecified  (4313)    4520    4282    
   709 35.21 3.26 4.88           OU342979.1   2783545   2784189 (23756962) C               Kuruka     Unspecified  (4222)    4611    3977    
   314 35.82 0.00 0.00           OU342979.1   2784448   2784581 (23756570) C               Kuruka     Unspecified  (5115)    3718    3585    
   243 30.85 2.08 2.08           OU342979.1   2892532   2892627 (23648524) +               Kuruka     Unspecified    3584    3679  (5154)    
   314 35.82 0.00 0.00           OU342979.1   4621614   4621747 (21919404) +               Kuruka     Unspecified    3585    3718  (5115)    
   685 36.27 2.64 4.25           OU342979.1   4622006   4622650 (21918501) +               Kuruka     Unspecified    3977    4611  (4222)    
   708 35.36 5.20 1.29           OU342979.1   6630927   6631522 (19909629) +               Kuruka     Unspecified    3927    4545  (4288)    
   498 35.42 2.95 4.57           OU342979.1   8628201   8628845 (17912306) C               Kuruka     Unspecified  (4222)    4611    3977    
   266 33.83 0.75 0.75           OU342979.1   8629104   8629237 (17911914) C               Kuruka     Unspecified  (5115)    3718    3585    
   267 29.83 4.71 5.33           OU342979.1   9201366   9201535 (17339616) C               Kuruka     Unspecified  (4456)    4377    4209    
   361 34.87 2.87 3.19           OU342979.1  10304268  10304581 (16236570) +               Kuruka     Unspecified    4224    4536  (4297)    
   290 29.21 4.71 5.33           OU342979.1  11469022  11469191 (15071960) C               Kuruka     Unspecified  (4456)    4377    4209    
   462 29.68 1.27 1.27           OU342979.1  11580601  11580757 (14960394) +               Kuruka     Unspecified    3583    3739  (5094)    
  1545 36.24 1.72 2.19           OU342979.1  12489899  12491001 (14050150) C               Kuruka     Unspecified  (4162)    4671    3574    
   853 33.11 3.17 3.17           OU342979.1  12674650  12675279 (13865872) +               Kuruka     Unspecified    3610    4239  (4594)    
   590 34.41 6.09 1.46           OU342979.1  12682681  12683140 (13858011) +               Kuruka     Unspecified    4278    4758  (4075)    
   247 24.48 3.16 5.38           OU342979.1  13560355  13560449 (12980702) +               Kuruka     Unspecified    4034    4126  (4707)    
   322 35.07 0.00 0.00           OU342979.1  17178019  17178152 (9362999) +               Kuruka     Unspecified    3585    3718  (5115)    
   702 34.98 3.10 4.72           OU342979.1  17178411  17179055 (9362096) +               Kuruka     Unspecified    3977    4611  (4222)    
   358 28.63 7.64 4.32           OU342979.1  18345293  18345449 (8195702) +               Kuruka     Unspecified    4282    4443  (4390)    
  1379 35.86 1.98 2.07           OU342979.1  22061898  22062959 (4478192) +               Kuruka     Unspecified    3583    4643  (4190)    
   305 35.82 0.00 0.00           OU342979.1  23662410  23662543 (2878608) +               Kuruka     Unspecified    3585    3718  (5115)    
   660 34.77 3.42 4.88           OU342979.1  23662802  23663445 (2877706) +               Kuruka     Unspecified    3977    4611  (4222)    
   326 35.21 3.26 3.26           OU342979.1  25642995  25643270 (897881) +               Kuruka     Unspecified    3461    3736  (5097)    
   314 35.82 0.00 0.00           OU342980.1   7163127   7163260 (17907339) +               Kuruka     Unspecified    3585    3718  (5115)    
   709 36.10 2.64 4.25           OU342980.1   7163519   7164163 (17906436) +               Kuruka     Unspecified    3977    4611  (4222)    
   724 35.95 2.64 4.25           OU342980.1   7170539   7171183 (17899416) C               Kuruka     Unspecified  (4222)    4611    3977    
   331 35.07 0.00 0.00           OU342980.1   7171442   7171575 (17899024) C               Kuruka     Unspecified  (5115)    3718    3585    
  1576 35.23 2.30 2.65           OU342980.1   7459381   7460555 (17610044) +               Kuruka     Unspecified    3588    4758  (4075)    
   305 35.82 0.00 0.00           OU342980.1   8179996   8180129 (16890470) +               Kuruka     Unspecified    3585    3718  (5115)    
   653 35.31 3.10 4.72           OU342980.1   8180388   8181032 (16889567) +               Kuruka     Unspecified    3977    4611  (4222)    
   305 35.82 0.00 0.00           OU342980.1   9018016   9018149 (16052450) +               Kuruka     Unspecified    3585    3718  (5115)    
   626 35.70 3.11 4.73           OU342980.1   9018408   9019051 (16051548) +               Kuruka     Unspecified    3977    4610  (4223)    
  1494 34.48 2.89 3.25           OU342980.1  11518275  11519449 (13551150) +               Kuruka     Unspecified    3588    4758  (4075)    
   411 34.01 3.12 3.53           OU342980.1  13080444  13080699 (11989900) +               Kuruka     Unspecified    4266    4520  (4313)    
   739 35.78 2.64 4.25           OU342980.1  14158904  14159548 (10911051) C               Kuruka     Unspecified  (4222)    4611    3977    
   314 35.82 0.00 0.00           OU342980.1  14159807  14159940 (10910659) C               Kuruka     Unspecified  (5115)    3718    3585    
   243 30.85 2.08 2.08           OU342980.1  15146271  15146366 (9924233) +               Kuruka     Unspecified    3584    3679  (5154)    
  1184 34.68 2.81 3.28           OU342980.1  20284613  20285715 (4784884) C               Kuruka     Unspecified  (4162)    4671    3574    
   314 35.82 0.00 0.00           OU342980.1  20462847  20462980 (4607619) +               Kuruka     Unspecified    3585    3718  (5115)    
   725 35.95 2.64 4.25           OU342980.1  20463239  20463883 (4606716) +               Kuruka     Unspecified    3977    4611  (4222)    
  1727 35.24 2.37 2.29           OU342980.1  21083013  21084322 (3986277) C               Kuruka     Unspecified  (4069)    4764    3454    
   627 32.85 0.00 0.00           OU342980.1  24308376  24308652 (761947) +               Kuruka     Unspecified    3592    3868  (4965)    
   259 34.15 3.74 4.23           OU342980.1  24408052  24408265 (662334) C               Kuruka     Unspecified  (4313)    4520    4308    
  1242 33.83 3.19 0.81           OU342980.1  24604765  24605485 (465114) C               Kuruka     Unspecified  (4163)    4670    3933    
   238 25.68 0.00 3.85           OU342980.1  24607181  24607261 (463338) C               Kuruka     Unspecified  (6322)    2511    2434    
   319 33.50 1.96 1.96           OU342981.1    172313    172516 (24758428) +               Kuruka     Unspecified    3956    4159  (4674)    
  1759 33.94 2.83 3.48           OU342981.1   3271559   3272831 (21658113) +               Kuruka     Unspecified    3583    4847  (3986)    
  1198 36.24 1.91 2.01           OU342981.1   3854268   3855261 (21075683) C               Kuruka     Unspecified  (4253)    4580    3588    
   711 32.13 5.10 4.81           OU342981.1   3943712   3944437 (20986507) C               Kuruka     Unspecified  (4174)    4659    3932    
   451 32.94 1.78 2.69           OU342981.1   4469946   4470282 (20460662) +               Kuruka     Unspecified    4011    4344  (4489)    
   704 34.98 3.10 4.72           OU342981.1   6721725   6722369 (18208575) C               Kuruka     Unspecified  (4222)    4611    3977    
   305 35.82 0.00 0.00           OU342981.1   6722628   6722761 (18208183) C               Kuruka     Unspecified  (5115)    3718    3585    
  1198 36.24 1.91 2.01           OU342981.1   8822544   8823537 (16107407) +               Kuruka     Unspecified    3588    4580  (4253)    
   786 36.13 3.76 2.57           OU342981.1   9022071   9023107 (15907837) +               Kuruka     Unspecified    3586    4634  (4199)    
   226 30.01 4.08 4.79           OU342981.1   9053356   9053502 (15877442) +               Kuruka     Unspecified    4232    4377  (4456)    
   270 24.19 0.00 0.00           OU342981.1   9068916   9068977 (15861967) +               Kuruka     Unspecified    4459    4520  (4313)    
   281 32.84 0.00 3.12           OU342981.1   9315941   9316072 (15614872) +               Kuruka     Unspecified    3573    3700  (5133)    
   246 33.18 3.12 3.12           OU342981.1   9316317   9316540 (15614404) +               Kuruka     Unspecified    3948    4171  (4662)    
   291 34.89 2.04 2.04           OU342981.1   9316734   9316929 (15614015) +               Kuruka     Unspecified    4364    4559  (4274)    
  1249 36.35 2.28 2.86           OU342981.1   9676134   9677362 (15253582) C               Kuruka     Unspecified  (3979)    4854    3633    
   767 35.47 4.17 2.67           OU342981.1   9737426   9738384 (15192560) C               Kuruka     Unspecified  (4275)    4558    3586    
  1456 33.92 3.89 2.59           OU342981.1   9883402   9884430 (15046514) C               Kuruka     Unspecified  (4073)    4760    3719    
  1485 34.38 2.77 3.21           OU342981.1  14296374  14297563 (10633381) +               Kuruka     Unspecified    3574    4758  (4075)    
   901 35.83 3.76 2.57           OU342981.1  14328326  14329362 (10601582) +               Kuruka     Unspecified    3586    4634  (4199)    
  1458 34.47 2.77 3.21           OU342981.1  14627661  14628850 (10302094) +               Kuruka     Unspecified    3574    4758  (4075)    
  1541 35.55 2.18 2.62           OU342981.1  14697051  14698240 (10232704) C               Kuruka     Unspecified  (4075)    4758    3574    
  1541 35.46 2.21 2.56           OU342981.1  14703500  14704674 (10226270) +               Kuruka     Unspecified    3588    4758  (4075)    
   312 34.32 4.00 4.42           OU342981.1  15789812  15790061 (9140883) C               Kuruka     Unspecified  (4298)    4535    4287    
   273 29.83 4.71 5.33           OU342981.1  17371171  17371340 (7559604) +               Kuruka     Unspecified    4209    4377  (4456)    
   233 25.59 3.16 5.38           OU342981.1  17990254  17990348 (6940596) C               Kuruka     Unspecified  (4707)    4126    4034    
  1541 35.46 2.21 2.56           OU342981.1  20784218  20785392 (4145552) +               Kuruka     Unspecified    3588    4758  (4075)    
   361 34.65 1.23 3.80           OU342981.1  21290758  21291000 (3639944) C               Kuruka     Unspecified  (4455)    4378    4142    
   554 35.71 0.94 3.37           OU342981.1  23815197  23815622 (1115322) +               Kuruka     Unspecified    4196    4611  (4222)    
   319 35.24 1.41 1.41           OU342981.1  24447169  24447381 (483563) C               Kuruka     Unspecified  (5004)    3829    3617    
  1491 34.38 2.77 3.21           OU342982.1    487790    488979 (24106355) C               Kuruka     Unspecified  (4075)    4758    3574    
   350 35.21 3.26 3.26           OU342982.1   3751276   3751551 (20843783) +               Kuruka     Unspecified    3461    3736  (5097)    
   233 25.59 3.16 5.38           OU342982.1   5063852   5063946 (19531388) C               Kuruka     Unspecified  (4707)    4126    4034    
   267 23.37 3.16 5.38           OU342982.1   5069217   5069311 (19526023) C               Kuruka     Unspecified  (4707)    4126    4034    
   247 24.48 3.16 5.38           OU342982.1   5074564   5074658 (19520676) C               Kuruka     Unspecified  (4707)    4126    4034    
  1551 35.69 2.02 2.40           OU342982.1   8635746   8636833 (15958501) +               Kuruka     Unspecified    3588    4671  (4162)    
   249 30.40 6.88 2.54           OU342982.1  14869406  14869594 (9725740) C               Kuruka     Unspecified  (4468)    4365    4169    
   677 35.15 3.10 4.72           OU342982.1  14971647  14972291 (9623043) C               Kuruka     Unspecified  (4222)    4611    3977    
   305 35.82 0.00 0.00           OU342982.1  14972550  14972683 (9622651) C               Kuruka     Unspecified  (5115)    3718    3585    
   294 35.82 0.00 0.00           OU342982.1  16585349  16585482 (8009852) +               Kuruka     Unspecified    3585    3718  (5115)    
   667 35.15 3.10 4.72           OU342982.1  16585772  16586416 (8008918) +               Kuruka     Unspecified    3977    4611  (4222)    
   348 28.26 0.00 0.00           OU342982.1  16759404  16759495 (7835839) +               Kuruka     Unspecified    3588    3679  (5154)    
   496 34.65 9.00 1.87           OU342982.1  16762842  16763441 (7831893) +               Kuruka     Unspecified    3708    4349  (4484)    
  1411 35.75 1.93 1.85           OU342982.1  19785228  19786364 (4808970) C               Kuruka     Unspecified  (4185)    4648    3511    
   724 35.95 2.64 4.25           OU342982.1  19813360  19814004 (4781330) C               Kuruka     Unspecified  (4222)    4611    3977    
   314 35.82 0.00 0.00           OU342982.1  19814263  19814396 (4780938) C               Kuruka     Unspecified  (5115)    3718    3585    
   303 35.24 1.40 1.88           OU342982.1  20245522  20245735 (4349599) +               Kuruka     Unspecified    4308    4520  (4313)    
  1373 35.74 2.37 2.46           OU342982.1  20280686  20281824 (4313510) C               Kuruka     Unspecified  (4185)    4648    3511    
   342 35.67 0.00 0.00           OU342982.1  22587168  22587324 (2008010) C               Kuruka     Unspecified  (5097)    3736    3580    
   313 32.38 4.98 4.98           OU342983.1     20917     21137 (21925252) C               Kuruka     Unspecified  (5160)    3673    3453    
   309 33.83 0.75 0.75           OU342983.1   2436253   2436386 (19510003) +               Kuruka     Unspecified    3585    3718  (5115)    
   748 35.95 2.64 4.25           OU342983.1   2436645   2437289 (19509100) +               Kuruka     Unspecified    3977    4611  (4222)    
   353 26.83 0.00 0.00           OU342983.1   2580630   2580711 (19365678) +               Kuruka     Unspecified    3610    3691  (5142)    
   972 33.39 1.95 2.14           OU342983.1   2580728   2581241 (19365148) +               Kuruka     Unspecified    3932    4444  (4389)    
   314 35.82 0.00 0.00           OU342983.1   2852749   2852882 (19093507) +               Kuruka     Unspecified    3585    3718  (5115)    
   724 35.95 2.64 4.25           OU342983.1   2853141   2853785 (19092604) +               Kuruka     Unspecified    3977    4611  (4222)    
   283 29.11 5.73 6.19           OU342983.1   3633836   3634062 (18312327) +               Kuruka     Unspecified    4287    4512  (4321)    
   646 35.10 3.42 4.72           OU342983.1   4554554   4555196 (17391193) C               Kuruka     Unspecified  (4222)    4611    3977    
   305 35.82 0.00 0.00           OU342983.1   4555455   4555588 (17390801) C               Kuruka     Unspecified  (5115)    3718    3585    
   306 37.36 0.52 0.52           OU342983.1   9471352   9471542 (12474847) C               Kuruka     Unspecified  (4222)    4611    4421    
   229 33.13 4.60 4.60           OU342983.1   9471631   9471804 (12474585) C               Kuruka     Unspecified  (4683)    4150    3977    
   305 35.82 0.00 0.00           OU342983.1   9472063   9472196 (12474193) C               Kuruka     Unspecified  (5115)    3718    3585    
   287 31.62 0.00 0.00           OU342983.1  11112476  11112592 (10833797) +               Kuruka     Unspecified    3575    3691  (5142)    
   247 27.02 5.48 6.21           OU342983.1  13214104  13214249 (8732140) C               Kuruka     Unspecified  (4456)    4377    4233    
   247 27.02 5.48 6.21           OU342983.1  13220837  13220982 (8725407) C               Kuruka     Unspecified  (4456)    4377    4233    
  1262 34.57 2.57 2.95           OU342983.1  13228974  13230061 (8716328) +               Kuruka     Unspecified    3588    4671  (4162)    
   228 30.01 4.08 4.79           OU342983.1  14606524  14606670 (7339719) +               Kuruka     Unspecified    4232    4377  (4456)    
   499 35.42 2.95 4.57           OU342983.1  15267217  15267861 (6678528) C               Kuruka     Unspecified  (4222)    4611    3977    
   265 33.83 0.75 0.75           OU342983.1  15268120  15268253 (6678136) C               Kuruka     Unspecified  (5115)    3718    3585    
   275 29.83 4.71 5.33           OU342983.1  18054022  18054191 (3892198) C               Kuruka     Unspecified  (4456)    4377    4209    
  1401 36.93 2.06 2.57           OU342983.1  20036184  20037592 (1908797) C               Kuruka     Unspecified  (3979)    4854    3453    
   229 32.98 1.05 1.05           OU342983.1  20270877  20270971 (1675418) C               Kuruka     Unspecified  (5154)    3679    3585    
  1141 36.07 1.40 1.49           OU342984.1    909328    910402 (20142029) +               Kuruka     Unspecified    3575    4648  (4185)    
   503 35.10 3.41 5.04           OU342984.1   1064256   1064900 (19987531) C               Kuruka     Unspecified  (4222)    4611    3977    
   700 34.98 3.10 4.72           OU342984.1   5246047   5246691 (15805740) C               Kuruka     Unspecified  (4222)    4611    3977    
   305 35.82 0.00 0.00           OU342984.1   5246950   5247083 (15805348) C               Kuruka     Unspecified  (5115)    3718    3585    
   351 34.74 2.29 2.29           OU342984.1   6735332   6735549 (14316882) +               Kuruka     Unspecified    3456    3673  (5160)    
   402 32.91 3.33 3.77           OU342984.1   7457502   7457741 (13594690) +               Kuruka     Unspecified    4282    4520  (4313)    
   402 32.91 3.33 3.77           OU342984.1   7469864   7470103 (13582328) +               Kuruka     Unspecified    4282    4520  (4313)    
   292 35.47 4.56 4.88           OU342984.1   7552027   7552355 (13500076) C               Kuruka     Unspecified  (4298)    4535    4208    
   247 24.48 3.16 5.38           OU342984.1   7847824   7847918 (13204513) +               Kuruka     Unspecified    4034    4126  (4707)    
   481 32.87 1.68 1.68           OU342984.1   9648997   9649293 (11403138) +               Kuruka     Unspecified    3488    3784  (5049)    
   702 34.98 3.10 4.72           OU342984.1  13499488  13500132 (7552299) C               Kuruka     Unspecified  (4222)    4611    3977    
   322 35.07 0.00 0.00           OU342984.1  13500391  13500524 (7551907) C               Kuruka     Unspecified  (5115)    3718    3585    
   326 35.21 3.26 3.26           OU342984.1  17181413  17181688 (3870743) C               Kuruka     Unspecified  (5097)    3736    3461    
   239 25.59 3.16 5.38           OU342984.1  17438286  17438380 (3614051) C               Kuruka     Unspecified  (4707)    4126    4034    
   321 35.82 0.00 0.00           OU342984.1  20773609  20773742 (278689) +               Kuruka     Unspecified    3585    3718  (5115)    
   742 34.45 3.41 5.04           OU342984.1  20774001  20774645 (277786) +               Kuruka     Unspecified    3977    4611  (4222)    
   230 33.20 2.30 4.23           OU342985.1   1798548   1798764 (19053030) +               Kuruka     Unspecified    4175    4387  (4446)    
   276 29.27 0.00 0.00           OU342985.1   2513244   2513325 (18338469) +               Kuruka     Unspecified    4273    4354  (4479)    
   453 33.23 1.78 2.69           OU342985.1   6246676   6247012 (14604782) +               Kuruka     Unspecified    4011    4344  (4489)    
   247 24.48 3.16 5.38           OU342985.1   8709514   8709608 (12142186) +               Kuruka     Unspecified    4034    4126  (4707)    
   247 18.87 1.89 0.00           OU342985.1   9146363   9146415 (11705379) C               Kuruka     Unspecified  (4506)    4327    4274    
   241 25.68 0.00 3.85           OU342985.1  13395373  13395453 (7456341) +               Kuruka     Unspecified    2434    2511  (6322)    
  1733 34.17 2.08 1.57           OU342985.1  13397080  13398090 (7453704) +               Kuruka     Unspecified    3655    4670  (4163)    
   724 35.95 2.64 4.25           OU342985.1  16419512  16420156 (4431638) C               Kuruka     Unspecified  (4222)    4611    3977    
   314 35.82 0.00 0.00           OU342985.1  16420415  16420548 (4431246) C               Kuruka     Unspecified  (5115)    3718    3585    
   350 33.95 2.71 2.71           OU342986.1    424091    424311 (19441857) +               Kuruka     Unspecified    3453    3673  (5160)    
   297 32.84 4.27 1.85           OU342986.1   1364333   1364543 (18501625) +               Kuruka     Unspecified    4198    4413  (4420)    
   351 34.74 2.29 2.29           OU342986.1   2442692   2442909 (17423259) +               Kuruka     Unspecified    3456    3673  (5160)    
   230 28.54 7.81 1.47           OU342986.1   3018189   3018316 (16847852) +               Kuruka     Unspecified    4230    4365  (4468)    
   304 29.58 5.73 6.19           OU342986.1   4505859   4506085 (15360083) C               Kuruka     Unspecified  (4321)    4512    4287    
   285 29.21 4.71 5.33           OU342986.1   6428460   6428629 (13437539) +               Kuruka     Unspecified    4209    4377  (4456)    
   271 35.82 0.00 0.00           OU342986.1   8477193   8477326 (11388842) +               Kuruka     Unspecified    3585    3718  (5115)    
   523 35.25 2.95 4.57           OU342986.1   8477585   8478229 (11387939) +               Kuruka     Unspecified    3977    4611  (4222)    
   925 34.75 1.01 1.17           OU342986.1   9334345   9334941 (10531227) C               Kuruka     Unspecified  (4306)    4527    3932    
   627 33.62 1.39 1.39           OU342986.1   9335005   9335363 (10530805) C               Kuruka     Unspecified  (4995)    3838    3480    
   891 35.08 1.01 1.17           OU342986.1   9351398   9351994 (10514174) C               Kuruka     Unspecified  (4306)    4527    3932    
   607 33.90 1.39 1.39           OU342986.1   9352058   9352416 (10513752) C               Kuruka     Unspecified  (4995)    3838    3480    
   884 35.08 1.01 1.17           OU342986.1   9359671   9360267 (10505901) C               Kuruka     Unspecified  (4306)    4527    3932    
   627 33.62 1.39 1.39           OU342986.1   9360331   9360689 (10505479) C               Kuruka     Unspecified  (4995)    3838    3480    
   925 34.75 1.01 1.17           OU342986.1   9369338   9369934 (10496234) C               Kuruka     Unspecified  (4306)    4527    3932    
   627 33.62 1.39 1.39           OU342986.1   9369998   9370356 (10495812) C               Kuruka     Unspecified  (4995)    3838    3480    
   888 35.08 1.01 1.17           OU342986.1   9385803   9386399 (10479769) C               Kuruka     Unspecified  (4306)    4527    3932    
   604 33.90 1.39 1.39           OU342986.1   9386463   9386821 (10479347) C               Kuruka     Unspecified  (4995)    3838    3480    
   925 34.75 1.01 1.17           OU342986.1   9395471   9396067 (10470101) C               Kuruka     Unspecified  (4306)    4527    3932    
   627 33.62 1.39 1.39           OU342986.1   9396131   9396489 (10469679) C               Kuruka     Unspecified  (4995)    3838    3480    
   374 33.77 3.98 1.73           OU342986.1  10608091  10608316 (9257852) C               Kuruka     Unspecified  (4405)    4428    4198    
   307 34.32 4.00 4.42           OU342986.1  11847408  11847657 (8018511) +               Kuruka     Unspecified    4287    4535  (4298)    
   233 25.59 3.16 5.38           OU342986.1  12146710  12146804 (7719364) +               Kuruka     Unspecified    4034    4126  (4707)    
  1935 33.33 2.39 2.02           OU342986.1  12336652  12337738 (7528430) C               Kuruka     Unspecified  (4163)    4670    3580    
  1481 35.96 2.16 2.24           OU342986.1  13917426  13918674 (5947494) C               Kuruka     Unspecified  (4075)    4758    3511    
  1787 35.19 2.44 2.29           OU342986.1  14623555  14624863 (5241305) C               Kuruka     Unspecified  (4069)    4764    3454    
   326 34.76 1.41 1.41           OU342986.1  17600292  17600504 (2265664) C               Kuruka     Unspecified  (5004)    3829    3617    
   381 30.88 0.67 0.67           OU342987.1    466422    466571 (19032818) C               Kuruka     Unspecified  (5094)    3739    3590    
   277 28.05 0.00 0.00           OU342987.1   1186034   1186115 (18313274) C               Kuruka     Unspecified  (4479)    4354    4273    
   314 35.82 0.00 0.00           OU342987.1   2444008   2444141 (17055248) +               Kuruka     Unspecified    3585    3718  (5115)    
   724 35.95 2.64 4.25           OU342987.1   2444400   2445044 (17054345) +               Kuruka     Unspecified    3977    4611  (4222)    
   246 28.40 1.23 0.00           OU342987.1   4614181   4614261 (14885128) C               Kuruka     Unspecified  (4479)    4354    4273    
   261 29.79 2.08 2.08           OU342987.1   6018026   6018121 (13481268) +               Kuruka     Unspecified    3584    3679  (5154)    
   419 33.61 3.12 3.53           OU342987.1  10456832  10457087 (9042302) C               Kuruka     Unspecified  (4313)    4520    4266    
   671 35.31 3.10 4.72           OU342987.1  11359763  11360407 (8138982) C               Kuruka     Unspecified  (4222)    4611    3977    
   305 35.82 0.00 0.00           OU342987.1  11360666  11360799 (8138590) C               Kuruka     Unspecified  (5115)    3718    3585    
   650 35.04 3.26 4.72           OU342987.1  11367688  11368331 (8131058) C               Kuruka     Unspecified  (4222)    4611    3977    
   301 33.83 0.75 0.75           OU342987.1  11368590  11368723 (8130666) C               Kuruka     Unspecified  (5115)    3718    3585    
   650 35.04 3.26 4.72           OU342987.1  11375604  11376247 (8123142) C               Kuruka     Unspecified  (4222)    4611    3977    
   301 33.83 0.75 0.75           OU342987.1  11376506  11376639 (8122750) C               Kuruka     Unspecified  (5115)    3718    3585    
   305 35.82 0.00 0.00           OU342987.1  13082367  13082500 (6416889) +               Kuruka     Unspecified    3585    3718  (5115)    
   667 35.15 3.10 4.72           OU342987.1  13082759  13083403 (6415986) +               Kuruka     Unspecified    3977    4611  (4222)    
   250 26.47 0.00 0.00           OU342987.1  14672079  14672146 (4827243) +               Kuruka     Unspecified    4287    4354  (4479)    
   247 24.48 3.16 5.38           OU342987.1  14955208  14955302 (4544087) C               Kuruka     Unspecified  (4707)    4126    4034    
   226 30.01 4.08 4.79           OU342987.1  15987973  15988119 (3511270) +               Kuruka     Unspecified    4232    4377  (4456)    
   249 30.40 6.88 2.54           OU342987.1  17130599  17130787 (2368602) C               Kuruka     Unspecified  (4468)    4365    4169    
   373 30.05 5.62 4.32           OU342988.1   3380282   3380441 (13600162) +               Kuruka     Unspecified    4282    4443  (4390)    
   267 29.27 0.00 0.00           OU342988.1   3403488   3403569 (13577034) C               Kuruka     Unspecified  (4479)    4354    4273    
   722 35.34 1.84 2.21           OU342988.1   3417107   3417650 (13562953) C               Kuruka     Unspecified  (4075)    4758    4217    
   424 31.38 1.05 1.05           OU342988.1   3417681   3417870 (13562733) C               Kuruka     Unspecified  (5164)    3669    3480    
   273 29.83 4.71 5.33           OU342988.1   3994886   3995055 (12985548) +               Kuruka     Unspecified    4209    4377  (4456)    
  1429 36.16 1.58 1.67           OU342988.1   4379914   4381052 (12599551) +               Kuruka     Unspecified    3511    4648  (4185)    
  1206 34.81 2.63 3.10           OU342988.1   5624000   5625102 (11355501) +               Kuruka     Unspecified    3574    4671  (4162)    
  1903 33.59 2.75 3.32           OU342988.1   6760034   6761305 (10219298) +               Kuruka     Unspecified    3583    4847  (3986)    
   233 25.59 3.16 5.38           OU342988.1   7949775   7949869 (9030734) C               Kuruka     Unspecified  (4707)    4126    4034    
   667 35.95 2.64 4.25           OU342988.1  10843248  10843892 (6136711) C               Kuruka     Unspecified  (4222)    4611    3977    
   301 33.83 0.75 0.75           OU342988.1  10844151  10844284 (6136319) C               Kuruka     Unspecified  (5115)    3718    3585    
  1721 35.24 2.37 2.29           OU342988.1  12098298  12099607 (4880996) +               Kuruka     Unspecified    3454    4764  (4069)    
   245 34.51 0.67 3.42           OU342988.1  13906938  13907087 (3073516) +               Kuruka     Unspecified    4233    4378  (4455)    
   259 27.01 2.88 3.88           OU342988.1  15206118  15206221 (1774382) +               Kuruka     Unspecified    4273    4375  (4458)    
   290 32.45 1.95 1.95           OU342988.1  15221155  15221308 (1759295) C               Kuruka     Unspecified  (4274)    4559    4406    
   225 33.18 3.12 3.12           OU342988.1  15221543  15221766 (1758837) C               Kuruka     Unspecified  (4662)    4171    3948    
   293 32.06 0.00 3.12           OU342988.1  15222011  15222142 (1758461) C               Kuruka     Unspecified  (5133)    3700    3573    
   467 30.13 0.64 0.64           OU342988.1  15331636  15331792 (1648811) C               Kuruka     Unspecified  (5094)    3739    3583    
   597 35.74 2.47 4.72           OU342988.1  15349278  15349926 (1630677) C               Kuruka     Unspecified  (4222)    4611    3977    
   289 35.34 0.75 0.00           OU342988.1  15355165  15355297 (1625306) C               Kuruka     Unspecified  (5115)    3718    3585    
   430 35.33 3.09 5.20           OU342988.1  15500535  15501182 (1479421) C               Kuruka     Unspecified  (4222)    4611    3977    
   254 36.21 0.00 0.00           OU342988.1  15506468  15506583 (1474020) C               Kuruka     Unspecified  (5133)    3700    3585    
   522 32.86 4.68 4.83           OU342988.1  15712163  15712888 (1267715) +               Kuruka     Unspecified    3932    4656  (4177)    
   239 37.12 1.65 4.66           OU342988.1  15897889  15898131 (1082472) C               Kuruka     Unspecified  (4300)    4533    4298    
   242 27.14 0.00 0.00           OU342989.1    256639    256708 (16387891) C               Kuruka     Unspecified  (4482)    4351    4282    
   283 34.93 0.00 0.00           OU342989.1    446558    446703 (16197896) C               Kuruka     Unspecified  (5108)    3725    3580    
  1145 34.73 3.14 2.43           OU342989.1    666413    667557 (15977042) +               Kuruka     Unspecified    3610    4762  (4071)    
   361 33.77 3.98 1.73           OU342989.1   3966138   3966363 (12678236) C               Kuruka     Unspecified  (4405)    4428    4198    
   265 24.48 3.16 5.38           OU342989.1   5884119   5884213 (10760386) C               Kuruka     Unspecified  (4707)    4126    4034    
   233 25.59 3.16 5.38           OU342989.1   6512095   6512189 (10132410) C               Kuruka     Unspecified  (4707)    4126    4034    
   246 18.87 1.89 0.00           OU342989.1   9369257   9369309 (7275290) C               Kuruka     Unspecified  (4506)    4327    4274    
   402 32.91 3.33 3.77           OU342989.1  10388495  10388734 (6255865) C               Kuruka     Unspecified  (4313)    4520    4282    
   243 32.98 1.05 1.05           OU342989.1  12566393  12566487 (4078112) +               Kuruka     Unspecified    3585    3679  (5154)    
   271 35.82 0.00 0.00           OU342989.1  13034629  13034762 (3609837) +               Kuruka     Unspecified    3585    3718  (5115)    
   523 35.25 2.95 4.57           OU342989.1  13035021  13035665 (3608934) +               Kuruka     Unspecified    3977    4611  (4222)    
   406 34.36 2.67 3.01           OU342989.1  14398188  14398487 (2246112) +               Kuruka     Unspecified    4224    4522  (4311)    
   385 36.00 2.14 2.14           OU342990.1   1781396   1781676 (13424893) C               Kuruka     Unspecified  (5094)    3739    3459    
   314 35.82 0.00 0.00           OU342990.1   3755656   3755789 (11450780) +               Kuruka     Unspecified    3585    3718  (5115)    
   724 35.95 2.64 4.25           OU342990.1   3756048   3756692 (11449877) +               Kuruka     Unspecified    3977    4611  (4222)    
   702 34.98 3.10 4.72           OU342990.1   8468375   8469019 (6737550) C               Kuruka     Unspecified  (4222)    4611    3977    
   305 35.82 0.00 0.00           OU342990.1   8469278   8469411 (6737158) C               Kuruka     Unspecified  (5115)    3718    3585    
   256 33.41 5.76 4.26           OU342990.1  10009872  10010218 (5196351) C               Kuruka     Unspecified  (4313)    4520    4169    
   316 35.91 3.97 2.49           OU342990.1  14561363  14561639 (644930) C               Kuruka     Unspecified  (5094)    3739    3459    
   523 35.25 2.95 4.57           OU342990.1  15070423  15071067 (135502) C               Kuruka     Unspecified  (4222)    4611    3977    
   271 35.82 0.00 0.00           OU342990.1  15071326  15071459 (135110) C               Kuruka     Unspecified  (5115)    3718    3585    
  1307 33.56 4.51 3.59           OU342990.1  15152989  15154119  (52450) C               Kuruka     Unspecified  (4162)    4671    3531    
   285 29.69 3.51 3.51           OU342990.1  15155438  15155608  (50961) C               Kuruka     Unspecified  (5753)    3080    2910    
