 1035 35.85  2.75  2.85            OY292408.1  5874363  5875344 (17343924)  +          Kuruka  Unspecified (17343924)  5874363  5875344
  457 32.74  5.85  5.85            OY292408.1  8352514  8353472 (14866174)  +          Kuruka  Unspecified (14866174)  8352514  8353472
  597 36.50  2.79  2.47            OY292408.1  8486540  8487185 (14732083)  +          Kuruka  Unspecified (14732083)  8486540  8487185
  279 28.18  2.65  2.65            OY292408.1  8836048  8836160 (14383108)  +          Kuruka  Unspecified (14383108)  8836048  8836160
  242 29.52  2.78  2.78            OY292408.1  8987587  8987694 (14231574)  +          Kuruka  Unspecified (14231574)  8987587  8987694
  232 20.00  0.00  0.00            OY292408.1  8988228  8988277 (14230991)  +          Kuruka  Unspecified (14230991)  8988228  8988277
  402 34.39  5.21  3.98            OY292408.1  9183072  9184023 (14035775)  +          Kuruka  Unspecified (14035775)  9183072  9184023
 1207 34.68  3.78  3.88            OY292408.1  9989391  9990395 (13228873)  +          Kuruka  Unspecified (13228873)  9989391  9990395
  478 32.91  3.24  0.00            OY292408.1  8427416  8427809 (14791668)  C          Kuruka  Unspecified (14791668)  8427416  8427809
  584 35.79  2.58  2.74            OY292408.1  8955631  8956655 (14262979)  C          Kuruka  Unspecified (14262979)  8955631  8956655
  489 38.45  2.57  2.73            OY292408.1  9199622  9200244 (14019024)  C          Kuruka  Unspecified (14019024)  9199622  9200244
  453 37.55  3.30  2.45            OY292408.1  9298558  9299163 (13920105)  C          Kuruka  Unspecified (13920105)  9298558  9299163
  457 34.45  1.88  1.88            OY292408.1  9299468  9299680 (13919588)  C          Kuruka  Unspecified (13919588)  9299468  9299680
  860 35.17  4.44  4.55            OY292408.1  9407923  9408890 (13810378)  C          Kuruka  Unspecified (13810378)  9407923  9408890
 1033 36.39  2.67  2.46            OY292408.1  9607628  9608599 (13610669)  C          Kuruka  Unspecified (13610669)  9607628  9608599
  404 36.61  5.07  5.07            OY292409.1   222375   223341 (18648790)  +          Kuruka  Unspecified (18648790)   222375   223341
 1108 36.03  2.90  2.68            OY292409.1   427734   428700 (18443431)  +          Kuruka  Unspecified (18443431)   427734   428700
 1151 34.85  3.98  4.08            OY292409.1   577449   578453 (18293678)  +          Kuruka  Unspecified (18293678)   577449   578453
 1075 34.96  3.98  4.08            OY292409.1   638755   639759 (18232372)  +          Kuruka  Unspecified (18232372)   638755   639759
  796 35.59  3.49  3.38            OY292409.1  1031104  1032048 (17840083)  +          Kuruka  Unspecified (17840083)  1031104  1032048
 1123 36.68  2.47  2.47            OY292409.1  1461541  1462510 (17409621)  +          Kuruka  Unspecified (17409621)  1461541  1462510
 1096 35.53  2.75  2.85            OY292409.1  2294756  2295737 (16576394)  +          Kuruka  Unspecified (16576394)  2294756  2295737
  350 32.68  7.26  7.26            OY292409.1   104177   104727 (18767404)  C          Kuruka  Unspecified (18767404)   104177   104727
 1020 37.01  2.48  2.38            OY292409.1   319630   320595 (18551536)  C          Kuruka  Unspecified (18551536)   319630   320595
  455 35.47  0.42  0.85            OY292409.1   383301   383536 (18488595)  C          Kuruka  Unspecified (18488595)   383301   383536
  577 34.27  1.95  1.67            OY292409.1   455841   456199 (18415932)  C          Kuruka  Unspecified (18415932)   455841   456199
  370 35.63  2.49  2.66            OY292409.1   485079   486046 (18386451)  C          Kuruka  Unspecified (18386451)   485079   486046
  244 28.85  2.80  2.80            OY292409.1  1311232  1311338 (17560793)  C          Kuruka  Unspecified (17560793)  1311232  1311338
 1158 36.83  2.65  2.65            OY292409.1 14107697 14108678 (4763453)  C          Kuruka  Unspecified (4763453) 14107697 14108678
 1019 35.19  2.95  3.06            OY292410.1  2142960  2143941 (14154957)  +          Kuruka  Unspecified (14154957)  2142960  2143941
  243 36.03  0.96  6.60            OY292410.1  2212874  2213081 (14085817)  +          Kuruka  Unspecified (14085817)  2212874  2213081
  752 36.18  2.09  2.25            OY292410.1  2428200  2428821 (13870077)  C          Kuruka  Unspecified (13870077)  2428200  2428821
  471 34.04  1.67  1.67            OY292410.1  2429070  2429308 (13869590)  C          Kuruka  Unspecified (13869590)  2429070  2429308
  547 33.98  0.88  1.18            OY292410.1  3093196  3094176 (13205363)  C          Kuruka  Unspecified (13205363)  3093196  3094176
  347 39.29  2.32  2.52            OY292410.1  4088951  4089467 (12209431)  C          Kuruka  Unspecified (12209431)  4088951  4089467
  513 33.32  2.95  1.45            OY292411.1  3830834  3831104 (12392081)  +          Kuruka  Unspecified (12392081)  3830834  3831104
  250 33.98  2.63  4.46            OY292411.1  4976661  4976888 (11246297)  +          Kuruka  Unspecified (11246297)  4976661  4976888
  237 28.12  0.00  0.00            OY292411.1  4994188  4994251 (11228934)  +          Kuruka  Unspecified (11228934)  4994188  4994251
  334 16.95  0.00  0.00            OY292411.1  5268852  5268910 (10954275)  +          Kuruka  Unspecified (10954275)  5268852  5268910
  283 31.35  0.84  0.84            OY292411.1  5925472  5925590 (10297595)  +          Kuruka  Unspecified (10297595)  5925472  5925590
 1169 34.70  3.72  3.83            OY292411.1  5055324  5056291 (11166894)  C          Kuruka  Unspecified (11166894)  5055324  5056291
  764 35.86  2.17  2.35            OY292411.1  5827082  5827635 (10395550)  C          Kuruka  Unspecified (10395550)  5827082  5827635
  690 35.22  5.19  5.08            OY292412.1 14783354 14784355 (524696)  +          Kuruka  Unspecified (524696) 14783354 14784355
  918 34.57  3.78  3.88            OY292412.1 14950090 14951094 (357957)  +          Kuruka  Unspecified (357957) 14950090 14951094
  604 38.78  3.01  2.47            OY292412.1 15073204 15074168 (234883)  +          Kuruka  Unspecified (234883) 15073204 15074168
  540 33.71  0.37  0.74            OY292412.1 15209100 15209371  (99680)  +          Kuruka  Unspecified  (99680) 15209100 15209371
  553 34.32  0.37  0.74            OY292412.1 15270261 15270533  (38518)  +          Kuruka  Unspecified  (38518) 15270261 15270533
  918 34.91  3.59  3.18            OY292412.1 13964676 13965678 (1343373)  C          Kuruka  Unspecified (1343373) 13964676 13965678
  740 36.69  3.92  3.81            OY292412.1 14729549 14730517 (578534)  C          Kuruka  Unspecified (578534) 14729549 14730517
  569 34.69  0.37  0.74            OY292412.1 15025350 15026316 (283430)  C          Kuruka  Unspecified (283430) 15025350 15026316
 1152 36.75  2.75  2.65            OY292413.1   424092   425072 (11758243)  +          Kuruka  Unspecified (11758243)   424092   425072
 1013 35.65  3.05  3.16            OY292413.1   875323   876304 (11307011)  +          Kuruka  Unspecified (11307011)   875323   876304
  420 36.97  2.58  2.74            OY292413.1   111188   111846 (12071469)  C          Kuruka  Unspecified (12071469)   111188   111846
  341 33.76  7.08  5.92            OY292413.1   130775   131325 (12051990)  C          Kuruka  Unspecified (12051990)   130775   131325
 1090 34.68  3.78  3.98            OY292413.1   231318   232323 (11950992)  C          Kuruka  Unspecified (11950992)   231318   232323
 1054 37.38  2.07  2.07            OY292413.1   337303   338269 (11845046)  C          Kuruka  Unspecified (11845046)   337303   338269
  858 33.88  4.35  4.24            OY292413.1   433302   434266 (11749049)  C          Kuruka  Unspecified (11749049)   433302   434266
 1158 36.83  2.65  2.65            OY292413.1   703736   704717 (11478598)  C          Kuruka  Unspecified (11478598)   703736   704717
  717 36.57  3.39  3.39            OY292413.1   725794   726560 (11456755)  C          Kuruka  Unspecified (11456755)   725794   726560
 1209 34.68  3.78  3.88            OY292413.1  1022941  1023945 (11159370)  C          Kuruka  Unspecified (11159370)  1022941  1023945
 1196 34.31  3.88  3.98            OY292414.1   175814   176818 (11856253)  +          Kuruka  Unspecified (11856253)   175814   176818
  952 34.32  3.33  3.75            OY292414.1   417059   418048 (11615023)  +          Kuruka  Unspecified (11615023)   417059   418048
  302 38.65  2.34  2.56            OY292414.1   508563   509032 (11524039)  +          Kuruka  Unspecified (11524039)   508563   509032
  448 36.20  2.90  5.24            OY292414.1   704073   704658 (11328413)  +          Kuruka  Unspecified (11328413)   704073   704658
  424 34.89  1.67  1.67            OY292414.1   795038   795276 (11237795)  +          Kuruka  Unspecified (11237795)   795038   795276
  780 36.39  1.77  1.77            OY292414.1   795524   796144 (11236927)  +          Kuruka  Unspecified (11236927)   795524   796144
  580 37.27  2.22  2.37            OY292414.1  1083241  1083916 (10949155)  +          Kuruka  Unspecified (10949155)  1083241  1083916
  477 34.93  1.09  1.09            OY292414.1   374533   374807 (11658264)  C          Kuruka  Unspecified (11658264)   374533   374807
  338 30.73  5.71  5.71            OY292414.1   375123   375367 (11657704)  C          Kuruka  Unspecified (11657704)   375123   375367
 1103 35.26  2.85  2.96            OY292414.1   841133   842114 (11190957)  C          Kuruka  Unspecified (11190957)   841133   842114
 1005 35.30  2.95  3.06            OY292414.1  1136957  1137938 (10895133)  C          Kuruka  Unspecified (10895133)  1136957  1137938
  543 37.38  2.16  2.31            OY292415.1   312419   313067 (10116766)  +          Kuruka  Unspecified (10116766)   312419   313067
 1151 36.57  2.47  2.47            OY292415.1   430521   431490 (9998343)  +          Kuruka  Unspecified (9998343)   430521   431490
  413 35.32  1.67  1.67            OY292415.1   512100   512338 (9917495)  +          Kuruka  Unspecified (9917495)   512100   512338
  788 37.36  1.29  1.45            OY292415.1   512587   513208 (9916625)  +          Kuruka  Unspecified (9916625)   512587   513208
  311 36.25  2.33  2.33            OY292415.1  2751219  2751475 (7678358)  +          Kuruka  Unspecified (7678358)  2751219  2751475
  588 35.76  2.46  2.78            OY292415.1   574638   575287 (9854546)  C          Kuruka  Unspecified (9854546)   574638   575287
 1158 36.83  2.65  2.65            OY292415.1  2095857  2096838 (8332995)  C          Kuruka  Unspecified (8332995)  2095857  2096838
  454 31.97  2.81  1.99            OY292415.1  2713572  2713820 (7716013)  C          Kuruka  Unspecified (7716013)  2713572  2713820
 1013 36.86  2.78  2.57            OY292416.1    91925    92896 (7935099)  +          Kuruka  Unspecified (7935099)    91925    92896
  418 36.97  2.58  2.74            OY292416.1   117548   118206 (7909789)  +          Kuruka  Unspecified (7909789)   117548   118206
  334 32.12  6.55  6.30            OY292416.1   143518   143929 (7884066)  +          Kuruka  Unspecified (7884066)   143518   143929
  483 33.96  1.10  1.48            OY292416.1   144213   144484 (7883511)  +          Kuruka  Unspecified (7883511)   144213   144484
  345 36.60  2.63  2.47            OY292416.1   360012   360658 (7667337)  +          Kuruka  Unspecified (7667337)   360012   360658
  272 35.50  4.90  4.90            OY292416.1   430257   431281 (7597494)  +          Kuruka  Unspecified (7597494)   430257   431281
  898 34.90  4.29  4.39            OY292416.1   475257   476305 (7551690)  +          Kuruka  Unspecified (7551690)   475257   476305
 1019 35.94  3.57  3.67            OY292416.1   539060   540122 (7487873)  +          Kuruka  Unspecified (7487873)   539060   540122
  553 36.69  1.10  1.47            OY292416.1    98391    99399 (7929332)  C          Kuruka  Unspecified (7929332)    98391    99399
  414 37.63  2.28  2.43            OY292416.1   194765   195423 (7832572)  C          Kuruka  Unspecified (7832572)   194765   195423
  823 34.99  3.78  3.88            OY292416.1   202910   203914 (7824081)  C          Kuruka  Unspecified (7824081)   202910   203914
  894 35.98  1.78  1.94            OY292416.1   236578   237195 (7790800)  C          Kuruka  Unspecified (7790800)   236578   237195
  898 33.68  5.12  4.14            OY292416.1   335228   336184 (7691811)  C          Kuruka  Unspecified (7691811)   335228   336184
  243 27.16  2.47  0.00            OY292416.1   706109   706189 (7321806)  C          Kuruka  Unspecified (7321806)   706109   706189
  352 35.51  4.16  4.16            OY292416.1   749750   750278 (7277717)  C          Kuruka  Unspecified (7277717)   749750   750278
  776 37.52  2.71  2.60            OY292416.1  2128695  2129578 (5898417)  C          Kuruka  Unspecified (5898417)  2128695  2129578
  856 34.99  3.78  3.88            OY292417.1    90966    91970 (4987507)  +          Kuruka  Unspecified (4987507)    90966    91970
  375 36.27  3.19  3.19            OY292417.1   140931   141588 (4937889)  +          Kuruka  Unspecified (4937889)   140931   141588
  830 34.96  3.98  4.08            OY292417.1   161248   162252 (4917225)  +          Kuruka  Unspecified (4917225)   161248   162252
  849 37.90  2.48  2.59            OY292417.1   223411   224339 (4855138)  +          Kuruka  Unspecified (4855138)   223411   224339
  886 36.20  2.54  2.75            OY292417.1   408513   409495 (4669982)  +          Kuruka  Unspecified (4669982)   408513   409495
 1158 36.83  2.65  2.65            OY292417.1  1004218  1005199 (4074278)  +          Kuruka  Unspecified (4074278)  1004218  1005199
  341 27.53  0.00  1.83            OY292417.1   533371   533481 (4545996)  C          Kuruka  Unspecified (4545996)   533371   533481
  768 35.47  1.86  2.04            OY292417.1   942957   943546 (4135931)  C          Kuruka  Unspecified (4135931)   942957   943546
  575 36.03  2.58  2.74            OY292417.1  1136918  1137942 (3941901)  C          Kuruka  Unspecified (3941901)  1136918  1137942
  489 35.19  0.37  0.74            OY292417.1  1227852  1228123 (3851354)  C          Kuruka  Unspecified (3851354)  1227852  1228123
  302 27.27  2.65  2.65            OY292417.1  1228703  1228815 (3850662)  C          Kuruka  Unspecified (3850662)  1228703  1228815
  445 34.78  1.22  1.53            OY292417.1  1259973  1260941 (3819178)  C          Kuruka  Unspecified (3819178)  1259973  1260941
 1069 34.21  4.48  4.58            OY292417.1  1321229  1322233 (3757244)  C          Kuruka  Unspecified (3757244)  1321229  1322233
