   235 17.54 3.39 3.39          NC_071667.1   1266165   1266223 (86425302) +               Kuruka     Unspecified    4298    4356  (4477)    
   235 17.54 3.39 3.39          NC_071667.1   2067722   2067780 (85623745) C               Kuruka     Unspecified  (4477)    4356    4298    
   235 17.54 3.39 3.39          NC_071667.1  12930259  12930317 (74761208) C               Kuruka     Unspecified  (4477)    4356    4298    
   365 30.41 7.02 0.00          NC_071667.1  18714940  18715110 (68976415) +               Kuruka     Unspecified    3651    3833  (5000)    
   433 30.94 5.25 5.25          NC_071667.1  18862159  18862482 (68829043) +               Kuruka     Unspecified    4218    4541  (4292)    
   353 35.10 4.62 4.84          NC_071667.1  19495234  19495709 (68195816) C               Kuruka     Unspecified  (4289)    4544    4070    
   227 24.67 2.53 2.53          NC_071667.1  19495982  19496060 (68195465) C               Kuruka     Unspecified  (5000)    3833    3755    
   238 30.77 4.57 5.05          NC_071667.1  19596578  19596796 (68094729) C               Kuruka     Unspecified  (4333)    4500    4283    
   272 26.39 5.45 3.57          NC_071667.1  19686075  19686184 (68005341) +               Kuruka     Unspecified    4216    4327  (4506)    
   526 35.98 4.52 1.09          NC_071667.1  21423987  21424340 (66267185) +               Kuruka     Unspecified    3466    3831  (5002)    
  1167 35.03 3.05 3.68          NC_071667.1  21424451  21425271 (66266254) +               Kuruka     Unspecified    3943    4758  (4075)    
   601 30.38 1.57 2.79          NC_071667.1  24085061  24085314 (63606211) C               Kuruka     Unspecified  (5003)    3830    3580    
   235 30.77 4.57 5.05          NC_071667.1  27885728  27885946 (59805579) C               Kuruka     Unspecified  (4333)    4500    4283    
   286 29.19 4.11 4.59          NC_071667.1  29212018  29212236 (58479289) +               Kuruka     Unspecified    4283    4500  (4333)    
   288 29.19 4.11 4.59          NC_071667.1  30158226  30158444 (57533081) C               Kuruka     Unspecified  (4333)    4500    4283    
   398 27.64 7.96 6.09          NC_071667.1  32148007  32148345 (55543180) C               Kuruka     Unspecified  (4271)    4562    4218    
   228 30.48 1.87 1.87          NC_071667.1  32425472  32425578 (55265947) +               Kuruka     Unspecified    4227    4333  (4500)    
   245 26.25 2.44 2.44          NC_071667.1  32562499  32562580 (55128945) C               Kuruka     Unspecified  (4995)    3838    3757    
   289 36.31 2.25 2.58          NC_071667.1  32845118  32845428 (54846097) +               Kuruka     Unspecified    4227    4536  (4297)    
   985 34.74 4.48 1.83          NC_071667.1  32906515  32907206 (54784319) C               Kuruka     Unspecified  (4204)    4629    3920    
   725 32.50 4.29 0.00          NC_071667.1  32907316  32907595 (54783930) C               Kuruka     Unspecified  (5054)    3779    3488    
   608 37.21 1.15 1.15          NC_071667.1  32912029  32912463 (54779062) C               Kuruka     Unspecified  (4479)    4354    3920    
   695 33.21 4.29 0.00          NC_071667.1  32912573  32912852 (54778673) C               Kuruka     Unspecified  (5054)    3779    3488    
  1704 34.78 4.49 1.93          NC_071667.1  32917189  32918302 (54773223) C               Kuruka     Unspecified  (4204)    4629    3488    
   893 35.17 3.20 1.35          NC_071667.1  32995657  32996313 (54695212) +               Kuruka     Unspecified    3488    4156  (4677)    
  1883 32.86 3.29 1.27          NC_071667.1  33079901  33080902 (54610623) +               Kuruka     Unspecified    2100    3121  (5712)    
  3859 30.09 1.93 0.92          NC_071667.1  33083978  33085272 (54606253) +               Kuruka     Unspecified    3453    4760  (4073)    
   770 31.93 1.03 2.08          NC_071667.1  33086224  33086514 (54605011) +               Kuruka     Unspecified    6247    6534  (2299)    
  1233 34.91 3.24 2.41          NC_071667.1  33128976  33129964 (54561561) C               Kuruka     Unspecified  (4250)    4583    3587    
   499 38.73 1.64 1.81          NC_071667.1  33565400  33566009 (54125516) +               Kuruka     Unspecified    3933    4541  (4292)    
   695 36.82 3.69 2.80          NC_071667.1  33607474  33608395 (54083130) +               Kuruka     Unspecified    3625    4554  (4279)    
   255 25.40 0.00 0.00          NC_071667.1  33654845  33654907 (54036618) +               Kuruka     Unspecified    4484    4546  (4287)    
   265 21.15 0.00 0.00          NC_071667.1  33701670  33701721 (53989804) C               Kuruka     Unspecified  (5136)    3697    3646    
  1720 33.61 4.63 2.26          NC_071667.1  34003988  34005153 (53686372) C               Kuruka     Unspecified  (4204)    4629    3437    
   499 35.15 4.42 4.42          NC_071667.1  34044992  34045625 (53645900) C               Kuruka     Unspecified  (4282)    4551    3918    
   496 29.26 3.24 2.87          NC_071667.1  34090064  34090341 (53601184) +               Kuruka     Unspecified    4273    4551  (4282)    
   308 28.73 3.89 3.31          NC_071667.1  34294692  34294871 (53396654) +               Kuruka     Unspecified    3511    3691  (5142)    
   460 30.00 2.76 3.24          NC_071667.1  34300542  34300758 (53390767) +               Kuruka     Unspecified    4195    4410  (4423)    
   366 36.09 4.96 3.36          NC_071667.1  34325688  34326332 (53365193) +               Kuruka     Unspecified    3594    4248  (4585)    
   394 33.72 5.28 1.17          NC_071667.1  34326317  34326562 (53364963) +               Kuruka     Unspecified    4269    4524  (4309)    
   476 28.07 1.72 1.72          NC_071667.1  34420590  34420763 (53270762) +               Kuruka     Unspecified    3555    3728  (5105)    
  1215 34.29 2.57 2.69          NC_071667.1  34420932  34421788 (53269737) +               Kuruka     Unspecified    3921    4776  (4057)    
   303 28.92 0.00 0.00          NC_071667.1  34487038  34487120 (53204405) +               Kuruka     Unspecified    3918    4000  (4833)    
   303 28.92 0.00 0.00          NC_071667.1  34492645  34492727 (53198798) +               Kuruka     Unspecified    3918    4000  (4833)    
   369 33.67 4.69 2.55          NC_071667.1  34536070  34536453 (53155072) C               Kuruka     Unspecified  (4222)    4611    4220    
   265 21.15 0.00 0.00          NC_071667.1  34536785  34536836 (53154689) C               Kuruka     Unspecified  (5136)    3697    3646    
   359 30.75 4.09 4.48          NC_071667.1  34855506  34855774 (52835751) C               Kuruka     Unspecified  (4288)    4545    4278    
   346 36.09 1.18 0.58          NC_071667.1  34855848  34856017 (52835508) C               Kuruka     Unspecified  (4725)    4108    3938    
   255 31.70 3.17 2.36          NC_071667.1  34912510  34912635 (52778890) +               Kuruka     Unspecified    4222    4348  (4485)    
   278 24.70 2.41 2.41          NC_071667.1  34933175  34933257 (52758268) +               Kuruka     Unspecified    3756    3838  (4995)    
   374 37.96 1.96 1.46          NC_071667.1  34976881  34977289 (52714236) +               Kuruka     Unspecified    4220    4630  (4203)    
   362 32.37 3.60 4.18          NC_071667.1  35125026  35125386 (52566139) +               Kuruka     Unspecified    4196    4554  (4279)    
   423 32.22 4.90 1.18          NC_071667.1  35522731  35522975 (52168550) +               Kuruka     Unspecified    3580    3833  (5000)    
   330 29.86 7.89 4.91          NC_071667.1  35649179  35649495 (52042030) C               Kuruka     Unspecified  (5001)    3832    3507    
   403 32.62 6.29 4.56          NC_071667.1  35767052  35767655 (51923870) C               Kuruka     Unspecified  (4282)    4551    3938    
   551 35.35 3.77 3.94          NC_071667.1  35890994  35891629 (51799896) C               Kuruka     Unspecified  (4281)    4552    3918    
   361 30.99 7.02 0.00          NC_071667.1  35938328  35938498 (51753027) C               Kuruka     Unspecified  (5000)    3833    3651    
   453 37.46 2.64 2.81          NC_071667.1  36069975  36070581 (51620944) +               Kuruka     Unspecified    3939    4544  (4289)    
   453 37.46 2.64 2.81          NC_071667.1  36077880  36078486 (51613039) +               Kuruka     Unspecified    3939    4544  (4289)    
   243 36.18 4.06 3.55          NC_071667.1  36094281  36094896 (51596629) +               Kuruka     Unspecified    3933    4551  (4282)    
   271 34.00 0.00 0.00          NC_071667.1  36140345  36140444 (51551081) +               Kuruka     Unspecified    3629    3728  (5105)    
   658 34.47 4.27 4.27          NC_071667.1  36140664  36141366 (51550159) +               Kuruka     Unspecified    3969    4671  (4162)    
  1134 34.15 2.12 2.12          NC_071667.1  36213272  36213932 (51477593) C               Kuruka     Unspecified  (4204)    4629    3969    
   352 35.97 2.12 1.76          NC_071667.1  36213947  36214229 (51477296) C               Kuruka     Unspecified  (4581)    4252    3969    
  1123 34.21 4.52 1.96          NC_071667.1  36214244  36215039 (51476486) C               Kuruka     Unspecified  (4581)    4252    3437    
   390 30.91 7.27 0.00          NC_071667.1  36268631  36268795 (51422730) +               Kuruka     Unspecified    3656    3832  (5001)    
   553 37.32 2.21 2.21          NC_071667.1  36269002  36269453 (51422072) +               Kuruka     Unspecified    4220    4671  (4162)    
   292 33.07 3.14 3.95          NC_071667.1  36285486  36285740 (51405785) C               Kuruka     Unspecified  (4289)    4544    4292    
  3551 28.82 1.57 1.19          NC_071667.1  36361387  36362471 (51329054) C               Kuruka     Unspecified  (4292)    4541    3453    
   270 24.32 0.00 0.00          NC_071667.1  36362681  36362754 (51328771) C               Kuruka     Unspecified  (5575)    3258    3185    
  1673 31.08 2.66 1.58          NC_071667.1  36362813  36363564 (51327961) C               Kuruka     Unspecified  (5974)    2859    2100    
   334 26.76 0.00 0.00          NC_071667.1  36424826  36424896 (51266629) +               Kuruka     Unspecified    3933    4003  (4830)    
   260 34.30 2.82 2.82          NC_071667.1  36518838  36519014 (51172511) +               Kuruka     Unspecified    2803    2979  (5854)    
   426 38.00 2.60 4.41          NC_071667.1  36519781  36520818 (51170707) +               Kuruka     Unspecified    3757    4776  (4057)    
   499 34.15 0.00 1.22          NC_071667.1  36769343  36769591 (50921934) C               Kuruka     Unspecified  (5008)    3825    3580    
   983 37.14 3.29 3.04          NC_071667.1  37029472  37030718 (50660807) +               Kuruka     Unspecified    3521    4770  (4063)    
   422 31.56 4.48 1.68          NC_071667.1  37113709  37113998 (50577527) C               Kuruka     Unspecified  (4482)    4351    4054    
   357 29.41 2.19 0.72          NC_071667.1  37114346  37114482 (50577043) C               Kuruka     Unspecified  (5140)    3693    3555    
   850 29.85 0.94 1.26          NC_071667.1  37123256  37123574 (50567951) +               Kuruka     Unspecified    2336    2653  (6180)    
   920 34.40 1.06 1.06          NC_071667.1  37128117  37128589 (50562936) +               Kuruka     Unspecified    2649    3121  (5712)    
   291 29.33 0.00 0.00          NC_071667.1  37130062  37130136 (50561389) +               Kuruka     Unspecified    3453    3527  (5306)    
   404 28.27 3.33 3.33          NC_071667.1  37130133  37130282 (50561243) +               Kuruka     Unspecified    3836    3985  (4848)    
  1816 28.97 0.00 0.20          NC_071667.1  37130282  37130793 (50560732) +               Kuruka     Unspecified    4055    4565  (4268)    
   691 32.64 1.03 2.08          NC_071667.1  37132393  37132683 (50558842) +               Kuruka     Unspecified    6247    6534  (2299)    
   371 33.30 10.18 0.96          NC_071667.1  37181615  37181899 (50509626) +               Kuruka     Unspecified    3521    3831  (5002)    
   703 34.93 1.32 1.32          NC_071667.1  37182268  37182647 (50508878) +               Kuruka     Unspecified    4199    4578  (4255)    
   388 36.91 3.08 3.25          NC_071667.1  37224811  37225426 (50466099) +               Kuruka     Unspecified    3933    4547  (4286)    
   412 31.68 5.94 0.00          NC_071667.1  37316791  37316992 (50374533) C               Kuruka     Unspecified  (4995)    3838    3625    
   327 30.34 7.53 4.69          NC_071667.1  37340033  37340364 (50351161) +               Kuruka     Unspecified    3462    3802  (5031)    
   324 35.95 3.46 3.79          NC_071667.1  37340893  37341210 (50350315) +               Kuruka     Unspecified    4295    4611  (4222)    
   226 15.25 1.69 0.00          NC_071667.1  37450024  37450082 (50241443) +               Kuruka     Unspecified    2183    2242  (6591)    
   557 31.96 11.60 2.32          NC_071667.1  37453177  37453650 (50237875) +               Kuruka     Unspecified    2562    3078  (5755)    
   244 23.81 0.00 0.00          NC_071667.1  37454931  37454993 (50236532) +               Kuruka     Unspecified    3633    3695  (5138)    
   558 25.22 6.02 0.88          NC_071667.1  37455695  37455910 (50235615) +               Kuruka     Unspecified    4107    4333  (4500)    
   846 27.71 5.22 0.00          NC_071667.1  37459558  37459806 (50231719) +               Kuruka     Unspecified    4385    4646  (4187)    
   567 33.50 5.15 3.72          NC_071667.1  37969523  37970105 (49721420) +               Kuruka     Unspecified    3571    4161  (4672)    
   493 32.15 5.95 4.67          NC_071667.1  37970610  37971180 (49720345) +               Kuruka     Unspecified    4268    4845  (3988)    
   251 31.22 3.49 3.49          NC_071667.1  38114923  38115151 (49576374) C               Kuruka     Unspecified  (4456)    4377    4149    
   320 28.57 5.77 5.77          NC_071667.1  39738820  39738975 (47952550) +               Kuruka     Unspecified    4286    4441  (4392)    
   296 28.92 0.00 0.00          NC_071667.1  39939519  39939601 (47751924) +               Kuruka     Unspecified    3918    4000  (4833)    
   402 34.17 2.11 2.46          NC_071667.1  39940442  39940726 (47750799) +               Kuruka     Unspecified    4269    4552  (4281)    
   675 32.87 6.65 1.99          NC_071667.1  39973217  39973697 (47717828) C               Kuruka     Unspecified  (4280)    4553    4051    
   475 33.79 5.54 5.54          NC_071667.1  40288794  40289407 (47402118) C               Kuruka     Unspecified  (4282)    4551    3938    
   430 37.43 1.74 2.14          NC_071667.1  40304701  40305216 (47386309) C               Kuruka     Unspecified  (4222)    4611    4098    
   400 36.90 2.98 2.54          NC_071667.1  41398276  41398745 (46292780) C               Kuruka     Unspecified  (4292)    4541    4070    
   325 33.55 8.12 2.48          NC_071667.1  41404069  41404450 (46287075) +               Kuruka     Unspecified    4098    4500  (4333)    
   592 31.55 4.93 0.95          NC_071667.1  41522159  41522462 (46169063) +               Kuruka     Unspecified    3496    3811  (5022)    
   278 24.70 2.41 2.41          NC_071667.1  41696185  41696267 (45995258) C               Kuruka     Unspecified  (4995)    3838    3756    
   266 35.77 1.94 2.60          NC_071667.1  42062364  42062518 (45629007) C               Kuruka     Unspecified  (4277)    4556    4403    
   324 28.15 4.26 4.26          NC_071667.1  44985166  44985306 (42706219) +               Kuruka     Unspecified    4406    4546  (4287)    
   246 35.05 2.07 3.35          NC_071667.1  45090837  45091078 (42600447) +               Kuruka     Unspecified    3462    3700  (5133)    
   478 35.25 2.30 2.30          NC_071667.1  45091622  45092013 (42599512) +               Kuruka     Unspecified    4220    4611  (4222)    
   596 29.61 6.10 1.16          NC_071667.1  48106128  48106373 (39585152) +               Kuruka     Unspecified    3575    3832  (5001)    
   279 30.60 2.19 2.19          NC_071667.1  48107512  48107648 (39583877) +               Kuruka     Unspecified    4197    4333  (4500)    
   273 39.35 0.00 0.00          NC_071667.1  48109153  48109307 (39582218) +               Kuruka     Unspecified    4403    4557  (4276)    
   269 26.07 0.00 4.11          NC_071667.1  48953824  48953899 (38737626) C               Kuruka     Unspecified  (4292)    4541    4469    
   306 35.72 3.01 5.56          NC_071668.1  21839867  21840364 (57035996) +               Kuruka     Unspecified    4056    4541  (4292)    
   337 34.34 3.64 3.64          NC_071668.1  24272130  24272404 (54603956) C               Kuruka     Unspecified  (4292)    4541    4267    
   251 37.96 2.19 2.40          NC_071668.1  25969620  25970121 (52906239) +               Kuruka     Unspecified    4036    4536  (4297)    
   359 31.06 1.49 1.49          NC_071668.1  27446846  27446979 (51429381) +               Kuruka     Unspecified    3585    3718  (5115)    
   492 36.04 1.59 1.99          NC_071668.1  27447427  27447678 (51428682) +               Kuruka     Unspecified    4305    4555  (4278)    
  1580 35.36 4.05 3.40          NC_071668.1  30927374  30928658 (47947702) C               Kuruka     Unspecified  (4075)    4758    3466    
   274 33.74 2.92 3.22          NC_071668.1  31289767  31290109 (47586251) +               Kuruka     Unspecified    4036    4377  (4456)    
   281 36.13 3.25 3.25          NC_071668.1  32438951  32439196 (46437164) C               Kuruka     Unspecified  (4677)    4156    3911    
   281 36.13 3.25 3.25          NC_071668.1  32447333  32447578 (46428782) C               Kuruka     Unspecified  (4677)    4156    3911    
   327 37.85 5.04 2.88          NC_071668.1  32515459  32515934 (46360426) C               Kuruka     Unspecified  (4292)    4541    4056    
   445 28.86 5.85 6.17          NC_071668.1  32939632  32939956 (45936404) C               Kuruka     Unspecified  (4292)    4541    4218    
   445 28.86 5.85 6.17          NC_071668.1  32945992  32946316 (45930044) C               Kuruka     Unspecified  (4292)    4541    4218    
   519 32.06 8.53 4.91          NC_071668.1  33301826  33302376 (45573984) C               Kuruka     Unspecified  (4677)    4156    3587    
   598 33.81 5.13 3.66          NC_071668.1  33421323  33421887 (45454473) +               Kuruka     Unspecified    3443    4015  (4818)    
   300 32.34 3.87 5.23          NC_071668.1  33503509  33503818 (45372542) C               Kuruka     Unspecified  (4235)    4598    4293    
   261 25.92 2.41 2.41          NC_071668.1  33659199  33659281 (45217079) +               Kuruka     Unspecified    3756    3838  (4995)    
   585 33.28 4.97 5.14          NC_071668.1  33659399  33660022 (45216338) +               Kuruka     Unspecified    3923    4545  (4288)    
   236 25.00 0.00 0.00          NC_071668.1  33743723  33743778 (45132582) +               Kuruka     Unspecified    3756    3811  (5022)    
   236 25.00 0.00 0.00          NC_071668.1  33747627  33747682 (45128678) +               Kuruka     Unspecified    3756    3811  (5022)    
   282 31.99 7.28 1.38          NC_071668.1  34103005  34103210 (44773150) +               Kuruka     Unspecified    3588    3805  (5028)    
   613 36.81 3.36 1.96          NC_071668.1  34634656  34635309 (44241051) C               Kuruka     Unspecified  (4251)    4582    3920    
   341 31.20 0.80 0.00          NC_071668.1  34885467  34885591 (43990769) +               Kuruka     Unspecified    3611    3736  (5097)    
   642 32.81 3.08 2.82          NC_071668.1  34885780  34886168 (43990192) +               Kuruka     Unspecified    3956    4345  (4488)    
   341 31.20 0.80 0.00          NC_071668.1  34899308  34899432 (43976928) +               Kuruka     Unspecified    3611    3736  (5097)    
   688 32.01 3.08 2.82          NC_071668.1  34899621  34900009 (43976351) +               Kuruka     Unspecified    3956    4345  (4488)    
   409 31.54 0.00 0.00          NC_071668.1  34903907  34904055 (43972305) +               Kuruka     Unspecified    3588    3736  (5097)    
   707 31.75 3.08 2.82          NC_071668.1  34904244  34904632 (43971728) +               Kuruka     Unspecified    3956    4345  (4488)    
   342 29.07 0.00 0.00          NC_071668.1  36598167  36598252 (42278108) +               Kuruka     Unspecified    3918    4003  (4830)    
   261 25.92 2.41 2.41          NC_071668.1  36698709  36698791 (42177569) +               Kuruka     Unspecified    3756    3838  (4995)    
   261 25.92 2.41 2.41          NC_071668.1  36708218  36708300 (42168060) +               Kuruka     Unspecified    3756    3838  (4995)    
   365 28.16 5.91 6.32          NC_071668.1  36790011  36790264 (42086096) C               Kuruka     Unspecified  (4289)    4544    4292    
   266 35.34 3.15 3.15          NC_071668.1  36981993  36982214 (41894146) C               Kuruka     Unspecified  (4694)    4139    3918    
  1583 35.23 2.74 2.42          NC_071668.1  36984261  36985537 (41890823) +               Kuruka     Unspecified    3496    4776  (4057)    
   532 30.72 5.77 1.10          NC_071668.1  37010196  37010455 (41865905) C               Kuruka     Unspecified  (4989)    3844    3573    
   250 33.75 3.94 4.35          NC_071668.1  37146399  37146652 (41729708) C               Kuruka     Unspecified  (4289)    4544    4292    
   247 35.50 4.74 4.74          NC_071668.1  37301672  37302283 (41574077) C               Kuruka     Unspecified  (4291)    4542    3931    
   251 34.94 5.07 5.07          NC_071668.1  37335602  37336213 (41540147) C               Kuruka     Unspecified  (4291)    4542    3931    
   251 34.94 5.07 5.07          NC_071668.1  37348414  37349025 (41527335) C               Kuruka     Unspecified  (4291)    4542    3931    
   273 35.17 4.74 4.74          NC_071668.1  37354325  37354936 (41521424) C               Kuruka     Unspecified  (4291)    4542    3931    
   287 35.29 5.07 5.07          NC_071668.1  37360158  37360769 (41515591) C               Kuruka     Unspecified  (4291)    4542    3931    
   255 35.29 8.98 3.10          NC_071668.1  37365642  37366220 (41510140) C               Kuruka     Unspecified  (4291)    4542    3931    
   316 34.21 5.48 5.31          NC_071668.1  37368457  37369058 (41507302) C               Kuruka     Unspecified  (4300)    4533    3931    
   349 32.40 0.70 0.70          NC_071668.1  37568493  37568635 (41307725) +               Kuruka     Unspecified    3594    3736  (5097)    
   467 37.01 1.95 3.52          NC_071668.1  37568895  37569356 (41307004) +               Kuruka     Unspecified    4132    4586  (4247)    
   235 17.54 3.39 3.39          NC_071668.1  37583050  37583108 (41293252) C               Kuruka     Unspecified  (4477)    4356    4298    
   438 35.70 2.21 2.49          NC_071668.1  37953729  37954090 (40922270) C               Kuruka     Unspecified  (4276)    4557    4197    
   416 34.19 3.60 3.60          NC_071668.1  37957595  37957955 (40918405) C               Kuruka     Unspecified  (4276)    4557    4197    
   416 34.19 3.60 3.60          NC_071668.1  37962033  37962393 (40913967) C               Kuruka     Unspecified  (4276)    4557    4197    
   416 34.19 3.60 3.60          NC_071668.1  37966212  37966572 (40909788) C               Kuruka     Unspecified  (4276)    4557    4197    
   433 35.90 2.41 2.41          NC_071668.1  37970437  37970810 (40905550) C               Kuruka     Unspecified  (4263)    4570    4197    
   446 36.44 2.41 2.41          NC_071668.1  37974617  37974990 (40901370) C               Kuruka     Unspecified  (4263)    4570    4197    
   446 36.44 2.41 2.41          NC_071668.1  37978502  37978875 (40897485) C               Kuruka     Unspecified  (4263)    4570    4197    
   429 36.71 2.41 2.41          NC_071668.1  37982387  37982760 (40893600) C               Kuruka     Unspecified  (4263)    4570    4197    
   404 34.78 3.59 3.88          NC_071668.1  37990314  37990675 (40885685) C               Kuruka     Unspecified  (4276)    4557    4197    
   404 34.78 3.59 3.88          NC_071668.1  37998492  37998853 (40877507) C               Kuruka     Unspecified  (4276)    4557    4197    
   417 35.06 3.59 3.88          NC_071668.1  38002455  38002816 (40873544) C               Kuruka     Unspecified  (4276)    4557    4197    
   400 35.06 3.59 3.88          NC_071668.1  38008634  38008995 (40867365) C               Kuruka     Unspecified  (4276)    4557    4197    
   399 34.72 3.08 3.40          NC_071668.1  38034026  38034350 (40842010) C               Kuruka     Unspecified  (4276)    4557    4234    
   430 38.69 1.97 2.13          NC_071668.1  38071539  38072148 (40804212) +               Kuruka     Unspecified    3933    4541  (4292)    
   289 35.11 1.75 1.75          NC_071668.1  38446582  38446752 (40429608) +               Kuruka     Unspecified    3938    4108  (4725)    
   247 27.87 0.00 0.00          NC_071668.1  38446833  38446893 (40429467) +               Kuruka     Unspecified    4484    4544  (4289)    
   247 27.87 0.00 0.00          NC_071668.1  38465082  38465142 (40411218) C               Kuruka     Unspecified  (4289)    4544    4484    
   289 35.11 1.75 1.75          NC_071668.1  38465223  38465393 (40410967) C               Kuruka     Unspecified  (4725)    4108    3938    
   310 32.85 0.71 0.71          NC_071668.1  38766682  38766822 (40109538) C               Kuruka     Unspecified  (4500)    4333    4193    
   749 35.68 3.51 3.64          NC_071668.1  38974955  38975751 (39900609) C               Kuruka     Unspecified  (4063)    4770    3975    
   306 25.46 10.74 2.48          NC_071668.1  39048363  39048511 (39827849) +               Kuruka     Unspecified    3645    3805  (5028)    
   749 35.68 3.51 3.64          NC_071668.1  39137490  39138286 (39738074) +               Kuruka     Unspecified    3975    4770  (4063)    
  1119 32.80 6.68 3.51          NC_071668.1  39275659  39276571 (39599789) C               Kuruka     Unspecified  (3972)    4861    3921    
   442 29.53 0.00 0.00          NC_071668.1  39281698  39281846 (39594514) C               Kuruka     Unspecified  (5140)    3693    3545    
   413 34.44 5.83 0.79          NC_071668.1  39359362  39359601 (39516759) +               Kuruka     Unspecified    3581    3832  (5001)    
   562 35.81 3.45 1.91          NC_071668.1  39359778  39360241 (39516119) +               Kuruka     Unspecified    4086    4556  (4277)    
   278 24.70 2.41 2.41          NC_071668.1  39568163  39568245 (39308115) +               Kuruka     Unspecified    3756    3838  (4995)    
   539 33.90 4.06 4.27          NC_071668.1  39645817  39646309 (39230051) C               Kuruka     Unspecified  (4288)    4545    4054    
   248 27.16 2.41 2.41          NC_071668.1  39647753  39647835 (39228525) C               Kuruka     Unspecified  (4995)    3838    3756    
   255 37.16 0.00 0.00          NC_071668.1  39684781  39684928 (39191432) C               Kuruka     Unspecified  (4222)    4611    4464    
   342 32.05 11.18 2.72          NC_071668.1  39685539  39685878 (39190482) C               Kuruka     Unspecified  (5001)    3832    3465    
   233 33.93 0.88 0.88          NC_071668.1  39735215  39735327 (39141033) +               Kuruka     Unspecified    4219    4331  (4502)    
   276 22.95 0.00 0.00          NC_071668.1  39912650  39912710 (38963650) +               Kuruka     Unspecified    4485    4545  (4288)    
   506 32.25 5.79 5.97          NC_071668.1  39936917  39937503 (38938857) C               Kuruka     Unspecified  (4282)    4551    3966    
   244 31.33 5.93 0.70          NC_071668.1  40539840  40539974 (38336386) C               Kuruka     Unspecified  (4212)    4621    4480    
  1770 34.75 3.44 1.52          NC_071668.1  40541453  40542615 (38333745) C               Kuruka     Unspecified  (4212)    4621    3437    
   575 31.57 6.16 3.79          NC_071668.1  40727274  40727711 (38148649) +               Kuruka     Unspecified    3571    4018  (4815)    
   485 35.01 3.22 2.64          NC_071668.1  40727703  40728230 (38148130) +               Kuruka     Unspecified    4113    4643  (4190)    
   257 29.70 1.53 2.31          NC_071668.1  40728256  40728386 (38147974) +               Kuruka     Unspecified    4716    4845  (3988)    
   357 30.17 5.85 6.17          NC_071668.1  40869747  40870071 (38006289) C               Kuruka     Unspecified  (4292)    4541    4218    
   331 34.72 5.76 4.84          NC_071668.1  40929800  40930250 (37946110) C               Kuruka     Unspecified  (4456)    4377    3923    
   261 25.92 2.41 2.41          NC_071668.1  40930368  40930450 (37945910) C               Kuruka     Unspecified  (4995)    3838    3756    
   242 36.55 2.89 3.23          NC_071668.1  41019834  41020144 (37856216) +               Kuruka     Unspecified    4227    4536  (4297)    
   254 30.15 4.11 4.59          NC_071668.1  41023746  41023964 (37852396) C               Kuruka     Unspecified  (4333)    4500    4283    
   293 36.61 2.39 2.59          NC_071668.1  41494238  41494739 (37381621) C               Kuruka     Unspecified  (4297)    4536    4036    
   242 34.65 3.32 4.18          NC_071668.1  42018676  42018916 (36857444) +               Kuruka     Unspecified    3462    3700  (5133)    
   324 34.75 7.12 3.57          NC_071668.1  42019468  42019846 (36856514) +               Kuruka     Unspecified    4220    4611  (4222)    
   737 36.87 3.48 3.39          NC_071668.1  42277989  42279139 (36597221) +               Kuruka     Unspecified    3625    4776  (4057)    
   379 33.00 3.83 1.40          NC_071668.1  42283390  42283598 (36592762) +               Kuruka     Unspecified    3625    3838  (4995)    
   236 37.24 2.99 2.99          NC_071668.1  43995744  43996244 (34880116) +               Kuruka     Unspecified    4036    4536  (4297)    
   235 17.54 3.39 3.39          NC_071668.1  44351686  44351744 (34524616) +               Kuruka     Unspecified    4298    4356  (4477)    
   280 30.49 0.00 0.00          NC_071668.1  46000001  46000082 (32876278) C               Kuruka     Unspecified  (5141)    3692    3611    
   242 37.02 2.39 2.59          NC_071668.1  48975550  48976051 (29900309) +               Kuruka     Unspecified    4036    4536  (4297)    
   353 35.10 4.62 4.84          NC_071668.1  49706633  49707108 (29169252) C               Kuruka     Unspecified  (4289)    4544    4070    
   227 24.67 2.53 2.53          NC_071668.1  49707381  49707459 (29168901) C               Kuruka     Unspecified  (5000)    3833    3755    
   278 24.70 2.41 2.41          NC_071668.1  51529997  51530079 (27346281) C               Kuruka     Unspecified  (4995)    3838    3756    
  1644 34.09 3.12 2.48          NC_071668.1  57967030  57968151 (20908209) +               Kuruka     Unspecified    3458    4586  (4247)    
   235 17.54 3.39 3.39          NC_071668.1  60705950  60706008 (18170352) C               Kuruka     Unspecified  (4477)    4356    4298    
   335 38.16 2.56 2.72          NC_071668.1  62146593  62147217 (16729143) C               Kuruka     Unspecified  (4292)    4541    3918    
   227 24.67 2.53 2.53          NC_071669.1  18562470  18562548 (56951086) +               Kuruka     Unspecified    3755    3833  (5000)    
   360 35.10 4.62 4.84          NC_071669.1  18562821  18563296 (56950338) +               Kuruka     Unspecified    4070    4544  (4289)    
   701 33.85 2.85 2.85          NC_071669.1  21514664  21515189 (53998445) +               Kuruka     Unspecified    4053    4578  (4255)    
   235 17.54 3.39 3.39          NC_071669.1  23221496  23221554 (52292080) +               Kuruka     Unspecified    4298    4356  (4477)    
   330 35.83 1.92 2.32          NC_071669.1  23474406  23474665 (52038969) +               Kuruka     Unspecified    4283    4541  (4292)    
   416 33.89 0.56 0.00          NC_071669.1  26804188  26804367 (48709267) +               Kuruka     Unspecified    3650    3830  (5003)    
   240 30.56 0.00 0.00          NC_071669.1  26865101  26865172 (48648462) +               Kuruka     Unspecified    3758    3829  (5004)    
   409 29.84 5.85 6.17          NC_071669.1  27134213  27134537 (48379097) +               Kuruka     Unspecified    4218    4541  (4292)    
   251 22.23 0.00 1.59          NC_071669.1  27137948  27138011 (48375623) +               Kuruka     Unspecified    4286    4348  (4485)    
   799 36.21 2.48 2.62          NC_071669.1  27330372  27331097 (48182537) +               Kuruka     Unspecified    4053    4777  (4056)    
   335 31.22 6.01 3.78          NC_071669.1  27587079  27587311 (47926323) C               Kuruka     Unspecified  (5133)    3700    3463    
   518 35.20 3.77 3.94          NC_071669.1  27619632  27620267 (47893367) +               Kuruka     Unspecified    3918    4552  (4281)    
   382 34.66 2.89 5.11          NC_071669.1  27789470  27789849 (47723785) +               Kuruka     Unspecified    4074    4445  (4388)    
   491 27.58 5.75 4.15          NC_071669.1  27958169  27958429 (47555205) C               Kuruka     Unspecified  (4369)    4464    4200    
   276 32.73 3.50 3.80          NC_071669.1  28619682  28620024 (46893610) C               Kuruka     Unspecified  (4456)    4377    4036    
   289 28.78 3.47 3.47          NC_071669.1  28739527  28739670 (46773964) +               Kuruka     Unspecified    4403    4546  (4287)    
   369 28.48 6.77 7.10          NC_071669.1  28993901  28994225 (46519409) +               Kuruka     Unspecified    4218    4541  (4292)    
   295 31.02 8.14 6.29          NC_071669.1  29236988  29237331 (46276303) C               Kuruka     Unspecified  (5028)    3805    3456    
   441 33.42 4.45 4.69          NC_071669.1  29528836  29529262 (45984372) C               Kuruka     Unspecified  (4288)    4545    4120    
   236 27.16 2.41 2.41          NC_071669.1  29529317  29529399 (45984235) C               Kuruka     Unspecified  (4995)    3838    3756    
   372 24.73 0.00 0.00          NC_071669.1  30199756  30199848 (45313786) +               Kuruka     Unspecified    3587    3679  (5154)    
   372 24.73 0.00 0.00          NC_071669.1  30203654  30203746 (45309888) +               Kuruka     Unspecified    3587    3679  (5154)    
   256 29.46 0.00 0.89          NC_071669.1  30301985  30302097 (45211537) +               Kuruka     Unspecified    3545    3656  (5177)    
   271 26.92 2.80 2.80          NC_071669.1  30302275  30302381 (45211253) +               Kuruka     Unspecified    4059    4165  (4668)    
   256 29.46 0.00 0.89          NC_071669.1  30307973  30308085 (45205549) +               Kuruka     Unspecified    3545    3656  (5177)    
   271 26.92 2.80 2.80          NC_071669.1  30308263  30308369 (45205265) +               Kuruka     Unspecified    4059    4165  (4668)    
   379 32.98 5.56 2.87          NC_071669.1  30308718  30309023 (45204611) +               Kuruka     Unspecified    4273    4586  (4247)    
   254 25.38 0.00 2.82          NC_071669.1  30436390  30436462 (45077172) C               Kuruka     Unspecified  (4292)    4541    4471    
   248 32.26 0.00 4.24          NC_071669.1  33588554  33588676 (41924958) +               Kuruka     Unspecified    3583    3700  (5133)    
   358 33.47 3.01 3.40          NC_071669.1  33589221  33589486 (41924148) +               Kuruka     Unspecified    4365    4629  (4204)    
   406 34.95 5.21 3.00          NC_071669.1  33738846  33739497 (41774137) +               Kuruka     Unspecified    3587    4252  (4581)    
   537 34.92 3.90 4.07          NC_071669.1  34122289  34122903 (41390731) C               Kuruka     Unspecified  (4288)    4545    3932    
   278 24.70 2.41 2.41          NC_071669.1  34123030  34123112 (41390522) C               Kuruka     Unspecified  (4995)    3838    3756    
   582 30.38 1.57 2.79          NC_071669.1  34171793  34172046 (41341588) +               Kuruka     Unspecified    3580    3830  (5003)    
   387 38.72 0.90 1.21          NC_071669.1  34172527  34172858 (41340776) +               Kuruka     Unspecified    4278    4608  (4225)    
   314 29.92 8.88 1.10          NC_071669.1  34445730  34445898 (41067736) C               Kuruka     Unspecified  (5001)    3832    3651    
   314 29.92 8.88 1.10          NC_071669.1  34447641  34447809 (41065825) C               Kuruka     Unspecified  (5001)    3832    3651    
   232 24.67 2.53 2.53          NC_071670.1   2621044   2621122 (72222361) +               Kuruka     Unspecified    3755    3833  (5000)    
   304 22.73 0.00 0.00          NC_071670.1   2621805   2621870 (72221613) +               Kuruka     Unspecified    4479    4544  (4289)    
   406 29.51 5.85 6.17          NC_071670.1  16362055  16362379 (58481104) +               Kuruka     Unspecified    4218    4541  (4292)    
   280 28.90 4.48 4.48          NC_071670.1  21962502  21962635 (52880848) +               Kuruka     Unspecified    4413    4546  (4287)    
   284 28.90 4.48 4.48          NC_071670.1  21972700  21972833 (52870650) +               Kuruka     Unspecified    4413    4546  (4287)    
   635 34.28 5.00 4.49          NC_071670.1  22024276  22024895 (52818588) C               Kuruka     Unspecified  (4288)    4545    3923    
   302 32.14 3.08 3.08          NC_071670.1  23080807  23081066 (51762417) +               Kuruka     Unspecified    3441    3700  (5133)    
   391 31.97 4.47 3.89          NC_071670.1  23081555  23081912 (51761571) +               Kuruka     Unspecified    4197    4556  (4277)    
   302 32.14 3.08 3.08          NC_071670.1  23084655  23084914 (51758569) +               Kuruka     Unspecified    3441    3700  (5133)    
   391 31.97 4.47 3.89          NC_071670.1  23085403  23085760 (51757723) +               Kuruka     Unspecified    4197    4556  (4277)    
   261 25.92 2.41 2.41          NC_071670.1  23177310  23177392 (51666091) +               Kuruka     Unspecified    3756    3838  (4995)    
   583 33.62 4.97 5.14          NC_071670.1  23177510  23178133 (51665350) +               Kuruka     Unspecified    3923    4545  (4288)    
   324 30.19 7.89 4.91          NC_071670.1  25080808  25081124 (49762359) C               Kuruka     Unspecified  (5001)    3832    3507    
   250 37.29 2.25 2.58          NC_071670.1  25671572  25671882 (49171601) +               Kuruka     Unspecified    4227    4536  (4297)    
   243 37.02 2.39 2.59          NC_071670.1  25677978  25678479 (49165004) +               Kuruka     Unspecified    4036    4536  (4297)    
   342 27.35 3.03 3.03          NC_071670.1  25750955  25751086 (49092397) C               Kuruka     Unspecified  (4300)    4533    4402    
   595 33.67 4.65 4.82          NC_071670.1  26468935  26469558 (48373925) C               Kuruka     Unspecified  (4288)    4545    3923    
   236 27.16 2.41 2.41          NC_071670.1  26469676  26469758 (48373725) C               Kuruka     Unspecified  (4995)    3838    3756    
   595 33.67 4.65 4.82          NC_071670.1  26475349  26475972 (48367511) C               Kuruka     Unspecified  (4288)    4545    3923    
   236 27.16 2.41 2.41          NC_071670.1  26476090  26476172 (48367311) C               Kuruka     Unspecified  (4995)    3838    3756    
   595 33.67 4.65 4.82          NC_071670.1  26481763  26482386 (48361097) C               Kuruka     Unspecified  (4288)    4545    3923    
   236 27.16 2.41 2.41          NC_071670.1  26482504  26482586 (48360897) C               Kuruka     Unspecified  (4995)    3838    3756    
   261 25.92 2.41 2.41          NC_071670.1  26769297  26769379 (48074104) C               Kuruka     Unspecified  (4995)    3838    3756    
   284 34.44 1.31 1.31          NC_071670.1  27216730  27216882 (47626601) +               Kuruka     Unspecified    4403    4555  (4278)    
   225 19.30 15.79 0.00          NC_071670.1  27669779  27669835 (47173648) C               Kuruka     Unspecified  (6807)    2026    1961    
   251 32.36 5.53 4.57          NC_071670.1  28873603  28873819 (45969664) +               Kuruka     Unspecified    3910    4128  (4705)    
   465 37.46 2.64 2.81          NC_071670.1  30772169  30772775 (44070708) C               Kuruka     Unspecified  (4289)    4544    3939    
   281 35.92 3.44 2.26          NC_071670.1  30780014  30780275 (44063208) C               Kuruka     Unspecified  (4278)    4555    4291    
   260 25.40 0.00 0.00          NC_071670.1  30810138  30810200 (44033283) C               Kuruka     Unspecified  (4287)    4546    4484    
   352 37.08 0.00 1.29          NC_071670.1  30814652  30814886 (44028597) C               Kuruka     Unspecified  (5020)    3813    3582    
   331 33.69 6.37 6.37          NC_071670.1  30897943  30898554 (43944929) C               Kuruka     Unspecified  (4291)    4542    3931    
   359 29.20 9.30 7.43          NC_071670.1  30898712  30899055 (43944428) C               Kuruka     Unspecified  (5028)    3805    3456    
   331 33.69 6.37 6.37          NC_071670.1  30902645  30903256 (43940227) C               Kuruka     Unspecified  (4291)    4542    3931    
   359 29.20 9.30 7.43          NC_071670.1  30903414  30903757 (43939726) C               Kuruka     Unspecified  (5028)    3805    3456    
   303 24.17 13.29 4.52          NC_071670.1  31000876  31001018 (43842465) C               Kuruka     Unspecified  (5028)    3805    3651    
   494 30.41 0.00 0.00          NC_071670.1  31239445  31239615 (43603868) +               Kuruka     Unspecified    3660    3830  (5003)    
   769 37.54 1.77 1.93          NC_071670.1  33518122  33518743 (41324740) C               Kuruka     Unspecified  (4278)    4555    3935    
   436 33.33 5.97 0.00          NC_071670.1  33518849  33519049 (41324434) C               Kuruka     Unspecified  (5001)    3832    3620    
   381 37.34 2.46 2.67          NC_071670.1  33856062  33856548 (40986935) C               Kuruka     Unspecified  (4292)    4541    4056    
   288 34.96 3.96 4.33          NC_071670.1  33928013  33928290 (40915193) C               Kuruka     Unspecified  (4288)    4545    4269    
   235 17.54 3.39 3.39          NC_071670.1  58504610  58504668 (16338815) +               Kuruka     Unspecified    4298    4356  (4477)    
   278 24.70 2.41 2.41          NC_071670.1  60517913  60517995 (14325488) C               Kuruka     Unspecified  (4995)    3838    3756    
   240 17.54 3.39 3.39          NC_071670.1  74150513  74150571 (692912) +               Kuruka     Unspecified    4298    4356  (4477)    
   252 30.43 3.59 3.59          NC_071671.1  17150283  17150449 (56473967) +               Kuruka     Unspecified    4283    4449  (4384)    
   409 29.84 5.85 6.17          NC_071671.1  20002059  20002383 (53622033) +               Kuruka     Unspecified    4218    4541  (4292)    
   833 36.47 4.29 3.23          NC_071671.1  21117471  21118728 (52505688) +               Kuruka     Unspecified    3587    4857  (3976)    
   380 33.49 6.13 0.00          NC_071671.1  28135035  28135246 (45489170) C               Kuruka     Unspecified  (5022)    3811    3587    
   281 36.10 2.57 2.90          NC_071671.1  28993956  28994266 (44630150) +               Kuruka     Unspecified    4227    4536  (4297)    
   251 29.34 7.11 7.59          NC_071671.1  29115157  29115381 (44509035) C               Kuruka     Unspecified  (4288)    4545    4322    
   251 29.76 0.00 0.00          NC_071671.1  29115602  29115685 (44508731) C               Kuruka     Unspecified  (4796)    4037    3954    
   419 32.86 2.46 2.82          NC_071671.1  29181584  29181868 (44442548) C               Kuruka     Unspecified  (4281)    4552    4269    
   298 33.96 4.50 4.50          NC_071671.1  29181978  29182199 (44442217) C               Kuruka     Unspecified  (4694)    4139    3918    
   239 20.37 0.00 0.00          NC_071671.1  29232414  29232467 (44391949) +               Kuruka     Unspecified    4295    4348  (4485)    
   399 32.95 7.36 3.55          NC_071671.1  29584660  29585175 (44039241) C               Kuruka     Unspecified  (4177)    4656    4122    
   399 32.95 7.36 3.55          NC_071671.1  29593054  29593569 (44030847) C               Kuruka     Unspecified  (4177)    4656    4122    
   387 33.02 7.38 3.56          NC_071671.1  29599788  29600302 (44024114) C               Kuruka     Unspecified  (4178)    4655    4122    
   349 26.88 0.00 0.00          NC_071671.1  29970421  29970513 (43653903) +               Kuruka     Unspecified    3738    3830  (5003)    
   235 35.17 3.45 3.93          NC_071671.1  30053822  30054256 (43570160) +               Kuruka     Unspecified    3921    4353  (4480)    
   422 35.24 4.92 3.73          NC_071671.1  30065340  30065949 (43558467) C               Kuruka     Unspecified  (4278)    4555    3939    
   252 30.97 7.53 4.69          NC_071671.1  30118728  30119059 (43505357) C               Kuruka     Unspecified  (5031)    3802    3462    
   236 36.52 2.37 1.17          NC_071671.1  30398816  30398984 (43225432) C               Kuruka     Unspecified  (4725)    4108    3938    
   381 33.72 2.50 2.79          NC_071671.1  30445506  30445865 (43178551) +               Kuruka     Unspecified    4220    4578  (4255)    
   323 25.53 1.05 1.05          NC_071671.1  30568599  30568693 (43055723) +               Kuruka     Unspecified    3575    3669  (5164)    
   428 37.50 2.87 3.13          NC_071671.1  30568705  30569505 (43054911) +               Kuruka     Unspecified    3758    4556  (4277)    
   604 34.94 4.26 2.85          NC_071671.1  33338761  33339417 (40284999) +               Kuruka     Unspecified    3587    4252  (4581)    
   578 34.81 4.09 4.25          NC_071671.1  33362220  33362855 (40261561) C               Kuruka     Unspecified  (4281)    4552    3918    
   317 35.62 4.23 4.43          NC_071671.1  34049948  34050467 (39573949) C               Kuruka     Unspecified  (4376)    4457    3939    
   564 30.78 1.57 2.79          NC_071671.1  34101269  34101522 (39522894) +               Kuruka     Unspecified    3580    3830  (5003)    
   380 38.22 1.21 1.21          NC_071671.1  34102003  34102333 (39522083) +               Kuruka     Unspecified    4278    4608  (4225)    
   619 37.52 2.49 2.61          NC_071671.1  34163265  34164107 (39460309) C               Kuruka     Unspecified  (4057)    4776    3935    
   393 32.67 5.94 0.00          NC_071671.1  34164207  34164408 (39460008) C               Kuruka     Unspecified  (4995)    3838    3625    
   266 35.01 4.25 2.90          NC_071671.1  34192848  34193153 (39431263) +               Kuruka     Unspecified    4227    4536  (4297)    
   321 35.62 0.00 0.00          NC_071671.1  34354876  34355021 (39269395) C               Kuruka     Unspecified  (4222)    4611    4466    
   275 34.62 2.48 3.12          NC_071671.1  34371709  34371869 (39252547) +               Kuruka     Unspecified    4285    4444  (4389)    
   290 33.66 6.50 0.47          NC_071671.1  34571180  34571379 (39053037) +               Kuruka     Unspecified    3629    3840  (4993)    
   522 35.24 3.11 3.26          NC_071671.1  34571493  34572199 (39052217) +               Kuruka     Unspecified    3951    4656  (4177)    
   412 29.79 4.91 3.73          NC_071671.1  34602433  34602697 (39021719) +               Kuruka     Unspecified    4278    4545  (4288)    
   264 34.85 2.56 3.99          NC_071671.1  34650782  34651289 (38973127) C               Kuruka     Unspecified  (4297)    4536    4036    
   540 32.95 4.39 6.19          NC_071671.1  34895732  34896323 (38728093) +               Kuruka     Unspecified    3580    4161  (4672)    
   329 35.76 5.54 3.63          NC_071671.1  34896437  34896761 (38727655) +               Kuruka     Unspecified    4278    4608  (4225)    
   589 33.67 3.89 5.67          NC_071671.1  34901082  34901673 (38722743) +               Kuruka     Unspecified    3580    4161  (4672)    
   344 38.62 3.08 1.21          NC_071671.1  34901787  34902111 (38722305) +               Kuruka     Unspecified    4278    4608  (4225)    
   589 33.67 3.89 5.67          NC_071671.1  34906227  34906818 (38717598) +               Kuruka     Unspecified    3580    4161  (4672)    
   344 38.62 3.08 1.21          NC_071671.1  34906932  34907256 (38717160) +               Kuruka     Unspecified    4278    4608  (4225)    
   245 16.66 4.08 2.00          NC_071671.1  35321268  35321316 (38303100) C               Kuruka     Unspecified  (1682)    7151    7102    
   402 29.82 7.02 0.00          NC_071671.1  35560240  35560410 (38064006) +               Kuruka     Unspecified    3651    3833  (5000)    
   601 35.76 5.26 2.33          NC_071671.1  35727494  35728120 (37896296) C               Kuruka     Unspecified  (4282)    4551    3907    
   260 32.26 0.00 0.00          NC_071671.1  35728406  35728498 (37895918) C               Kuruka     Unspecified  (5154)    3679    3587    
   962 31.78 2.75 2.95          NC_071671.1  36284247  36284755 (37339661) C               Kuruka     Unspecified  (4405)    4428    3921    
   662 34.20 0.74 0.74          NC_071671.1  36651371  36651641 (36972775) C               Kuruka     Unspecified  (4196)    4637    4367    
   331 33.03 6.20 1.18          NC_071671.1  37804442  37804683 (35819733) +               Kuruka     Unspecified    3580    3833  (5000)    
   348 32.64 2.78 0.00          NC_071671.1  37904859  37905002 (35719414) +               Kuruka     Unspecified    3545    3692  (5141)    
   834 32.01 5.22 4.20          NC_071671.1  37905236  37905848 (35718568) +               Kuruka     Unspecified    3935    4553  (4280)    
   524 35.31 4.09 4.25          NC_071671.1  39085636  39086271 (34538145) +               Kuruka     Unspecified    3918    4552  (4281)    
   350 31.77 2.61 3.29          NC_071671.1  44847478  44847630 (28776786) +               Kuruka     Unspecified    4295    4446  (4387)    
   458 35.25 2.29 2.55          NC_071671.1  45257988  45258380 (28366036) C               Kuruka     Unspecified  (4222)    4611    4220    
   246 35.49 2.07 3.35          NC_071671.1  45258924  45259165 (28365251) C               Kuruka     Unspecified  (5133)    3700    3462    
   572 30.78 1.57 2.79          NC_071671.1  52280911  52281164 (21343252) C               Kuruka     Unspecified  (5003)    3830    3580    
   227 24.67 2.53 2.53          NC_071671.1  62209766  62209844 (11414572) +               Kuruka     Unspecified    3755    3833  (5000)    
   380 34.88 4.62 4.84          NC_071671.1  62210117  62210592 (11413824) +               Kuruka     Unspecified    4070    4544  (4289)    
   392 35.61 1.82 2.13          NC_071672.1     67883     68212 (34103181) C               Kuruka     Unspecified  (4288)    4545    4217    
   753 37.54 1.77 1.93          NC_071672.1     92028     92649 (34078744) C               Kuruka     Unspecified  (4278)    4555    3935    
   436 33.33 5.97 0.00          NC_071672.1     92755     92955 (34078438) C               Kuruka     Unspecified  (5001)    3832    3620    
   346 32.66 5.91 0.47          NC_071672.1    525301    525503 (33645890) +               Kuruka     Unspecified    3625    3838  (4995)    
   528 37.27 3.85 2.61          NC_071672.1    525603    526434 (33644959) +               Kuruka     Unspecified    3935    4776  (4057)    
   376 32.67 5.94 0.00          NC_071672.1    540149    540350 (33631043) +               Kuruka     Unspecified    3625    3838  (4995)    
   585 36.82 3.96 2.85          NC_071672.1    540450    541282 (33630111) +               Kuruka     Unspecified    3935    4776  (4057)    
   564 35.86 2.87 3.05          NC_071672.1    543661    544218 (33627175) +               Kuruka     Unspecified    4220    4776  (4057)    
  1442 34.81 3.38 2.81          NC_071672.1    792289    793562 (33377831) +               Kuruka     Unspecified    3496    4776  (4057)    
  1640 34.64 3.38 2.81          NC_071672.1    827812    829085 (33342308) +               Kuruka     Unspecified    3496    4776  (4057)    
  1647 34.35 3.45 2.89          NC_071672.1    892237    893510 (33277883) +               Kuruka     Unspecified    3496    4776  (4057)    
   480 37.19 3.96 2.85          NC_071672.1   1463266   1464098 (32707295) +               Kuruka     Unspecified    3935    4776  (4057)    
  1498 35.13 2.90 2.50          NC_071672.1   1551442   1552717 (32618676) +               Kuruka     Unspecified    3496    4776  (4057)    
   537 37.29 2.64 2.81          NC_071672.1   1611310   1611916 (32559477) +               Kuruka     Unspecified    3939    4544  (4289)    
  1201 35.27 4.12 3.46          NC_071672.1   2161293   2162555 (32008838) +               Kuruka     Unspecified    3587    4857  (3976)    
  1201 35.27 4.12 3.46          NC_071672.1   2193540   2194802 (31976591) +               Kuruka     Unspecified    3587    4857  (3976)    
  1459 34.86 3.55 2.50          NC_071672.1   2699970   2701237 (31470156) +               Kuruka     Unspecified    3496    4776  (4057)    
   536 36.95 2.64 2.81          NC_071672.1   2780647   2781253 (31390140) +               Kuruka     Unspecified    3939    4544  (4289)    
   333 36.62 4.08 2.97          NC_071672.1   3381738   3382570 (30788823) +               Kuruka     Unspecified    3935    4776  (4057)    
   353 36.94 3.96 2.85          NC_071672.1   3396374   3397206 (30774187) +               Kuruka     Unspecified    3935    4776  (4057)    
  1513 35.02 3.30 2.65          NC_071672.1   3580536   3581808 (30589585) +               Kuruka     Unspecified    3496    4776  (4057)    
  1582 35.29 2.90 2.34          NC_071672.1   3604949   3606222 (30565171) +               Kuruka     Unspecified    3496    4776  (4057)    
   543 33.87 2.85 2.85          NC_071672.1   3608925   3609310 (30562083) +               Kuruka     Unspecified    4391    4776  (4057)    
   543 33.87 2.85 2.85          NC_071672.1   3611677   3612062 (30559331) +               Kuruka     Unspecified    4391    4776  (4057)    
   567 33.60 2.85 2.85          NC_071672.1   3614304   3614689 (30556704) +               Kuruka     Unspecified    4391    4776  (4057)    
   543 33.87 2.85 2.85          NC_071672.1   3617360   3617745 (30553648) +               Kuruka     Unspecified    4391    4776  (4057)    
   543 33.87 2.85 2.85          NC_071672.1   3620039   3620424 (30550969) +               Kuruka     Unspecified    4391    4776  (4057)    
   567 33.60 2.85 2.85          NC_071672.1   3622956   3623341 (30548052) +               Kuruka     Unspecified    4391    4776  (4057)    
   567 33.60 2.85 2.85          NC_071672.1   3626152   3626537 (30544856) +               Kuruka     Unspecified    4391    4776  (4057)    
   532 33.87 2.85 2.85          NC_071672.1   3628768   3629153 (30542240) +               Kuruka     Unspecified    4391    4776  (4057)    
   523 37.46 2.64 2.81          NC_071672.1   3682269   3682875 (30488518) +               Kuruka     Unspecified    3939    4544  (4289)    
   411 29.84 5.85 6.17          NC_071672.1   3887898   3888222 (30283171) C               Kuruka     Unspecified  (4292)    4541    4218    
   660 37.71 1.77 1.93          NC_071672.1   4398297   4398918 (29772475) C               Kuruka     Unspecified  (4278)    4555    3935    
   414 33.33 5.97 0.00          NC_071672.1   4399024   4399224 (29772169) C               Kuruka     Unspecified  (5001)    3832    3620    
   721 37.71 1.77 1.93          NC_071672.1   4425660   4426281 (29745112) C               Kuruka     Unspecified  (4278)    4555    3935    
   430 33.33 5.97 0.00          NC_071672.1   4426387   4426587 (29744806) C               Kuruka     Unspecified  (5001)    3832    3620    
   678 36.61 0.76 0.96          NC_071672.1  26937820  26938343 (7233050) C               Kuruka     Unspecified  (4247)    4586    4064    
   678 36.61 0.76 0.96          NC_071672.1  26942487  26943010 (7228383) C               Kuruka     Unspecified  (4247)    4586    4064    
   296 33.34 4.12 4.73          NC_071672.1  27381665  27382004 (6789389) +               Kuruka     Unspecified    4293    4630  (4203)    
   346 34.48 3.03 3.34          NC_071672.1  27574098  27574427 (6596966) C               Kuruka     Unspecified  (4287)    4546    4218    
   346 34.48 3.03 3.34          NC_071672.1  27592212  27592541 (6578852) C               Kuruka     Unspecified  (4287)    4546    4218    
   243 24.00 0.00 0.00          NC_071672.1  27846109  27846158 (6325235) C               Kuruka     Unspecified  (4382)    4451    4402    
   262 32.74 4.07 0.56          NC_071672.1  28558909  28559080 (5612313) +               Kuruka     Unspecified    4062    4239  (4594)    
   262 32.74 4.07 0.56          NC_071672.1  28569574  28569745 (5601648) +               Kuruka     Unspecified    4062    4239  (4594)    
   262 32.74 4.07 0.56          NC_071672.1  28579714  28579885 (5591508) +               Kuruka     Unspecified    4062    4239  (4594)    
   262 32.74 4.07 0.56          NC_071672.1  28595698  28595869 (5575524) +               Kuruka     Unspecified    4062    4239  (4594)    
   262 32.74 4.07 0.56          NC_071672.1  28608180  28608351 (5563042) +               Kuruka     Unspecified    4062    4239  (4594)    
   294 32.76 1.23 5.81          NC_071672.1  29750857  29751018 (4420375) +               Kuruka     Unspecified    4403    4557  (4276)    
   304 29.07 5.10 5.77          NC_071672.1  29888634  29888790 (4282603) +               Kuruka     Unspecified    4286    4441  (4392)    
   348 34.01 6.15 1.17          NC_071672.1  31500513  31500756 (2670637) +               Kuruka     Unspecified    3585    3840  (4993)    
   688 34.21 4.72 4.58          NC_071672.1  31500861  31501580 (2669813) +               Kuruka     Unspecified    3951    4671  (4162)    
   278 24.70 2.41 2.41          NC_071672.1  31803675  31803757 (2367636) +               Kuruka     Unspecified    3756    3838  (4995)    
   276 24.70 2.41 2.41          NC_071672.1  32206904  32206986 (1964407) +               Kuruka     Unspecified    3756    3838  (4995)    
   333 34.28 4.04 4.28          NC_071672.1  32510962  32511406 (1659987) C               Kuruka     Unspecified  (4292)    4541    4098    
   399 25.29 0.00 0.00          NC_071672.1  33114322  33114408 (1056985) C               Kuruka     Unspecified  (5294)    3539    3453    
   243 26.98 0.00 0.00          NC_071672.1  33169769  33169831 (1001562) +               Kuruka     Unspecified    4484    4546  (4287)    
   406 29.51 5.85 6.17          NC_071672.1  33184704  33185028 (986365) C               Kuruka     Unspecified  (4292)    4541    4218    
   242 28.00 1.94 2.94          NC_071672.1  33658479  33658581 (512812) C               Kuruka     Unspecified  (4456)    4377    4276    
   242 37.41 4.07 2.20          NC_071672.1  33841361  33841852 (329541) +               Kuruka     Unspecified    4036    4536  (4297)    
   225 27.07 1.15 2.33          NC_071672.1  33944337  33944423 (226970) C               Kuruka     Unspecified  (4456)    4377    4292    
   297 28.92 0.00 0.00          NC_071672.1  34151939  34152021  (19372) C               Kuruka     Unspecified  (4833)    4000    3918    
   499 35.61 5.08 1.64          NC_071672.1  34160899  34161252  (10141) +               Kuruka     Unspecified    3466    3831  (5002)    
   652 30.48 5.31 6.05          NC_071672.1  34161363  34161795   (9598) +               Kuruka     Unspecified    3943    4372  (4461)    
   914 34.13 5.39 4.24          NC_071672.1  34164000  34164816   (6577) +               Kuruka     Unspecified    3547    4372  (4461)    
   295 33.48 7.54 0.94          NC_071673.1    267288    267486 (9934091) +               Kuruka     Unspecified    3629    3840  (4993)    
   250 36.32 2.90 2.90          NC_071673.1    267604    267810 (9933767) +               Kuruka     Unspecified    3951    4157  (4676)    
   300 35.64 3.86 4.14          NC_071673.1    767499    767861 (9433716) C               Kuruka     Unspecified  (4177)    4656    4295    
   542 34.38 5.23 4.57          NC_071673.1    808139    808769 (9392808) +               Kuruka     Unspecified    3918    4552  (4281)    
   554 35.44 2.05 2.31          NC_071673.1    940808    941197 (9260380) +               Kuruka     Unspecified    4283    4671  (4162)    
   543 32.19 6.68 5.62          NC_071673.1    945260    945858 (9255719) +               Kuruka     Unspecified    3938    4542  (4291)    
   231 28.49 3.25 5.83          NC_071673.1   1012604   1012726 (9188851) C               Kuruka     Unspecified  (5134)    3699    3580    
   640 37.98 2.14 2.14          NC_071673.1   1954027   1954868 (8246709) C               Kuruka     Unspecified  (4057)    4776    3935    
   391 32.67 5.94 0.00          NC_071673.1   1954967   1955168 (8246409) C               Kuruka     Unspecified  (4995)    3838    3625    
   278 24.70 2.41 2.41          NC_071673.1   1978445   1978527 (8223050) +               Kuruka     Unspecified    3756    3838  (4995)    
   538 31.59 1.57 2.79          NC_071673.1   2055341   2055594 (8145983) +               Kuruka     Unspecified    3580    3830  (5003)    
   233 24.19 0.00 0.00          NC_071673.1   2141972   2142033 (8059544) +               Kuruka     Unspecified    4293    4354  (4479)    
   646 35.57 4.79 4.10          NC_071673.1   2712877   2713773 (7487804) C               Kuruka     Unspecified  (3976)    4857    3955    
   656 35.45 4.79 4.10          NC_071673.1   2717083   2717979 (7483598) C               Kuruka     Unspecified  (3976)    4857    3955    
   656 35.45 4.79 4.10          NC_071673.1   2721289   2722185 (7479392) C               Kuruka     Unspecified  (3976)    4857    3955    
   261 25.92 2.41 2.41          NC_071673.1   2733887   2733969 (7467608) C               Kuruka     Unspecified  (4995)    3838    3756    
   720 35.40 4.61 3.94          NC_071673.1   2808690   2809621 (7391956) C               Kuruka     Unspecified  (3976)    4857    3920    
   731 35.30 4.61 3.94          NC_071673.1   2814207   2815138 (7386439) C               Kuruka     Unspecified  (3976)    4857    3920    
   731 35.30 4.61 3.94          NC_071673.1   2819724   2820655 (7380922) C               Kuruka     Unspecified  (3976)    4857    3920    
   244 36.49 3.24 2.29          NC_071673.1   3053303   3053518 (7148059) C               Kuruka     Unspecified  (4689)    4144    3927    
   295 26.25 0.00 0.00          NC_071673.1   3122236   3122315 (7079262) +               Kuruka     Unspecified    4275    4354  (4479)    
   278 24.70 2.41 2.41          NC_071673.1   3415901   3415983 (6785594) +               Kuruka     Unspecified    3756    3838  (4995)    
   630 36.50 3.68 3.80          NC_071673.1   3592792   3593634 (6607943) C               Kuruka     Unspecified  (4057)    4776    3935    
   391 32.67 5.94 0.00          NC_071673.1   3593734   3593935 (6607642) C               Kuruka     Unspecified  (4995)    3838    3625    
   399 33.11 0.00 0.00          NC_071673.1   3972508   3972655 (6228922) +               Kuruka     Unspecified    3545    3692  (5141)    
   763 34.27 5.85 1.93          NC_071673.1   3972889   3973486 (6228091) +               Kuruka     Unspecified    3935    4555  (4278)    
   399 33.11 0.00 0.00          NC_071673.1   3984966   3985113 (6216464) +               Kuruka     Unspecified    3545    3692  (5141)    
   735 34.44 5.85 1.93          NC_071673.1   3985347   3985944 (6215633) +               Kuruka     Unspecified    3935    4555  (4278)    
   421 32.43 0.00 0.00          NC_071673.1   3993267   3993414 (6208163) +               Kuruka     Unspecified    3545    3692  (5141)    
   705 34.78 5.85 1.93          NC_071673.1   3993648   3994245 (6207332) +               Kuruka     Unspecified    3935    4555  (4278)    
   428 32.21 0.00 0.00          NC_071673.1   4001565   4001713 (6199864) +               Kuruka     Unspecified    3545    3693  (5140)    
   335 33.86 0.00 0.00          NC_071673.1   4031884   4032010 (6169567) +               Kuruka     Unspecified    3566    3692  (5141)    
   562 33.58 6.92 2.00          NC_071673.1   4032319   4032795 (6168782) +               Kuruka     Unspecified    4056    4555  (4278)    
   300 33.93 2.62 2.92          NC_071673.1   4071391   4071733 (6129844) +               Kuruka     Unspecified    4036    4377  (4456)    
   291 26.56 11.19 2.58          NC_071673.1   4127941   4128083 (6073494) +               Kuruka     Unspecified    3651    3805  (5028)    
   321 31.52 4.61 4.91          NC_071673.1   4128508   4128854 (6072723) +               Kuruka     Unspecified    4197    4542  (4291)    
   336 32.65 3.57 3.98          NC_071673.1   4144460   4144711 (6056866) +               Kuruka     Unspecified    4292    4542  (4291)    
   495 38.69 2.00 2.15          NC_071673.1   4198597   4199296 (6002281) +               Kuruka     Unspecified    3913    4611  (4222)    
   326 32.84 6.47 0.00          NC_071673.1   4297237   4297437 (5904140) +               Kuruka     Unspecified    3625    3838  (4995)    
   452 37.49 2.73 2.85          NC_071673.1   4297537   4298379 (5903198) +               Kuruka     Unspecified    3935    4776  (4057)    
   303 28.92 0.00 0.00          NC_071673.1   4464515   4464597 (5736980) +               Kuruka     Unspecified    3918    4000  (4833)    
   303 28.92 0.00 0.00          NC_071673.1   4471464   4471546 (5730031) +               Kuruka     Unspecified    3918    4000  (4833)    
   533 34.40 3.55 3.32          NC_071673.1   4589673   4590123 (5611454) C               Kuruka     Unspecified  (4162)    4671    4220    
   539 29.76 0.00 0.00          NC_071673.1   4609552   4609719 (5591858) +               Kuruka     Unspecified    3663    3830  (5003)    
   440 38.42 2.24 2.24          NC_071673.1   4609860   4610530 (5591047) +               Kuruka     Unspecified    3938    4608  (4225)    
   557 34.98 4.09 4.25          NC_071673.1   4628978   4629613 (5571964) C               Kuruka     Unspecified  (4281)    4552    3918    
   371 26.54 5.73 6.41          NC_071673.1   4635422   4635578 (5565999) C               Kuruka     Unspecified  (4392)    4441    4286    
   238 36.55 2.59 2.80          NC_071673.1   4723522   4724022 (5477555) C               Kuruka     Unspecified  (4298)    4535    4036    
   225 28.57 0.00 0.00          NC_071673.1   4734798   4734853 (5466724) C               Kuruka     Unspecified  (4500)    4333    4278    
   552 29.31 0.00 0.00          NC_071673.1   4797031   4797204 (5404373) C               Kuruka     Unspecified  (5000)    3833    3660    
   534 35.31 4.09 4.25          NC_071673.1   4803565   4804200 (5397377) C               Kuruka     Unspecified  (4281)    4552    3918    
   229 32.98 0.00 0.00          NC_071673.1   4829018   4829111 (5372466) C               Kuruka     Unspecified  (4676)    4157    4064    
   272 33.61 6.05 3.95          NC_071673.1   4830017   4830363 (5371214) +               Kuruka     Unspecified    4198    4551  (4282)    
  1627 33.96 3.04 2.21          NC_071673.1   5139111   5140230 (5061347) C               Kuruka     Unspecified  (4247)    4586    3458    
   636 34.91 4.68 4.99          NC_071673.1   5210612   5211657 (4989920) C               Kuruka     Unspecified  (4162)    4671    3629    
   485 29.46 3.98 3.98          NC_071673.1   5232349   5232599 (4968978) +               Kuruka     Unspecified    3580    3830  (5003)    
   452 28.86 5.85 6.17          NC_071673.1   5347687   5348011 (4853566) +               Kuruka     Unspecified    4218    4541  (4292)    
   412 33.83 5.97 0.00          NC_071673.1   5470347   5470547 (4731030) +               Kuruka     Unspecified    3620    3832  (5001)    
   769 37.54 1.77 1.93          NC_071673.1   5470653   5471274 (4730303) +               Kuruka     Unspecified    3935    4555  (4278)    
   430 33.67 4.56 5.93          NC_071673.1   5582511   5582971 (4618606) +               Kuruka     Unspecified    3923    4377  (4456)    
   298 32.60 7.77 1.46          NC_071673.1   5605663   5605855 (4595722) C               Kuruka     Unspecified  (4978)    3855    3651    
   386 36.47 3.37 4.20          NC_071673.1   5661519   5662142 (4539435) +               Kuruka     Unspecified    3933    4551  (4282)    
   568 34.43 4.40 4.57          NC_071673.1   5953284   5953919 (4247658) +               Kuruka     Unspecified    3918    4552  (4281)    
   359 34.83 5.97 0.00          NC_071673.1   6040359   6040559 (4161018) +               Kuruka     Unspecified    3620    3832  (5001)    
   683 35.22 3.04 3.54          NC_071673.1   6040664   6041287 (4160290) +               Kuruka     Unspecified    3935    4555  (4278)    
   276 24.70 2.41 2.41          NC_071673.1   6355073   6355155 (3846422) +               Kuruka     Unspecified    3756    3838  (4995)    
   242 37.92 3.46 3.79          NC_071673.1   6385362   6385679 (3815898) C               Kuruka     Unspecified  (4222)    4611    4295    
   319 30.78 8.57 1.60          NC_071673.1   6386173   6386347 (3815230) C               Kuruka     Unspecified  (4996)    3837    3651    
   334 21.92 0.00 0.00          NC_071673.1   6416959   6417031 (3784546) +               Kuruka     Unspecified    3758    3830  (5003)    
   243 32.15 9.92 4.20          NC_071673.1   6427197   6427670 (3773907) +               Kuruka     Unspecified    4058    4557  (4276)    
  1063 35.70 3.96 3.30          NC_071673.1   6528812   6530074 (3671503) +               Kuruka     Unspecified    3587    4857  (3976)    
   428 29.31 2.47 3.11          NC_071673.1   6561331   6561492 (3640085) C               Kuruka     Unspecified  (4387)    4446    4286    
   379 33.17 5.94 0.00          NC_071673.1   6707334   6707535 (3494042) +               Kuruka     Unspecified    3625    3838  (4995)    
   534 36.31 2.23 2.43          NC_071673.1   6707948   6708441 (3493136) +               Kuruka     Unspecified    4284    4776  (4057)    
   296 36.24 0.96 0.96          NC_071673.1   6869333   6869541 (3332036) C               Kuruka     Unspecified  (4222)    4611    4403    
   548 31.18 1.57 2.79          NC_071673.1   6925293   6925546 (3276031) C               Kuruka     Unspecified  (5003)    3830    3580    
   647 34.32 2.65 2.88          NC_071673.1   7037202   7037654 (3163923) C               Kuruka     Unspecified  (4162)    4671    4220    
   296 35.34 4.20 4.20          NC_071673.1   7047781   7048161 (3153416) C               Kuruka     Unspecified  (4520)    4313    3933    
   383 36.62 2.98 3.28          NC_071673.1   7057293   7057628 (3143949) C               Kuruka     Unspecified  (4279)    4554    4220    
   630 34.74 1.03 2.08          NC_071673.1   7062386   7062676 (3138901) C               Kuruka     Unspecified  (2299)    6534    6247    
  4002 30.83 1.28 1.14          NC_071673.1   7068321   7069724 (3131853) C               Kuruka     Unspecified  (3975)    4858    3453    
  1637 32.16 6.37 1.37          NC_071673.1   7070012   7070985 (3130592) C               Kuruka     Unspecified  (5712)    3121    2100    
   533 31.60 5.77 2.81          NC_071673.1   7116176   7116556 (3085021) +               Kuruka     Unspecified    3439    3830  (5003)    
   340 34.67 6.53 0.00          NC_071673.1   7227394   7227592 (2973985) +               Kuruka     Unspecified    3629    3840  (4993)    
   549 32.50 6.43 5.21          NC_071673.1   7234401   7235007 (2966570) +               Kuruka     Unspecified    3938    4551  (4282)    
   598 33.19 5.92 4.68          NC_071673.1   7357210   7357800 (2843777) +               Kuruka     Unspecified    3954    4551  (4282)    
   340 36.03 1.66 1.66          NC_071673.1   7482609   7482910 (2718667) C               Kuruka     Unspecified  (4479)    4354    4053    
   340 36.03 1.66 1.66          NC_071673.1   7486886   7487187 (2714390) C               Kuruka     Unspecified  (4479)    4354    4053    
   387 31.68 5.94 0.00          NC_071673.1   7487355   7487556 (2714021) C               Kuruka     Unspecified  (4995)    3838    3625    
   314 35.41 5.81 0.39          NC_071673.1   7515612   7515852 (2685725) +               Kuruka     Unspecified    3587    3840  (4993)    
   384 37.27 2.90 3.07          NC_071673.1   7522719   7523338 (2678239) C               Kuruka     Unspecified  (4282)    4551    3933    
   680 34.94 4.95 4.33          NC_071673.1   7570807   7571817 (2629760) +               Kuruka     Unspecified    3629    4645  (4188)    
   287 35.41 3.12 4.09          NC_071673.1   7577885   7578205 (2623372) +               Kuruka     Unspecified    4328    4645  (4188)    
   496 37.13 2.79 2.95          NC_071673.1   7728530   7729209 (2472368) +               Kuruka     Unspecified    3933    4611  (4222)    
   467 37.18 2.14 2.33          NC_071673.1   7741491   7742005 (2459572) +               Kuruka     Unspecified    4098    4611  (4222)    
   278 24.70 2.41 2.41          NC_071673.1   7759877   7759959 (2441618) +               Kuruka     Unspecified    3756    3838  (4995)    
   395 34.50 3.62 3.91          NC_071673.1   7928620   7928978 (2272599) C               Kuruka     Unspecified  (4279)    4554    4197    
   413 34.21 3.62 3.91          NC_071673.1   7931309   7931667 (2269910) C               Kuruka     Unspecified  (4279)    4554    4197    
   413 34.21 3.62 3.91          NC_071673.1   7933999   7934357 (2267220) C               Kuruka     Unspecified  (4279)    4554    4197    
   413 34.21 3.62 3.91          NC_071673.1   7936689   7937047 (2264530) C               Kuruka     Unspecified  (4279)    4554    4197    
   492 30.68 6.91 1.94          NC_071673.1   7937394   7937639 (2263938) C               Kuruka     Unspecified  (5001)    3832    3575    
   717 37.54 1.77 1.93          NC_071673.1   8004999   8005620 (2195957) C               Kuruka     Unspecified  (4278)    4555    3935    
   423 33.33 5.97 0.00          NC_071673.1   8005726   8005926 (2195651) C               Kuruka     Unspecified  (5001)    3832    3620    
   576 32.04 2.33 2.63          NC_071673.1   8501030   8501372 (1700205) C               Kuruka     Unspecified  (4204)    4629    4288    
   852 34.81 3.03 1.79          NC_071673.1   8501400   8502060 (1699517) C               Kuruka     Unspecified  (4677)    4156    3488    
   389 34.50 3.62 3.91          NC_071673.1   8793616   8793974 (1407603) C               Kuruka     Unspecified  (4279)    4554    4197    
   389 34.50 3.62 3.91          NC_071673.1   8796305   8796663 (1404914) C               Kuruka     Unspecified  (4279)    4554    4197    
   492 30.68 6.91 1.94          NC_071673.1   8799699   8799944 (1401633) C               Kuruka     Unspecified  (5001)    3832    3575    
   389 34.50 3.62 3.91          NC_071673.1   8810446   8810804 (1390773) C               Kuruka     Unspecified  (4279)    4554    4197    
   399 34.21 3.62 3.91          NC_071673.1   8813136   8813494 (1388083) C               Kuruka     Unspecified  (4279)    4554    4197    
   485 30.44 7.14 2.00          NC_071673.1   8813841   8814078 (1387499) C               Kuruka     Unspecified  (5001)    3832    3583    
   499 32.09 4.46 2.63          NC_071673.1   9362846   9363181 (838396) C               Kuruka     Unspecified  (4204)    4629    4288    
   869 34.66 3.03 1.79          NC_071673.1   9363209   9363869 (837708) C               Kuruka     Unspecified  (4677)    4156    3488    
   414 33.48 1.69 1.69          NC_071673.1   9551397   9551633 (649944) C               Kuruka     Unspecified  (4204)    4629    4393    
   869 34.66 3.03 1.79          NC_071673.1   9551723   9552383 (649194) C               Kuruka     Unspecified  (4677)    4156    3488    
   414 33.48 1.69 1.69          NC_071673.1   9724589   9724825 (476752) C               Kuruka     Unspecified  (4204)    4629    4393    
   869 34.66 3.03 1.79          NC_071673.1   9724915   9725575 (476002) C               Kuruka     Unspecified  (4677)    4156    3488    
