  502 33.82  5.23  4.78     CAJRBF020000001.1   225442   226149 (1499146)  +          Kuruka  Unspecified (1499146)   225442   226149
  507 32.42  6.70  3.52     CAJRBF020000001.1   876307   876664 (848631)  +          Kuruka  Unspecified (848631)   876307   876664
  303 35.51  0.00  0.00     CAJRBF020000001.1  1136952  1137089 (588206)  +          Kuruka  Unspecified (588206)  1136952  1137089
  330 29.79  0.00  0.00     CAJRBF020000001.1  1332263  1332356 (392939)  +          Kuruka  Unspecified (392939)  1332263  1332356
 2299 33.80  1.81  1.72     CAJRBF020000001.1   207193   208351 (1516944)  C          Kuruka  Unspecified (1516944)   207193   208351
  407 28.55  6.56  5.34     CAJRBF020000001.1   466386   466644 (1258651)  C          Kuruka  Unspecified (1258651)   466386   466644
  336 28.72  0.00  0.00     CAJRBF020000001.1   552132   552225 (1173070)  C          Kuruka  Unspecified (1173070)   552132   552225
 1970 34.90  2.22  2.30     CAJRBF020000002.1   218375   219591 (1183567)  +          Kuruka  Unspecified (1183567)   218375   219591
  235 29.19  4.31  2.54     CAJRBF020000002.1  1116095  1116210 (286948)  +          Kuruka  Unspecified (286948)  1116095  1116210
 1599 36.54  1.90  2.45     CAJRBF020000002.1    11342    12654 (1390504)  C          Kuruka  Unspecified (1390504)    11342    12654
  233 30.96  3.75  3.11     CAJRBF020000002.1    17874    18033 (1385125)  C          Kuruka  Unspecified (1385125)    17874    18033
  225 27.82  5.03  5.03     CAJRBF020000002.1    22382    22540 (1380618)  C          Kuruka  Unspecified (1380618)    22382    22540
  271 34.49  3.31  3.89     CAJRBF020000002.1   119382   119562 (1283596)  C          Kuruka  Unspecified (1283596)   119382   119562
  500 37.51  2.95  2.16     CAJRBF020000002.1   346598   347240 (1055918)  C          Kuruka  Unspecified (1055918)   346598   347240
  456 32.02  2.15  2.15     CAJRBF020000002.1   347479   347711 (1055447)  C          Kuruka  Unspecified (1055447)   347479   347711
  524 32.63  6.07  5.63     CAJRBF020000002.1   512728   513435 (889723)  C          Kuruka  Unspecified (889723)   512728   513435
  529 33.96  5.23  4.78     CAJRBF020000002.1   572211   572918 (830240)  C          Kuruka  Unspecified (830240)   572211   572918
  488 33.96  5.23  4.78     CAJRBF020000002.1   692320   693027 (710131)  C          Kuruka  Unspecified (710131)   692320   693027
  247 35.89  4.02  4.16     CAJRBF020000002.1   915073   915819 (487339)  C          Kuruka  Unspecified (487339)   915073   915819
  525 33.96  5.23  4.78     CAJRBF020000002.1  1351522  1352229  (50929)  C          Kuruka  Unspecified  (50929)  1351522  1352229
  309 34.58  4.04  4.04     CAJRBF020000003.1   121651   121873 (721056)  +          Kuruka  Unspecified (721056)   121651   121873
  309 34.58  4.04  4.04     CAJRBF020000003.1   378308   378530 (464399)  +          Kuruka  Unspecified (464399)   378308   378530
  955 32.20  1.67  1.92     CAJRBF020000003.1   712364   712781 (130148)  C          Kuruka  Unspecified (130148)   712364   712781
 1286 34.73  1.93  1.65     CAJRBF020000003.1   718396   719121 (123808)  C          Kuruka  Unspecified (123808)   718396   719121
  354 34.57  4.30  4.46     CAJRBF020000003.1   786361   787011  (55918)  C          Kuruka  Unspecified  (55918)   786361   787011
  525 32.87  5.51  5.06     CAJRBF020000004.1    29288    29995 (784338)  +          Kuruka  Unspecified (784338)    29288    29995
 1013 35.47  4.53  1.77     CAJRBF020000004.1   211578   212349 (601984)  +          Kuruka  Unspecified (601984)   211578   212349
  782 33.48  2.47  2.69     CAJRBF020000004.1   212595   213079 (601254)  +          Kuruka  Unspecified (601254)   212595   213079
  303 30.56  0.00  0.00     CAJRBF020000004.1   345803   345910 (468423)  C          Kuruka  Unspecified (468423)   345803   345910
 1183 36.80  1.93  2.01     CAJRBF020000004.1   349806   351100 (463233)  C          Kuruka  Unspecified (463233)   349806   351100
 2263 33.93  2.05  1.60     CAJRBF020000004.1   387564   388683 (425650)  C          Kuruka  Unspecified (425650)   387564   388683
  374 33.85  4.67  4.84     CAJRBF020000005.1   125084   125704 (570792)  +          Kuruka  Unspecified (570792)   125084   125704
  247 36.43  3.21  3.35     CAJRBF020000005.1   365480   366226 (330270)  +          Kuruka  Unspecified (330270)   365480   366226
 1966 34.20  1.24  1.33     CAJRBF020000005.1   458955   460080 (236416)  +          Kuruka  Unspecified (236416)   458955   460080
  383 24.39  0.00  0.00     CAJRBF020000005.1   597994   598075  (98421)  +          Kuruka  Unspecified  (98421)   597994   598075
  564 33.82  5.23  4.78     CAJRBF020000005.1    19254    19961 (676535)  C          Kuruka  Unspecified (676535)    19254    19961
  225 29.17  4.00  4.00     CAJRBF020000005.1   623900   624074  (72422)  C          Kuruka  Unspecified  (72422)   623900   624074
  379 33.74  5.96  2.42     CAJRBF020000005.1   694099   694417   (2079)  C          Kuruka  Unspecified   (2079)   694099   694417
 1131 35.13  1.01  1.01     CAJRBF020000006.1    34665    35357 (494929)  +          Kuruka  Unspecified (494929)    34665    35357
  844 32.20  1.67  1.92     CAJRBF020000006.1    51484    51901 (478385)  +          Kuruka  Unspecified (478385)    51484    51901
  681 34.43  2.26  2.26     CAJRBF020000006.1   211038   211569 (318717)  +          Kuruka  Unspecified (318717)   211038   211569
  362 30.96  1.27  1.27     CAJRBF020000006.1   336840   336996 (193290)  +          Kuruka  Unspecified (193290)   336840   336996
  669 35.20  2.37  2.37     CAJRBF020000007.1     9613    10907 (446698)  +          Kuruka  Unspecified (446698)     9613    10907
  306 28.72  0.00  0.00     CAJRBF020000007.1   435036   435129  (21729)  C          Kuruka  Unspecified  (21729)   435036   435129
  303 30.56  0.00  0.00     CAJRBF020000008.1   147955   148062 (279743)  +          Kuruka  Unspecified (279743)   147955   148062
  332 32.86  1.40  2.11     CAJRBF020000008.1   178657   178799 (249006)  +          Kuruka  Unspecified (249006)   178657   178799
  231 37.08  3.48  3.62     CAJRBF020000008.1   317366   318112 (109693)  +          Kuruka  Unspecified (109693)   317366   318112
 2243 34.39  1.24  1.33     CAJRBF020000008.1   213746   214871 (212934)  C          Kuruka  Unspecified (212934)   213746   214871
 1191 36.33  3.01  3.10     CAJRBF020000009.1   184305   185500 (234171)  +          Kuruka  Unspecified (234171)   184305   185500
  341 34.13  3.65  3.65     CAJRBF020000009.1   270742   270960 (148711)  +          Kuruka  Unspecified (148711)   270742   270960
  509 33.97  4.80  4.36     CAJRBF020000009.1    28031    28738 (390933)  C          Kuruka  Unspecified (390933)    28031    28738
  424 29.44  5.93  4.69     CAJRBF020000010.1   229733   229985 (124605)  +          Kuruka  Unspecified (124605)   229733   229985
  236 30.43  2.59  0.85     CAJRBF020000010.1   230203   230318 (124272)  +          Kuruka  Unspecified (124272)   230203   230318
  328 36.32  3.85  3.98     CAJRBF020000010.1   235761   236540 (118050)  C          Kuruka  Unspecified (118050)   235761   236540
  852 34.84  2.12  2.85     CAJRBF020000010.1   248761   249466 (105124)  C          Kuruka  Unspecified (105124)   248761   249466
  336 28.72  0.00  0.00     CAJRBF020000012.1   203651   203744  (54481)  +          Kuruka  Unspecified  (54481)   203651   203744
  817 36.31  2.62  2.76     CAJRBF020000012.1   118634   119358 (138867)  C          Kuruka  Unspecified (138867)   118634   119358
  483 32.90  2.15  2.15     CAJRBF020000012.1   124153   124385 (133840)  C          Kuruka  Unspecified (133840)   124153   124385
  336 28.72  0.00  0.00     CAJRBF020000012.1   198661   198754  (59471)  C          Kuruka  Unspecified  (59471)   198661   198754
  238 29.17  4.00  4.00     CAJRBF020000013.1   139842   140016 (106266)  +          Kuruka  Unspecified (106266)   139842   140016
  369 35.62  4.24  4.38     CAJRBF020000015.1   173554   174284  (39098)  C          Kuruka  Unspecified  (39098)   173554   174284
 1776 35.82  1.92  2.00     CAJRBF020000016.1    91507    92808  (62528)  C          Kuruka  Unspecified  (62528)    91507    92808
  307 34.62  0.00  0.77     CAJRBF020000017.1     6463     6593 (120134)  +          Kuruka  Unspecified (120134)     6463     6593
  432 34.83  1.85  1.47     CAJRBF020000017.1     6931     7201 (119526)  +          Kuruka  Unspecified (119526)     6931     7201
  228 25.81  0.00  0.00     CAJRBF020000018.1    49673    49734  (61460)  C          Kuruka  Unspecified  (61460)    49673    49734
  336 37.27  3.33  3.51     CAJRBF020000021.1    50961    51530   (3119)  +          Kuruka  Unspecified   (3119)    50961    51530
 1614 36.51  1.83  2.37            OU015649.1   252250   253562 (15847932)  +          Kuruka  Unspecified (15847932)   252250   253562
 2064 35.15  1.97  2.06            OU015649.1   938678   939894 (15161600)  +          Kuruka  Unspecified (15161600)   938678   939894
 1614 36.51  1.83  2.37            OU015649.1  3976381  3977693 (12123801)  +          Kuruka  Unspecified (12123801)  3976381  3977693
  247 25.00  0.00  0.00            OU015649.1  5078179  5078234 (11023260)  +          Kuruka  Unspecified (11023260)  5078179  5078234
  336 28.72  0.00  0.00            OU015649.1  6748284  6748377 (9353117)  +          Kuruka  Unspecified (9353117)  6748284  6748377
  249 38.04  2.98  3.16            OU015649.1 12179353 12179922 (3921572)  +          Kuruka  Unspecified (3921572) 12179353 12179922
 2064 35.15  1.97  2.06            OU015649.1 13664754 13665970 (2435524)  +          Kuruka  Unspecified (2435524) 13664754 13665970
 2064 35.15  1.97  2.06            OU015649.1 14524800 14526016 (1575478)  +          Kuruka  Unspecified (1575478) 14524800 14526016
  327 34.13  3.65  3.65            OU015649.1 15811680 15811898 (289596)  +          Kuruka  Unspecified (289596) 15811680 15811898
 2064 35.15  1.97  2.06            OU015649.1  3748427  3749643 (12351851)  C          Kuruka  Unspecified (12351851)  3748427  3749643
 1453 37.49  1.61  1.69            OU015649.1 12942271 12943453 (3158041)  C          Kuruka  Unspecified (3158041) 12942271 12943453
  225 12.50  0.00  0.00            OU015649.1 14570549 14570580 (1530914)  C          Kuruka  Unspecified (1530914) 14570549 14570580
 2060 35.15  1.97  2.06            OU015649.1 15529138 15530354 (571140)  C          Kuruka  Unspecified (571140) 15529138 15530354
 2064 35.15  1.97  2.06            OU015650.1  9522013  9523229 (6218290)  +          Kuruka  Unspecified (6218290)  9522013  9523229
  242 21.57  0.00  0.00            OU015650.1   484667   484717 (15256802)  C          Kuruka  Unspecified (15256802)   484667   484717
 1473 37.12  1.78  1.86            OU015650.1  3164632  3165814 (12575705)  C          Kuruka  Unspecified (12575705)  3164632  3165814
 2064 35.15  1.97  2.06            OU015650.1  4125843  4127059 (11614460)  C          Kuruka  Unspecified (11614460)  4125843  4127059
 2064 35.15  1.97  2.06            OU015650.1  7198569  7199785 (8541734)  C          Kuruka  Unspecified (8541734)  7198569  7199785
  341 32.23  0.83  0.00            OU015650.1  7624616  7624736 (8116783)  C          Kuruka  Unspecified (8116783)  7624616  7624736
  260 37.87  2.98  3.16            OU015650.1 11999799 12000368 (3741151)  C          Kuruka  Unspecified (3741151) 11999799 12000368
  348 35.81  2.40  2.81            OU015651.1  1789981  1790230 (13948452)  +          Kuruka  Unspecified (13948452)  1789981  1790230
 1595 36.59  1.83  2.37            OU015651.1  3720360  3721672 (12017010)  +          Kuruka  Unspecified (12017010)  3720360  3721672
  249 29.49  7.32  0.76            OU015651.1  6772838  6772960 (8965722)  +          Kuruka  Unspecified (8965722)  6772838  6772960
 1600 36.59  1.83  2.37            OU015651.1 12771998 12773310 (2965372)  +          Kuruka  Unspecified (2965372) 12771998 12773310
  228 25.00  0.00  0.00            OU015651.1 14181153 14181208 (1557474)  +          Kuruka  Unspecified (1557474) 14181153 14181208
  672 36.02  2.62  2.76            OU015651.1    84877    85601 (15653081)  C          Kuruka  Unspecified (15653081)    84877    85601
  433 32.46  2.15  2.15            OU015651.1    85840    86072 (15652610)  C          Kuruka  Unspecified (15652610)    85840    86072
 1614 36.51  1.83  2.37            OU015651.1  5225847  5227159 (10511523)  C          Kuruka  Unspecified (10511523)  5225847  5227159
 1941 35.07  2.22  2.30            OU015651.1 11728432 11729648 (4009034)  C          Kuruka  Unspecified (4009034) 11728432 11729648
 1241 35.89  3.01  3.10            OU015652.1  5328949  5330144 (9699539)  +          Kuruka  Unspecified (9699539)  5328949  5330144
  240 32.51  4.31  4.72            OU015652.1 13915058 13915312 (1114371)  +          Kuruka  Unspecified (1114371) 13915058 13915312
  335 37.13  2.82  2.95            OU015652.1  3136839  3137618 (11892065)  C          Kuruka  Unspecified (11892065)  3136839  3137618
 2381 33.19  2.07  1.98            OU015652.1  5780892  5782050 (9247633)  C          Kuruka  Unspecified (9247633)  5780892  5782050
  674 36.60  2.16  2.31            OU015652.1 10436778 10437426 (4592257)  C          Kuruka  Unspecified (4592257) 10436778 10437426
  433 32.46  2.15  2.15            OU015652.1 10437665 10437897 (4591786)  C          Kuruka  Unspecified (4591786) 10437665 10437897
 2066 35.15  1.97  2.06            OU015652.1 12711205 12712421 (2317262)  C          Kuruka  Unspecified (2317262) 12711205 12712421
  701 34.24  2.20  2.42            OU015653.1  5533088  5533542 (9418779)  +          Kuruka  Unspecified (9418779)  5533088  5533542
  249 38.04  2.98  3.16            OU015653.1  6383961  6384530 (8567791)  +          Kuruka  Unspecified (8567791)  6383961  6384530
  270 26.96  3.36  3.36            OU015653.1  6756170  6756288 (8196033)  +          Kuruka  Unspecified (8196033)  6756170  6756288
 2064 35.15  1.97  2.06            OU015653.1 10073289 10074505 (4877816)  +          Kuruka  Unspecified (4877816) 10073289 10074505
 1105 36.33  3.01  3.10            OU015653.1 14322943 14324138 (628183)  +          Kuruka  Unspecified (628183) 14322943 14324138
  336 28.72  0.00  0.00            OU015653.1  8047460  8047553 (6904768)  C          Kuruka  Unspecified (6904768)  8047460  8047553
 1970 34.90  2.22  2.30            OU015653.1  8081119  8082335 (6869986)  C          Kuruka  Unspecified (6869986)  8081119  8082335
  238 18.18  5.17  5.17            OU015653.1 12783279 12783336 (2168985)  C          Kuruka  Unspecified (2168985) 12783279 12783336
 1251 35.92  3.09  3.18            OU015653.1 14613682 14614877 (337444)  C          Kuruka  Unspecified (337444) 14613682 14614877
  336 28.72  0.00  0.00            OU015654.1  5979870  5979963 (8653931)  +          Kuruka  Unspecified (8653931)  5979870  5979963
  340 34.06  0.00  0.00            OU015654.1 14053806 14053943 (579951)  +          Kuruka  Unspecified (579951) 14053806 14053943
  342 28.72  0.00  0.00            OU015654.1  4583142  4583235 (10050659)  C          Kuruka  Unspecified (10050659)  4583142  4583235
  340 34.06  0.00  0.00            OU015655.1  4702779  4702916 (9893528)  +          Kuruka  Unspecified (9893528)  4702779  4702916
  342 28.72  0.00  0.00            OU015655.1  7326626  7326719 (7269725)  +          Kuruka  Unspecified (7269725)  7326626  7326719
 2064 35.15  1.97  2.06            OU015655.1  2531803  2533019 (12063425)  C          Kuruka  Unspecified (12063425)  2531803  2533019
 2064 35.15  1.97  2.06            OU015655.1 14360708 14361924 (234520)  C          Kuruka  Unspecified (234520) 14360708 14361924
  442 31.32  5.02  3.82            OU015656.1   133040   133298 (14202899)  +          Kuruka  Unspecified (14202899)   133040   133298
  255 30.43  2.59  0.85            OU015656.1   133510   133625 (14202572)  +          Kuruka  Unspecified (14202572)   133510   133625
  257 35.76  4.02  4.16            OU015656.1  5117701  5118447 (9217750)  +          Kuruka  Unspecified (9217750)  5117701  5118447
  239 32.51  4.31  4.72            OU015656.1  9470483  9470737 (4865460)  +          Kuruka  Unspecified (4865460)  9470483  9470737
 2088 35.07  1.97  2.06            OU015656.1  9517495  9518711 (4817486)  +          Kuruka  Unspecified (4817486)  9517495  9518711
  260 37.87  2.98  3.16            OU015656.1 10385848 10386417 (3949780)  +          Kuruka  Unspecified (3949780) 10385848 10386417
  242 21.57  0.00  0.00            OU015656.1 10855704 10855754 (3480443)  +          Kuruka  Unspecified (3480443) 10855704 10855754
  236 38.95  1.67  1.84            OU015656.1 12260214 12260812 (2075385)  +          Kuruka  Unspecified (2075385) 12260214 12260812
  246 25.92  9.20  5.33            OU015656.1 14060435 14060597 (275600)  +          Kuruka  Unspecified (275600) 14060435 14060597
  342 28.72  0.00  0.00            OU015656.1  3507757  3507850 (10828347)  C          Kuruka  Unspecified (10828347)  3507757  3507850
  342 28.72  0.00  0.00            OU015656.1  5913229  5913322 (8422875)  C          Kuruka  Unspecified (8422875)  5913229  5913322
  249 38.04  2.98  3.16            OU015656.1  6444018  6444587 (7891610)  C          Kuruka  Unspecified (7891610)  6444018  6444587
  340 34.06  0.00  0.00            OU015656.1  6874414  6874551 (7461646)  C          Kuruka  Unspecified (7461646)  6874414  6874551
 2064 35.15  1.97  2.06            OU015656.1 10605082 10606298 (3729899)  C          Kuruka  Unspecified (3729899) 10605082 10606298
  260 37.87  2.98  3.16            OU015656.1 13456580 13457149 (879048)  C          Kuruka  Unspecified (879048) 13456580 13457149
  279 33.37  2.52  4.82            OU015656.1 14027879 14028196 (308001)  C          Kuruka  Unspecified (308001) 14027879 14028196
  330 29.79  0.00  0.00            OU015657.1   917049   917142 (12752564)  +          Kuruka  Unspecified (12752564)   917049   917142
  233 35.58  3.79  4.18            OU015657.1  2144109  2144372 (11525334)  +          Kuruka  Unspecified (11525334)  2144109  2144372
  239 25.35  3.80  5.13            OU015657.1  9823994  9824072 (3845634)  +          Kuruka  Unspecified (3845634)  9823994  9824072
  253 32.84  2.14  2.14            OU015657.1  6880185  6880324 (6789382)  C          Kuruka  Unspecified (6789382)  6880185  6880324
  294 29.79  0.00  0.00            OU015657.1 12889262 12889355 (780351)  C          Kuruka  Unspecified (780351) 12889262 12889355
  873 36.21  1.96  1.96            OU015658.1   140799   141460 (12849548)  +          Kuruka  Unspecified (12849548)   140799   141460
  242 21.57  0.00  0.00            OU015658.1  1433883  1433933 (11557075)  +          Kuruka  Unspecified (11557075)  1433883  1433933
 1442 37.80  1.52  1.61            OU015658.1  6886150  6887332 (6103676)  +          Kuruka  Unspecified (6103676)  6886150  6887332
  342 28.72  0.00  0.00            OU015658.1 11855001 11855094 (1135914)  +          Kuruka  Unspecified (1135914) 11855001 11855094
 2064 35.15  1.97  2.06            OU015658.1   386740   387956 (12603052)  C          Kuruka  Unspecified (12603052)   386740   387956
 2064 35.15  1.97  2.06            OU015658.1  3266890  3268106 (9722902)  C          Kuruka  Unspecified (9722902)  3266890  3268106
 2328 33.49  1.51  1.60            OU015658.1  9637029  9638154 (3352854)  C          Kuruka  Unspecified (3352854)  9637029  9638154
  332 35.81  2.40  2.81            OU015658.1 12761257 12761506 (229502)  C          Kuruka  Unspecified (229502) 12761257 12761506
 1514 36.81  1.86  1.95            OU015659.1  6889622  6890804 (5888064)  +          Kuruka  Unspecified (5888064)  6889622  6890804
  340 34.06  0.00  0.00            OU015659.1  7477240  7477377 (5301491)  +          Kuruka  Unspecified (5301491)  7477240  7477377
 1514 37.12  1.78  1.86            OU015659.1   451208   452390 (12326478)  C          Kuruka  Unspecified (12326478)   451208   452390
  255 32.84  2.14  2.14            OU015659.1  3584883  3585022 (9193846)  C          Kuruka  Unspecified (9193846)  3584883  3585022
 2064 35.15  1.97  2.06            OU015659.1  5664376  5665592 (7113276)  C          Kuruka  Unspecified (7113276)  5664376  5665592
  328 34.06  0.00  0.00            OU015659.1 10066441 10066578 (2712290)  C          Kuruka  Unspecified (2712290) 10066441 10066578
  891 36.21  1.96  1.96            OU015659.1 10238567 10239228 (2539640)  C          Kuruka  Unspecified (2539640) 10238567 10239228
  239 32.51  4.31  4.72            OU015659.1 10493828 10494082 (2284786)  C          Kuruka  Unspecified (2284786) 10493828 10494082
  342 28.72  0.00  0.00            OU015660.1  1075549  1075642 (11691504)  +          Kuruka  Unspecified (11691504)  1075549  1075642
  350 34.90  0.00  0.00            OU015660.1  2321037  2321185 (10445961)  +          Kuruka  Unspecified (10445961)  2321037  2321185
  238 37.75  1.94  2.27            OU015660.1  3616654  3616962 (9150184)  +          Kuruka  Unspecified (9150184)  3616654  3616962
  258 38.77  1.67  1.84            OU015660.1  8314659  8315257 (4451889)  +          Kuruka  Unspecified (4451889)  8314659  8315257
  734 37.37  2.87  2.96            OU015660.1  9484750  9485932 (3281214)  +          Kuruka  Unspecified (3281214)  9484750  9485932
 1560 35.80  2.21  2.76            OU015660.1   680123   681435 (12085711)  C          Kuruka  Unspecified (12085711)   680123   681435
  282 31.38  3.52  3.52            OU015660.1  6799186  6799327 (5967819)  C          Kuruka  Unspecified (5967819)  6799186  6799327
  433 32.46  2.15  2.15            OU015661.1   124813   125045 (12515229)  +          Kuruka  Unspecified (12515229)   124813   125045
  687 35.89  2.62  2.76            OU015661.1   125284   126008 (12514266)  +          Kuruka  Unspecified (12514266)   125284   126008
  342 28.72  0.00  0.00            OU015661.1   923730   923823 (11716451)  +          Kuruka  Unspecified (11716451)   923730   923823
 1242 36.31  2.76  2.85            OU015661.1  8874485  8875680 (3764594)  +          Kuruka  Unspecified (3764594)  8874485  8875680
  249 38.04  2.98  3.16            OU015661.1 11823019 11823588 (816686)  +          Kuruka  Unspecified (816686) 11823019 11823588
  242 21.57  0.00  0.00            OU015661.1  3974968  3975018 (8665256)  C          Kuruka  Unspecified (8665256)  3974968  3975018
  242 21.57  0.00  0.00            OU015661.1  3981050  3981100 (8659174)  C          Kuruka  Unspecified (8659174)  3981050  3981100
 2065 35.15  1.97  2.06            OU015661.1  7256221  7257437 (5382837)  C          Kuruka  Unspecified (5382837)  7256221  7257437
  338 28.09  0.00  0.00            OU015661.1 11944813 11944901 (695373)  C          Kuruka  Unspecified (695373) 11944813 11944901
 1971 34.90  2.22  2.30            OU015662.1   376600   377816 (11937338)  +          Kuruka  Unspecified (11937338)   376600   377816
 2063 35.12  2.06  2.06            OU015662.1  4118391  4119605 (8195549)  +          Kuruka  Unspecified (8195549)  4118391  4119605
 2064 35.15  1.97  2.06            OU015662.1  4851222  4852438 (7462716)  +          Kuruka  Unspecified (7462716)  4851222  4852438
  342 28.72  0.00  0.00            OU015662.1   774635   774728 (11540426)  C          Kuruka  Unspecified (11540426)   774635   774728
 1627 36.51  1.83  2.37            OU015662.1  4604605  4605917 (7709237)  C          Kuruka  Unspecified (7709237)  4604605  4605917
  342 28.72  0.00  0.00            OU015662.1  5462153  5462246 (6852908)  C          Kuruka  Unspecified (6852908)  5462153  5462246
  342 28.72  0.00  0.00            OU015662.1 10606067 10606160 (1708994)  C          Kuruka  Unspecified (1708994) 10606067 10606160
 2242 34.07  1.81  1.72            OU015662.1 11084545 11085703 (1229451)  C          Kuruka  Unspecified (1229451) 11084545 11085703
  229 23.47  4.85  4.85            OU015663.1 11446313 11446415 (694215)  +          Kuruka  Unspecified (694215) 11446313 11446415
 2071 35.07  1.97  2.06            OU015663.1   776645   777861 (11362769)  C          Kuruka  Unspecified (11362769)   776645   777861
  255 25.00  0.00  0.00            OU015663.1  5347703  5347762 (6792868)  C          Kuruka  Unspecified (6792868)  5347703  5347762
 2064 35.15  1.97  2.06            OU015663.1  6206883  6208099 (5932531)  C          Kuruka  Unspecified (5932531)  6206883  6208099
 1970 34.90  2.22  2.30            OU015663.1  6480697  6481913 (5658717)  C          Kuruka  Unspecified (5658717)  6480697  6481913
  444 32.07  4.90  5.25            OU015663.1  7939771  7940076 (4200554)  C          Kuruka  Unspecified (4200554)  7939771  7940076
  255 25.00  0.00  0.00            OU015663.1 11902666 11902725 (237905)  C          Kuruka  Unspecified (237905) 11902666 11902725
  336 28.72  0.00  0.00            OU015664.1  3934867  3934960 (8027729)  +          Kuruka  Unspecified (8027729)  3934867  3934960
  342 28.72  0.00  0.00            OU015664.1   846265   846358 (11116331)  C          Kuruka  Unspecified (11116331)   846265   846358
 1520 37.23  1.61  1.69            OU015664.1  6680946  6682128 (5280561)  C          Kuruka  Unspecified (5280561)  6680946  6682128
 1595 36.59  1.83  2.37            OU015665.1  1912009  1913321 (9967456)  +          Kuruka  Unspecified (9967456)  1912009  1913321
 2049 35.24  1.97  2.06            OU015665.1  3290258  3291474 (8589303)  +          Kuruka  Unspecified (8589303)  3290258  3291474
 1718 35.47  4.36  2.30            OU015665.1  6741161  6742352 (5138425)  +          Kuruka  Unspecified (5138425)  6741161  6742352
 2064 35.15  1.97  2.06            OU015665.1 10248409 10249625 (1631152)  +          Kuruka  Unspecified (1631152) 10248409 10249625
 1516 37.49  1.61  1.69            OU015665.1   507392   508574 (11372203)  C          Kuruka  Unspecified (11372203)   507392   508574
 2064 35.15  1.97  2.06            OU015665.1  1726360  1727576 (10153201)  C          Kuruka  Unspecified (10153201)  1726360  1727576
  262 35.76  4.02  4.16            OU015665.1  7241082  7241828 (4638949)  C          Kuruka  Unspecified (4638949)  7241082  7241828
  323 29.79  0.00  0.00            OU015665.1  8516860  8516953 (3363824)  C          Kuruka  Unspecified (3363824)  8516860  8516953
  342 28.72  0.00  0.00            OU015665.1 10636031 10636124 (1244653)  C          Kuruka  Unspecified (1244653) 10636031 10636124
  345 38.23  2.00  2.17            OU015666.1   316365   316963 (11484178)  C          Kuruka  Unspecified (11484178)   316365   316963
 1600 36.59  1.83  2.37            OU015666.1  8537527  8538839 (3262302)  C          Kuruka  Unspecified (3262302)  8537527  8538839
  340 34.46  3.24  3.66            OU015666.1 11200367 11200613 (600528)  C          Kuruka  Unspecified (600528) 11200367 11200613
  249 29.49  7.32  0.76            OU015667.1  1738579  1738701 (9633251)  +          Kuruka  Unspecified (9633251)  1738579  1738701
  435 29.94  5.79  4.58            OU015667.1  9274211  9274469 (2097483)  +          Kuruka  Unspecified (2097483)  9274211  9274469
  235 29.19  4.31  2.54            OU015667.1  9274681  9274796 (2097156)  +          Kuruka  Unspecified (2097156)  9274681  9274796
  342 28.72  0.00  0.00            OU015667.1  9842694  9842787 (1529165)  +          Kuruka  Unspecified (1529165)  9842694  9842787
  306 28.72  0.00  0.00            OU015667.1  6816043  6816136 (4555816)  C          Kuruka  Unspecified (4555816)  6816043  6816136
 2064 35.15  1.97  2.06            OU015668.1  2333200  2334416 (8409987)  +          Kuruka  Unspecified (8409987)  2333200  2334416
  270 37.95  2.82  2.99            OU015668.1  5810399  5811001 (4933402)  +          Kuruka  Unspecified (4933402)  5810399  5811001
 1970 34.90  2.22  2.30            OU015668.1 10289802 10291018 (453385)  C          Kuruka  Unspecified (453385) 10289802 10291018
  317 34.27  2.30  4.40            OU015669.1  5058573  5058920 (5663143)  C          Kuruka  Unspecified (5663143)  5058573  5058920
  320 29.79  0.00  0.00            OU015669.1  5101817  5101910 (5620153)  C          Kuruka  Unspecified (5620153)  5101817  5101910
 2064 35.15  1.97  2.06            OU015669.1  9657883  9659099 (1062964)  C          Kuruka  Unspecified (1062964)  9657883  9659099
 2111 35.15  1.97  2.06            OU015669.1  9956065  9957281 (764782)  C          Kuruka  Unspecified (764782)  9956065  9957281
  232 34.35  3.73  6.25            OU015670.1   797906   798200 (9770635)  +          Kuruka  Unspecified (9770635)   797906   798200
  260 37.87  2.98  3.16            OU015670.1  1578398  1578967 (8989868)  +          Kuruka  Unspecified (8989868)  1578398  1578967
 1970 34.90  2.22  2.30            OU015670.1  2971148  2972364 (7596471)  +          Kuruka  Unspecified (7596471)  2971148  2972364
  306 28.72  0.00  0.00            OU015670.1  4089413  4089506 (6479329)  +          Kuruka  Unspecified (6479329)  4089413  4089506
  508 32.46  2.15  2.15            OU015670.1  9137977  9138209 (1430626)  +          Kuruka  Unspecified (1430626)  9137977  9138209
  870 36.17  2.62  2.76            OU015670.1  9138448  9139172 (1429663)  +          Kuruka  Unspecified (1429663)  9138448  9139172
  306 28.72  0.00  0.00            OU015670.1 10396890 10396983 (171852)  +          Kuruka  Unspecified (171852) 10396890 10396983
  249 38.04  2.98  3.16            OU015670.1  6960957  6961526 (3607309)  C          Kuruka  Unspecified (3607309)  6960957  6961526
  301 34.58  4.04  4.04            OU015671.1  9460794  9461016 (1040072)  +          Kuruka  Unspecified (1040072)  9460794  9461016
  432 24.10  0.88  0.88            OU015671.1  2419828  2419940 (8081148)  C          Kuruka  Unspecified (8081148)  2419828  2419940
 1113 36.84  2.15  2.25            OU015671.1  3024987  3026055 (7475033)  C          Kuruka  Unspecified (7475033)  3024987  3026055
 1040 37.04  1.35  2.24            OU015671.1  4125370  4126181 (6374907)  C          Kuruka  Unspecified (6374907)  4125370  4126181
 1970 34.90  2.22  2.30            OU015671.1  4516255  4517471 (5983617)  C          Kuruka  Unspecified (5983617)  4516255  4517471
  551 33.82  5.23  4.78            OU015671.1  4940047  4940754 (5560334)  C          Kuruka  Unspecified (5560334)  4940047  4940754
  238 21.34  3.80  5.13            OU015671.1  8687089  8687167 (1813921)  C          Kuruka  Unspecified (1813921)  8687089  8687167
  812 34.25  1.65  1.86            OU015671.1  9586501  9586985 (914103)  C          Kuruka  Unspecified (914103)  9586501  9586985
 1739 35.03  2.21  2.37            OU015672.1  6099787  6101096 (2913955)  +          Kuruka  Unspecified (2913955)  6099787  6101096
  330 29.79  0.00  0.00            OU015672.1  1793043  1793136 (7221915)  C          Kuruka  Unspecified (7221915)  1793043  1793136
  282 21.99  4.17  5.26            OU015672.1  3157358  3157453 (5857598)  C          Kuruka  Unspecified (5857598)  3157358  3157453
  454 29.60  5.74  4.45            OU015672.1  3205941  3206184 (5808867)  C          Kuruka  Unspecified (5808867)  3205941  3206184
  240 26.67  0.00  0.00            OU015673.1  5860826  5860885 (2838451)  +          Kuruka  Unspecified (2838451)  5860826  5860885
  327 29.79  0.00  0.00            OU015673.1  2596253  2596346 (6102990)  C          Kuruka  Unspecified (6102990)  2596253  2596346
 1239 36.13  2.24  2.32            OU015673.1  5173352  5174646 (3524690)  C          Kuruka  Unspecified (3524690)  5173352  5174646
  225 29.17  4.00  4.00            OU015673.1  8256187  8256361 (442975)  C          Kuruka  Unspecified (442975)  8256187  8256361
  338 28.09  0.00  0.00            OU015674.1  6823390  6823478 (1703939)  +          Kuruka  Unspecified (1703939)  6823390  6823478
  326 29.79  0.00  0.00            OU015674.1  4447865  4447958 (4079459)  C          Kuruka  Unspecified (4079459)  4447865  4447958
 1225 36.12  2.25  2.34            OU015674.1  4988781  4989849 (3537568)  C          Kuruka  Unspecified (3537568)  4988781  4989849
  235 25.00  0.00  0.00            OU015675.1   146348   146407 (8104254)  +          Kuruka  Unspecified (8104254)   146348   146407
 2049 35.24  1.97  2.06            OU015675.1   562407   563623 (7687038)  +          Kuruka  Unspecified (7687038)   562407   563623
 2304 34.07  1.81  1.72            OU015675.1  4707491  4708649 (3542012)  +          Kuruka  Unspecified (3542012)  4707491  4708649
 2064 35.15  1.97  2.06            OU015675.1  5544679  5545895 (2704766)  +          Kuruka  Unspecified (2704766)  5544679  5545895
  328 34.06  0.00  0.00            OU015675.1  1522841  1522978 (6727683)  C          Kuruka  Unspecified (6727683)  1522841  1522978
  711 36.61  1.81  1.81            OU015675.1  8123853  8124514 (126147)  C          Kuruka  Unspecified (126147)  8123853  8124514
  373 35.48  4.02  4.16            OU015676.1   553382   554128 (7294627)  +          Kuruka  Unspecified (7294627)   553382   554128
 2081 35.07  1.97  2.06            OU015676.1  5650717  5651933 (2196822)  +          Kuruka  Unspecified (2196822)  5650717  5651933
  694 36.74  1.80  1.80            OU015676.1  4277817  4278484 (3570271)  C          Kuruka  Unspecified (3570271)  4277817  4278484
  444 32.07  4.90  5.25            OU015677.1  3342075  3342380 (3018111)  +          Kuruka  Unspecified (3018111)  3342075  3342380
 1540 36.62  1.90  2.45            OU015677.1  3563330  3564642 (2795849)  +          Kuruka  Unspecified (2795849)  3563330  3564642
  350 27.66  0.00  0.00            OU015677.1  3612223  3612316 (2748175)  +          Kuruka  Unspecified (2748175)  3612223  3612316
  348 35.81  2.40  2.81            OU015677.1  1862641  1862890 (4497601)  C          Kuruka  Unspecified (4497601)  1862641  1862890
 2064 35.15  1.97  2.06            OU015677.1  4651048  4652264 (1708227)  C          Kuruka  Unspecified (1708227)  4651048  4652264
  228 25.00  0.00  0.00            OU015678.1  5028383  5028438 (695514)  +          Kuruka  Unspecified (695514)  5028383  5028438
 1605 36.51  1.83  2.37            OU015678.1   722663   723975 (4999977)  C          Kuruka  Unspecified (4999977)   722663   723975
  527 31.87  6.50  6.05            OU015679.1    12511    13218 (1857410)  +          Kuruka  Unspecified (1857410)    12511    13218
 1969 34.30  1.24  1.33            OU015679.1   269995   271120 (1599508)  +          Kuruka  Unspecified (1599508)   269995   271120
  418 33.12  0.00  0.00            OU015679.1   992962   993118 (877510)  +          Kuruka  Unspecified (877510)   992962   993118
  358 34.32  1.47  1.47            OU015679.1  1777075  1777278  (93350)  +          Kuruka  Unspecified  (93350)  1777075  1777278
 1066 34.21  1.57  1.72            OU015679.1  1781647  1782345  (88283)  +          Kuruka  Unspecified  (88283)  1781647  1782345
 1935 34.47  1.24  1.33            OU015679.1   258623   259748 (1610880)  C          Kuruka  Unspecified (1610880)   258623   259748
 2191 33.96  1.30  1.39            OU015679.1   449343   450420 (1420208)  C          Kuruka  Unspecified (1420208)   449343   450420
  342 28.72  0.00  0.00            OU015679.1   828597   828690 (1041938)  C          Kuruka  Unspecified (1041938)   828597   828690
 1511 35.63  1.84  1.84            OU015679.1  1061355  1062655 (807973)  C          Kuruka  Unspecified (807973)  1061355  1062655
  332 30.63  0.00  0.00            OU015679.1  1138479  1138589 (732039)  C          Kuruka  Unspecified (732039)  1138479  1138589
  236 30.46  2.50  4.24            OU015679.1  1271449  1271568 (599060)  C          Kuruka  Unspecified (599060)  1271449  1271568
 1504 36.23  2.13  2.68            OU015679.1  1394841  1396153 (474475)  C          Kuruka  Unspecified (474475)  1394841  1396153
